
Scratch directory: /tmp/

Scratch directory: /tmp/

  //>>>>>>>>>>>>>>>>>>>>>>>>>>>>>>>>>>>//
  //              Dimer HF             //
  //<<<<<<<<<<<<<<<<<<<<<<<<<<<<<<<<<<<//


*** tstart() called on aliaconda
*** at Sun Mar 20 06:24:11 2022

   => Loading Basis Set <=

    Name: JUN-CC-PVDZ
    Role: ORBITAL
    Keyword: BASIS
    atoms 1, 14                                          entry N          line   198 file /home/alia/anaconda3/envs/mddemo/share/psi4/basis/jun-cc-pvdz.gbs 
    atoms 2-4, 6, 8-10, 13, 15-17, 19, 21, 23, 25-27, 30 entry H          line    36 file /home/alia/anaconda3/envs/mddemo/share/psi4/basis/jun-cc-pvdz.gbs 
    atoms 5, 7, 11, 18, 20, 24, 28                       entry C          line   164 file /home/alia/anaconda3/envs/mddemo/share/psi4/basis/jun-cc-pvdz.gbs 
    atoms 12, 22, 29                                     entry O          line   232 file /home/alia/anaconda3/envs/mddemo/share/psi4/basis/jun-cc-pvdz.gbs 


         ---------------------------------------------------------
                                   SCF
               by Justin Turney, Rob Parrish, Andy Simmonett
                          and Daniel G. A. Smith
                              RHF Reference
                       32 Threads,  76293 MiB Core
         ---------------------------------------------------------

  ==> Geometry <==

    Molecular point group: c1
    Full point group: C1

    Geometry (in Angstrom), charge = 2, multiplicity = 1:

       Center              X                  Y                   Z               Mass       
    ------------   -----------------  -----------------  -----------------  -----------------
         N           -0.012757543553    -6.634381036477    -1.094871860245    14.003074004430
         H           -0.931757692326    -6.749381284432    -1.861871820190     1.007825032230
         H           -0.620757345188    -6.711381177621    -0.057871680954     1.007825032230
         H            0.585242506038    -7.433381299691    -1.154871803024     1.007825032230
         C            0.715242382061    -5.418380956368    -1.222872119644    12.000000000000
         H            0.276242490780    -4.691381196694    -0.587871890762     1.007825032230
         C            2.155242439281    -5.568381051736    -0.691871982315    12.000000000000
         H            2.656242486011    -6.360381345467    -1.383871894577     1.007825032230
         H            2.242242570888    -5.878380994515     0.381127971909     1.007825032230
         H            2.693242546093    -4.575381021218    -0.668871741989     1.007825032230
         C            0.774242397320    -4.780381421761    -2.619871955612    12.000000000000
         O            0.250242467892    -5.374381284432    -3.539871912697    15.994914619570
         H            1.276012178432    -3.814879636483    -2.781219583252     1.007825032230
         N            0.479242559444     2.879618425651     0.276127952835    14.003074004430
         H            0.583242412578     1.684618730827     0.380128044388     1.007825032230
         H            0.306242700588     2.923619051261    -0.916871886947     1.007825032230
         H            1.323242422115     3.315619249625     0.448127884171     1.007825032230
         C           -0.701757673252     3.560619135184     0.836127895615    12.000000000000
         H           -1.478757623661     2.854618807121     0.802127975723     1.007825032230
         C           -0.514757398594     3.946618814750     2.285128254196    12.000000000000
         H           -1.481757406223     4.403618593497     2.655128139755     1.007825032230
         O            0.358242269527     5.029618044181     2.510128158829    15.994914619570
         H            1.265242572796     4.716619272514     2.183128017685     1.007825032230
         C           -0.186757329930     2.698618669791     3.134127754471    12.000000000000
         H            0.888242479336     2.396618624015     2.949128288529     1.007825032230
         H           -0.858757738102     1.798619051261     2.941127914688     1.007825032230
         H           -0.196757558811     3.084618349357     4.145128387711     1.007825032230
         C           -1.137757543553     4.822619219108     0.046127933762    12.000000000000
         O           -2.356757406223     5.039618273063    -0.022871833542    15.994914619570
         H           -0.403576616276     5.490397234245    -0.428267818191     1.007825032230

  Running in c1 symmetry.

  Rotational constants: A =      0.03923  B =      0.00360  C =      0.00343 [cm^-1]
  Rotational constants: A =   1176.15556  B =    107.84688  C =    102.96205 [MHz]
  Nuclear repulsion =  638.114605944880282

  Charge       = 2
  Multiplicity = 1
  Electrons    = 96
  Nalpha       = 48
  Nbeta        = 48

  ==> Algorithm <==

  SCF Algorithm Type is DF.
  DIIS enabled.
  MOM disabled.
  Fractional occupation disabled.
  Guess Type is SAD.
  Energy threshold   = 1.00e-08
  Density threshold  = 1.00e-08
  Integral threshold = 1.00e-12

  ==> Primary Basis <==

  Basis Set: JUN-CC-PVDZ
    Blend: JUN-CC-PVDZ
    Number of shells: 150
    Number of basis functions: 306
    Number of Cartesian functions: 318
    Spherical Harmonics?: true
    Max angular momentum: 2

   => Loading Basis Set <=

    Name: (JUN-CC-PVDZ AUX)
    Role: JKFIT
    Keyword: DF_BASIS_SCF
    atoms 1, 14                                          entry N          line   202 file /home/alia/anaconda3/envs/mddemo/share/psi4/basis/jun-cc-pvdz-jkfit.gbs 
    atoms 2-4, 6, 8-10, 13, 15-17, 19, 21, 23, 25-27, 30 entry H          line    70 file /home/alia/anaconda3/envs/mddemo/share/psi4/basis/jun-cc-pvdz-jkfit.gbs 
    atoms 5, 7, 11, 18, 20, 24, 28                       entry C          line   146 file /home/alia/anaconda3/envs/mddemo/share/psi4/basis/jun-cc-pvdz-jkfit.gbs 
    atoms 12, 22, 29                                     entry O          line   258 file /home/alia/anaconda3/envs/mddemo/share/psi4/basis/jun-cc-pvdz-jkfit.gbs 

  ==> Integral Setup <==

  ==> DiskDFJK: Density-Fitted J/K Matrices <==

    J tasked:                  Yes
    K tasked:                  Yes
    wK tasked:                  No
    OpenMP threads:             32
    Integrals threads:          32
    Memory [MiB]:            57220
    Algorithm:                Core
    Integral Cache:           SAVE
    Schwarz Cutoff:          1E-12
    Fitting Condition:       1E-10

   => Auxiliary Basis Set <=

  Basis Set: (JUN-CC-PVDZ AUX)
    Blend: JUN-CC-PVDZ-JKFIT
    Number of shells: 486
    Number of basis functions: 1362
    Number of Cartesian functions: 1542
    Spherical Harmonics?: true
    Max angular momentum: 3

  Minimum eigenvalue in the overlap matrix is 6.4201860614E-05.
  Reciprocal condition number of the overlap matrix is 5.5825135917E-06.
    Using symmetric orthogonalization.

  ==> Pre-Iterations <==

  SCF Guess: Superposition of Atomic Densities via on-the-fly atomic UHF (no occupation information).

   -------------------------
    Irrep   Nso     Nmo    
   -------------------------
     A        306     306 
   -------------------------
    Total     306     306
   -------------------------

  ==> Iterations <==

                           Total Energy        Delta E     RMS |[F,P]|

   @DF-RHF iter SAD:  -607.29596296181751   -6.07296e+02   0.00000e+00 
   @DF-RHF iter   1:  -607.96337219198381   -6.67409e-01   2.81535e-03 DIIS
   @DF-RHF iter   2:  -608.28228684225780   -3.18915e-01   1.79912e-03 DIIS
   @DF-RHF iter   3:  -608.39598019589425   -1.13693e-01   3.94637e-04 DIIS
   @DF-RHF iter   4:  -608.40480180648512   -8.82161e-03   1.47280e-04 DIIS
   @DF-RHF iter   5:  -608.40605932171218   -1.25752e-03   3.56198e-05 DIIS
   @DF-RHF iter   6:  -608.40618165233718   -1.22331e-04   1.77293e-05 DIIS
   @DF-RHF iter   7:  -608.40621090783975   -2.92555e-05   8.15366e-06 DIIS
   @DF-RHF iter   8:  -608.40621805452702   -7.14669e-06   3.38083e-06 DIIS
   @DF-RHF iter   9:  -608.40621938632796   -1.33180e-06   1.23273e-06 DIIS
   @DF-RHF iter  10:  -608.40621955201232   -1.65684e-07   3.77247e-07 DIIS
   @DF-RHF iter  11:  -608.40621956870984   -1.66975e-08   1.52997e-07 DIIS
   @DF-RHF iter  12:  -608.40621957293934   -4.22949e-09   7.50875e-08 DIIS
   @DF-RHF iter  13:  -608.40621957431892   -1.37959e-09   4.08345e-08 DIIS
   @DF-RHF iter  14:  -608.40621957489452   -5.75596e-10   1.77849e-08 DIIS
   @DF-RHF iter  15:  -608.40621957499570   -1.01181e-10   6.22153e-09 DIIS
  Energy and wave function converged.


  ==> Post-Iterations <==

    Orbital Energies [Eh]
    ---------------------

    Doubly Occupied:                                                      

       1A    -20.813501     2A    -20.802515     3A    -20.797513  
       4A    -16.001178     5A    -15.987150     6A    -11.591003  
       7A    -11.577131     8A    -11.558873     9A    -11.550687  
      10A    -11.525866    11A    -11.500425    12A    -11.457408  
      13A     -1.645700    14A     -1.610951    15A     -1.595899  
      16A     -1.567401    17A     -1.566144    18A     -1.302016  
      19A     -1.300179    20A     -1.204412    21A     -1.150669  
      22A     -1.078486    23A     -1.073385    24A     -1.071437  
      25A     -1.025531    26A     -1.019212    27A     -0.983668  
      28A     -0.968178    29A     -0.953972    30A     -0.937902  
      31A     -0.892371    32A     -0.891856    33A     -0.868574  
      34A     -0.863433    35A     -0.853977    36A     -0.829267  
      37A     -0.810446    38A     -0.807838    39A     -0.785543  
      40A     -0.766055    41A     -0.763737    42A     -0.749432  
      43A     -0.736092    44A     -0.721247    45A     -0.707023  
      46A     -0.682411    47A     -0.671104    48A     -0.644262  

    Virtual:                                                              

      49A     -0.200796    50A     -0.177189    51A     -0.151994  
      52A     -0.138455    53A     -0.133207    54A     -0.129477  
      55A     -0.117707    56A     -0.110843    57A     -0.106933  
      58A     -0.102096    59A     -0.092156    60A     -0.087918  
      61A     -0.083019    62A     -0.078436    63A     -0.072745  
      64A     -0.071150    65A     -0.065541    66A     -0.062832  
      67A     -0.060982    68A     -0.057507    69A     -0.047195  
      70A     -0.043123    71A     -0.038134    72A     -0.030681  
      73A     -0.026136    74A     -0.022817    75A     -0.021946  
      76A     -0.020543    77A     -0.013624    78A     -0.010610  
      79A     -0.007446    80A     -0.004474    81A      0.006892  
      82A      0.012975    83A      0.021258    84A      0.035459  
      85A      0.039322    86A      0.046318    87A      0.048554  
      88A      0.055975    89A      0.058762    90A      0.062924  
      91A      0.070965    92A      0.085327    93A      0.092852  
      94A      0.098833    95A      0.099148    96A      0.108324  
      97A      0.111943    98A      0.113626    99A      0.121450  
     100A      0.124125   101A      0.132781   102A      0.140725  
     103A      0.144558   104A      0.151189   105A      0.155076  
     106A      0.157538   107A      0.167249   108A      0.168364  
     109A      0.175580   110A      0.191747   111A      0.193633  
     112A      0.202285   113A      0.208480   114A      0.216924  
     115A      0.221712   116A      0.223810   117A      0.246110  
     118A      0.251755   119A      0.259173   120A      0.260547  
     121A      0.289374   122A      0.294242   123A      0.320848  
     124A      0.337184   125A      0.365512   126A      0.392099  
     127A      0.451377   128A      0.472780   129A      0.487245  
     130A      0.506638   131A      0.512539   132A      0.531175  
     133A      0.536913   134A      0.542657   135A      0.556680  
     136A      0.570813   137A      0.571991   138A      0.584737  
     139A      0.599016   140A      0.608350   141A      0.619056  
     142A      0.623082   143A      0.636667   144A      0.648208  
     145A      0.655724   146A      0.656380   147A      0.667895  
     148A      0.673978   149A      0.684653   150A      0.685210  
     151A      0.698534   152A      0.705259   153A      0.712182  
     154A      0.730653   155A      0.738074   156A      0.739665  
     157A      0.753428   158A      0.756990   159A      0.771694  
     160A      0.783117   161A      0.787620   162A      0.803477  
     163A      0.815187   164A      0.824320   165A      0.834174  
     166A      0.838391   167A      0.846739   168A      0.854874  
     169A      0.856450   170A      0.871927   171A      0.874124  
     172A      0.904328   173A      0.928576   174A      0.938101  
     175A      0.976687   176A      1.018325   177A      1.033776  
     178A      1.075841   179A      1.090118   180A      1.138049  
     181A      1.139637   182A      1.164505   183A      1.177547  
     184A      1.184189   185A      1.201546   186A      1.211276  
     187A      1.240940   188A      1.252122   189A      1.258610  
     190A      1.259001   191A      1.277159   192A      1.283768  
     193A      1.299281   194A      1.304489   195A      1.321114  
     196A      1.322394   197A      1.334208   198A      1.342294  
     199A      1.359787   200A      1.386081   201A      1.402977  
     202A      1.419861   203A      1.426496   204A      1.436877  
     205A      1.456339   206A      1.461407   207A      1.483601  
     208A      1.497404   209A      1.545288   210A      1.564785  
     211A      1.571885   212A      1.601049   213A      1.601982  
     214A      1.612297   215A      1.624414   216A      1.628100  
     217A      1.646393   218A      1.649541   219A      1.656430  
     220A      1.675012   221A      1.679869   222A      1.699128  
     223A      1.707429   224A      1.714953   225A      1.723976  
     226A      1.725500   227A      1.737991   228A      1.744024  
     229A      1.750875   230A      1.759254   231A      1.775476  
     232A      1.779420   233A      1.792602   234A      1.800789  
     235A      1.821586   236A      1.826969   237A      1.842375  
     238A      1.845463   239A      1.875476   240A      1.889691  
     241A      1.917176   242A      1.918084   243A      1.924468  
     244A      1.955292   245A      1.966946   246A      1.976582  
     247A      1.985551   248A      2.021169   249A      2.023522  
     250A      2.034735   251A      2.065838   252A      2.066602  
     253A      2.073735   254A      2.104203   255A      2.117105  
     256A      2.135228   257A      2.146801   258A      2.163406  
     259A      2.182927   260A      2.212338   261A      2.216639  
     262A      2.242583   263A      2.296137   264A      2.302672  
     265A      2.350439   266A      2.367547   267A      2.383418  
     268A      2.391101   269A      2.401628   270A      2.422428  
     271A      2.444161   272A      2.467781   273A      2.472807  
     274A      2.489625   275A      2.503932   276A      2.557284  
     277A      2.559451   278A      2.588245   279A      2.602793  
     280A      2.609402   281A      2.616912   282A      2.664113  
     283A      2.682208   284A      2.687658   285A      2.746587  
     286A      2.769039   287A      2.772113   288A      2.824202  
     289A      2.843151   290A      2.879491   291A      2.898442  
     292A      2.964522   293A      2.965696   294A      3.059156  
     295A      3.073012   296A      3.123751   297A      3.187304  
     298A      3.222479   299A      3.242053   300A      3.250746  
     301A      3.479706   302A      3.517990   303A      3.522909  
     304A      3.728807   305A      3.732852   306A      3.853371  

    Final Occupation by Irrep:
              A 
    DOCC [    48 ]

  @DF-RHF Final Energy:  -608.40621957499570

   => Energetics <=

    Nuclear Repulsion Energy =            638.1146059448802816
    One-Electron Energy =               -2070.5155248089695306
    Two-Electron Energy =                 823.9946992890936599
    Total Energy =                       -608.4062195749957027

Computation Completed


Properties will be evaluated at   0.000000,   0.000000,   0.000000 [a0]

Properties computed using the SCF density matrix

  Nuclear Dipole Moment: [e a0]
     X:     7.6056      Y:   -12.6651      Z:     6.6004

  Electronic Dipole Moment: [e a0]
     X:    -5.3436      Y:     5.8981      Z:    -6.9551

  Dipole Moment: [e a0]
     X:     2.2620      Y:    -6.7670      Z:    -0.3547     Total:     7.1439

  Dipole Moment: [D]
     X:     5.7495      Y:   -17.2000      Z:    -0.9016     Total:    18.1579


*** tstop() called on aliaconda at Sun Mar 20 06:24:25 2022
Module time:
	user time   =     307.10 seconds =       5.12 minutes
	system time =      36.86 seconds =       0.61 minutes
	total time  =         14 seconds =       0.23 minutes
Total time:
	user time   =  118774.88 seconds =    1979.58 minutes
	system time =   16676.78 seconds =     277.95 minutes
	total time  =       7248 seconds =     120.80 minutes

  //>>>>>>>>>>>>>>>>>>>>>>>>>>>>>>>>>>>//
  //            Monomer A HF           //
  //<<<<<<<<<<<<<<<<<<<<<<<<<<<<<<<<<<<//


*** tstart() called on aliaconda
*** at Sun Mar 20 06:24:25 2022

   => Loading Basis Set <=

    Name: JUN-CC-PVDZ
    Role: ORBITAL
    Keyword: BASIS
    atoms 1, 14                                          entry N          line   198 file /home/alia/anaconda3/envs/mddemo/share/psi4/basis/jun-cc-pvdz.gbs 
    atoms 2-4, 6, 8-10, 13, 15-17, 19, 21, 23, 25-27, 30 entry H          line    36 file /home/alia/anaconda3/envs/mddemo/share/psi4/basis/jun-cc-pvdz.gbs 
    atoms 5, 7, 11, 18, 20, 24, 28                       entry C          line   164 file /home/alia/anaconda3/envs/mddemo/share/psi4/basis/jun-cc-pvdz.gbs 
    atoms 12, 22, 29                                     entry O          line   232 file /home/alia/anaconda3/envs/mddemo/share/psi4/basis/jun-cc-pvdz.gbs 


         ---------------------------------------------------------
                                   SCF
               by Justin Turney, Rob Parrish, Andy Simmonett
                          and Daniel G. A. Smith
                              RHF Reference
                       32 Threads,  76293 MiB Core
         ---------------------------------------------------------

  ==> Geometry <==

    Molecular point group: c1
    Full point group: C1

    Geometry (in Angstrom), charge = 1, multiplicity = 1:

       Center              X                  Y                   Z               Mass       
    ------------   -----------------  -----------------  -----------------  -----------------
         N           -0.012757543553    -6.634381036477    -1.094871860245    14.003074004430
         H           -0.931757692326    -6.749381284432    -1.861871820190     1.007825032230
         H           -0.620757345188    -6.711381177621    -0.057871680954     1.007825032230
         H            0.585242506038    -7.433381299691    -1.154871803024     1.007825032230
         C            0.715242382061    -5.418380956368    -1.222872119644    12.000000000000
         H            0.276242490780    -4.691381196694    -0.587871890762     1.007825032230
         C            2.155242439281    -5.568381051736    -0.691871982315    12.000000000000
         H            2.656242486011    -6.360381345467    -1.383871894577     1.007825032230
         H            2.242242570888    -5.878380994515     0.381127971909     1.007825032230
         H            2.693242546093    -4.575381021218    -0.668871741989     1.007825032230
         C            0.774242397320    -4.780381421761    -2.619871955612    12.000000000000
         O            0.250242467892    -5.374381284432    -3.539871912697    15.994914619570
         H            1.276012178432    -3.814879636483    -2.781219583252     1.007825032230
      Gh(N)           0.479242559444     2.879618425651     0.276127952835    14.003074004430
      Gh(H)           0.583242412578     1.684618730827     0.380128044388     1.007825032230
      Gh(H)           0.306242700588     2.923619051261    -0.916871886947     1.007825032230
      Gh(H)           1.323242422115     3.315619249625     0.448127884171     1.007825032230
      Gh(C)          -0.701757673252     3.560619135184     0.836127895615    12.000000000000
      Gh(H)          -1.478757623661     2.854618807121     0.802127975723     1.007825032230
      Gh(C)          -0.514757398594     3.946618814750     2.285128254196    12.000000000000
      Gh(H)          -1.481757406223     4.403618593497     2.655128139755     1.007825032230
      Gh(O)           0.358242269527     5.029618044181     2.510128158829    15.994914619570
      Gh(H)           1.265242572796     4.716619272514     2.183128017685     1.007825032230
      Gh(C)          -0.186757329930     2.698618669791     3.134127754471    12.000000000000
      Gh(H)           0.888242479336     2.396618624015     2.949128288529     1.007825032230
      Gh(H)          -0.858757738102     1.798619051261     2.941127914688     1.007825032230
      Gh(H)          -0.196757558811     3.084618349357     4.145128387711     1.007825032230
      Gh(C)          -1.137757543553     4.822619219108     0.046127933762    12.000000000000
      Gh(O)          -2.356757406223     5.039618273063    -0.022871833542    15.994914619570
      Gh(H)          -0.403576616276     5.490397234245    -0.428267818191     1.007825032230

  Running in c1 symmetry.

  Rotational constants: A =      0.03923  B =      0.00360  C =      0.00343 [cm^-1]
  Rotational constants: A =   1176.15556  B =    107.84688  C =    102.96205 [MHz]
  Nuclear repulsion =  186.709680232691369

  Charge       = 1
  Multiplicity = 1
  Electrons    = 40
  Nalpha       = 20
  Nbeta        = 20

  ==> Algorithm <==

  SCF Algorithm Type is DF.
  DIIS enabled.
  MOM disabled.
  Fractional occupation disabled.
  Guess Type is SAD.
  Energy threshold   = 1.00e-08
  Density threshold  = 1.00e-08
  Integral threshold = 1.00e-12

  ==> Primary Basis <==

  Basis Set: JUN-CC-PVDZ
    Blend: JUN-CC-PVDZ
    Number of shells: 150
    Number of basis functions: 306
    Number of Cartesian functions: 318
    Spherical Harmonics?: true
    Max angular momentum: 2

   => Loading Basis Set <=

    Name: (JUN-CC-PVDZ AUX)
    Role: JKFIT
    Keyword: DF_BASIS_SCF
    atoms 1, 14                                          entry N          line   202 file /home/alia/anaconda3/envs/mddemo/share/psi4/basis/jun-cc-pvdz-jkfit.gbs 
    atoms 2-4, 6, 8-10, 13, 15-17, 19, 21, 23, 25-27, 30 entry H          line    70 file /home/alia/anaconda3/envs/mddemo/share/psi4/basis/jun-cc-pvdz-jkfit.gbs 
    atoms 5, 7, 11, 18, 20, 24, 28                       entry C          line   146 file /home/alia/anaconda3/envs/mddemo/share/psi4/basis/jun-cc-pvdz-jkfit.gbs 
    atoms 12, 22, 29                                     entry O          line   258 file /home/alia/anaconda3/envs/mddemo/share/psi4/basis/jun-cc-pvdz-jkfit.gbs 

  ==> Integral Setup <==

  ==> DiskDFJK: Density-Fitted J/K Matrices <==

    J tasked:                  Yes
    K tasked:                  Yes
    wK tasked:                  No
    OpenMP threads:             32
    Integrals threads:          32
    Memory [MiB]:            57220
    Algorithm:                Core
    Integral Cache:           LOAD
    Schwarz Cutoff:          1E-12
    Fitting Condition:       1E-10

   => Auxiliary Basis Set <=

  Basis Set: (JUN-CC-PVDZ AUX)
    Blend: JUN-CC-PVDZ-JKFIT
    Number of shells: 486
    Number of basis functions: 1362
    Number of Cartesian functions: 1542
    Spherical Harmonics?: true
    Max angular momentum: 3

  Minimum eigenvalue in the overlap matrix is 6.4201860614E-05.
  Reciprocal condition number of the overlap matrix is 5.5825135917E-06.
    Using symmetric orthogonalization.

  ==> Pre-Iterations <==

  SCF Guess: Superposition of Atomic Densities via on-the-fly atomic UHF (no occupation information).

   -------------------------
    Irrep   Nso     Nmo    
   -------------------------
     A        306     306 
   -------------------------
    Total     306     306
   -------------------------

  ==> Iterations <==

                           Total Energy        Delta E     RMS |[F,P]|

   @DF-RHF iter SAD:  -246.77909622357430   -2.46779e+02   0.00000e+00 
   @DF-RHF iter   1:  -247.12842625868387   -3.49330e-01   1.73617e-03 DIIS
   @DF-RHF iter   2:  -247.25545162891763   -1.27025e-01   1.06156e-03 DIIS
   @DF-RHF iter   3:  -247.29534342040228   -3.98918e-02   2.38357e-04 DIIS
   @DF-RHF iter   4:  -247.29878391359449   -3.44049e-03   8.43008e-05 DIIS
   @DF-RHF iter   5:  -247.29922084927935   -4.36936e-04   1.95807e-05 DIIS
   @DF-RHF iter   6:  -247.29926949976837   -4.86505e-05   8.28319e-06 DIIS
   @DF-RHF iter   7:  -247.29927739484415   -7.89508e-06   3.92432e-06 DIIS
   @DF-RHF iter   8:  -247.29927923834649   -1.84350e-06   1.31914e-06 DIIS
   @DF-RHF iter   9:  -247.29927944518661   -2.06840e-07   2.95855e-07 DIIS
   @DF-RHF iter  10:  -247.29927945449282   -9.30621e-09   9.58421e-08 DIIS
   @DF-RHF iter  11:  -247.29927945587102   -1.37820e-09   3.32086e-08 DIIS
   @DF-RHF iter  12:  -247.29927945612565   -2.54630e-10   1.75699e-08 DIIS
   @DF-RHF iter  13:  -247.29927945623214   -1.06496e-10   7.14374e-09 DIIS
  Energy and wave function converged.


  ==> Post-Iterations <==

    Orbital Energies [Eh]
    ---------------------

    Doubly Occupied:                                                      

       1A    -20.750510     2A    -15.929586     3A    -11.527860  
       4A    -11.495725     5A    -11.438809     6A     -1.583449  
       7A     -1.507354     8A     -1.240164     9A     -1.088894  
      10A     -1.011228    11A     -0.960257    12A     -0.923696  
      13A     -0.876173    14A     -0.830660    15A     -0.801862  
      16A     -0.748606    17A     -0.723318    18A     -0.704503  
      19A     -0.674359    20A     -0.608282  

    Virtual:                                                              

      21A     -0.120114    22A     -0.072331    23A     -0.068006  
      24A     -0.048950    25A     -0.045850    26A     -0.030472  
      27A     -0.025388    28A     -0.023305    29A     -0.011490  
      30A     -0.006570    31A     -0.000672    32A      0.002049  
      33A      0.011851    34A      0.014159    35A      0.019296  
      36A      0.027949    37A      0.033543    38A      0.035668  
      39A      0.037870    40A      0.046901    41A      0.051489  
      42A      0.053412    43A      0.058306    44A      0.064975  
      45A      0.072104    46A      0.077971    47A      0.086448  
      48A      0.089650    49A      0.096031    50A      0.103281  
      51A      0.106732    52A      0.111139    53A      0.114467  
      54A      0.122450    55A      0.138339    56A      0.144306  
      57A      0.153448    58A      0.156967    59A      0.158373  
      60A      0.159472    61A      0.162379    62A      0.170781  
      63A      0.177002    64A      0.181568    65A      0.187366  
      66A      0.194159    67A      0.204622    68A      0.214515  
      69A      0.216103    70A      0.228885    71A      0.231905  
      72A      0.245581    73A      0.250524    74A      0.255980  
      75A      0.261151    76A      0.265906    77A      0.273507  
      78A      0.281174    79A      0.302516    80A      0.314041  
      81A      0.317617    82A      0.320548    83A      0.323682  
      84A      0.344238    85A      0.360393    86A      0.369750  
      87A      0.381890    88A      0.393993    89A      0.399094  
      90A      0.439028    91A      0.455195    92A      0.461020  
      93A      0.481985    94A      0.493301    95A      0.512467  
      96A      0.513193    97A      0.527541    98A      0.549008  
      99A      0.552512   100A      0.567159   101A      0.569322  
     102A      0.583100   103A      0.588373   104A      0.595050  
     105A      0.602129   106A      0.622382   107A      0.632365  
     108A      0.652767   109A      0.661989   110A      0.674007  
     111A      0.679454   112A      0.688343   113A      0.699178  
     114A      0.712393   115A      0.718777   116A      0.728805  
     117A      0.744475   118A      0.746804   119A      0.760837  
     120A      0.762703   121A      0.786033   122A      0.793760  
     123A      0.811807   124A      0.814713   125A      0.844466  
     126A      0.847426   127A      0.863137   128A      0.873602  
     129A      0.895912   130A      0.900326   131A      0.915193  
     132A      0.917585   133A      0.932535   134A      0.940127  
     135A      0.961415   136A      0.983067   137A      0.985482  
     138A      0.999499   139A      1.032030   140A      1.080372  
     141A      1.139041   142A      1.149430   143A      1.202045  
     144A      1.227608   145A      1.238867   146A      1.262758  
     147A      1.313369   148A      1.318686   149A      1.344162  
     150A      1.382449   151A      1.393469   152A      1.464213  
     153A      1.479814   154A      1.498347   155A      1.517471  
     156A      1.544035   157A      1.553367   158A      1.559795  
     159A      1.609246   160A      1.626781   161A      1.633909  
     162A      1.653480   163A      1.663489   164A      1.673888  
     165A      1.679151   166A      1.690012   167A      1.697116  
     168A      1.709238   169A      1.711110   170A      1.736835  
     171A      1.740615   172A      1.759168   173A      1.761888  
     174A      1.776180   175A      1.788640   176A      1.802597  
     177A      1.806040   178A      1.812137   179A      1.819904  
     180A      1.829798   181A      1.854268   182A      1.862899  
     183A      1.875696   184A      1.890550   185A      1.893780  
     186A      1.896498   187A      1.907324   188A      1.921945  
     189A      1.949472   190A      1.966766   191A      1.977185  
     192A      1.979043   193A      1.997155   194A      2.014287  
     195A      2.015633   196A      2.025073   197A      2.037081  
     198A      2.045075   199A      2.068639   200A      2.084415  
     201A      2.101684   202A      2.118505   203A      2.127801  
     204A      2.135396   205A      2.150553   206A      2.169145  
     207A      2.177707   208A      2.179176   209A      2.196045  
     210A      2.207112   211A      2.225826   212A      2.244914  
     213A      2.273830   214A      2.276912   215A      2.310913  
     216A      2.341281   217A      2.350595   218A      2.357908  
     219A      2.362900   220A      2.393702   221A      2.417629  
     222A      2.428090   223A      2.444183   224A      2.451897  
     225A      2.463845   226A      2.470253   227A      2.504857  
     228A      2.526622   229A      2.534772   230A      2.550705  
     231A      2.555190   232A      2.570022   233A      2.599672  
     234A      2.622508   235A      2.629575   236A      2.662149  
     237A      2.663843   238A      2.671664   239A      2.677364  
     240A      2.712171   241A      2.743157   242A      2.780056  
     243A      2.795865   244A      2.830274   245A      2.852843  
     246A      2.863828   247A      2.867884   248A      2.885819  
     249A      2.932618   250A      2.944535   251A      2.959362  
     252A      2.964441   253A      3.026149   254A      3.044745  
     255A      3.081769   256A      3.114687   257A      3.131151  
     258A      3.197715   259A      3.249834   260A      3.284431  
     261A      3.352434   262A      3.376090   263A      3.433538  
     264A      3.496951   265A      3.548201   266A      3.580261  
     267A      3.633910   268A      3.653000   269A      3.742278  
     270A      3.794755   271A      3.892728   272A      3.973483  
     273A      4.030945   274A      4.177590   275A      4.197380  
     276A      4.312410   277A      4.403802   278A      4.451161  
     279A      4.543043   280A      4.603134   281A      4.649681  
     282A      4.673768   283A      4.714031   284A      4.783252  
     285A      4.814949   286A      4.853169   287A      4.989475  
     288A      5.036089   289A      5.091339   290A      5.167942  
     291A      5.359725   292A      5.482951   293A      5.545539  
     294A      5.666048   295A      5.763810   296A      5.995599  
     297A      6.124428   298A      6.507934   299A      6.609769  
     300A     18.159553   301A     18.334319   302A     18.438571  
     303A     18.580629   304A     25.325761   305A     33.445939  
     306A     33.465201  

    Final Occupation by Irrep:
              A 
    DOCC [    20 ]

  @DF-RHF Final Energy:  -247.29927945623214

   => Energetics <=

    Nuclear Repulsion Energy =            186.7096802326913689
    One-Electron Energy =                -697.1673263113244730
    Two-Electron Energy =                 263.1583666224009335
    Total Energy =                       -247.2992794562321706

Computation Completed


Properties will be evaluated at   0.000000,   0.000000,   0.000000 [a0]

Properties computed using the SCF density matrix

  Nuclear Dipole Moment: [e a0]
     X:    60.3913      Y:  -435.1153      Z:  -134.7490

  Electronic Dipole Moment: [e a0]
     X:   -59.6631      Y:   423.5811      Z:   133.6328

  Dipole Moment: [e a0]
     X:     0.7282      Y:   -11.5343      Z:    -1.1162     Total:    11.6110

  Dipole Moment: [D]
     X:     1.8510      Y:   -29.3172      Z:    -2.8371     Total:    29.5122


*** tstop() called on aliaconda at Sun Mar 20 06:24:34 2022
Module time:
	user time   =     183.02 seconds =       3.05 minutes
	system time =      19.08 seconds =       0.32 minutes
	total time  =          9 seconds =       0.15 minutes
Total time:
	user time   =  118958.04 seconds =    1982.63 minutes
	system time =   16695.89 seconds =     278.26 minutes
	total time  =       7257 seconds =     120.95 minutes

  //>>>>>>>>>>>>>>>>>>>>>>>>>>>>>>>>>>>//
  //            Monomer B HF           //
  //<<<<<<<<<<<<<<<<<<<<<<<<<<<<<<<<<<<//


*** tstart() called on aliaconda
*** at Sun Mar 20 06:24:34 2022

   => Loading Basis Set <=

    Name: JUN-CC-PVDZ
    Role: ORBITAL
    Keyword: BASIS
    atoms 1, 14                                          entry N          line   198 file /home/alia/anaconda3/envs/mddemo/share/psi4/basis/jun-cc-pvdz.gbs 
    atoms 2-4, 6, 8-10, 13, 15-17, 19, 21, 23, 25-27, 30 entry H          line    36 file /home/alia/anaconda3/envs/mddemo/share/psi4/basis/jun-cc-pvdz.gbs 
    atoms 5, 7, 11, 18, 20, 24, 28                       entry C          line   164 file /home/alia/anaconda3/envs/mddemo/share/psi4/basis/jun-cc-pvdz.gbs 
    atoms 12, 22, 29                                     entry O          line   232 file /home/alia/anaconda3/envs/mddemo/share/psi4/basis/jun-cc-pvdz.gbs 


         ---------------------------------------------------------
                                   SCF
               by Justin Turney, Rob Parrish, Andy Simmonett
                          and Daniel G. A. Smith
                              RHF Reference
                       32 Threads,  76293 MiB Core
         ---------------------------------------------------------

  ==> Geometry <==

    Molecular point group: c1
    Full point group: C1

    Geometry (in Angstrom), charge = 1, multiplicity = 1:

       Center              X                  Y                   Z               Mass       
    ------------   -----------------  -----------------  -----------------  -----------------
      Gh(N)          -0.012757543553    -6.634381036477    -1.094871860245    14.003074004430
      Gh(H)          -0.931757692326    -6.749381284432    -1.861871820190     1.007825032230
      Gh(H)          -0.620757345188    -6.711381177621    -0.057871680954     1.007825032230
      Gh(H)           0.585242506038    -7.433381299691    -1.154871803024     1.007825032230
      Gh(C)           0.715242382061    -5.418380956368    -1.222872119644    12.000000000000
      Gh(H)           0.276242490780    -4.691381196694    -0.587871890762     1.007825032230
      Gh(C)           2.155242439281    -5.568381051736    -0.691871982315    12.000000000000
      Gh(H)           2.656242486011    -6.360381345467    -1.383871894577     1.007825032230
      Gh(H)           2.242242570888    -5.878380994515     0.381127971909     1.007825032230
      Gh(H)           2.693242546093    -4.575381021218    -0.668871741989     1.007825032230
      Gh(C)           0.774242397320    -4.780381421761    -2.619871955612    12.000000000000
      Gh(O)           0.250242467892    -5.374381284432    -3.539871912697    15.994914619570
      Gh(H)           1.276012178432    -3.814879636483    -2.781219583252     1.007825032230
         N            0.479242559444     2.879618425651     0.276127952835    14.003074004430
         H            0.583242412578     1.684618730827     0.380128044388     1.007825032230
         H            0.306242700588     2.923619051261    -0.916871886947     1.007825032230
         H            1.323242422115     3.315619249625     0.448127884171     1.007825032230
         C           -0.701757673252     3.560619135184     0.836127895615    12.000000000000
         H           -1.478757623661     2.854618807121     0.802127975723     1.007825032230
         C           -0.514757398594     3.946618814750     2.285128254196    12.000000000000
         H           -1.481757406223     4.403618593497     2.655128139755     1.007825032230
         O            0.358242269527     5.029618044181     2.510128158829    15.994914619570
         H            1.265242572796     4.716619272514     2.183128017685     1.007825032230
         C           -0.186757329930     2.698618669791     3.134127754471    12.000000000000
         H            0.888242479336     2.396618624015     2.949128288529     1.007825032230
         H           -0.858757738102     1.798619051261     2.941127914688     1.007825032230
         H           -0.196757558811     3.084618349357     4.145128387711     1.007825032230
         C           -1.137757543553     4.822619219108     0.046127933762    12.000000000000
         O           -2.356757406223     5.039618273063    -0.022871833542    15.994914619570
         H           -0.403576616276     5.490397234245    -0.428267818191     1.007825032230

  Running in c1 symmetry.

  Rotational constants: A =      0.03923  B =      0.00360  C =      0.00343 [cm^-1]
  Rotational constants: A =   1176.15556  B =    107.84688  C =    102.96205 [MHz]
  Nuclear repulsion =  330.086434377717353

  Charge       = 1
  Multiplicity = 1
  Electrons    = 56
  Nalpha       = 28
  Nbeta        = 28

  ==> Algorithm <==

  SCF Algorithm Type is DF.
  DIIS enabled.
  MOM disabled.
  Fractional occupation disabled.
  Guess Type is SAD.
  Energy threshold   = 1.00e-08
  Density threshold  = 1.00e-08
  Integral threshold = 1.00e-12

  ==> Primary Basis <==

  Basis Set: JUN-CC-PVDZ
    Blend: JUN-CC-PVDZ
    Number of shells: 150
    Number of basis functions: 306
    Number of Cartesian functions: 318
    Spherical Harmonics?: true
    Max angular momentum: 2

   => Loading Basis Set <=

    Name: (JUN-CC-PVDZ AUX)
    Role: JKFIT
    Keyword: DF_BASIS_SCF
    atoms 1, 14                                          entry N          line   202 file /home/alia/anaconda3/envs/mddemo/share/psi4/basis/jun-cc-pvdz-jkfit.gbs 
    atoms 2-4, 6, 8-10, 13, 15-17, 19, 21, 23, 25-27, 30 entry H          line    70 file /home/alia/anaconda3/envs/mddemo/share/psi4/basis/jun-cc-pvdz-jkfit.gbs 
    atoms 5, 7, 11, 18, 20, 24, 28                       entry C          line   146 file /home/alia/anaconda3/envs/mddemo/share/psi4/basis/jun-cc-pvdz-jkfit.gbs 
    atoms 12, 22, 29                                     entry O          line   258 file /home/alia/anaconda3/envs/mddemo/share/psi4/basis/jun-cc-pvdz-jkfit.gbs 

  ==> Integral Setup <==

  ==> DiskDFJK: Density-Fitted J/K Matrices <==

    J tasked:                  Yes
    K tasked:                  Yes
    wK tasked:                  No
    OpenMP threads:             32
    Integrals threads:          32
    Memory [MiB]:            57220
    Algorithm:                Core
    Integral Cache:           LOAD
    Schwarz Cutoff:          1E-12
    Fitting Condition:       1E-10

   => Auxiliary Basis Set <=

  Basis Set: (JUN-CC-PVDZ AUX)
    Blend: JUN-CC-PVDZ-JKFIT
    Number of shells: 486
    Number of basis functions: 1362
    Number of Cartesian functions: 1542
    Spherical Harmonics?: true
    Max angular momentum: 3

  Minimum eigenvalue in the overlap matrix is 6.4201860614E-05.
  Reciprocal condition number of the overlap matrix is 5.5825135917E-06.
    Using symmetric orthogonalization.

  ==> Pre-Iterations <==

  SCF Guess: Superposition of Atomic Densities via on-the-fly atomic UHF (no occupation information).

   -------------------------
    Irrep   Nso     Nmo    
   -------------------------
     A        306     306 
   -------------------------
    Total     306     306
   -------------------------

  ==> Iterations <==

                           Total Energy        Delta E     RMS |[F,P]|

   @DF-RHF iter SAD:  -360.51686570082444   -3.60517e+02   0.00000e+00 
   @DF-RHF iter   1:  -360.90069261398764   -3.83827e-01   2.20052e-03 DIIS
   @DF-RHF iter   2:  -361.09076220028305   -1.90070e-01   1.42291e-03 DIIS
   @DF-RHF iter   3:  -361.16161745547402   -7.08553e-02   3.10366e-04 DIIS
   @DF-RHF iter   4:  -361.16684593630208   -5.22848e-03   1.16131e-04 DIIS
   @DF-RHF iter   5:  -361.16760758508752   -7.61649e-04   2.69479e-05 DIIS
   @DF-RHF iter   6:  -361.16767566459168   -6.80795e-05   1.27825e-05 DIIS
   @DF-RHF iter   7:  -361.16769177650531   -1.61119e-05   5.47900e-06 DIIS
   @DF-RHF iter   8:  -361.16769545855101   -3.68205e-06   2.32162e-06 DIIS
   @DF-RHF iter   9:  -361.16769615691419   -6.98363e-07   6.97761e-07 DIIS
   @DF-RHF iter  10:  -361.16769622849887   -7.15847e-08   2.26168e-07 DIIS
   @DF-RHF iter  11:  -361.16769623706648   -8.56761e-09   9.33587e-08 DIIS
   @DF-RHF iter  12:  -361.16769623891093   -1.84446e-09   5.09374e-08 DIIS
   @DF-RHF iter  13:  -361.16769623968327   -7.72332e-10   2.76364e-08 DIIS
   @DF-RHF iter  14:  -361.16769623995248   -2.69210e-10   9.82379e-09 DIIS
  Energy and wave function converged.


  ==> Post-Iterations <==

    Orbital Energies [Eh]
    ---------------------

    Doubly Occupied:                                                      

       1A    -20.753356     2A    -20.748115     3A    -15.943546  
       4A    -11.527854     5A    -11.497669     6A    -11.474659  
       7A    -11.403486     8A     -1.560816     9A     -1.546493  
      10A     -1.512204    11A     -1.247198    12A     -1.151383  
      13A     -1.025003    14A     -1.019493    15A     -0.971077  
      16A     -0.912822    17A     -0.901448    18A     -0.839772  
      19A     -0.816661    20A     -0.804174    21A     -0.778224  
      22A     -0.755835    23A     -0.711357    24A     -0.697917  
      25A     -0.671843    26A     -0.655463    27A     -0.632474  
      28A     -0.594094  

    Virtual:                                                              

      29A     -0.137152    30A     -0.087988    31A     -0.077382  
      32A     -0.057422    33A     -0.044958    34A     -0.036522  
      35A     -0.032076    36A     -0.023153    37A     -0.020628  
      38A     -0.013103    39A     -0.007366    40A     -0.004217  
      41A      0.001657    42A      0.004105    43A      0.010071  
      44A      0.017546    45A      0.027679    46A      0.030719  
      47A      0.039137    48A      0.041625    49A      0.045347  
      50A      0.045939    51A      0.048428    52A      0.057337  
      53A      0.057929    54A      0.067899    55A      0.074927  
      56A      0.086478    57A      0.094243    58A      0.099676  
      59A      0.103007    60A      0.108794    61A      0.111801  
      62A      0.116143    63A      0.123184    64A      0.130504  
      65A      0.136639    66A      0.147953    67A      0.148432  
      68A      0.152096    69A      0.156856    70A      0.162800  
      71A      0.166464    72A      0.172368    73A      0.177882  
      74A      0.188240    75A      0.191592    76A      0.193400  
      77A      0.205258    78A      0.207288    79A      0.209387  
      80A      0.216365    81A      0.223748    82A      0.239656  
      83A      0.245781    84A      0.257038    85A      0.262693  
      86A      0.266708    87A      0.273566    88A      0.292666  
      89A      0.296124    90A      0.299587    91A      0.310741  
      92A      0.320548    93A      0.341604    94A      0.346384  
      95A      0.353506    96A      0.362052    97A      0.371212  
      98A      0.381955    99A      0.386257   100A      0.394887  
     101A      0.415676   102A      0.426805   103A      0.456069  
     104A      0.464748   105A      0.507230   106A      0.525789  
     107A      0.528105   108A      0.549965   109A      0.554342  
     110A      0.566189   111A      0.581770   112A      0.592860  
     113A      0.611423   114A      0.625651   115A      0.628494  
     116A      0.637869   117A      0.650380   118A      0.663056  
     119A      0.676235   120A      0.685473   121A      0.700870  
     122A      0.708535   123A      0.727506   124A      0.737641  
     125A      0.745117   126A      0.755279   127A      0.757673  
     128A      0.762162   129A      0.790637   130A      0.794155  
     131A      0.805198   132A      0.807129   133A      0.825269  
     134A      0.827879   135A      0.839058   136A      0.877193  
     137A      0.879023   138A      0.889100   139A      0.897933  
     140A      0.899892   141A      0.907981   142A      0.928926  
     143A      0.933691   144A      0.958598   145A      0.983055  
     146A      0.991657   147A      1.028500   148A      1.085650  
     149A      1.142478   150A      1.163364   151A      1.189230  
     152A      1.216560   153A      1.236279   154A      1.262657  
     155A      1.291984   156A      1.312467   157A      1.329690  
     158A      1.349095   159A      1.354875   160A      1.371766  
     161A      1.394318   162A      1.412033   163A      1.436974  
     164A      1.477515   165A      1.486937   166A      1.490703  
     167A      1.491804   168A      1.512433   169A      1.534591  
     170A      1.549036   171A      1.586072   172A      1.599295  
     173A      1.613041   174A      1.617705   175A      1.654093  
     176A      1.660166   177A      1.674413   178A      1.680291  
     179A      1.689834   180A      1.698271   181A      1.704370  
     182A      1.709236   183A      1.728317   184A      1.749374  
     185A      1.758704   186A      1.767585   187A      1.767640  
     188A      1.777486   189A      1.789298   190A      1.791026  
     191A      1.807772   192A      1.827218   193A      1.833858  
     194A      1.854140   195A      1.872545   196A      1.875200  
     197A      1.891117   198A      1.895122   199A      1.919385  
     200A      1.927831   201A      1.934693   202A      1.941879  
     203A      1.968682   204A      1.969265   205A      1.978126  
     206A      1.980951   207A      1.991490   208A      2.019691  
     209A      2.023351   210A      2.039407   211A      2.042192  
     212A      2.073354   213A      2.078580   214A      2.088110  
     215A      2.101855   216A      2.109021   217A      2.119288  
     218A      2.144632   219A      2.157263   220A      2.175440  
     221A      2.188715   222A      2.193218   223A      2.214769  
     224A      2.220185   225A      2.234378   226A      2.265879  
     227A      2.273680   228A      2.295782   229A      2.340195  
     230A      2.344410   231A      2.353125   232A      2.355028  
     233A      2.401344   234A      2.403532   235A      2.422958  
     236A      2.442614   237A      2.456648   238A      2.469306  
     239A      2.475224   240A      2.522154   241A      2.531539  
     242A      2.550074   243A      2.556947   244A      2.603402  
     245A      2.611528   246A      2.630128   247A      2.640205  
     248A      2.668827   249A      2.675275   250A      2.702033  
     251A      2.707773   252A      2.717604   253A      2.741801  
     254A      2.758743   255A      2.799079   256A      2.822501  
     257A      2.825314   258A      2.841407   259A      2.876774  
     260A      2.892565   261A      2.932835   262A      2.951926  
     263A      3.017372   264A      3.059889   265A      3.080353  
     266A      3.097394   267A      3.108489   268A      3.174058  
     269A      3.179371   270A      3.236474   271A      3.259114  
     272A      3.291744   273A      3.299950   274A      3.429843  
     275A      3.483113   276A      3.528881   277A      3.572223  
     278A      3.588653   279A      3.653449   280A      3.777584  
     281A      3.785221   282A      3.902042   283A      3.950763  
     284A      4.012499   285A      4.147211   286A      4.183104  
     287A      4.284990   288A      4.385025   289A      4.627090  
     290A      4.665763   291A      4.702176   292A      4.756286  
     293A      4.838176   294A      4.927207   295A      5.017324  
     296A      5.248787   297A      5.463312   298A      5.539585  
     299A      5.728644   300A      5.908852   301A      6.733429  
     302A     18.183373   303A     18.367232   304A     18.551926  
     305A     25.333678   306A     33.431395  

    Final Occupation by Irrep:
              A 
    DOCC [    28 ]

  @DF-RHF Final Energy:  -361.16769623995248

   => Energetics <=

    Nuclear Repulsion Energy =            330.0864343777173531
    One-Electron Energy =               -1136.1993885698466329
    Two-Electron Energy =                 444.9452579521768598
    Total Energy =                       -361.1676962399524768

Computation Completed


Properties will be evaluated at   0.000000,   0.000000,   0.000000 [a0]

Properties computed using the SCF density matrix

  Nuclear Dipole Moment: [e a0]
     X:   -52.7857      Y:   422.4502      Z:   141.3494

  Electronic Dipole Moment: [e a0]
     X:    54.3636      Y:  -417.6876      Z:  -140.5777

  Dipole Moment: [e a0]
     X:     1.5779      Y:     4.7626      Z:     0.7717     Total:     5.0762

  Dipole Moment: [D]
     X:     4.0107      Y:    12.1054      Z:     1.9615     Total:    12.9025


*** tstop() called on aliaconda at Sun Mar 20 06:24:44 2022
Module time:
	user time   =     217.18 seconds =       3.62 minutes
	system time =      25.05 seconds =       0.42 minutes
	total time  =         10 seconds =       0.17 minutes
Total time:
	user time   =  119175.33 seconds =    1986.26 minutes
	system time =   16720.95 seconds =     278.68 minutes
	total time  =       7267 seconds =     121.12 minutes
  Constructing Basis Sets for SAPT...

   => Loading Basis Set <=

    Name: (JUN-CC-PVDZ AUX)
    Role: RIFIT
    Keyword: DF_BASIS_SAPT
    atoms 1, 14                                          entry N          line   144 file /home/alia/anaconda3/envs/mddemo/share/psi4/basis/jun-cc-pvdz-ri.gbs 
    atoms 2-4, 6, 8-10, 13, 15-17, 19, 21, 23, 25-27, 30 entry H          line    30 file /home/alia/anaconda3/envs/mddemo/share/psi4/basis/jun-cc-pvdz-ri.gbs 
    atoms 5, 7, 11, 18, 20, 24, 28                       entry C          line   100 file /home/alia/anaconda3/envs/mddemo/share/psi4/basis/jun-cc-pvdz-ri.gbs 
    atoms 12, 22, 29                                     entry O          line   188 file /home/alia/anaconda3/envs/mddemo/share/psi4/basis/jun-cc-pvdz-ri.gbs 


  //>>>>>>>>>>>>>>>>>>>>>>>>>>>>>>>>>>>//
  //               SAPT0               //
  //<<<<<<<<<<<<<<<<<<<<<<<<<<<<<<<<<<<//


*** tstart() called on aliaconda
*** at Sun Mar 20 06:24:45 2022

        SAPT0  
    Ed Hohenstein
     6 June 2009

      Orbital Information
  --------------------------
    NSO        =       306
    NMO        =       306
    NRI        =      1032
    NOCC A     =        20
    NOCC B     =        28
    FOCC A     =         0
    FOCC B     =         0
    NVIR A     =       286
    NVIR B     =       278

    Elst10,r            =     0.061315376005 [Eh]
    Exch10              =    -0.000000011389 [Eh]
    Exch10 (S^2)        =    -0.000000011389 [Eh]

    Iter     Energy [mEh]          dE [mEh]         Residual      Time [s]
       1      -0.30069217       0.300692167       5.102100431             1
       2      -0.29211996      -0.008572207       1.686694667             2
       3      -0.31470059       0.022580628       0.632695234             2
       4      -0.32146172       0.006761137       0.159981928             3
       5      -0.32038928      -0.001072440       0.088285024             3
       6      -0.31996299      -0.000426294       0.026613866             4
       7      -0.32013703       0.000174037       0.008645252             5
       8      -0.32015028       0.000013249       0.003979201             5
       9      -0.32013360      -0.000016674       0.001985589             6
      10      -0.32013316      -0.000000446       0.000677917             6
      11      -0.32013614       0.000002980       0.000180285             7
      12      -0.32013583      -0.000000303       0.000043401             8
      13      -0.32013573      -0.000000102       0.000011925             8
      14      -0.32013574       0.000000005       0.000003183             9
      15      -0.32013574       0.000000009       0.000000708             9

    CHF Iterations converged


    Iter     Energy [mEh]          dE [mEh]         Residual      Time [s]
       1      -0.21825153       0.218251534       3.489325550             1
       2      -0.22615653       0.007904994       1.499400269             1
       3      -0.24405322       0.017896687       0.508661612             2
       4      -0.24734136       0.003288148       0.140404583             3
       5      -0.24688929      -0.000452075       0.083899233             3
       6      -0.24641239      -0.000476901       0.027294841             4
       7      -0.24645934       0.000046955       0.012841947             4
       8      -0.24652820       0.000068861       0.003611233             5
       9      -0.24651866      -0.000009538       0.001655664             6
      10      -0.24651303      -0.000005634       0.000808361             6
      11      -0.24651563       0.000002603       0.000405864             7
      12      -0.24651614       0.000000505       0.000124132             7
      13      -0.24651576      -0.000000384       0.000034830             8
      14      -0.24651572      -0.000000041       0.000009047             9
      15      -0.24651574       0.000000029       0.000002123             9
      16      -0.24651574      -0.000000001       0.000000748            10

    CHF Iterations converged

    Ind20,r (A<-B)      =    -0.000320135745 [Eh]
    Ind20,r (B<-A)      =    -0.000246515743 [Eh]
    Ind20,r             =    -0.000566651488 [Eh]
    Exch-Ind20,r (A<-B) =     0.000000001671 [Eh]
    Exch-Ind20,r (B<-A) =     0.000000001556 [Eh]
    Exch-Ind20,r        =     0.000000003227 [Eh]
    Disp20              =    -0.000040748805 [Eh]
    Disp20 (SS)         =    -0.000020374403 [Eh]
    Disp20 (OS)         =    -0.000020374403 [Eh]
    Exch-Disp20         =     0.000000001408 [Eh]
    Exch-Disp20 (SS)    =     0.000000001044 [Eh]
    Exch-Disp20 (OS)    =     0.000000000363 [Eh]

    SAPT Results 
  --------------------------------------------------------------------------------------------------------
    Electrostatics                 61.31537601 [mEh]      38.47597933 [kcal/mol]     160.98349752 [kJ/mol]
      Elst10,r                     61.31537601 [mEh]      38.47597933 [kcal/mol]     160.98349752 [kJ/mol]

    Exchange                       -0.00001139 [mEh]      -0.00000715 [kcal/mol]      -0.00002990 [kJ/mol]
      Exch10                       -0.00001139 [mEh]      -0.00000715 [kcal/mol]      -0.00002990 [kJ/mol]
      Exch10(S^2)                  -0.00001139 [mEh]      -0.00000715 [kcal/mol]      -0.00002990 [kJ/mol]

    Induction                      -0.55924343 [mEh]      -0.35093055 [kcal/mol]      -1.46829342 [kJ/mol]
      Ind20,r                      -0.56665149 [mEh]      -0.35557918 [kcal/mol]      -1.48774328 [kJ/mol]
      Exch-Ind20,r                  0.00000323 [mEh]       0.00000202 [kcal/mol]       0.00000847 [kJ/mol]
      delta HF,r (2)                0.00740483 [mEh]       0.00464660 [kcal/mol]       0.01944139 [kJ/mol]

    Dispersion                     -0.04074740 [mEh]      -0.02556938 [kcal/mol]      -0.10698228 [kJ/mol]
      Disp20                       -0.04074881 [mEh]      -0.02557026 [kcal/mol]      -0.10698597 [kJ/mol]
      Exch-Disp20                   0.00000141 [mEh]       0.00000088 [kcal/mol]       0.00000370 [kJ/mol]
      Disp20 (SS)                  -0.02037440 [mEh]      -0.01278513 [kcal/mol]      -0.05349299 [kJ/mol]
      Disp20 (OS)                  -0.02037440 [mEh]      -0.01278513 [kcal/mol]      -0.05349299 [kJ/mol]
      Exch-Disp20 (SS)              0.00000104 [mEh]       0.00000066 [kcal/mol]       0.00000274 [kJ/mol]
      Exch-Disp20 (OS)              0.00000036 [mEh]       0.00000023 [kcal/mol]       0.00000095 [kJ/mol]

  Total HF                         60.75612119 [mEh]      38.12504164 [kcal/mol]     159.51517421 [kJ/mol]
  Total SAPT0                      60.71537379 [mEh]      38.09947226 [kcal/mol]     159.40819193 [kJ/mol]

  Special recipe for scaled SAPT0 (see Manual):
    Electrostatics sSAPT0          61.31537601 [mEh]      38.47597933 [kcal/mol]     160.98349752 [kJ/mol]
    Exchange sSAPT0                -0.00001139 [mEh]      -0.00000715 [kcal/mol]      -0.00002990 [kJ/mol]
    Induction sSAPT0               -0.55924343 [mEh]      -0.35093055 [kcal/mol]      -1.46829342 [kJ/mol]
    Dispersion sSAPT0              -0.04074740 [mEh]      -0.02556938 [kcal/mol]      -0.10698228 [kJ/mol]
  Total sSAPT0                     60.71537379 [mEh]      38.09947226 [kcal/mol]     159.40819193 [kJ/mol]
  --------------------------------------------------------------------------------------------------------

*** tstop() called on aliaconda at Sun Mar 20 06:25:34 2022
Module time:
	user time   =     700.13 seconds =      11.67 minutes
	system time =     123.24 seconds =       2.05 minutes
	total time  =         49 seconds =       0.82 minutes
Total time:
	user time   =  119878.02 seconds =    1997.97 minutes
	system time =   16844.67 seconds =     280.74 minutes
	total time  =       7317 seconds =     121.95 minutes


Warning! sapt0 does not have an associated derived wavefunction.The returned wavefunction is the dimer SCF wavefunction.


  Memory set to  74.506 GiB by Python driver.
  Threads set to 32 by Python driver.
