
Scratch directory: /tmp/

Scratch directory: /tmp/

  //>>>>>>>>>>>>>>>>>>>>>>>>>>>>>>>>>>>//
  //              Dimer HF             //
  //<<<<<<<<<<<<<<<<<<<<<<<<<<<<<<<<<<<//


*** tstart() called on aliaconda
*** at Sun Mar 20 06:05:50 2022

   => Loading Basis Set <=

    Name: JUN-CC-PVDZ
    Role: ORBITAL
    Keyword: BASIS
    atoms 1, 14                                          entry N          line   198 file /home/alia/anaconda3/envs/mddemo/share/psi4/basis/jun-cc-pvdz.gbs 
    atoms 2-4, 6, 8-10, 13, 15-17, 19, 21, 23, 25-27, 30 entry H          line    36 file /home/alia/anaconda3/envs/mddemo/share/psi4/basis/jun-cc-pvdz.gbs 
    atoms 5, 7, 11, 18, 20, 24, 28                       entry C          line   164 file /home/alia/anaconda3/envs/mddemo/share/psi4/basis/jun-cc-pvdz.gbs 
    atoms 12, 22, 29                                     entry O          line   232 file /home/alia/anaconda3/envs/mddemo/share/psi4/basis/jun-cc-pvdz.gbs 


         ---------------------------------------------------------
                                   SCF
               by Justin Turney, Rob Parrish, Andy Simmonett
                          and Daniel G. A. Smith
                              RHF Reference
                       32 Threads,  76293 MiB Core
         ---------------------------------------------------------

  ==> Geometry <==

    Molecular point group: c1
    Full point group: C1

    Geometry (in Angstrom), charge = 2, multiplicity = 1:

       Center              X                  Y                   Z               Mass       
    ------------   -----------------  -----------------  -----------------  -----------------
         N            0.022596308239    -5.973284375914    -1.185478819218    14.003074004430
         H           -0.548403314105    -6.143284452208    -0.138478887883     1.007825032230
         H           -0.947403481952    -6.061284196623    -1.894478929844     1.007825032230
         H            0.630596586712    -6.703284394988    -1.337478769627     1.007825032230
         C            0.686596342572    -4.662284028777    -1.312478674260    12.000000000000
         H           -0.050403645984    -3.907284391173    -1.044479025212     1.007825032230
         C            1.870596596249    -4.611284387358    -0.362478864994    12.000000000000
         H            2.683596560010    -5.318284166106    -0.684478891697     1.007825032230
         H            1.414596506604    -4.893284452208     0.614521371517     1.007825032230
         H            2.323596426495    -3.621284139403    -0.183478964177     1.007825032230
         C            0.991596647748    -4.467284333952    -2.766478908863    12.000000000000
         O            0.676596590527    -5.329284322508    -3.561478746739    15.994914619570
         H            1.495935627469    -3.552172792204    -3.110300672856     1.007825032230
         N            0.309596487530     2.521715986482     0.180521356258    14.003074004430
         H           -0.110403588764     2.331715452424    -0.934478891697     1.007825032230
         H            0.629596659192     1.382716047517     0.394521104488     1.007825032230
         H            1.141596504696     3.088715421907     0.005521165523     1.007825032230
         C           -0.828403523914     3.188715803377     0.837520944271    12.000000000000
         H           -1.621403268329     2.501715528718     0.849521028194     1.007825032230
         C           -0.534403375141     3.563715803377     2.340520726833    12.000000000000
         H           -1.424403718463     3.825715887300     2.885520803127     1.007825032230
         O            0.378596731671     4.668715345613     2.508520948085    15.994914619570
         H            1.300596424588     4.318715917818     2.371520864162     1.007825032230
         C            0.063596674450     2.356716024629     3.015520917568    12.000000000000
         H            1.061596342572     2.001715528718     2.650521146450     1.007825032230
         H           -0.568403295032     1.489715444795     2.983521329555     1.007825032230
         H            0.213596292981     2.639716017000     4.068521367702     1.007825032230
         C           -1.306403687946     4.336715566865     0.120520936641    12.000000000000
         O           -2.497403672687     4.637716161958     0.081521379146    15.994914619570
         H           -0.581389001361     4.969200002901    -0.412693155613     1.007825032230

  Running in c1 symmetry.

  Rotational constants: A =      0.04111  B =      0.00424  C =      0.00402 [cm^-1]
  Rotational constants: A =   1232.42710  B =    127.23445  C =    120.65549 [MHz]
  Nuclear repulsion =  652.876397634235218

  Charge       = 2
  Multiplicity = 1
  Electrons    = 96
  Nalpha       = 48
  Nbeta        = 48

  ==> Algorithm <==

  SCF Algorithm Type is DF.
  DIIS enabled.
  MOM disabled.
  Fractional occupation disabled.
  Guess Type is SAD.
  Energy threshold   = 1.00e-08
  Density threshold  = 1.00e-08
  Integral threshold = 1.00e-12

  ==> Primary Basis <==

  Basis Set: JUN-CC-PVDZ
    Blend: JUN-CC-PVDZ
    Number of shells: 150
    Number of basis functions: 306
    Number of Cartesian functions: 318
    Spherical Harmonics?: true
    Max angular momentum: 2

   => Loading Basis Set <=

    Name: (JUN-CC-PVDZ AUX)
    Role: JKFIT
    Keyword: DF_BASIS_SCF
    atoms 1, 14                                          entry N          line   202 file /home/alia/anaconda3/envs/mddemo/share/psi4/basis/jun-cc-pvdz-jkfit.gbs 
    atoms 2-4, 6, 8-10, 13, 15-17, 19, 21, 23, 25-27, 30 entry H          line    70 file /home/alia/anaconda3/envs/mddemo/share/psi4/basis/jun-cc-pvdz-jkfit.gbs 
    atoms 5, 7, 11, 18, 20, 24, 28                       entry C          line   146 file /home/alia/anaconda3/envs/mddemo/share/psi4/basis/jun-cc-pvdz-jkfit.gbs 
    atoms 12, 22, 29                                     entry O          line   258 file /home/alia/anaconda3/envs/mddemo/share/psi4/basis/jun-cc-pvdz-jkfit.gbs 

  ==> Integral Setup <==

  ==> DiskDFJK: Density-Fitted J/K Matrices <==

    J tasked:                  Yes
    K tasked:                  Yes
    wK tasked:                  No
    OpenMP threads:             32
    Integrals threads:          32
    Memory [MiB]:            57220
    Algorithm:                Core
    Integral Cache:           SAVE
    Schwarz Cutoff:          1E-12
    Fitting Condition:       1E-10

   => Auxiliary Basis Set <=

  Basis Set: (JUN-CC-PVDZ AUX)
    Blend: JUN-CC-PVDZ-JKFIT
    Number of shells: 486
    Number of basis functions: 1362
    Number of Cartesian functions: 1542
    Spherical Harmonics?: true
    Max angular momentum: 3

  Minimum eigenvalue in the overlap matrix is 6.0275051643E-05.
  Reciprocal condition number of the overlap matrix is 5.2485350364E-06.
    Using symmetric orthogonalization.

  ==> Pre-Iterations <==

  SCF Guess: Superposition of Atomic Densities via on-the-fly atomic UHF (no occupation information).

   -------------------------
    Irrep   Nso     Nmo    
   -------------------------
     A        306     306 
   -------------------------
    Total     306     306
   -------------------------

  ==> Iterations <==

                           Total Energy        Delta E     RMS |[F,P]|

   @DF-RHF iter SAD:  -607.48591586914824   -6.07486e+02   0.00000e+00 
   @DF-RHF iter   1:  -607.96886332787324   -4.82947e-01   2.80269e-03 DIIS
   @DF-RHF iter   2:  -608.29464632834288   -3.25783e-01   1.73890e-03 DIIS
   @DF-RHF iter   3:  -608.40064129231462   -1.05995e-01   3.93574e-04 DIIS
   @DF-RHF iter   4:  -608.40946690617250   -8.82561e-03   1.45034e-04 DIIS
   @DF-RHF iter   5:  -608.41069798216017   -1.23108e-03   3.48203e-05 DIIS
   @DF-RHF iter   6:  -608.41081768964898   -1.19707e-04   1.75324e-05 DIIS
   @DF-RHF iter   7:  -608.41084508396307   -2.73943e-05   7.77098e-06 DIIS
   @DF-RHF iter   8:  -608.41085165211757   -6.56815e-06   3.22900e-06 DIIS
   @DF-RHF iter   9:  -608.41085281405321   -1.16194e-06   1.19950e-06 DIIS
   @DF-RHF iter  10:  -608.41085296632457   -1.52271e-07   3.70547e-07 DIIS
   @DF-RHF iter  11:  -608.41085298271889   -1.63943e-08   1.47479e-07 DIIS
   @DF-RHF iter  12:  -608.41085298667144   -3.95255e-09   7.24563e-08 DIIS
   @DF-RHF iter  13:  -608.41085298795679   -1.28534e-09   3.90888e-08 DIIS
   @DF-RHF iter  14:  -608.41085298848407   -5.27280e-10   1.71962e-08 DIIS
   @DF-RHF iter  15:  -608.41085298857297   -8.89031e-11   5.81021e-09 DIIS
  Energy and wave function converged.


  ==> Post-Iterations <==

    Orbital Energies [Eh]
    ---------------------

    Doubly Occupied:                                                      

       1A    -20.822214     2A    -20.798523     3A    -20.796741  
       4A    -16.013879     5A    -15.985880     6A    -11.595244  
       7A    -11.576353     8A    -11.570333     9A    -11.556493  
      10A    -11.539213    11A    -11.507047    12A    -11.458838  
      13A     -1.658535    14A     -1.619143    15A     -1.589208  
      16A     -1.566464    17A     -1.562098    18A     -1.320423  
      19A     -1.314037    20A     -1.235499    21A     -1.177185  
      22A     -1.086793    23A     -1.079031    24A     -1.078854  
      25A     -1.030423    26A     -1.017127    27A     -0.978224  
      28A     -0.975923    29A     -0.972245    30A     -0.941506  
      31A     -0.891900    32A     -0.889057    33A     -0.882754  
      34A     -0.877630    35A     -0.862410    36A     -0.842823  
      37A     -0.826924    38A     -0.823654    39A     -0.804090  
      40A     -0.795348    41A     -0.768969    42A     -0.752970  
      43A     -0.751795    44A     -0.731049    45A     -0.720113  
      46A     -0.683720    47A     -0.683580    48A     -0.654035  

    Virtual:                                                              

      49A     -0.213325    50A     -0.182438    51A     -0.162147  
      52A     -0.152401    53A     -0.141300    54A     -0.133131  
      55A     -0.123289    56A     -0.119745    57A     -0.117584  
      58A     -0.112002    59A     -0.099721    60A     -0.095859  
      61A     -0.088568    62A     -0.083733    63A     -0.080489  
      64A     -0.075369    65A     -0.072515    66A     -0.068418  
      67A     -0.066305    68A     -0.063189    69A     -0.049936  
      70A     -0.044285    71A     -0.040755    72A     -0.036523  
      73A     -0.033661    74A     -0.030140    75A     -0.026189  
      76A     -0.022432    77A     -0.016522    78A     -0.011938  
      79A     -0.006698    80A     -0.002014    81A      0.002847  
      82A      0.015094    83A      0.020204    84A      0.032822  
      85A      0.033307    86A      0.038557    87A      0.042778  
      88A      0.048047    89A      0.054428    90A      0.060653  
      91A      0.068216    92A      0.079027    93A      0.086150  
      94A      0.092421    95A      0.094759    96A      0.098952  
      97A      0.101331    98A      0.104186    99A      0.112984  
     100A      0.121101   101A      0.122116   102A      0.128586  
     103A      0.136108   104A      0.147766   105A      0.151942  
     106A      0.161595   107A      0.163635   108A      0.169084  
     109A      0.179722   110A      0.184236   111A      0.186506  
     112A      0.197119   113A      0.207652   114A      0.212706  
     115A      0.224718   116A      0.232546   117A      0.242529  
     118A      0.245926   119A      0.254000   120A      0.269408  
     121A      0.274522   122A      0.311915   123A      0.327868  
     124A      0.335317   125A      0.369116   126A      0.373156  
     127A      0.439164   128A      0.472793   129A      0.481650  
     130A      0.494464   131A      0.500057   132A      0.520915  
     133A      0.530715   134A      0.541141   135A      0.544003  
     136A      0.560358   137A      0.574154   138A      0.578102  
     139A      0.585005   140A      0.601804   141A      0.608893  
     142A      0.627898   143A      0.628854   144A      0.642156  
     145A      0.647808   146A      0.658710   147A      0.663873  
     148A      0.673357   149A      0.676765   150A      0.686041  
     151A      0.694532   152A      0.705245   153A      0.707502  
     154A      0.715709   155A      0.718725   156A      0.726060  
     157A      0.738826   158A      0.755504   159A      0.765946  
     160A      0.775852   161A      0.779192   162A      0.806988  
     163A      0.807669   164A      0.832267   165A      0.836196  
     166A      0.856102   167A      0.857095   168A      0.866588  
     169A      0.872879   170A      0.883525   171A      0.885663  
     172A      0.924424   173A      0.934841   174A      0.944971  
     175A      0.978156   176A      1.018730   177A      1.024901  
     178A      1.063213   179A      1.081797   180A      1.105088  
     181A      1.136297   182A      1.142968   183A      1.149062  
     184A      1.186090   185A      1.207090   186A      1.222082  
     187A      1.230391   188A      1.250222   189A      1.251234  
     190A      1.273827   191A      1.279012   192A      1.281661  
     193A      1.302945   194A      1.326040   195A      1.334436  
     196A      1.335865   197A      1.340930   198A      1.345450  
     199A      1.348434   200A      1.371429   201A      1.379126  
     202A      1.393481   203A      1.412400   204A      1.433618  
     205A      1.443016   206A      1.471474   207A      1.500165  
     208A      1.538991   209A      1.544389   210A      1.563586  
     211A      1.568467   212A      1.601890   213A      1.602778  
     214A      1.613093   215A      1.619172   216A      1.622990  
     217A      1.642752   218A      1.647125   219A      1.662543  
     220A      1.666401   221A      1.679377   222A      1.688112  
     223A      1.696430   224A      1.709386   225A      1.712615  
     226A      1.734045   227A      1.745647   228A      1.755208  
     229A      1.759970   230A      1.761045   231A      1.770270  
     232A      1.791750   233A      1.795452   234A      1.802560  
     235A      1.826044   236A      1.832812   237A      1.847759  
     238A      1.857919   239A      1.876612   240A      1.892586  
     241A      1.898169   242A      1.922491   243A      1.924278  
     244A      1.948895   245A      1.962047   246A      1.964896  
     247A      1.977330   248A      2.006873   249A      2.033915  
     250A      2.051563   251A      2.060766   252A      2.066915  
     253A      2.076065   254A      2.105408   255A      2.144072  
     256A      2.150101   257A      2.163808   258A      2.169941  
     259A      2.179251   260A      2.226897   261A      2.231395  
     262A      2.273297   263A      2.306423   264A      2.321918  
     265A      2.351337   266A      2.360413   267A      2.374100  
     268A      2.381065   269A      2.423665   270A      2.432020  
     271A      2.459513   272A      2.487120   273A      2.487773  
     274A      2.505876   275A      2.516124   276A      2.533807  
     277A      2.576639   278A      2.595711   279A      2.597891  
     280A      2.613895   281A      2.653551   282A      2.659154  
     283A      2.670979   284A      2.698533   285A      2.763418  
     286A      2.767127   287A      2.799798   288A      2.832808  
     289A      2.849261   290A      2.897561   291A      2.931935  
     292A      2.950511   293A      3.011276   294A      3.057710  
     295A      3.097132   296A      3.135576   297A      3.160482  
     298A      3.221117   299A      3.236093   300A      3.259903  
     301A      3.474112   302A      3.511853   303A      3.545841  
     304A      3.731577   305A      3.752503   306A      3.870322  

    Final Occupation by Irrep:
              A 
    DOCC [    48 ]

  @DF-RHF Final Energy:  -608.41085298857297

   => Energetics <=

    Nuclear Repulsion Energy =            652.8763976342352180
    One-Electron Energy =               -2099.2418974621009511
    Two-Electron Energy =                 837.9546468392927636
    Total Energy =                       -608.4108529885729695

Computation Completed


Properties will be evaluated at   0.000000,   0.000000,   0.000000 [a0]

Properties computed using the SCF density matrix

  Nuclear Dipole Moment: [e a0]
     X:     6.5948      Y:   -10.8929      Z:     6.6387

  Electronic Dipole Moment: [e a0]
     X:    -4.7413      Y:     4.7537      Z:    -7.2051

  Dipole Moment: [e a0]
     X:     1.8535      Y:    -6.1391      Z:    -0.5665     Total:     6.4378

  Dipole Moment: [D]
     X:     4.7112      Y:   -15.6041      Z:    -1.4398     Total:    16.3633


*** tstop() called on aliaconda at Sun Mar 20 06:06:05 2022
Module time:
	user time   =     319.13 seconds =       5.32 minutes
	system time =      37.13 seconds =       0.62 minutes
	total time  =         15 seconds =       0.25 minutes
Total time:
	user time   =  100042.31 seconds =    1667.37 minutes
	system time =   13964.31 seconds =     232.74 minutes
	total time  =       6148 seconds =     102.47 minutes

  //>>>>>>>>>>>>>>>>>>>>>>>>>>>>>>>>>>>//
  //            Monomer A HF           //
  //<<<<<<<<<<<<<<<<<<<<<<<<<<<<<<<<<<<//


*** tstart() called on aliaconda
*** at Sun Mar 20 06:06:05 2022

   => Loading Basis Set <=

    Name: JUN-CC-PVDZ
    Role: ORBITAL
    Keyword: BASIS
    atoms 1, 14                                          entry N          line   198 file /home/alia/anaconda3/envs/mddemo/share/psi4/basis/jun-cc-pvdz.gbs 
    atoms 2-4, 6, 8-10, 13, 15-17, 19, 21, 23, 25-27, 30 entry H          line    36 file /home/alia/anaconda3/envs/mddemo/share/psi4/basis/jun-cc-pvdz.gbs 
    atoms 5, 7, 11, 18, 20, 24, 28                       entry C          line   164 file /home/alia/anaconda3/envs/mddemo/share/psi4/basis/jun-cc-pvdz.gbs 
    atoms 12, 22, 29                                     entry O          line   232 file /home/alia/anaconda3/envs/mddemo/share/psi4/basis/jun-cc-pvdz.gbs 


         ---------------------------------------------------------
                                   SCF
               by Justin Turney, Rob Parrish, Andy Simmonett
                          and Daniel G. A. Smith
                              RHF Reference
                       32 Threads,  76293 MiB Core
         ---------------------------------------------------------

  ==> Geometry <==

    Molecular point group: c1
    Full point group: C1

    Geometry (in Angstrom), charge = 1, multiplicity = 1:

       Center              X                  Y                   Z               Mass       
    ------------   -----------------  -----------------  -----------------  -----------------
         N            0.022596308239    -5.973284375914    -1.185478819218    14.003074004430
         H           -0.548403314105    -6.143284452208    -0.138478887883     1.007825032230
         H           -0.947403481952    -6.061284196623    -1.894478929844     1.007825032230
         H            0.630596586712    -6.703284394988    -1.337478769627     1.007825032230
         C            0.686596342572    -4.662284028777    -1.312478674260    12.000000000000
         H           -0.050403645984    -3.907284391173    -1.044479025212     1.007825032230
         C            1.870596596249    -4.611284387358    -0.362478864994    12.000000000000
         H            2.683596560010    -5.318284166106    -0.684478891697     1.007825032230
         H            1.414596506604    -4.893284452208     0.614521371517     1.007825032230
         H            2.323596426495    -3.621284139403    -0.183478964177     1.007825032230
         C            0.991596647748    -4.467284333952    -2.766478908863    12.000000000000
         O            0.676596590527    -5.329284322508    -3.561478746739    15.994914619570
         H            1.495935627469    -3.552172792204    -3.110300672856     1.007825032230
      Gh(N)           0.309596487530     2.521715986482     0.180521356258    14.003074004430
      Gh(H)          -0.110403588764     2.331715452424    -0.934478891697     1.007825032230
      Gh(H)           0.629596659192     1.382716047517     0.394521104488     1.007825032230
      Gh(H)           1.141596504696     3.088715421907     0.005521165523     1.007825032230
      Gh(C)          -0.828403523914     3.188715803377     0.837520944271    12.000000000000
      Gh(H)          -1.621403268329     2.501715528718     0.849521028194     1.007825032230
      Gh(C)          -0.534403375141     3.563715803377     2.340520726833    12.000000000000
      Gh(H)          -1.424403718463     3.825715887300     2.885520803127     1.007825032230
      Gh(O)           0.378596731671     4.668715345613     2.508520948085    15.994914619570
      Gh(H)           1.300596424588     4.318715917818     2.371520864162     1.007825032230
      Gh(C)           0.063596674450     2.356716024629     3.015520917568    12.000000000000
      Gh(H)           1.061596342572     2.001715528718     2.650521146450     1.007825032230
      Gh(H)          -0.568403295032     1.489715444795     2.983521329555     1.007825032230
      Gh(H)           0.213596292981     2.639716017000     4.068521367702     1.007825032230
      Gh(C)          -1.306403687946     4.336715566865     0.120520936641    12.000000000000
      Gh(O)          -2.497403672687     4.637716161958     0.081521379146    15.994914619570
      Gh(H)          -0.581389001361     4.969200002901    -0.412693155613     1.007825032230

  Running in c1 symmetry.

  Rotational constants: A =      0.04111  B =      0.00424  C =      0.00402 [cm^-1]
  Rotational constants: A =   1232.42710  B =    127.23445  C =    120.65549 [MHz]
  Nuclear repulsion =  188.541693372220067

  Charge       = 1
  Multiplicity = 1
  Electrons    = 40
  Nalpha       = 20
  Nbeta        = 20

  ==> Algorithm <==

  SCF Algorithm Type is DF.
  DIIS enabled.
  MOM disabled.
  Fractional occupation disabled.
  Guess Type is SAD.
  Energy threshold   = 1.00e-08
  Density threshold  = 1.00e-08
  Integral threshold = 1.00e-12

  ==> Primary Basis <==

  Basis Set: JUN-CC-PVDZ
    Blend: JUN-CC-PVDZ
    Number of shells: 150
    Number of basis functions: 306
    Number of Cartesian functions: 318
    Spherical Harmonics?: true
    Max angular momentum: 2

   => Loading Basis Set <=

    Name: (JUN-CC-PVDZ AUX)
    Role: JKFIT
    Keyword: DF_BASIS_SCF
    atoms 1, 14                                          entry N          line   202 file /home/alia/anaconda3/envs/mddemo/share/psi4/basis/jun-cc-pvdz-jkfit.gbs 
    atoms 2-4, 6, 8-10, 13, 15-17, 19, 21, 23, 25-27, 30 entry H          line    70 file /home/alia/anaconda3/envs/mddemo/share/psi4/basis/jun-cc-pvdz-jkfit.gbs 
    atoms 5, 7, 11, 18, 20, 24, 28                       entry C          line   146 file /home/alia/anaconda3/envs/mddemo/share/psi4/basis/jun-cc-pvdz-jkfit.gbs 
    atoms 12, 22, 29                                     entry O          line   258 file /home/alia/anaconda3/envs/mddemo/share/psi4/basis/jun-cc-pvdz-jkfit.gbs 

  ==> Integral Setup <==

  ==> DiskDFJK: Density-Fitted J/K Matrices <==

    J tasked:                  Yes
    K tasked:                  Yes
    wK tasked:                  No
    OpenMP threads:             32
    Integrals threads:          32
    Memory [MiB]:            57220
    Algorithm:                Core
    Integral Cache:           LOAD
    Schwarz Cutoff:          1E-12
    Fitting Condition:       1E-10

   => Auxiliary Basis Set <=

  Basis Set: (JUN-CC-PVDZ AUX)
    Blend: JUN-CC-PVDZ-JKFIT
    Number of shells: 486
    Number of basis functions: 1362
    Number of Cartesian functions: 1542
    Spherical Harmonics?: true
    Max angular momentum: 3

  Minimum eigenvalue in the overlap matrix is 6.0275051643E-05.
  Reciprocal condition number of the overlap matrix is 5.2485350364E-06.
    Using symmetric orthogonalization.

  ==> Pre-Iterations <==

  SCF Guess: Superposition of Atomic Densities via on-the-fly atomic UHF (no occupation information).

   -------------------------
    Irrep   Nso     Nmo    
   -------------------------
     A        306     306 
   -------------------------
    Total     306     306
   -------------------------

  ==> Iterations <==

                           Total Energy        Delta E     RMS |[F,P]|

   @DF-RHF iter SAD:  -246.83822527252832   -2.46838e+02   0.00000e+00 
   @DF-RHF iter   1:  -247.13687767497086   -2.98652e-01   1.73764e-03 DIIS
   @DF-RHF iter   2:  -247.26587734527570   -1.29000e-01   1.04181e-03 DIIS
   @DF-RHF iter   3:  -247.30437834797488   -3.85010e-02   2.41005e-04 DIIS
   @DF-RHF iter   4:  -247.30784410086690   -3.46575e-03   8.40214e-05 DIIS
   @DF-RHF iter   5:  -247.30827544320499   -4.31342e-04   1.91526e-05 DIIS
   @DF-RHF iter   6:  -247.30832017825645   -4.47351e-05   8.07894e-06 DIIS
   @DF-RHF iter   7:  -247.30832724323534   -7.06498e-06   3.73561e-06 DIIS
   @DF-RHF iter   8:  -247.30832888332876   -1.64009e-06   1.28858e-06 DIIS
   @DF-RHF iter   9:  -247.30832907972137   -1.96393e-07   3.09356e-07 DIIS
   @DF-RHF iter  10:  -247.30832909044477   -1.07234e-08   1.03662e-07 DIIS
   @DF-RHF iter  11:  -247.30832909212847   -1.68370e-09   3.57510e-08 DIIS
   @DF-RHF iter  12:  -247.30832909242753   -2.99053e-10   1.85940e-08 DIIS
   @DF-RHF iter  13:  -247.30832909254505   -1.17524e-10   7.67921e-09 DIIS
  Energy and wave function converged.


  ==> Post-Iterations <==

    Orbital Energies [Eh]
    ---------------------

    Doubly Occupied:                                                      

       1A    -20.753332     2A    -15.920520     3A    -11.526194  
       4A    -11.504289     5A    -11.434256     6A     -1.590615  
       7A     -1.495595     8A     -1.249463     9A     -1.105641  
      10A     -1.010018    11A     -0.963121    12A     -0.910498  
      13A     -0.871564    14A     -0.821385    15A     -0.812995  
      16A     -0.753254    17A     -0.732034    18A     -0.723252  
      19A     -0.684296    20A     -0.614628  

    Virtual:                                                              

      21A     -0.116665    22A     -0.073158    23A     -0.069533  
      24A     -0.053553    25A     -0.050655    26A     -0.034971  
      27A     -0.028895    28A     -0.022424    29A     -0.011892  
      30A     -0.010304    31A     -0.002862    32A      0.002831  
      33A      0.007463    34A      0.011676    35A      0.021363  
      36A      0.027048    37A      0.029517    38A      0.037609  
      39A      0.042095    40A      0.047717    41A      0.049962  
      42A      0.052367    43A      0.062200    44A      0.068687  
      45A      0.071053    46A      0.082614    47A      0.088134  
      48A      0.089395    49A      0.095489    50A      0.095738  
      51A      0.105601    52A      0.105823    53A      0.114033  
      54A      0.126246    55A      0.133855    56A      0.143061  
      57A      0.144195    58A      0.149378    59A      0.155473  
      60A      0.159347    61A      0.162847    62A      0.168041  
      63A      0.173329    64A      0.173929    65A      0.184442  
      66A      0.188515    67A      0.195306    68A      0.211450  
      69A      0.221564    70A      0.226715    71A      0.229880  
      72A      0.238132    73A      0.245297    74A      0.253432  
      75A      0.255489    76A      0.265384    77A      0.274933  
      78A      0.295446    79A      0.304280    80A      0.307997  
      81A      0.314714    82A      0.326797    83A      0.336517  
      84A      0.340705    85A      0.357498    86A      0.359130  
      87A      0.376783    88A      0.391046    89A      0.397540  
      90A      0.439419    91A      0.443893    92A      0.459712  
      93A      0.482060    94A      0.496086    95A      0.508465  
      96A      0.510746    97A      0.535301    98A      0.551464  
      99A      0.554250   100A      0.561453   101A      0.568273  
     102A      0.578632   103A      0.589408   104A      0.593300  
     105A      0.611910   106A      0.616986   107A      0.629299  
     108A      0.646702   109A      0.656275   110A      0.667472  
     111A      0.676772   112A      0.687583   113A      0.694309  
     114A      0.699420   115A      0.717446   116A      0.735075  
     117A      0.742208   118A      0.744835   119A      0.766546  
     120A      0.771685   121A      0.777148   122A      0.784097  
     123A      0.794518   124A      0.811400   125A      0.828766  
     126A      0.849463   127A      0.876499   128A      0.901517  
     129A      0.906601   130A      0.920822   131A      0.921888  
     132A      0.938927   133A      0.942950   134A      0.955751  
     135A      0.964515   136A      0.975606   137A      0.979165  
     138A      1.013725   139A      1.041309   140A      1.094670  
     141A      1.133827   142A      1.139839   143A      1.176327  
     144A      1.212757   145A      1.222582   146A      1.291479  
     147A      1.318406   148A      1.341306   149A      1.347795  
     150A      1.401418   151A      1.409868   152A      1.412692  
     153A      1.465613   154A      1.502580   155A      1.511369  
     156A      1.539396   157A      1.552598   158A      1.607425  
     159A      1.618305   160A      1.626120   161A      1.638662  
     162A      1.644155   163A      1.650514   164A      1.674032  
     165A      1.683577   166A      1.690185   167A      1.695381  
     168A      1.704753   169A      1.713102   170A      1.728884  
     171A      1.731602   172A      1.751651   173A      1.758312  
     174A      1.768191   175A      1.779899   176A      1.799977  
     177A      1.816201   178A      1.826810   179A      1.831029  
     180A      1.832144   181A      1.863288   182A      1.871956  
     183A      1.875262   184A      1.889092   185A      1.902417  
     186A      1.907186   187A      1.918643   188A      1.921829  
     189A      1.937433   190A      1.967925   191A      1.989872  
     192A      1.992835   193A      2.004127   194A      2.013931  
     195A      2.018406   196A      2.033933   197A      2.041970  
     198A      2.058761   199A      2.070311   200A      2.076307  
     201A      2.106754   202A      2.124106   203A      2.128569  
     204A      2.134231   205A      2.139099   206A      2.157418  
     207A      2.180930   208A      2.195109   209A      2.215348  
     210A      2.231606   211A      2.247638   212A      2.249569  
     213A      2.274823   214A      2.297998   215A      2.302112  
     216A      2.332288   217A      2.363152   218A      2.375118  
     219A      2.376406   220A      2.388357   221A      2.422506  
     222A      2.442235   223A      2.451591   224A      2.470363  
     225A      2.484617   226A      2.500128   227A      2.518176  
     228A      2.530180   229A      2.530514   230A      2.556248  
     231A      2.576149   232A      2.579712   233A      2.605717  
     234A      2.612134   235A      2.619422   236A      2.651445  
     237A      2.667749   238A      2.685976   239A      2.692530  
     240A      2.720903   241A      2.729184   242A      2.741707  
     243A      2.786034   244A      2.815648   245A      2.833832  
     246A      2.874180   247A      2.896687   248A      2.901303  
     249A      2.931356   250A      2.998089   251A      2.998771  
     252A      3.009222   253A      3.019254   254A      3.062048  
     255A      3.098314   256A      3.163432   257A      3.201157  
     258A      3.218640   259A      3.266958   260A      3.288574  
     261A      3.367633   262A      3.375026   263A      3.454923  
     264A      3.475190   265A      3.531328   266A      3.579862  
     267A      3.608711   268A      3.675081   269A      3.743303  
     270A      3.798939   271A      3.914364   272A      4.042553  
     273A      4.075798   274A      4.192194   275A      4.233227  
     276A      4.366845   277A      4.419514   278A      4.491385  
     279A      4.527869   280A      4.642803   281A      4.668384  
     282A      4.714262   283A      4.798578   284A      4.830713  
     285A      4.848706   286A      4.996468   287A      5.005043  
     288A      5.043115   289A      5.133398   290A      5.227465  
     291A      5.308258   292A      5.511863   293A      5.558426  
     294A      5.643511   295A      5.751971   296A      5.789797  
     297A      5.967298   298A      6.595311   299A      6.709813  
     300A     18.124263   301A     18.274461   302A     18.481035  
     303A     18.620388   304A     25.316586   305A     33.445291  
     306A     33.460362  

    Final Occupation by Irrep:
              A 
    DOCC [    20 ]

  @DF-RHF Final Energy:  -247.30832909254505

   => Energetics <=

    Nuclear Repulsion Energy =            188.5416933722200667
    One-Electron Energy =                -700.7461432244831485
    Two-Electron Energy =                 264.8961207597180305
    Total Energy =                       -247.3083290925450797

Computation Completed


Properties will be evaluated at   0.000000,   0.000000,   0.000000 [a0]

Properties computed using the SCF density matrix

  Nuclear Dipole Moment: [e a0]
     X:    63.9971      Y:  -391.3482      Z:  -134.5815

  Electronic Dipole Moment: [e a0]
     X:   -63.4638      Y:   381.4197      Z:   133.2303

  Dipole Moment: [e a0]
     X:     0.5333      Y:    -9.9285      Z:    -1.3512     Total:    10.0342

  Dipole Moment: [D]
     X:     1.3555      Y:   -25.2357      Z:    -3.4344     Total:    25.5044


*** tstop() called on aliaconda at Sun Mar 20 06:06:14 2022
Module time:
	user time   =     189.07 seconds =       3.15 minutes
	system time =      20.00 seconds =       0.33 minutes
	total time  =          9 seconds =       0.15 minutes
Total time:
	user time   =  100231.47 seconds =    1670.52 minutes
	system time =   13984.33 seconds =     233.07 minutes
	total time  =       6157 seconds =     102.62 minutes

  //>>>>>>>>>>>>>>>>>>>>>>>>>>>>>>>>>>>//
  //            Monomer B HF           //
  //<<<<<<<<<<<<<<<<<<<<<<<<<<<<<<<<<<<//


*** tstart() called on aliaconda
*** at Sun Mar 20 06:06:14 2022

   => Loading Basis Set <=

    Name: JUN-CC-PVDZ
    Role: ORBITAL
    Keyword: BASIS
    atoms 1, 14                                          entry N          line   198 file /home/alia/anaconda3/envs/mddemo/share/psi4/basis/jun-cc-pvdz.gbs 
    atoms 2-4, 6, 8-10, 13, 15-17, 19, 21, 23, 25-27, 30 entry H          line    36 file /home/alia/anaconda3/envs/mddemo/share/psi4/basis/jun-cc-pvdz.gbs 
    atoms 5, 7, 11, 18, 20, 24, 28                       entry C          line   164 file /home/alia/anaconda3/envs/mddemo/share/psi4/basis/jun-cc-pvdz.gbs 
    atoms 12, 22, 29                                     entry O          line   232 file /home/alia/anaconda3/envs/mddemo/share/psi4/basis/jun-cc-pvdz.gbs 


         ---------------------------------------------------------
                                   SCF
               by Justin Turney, Rob Parrish, Andy Simmonett
                          and Daniel G. A. Smith
                              RHF Reference
                       32 Threads,  76293 MiB Core
         ---------------------------------------------------------

  ==> Geometry <==

    Molecular point group: c1
    Full point group: C1

    Geometry (in Angstrom), charge = 1, multiplicity = 1:

       Center              X                  Y                   Z               Mass       
    ------------   -----------------  -----------------  -----------------  -----------------
      Gh(N)           0.022596308239    -5.973284375914    -1.185478819218    14.003074004430
      Gh(H)          -0.548403314105    -6.143284452208    -0.138478887883     1.007825032230
      Gh(H)          -0.947403481952    -6.061284196623    -1.894478929844     1.007825032230
      Gh(H)           0.630596586712    -6.703284394988    -1.337478769627     1.007825032230
      Gh(C)           0.686596342572    -4.662284028777    -1.312478674260    12.000000000000
      Gh(H)          -0.050403645984    -3.907284391173    -1.044479025212     1.007825032230
      Gh(C)           1.870596596249    -4.611284387358    -0.362478864994    12.000000000000
      Gh(H)           2.683596560010    -5.318284166106    -0.684478891697     1.007825032230
      Gh(H)           1.414596506604    -4.893284452208     0.614521371517     1.007825032230
      Gh(H)           2.323596426495    -3.621284139403    -0.183478964177     1.007825032230
      Gh(C)           0.991596647748    -4.467284333952    -2.766478908863    12.000000000000
      Gh(O)           0.676596590527    -5.329284322508    -3.561478746739    15.994914619570
      Gh(H)           1.495935627469    -3.552172792204    -3.110300672856     1.007825032230
         N            0.309596487530     2.521715986482     0.180521356258    14.003074004430
         H           -0.110403588764     2.331715452424    -0.934478891697     1.007825032230
         H            0.629596659192     1.382716047517     0.394521104488     1.007825032230
         H            1.141596504696     3.088715421907     0.005521165523     1.007825032230
         C           -0.828403523914     3.188715803377     0.837520944271    12.000000000000
         H           -1.621403268329     2.501715528718     0.849521028194     1.007825032230
         C           -0.534403375141     3.563715803377     2.340520726833    12.000000000000
         H           -1.424403718463     3.825715887300     2.885520803127     1.007825032230
         O            0.378596731671     4.668715345613     2.508520948085    15.994914619570
         H            1.300596424588     4.318715917818     2.371520864162     1.007825032230
         C            0.063596674450     2.356716024629     3.015520917568    12.000000000000
         H            1.061596342572     2.001715528718     2.650521146450     1.007825032230
         H           -0.568403295032     1.489715444795     2.983521329555     1.007825032230
         H            0.213596292981     2.639716017000     4.068521367702     1.007825032230
         C           -1.306403687946     4.336715566865     0.120520936641    12.000000000000
         O           -2.497403672687     4.637716161958     0.081521379146    15.994914619570
         H           -0.581389001361     4.969200002901    -0.412693155613     1.007825032230

  Running in c1 symmetry.

  Rotational constants: A =      0.04111  B =      0.00424  C =      0.00402 [cm^-1]
  Rotational constants: A =   1232.42710  B =    127.23445  C =    120.65549 [MHz]
  Nuclear repulsion =  331.157935194567415

  Charge       = 1
  Multiplicity = 1
  Electrons    = 56
  Nalpha       = 28
  Nbeta        = 28

  ==> Algorithm <==

  SCF Algorithm Type is DF.
  DIIS enabled.
  MOM disabled.
  Fractional occupation disabled.
  Guess Type is SAD.
  Energy threshold   = 1.00e-08
  Density threshold  = 1.00e-08
  Integral threshold = 1.00e-12

  ==> Primary Basis <==

  Basis Set: JUN-CC-PVDZ
    Blend: JUN-CC-PVDZ
    Number of shells: 150
    Number of basis functions: 306
    Number of Cartesian functions: 318
    Spherical Harmonics?: true
    Max angular momentum: 2

   => Loading Basis Set <=

    Name: (JUN-CC-PVDZ AUX)
    Role: JKFIT
    Keyword: DF_BASIS_SCF
    atoms 1, 14                                          entry N          line   202 file /home/alia/anaconda3/envs/mddemo/share/psi4/basis/jun-cc-pvdz-jkfit.gbs 
    atoms 2-4, 6, 8-10, 13, 15-17, 19, 21, 23, 25-27, 30 entry H          line    70 file /home/alia/anaconda3/envs/mddemo/share/psi4/basis/jun-cc-pvdz-jkfit.gbs 
    atoms 5, 7, 11, 18, 20, 24, 28                       entry C          line   146 file /home/alia/anaconda3/envs/mddemo/share/psi4/basis/jun-cc-pvdz-jkfit.gbs 
    atoms 12, 22, 29                                     entry O          line   258 file /home/alia/anaconda3/envs/mddemo/share/psi4/basis/jun-cc-pvdz-jkfit.gbs 

  ==> Integral Setup <==

  ==> DiskDFJK: Density-Fitted J/K Matrices <==

    J tasked:                  Yes
    K tasked:                  Yes
    wK tasked:                  No
    OpenMP threads:             32
    Integrals threads:          32
    Memory [MiB]:            57220
    Algorithm:                Core
    Integral Cache:           LOAD
    Schwarz Cutoff:          1E-12
    Fitting Condition:       1E-10

   => Auxiliary Basis Set <=

  Basis Set: (JUN-CC-PVDZ AUX)
    Blend: JUN-CC-PVDZ-JKFIT
    Number of shells: 486
    Number of basis functions: 1362
    Number of Cartesian functions: 1542
    Spherical Harmonics?: true
    Max angular momentum: 3

  Minimum eigenvalue in the overlap matrix is 6.0275051643E-05.
  Reciprocal condition number of the overlap matrix is 5.2485350364E-06.
    Using symmetric orthogonalization.

  ==> Pre-Iterations <==

  SCF Guess: Superposition of Atomic Densities via on-the-fly atomic UHF (no occupation information).

   -------------------------
    Irrep   Nso     Nmo    
   -------------------------
     A        306     306 
   -------------------------
    Total     306     306
   -------------------------

  ==> Iterations <==

                           Total Energy        Delta E     RMS |[F,P]|

   @DF-RHF iter SAD:  -360.64767433886260   -3.60648e+02   0.00000e+00 
   @DF-RHF iter   1:  -360.90929482364322   -2.61620e-01   2.17569e-03 DIIS
   @DF-RHF iter   2:  -361.10287340692912   -1.93579e-01   1.34960e-03 DIIS
   @DF-RHF iter   3:  -361.16628601918740   -6.34126e-02   3.05982e-04 DIIS
   @DF-RHF iter   4:  -361.17143589465627   -5.14988e-03   1.14049e-04 DIIS
   @DF-RHF iter   5:  -361.17217674499045   -7.40850e-04   2.67221e-05 DIIS
   @DF-RHF iter   6:  -361.17224483971950   -6.80947e-05   1.28878e-05 DIIS
   @DF-RHF iter   7:  -361.17226043867470   -1.55990e-05   5.39185e-06 DIIS
   @DF-RHF iter   8:  -361.17226397699267   -3.53832e-06   2.21659e-06 DIIS
   @DF-RHF iter   9:  -361.17226460800532   -6.31013e-07   6.50801e-07 DIIS
   @DF-RHF iter  10:  -361.17226466963291   -6.16276e-08   2.18584e-07 DIIS
   @DF-RHF iter  11:  -361.17226467743666   -7.80375e-09   8.98773e-08 DIIS
   @DF-RHF iter  12:  -361.17226467912570   -1.68905e-09   4.90106e-08 DIIS
   @DF-RHF iter  13:  -361.17226467980964   -6.83940e-10   2.65574e-08 DIIS
   @DF-RHF iter  14:  -361.17226468005526   -2.45620e-10   9.30487e-09 DIIS
  Energy and wave function converged.


  ==> Post-Iterations <==

    Orbital Energies [Eh]
    ---------------------

    Doubly Occupied:                                                      

       1A    -20.743463     2A    -20.742408     3A    -15.948423  
       4A    -11.515606     5A    -11.496995     6A    -11.482293  
       7A    -11.398788     8A     -1.563809     9A     -1.533401  
      10A     -1.504792    11A     -1.254787    12A     -1.176549  
      13A     -1.028659    14A     -1.019309    15A     -0.954587  
      16A     -0.915199    17A     -0.911637    18A     -0.834703  
      19A     -0.819712    20A     -0.806298    21A     -0.785687  
      22A     -0.769274    23A     -0.710874    24A     -0.693061  
      25A     -0.676076    26A     -0.664348    27A     -0.628395  
      28A     -0.598530  

    Virtual:                                                              

      29A     -0.136925    30A     -0.087896    31A     -0.077975  
      32A     -0.060293    33A     -0.047233    34A     -0.039807  
      35A     -0.035065    36A     -0.026020    37A     -0.021749  
      38A     -0.013371    39A     -0.012702    40A     -0.006727  
      41A     -0.002394    42A      0.001547    43A      0.013099  
      44A      0.019249    45A      0.027852    46A      0.028744  
      47A      0.036072    48A      0.037286    49A      0.040843  
      50A      0.044611    51A      0.050385    52A      0.051943  
      53A      0.052654    54A      0.061481    55A      0.070620  
      56A      0.086787    57A      0.094252    58A      0.095340  
      59A      0.101807    60A      0.105751    61A      0.108964  
      62A      0.115273    63A      0.121325    64A      0.128515  
      65A      0.136694    66A      0.139897    67A      0.143977  
      68A      0.148260    69A      0.152560    70A      0.160463  
      71A      0.165212    72A      0.176435    73A      0.181388  
      74A      0.185652    75A      0.191904    76A      0.194863  
      77A      0.203626    78A      0.208563    79A      0.213802  
      80A      0.227220    81A      0.231555    82A      0.241526  
      83A      0.243435    84A      0.261727    85A      0.267431  
      86A      0.272229    87A      0.280381    88A      0.286434  
      89A      0.290501    90A      0.302472    91A      0.310175  
      92A      0.311512    93A      0.330074    94A      0.340267  
      95A      0.361837    96A      0.369000    97A      0.372191  
      98A      0.384865    99A      0.386669   100A      0.393114  
     101A      0.415970   102A      0.431769   103A      0.444731  
     104A      0.461720   105A      0.500985   106A      0.524308  
     107A      0.532909   108A      0.536695   109A      0.541433  
     110A      0.558743   111A      0.590664   112A      0.596680  
     113A      0.601388   114A      0.616296   115A      0.620338  
     116A      0.639663   117A      0.664135   118A      0.671713  
     119A      0.685293   120A      0.690863   121A      0.703488  
     122A      0.716512   123A      0.732537   124A      0.733710  
     125A      0.741652   126A      0.748659   127A      0.754397  
     128A      0.762382   129A      0.781282   130A      0.786113  
     131A      0.797128   132A      0.807494   133A      0.814986  
     134A      0.823347   135A      0.836363   136A      0.867466  
     137A      0.882579   138A      0.890959   139A      0.896052  
     140A      0.914950   141A      0.919675   142A      0.923417  
     143A      0.944391   144A      0.984552   145A      0.994962  
     146A      1.007301   147A      1.037007   148A      1.077108  
     149A      1.140642   150A      1.167182   151A      1.193904  
     152A      1.206307   153A      1.244323   154A      1.263683  
     155A      1.288078   156A      1.308643   157A      1.337088  
     158A      1.359373   159A      1.380222   160A      1.393938  
     161A      1.405864   162A      1.427372   163A      1.437162  
     164A      1.469592   165A      1.480794   166A      1.490524  
     167A      1.491861   168A      1.529462   169A      1.537097  
     170A      1.558839   171A      1.588694   172A      1.604908  
     173A      1.614846   174A      1.621661   175A      1.658897  
     176A      1.661271   177A      1.674843   178A      1.677300  
     179A      1.687588   180A      1.699876   181A      1.708013  
     182A      1.725109   183A      1.747171   184A      1.755635  
     185A      1.759547   186A      1.764492   187A      1.772294  
     188A      1.774378   189A      1.795087   190A      1.803580  
     191A      1.819958   192A      1.828263   193A      1.846597  
     194A      1.850390   195A      1.855696   196A      1.884227  
     197A      1.888996   198A      1.916538   199A      1.924131  
     200A      1.934537   201A      1.948475   202A      1.952450  
     203A      1.957675   204A      1.959842   205A      1.970568  
     206A      1.980155   207A      1.982719   208A      2.008481  
     209A      2.014394   210A      2.019735   211A      2.036132  
     212A      2.057910   213A      2.092656   214A      2.111197  
     215A      2.123414   216A      2.136073   217A      2.141633  
     218A      2.150729   219A      2.164908   220A      2.173005  
     221A      2.188507   222A      2.208481   223A      2.213868  
     224A      2.223011   225A      2.230325   226A      2.254406  
     227A      2.287500   228A      2.314995   229A      2.331121  
     230A      2.332941   231A      2.377833   232A      2.380393  
     233A      2.403789   234A      2.410667   235A      2.423290  
     236A      2.442480   237A      2.444590   238A      2.463477  
     239A      2.481992   240A      2.510208   241A      2.518134  
     242A      2.547392   243A      2.572343   244A      2.592286  
     245A      2.636840   246A      2.638267   247A      2.657321  
     248A      2.677014   249A      2.707587   250A      2.712426  
     251A      2.729035   252A      2.732256   253A      2.758347  
     254A      2.772265   255A      2.806568   256A      2.825481  
     257A      2.841103   258A      2.857384   259A      2.899210  
     260A      2.904681   261A      2.957913   262A      2.959820  
     263A      3.055875   264A      3.069096   265A      3.092650  
     266A      3.117738   267A      3.153217   268A      3.154402  
     269A      3.203018   270A      3.215340   271A      3.290428  
     272A      3.315144   273A      3.324841   274A      3.435410  
     275A      3.456872   276A      3.528621   277A      3.591261  
     278A      3.600641   279A      3.676806   280A      3.806539  
     281A      3.808489   282A      3.907182   283A      3.924032  
     284A      3.982268   285A      4.178078   286A      4.195746  
     287A      4.237757   288A      4.440448   289A      4.637030  
     290A      4.677854   291A      4.779153   292A      4.800013  
     293A      4.830326   294A      4.939889   295A      5.008396  
     296A      5.129767   297A      5.468330   298A      5.537028  
     299A      5.792081   300A      6.156499   301A      6.734225  
     302A     18.153801   303A     18.356968   304A     18.580374  
     305A     25.316944   306A     33.431121  

    Final Occupation by Irrep:
              A 
    DOCC [    28 ]

  @DF-RHF Final Energy:  -361.17226468005526

   => Energetics <=

    Nuclear Repulsion Energy =            331.1579351945674148
    One-Electron Energy =               -1138.3050694531107183
    Two-Electron Energy =                 445.9748695784879828
    Total Energy =                       -361.1722646800552639

Computation Completed


Properties will be evaluated at   0.000000,   0.000000,   0.000000 [a0]

Properties computed using the SCF density matrix

  Nuclear Dipole Moment: [e a0]
     X:   -57.4023      Y:   380.4553      Z:   141.2202

  Electronic Dipole Moment: [e a0]
     X:    58.7706      Y:  -376.6534      Z:  -140.4229

  Dipole Moment: [e a0]
     X:     1.3684      Y:     3.8019      Z:     0.7973     Total:     4.1186

  Dipole Moment: [D]
     X:     3.4780      Y:     9.6635      Z:     2.0265     Total:    10.4683


*** tstop() called on aliaconda at Sun Mar 20 06:06:24 2022
Module time:
	user time   =     221.33 seconds =       3.69 minutes
	system time =      24.70 seconds =       0.41 minutes
	total time  =         10 seconds =       0.17 minutes
Total time:
	user time   =  100452.94 seconds =    1674.22 minutes
	system time =   14009.06 seconds =     233.48 minutes
	total time  =       6167 seconds =     102.78 minutes
  Constructing Basis Sets for SAPT...

   => Loading Basis Set <=

    Name: (JUN-CC-PVDZ AUX)
    Role: RIFIT
    Keyword: DF_BASIS_SAPT
    atoms 1, 14                                          entry N          line   144 file /home/alia/anaconda3/envs/mddemo/share/psi4/basis/jun-cc-pvdz-ri.gbs 
    atoms 2-4, 6, 8-10, 13, 15-17, 19, 21, 23, 25-27, 30 entry H          line    30 file /home/alia/anaconda3/envs/mddemo/share/psi4/basis/jun-cc-pvdz-ri.gbs 
    atoms 5, 7, 11, 18, 20, 24, 28                       entry C          line   100 file /home/alia/anaconda3/envs/mddemo/share/psi4/basis/jun-cc-pvdz-ri.gbs 
    atoms 12, 22, 29                                     entry O          line   188 file /home/alia/anaconda3/envs/mddemo/share/psi4/basis/jun-cc-pvdz-ri.gbs 


  //>>>>>>>>>>>>>>>>>>>>>>>>>>>>>>>>>>>//
  //               SAPT0               //
  //<<<<<<<<<<<<<<<<<<<<<<<<<<<<<<<<<<<//


*** tstart() called on aliaconda
*** at Sun Mar 20 06:06:24 2022

        SAPT0  
    Ed Hohenstein
     6 June 2009

      Orbital Information
  --------------------------
    NSO        =       306
    NMO        =       306
    NRI        =      1032
    NOCC A     =        20
    NOCC B     =        28
    FOCC A     =         0
    FOCC B     =         0
    NVIR A     =       286
    NVIR B     =       278

    Elst10,r            =     0.070633793028 [Eh]
    Exch10              =    -0.000000040195 [Eh]
    Exch10 (S^2)        =    -0.000000040195 [Eh]

    Iter     Energy [mEh]          dE [mEh]         Residual      Time [s]
       1      -0.50116058       0.501160577       6.760109443             1
       2      -0.48757328      -0.013587299       2.190883632             1
       3      -0.52860961       0.041036335       0.812886039             2
       4      -0.53888721       0.010277599       0.219459050             2
       5      -0.53719829      -0.001688923       0.120788509             3
       6      -0.53638452      -0.000813771       0.033538879             4
       7      -0.53663409       0.000249577       0.010085000             4
       8      -0.53667282       0.000038729       0.003470132             5
       9      -0.53665464      -0.000018180       0.002027164             5
      10      -0.53665049      -0.000004153       0.000786576             6
      11      -0.53665490       0.000004408       0.000262448             6
      12      -0.53665499       0.000000087       0.000072987             7
      13      -0.53665463      -0.000000353       0.000017479             7
      14      -0.53665463      -0.000000005       0.000003995             8
      15      -0.53665464       0.000000017       0.000000800             9

    CHF Iterations converged


    Iter     Energy [mEh]          dE [mEh]         Residual      Time [s]
       1      -0.33154893       0.331548934       4.331748053             0
       2      -0.34179343       0.010244497       1.802225966             1
       3      -0.36768497       0.025891535       0.646730836             1
       4      -0.37302450       0.005339534       0.179910944             2
       5      -0.37237482      -0.000649682       0.103372214             3
       6      -0.37164257      -0.000732248       0.033513733             3
       7      -0.37170952       0.000066952       0.015316768             4
       8      -0.37181352       0.000103995       0.004518558             4
       9      -0.37179853      -0.000014990       0.002196165             5
      10      -0.37178967      -0.000008862       0.001049717             6
      11      -0.37179384       0.000004174       0.000495673             6
      12      -0.37179457       0.000000730       0.000165267             7
      13      -0.37179408      -0.000000488       0.000055486             7
      14      -0.37179395      -0.000000126       0.000015186             8
      15      -0.37179399       0.000000031       0.000004943             9
      16      -0.37179400       0.000000012       0.000001405             9
      17      -0.37179400      -0.000000003       0.000000537            10

    CHF Iterations converged

    Ind20,r (A<-B)      =    -0.000536654644 [Eh]
    Ind20,r (B<-A)      =    -0.000371793995 [Eh]
    Ind20,r             =    -0.000908448640 [Eh]
    Exch-Ind20,r (A<-B) =     0.000000006631 [Eh]
    Exch-Ind20,r (B<-A) =     0.000000008582 [Eh]
    Exch-Ind20,r        =     0.000000015213 [Eh]
    Disp20              =    -0.000080307807 [Eh]
    Disp20 (SS)         =    -0.000040153903 [Eh]
    Disp20 (OS)         =    -0.000040153903 [Eh]
    Exch-Disp20         =     0.000000005609 [Eh]
    Exch-Disp20 (SS)    =     0.000000004060 [Eh]
    Exch-Disp20 (OS)    =     0.000000001549 [Eh]

    SAPT Results 
  --------------------------------------------------------------------------------------------------------
    Electrostatics                 70.63379303 [mEh]      44.32337429 [kcal/mol]     185.44899805 [kJ/mol]
      Elst10,r                     70.63379303 [mEh]      44.32337429 [kcal/mol]     185.44899805 [kJ/mol]

    Exchange                       -0.00004019 [mEh]      -0.00002522 [kcal/mol]      -0.00010553 [kJ/mol]
      Exch10                       -0.00004019 [mEh]      -0.00002522 [kcal/mol]      -0.00010553 [kJ/mol]
      Exch10(S^2)                  -0.00004019 [mEh]      -0.00002522 [kcal/mol]      -0.00010553 [kJ/mol]

    Induction                      -0.89296881 [mEh]      -0.56034639 [kcal/mol]      -2.34448928 [kJ/mol]
      Ind20,r                      -0.90844864 [mEh]      -0.57006013 [kcal/mol]      -2.38513157 [kJ/mol]
      Exch-Ind20,r                  0.00001521 [mEh]       0.00000955 [kcal/mol]       0.00003994 [kJ/mol]
      delta HF,r (2)                0.01546462 [mEh]       0.00970420 [kcal/mol]       0.04060236 [kJ/mol]

    Dispersion                     -0.08030220 [mEh]      -0.05039039 [kcal/mol]      -0.21083339 [kJ/mol]
      Disp20                       -0.08030781 [mEh]      -0.05039391 [kcal/mol]      -0.21084812 [kJ/mol]
      Exch-Disp20                   0.00000561 [mEh]       0.00000352 [kcal/mol]       0.00001473 [kJ/mol]
      Disp20 (SS)                  -0.04015390 [mEh]      -0.02519695 [kcal/mol]      -0.10542406 [kJ/mol]
      Disp20 (OS)                  -0.04015390 [mEh]      -0.02519695 [kcal/mol]      -0.10542406 [kJ/mol]
      Exch-Disp20 (SS)              0.00000406 [mEh]       0.00000255 [kcal/mol]       0.00001066 [kJ/mol]
      Exch-Disp20 (OS)              0.00000155 [mEh]       0.00000097 [kcal/mol]       0.00000407 [kJ/mol]

  Total HF                         69.74078403 [mEh]      43.76300269 [kcal/mol]     183.10440324 [kJ/mol]
  Total SAPT0                      69.66048183 [mEh]      43.71261230 [kcal/mol]     182.89356984 [kJ/mol]

  Special recipe for scaled SAPT0 (see Manual):
    Electrostatics sSAPT0          70.63379303 [mEh]      44.32337429 [kcal/mol]     185.44899805 [kJ/mol]
    Exchange sSAPT0                -0.00004019 [mEh]      -0.00002522 [kcal/mol]      -0.00010553 [kJ/mol]
    Induction sSAPT0               -0.89296881 [mEh]      -0.56034639 [kcal/mol]      -2.34448928 [kJ/mol]
    Dispersion sSAPT0              -0.08030220 [mEh]      -0.05039039 [kcal/mol]      -0.21083339 [kJ/mol]
  Total sSAPT0                     69.66048183 [mEh]      43.71261230 [kcal/mol]     182.89356984 [kJ/mol]
  --------------------------------------------------------------------------------------------------------

*** tstop() called on aliaconda at Sun Mar 20 06:07:14 2022
Module time:
	user time   =     701.78 seconds =      11.70 minutes
	system time =     123.01 seconds =       2.05 minutes
	total time  =         50 seconds =       0.83 minutes
Total time:
	user time   =  101157.31 seconds =    1685.96 minutes
	system time =   14132.52 seconds =     235.54 minutes
	total time  =       6217 seconds =     103.62 minutes


Warning! sapt0 does not have an associated derived wavefunction.The returned wavefunction is the dimer SCF wavefunction.


  Memory set to  74.506 GiB by Python driver.
  Threads set to 32 by Python driver.
