
Scratch directory: /tmp/

Scratch directory: /tmp/

  //>>>>>>>>>>>>>>>>>>>>>>>>>>>>>>>>>>>//
  //              Dimer HF             //
  //<<<<<<<<<<<<<<<<<<<<<<<<<<<<<<<<<<<//


*** tstart() called on aliaconda
*** at Sun Mar 20 05:03:21 2022

   => Loading Basis Set <=

    Name: JUN-CC-PVDZ
    Role: ORBITAL
    Keyword: BASIS
    atoms 1, 14                                          entry N          line   198 file /home/alia/anaconda3/envs/mddemo/share/psi4/basis/jun-cc-pvdz.gbs 
    atoms 2-4, 6, 8-10, 13, 15-17, 19, 21, 23, 25-27, 30 entry H          line    36 file /home/alia/anaconda3/envs/mddemo/share/psi4/basis/jun-cc-pvdz.gbs 
    atoms 5, 7, 11, 18, 20, 24, 28                       entry C          line   164 file /home/alia/anaconda3/envs/mddemo/share/psi4/basis/jun-cc-pvdz.gbs 
    atoms 12, 22, 29                                     entry O          line   232 file /home/alia/anaconda3/envs/mddemo/share/psi4/basis/jun-cc-pvdz.gbs 


         ---------------------------------------------------------
                                   SCF
               by Justin Turney, Rob Parrish, Andy Simmonett
                          and Daniel G. A. Smith
                              RHF Reference
                       32 Threads,  76293 MiB Core
         ---------------------------------------------------------

  ==> Geometry <==

    Molecular point group: c1
    Full point group: C1

    Geometry (in Angstrom), charge = 2, multiplicity = 1:

       Center              X                  Y                   Z               Mass       
    ------------   -----------------  -----------------  -----------------  -----------------
         N            1.050697401817    -5.688565066513    -1.397416933098    14.003074004430
         H            0.140697077568    -6.168565085586    -0.774416788139     1.007825032230
         H            0.733697012718    -5.947565129455    -2.527417047539     1.007825032230
         H            1.890697077568    -6.274565032181    -1.174416883507     1.007825032230
         C            1.182697371299    -4.256564906296    -1.235416753807    12.000000000000
         H            0.434697226341    -3.994564822372    -0.435417039909     1.007825032230
         C            2.622697190101    -3.903565219101    -0.901417120018    12.000000000000
         H            3.303697184379    -4.568565180954    -1.594416959801     1.007825032230
         H            2.733697251137    -4.158564856705     0.195583002052     1.007825032230
         H            2.864697293098    -2.847564986404    -1.034417017021     1.007825032230
         C            0.841697291191    -3.463565161880    -2.489416940727    12.000000000000
         O           -0.188302918618    -2.856565287765    -2.634416921654    15.994914619570
         H            1.576340273674    -3.443928530868    -3.307899578132     1.007825032230
         N            0.587697104271     2.228434750382     0.266583101235    14.003074004430
         H            0.993697241600     1.098434635941     0.178583280525     1.007825032230
         H            0.541697100456     2.507435032669    -0.904416902580     1.007825032230
         H            1.375697211082     2.794434735123     0.633583204231     1.007825032230
         C           -0.713303013985     2.390435406509     0.796583311043    12.000000000000
         H           -1.113302632515     1.403434941116     0.769582883797     1.007825032230
         C           -0.820302888100     2.928434559647     2.214583055458    12.000000000000
         H           -1.889302655403     2.781435200516     2.575583116493     1.007825032230
         O           -0.502303048317     4.311434933487     2.397582666359    15.994914619570
         H            0.435697153862     4.384434887711     2.315582887612     1.007825032230
         C            0.018697336967     2.122434803787     3.156583444557    12.000000000000
         H            1.049696997459     2.281435200516     2.777582780800     1.007825032230
         H           -0.203302785103     1.055435368363     3.157582895241     1.007825032230
         H            0.003696993644     2.666434475723     4.155583040199     1.007825032230
         C           -1.571302815621     3.258434483353    -0.072417123833    12.000000000000
         O           -2.781302376931     3.045435139481    -0.150416715660    15.994914619570
         H           -1.120353623574     4.085515209976    -0.640379770317     1.007825032230

  Running in c1 symmetry.

  Rotational constants: A =      0.04141  B =      0.00585  C =      0.00543 [cm^-1]
  Rotational constants: A =   1241.51735  B =    175.37701  C =    162.74852 [MHz]
  Nuclear repulsion =  674.445842341580033

  Charge       = 2
  Multiplicity = 1
  Electrons    = 96
  Nalpha       = 48
  Nbeta        = 48

  ==> Algorithm <==

  SCF Algorithm Type is DF.
  DIIS enabled.
  MOM disabled.
  Fractional occupation disabled.
  Guess Type is SAD.
  Energy threshold   = 1.00e-08
  Density threshold  = 1.00e-08
  Integral threshold = 1.00e-12

  ==> Primary Basis <==

  Basis Set: JUN-CC-PVDZ
    Blend: JUN-CC-PVDZ
    Number of shells: 150
    Number of basis functions: 306
    Number of Cartesian functions: 318
    Spherical Harmonics?: true
    Max angular momentum: 2

   => Loading Basis Set <=

    Name: (JUN-CC-PVDZ AUX)
    Role: JKFIT
    Keyword: DF_BASIS_SCF
    atoms 1, 14                                          entry N          line   202 file /home/alia/anaconda3/envs/mddemo/share/psi4/basis/jun-cc-pvdz-jkfit.gbs 
    atoms 2-4, 6, 8-10, 13, 15-17, 19, 21, 23, 25-27, 30 entry H          line    70 file /home/alia/anaconda3/envs/mddemo/share/psi4/basis/jun-cc-pvdz-jkfit.gbs 
    atoms 5, 7, 11, 18, 20, 24, 28                       entry C          line   146 file /home/alia/anaconda3/envs/mddemo/share/psi4/basis/jun-cc-pvdz-jkfit.gbs 
    atoms 12, 22, 29                                     entry O          line   258 file /home/alia/anaconda3/envs/mddemo/share/psi4/basis/jun-cc-pvdz-jkfit.gbs 

  ==> Integral Setup <==

  ==> DiskDFJK: Density-Fitted J/K Matrices <==

    J tasked:                  Yes
    K tasked:                  Yes
    wK tasked:                  No
    OpenMP threads:             32
    Integrals threads:          32
    Memory [MiB]:            57220
    Algorithm:                Core
    Integral Cache:           SAVE
    Schwarz Cutoff:          1E-12
    Fitting Condition:       1E-10

   => Auxiliary Basis Set <=

  Basis Set: (JUN-CC-PVDZ AUX)
    Blend: JUN-CC-PVDZ-JKFIT
    Number of shells: 486
    Number of basis functions: 1362
    Number of Cartesian functions: 1542
    Spherical Harmonics?: true
    Max angular momentum: 3

  Minimum eigenvalue in the overlap matrix is 4.2726054321E-05.
  Reciprocal condition number of the overlap matrix is 3.6826099978E-06.
    Using symmetric orthogonalization.

  ==> Pre-Iterations <==

  SCF Guess: Superposition of Atomic Densities via on-the-fly atomic UHF (no occupation information).

   -------------------------
    Irrep   Nso     Nmo    
   -------------------------
     A        306     306 
   -------------------------
    Total     306     306
   -------------------------

  ==> Iterations <==

                           Total Energy        Delta E     RMS |[F,P]|

   @DF-RHF iter SAD:  -607.55457135719860   -6.07555e+02   0.00000e+00 
   @DF-RHF iter   1:  -607.94110076541483   -3.86529e-01   2.82230e-03 DIIS
   @DF-RHF iter   2:  -608.26969143364840   -3.28591e-01   1.75916e-03 DIIS
   @DF-RHF iter   3:  -608.37773873017215   -1.08047e-01   3.96024e-04 DIIS
   @DF-RHF iter   4:  -608.38649063523189   -8.75191e-03   1.51035e-04 DIIS
   @DF-RHF iter   5:  -608.38779383240581   -1.30320e-03   3.44978e-05 DIIS
   @DF-RHF iter   6:  -608.38791604308369   -1.22211e-04   1.72736e-05 DIIS
   @DF-RHF iter   7:  -608.38794449073873   -2.84477e-05   8.14482e-06 DIIS
   @DF-RHF iter   8:  -608.38795158901257   -7.09827e-06   3.30989e-06 DIIS
   @DF-RHF iter   9:  -608.38795282381489   -1.23480e-06   1.19467e-06 DIIS
   @DF-RHF iter  10:  -608.38795298907996   -1.65265e-07   3.86829e-07 DIIS
   @DF-RHF iter  11:  -608.38795300940035   -2.03204e-08   1.74881e-07 DIIS
   @DF-RHF iter  12:  -608.38795301633343   -6.93308e-09   9.14809e-08 DIIS
   @DF-RHF iter  13:  -608.38795301878201   -2.44859e-09   4.61087e-08 DIIS
   @DF-RHF iter  14:  -608.38795301952939   -7.47377e-10   1.70821e-08 DIIS
   @DF-RHF iter  15:  -608.38795301960022   -7.08269e-11   5.64856e-09 DIIS
  Energy and wave function converged.


  ==> Post-Iterations <==

    Orbital Energies [Eh]
    ---------------------

    Doubly Occupied:                                                      

       1A    -20.833754     2A    -20.798766     3A    -20.794674  
       4A    -16.013346     5A    -16.012264     6A    -11.599937  
       7A    -11.581271     8A    -11.575201     9A    -11.551615  
      10A    -11.531398    11A    -11.520012    12A    -11.457964  
      13A     -1.664989    14A     -1.621004    15A     -1.602422  
      16A     -1.579517    17A     -1.578862    18A     -1.323390  
      19A     -1.311738    20A     -1.227884    21A     -1.170968  
      22A     -1.091657    23A     -1.084312    24A     -1.080039  
      25A     -1.027523    26A     -1.014293    27A     -0.994527  
      28A     -0.984167    29A     -0.968692    30A     -0.957356  
      31A     -0.906797    32A     -0.901947    33A     -0.873201  
      34A     -0.873154    35A     -0.863178    36A     -0.840193  
      37A     -0.826134    38A     -0.820741    39A     -0.812959  
      40A     -0.783336    41A     -0.768898    42A     -0.765202  
      43A     -0.751311    44A     -0.723099    45A     -0.707160  
      46A     -0.689123    47A     -0.683943    48A     -0.652557  

    Virtual:                                                              

      49A     -0.210485    50A     -0.195065    51A     -0.165619  
      52A     -0.147367    53A     -0.143694    54A     -0.139171  
      55A     -0.126764    56A     -0.121153    57A     -0.113913  
      58A     -0.112466    59A     -0.105162    60A     -0.095760  
      61A     -0.094075    62A     -0.086832    63A     -0.083622  
      64A     -0.081572    65A     -0.073735    66A     -0.068950  
      67A     -0.067952    68A     -0.065099    69A     -0.060880  
      70A     -0.051813    71A     -0.042880    72A     -0.039748  
      73A     -0.037673    74A     -0.032867    75A     -0.028424  
      76A     -0.024943    77A     -0.021973    78A     -0.019378  
      79A     -0.009212    80A     -0.000466    81A      0.003782  
      82A      0.008864    83A      0.015487    84A      0.026738  
      85A      0.029405    86A      0.031926    87A      0.045280  
      88A      0.049432    89A      0.056380    90A      0.059635  
      91A      0.068503    92A      0.081568    93A      0.086530  
      94A      0.094207    95A      0.099289    96A      0.103083  
      97A      0.108400    98A      0.110526    99A      0.119170  
     100A      0.124947   101A      0.135126   102A      0.138346  
     103A      0.143612   104A      0.145710   105A      0.149729  
     106A      0.153847   107A      0.170967   108A      0.180043  
     109A      0.185265   110A      0.188396   111A      0.196759  
     112A      0.204043   113A      0.208437   114A      0.222271  
     115A      0.224166   116A      0.237909   117A      0.249320  
     118A      0.252500   119A      0.261915   120A      0.272637  
     121A      0.287025   122A      0.301604   123A      0.324757  
     124A      0.339175   125A      0.343130   126A      0.363309  
     127A      0.434494   128A      0.487849   129A      0.494605  
     130A      0.507623   131A      0.513382   132A      0.523689  
     133A      0.536773   134A      0.542537   135A      0.544472  
     136A      0.555371   137A      0.560978   138A      0.574606  
     139A      0.581222   140A      0.596636   141A      0.618377  
     142A      0.622404   143A      0.625600   144A      0.627330  
     145A      0.641407   146A      0.652417   147A      0.661475  
     148A      0.668270   149A      0.684103   150A      0.685590  
     151A      0.700576   152A      0.702936   153A      0.712084  
     154A      0.718106   155A      0.722956   156A      0.731025  
     157A      0.736097   158A      0.739685   159A      0.752598  
     160A      0.769321   161A      0.775885   162A      0.780197  
     163A      0.792278   164A      0.809642   165A      0.812790  
     166A      0.814248   167A      0.823012   168A      0.848569  
     169A      0.853733   170A      0.867469   171A      0.879936  
     172A      0.903737   173A      0.932092   174A      0.933208  
     175A      0.967676   176A      0.996661   177A      1.047585  
     178A      1.055620   179A      1.102863   180A      1.147607  
     181A      1.162914   182A      1.164169   183A      1.172554  
     184A      1.193260   185A      1.202489   186A      1.216928  
     187A      1.246603   188A      1.248298   189A      1.267511  
     190A      1.278697   191A      1.289287   192A      1.292153  
     193A      1.306065   194A      1.310358   195A      1.315614  
     196A      1.319726   197A      1.329752   198A      1.337685  
     199A      1.345719   200A      1.348058   201A      1.375741  
     202A      1.407295   203A      1.418901   204A      1.424159  
     205A      1.427973   206A      1.452730   207A      1.487042  
     208A      1.493666   209A      1.498880   210A      1.557571  
     211A      1.559247   212A      1.582034   213A      1.584738  
     214A      1.600773   215A      1.612228   216A      1.612666  
     217A      1.635486   218A      1.642393   219A      1.660058  
     220A      1.665986   221A      1.674575   222A      1.695694  
     223A      1.706667   224A      1.707120   225A      1.730184  
     226A      1.735824   227A      1.744070   228A      1.754808  
     229A      1.760794   230A      1.763588   231A      1.778704  
     232A      1.786605   233A      1.798539   234A      1.807330  
     235A      1.815514   236A      1.823283   237A      1.843221  
     238A      1.855173   239A      1.885690   240A      1.895353  
     241A      1.899651   242A      1.908741   243A      1.933037  
     244A      1.952139   245A      1.966352   246A      1.976347  
     247A      1.987563   248A      1.991115   249A      2.010320  
     250A      2.019756   251A      2.047850   252A      2.054705  
     253A      2.081730   254A      2.101519   255A      2.116256  
     256A      2.149735   257A      2.155786   258A      2.159370  
     259A      2.169552   260A      2.202539   261A      2.226799  
     262A      2.254545   263A      2.270276   264A      2.334904  
     265A      2.340744   266A      2.346630   267A      2.377075  
     268A      2.392346   269A      2.393934   270A      2.422449  
     271A      2.433023   272A      2.441137   273A      2.474033  
     274A      2.496547   275A      2.521598   276A      2.526043  
     277A      2.566903   278A      2.571803   279A      2.588338  
     280A      2.596673   281A      2.619107   282A      2.644916  
     283A      2.652166   284A      2.680053   285A      2.709435  
     286A      2.723510   287A      2.766460   288A      2.808110  
     289A      2.845280   290A      2.857270   291A      2.890980  
     292A      2.937425   293A      2.992675   294A      3.024107  
     295A      3.069175   296A      3.136135   297A      3.183552  
     298A      3.213386   299A      3.241807   300A      3.270875  
     301A      3.493870   302A      3.494166   303A      3.536794  
     304A      3.735446   305A      3.747760   306A      3.945899  

    Final Occupation by Irrep:
              A 
    DOCC [    48 ]

  @DF-RHF Final Energy:  -608.38795301960022

   => Energetics <=

    Nuclear Repulsion Energy =            674.4458423415800326
    One-Electron Energy =               -2142.0746310521085434
    Two-Electron Energy =                 859.2408356909284066
    Total Energy =                       -608.3879530196002179

Computation Completed


Properties will be evaluated at   0.000000,   0.000000,   0.000000 [a0]

Properties computed using the SCF density matrix

  Nuclear Dipole Moment: [e a0]
     X:    12.8708      Y:   -11.5418      Z:     4.0945

  Electronic Dipole Moment: [e a0]
     X:    -7.8003      Y:     4.4983      Z:    -5.6352

  Dipole Moment: [e a0]
     X:     5.0705      Y:    -7.0435      Z:    -1.5407     Total:     8.8144

  Dipole Moment: [D]
     X:    12.8878      Y:   -17.9028      Z:    -3.9161     Total:    22.4041


*** tstop() called on aliaconda at Sun Mar 20 05:03:36 2022
Module time:
	user time   =     328.14 seconds =       5.47 minutes
	system time =      38.03 seconds =       0.63 minutes
	total time  =         15 seconds =       0.25 minutes
Total time:
	user time   =   36600.11 seconds =     610.00 minutes
	system time =    5032.25 seconds =      83.87 minutes
	total time  =       2399 seconds =      39.98 minutes

  //>>>>>>>>>>>>>>>>>>>>>>>>>>>>>>>>>>>//
  //            Monomer A HF           //
  //<<<<<<<<<<<<<<<<<<<<<<<<<<<<<<<<<<<//


*** tstart() called on aliaconda
*** at Sun Mar 20 05:03:36 2022

   => Loading Basis Set <=

    Name: JUN-CC-PVDZ
    Role: ORBITAL
    Keyword: BASIS
    atoms 1, 14                                          entry N          line   198 file /home/alia/anaconda3/envs/mddemo/share/psi4/basis/jun-cc-pvdz.gbs 
    atoms 2-4, 6, 8-10, 13, 15-17, 19, 21, 23, 25-27, 30 entry H          line    36 file /home/alia/anaconda3/envs/mddemo/share/psi4/basis/jun-cc-pvdz.gbs 
    atoms 5, 7, 11, 18, 20, 24, 28                       entry C          line   164 file /home/alia/anaconda3/envs/mddemo/share/psi4/basis/jun-cc-pvdz.gbs 
    atoms 12, 22, 29                                     entry O          line   232 file /home/alia/anaconda3/envs/mddemo/share/psi4/basis/jun-cc-pvdz.gbs 


         ---------------------------------------------------------
                                   SCF
               by Justin Turney, Rob Parrish, Andy Simmonett
                          and Daniel G. A. Smith
                              RHF Reference
                       32 Threads,  76293 MiB Core
         ---------------------------------------------------------

  ==> Geometry <==

    Molecular point group: c1
    Full point group: C1

    Geometry (in Angstrom), charge = 1, multiplicity = 1:

       Center              X                  Y                   Z               Mass       
    ------------   -----------------  -----------------  -----------------  -----------------
         N            1.050697401817    -5.688565066513    -1.397416933098    14.003074004430
         H            0.140697077568    -6.168565085586    -0.774416788139     1.007825032230
         H            0.733697012718    -5.947565129455    -2.527417047539     1.007825032230
         H            1.890697077568    -6.274565032181    -1.174416883507     1.007825032230
         C            1.182697371299    -4.256564906296    -1.235416753807    12.000000000000
         H            0.434697226341    -3.994564822372    -0.435417039909     1.007825032230
         C            2.622697190101    -3.903565219101    -0.901417120018    12.000000000000
         H            3.303697184379    -4.568565180954    -1.594416959801     1.007825032230
         H            2.733697251137    -4.158564856705     0.195583002052     1.007825032230
         H            2.864697293098    -2.847564986404    -1.034417017021     1.007825032230
         C            0.841697291191    -3.463565161880    -2.489416940727    12.000000000000
         O           -0.188302918618    -2.856565287765    -2.634416921654    15.994914619570
         H            1.576340273674    -3.443928530868    -3.307899578132     1.007825032230
      Gh(N)           0.587697104271     2.228434750382     0.266583101235    14.003074004430
      Gh(H)           0.993697241600     1.098434635941     0.178583280525     1.007825032230
      Gh(H)           0.541697100456     2.507435032669    -0.904416902580     1.007825032230
      Gh(H)           1.375697211082     2.794434735123     0.633583204231     1.007825032230
      Gh(C)          -0.713303013985     2.390435406509     0.796583311043    12.000000000000
      Gh(H)          -1.113302632515     1.403434941116     0.769582883797     1.007825032230
      Gh(C)          -0.820302888100     2.928434559647     2.214583055458    12.000000000000
      Gh(H)          -1.889302655403     2.781435200516     2.575583116493     1.007825032230
      Gh(O)          -0.502303048317     4.311434933487     2.397582666359    15.994914619570
      Gh(H)           0.435697153862     4.384434887711     2.315582887612     1.007825032230
      Gh(C)           0.018697336967     2.122434803787     3.156583444557    12.000000000000
      Gh(H)           1.049696997459     2.281435200516     2.777582780800     1.007825032230
      Gh(H)          -0.203302785103     1.055435368363     3.157582895241     1.007825032230
      Gh(H)           0.003696993644     2.666434475723     4.155583040199     1.007825032230
      Gh(C)          -1.571302815621     3.258434483353    -0.072417123833    12.000000000000
      Gh(O)          -2.781302376931     3.045435139481    -0.150416715660    15.994914619570
      Gh(H)          -1.120353623574     4.085515209976    -0.640379770317     1.007825032230

  Running in c1 symmetry.

  Rotational constants: A =      0.04141  B =      0.00585  C =      0.00543 [cm^-1]
  Rotational constants: A =   1241.51735  B =    175.37701  C =    162.74852 [MHz]
  Nuclear repulsion =  184.972498892156977

  Charge       = 1
  Multiplicity = 1
  Electrons    = 40
  Nalpha       = 20
  Nbeta        = 20

  ==> Algorithm <==

  SCF Algorithm Type is DF.
  DIIS enabled.
  MOM disabled.
  Fractional occupation disabled.
  Guess Type is SAD.
  Energy threshold   = 1.00e-08
  Density threshold  = 1.00e-08
  Integral threshold = 1.00e-12

  ==> Primary Basis <==

  Basis Set: JUN-CC-PVDZ
    Blend: JUN-CC-PVDZ
    Number of shells: 150
    Number of basis functions: 306
    Number of Cartesian functions: 318
    Spherical Harmonics?: true
    Max angular momentum: 2

   => Loading Basis Set <=

    Name: (JUN-CC-PVDZ AUX)
    Role: JKFIT
    Keyword: DF_BASIS_SCF
    atoms 1, 14                                          entry N          line   202 file /home/alia/anaconda3/envs/mddemo/share/psi4/basis/jun-cc-pvdz-jkfit.gbs 
    atoms 2-4, 6, 8-10, 13, 15-17, 19, 21, 23, 25-27, 30 entry H          line    70 file /home/alia/anaconda3/envs/mddemo/share/psi4/basis/jun-cc-pvdz-jkfit.gbs 
    atoms 5, 7, 11, 18, 20, 24, 28                       entry C          line   146 file /home/alia/anaconda3/envs/mddemo/share/psi4/basis/jun-cc-pvdz-jkfit.gbs 
    atoms 12, 22, 29                                     entry O          line   258 file /home/alia/anaconda3/envs/mddemo/share/psi4/basis/jun-cc-pvdz-jkfit.gbs 

  ==> Integral Setup <==

  ==> DiskDFJK: Density-Fitted J/K Matrices <==

    J tasked:                  Yes
    K tasked:                  Yes
    wK tasked:                  No
    OpenMP threads:             32
    Integrals threads:          32
    Memory [MiB]:            57220
    Algorithm:                Core
    Integral Cache:           LOAD
    Schwarz Cutoff:          1E-12
    Fitting Condition:       1E-10

   => Auxiliary Basis Set <=

  Basis Set: (JUN-CC-PVDZ AUX)
    Blend: JUN-CC-PVDZ-JKFIT
    Number of shells: 486
    Number of basis functions: 1362
    Number of Cartesian functions: 1542
    Spherical Harmonics?: true
    Max angular momentum: 3

  Minimum eigenvalue in the overlap matrix is 4.2726054321E-05.
  Reciprocal condition number of the overlap matrix is 3.6826099978E-06.
    Using symmetric orthogonalization.

  ==> Pre-Iterations <==

  SCF Guess: Superposition of Atomic Densities via on-the-fly atomic UHF (no occupation information).

   -------------------------
    Irrep   Nso     Nmo    
   -------------------------
     A        306     306 
   -------------------------
    Total     306     306
   -------------------------

  ==> Iterations <==

                           Total Energy        Delta E     RMS |[F,P]|

   @DF-RHF iter SAD:  -246.77025921674198   -2.46770e+02   0.00000e+00 
   @DF-RHF iter   1:  -247.10497630319881   -3.34717e-01   1.75959e-03 DIIS
   @DF-RHF iter   2:  -247.23892855916796   -1.33952e-01   1.08978e-03 DIIS
   @DF-RHF iter   3:  -247.28049343081324   -4.15649e-02   2.42670e-04 DIIS
   @DF-RHF iter   4:  -247.28409252429614   -3.59909e-03   9.25555e-05 DIIS
   @DF-RHF iter   5:  -247.28461718073780   -5.24656e-04   2.13110e-05 DIIS
   @DF-RHF iter   6:  -247.28467865739810   -6.14767e-05   9.37374e-06 DIIS
   @DF-RHF iter   7:  -247.28468840045792   -9.74306e-06   4.29024e-06 DIIS
   @DF-RHF iter   8:  -247.28469050101944   -2.10056e-06   1.35117e-06 DIIS
   @DF-RHF iter   9:  -247.28469072708145   -2.26062e-07   3.71794e-07 DIIS
   @DF-RHF iter  10:  -247.28469074564367   -1.85622e-08   1.55284e-07 DIIS
   @DF-RHF iter  11:  -247.28469075158543   -5.94176e-09   7.65100e-08 DIIS
   @DF-RHF iter  12:  -247.28469075360402   -2.01860e-09   3.69560e-08 DIIS
   @DF-RHF iter  13:  -247.28469075413278   -5.28757e-10   9.80987e-09 DIIS
  Energy and wave function converged.


  ==> Post-Iterations <==

    Orbital Energies [Eh]
    ---------------------

    Doubly Occupied:                                                      

       1A    -20.750612     2A    -15.942610     3A    -11.517351  
       4A    -11.501659     5A    -11.439309     6A     -1.581155  
       7A     -1.506738     8A     -1.244664     9A     -1.091742  
      10A     -1.013189    11A     -0.942142    12A     -0.920942  
      13A     -0.890096    14A     -0.823853    15A     -0.794746  
      16A     -0.745072    17A     -0.731497    18A     -0.704003  
      19A     -0.684630    20A     -0.601489  

    Virtual:                                                              

      21A     -0.130212    22A     -0.080431    23A     -0.068365  
      24A     -0.054178    25A     -0.045677    26A     -0.036293  
      27A     -0.031309    28A     -0.021981    29A     -0.014538  
      30A     -0.013725    31A     -0.007435    32A     -0.002045  
      33A      0.005937    34A      0.010092    35A      0.023973  
      36A      0.025889    37A      0.031201    38A      0.034077  
      39A      0.039474    40A      0.042714    41A      0.050088  
      42A      0.051084    43A      0.058863    44A      0.063130  
      45A      0.080334    46A      0.082923    47A      0.088753  
      48A      0.094819    49A      0.098307    50A      0.101847  
      51A      0.105614    52A      0.107181    53A      0.117843  
      54A      0.126935    55A      0.133051    56A      0.148404  
      57A      0.151848    58A      0.156223    59A      0.159431  
      60A      0.161832    61A      0.165202    62A      0.175578  
      63A      0.180653    64A      0.189293    65A      0.192695  
      66A      0.206967    67A      0.214960    68A      0.217828  
      69A      0.222163    70A      0.226699    71A      0.234063  
      72A      0.247021    73A      0.249739    74A      0.257239  
      75A      0.261264    76A      0.269971    77A      0.287500  
      78A      0.296801    79A      0.300075    80A      0.319691  
      81A      0.327568    82A      0.336072    83A      0.340897  
      84A      0.359505    85A      0.367243    86A      0.377601  
      87A      0.382327    88A      0.394297    89A      0.403818  
      90A      0.426020    91A      0.450402    92A      0.459283  
      93A      0.473409    94A      0.497879    95A      0.507177  
      96A      0.514907    97A      0.531056    98A      0.556142  
      99A      0.561076   100A      0.575280   101A      0.584457  
     102A      0.590256   103A      0.594893   104A      0.603598  
     105A      0.616964   106A      0.622648   107A      0.628972  
     108A      0.645746   109A      0.648532   110A      0.670757  
     111A      0.674270   112A      0.681973   113A      0.701540  
     114A      0.716313   115A      0.719425   116A      0.729450  
     117A      0.733861   118A      0.745365   119A      0.764890  
     120A      0.766328   121A      0.790912   122A      0.794421  
     123A      0.803191   124A      0.814181   125A      0.817554  
     126A      0.841625   127A      0.863921   128A      0.866603  
     129A      0.887167   130A      0.900147   131A      0.903324  
     132A      0.910699   133A      0.928594   134A      0.951393  
     135A      0.968325   136A      0.987482   137A      0.989627  
     138A      1.014026   139A      1.042812   140A      1.077715  
     141A      1.130399   142A      1.142640   143A      1.222161  
     144A      1.223783   145A      1.243561   146A      1.281446  
     147A      1.325335   148A      1.361966   149A      1.368910  
     150A      1.385677   151A      1.397900   152A      1.425838  
     153A      1.455475   154A      1.493811   155A      1.498474  
     156A      1.546365   157A      1.562288   158A      1.571629  
     159A      1.575467   160A      1.616360   161A      1.625600  
     162A      1.636994   163A      1.649514   164A      1.664075  
     165A      1.673538   166A      1.687146   167A      1.690866  
     168A      1.708502   169A      1.736676   170A      1.743404  
     171A      1.747424   172A      1.754468   173A      1.771677  
     174A      1.776531   175A      1.787884   176A      1.809377  
     177A      1.829543   178A      1.831344   179A      1.841260  
     180A      1.855980   181A      1.860581   182A      1.877342  
     183A      1.884825   184A      1.888378   185A      1.901580  
     186A      1.914157   187A      1.921386   188A      1.927951  
     189A      1.956621   190A      1.971323   191A      1.974597  
     192A      1.988399   193A      2.009539   194A      2.009959  
     195A      2.018963   196A      2.027923   197A      2.044801  
     198A      2.048764   199A      2.063228   200A      2.068370  
     201A      2.082264   202A      2.090156   203A      2.129865  
     204A      2.137360   205A      2.163696   206A      2.171209  
     207A      2.185115   208A      2.192710   209A      2.199133  
     210A      2.225502   211A      2.231830   212A      2.240708  
     213A      2.248516   214A      2.261946   215A      2.283515  
     216A      2.321151   217A      2.334887   218A      2.347211  
     219A      2.368531   220A      2.386908   221A      2.411158  
     222A      2.421007   223A      2.428170   224A      2.435360  
     225A      2.468600   226A      2.480817   227A      2.502684  
     228A      2.511573   229A      2.531771   230A      2.553273  
     231A      2.563780   232A      2.588351   233A      2.603509  
     234A      2.616861   235A      2.637759   236A      2.652725  
     237A      2.668123   238A      2.688673   239A      2.699533  
     240A      2.722814   241A      2.728907   242A      2.766961  
     243A      2.788909   244A      2.791041   245A      2.842499  
     246A      2.870139   247A      2.876389   248A      2.889626  
     249A      2.929203   250A      2.931339   251A      3.005937  
     252A      3.018829   253A      3.026969   254A      3.043694  
     255A      3.096516   256A      3.098756   257A      3.127900  
     258A      3.231934   259A      3.247516   260A      3.297398  
     261A      3.314470   262A      3.402725   263A      3.500475  
     264A      3.531490   265A      3.554189   266A      3.577470  
     267A      3.694963   268A      3.707430   269A      3.735295  
     270A      3.819675   271A      3.960917   272A      4.048153  
     273A      4.082438   274A      4.182609   275A      4.221991  
     276A      4.359624   277A      4.454370   278A      4.493528  
     279A      4.552654   280A      4.646391   281A      4.667231  
     282A      4.701303   283A      4.738643   284A      4.807692  
     285A      4.835906   286A      4.887889   287A      4.965931  
     288A      5.006365   289A      5.114526   290A      5.220696  
     291A      5.319425   292A      5.501791   293A      5.548711  
     294A      5.655824   295A      5.689605   296A      5.770276  
     297A      5.989462   298A      6.668656   299A      6.927628  
     300A     18.141624   301A     18.317447   302A     18.470618  
     303A     18.633860   304A     25.334959   305A     33.444658  
     306A     33.475572  

    Final Occupation by Irrep:
              A 
    DOCC [    20 ]

  @DF-RHF Final Energy:  -247.28469075413278

   => Energetics <=

    Nuclear Repulsion Energy =            184.9724988921569775
    One-Electron Energy =                -693.6593777577307947
    Two-Electron Energy =                 261.4021881114410348
    Total Energy =                       -247.2846907541327823

Computation Completed


Properties will be evaluated at   0.000000,   0.000000,   0.000000 [a0]

Properties computed using the SCF density matrix

  Nuclear Dipole Moment: [e a0]
     X:    89.5905      Y:  -320.9105      Z:  -130.8968

  Electronic Dipole Moment: [e a0]
     X:   -86.6450      Y:   310.1331      Z:   128.4496

  Dipole Moment: [e a0]
     X:     2.9455      Y:   -10.7775      Z:    -2.4472     Total:    11.4376

  Dipole Moment: [D]
     X:     7.4867      Y:   -27.3936      Z:    -6.2201     Total:    29.0714


*** tstop() called on aliaconda at Sun Mar 20 05:03:44 2022
Module time:
	user time   =     175.73 seconds =       2.93 minutes
	system time =      15.05 seconds =       0.25 minutes
	total time  =          8 seconds =       0.13 minutes
Total time:
	user time   =   36775.99 seconds =     612.93 minutes
	system time =    5047.34 seconds =      84.12 minutes
	total time  =       2407 seconds =      40.12 minutes

  //>>>>>>>>>>>>>>>>>>>>>>>>>>>>>>>>>>>//
  //            Monomer B HF           //
  //<<<<<<<<<<<<<<<<<<<<<<<<<<<<<<<<<<<//


*** tstart() called on aliaconda
*** at Sun Mar 20 05:03:44 2022

   => Loading Basis Set <=

    Name: JUN-CC-PVDZ
    Role: ORBITAL
    Keyword: BASIS
    atoms 1, 14                                          entry N          line   198 file /home/alia/anaconda3/envs/mddemo/share/psi4/basis/jun-cc-pvdz.gbs 
    atoms 2-4, 6, 8-10, 13, 15-17, 19, 21, 23, 25-27, 30 entry H          line    36 file /home/alia/anaconda3/envs/mddemo/share/psi4/basis/jun-cc-pvdz.gbs 
    atoms 5, 7, 11, 18, 20, 24, 28                       entry C          line   164 file /home/alia/anaconda3/envs/mddemo/share/psi4/basis/jun-cc-pvdz.gbs 
    atoms 12, 22, 29                                     entry O          line   232 file /home/alia/anaconda3/envs/mddemo/share/psi4/basis/jun-cc-pvdz.gbs 


         ---------------------------------------------------------
                                   SCF
               by Justin Turney, Rob Parrish, Andy Simmonett
                          and Daniel G. A. Smith
                              RHF Reference
                       32 Threads,  76293 MiB Core
         ---------------------------------------------------------

  ==> Geometry <==

    Molecular point group: c1
    Full point group: C1

    Geometry (in Angstrom), charge = 1, multiplicity = 1:

       Center              X                  Y                   Z               Mass       
    ------------   -----------------  -----------------  -----------------  -----------------
      Gh(N)           1.050697401817    -5.688565066513    -1.397416933098    14.003074004430
      Gh(H)           0.140697077568    -6.168565085586    -0.774416788139     1.007825032230
      Gh(H)           0.733697012718    -5.947565129455    -2.527417047539     1.007825032230
      Gh(H)           1.890697077568    -6.274565032181    -1.174416883507     1.007825032230
      Gh(C)           1.182697371299    -4.256564906296    -1.235416753807    12.000000000000
      Gh(H)           0.434697226341    -3.994564822372    -0.435417039909     1.007825032230
      Gh(C)           2.622697190101    -3.903565219101    -0.901417120018    12.000000000000
      Gh(H)           3.303697184379    -4.568565180954    -1.594416959801     1.007825032230
      Gh(H)           2.733697251137    -4.158564856705     0.195583002052     1.007825032230
      Gh(H)           2.864697293098    -2.847564986404    -1.034417017021     1.007825032230
      Gh(C)           0.841697291191    -3.463565161880    -2.489416940727    12.000000000000
      Gh(O)          -0.188302918618    -2.856565287765    -2.634416921654    15.994914619570
      Gh(H)           1.576340273674    -3.443928530868    -3.307899578132     1.007825032230
         N            0.587697104271     2.228434750382     0.266583101235    14.003074004430
         H            0.993697241600     1.098434635941     0.178583280525     1.007825032230
         H            0.541697100456     2.507435032669    -0.904416902580     1.007825032230
         H            1.375697211082     2.794434735123     0.633583204231     1.007825032230
         C           -0.713303013985     2.390435406509     0.796583311043    12.000000000000
         H           -1.113302632515     1.403434941116     0.769582883797     1.007825032230
         C           -0.820302888100     2.928434559647     2.214583055458    12.000000000000
         H           -1.889302655403     2.781435200516     2.575583116493     1.007825032230
         O           -0.502303048317     4.311434933487     2.397582666359    15.994914619570
         H            0.435697153862     4.384434887711     2.315582887612     1.007825032230
         C            0.018697336967     2.122434803787     3.156583444557    12.000000000000
         H            1.049696997459     2.281435200516     2.777582780800     1.007825032230
         H           -0.203302785103     1.055435368363     3.157582895241     1.007825032230
         H            0.003696993644     2.666434475723     4.155583040199     1.007825032230
         C           -1.571302815621     3.258434483353    -0.072417123833    12.000000000000
         O           -2.781302376931     3.045435139481    -0.150416715660    15.994914619570
         H           -1.120353623574     4.085515209976    -0.640379770317     1.007825032230

  Running in c1 symmetry.

  Rotational constants: A =      0.04141  B =      0.00585  C =      0.00543 [cm^-1]
  Rotational constants: A =   1241.51735  B =    175.37701  C =    162.74852 [MHz]
  Nuclear repulsion =  333.500126416832188

  Charge       = 1
  Multiplicity = 1
  Electrons    = 56
  Nalpha       = 28
  Nbeta        = 28

  ==> Algorithm <==

  SCF Algorithm Type is DF.
  DIIS enabled.
  MOM disabled.
  Fractional occupation disabled.
  Guess Type is SAD.
  Energy threshold   = 1.00e-08
  Density threshold  = 1.00e-08
  Integral threshold = 1.00e-12

  ==> Primary Basis <==

  Basis Set: JUN-CC-PVDZ
    Blend: JUN-CC-PVDZ
    Number of shells: 150
    Number of basis functions: 306
    Number of Cartesian functions: 318
    Spherical Harmonics?: true
    Max angular momentum: 2

   => Loading Basis Set <=

    Name: (JUN-CC-PVDZ AUX)
    Role: JKFIT
    Keyword: DF_BASIS_SCF
    atoms 1, 14                                          entry N          line   202 file /home/alia/anaconda3/envs/mddemo/share/psi4/basis/jun-cc-pvdz-jkfit.gbs 
    atoms 2-4, 6, 8-10, 13, 15-17, 19, 21, 23, 25-27, 30 entry H          line    70 file /home/alia/anaconda3/envs/mddemo/share/psi4/basis/jun-cc-pvdz-jkfit.gbs 
    atoms 5, 7, 11, 18, 20, 24, 28                       entry C          line   146 file /home/alia/anaconda3/envs/mddemo/share/psi4/basis/jun-cc-pvdz-jkfit.gbs 
    atoms 12, 22, 29                                     entry O          line   258 file /home/alia/anaconda3/envs/mddemo/share/psi4/basis/jun-cc-pvdz-jkfit.gbs 

  ==> Integral Setup <==

  ==> DiskDFJK: Density-Fitted J/K Matrices <==

    J tasked:                  Yes
    K tasked:                  Yes
    wK tasked:                  No
    OpenMP threads:             32
    Integrals threads:          32
    Memory [MiB]:            57220
    Algorithm:                Core
    Integral Cache:           LOAD
    Schwarz Cutoff:          1E-12
    Fitting Condition:       1E-10

   => Auxiliary Basis Set <=

  Basis Set: (JUN-CC-PVDZ AUX)
    Blend: JUN-CC-PVDZ-JKFIT
    Number of shells: 486
    Number of basis functions: 1362
    Number of Cartesian functions: 1542
    Spherical Harmonics?: true
    Max angular momentum: 3

  Minimum eigenvalue in the overlap matrix is 4.2726054321E-05.
  Reciprocal condition number of the overlap matrix is 3.6826099978E-06.
    Using symmetric orthogonalization.

  ==> Pre-Iterations <==

  SCF Guess: Superposition of Atomic Densities via on-the-fly atomic UHF (no occupation information).

   -------------------------
    Irrep   Nso     Nmo    
   -------------------------
     A        306     306 
   -------------------------
    Total     306     306
   -------------------------

  ==> Iterations <==

                           Total Energy        Delta E     RMS |[F,P]|

   @DF-RHF iter SAD:  -360.78413352603252   -3.60784e+02   0.00000e+00 
   @DF-RHF iter   1:  -360.90013759141772   -1.16004e-01   2.21465e-03 DIIS
   @DF-RHF iter   2:  -361.09641467984761   -1.96277e-01   1.38700e-03 DIIS
   @DF-RHF iter   3:  -361.16358680533051   -6.71721e-02   3.12418e-04 DIIS
   @DF-RHF iter   4:  -361.16875383087722   -5.16703e-03   1.17939e-04 DIIS
   @DF-RHF iter   5:  -361.16952531524345   -7.71484e-04   2.56665e-05 DIIS
   @DF-RHF iter   6:  -361.16959022886897   -6.49136e-05   1.23121e-05 DIIS
   @DF-RHF iter   7:  -361.16960563109598   -1.54022e-05   5.41769e-06 DIIS
   @DF-RHF iter   8:  -361.16960930943668   -3.67834e-06   2.21788e-06 DIIS
   @DF-RHF iter   9:  -361.16960994178157   -6.32345e-07   6.53449e-07 DIIS
   @DF-RHF iter  10:  -361.16961000202127   -6.02397e-08   2.10629e-07 DIIS
   @DF-RHF iter  11:  -361.16961000965483   -7.63356e-09   9.24418e-08 DIIS
   @DF-RHF iter  12:  -361.16961001154016   -1.88533e-09   5.17905e-08 DIIS
   @DF-RHF iter  13:  -361.16961001234466   -8.04505e-10   2.67514e-08 DIIS
   @DF-RHF iter  14:  -361.16961001259335   -2.48690e-10   8.64895e-09 DIIS
  Energy and wave function converged.


  ==> Post-Iterations <==

    Orbital Energies [Eh]
    ---------------------

    Doubly Occupied:                                                      

       1A    -20.744577     2A    -20.742479     3A    -15.950762  
       4A    -11.521164     5A    -11.493660     6A    -11.476502  
       7A    -11.401113     8A     -1.566113     9A     -1.549315  
      10A     -1.520233    11A     -1.254397    12A     -1.170948  
      13A     -1.027676    14A     -1.022914    15A     -0.967666  
      16A     -0.924997    17A     -0.900057    18A     -0.846745  
      19A     -0.816776    20A     -0.808691    21A     -0.785119  
      22A     -0.764085    23A     -0.709627    24A     -0.696895  
      25A     -0.669467    26A     -0.652130    27A     -0.635436  
      28A     -0.598198  

    Virtual:                                                              

      29A     -0.138675    30A     -0.093959    31A     -0.080862  
      32A     -0.057969    33A     -0.049218    34A     -0.042070  
      35A     -0.036340    36A     -0.023693    37A     -0.023047  
      38A     -0.019078    39A     -0.011328    40A     -0.010418  
      41A     -0.000604    42A      0.003678    43A      0.008216  
      44A      0.017449    45A      0.023325    46A      0.027326  
      47A      0.032013    48A      0.037205    49A      0.042108  
      50A      0.043122    51A      0.049474    52A      0.053049  
      53A      0.055266    54A      0.059283    55A      0.067992  
      56A      0.087995    57A      0.089898    58A      0.095415  
      59A      0.101053    60A      0.101828    61A      0.108470  
      62A      0.114125    63A      0.126386    64A      0.132766  
      65A      0.138818    66A      0.140566    67A      0.148495  
      68A      0.152059    69A      0.158019    70A      0.160896  
      71A      0.164458    72A      0.167066    73A      0.176699  
      74A      0.184484    75A      0.193886    76A      0.196126  
      77A      0.203697    78A      0.206111    79A      0.218246  
      80A      0.226656    81A      0.233468    82A      0.239373  
      83A      0.250465    84A      0.259039    85A      0.270993  
      86A      0.273564    87A      0.279044    88A      0.288548  
      89A      0.296661    90A      0.305520    91A      0.319846  
      92A      0.325719    93A      0.340486    94A      0.346982  
      95A      0.353478    96A      0.357342    97A      0.362117  
      98A      0.378751    99A      0.381498   100A      0.393555  
     101A      0.414049   102A      0.440301   103A      0.460722  
     104A      0.475462   105A      0.497307   106A      0.511210  
     107A      0.515828   108A      0.543522   109A      0.546826  
     110A      0.560676   111A      0.566060   112A      0.595967  
     113A      0.598495   114A      0.618022   115A      0.625816  
     116A      0.638131   117A      0.641798   118A      0.659496  
     119A      0.676677   120A      0.681928   121A      0.684714  
     122A      0.702361   123A      0.724331   124A      0.741098  
     125A      0.751914   126A      0.757253   127A      0.760458  
     128A      0.766275   129A      0.768210   130A      0.788302  
     131A      0.796427   132A      0.803260   133A      0.811508  
     134A      0.831211   135A      0.836958   136A      0.865038  
     137A      0.873028   138A      0.883233   139A      0.898972  
     140A      0.908085   141A      0.925587   142A      0.934347  
     143A      0.936555   144A      0.958678   145A      0.983892  
     146A      0.989716   147A      1.023156   148A      1.110847  
     149A      1.133684   150A      1.158401   151A      1.220083  
     152A      1.227281   153A      1.248545   154A      1.272314  
     155A      1.305189   156A      1.324338   157A      1.347574  
     158A      1.361128   159A      1.369456   160A      1.385089  
     161A      1.392496   162A      1.401063   163A      1.460958  
     164A      1.466429   165A      1.477723   166A      1.483283  
     167A      1.494809   168A      1.507291   169A      1.530459  
     170A      1.542666   171A      1.560640   172A      1.569412  
     173A      1.616977   174A      1.638422   175A      1.644771  
     176A      1.657127   177A      1.659091   178A      1.668905  
     179A      1.688151   180A      1.694681   181A      1.698942  
     182A      1.703655   183A      1.721909   184A      1.740150  
     185A      1.762164   186A      1.769093   187A      1.773709  
     188A      1.791052   189A      1.794885   190A      1.800583  
     191A      1.819696   192A      1.842476   193A      1.853865  
     194A      1.853942   195A      1.871633   196A      1.879707  
     197A      1.887596   198A      1.900305   199A      1.905499  
     200A      1.912179   201A      1.939471   202A      1.943272  
     203A      1.952383   204A      1.955418   205A      1.966636  
     206A      1.972027   207A      1.995708   208A      2.009028  
     209A      2.026217   210A      2.031508   211A      2.045360  
     212A      2.050140   213A      2.077522   214A      2.089485  
     215A      2.106120   216A      2.132957   217A      2.138916  
     218A      2.156154   219A      2.159091   220A      2.172871  
     221A      2.182215   222A      2.213050   223A      2.213604  
     224A      2.216622   225A      2.248977   226A      2.260408  
     227A      2.279041   228A      2.283372   229A      2.304133  
     230A      2.324206   231A      2.351656   232A      2.377390  
     233A      2.387774   234A      2.398261   235A      2.435095  
     236A      2.447013   237A      2.475893   238A      2.479193  
     239A      2.489773   240A      2.498911   241A      2.502278  
     242A      2.541989   243A      2.553442   244A      2.576966  
     245A      2.607677   246A      2.623994   247A      2.653815  
     248A      2.664210   249A      2.677539   250A      2.699254  
     251A      2.709561   252A      2.716860   253A      2.736662  
     254A      2.769293   255A      2.782660   256A      2.805346  
     257A      2.822748   258A      2.849846   259A      2.891572  
     260A      2.899287   261A      2.948117   262A      2.962627  
     263A      3.016600   264A      3.037327   265A      3.050592  
     266A      3.127520   267A      3.156564   268A      3.170444  
     269A      3.190402   270A      3.236721   271A      3.295520  
     272A      3.307352   273A      3.323123   274A      3.426118  
     275A      3.520548   276A      3.547141   277A      3.560063  
     278A      3.590392   279A      3.605250   280A      3.692534  
     281A      3.801386   282A      3.940514   283A      3.963488  
     284A      3.997479   285A      4.104225   286A      4.158528  
     287A      4.287133   288A      4.316394   289A      4.596106  
     290A      4.622695   291A      4.701414   292A      4.777873  
     293A      4.828991   294A      4.844784   295A      4.970257  
     296A      5.119035   297A      5.452295   298A      5.530347  
     299A      5.589652   300A      5.724883   301A      6.769378  
     302A     18.156184   303A     18.335996   304A     18.557708  
     305A     25.315581   306A     33.404464  

    Final Occupation by Irrep:
              A 
    DOCC [    28 ]

  @DF-RHF Final Energy:  -361.16961001259335

   => Energetics <=

    Nuclear Repulsion Energy =            333.5001264168321882
    One-Electron Energy =               -1142.9039840280936460
    Two-Electron Energy =                 448.2342475986680483
    Total Energy =                       -361.1696100125933526

Computation Completed


Properties will be evaluated at   0.000000,   0.000000,   0.000000 [a0]

Properties computed using the SCF density matrix

  Nuclear Dipole Moment: [e a0]
     X:   -76.7197      Y:   309.3687      Z:   134.9912

  Electronic Dipole Moment: [e a0]
     X:    78.8757      Y:  -305.5567      Z:  -134.0636

  Dipole Moment: [e a0]
     X:     2.1560      Y:     3.8121      Z:     0.9276     Total:     4.4767

  Dipole Moment: [D]
     X:     5.4801      Y:     9.6893      Z:     2.3576     Total:    11.3786


*** tstop() called on aliaconda at Sun Mar 20 05:03:55 2022
Module time:
	user time   =     220.61 seconds =       3.68 minutes
	system time =      23.18 seconds =       0.39 minutes
	total time  =         11 seconds =       0.18 minutes
Total time:
	user time   =   36996.70 seconds =     616.61 minutes
	system time =    5070.54 seconds =      84.51 minutes
	total time  =       2418 seconds =      40.30 minutes
  Constructing Basis Sets for SAPT...

   => Loading Basis Set <=

    Name: (JUN-CC-PVDZ AUX)
    Role: RIFIT
    Keyword: DF_BASIS_SAPT
    atoms 1, 14                                          entry N          line   144 file /home/alia/anaconda3/envs/mddemo/share/psi4/basis/jun-cc-pvdz-ri.gbs 
    atoms 2-4, 6, 8-10, 13, 15-17, 19, 21, 23, 25-27, 30 entry H          line    30 file /home/alia/anaconda3/envs/mddemo/share/psi4/basis/jun-cc-pvdz-ri.gbs 
    atoms 5, 7, 11, 18, 20, 24, 28                       entry C          line   100 file /home/alia/anaconda3/envs/mddemo/share/psi4/basis/jun-cc-pvdz-ri.gbs 
    atoms 12, 22, 29                                     entry O          line   188 file /home/alia/anaconda3/envs/mddemo/share/psi4/basis/jun-cc-pvdz-ri.gbs 


  //>>>>>>>>>>>>>>>>>>>>>>>>>>>>>>>>>>>//
  //               SAPT0               //
  //<<<<<<<<<<<<<<<<<<<<<<<<<<<<<<<<<<<//


*** tstart() called on aliaconda
*** at Sun Mar 20 05:03:55 2022

        SAPT0  
    Ed Hohenstein
     6 June 2009

      Orbital Information
  --------------------------
    NSO        =       306
    NMO        =       306
    NRI        =      1032
    NOCC A     =        20
    NOCC B     =        28
    FOCC A     =         0
    FOCC B     =         0
    NVIR A     =       286
    NVIR B     =       278

    Elst10,r            =     0.067522336451 [Eh]
    Exch10              =     0.000000107121 [Eh]
    Exch10 (S^2)        =     0.000000107121 [Eh]

    Iter     Energy [mEh]          dE [mEh]         Residual      Time [s]
       1      -0.78263908       0.782639077       6.609448171             1
       2      -0.78180361      -0.000835471       2.412160219             1
       3      -0.83201770       0.050214092       1.044896040             2
       4      -0.84846726       0.016449559       0.258285123             2
       5      -0.84647215      -0.001995108       0.154812437             3
       6      -0.84486585      -0.001606303       0.046090568             4
       7      -0.84521078       0.000344932       0.019355180             4
       8      -0.84535805       0.000147268       0.007868976             5
       9      -0.84531138      -0.000046672       0.004720259             5
      10      -0.84529734      -0.000014038       0.001650345             6
      11      -0.84530648       0.000009141       0.000463504             6
      12      -0.84530758       0.000001105       0.000111526             7
      13      -0.84530695      -0.000000634       0.000027369             7
      14      -0.84530693      -0.000000021       0.000006545             8
      15      -0.84530696       0.000000037       0.000001561             9
      16      -0.84530696      -0.000000008       0.000000560             9

    CHF Iterations converged


    Iter     Energy [mEh]          dE [mEh]         Residual      Time [s]
       1      -0.31760553       0.317605532       4.179915739             1
       2      -0.32698482       0.009379286       1.722359236             1
       3      -0.35197254       0.024987725       0.579035909             2
       4      -0.35653679       0.004564245       0.144423565             2
       5      -0.35597686      -0.000559929       0.082597169             3
       6      -0.35542034      -0.000556519       0.026027207             4
       7      -0.35546429       0.000043947       0.012307417             4
       8      -0.35553830       0.000074017       0.003263728             5
       9      -0.35553109      -0.000007213       0.001142778             5
      10      -0.35552647      -0.000004619       0.000374195             6
      11      -0.35552720       0.000000723       0.000161835             6
      12      -0.35552778       0.000000585       0.000088373             7
      13      -0.35552751      -0.000000274       0.000040316             8
      14      -0.35552743      -0.000000074       0.000013099             8
      15      -0.35552746       0.000000027       0.000004148             9
      16      -0.35552747       0.000000009       0.000001037             9
      17      -0.35552747      -0.000000002       0.000000357            10

    CHF Iterations converged

    Ind20,r (A<-B)      =    -0.000845306957 [Eh]
    Ind20,r (B<-A)      =    -0.000355527466 [Eh]
    Ind20,r             =    -0.001200834423 [Eh]
    Exch-Ind20,r (A<-B) =     0.000000080975 [Eh]
    Exch-Ind20,r (B<-A) =     0.000000018840 [Eh]
    Exch-Ind20,r        =     0.000000099815 [Eh]
    Disp20              =    -0.000183337224 [Eh]
    Disp20 (SS)         =    -0.000091668612 [Eh]
    Disp20 (OS)         =    -0.000091668612 [Eh]
    Exch-Disp20         =     0.000000027752 [Eh]
    Exch-Disp20 (SS)    =     0.000000019709 [Eh]
    Exch-Disp20 (OS)    =     0.000000008042 [Eh]

    SAPT Results 
  --------------------------------------------------------------------------------------------------------
    Electrostatics                 67.52233645 [mEh]      42.37090581 [kcal/mol]     177.27986993 [kJ/mol]
      Elst10,r                     67.52233645 [mEh]      42.37090581 [kcal/mol]     177.27986993 [kJ/mol]

    Exchange                        0.00010712 [mEh]       0.00006722 [kcal/mol]       0.00028125 [kJ/mol]
      Exch10                        0.00010712 [mEh]       0.00006722 [kcal/mol]       0.00028125 [kJ/mol]
      Exch10(S^2)                   0.00010712 [mEh]       0.00006722 [kcal/mol]       0.00028125 [kJ/mol]

    Induction                      -1.17469645 [mEh]      -0.73713315 [kcal/mol]      -3.08416509 [kJ/mol]
      Ind20,r                      -1.20083442 [mEh]      -0.75353498 [kcal/mol]      -3.15279034 [kJ/mol]
      Exch-Ind20,r                  0.00009981 [mEh]       0.00006263 [kcal/mol]       0.00026206 [kJ/mol]
      delta HF,r (2)                0.02603816 [mEh]       0.01633919 [kcal/mol]       0.06836318 [kJ/mol]

    Dispersion                     -0.18330947 [mEh]      -0.11502843 [kcal/mol]      -0.48127895 [kJ/mol]
      Disp20                       -0.18333722 [mEh]      -0.11504584 [kcal/mol]      -0.48135181 [kJ/mol]
      Exch-Disp20                   0.00002775 [mEh]       0.00001741 [kcal/mol]       0.00007286 [kJ/mol]
      Disp20 (SS)                  -0.09166861 [mEh]      -0.05752292 [kcal/mol]      -0.24067591 [kJ/mol]
      Disp20 (OS)                  -0.09166861 [mEh]      -0.05752292 [kcal/mol]      -0.24067591 [kJ/mol]
      Exch-Disp20 (SS)              0.00001971 [mEh]       0.00001237 [kcal/mol]       0.00005175 [kJ/mol]
      Exch-Disp20 (OS)              0.00000804 [mEh]       0.00000505 [kcal/mol]       0.00002111 [kJ/mol]

  Total HF                         66.34774713 [mEh]      41.63383989 [kcal/mol]     174.19598608 [kJ/mol]
  Total SAPT0                      66.16443765 [mEh]      41.51881145 [kcal/mol]     173.71470713 [kJ/mol]

  Special recipe for scaled SAPT0 (see Manual):
    Electrostatics sSAPT0          67.52233645 [mEh]      42.37090581 [kcal/mol]     177.27986993 [kJ/mol]
    Exchange sSAPT0                 0.00010712 [mEh]       0.00006722 [kcal/mol]       0.00028125 [kJ/mol]
    Induction sSAPT0               -1.17469645 [mEh]      -0.73713315 [kcal/mol]      -3.08416509 [kJ/mol]
    Dispersion sSAPT0              -0.18330947 [mEh]      -0.11502843 [kcal/mol]      -0.48127895 [kJ/mol]
  Total sSAPT0                     66.16443765 [mEh]      41.51881145 [kcal/mol]     173.71470713 [kJ/mol]
  --------------------------------------------------------------------------------------------------------

*** tstop() called on aliaconda at Sun Mar 20 05:04:44 2022
Module time:
	user time   =     673.65 seconds =      11.23 minutes
	system time =     115.54 seconds =       1.93 minutes
	total time  =         49 seconds =       0.82 minutes
Total time:
	user time   =   37672.98 seconds =     627.88 minutes
	system time =    5186.51 seconds =      86.44 minutes
	total time  =       2467 seconds =      41.12 minutes


Warning! sapt0 does not have an associated derived wavefunction.The returned wavefunction is the dimer SCF wavefunction.


  Memory set to  74.506 GiB by Python driver.
  Threads set to 32 by Python driver.
