
Scratch directory: /tmp/

Scratch directory: /tmp/

  //>>>>>>>>>>>>>>>>>>>>>>>>>>>>>>>>>>>//
  //              Dimer HF             //
  //<<<<<<<<<<<<<<<<<<<<<<<<<<<<<<<<<<<//


*** tstart() called on aliaconda
*** at Sun Mar 20 06:14:21 2022

   => Loading Basis Set <=

    Name: JUN-CC-PVDZ
    Role: ORBITAL
    Keyword: BASIS
    atoms 1, 14                                          entry N          line   198 file /home/alia/anaconda3/envs/mddemo/share/psi4/basis/jun-cc-pvdz.gbs 
    atoms 2-4, 6, 8-10, 13, 15-17, 19, 21, 23, 25-27, 30 entry H          line    36 file /home/alia/anaconda3/envs/mddemo/share/psi4/basis/jun-cc-pvdz.gbs 
    atoms 5, 7, 11, 18, 20, 24, 28                       entry C          line   164 file /home/alia/anaconda3/envs/mddemo/share/psi4/basis/jun-cc-pvdz.gbs 
    atoms 12, 22, 29                                     entry O          line   232 file /home/alia/anaconda3/envs/mddemo/share/psi4/basis/jun-cc-pvdz.gbs 


         ---------------------------------------------------------
                                   SCF
               by Justin Turney, Rob Parrish, Andy Simmonett
                          and Daniel G. A. Smith
                              RHF Reference
                       32 Threads,  76293 MiB Core
         ---------------------------------------------------------

  ==> Geometry <==

    Molecular point group: c1
    Full point group: C1

    Geometry (in Angstrom), charge = 2, multiplicity = 1:

       Center              X                  Y                   Z               Mass       
    ------------   -----------------  -----------------  -----------------  -----------------
         N           -0.007608207608    -5.694331724814    -0.894570395172    14.003074004430
         H           -0.541608604336    -5.886331637076     0.168429807007     1.007825032230
         H           -1.007608207608    -5.624331553153    -1.560570284546     1.007825032230
         H            0.487391677951    -6.529331762961    -1.133570238770     1.007825032230
         C            0.745391574954    -4.438331682853    -0.903570219696    12.000000000000
         H            0.105391708469    -3.624331553153    -0.554570242584     1.007825032230
         C            1.993391481494    -4.585331518821    -0.004570528687    12.000000000000
         H            2.641391483402    -5.369331915549    -0.269570395172     1.007825032230
         H            1.614391532993    -4.918331701926     0.964429810821     1.007825032230
         H            2.647391525363    -3.657331545523     0.185429528534     1.007825032230
         C            1.071391550159    -4.284331877402    -2.317570492447    12.000000000000
         O            0.514391628360    -4.831331808738    -3.297570392311    15.994914619570
         H            1.906039682483    -3.606940825156    -2.551031157196     1.007825032230
         N            0.363391605472     2.307668607064     0.057429745971    14.003074004430
         H            0.138391700839     2.271668355294    -1.125570341767     1.007825032230
         H            0.573391643619     1.132668416330     0.194429829895     1.007825032230
         H            1.265391555881     2.862667958566     0.125429585754     1.007825032230
         C           -0.796608241940     2.997668187448     0.623429730713    12.000000000000
         H           -1.630608352566     2.307668607064     0.579429581939     1.007825032230
         C           -0.687608512784     3.478668134042     2.070429757416    12.000000000000
         H           -1.548608573819     4.045668523141     2.351429417907     1.007825032230
         O            0.371391502475     4.395667950937     2.331429436981    15.994914619570
         H            1.227391687488     3.936668317147     2.133429482757     1.007825032230
         C           -0.308608325864     2.201668660470     2.853429272949    12.000000000000
         H            0.538391796207     1.719668309518     2.447429612457     1.007825032230
         H           -1.183608325864     1.564668576547     2.828429654419     1.007825032230
         H           -0.016608508969     2.371668736764     3.857429936706     1.007825032230
         C           -1.121608528043     4.254668156930    -0.178570315064    12.000000000000
         O           -2.302608283902     4.441668431588    -0.420570418061    15.994914619570
         H           -0.339075836087     4.949424664804    -0.517622038544     1.007825032230

  Running in c1 symmetry.

  Rotational constants: A =      0.03968  B =      0.00481  C =      0.00451 [cm^-1]
  Rotational constants: A =   1189.72386  B =    144.11001  C =    135.23041 [MHz]
  Nuclear repulsion =  661.664006233309919

  Charge       = 2
  Multiplicity = 1
  Electrons    = 96
  Nalpha       = 48
  Nbeta        = 48

  ==> Algorithm <==

  SCF Algorithm Type is DF.
  DIIS enabled.
  MOM disabled.
  Fractional occupation disabled.
  Guess Type is SAD.
  Energy threshold   = 1.00e-08
  Density threshold  = 1.00e-08
  Integral threshold = 1.00e-12

  ==> Primary Basis <==

  Basis Set: JUN-CC-PVDZ
    Blend: JUN-CC-PVDZ
    Number of shells: 150
    Number of basis functions: 306
    Number of Cartesian functions: 318
    Spherical Harmonics?: true
    Max angular momentum: 2

   => Loading Basis Set <=

    Name: (JUN-CC-PVDZ AUX)
    Role: JKFIT
    Keyword: DF_BASIS_SCF
    atoms 1, 14                                          entry N          line   202 file /home/alia/anaconda3/envs/mddemo/share/psi4/basis/jun-cc-pvdz-jkfit.gbs 
    atoms 2-4, 6, 8-10, 13, 15-17, 19, 21, 23, 25-27, 30 entry H          line    70 file /home/alia/anaconda3/envs/mddemo/share/psi4/basis/jun-cc-pvdz-jkfit.gbs 
    atoms 5, 7, 11, 18, 20, 24, 28                       entry C          line   146 file /home/alia/anaconda3/envs/mddemo/share/psi4/basis/jun-cc-pvdz-jkfit.gbs 
    atoms 12, 22, 29                                     entry O          line   258 file /home/alia/anaconda3/envs/mddemo/share/psi4/basis/jun-cc-pvdz-jkfit.gbs 

  ==> Integral Setup <==

  ==> DiskDFJK: Density-Fitted J/K Matrices <==

    J tasked:                  Yes
    K tasked:                  Yes
    wK tasked:                  No
    OpenMP threads:             32
    Integrals threads:          32
    Memory [MiB]:            57220
    Algorithm:                Core
    Integral Cache:           SAVE
    Schwarz Cutoff:          1E-12
    Fitting Condition:       1E-10

   => Auxiliary Basis Set <=

  Basis Set: (JUN-CC-PVDZ AUX)
    Blend: JUN-CC-PVDZ-JKFIT
    Number of shells: 486
    Number of basis functions: 1362
    Number of Cartesian functions: 1542
    Spherical Harmonics?: true
    Max angular momentum: 3

  Minimum eigenvalue in the overlap matrix is 6.5044814353E-05.
  Reciprocal condition number of the overlap matrix is 5.5925218967E-06.
    Using symmetric orthogonalization.

  ==> Pre-Iterations <==

  SCF Guess: Superposition of Atomic Densities via on-the-fly atomic UHF (no occupation information).

   -------------------------
    Irrep   Nso     Nmo    
   -------------------------
     A        306     306 
   -------------------------
    Total     306     306
   -------------------------

  ==> Iterations <==

                           Total Energy        Delta E     RMS |[F,P]|

   @DF-RHF iter SAD:  -607.46683303916109   -6.07467e+02   0.00000e+00 
   @DF-RHF iter   1:  -607.93672389562732   -4.69891e-01   2.83176e-03 DIIS
   @DF-RHF iter   2:  -608.26453637037969   -3.27812e-01   1.78043e-03 DIIS
   @DF-RHF iter   3:  -608.37540025730493   -1.10864e-01   4.03221e-04 DIIS
   @DF-RHF iter   4:  -608.38451054154791   -9.11028e-03   1.47823e-04 DIIS
   @DF-RHF iter   5:  -608.38579616244999   -1.28562e-03   3.46023e-05 DIIS
   @DF-RHF iter   6:  -608.38592122158866   -1.25059e-04   1.72962e-05 DIIS
   @DF-RHF iter   7:  -608.38594988114767   -2.86596e-05   7.60451e-06 DIIS
   @DF-RHF iter   8:  -608.38595683351991   -6.95237e-06   3.15198e-06 DIIS
   @DF-RHF iter   9:  -608.38595797224991   -1.13873e-06   1.09724e-06 DIIS
   @DF-RHF iter  10:  -608.38595809678145   -1.24532e-07   4.18566e-07 DIIS
   @DF-RHF iter  11:  -608.38595811348716   -1.67057e-08   1.47364e-07 DIIS
   @DF-RHF iter  12:  -608.38595811713196   -3.64480e-09   7.08097e-08 DIIS
   @DF-RHF iter  13:  -608.38595811825337   -1.12141e-09   3.83813e-08 DIIS
   @DF-RHF iter  14:  -608.38595811874598   -4.92605e-10   1.81333e-08 DIIS
   @DF-RHF iter  15:  -608.38595811885079   -1.04819e-10   6.16413e-09 DIIS
  Energy and wave function converged.


  ==> Post-Iterations <==

    Orbital Energies [Eh]
    ---------------------

    Doubly Occupied:                                                      

       1A    -20.831034     2A    -20.802906     3A    -20.798937  
       4A    -16.018811     5A    -15.996609     6A    -11.600621  
       7A    -11.590289     8A    -11.578401     9A    -11.560203  
      10A    -11.534767    11A    -11.508634    12A    -11.449467  
      13A     -1.640465    14A     -1.628801    15A     -1.601213  
      16A     -1.567056    17A     -1.566200    18A     -1.330960  
      19A     -1.308965    20A     -1.218227    21A     -1.194350  
      22A     -1.091423    23A     -1.091321    24A     -1.078853  
      25A     -1.027154    26A     -1.023556    27A     -0.985185  
      28A     -0.979299    29A     -0.963884    30A     -0.957669  
      31A     -0.901479    32A     -0.890320    33A     -0.877813  
      34A     -0.875761    35A     -0.867511    36A     -0.832280  
      37A     -0.825644    38A     -0.824285    39A     -0.807081  
      40A     -0.800385    41A     -0.786872    42A     -0.766034  
      43A     -0.747868    44A     -0.744198    45A     -0.725299  
      46A     -0.692822    47A     -0.685042    48A     -0.644134  

    Virtual:                                                              

      49A     -0.219138    50A     -0.190813    51A     -0.167311  
      52A     -0.155578    53A     -0.144853    54A     -0.133291  
      55A     -0.130045    56A     -0.125709    57A     -0.118267  
      58A     -0.114884    59A     -0.103434    60A     -0.098777  
      61A     -0.091610    62A     -0.087715    63A     -0.082364  
      64A     -0.076482    65A     -0.074085    66A     -0.070497  
      67A     -0.068294    68A     -0.065420    69A     -0.053347  
      70A     -0.046993    71A     -0.045056    72A     -0.039182  
      73A     -0.039033    74A     -0.032589    75A     -0.027496  
      76A     -0.023315    77A     -0.020398    78A     -0.012225  
      79A     -0.010259    80A     -0.005282    81A      0.001512  
      82A      0.017719    83A      0.026071    84A      0.029469  
      85A      0.033513    86A      0.036167    87A      0.038359  
      88A      0.045950    89A      0.054302    90A      0.056265  
      91A      0.066197    92A      0.077572    93A      0.081807  
      94A      0.085642    95A      0.089682    96A      0.092657  
      97A      0.097812    98A      0.105993    99A      0.112969  
     100A      0.117930   101A      0.122454   102A      0.129867  
     103A      0.140323   104A      0.145598   105A      0.152415  
     106A      0.157450   107A      0.160140   108A      0.167213  
     109A      0.167857   110A      0.177073   111A      0.192992  
     112A      0.197273   113A      0.203141   114A      0.212563  
     115A      0.219969   116A      0.227270   117A      0.235641  
     118A      0.240343   119A      0.258460   120A      0.261379  
     121A      0.283836   122A      0.288526   123A      0.321599  
     124A      0.335035   125A      0.347171   126A      0.373236  
     127A      0.442874   128A      0.464746   129A      0.475214  
     130A      0.502823   131A      0.508480   132A      0.520939  
     133A      0.536455   134A      0.540220   135A      0.549527  
     136A      0.561857   137A      0.565012   138A      0.572238  
     139A      0.577974   140A      0.590005   141A      0.611567  
     142A      0.617129   143A      0.625485   144A      0.638678  
     145A      0.645353   146A      0.650357   147A      0.665782  
     148A      0.680921   149A      0.681892   150A      0.686488  
     151A      0.696031   152A      0.707006   153A      0.710939  
     154A      0.711542   155A      0.721707   156A      0.723722  
     157A      0.736042   158A      0.754013   159A      0.758539  
     160A      0.764596   161A      0.785366   162A      0.798298  
     163A      0.811168   164A      0.812628   165A      0.829805  
     166A      0.842778   167A      0.848393   168A      0.868382  
     169A      0.881337   170A      0.884170   171A      0.890621  
     172A      0.915184   173A      0.938331   174A      0.951246  
     175A      0.962223   176A      1.014994   177A      1.024072  
     178A      1.069401   179A      1.085881   180A      1.094771  
     181A      1.131715   182A      1.138399   183A      1.139780  
     184A      1.187247   185A      1.201459   186A      1.224501  
     187A      1.227146   188A      1.251516   189A      1.263047  
     190A      1.267223   191A      1.272233   192A      1.283636  
     193A      1.295636   194A      1.308092   195A      1.309555  
     196A      1.325781   197A      1.337012   198A      1.342791  
     199A      1.370804   200A      1.378175   201A      1.385653  
     202A      1.426891   203A      1.436009   204A      1.437179  
     205A      1.449568   206A      1.479385   207A      1.480804  
     208A      1.485090   209A      1.542120   210A      1.549048  
     211A      1.554685   212A      1.587530   213A      1.588750  
     214A      1.611437   215A      1.618975   216A      1.640624  
     217A      1.647378   218A      1.651457   219A      1.655487  
     220A      1.660061   221A      1.676131   222A      1.685167  
     223A      1.693712   224A      1.703551   225A      1.711359  
     226A      1.715243   227A      1.721855   228A      1.752069  
     229A      1.765225   230A      1.776205   231A      1.777048  
     232A      1.782230   233A      1.792714   234A      1.804633  
     235A      1.814756   236A      1.831868   237A      1.839110  
     238A      1.856529   239A      1.858961   240A      1.876411  
     241A      1.896367   242A      1.897596   243A      1.918763  
     244A      1.921524   245A      1.946507   246A      1.962521  
     247A      2.004714   248A      2.010460   249A      2.042780  
     250A      2.056760   251A      2.079355   252A      2.091835  
     253A      2.095887   254A      2.105363   255A      2.128996  
     256A      2.158850   257A      2.163970   258A      2.183748  
     259A      2.204121   260A      2.217137   261A      2.243704  
     262A      2.260844   263A      2.284337   264A      2.330052  
     265A      2.337025   266A      2.350015   267A      2.360843  
     268A      2.388700   269A      2.400866   270A      2.421878  
     271A      2.425936   272A      2.444341   273A      2.460851  
     274A      2.520390   275A      2.524833   276A      2.565047  
     277A      2.579103   278A      2.607175   279A      2.631275  
     280A      2.638108   281A      2.663370   282A      2.679814  
     283A      2.713793   284A      2.721015   285A      2.755293  
     286A      2.756396   287A      2.817050   288A      2.829128  
     289A      2.840410   290A      2.898024   291A      2.913421  
     292A      2.951252   293A      2.981137   294A      3.017739  
     295A      3.080358   296A      3.082417   297A      3.177838  
     298A      3.195544   299A      3.234535   300A      3.245693  
     301A      3.447079   302A      3.487398   303A      3.532967  
     304A      3.681092   305A      3.757397   306A      3.882233  

    Final Occupation by Irrep:
              A 
    DOCC [    48 ]

  @DF-RHF Final Energy:  -608.38595811885079

   => Energetics <=

    Nuclear Repulsion Energy =            661.6640062333099195
    One-Electron Energy =               -2116.4597494045497115
    Two-Electron Energy =                 846.4097850523889974
    Total Energy =                       -608.3859581188507946

Computation Completed


Properties will be evaluated at   0.000000,   0.000000,   0.000000 [a0]

Properties computed using the SCF density matrix

  Nuclear Dipole Moment: [e a0]
     X:     6.4394      Y:   -11.2710      Z:     7.6110

  Electronic Dipole Moment: [e a0]
     X:    -4.4270      Y:     5.1760      Z:    -7.5974

  Dipole Moment: [e a0]
     X:     2.0123      Y:    -6.0950      Z:     0.0136     Total:     6.4186

  Dipole Moment: [D]
     X:     5.1148      Y:   -15.4920      Z:     0.0346     Total:    16.3145


*** tstop() called on aliaconda at Sun Mar 20 06:14:36 2022
Module time:
	user time   =     324.35 seconds =       5.41 minutes
	system time =      38.67 seconds =       0.64 minutes
	total time  =         15 seconds =       0.25 minutes
Total time:
	user time   =  108752.41 seconds =    1812.54 minutes
	system time =   15220.40 seconds =     253.67 minutes
	total time  =       6659 seconds =     110.98 minutes

  //>>>>>>>>>>>>>>>>>>>>>>>>>>>>>>>>>>>//
  //            Monomer A HF           //
  //<<<<<<<<<<<<<<<<<<<<<<<<<<<<<<<<<<<//


*** tstart() called on aliaconda
*** at Sun Mar 20 06:14:36 2022

   => Loading Basis Set <=

    Name: JUN-CC-PVDZ
    Role: ORBITAL
    Keyword: BASIS
    atoms 1, 14                                          entry N          line   198 file /home/alia/anaconda3/envs/mddemo/share/psi4/basis/jun-cc-pvdz.gbs 
    atoms 2-4, 6, 8-10, 13, 15-17, 19, 21, 23, 25-27, 30 entry H          line    36 file /home/alia/anaconda3/envs/mddemo/share/psi4/basis/jun-cc-pvdz.gbs 
    atoms 5, 7, 11, 18, 20, 24, 28                       entry C          line   164 file /home/alia/anaconda3/envs/mddemo/share/psi4/basis/jun-cc-pvdz.gbs 
    atoms 12, 22, 29                                     entry O          line   232 file /home/alia/anaconda3/envs/mddemo/share/psi4/basis/jun-cc-pvdz.gbs 


         ---------------------------------------------------------
                                   SCF
               by Justin Turney, Rob Parrish, Andy Simmonett
                          and Daniel G. A. Smith
                              RHF Reference
                       32 Threads,  76293 MiB Core
         ---------------------------------------------------------

  ==> Geometry <==

    Molecular point group: c1
    Full point group: C1

    Geometry (in Angstrom), charge = 1, multiplicity = 1:

       Center              X                  Y                   Z               Mass       
    ------------   -----------------  -----------------  -----------------  -----------------
         N           -0.007608207608    -5.694331724814    -0.894570395172    14.003074004430
         H           -0.541608604336    -5.886331637076     0.168429807007     1.007825032230
         H           -1.007608207608    -5.624331553153    -1.560570284546     1.007825032230
         H            0.487391677951    -6.529331762961    -1.133570238770     1.007825032230
         C            0.745391574954    -4.438331682853    -0.903570219696    12.000000000000
         H            0.105391708469    -3.624331553153    -0.554570242584     1.007825032230
         C            1.993391481494    -4.585331518821    -0.004570528687    12.000000000000
         H            2.641391483402    -5.369331915549    -0.269570395172     1.007825032230
         H            1.614391532993    -4.918331701926     0.964429810821     1.007825032230
         H            2.647391525363    -3.657331545523     0.185429528534     1.007825032230
         C            1.071391550159    -4.284331877402    -2.317570492447    12.000000000000
         O            0.514391628360    -4.831331808738    -3.297570392311    15.994914619570
         H            1.906039682483    -3.606940825156    -2.551031157196     1.007825032230
      Gh(N)           0.363391605472     2.307668607064     0.057429745971    14.003074004430
      Gh(H)           0.138391700839     2.271668355294    -1.125570341767     1.007825032230
      Gh(H)           0.573391643619     1.132668416330     0.194429829895     1.007825032230
      Gh(H)           1.265391555881     2.862667958566     0.125429585754     1.007825032230
      Gh(C)          -0.796608241940     2.997668187448     0.623429730713    12.000000000000
      Gh(H)          -1.630608352566     2.307668607064     0.579429581939     1.007825032230
      Gh(C)          -0.687608512784     3.478668134042     2.070429757416    12.000000000000
      Gh(H)          -1.548608573819     4.045668523141     2.351429417907     1.007825032230
      Gh(O)           0.371391502475     4.395667950937     2.331429436981    15.994914619570
      Gh(H)           1.227391687488     3.936668317147     2.133429482757     1.007825032230
      Gh(C)          -0.308608325864     2.201668660470     2.853429272949    12.000000000000
      Gh(H)           0.538391796207     1.719668309518     2.447429612457     1.007825032230
      Gh(H)          -1.183608325864     1.564668576547     2.828429654419     1.007825032230
      Gh(H)          -0.016608508969     2.371668736764     3.857429936706     1.007825032230
      Gh(C)          -1.121608528043     4.254668156930    -0.178570315064    12.000000000000
      Gh(O)          -2.302608283902     4.441668431588    -0.420570418061    15.994914619570
      Gh(H)          -0.339075836087     4.949424664804    -0.517622038544     1.007825032230

  Running in c1 symmetry.

  Rotational constants: A =      0.03968  B =      0.00481  C =      0.00451 [cm^-1]
  Rotational constants: A =   1189.72386  B =    144.11001  C =    135.23041 [MHz]
  Nuclear repulsion =  187.598250811703338

  Charge       = 1
  Multiplicity = 1
  Electrons    = 40
  Nalpha       = 20
  Nbeta        = 20

  ==> Algorithm <==

  SCF Algorithm Type is DF.
  DIIS enabled.
  MOM disabled.
  Fractional occupation disabled.
  Guess Type is SAD.
  Energy threshold   = 1.00e-08
  Density threshold  = 1.00e-08
  Integral threshold = 1.00e-12

  ==> Primary Basis <==

  Basis Set: JUN-CC-PVDZ
    Blend: JUN-CC-PVDZ
    Number of shells: 150
    Number of basis functions: 306
    Number of Cartesian functions: 318
    Spherical Harmonics?: true
    Max angular momentum: 2

   => Loading Basis Set <=

    Name: (JUN-CC-PVDZ AUX)
    Role: JKFIT
    Keyword: DF_BASIS_SCF
    atoms 1, 14                                          entry N          line   202 file /home/alia/anaconda3/envs/mddemo/share/psi4/basis/jun-cc-pvdz-jkfit.gbs 
    atoms 2-4, 6, 8-10, 13, 15-17, 19, 21, 23, 25-27, 30 entry H          line    70 file /home/alia/anaconda3/envs/mddemo/share/psi4/basis/jun-cc-pvdz-jkfit.gbs 
    atoms 5, 7, 11, 18, 20, 24, 28                       entry C          line   146 file /home/alia/anaconda3/envs/mddemo/share/psi4/basis/jun-cc-pvdz-jkfit.gbs 
    atoms 12, 22, 29                                     entry O          line   258 file /home/alia/anaconda3/envs/mddemo/share/psi4/basis/jun-cc-pvdz-jkfit.gbs 

  ==> Integral Setup <==

  ==> DiskDFJK: Density-Fitted J/K Matrices <==

    J tasked:                  Yes
    K tasked:                  Yes
    wK tasked:                  No
    OpenMP threads:             32
    Integrals threads:          32
    Memory [MiB]:            57220
    Algorithm:                Core
    Integral Cache:           LOAD
    Schwarz Cutoff:          1E-12
    Fitting Condition:       1E-10

   => Auxiliary Basis Set <=

  Basis Set: (JUN-CC-PVDZ AUX)
    Blend: JUN-CC-PVDZ-JKFIT
    Number of shells: 486
    Number of basis functions: 1362
    Number of Cartesian functions: 1542
    Spherical Harmonics?: true
    Max angular momentum: 3

  Minimum eigenvalue in the overlap matrix is 6.5044814353E-05.
  Reciprocal condition number of the overlap matrix is 5.5925218967E-06.
    Using symmetric orthogonalization.

  ==> Pre-Iterations <==

  SCF Guess: Superposition of Atomic Densities via on-the-fly atomic UHF (no occupation information).

   -------------------------
    Irrep   Nso     Nmo    
   -------------------------
     A        306     306 
   -------------------------
    Total     306     306
   -------------------------

  ==> Iterations <==

                           Total Energy        Delta E     RMS |[F,P]|

   @DF-RHF iter SAD:  -246.79488498401267   -2.46795e+02   0.00000e+00 
   @DF-RHF iter   1:  -247.12052712035018   -3.25642e-01   1.73458e-03 DIIS
   @DF-RHF iter   2:  -247.24788818515418   -1.27361e-01   1.07853e-03 DIIS
   @DF-RHF iter   3:  -247.28876436493016   -4.08762e-02   2.61602e-04 DIIS
   @DF-RHF iter   4:  -247.29264932323082   -3.88496e-03   8.93195e-05 DIIS
   @DF-RHF iter   5:  -247.29315699815507   -5.07675e-04   2.02218e-05 DIIS
   @DF-RHF iter   6:  -247.29320876969695   -5.17715e-05   9.11539e-06 DIIS
   @DF-RHF iter   7:  -247.29321790717091   -9.13747e-06   4.48665e-06 DIIS
   @DF-RHF iter   8:  -247.29322040362297   -2.49645e-06   1.59092e-06 DIIS
   @DF-RHF iter   9:  -247.29322073177821   -3.28155e-07   3.69912e-07 DIIS
   @DF-RHF iter  10:  -247.29322074767555   -1.58973e-08   1.14798e-07 DIIS
   @DF-RHF iter  11:  -247.29322074915615   -1.48060e-09   2.43070e-08 DIIS
   @DF-RHF iter  12:  -247.29322074921697   -6.08225e-11   5.79368e-09 DIIS
  Energy and wave function converged.


  ==> Post-Iterations <==

    Orbital Energies [Eh]
    ---------------------

    Doubly Occupied:                                                      

       1A    -20.757280     2A    -15.927930     3A    -11.527279  
       4A    -11.514244     5A    -11.433799     6A     -1.567914  
       7A     -1.496742     8A     -1.256920     9A     -1.120053  
      10A     -1.018582    11A     -0.952547    12A     -0.914110  
      13A     -0.883476    14A     -0.817014    15A     -0.804058  
      16A     -0.751616    17A     -0.731298    18A     -0.725987  
      19A     -0.675525    20A     -0.619383  

    Virtual:                                                              

      21A     -0.121262    22A     -0.075592    23A     -0.071940  
      24A     -0.060447    25A     -0.053209    26A     -0.033793  
      27A     -0.030235    28A     -0.026423    29A     -0.015325  
      30A     -0.010772    31A     -0.001955    32A      0.002171  
      33A      0.005811    34A      0.012154    35A      0.019479  
      36A      0.025274    37A      0.027181    38A      0.032639  
      39A      0.040837    40A      0.046575    41A      0.047572  
      42A      0.051678    43A      0.063241    44A      0.069765  
      45A      0.071740    46A      0.083602    47A      0.085556  
      48A      0.089192    49A      0.093747    50A      0.100752  
      51A      0.108401    52A      0.111216    53A      0.113922  
      54A      0.125487    55A      0.133532    56A      0.140121  
      57A      0.144397    58A      0.150760    59A      0.154581  
      60A      0.157222    61A      0.160035    62A      0.164412  
      63A      0.169625    64A      0.174639    65A      0.187487  
      66A      0.189962    67A      0.201932    68A      0.208908  
      69A      0.220297    70A      0.226470    71A      0.235884  
      72A      0.237630    73A      0.242369    74A      0.246276  
      75A      0.249945    76A      0.264458    77A      0.278982  
      78A      0.288553    79A      0.299153    80A      0.315924  
      81A      0.319378    82A      0.321854    83A      0.343968  
      84A      0.353050    85A      0.354448    86A      0.364298  
      87A      0.375910    88A      0.389455    89A      0.394617  
      90A      0.419954    91A      0.439239    92A      0.454219  
      93A      0.474205    94A      0.485771    95A      0.504964  
      96A      0.517799    97A      0.534886    98A      0.539672  
      99A      0.541676   100A      0.553396   101A      0.568536  
     102A      0.581553   103A      0.584189   104A      0.594158  
     105A      0.619920   106A      0.620509   107A      0.636620  
     108A      0.648218   109A      0.653448   110A      0.667526  
     111A      0.671275   112A      0.690689   113A      0.692770  
     114A      0.703619   115A      0.713113   116A      0.735348  
     117A      0.738556   118A      0.747846   119A      0.757967  
     120A      0.769191   121A      0.773448   122A      0.782952  
     123A      0.796578   124A      0.811078   125A      0.830508  
     126A      0.834840   127A      0.881887   128A      0.890776  
     129A      0.899193   130A      0.916881   131A      0.927763  
     132A      0.937913   133A      0.952374   134A      0.954429  
     135A      0.962946   136A      0.969535   137A      0.983275  
     138A      1.022806   139A      1.041389   140A      1.098496  
     141A      1.140443   142A      1.143044   143A      1.167596  
     144A      1.211520   145A      1.220822   146A      1.299064  
     147A      1.323580   148A      1.335733   149A      1.339527  
     150A      1.380303   151A      1.408065   152A      1.440693  
     153A      1.500174   154A      1.505698   155A      1.513275  
     156A      1.540198   157A      1.554866   158A      1.555343  
     159A      1.603115   160A      1.627533   161A      1.631850  
     162A      1.651688   163A      1.658447   164A      1.662132  
     165A      1.686166   166A      1.697583   167A      1.706199  
     168A      1.718001   169A      1.723173   170A      1.730348  
     171A      1.731862   172A      1.735351   173A      1.750711  
     174A      1.776782   175A      1.778954   176A      1.796137  
     177A      1.799776   178A      1.827226   179A      1.839001  
     180A      1.849305   181A      1.853213   182A      1.867170  
     183A      1.868732   184A      1.891137   185A      1.904791  
     186A      1.911652   187A      1.917004   188A      1.926904  
     189A      1.928970   190A      1.958261   191A      1.971069  
     192A      1.989967   193A      2.001584   194A      2.016102  
     195A      2.017434   196A      2.031692   197A      2.037436  
     198A      2.045728   199A      2.051650   200A      2.074606  
     201A      2.076975   202A      2.125463   203A      2.133944  
     204A      2.145166   205A      2.154842   206A      2.166197  
     207A      2.174741   208A      2.199311   209A      2.226598  
     210A      2.236049   211A      2.238948   212A      2.256613  
     213A      2.257147   214A      2.291546   215A      2.318099  
     216A      2.330656   217A      2.342735   218A      2.357020  
     219A      2.361116   220A      2.397763   221A      2.408421  
     222A      2.415158   223A      2.442677   224A      2.459540  
     225A      2.477776   226A      2.485349   227A      2.499595  
     228A      2.527960   229A      2.534839   230A      2.540183  
     231A      2.567632   232A      2.598722   233A      2.600141  
     234A      2.638258   235A      2.640833   236A      2.662531  
     237A      2.680349   238A      2.705454   239A      2.711195  
     240A      2.737903   241A      2.752262   242A      2.779591  
     243A      2.803268   244A      2.829002   245A      2.844025  
     246A      2.872727   247A      2.898105   248A      2.902556  
     249A      2.933947   250A      2.957135   251A      2.983965  
     252A      3.007425   253A      3.024044   254A      3.052639  
     255A      3.092695   256A      3.151876   257A      3.206056  
     258A      3.208028   259A      3.267545   260A      3.268627  
     261A      3.312477   262A      3.401992   263A      3.452333  
     264A      3.467567   265A      3.519660   266A      3.520660  
     267A      3.579097   268A      3.665747   269A      3.753324  
     270A      3.769398   271A      3.914820   272A      4.025590  
     273A      4.081449   274A      4.188662   275A      4.258513  
     276A      4.319830   277A      4.417809   278A      4.522263  
     279A      4.538719   280A      4.644616   281A      4.658200  
     282A      4.678816   283A      4.802566   284A      4.810927  
     285A      4.913347   286A      5.016196   287A      5.047358  
     288A      5.107524   289A      5.189022   290A      5.230727  
     291A      5.327889   292A      5.488088   293A      5.530584  
     294A      5.578999   295A      5.641845   296A      5.782225  
     297A      5.992209   298A      6.623922   299A      6.720306  
     300A     18.151517   301A     18.322620   302A     18.437448  
     303A     18.590268   304A     25.304365   305A     33.442036  
     306A     33.460263  

    Final Occupation by Irrep:
              A 
    DOCC [    20 ]

  @DF-RHF Final Energy:  -247.29322074921697

   => Energetics <=

    Nuclear Repulsion Energy =            187.5982508117033376
    One-Electron Energy =                -698.7914353958313995
    Two-Electron Energy =                 263.8999638349110910
    Total Energy =                       -247.2932207492169709

Computation Completed


Properties will be evaluated at   0.000000,   0.000000,   0.000000 [a0]

Properties computed using the SCF density matrix

  Nuclear Dipole Moment: [e a0]
     X:    65.7166      Y:  -373.3630      Z:  -107.2379

  Electronic Dipole Moment: [e a0]
     X:   -64.9631      Y:   363.5706      Z:   106.7677

  Dipole Moment: [e a0]
     X:     0.7535      Y:    -9.7924      Z:    -0.4702     Total:     9.8326

  Dipole Moment: [D]
     X:     1.9152      Y:   -24.8898      Z:    -1.1952     Total:    24.9919


*** tstop() called on aliaconda at Sun Mar 20 06:14:44 2022
Module time:
	user time   =     178.75 seconds =       2.98 minutes
	system time =      18.44 seconds =       0.31 minutes
	total time  =          8 seconds =       0.13 minutes
Total time:
	user time   =  108931.30 seconds =    1815.52 minutes
	system time =   15238.87 seconds =     253.98 minutes
	total time  =       6667 seconds =     111.12 minutes

  //>>>>>>>>>>>>>>>>>>>>>>>>>>>>>>>>>>>//
  //            Monomer B HF           //
  //<<<<<<<<<<<<<<<<<<<<<<<<<<<<<<<<<<<//


*** tstart() called on aliaconda
*** at Sun Mar 20 06:14:44 2022

   => Loading Basis Set <=

    Name: JUN-CC-PVDZ
    Role: ORBITAL
    Keyword: BASIS
    atoms 1, 14                                          entry N          line   198 file /home/alia/anaconda3/envs/mddemo/share/psi4/basis/jun-cc-pvdz.gbs 
    atoms 2-4, 6, 8-10, 13, 15-17, 19, 21, 23, 25-27, 30 entry H          line    36 file /home/alia/anaconda3/envs/mddemo/share/psi4/basis/jun-cc-pvdz.gbs 
    atoms 5, 7, 11, 18, 20, 24, 28                       entry C          line   164 file /home/alia/anaconda3/envs/mddemo/share/psi4/basis/jun-cc-pvdz.gbs 
    atoms 12, 22, 29                                     entry O          line   232 file /home/alia/anaconda3/envs/mddemo/share/psi4/basis/jun-cc-pvdz.gbs 


         ---------------------------------------------------------
                                   SCF
               by Justin Turney, Rob Parrish, Andy Simmonett
                          and Daniel G. A. Smith
                              RHF Reference
                       32 Threads,  76293 MiB Core
         ---------------------------------------------------------

  ==> Geometry <==

    Molecular point group: c1
    Full point group: C1

    Geometry (in Angstrom), charge = 1, multiplicity = 1:

       Center              X                  Y                   Z               Mass       
    ------------   -----------------  -----------------  -----------------  -----------------
      Gh(N)          -0.007608207608    -5.694331724814    -0.894570395172    14.003074004430
      Gh(H)          -0.541608604336    -5.886331637076     0.168429807007     1.007825032230
      Gh(H)          -1.007608207608    -5.624331553153    -1.560570284546     1.007825032230
      Gh(H)           0.487391677951    -6.529331762961    -1.133570238770     1.007825032230
      Gh(C)           0.745391574954    -4.438331682853    -0.903570219696    12.000000000000
      Gh(H)           0.105391708469    -3.624331553153    -0.554570242584     1.007825032230
      Gh(C)           1.993391481494    -4.585331518821    -0.004570528687    12.000000000000
      Gh(H)           2.641391483402    -5.369331915549    -0.269570395172     1.007825032230
      Gh(H)           1.614391532993    -4.918331701926     0.964429810821     1.007825032230
      Gh(H)           2.647391525363    -3.657331545523     0.185429528534     1.007825032230
      Gh(C)           1.071391550159    -4.284331877402    -2.317570492447    12.000000000000
      Gh(O)           0.514391628360    -4.831331808738    -3.297570392311    15.994914619570
      Gh(H)           1.906039682483    -3.606940825156    -2.551031157196     1.007825032230
         N            0.363391605472     2.307668607064     0.057429745971    14.003074004430
         H            0.138391700839     2.271668355294    -1.125570341767     1.007825032230
         H            0.573391643619     1.132668416330     0.194429829895     1.007825032230
         H            1.265391555881     2.862667958566     0.125429585754     1.007825032230
         C           -0.796608241940     2.997668187448     0.623429730713    12.000000000000
         H           -1.630608352566     2.307668607064     0.579429581939     1.007825032230
         C           -0.687608512784     3.478668134042     2.070429757416    12.000000000000
         H           -1.548608573819     4.045668523141     2.351429417907     1.007825032230
         O            0.371391502475     4.395667950937     2.331429436981    15.994914619570
         H            1.227391687488     3.936668317147     2.133429482757     1.007825032230
         C           -0.308608325864     2.201668660470     2.853429272949    12.000000000000
         H            0.538391796207     1.719668309518     2.447429612457     1.007825032230
         H           -1.183608325864     1.564668576547     2.828429654419     1.007825032230
         H           -0.016608508969     2.371668736764     3.857429936706     1.007825032230
         C           -1.121608528043     4.254668156930    -0.178570315064    12.000000000000
         O           -2.302608283902     4.441668431588    -0.420570418061    15.994914619570
         H           -0.339075836087     4.949424664804    -0.517622038544     1.007825032230

  Running in c1 symmetry.

  Rotational constants: A =      0.03968  B =      0.00481  C =      0.00451 [cm^-1]
  Rotational constants: A =   1189.72386  B =    144.11001  C =    135.23041 [MHz]
  Nuclear repulsion =  332.995240813723171

  Charge       = 1
  Multiplicity = 1
  Electrons    = 56
  Nalpha       = 28
  Nbeta        = 28

  ==> Algorithm <==

  SCF Algorithm Type is DF.
  DIIS enabled.
  MOM disabled.
  Fractional occupation disabled.
  Guess Type is SAD.
  Energy threshold   = 1.00e-08
  Density threshold  = 1.00e-08
  Integral threshold = 1.00e-12

  ==> Primary Basis <==

  Basis Set: JUN-CC-PVDZ
    Blend: JUN-CC-PVDZ
    Number of shells: 150
    Number of basis functions: 306
    Number of Cartesian functions: 318
    Spherical Harmonics?: true
    Max angular momentum: 2

   => Loading Basis Set <=

    Name: (JUN-CC-PVDZ AUX)
    Role: JKFIT
    Keyword: DF_BASIS_SCF
    atoms 1, 14                                          entry N          line   202 file /home/alia/anaconda3/envs/mddemo/share/psi4/basis/jun-cc-pvdz-jkfit.gbs 
    atoms 2-4, 6, 8-10, 13, 15-17, 19, 21, 23, 25-27, 30 entry H          line    70 file /home/alia/anaconda3/envs/mddemo/share/psi4/basis/jun-cc-pvdz-jkfit.gbs 
    atoms 5, 7, 11, 18, 20, 24, 28                       entry C          line   146 file /home/alia/anaconda3/envs/mddemo/share/psi4/basis/jun-cc-pvdz-jkfit.gbs 
    atoms 12, 22, 29                                     entry O          line   258 file /home/alia/anaconda3/envs/mddemo/share/psi4/basis/jun-cc-pvdz-jkfit.gbs 

  ==> Integral Setup <==

  ==> DiskDFJK: Density-Fitted J/K Matrices <==

    J tasked:                  Yes
    K tasked:                  Yes
    wK tasked:                  No
    OpenMP threads:             32
    Integrals threads:          32
    Memory [MiB]:            57220
    Algorithm:                Core
    Integral Cache:           LOAD
    Schwarz Cutoff:          1E-12
    Fitting Condition:       1E-10

   => Auxiliary Basis Set <=

  Basis Set: (JUN-CC-PVDZ AUX)
    Blend: JUN-CC-PVDZ-JKFIT
    Number of shells: 486
    Number of basis functions: 1362
    Number of Cartesian functions: 1542
    Spherical Harmonics?: true
    Max angular momentum: 3

  Minimum eigenvalue in the overlap matrix is 6.5044814353E-05.
  Reciprocal condition number of the overlap matrix is 5.5925218967E-06.
    Using symmetric orthogonalization.

  ==> Pre-Iterations <==

  SCF Guess: Superposition of Atomic Densities via on-the-fly atomic UHF (no occupation information).

   -------------------------
    Irrep   Nso     Nmo    
   -------------------------
     A        306     306 
   -------------------------
    Total     306     306
   -------------------------

  ==> Iterations <==

                           Total Energy        Delta E     RMS |[F,P]|

   @DF-RHF iter SAD:  -360.67189497298756   -3.60672e+02   0.00000e+00 
   @DF-RHF iter   1:  -360.89649870065563   -2.24604e-01   2.21640e-03 DIIS
   @DF-RHF iter   2:  -361.09380507994462   -1.97306e-01   1.37553e-03 DIIS
   @DF-RHF iter   3:  -361.15977067005514   -6.59656e-02   3.01439e-04 DIIS
   @DF-RHF iter   4:  -361.16478207014239   -5.01140e-03   1.12787e-04 DIIS
   @DF-RHF iter   5:  -361.16549538471378   -7.13315e-04   2.60929e-05 DIIS
   @DF-RHF iter   6:  -361.16556021129293   -6.48266e-05   1.24480e-05 DIIS
   @DF-RHF iter   7:  -361.16557477916547   -1.45679e-05   5.15267e-06 DIIS
   @DF-RHF iter   8:  -361.16557795161305   -3.17245e-06   2.11404e-06 DIIS
   @DF-RHF iter   9:  -361.16557850862210   -5.57009e-07   5.96244e-07 DIIS
   @DF-RHF iter  10:  -361.16557856154549   -5.29234e-08   2.07366e-07 DIIS
   @DF-RHF iter  11:  -361.16557856897168   -7.42619e-09   9.12031e-08 DIIS
   @DF-RHF iter  12:  -361.16557857077498   -1.80330e-09   4.97598e-08 DIIS
   @DF-RHF iter  13:  -361.16557857150070   -7.25720e-10   2.60315e-08 DIIS
   @DF-RHF iter  14:  -361.16557857173177   -2.31068e-10   8.80179e-09 DIIS
  Energy and wave function converged.


  ==> Post-Iterations <==

    Orbital Energies [Eh]
    ---------------------

    Doubly Occupied:                                                      

       1A    -20.745679     2A    -20.741639     3A    -15.950295  
       4A    -11.521239     5A    -11.498054     6A    -11.474970  
       7A    -11.386108     8A     -1.571452     9A     -1.543007  
      10A     -1.500707    11A     -1.246932    12A     -1.155751  
      13A     -1.030437    14A     -1.017573    15A     -0.961473  
      16A     -0.914125    17A     -0.902483    18A     -0.840455  
      19A     -0.817052    20A     -0.809727    21A     -0.772128  
      22A     -0.763487    23A     -0.725380    24A     -0.704583  
      25A     -0.687198    26A     -0.666500    27A     -0.627004  
      28A     -0.585513  

    Virtual:                                                              

      29A     -0.137651    30A     -0.087188    31A     -0.077841  
      32A     -0.057505    33A     -0.048282    34A     -0.040263  
      35A     -0.038922    36A     -0.025551    37A     -0.024277  
      38A     -0.014881    39A     -0.012439    40A     -0.005932  
      41A     -0.004292    42A      0.003510    43A      0.013353  
      44A      0.019329    45A      0.025842    46A      0.027949  
      47A      0.035453    48A      0.036717    49A      0.040864  
      50A      0.043824    51A      0.049739    52A      0.050329  
      53A      0.053837    54A      0.062569    55A      0.073753  
      56A      0.086133    57A      0.088906    58A      0.092812  
      59A      0.098092    60A      0.103681    61A      0.110444  
      62A      0.116105    63A      0.118123    64A      0.128382  
      65A      0.134908    66A      0.142134    67A      0.142676  
      68A      0.148731    69A      0.152564    70A      0.157349  
      71A      0.166595    72A      0.173772    73A      0.179245  
      74A      0.190068    75A      0.193434    76A      0.198952  
      77A      0.204467    78A      0.210294    79A      0.216043  
      80A      0.222927    81A      0.233482    82A      0.239209  
      83A      0.247386    84A      0.255276    85A      0.270681  
      86A      0.272900    87A      0.281022    88A      0.286037  
      89A      0.292653    90A      0.301286    91A      0.306733  
      92A      0.318633    93A      0.320307    94A      0.339519  
      95A      0.351853    96A      0.364470    97A      0.364893  
      98A      0.381026    99A      0.388000   100A      0.396206  
     101A      0.416929   102A      0.433009   103A      0.440625  
     104A      0.457732   105A      0.497849   106A      0.514462  
     107A      0.530331   108A      0.538177   109A      0.563611  
     110A      0.571640   111A      0.583785   112A      0.600770  
     113A      0.608774   114A      0.628800   115A      0.633963  
     116A      0.638675   117A      0.657114   118A      0.671072  
     119A      0.674008   120A      0.690152   121A      0.705107  
     122A      0.710643   123A      0.721195   124A      0.742866  
     125A      0.749012   126A      0.753388   127A      0.766422  
     128A      0.770753   129A      0.784537   130A      0.786604  
     131A      0.798217   132A      0.809073   133A      0.816092  
     134A      0.827359   135A      0.844437   136A      0.861539  
     137A      0.875187   138A      0.881076   139A      0.901462  
     140A      0.904430   141A      0.921473   142A      0.930649  
     143A      0.946829   144A      0.977094   145A      0.992544  
     146A      1.002758   147A      1.024053   148A      1.075718  
     149A      1.147101   150A      1.155507   151A      1.191632  
     152A      1.201086   153A      1.247675   154A      1.260440  
     155A      1.285841   156A      1.333070   157A      1.340139  
     158A      1.355705   159A      1.366643   160A      1.385195  
     161A      1.405834   162A      1.435423   163A      1.446629  
     164A      1.483326   165A      1.495547   166A      1.498754  
     167A      1.511615   168A      1.536403   169A      1.541426  
     170A      1.548546   171A      1.580993   172A      1.594476  
     173A      1.604155   174A      1.611968   175A      1.649663  
     176A      1.657619   177A      1.677179   178A      1.683720  
     179A      1.692530   180A      1.697977   181A      1.709142  
     182A      1.714000   183A      1.741735   184A      1.746865  
     185A      1.754548   186A      1.764268   187A      1.771715  
     188A      1.776427   189A      1.779569   190A      1.812309  
     191A      1.828016   192A      1.836241   193A      1.837270  
     194A      1.844575   195A      1.865980   196A      1.877253  
     197A      1.892824   198A      1.893666   199A      1.919591  
     200A      1.937149   201A      1.939177   202A      1.954058  
     203A      1.959007   204A      1.972770   205A      1.979519  
     206A      1.984386   207A      1.993661   208A      2.002976  
     209A      2.010885   210A      2.032032   211A      2.045591  
     212A      2.072281   213A      2.105291   214A      2.110398  
     215A      2.135276   216A      2.142302   217A      2.153111  
     218A      2.157018   219A      2.159751   220A      2.168362  
     221A      2.173268   222A      2.190737   223A      2.222317  
     224A      2.237740   225A      2.252816   226A      2.263672  
     227A      2.278717   228A      2.303737   229A      2.319081  
     230A      2.323640   231A      2.355291   232A      2.383862  
     233A      2.392393   234A      2.412506   235A      2.422205  
     236A      2.426335   237A      2.463609   238A      2.466317  
     239A      2.484224   240A      2.507140   241A      2.508236  
     242A      2.527061   243A      2.579080   244A      2.601918  
     245A      2.627103   246A      2.635935   247A      2.644046  
     248A      2.691776   249A      2.721873   250A      2.725882  
     251A      2.727992   252A      2.775495   253A      2.777190  
     254A      2.784377   255A      2.817945   256A      2.820390  
     257A      2.849766   258A      2.877741   259A      2.897611  
     260A      2.905400   261A      2.959327   262A      2.973802  
     263A      3.042568   264A      3.049368   265A      3.083453  
     266A      3.116303   267A      3.137669   268A      3.155821  
     269A      3.235548   270A      3.269928   271A      3.291741  
     272A      3.303042   273A      3.313940   274A      3.418619  
     275A      3.461315   276A      3.543239   277A      3.545325  
     278A      3.590198   279A      3.667724   280A      3.811802  
     281A      3.813761   282A      3.922066   283A      3.938962  
     284A      4.014521   285A      4.157126   286A      4.172042  
     287A      4.272697   288A      4.364457   289A      4.600437  
     290A      4.670420   291A      4.791884   292A      4.820946  
     293A      4.857864   294A      4.940858   295A      5.145782  
     296A      5.201267   297A      5.455845   298A      5.536675  
     299A      5.711497   300A      5.912762   301A      6.558642  
     302A     18.139969   303A     18.344016   304A     18.580893  
     305A     25.317956   306A     33.420888  

    Final Occupation by Irrep:
              A 
    DOCC [    28 ]

  @DF-RHF Final Energy:  -361.16557857173177

   => Energetics <=

    Nuclear Repulsion Energy =            332.9952408137231714
    One-Electron Energy =               -1141.9997297193567647
    Two-Electron Energy =                 447.8389103339018220
    Total Energy =                       -361.1655785717317713

Computation Completed


Properties will be evaluated at   0.000000,   0.000000,   0.000000 [a0]

Properties computed using the SCF density matrix

  Nuclear Dipole Moment: [e a0]
     X:   -59.2772      Y:   362.0920      Z:   114.8489

  Electronic Dipole Moment: [e a0]
     X:    60.5938      Y:  -358.4008      Z:  -114.3416

  Dipole Moment: [e a0]
     X:     1.3166      Y:     3.6913      Z:     0.5074     Total:     3.9518

  Dipole Moment: [D]
     X:     3.3465      Y:     9.3823      Z:     1.2896     Total:    10.0444


*** tstop() called on aliaconda at Sun Mar 20 06:14:55 2022
Module time:
	user time   =     220.77 seconds =       3.68 minutes
	system time =      24.31 seconds =       0.41 minutes
	total time  =         11 seconds =       0.18 minutes
Total time:
	user time   =  109152.17 seconds =    1819.20 minutes
	system time =   15263.20 seconds =     254.39 minutes
	total time  =       6678 seconds =     111.30 minutes
  Constructing Basis Sets for SAPT...

   => Loading Basis Set <=

    Name: (JUN-CC-PVDZ AUX)
    Role: RIFIT
    Keyword: DF_BASIS_SAPT
    atoms 1, 14                                          entry N          line   144 file /home/alia/anaconda3/envs/mddemo/share/psi4/basis/jun-cc-pvdz-ri.gbs 
    atoms 2-4, 6, 8-10, 13, 15-17, 19, 21, 23, 25-27, 30 entry H          line    30 file /home/alia/anaconda3/envs/mddemo/share/psi4/basis/jun-cc-pvdz-ri.gbs 
    atoms 5, 7, 11, 18, 20, 24, 28                       entry C          line   100 file /home/alia/anaconda3/envs/mddemo/share/psi4/basis/jun-cc-pvdz-ri.gbs 
    atoms 12, 22, 29                                     entry O          line   188 file /home/alia/anaconda3/envs/mddemo/share/psi4/basis/jun-cc-pvdz-ri.gbs 


  //>>>>>>>>>>>>>>>>>>>>>>>>>>>>>>>>>>>//
  //               SAPT0               //
  //<<<<<<<<<<<<<<<<<<<<<<<<<<<<<<<<<<<//


*** tstart() called on aliaconda
*** at Sun Mar 20 06:14:55 2022

        SAPT0  
    Ed Hohenstein
     6 June 2009

      Orbital Information
  --------------------------
    NSO        =       306
    NMO        =       306
    NRI        =      1032
    NOCC A     =        20
    NOCC B     =        28
    FOCC A     =         0
    FOCC B     =         0
    NVIR A     =       286
    NVIR B     =       278

    Elst10,r            =     0.073921288645 [Eh]
    Exch10              =    -0.000000050731 [Eh]
    Exch10 (S^2)        =    -0.000000050731 [Eh]

    Iter     Energy [mEh]          dE [mEh]         Residual      Time [s]
       1      -0.59650649       0.596506487       7.145704994             1
       2      -0.57585828      -0.020648207       2.351265806             1
       3      -0.61582360       0.039965322       1.004624848             2
       4      -0.63176490       0.015941302       0.281398157             3
       5      -0.63003557      -0.001729339       0.169744623             3
       6      -0.62849955      -0.001536013       0.046591158             4
       7      -0.62884991       0.000350362       0.017856125             4
       8      -0.62894836       0.000098449       0.007468149             5
       9      -0.62890362      -0.000044748       0.004332851             5
      10      -0.62889650      -0.000007117       0.001235432             6
      11      -0.62890380       0.000007300       0.000360068             6
      12      -0.62890400       0.000000201       0.000093685             7
      13      -0.62890352      -0.000000483       0.000023101             8
      14      -0.62890351      -0.000000008       0.000006213             8
      15      -0.62890353       0.000000024       0.000002122             9
      16      -0.62890353       0.000000001       0.000000794             9

    CHF Iterations converged


    Iter     Energy [mEh]          dE [mEh]         Residual      Time [s]
       1      -0.41785924       0.417859243       4.721526975             1
       2      -0.43486346       0.017004221       2.018705313             1
       3      -0.46901936       0.034155892       0.659767811             2
       4      -0.47438245       0.005363091       0.181523694             3
       5      -0.47333932      -0.001043128       0.107248017             3
       6      -0.47260963      -0.000729686       0.036788705             4
       7      -0.47269622       0.000086589       0.018020278             4
       8      -0.47283534       0.000139115       0.005552989             5
       9      -0.47281037      -0.000024971       0.003114385             6
      10      -0.47279839      -0.000011972       0.001431818             6
      11      -0.47280481       0.000006412       0.000584014             7
      12      -0.47280589       0.000001084       0.000197735             7
      13      -0.47280535      -0.000000541       0.000058888             8
      14      -0.47280516      -0.000000186       0.000015610             9
      15      -0.47280519       0.000000032       0.000005083             9
      16      -0.47280521       0.000000015       0.000001379            10
      17      -0.47280521      -0.000000004       0.000000500            10

    CHF Iterations converged

    Ind20,r (A<-B)      =    -0.000628903534 [Eh]
    Ind20,r (B<-A)      =    -0.000472805206 [Eh]
    Ind20,r             =    -0.001101708740 [Eh]
    Exch-Ind20,r (A<-B) =     0.000000011027 [Eh]
    Exch-Ind20,r (B<-A) =     0.000000017859 [Eh]
    Exch-Ind20,r        =     0.000000028886 [Eh]
    Disp20              =    -0.000111994361 [Eh]
    Disp20 (SS)         =    -0.000055997180 [Eh]
    Disp20 (OS)         =    -0.000055997180 [Eh]
    Exch-Disp20         =     0.000000010626 [Eh]
    Exch-Disp20 (SS)    =     0.000000007520 [Eh]
    Exch-Disp20 (OS)    =     0.000000003106 [Eh]

    SAPT Results 
  --------------------------------------------------------------------------------------------------------
    Electrostatics                 73.92128864 [mEh]      46.38630894 [kcal/mol]     194.08031660 [kJ/mol]
      Elst10,r                     73.92128864 [mEh]      46.38630894 [kcal/mol]     194.08031660 [kJ/mol]

    Exchange                       -0.00005073 [mEh]      -0.00003183 [kcal/mol]      -0.00013319 [kJ/mol]
      Exch10                       -0.00005073 [mEh]      -0.00003183 [kcal/mol]      -0.00013319 [kJ/mol]
      Exch10(S^2)                  -0.00005073 [mEh]      -0.00003183 [kcal/mol]      -0.00013319 [kJ/mol]

    Induction                      -1.08003582 [mEh]      -0.67773271 [kcal/mol]      -2.83563364 [kJ/mol]
      Ind20,r                      -1.10170874 [mEh]      -0.69133267 [kcal/mol]      -2.89253590 [kJ/mol]
      Exch-Ind20,r                  0.00002889 [mEh]       0.00001813 [kcal/mol]       0.00007584 [kJ/mol]
      delta HF,r (2)                0.02164404 [mEh]       0.01358184 [kcal/mol]       0.05682641 [kJ/mol]

    Dispersion                     -0.11198373 [mEh]      -0.07027085 [kcal/mol]      -0.29401325 [kJ/mol]
      Disp20                       -0.11199436 [mEh]      -0.07027752 [kcal/mol]      -0.29404115 [kJ/mol]
      Exch-Disp20                   0.00001063 [mEh]       0.00000667 [kcal/mol]       0.00002790 [kJ/mol]
      Disp20 (SS)                  -0.05599718 [mEh]      -0.03513876 [kcal/mol]      -0.14702058 [kJ/mol]
      Disp20 (OS)                  -0.05599718 [mEh]      -0.03513876 [kcal/mol]      -0.14702058 [kJ/mol]
      Exch-Disp20 (SS)              0.00000752 [mEh]       0.00000472 [kcal/mol]       0.00001974 [kJ/mol]
      Exch-Disp20 (OS)              0.00000311 [mEh]       0.00000195 [kcal/mol]       0.00000816 [kJ/mol]

  Total HF                         72.84120210 [mEh]      45.70854440 [kcal/mol]     191.24454976 [kJ/mol]
  Total SAPT0                      72.72921836 [mEh]      45.63827354 [kcal/mol]     190.95053651 [kJ/mol]

  Special recipe for scaled SAPT0 (see Manual):
    Electrostatics sSAPT0          73.92128864 [mEh]      46.38630894 [kcal/mol]     194.08031660 [kJ/mol]
    Exchange sSAPT0                -0.00005073 [mEh]      -0.00003183 [kcal/mol]      -0.00013319 [kJ/mol]
    Induction sSAPT0               -1.08003582 [mEh]      -0.67773271 [kcal/mol]      -2.83563364 [kJ/mol]
    Dispersion sSAPT0              -0.11198373 [mEh]      -0.07027085 [kcal/mol]      -0.29401325 [kJ/mol]
  Total sSAPT0                     72.72921836 [mEh]      45.63827354 [kcal/mol]     190.95053651 [kJ/mol]
  --------------------------------------------------------------------------------------------------------

*** tstop() called on aliaconda at Sun Mar 20 06:15:45 2022
Module time:
	user time   =     696.53 seconds =      11.61 minutes
	system time =     119.64 seconds =       1.99 minutes
	total time  =         50 seconds =       0.83 minutes
Total time:
	user time   =  109851.27 seconds =    1830.85 minutes
	system time =   15383.32 seconds =     256.39 minutes
	total time  =       6728 seconds =     112.13 minutes


Warning! sapt0 does not have an associated derived wavefunction.The returned wavefunction is the dimer SCF wavefunction.


  Memory set to  74.506 GiB by Python driver.
  Threads set to 32 by Python driver.
