
Scratch directory: /tmp/

Scratch directory: /tmp/

  //>>>>>>>>>>>>>>>>>>>>>>>>>>>>>>>>>>>//
  //              Dimer HF             //
  //<<<<<<<<<<<<<<<<<<<<<<<<<<<<<<<<<<<//


*** tstart() called on aliaconda
*** at Sun Mar 20 05:49:27 2022

   => Loading Basis Set <=

    Name: JUN-CC-PVDZ
    Role: ORBITAL
    Keyword: BASIS
    atoms 1, 14                                          entry N          line   198 file /home/alia/anaconda3/envs/mddemo/share/psi4/basis/jun-cc-pvdz.gbs 
    atoms 2-4, 6, 8-10, 13, 15-17, 19, 21, 23, 25-27, 30 entry H          line    36 file /home/alia/anaconda3/envs/mddemo/share/psi4/basis/jun-cc-pvdz.gbs 
    atoms 5, 7, 11, 18, 20, 24, 28                       entry C          line   164 file /home/alia/anaconda3/envs/mddemo/share/psi4/basis/jun-cc-pvdz.gbs 
    atoms 12, 22, 29                                     entry O          line   232 file /home/alia/anaconda3/envs/mddemo/share/psi4/basis/jun-cc-pvdz.gbs 


         ---------------------------------------------------------
                                   SCF
               by Justin Turney, Rob Parrish, Andy Simmonett
                          and Daniel G. A. Smith
                              RHF Reference
                       32 Threads,  76293 MiB Core
         ---------------------------------------------------------

  ==> Geometry <==

    Molecular point group: c1
    Full point group: C1

    Geometry (in Angstrom), charge = 2, multiplicity = 1:

       Center              X                  Y                   Z               Mass       
    ------------   -----------------  -----------------  -----------------  -----------------
         N            1.078751907535    -6.581654934117    -0.795390858597    14.003074004430
         H            0.106751785465    -6.766655115315    -0.108390583939     1.007825032230
         H            0.685751781650    -6.987655071446    -1.857390656418     1.007825032230
         H            1.741751775928    -7.249655155369    -0.491390957779     1.007825032230
         C            1.351751671024    -5.104655174443    -0.858390583939    12.000000000000
         H            0.440751896091    -4.615654854008    -0.470390572495     1.007825032230
         C            2.565751657672    -4.822655109593     0.070609316879    12.000000000000
         H            3.516751752086    -5.216655162999    -0.301390900559     1.007825032230
         H            2.440751657672    -5.274655250737     1.074609503799     1.007825032230
         H            2.697751627155    -3.707654861637     0.290609107070     1.007825032230
         C            1.639751777835    -4.549654869267    -2.259390845246    12.000000000000
         O            1.094751701541    -5.065655140110    -3.225390686936    15.994914619570
         H            2.326022968478    -3.700468925663    -2.393239273972     1.007825032230
         N            0.009751663394     2.621344657711     0.142609343582    14.003074004430
         H            0.157751903720     1.485344978145     0.508609042221     1.007825032230
         H           -0.091248168759     2.436345191768    -1.042390599198     1.007825032230
         H            0.836751804538     3.130344482235     0.294609293991     1.007825032230
         C           -1.233248367123     3.239344688228     0.648609385543    12.000000000000
         H           -2.008248462491     2.488345237545     0.732609496169     1.007825032230
         C           -1.151248111539     4.054345222286     2.012609229141    12.000000000000
         H           -2.024248256497     4.696345420650     2.191609129959     1.007825032230
         O           -0.106248512082     5.012345405391     2.139609084182    15.994914619570
         H            0.714751587100     4.595344634823     1.917609438949     1.007825032230
         C           -0.948248042874     3.027344795040     3.166609511428    12.000000000000
         H            0.101751671024     2.723344894222     3.337609038406     1.007825032230
         H           -1.645248069577     2.165345283321     3.070608840042     1.007825032230
         H           -1.261248245053     3.484344573787     4.125609145217     1.007825032230
         C           -1.653248443417     4.196345420650    -0.415390744156    12.000000000000
         O           -2.862248554044     4.211344810299    -0.746390595383    15.994914619570
         H           -0.925322665982     4.867639632991    -0.894439473099     1.007825032230

  Running in c1 symmetry.

  Rotational constants: A =      0.03712  B =      0.00393  C =      0.00371 [cm^-1]
  Rotational constants: A =   1112.85778  B =    117.82045  C =    111.21094 [MHz]
  Nuclear repulsion =  637.658200508731511

  Charge       = 2
  Multiplicity = 1
  Electrons    = 96
  Nalpha       = 48
  Nbeta        = 48

  ==> Algorithm <==

  SCF Algorithm Type is DF.
  DIIS enabled.
  MOM disabled.
  Fractional occupation disabled.
  Guess Type is SAD.
  Energy threshold   = 1.00e-08
  Density threshold  = 1.00e-08
  Integral threshold = 1.00e-12

  ==> Primary Basis <==

  Basis Set: JUN-CC-PVDZ
    Blend: JUN-CC-PVDZ
    Number of shells: 150
    Number of basis functions: 306
    Number of Cartesian functions: 318
    Spherical Harmonics?: true
    Max angular momentum: 2

   => Loading Basis Set <=

    Name: (JUN-CC-PVDZ AUX)
    Role: JKFIT
    Keyword: DF_BASIS_SCF
    atoms 1, 14                                          entry N          line   202 file /home/alia/anaconda3/envs/mddemo/share/psi4/basis/jun-cc-pvdz-jkfit.gbs 
    atoms 2-4, 6, 8-10, 13, 15-17, 19, 21, 23, 25-27, 30 entry H          line    70 file /home/alia/anaconda3/envs/mddemo/share/psi4/basis/jun-cc-pvdz-jkfit.gbs 
    atoms 5, 7, 11, 18, 20, 24, 28                       entry C          line   146 file /home/alia/anaconda3/envs/mddemo/share/psi4/basis/jun-cc-pvdz-jkfit.gbs 
    atoms 12, 22, 29                                     entry O          line   258 file /home/alia/anaconda3/envs/mddemo/share/psi4/basis/jun-cc-pvdz-jkfit.gbs 

  ==> Integral Setup <==

  ==> DiskDFJK: Density-Fitted J/K Matrices <==

    J tasked:                  Yes
    K tasked:                  Yes
    wK tasked:                  No
    OpenMP threads:             32
    Integrals threads:          32
    Memory [MiB]:            57220
    Algorithm:                Core
    Integral Cache:           SAVE
    Schwarz Cutoff:          1E-12
    Fitting Condition:       1E-10

   => Auxiliary Basis Set <=

  Basis Set: (JUN-CC-PVDZ AUX)
    Blend: JUN-CC-PVDZ-JKFIT
    Number of shells: 486
    Number of basis functions: 1362
    Number of Cartesian functions: 1542
    Spherical Harmonics?: true
    Max angular momentum: 3

  Minimum eigenvalue in the overlap matrix is 6.2847989759E-05.
  Reciprocal condition number of the overlap matrix is 5.5491773520E-06.
    Using symmetric orthogonalization.

  ==> Pre-Iterations <==

  SCF Guess: Superposition of Atomic Densities via on-the-fly atomic UHF (no occupation information).

   -------------------------
    Irrep   Nso     Nmo    
   -------------------------
     A        306     306 
   -------------------------
    Total     306     306
   -------------------------

  ==> Iterations <==

                           Total Energy        Delta E     RMS |[F,P]|

   @DF-RHF iter SAD:  -607.03112575527155   -6.07031e+02   0.00000e+00 
   @DF-RHF iter   1:  -607.96879804711136   -9.37672e-01   2.81347e-03 DIIS
   @DF-RHF iter   2:  -608.28224365818812   -3.13446e-01   1.82118e-03 DIIS
   @DF-RHF iter   3:  -608.39770733559669   -1.15464e-01   4.04169e-04 DIIS
   @DF-RHF iter   4:  -608.40694051963715   -9.23318e-03   1.48034e-04 DIIS
   @DF-RHF iter   5:  -608.40824383054360   -1.30331e-03   3.66351e-05 DIIS
   @DF-RHF iter   6:  -608.40837724861296   -1.33418e-04   1.89001e-05 DIIS
   @DF-RHF iter   7:  -608.40841145832087   -3.42097e-05   8.69645e-06 DIIS
   @DF-RHF iter   8:  -608.40841982188624   -8.36357e-06   3.62666e-06 DIIS
   @DF-RHF iter   9:  -608.40842133903197   -1.51715e-06   1.37743e-06 DIIS
   @DF-RHF iter  10:  -608.40842154333018   -2.04298e-07   4.00608e-07 DIIS
   @DF-RHF iter  11:  -608.40842156572785   -2.23977e-08   1.66439e-07 DIIS
   @DF-RHF iter  12:  -608.40842157160114   -5.87329e-09   8.52856e-08 DIIS
   @DF-RHF iter  13:  -608.40842157362295   -2.02181e-09   4.72713e-08 DIIS
   @DF-RHF iter  14:  -608.40842157446718   -8.44238e-10   1.90421e-08 DIIS
   @DF-RHF iter  15:  -608.40842157457803   -1.10845e-10   6.20403e-09 DIIS
  Energy and wave function converged.


  ==> Post-Iterations <==

    Orbital Energies [Eh]
    ---------------------

    Doubly Occupied:                                                      

       1A    -20.822700     2A    -20.798717     3A    -20.794284  
       4A    -16.009674     5A    -15.984779     6A    -11.597980  
       7A    -11.581453     8A    -11.573214     9A    -11.559783  
      10A    -11.539198    11A    -11.497162    12A    -11.444848  
      13A     -1.645212    14A     -1.610774    15A     -1.597227  
      16A     -1.569138    17A     -1.546211    18A     -1.305846  
      19A     -1.296842    20A     -1.205611    21A     -1.158717  
      22A     -1.081215    23A     -1.079807    24A     -1.074680  
      25A     -1.032080    26A     -0.989109    27A     -0.978443  
      28A     -0.968254    29A     -0.960664    30A     -0.940820  
      31A     -0.904521    32A     -0.898714    33A     -0.866897  
      34A     -0.858449    35A     -0.853341    36A     -0.828051  
      37A     -0.812450    38A     -0.804525    39A     -0.785423  
      40A     -0.780696    41A     -0.754996    42A     -0.750969  
      43A     -0.750248    44A     -0.727503    45A     -0.704825  
      46A     -0.680075    47A     -0.677775    48A     -0.644079  

    Virtual:                                                              

      49A     -0.204498    50A     -0.178796    51A     -0.153851  
      52A     -0.138913    53A     -0.132699    54A     -0.132181  
      55A     -0.123566    56A     -0.116481    57A     -0.111190  
      58A     -0.098791    59A     -0.092469    60A     -0.089759  
      61A     -0.086877    62A     -0.080298    63A     -0.073698  
      64A     -0.071816    65A     -0.070001    66A     -0.066099  
      67A     -0.064144    68A     -0.057411    69A     -0.051681  
      70A     -0.044005    71A     -0.039045    72A     -0.033780  
      73A     -0.031873    74A     -0.025569    75A     -0.023861  
      76A     -0.020304    77A     -0.018410    78A     -0.012068  
      79A     -0.005727    80A     -0.002474    81A      0.005579  
      82A      0.014057    83A      0.017817    84A      0.026299  
      85A      0.034981    86A      0.038612    87A      0.047032  
      88A      0.047925    89A      0.061572    90A      0.063118  
      91A      0.067640    92A      0.078286    93A      0.086534  
      94A      0.091155    95A      0.095011    96A      0.105020  
      97A      0.105346    98A      0.117951    99A      0.124123  
     100A      0.126003   101A      0.130720   102A      0.138860  
     103A      0.141326   104A      0.145361   105A      0.146017  
     106A      0.158568   107A      0.165161   108A      0.170592  
     109A      0.182661   110A      0.186805   111A      0.191026  
     112A      0.197673   113A      0.212793   114A      0.217511  
     115A      0.221570   116A      0.229920   117A      0.236507  
     118A      0.246771   119A      0.251367   120A      0.265488  
     121A      0.270277   122A      0.293313   123A      0.327758  
     124A      0.330044   125A      0.343714   126A      0.364598  
     127A      0.455476   128A      0.481432   129A      0.501894  
     130A      0.515145   131A      0.518578   132A      0.532365  
     133A      0.535789   134A      0.550726   135A      0.553595  
     136A      0.554534   137A      0.573153   138A      0.578707  
     139A      0.587466   140A      0.599295   141A      0.618364  
     142A      0.623814   143A      0.627859   144A      0.639687  
     145A      0.648063   146A      0.653199   147A      0.660339  
     148A      0.675310   149A      0.679330   150A      0.689567  
     151A      0.696955   152A      0.700338   153A      0.711051  
     154A      0.719531   155A      0.737470   156A      0.739326  
     157A      0.742113   158A      0.751941   159A      0.763335  
     160A      0.767690   161A      0.786467   162A      0.801064  
     163A      0.811495   164A      0.826303   165A      0.828235  
     166A      0.833184   167A      0.856648   168A      0.863040  
     169A      0.869565   170A      0.874320   171A      0.878932  
     172A      0.902227   173A      0.918648   174A      0.952183  
     175A      0.967343   176A      1.020721   177A      1.044968  
     178A      1.054124   179A      1.109035   180A      1.137987  
     181A      1.144351   182A      1.149356   183A      1.160568  
     184A      1.170669   185A      1.206087   186A      1.217174  
     187A      1.247726   188A      1.250710   189A      1.262334  
     190A      1.266915   191A      1.282823   192A      1.285400  
     193A      1.291165   194A      1.298851   195A      1.304229  
     196A      1.319907   197A      1.330783   198A      1.344918  
     199A      1.348441   200A      1.352887   201A      1.363046  
     202A      1.411179   203A      1.425877   204A      1.434907  
     205A      1.448823   206A      1.463246   207A      1.470077  
     208A      1.487102   209A      1.525468   210A      1.533012  
     211A      1.562135   212A      1.567901   213A      1.600565  
     214A      1.621391   215A      1.626997   216A      1.628896  
     217A      1.642335   218A      1.644991   219A      1.671113  
     220A      1.677698   221A      1.688618   222A      1.690546  
     223A      1.696422   224A      1.711745   225A      1.719772  
     226A      1.727238   227A      1.737821   228A      1.740812  
     229A      1.751188   230A      1.761164   231A      1.767118  
     232A      1.771672   233A      1.776480   234A      1.800505  
     235A      1.803647   236A      1.814444   237A      1.827095  
     238A      1.846545   239A      1.869551   240A      1.880580  
     241A      1.895872   242A      1.898242   243A      1.935481  
     244A      1.941600   245A      1.955055   246A      1.957874  
     247A      1.978783   248A      2.013473   249A      2.017051  
     250A      2.031724   251A      2.037829   252A      2.058842  
     253A      2.090476   254A      2.108231   255A      2.113538  
     256A      2.139141   257A      2.172566   258A      2.175721  
     259A      2.194332   260A      2.221107   261A      2.229360  
     262A      2.260007   263A      2.272640   264A      2.302052  
     265A      2.340808   266A      2.360814   267A      2.376644  
     268A      2.380481   269A      2.388935   270A      2.397875  
     271A      2.436887   272A      2.447285   273A      2.479113  
     274A      2.488545   275A      2.507407   276A      2.520175  
     277A      2.587467   278A      2.600931   279A      2.602794  
     280A      2.611136   281A      2.619839   282A      2.634616  
     283A      2.650775   284A      2.683246   285A      2.702315  
     286A      2.719483   287A      2.733473   288A      2.797287  
     289A      2.844477   290A      2.859179   291A      2.884211  
     292A      2.931800   293A      2.954645   294A      3.075411  
     295A      3.112194   296A      3.119452   297A      3.186696  
     298A      3.198442   299A      3.211368   300A      3.251257  
     301A      3.479333   302A      3.486210   303A      3.510747  
     304A      3.702704   305A      3.717747   306A      3.938451  

    Final Occupation by Irrep:
              A 
    DOCC [    48 ]

  @DF-RHF Final Energy:  -608.40842157457803

   => Energetics <=

    Nuclear Repulsion Energy =            637.6582005087315110
    One-Electron Energy =               -2069.4772774577577366
    Two-Electron Energy =                 823.4106553744480834
    Total Energy =                       -608.4084215745780284

Computation Completed


Properties will be evaluated at   0.000000,   0.000000,   0.000000 [a0]

Properties computed using the SCF density matrix

  Nuclear Dipole Moment: [e a0]
     X:     7.3111      Y:   -10.6991      Z:     9.3538

  Electronic Dipole Moment: [e a0]
     X:    -4.1758      Y:     3.7466      Z:    -8.9948

  Dipole Moment: [e a0]
     X:     3.1353      Y:    -6.9524      Z:     0.3590     Total:     7.6352

  Dipole Moment: [D]
     X:     7.9692      Y:   -17.6714      Z:     0.9125     Total:    19.4067


*** tstop() called on aliaconda at Sun Mar 20 05:49:41 2022
Module time:
	user time   =     319.02 seconds =       5.32 minutes
	system time =      37.29 seconds =       0.62 minutes
	total time  =         14 seconds =       0.23 minutes
Total time:
	user time   =   83427.02 seconds =    1390.45 minutes
	system time =   11626.93 seconds =     193.78 minutes
	total time  =       5164 seconds =      86.07 minutes

  //>>>>>>>>>>>>>>>>>>>>>>>>>>>>>>>>>>>//
  //            Monomer A HF           //
  //<<<<<<<<<<<<<<<<<<<<<<<<<<<<<<<<<<<//


*** tstart() called on aliaconda
*** at Sun Mar 20 05:49:41 2022

   => Loading Basis Set <=

    Name: JUN-CC-PVDZ
    Role: ORBITAL
    Keyword: BASIS
    atoms 1, 14                                          entry N          line   198 file /home/alia/anaconda3/envs/mddemo/share/psi4/basis/jun-cc-pvdz.gbs 
    atoms 2-4, 6, 8-10, 13, 15-17, 19, 21, 23, 25-27, 30 entry H          line    36 file /home/alia/anaconda3/envs/mddemo/share/psi4/basis/jun-cc-pvdz.gbs 
    atoms 5, 7, 11, 18, 20, 24, 28                       entry C          line   164 file /home/alia/anaconda3/envs/mddemo/share/psi4/basis/jun-cc-pvdz.gbs 
    atoms 12, 22, 29                                     entry O          line   232 file /home/alia/anaconda3/envs/mddemo/share/psi4/basis/jun-cc-pvdz.gbs 


         ---------------------------------------------------------
                                   SCF
               by Justin Turney, Rob Parrish, Andy Simmonett
                          and Daniel G. A. Smith
                              RHF Reference
                       32 Threads,  76293 MiB Core
         ---------------------------------------------------------

  ==> Geometry <==

    Molecular point group: c1
    Full point group: C1

    Geometry (in Angstrom), charge = 1, multiplicity = 1:

       Center              X                  Y                   Z               Mass       
    ------------   -----------------  -----------------  -----------------  -----------------
         N            1.078751907535    -6.581654934117    -0.795390858597    14.003074004430
         H            0.106751785465    -6.766655115315    -0.108390583939     1.007825032230
         H            0.685751781650    -6.987655071446    -1.857390656418     1.007825032230
         H            1.741751775928    -7.249655155369    -0.491390957779     1.007825032230
         C            1.351751671024    -5.104655174443    -0.858390583939    12.000000000000
         H            0.440751896091    -4.615654854008    -0.470390572495     1.007825032230
         C            2.565751657672    -4.822655109593     0.070609316879    12.000000000000
         H            3.516751752086    -5.216655162999    -0.301390900559     1.007825032230
         H            2.440751657672    -5.274655250737     1.074609503799     1.007825032230
         H            2.697751627155    -3.707654861637     0.290609107070     1.007825032230
         C            1.639751777835    -4.549654869267    -2.259390845246    12.000000000000
         O            1.094751701541    -5.065655140110    -3.225390686936    15.994914619570
         H            2.326022968478    -3.700468925663    -2.393239273972     1.007825032230
      Gh(N)           0.009751663394     2.621344657711     0.142609343582    14.003074004430
      Gh(H)           0.157751903720     1.485344978145     0.508609042221     1.007825032230
      Gh(H)          -0.091248168759     2.436345191768    -1.042390599198     1.007825032230
      Gh(H)           0.836751804538     3.130344482235     0.294609293991     1.007825032230
      Gh(C)          -1.233248367123     3.239344688228     0.648609385543    12.000000000000
      Gh(H)          -2.008248462491     2.488345237545     0.732609496169     1.007825032230
      Gh(C)          -1.151248111539     4.054345222286     2.012609229141    12.000000000000
      Gh(H)          -2.024248256497     4.696345420650     2.191609129959     1.007825032230
      Gh(O)          -0.106248512082     5.012345405391     2.139609084182    15.994914619570
      Gh(H)           0.714751587100     4.595344634823     1.917609438949     1.007825032230
      Gh(C)          -0.948248042874     3.027344795040     3.166609511428    12.000000000000
      Gh(H)           0.101751671024     2.723344894222     3.337609038406     1.007825032230
      Gh(H)          -1.645248069577     2.165345283321     3.070608840042     1.007825032230
      Gh(H)          -1.261248245053     3.484344573787     4.125609145217     1.007825032230
      Gh(C)          -1.653248443417     4.196345420650    -0.415390744156    12.000000000000
      Gh(O)          -2.862248554044     4.211344810299    -0.746390595383    15.994914619570
      Gh(H)          -0.925322665982     4.867639632991    -0.894439473099     1.007825032230

  Running in c1 symmetry.

  Rotational constants: A =      0.03712  B =      0.00393  C =      0.00371 [cm^-1]
  Rotational constants: A =   1112.85778  B =    117.82045  C =    111.21094 [MHz]
  Nuclear repulsion =  183.921259915467971

  Charge       = 1
  Multiplicity = 1
  Electrons    = 40
  Nalpha       = 20
  Nbeta        = 20

  ==> Algorithm <==

  SCF Algorithm Type is DF.
  DIIS enabled.
  MOM disabled.
  Fractional occupation disabled.
  Guess Type is SAD.
  Energy threshold   = 1.00e-08
  Density threshold  = 1.00e-08
  Integral threshold = 1.00e-12

  ==> Primary Basis <==

  Basis Set: JUN-CC-PVDZ
    Blend: JUN-CC-PVDZ
    Number of shells: 150
    Number of basis functions: 306
    Number of Cartesian functions: 318
    Spherical Harmonics?: true
    Max angular momentum: 2

   => Loading Basis Set <=

    Name: (JUN-CC-PVDZ AUX)
    Role: JKFIT
    Keyword: DF_BASIS_SCF
    atoms 1, 14                                          entry N          line   202 file /home/alia/anaconda3/envs/mddemo/share/psi4/basis/jun-cc-pvdz-jkfit.gbs 
    atoms 2-4, 6, 8-10, 13, 15-17, 19, 21, 23, 25-27, 30 entry H          line    70 file /home/alia/anaconda3/envs/mddemo/share/psi4/basis/jun-cc-pvdz-jkfit.gbs 
    atoms 5, 7, 11, 18, 20, 24, 28                       entry C          line   146 file /home/alia/anaconda3/envs/mddemo/share/psi4/basis/jun-cc-pvdz-jkfit.gbs 
    atoms 12, 22, 29                                     entry O          line   258 file /home/alia/anaconda3/envs/mddemo/share/psi4/basis/jun-cc-pvdz-jkfit.gbs 

  ==> Integral Setup <==

  ==> DiskDFJK: Density-Fitted J/K Matrices <==

    J tasked:                  Yes
    K tasked:                  Yes
    wK tasked:                  No
    OpenMP threads:             32
    Integrals threads:          32
    Memory [MiB]:            57220
    Algorithm:                Core
    Integral Cache:           LOAD
    Schwarz Cutoff:          1E-12
    Fitting Condition:       1E-10

   => Auxiliary Basis Set <=

  Basis Set: (JUN-CC-PVDZ AUX)
    Blend: JUN-CC-PVDZ-JKFIT
    Number of shells: 486
    Number of basis functions: 1362
    Number of Cartesian functions: 1542
    Spherical Harmonics?: true
    Max angular momentum: 3

  Minimum eigenvalue in the overlap matrix is 6.2847989758E-05.
  Reciprocal condition number of the overlap matrix is 5.5491773519E-06.
    Using symmetric orthogonalization.

  ==> Pre-Iterations <==

  SCF Guess: Superposition of Atomic Densities via on-the-fly atomic UHF (no occupation information).

   -------------------------
    Irrep   Nso     Nmo    
   -------------------------
     A        306     306 
   -------------------------
    Total     306     306
   -------------------------

  ==> Iterations <==

                           Total Energy        Delta E     RMS |[F,P]|

   @DF-RHF iter SAD:  -246.59810584748442   -2.46598e+02   0.00000e+00 
   @DF-RHF iter   1:  -247.13232359055894   -5.34218e-01   1.73230e-03 DIIS
   @DF-RHF iter   2:  -247.25728869620127   -1.24965e-01   1.07901e-03 DIIS
   @DF-RHF iter   3:  -247.29816916513141   -4.08805e-02   2.45586e-04 DIIS
   @DF-RHF iter   4:  -247.30178215849543   -3.61299e-03   8.57710e-05 DIIS
   @DF-RHF iter   5:  -247.30226042686525   -4.78268e-04   2.05308e-05 DIIS
   @DF-RHF iter   6:  -247.30231729792879   -5.68711e-05   8.85491e-06 DIIS
   @DF-RHF iter   7:  -247.30232655882307   -9.26089e-06   4.22384e-06 DIIS
   @DF-RHF iter   8:  -247.30232872256096   -2.16374e-06   1.38403e-06 DIIS
   @DF-RHF iter   9:  -247.30232894908221   -2.26521e-07   3.21292e-07 DIIS
   @DF-RHF iter  10:  -247.30232895917089   -1.00887e-08   1.00353e-07 DIIS
   @DF-RHF iter  11:  -247.30232896024665   -1.07576e-09   2.24175e-08 DIIS
   @DF-RHF iter  12:  -247.30232896029707   -5.04201e-11   5.84435e-09 DIIS
  Energy and wave function converged.


  ==> Post-Iterations <==

    Orbital Energies [Eh]
    ---------------------

    Doubly Occupied:                                                      

       1A    -20.756241     2A    -15.924703     3A    -11.531709  
       4A    -11.514830     5A    -11.429747     6A     -1.579396  
       7A     -1.485091     8A     -1.240015     9A     -1.092403  
      10A     -1.014484    11A     -0.927430    12A     -0.915581  
      13A     -0.875837    14A     -0.833250    15A     -0.802390  
      16A     -0.738306    17A     -0.718968    18A     -0.712623  
      19A     -0.684671    20A     -0.613771  

    Virtual:                                                              

      21A     -0.119854    22A     -0.072400    23A     -0.066619  
      24A     -0.057981    25A     -0.046038    26A     -0.027265  
      27A     -0.025812    28A     -0.021988    29A     -0.011753  
      30A     -0.006046    31A     -0.001849    32A      0.000706  
      33A      0.013265    34A      0.013913    35A      0.019647  
      36A      0.026110    37A      0.031891    38A      0.035786  
      39A      0.039800    40A      0.043050    41A      0.051492  
      42A      0.055243    43A      0.056477    44A      0.065557  
      45A      0.073994    46A      0.081638    47A      0.085977  
      48A      0.090600    49A      0.096515    50A      0.098606  
      51A      0.105100    52A      0.113144    53A      0.117644  
      54A      0.126057    55A      0.136151    56A      0.141116  
      57A      0.150342    58A      0.155279    59A      0.157955  
      60A      0.162827    61A      0.163834    62A      0.168777  
      63A      0.173526    64A      0.182720    65A      0.188624  
      66A      0.193485    67A      0.197361    68A      0.209724  
      69A      0.214963    70A      0.224660    71A      0.233702  
      72A      0.244382    73A      0.249102    74A      0.251883  
      75A      0.256767    76A      0.271940    77A      0.279377  
      78A      0.288843    79A      0.299525    80A      0.301294  
      81A      0.313361    82A      0.322445    83A      0.324271  
      84A      0.340916    85A      0.360416    86A      0.374414  
      87A      0.388566    88A      0.391690    89A      0.404325  
      90A      0.409822    91A      0.430561    92A      0.452145  
      93A      0.471576    94A      0.479056    95A      0.509161  
      96A      0.521153    97A      0.545120    98A      0.554403  
      99A      0.565516   100A      0.568859   101A      0.577347  
     102A      0.580615   103A      0.588695   104A      0.599759  
     105A      0.616644   106A      0.626478   107A      0.638284  
     108A      0.645031   109A      0.651984   110A      0.667681  
     111A      0.672505   112A      0.689301   113A      0.695577  
     114A      0.715751   115A      0.719008   116A      0.724183  
     117A      0.725413   118A      0.744058   119A      0.749571  
     120A      0.764855   121A      0.784794   122A      0.787236  
     123A      0.806989   124A      0.819928   125A      0.829867  
     126A      0.856751   127A      0.860068   128A      0.888693  
     129A      0.893421   130A      0.894914   131A      0.909470  
     132A      0.926018   133A      0.932823   134A      0.941337  
     135A      0.961486   136A      0.976846   137A      0.983380  
     138A      1.017771   139A      1.034231   140A      1.086238  
     141A      1.121127   142A      1.150466   143A      1.203281  
     144A      1.207268   145A      1.215448   146A      1.282739  
     147A      1.312978   148A      1.329470   149A      1.346700  
     150A      1.363258   151A      1.393261   152A      1.409891  
     153A      1.490619   154A      1.502381   155A      1.511678  
     156A      1.527886   157A      1.552055   158A      1.559315  
     159A      1.591878   160A      1.601836   161A      1.625061  
     162A      1.629713   163A      1.634342   164A      1.676957  
     165A      1.692094   166A      1.697218   167A      1.709871  
     168A      1.716073   169A      1.736133   170A      1.740773  
     171A      1.742360   172A      1.760935   173A      1.762836  
     174A      1.773447   175A      1.786215   176A      1.794283  
     177A      1.807136   178A      1.825807   179A      1.833437  
     180A      1.837575   181A      1.843036   182A      1.864636  
     183A      1.868568   184A      1.888938   185A      1.891622  
     186A      1.897552   187A      1.913867   188A      1.927779  
     189A      1.948326   190A      1.961557   191A      1.965449  
     192A      1.985999   193A      1.999768   194A      2.004843  
     195A      2.020526   196A      2.023185   197A      2.037377  
     198A      2.055171   199A      2.080807   200A      2.082004  
     201A      2.093847   202A      2.096642   203A      2.107395  
     204A      2.128486   205A      2.147936   206A      2.156904  
     207A      2.174111   208A      2.180549   209A      2.186127  
     210A      2.199139   211A      2.214108   212A      2.240941  
     213A      2.245715   214A      2.279883   215A      2.286986  
     216A      2.321563   217A      2.338452   218A      2.355511  
     219A      2.361854   220A      2.391473   221A      2.402781  
     222A      2.420573   223A      2.435867   224A      2.441111  
     225A      2.458046   226A      2.471477   227A      2.500338  
     228A      2.502370   229A      2.542201   230A      2.544690  
     231A      2.572904   232A      2.574490   233A      2.588285  
     234A      2.622361   235A      2.624028   236A      2.661732  
     237A      2.667124   238A      2.672023   239A      2.676809  
     240A      2.715887   241A      2.732308   242A      2.760156  
     243A      2.766444   244A      2.803763   245A      2.822877  
     246A      2.861786   247A      2.867623   248A      2.898417  
     249A      2.909798   250A      2.943500   251A      2.947010  
     252A      2.997556   253A      2.999829   254A      3.033790  
     255A      3.095741   256A      3.139820   257A      3.176673  
     258A      3.180312   259A      3.257084   260A      3.263885  
     261A      3.309274   262A      3.406022   263A      3.426003  
     264A      3.472353   265A      3.525532   266A      3.551973  
     267A      3.608820   268A      3.622078   269A      3.695479  
     270A      3.783213   271A      3.922108   272A      3.945508  
     273A      3.993275   274A      4.181035   275A      4.201544  
     276A      4.281503   277A      4.405144   278A      4.466607  
     279A      4.543942   280A      4.599460   281A      4.642695  
     282A      4.668497   283A      4.774356   284A      4.792704  
     285A      4.833869   286A      4.858587   287A      4.971718  
     288A      5.026107   289A      5.058269   290A      5.105011  
     291A      5.306669   292A      5.471737   293A      5.561290  
     294A      5.640917   295A      5.750798   296A      5.968647  
     297A      5.998676   298A      6.560929   299A      6.907565  
     300A     18.163428   301A     18.303532   302A     18.455725  
     303A     18.579990   304A     25.322097   305A     33.441460  
     306A     33.472820  

    Final Occupation by Irrep:
              A 
    DOCC [    20 ]

  @DF-RHF Final Energy:  -247.30232896029707

   => Energetics <=

    Nuclear Repulsion Energy =            183.9212599154679708
    One-Electron Energy =                -691.6642878891824466
    Two-Electron Energy =                 260.4406990134173725
    Total Energy =                       -247.3023289602970749

Computation Completed


Properties will be evaluated at   0.000000,   0.000000,   0.000000 [a0]

Properties computed using the SCF density matrix

  Nuclear Dipole Moment: [e a0]
     X:   120.2038      Y:  -410.0284      Z:  -101.8768

  Electronic Dipole Moment: [e a0]
     X:  -117.6178      Y:   398.6632      Z:   101.2795

  Dipole Moment: [e a0]
     X:     2.5859      Y:   -11.3652      Z:    -0.5973     Total:    11.6709

  Dipole Moment: [D]
     X:     6.5728      Y:   -28.8873      Z:    -1.5181     Total:    29.6645


*** tstop() called on aliaconda at Sun Mar 20 05:49:50 2022
Module time:
	user time   =     162.99 seconds =       2.72 minutes
	system time =      15.54 seconds =       0.26 minutes
	total time  =          9 seconds =       0.15 minutes
Total time:
	user time   =   83590.11 seconds =    1393.17 minutes
	system time =   11642.49 seconds =     194.04 minutes
	total time  =       5173 seconds =      86.22 minutes

  //>>>>>>>>>>>>>>>>>>>>>>>>>>>>>>>>>>>//
  //            Monomer B HF           //
  //<<<<<<<<<<<<<<<<<<<<<<<<<<<<<<<<<<<//


*** tstart() called on aliaconda
*** at Sun Mar 20 05:49:50 2022

   => Loading Basis Set <=

    Name: JUN-CC-PVDZ
    Role: ORBITAL
    Keyword: BASIS
    atoms 1, 14                                          entry N          line   198 file /home/alia/anaconda3/envs/mddemo/share/psi4/basis/jun-cc-pvdz.gbs 
    atoms 2-4, 6, 8-10, 13, 15-17, 19, 21, 23, 25-27, 30 entry H          line    36 file /home/alia/anaconda3/envs/mddemo/share/psi4/basis/jun-cc-pvdz.gbs 
    atoms 5, 7, 11, 18, 20, 24, 28                       entry C          line   164 file /home/alia/anaconda3/envs/mddemo/share/psi4/basis/jun-cc-pvdz.gbs 
    atoms 12, 22, 29                                     entry O          line   232 file /home/alia/anaconda3/envs/mddemo/share/psi4/basis/jun-cc-pvdz.gbs 


         ---------------------------------------------------------
                                   SCF
               by Justin Turney, Rob Parrish, Andy Simmonett
                          and Daniel G. A. Smith
                              RHF Reference
                       32 Threads,  76293 MiB Core
         ---------------------------------------------------------

  ==> Geometry <==

    Molecular point group: c1
    Full point group: C1

    Geometry (in Angstrom), charge = 1, multiplicity = 1:

       Center              X                  Y                   Z               Mass       
    ------------   -----------------  -----------------  -----------------  -----------------
      Gh(N)           1.078751907535    -6.581654934117    -0.795390858597    14.003074004430
      Gh(H)           0.106751785465    -6.766655115315    -0.108390583939     1.007825032230
      Gh(H)           0.685751781650    -6.987655071446    -1.857390656418     1.007825032230
      Gh(H)           1.741751775928    -7.249655155369    -0.491390957779     1.007825032230
      Gh(C)           1.351751671024    -5.104655174443    -0.858390583939    12.000000000000
      Gh(H)           0.440751896091    -4.615654854008    -0.470390572495     1.007825032230
      Gh(C)           2.565751657672    -4.822655109593     0.070609316879    12.000000000000
      Gh(H)           3.516751752086    -5.216655162999    -0.301390900559     1.007825032230
      Gh(H)           2.440751657672    -5.274655250737     1.074609503799     1.007825032230
      Gh(H)           2.697751627155    -3.707654861637     0.290609107070     1.007825032230
      Gh(C)           1.639751777835    -4.549654869267    -2.259390845246    12.000000000000
      Gh(O)           1.094751701541    -5.065655140110    -3.225390686936    15.994914619570
      Gh(H)           2.326022968478    -3.700468925663    -2.393239273972     1.007825032230
         N            0.009751663394     2.621344657711     0.142609343582    14.003074004430
         H            0.157751903720     1.485344978145     0.508609042221     1.007825032230
         H           -0.091248168759     2.436345191768    -1.042390599198     1.007825032230
         H            0.836751804538     3.130344482235     0.294609293991     1.007825032230
         C           -1.233248367123     3.239344688228     0.648609385543    12.000000000000
         H           -2.008248462491     2.488345237545     0.732609496169     1.007825032230
         C           -1.151248111539     4.054345222286     2.012609229141    12.000000000000
         H           -2.024248256497     4.696345420650     2.191609129959     1.007825032230
         O           -0.106248512082     5.012345405391     2.139609084182    15.994914619570
         H            0.714751587100     4.595344634823     1.917609438949     1.007825032230
         C           -0.948248042874     3.027344795040     3.166609511428    12.000000000000
         H            0.101751671024     2.723344894222     3.337609038406     1.007825032230
         H           -1.645248069577     2.165345283321     3.070608840042     1.007825032230
         H           -1.261248245053     3.484344573787     4.125609145217     1.007825032230
         C           -1.653248443417     4.196345420650    -0.415390744156    12.000000000000
         O           -2.862248554044     4.211344810299    -0.746390595383    15.994914619570
         H           -0.925322665982     4.867639632991    -0.894439473099     1.007825032230

  Running in c1 symmetry.

  Rotational constants: A =      0.03712  B =      0.00393  C =      0.00371 [cm^-1]
  Rotational constants: A =   1112.85778  B =    117.82045  C =    111.21094 [MHz]
  Nuclear repulsion =  327.116443398273873

  Charge       = 1
  Multiplicity = 1
  Electrons    = 56
  Nalpha       = 28
  Nbeta        = 28

  ==> Algorithm <==

  SCF Algorithm Type is DF.
  DIIS enabled.
  MOM disabled.
  Fractional occupation disabled.
  Guess Type is SAD.
  Energy threshold   = 1.00e-08
  Density threshold  = 1.00e-08
  Integral threshold = 1.00e-12

  ==> Primary Basis <==

  Basis Set: JUN-CC-PVDZ
    Blend: JUN-CC-PVDZ
    Number of shells: 150
    Number of basis functions: 306
    Number of Cartesian functions: 318
    Spherical Harmonics?: true
    Max angular momentum: 2

   => Loading Basis Set <=

    Name: (JUN-CC-PVDZ AUX)
    Role: JKFIT
    Keyword: DF_BASIS_SCF
    atoms 1, 14                                          entry N          line   202 file /home/alia/anaconda3/envs/mddemo/share/psi4/basis/jun-cc-pvdz-jkfit.gbs 
    atoms 2-4, 6, 8-10, 13, 15-17, 19, 21, 23, 25-27, 30 entry H          line    70 file /home/alia/anaconda3/envs/mddemo/share/psi4/basis/jun-cc-pvdz-jkfit.gbs 
    atoms 5, 7, 11, 18, 20, 24, 28                       entry C          line   146 file /home/alia/anaconda3/envs/mddemo/share/psi4/basis/jun-cc-pvdz-jkfit.gbs 
    atoms 12, 22, 29                                     entry O          line   258 file /home/alia/anaconda3/envs/mddemo/share/psi4/basis/jun-cc-pvdz-jkfit.gbs 

  ==> Integral Setup <==

  ==> DiskDFJK: Density-Fitted J/K Matrices <==

    J tasked:                  Yes
    K tasked:                  Yes
    wK tasked:                  No
    OpenMP threads:             32
    Integrals threads:          32
    Memory [MiB]:            57220
    Algorithm:                Core
    Integral Cache:           LOAD
    Schwarz Cutoff:          1E-12
    Fitting Condition:       1E-10

   => Auxiliary Basis Set <=

  Basis Set: (JUN-CC-PVDZ AUX)
    Blend: JUN-CC-PVDZ-JKFIT
    Number of shells: 486
    Number of basis functions: 1362
    Number of Cartesian functions: 1542
    Spherical Harmonics?: true
    Max angular momentum: 3

  Minimum eigenvalue in the overlap matrix is 6.2847989758E-05.
  Reciprocal condition number of the overlap matrix is 5.5491773519E-06.
    Using symmetric orthogonalization.

  ==> Pre-Iterations <==

  SCF Guess: Superposition of Atomic Densities via on-the-fly atomic UHF (no occupation information).

   -------------------------
    Irrep   Nso     Nmo    
   -------------------------
     A        306     306 
   -------------------------
    Total     306     306
   -------------------------

  ==> Iterations <==

                           Total Energy        Delta E     RMS |[F,P]|

   @DF-RHF iter SAD:  -360.43301586514713   -3.60433e+02   0.00000e+00 
   @DF-RHF iter   1:  -360.90434527473275   -4.71329e-01   2.20127e-03 DIIS
   @DF-RHF iter   2:  -361.09087848930926   -1.86533e-01   1.43789e-03 DIIS
   @DF-RHF iter   3:  -361.16254280814832   -7.16643e-02   3.17069e-04 DIIS
   @DF-RHF iter   4:  -361.16800130424434   -5.45850e-03   1.16471e-04 DIIS
   @DF-RHF iter   5:  -361.16877027211893   -7.68968e-04   2.73320e-05 DIIS
   @DF-RHF iter   6:  -361.16884197262868   -7.17005e-05   1.33676e-05 DIIS
   @DF-RHF iter   7:  -361.16885994594628   -1.79733e-05   5.79479e-06 DIIS
   @DF-RHF iter   8:  -361.16886417492094   -4.22897e-06   2.36719e-06 DIIS
   @DF-RHF iter   9:  -361.16886495044980   -7.75529e-07   6.60546e-07 DIIS
   @DF-RHF iter  10:  -361.16886502177113   -7.13213e-08   2.33583e-07 DIIS
   @DF-RHF iter  11:  -361.16886503238698   -1.06158e-08   1.04859e-07 DIIS
   @DF-RHF iter  12:  -361.16886503515184   -2.76486e-09   5.98016e-08 DIIS
   @DF-RHF iter  13:  -361.16886503636113   -1.20929e-09   3.00522e-08 DIIS
   @DF-RHF iter  14:  -361.16886503666990   -3.08773e-10   9.88448e-09 DIIS
  Energy and wave function converged.


  ==> Post-Iterations <==

    Orbital Energies [Eh]
    ---------------------

    Doubly Occupied:                                                      

       1A    -20.747821     2A    -20.744561     3A    -15.950007  
       4A    -11.522564     5A    -11.505799     6A    -11.487972  
       7A    -11.392198     8A     -1.559347     9A     -1.546992  
      10A     -1.512289    11A     -1.243104    12A     -1.152915  
      13A     -1.026466    14A     -1.022642    15A     -0.975844  
      16A     -0.911626    17A     -0.906064    18A     -0.851929  
      19A     -0.805699    20A     -0.802516    21A     -0.776258  
      22A     -0.761022    23A     -0.702686    24A     -0.700476  
      25A     -0.676495    26A     -0.653506    27A     -0.627178  
      28A     -0.593023  

    Virtual:                                                              

      29A     -0.137790    30A     -0.085268    31A     -0.073512  
      32A     -0.060343    33A     -0.046636    34A     -0.036224  
      35A     -0.034077    36A     -0.024154    37A     -0.022733  
      38A     -0.014121    39A     -0.010070    40A     -0.004536  
      41A     -0.002531    42A     -0.000812    43A      0.010044  
      44A      0.016783    45A      0.026461    46A      0.030455  
      47A      0.037993    48A      0.039829    49A      0.043042  
      50A      0.045701    51A      0.049216    52A      0.053685  
      53A      0.054637    54A      0.066706    55A      0.071619  
      56A      0.081545    57A      0.089641    58A      0.095974  
      59A      0.098273    60A      0.104966    61A      0.112065  
      62A      0.115148    63A      0.120420    64A      0.124405  
      65A      0.131530    66A      0.139637    67A      0.142661  
      68A      0.148001    69A      0.152741    70A      0.154887  
      71A      0.170200    72A      0.172943    73A      0.183355  
      74A      0.186978    75A      0.192141    76A      0.195779  
      77A      0.197248    78A      0.206139    79A      0.213459  
      80A      0.221098    81A      0.232159    82A      0.236778  
      83A      0.239112    84A      0.247966    85A      0.265508  
      86A      0.267757    87A      0.281102    88A      0.287178  
      89A      0.295263    90A      0.303057    91A      0.307936  
      92A      0.316359    93A      0.319918    94A      0.345181  
      95A      0.347947    96A      0.359887    97A      0.374972  
      98A      0.379640    99A      0.387192   100A      0.394297  
     101A      0.415617   102A      0.433789   103A      0.448415  
     104A      0.466711   105A      0.508107   106A      0.514217  
     107A      0.534322   108A      0.538978   109A      0.559718  
     110A      0.573209   111A      0.580008   112A      0.592271  
     113A      0.604983   114A      0.610457   115A      0.622316  
     116A      0.636124   117A      0.639633   118A      0.669189  
     119A      0.674117   120A      0.683579   121A      0.693672  
     122A      0.700194   123A      0.709863   124A      0.729369  
     125A      0.744057   126A      0.751038   127A      0.758918  
     128A      0.763911   129A      0.790212   130A      0.795058  
     131A      0.799982   132A      0.804865   133A      0.819949  
     134A      0.837090   135A      0.840579   136A      0.864286  
     137A      0.872203   138A      0.881969   139A      0.887888  
     140A      0.912474   141A      0.916019   142A      0.932353  
     143A      0.934883   144A      0.955163   145A      0.969909  
     146A      0.971627   147A      1.020073   148A      1.097728  
     149A      1.152816   150A      1.161270   151A      1.195697  
     152A      1.213160   153A      1.223707   154A      1.258467  
     155A      1.302280   156A      1.317483   157A      1.337568  
     158A      1.345324   159A      1.355409   160A      1.370752  
     161A      1.398337   162A      1.404988   163A      1.416548  
     164A      1.463719   165A      1.489005   166A      1.495896  
     167A      1.499748   168A      1.515219   169A      1.521764  
     170A      1.546826   171A      1.577793   172A      1.586552  
     173A      1.594958   174A      1.615005   175A      1.642363  
     176A      1.655645   177A      1.674523   178A      1.678462  
     179A      1.682962   180A      1.697568   181A      1.698377  
     182A      1.714346   183A      1.736877   184A      1.742100  
     185A      1.745874   186A      1.764704   187A      1.770188  
     188A      1.786373   189A      1.791864   190A      1.803066  
     191A      1.814281   192A      1.823050   193A      1.826168  
     194A      1.855763   195A      1.857097   196A      1.867216  
     197A      1.896766   198A      1.899648   199A      1.921758  
     200A      1.929502   201A      1.934973   202A      1.944040  
     203A      1.949921   204A      1.963997   205A      1.977547  
     206A      1.992561   207A      1.993678   208A      2.009318  
     209A      2.024408   210A      2.033714   211A      2.041049  
     212A      2.067228   213A      2.073288   214A      2.086563  
     215A      2.091486   216A      2.111579   217A      2.112811  
     218A      2.132668   219A      2.165793   220A      2.167241  
     221A      2.191354   222A      2.203967   223A      2.224254  
     224A      2.227108   225A      2.233952   226A      2.247723  
     227A      2.281586   228A      2.283698   229A      2.310666  
     230A      2.340663   231A      2.354384   232A      2.355280  
     233A      2.382250   234A      2.394508   235A      2.417429  
     236A      2.433583   237A      2.443891   238A      2.450749  
     239A      2.463601   240A      2.489341   241A      2.500321  
     242A      2.527968   243A      2.543329   244A      2.566469  
     245A      2.589130   246A      2.639843   247A      2.646283  
     248A      2.655667   249A      2.673878   250A      2.682146  
     251A      2.689267   252A      2.724784   253A      2.736738  
     254A      2.752448   255A      2.773128   256A      2.786672  
     257A      2.788005   258A      2.818781   259A      2.875082  
     260A      2.895468   261A      2.913613   262A      2.960772  
     263A      3.007596   264A      3.063915   265A      3.099730  
     266A      3.132799   267A      3.146256   268A      3.162448  
     269A      3.192898   270A      3.236731   271A      3.261922  
     272A      3.275745   273A      3.300901   274A      3.393947  
     275A      3.440839   276A      3.507641   277A      3.529613  
     278A      3.560841   279A      3.664368   280A      3.752895  
     281A      3.759029   282A      3.893204   283A      3.913827  
     284A      3.987765   285A      4.112721   286A      4.170941  
     287A      4.281850   288A      4.368082   289A      4.631529  
     290A      4.662381   291A      4.725087   292A      4.763613  
     293A      4.838263   294A      4.888861   295A      4.978026  
     296A      5.040433   297A      5.441192   298A      5.523898  
     299A      5.706989   300A      5.940526   301A      6.668761  
     302A     18.177079   303A     18.351003   304A     18.534687  
     305A     25.320743   306A     33.425945  

    Final Occupation by Irrep:
              A 
    DOCC [    28 ]

  @DF-RHF Final Energy:  -361.16886503666990

   => Energetics <=

    Nuclear Repulsion Energy =            327.1164433982738728
    One-Electron Energy =               -1130.2526140292573018
    Two-Electron Energy =                 441.9673055943135296
    Total Energy =                       -361.1688650366698994

Computation Completed


Properties will be evaluated at   0.000000,   0.000000,   0.000000 [a0]

Properties computed using the SCF density matrix

  Nuclear Dipole Moment: [e a0]
     X:  -112.8927      Y:   399.3293      Z:   111.2306

  Electronic Dipole Moment: [e a0]
     X:   113.4857      Y:  -394.8944      Z:  -110.2579

  Dipole Moment: [e a0]
     X:     0.5931      Y:     4.4348      Z:     0.9727     Total:     4.5788

  Dipole Moment: [D]
     X:     1.5074      Y:    11.2722      Z:     2.4723     Total:    11.6382


*** tstop() called on aliaconda at Sun Mar 20 05:50:00 2022
Module time:
	user time   =     221.79 seconds =       3.70 minutes
	system time =      25.00 seconds =       0.42 minutes
	total time  =         10 seconds =       0.17 minutes
Total time:
	user time   =   83812.03 seconds =    1396.87 minutes
	system time =   11667.52 seconds =     194.46 minutes
	total time  =       5183 seconds =      86.38 minutes
  Constructing Basis Sets for SAPT...

   => Loading Basis Set <=

    Name: (JUN-CC-PVDZ AUX)
    Role: RIFIT
    Keyword: DF_BASIS_SAPT
    atoms 1, 14                                          entry N          line   144 file /home/alia/anaconda3/envs/mddemo/share/psi4/basis/jun-cc-pvdz-ri.gbs 
    atoms 2-4, 6, 8-10, 13, 15-17, 19, 21, 23, 25-27, 30 entry H          line    30 file /home/alia/anaconda3/envs/mddemo/share/psi4/basis/jun-cc-pvdz-ri.gbs 
    atoms 5, 7, 11, 18, 20, 24, 28                       entry C          line   100 file /home/alia/anaconda3/envs/mddemo/share/psi4/basis/jun-cc-pvdz-ri.gbs 
    atoms 12, 22, 29                                     entry O          line   188 file /home/alia/anaconda3/envs/mddemo/share/psi4/basis/jun-cc-pvdz-ri.gbs 


  //>>>>>>>>>>>>>>>>>>>>>>>>>>>>>>>>>>>//
  //               SAPT0               //
  //<<<<<<<<<<<<<<<<<<<<<<<<<<<<<<<<<<<//


*** tstart() called on aliaconda
*** at Sun Mar 20 05:50:01 2022

        SAPT0  
    Ed Hohenstein
     6 June 2009

      Orbital Information
  --------------------------
    NSO        =       306
    NMO        =       306
    NRI        =      1032
    NOCC A     =        20
    NOCC B     =        28
    FOCC A     =         0
    FOCC B     =         0
    NVIR A     =       286
    NVIR B     =       278

    Elst10,r            =     0.063430115127 [Eh]
    Exch10              =    -0.000000018124 [Eh]
    Exch10 (S^2)        =    -0.000000018124 [Eh]

    Iter     Energy [mEh]          dE [mEh]         Residual      Time [s]
       1      -0.37664600       0.376646004       5.315409348             0
       2      -0.37159301      -0.005052991       1.957766662             1
       3      -0.40028388       0.028690869       0.752051553             1
       4      -0.40920337       0.008919489       0.191271813             2
       5      -0.40817928      -0.001024092       0.114374038             2
       6      -0.40735689      -0.000822387       0.035697873             3
       7      -0.40762565       0.000268753       0.013578411             3
       8      -0.40765858       0.000032931       0.006423967             4
       9      -0.40762851      -0.000030066       0.003229490             5
      10      -0.40762466      -0.000003847       0.000957401             5
      11      -0.40762997       0.000005306       0.000253163             6
      12      -0.40762951      -0.000000456       0.000062948             6
      13      -0.40762933      -0.000000180       0.000017773             7
      14      -0.40762934       0.000000004       0.000004592             7
      15      -0.40762935       0.000000017       0.000000790             8

    CHF Iterations converged


    Iter     Energy [mEh]          dE [mEh]         Residual      Time [s]
       1      -0.22879462       0.228794618       3.588247276             1
       2      -0.23806214       0.009267527       1.525150948             1
       3      -0.25666654       0.018604394       0.553660617             2
       4      -0.26033266       0.003666121       0.156022066             2
       5      -0.25986936      -0.000463298       0.088718085             3
       6      -0.25932186      -0.000547498       0.029574626             3
       7      -0.25937777       0.000055901       0.014228607             4
       8      -0.25945854       0.000080770       0.003971897             4
       9      -0.25944470      -0.000013834       0.001964990             5
      10      -0.25943921      -0.000005494       0.000991393             6
      11      -0.25944258       0.000003369       0.000477183             6
      12      -0.25944306       0.000000485       0.000161414             7
      13      -0.25944269      -0.000000373       0.000050779             7
      14      -0.25944259      -0.000000095       0.000013492             8
      15      -0.25944262       0.000000027       0.000004399             8
      16      -0.25944263       0.000000008       0.000001232             9
      17      -0.25944263      -0.000000003       0.000000450             9

    CHF Iterations converged

    Ind20,r (A<-B)      =    -0.000407629354 [Eh]
    Ind20,r (B<-A)      =    -0.000259442626 [Eh]
    Ind20,r             =    -0.000667071980 [Eh]
    Exch-Ind20,r (A<-B) =     0.000000003209 [Eh]
    Exch-Ind20,r (B<-A) =     0.000000005153 [Eh]
    Exch-Ind20,r        =     0.000000008361 [Eh]
    Disp20              =    -0.000053101156 [Eh]
    Disp20 (SS)         =    -0.000026550578 [Eh]
    Disp20 (OS)         =    -0.000026550578 [Eh]
    Exch-Disp20         =     0.000000002771 [Eh]
    Exch-Disp20 (SS)    =     0.000000002087 [Eh]
    Exch-Disp20 (OS)    =     0.000000000685 [Eh]

    SAPT Results 
  --------------------------------------------------------------------------------------------------------
    Electrostatics                 63.43011513 [mEh]      39.80299817 [kcal/mol]     166.53574432 [kJ/mol]
      Elst10,r                     63.43011513 [mEh]      39.80299817 [kcal/mol]     166.53574432 [kJ/mol]

    Exchange                       -0.00001812 [mEh]      -0.00001137 [kcal/mol]      -0.00004758 [kJ/mol]
      Exch10                       -0.00001812 [mEh]      -0.00001137 [kcal/mol]      -0.00004758 [kJ/mol]
      Exch10(S^2)                  -0.00001812 [mEh]      -0.00001137 [kcal/mol]      -0.00004758 [kJ/mol]

    Induction                      -0.65767461 [mEh]      -0.41269705 [kcal/mol]      -1.72672446 [kJ/mol]
      Ind20,r                      -0.66707198 [mEh]      -0.41859399 [kcal/mol]      -1.75139724 [kJ/mol]
      Exch-Ind20,r                  0.00000836 [mEh]       0.00000525 [kcal/mol]       0.00002195 [kJ/mol]
      delta HF,r (2)                0.00938900 [mEh]       0.00589169 [kcal/mol]       0.02465083 [kJ/mol]

    Dispersion                     -0.05309839 [mEh]      -0.03331974 [kcal/mol]      -0.13940979 [kJ/mol]
      Disp20                       -0.05310116 [mEh]      -0.03332148 [kcal/mol]      -0.13941707 [kJ/mol]
      Exch-Disp20                   0.00000277 [mEh]       0.00000174 [kcal/mol]       0.00000728 [kJ/mol]
      Disp20 (SS)                  -0.02655058 [mEh]      -0.01666074 [kcal/mol]      -0.06970853 [kJ/mol]
      Disp20 (OS)                  -0.02655058 [mEh]      -0.01666074 [kcal/mol]      -0.06970853 [kJ/mol]
      Exch-Disp20 (SS)              0.00000209 [mEh]       0.00000131 [kcal/mol]       0.00000548 [kJ/mol]
      Exch-Disp20 (OS)              0.00000068 [mEh]       0.00000043 [kcal/mol]       0.00000180 [kJ/mol]

  Total HF                         62.77242239 [mEh]      39.39028974 [kcal/mol]     164.80897228 [kJ/mol]
  Total SAPT0                      62.71932400 [mEh]      39.35697000 [kcal/mol]     164.66956249 [kJ/mol]

  Special recipe for scaled SAPT0 (see Manual):
    Electrostatics sSAPT0          63.43011513 [mEh]      39.80299817 [kcal/mol]     166.53574432 [kJ/mol]
    Exchange sSAPT0                -0.00001812 [mEh]      -0.00001137 [kcal/mol]      -0.00004758 [kJ/mol]
    Induction sSAPT0               -0.65767461 [mEh]      -0.41269705 [kcal/mol]      -1.72672446 [kJ/mol]
    Dispersion sSAPT0              -0.05309839 [mEh]      -0.03331974 [kcal/mol]      -0.13940979 [kJ/mol]
  Total sSAPT0                     62.71932400 [mEh]      39.35697000 [kcal/mol]     164.66956249 [kJ/mol]
  --------------------------------------------------------------------------------------------------------

*** tstop() called on aliaconda at Sun Mar 20 05:50:48 2022
Module time:
	user time   =     660.47 seconds =      11.01 minutes
	system time =     112.74 seconds =       1.88 minutes
	total time  =         47 seconds =       0.78 minutes
Total time:
	user time   =   84475.11 seconds =    1407.92 minutes
	system time =   11780.71 seconds =     196.35 minutes
	total time  =       5231 seconds =      87.18 minutes


Warning! sapt0 does not have an associated derived wavefunction.The returned wavefunction is the dimer SCF wavefunction.


  Memory set to  74.506 GiB by Python driver.
  Threads set to 32 by Python driver.
