
Scratch directory: /tmp/

Scratch directory: /tmp/

  //>>>>>>>>>>>>>>>>>>>>>>>>>>>>>>>>>>>//
  //              Dimer HF             //
  //<<<<<<<<<<<<<<<<<<<<<<<<<<<<<<<<<<<//


*** tstart() called on aliaconda
*** at Sun Mar 20 06:43:47 2022

   => Loading Basis Set <=

    Name: JUN-CC-PVDZ
    Role: ORBITAL
    Keyword: BASIS
    atoms 1, 14                                          entry N          line   198 file /home/alia/anaconda3/envs/mddemo/share/psi4/basis/jun-cc-pvdz.gbs 
    atoms 2-4, 6, 8-10, 13, 15-17, 19, 21, 23, 25-27, 30 entry H          line    36 file /home/alia/anaconda3/envs/mddemo/share/psi4/basis/jun-cc-pvdz.gbs 
    atoms 5, 7, 11, 18, 20, 24, 28                       entry C          line   164 file /home/alia/anaconda3/envs/mddemo/share/psi4/basis/jun-cc-pvdz.gbs 
    atoms 12, 22, 29                                     entry O          line   232 file /home/alia/anaconda3/envs/mddemo/share/psi4/basis/jun-cc-pvdz.gbs 


         ---------------------------------------------------------
                                   SCF
               by Justin Turney, Rob Parrish, Andy Simmonett
                          and Daniel G. A. Smith
                              RHF Reference
                       32 Threads,  76293 MiB Core
         ---------------------------------------------------------

  ==> Geometry <==

    Molecular point group: c1
    Full point group: C1

    Geometry (in Angstrom), charge = 2, multiplicity = 1:

       Center              X                  Y                   Z               Mass       
    ------------   -----------------  -----------------  -----------------  -----------------
         N           -0.604647939382    -6.544529406244    -1.060408362508    14.003074004430
         H           -1.519647901235    -6.438529459650    -0.285408267141     1.007825032230
         H           -1.231647794424    -6.843529431039    -2.041408547521     1.007825032230
         H           -0.050647561727    -7.363529411966    -0.755408534170     1.007825032230
         C            0.150352175059    -5.318529335672    -1.122408637166    12.000000000000
         H           -0.308647935568    -4.555529324228    -0.565408476949     1.007825032230
         C            1.538352186503    -5.487529484445    -0.456408270956    12.000000000000
         H            2.095352346720    -6.389529434854    -0.792408236623     1.007825032230
         H            1.314352209391    -5.751529423410     0.613591423869     1.007825032230
         H            2.212352211298    -4.641529289896    -0.587408312917     1.007825032230
         C            0.406352217020    -4.948529450113    -2.544408568502    12.000000000000
         O            0.410352403940    -5.745529381448    -3.449408539892    15.994914619570
         H            0.601985151591    -3.892078129465    -2.780286320806     1.007825032230
         N            0.699352199854     3.021470340079     0.230591526865    14.003074004430
         H            0.794352228464     1.824470790213     0.168591729044     1.007825032230
         H            0.689352209391     3.202470095938    -0.962408312917     1.007825032230
         H            1.654352361979     3.435470851248     0.514591446757     1.007825032230
         C           -0.406647508322     3.748470576590     0.704591503977    12.000000000000
         H           -1.214647596060     3.127470286673     0.502591362834     1.007825032230
         C           -0.417647664724     3.853470118826     2.197591534495    12.000000000000
         H           -1.426647966085     4.212470324820     2.585591545939     1.007825032230
         O            0.567352468790     4.722470553702     2.684591523051    15.994914619570
         H            1.450352365793     4.390470774954     2.397591820597     1.007825032230
         C           -0.053647821127     2.482470782584     2.835591545939    12.000000000000
         H            1.033352310480     2.335470469778     2.688591233134     1.007825032230
         H           -0.543647592245     1.689470561331     2.317591420054     1.007825032230
         H           -0.331647699056     2.433470042532     3.882591477274     1.007825032230
         C           -0.654647653280     5.038470538443     0.031591645121    12.000000000000
         O           -1.823647802053     5.436470301932    -0.159408339620    15.994914619570
         H            0.194067175211     5.652741702383    -0.303601512075     1.007825032230

  Running in c1 symmetry.

  Rotational constants: A =      0.04121  B =      0.00361  C =      0.00346 [cm^-1]
  Rotational constants: A =   1235.51725  B =    108.28632  C =    103.72005 [MHz]
  Nuclear repulsion =  645.611424617257285

  Charge       = 2
  Multiplicity = 1
  Electrons    = 96
  Nalpha       = 48
  Nbeta        = 48

  ==> Algorithm <==

  SCF Algorithm Type is DF.
  DIIS enabled.
  MOM disabled.
  Fractional occupation disabled.
  Guess Type is SAD.
  Energy threshold   = 1.00e-08
  Density threshold  = 1.00e-08
  Integral threshold = 1.00e-12

  ==> Primary Basis <==

  Basis Set: JUN-CC-PVDZ
    Blend: JUN-CC-PVDZ
    Number of shells: 150
    Number of basis functions: 306
    Number of Cartesian functions: 318
    Spherical Harmonics?: true
    Max angular momentum: 2

   => Loading Basis Set <=

    Name: (JUN-CC-PVDZ AUX)
    Role: JKFIT
    Keyword: DF_BASIS_SCF
    atoms 1, 14                                          entry N          line   202 file /home/alia/anaconda3/envs/mddemo/share/psi4/basis/jun-cc-pvdz-jkfit.gbs 
    atoms 2-4, 6, 8-10, 13, 15-17, 19, 21, 23, 25-27, 30 entry H          line    70 file /home/alia/anaconda3/envs/mddemo/share/psi4/basis/jun-cc-pvdz-jkfit.gbs 
    atoms 5, 7, 11, 18, 20, 24, 28                       entry C          line   146 file /home/alia/anaconda3/envs/mddemo/share/psi4/basis/jun-cc-pvdz-jkfit.gbs 
    atoms 12, 22, 29                                     entry O          line   258 file /home/alia/anaconda3/envs/mddemo/share/psi4/basis/jun-cc-pvdz-jkfit.gbs 

  ==> Integral Setup <==

  ==> DiskDFJK: Density-Fitted J/K Matrices <==

    J tasked:                  Yes
    K tasked:                  Yes
    wK tasked:                  No
    OpenMP threads:             32
    Integrals threads:          32
    Memory [MiB]:            57220
    Algorithm:                Core
    Integral Cache:           SAVE
    Schwarz Cutoff:          1E-12
    Fitting Condition:       1E-10

   => Auxiliary Basis Set <=

  Basis Set: (JUN-CC-PVDZ AUX)
    Blend: JUN-CC-PVDZ-JKFIT
    Number of shells: 486
    Number of basis functions: 1362
    Number of Cartesian functions: 1542
    Spherical Harmonics?: true
    Max angular momentum: 3

  Minimum eigenvalue in the overlap matrix is 5.4654511310E-05.
  Reciprocal condition number of the overlap matrix is 4.6598269852E-06.
    Using symmetric orthogonalization.

  ==> Pre-Iterations <==

  SCF Guess: Superposition of Atomic Densities via on-the-fly atomic UHF (no occupation information).

   -------------------------
    Irrep   Nso     Nmo    
   -------------------------
     A        306     306 
   -------------------------
    Total     306     306
   -------------------------

  ==> Iterations <==

                           Total Energy        Delta E     RMS |[F,P]|

   @DF-RHF iter SAD:  -607.69440154323456   -6.07694e+02   0.00000e+00 
   @DF-RHF iter   1:  -607.94427465963975   -2.49873e-01   2.83494e-03 DIIS
   @DF-RHF iter   2:  -608.27215664125697   -3.27882e-01   1.77572e-03 DIIS
   @DF-RHF iter   3:  -608.38278752119197   -1.10631e-01   4.03149e-04 DIIS
   @DF-RHF iter   4:  -608.39169128548690   -8.90376e-03   1.53643e-04 DIIS
   @DF-RHF iter   5:  -608.39300725102157   -1.31597e-03   3.65330e-05 DIIS
   @DF-RHF iter   6:  -608.39313049530438   -1.23244e-04   1.84477e-05 DIIS
   @DF-RHF iter   7:  -608.39316190992224   -3.14146e-05   8.44148e-06 DIIS
   @DF-RHF iter   8:  -608.39316970697223   -7.79705e-06   3.66138e-06 DIIS
   @DF-RHF iter   9:  -608.39317128555706   -1.57858e-06   1.32908e-06 DIIS
   @DF-RHF iter  10:  -608.39317150216766   -2.16611e-07   4.02795e-07 DIIS
   @DF-RHF iter  11:  -608.39317152588046   -2.37128e-08   1.80948e-07 DIIS
   @DF-RHF iter  12:  -608.39317153290415   -7.02369e-09   9.56901e-08 DIIS
   @DF-RHF iter  13:  -608.39317153545630   -2.55216e-09   4.96556e-08 DIIS
   @DF-RHF iter  14:  -608.39317153634079   -8.84484e-10   1.99675e-08 DIIS
   @DF-RHF iter  15:  -608.39317153645152   -1.10731e-10   7.65786e-09 DIIS
  Energy and wave function converged.


  ==> Post-Iterations <==

    Orbital Energies [Eh]
    ---------------------

    Doubly Occupied:                                                      

       1A    -20.811340     2A    -20.800782     3A    -20.791826  
       4A    -16.012722     5A    -15.988193     6A    -11.583188  
       7A    -11.575792     8A    -11.561072     9A    -11.543267  
      10A    -11.530201    11A    -11.495944    12A    -11.453397  
      13A     -1.649684    14A     -1.618944    15A     -1.597513  
      16A     -1.572920    17A     -1.557384    18A     -1.310282  
      19A     -1.306294    20A     -1.220783    21A     -1.165093  
      22A     -1.092470    23A     -1.075237    24A     -1.065348  
      25A     -1.031649    26A     -1.008428    27A     -0.995822  
      28A     -0.982170    29A     -0.960844    30A     -0.938707  
      31A     -0.890236    32A     -0.886297    33A     -0.873476  
      34A     -0.860942    35A     -0.859837    36A     -0.832244  
      37A     -0.814334    38A     -0.813843    39A     -0.813127  
      40A     -0.772944    41A     -0.766231    42A     -0.757464  
      43A     -0.739291    44A     -0.727169    45A     -0.707612  
      46A     -0.677717    47A     -0.670443    48A     -0.651277  

    Virtual:                                                              

      49A     -0.203756    50A     -0.176972    51A     -0.157496  
      52A     -0.143243    53A     -0.137711    54A     -0.132870  
      55A     -0.119340    56A     -0.113435    57A     -0.105607  
      58A     -0.101413    59A     -0.090250    60A     -0.088027  
      61A     -0.082770    62A     -0.082226    63A     -0.079325  
      64A     -0.073526    65A     -0.067715    66A     -0.063031  
      67A     -0.061944    68A     -0.059095    69A     -0.049117  
      70A     -0.044944    71A     -0.038797    72A     -0.030851  
      73A     -0.026973    74A     -0.025258    75A     -0.023900  
      76A     -0.020199    77A     -0.012112    78A     -0.007820  
      79A     -0.006567    80A     -0.006148    81A      0.003093  
      82A      0.016946    83A      0.022038    84A      0.030664  
      85A      0.036763    86A      0.040399    87A      0.044767  
      88A      0.055990    89A      0.060381    90A      0.062164  
      91A      0.068967    92A      0.087040    93A      0.090737  
      94A      0.099709    95A      0.102317    96A      0.105780  
      97A      0.113717    98A      0.118286    99A      0.120548  
     100A      0.131188   101A      0.137613   102A      0.142341  
     103A      0.143523   104A      0.152190   105A      0.158306  
     106A      0.166179   107A      0.170561   108A      0.172766  
     109A      0.181595   110A      0.193738   111A      0.201800  
     112A      0.211359   113A      0.219231   114A      0.219927  
     115A      0.225133   116A      0.232710   117A      0.260080  
     118A      0.264298   119A      0.269959   120A      0.285244  
     121A      0.294762   122A      0.301710   123A      0.327025  
     124A      0.336901   125A      0.372785   126A      0.378668  
     127A      0.437836   128A      0.478781   129A      0.485816  
     130A      0.507758   131A      0.518894   132A      0.529938  
     133A      0.532419   134A      0.537906   135A      0.549663  
     136A      0.564768   137A      0.570963   138A      0.576743  
     139A      0.599716   140A      0.604616   141A      0.617905  
     142A      0.626223   143A      0.633544   144A      0.647324  
     145A      0.650995   146A      0.659156   147A      0.665592  
     148A      0.666911   149A      0.687412   150A      0.689974  
     151A      0.695330   152A      0.699386   153A      0.713547  
     154A      0.725524   155A      0.726102   156A      0.735102  
     157A      0.749254   158A      0.756839   159A      0.767334  
     160A      0.783055   161A      0.795533   162A      0.798285  
     163A      0.816724   164A      0.822276   165A      0.825639  
     166A      0.835796   167A      0.846427   168A      0.851057  
     169A      0.864495   170A      0.870282   171A      0.876490  
     172A      0.933111   173A      0.943487   174A      0.948962  
     175A      0.988384   176A      1.025047   177A      1.059108  
     178A      1.100701   179A      1.110174   180A      1.138021  
     181A      1.141544   182A      1.152779   183A      1.169425  
     184A      1.207637   185A      1.210840   186A      1.216061  
     187A      1.223403   188A      1.243047   189A      1.249078  
     190A      1.269984   191A      1.286643   192A      1.291532  
     193A      1.296663   194A      1.298673   195A      1.316252  
     196A      1.334615   197A      1.336490   198A      1.359526  
     199A      1.369208   200A      1.385385   201A      1.402034  
     202A      1.413579   203A      1.425078   204A      1.428527  
     205A      1.438429   206A      1.473283   207A      1.491767  
     208A      1.538279   209A      1.542761   210A      1.574880  
     211A      1.584641   212A      1.595760   213A      1.611941  
     214A      1.624996   215A      1.628835   216A      1.642892  
     217A      1.658899   218A      1.659186   219A      1.702125  
     220A      1.707113   221A      1.709259   222A      1.715095  
     223A      1.717467   224A      1.725820   225A      1.725950  
     226A      1.748336   227A      1.751333   228A      1.771880  
     229A      1.774661   230A      1.780417   231A      1.787577  
     232A      1.801228   233A      1.807387   234A      1.827288  
     235A      1.834525   236A      1.840947   237A      1.853451  
     238A      1.863707   239A      1.870358   240A      1.883671  
     241A      1.891716   242A      1.911781   243A      1.934676  
     244A      1.938131   245A      1.960384   246A      1.985320  
     247A      2.003213   248A      2.023416   249A      2.048139  
     250A      2.064037   251A      2.083627   252A      2.087706  
     253A      2.102746   254A      2.116340   255A      2.147945  
     256A      2.151447   257A      2.171924   258A      2.175012  
     259A      2.185505   260A      2.224673   261A      2.237944  
     262A      2.257313   263A      2.319424   264A      2.328844  
     265A      2.341158   266A      2.370331   267A      2.380917  
     268A      2.393211   269A      2.400457   270A      2.441866  
     271A      2.462561   272A      2.469030   273A      2.512330  
     274A      2.533379   275A      2.536278   276A      2.593640  
     277A      2.605285   278A      2.615365   279A      2.631883  
     280A      2.632566   281A      2.662504   282A      2.672834  
     283A      2.676546   284A      2.704825   285A      2.709426  
     286A      2.769181   287A      2.795078   288A      2.843038  
     289A      2.845760   290A      2.884060   291A      2.918482  
     292A      3.025437   293A      3.027615   294A      3.037437  
     295A      3.059086   296A      3.093477   297A      3.181001  
     298A      3.242638   299A      3.251020   300A      3.271171  
     301A      3.487797   302A      3.539296   303A      3.542195  
     304A      3.718825   305A      3.756049   306A      3.896407  

    Final Occupation by Irrep:
              A 
    DOCC [    48 ]

  @DF-RHF Final Energy:  -608.39317153645152

   => Energetics <=

    Nuclear Repulsion Energy =            645.6114246172572848
    One-Electron Energy =               -2085.1856309357763166
    Two-Electron Energy =                 831.1810347820673996
    Total Energy =                       -608.3931715364515185

Computation Completed


Properties will be evaluated at   0.000000,   0.000000,   0.000000 [a0]

Properties computed using the SCF density matrix

  Nuclear Dipole Moment: [e a0]
     X:     5.0699      Y:   -12.6917      Z:     6.1830

  Electronic Dipole Moment: [e a0]
     X:    -3.8832      Y:     6.2322      Z:    -6.6613

  Dipole Moment: [e a0]
     X:     1.1867      Y:    -6.4595      Z:    -0.4783     Total:     6.5850

  Dipole Moment: [D]
     X:     3.0162      Y:   -16.4184      Z:    -1.2157     Total:    16.7374


*** tstop() called on aliaconda at Sun Mar 20 06:44:01 2022
Module time:
	user time   =     308.44 seconds =       5.14 minutes
	system time =      37.09 seconds =       0.62 minutes
	total time  =         14 seconds =       0.23 minutes
Total time:
	user time   =  138748.48 seconds =    2312.47 minutes
	system time =   19604.25 seconds =     326.74 minutes
	total time  =       8424 seconds =     140.40 minutes

  //>>>>>>>>>>>>>>>>>>>>>>>>>>>>>>>>>>>//
  //            Monomer A HF           //
  //<<<<<<<<<<<<<<<<<<<<<<<<<<<<<<<<<<<//


*** tstart() called on aliaconda
*** at Sun Mar 20 06:44:01 2022

   => Loading Basis Set <=

    Name: JUN-CC-PVDZ
    Role: ORBITAL
    Keyword: BASIS
    atoms 1, 14                                          entry N          line   198 file /home/alia/anaconda3/envs/mddemo/share/psi4/basis/jun-cc-pvdz.gbs 
    atoms 2-4, 6, 8-10, 13, 15-17, 19, 21, 23, 25-27, 30 entry H          line    36 file /home/alia/anaconda3/envs/mddemo/share/psi4/basis/jun-cc-pvdz.gbs 
    atoms 5, 7, 11, 18, 20, 24, 28                       entry C          line   164 file /home/alia/anaconda3/envs/mddemo/share/psi4/basis/jun-cc-pvdz.gbs 
    atoms 12, 22, 29                                     entry O          line   232 file /home/alia/anaconda3/envs/mddemo/share/psi4/basis/jun-cc-pvdz.gbs 


         ---------------------------------------------------------
                                   SCF
               by Justin Turney, Rob Parrish, Andy Simmonett
                          and Daniel G. A. Smith
                              RHF Reference
                       32 Threads,  76293 MiB Core
         ---------------------------------------------------------

  ==> Geometry <==

    Molecular point group: c1
    Full point group: C1

    Geometry (in Angstrom), charge = 1, multiplicity = 1:

       Center              X                  Y                   Z               Mass       
    ------------   -----------------  -----------------  -----------------  -----------------
         N           -0.604647939382    -6.544529406244    -1.060408362508    14.003074004430
         H           -1.519647901235    -6.438529459650    -0.285408267141     1.007825032230
         H           -1.231647794424    -6.843529431039    -2.041408547521     1.007825032230
         H           -0.050647561727    -7.363529411966    -0.755408534170     1.007825032230
         C            0.150352175059    -5.318529335672    -1.122408637166    12.000000000000
         H           -0.308647935568    -4.555529324228    -0.565408476949     1.007825032230
         C            1.538352186503    -5.487529484445    -0.456408270956    12.000000000000
         H            2.095352346720    -6.389529434854    -0.792408236623     1.007825032230
         H            1.314352209391    -5.751529423410     0.613591423869     1.007825032230
         H            2.212352211298    -4.641529289896    -0.587408312917     1.007825032230
         C            0.406352217020    -4.948529450113    -2.544408568502    12.000000000000
         O            0.410352403940    -5.745529381448    -3.449408539892    15.994914619570
         H            0.601985151591    -3.892078129465    -2.780286320806     1.007825032230
      Gh(N)           0.699352199854     3.021470340079     0.230591526865    14.003074004430
      Gh(H)           0.794352228464     1.824470790213     0.168591729044     1.007825032230
      Gh(H)           0.689352209391     3.202470095938    -0.962408312917     1.007825032230
      Gh(H)           1.654352361979     3.435470851248     0.514591446757     1.007825032230
      Gh(C)          -0.406647508322     3.748470576590     0.704591503977    12.000000000000
      Gh(H)          -1.214647596060     3.127470286673     0.502591362834     1.007825032230
      Gh(C)          -0.417647664724     3.853470118826     2.197591534495    12.000000000000
      Gh(H)          -1.426647966085     4.212470324820     2.585591545939     1.007825032230
      Gh(O)           0.567352468790     4.722470553702     2.684591523051    15.994914619570
      Gh(H)           1.450352365793     4.390470774954     2.397591820597     1.007825032230
      Gh(C)          -0.053647821127     2.482470782584     2.835591545939    12.000000000000
      Gh(H)           1.033352310480     2.335470469778     2.688591233134     1.007825032230
      Gh(H)          -0.543647592245     1.689470561331     2.317591420054     1.007825032230
      Gh(H)          -0.331647699056     2.433470042532     3.882591477274     1.007825032230
      Gh(C)          -0.654647653280     5.038470538443     0.031591645121    12.000000000000
      Gh(O)          -1.823647802053     5.436470301932    -0.159408339620    15.994914619570
      Gh(H)           0.194067175211     5.652741702383    -0.303601512075     1.007825032230

  Running in c1 symmetry.

  Rotational constants: A =      0.04121  B =      0.00361  C =      0.00346 [cm^-1]
  Rotational constants: A =   1235.51725  B =    108.28632  C =    103.72005 [MHz]
  Nuclear repulsion =  188.692691375449016

  Charge       = 1
  Multiplicity = 1
  Electrons    = 40
  Nalpha       = 20
  Nbeta        = 20

  ==> Algorithm <==

  SCF Algorithm Type is DF.
  DIIS enabled.
  MOM disabled.
  Fractional occupation disabled.
  Guess Type is SAD.
  Energy threshold   = 1.00e-08
  Density threshold  = 1.00e-08
  Integral threshold = 1.00e-12

  ==> Primary Basis <==

  Basis Set: JUN-CC-PVDZ
    Blend: JUN-CC-PVDZ
    Number of shells: 150
    Number of basis functions: 306
    Number of Cartesian functions: 318
    Spherical Harmonics?: true
    Max angular momentum: 2

   => Loading Basis Set <=

    Name: (JUN-CC-PVDZ AUX)
    Role: JKFIT
    Keyword: DF_BASIS_SCF
    atoms 1, 14                                          entry N          line   202 file /home/alia/anaconda3/envs/mddemo/share/psi4/basis/jun-cc-pvdz-jkfit.gbs 
    atoms 2-4, 6, 8-10, 13, 15-17, 19, 21, 23, 25-27, 30 entry H          line    70 file /home/alia/anaconda3/envs/mddemo/share/psi4/basis/jun-cc-pvdz-jkfit.gbs 
    atoms 5, 7, 11, 18, 20, 24, 28                       entry C          line   146 file /home/alia/anaconda3/envs/mddemo/share/psi4/basis/jun-cc-pvdz-jkfit.gbs 
    atoms 12, 22, 29                                     entry O          line   258 file /home/alia/anaconda3/envs/mddemo/share/psi4/basis/jun-cc-pvdz-jkfit.gbs 

  ==> Integral Setup <==

  ==> DiskDFJK: Density-Fitted J/K Matrices <==

    J tasked:                  Yes
    K tasked:                  Yes
    wK tasked:                  No
    OpenMP threads:             32
    Integrals threads:          32
    Memory [MiB]:            57220
    Algorithm:                Core
    Integral Cache:           LOAD
    Schwarz Cutoff:          1E-12
    Fitting Condition:       1E-10

   => Auxiliary Basis Set <=

  Basis Set: (JUN-CC-PVDZ AUX)
    Blend: JUN-CC-PVDZ-JKFIT
    Number of shells: 486
    Number of basis functions: 1362
    Number of Cartesian functions: 1542
    Spherical Harmonics?: true
    Max angular momentum: 3

  Minimum eigenvalue in the overlap matrix is 5.4654511310E-05.
  Reciprocal condition number of the overlap matrix is 4.6598269853E-06.
    Using symmetric orthogonalization.

  ==> Pre-Iterations <==

  SCF Guess: Superposition of Atomic Densities via on-the-fly atomic UHF (no occupation information).

   -------------------------
    Irrep   Nso     Nmo    
   -------------------------
     A        306     306 
   -------------------------
    Total     306     306
   -------------------------

  ==> Iterations <==

                           Total Energy        Delta E     RMS |[F,P]|

   @DF-RHF iter SAD:  -246.86661240030833   -2.46867e+02   0.00000e+00 
   @DF-RHF iter   1:  -247.13348867354426   -2.66876e-01   1.71869e-03 DIIS
   @DF-RHF iter   2:  -247.26091421121032   -1.27426e-01   1.02021e-03 DIIS
   @DF-RHF iter   3:  -247.29780041419897   -3.68862e-02   2.39490e-04 DIIS
   @DF-RHF iter   4:  -247.30117183969037   -3.37143e-03   8.30360e-05 DIIS
   @DF-RHF iter   5:  -247.30159083529890   -4.18996e-04   1.87100e-05 DIIS
   @DF-RHF iter   6:  -247.30163620395891   -4.53687e-05   7.77574e-06 DIIS
   @DF-RHF iter   7:  -247.30164325476488   -7.05081e-06   3.65791e-06 DIIS
   @DF-RHF iter   8:  -247.30164481457007   -1.55981e-06   1.28881e-06 DIIS
   @DF-RHF iter   9:  -247.30164501246938   -1.97899e-07   2.90291e-07 DIIS
   @DF-RHF iter  10:  -247.30164502276435   -1.02950e-08   1.02580e-07 DIIS
   @DF-RHF iter  11:  -247.30164502447508   -1.71073e-09   3.85193e-08 DIIS
   @DF-RHF iter  12:  -247.30164502483760   -3.62519e-10   2.04207e-08 DIIS
   @DF-RHF iter  13:  -247.30164502498590   -1.48304e-10   7.18735e-09 DIIS
  Energy and wave function converged.


  ==> Post-Iterations <==

    Orbital Energies [Eh]
    ---------------------

    Doubly Occupied:                                                      

       1A    -20.749508     2A    -15.931063     3A    -11.520753  
       4A    -11.498282     5A    -11.433853     6A     -1.588571  
       7A     -1.498942     8A     -1.248559     9A     -1.103144  
      10A     -1.003778    11A     -0.949306    12A     -0.936250  
      13A     -0.877801    14A     -0.825880    15A     -0.799839  
      16A     -0.752877    17A     -0.750307    18A     -0.704293  
      19A     -0.678458    20A     -0.608453  

    Virtual:                                                              

      21A     -0.120249    22A     -0.077119    23A     -0.073874  
      24A     -0.045525    25A     -0.043904    26A     -0.029570  
      27A     -0.028214    28A     -0.018919    29A     -0.015584  
      30A     -0.007459    31A     -0.003352    32A      0.002548  
      33A      0.011183    34A      0.012297    35A      0.014769  
      36A      0.029875    37A      0.032637    38A      0.036211  
      39A      0.037810    40A      0.048485    41A      0.050697  
      42A      0.053683    43A      0.057048    44A      0.060440  
      45A      0.072644    46A      0.082165    47A      0.084707  
      48A      0.091957    49A      0.094588    50A      0.099493  
      51A      0.103209    52A      0.111970    53A      0.119803  
      54A      0.127619    55A      0.140129    56A      0.146873  
      57A      0.146955    58A      0.153926    59A      0.156278  
      60A      0.164175    61A      0.167642    62A      0.171503  
      63A      0.177138    64A      0.181115    65A      0.191370  
      66A      0.196399    67A      0.206002    68A      0.214836  
      69A      0.215683    70A      0.231712    71A      0.242716  
      72A      0.245408    73A      0.248553    74A      0.258951  
      75A      0.262726    76A      0.276095    77A      0.279660  
      78A      0.281409    79A      0.304322    80A      0.306562  
      81A      0.319857    82A      0.333868    83A      0.344775  
      84A      0.348862    85A      0.364382    86A      0.367019  
      87A      0.390441    88A      0.397267    89A      0.406314  
      90A      0.440677    91A      0.443082    92A      0.466078  
      93A      0.484664    94A      0.495928    95A      0.500274  
      96A      0.512838    97A      0.538420    98A      0.541460  
      99A      0.558781   100A      0.566479   101A      0.580877  
     102A      0.587805   103A      0.592299   104A      0.593231  
     105A      0.599338   106A      0.601860   107A      0.637966  
     108A      0.655905   109A      0.667334   110A      0.678376  
     111A      0.685072   112A      0.688306   113A      0.709942  
     114A      0.714558   115A      0.719228   116A      0.729182  
     117A      0.749394   118A      0.750794   119A      0.761485  
     120A      0.773247   121A      0.785960   122A      0.788095  
     123A      0.809133   124A      0.823749   125A      0.844672  
     126A      0.854539   127A      0.860147   128A      0.883492  
     129A      0.897331   130A      0.905166   131A      0.911595  
     132A      0.925606   133A      0.927123   134A      0.944938  
     135A      0.959669   136A      0.978904   137A      0.997406  
     138A      1.010037   139A      1.041141   140A      1.122269  
     141A      1.143064   142A      1.172586   143A      1.203731  
     144A      1.219864   145A      1.270973   146A      1.277810  
     147A      1.284377   148A      1.308316   149A      1.345782  
     150A      1.355684   151A      1.396360   152A      1.443947  
     153A      1.474893   154A      1.490809   155A      1.505207  
     156A      1.532007   157A      1.566231   158A      1.603349  
     159A      1.616832   160A      1.625929   161A      1.646623  
     162A      1.656013   163A      1.656882   164A      1.671624  
     165A      1.690793   166A      1.709513   167A      1.714669  
     168A      1.722344   169A      1.734215   170A      1.743907  
     171A      1.760015   172A      1.763649   173A      1.770209  
     174A      1.778354   175A      1.787323   176A      1.805980  
     177A      1.813709   178A      1.836502   179A      1.842234  
     180A      1.862733   181A      1.866343   182A      1.869766  
     183A      1.876888   184A      1.890235   185A      1.909826  
     186A      1.924906   187A      1.932468   188A      1.933716  
     189A      1.944557   190A      1.947020   191A      1.961148  
     192A      1.980174   193A      2.000195   194A      2.008170  
     195A      2.031500   196A      2.044424   197A      2.047427  
     198A      2.063429   199A      2.076058   200A      2.086160  
     201A      2.099085   202A      2.126436   203A      2.149404  
     204A      2.161976   205A      2.163914   206A      2.176994  
     207A      2.185317   208A      2.201015   209A      2.209045  
     210A      2.231800   211A      2.250493   212A      2.261556  
     213A      2.278311   214A      2.299413   215A      2.317859  
     216A      2.330049   217A      2.345549   218A      2.361416  
     219A      2.380936   220A      2.414905   221A      2.422267  
     222A      2.430904   223A      2.451734   224A      2.460096  
     225A      2.471839   226A      2.483039   227A      2.501903  
     228A      2.516854   229A      2.575073   230A      2.581143  
     231A      2.595745   232A      2.606156   233A      2.637132  
     234A      2.640390   235A      2.667783   236A      2.672977  
     237A      2.683122   238A      2.693662   239A      2.724178  
     240A      2.731632   241A      2.743120   242A      2.761234  
     243A      2.767858   244A      2.807676   245A      2.851782  
     246A      2.878758   247A      2.903796   248A      2.910339  
     249A      2.943840   250A      2.961648   251A      2.987343  
     252A      2.999792   253A      3.073401   254A      3.084932  
     255A      3.087819   256A      3.118973   257A      3.138516  
     258A      3.236592   259A      3.274234   260A      3.303453  
     261A      3.357859   262A      3.404901   263A      3.452256  
     264A      3.487035   265A      3.602092   266A      3.603351  
     267A      3.648622   268A      3.700293   269A      3.782566  
     270A      3.816739   271A      3.992549   272A      4.051500  
     273A      4.121956   274A      4.193028   275A      4.229161  
     276A      4.398385   277A      4.471023   278A      4.510500  
     279A      4.583596   280A      4.645974   281A      4.677937  
     282A      4.694389   283A      4.727029   284A      4.836154  
     285A      4.872740   286A      5.009395   287A      5.058665  
     288A      5.120373   289A      5.216914   290A      5.232938  
     291A      5.344763   292A      5.485891   293A      5.541205  
     294A      5.572062   295A      5.656932   296A      5.769028  
     297A      6.039255   298A      6.590996   299A      6.681524  
     300A     18.139527   301A     18.324406   302A     18.450623  
     303A     18.643438   304A     25.329862   305A     33.446821  
     306A     33.470209  

    Final Occupation by Irrep:
              A 
    DOCC [    20 ]

  @DF-RHF Final Energy:  -247.30164502498590

   => Energetics <=

    Nuclear Repulsion Energy =            188.6926913754490158
    One-Electron Energy =                -701.0688345327790785
    Two-Electron Energy =                 265.0744981323441607
    Total Energy =                       -247.3016450249858735

Computation Completed


Properties will be evaluated at   0.000000,   0.000000,   0.000000 [a0]

Properties computed using the SCF density matrix

  Nuclear Dipole Moment: [e a0]
     X:    27.8434      Y:  -438.7552      Z:  -126.5202

  Electronic Dipole Moment: [e a0]
     X:   -28.6555      Y:   427.4682      Z:   125.4641

  Dipole Moment: [e a0]
     X:    -0.8121      Y:   -11.2870      Z:    -1.0562     Total:    11.3654

  Dipole Moment: [D]
     X:    -2.0641      Y:   -28.6887      Z:    -2.6845     Total:    28.8879


*** tstop() called on aliaconda at Sun Mar 20 06:44:10 2022
Module time:
	user time   =     181.83 seconds =       3.03 minutes
	system time =      19.89 seconds =       0.33 minutes
	total time  =          9 seconds =       0.15 minutes
Total time:
	user time   =  138930.47 seconds =    2315.51 minutes
	system time =   19624.16 seconds =     327.07 minutes
	total time  =       8433 seconds =     140.55 minutes

  //>>>>>>>>>>>>>>>>>>>>>>>>>>>>>>>>>>>//
  //            Monomer B HF           //
  //<<<<<<<<<<<<<<<<<<<<<<<<<<<<<<<<<<<//


*** tstart() called on aliaconda
*** at Sun Mar 20 06:44:10 2022

   => Loading Basis Set <=

    Name: JUN-CC-PVDZ
    Role: ORBITAL
    Keyword: BASIS
    atoms 1, 14                                          entry N          line   198 file /home/alia/anaconda3/envs/mddemo/share/psi4/basis/jun-cc-pvdz.gbs 
    atoms 2-4, 6, 8-10, 13, 15-17, 19, 21, 23, 25-27, 30 entry H          line    36 file /home/alia/anaconda3/envs/mddemo/share/psi4/basis/jun-cc-pvdz.gbs 
    atoms 5, 7, 11, 18, 20, 24, 28                       entry C          line   164 file /home/alia/anaconda3/envs/mddemo/share/psi4/basis/jun-cc-pvdz.gbs 
    atoms 12, 22, 29                                     entry O          line   232 file /home/alia/anaconda3/envs/mddemo/share/psi4/basis/jun-cc-pvdz.gbs 


         ---------------------------------------------------------
                                   SCF
               by Justin Turney, Rob Parrish, Andy Simmonett
                          and Daniel G. A. Smith
                              RHF Reference
                       32 Threads,  76293 MiB Core
         ---------------------------------------------------------

  ==> Geometry <==

    Molecular point group: c1
    Full point group: C1

    Geometry (in Angstrom), charge = 1, multiplicity = 1:

       Center              X                  Y                   Z               Mass       
    ------------   -----------------  -----------------  -----------------  -----------------
      Gh(N)          -0.604647939382    -6.544529406244    -1.060408362508    14.003074004430
      Gh(H)          -1.519647901235    -6.438529459650    -0.285408267141     1.007825032230
      Gh(H)          -1.231647794424    -6.843529431039    -2.041408547521     1.007825032230
      Gh(H)          -0.050647561727    -7.363529411966    -0.755408534170     1.007825032230
      Gh(C)           0.150352175059    -5.318529335672    -1.122408637166    12.000000000000
      Gh(H)          -0.308647935568    -4.555529324228    -0.565408476949     1.007825032230
      Gh(C)           1.538352186503    -5.487529484445    -0.456408270956    12.000000000000
      Gh(H)           2.095352346720    -6.389529434854    -0.792408236623     1.007825032230
      Gh(H)           1.314352209391    -5.751529423410     0.613591423869     1.007825032230
      Gh(H)           2.212352211298    -4.641529289896    -0.587408312917     1.007825032230
      Gh(C)           0.406352217020    -4.948529450113    -2.544408568502    12.000000000000
      Gh(O)           0.410352403940    -5.745529381448    -3.449408539892    15.994914619570
      Gh(H)           0.601985151591    -3.892078129465    -2.780286320806     1.007825032230
         N            0.699352199854     3.021470340079     0.230591526865    14.003074004430
         H            0.794352228464     1.824470790213     0.168591729044     1.007825032230
         H            0.689352209391     3.202470095938    -0.962408312917     1.007825032230
         H            1.654352361979     3.435470851248     0.514591446757     1.007825032230
         C           -0.406647508322     3.748470576590     0.704591503977    12.000000000000
         H           -1.214647596060     3.127470286673     0.502591362834     1.007825032230
         C           -0.417647664724     3.853470118826     2.197591534495    12.000000000000
         H           -1.426647966085     4.212470324820     2.585591545939     1.007825032230
         O            0.567352468790     4.722470553702     2.684591523051    15.994914619570
         H            1.450352365793     4.390470774954     2.397591820597     1.007825032230
         C           -0.053647821127     2.482470782584     2.835591545939    12.000000000000
         H            1.033352310480     2.335470469778     2.688591233134     1.007825032230
         H           -0.543647592245     1.689470561331     2.317591420054     1.007825032230
         H           -0.331647699056     2.433470042532     3.882591477274     1.007825032230
         C           -0.654647653280     5.038470538443     0.031591645121    12.000000000000
         O           -1.823647802053     5.436470301932    -0.159408339620    15.994914619570
         H            0.194067175211     5.652741702383    -0.303601512075     1.007825032230

  Running in c1 symmetry.

  Rotational constants: A =      0.04121  B =      0.00361  C =      0.00346 [cm^-1]
  Rotational constants: A =   1235.51725  B =    108.28632  C =    103.72005 [MHz]
  Nuclear repulsion =  334.891319499112171

  Charge       = 1
  Multiplicity = 1
  Electrons    = 56
  Nalpha       = 28
  Nbeta        = 28

  ==> Algorithm <==

  SCF Algorithm Type is DF.
  DIIS enabled.
  MOM disabled.
  Fractional occupation disabled.
  Guess Type is SAD.
  Energy threshold   = 1.00e-08
  Density threshold  = 1.00e-08
  Integral threshold = 1.00e-12

  ==> Primary Basis <==

  Basis Set: JUN-CC-PVDZ
    Blend: JUN-CC-PVDZ
    Number of shells: 150
    Number of basis functions: 306
    Number of Cartesian functions: 318
    Spherical Harmonics?: true
    Max angular momentum: 2

   => Loading Basis Set <=

    Name: (JUN-CC-PVDZ AUX)
    Role: JKFIT
    Keyword: DF_BASIS_SCF
    atoms 1, 14                                          entry N          line   202 file /home/alia/anaconda3/envs/mddemo/share/psi4/basis/jun-cc-pvdz-jkfit.gbs 
    atoms 2-4, 6, 8-10, 13, 15-17, 19, 21, 23, 25-27, 30 entry H          line    70 file /home/alia/anaconda3/envs/mddemo/share/psi4/basis/jun-cc-pvdz-jkfit.gbs 
    atoms 5, 7, 11, 18, 20, 24, 28                       entry C          line   146 file /home/alia/anaconda3/envs/mddemo/share/psi4/basis/jun-cc-pvdz-jkfit.gbs 
    atoms 12, 22, 29                                     entry O          line   258 file /home/alia/anaconda3/envs/mddemo/share/psi4/basis/jun-cc-pvdz-jkfit.gbs 

  ==> Integral Setup <==

  ==> DiskDFJK: Density-Fitted J/K Matrices <==

    J tasked:                  Yes
    K tasked:                  Yes
    wK tasked:                  No
    OpenMP threads:             32
    Integrals threads:          32
    Memory [MiB]:            57220
    Algorithm:                Core
    Integral Cache:           LOAD
    Schwarz Cutoff:          1E-12
    Fitting Condition:       1E-10

   => Auxiliary Basis Set <=

  Basis Set: (JUN-CC-PVDZ AUX)
    Blend: JUN-CC-PVDZ-JKFIT
    Number of shells: 486
    Number of basis functions: 1362
    Number of Cartesian functions: 1542
    Spherical Harmonics?: true
    Max angular momentum: 3

  Minimum eigenvalue in the overlap matrix is 5.4654511310E-05.
  Reciprocal condition number of the overlap matrix is 4.6598269852E-06.
    Using symmetric orthogonalization.

  ==> Pre-Iterations <==

  SCF Guess: Superposition of Atomic Densities via on-the-fly atomic UHF (no occupation information).

   -------------------------
    Irrep   Nso     Nmo    
   -------------------------
     A        306     306 
   -------------------------
    Total     306     306
   -------------------------

  ==> Iterations <==

                           Total Energy        Delta E     RMS |[F,P]|

   @DF-RHF iter SAD:  -360.82778795363470   -3.60828e+02   0.00000e+00 
   @DF-RHF iter   1:  -360.87535901803358   -4.75711e-02   2.24182e-03 DIIS
   @DF-RHF iter   2:  -361.07465329760169   -1.99294e-01   1.42581e-03 DIIS
   @DF-RHF iter   3:  -361.14574474523948   -7.10914e-02   3.19949e-04 DIIS
   @DF-RHF iter   4:  -361.15113468188952   -5.38994e-03   1.23572e-04 DIIS
   @DF-RHF iter   5:  -361.15196518839718   -8.30507e-04   2.77216e-05 DIIS
   @DF-RHF iter   6:  -361.15203648275781   -7.12944e-05   1.31735e-05 DIIS
   @DF-RHF iter   7:  -361.15205427554400   -1.77928e-05   5.77059e-06 DIIS
   @DF-RHF iter   8:  -361.15205863945778   -4.36391e-06   2.40983e-06 DIIS
   @DF-RHF iter   9:  -361.15205943638074   -7.96923e-07   7.44333e-07 DIIS
   @DF-RHF iter  10:  -361.15205952041413   -8.40334e-08   2.58565e-07 DIIS
   @DF-RHF iter  11:  -361.15205953295646   -1.25423e-08   1.21192e-07 DIIS
   @DF-RHF iter  12:  -361.15205953651696   -3.56050e-09   6.90046e-08 DIIS
   @DF-RHF iter  13:  -361.15205953805753   -1.54057e-09   3.44922e-08 DIIS
   @DF-RHF iter  14:  -361.15205953847891   -4.21380e-10   1.02361e-08 DIIS
   @DF-RHF iter  15:  -361.15205953850835   -2.94449e-11   3.37586e-09 DIIS
  Energy and wave function converged.


  ==> Post-Iterations <==

    Orbital Energies [Eh]
    ---------------------

    Doubly Occupied:                                                      

       1A    -20.751222     2A    -20.741614     3A    -15.955617  
       4A    -11.526575     5A    -11.489781     6A    -11.477735  
       7A    -11.397352     8A     -1.567277     9A     -1.547941  
      10A     -1.518629    11A     -1.252605    12A     -1.166406  
      13A     -1.040074    14A     -1.021516    15A     -0.976118  
      16A     -0.927652    17A     -0.908370    18A     -0.837657  
      19A     -0.821040    20A     -0.808574    21A     -0.780773  
      22A     -0.760670    23A     -0.718350    24A     -0.703671  
      25A     -0.676670    26A     -0.656587    27A     -0.627299  
      28A     -0.600439  

    Virtual:                                                              

      29A     -0.140926    30A     -0.093589    31A     -0.081747  
      32A     -0.064380    33A     -0.044288    34A     -0.034801  
      35A     -0.034056    36A     -0.026411    37A     -0.024159  
      38A     -0.014224    39A     -0.006316    40A     -0.005193  
      41A     -0.000740    42A      0.004746    43A      0.011571  
      44A      0.018833    45A      0.023687    46A      0.030374  
      47A      0.039067    48A      0.041560    49A      0.045450  
      50A      0.048749    51A      0.050823    52A      0.055755  
      53A      0.057836    54A      0.065786    55A      0.071727  
      56A      0.085582    57A      0.091716    58A      0.094249  
      59A      0.105250    60A      0.108891    61A      0.110109  
      62A      0.114497    63A      0.118948    64A      0.128677  
      65A      0.138972    66A      0.145461    67A      0.151702  
      68A      0.154067    69A      0.154842    70A      0.167197  
      71A      0.168110    72A      0.174665    73A      0.176877  
      74A      0.191729    75A      0.192258    76A      0.194920  
      77A      0.211372    78A      0.216737    79A      0.218989  
      80A      0.219759    81A      0.226306    82A      0.241767  
      83A      0.249646    84A      0.261906    85A      0.270845  
      86A      0.271583    87A      0.283525    88A      0.288018  
      89A      0.299977    90A      0.314967    91A      0.318597  
      92A      0.322628    93A      0.347896    94A      0.352389  
      95A      0.354617    96A      0.370099    97A      0.379232  
      98A      0.380165    99A      0.386744   100A      0.397328  
     101A      0.414272   102A      0.424280   103A      0.464499  
     104A      0.477085   105A      0.511828   106A      0.540215  
     107A      0.544537   108A      0.548836   109A      0.567727  
     110A      0.573001   111A      0.585688   112A      0.594831  
     113A      0.603062   114A      0.615168   115A      0.621946  
     116A      0.626696   117A      0.645369   118A      0.656470  
     119A      0.670260   120A      0.679936   121A      0.688084  
     122A      0.700878   123A      0.717982   124A      0.731337  
     125A      0.743208   126A      0.746652   127A      0.765598  
     128A      0.767259   129A      0.777823   130A      0.791178  
     131A      0.804111   132A      0.809613   133A      0.821348  
     134A      0.836099   135A      0.838099   136A      0.869871  
     137A      0.877009   138A      0.893039   139A      0.900108  
     140A      0.913097   141A      0.924818   142A      0.929294  
     143A      0.944963   144A      0.987529   145A      0.997636  
     146A      1.000199   147A      1.040803   148A      1.077545  
     149A      1.152084   150A      1.152950   151A      1.191484  
     152A      1.204822   153A      1.222764   154A      1.258856  
     155A      1.295698   156A      1.322391   157A      1.344811  
     158A      1.348856   159A      1.365944   160A      1.385094  
     161A      1.413364   162A      1.421178   163A      1.453926  
     164A      1.476937   165A      1.481369   166A      1.491084  
     167A      1.506316   168A      1.527243   169A      1.544891  
     170A      1.551170   171A      1.560505   172A      1.590709  
     173A      1.592749   174A      1.627358   175A      1.661196  
     176A      1.665310   177A      1.666672   178A      1.678118  
     179A      1.695011   180A      1.696571   181A      1.710147  
     182A      1.713527   183A      1.757708   184A      1.760869  
     185A      1.768278   186A      1.779178   187A      1.802549  
     188A      1.804308   189A      1.810027   190A      1.825524  
     191A      1.840899   192A      1.854081   193A      1.859873  
     194A      1.865905   195A      1.879943   196A      1.888898  
     197A      1.894298   198A      1.906067   199A      1.909653  
     200A      1.937868   201A      1.946482   202A      1.951275  
     203A      1.965829   204A      1.967016   205A      1.979114  
     206A      1.988968   207A      2.001205   208A      2.009800  
     209A      2.012936   210A      2.047256   211A      2.064570  
     212A      2.076800   213A      2.101463   214A      2.110385  
     215A      2.118609   216A      2.120811   217A      2.137744  
     218A      2.148685   219A      2.170501   220A      2.193182  
     221A      2.201391   222A      2.205732   223A      2.227326  
     224A      2.230933   225A      2.239415   226A      2.277704  
     227A      2.288294   228A      2.311183   229A      2.314041  
     230A      2.348726   231A      2.368637   232A      2.382872  
     233A      2.394527   234A      2.402598   235A      2.435548  
     236A      2.447724   237A      2.453771   238A      2.482488  
     239A      2.515598   240A      2.522425   241A      2.522891  
     242A      2.562557   243A      2.587973   244A      2.591104  
     245A      2.635980   246A      2.647535   247A      2.669316  
     248A      2.671083   249A      2.687621   250A      2.731199  
     251A      2.743889   252A      2.746694   253A      2.763195  
     254A      2.780181   255A      2.822964   256A      2.832920  
     257A      2.849692   258A      2.857047   259A      2.895713  
     260A      2.923951   261A      2.956921   262A      2.969996  
     263A      3.039786   264A      3.082540   265A      3.084079  
     266A      3.091486   267A      3.143815   268A      3.163116  
     269A      3.168163   270A      3.230770   271A      3.301396  
     272A      3.321449   273A      3.393264   274A      3.457074  
     275A      3.504522   276A      3.537536   277A      3.589295  
     278A      3.607333   279A      3.638624   280A      3.767707  
     281A      3.818052   282A      3.946137   283A      3.948479  
     284A      4.053784   285A      4.166904   286A      4.193039  
     287A      4.295706   288A      4.453790   289A      4.663981  
     290A      4.698699   291A      4.758835   292A      4.832128  
     293A      4.868110   294A      4.975311   295A      5.140370  
     296A      5.270708   297A      5.495678   298A      5.559366  
     299A      5.680888   300A      5.778919   301A      6.801689  
     302A     18.165157   303A     18.368973   304A     18.572126  
     305A     25.330106   306A     33.439358  

    Final Occupation by Irrep:
              A 
    DOCC [    28 ]

  @DF-RHF Final Energy:  -361.15205953850835

   => Energetics <=

    Nuclear Repulsion Energy =            334.8913194991121713
    One-Electron Energy =               -1145.5703324027426788
    Two-Electron Energy =                 449.5269533651222105
    Total Energy =                       -361.1520595385083539

Computation Completed


Properties will be evaluated at   0.000000,   0.000000,   0.000000 [a0]

Properties computed using the SCF density matrix

  Nuclear Dipole Moment: [e a0]
     X:   -22.7735      Y:   426.0635      Z:   132.7032

  Electronic Dipole Moment: [e a0]
     X:    24.8024      Y:  -421.2389      Z:  -132.1145

  Dipole Moment: [e a0]
     X:     2.0289      Y:     4.8246      Z:     0.5888     Total:     5.2669

  Dipole Moment: [D]
     X:     5.1570      Y:    12.2629      Z:     1.4965     Total:    13.3870


*** tstop() called on aliaconda at Sun Mar 20 06:44:20 2022
Module time:
	user time   =     229.66 seconds =       3.83 minutes
	system time =      26.22 seconds =       0.44 minutes
	total time  =         10 seconds =       0.17 minutes
Total time:
	user time   =  139160.27 seconds =    2319.34 minutes
	system time =   19650.40 seconds =     327.51 minutes
	total time  =       8443 seconds =     140.72 minutes
  Constructing Basis Sets for SAPT...

   => Loading Basis Set <=

    Name: (JUN-CC-PVDZ AUX)
    Role: RIFIT
    Keyword: DF_BASIS_SAPT
    atoms 1, 14                                          entry N          line   144 file /home/alia/anaconda3/envs/mddemo/share/psi4/basis/jun-cc-pvdz-ri.gbs 
    atoms 2-4, 6, 8-10, 13, 15-17, 19, 21, 23, 25-27, 30 entry H          line    30 file /home/alia/anaconda3/envs/mddemo/share/psi4/basis/jun-cc-pvdz-ri.gbs 
    atoms 5, 7, 11, 18, 20, 24, 28                       entry C          line   100 file /home/alia/anaconda3/envs/mddemo/share/psi4/basis/jun-cc-pvdz-ri.gbs 
    atoms 12, 22, 29                                     entry O          line   188 file /home/alia/anaconda3/envs/mddemo/share/psi4/basis/jun-cc-pvdz-ri.gbs 


  //>>>>>>>>>>>>>>>>>>>>>>>>>>>>>>>>>>>//
  //               SAPT0               //
  //<<<<<<<<<<<<<<<<<<<<<<<<<<<<<<<<<<<//


*** tstart() called on aliaconda
*** at Sun Mar 20 06:44:21 2022

        SAPT0  
    Ed Hohenstein
     6 June 2009

      Orbital Information
  --------------------------
    NSO        =       306
    NMO        =       306
    NRI        =      1032
    NOCC A     =        20
    NOCC B     =        28
    FOCC A     =         0
    FOCC B     =         0
    NVIR A     =       286
    NVIR B     =       278

    Elst10,r            =     0.061095546660 [Eh]
    Exch10              =    -0.000000009733 [Eh]
    Exch10 (S^2)        =    -0.000000009733 [Eh]

    Iter     Energy [mEh]          dE [mEh]         Residual      Time [s]
       1      -0.29753387       0.297533869       5.239605316             1
       2      -0.28962689      -0.007906981       1.691211658             1
       3      -0.31459700       0.024970112       0.583854537             2
       4      -0.32018067       0.005583670       0.156485535             3
       5      -0.31923251      -0.000948160       0.085577261             3
       6      -0.31880186      -0.000430648       0.023425941             4
       7      -0.31894656       0.000144698       0.006383479             4
       8      -0.31896026       0.000013704       0.001881265             5
       9      -0.31895471      -0.000005555       0.000513067             6
      10      -0.31895344      -0.000001268       0.000115142             6
      11      -0.31895382       0.000000383       0.000027835             7
      12      -0.31895387       0.000000050       0.000008465             7
      13      -0.31895385      -0.000000023       0.000003615             8
      14      -0.31895384      -0.000000004       0.000001228             9
      15      -0.31895385       0.000000004       0.000000416             9

    CHF Iterations converged


    Iter     Energy [mEh]          dE [mEh]         Residual      Time [s]
       1      -0.22265278       0.222652782       3.479914850             1
       2      -0.23053704       0.007884263       1.472418543             1
       3      -0.24827261       0.017735568       0.517620441             2
       4      -0.25159157       0.003318956       0.146814627             3
       5      -0.25114590      -0.000445667       0.094370149             3
       6      -0.25061801      -0.000527895       0.030044138             4
       7      -0.25069749       0.000079483       0.012552171             4
       8      -0.25075677       0.000059285       0.003193566             5
       9      -0.25075124      -0.000005538       0.001025964             6
      10      -0.25074763      -0.000003608       0.000296724             6
      11      -0.25074804       0.000000411       0.000091333             7
      12      -0.25074833       0.000000291       0.000044221             7
      13      -0.25074827      -0.000000060       0.000028427             8
      14      -0.25074820      -0.000000065       0.000010955             9
      15      -0.25074822       0.000000017       0.000004070             9
      16      -0.25074823       0.000000009       0.000001169            10
      17      -0.25074823      -0.000000002       0.000000483            10

    CHF Iterations converged

    Ind20,r (A<-B)      =    -0.000318953849 [Eh]
    Ind20,r (B<-A)      =    -0.000250748229 [Eh]
    Ind20,r             =    -0.000569702077 [Eh]
    Exch-Ind20,r (A<-B) =     0.000000000964 [Eh]
    Exch-Ind20,r (B<-A) =     0.000000002802 [Eh]
    Exch-Ind20,r        =     0.000000003766 [Eh]
    Disp20              =    -0.000042844968 [Eh]
    Disp20 (SS)         =    -0.000021422484 [Eh]
    Disp20 (OS)         =    -0.000021422484 [Eh]
    Exch-Disp20         =     0.000000001290 [Eh]
    Exch-Disp20 (SS)    =     0.000000000967 [Eh]
    Exch-Disp20 (OS)    =     0.000000000322 [Eh]

    SAPT Results 
  --------------------------------------------------------------------------------------------------------
    Electrostatics                 61.09554666 [mEh]      38.33803433 [kcal/mol]     160.40633566 [kJ/mol]
      Elst10,r                     61.09554666 [mEh]      38.33803433 [kcal/mol]     160.40633566 [kJ/mol]

    Exchange                       -0.00000973 [mEh]      -0.00000611 [kcal/mol]      -0.00002555 [kJ/mol]
      Exch10                       -0.00000973 [mEh]      -0.00000611 [kcal/mol]      -0.00002555 [kJ/mol]
      Exch10(S^2)                  -0.00000973 [mEh]      -0.00000611 [kcal/mol]      -0.00002555 [kJ/mol]

    Induction                      -0.56250988 [mEh]      -0.35298028 [kcal/mol]      -1.47686950 [kJ/mol]
      Ind20,r                      -0.56970208 [mEh]      -0.35749345 [kcal/mol]      -1.49575260 [kJ/mol]
      Exch-Ind20,r                  0.00000377 [mEh]       0.00000236 [kcal/mol]       0.00000989 [kJ/mol]
      delta HF,r (2)                0.00718843 [mEh]       0.00451081 [kcal/mol]       0.01887322 [kJ/mol]

    Dispersion                     -0.04284368 [mEh]      -0.02688481 [kcal/mol]      -0.11248606 [kJ/mol]
      Disp20                       -0.04284497 [mEh]      -0.02688562 [kcal/mol]      -0.11248945 [kJ/mol]
      Exch-Disp20                   0.00000129 [mEh]       0.00000081 [kcal/mol]       0.00000339 [kJ/mol]
      Disp20 (SS)                  -0.02142248 [mEh]      -0.01344281 [kcal/mol]      -0.05624472 [kJ/mol]
      Disp20 (OS)                  -0.02142248 [mEh]      -0.01344281 [kcal/mol]      -0.05624472 [kJ/mol]
      Exch-Disp20 (SS)              0.00000097 [mEh]       0.00000061 [kcal/mol]       0.00000254 [kJ/mol]
      Exch-Disp20 (OS)              0.00000032 [mEh]       0.00000020 [kcal/mol]       0.00000085 [kJ/mol]

  Total HF                         60.53302704 [mEh]      37.98504795 [kcal/mol]     158.92944060 [kJ/mol]
  Total SAPT0                      60.49018336 [mEh]      37.95816313 [kcal/mol]     158.81695454 [kJ/mol]

  Special recipe for scaled SAPT0 (see Manual):
    Electrostatics sSAPT0          61.09554666 [mEh]      38.33803433 [kcal/mol]     160.40633566 [kJ/mol]
    Exchange sSAPT0                -0.00000973 [mEh]      -0.00000611 [kcal/mol]      -0.00002555 [kJ/mol]
    Induction sSAPT0               -0.56250988 [mEh]      -0.35298028 [kcal/mol]      -1.47686950 [kJ/mol]
    Dispersion sSAPT0              -0.04284368 [mEh]      -0.02688481 [kcal/mol]      -0.11248606 [kJ/mol]
  Total sSAPT0                     60.49018336 [mEh]      37.95816313 [kcal/mol]     158.81695454 [kJ/mol]
  --------------------------------------------------------------------------------------------------------

*** tstop() called on aliaconda at Sun Mar 20 06:45:11 2022
Module time:
	user time   =     719.25 seconds =      11.99 minutes
	system time =     128.26 seconds =       2.14 minutes
	total time  =         50 seconds =       0.83 minutes
Total time:
	user time   =  139882.09 seconds =    2331.37 minutes
	system time =   19779.16 seconds =     329.65 minutes
	total time  =       8494 seconds =     141.57 minutes


Warning! sapt0 does not have an associated derived wavefunction.The returned wavefunction is the dimer SCF wavefunction.


  Memory set to  74.506 GiB by Python driver.
  Threads set to 32 by Python driver.
