
Scratch directory: /tmp/

Scratch directory: /tmp/

  //>>>>>>>>>>>>>>>>>>>>>>>>>>>>>>>>>>>//
  //              Dimer HF             //
  //<<<<<<<<<<<<<<<<<<<<<<<<<<<<<<<<<<<//


*** tstart() called on aliaconda
*** at Sun Mar 20 06:29:46 2022

   => Loading Basis Set <=

    Name: JUN-CC-PVDZ
    Role: ORBITAL
    Keyword: BASIS
    atoms 1, 14                                          entry N          line   198 file /home/alia/anaconda3/envs/mddemo/share/psi4/basis/jun-cc-pvdz.gbs 
    atoms 2-4, 6, 8-10, 13, 15-17, 19, 21, 23, 25-27, 30 entry H          line    36 file /home/alia/anaconda3/envs/mddemo/share/psi4/basis/jun-cc-pvdz.gbs 
    atoms 5, 7, 11, 18, 20, 24, 28                       entry C          line   164 file /home/alia/anaconda3/envs/mddemo/share/psi4/basis/jun-cc-pvdz.gbs 
    atoms 12, 22, 29                                     entry O          line   232 file /home/alia/anaconda3/envs/mddemo/share/psi4/basis/jun-cc-pvdz.gbs 


         ---------------------------------------------------------
                                   SCF
               by Justin Turney, Rob Parrish, Andy Simmonett
                          and Daniel G. A. Smith
                              RHF Reference
                       32 Threads,  76293 MiB Core
         ---------------------------------------------------------

  ==> Geometry <==

    Molecular point group: c1
    Full point group: C1

    Geometry (in Angstrom), charge = 2, multiplicity = 1:

       Center              X                  Y                   Z               Mass       
    ------------   -----------------  -----------------  -----------------  -----------------
         N           -0.446253183792    -6.970112777082    -1.496304368184    14.003074004430
         H           -1.219253424118    -7.171112752287    -2.393304442570     1.007825032230
         H           -1.196253183792    -6.989112830488    -0.556304310963     1.007825032230
         H            0.179746743728    -7.765112853376    -1.412304734395     1.007825032230
         C            0.152746793319    -5.589112973539    -1.588304614232    12.000000000000
         H           -0.412253263901    -4.790112710325    -1.061304425404     1.007825032230
         C            1.565746900131    -5.699112630216    -0.894304608510    12.000000000000
         H            2.260746833374    -6.441112733213    -1.443304394887     1.007825032230
         H            1.430746909668    -6.066112733213     0.168695593669     1.007825032230
         H            2.109746810486    -4.740112519590    -0.929304455922     1.007825032230
         C            0.405746575882    -5.109112954466    -2.984304522679    12.000000000000
         O            0.133746739914    -5.774112916319    -3.979304527447    15.994914619570
         H            0.855879661133    -4.115220761625    -3.124157046483     1.007825032230
         N            0.705746766617     2.899887346895     0.743695402934    14.003074004430
         H            0.683746930649     1.710887217196     0.924695635631     1.007825032230
         H            0.688747045089     2.869887613924    -0.461304520772     1.007825032230
         H            1.569746848633     3.300887369784     1.008695269420     1.007825032230
         C           -0.411253336380     3.809887194307     1.122695589855    12.000000000000
         H           -1.282253149460     3.218887591036     0.934695387676     1.007825032230
         C           -0.446253183792     4.239887499483     2.618695402934    12.000000000000
         H           -1.382253054093     4.774887346895     2.889695311382     1.007825032230
         O            0.612746831466     5.112887644442     2.835695410564    15.994914619570
         H            1.449746724655     4.583887362154     2.721695090129     1.007825032230
         C           -0.252253416489     2.966887735995     3.483695174053    12.000000000000
         H            0.843746778061     2.790887140902     3.497695113017     1.007825032230
         H           -0.661253336380     2.049886965426     3.109695578410     1.007825032230
         H           -0.451253298233     3.109887385042     4.584695959880     1.007825032230
         C           -0.555253389786     5.048887514742     0.212695265605    12.000000000000
         O           -1.683253172348     5.356887125643    -0.205304478810    15.994914619570
         H            0.325794812729     5.648150705965    -0.060504292653     1.007825032230

  Running in c1 symmetry.

  Rotational constants: A =      0.03890  B =      0.00324  C =      0.00309 [cm^-1]
  Rotational constants: A =   1166.21801  B =     97.06961  C =     92.67655 [MHz]
  Nuclear repulsion =  629.287469561157991

  Charge       = 2
  Multiplicity = 1
  Electrons    = 96
  Nalpha       = 48
  Nbeta        = 48

  ==> Algorithm <==

  SCF Algorithm Type is DF.
  DIIS enabled.
  MOM disabled.
  Fractional occupation disabled.
  Guess Type is SAD.
  Energy threshold   = 1.00e-08
  Density threshold  = 1.00e-08
  Integral threshold = 1.00e-12

  ==> Primary Basis <==

  Basis Set: JUN-CC-PVDZ
    Blend: JUN-CC-PVDZ
    Number of shells: 150
    Number of basis functions: 306
    Number of Cartesian functions: 318
    Spherical Harmonics?: true
    Max angular momentum: 2

   => Loading Basis Set <=

    Name: (JUN-CC-PVDZ AUX)
    Role: JKFIT
    Keyword: DF_BASIS_SCF
    atoms 1, 14                                          entry N          line   202 file /home/alia/anaconda3/envs/mddemo/share/psi4/basis/jun-cc-pvdz-jkfit.gbs 
    atoms 2-4, 6, 8-10, 13, 15-17, 19, 21, 23, 25-27, 30 entry H          line    70 file /home/alia/anaconda3/envs/mddemo/share/psi4/basis/jun-cc-pvdz-jkfit.gbs 
    atoms 5, 7, 11, 18, 20, 24, 28                       entry C          line   146 file /home/alia/anaconda3/envs/mddemo/share/psi4/basis/jun-cc-pvdz-jkfit.gbs 
    atoms 12, 22, 29                                     entry O          line   258 file /home/alia/anaconda3/envs/mddemo/share/psi4/basis/jun-cc-pvdz-jkfit.gbs 

  ==> Integral Setup <==

  ==> DiskDFJK: Density-Fitted J/K Matrices <==

    J tasked:                  Yes
    K tasked:                  Yes
    wK tasked:                  No
    OpenMP threads:             32
    Integrals threads:          32
    Memory [MiB]:            57220
    Algorithm:                Core
    Integral Cache:           SAVE
    Schwarz Cutoff:          1E-12
    Fitting Condition:       1E-10

   => Auxiliary Basis Set <=

  Basis Set: (JUN-CC-PVDZ AUX)
    Blend: JUN-CC-PVDZ-JKFIT
    Number of shells: 486
    Number of basis functions: 1362
    Number of Cartesian functions: 1542
    Spherical Harmonics?: true
    Max angular momentum: 3

  Minimum eigenvalue in the overlap matrix is 6.4354059107E-05.
  Reciprocal condition number of the overlap matrix is 5.5935283576E-06.
    Using symmetric orthogonalization.

  ==> Pre-Iterations <==

  SCF Guess: Superposition of Atomic Densities via on-the-fly atomic UHF (no occupation information).

   -------------------------
    Irrep   Nso     Nmo    
   -------------------------
     A        306     306 
   -------------------------
    Total     306     306
   -------------------------

  ==> Iterations <==

                           Total Energy        Delta E     RMS |[F,P]|

   @DF-RHF iter SAD:  -607.07788300422078   -6.07078e+02   0.00000e+00 
   @DF-RHF iter   1:  -607.97563681379256   -8.97754e-01   2.79033e-03 DIIS
   @DF-RHF iter   2:  -608.28849238446219   -3.12856e-01   1.79644e-03 DIIS
   @DF-RHF iter   3:  -608.40149358916904   -1.13001e-01   3.95472e-04 DIIS
   @DF-RHF iter   4:  -608.41042472237655   -8.93113e-03   1.45972e-04 DIIS
   @DF-RHF iter   5:  -608.41166821807883   -1.24350e-03   3.49484e-05 DIIS
   @DF-RHF iter   6:  -608.41179419088098   -1.25973e-04   1.76154e-05 DIIS
   @DF-RHF iter   7:  -608.41182418890355   -2.99980e-05   8.06452e-06 DIIS
   @DF-RHF iter   8:  -608.41183145801608   -7.26911e-06   3.43339e-06 DIIS
   @DF-RHF iter   9:  -608.41183278800133   -1.32999e-06   1.29583e-06 DIIS
   @DF-RHF iter  10:  -608.41183297191742   -1.83916e-07   4.05789e-07 DIIS
   @DF-RHF iter  11:  -608.41183299507099   -2.31536e-08   1.71786e-07 DIIS
   @DF-RHF iter  12:  -608.41183300158536   -6.51437e-09   8.88666e-08 DIIS
   @DF-RHF iter  13:  -608.41183300385899   -2.27362e-09   4.78646e-08 DIIS
   @DF-RHF iter  14:  -608.41183300471278   -8.53788e-10   1.84718e-08 DIIS
   @DF-RHF iter  15:  -608.41183300481293   -1.00158e-10   5.76449e-09 DIIS
  Energy and wave function converged.


  ==> Post-Iterations <==

    Orbital Energies [Eh]
    ---------------------

    Doubly Occupied:                                                      

       1A    -20.807465     2A    -20.796234     3A    -20.794705  
       4A    -15.999926     5A    -15.985053     6A    -11.584760  
       7A    -11.574697     8A    -11.573101     9A    -11.549482  
      10A    -11.532887    11A    -11.501753    12A    -11.452402  
      13A     -1.629133    14A     -1.612392    15A     -1.598239  
      16A     -1.557629    17A     -1.536914    18A     -1.302359  
      19A     -1.285366    20A     -1.204009    21A     -1.151774  
      22A     -1.074911    23A     -1.066190    24A     -1.060292  
      25A     -1.027500    26A     -0.994606    27A     -0.972275  
      28A     -0.962910    29A     -0.942821    30A     -0.930701  
      31A     -0.890789    32A     -0.880808    33A     -0.868205  
      34A     -0.859493    35A     -0.857170    36A     -0.829080  
      37A     -0.808326    38A     -0.800672    39A     -0.794684  
      40A     -0.766355    41A     -0.766286    42A     -0.738565  
      43A     -0.728365    44A     -0.720452    45A     -0.712530  
      46A     -0.677938    47A     -0.669251    48A     -0.641782  

    Virtual:                                                              

      49A     -0.197024    50A     -0.171890    51A     -0.145356  
      52A     -0.136023    53A     -0.131054    54A     -0.126565  
      55A     -0.112815    56A     -0.107373    57A     -0.100983  
      58A     -0.097906    59A     -0.087159    60A     -0.086351  
      61A     -0.080177    62A     -0.074917    63A     -0.072309  
      64A     -0.072113    65A     -0.063995    66A     -0.060145  
      67A     -0.058613    68A     -0.055259    69A     -0.042036  
      70A     -0.039892    71A     -0.031872    72A     -0.028742  
      73A     -0.026025    74A     -0.021007    75A     -0.018269  
      76A     -0.016653    77A     -0.011975    78A     -0.007034  
      79A     -0.006278    80A     -0.003619    81A      0.008645  
      82A      0.013650    83A      0.020643    84A      0.029949  
      85A      0.035776    86A      0.040963    87A      0.045230  
      88A      0.051834    89A      0.063095    90A      0.063673  
      91A      0.073352    92A      0.086789    93A      0.088988  
      94A      0.094787    95A      0.098287    96A      0.107010  
      97A      0.110957    98A      0.115761    99A      0.117229  
     100A      0.125880   101A      0.133046   102A      0.141299  
     103A      0.146531   104A      0.150881   105A      0.155855  
     106A      0.164409   107A      0.164985   108A      0.169832  
     109A      0.170963   110A      0.185922   111A      0.195006  
     112A      0.206917   113A      0.213538   114A      0.215872  
     115A      0.227521   116A      0.235306   117A      0.252691  
     118A      0.261034   119A      0.264366   120A      0.270109  
     121A      0.274229   122A      0.293389   123A      0.326635  
     124A      0.332843   125A      0.381446   126A      0.391168  
     127A      0.442684   128A      0.483448   129A      0.490103  
     130A      0.509576   131A      0.524708   132A      0.531533  
     133A      0.537178   134A      0.550958   135A      0.553631  
     136A      0.566880   137A      0.571684   138A      0.575229  
     139A      0.600512   140A      0.622385   141A      0.626295  
     142A      0.630928   143A      0.636458   144A      0.637628  
     145A      0.649694   146A      0.651117   147A      0.662831  
     148A      0.670837   149A      0.686804   150A      0.692465  
     151A      0.700866   152A      0.703380   153A      0.710099  
     154A      0.725920   155A      0.735111   156A      0.741946  
     157A      0.751179   158A      0.760066   159A      0.765520  
     160A      0.771827   161A      0.778927   162A      0.802769  
     163A      0.806959   164A      0.828603   165A      0.833668  
     166A      0.837078   167A      0.845561   168A      0.848309  
     169A      0.868548   170A      0.871434   171A      0.882468  
     172A      0.922306   173A      0.938869   174A      0.943152  
     175A      0.979761   176A      1.025665   177A      1.037241  
     178A      1.073855   179A      1.091726   180A      1.137804  
     181A      1.140040   182A      1.147233   183A      1.180032  
     184A      1.188523   185A      1.206696   186A      1.218467  
     187A      1.246895   188A      1.253062   189A      1.261081  
     190A      1.263283   191A      1.292683   192A      1.293567  
     193A      1.297782   194A      1.303250   195A      1.313884  
     196A      1.334573   197A      1.338648   198A      1.342227  
     199A      1.369290   200A      1.382981   201A      1.385562  
     202A      1.415701   203A      1.417288   204A      1.428658  
     205A      1.444046   206A      1.465770   207A      1.487389  
     208A      1.516348   209A      1.530602   210A      1.573154  
     211A      1.583758   212A      1.586813   213A      1.591041  
     214A      1.596532   215A      1.619030   216A      1.632318  
     217A      1.642063   218A      1.654144   219A      1.655384  
     220A      1.661420   221A      1.672191   222A      1.694115  
     223A      1.703015   224A      1.713785   225A      1.723451  
     226A      1.731033   227A      1.736993   228A      1.739026  
     229A      1.758004   230A      1.761813   231A      1.780732  
     232A      1.789460   233A      1.800223   234A      1.816718  
     235A      1.824463   236A      1.825849   237A      1.847056  
     238A      1.861429   239A      1.871859   240A      1.873183  
     241A      1.888188   242A      1.895051   243A      1.944906  
     244A      1.949006   245A      1.953188   246A      1.957918  
     247A      1.988311   248A      2.011891   249A      2.030027  
     250A      2.051857   251A      2.054580   252A      2.075010  
     253A      2.093454   254A      2.100224   255A      2.109358  
     256A      2.111324   257A      2.150658   258A      2.159626  
     259A      2.192088   260A      2.199055   261A      2.210996  
     262A      2.243500   263A      2.290181   264A      2.313470  
     265A      2.342692   266A      2.346477   267A      2.366792  
     268A      2.378347   269A      2.392094   270A      2.418839  
     271A      2.428028   272A      2.456426   273A      2.466302  
     274A      2.480421   275A      2.493229   276A      2.534633  
     277A      2.582560   278A      2.592112   279A      2.601463  
     280A      2.614665   281A      2.626071   282A      2.640788  
     283A      2.653520   284A      2.708749   285A      2.714631  
     286A      2.747790   287A      2.779045   288A      2.822071  
     289A      2.852219   290A      2.872989   291A      2.881395  
     292A      2.959263   293A      2.968577   294A      3.036094  
     295A      3.059915   296A      3.097370   297A      3.188824  
     298A      3.219384   299A      3.242720   300A      3.276104  
     301A      3.481981   302A      3.496523   303A      3.502607  
     304A      3.723085   305A      3.729618   306A      3.878702  

    Final Occupation by Irrep:
              A 
    DOCC [    48 ]

  @DF-RHF Final Energy:  -608.41183300481293

   => Energetics <=

    Nuclear Repulsion Energy =            629.2874695611579909
    One-Electron Energy =               -2053.2521292520018505
    Two-Electron Energy =                 815.5528266860308122
    Total Energy =                       -608.4118330048129337

Computation Completed


Properties will be evaluated at   0.000000,   0.000000,   0.000000 [a0]

Properties computed using the SCF density matrix

  Nuclear Dipole Moment: [e a0]
     X:     5.4261      Y:   -13.1088      Z:     7.8690

  Electronic Dipole Moment: [e a0]
     X:    -3.9378      Y:     5.8782      Z:    -7.6308

  Dipole Moment: [e a0]
     X:     1.4883      Y:    -7.2306      Z:     0.2382     Total:     7.3860

  Dipole Moment: [D]
     X:     3.7829      Y:   -18.3784      Z:     0.6054     Total:    18.7734


*** tstop() called on aliaconda at Sun Mar 20 06:30:01 2022
Module time:
	user time   =     332.40 seconds =       5.54 minutes
	system time =      42.37 seconds =       0.71 minutes
	total time  =         15 seconds =       0.25 minutes
Total time:
	user time   =  124485.55 seconds =    2074.76 minutes
	system time =   17509.60 seconds =     291.83 minutes
	total time  =       7584 seconds =     126.40 minutes

  //>>>>>>>>>>>>>>>>>>>>>>>>>>>>>>>>>>>//
  //            Monomer A HF           //
  //<<<<<<<<<<<<<<<<<<<<<<<<<<<<<<<<<<<//


*** tstart() called on aliaconda
*** at Sun Mar 20 06:30:01 2022

   => Loading Basis Set <=

    Name: JUN-CC-PVDZ
    Role: ORBITAL
    Keyword: BASIS
    atoms 1, 14                                          entry N          line   198 file /home/alia/anaconda3/envs/mddemo/share/psi4/basis/jun-cc-pvdz.gbs 
    atoms 2-4, 6, 8-10, 13, 15-17, 19, 21, 23, 25-27, 30 entry H          line    36 file /home/alia/anaconda3/envs/mddemo/share/psi4/basis/jun-cc-pvdz.gbs 
    atoms 5, 7, 11, 18, 20, 24, 28                       entry C          line   164 file /home/alia/anaconda3/envs/mddemo/share/psi4/basis/jun-cc-pvdz.gbs 
    atoms 12, 22, 29                                     entry O          line   232 file /home/alia/anaconda3/envs/mddemo/share/psi4/basis/jun-cc-pvdz.gbs 


         ---------------------------------------------------------
                                   SCF
               by Justin Turney, Rob Parrish, Andy Simmonett
                          and Daniel G. A. Smith
                              RHF Reference
                       32 Threads,  76293 MiB Core
         ---------------------------------------------------------

  ==> Geometry <==

    Molecular point group: c1
    Full point group: C1

    Geometry (in Angstrom), charge = 1, multiplicity = 1:

       Center              X                  Y                   Z               Mass       
    ------------   -----------------  -----------------  -----------------  -----------------
         N           -0.446253183792    -6.970112777082    -1.496304368184    14.003074004430
         H           -1.219253424118    -7.171112752287    -2.393304442570     1.007825032230
         H           -1.196253183792    -6.989112830488    -0.556304310963     1.007825032230
         H            0.179746743728    -7.765112853376    -1.412304734395     1.007825032230
         C            0.152746793319    -5.589112973539    -1.588304614232    12.000000000000
         H           -0.412253263901    -4.790112710325    -1.061304425404     1.007825032230
         C            1.565746900131    -5.699112630216    -0.894304608510    12.000000000000
         H            2.260746833374    -6.441112733213    -1.443304394887     1.007825032230
         H            1.430746909668    -6.066112733213     0.168695593669     1.007825032230
         H            2.109746810486    -4.740112519590    -0.929304455922     1.007825032230
         C            0.405746575882    -5.109112954466    -2.984304522679    12.000000000000
         O            0.133746739914    -5.774112916319    -3.979304527447    15.994914619570
         H            0.855879661133    -4.115220761625    -3.124157046483     1.007825032230
      Gh(N)           0.705746766617     2.899887346895     0.743695402934    14.003074004430
      Gh(H)           0.683746930649     1.710887217196     0.924695635631     1.007825032230
      Gh(H)           0.688747045089     2.869887613924    -0.461304520772     1.007825032230
      Gh(H)           1.569746848633     3.300887369784     1.008695269420     1.007825032230
      Gh(C)          -0.411253336380     3.809887194307     1.122695589855    12.000000000000
      Gh(H)          -1.282253149460     3.218887591036     0.934695387676     1.007825032230
      Gh(C)          -0.446253183792     4.239887499483     2.618695402934    12.000000000000
      Gh(H)          -1.382253054093     4.774887346895     2.889695311382     1.007825032230
      Gh(O)           0.612746831466     5.112887644442     2.835695410564    15.994914619570
      Gh(H)           1.449746724655     4.583887362154     2.721695090129     1.007825032230
      Gh(C)          -0.252253416489     2.966887735995     3.483695174053    12.000000000000
      Gh(H)           0.843746778061     2.790887140902     3.497695113017     1.007825032230
      Gh(H)          -0.661253336380     2.049886965426     3.109695578410     1.007825032230
      Gh(H)          -0.451253298233     3.109887385042     4.584695959880     1.007825032230
      Gh(C)          -0.555253389786     5.048887514742     0.212695265605    12.000000000000
      Gh(O)          -1.683253172348     5.356887125643    -0.205304478810    15.994914619570
      Gh(H)           0.325794812729     5.648150705965    -0.060504292653     1.007825032230

  Running in c1 symmetry.

  Rotational constants: A =      0.03890  B =      0.00324  C =      0.00309 [cm^-1]
  Rotational constants: A =   1166.21801  B =     97.06961  C =     92.67655 [MHz]
  Nuclear repulsion =  184.845766552749041

  Charge       = 1
  Multiplicity = 1
  Electrons    = 40
  Nalpha       = 20
  Nbeta        = 20

  ==> Algorithm <==

  SCF Algorithm Type is DF.
  DIIS enabled.
  MOM disabled.
  Fractional occupation disabled.
  Guess Type is SAD.
  Energy threshold   = 1.00e-08
  Density threshold  = 1.00e-08
  Integral threshold = 1.00e-12

  ==> Primary Basis <==

  Basis Set: JUN-CC-PVDZ
    Blend: JUN-CC-PVDZ
    Number of shells: 150
    Number of basis functions: 306
    Number of Cartesian functions: 318
    Spherical Harmonics?: true
    Max angular momentum: 2

   => Loading Basis Set <=

    Name: (JUN-CC-PVDZ AUX)
    Role: JKFIT
    Keyword: DF_BASIS_SCF
    atoms 1, 14                                          entry N          line   202 file /home/alia/anaconda3/envs/mddemo/share/psi4/basis/jun-cc-pvdz-jkfit.gbs 
    atoms 2-4, 6, 8-10, 13, 15-17, 19, 21, 23, 25-27, 30 entry H          line    70 file /home/alia/anaconda3/envs/mddemo/share/psi4/basis/jun-cc-pvdz-jkfit.gbs 
    atoms 5, 7, 11, 18, 20, 24, 28                       entry C          line   146 file /home/alia/anaconda3/envs/mddemo/share/psi4/basis/jun-cc-pvdz-jkfit.gbs 
    atoms 12, 22, 29                                     entry O          line   258 file /home/alia/anaconda3/envs/mddemo/share/psi4/basis/jun-cc-pvdz-jkfit.gbs 

  ==> Integral Setup <==

  ==> DiskDFJK: Density-Fitted J/K Matrices <==

    J tasked:                  Yes
    K tasked:                  Yes
    wK tasked:                  No
    OpenMP threads:             32
    Integrals threads:          32
    Memory [MiB]:            57220
    Algorithm:                Core
    Integral Cache:           LOAD
    Schwarz Cutoff:          1E-12
    Fitting Condition:       1E-10

   => Auxiliary Basis Set <=

  Basis Set: (JUN-CC-PVDZ AUX)
    Blend: JUN-CC-PVDZ-JKFIT
    Number of shells: 486
    Number of basis functions: 1362
    Number of Cartesian functions: 1542
    Spherical Harmonics?: true
    Max angular momentum: 3

  Minimum eigenvalue in the overlap matrix is 6.4354059107E-05.
  Reciprocal condition number of the overlap matrix is 5.5935283576E-06.
    Using symmetric orthogonalization.

  ==> Pre-Iterations <==

  SCF Guess: Superposition of Atomic Densities via on-the-fly atomic UHF (no occupation information).

   -------------------------
    Irrep   Nso     Nmo    
   -------------------------
     A        306     306 
   -------------------------
    Total     306     306
   -------------------------

  ==> Iterations <==

                           Total Energy        Delta E     RMS |[F,P]|

   @DF-RHF iter SAD:  -246.57904978621409   -2.46579e+02   0.00000e+00 
   @DF-RHF iter   1:  -247.13432433815925   -5.55275e-01   1.71181e-03 DIIS
   @DF-RHF iter   2:  -247.25677602061054   -1.22452e-01   1.08482e-03 DIIS
   @DF-RHF iter   3:  -247.29821365156337   -4.14376e-02   2.44653e-04 DIIS
   @DF-RHF iter   4:  -247.30186402532703   -3.65037e-03   8.11394e-05 DIIS
   @DF-RHF iter   5:  -247.30229581015232   -4.31785e-04   1.94932e-05 DIIS
   @DF-RHF iter   6:  -247.30234675192480   -5.09418e-05   8.28333e-06 DIIS
   @DF-RHF iter   7:  -247.30235512914876   -8.37722e-06   3.86232e-06 DIIS
   @DF-RHF iter   8:  -247.30235691750738   -1.78836e-06   1.34600e-06 DIIS
   @DF-RHF iter   9:  -247.30235713304461   -2.15537e-07   3.27685e-07 DIIS
   @DF-RHF iter  10:  -247.30235714414709   -1.11025e-08   1.09062e-07 DIIS
   @DF-RHF iter  11:  -247.30235714581841   -1.67131e-09   3.42161e-08 DIIS
   @DF-RHF iter  12:  -247.30235714606707   -2.48662e-10   1.70523e-08 DIIS
   @DF-RHF iter  13:  -247.30235714616236   -9.52980e-11   7.60106e-09 DIIS
  Energy and wave function converged.


  ==> Post-Iterations <==

    Orbital Energies [Eh]
    ---------------------

    Doubly Occupied:                                                      

       1A    -20.748957     2A    -15.930504     3A    -11.526065  
       4A    -11.515007     5A    -11.441985     6A     -1.571326  
       7A     -1.481553     8A     -1.243440     9A     -1.092379  
      10A     -1.002306    11A     -0.938704    12A     -0.915709  
      13A     -0.872650    14A     -0.823560    15A     -0.798922  
      16A     -0.741818    17A     -0.734767    18A     -0.706836  
      19A     -0.670663    20A     -0.610737  

    Virtual:                                                              

      21A     -0.117997    22A     -0.075472    23A     -0.069760  
      24A     -0.047229    25A     -0.044099    26A     -0.027560  
      27A     -0.023733    28A     -0.019596    29A     -0.013092  
      30A     -0.006796    31A     -0.000615    32A      0.002385  
      33A      0.012968    34A      0.016929    35A      0.018348  
      36A      0.028830    37A      0.031696    38A      0.037340  
      39A      0.039020    40A      0.045228    41A      0.053767  
      42A      0.054986    43A      0.058504    44A      0.064259  
      45A      0.073474    46A      0.080014    47A      0.088496  
      48A      0.094615    49A      0.095568    50A      0.099552  
      51A      0.102326    52A      0.105782    53A      0.117620  
      54A      0.119331    55A      0.138645    56A      0.145649  
      57A      0.151474    58A      0.154352    59A      0.157726  
      60A      0.162416    61A      0.165097    62A      0.170079  
      63A      0.174857    64A      0.183196    65A      0.184277  
      66A      0.192558    67A      0.194322    68A      0.208490  
      69A      0.214850    70A      0.221769    71A      0.231469  
      72A      0.242654    73A      0.245165    74A      0.250221  
      75A      0.256692    76A      0.267411    77A      0.279180  
      78A      0.282513    79A      0.304559    80A      0.311608  
      81A      0.316071    82A      0.324525    83A      0.333704  
      84A      0.347624    85A      0.366077    86A      0.373731  
      87A      0.387783    88A      0.393584    89A      0.406009  
      90A      0.438206    91A      0.450288    92A      0.460048  
      93A      0.481427    94A      0.490024    95A      0.501455  
      96A      0.510467    97A      0.528472    98A      0.549260  
      99A      0.561447   100A      0.566721   101A      0.577471  
     102A      0.585900   103A      0.589587   104A      0.594739  
     105A      0.611127   106A      0.618062   107A      0.630175  
     108A      0.651968   109A      0.659972   110A      0.684737  
     111A      0.688956   112A      0.692641   113A      0.697699  
     114A      0.708365   115A      0.723066   116A      0.729125  
     117A      0.745930   118A      0.746854   119A      0.757968  
     120A      0.761215   121A      0.782304   122A      0.786043  
     123A      0.808031   124A      0.810927   125A      0.826387  
     126A      0.845063   127A      0.859228   128A      0.883885  
     129A      0.889342   130A      0.896084   131A      0.907527  
     132A      0.926721   133A      0.928747   134A      0.938568  
     135A      0.955955   136A      0.978404   137A      0.998947  
     138A      1.001859   139A      1.041722   140A      1.095608  
     141A      1.133000   142A      1.142170   143A      1.199315  
     144A      1.217151   145A      1.246585   146A      1.277221  
     147A      1.310313   148A      1.317479   149A      1.350342  
     150A      1.359530   151A      1.394884   152A      1.441973  
     153A      1.476453   154A      1.487003   155A      1.495665  
     156A      1.535243   157A      1.570942   158A      1.574935  
     159A      1.610007   160A      1.622932   161A      1.640545  
     162A      1.642549   163A      1.646074   164A      1.673725  
     165A      1.678768   166A      1.691383   167A      1.701917  
     168A      1.706557   169A      1.712207   170A      1.720760  
     171A      1.725200   172A      1.746321   173A      1.752541  
     174A      1.762651   175A      1.771196   176A      1.789022  
     177A      1.797807   178A      1.798850   179A      1.819717  
     180A      1.838911   181A      1.849272   182A      1.861325  
     183A      1.875112   184A      1.879002   185A      1.888166  
     186A      1.916348   187A      1.921148   188A      1.941886  
     189A      1.952891   190A      1.958187   191A      1.968695  
     192A      2.000289   193A      2.002759   194A      2.006113  
     195A      2.013261   196A      2.027263   197A      2.045964  
     198A      2.049916   199A      2.067711   200A      2.078017  
     201A      2.092528   202A      2.110992   203A      2.133501  
     204A      2.152319   205A      2.153197   206A      2.168008  
     207A      2.169814   208A      2.181854   209A      2.192605  
     210A      2.207716   211A      2.223601   212A      2.230960  
     213A      2.254741   214A      2.257585   215A      2.280910  
     216A      2.327579   217A      2.337352   218A      2.349306  
     219A      2.382099   220A      2.400458   221A      2.401381  
     222A      2.422339   223A      2.423655   224A      2.431344  
     225A      2.462216   226A      2.475700   227A      2.484812  
     228A      2.515425   229A      2.525615   230A      2.539439  
     231A      2.573586   232A      2.593542   233A      2.595878  
     234A      2.610315   235A      2.630893   236A      2.651732  
     237A      2.666036   238A      2.673098   239A      2.678848  
     240A      2.685600   241A      2.732681   242A      2.771379  
     243A      2.777886   244A      2.780640   245A      2.821932  
     246A      2.860174   247A      2.872938   248A      2.879066  
     249A      2.929469   250A      2.938571   251A      2.962055  
     252A      2.979490   253A      3.026647   254A      3.058001  
     255A      3.075075   256A      3.090861   257A      3.097240  
     258A      3.213577   259A      3.260232   260A      3.276918  
     261A      3.325350   262A      3.384463   263A      3.446429  
     264A      3.478741   265A      3.544565   266A      3.554342  
     267A      3.586410   268A      3.670067   269A      3.745154  
     270A      3.780514   271A      3.891317   272A      3.977415  
     273A      4.021987   274A      4.180795   275A      4.206158  
     276A      4.309087   277A      4.415751   278A      4.491578  
     279A      4.576534   280A      4.634315   281A      4.649521  
     282A      4.686201   283A      4.734338   284A      4.779041  
     285A      4.831600   286A      4.872302   287A      5.031880  
     288A      5.050299   289A      5.087761   290A      5.108190  
     291A      5.358095   292A      5.479959   293A      5.550679  
     294A      5.658651   295A      5.755493   296A      5.941515  
     297A      6.048968   298A      6.591548   299A      6.627584  
     300A     18.174575   301A     18.319407   302A     18.454667  
     303A     18.577690   304A     25.323557   305A     33.445463  
     306A     33.470310  

    Final Occupation by Irrep:
              A 
    DOCC [    20 ]

  @DF-RHF Final Energy:  -247.30235714616236

   => Energetics <=

    Nuclear Repulsion Energy =            184.8457665527490406
    One-Electron Energy =                -693.5604666966429477
    Two-Electron Energy =                 261.4123429977315141
    Total Energy =                       -247.3023571461623646

Computation Completed


Properties will be evaluated at   0.000000,   0.000000,   0.000000 [a0]

Properties computed using the SCF density matrix

  Nuclear Dipole Moment: [e a0]
     X:    27.7804      Y:  -456.2663      Z:  -162.2544

  Electronic Dipole Moment: [e a0]
     X:   -28.0916      Y:   444.2669      Z:   160.4626

  Dipole Moment: [e a0]
     X:    -0.3112      Y:   -11.9994      Z:    -1.7918     Total:    12.1365

  Dipole Moment: [D]
     X:    -0.7911      Y:   -30.4995      Z:    -4.5543     Total:    30.8479


*** tstop() called on aliaconda at Sun Mar 20 06:30:11 2022
Module time:
	user time   =     189.73 seconds =       3.16 minutes
	system time =      22.15 seconds =       0.37 minutes
	total time  =         10 seconds =       0.17 minutes
Total time:
	user time   =  124675.41 seconds =    2077.92 minutes
	system time =   17531.77 seconds =     292.20 minutes
	total time  =       7594 seconds =     126.57 minutes

  //>>>>>>>>>>>>>>>>>>>>>>>>>>>>>>>>>>>//
  //            Monomer B HF           //
  //<<<<<<<<<<<<<<<<<<<<<<<<<<<<<<<<<<<//


*** tstart() called on aliaconda
*** at Sun Mar 20 06:30:11 2022

   => Loading Basis Set <=

    Name: JUN-CC-PVDZ
    Role: ORBITAL
    Keyword: BASIS
    atoms 1, 14                                          entry N          line   198 file /home/alia/anaconda3/envs/mddemo/share/psi4/basis/jun-cc-pvdz.gbs 
    atoms 2-4, 6, 8-10, 13, 15-17, 19, 21, 23, 25-27, 30 entry H          line    36 file /home/alia/anaconda3/envs/mddemo/share/psi4/basis/jun-cc-pvdz.gbs 
    atoms 5, 7, 11, 18, 20, 24, 28                       entry C          line   164 file /home/alia/anaconda3/envs/mddemo/share/psi4/basis/jun-cc-pvdz.gbs 
    atoms 12, 22, 29                                     entry O          line   232 file /home/alia/anaconda3/envs/mddemo/share/psi4/basis/jun-cc-pvdz.gbs 


         ---------------------------------------------------------
                                   SCF
               by Justin Turney, Rob Parrish, Andy Simmonett
                          and Daniel G. A. Smith
                              RHF Reference
                       32 Threads,  76293 MiB Core
         ---------------------------------------------------------

  ==> Geometry <==

    Molecular point group: c1
    Full point group: C1

    Geometry (in Angstrom), charge = 1, multiplicity = 1:

       Center              X                  Y                   Z               Mass       
    ------------   -----------------  -----------------  -----------------  -----------------
      Gh(N)          -0.446253183792    -6.970112777082    -1.496304368184    14.003074004430
      Gh(H)          -1.219253424118    -7.171112752287    -2.393304442570     1.007825032230
      Gh(H)          -1.196253183792    -6.989112830488    -0.556304310963     1.007825032230
      Gh(H)           0.179746743728    -7.765112853376    -1.412304734395     1.007825032230
      Gh(C)           0.152746793319    -5.589112973539    -1.588304614232    12.000000000000
      Gh(H)          -0.412253263901    -4.790112710325    -1.061304425404     1.007825032230
      Gh(C)           1.565746900131    -5.699112630216    -0.894304608510    12.000000000000
      Gh(H)           2.260746833374    -6.441112733213    -1.443304394887     1.007825032230
      Gh(H)           1.430746909668    -6.066112733213     0.168695593669     1.007825032230
      Gh(H)           2.109746810486    -4.740112519590    -0.929304455922     1.007825032230
      Gh(C)           0.405746575882    -5.109112954466    -2.984304522679    12.000000000000
      Gh(O)           0.133746739914    -5.774112916319    -3.979304527447    15.994914619570
      Gh(H)           0.855879661133    -4.115220761625    -3.124157046483     1.007825032230
         N            0.705746766617     2.899887346895     0.743695402934    14.003074004430
         H            0.683746930649     1.710887217196     0.924695635631     1.007825032230
         H            0.688747045089     2.869887613924    -0.461304520772     1.007825032230
         H            1.569746848633     3.300887369784     1.008695269420     1.007825032230
         C           -0.411253336380     3.809887194307     1.122695589855    12.000000000000
         H           -1.282253149460     3.218887591036     0.934695387676     1.007825032230
         C           -0.446253183792     4.239887499483     2.618695402934    12.000000000000
         H           -1.382253054093     4.774887346895     2.889695311382     1.007825032230
         O            0.612746831466     5.112887644442     2.835695410564    15.994914619570
         H            1.449746724655     4.583887362154     2.721695090129     1.007825032230
         C           -0.252253416489     2.966887735995     3.483695174053    12.000000000000
         H            0.843746778061     2.790887140902     3.497695113017     1.007825032230
         H           -0.661253336380     2.049886965426     3.109695578410     1.007825032230
         H           -0.451253298233     3.109887385042     4.584695959880     1.007825032230
         C           -0.555253389786     5.048887514742     0.212695265605    12.000000000000
         O           -1.683253172348     5.356887125643    -0.205304478810    15.994914619570
         H            0.325794812729     5.648150705965    -0.060504292653     1.007825032230

  Running in c1 symmetry.

  Rotational constants: A =      0.03890  B =      0.00324  C =      0.00309 [cm^-1]
  Rotational constants: A =   1166.21801  B =     97.06961  C =     92.67655 [MHz]
  Nuclear repulsion =  329.461561337837679

  Charge       = 1
  Multiplicity = 1
  Electrons    = 56
  Nalpha       = 28
  Nbeta        = 28

  ==> Algorithm <==

  SCF Algorithm Type is DF.
  DIIS enabled.
  MOM disabled.
  Fractional occupation disabled.
  Guess Type is SAD.
  Energy threshold   = 1.00e-08
  Density threshold  = 1.00e-08
  Integral threshold = 1.00e-12

  ==> Primary Basis <==

  Basis Set: JUN-CC-PVDZ
    Blend: JUN-CC-PVDZ
    Number of shells: 150
    Number of basis functions: 306
    Number of Cartesian functions: 318
    Spherical Harmonics?: true
    Max angular momentum: 2

   => Loading Basis Set <=

    Name: (JUN-CC-PVDZ AUX)
    Role: JKFIT
    Keyword: DF_BASIS_SCF
    atoms 1, 14                                          entry N          line   202 file /home/alia/anaconda3/envs/mddemo/share/psi4/basis/jun-cc-pvdz-jkfit.gbs 
    atoms 2-4, 6, 8-10, 13, 15-17, 19, 21, 23, 25-27, 30 entry H          line    70 file /home/alia/anaconda3/envs/mddemo/share/psi4/basis/jun-cc-pvdz-jkfit.gbs 
    atoms 5, 7, 11, 18, 20, 24, 28                       entry C          line   146 file /home/alia/anaconda3/envs/mddemo/share/psi4/basis/jun-cc-pvdz-jkfit.gbs 
    atoms 12, 22, 29                                     entry O          line   258 file /home/alia/anaconda3/envs/mddemo/share/psi4/basis/jun-cc-pvdz-jkfit.gbs 

  ==> Integral Setup <==

  ==> DiskDFJK: Density-Fitted J/K Matrices <==

    J tasked:                  Yes
    K tasked:                  Yes
    wK tasked:                  No
    OpenMP threads:             32
    Integrals threads:          32
    Memory [MiB]:            57220
    Algorithm:                Core
    Integral Cache:           LOAD
    Schwarz Cutoff:          1E-12
    Fitting Condition:       1E-10

   => Auxiliary Basis Set <=

  Basis Set: (JUN-CC-PVDZ AUX)
    Blend: JUN-CC-PVDZ-JKFIT
    Number of shells: 486
    Number of basis functions: 1362
    Number of Cartesian functions: 1542
    Spherical Harmonics?: true
    Max angular momentum: 3

  Minimum eigenvalue in the overlap matrix is 6.4354059106E-05.
  Reciprocal condition number of the overlap matrix is 5.5935283576E-06.
    Using symmetric orthogonalization.

  ==> Pre-Iterations <==

  SCF Guess: Superposition of Atomic Densities via on-the-fly atomic UHF (no occupation information).

   -------------------------
    Irrep   Nso     Nmo    
   -------------------------
     A        306     306 
   -------------------------
    Total     306     306
   -------------------------

  ==> Iterations <==

                           Total Energy        Delta E     RMS |[F,P]|

   @DF-RHF iter SAD:  -360.49883297674666   -3.60499e+02   0.00000e+00 
   @DF-RHF iter   1:  -360.90372373043846   -4.04891e-01   2.18884e-03 DIIS
   @DF-RHF iter   2:  -361.09244704631919   -1.88723e-01   1.40359e-03 DIIS
   @DF-RHF iter   3:  -361.16119112386468   -6.87441e-02   3.08192e-04 DIIS
   @DF-RHF iter   4:  -361.16635626057405   -5.16514e-03   1.18152e-04 DIIS
   @DF-RHF iter   5:  -361.16712576418985   -7.69504e-04   2.68819e-05 DIIS
   @DF-RHF iter   6:  -361.16719580003536   -7.00358e-05   1.29496e-05 DIIS
   @DF-RHF iter   7:  -361.16721279910507   -1.69991e-05   5.52735e-06 DIIS
   @DF-RHF iter   8:  -361.16721666021783   -3.86111e-06   2.27018e-06 DIIS
   @DF-RHF iter   9:  -361.16721736215442   -7.01937e-07   6.70737e-07 DIIS
   @DF-RHF iter  10:  -361.16721743532230   -7.31679e-08   2.44351e-07 DIIS
   @DF-RHF iter  11:  -361.16721744733206   -1.20098e-08   1.12784e-07 DIIS
   @DF-RHF iter  12:  -361.16721745053275   -3.20068e-09   6.33875e-08 DIIS
   @DF-RHF iter  13:  -361.16721745187198   -1.33923e-09   3.12680e-08 DIIS
   @DF-RHF iter  14:  -361.16721745219439   -3.22416e-10   9.77552e-09 DIIS
  Energy and wave function converged.


  ==> Post-Iterations <==

    Orbital Energies [Eh]
    ---------------------

    Doubly Occupied:                                                      

       1A    -20.748695     2A    -20.747951     3A    -15.944959  
       4A    -11.525711     5A    -11.498934     6A    -11.484385  
       7A    -11.402027     8A     -1.564767     9A     -1.551097  
      10A     -1.504378    11A     -1.235120    12A     -1.153888  
      13A     -1.025999    14A     -1.015333    15A     -0.975060  
      16A     -0.909933    17A     -0.892669    18A     -0.841357  
      19A     -0.819500    20A     -0.811700    21A     -0.780498  
      22A     -0.758709    23A     -0.716721    24A     -0.690235  
      25A     -0.672565    26A     -0.664174    27A     -0.630383  
      28A     -0.593858  

    Virtual:                                                              

      29A     -0.136814    30A     -0.084227    31A     -0.073644  
      32A     -0.058221    33A     -0.043654    34A     -0.035571  
      35A     -0.027853    36A     -0.025091    37A     -0.023046  
      38A     -0.011896    39A     -0.005585    40A     -0.002464  
      41A      0.003157    42A      0.006254    43A      0.011570  
      44A      0.019193    45A      0.027991    46A      0.031707  
      47A      0.039200    48A      0.041743    49A      0.046639  
      50A      0.049040    51A      0.052780    52A      0.057784  
      53A      0.060700    54A      0.064590    55A      0.073117  
      56A      0.081157    57A      0.091024    58A      0.096114  
      59A      0.105584    60A      0.106923    61A      0.111736  
      62A      0.114568    63A      0.123803    64A      0.130539  
      65A      0.136917    66A      0.142804    67A      0.148277  
      68A      0.152556    69A      0.153446    70A      0.159000  
      71A      0.162586    72A      0.170840    73A      0.180181  
      74A      0.189124    75A      0.194435    76A      0.197084  
      77A      0.205522    78A      0.212411    79A      0.213072  
      80A      0.216456    81A      0.219104    82A      0.241735  
      83A      0.250159    84A      0.261042    85A      0.264563  
      86A      0.270049    87A      0.282353    88A      0.294648  
      89A      0.297882    90A      0.303344    91A      0.316578  
      92A      0.323563    93A      0.325344    94A      0.343631  
      95A      0.357065    96A      0.367000    97A      0.374127  
      98A      0.380004    99A      0.380803   100A      0.395564  
     101A      0.426124   102A      0.431087   103A      0.463397  
     104A      0.465063   105A      0.514866   106A      0.531705  
     107A      0.534512   108A      0.550191   109A      0.559464  
     110A      0.575928   111A      0.588530   112A      0.590204  
     113A      0.601229   114A      0.621577   115A      0.626138  
     116A      0.626947   117A      0.649498   118A      0.673077  
     119A      0.681026   120A      0.682217   121A      0.687058  
     122A      0.700642   123A      0.715059   124A      0.741517  
     125A      0.742487   126A      0.750927   127A      0.751886  
     128A      0.757663   129A      0.783744   130A      0.792407  
     131A      0.793063   132A      0.809691   133A      0.821385  
     134A      0.830192   135A      0.834013   136A      0.856621  
     137A      0.879447   138A      0.888287   139A      0.896998  
     140A      0.905068   141A      0.916897   142A      0.928976  
     143A      0.934647   144A      0.973718   145A      0.992758  
     146A      1.000501   147A      1.029155   148A      1.074861  
     149A      1.141738   150A      1.166663   151A      1.187349  
     152A      1.194989   153A      1.229786   154A      1.255178  
     155A      1.296315   156A      1.313868   157A      1.342390  
     158A      1.346034   159A      1.361082   160A      1.382726  
     161A      1.393275   162A      1.417343   163A      1.432110  
     164A      1.464275   165A      1.485926   166A      1.493654  
     167A      1.503729   168A      1.515312   169A      1.537002  
     170A      1.544525   171A      1.570540   172A      1.580909  
     173A      1.601467   174A      1.622789   175A      1.641370  
     176A      1.646932   177A      1.652595   178A      1.679265  
     179A      1.690709   180A      1.692336   181A      1.701498  
     182A      1.707309   183A      1.722061   184A      1.764690  
     185A      1.768954   186A      1.772856   187A      1.775443  
     188A      1.786577   189A      1.796691   190A      1.803278  
     191A      1.809915   192A      1.838900   193A      1.849001  
     194A      1.851929   195A      1.874753   196A      1.875445  
     197A      1.897227   198A      1.905920   199A      1.921047  
     200A      1.923555   201A      1.935348   202A      1.938185  
     203A      1.943173   204A      1.966021   205A      1.985357  
     206A      2.003963   207A      2.008004   208A      2.013025  
     209A      2.024501   210A      2.041830   211A      2.063226  
     212A      2.068362   213A      2.080219   214A      2.095552  
     215A      2.104544   216A      2.119558   217A      2.124164  
     218A      2.135527   219A      2.150333   220A      2.160757  
     221A      2.165630   222A      2.198873   223A      2.206304  
     224A      2.210436   225A      2.241345   226A      2.260540  
     227A      2.285400   228A      2.293498   229A      2.304397  
     230A      2.342895   231A      2.364381   232A      2.374031  
     233A      2.377615   234A      2.394954   235A      2.413961  
     236A      2.430343   237A      2.444157   238A      2.468364  
     239A      2.469520   240A      2.504231   241A      2.508470  
     242A      2.542072   243A      2.557635   244A      2.598611  
     245A      2.609140   246A      2.632255   247A      2.650102  
     248A      2.658464   249A      2.679630   250A      2.691829  
     251A      2.705451   252A      2.726581   253A      2.751500  
     254A      2.758623   255A      2.798830   256A      2.829258  
     257A      2.833465   258A      2.852537   259A      2.876434  
     260A      2.899921   261A      2.932601   262A      2.933387  
     263A      3.009138   264A      3.033101   265A      3.059651  
     266A      3.111968   267A      3.141521   268A      3.145272  
     269A      3.175577   270A      3.235943   271A      3.290429  
     272A      3.294248   273A      3.322813   274A      3.408584  
     275A      3.446145   276A      3.529134   277A      3.533425  
     278A      3.549555   279A      3.664335   280A      3.759494  
     281A      3.776602   282A      3.863232   283A      3.925071  
     284A      3.928344   285A      4.091801   286A      4.180956  
     287A      4.262245   288A      4.366768   289A      4.574545  
     290A      4.618505   291A      4.695011   292A      4.773426  
     293A      4.843218   294A      4.857888   295A      4.979021  
     296A      5.046928   297A      5.470498   298A      5.549034  
     299A      5.714520   300A      5.787903   301A      6.683518  
     302A     18.167868   303A     18.359891   304A     18.559465  
     305A     25.321251   306A     33.436058  

    Final Occupation by Irrep:
              A 
    DOCC [    28 ]

  @DF-RHF Final Energy:  -361.16721745219439

   => Energetics <=

    Nuclear Repulsion Energy =            329.4615613378376793
    One-Electron Energy =               -1134.9363369762781986
    Two-Electron Energy =                 444.3075581862461263
    Total Energy =                       -361.1672174521943930

Computation Completed


Properties will be evaluated at   0.000000,   0.000000,   0.000000 [a0]

Properties computed using the SCF density matrix

  Nuclear Dipole Moment: [e a0]
     X:   -22.3543      Y:   443.1575      Z:   170.1234

  Electronic Dipole Moment: [e a0]
     X:    24.1878      Y:  -438.3853      Z:  -168.0732

  Dipole Moment: [e a0]
     X:     1.8335      Y:     4.7722      Z:     2.0503     Total:     5.5081

  Dipole Moment: [D]
     X:     4.6602      Y:    12.1298      Z:     5.2112     Total:    14.0002


*** tstop() called on aliaconda at Sun Mar 20 06:30:22 2022
Module time:
	user time   =     232.98 seconds =       3.88 minutes
	system time =      28.90 seconds =       0.48 minutes
	total time  =         11 seconds =       0.18 minutes
Total time:
	user time   =  124908.49 seconds =    2081.81 minutes
	system time =   17560.69 seconds =     292.68 minutes
	total time  =       7605 seconds =     126.75 minutes
  Constructing Basis Sets for SAPT...

   => Loading Basis Set <=

    Name: (JUN-CC-PVDZ AUX)
    Role: RIFIT
    Keyword: DF_BASIS_SAPT
    atoms 1, 14                                          entry N          line   144 file /home/alia/anaconda3/envs/mddemo/share/psi4/basis/jun-cc-pvdz-ri.gbs 
    atoms 2-4, 6, 8-10, 13, 15-17, 19, 21, 23, 25-27, 30 entry H          line    30 file /home/alia/anaconda3/envs/mddemo/share/psi4/basis/jun-cc-pvdz-ri.gbs 
    atoms 5, 7, 11, 18, 20, 24, 28                       entry C          line   100 file /home/alia/anaconda3/envs/mddemo/share/psi4/basis/jun-cc-pvdz-ri.gbs 
    atoms 12, 22, 29                                     entry O          line   188 file /home/alia/anaconda3/envs/mddemo/share/psi4/basis/jun-cc-pvdz-ri.gbs 


  //>>>>>>>>>>>>>>>>>>>>>>>>>>>>>>>>>>>//
  //               SAPT0               //
  //<<<<<<<<<<<<<<<<<<<<<<<<<<<<<<<<<<<//


*** tstart() called on aliaconda
*** at Sun Mar 20 06:30:22 2022

        SAPT0  
    Ed Hohenstein
     6 June 2009

      Orbital Information
  --------------------------
    NSO        =       306
    NMO        =       306
    NRI        =      1032
    NOCC A     =        20
    NOCC B     =        28
    FOCC A     =         0
    FOCC B     =         0
    NVIR A     =       286
    NVIR B     =       278

    Elst10,r            =     0.058208720832 [Eh]
    Exch10              =    -0.000000005604 [Eh]
    Exch10 (S^2)        =    -0.000000005604 [Eh]

    Iter     Energy [mEh]          dE [mEh]         Residual      Time [s]
       1      -0.25610144       0.256101445       4.856016576             1
       2      -0.24971752      -0.006383927       1.592974394             1
       3      -0.27150979       0.021792272       0.576232186             2
       4      -0.27669170       0.005181908       0.166074783             2
       5      -0.27585590      -0.000835800       0.092977290             3
       6      -0.27535835      -0.000497551       0.024802460             4
       7      -0.27550393       0.000145588       0.007065108             4
       8      -0.27551817       0.000014240       0.002290436             5
       9      -0.27550963      -0.000008547       0.001122441             5
      10      -0.27550779      -0.000001842       0.000520721             6
      11      -0.27550989       0.000002106       0.000200430             7
      12      -0.27550980      -0.000000087       0.000056277             7
      13      -0.27550962      -0.000000188       0.000014008             8
      14      -0.27550962       0.000000001       0.000003584             8
      15      -0.27550963       0.000000011       0.000000733             9

    CHF Iterations converged


    Iter     Energy [mEh]          dE [mEh]         Residual      Time [s]
       1      -0.17449540       0.174495401       3.040210132             0
       2      -0.18134730       0.006851900       1.297203314             1
       3      -0.19516912       0.013821815       0.425598809             2
       4      -0.19750216       0.002333041       0.118540522             2
       5      -0.19713993      -0.000362223       0.070785377             3
       6      -0.19677715      -0.000362789       0.023252395             4
       7      -0.19681769       0.000040545       0.012144324             4
       8      -0.19687506       0.000057370       0.003972129             5
       9      -0.19686318      -0.000011881       0.002070473             5
      10      -0.19685801      -0.000005169       0.000967830             6
      11      -0.19686100       0.000002990       0.000405463             6
      12      -0.19686137       0.000000365       0.000118287             7
      13      -0.19686109      -0.000000273       0.000036379             8
      14      -0.19686103      -0.000000059       0.000010094             8
      15      -0.19686105       0.000000017       0.000003327             9
      16      -0.19686106       0.000000005       0.000000945             9

    CHF Iterations converged

    Ind20,r (A<-B)      =    -0.000275509629 [Eh]
    Ind20,r (B<-A)      =    -0.000196861055 [Eh]
    Ind20,r             =    -0.000472370685 [Eh]
    Exch-Ind20,r (A<-B) =     0.000000000757 [Eh]
    Exch-Ind20,r (B<-A) =     0.000000000999 [Eh]
    Exch-Ind20,r        =     0.000000001756 [Eh]
    Disp20              =    -0.000030102151 [Eh]
    Disp20 (SS)         =    -0.000015051075 [Eh]
    Disp20 (OS)         =    -0.000015051075 [Eh]
    Exch-Disp20         =     0.000000000698 [Eh]
    Exch-Disp20 (SS)    =     0.000000000518 [Eh]
    Exch-Disp20 (OS)    =     0.000000000180 [Eh]

    SAPT Results 
  --------------------------------------------------------------------------------------------------------
    Electrostatics                 58.20872083 [mEh]      36.52652378 [kcal/mol]     152.82697549 [kJ/mol]
      Elst10,r                     58.20872083 [mEh]      36.52652378 [kcal/mol]     152.82697549 [kJ/mol]

    Exchange                       -0.00000560 [mEh]      -0.00000352 [kcal/mol]      -0.00001471 [kJ/mol]
      Exch10                       -0.00000560 [mEh]      -0.00000352 [kcal/mol]      -0.00001471 [kJ/mol]
      Exch10(S^2)                  -0.00000560 [mEh]      -0.00000352 [kcal/mol]      -0.00001471 [kJ/mol]

    Induction                      -0.46712168 [mEh]      -0.29312328 [kcal/mol]      -1.22642781 [kJ/mol]
      Ind20,r                      -0.47237068 [mEh]      -0.29641708 [kcal/mol]      -1.24020906 [kJ/mol]
      Exch-Ind20,r                  0.00000176 [mEh]       0.00000110 [kcal/mol]       0.00000461 [kJ/mol]
      delta HF,r (2)                0.00524724 [mEh]       0.00329270 [kcal/mol]       0.01377664 [kJ/mol]

    Dispersion                     -0.03010145 [mEh]      -0.01888895 [kcal/mol]      -0.07903135 [kJ/mol]
      Disp20                       -0.03010215 [mEh]      -0.01888938 [kcal/mol]      -0.07903319 [kJ/mol]
      Exch-Disp20                   0.00000070 [mEh]       0.00000044 [kcal/mol]       0.00000183 [kJ/mol]
      Disp20 (SS)                  -0.01505108 [mEh]      -0.00944469 [kcal/mol]      -0.03951659 [kJ/mol]
      Disp20 (OS)                  -0.01505108 [mEh]      -0.00944469 [kcal/mol]      -0.03951659 [kJ/mol]
      Exch-Disp20 (SS)              0.00000052 [mEh]       0.00000033 [kcal/mol]       0.00000136 [kJ/mol]
      Exch-Disp20 (OS)              0.00000018 [mEh]       0.00000011 [kcal/mol]       0.00000047 [kJ/mol]

  Total HF                         57.74159354 [mEh]      36.23339698 [kcal/mol]     151.60053296 [kJ/mol]
  Total SAPT0                      57.71149209 [mEh]      36.21450803 [kcal/mol]     151.52150161 [kJ/mol]

  Special recipe for scaled SAPT0 (see Manual):
    Electrostatics sSAPT0          58.20872083 [mEh]      36.52652378 [kcal/mol]     152.82697549 [kJ/mol]
    Exchange sSAPT0                -0.00000560 [mEh]      -0.00000352 [kcal/mol]      -0.00001471 [kJ/mol]
    Induction sSAPT0               -0.46712168 [mEh]      -0.29312328 [kcal/mol]      -1.22642781 [kJ/mol]
    Dispersion sSAPT0              -0.03010145 [mEh]      -0.01888895 [kcal/mol]      -0.07903135 [kJ/mol]
  Total sSAPT0                     57.71149209 [mEh]      36.21450803 [kcal/mol]     151.52150161 [kJ/mol]
  --------------------------------------------------------------------------------------------------------

*** tstop() called on aliaconda at Sun Mar 20 06:31:11 2022
Module time:
	user time   =     701.81 seconds =      11.70 minutes
	system time =     123.69 seconds =       2.06 minutes
	total time  =         49 seconds =       0.82 minutes
Total time:
	user time   =  125612.86 seconds =    2093.55 minutes
	system time =   17684.85 seconds =     294.75 minutes
	total time  =       7654 seconds =     127.57 minutes


Warning! sapt0 does not have an associated derived wavefunction.The returned wavefunction is the dimer SCF wavefunction.


  Memory set to  74.506 GiB by Python driver.
  Threads set to 32 by Python driver.
