
Scratch directory: /tmp/

Scratch directory: /tmp/

  //>>>>>>>>>>>>>>>>>>>>>>>>>>>>>>>>>>>//
  //              Dimer HF             //
  //<<<<<<<<<<<<<<<<<<<<<<<<<<<<<<<<<<<//


*** tstart() called on aliaconda
*** at Sun Mar 20 06:53:33 2022

   => Loading Basis Set <=

    Name: JUN-CC-PVDZ
    Role: ORBITAL
    Keyword: BASIS
    atoms 1, 14                                          entry N          line   198 file /home/alia/anaconda3/envs/mddemo/share/psi4/basis/jun-cc-pvdz.gbs 
    atoms 2-4, 6, 8-10, 13, 15-17, 19, 21, 23, 25-27, 30 entry H          line    36 file /home/alia/anaconda3/envs/mddemo/share/psi4/basis/jun-cc-pvdz.gbs 
    atoms 5, 7, 11, 18, 20, 24, 28                       entry C          line   164 file /home/alia/anaconda3/envs/mddemo/share/psi4/basis/jun-cc-pvdz.gbs 
    atoms 12, 22, 29                                     entry O          line   232 file /home/alia/anaconda3/envs/mddemo/share/psi4/basis/jun-cc-pvdz.gbs 


         ---------------------------------------------------------
                                   SCF
               by Justin Turney, Rob Parrish, Andy Simmonett
                          and Daniel G. A. Smith
                              RHF Reference
                       32 Threads,  76293 MiB Core
         ---------------------------------------------------------

  ==> Geometry <==

    Molecular point group: c1
    Full point group: C1

    Geometry (in Angstrom), charge = 2, multiplicity = 1:

       Center              X                  Y                   Z               Mass       
    ------------   -----------------  -----------------  -----------------  -----------------
         N           -0.835064798291    -6.684023259692    -1.274877959402    14.003074004430
         H           -1.406064897473    -7.153023122363    -2.223878079565     1.007825032230
         H           -1.749064832623    -6.678023217730    -0.489878111990     1.007825032230
         H           -0.172064691480    -7.367023109011    -0.942878180654     1.007825032230
         C           -0.312065034802    -5.375023244433    -1.505878382833    12.000000000000
         H           -0.853064924176    -4.713023065142    -0.961878234060     1.007825032230
         C            1.100935072009    -5.238023160510    -0.923878127249    12.000000000000
         H            1.725935072009    -6.122022985034    -1.219878131063     1.007825032230
         H            0.842935175006    -5.169022916369     0.223121708719     1.007825032230
         H            1.683935255115    -4.336023210101    -1.195877963217     1.007825032230
         C           -0.207065015729    -4.898023007922    -2.977878266485    12.000000000000
         O           -0.330064683850    -5.712023137621    -3.883878165396    15.994914619570
         H           -0.023687749799    -3.837630151324    -3.205783063085     1.007825032230
         N            1.040935129230     2.895977140851     0.494121617167    14.003074004430
         H            0.871935218875     2.921977163740    -0.697878295095     1.007825032230
         H            1.208935112064     1.710976721235     0.607122010081     1.007825032230
         H            1.962935060565     3.396976591535     0.641121929972     1.007825032230
         C           -0.131064802106     3.506977201887     1.112121647684    12.000000000000
         H           -0.978064924176     2.853977323957     1.056121891825     1.007825032230
         C            0.067935079639     3.995976568647     2.561121529429    12.000000000000
         H           -1.005064874585     4.197977186628     2.873121804087     1.007825032230
         O            0.843935102527     5.135976911970     2.805121964304    15.994914619570
         H            1.820935100619     5.001977087446     2.602121895640     1.007825032230
         C            0.703935236041     2.841977240034     3.375121659128    12.000000000000
         H            1.823935121600     2.807976843305     3.127121514170     1.007825032230
         H            0.212935060565     1.891976477094     2.961122101633     1.007825032230
         H            0.561935037677     3.100977064557     4.467121666758     1.007825032230
         C           -0.512064844067     4.695977331586     0.159122055857    12.000000000000
         O           -1.657064824994     5.015977026410    -0.046878272207    15.994914619570
         H            0.293270200793     5.256642462202    -0.337959223898     1.007825032230

  Running in c1 symmetry.

  Rotational constants: A =      0.03944  B =      0.00352  C =      0.00335 [cm^-1]
  Rotational constants: A =   1182.41004  B =    105.40720  C =    100.34198 [MHz]
  Nuclear repulsion =  635.139628751156579

  Charge       = 2
  Multiplicity = 1
  Electrons    = 96
  Nalpha       = 48
  Nbeta        = 48

  ==> Algorithm <==

  SCF Algorithm Type is DF.
  DIIS enabled.
  MOM disabled.
  Fractional occupation disabled.
  Guess Type is SAD.
  Energy threshold   = 1.00e-08
  Density threshold  = 1.00e-08
  Integral threshold = 1.00e-12

  ==> Primary Basis <==

  Basis Set: JUN-CC-PVDZ
    Blend: JUN-CC-PVDZ
    Number of shells: 150
    Number of basis functions: 306
    Number of Cartesian functions: 318
    Spherical Harmonics?: true
    Max angular momentum: 2

   => Loading Basis Set <=

    Name: (JUN-CC-PVDZ AUX)
    Role: JKFIT
    Keyword: DF_BASIS_SCF
    atoms 1, 14                                          entry N          line   202 file /home/alia/anaconda3/envs/mddemo/share/psi4/basis/jun-cc-pvdz-jkfit.gbs 
    atoms 2-4, 6, 8-10, 13, 15-17, 19, 21, 23, 25-27, 30 entry H          line    70 file /home/alia/anaconda3/envs/mddemo/share/psi4/basis/jun-cc-pvdz-jkfit.gbs 
    atoms 5, 7, 11, 18, 20, 24, 28                       entry C          line   146 file /home/alia/anaconda3/envs/mddemo/share/psi4/basis/jun-cc-pvdz-jkfit.gbs 
    atoms 12, 22, 29                                     entry O          line   258 file /home/alia/anaconda3/envs/mddemo/share/psi4/basis/jun-cc-pvdz-jkfit.gbs 

  ==> Integral Setup <==

  ==> DiskDFJK: Density-Fitted J/K Matrices <==

    J tasked:                  Yes
    K tasked:                  Yes
    wK tasked:                  No
    OpenMP threads:             32
    Integrals threads:          32
    Memory [MiB]:            57220
    Algorithm:                Core
    Integral Cache:           SAVE
    Schwarz Cutoff:          1E-12
    Fitting Condition:       1E-10

   => Auxiliary Basis Set <=

  Basis Set: (JUN-CC-PVDZ AUX)
    Blend: JUN-CC-PVDZ-JKFIT
    Number of shells: 486
    Number of basis functions: 1362
    Number of Cartesian functions: 1542
    Spherical Harmonics?: true
    Max angular momentum: 3

  Minimum eigenvalue in the overlap matrix is 6.4070861398E-05.
  Reciprocal condition number of the overlap matrix is 5.6178719230E-06.
    Using symmetric orthogonalization.

  ==> Pre-Iterations <==

  SCF Guess: Superposition of Atomic Densities via on-the-fly atomic UHF (no occupation information).

   -------------------------
    Irrep   Nso     Nmo    
   -------------------------
     A        306     306 
   -------------------------
    Total     306     306
   -------------------------

  ==> Iterations <==

                           Total Energy        Delta E     RMS |[F,P]|

   @DF-RHF iter SAD:  -607.22952898154824   -6.07230e+02   0.00000e+00 
   @DF-RHF iter   1:  -607.95725733491838   -7.27728e-01   2.80820e-03 DIIS
   @DF-RHF iter   2:  -608.27641988535777   -3.19163e-01   1.77948e-03 DIIS
   @DF-RHF iter   3:  -608.38787672952731   -1.11457e-01   3.81252e-04 DIIS
   @DF-RHF iter   4:  -608.39633202353821   -8.45529e-03   1.41847e-04 DIIS
   @DF-RHF iter   5:  -608.39751420320738   -1.18218e-03   3.33737e-05 DIIS
   @DF-RHF iter   6:  -608.39763501390041   -1.20811e-04   1.59906e-05 DIIS
   @DF-RHF iter   7:  -608.39766123826553   -2.62244e-05   7.11039e-06 DIIS
   @DF-RHF iter   8:  -608.39766744683504   -6.20857e-06   2.77714e-06 DIIS
   @DF-RHF iter   9:  -608.39766842249492   -9.75660e-07   9.62463e-07 DIIS
   @DF-RHF iter  10:  -608.39766852836294   -1.05868e-07   3.82717e-07 DIIS
   @DF-RHF iter  11:  -608.39766854896652   -2.06036e-08   1.88615e-07 DIIS
   @DF-RHF iter  12:  -608.39766855663800   -7.67147e-09   9.83178e-08 DIIS
   @DF-RHF iter  13:  -608.39766855944902   -2.81102e-09   4.85955e-08 DIIS
   @DF-RHF iter  14:  -608.39766856026392   -8.14907e-10   1.68483e-08 DIIS
   @DF-RHF iter  15:  -608.39766856032782   -6.38920e-11   4.68680e-09 DIIS
  Energy and wave function converged.


  ==> Post-Iterations <==

    Orbital Energies [Eh]
    ---------------------

    Doubly Occupied:                                                      

       1A    -20.809558     2A    -20.798172     3A    -20.791680  
       4A    -16.004355     5A    -15.986516     6A    -11.589087  
       7A    -11.571649     8A    -11.554646     9A    -11.552261  
      10A    -11.532436    11A    -11.502040    12A    -11.466241  
      13A     -1.633575    14A     -1.626673    15A     -1.591666  
      16A     -1.562950    17A     -1.556556    18A     -1.307811  
      19A     -1.288615    20A     -1.199291    21A     -1.150681  
      22A     -1.073276    23A     -1.069956    24A     -1.059493  
      25A     -1.011841    26A     -1.006582    27A     -0.994310  
      28A     -0.961386    29A     -0.952092    30A     -0.938266  
      31A     -0.892771    32A     -0.887280    33A     -0.863200  
      34A     -0.857604    35A     -0.854571    36A     -0.829601  
      37A     -0.812296    38A     -0.811086    39A     -0.787981  
      40A     -0.774391    41A     -0.767629    42A     -0.740868  
      43A     -0.735052    44A     -0.729773    45A     -0.701969  
      46A     -0.672076    47A     -0.663646    48A     -0.636277  

    Virtual:                                                              

      49A     -0.196336    50A     -0.175189    51A     -0.149581  
      52A     -0.138620    53A     -0.132112    54A     -0.130414  
      55A     -0.113726    56A     -0.110166    57A     -0.100727  
      58A     -0.096743    59A     -0.089665    60A     -0.084889  
      61A     -0.082854    62A     -0.079055    63A     -0.075902  
      64A     -0.072402    65A     -0.065867    66A     -0.059555  
      67A     -0.058744    68A     -0.058167    69A     -0.045973  
      70A     -0.042651    71A     -0.035382    72A     -0.033068  
      73A     -0.027027    74A     -0.024793    75A     -0.023473  
      76A     -0.021946    77A     -0.013987    78A     -0.008183  
      79A     -0.005560    80A     -0.003841    81A      0.002440  
      82A      0.012939    83A      0.020948    84A      0.030911  
      85A      0.037700    86A      0.042811    87A      0.047281  
      88A      0.050570    89A      0.055401    90A      0.060519  
      91A      0.062693    92A      0.086867    93A      0.088523  
      94A      0.091005    95A      0.097800    96A      0.102318  
      97A      0.111060    98A      0.117204    99A      0.121138  
     100A      0.126745   101A      0.129190   102A      0.142021  
     103A      0.142932   104A      0.148160   105A      0.155869  
     106A      0.161073   107A      0.167683   108A      0.177350  
     109A      0.180033   110A      0.186258   111A      0.198487  
     112A      0.208923   113A      0.217838   114A      0.219544  
     115A      0.221944   116A      0.227647   117A      0.248750  
     118A      0.262279   119A      0.263848   120A      0.268649  
     121A      0.276821   122A      0.294853   123A      0.313836  
     124A      0.334173   125A      0.372411   126A      0.388250  
     127A      0.446896   128A      0.481930   129A      0.489159  
     130A      0.512962   131A      0.527782   132A      0.529284  
     133A      0.547882   134A      0.552576   135A      0.559684  
     136A      0.562365   137A      0.570266   138A      0.581987  
     139A      0.597747   140A      0.602921   141A      0.619443  
     142A      0.635908   143A      0.644936   144A      0.645611  
     145A      0.647409   146A      0.658286   147A      0.667184  
     148A      0.677176   149A      0.681639   150A      0.693424  
     151A      0.698697   152A      0.703686   153A      0.716484  
     154A      0.720313   155A      0.730233   156A      0.735980  
     157A      0.742947   158A      0.757638   159A      0.760325  
     160A      0.769888   161A      0.790066   162A      0.791123  
     163A      0.804661   164A      0.808977   165A      0.821793  
     166A      0.835160   167A      0.841776   168A      0.842551  
     169A      0.856297   170A      0.861810   171A      0.871871  
     172A      0.904042   173A      0.937245   174A      0.944178  
     175A      0.988942   176A      1.047964   177A      1.059358  
     178A      1.092013   179A      1.099890   180A      1.115133  
     181A      1.130463   182A      1.137618   183A      1.192492  
     184A      1.204817   185A      1.210990   186A      1.222951  
     187A      1.232921   188A      1.235805   189A      1.270291  
     190A      1.271411   191A      1.291428   192A      1.293268  
     193A      1.297500   194A      1.317098   195A      1.323110  
     196A      1.324792   197A      1.327001   198A      1.332812  
     199A      1.363667   200A      1.376418   201A      1.377832  
     202A      1.404590   203A      1.411048   204A      1.428145  
     205A      1.430994   206A      1.458939   207A      1.491427  
     208A      1.518094   209A      1.531015   210A      1.544129  
     211A      1.554663   212A      1.578163   213A      1.585935  
     214A      1.587461   215A      1.617412   216A      1.623983  
     217A      1.648619   218A      1.651063   219A      1.654567  
     220A      1.656383   221A      1.684571   222A      1.688275  
     223A      1.718304   224A      1.720305   225A      1.732761  
     226A      1.740106   227A      1.746794   228A      1.752174  
     229A      1.757149   230A      1.766631   231A      1.777763  
     232A      1.794537   233A      1.795671   234A      1.811171  
     235A      1.813492   236A      1.826241   237A      1.841979  
     238A      1.855915   239A      1.857082   240A      1.883926  
     241A      1.889260   242A      1.898032   243A      1.901971  
     244A      1.936177   245A      1.970221   246A      1.976978  
     247A      1.984976   248A      2.008658   249A      2.029367  
     250A      2.038822   251A      2.059929   252A      2.088844  
     253A      2.097023   254A      2.098946   255A      2.105029  
     256A      2.127467   257A      2.153813   258A      2.166165  
     259A      2.179038   260A      2.203533   261A      2.203624  
     262A      2.206550   263A      2.283541   264A      2.306221  
     265A      2.337082   266A      2.347923   267A      2.366144  
     268A      2.375007   269A      2.401948   270A      2.419981  
     271A      2.428341   272A      2.433868   273A      2.472848  
     274A      2.500405   275A      2.504676   276A      2.526966  
     277A      2.542387   278A      2.578187   279A      2.582927  
     280A      2.622375   281A      2.628020   282A      2.631971  
     283A      2.644235   284A      2.689132   285A      2.697345  
     286A      2.741951   287A      2.762928   288A      2.841361  
     289A      2.843118   290A      2.885849   291A      2.893707  
     292A      2.990838   293A      2.991989   294A      3.017389  
     295A      3.066380   296A      3.069583   297A      3.192821  
     298A      3.221646   299A      3.227559   300A      3.257562  
     301A      3.503684   302A      3.507026   303A      3.544436  
     304A      3.719004   305A      3.782155   306A      3.865729  

    Final Occupation by Irrep:
              A 
    DOCC [    48 ]

  @DF-RHF Final Energy:  -608.39766856032782

   => Energetics <=

    Nuclear Repulsion Energy =            635.1396287511565788
    One-Electron Energy =               -2064.7511157785470459
    Two-Electron Energy =                 821.2138184670626515
    Total Energy =                       -608.3976685603278156

Computation Completed


Properties will be evaluated at   0.000000,   0.000000,   0.000000 [a0]

Properties computed using the SCF density matrix

  Nuclear Dipole Moment: [e a0]
     X:     6.3898      Y:   -11.4370      Z:     6.8237

  Electronic Dipole Moment: [e a0]
     X:    -4.9071      Y:     4.8641      Z:    -7.0520

  Dipole Moment: [e a0]
     X:     1.4828      Y:    -6.5729      Z:    -0.2283     Total:     6.7420

  Dipole Moment: [D]
     X:     3.7688      Y:   -16.7067      Z:    -0.5804     Total:    17.1364


*** tstop() called on aliaconda at Sun Mar 20 06:53:47 2022
Module time:
	user time   =     303.18 seconds =       5.05 minutes
	system time =      36.61 seconds =       0.61 minutes
	total time  =         14 seconds =       0.23 minutes
Total time:
	user time   =  148790.89 seconds =    2479.85 minutes
	system time =   21078.96 seconds =     351.32 minutes
	total time  =       9010 seconds =     150.17 minutes

  //>>>>>>>>>>>>>>>>>>>>>>>>>>>>>>>>>>>//
  //            Monomer A HF           //
  //<<<<<<<<<<<<<<<<<<<<<<<<<<<<<<<<<<<//


*** tstart() called on aliaconda
*** at Sun Mar 20 06:53:47 2022

   => Loading Basis Set <=

    Name: JUN-CC-PVDZ
    Role: ORBITAL
    Keyword: BASIS
    atoms 1, 14                                          entry N          line   198 file /home/alia/anaconda3/envs/mddemo/share/psi4/basis/jun-cc-pvdz.gbs 
    atoms 2-4, 6, 8-10, 13, 15-17, 19, 21, 23, 25-27, 30 entry H          line    36 file /home/alia/anaconda3/envs/mddemo/share/psi4/basis/jun-cc-pvdz.gbs 
    atoms 5, 7, 11, 18, 20, 24, 28                       entry C          line   164 file /home/alia/anaconda3/envs/mddemo/share/psi4/basis/jun-cc-pvdz.gbs 
    atoms 12, 22, 29                                     entry O          line   232 file /home/alia/anaconda3/envs/mddemo/share/psi4/basis/jun-cc-pvdz.gbs 


         ---------------------------------------------------------
                                   SCF
               by Justin Turney, Rob Parrish, Andy Simmonett
                          and Daniel G. A. Smith
                              RHF Reference
                       32 Threads,  76293 MiB Core
         ---------------------------------------------------------

  ==> Geometry <==

    Molecular point group: c1
    Full point group: C1

    Geometry (in Angstrom), charge = 1, multiplicity = 1:

       Center              X                  Y                   Z               Mass       
    ------------   -----------------  -----------------  -----------------  -----------------
         N           -0.835064798291    -6.684023259692    -1.274877959402    14.003074004430
         H           -1.406064897473    -7.153023122363    -2.223878079565     1.007825032230
         H           -1.749064832623    -6.678023217730    -0.489878111990     1.007825032230
         H           -0.172064691480    -7.367023109011    -0.942878180654     1.007825032230
         C           -0.312065034802    -5.375023244433    -1.505878382833    12.000000000000
         H           -0.853064924176    -4.713023065142    -0.961878234060     1.007825032230
         C            1.100935072009    -5.238023160510    -0.923878127249    12.000000000000
         H            1.725935072009    -6.122022985034    -1.219878131063     1.007825032230
         H            0.842935175006    -5.169022916369     0.223121708719     1.007825032230
         H            1.683935255115    -4.336023210101    -1.195877963217     1.007825032230
         C           -0.207065015729    -4.898023007922    -2.977878266485    12.000000000000
         O           -0.330064683850    -5.712023137621    -3.883878165396    15.994914619570
         H           -0.023687749799    -3.837630151324    -3.205783063085     1.007825032230
      Gh(N)           1.040935129230     2.895977140851     0.494121617167    14.003074004430
      Gh(H)           0.871935218875     2.921977163740    -0.697878295095     1.007825032230
      Gh(H)           1.208935112064     1.710976721235     0.607122010081     1.007825032230
      Gh(H)           1.962935060565     3.396976591535     0.641121929972     1.007825032230
      Gh(C)          -0.131064802106     3.506977201887     1.112121647684    12.000000000000
      Gh(H)          -0.978064924176     2.853977323957     1.056121891825     1.007825032230
      Gh(C)           0.067935079639     3.995976568647     2.561121529429    12.000000000000
      Gh(H)          -1.005064874585     4.197977186628     2.873121804087     1.007825032230
      Gh(O)           0.843935102527     5.135976911970     2.805121964304    15.994914619570
      Gh(H)           1.820935100619     5.001977087446     2.602121895640     1.007825032230
      Gh(C)           0.703935236041     2.841977240034     3.375121659128    12.000000000000
      Gh(H)           1.823935121600     2.807976843305     3.127121514170     1.007825032230
      Gh(H)           0.212935060565     1.891976477094     2.961122101633     1.007825032230
      Gh(H)           0.561935037677     3.100977064557     4.467121666758     1.007825032230
      Gh(C)          -0.512064844067     4.695977331586     0.159122055857    12.000000000000
      Gh(O)          -1.657064824994     5.015977026410    -0.046878272207    15.994914619570
      Gh(H)           0.293270200793     5.256642462202    -0.337959223898     1.007825032230

  Running in c1 symmetry.

  Rotational constants: A =      0.03944  B =      0.00352  C =      0.00335 [cm^-1]
  Rotational constants: A =   1182.41004  B =    105.40720  C =    100.34198 [MHz]
  Nuclear repulsion =  186.597545753729776

  Charge       = 1
  Multiplicity = 1
  Electrons    = 40
  Nalpha       = 20
  Nbeta        = 20

  ==> Algorithm <==

  SCF Algorithm Type is DF.
  DIIS enabled.
  MOM disabled.
  Fractional occupation disabled.
  Guess Type is SAD.
  Energy threshold   = 1.00e-08
  Density threshold  = 1.00e-08
  Integral threshold = 1.00e-12

  ==> Primary Basis <==

  Basis Set: JUN-CC-PVDZ
    Blend: JUN-CC-PVDZ
    Number of shells: 150
    Number of basis functions: 306
    Number of Cartesian functions: 318
    Spherical Harmonics?: true
    Max angular momentum: 2

   => Loading Basis Set <=

    Name: (JUN-CC-PVDZ AUX)
    Role: JKFIT
    Keyword: DF_BASIS_SCF
    atoms 1, 14                                          entry N          line   202 file /home/alia/anaconda3/envs/mddemo/share/psi4/basis/jun-cc-pvdz-jkfit.gbs 
    atoms 2-4, 6, 8-10, 13, 15-17, 19, 21, 23, 25-27, 30 entry H          line    70 file /home/alia/anaconda3/envs/mddemo/share/psi4/basis/jun-cc-pvdz-jkfit.gbs 
    atoms 5, 7, 11, 18, 20, 24, 28                       entry C          line   146 file /home/alia/anaconda3/envs/mddemo/share/psi4/basis/jun-cc-pvdz-jkfit.gbs 
    atoms 12, 22, 29                                     entry O          line   258 file /home/alia/anaconda3/envs/mddemo/share/psi4/basis/jun-cc-pvdz-jkfit.gbs 

  ==> Integral Setup <==

  ==> DiskDFJK: Density-Fitted J/K Matrices <==

    J tasked:                  Yes
    K tasked:                  Yes
    wK tasked:                  No
    OpenMP threads:             32
    Integrals threads:          32
    Memory [MiB]:            57220
    Algorithm:                Core
    Integral Cache:           LOAD
    Schwarz Cutoff:          1E-12
    Fitting Condition:       1E-10

   => Auxiliary Basis Set <=

  Basis Set: (JUN-CC-PVDZ AUX)
    Blend: JUN-CC-PVDZ-JKFIT
    Number of shells: 486
    Number of basis functions: 1362
    Number of Cartesian functions: 1542
    Spherical Harmonics?: true
    Max angular momentum: 3

  Minimum eigenvalue in the overlap matrix is 6.4070861398E-05.
  Reciprocal condition number of the overlap matrix is 5.6178719230E-06.
    Using symmetric orthogonalization.

  ==> Pre-Iterations <==

  SCF Guess: Superposition of Atomic Densities via on-the-fly atomic UHF (no occupation information).

   -------------------------
    Irrep   Nso     Nmo    
   -------------------------
     A        306     306 
   -------------------------
    Total     306     306
   -------------------------

  ==> Iterations <==

                           Total Energy        Delta E     RMS |[F,P]|

   @DF-RHF iter SAD:  -246.77542402712808   -2.46775e+02   0.00000e+00 
   @DF-RHF iter   1:  -247.11628501561358   -3.40861e-01   1.74252e-03 DIIS
   @DF-RHF iter   2:  -247.24274848553250   -1.26463e-01   1.07657e-03 DIIS
   @DF-RHF iter   3:  -247.28380049246741   -4.10520e-02   2.43418e-04 DIIS
   @DF-RHF iter   4:  -247.28732281664202   -3.52232e-03   8.56372e-05 DIIS
   @DF-RHF iter   5:  -247.28777667905158   -4.53862e-04   1.97085e-05 DIIS
   @DF-RHF iter   6:  -247.28782819821572   -5.15192e-05   8.36863e-06 DIIS
   @DF-RHF iter   7:  -247.28783673152287   -8.53331e-06   4.04080e-06 DIIS
   @DF-RHF iter   8:  -247.28783870948254   -1.97796e-06   1.39502e-06 DIIS
   @DF-RHF iter   9:  -247.28783894075249   -2.31270e-07   3.00784e-07 DIIS
   @DF-RHF iter  10:  -247.28783895008505   -9.33255e-09   9.24640e-08 DIIS
   @DF-RHF iter  11:  -247.28783895099332   -9.08273e-10   2.02172e-08 DIIS
   @DF-RHF iter  12:  -247.28783895103697   -4.36557e-11   5.58079e-09 DIIS
  Energy and wave function converged.


  ==> Post-Iterations <==

    Orbital Energies [Eh]
    ---------------------

    Doubly Occupied:                                                      

       1A    -20.749766     2A    -15.931016     3A    -11.529043  
       4A    -11.493289     5A    -11.438847     6A     -1.574575  
       7A     -1.506069     8A     -1.246939     9A     -1.089273  
      10A     -1.013355    11A     -0.949241    12A     -0.936108  
      13A     -0.878860    14A     -0.828634    15A     -0.797969  
      16A     -0.749181    17A     -0.725884    18A     -0.712298  
      19A     -0.670231    20A     -0.603479  

    Virtual:                                                              

      21A     -0.120802    22A     -0.074759    23A     -0.071569  
      24A     -0.046037    25A     -0.043164    26A     -0.029165  
      27A     -0.027810    28A     -0.018324    29A     -0.016768  
      30A     -0.006249    31A     -0.001892    32A      0.001945  
      33A      0.012104    34A      0.014189    35A      0.015658  
      36A      0.026403    37A      0.033628    38A      0.035531  
      39A      0.036243    40A      0.049692    41A      0.051946  
      42A      0.053580    43A      0.056177    44A      0.060067  
      45A      0.070803    46A      0.082215    47A      0.086942  
      48A      0.092890    49A      0.096124    50A      0.100082  
      51A      0.101218    52A      0.104388    53A      0.111164  
      54A      0.118501    55A      0.137483    56A      0.144597  
      57A      0.148803    58A      0.154193    59A      0.155638  
      60A      0.163169    61A      0.166932    62A      0.170054  
      63A      0.177811    64A      0.181992    65A      0.185679  
      66A      0.192547    67A      0.206917    68A      0.214691  
      69A      0.220641    70A      0.228732    71A      0.240589  
      72A      0.241352    73A      0.250286    74A      0.255681  
      75A      0.263866    76A      0.268658    77A      0.273712  
      78A      0.278238    79A      0.303896    80A      0.309160  
      81A      0.320457    82A      0.328181    83A      0.333732  
      84A      0.340282    85A      0.362867    86A      0.373101  
      87A      0.387917    88A      0.393832    89A      0.401233  
      90A      0.448809    91A      0.453042    92A      0.465668  
      93A      0.488831    94A      0.491155    95A      0.508045  
      96A      0.514112    97A      0.528865    98A      0.550967  
      99A      0.556983   100A      0.566623   101A      0.572339  
     102A      0.583510   103A      0.587214   104A      0.590674  
     105A      0.606797   106A      0.610302   107A      0.621913  
     108A      0.643516   109A      0.659091   110A      0.666922  
     111A      0.676989   112A      0.693178   113A      0.705739  
     114A      0.708379   115A      0.719663   116A      0.728411  
     117A      0.739024   118A      0.747582   119A      0.752340  
     120A      0.760006   121A      0.775160   122A      0.782362  
     123A      0.804409   124A      0.817673   125A      0.848854  
     126A      0.855193   127A      0.863068   128A      0.866170  
     129A      0.897471   130A      0.900425   131A      0.901933  
     132A      0.922291   133A      0.932024   134A      0.941351  
     135A      0.959064   136A      0.981146   137A      0.985030  
     138A      1.003336   139A      1.039598   140A      1.108690  
     141A      1.153081   142A      1.153819   143A      1.176878  
     144A      1.218126   145A      1.264594   146A      1.281411  
     147A      1.295661   148A      1.329273   149A      1.351006  
     150A      1.374399   151A      1.385084   152A      1.436388  
     153A      1.472512   154A      1.488909   155A      1.491295  
     156A      1.539378   157A      1.574880   158A      1.578349  
     159A      1.604748   160A      1.608409   161A      1.615102  
     162A      1.645249   163A      1.646331   164A      1.666918  
     165A      1.677541   166A      1.706589   167A      1.709996  
     168A      1.711781   169A      1.716049   170A      1.742519  
     171A      1.744711   172A      1.748344   173A      1.757276  
     174A      1.794442   175A      1.799093   176A      1.812202  
     177A      1.812654   178A      1.817782   179A      1.830651  
     180A      1.856278   181A      1.866637   182A      1.871583  
     183A      1.882904   184A      1.892709   185A      1.903738  
     186A      1.907260   187A      1.910638   188A      1.916805  
     189A      1.941915   190A      1.955102   191A      1.961746  
     192A      1.974961   193A      1.995338   194A      1.997067  
     195A      2.017304   196A      2.031287   197A      2.034842  
     198A      2.041854   199A      2.056114   200A      2.085380  
     201A      2.091486   202A      2.128395   203A      2.144979  
     204A      2.153966   205A      2.156699   206A      2.159913  
     207A      2.168514   208A      2.180899   209A      2.187282  
     210A      2.203238   211A      2.234421   212A      2.240319  
     213A      2.262484   214A      2.265452   215A      2.283786  
     216A      2.327299   217A      2.334385   218A      2.343772  
     219A      2.363712   220A      2.368378   221A      2.396662  
     222A      2.420174   223A      2.427862   224A      2.434428  
     225A      2.461569   226A      2.472983   227A      2.488074  
     228A      2.490512   229A      2.534249   230A      2.548859  
     231A      2.565278   232A      2.571378   233A      2.606555  
     234A      2.629430   235A      2.640396   236A      2.658936  
     237A      2.681614   238A      2.689601   239A      2.704308  
     240A      2.736441   241A      2.746740   242A      2.759914  
     243A      2.768232   244A      2.820944   245A      2.824804  
     246A      2.848207   247A      2.900334   248A      2.901681  
     249A      2.922173   250A      2.936033   251A      2.952715  
     252A      2.961650   253A      3.017791   254A      3.051422  
     255A      3.080402   256A      3.098315   257A      3.125927  
     258A      3.152136   259A      3.263979   260A      3.280341  
     261A      3.283327   262A      3.387270   263A      3.416289  
     264A      3.488308   265A      3.514771   266A      3.556330  
     267A      3.566120   268A      3.644364   269A      3.676779  
     270A      3.777634   271A      3.887949   272A      3.989008  
     273A      4.050101   274A      4.161346   275A      4.192232  
     276A      4.316882   277A      4.358855   278A      4.415536  
     279A      4.540910   280A      4.592581   281A      4.598996  
     282A      4.658888   283A      4.705051   284A      4.732406  
     285A      4.774258   286A      4.839152   287A      4.881059  
     288A      5.030675   289A      5.085201   290A      5.106529  
     291A      5.342762   292A      5.498707   293A      5.546336  
     294A      5.583239   295A      5.654110   296A      5.770755  
     297A      5.983581   298A      6.561380   299A      6.788196  
     300A     18.175407   301A     18.330038   302A     18.430855  
     303A     18.579947   304A     25.321828   305A     33.448751  
     306A     33.470220  

    Final Occupation by Irrep:
              A 
    DOCC [    20 ]

  @DF-RHF Final Energy:  -247.28783895103697

   => Energetics <=

    Nuclear Repulsion Energy =            186.5975457537297757
    One-Electron Energy =                -696.9226594746577348
    Two-Electron Energy =                 263.0372747698909848
    Total Energy =                       -247.2878389510369743

Computation Completed


Properties will be evaluated at   0.000000,   0.000000,   0.000000 [a0]

Properties computed using the SCF density matrix

  Nuclear Dipole Moment: [e a0]
     X:    -9.3471      Y:  -436.3879      Z:  -155.8229

  Electronic Dipole Moment: [e a0]
     X:     8.0880      Y:   424.9789      Z:   154.2104

  Dipole Moment: [e a0]
     X:    -1.2591      Y:   -11.4090      Z:    -1.6125     Total:    11.5910

  Dipole Moment: [D]
     X:    -3.2004      Y:   -28.9988      Z:    -4.0985     Total:    29.4614


*** tstop() called on aliaconda at Sun Mar 20 06:53:56 2022
Module time:
	user time   =     169.90 seconds =       2.83 minutes
	system time =      17.85 seconds =       0.30 minutes
	total time  =          9 seconds =       0.15 minutes
Total time:
	user time   =  148960.89 seconds =    2482.68 minutes
	system time =   21096.83 seconds =     351.61 minutes
	total time  =       9019 seconds =     150.32 minutes

  //>>>>>>>>>>>>>>>>>>>>>>>>>>>>>>>>>>>//
  //            Monomer B HF           //
  //<<<<<<<<<<<<<<<<<<<<<<<<<<<<<<<<<<<//


*** tstart() called on aliaconda
*** at Sun Mar 20 06:53:56 2022

   => Loading Basis Set <=

    Name: JUN-CC-PVDZ
    Role: ORBITAL
    Keyword: BASIS
    atoms 1, 14                                          entry N          line   198 file /home/alia/anaconda3/envs/mddemo/share/psi4/basis/jun-cc-pvdz.gbs 
    atoms 2-4, 6, 8-10, 13, 15-17, 19, 21, 23, 25-27, 30 entry H          line    36 file /home/alia/anaconda3/envs/mddemo/share/psi4/basis/jun-cc-pvdz.gbs 
    atoms 5, 7, 11, 18, 20, 24, 28                       entry C          line   164 file /home/alia/anaconda3/envs/mddemo/share/psi4/basis/jun-cc-pvdz.gbs 
    atoms 12, 22, 29                                     entry O          line   232 file /home/alia/anaconda3/envs/mddemo/share/psi4/basis/jun-cc-pvdz.gbs 


         ---------------------------------------------------------
                                   SCF
               by Justin Turney, Rob Parrish, Andy Simmonett
                          and Daniel G. A. Smith
                              RHF Reference
                       32 Threads,  76293 MiB Core
         ---------------------------------------------------------

  ==> Geometry <==

    Molecular point group: c1
    Full point group: C1

    Geometry (in Angstrom), charge = 1, multiplicity = 1:

       Center              X                  Y                   Z               Mass       
    ------------   -----------------  -----------------  -----------------  -----------------
      Gh(N)          -0.835064798291    -6.684023259692    -1.274877959402    14.003074004430
      Gh(H)          -1.406064897473    -7.153023122363    -2.223878079565     1.007825032230
      Gh(H)          -1.749064832623    -6.678023217730    -0.489878111990     1.007825032230
      Gh(H)          -0.172064691480    -7.367023109011    -0.942878180654     1.007825032230
      Gh(C)          -0.312065034802    -5.375023244433    -1.505878382833    12.000000000000
      Gh(H)          -0.853064924176    -4.713023065142    -0.961878234060     1.007825032230
      Gh(C)           1.100935072009    -5.238023160510    -0.923878127249    12.000000000000
      Gh(H)           1.725935072009    -6.122022985034    -1.219878131063     1.007825032230
      Gh(H)           0.842935175006    -5.169022916369     0.223121708719     1.007825032230
      Gh(H)           1.683935255115    -4.336023210101    -1.195877963217     1.007825032230
      Gh(C)          -0.207065015729    -4.898023007922    -2.977878266485    12.000000000000
      Gh(O)          -0.330064683850    -5.712023137621    -3.883878165396    15.994914619570
      Gh(H)          -0.023687749799    -3.837630151324    -3.205783063085     1.007825032230
         N            1.040935129230     2.895977140851     0.494121617167    14.003074004430
         H            0.871935218875     2.921977163740    -0.697878295095     1.007825032230
         H            1.208935112064     1.710976721235     0.607122010081     1.007825032230
         H            1.962935060565     3.396976591535     0.641121929972     1.007825032230
         C           -0.131064802106     3.506977201887     1.112121647684    12.000000000000
         H           -0.978064924176     2.853977323957     1.056121891825     1.007825032230
         C            0.067935079639     3.995976568647     2.561121529429    12.000000000000
         H           -1.005064874585     4.197977186628     2.873121804087     1.007825032230
         O            0.843935102527     5.135976911970     2.805121964304    15.994914619570
         H            1.820935100619     5.001977087446     2.602121895640     1.007825032230
         C            0.703935236041     2.841977240034     3.375121659128    12.000000000000
         H            1.823935121600     2.807976843305     3.127121514170     1.007825032230
         H            0.212935060565     1.891976477094     2.961122101633     1.007825032230
         H            0.561935037677     3.100977064557     4.467121666758     1.007825032230
         C           -0.512064844067     4.695977331586     0.159122055857    12.000000000000
         O           -1.657064824994     5.015977026410    -0.046878272207    15.994914619570
         H            0.293270200793     5.256642462202    -0.337959223898     1.007825032230

  Running in c1 symmetry.

  Rotational constants: A =      0.03944  B =      0.00352  C =      0.00335 [cm^-1]
  Rotational constants: A =   1182.41004  B =    105.40720  C =    100.34198 [MHz]
  Nuclear repulsion =  328.365370063321961

  Charge       = 1
  Multiplicity = 1
  Electrons    = 56
  Nalpha       = 28
  Nbeta        = 28

  ==> Algorithm <==

  SCF Algorithm Type is DF.
  DIIS enabled.
  MOM disabled.
  Fractional occupation disabled.
  Guess Type is SAD.
  Energy threshold   = 1.00e-08
  Density threshold  = 1.00e-08
  Integral threshold = 1.00e-12

  ==> Primary Basis <==

  Basis Set: JUN-CC-PVDZ
    Blend: JUN-CC-PVDZ
    Number of shells: 150
    Number of basis functions: 306
    Number of Cartesian functions: 318
    Spherical Harmonics?: true
    Max angular momentum: 2

   => Loading Basis Set <=

    Name: (JUN-CC-PVDZ AUX)
    Role: JKFIT
    Keyword: DF_BASIS_SCF
    atoms 1, 14                                          entry N          line   202 file /home/alia/anaconda3/envs/mddemo/share/psi4/basis/jun-cc-pvdz-jkfit.gbs 
    atoms 2-4, 6, 8-10, 13, 15-17, 19, 21, 23, 25-27, 30 entry H          line    70 file /home/alia/anaconda3/envs/mddemo/share/psi4/basis/jun-cc-pvdz-jkfit.gbs 
    atoms 5, 7, 11, 18, 20, 24, 28                       entry C          line   146 file /home/alia/anaconda3/envs/mddemo/share/psi4/basis/jun-cc-pvdz-jkfit.gbs 
    atoms 12, 22, 29                                     entry O          line   258 file /home/alia/anaconda3/envs/mddemo/share/psi4/basis/jun-cc-pvdz-jkfit.gbs 

  ==> Integral Setup <==

  ==> DiskDFJK: Density-Fitted J/K Matrices <==

    J tasked:                  Yes
    K tasked:                  Yes
    wK tasked:                  No
    OpenMP threads:             32
    Integrals threads:          32
    Memory [MiB]:            57220
    Algorithm:                Core
    Integral Cache:           LOAD
    Schwarz Cutoff:          1E-12
    Fitting Condition:       1E-10

   => Auxiliary Basis Set <=

  Basis Set: (JUN-CC-PVDZ AUX)
    Blend: JUN-CC-PVDZ-JKFIT
    Number of shells: 486
    Number of basis functions: 1362
    Number of Cartesian functions: 1542
    Spherical Harmonics?: true
    Max angular momentum: 3

  Minimum eigenvalue in the overlap matrix is 6.4070861398E-05.
  Reciprocal condition number of the overlap matrix is 5.6178719230E-06.
    Using symmetric orthogonalization.

  ==> Pre-Iterations <==

  SCF Guess: Superposition of Atomic Densities via on-the-fly atomic UHF (no occupation information).

   -------------------------
    Irrep   Nso     Nmo    
   -------------------------
     A        306     306 
   -------------------------
    Total     306     306
   -------------------------

  ==> Iterations <==

                           Total Energy        Delta E     RMS |[F,P]|

   @DF-RHF iter SAD:  -360.45410406581692   -3.60454e+02   0.00000e+00 
   @DF-RHF iter   1:  -360.90420436496282   -4.50100e-01   2.18910e-03 DIIS
   @DF-RHF iter   2:  -361.09572669080472   -1.91522e-01   1.38825e-03 DIIS
   @DF-RHF iter   3:  -361.16334421164248   -6.76175e-02   2.91041e-04 DIIS
   @DF-RHF iter   4:  -361.16815668685149   -4.81248e-03   1.10817e-04 DIIS
   @DF-RHF iter   5:  -361.16885091242472   -6.94226e-04   2.59483e-05 DIIS
   @DF-RHF iter   6:  -361.16891565860851   -6.47462e-05   1.20742e-05 DIIS
   @DF-RHF iter   7:  -361.16893033934173   -1.46807e-05   5.04918e-06 DIIS
   @DF-RHF iter   8:  -361.16893356921469   -3.22987e-06   2.06645e-06 DIIS
   @DF-RHF iter   9:  -361.16893415859511   -5.89380e-07   6.49904e-07 DIIS
   @DF-RHF iter  10:  -361.16893423391281   -7.53177e-08   2.72965e-07 DIIS
   @DF-RHF iter  11:  -361.16893425128933   -1.73765e-08   1.36300e-07 DIIS
   @DF-RHF iter  12:  -361.16893425650449   -5.21516e-09   7.05793e-08 DIIS
   @DF-RHF iter  13:  -361.16893425807439   -1.56990e-09   2.95083e-08 DIIS
   @DF-RHF iter  14:  -361.16893425831051   -2.36128e-10   8.11536e-09 DIIS
  Energy and wave function converged.


  ==> Post-Iterations <==

    Orbital Energies [Eh]
    ---------------------

    Doubly Occupied:                                                      

       1A    -20.748095     2A    -20.743621     3A    -15.947650  
       4A    -11.521637     5A    -11.499382     6A    -11.481752  
       7A    -11.413798     8A     -1.576743     9A     -1.542783  
      10A     -1.501703    11A     -1.236094    12A     -1.146992  
      13A     -1.018830    14A     -1.006900    15A     -0.957201  
      16A     -0.907589    17A     -0.899108    18A     -0.841811  
      19A     -0.811965    20A     -0.804297    21A     -0.778658  
      22A     -0.760930    23A     -0.716065    24A     -0.690932  
      25A     -0.684355    26A     -0.651970    27A     -0.622262  
      28A     -0.585968  

    Virtual:                                                              

      29A     -0.134314    30A     -0.084133    31A     -0.078750  
      32A     -0.056603    33A     -0.042432    34A     -0.031764  
      35A     -0.029617    36A     -0.024167    37A     -0.020785  
      38A     -0.010813    39A     -0.005955    40A     -0.005320  
      41A      0.002827    42A      0.004479    43A      0.012586  
      44A      0.016025    45A      0.025097    46A      0.027535  
      47A      0.037079    48A      0.043271    49A      0.045433  
      50A      0.048551    51A      0.049991    52A      0.052508  
      53A      0.058404    54A      0.066105    55A      0.071061  
      56A      0.084116    57A      0.096858    58A      0.099938  
      59A      0.105792    60A      0.106672    61A      0.110294  
      62A      0.114034    63A      0.122168    64A      0.129252  
      65A      0.136898    66A      0.141393    67A      0.145860  
      68A      0.148653    69A      0.154213    70A      0.161898  
      71A      0.167625    72A      0.172077    73A      0.175994  
      74A      0.183139    75A      0.191336    76A      0.194634  
      77A      0.198132    78A      0.208335    79A      0.214487  
      80A      0.217464    81A      0.225702    82A      0.234996  
      83A      0.248916    84A      0.255505    85A      0.271359  
      86A      0.272440    87A      0.276305    88A      0.281499  
      89A      0.299955    90A      0.303367    91A      0.313983  
      92A      0.316619    93A      0.328979    94A      0.346155  
      95A      0.355724    96A      0.362958    97A      0.368736  
      98A      0.379381    99A      0.385204   100A      0.400568  
     101A      0.421062   102A      0.424685   103A      0.456714  
     104A      0.481625   105A      0.511266   106A      0.527728  
     107A      0.534544   108A      0.544370   109A      0.565930  
     110A      0.580696   111A      0.589021   112A      0.605749  
     113A      0.609809   114A      0.615642   115A      0.625231  
     116A      0.635389   117A      0.640368   118A      0.656848  
     119A      0.678631   120A      0.689575   121A      0.698063  
     122A      0.700170   123A      0.733578   124A      0.744445  
     125A      0.754962   126A      0.755574   127A      0.759882  
     128A      0.770018   129A      0.783075   130A      0.787611  
     131A      0.794956   132A      0.809337   133A      0.813152  
     134A      0.822850   135A      0.838464   136A      0.843089  
     137A      0.874519   138A      0.885551   139A      0.895338  
     140A      0.901828   141A      0.907531   142A      0.913028  
     143A      0.957540   144A      0.959061   145A      0.988732  
     146A      0.992442   147A      1.040463   148A      1.111625  
     149A      1.151518   150A      1.154424   151A      1.182316  
     152A      1.188398   153A      1.244106   154A      1.261708  
     155A      1.284865   156A      1.320199   157A      1.342185  
     158A      1.348995   159A      1.372736   160A      1.377571  
     161A      1.382868   162A      1.415326   163A      1.427947  
     164A      1.456527   165A      1.479458   166A      1.482071  
     167A      1.491815   168A      1.508861   169A      1.541713  
     170A      1.542923   171A      1.554790   172A      1.584726  
     173A      1.606381   174A      1.607061   175A      1.629901  
     176A      1.638776   177A      1.657082   178A      1.673114  
     179A      1.676977   180A      1.689777   181A      1.703767  
     182A      1.707347   183A      1.709399   184A      1.741387  
     185A      1.756080   186A      1.769858   187A      1.772668  
     188A      1.797609   189A      1.800411   190A      1.811381  
     191A      1.819109   192A      1.829768   193A      1.830091  
     194A      1.847451   195A      1.863940   196A      1.875803  
     197A      1.878523   198A      1.906002   199A      1.908103  
     200A      1.928247   201A      1.936687   202A      1.941628  
     203A      1.944417   204A      1.950806   205A      1.959567  
     206A      1.984269   207A      1.995896   208A      2.009193  
     209A      2.022075   210A      2.035419   211A      2.036553  
     212A      2.057745   213A      2.061407   214A      2.092982  
     215A      2.104605   216A      2.111697   217A      2.126514  
     218A      2.140856   219A      2.157340   220A      2.162895  
     221A      2.178395   222A      2.205370   223A      2.211200  
     224A      2.218668   225A      2.220405   226A      2.253864  
     227A      2.258241   228A      2.274683   229A      2.307707  
     230A      2.335376   231A      2.349701   232A      2.366028  
     233A      2.387684   234A      2.400072   235A      2.401766  
     236A      2.420851   237A      2.459085   238A      2.466638  
     239A      2.474140   240A      2.486851   241A      2.492053  
     242A      2.529293   243A      2.551486   244A      2.579624  
     245A      2.593945   246A      2.596846   247A      2.635168  
     248A      2.673678   249A      2.684854   250A      2.686485  
     251A      2.689306   252A      2.729861   253A      2.743748  
     254A      2.748535   255A      2.794645   256A      2.795410  
     257A      2.838850   258A      2.874172   259A      2.891238  
     260A      2.902626   261A      2.938547   262A      2.947470  
     263A      3.044078   264A      3.047617   265A      3.071678  
     266A      3.077131   267A      3.098242   268A      3.115335  
     269A      3.135613   270A      3.241456   271A      3.275811  
     272A      3.307203   273A      3.330937   274A      3.450654  
     275A      3.482783   276A      3.553185   277A      3.580623  
     278A      3.593084   279A      3.663920   280A      3.739147  
     281A      3.831594   282A      3.913403   283A      3.970073  
     284A      4.013342   285A      4.142561   286A      4.181890  
     287A      4.316605   288A      4.377230   289A      4.633792  
     290A      4.659529   291A      4.677471   292A      4.818383  
     293A      4.828012   294A      4.931744   295A      5.091572  
     296A      5.424697   297A      5.479830   298A      5.546633  
     299A      5.724326   300A      5.853620   301A      6.682272  
     302A     18.179281   303A     18.362819   304A     18.540122  
     305A     25.337094   306A     33.435244  

    Final Occupation by Irrep:
              A 
    DOCC [    28 ]

  @DF-RHF Final Energy:  -361.16893425831051

   => Energetics <=

    Nuclear Repulsion Energy =            328.3653700633219614
    One-Electron Energy =               -1132.8704247361924899
    Two-Electron Energy =                 443.3361204145600141
    Total Energy =                       -361.1689342583105145

Computation Completed


Properties will be evaluated at   0.000000,   0.000000,   0.000000 [a0]

Properties computed using the SCF density matrix

  Nuclear Dipole Moment: [e a0]
     X:    15.7370      Y:   424.9509      Z:   162.6466

  Electronic Dipole Moment: [e a0]
     X:   -12.9605      Y:  -420.1121      Z:  -161.2511

  Dipole Moment: [e a0]
     X:     2.7765      Y:     4.8388      Z:     1.3955     Total:     5.7507

  Dipole Moment: [D]
     X:     7.0571      Y:    12.2991      Z:     3.5470     Total:    14.6168


*** tstop() called on aliaconda at Sun Mar 20 06:54:06 2022
Module time:
	user time   =     207.67 seconds =       3.46 minutes
	system time =      22.80 seconds =       0.38 minutes
	total time  =         10 seconds =       0.17 minutes
Total time:
	user time   =  149168.65 seconds =    2486.14 minutes
	system time =   21119.65 seconds =     351.99 minutes
	total time  =       9029 seconds =     150.48 minutes
  Constructing Basis Sets for SAPT...

   => Loading Basis Set <=

    Name: (JUN-CC-PVDZ AUX)
    Role: RIFIT
    Keyword: DF_BASIS_SAPT
    atoms 1, 14                                          entry N          line   144 file /home/alia/anaconda3/envs/mddemo/share/psi4/basis/jun-cc-pvdz-ri.gbs 
    atoms 2-4, 6, 8-10, 13, 15-17, 19, 21, 23, 25-27, 30 entry H          line    30 file /home/alia/anaconda3/envs/mddemo/share/psi4/basis/jun-cc-pvdz-ri.gbs 
    atoms 5, 7, 11, 18, 20, 24, 28                       entry C          line   100 file /home/alia/anaconda3/envs/mddemo/share/psi4/basis/jun-cc-pvdz-ri.gbs 
    atoms 12, 22, 29                                     entry O          line   188 file /home/alia/anaconda3/envs/mddemo/share/psi4/basis/jun-cc-pvdz-ri.gbs 


  //>>>>>>>>>>>>>>>>>>>>>>>>>>>>>>>>>>>//
  //               SAPT0               //
  //<<<<<<<<<<<<<<<<<<<<<<<<<<<<<<<<<<<//


*** tstart() called on aliaconda
*** at Sun Mar 20 06:54:06 2022

        SAPT0  
    Ed Hohenstein
     6 June 2009

      Orbital Information
  --------------------------
    NSO        =       306
    NMO        =       306
    NRI        =      1032
    NOCC A     =        20
    NOCC B     =        28
    FOCC A     =         0
    FOCC B     =         0
    NVIR A     =       286
    NVIR B     =       278

    Elst10,r            =     0.059639555219 [Eh]
    Exch10              =    -0.000000007773 [Eh]
    Exch10 (S^2)        =    -0.000000007773 [Eh]

    Iter     Energy [mEh]          dE [mEh]         Residual      Time [s]
       1      -0.28722745       0.287227454       5.131438570             0
       2      -0.28207297      -0.005154482       1.687771735             1
       3      -0.30788870       0.025815728       0.582671682             2
       4      -0.31311286       0.005224163       0.179043043             2
       5      -0.31191378      -0.001199081       0.093253723             3
       6      -0.31148433      -0.000429456       0.026203006             3
       7      -0.31164607       0.000161747       0.007041606             4
       8      -0.31166260       0.000016527       0.002162340             5
       9      -0.31165463      -0.000007968       0.000987656             5
      10      -0.31165223      -0.000002407       0.000472778             6
      11      -0.31165444       0.000002213       0.000177593             6
      12      -0.31165430      -0.000000136       0.000049945             7
      13      -0.31165414      -0.000000158       0.000013841             8
      14      -0.31165414      -0.000000003       0.000003872             8
      15      -0.31165415       0.000000013       0.000001151             9
      16      -0.31165415      -0.000000001       0.000000473             9

    CHF Iterations converged


    Iter     Energy [mEh]          dE [mEh]         Residual      Time [s]
       1      -0.20827918       0.208279182       3.368842843             1
       2      -0.21207511       0.003795930       1.352311048             2
       3      -0.22760107       0.015525962       0.470795861             2
       4      -0.23078199       0.003180918       0.117050401             3
       5      -0.23044192      -0.000340067       0.063304013             3
       6      -0.23008938      -0.000352540       0.019311789             4
       7      -0.23010704       0.000017651       0.008775580             5
       8      -0.23015155       0.000044518       0.002398604             5
       9      -0.23014822      -0.000003329       0.000841938             6
      10      -0.23014529      -0.000002936       0.000258642             6
      11      -0.23014556       0.000000269       0.000093217             7
      12      -0.23014587       0.000000316       0.000050748             8
      13      -0.23014579      -0.000000081       0.000028330             8
      14      -0.23014574      -0.000000056       0.000009263             9
      15      -0.23014575       0.000000010       0.000002926            10
      16      -0.23014575       0.000000006       0.000000702            10

    CHF Iterations converged

    Ind20,r (A<-B)      =    -0.000311654153 [Eh]
    Ind20,r (B<-A)      =    -0.000230145752 [Eh]
    Ind20,r             =    -0.000541799904 [Eh]
    Exch-Ind20,r (A<-B) =     0.000000001177 [Eh]
    Exch-Ind20,r (B<-A) =     0.000000001768 [Eh]
    Exch-Ind20,r        =     0.000000002945 [Eh]
    Disp20              =    -0.000040503583 [Eh]
    Disp20 (SS)         =    -0.000020251791 [Eh]
    Disp20 (OS)         =    -0.000020251791 [Eh]
    Exch-Disp20         =     0.000000001055 [Eh]
    Exch-Disp20 (SS)    =     0.000000000803 [Eh]
    Exch-Disp20 (OS)    =     0.000000000252 [Eh]

    SAPT Results 
  --------------------------------------------------------------------------------------------------------
    Electrostatics                 59.63955522 [mEh]      37.42438591 [kcal/mol]     156.58363065 [kJ/mol]
      Elst10,r                     59.63955522 [mEh]      37.42438591 [kcal/mol]     156.58363065 [kJ/mol]

    Exchange                       -0.00000777 [mEh]      -0.00000488 [kcal/mol]      -0.00002041 [kJ/mol]
      Exch10                       -0.00000777 [mEh]      -0.00000488 [kcal/mol]      -0.00002041 [kJ/mol]
      Exch10(S^2)                  -0.00000777 [mEh]      -0.00000488 [kcal/mol]      -0.00002041 [kJ/mol]

    Induction                      -0.53489843 [mEh]      -0.33565383 [kcal/mol]      -1.40437563 [kJ/mol]
      Ind20,r                      -0.54179990 [mEh]      -0.33998457 [kcal/mol]      -1.42249545 [kJ/mol]
      Exch-Ind20,r                  0.00000295 [mEh]       0.00000185 [kcal/mol]       0.00000773 [kJ/mol]
      delta HF,r (2)                0.00689853 [mEh]       0.00432889 [kcal/mol]       0.01811210 [kJ/mol]

    Dispersion                     -0.04050253 [mEh]      -0.02541572 [kcal/mol]      -0.10633937 [kJ/mol]
      Disp20                       -0.04050358 [mEh]      -0.02541638 [kcal/mol]      -0.10634214 [kJ/mol]
      Exch-Disp20                   0.00000106 [mEh]       0.00000066 [kcal/mol]       0.00000277 [kJ/mol]
      Disp20 (SS)                  -0.02025179 [mEh]      -0.01270819 [kcal/mol]      -0.05317107 [kJ/mol]
      Disp20 (OS)                  -0.02025179 [mEh]      -0.01270819 [kcal/mol]      -0.05317107 [kJ/mol]
      Exch-Disp20 (SS)              0.00000080 [mEh]       0.00000050 [kcal/mol]       0.00000211 [kJ/mol]
      Exch-Disp20 (OS)              0.00000025 [mEh]       0.00000016 [kcal/mol]       0.00000066 [kJ/mol]

  Total HF                         59.10464902 [mEh]      37.08872720 [kcal/mol]     155.17923462 [kJ/mol]
  Total SAPT0                      59.06414649 [mEh]      37.06331148 [kcal/mol]     155.07289525 [kJ/mol]

  Special recipe for scaled SAPT0 (see Manual):
    Electrostatics sSAPT0          59.63955522 [mEh]      37.42438591 [kcal/mol]     156.58363065 [kJ/mol]
    Exchange sSAPT0                -0.00000777 [mEh]      -0.00000488 [kcal/mol]      -0.00002041 [kJ/mol]
    Induction sSAPT0               -0.53489843 [mEh]      -0.33565383 [kcal/mol]      -1.40437563 [kJ/mol]
    Dispersion sSAPT0              -0.04050253 [mEh]      -0.02541572 [kcal/mol]      -0.10633937 [kJ/mol]
  Total sSAPT0                     59.06414649 [mEh]      37.06331148 [kcal/mol]     155.07289525 [kJ/mol]
  --------------------------------------------------------------------------------------------------------

*** tstop() called on aliaconda at Sun Mar 20 06:54:56 2022
Module time:
	user time   =     714.15 seconds =      11.90 minutes
	system time =     127.10 seconds =       2.12 minutes
	total time  =         50 seconds =       0.83 minutes
Total time:
	user time   =  149885.41 seconds =    2498.09 minutes
	system time =   21247.21 seconds =     354.12 minutes
	total time  =       9079 seconds =     151.32 minutes


Warning! sapt0 does not have an associated derived wavefunction.The returned wavefunction is the dimer SCF wavefunction.


  Memory set to  74.506 GiB by Python driver.
  Threads set to 32 by Python driver.
