
Scratch directory: /tmp/

Scratch directory: /tmp/

  //>>>>>>>>>>>>>>>>>>>>>>>>>>>>>>>>>>>//
  //              Dimer HF             //
  //<<<<<<<<<<<<<<<<<<<<<<<<<<<<<<<<<<<//


*** tstart() called on aliaconda
*** at Sun Mar 20 05:56:14 2022

   => Loading Basis Set <=

    Name: JUN-CC-PVDZ
    Role: ORBITAL
    Keyword: BASIS
    atoms 1, 14                                          entry N          line   198 file /home/alia/anaconda3/envs/mddemo/share/psi4/basis/jun-cc-pvdz.gbs 
    atoms 2-4, 6, 8-10, 13, 15-17, 19, 21, 23, 25-27, 30 entry H          line    36 file /home/alia/anaconda3/envs/mddemo/share/psi4/basis/jun-cc-pvdz.gbs 
    atoms 5, 7, 11, 18, 20, 24, 28                       entry C          line   164 file /home/alia/anaconda3/envs/mddemo/share/psi4/basis/jun-cc-pvdz.gbs 
    atoms 12, 22, 29                                     entry O          line   232 file /home/alia/anaconda3/envs/mddemo/share/psi4/basis/jun-cc-pvdz.gbs 


         ---------------------------------------------------------
                                   SCF
               by Justin Turney, Rob Parrish, Andy Simmonett
                          and Daniel G. A. Smith
                              RHF Reference
                       32 Threads,  76293 MiB Core
         ---------------------------------------------------------

  ==> Geometry <==

    Molecular point group: c1
    Full point group: C1

    Geometry (in Angstrom), charge = 2, multiplicity = 1:

       Center              X                  Y                   Z               Mass       
    ------------   -----------------  -----------------  -----------------  -----------------
         N            0.298326897085    -6.627995068046    -1.261286605340    14.003074004430
         H           -0.668673110544    -6.822995239707    -1.949286569100     1.007825032230
         H           -0.206672740518    -6.745995098564    -0.175286639672     1.007825032230
         H            0.928327011526    -7.425995165321    -1.371286738855     1.007825032230
         C            0.829327034415    -5.310995155784    -1.449286330682    12.000000000000
         H            0.223327087820    -4.546995216819    -0.878286708337     1.007825032230
         C            2.280327009619    -5.198995167228    -0.742286551934    12.000000000000
         H            2.986327099264    -5.903995090934    -1.141286719781     1.007825032230
         H            2.181327032507    -5.502995068046     0.386713634986     1.007825032230
         H            2.727327036322    -4.199995094749    -0.761286605340     1.007825032230
         C            0.847327160300    -4.876995140525    -2.925286639672    12.000000000000
         O            0.293327259482    -5.508995110008    -3.828286517602    15.994914619570
         H            1.383086370886    -3.953354889366    -3.189579118234     1.007825032230
         N            0.454327034415     2.923004573372     0.470713268775    14.003074004430
         H            0.804326939047     1.816005176095     0.782713543433     1.007825032230
         H            0.226326870383     2.712005084542    -0.693286765557     1.007825032230
         H            1.292327093542     3.542005008248     0.462713371772     1.007825032230
         C           -0.765672755777     3.482004588631     0.992713581580    12.000000000000
         H           -1.521672797739     2.720004504708     1.077713619727     1.007825032230
         C           -0.632672858774     4.035005038765     2.424713741797    12.000000000000
         H           -1.582673144876     4.448005145577     2.849712978858     1.007825032230
         O            0.255327152670     5.123004382638     2.569713245887    15.994914619570
         H            1.103327202261     4.740004962471     2.357713352698     1.007825032230
         C           -0.177672935068     2.928004687813     3.342713009375    12.000000000000
         H            0.876326965750     2.833004420784     3.468713413733     1.007825032230
         H           -0.566672874033     1.899004405526     3.102713238257     1.007825032230
         H           -0.686672759592     3.144005244759     4.362713467139     1.007825032230
         C           -1.337672782480     4.509005015877     0.136713634986    12.000000000000
         O           -2.546672893106     4.719005054024     0.098713528174    15.994914619570
         H           -0.669227195322     5.113884395150    -0.493605006677     1.007825032230

  Running in c1 symmetry.

  Rotational constants: A =      0.03838  B =      0.00356  C =      0.00339 [cm^-1]
  Rotational constants: A =   1150.58527  B =    106.71058  C =    101.64872 [MHz]
  Nuclear repulsion =  637.041763815202899

  Charge       = 2
  Multiplicity = 1
  Electrons    = 96
  Nalpha       = 48
  Nbeta        = 48

  ==> Algorithm <==

  SCF Algorithm Type is DF.
  DIIS enabled.
  MOM disabled.
  Fractional occupation disabled.
  Guess Type is SAD.
  Energy threshold   = 1.00e-08
  Density threshold  = 1.00e-08
  Integral threshold = 1.00e-12

  ==> Primary Basis <==

  Basis Set: JUN-CC-PVDZ
    Blend: JUN-CC-PVDZ
    Number of shells: 150
    Number of basis functions: 306
    Number of Cartesian functions: 318
    Spherical Harmonics?: true
    Max angular momentum: 2

   => Loading Basis Set <=

    Name: (JUN-CC-PVDZ AUX)
    Role: JKFIT
    Keyword: DF_BASIS_SCF
    atoms 1, 14                                          entry N          line   202 file /home/alia/anaconda3/envs/mddemo/share/psi4/basis/jun-cc-pvdz-jkfit.gbs 
    atoms 2-4, 6, 8-10, 13, 15-17, 19, 21, 23, 25-27, 30 entry H          line    70 file /home/alia/anaconda3/envs/mddemo/share/psi4/basis/jun-cc-pvdz-jkfit.gbs 
    atoms 5, 7, 11, 18, 20, 24, 28                       entry C          line   146 file /home/alia/anaconda3/envs/mddemo/share/psi4/basis/jun-cc-pvdz-jkfit.gbs 
    atoms 12, 22, 29                                     entry O          line   258 file /home/alia/anaconda3/envs/mddemo/share/psi4/basis/jun-cc-pvdz-jkfit.gbs 

  ==> Integral Setup <==

  ==> DiskDFJK: Density-Fitted J/K Matrices <==

    J tasked:                  Yes
    K tasked:                  Yes
    wK tasked:                  No
    OpenMP threads:             32
    Integrals threads:          32
    Memory [MiB]:            57220
    Algorithm:                Core
    Integral Cache:           SAVE
    Schwarz Cutoff:          1E-12
    Fitting Condition:       1E-10

   => Auxiliary Basis Set <=

  Basis Set: (JUN-CC-PVDZ AUX)
    Blend: JUN-CC-PVDZ-JKFIT
    Number of shells: 486
    Number of basis functions: 1362
    Number of Cartesian functions: 1542
    Spherical Harmonics?: true
    Max angular momentum: 3

  Minimum eigenvalue in the overlap matrix is 5.5330392608E-05.
  Reciprocal condition number of the overlap matrix is 4.7826976657E-06.
    Using symmetric orthogonalization.

  ==> Pre-Iterations <==

  SCF Guess: Superposition of Atomic Densities via on-the-fly atomic UHF (no occupation information).

   -------------------------
    Irrep   Nso     Nmo    
   -------------------------
     A        306     306 
   -------------------------
    Total     306     306
   -------------------------

  ==> Iterations <==

                           Total Energy        Delta E     RMS |[F,P]|

   @DF-RHF iter SAD:  -607.32136709722499   -6.07321e+02   0.00000e+00 
   @DF-RHF iter   1:  -607.96400994517955   -6.42643e-01   2.80772e-03 DIIS
   @DF-RHF iter   2:  -608.28471950100072   -3.20710e-01   1.78164e-03 DIIS
   @DF-RHF iter   3:  -608.39572447346347   -1.11005e-01   3.98904e-04 DIIS
   @DF-RHF iter   4:  -608.40470374963184   -8.97928e-03   1.44909e-04 DIIS
   @DF-RHF iter   5:  -608.40595378655041   -1.25004e-03   3.37448e-05 DIIS
   @DF-RHF iter   6:  -608.40607669943051   -1.22913e-04   1.66246e-05 DIIS
   @DF-RHF iter   7:  -608.40610453181444   -2.78324e-05   7.52344e-06 DIIS
   @DF-RHF iter   8:  -608.40611137410860   -6.84229e-06   3.04087e-06 DIIS
   @DF-RHF iter   9:  -608.40611245670641   -1.08260e-06   1.07749e-06 DIIS
   @DF-RHF iter  10:  -608.40611256871966   -1.12013e-07   3.66470e-07 DIIS
   @DF-RHF iter  11:  -608.40611258194656   -1.32269e-08   1.42103e-07 DIIS
   @DF-RHF iter  12:  -608.40611258510637   -3.15981e-09   6.63378e-08 DIIS
   @DF-RHF iter  13:  -608.40611258616320   -1.05683e-09   3.65712e-08 DIIS
   @DF-RHF iter  14:  -608.40611258662432   -4.61114e-10   1.61799e-08 DIIS
   @DF-RHF iter  15:  -608.40611258670606   -8.17408e-11   5.01772e-09 DIIS
  Energy and wave function converged.


  ==> Post-Iterations <==

    Orbital Energies [Eh]
    ---------------------

    Doubly Occupied:                                                      

       1A    -20.815058     2A    -20.793535     3A    -20.793489  
       4A    -16.013420     5A    -15.990538     6A    -11.592333  
       7A    -11.577869     8A    -11.567200     9A    -11.548450  
      10A    -11.528411    11A    -11.501743    12A    -11.449813  
      13A     -1.630780    14A     -1.620200    15A     -1.605060  
      16A     -1.571027    17A     -1.559063    18A     -1.307330  
      19A     -1.287499    20A     -1.219076    21A     -1.159973  
      22A     -1.079002    23A     -1.072248    24A     -1.072219  
      25A     -1.023290    26A     -1.006657    27A     -0.980766  
      28A     -0.977958    29A     -0.964427    30A     -0.936512  
      31A     -0.896482    32A     -0.881127    33A     -0.870975  
      34A     -0.856864    35A     -0.855520    36A     -0.834747  
      37A     -0.822141    38A     -0.801228    39A     -0.791490  
      40A     -0.772153    41A     -0.756355    42A     -0.744083  
      43A     -0.730126    44A     -0.724001    45A     -0.706948  
      46A     -0.677803    47A     -0.672620    48A     -0.646469  

    Virtual:                                                              

      49A     -0.202676    50A     -0.178492    51A     -0.151706  
      52A     -0.143154    53A     -0.134178    54A     -0.129273  
      55A     -0.116220    56A     -0.112654    57A     -0.109827  
      58A     -0.100631    59A     -0.092790    60A     -0.087345  
      61A     -0.082836    62A     -0.077805    63A     -0.074200  
      64A     -0.071794    65A     -0.064200    66A     -0.062908  
      67A     -0.059832    68A     -0.058530    69A     -0.047010  
      70A     -0.042754    71A     -0.035841    72A     -0.033027  
      73A     -0.030178    74A     -0.025611    75A     -0.020149  
      76A     -0.017285    77A     -0.015100    78A     -0.010425  
      79A     -0.006747    80A     -0.002979    81A      0.005905  
      82A      0.017851    83A      0.022200    84A      0.036168  
      85A      0.041186    86A      0.043289    87A      0.049630  
      88A      0.054071    89A      0.059781    90A      0.062780  
      91A      0.064649    92A      0.080083    93A      0.087053  
      94A      0.092988    95A      0.098091    96A      0.102804  
      97A      0.106354    98A      0.113236    99A      0.123772  
     100A      0.130177   101A      0.134185   102A      0.137248  
     103A      0.141776   104A      0.146331   105A      0.148600  
     106A      0.164908   107A      0.173637   108A      0.176245  
     109A      0.180244   110A      0.185803   111A      0.198994  
     112A      0.207922   113A      0.214169   114A      0.220819  
     115A      0.221421   116A      0.232642   117A      0.239444  
     118A      0.257596   119A      0.261759   120A      0.271307  
     121A      0.283046   122A      0.301624   123A      0.329889  
     124A      0.341942   125A      0.374969   126A      0.380468  
     127A      0.459683   128A      0.482690   129A      0.492723  
     130A      0.512136   131A      0.519057   132A      0.525517  
     133A      0.529214   134A      0.551657   135A      0.552813  
     136A      0.563213   137A      0.564827   138A      0.579514  
     139A      0.587142   140A      0.607578   141A      0.610786  
     142A      0.621558   143A      0.634203   144A      0.636115  
     145A      0.641111   146A      0.655990   147A      0.669171  
     148A      0.673051   149A      0.685690   150A      0.690926  
     151A      0.701269   152A      0.706350   153A      0.711383  
     154A      0.719044   155A      0.725816   156A      0.730058  
     157A      0.737244   158A      0.743066   159A      0.764921  
     160A      0.769156   161A      0.777130   162A      0.805064  
     163A      0.814258   164A      0.820080   165A      0.824475  
     166A      0.847534   167A      0.861039   168A      0.866797  
     169A      0.871755   170A      0.881949   171A      0.886107  
     172A      0.906554   173A      0.919609   174A      0.950227  
     175A      0.993558   176A      1.039287   177A      1.040125  
     178A      1.050400   179A      1.110837   180A      1.120822  
     181A      1.150373   182A      1.153939   183A      1.158721  
     184A      1.180805   185A      1.215618   186A      1.216903  
     187A      1.257095   188A      1.257816   189A      1.265440  
     190A      1.277868   191A      1.283270   192A      1.293841  
     193A      1.298631   194A      1.317601   195A      1.322959  
     196A      1.329050   197A      1.340079   198A      1.343555  
     199A      1.357138   200A      1.386925   201A      1.388683  
     202A      1.419604   203A      1.424152   204A      1.433974  
     205A      1.436270   206A      1.466472   207A      1.476459  
     208A      1.501492   209A      1.533116   210A      1.538728  
     211A      1.565243   212A      1.572687   213A      1.596167  
     214A      1.615492   215A      1.616388   216A      1.632893  
     217A      1.652531   218A      1.654833   219A      1.658961  
     220A      1.667983   221A      1.674045   222A      1.679272  
     223A      1.708629   224A      1.717219   225A      1.725599  
     226A      1.733107   227A      1.741053   228A      1.742573  
     229A      1.751179   230A      1.759367   231A      1.773965  
     232A      1.780596   233A      1.784354   234A      1.798434  
     235A      1.819754   236A      1.831800   237A      1.843485  
     238A      1.856859   239A      1.886522   240A      1.889211  
     241A      1.894159   242A      1.910877   243A      1.926957  
     244A      1.940516   245A      1.951081   246A      1.969583  
     247A      1.990821   248A      1.995990   249A      2.027287  
     250A      2.031668   251A      2.049378   252A      2.066571  
     253A      2.074320   254A      2.122135   255A      2.130239  
     256A      2.158428   257A      2.161640   258A      2.172787  
     259A      2.193382   260A      2.223239   261A      2.225725  
     262A      2.273395   263A      2.279707   264A      2.299742  
     265A      2.330812   266A      2.351497   267A      2.353318  
     268A      2.369600   269A      2.390907   270A      2.427267  
     271A      2.452955   272A      2.458852   273A      2.466191  
     274A      2.472643   275A      2.523667   276A      2.562402  
     277A      2.577430   278A      2.586503   279A      2.608386  
     280A      2.619258   281A      2.627569   282A      2.652324  
     283A      2.661709   284A      2.714758   285A      2.734235  
     286A      2.741421   287A      2.748661   288A      2.812688  
     289A      2.846023   290A      2.889430   291A      2.908001  
     292A      2.964442   293A      3.026191   294A      3.043708  
     295A      3.049465   296A      3.127260   297A      3.201842  
     298A      3.207987   299A      3.259615   300A      3.294034  
     301A      3.469803   302A      3.481616   303A      3.553000  
     304A      3.711282   305A      3.762086   306A      3.936343  

    Final Occupation by Irrep:
              A 
    DOCC [    48 ]

  @DF-RHF Final Energy:  -608.40611258670606

   => Energetics <=

    Nuclear Repulsion Energy =            637.0417638152028985
    One-Electron Energy =               -2068.3235890817582003
    Two-Electron Energy =                 822.8757126798491299
    Total Energy =                       -608.4061125867060582

Computation Completed


Properties will be evaluated at   0.000000,   0.000000,   0.000000 [a0]

Properties computed using the SCF density matrix

  Nuclear Dipole Moment: [e a0]
     X:     8.2662      Y:   -11.3440      Z:     7.6823

  Electronic Dipole Moment: [e a0]
     X:    -5.4108      Y:     4.5405      Z:    -7.8098

  Dipole Moment: [e a0]
     X:     2.8553      Y:    -6.8036      Z:    -0.1275     Total:     7.3796

  Dipole Moment: [D]
     X:     7.2576      Y:   -17.2930      Z:    -0.3241     Total:    18.7570


*** tstop() called on aliaconda at Sun Mar 20 05:56:28 2022
Module time:
	user time   =     310.08 seconds =       5.17 minutes
	system time =      36.88 seconds =       0.61 minutes
	total time  =         14 seconds =       0.23 minutes
Total time:
	user time   =   90264.73 seconds =    1504.41 minutes
	system time =   12585.93 seconds =     209.77 minutes
	total time  =       5571 seconds =      92.85 minutes

  //>>>>>>>>>>>>>>>>>>>>>>>>>>>>>>>>>>>//
  //            Monomer A HF           //
  //<<<<<<<<<<<<<<<<<<<<<<<<<<<<<<<<<<<//


*** tstart() called on aliaconda
*** at Sun Mar 20 05:56:28 2022

   => Loading Basis Set <=

    Name: JUN-CC-PVDZ
    Role: ORBITAL
    Keyword: BASIS
    atoms 1, 14                                          entry N          line   198 file /home/alia/anaconda3/envs/mddemo/share/psi4/basis/jun-cc-pvdz.gbs 
    atoms 2-4, 6, 8-10, 13, 15-17, 19, 21, 23, 25-27, 30 entry H          line    36 file /home/alia/anaconda3/envs/mddemo/share/psi4/basis/jun-cc-pvdz.gbs 
    atoms 5, 7, 11, 18, 20, 24, 28                       entry C          line   164 file /home/alia/anaconda3/envs/mddemo/share/psi4/basis/jun-cc-pvdz.gbs 
    atoms 12, 22, 29                                     entry O          line   232 file /home/alia/anaconda3/envs/mddemo/share/psi4/basis/jun-cc-pvdz.gbs 


         ---------------------------------------------------------
                                   SCF
               by Justin Turney, Rob Parrish, Andy Simmonett
                          and Daniel G. A. Smith
                              RHF Reference
                       32 Threads,  76293 MiB Core
         ---------------------------------------------------------

  ==> Geometry <==

    Molecular point group: c1
    Full point group: C1

    Geometry (in Angstrom), charge = 1, multiplicity = 1:

       Center              X                  Y                   Z               Mass       
    ------------   -----------------  -----------------  -----------------  -----------------
         N            0.298326897085    -6.627995068046    -1.261286605340    14.003074004430
         H           -0.668673110544    -6.822995239707    -1.949286569100     1.007825032230
         H           -0.206672740518    -6.745995098564    -0.175286639672     1.007825032230
         H            0.928327011526    -7.425995165321    -1.371286738855     1.007825032230
         C            0.829327034415    -5.310995155784    -1.449286330682    12.000000000000
         H            0.223327087820    -4.546995216819    -0.878286708337     1.007825032230
         C            2.280327009619    -5.198995167228    -0.742286551934    12.000000000000
         H            2.986327099264    -5.903995090934    -1.141286719781     1.007825032230
         H            2.181327032507    -5.502995068046     0.386713634986     1.007825032230
         H            2.727327036322    -4.199995094749    -0.761286605340     1.007825032230
         C            0.847327160300    -4.876995140525    -2.925286639672    12.000000000000
         O            0.293327259482    -5.508995110008    -3.828286517602    15.994914619570
         H            1.383086370886    -3.953354889366    -3.189579118234     1.007825032230
      Gh(N)           0.454327034415     2.923004573372     0.470713268775    14.003074004430
      Gh(H)           0.804326939047     1.816005176095     0.782713543433     1.007825032230
      Gh(H)           0.226326870383     2.712005084542    -0.693286765557     1.007825032230
      Gh(H)           1.292327093542     3.542005008248     0.462713371772     1.007825032230
      Gh(C)          -0.765672755777     3.482004588631     0.992713581580    12.000000000000
      Gh(H)          -1.521672797739     2.720004504708     1.077713619727     1.007825032230
      Gh(C)          -0.632672858774     4.035005038765     2.424713741797    12.000000000000
      Gh(H)          -1.582673144876     4.448005145577     2.849712978858     1.007825032230
      Gh(O)           0.255327152670     5.123004382638     2.569713245887    15.994914619570
      Gh(H)           1.103327202261     4.740004962471     2.357713352698     1.007825032230
      Gh(C)          -0.177672935068     2.928004687813     3.342713009375    12.000000000000
      Gh(H)           0.876326965750     2.833004420784     3.468713413733     1.007825032230
      Gh(H)          -0.566672874033     1.899004405526     3.102713238257     1.007825032230
      Gh(H)          -0.686672759592     3.144005244759     4.362713467139     1.007825032230
      Gh(C)          -1.337672782480     4.509005015877     0.136713634986    12.000000000000
      Gh(O)          -2.546672893106     4.719005054024     0.098713528174    15.994914619570
      Gh(H)          -0.669227195322     5.113884395150    -0.493605006677     1.007825032230

  Running in c1 symmetry.

  Rotational constants: A =      0.03838  B =      0.00356  C =      0.00339 [cm^-1]
  Rotational constants: A =   1150.58527  B =    106.71058  C =    101.64872 [MHz]
  Nuclear repulsion =  183.260845754585148

  Charge       = 1
  Multiplicity = 1
  Electrons    = 40
  Nalpha       = 20
  Nbeta        = 20

  ==> Algorithm <==

  SCF Algorithm Type is DF.
  DIIS enabled.
  MOM disabled.
  Fractional occupation disabled.
  Guess Type is SAD.
  Energy threshold   = 1.00e-08
  Density threshold  = 1.00e-08
  Integral threshold = 1.00e-12

  ==> Primary Basis <==

  Basis Set: JUN-CC-PVDZ
    Blend: JUN-CC-PVDZ
    Number of shells: 150
    Number of basis functions: 306
    Number of Cartesian functions: 318
    Spherical Harmonics?: true
    Max angular momentum: 2

   => Loading Basis Set <=

    Name: (JUN-CC-PVDZ AUX)
    Role: JKFIT
    Keyword: DF_BASIS_SCF
    atoms 1, 14                                          entry N          line   202 file /home/alia/anaconda3/envs/mddemo/share/psi4/basis/jun-cc-pvdz-jkfit.gbs 
    atoms 2-4, 6, 8-10, 13, 15-17, 19, 21, 23, 25-27, 30 entry H          line    70 file /home/alia/anaconda3/envs/mddemo/share/psi4/basis/jun-cc-pvdz-jkfit.gbs 
    atoms 5, 7, 11, 18, 20, 24, 28                       entry C          line   146 file /home/alia/anaconda3/envs/mddemo/share/psi4/basis/jun-cc-pvdz-jkfit.gbs 
    atoms 12, 22, 29                                     entry O          line   258 file /home/alia/anaconda3/envs/mddemo/share/psi4/basis/jun-cc-pvdz-jkfit.gbs 

  ==> Integral Setup <==

  ==> DiskDFJK: Density-Fitted J/K Matrices <==

    J tasked:                  Yes
    K tasked:                  Yes
    wK tasked:                  No
    OpenMP threads:             32
    Integrals threads:          32
    Memory [MiB]:            57220
    Algorithm:                Core
    Integral Cache:           LOAD
    Schwarz Cutoff:          1E-12
    Fitting Condition:       1E-10

   => Auxiliary Basis Set <=

  Basis Set: (JUN-CC-PVDZ AUX)
    Blend: JUN-CC-PVDZ-JKFIT
    Number of shells: 486
    Number of basis functions: 1362
    Number of Cartesian functions: 1542
    Spherical Harmonics?: true
    Max angular momentum: 3

  Minimum eigenvalue in the overlap matrix is 5.5330392608E-05.
  Reciprocal condition number of the overlap matrix is 4.7826976657E-06.
    Using symmetric orthogonalization.

  ==> Pre-Iterations <==

  SCF Guess: Superposition of Atomic Densities via on-the-fly atomic UHF (no occupation information).

   -------------------------
    Irrep   Nso     Nmo    
   -------------------------
     A        306     306 
   -------------------------
    Total     306     306
   -------------------------

  ==> Iterations <==

                           Total Energy        Delta E     RMS |[F,P]|

   @DF-RHF iter SAD:  -246.55459810240131   -2.46555e+02   0.00000e+00 
   @DF-RHF iter   1:  -247.12794447979275   -5.73346e-01   1.73048e-03 DIIS
   @DF-RHF iter   2:  -247.25203020093747   -1.24086e-01   1.10908e-03 DIIS
   @DF-RHF iter   3:  -247.29527374029283   -4.32435e-02   2.49632e-04 DIIS
   @DF-RHF iter   4:  -247.29899993349605   -3.72619e-03   8.27217e-05 DIIS
   @DF-RHF iter   5:  -247.29945436564529   -4.54432e-04   2.00014e-05 DIIS
   @DF-RHF iter   6:  -247.29950555560353   -5.11900e-05   8.85335e-06 DIIS
   @DF-RHF iter   7:  -247.29951462445277   -9.06885e-06   4.33938e-06 DIIS
   @DF-RHF iter   8:  -247.29951698743236   -2.36298e-06   1.47067e-06 DIIS
   @DF-RHF iter   9:  -247.29951726626325   -2.78831e-07   3.51986e-07 DIIS
   @DF-RHF iter  10:  -247.29951728158593   -1.53227e-08   1.27611e-07 DIIS
   @DF-RHF iter  11:  -247.29951728452204   -2.93610e-09   5.05466e-08 DIIS
   @DF-RHF iter  12:  -247.29951728521451   -6.92467e-10   2.66364e-08 DIIS
   @DF-RHF iter  13:  -247.29951728548201   -2.67505e-10   8.87468e-09 DIIS
  Energy and wave function converged.


  ==> Post-Iterations <==

    Orbital Energies [Eh]
    ---------------------

    Doubly Occupied:                                                      

       1A    -20.753425     2A    -15.933123     3A    -11.530707  
       4A    -11.514614     5A    -11.438469     6A     -1.569945  
       7A     -1.500453     8A     -1.225434     9A     -1.097444  
      10A     -1.011221    11A     -0.947824    12A     -0.918539  
      13A     -0.874900    14A     -0.820483    15A     -0.794144  
      16A     -0.737279    17A     -0.729631    18A     -0.709394  
      19A     -0.669040    20A     -0.610973  

    Virtual:                                                              

      21A     -0.121421    22A     -0.074613    23A     -0.067686  
      24A     -0.052706    25A     -0.047000    26A     -0.029981  
      27A     -0.025384    28A     -0.023769    29A     -0.010783  
      30A     -0.004842    31A      0.001136    32A      0.001651  
      33A      0.012267    34A      0.014205    35A      0.018168  
      36A      0.027352    37A      0.030616    38A      0.036330  
      39A      0.043582    40A      0.045380    41A      0.052043  
      42A      0.055306    43A      0.057987    44A      0.064105  
      45A      0.072324    46A      0.085466    47A      0.088279  
      48A      0.089864    49A      0.098167    50A      0.103487  
      51A      0.104625    52A      0.109952    53A      0.119432  
      54A      0.121519    55A      0.138463    56A      0.141937  
      57A      0.145603    58A      0.155666    59A      0.158683  
      60A      0.159770    61A      0.161365    62A      0.169051  
      63A      0.172211    64A      0.178916    65A      0.193230  
      66A      0.195965    67A      0.201472    68A      0.209716  
      69A      0.215580    70A      0.223017    71A      0.230538  
      72A      0.244654    73A      0.248271    74A      0.250126  
      75A      0.261365    76A      0.269738    77A      0.275397  
      78A      0.282761    79A      0.297440    80A      0.301393  
      81A      0.316444    82A      0.320119    83A      0.329451  
      84A      0.341514    85A      0.362000    86A      0.370190  
      87A      0.390145    88A      0.399427    89A      0.400976  
      90A      0.427210    91A      0.442362    92A      0.459426  
      93A      0.483475    94A      0.493271    95A      0.511748  
      96A      0.521670    97A      0.544873    98A      0.553879  
      99A      0.562451   100A      0.566340   101A      0.574469  
     102A      0.586344   103A      0.588511   104A      0.599032  
     105A      0.612743   106A      0.616673   107A      0.625211  
     108A      0.642386   109A      0.657536   110A      0.668838  
     111A      0.674990   112A      0.684277   113A      0.693480  
     114A      0.701554   115A      0.708668   116A      0.734767  
     117A      0.744394   118A      0.753499   119A      0.759461  
     120A      0.762222   121A      0.780771   122A      0.785210  
     123A      0.796040   124A      0.824343   125A      0.829059  
     126A      0.848057   127A      0.862895   128A      0.879841  
     129A      0.905400   130A      0.906461   131A      0.925913  
     132A      0.929697   133A      0.942873   134A      0.951035  
     135A      0.959180   136A      0.984070   137A      0.996935  
     138A      1.012107   139A      1.041625   140A      1.101205  
     141A      1.112479   142A      1.164021   143A      1.182736  
     144A      1.212095   145A      1.236275   146A      1.277898  
     147A      1.316787   148A      1.325248   149A      1.342652  
     150A      1.383128   151A      1.398827   152A      1.447902  
     153A      1.484432   154A      1.497564   155A      1.513709  
     156A      1.530395   157A      1.550629   158A      1.563311  
     159A      1.601030   160A      1.609112   161A      1.624389  
     162A      1.627518   163A      1.639874   164A      1.659202  
     165A      1.667986   166A      1.679524   167A      1.699091  
     168A      1.714913   169A      1.722513   170A      1.729887  
     171A      1.733230   172A      1.735902   173A      1.767384  
     174A      1.779590   175A      1.780531   176A      1.789349  
     177A      1.802705   178A      1.808817   179A      1.820242  
     180A      1.835129   181A      1.836452   182A      1.843446  
     183A      1.868558   184A      1.893237   185A      1.894784  
     186A      1.905837   187A      1.917030   188A      1.933651  
     189A      1.948591   190A      1.958962   191A      1.963060  
     192A      1.983508   193A      1.987995   194A      2.011699  
     195A      2.031320   196A      2.035989   197A      2.051160  
     198A      2.054226   199A      2.063933   200A      2.080202  
     201A      2.088668   202A      2.116597   203A      2.122931  
     204A      2.129564   205A      2.146750   206A      2.161965  
     207A      2.177964   208A      2.184679   209A      2.187321  
     210A      2.221486   211A      2.226686   212A      2.239466  
     213A      2.261502   214A      2.287619   215A      2.301428  
     216A      2.330075   217A      2.342799   218A      2.349049  
     219A      2.371070   220A      2.392200   221A      2.403490  
     222A      2.411524   223A      2.417667   224A      2.440693  
     225A      2.458475   226A      2.485112   227A      2.489784  
     228A      2.493276   229A      2.515245   230A      2.533684  
     231A      2.543096   232A      2.603719   233A      2.610493  
     234A      2.623076   235A      2.638707   236A      2.646926  
     237A      2.673446   238A      2.689478   239A      2.713417  
     240A      2.720272   241A      2.747848   242A      2.763604  
     243A      2.775026   244A      2.823257   245A      2.843430  
     246A      2.873083   247A      2.886505   248A      2.896105  
     249A      2.941021   250A      2.949491   251A      2.973127  
     252A      2.991923   253A      3.024842   254A      3.063466  
     255A      3.094528   256A      3.101692   257A      3.219208  
     258A      3.251061   259A      3.268547   260A      3.270049  
     261A      3.381981   262A      3.396396   263A      3.456347  
     264A      3.492444   265A      3.530667   266A      3.550104  
     267A      3.618744   268A      3.682869   269A      3.771269  
     270A      3.771764   271A      3.956937   272A      4.024360  
     273A      4.089545   274A      4.194626   275A      4.224637  
     276A      4.362908   277A      4.477947   278A      4.489995  
     279A      4.556201   280A      4.655214   281A      4.675977  
     282A      4.696615   283A      4.725635   284A      4.799598  
     285A      4.825816   286A      4.865819   287A      5.000171  
     288A      5.089873   289A      5.127929   290A      5.194645  
     291A      5.341597   292A      5.515456   293A      5.556865  
     294A      5.658438   295A      5.665514   296A      5.800834  
     297A      6.028653   298A      6.712020   299A      6.863435  
     300A     18.138492   301A     18.298320   302A     18.490822  
     303A     18.643046   304A     25.327062   305A     33.450493  
     306A     33.475612  

    Final Occupation by Irrep:
              A 
    DOCC [    20 ]

  @DF-RHF Final Energy:  -247.29951728548201

   => Energetics <=

    Nuclear Repulsion Energy =            183.2608457545851479
    One-Electron Energy =                -690.3466410854309743
    Two-Electron Energy =                 259.7862780453638152
    Total Energy =                       -247.2995172854820112

Computation Completed


Properties will be evaluated at   0.000000,   0.000000,   0.000000 [a0]

Properties computed using the SCF density matrix

  Nuclear Dipole Moment: [e a0]
     X:    71.3016      Y:  -430.6538      Z:  -149.7344

  Electronic Dipole Moment: [e a0]
     X:   -70.0001      Y:   419.1841      Z:   148.3402

  Dipole Moment: [e a0]
     X:     1.3014      Y:   -11.4697      Z:    -1.3942     Total:    11.6272

  Dipole Moment: [D]
     X:     3.3079      Y:   -29.1530      Z:    -3.5437     Total:    29.5533


*** tstop() called on aliaconda at Sun Mar 20 05:56:36 2022
Module time:
	user time   =     165.73 seconds =       2.76 minutes
	system time =      14.97 seconds =       0.25 minutes
	total time  =          8 seconds =       0.13 minutes
Total time:
	user time   =   90430.61 seconds =    1507.18 minutes
	system time =   12600.93 seconds =     210.02 minutes
	total time  =       5579 seconds =      92.98 minutes

  //>>>>>>>>>>>>>>>>>>>>>>>>>>>>>>>>>>>//
  //            Monomer B HF           //
  //<<<<<<<<<<<<<<<<<<<<<<<<<<<<<<<<<<<//


*** tstart() called on aliaconda
*** at Sun Mar 20 05:56:36 2022

   => Loading Basis Set <=

    Name: JUN-CC-PVDZ
    Role: ORBITAL
    Keyword: BASIS
    atoms 1, 14                                          entry N          line   198 file /home/alia/anaconda3/envs/mddemo/share/psi4/basis/jun-cc-pvdz.gbs 
    atoms 2-4, 6, 8-10, 13, 15-17, 19, 21, 23, 25-27, 30 entry H          line    36 file /home/alia/anaconda3/envs/mddemo/share/psi4/basis/jun-cc-pvdz.gbs 
    atoms 5, 7, 11, 18, 20, 24, 28                       entry C          line   164 file /home/alia/anaconda3/envs/mddemo/share/psi4/basis/jun-cc-pvdz.gbs 
    atoms 12, 22, 29                                     entry O          line   232 file /home/alia/anaconda3/envs/mddemo/share/psi4/basis/jun-cc-pvdz.gbs 


         ---------------------------------------------------------
                                   SCF
               by Justin Turney, Rob Parrish, Andy Simmonett
                          and Daniel G. A. Smith
                              RHF Reference
                       32 Threads,  76293 MiB Core
         ---------------------------------------------------------

  ==> Geometry <==

    Molecular point group: c1
    Full point group: C1

    Geometry (in Angstrom), charge = 1, multiplicity = 1:

       Center              X                  Y                   Z               Mass       
    ------------   -----------------  -----------------  -----------------  -----------------
      Gh(N)           0.298326897085    -6.627995068046    -1.261286605340    14.003074004430
      Gh(H)          -0.668673110544    -6.822995239707    -1.949286569100     1.007825032230
      Gh(H)          -0.206672740518    -6.745995098564    -0.175286639672     1.007825032230
      Gh(H)           0.928327011526    -7.425995165321    -1.371286738855     1.007825032230
      Gh(C)           0.829327034415    -5.310995155784    -1.449286330682    12.000000000000
      Gh(H)           0.223327087820    -4.546995216819    -0.878286708337     1.007825032230
      Gh(C)           2.280327009619    -5.198995167228    -0.742286551934    12.000000000000
      Gh(H)           2.986327099264    -5.903995090934    -1.141286719781     1.007825032230
      Gh(H)           2.181327032507    -5.502995068046     0.386713634986     1.007825032230
      Gh(H)           2.727327036322    -4.199995094749    -0.761286605340     1.007825032230
      Gh(C)           0.847327160300    -4.876995140525    -2.925286639672    12.000000000000
      Gh(O)           0.293327259482    -5.508995110008    -3.828286517602    15.994914619570
      Gh(H)           1.383086370886    -3.953354889366    -3.189579118234     1.007825032230
         N            0.454327034415     2.923004573372     0.470713268775    14.003074004430
         H            0.804326939047     1.816005176095     0.782713543433     1.007825032230
         H            0.226326870383     2.712005084542    -0.693286765557     1.007825032230
         H            1.292327093542     3.542005008248     0.462713371772     1.007825032230
         C           -0.765672755777     3.482004588631     0.992713581580    12.000000000000
         H           -1.521672797739     2.720004504708     1.077713619727     1.007825032230
         C           -0.632672858774     4.035005038765     2.424713741797    12.000000000000
         H           -1.582673144876     4.448005145577     2.849712978858     1.007825032230
         O            0.255327152670     5.123004382638     2.569713245887    15.994914619570
         H            1.103327202261     4.740004962471     2.357713352698     1.007825032230
         C           -0.177672935068     2.928004687813     3.342713009375    12.000000000000
         H            0.876326965750     2.833004420784     3.468713413733     1.007825032230
         H           -0.566672874033     1.899004405526     3.102713238257     1.007825032230
         H           -0.686672759592     3.144005244759     4.362713467139     1.007825032230
         C           -1.337672782480     4.509005015877     0.136713634986    12.000000000000
         O           -2.546672893106     4.719005054024     0.098713528174    15.994914619570
         H           -0.669227195322     5.113884395150    -0.493605006677     1.007825032230

  Running in c1 symmetry.

  Rotational constants: A =      0.03838  B =      0.00356  C =      0.00339 [cm^-1]
  Rotational constants: A =   1150.58527  B =    106.71058  C =    101.64872 [MHz]
  Nuclear repulsion =  333.306768582092275

  Charge       = 1
  Multiplicity = 1
  Electrons    = 56
  Nalpha       = 28
  Nbeta        = 28

  ==> Algorithm <==

  SCF Algorithm Type is DF.
  DIIS enabled.
  MOM disabled.
  Fractional occupation disabled.
  Guess Type is SAD.
  Energy threshold   = 1.00e-08
  Density threshold  = 1.00e-08
  Integral threshold = 1.00e-12

  ==> Primary Basis <==

  Basis Set: JUN-CC-PVDZ
    Blend: JUN-CC-PVDZ
    Number of shells: 150
    Number of basis functions: 306
    Number of Cartesian functions: 318
    Spherical Harmonics?: true
    Max angular momentum: 2

   => Loading Basis Set <=

    Name: (JUN-CC-PVDZ AUX)
    Role: JKFIT
    Keyword: DF_BASIS_SCF
    atoms 1, 14                                          entry N          line   202 file /home/alia/anaconda3/envs/mddemo/share/psi4/basis/jun-cc-pvdz-jkfit.gbs 
    atoms 2-4, 6, 8-10, 13, 15-17, 19, 21, 23, 25-27, 30 entry H          line    70 file /home/alia/anaconda3/envs/mddemo/share/psi4/basis/jun-cc-pvdz-jkfit.gbs 
    atoms 5, 7, 11, 18, 20, 24, 28                       entry C          line   146 file /home/alia/anaconda3/envs/mddemo/share/psi4/basis/jun-cc-pvdz-jkfit.gbs 
    atoms 12, 22, 29                                     entry O          line   258 file /home/alia/anaconda3/envs/mddemo/share/psi4/basis/jun-cc-pvdz-jkfit.gbs 

  ==> Integral Setup <==

  ==> DiskDFJK: Density-Fitted J/K Matrices <==

    J tasked:                  Yes
    K tasked:                  Yes
    wK tasked:                  No
    OpenMP threads:             32
    Integrals threads:          32
    Memory [MiB]:            57220
    Algorithm:                Core
    Integral Cache:           LOAD
    Schwarz Cutoff:          1E-12
    Fitting Condition:       1E-10

   => Auxiliary Basis Set <=

  Basis Set: (JUN-CC-PVDZ AUX)
    Blend: JUN-CC-PVDZ-JKFIT
    Number of shells: 486
    Number of basis functions: 1362
    Number of Cartesian functions: 1542
    Spherical Harmonics?: true
    Max angular momentum: 3

  Minimum eigenvalue in the overlap matrix is 5.5330392608E-05.
  Reciprocal condition number of the overlap matrix is 4.7826976657E-06.
    Using symmetric orthogonalization.

  ==> Pre-Iterations <==

  SCF Guess: Superposition of Atomic Densities via on-the-fly atomic UHF (no occupation information).

   -------------------------
    Irrep   Nso     Nmo    
   -------------------------
     A        306     306 
   -------------------------
    Total     306     306
   -------------------------

  ==> Iterations <==

                           Total Energy        Delta E     RMS |[F,P]|

   @DF-RHF iter SAD:  -360.76676829432938   -3.60767e+02   0.00000e+00 
   @DF-RHF iter   1:  -360.90203591550079   -1.35268e-01   2.19409e-03 DIIS
   @DF-RHF iter   2:  -361.09667718707203   -1.94641e-01   1.36107e-03 DIIS
   @DF-RHF iter   3:  -361.16123321171176   -6.45560e-02   3.07006e-04 DIIS
   @DF-RHF iter   4:  -361.16633051918996   -5.09731e-03   1.15745e-04 DIIS
   @DF-RHF iter   5:  -361.16708087504986   -7.50356e-04   2.58945e-05 DIIS
   @DF-RHF iter   6:  -361.16714740346339   -6.65284e-05   1.23784e-05 DIIS
   @DF-RHF iter   7:  -361.16716247518673   -1.50717e-05   5.34620e-06 DIIS
   @DF-RHF iter   8:  -361.16716596816377   -3.49298e-06   2.20923e-06 DIIS
   @DF-RHF iter   9:  -361.16716658394427   -6.15780e-07   6.31576e-07 DIIS
   @DF-RHF iter  10:  -361.16716663880192   -5.48577e-08   1.93669e-07 DIIS
   @DF-RHF iter  11:  -361.16716664437928   -5.57736e-09   7.64856e-08 DIIS
   @DF-RHF iter  12:  -361.16716664549830   -1.11902e-09   4.13624e-08 DIIS
   @DF-RHF iter  13:  -361.16716664596373   -4.65434e-10   2.29904e-08 DIIS
   @DF-RHF iter  14:  -361.16716664614830   -1.84571e-10   8.53645e-09 DIIS
  Energy and wave function converged.


  ==> Post-Iterations <==

    Orbital Energies [Eh]
    ---------------------

    Doubly Occupied:                                                      

       1A    -20.744894     2A    -20.743787     3A    -15.956080  
       4A    -11.517658     5A    -11.495542     6A    -11.477991  
       7A    -11.397386     8A     -1.570081     9A     -1.556046  
      10A     -1.516061    11A     -1.254740    12A     -1.167084  
      13A     -1.027309    14A     -1.019435    15A     -0.968425  
      16A     -0.926803    17A     -0.911313    18A     -0.844954  
      19A     -0.819508    20A     -0.807191    21A     -0.784041  
      22A     -0.770725    23A     -0.705483    24A     -0.693682  
      25A     -0.674302    26A     -0.655996    27A     -0.628225  
      28A     -0.596465  

    Virtual:                                                              

      29A     -0.139624    30A     -0.089445    31A     -0.078526  
      32A     -0.059781    33A     -0.045008    34A     -0.033490  
      35A     -0.031569    36A     -0.024662    37A     -0.018796  
      38A     -0.013113    39A     -0.006091    40A     -0.005813  
      41A     -0.001090    42A      0.003890    43A      0.012369  
      44A      0.016884    45A      0.025704    46A      0.030001  
      47A      0.038060    48A      0.041778    49A      0.044351  
      50A      0.046416    51A      0.048479    52A      0.055910  
      53A      0.056835    54A      0.068357    55A      0.071844  
      56A      0.091085    57A      0.094248    58A      0.098761  
      59A      0.102292    60A      0.104444    61A      0.111237  
      62A      0.113161    63A      0.117440    64A      0.128162  
      65A      0.137121    66A      0.146064    67A      0.146705  
      68A      0.151802    69A      0.152965    70A      0.161691  
      71A      0.169359    72A      0.173715    73A      0.182112  
      74A      0.185988    75A      0.194464    76A      0.196155  
      77A      0.197906    78A      0.206380    79A      0.221776  
      80A      0.223893    81A      0.233219    82A      0.246259  
      83A      0.248749    84A      0.262574    85A      0.265475  
      86A      0.273585    87A      0.283447    88A      0.288143  
      89A      0.294948    90A      0.311352    91A      0.315132  
      92A      0.320909    93A      0.334634    94A      0.350578  
      95A      0.354800    96A      0.357052    97A      0.375575  
      98A      0.380962    99A      0.391570   100A      0.397442  
     101A      0.422926   102A      0.429574   103A      0.452884  
     104A      0.460235   105A      0.508249   106A      0.527430  
     107A      0.539913   108A      0.546076   109A      0.568910  
     110A      0.572199   111A      0.579014   112A      0.584439  
     113A      0.603911   114A      0.621110   115A      0.625998  
     116A      0.641532   117A      0.646211   118A      0.663436  
     119A      0.687016   120A      0.688664   121A      0.690337  
     122A      0.707830   123A      0.720991   124A      0.734665  
     125A      0.737302   126A      0.750878   127A      0.757711  
     128A      0.763231   129A      0.780931   130A      0.784531  
     131A      0.793531   132A      0.797411   133A      0.820780  
     134A      0.821503   135A      0.829939   136A      0.868082  
     137A      0.876943   138A      0.886600   139A      0.896402  
     140A      0.913687   141A      0.922288   142A      0.924463  
     143A      0.937862   144A      0.959827   145A      0.972239  
     146A      0.987434   147A      1.044892   148A      1.092093  
     149A      1.162595   150A      1.169771   151A      1.205801  
     152A      1.210258   153A      1.230690   154A      1.267767  
     155A      1.308986   156A      1.329396   157A      1.343424  
     158A      1.349867   159A      1.369806   160A      1.378900  
     161A      1.393123   162A      1.409915   163A      1.440652  
     164A      1.470080   165A      1.485806   166A      1.486927  
     167A      1.501012   168A      1.517093   169A      1.528677  
     170A      1.550620   171A      1.581805   172A      1.586490  
     173A      1.601803   174A      1.624422   175A      1.654353  
     176A      1.668838   177A      1.678720   178A      1.685332  
     179A      1.689568   180A      1.697698   181A      1.705934  
     182A      1.711312   183A      1.730948   184A      1.752801  
     185A      1.756345   186A      1.762912   187A      1.777006  
     188A      1.782446   189A      1.785873   190A      1.794649  
     191A      1.804153   192A      1.836500   193A      1.849981  
     194A      1.858757   195A      1.872276   196A      1.887437  
     197A      1.895971   198A      1.908574   199A      1.939174  
     200A      1.945665   201A      1.949346   202A      1.957841  
     203A      1.963568   204A      1.972757   205A      1.984183  
     206A      1.991926   207A      1.998946   208A      2.003138  
     209A      2.029560   210A      2.041390   211A      2.047977  
     212A      2.065062   213A      2.084247   214A      2.099390  
     215A      2.101136   216A      2.102868   217A      2.125475  
     218A      2.126798   219A      2.161456   220A      2.179926  
     221A      2.183457   222A      2.209721   223A      2.213038  
     224A      2.225363   225A      2.246203   226A      2.261663  
     227A      2.275176   228A      2.321273   229A      2.321538  
     230A      2.323851   231A      2.348419   232A      2.351602  
     233A      2.371590   234A      2.406811   235A      2.419606  
     236A      2.421451   237A      2.444153   238A      2.456786  
     239A      2.511268   240A      2.514367   241A      2.519172  
     242A      2.520012   243A      2.575238   244A      2.583618  
     245A      2.591840   246A      2.614933   247A      2.634820  
     248A      2.639879   249A      2.664079   250A      2.670979  
     251A      2.714159   252A      2.721531   253A      2.741514  
     254A      2.787004   255A      2.788288   256A      2.794298  
     257A      2.799971   258A      2.800915   259A      2.895921  
     260A      2.921152   261A      2.936436   262A      2.960939  
     263A      3.034703   264A      3.051078   265A      3.078311  
     266A      3.088823   267A      3.104463   268A      3.128121  
     269A      3.176211   270A      3.250871   271A      3.278575  
     272A      3.309021   273A      3.342475   274A      3.410615  
     275A      3.462662   276A      3.524112   277A      3.530406  
     278A      3.602484   279A      3.669750   280A      3.728344  
     281A      3.811192   282A      3.941914   283A      3.984445  
     284A      3.985940   285A      4.122576   286A      4.170144  
     287A      4.257872   288A      4.293175   289A      4.511674  
     290A      4.655829   291A      4.667758   292A      4.772578  
     293A      4.840927   294A      4.901008   295A      5.059196  
     296A      5.172157   297A      5.448848   298A      5.532638  
     299A      5.687260   300A      5.780501   301A      6.634551  
     302A     18.193295   303A     18.347063   304A     18.519415  
     305A     25.330939   306A     33.431653  

    Final Occupation by Irrep:
              A 
    DOCC [    28 ]

  @DF-RHF Final Energy:  -361.16716664614830

   => Energetics <=

    Nuclear Repulsion Energy =            333.3067685820922748
    One-Electron Energy =               -1142.4854519945974971
    Two-Electron Energy =                 448.0115167663569764
    Total Energy =                       -361.1671666461483028

Computation Completed


Properties will be evaluated at   0.000000,   0.000000,   0.000000 [a0]

Properties computed using the SCF density matrix

  Nuclear Dipole Moment: [e a0]
     X:   -63.0354      Y:   419.3097      Z:   157.4167

  Electronic Dipole Moment: [e a0]
     X:    64.6365      Y:  -414.6352      Z:  -156.1368

  Dipole Moment: [e a0]
     X:     1.6011      Y:     4.6745      Z:     1.2799     Total:     5.1042

  Dipole Moment: [D]
     X:     4.0696      Y:    11.8813      Z:     3.2531     Total:    12.9735


*** tstop() called on aliaconda at Sun Mar 20 05:56:46 2022
Module time:
	user time   =     214.92 seconds =       3.58 minutes
	system time =      24.55 seconds =       0.41 minutes
	total time  =         10 seconds =       0.17 minutes
Total time:
	user time   =   90645.62 seconds =    1510.76 minutes
	system time =   12625.50 seconds =     210.43 minutes
	total time  =       5589 seconds =      93.15 minutes
  Constructing Basis Sets for SAPT...

   => Loading Basis Set <=

    Name: (JUN-CC-PVDZ AUX)
    Role: RIFIT
    Keyword: DF_BASIS_SAPT
    atoms 1, 14                                          entry N          line   144 file /home/alia/anaconda3/envs/mddemo/share/psi4/basis/jun-cc-pvdz-ri.gbs 
    atoms 2-4, 6, 8-10, 13, 15-17, 19, 21, 23, 25-27, 30 entry H          line    30 file /home/alia/anaconda3/envs/mddemo/share/psi4/basis/jun-cc-pvdz-ri.gbs 
    atoms 5, 7, 11, 18, 20, 24, 28                       entry C          line   100 file /home/alia/anaconda3/envs/mddemo/share/psi4/basis/jun-cc-pvdz-ri.gbs 
    atoms 12, 22, 29                                     entry O          line   188 file /home/alia/anaconda3/envs/mddemo/share/psi4/basis/jun-cc-pvdz-ri.gbs 


  //>>>>>>>>>>>>>>>>>>>>>>>>>>>>>>>>>>>//
  //               SAPT0               //
  //<<<<<<<<<<<<<<<<<<<<<<<<<<<<<<<<<<<//


*** tstart() called on aliaconda
*** at Sun Mar 20 05:56:47 2022

        SAPT0  
    Ed Hohenstein
     6 June 2009

      Orbital Information
  --------------------------
    NSO        =       306
    NMO        =       306
    NRI        =      1032
    NOCC A     =        20
    NOCC B     =        28
    FOCC A     =         0
    FOCC B     =         0
    NVIR A     =       286
    NVIR B     =       278

    Elst10,r            =     0.061109751217 [Eh]
    Exch10              =    -0.000000010683 [Eh]
    Exch10 (S^2)        =    -0.000000010683 [Eh]

    Iter     Energy [mEh]          dE [mEh]         Residual      Time [s]
       1      -0.29941382       0.299413817       5.039774049             1
       2      -0.29216359      -0.007250231       1.690675605             1
       3      -0.31472751       0.022563924       0.649438412             2
       4      -0.32164990       0.006922386       0.186560584             3
       5      -0.32060536      -0.001044541       0.107598255             3
       6      -0.31998619      -0.000619167       0.028839430             4
       7      -0.32016341       0.000177221       0.008725044             4
       8      -0.32018715       0.000023740       0.003614267             5
       9      -0.32017084      -0.000016311       0.002165223             5
      10      -0.32016877      -0.000002068       0.000729206             6
      11      -0.32017213       0.000003356       0.000202252             6
      12      -0.32017204      -0.000000088       0.000054065             7
      13      -0.32017185      -0.000000184       0.000013282             8
      14      -0.32017185      -0.000000002       0.000003248             8
      15      -0.32017186       0.000000010       0.000000672             9

    CHF Iterations converged


    Iter     Energy [mEh]          dE [mEh]         Residual      Time [s]
       1      -0.20312298       0.203122979       3.454740510             0
       2      -0.20665392       0.003530938       1.374245047             1
       3      -0.22192652       0.015272601       0.502590363             1
       4      -0.22540017       0.003473651       0.132478513             2
       5      -0.22515093      -0.000249243       0.072987138             2
       6      -0.22471259      -0.000438332       0.023503967             3
       7      -0.22474607       0.000033476       0.010423297             4
       8      -0.22479932       0.000053251       0.002688551             4
       9      -0.22479469      -0.000004628       0.000933949             5
      10      -0.22479158      -0.000003108       0.000307192             5
      11      -0.22479203       0.000000448       0.000141098             6
      12      -0.22479241       0.000000382       0.000081087             6
      13      -0.22479228      -0.000000136       0.000037187             7
      14      -0.22479220      -0.000000080       0.000010019             7
      15      -0.22479221       0.000000016       0.000003159             8
      16      -0.22479222       0.000000006       0.000000824             9

    CHF Iterations converged

    Ind20,r (A<-B)      =    -0.000320171862 [Eh]
    Ind20,r (B<-A)      =    -0.000224792219 [Eh]
    Ind20,r             =    -0.000544964081 [Eh]
    Exch-Ind20,r (A<-B) =     0.000000002363 [Eh]
    Exch-Ind20,r (B<-A) =     0.000000000881 [Eh]
    Exch-Ind20,r        =     0.000000003244 [Eh]
    Disp20              =    -0.000038842485 [Eh]
    Disp20 (SS)         =    -0.000019421243 [Eh]
    Disp20 (OS)         =    -0.000019421243 [Eh]
    Exch-Disp20         =     0.000000001289 [Eh]
    Exch-Disp20 (SS)    =     0.000000000942 [Eh]
    Exch-Disp20 (OS)    =     0.000000000347 [Eh]

    SAPT Results 
  --------------------------------------------------------------------------------------------------------
    Electrostatics                 61.10975122 [mEh]      38.34694783 [kcal/mol]     160.44362972 [kJ/mol]
      Elst10,r                     61.10975122 [mEh]      38.34694783 [kcal/mol]     160.44362972 [kJ/mol]

    Exchange                       -0.00001068 [mEh]      -0.00000670 [kcal/mol]      -0.00002805 [kJ/mol]
      Exch10                       -0.00001068 [mEh]      -0.00000670 [kcal/mol]      -0.00002805 [kJ/mol]
      Exch10(S^2)                  -0.00001068 [mEh]      -0.00000670 [kcal/mol]      -0.00002805 [kJ/mol]

    Induction                      -0.53839561 [mEh]      -0.33784835 [kcal/mol]      -1.41355748 [kJ/mol]
      Ind20,r                      -0.54496408 [mEh]      -0.34197012 [kcal/mol]      -1.43080300 [kJ/mol]
      Exch-Ind20,r                  0.00000324 [mEh]       0.00000204 [kcal/mol]       0.00000852 [kJ/mol]
      delta HF,r (2)                0.00656523 [mEh]       0.00411974 [kcal/mol]       0.01723700 [kJ/mol]

    Dispersion                     -0.03884120 [mEh]      -0.02437322 [kcal/mol]      -0.10197755 [kJ/mol]
      Disp20                       -0.03884249 [mEh]      -0.02437403 [kcal/mol]      -0.10198093 [kJ/mol]
      Exch-Disp20                   0.00000129 [mEh]       0.00000081 [kcal/mol]       0.00000338 [kJ/mol]
      Disp20 (SS)                  -0.01942124 [mEh]      -0.01218701 [kcal/mol]      -0.05099047 [kJ/mol]
      Disp20 (OS)                  -0.01942124 [mEh]      -0.01218701 [kcal/mol]      -0.05099047 [kJ/mol]
      Exch-Disp20 (SS)              0.00000094 [mEh]       0.00000059 [kcal/mol]       0.00000247 [kJ/mol]
      Exch-Disp20 (OS)              0.00000035 [mEh]       0.00000022 [kcal/mol]       0.00000091 [kJ/mol]

  Total HF                         60.57134492 [mEh]      38.00909278 [kcal/mol]     159.03004419 [kJ/mol]
  Total SAPT0                      60.53250373 [mEh]      37.98471956 [kcal/mol]     158.92806664 [kJ/mol]

  Special recipe for scaled SAPT0 (see Manual):
    Electrostatics sSAPT0          61.10975122 [mEh]      38.34694783 [kcal/mol]     160.44362972 [kJ/mol]
    Exchange sSAPT0                -0.00001068 [mEh]      -0.00000670 [kcal/mol]      -0.00002805 [kJ/mol]
    Induction sSAPT0               -0.53839561 [mEh]      -0.33784835 [kcal/mol]      -1.41355748 [kJ/mol]
    Dispersion sSAPT0              -0.03884120 [mEh]      -0.02437322 [kcal/mol]      -0.10197755 [kJ/mol]
  Total sSAPT0                     60.53250373 [mEh]      37.98471956 [kcal/mol]     158.92806664 [kJ/mol]
  --------------------------------------------------------------------------------------------------------

*** tstop() called on aliaconda at Sun Mar 20 05:57:33 2022
Module time:
	user time   =     658.47 seconds =      10.97 minutes
	system time =     113.80 seconds =       1.90 minutes
	total time  =         46 seconds =       0.77 minutes
Total time:
	user time   =   91306.73 seconds =    1521.78 minutes
	system time =   12739.76 seconds =     212.33 minutes
	total time  =       5636 seconds =      93.93 minutes


Warning! sapt0 does not have an associated derived wavefunction.The returned wavefunction is the dimer SCF wavefunction.


  Memory set to  74.506 GiB by Python driver.
  Threads set to 32 by Python driver.
