
Scratch directory: /tmp/

Scratch directory: /tmp/

  //>>>>>>>>>>>>>>>>>>>>>>>>>>>>>>>>>>>//
  //              Dimer HF             //
  //<<<<<<<<<<<<<<<<<<<<<<<<<<<<<<<<<<<//


*** tstart() called on aliaconda
*** at Sun Mar 20 06:32:36 2022

   => Loading Basis Set <=

    Name: JUN-CC-PVDZ
    Role: ORBITAL
    Keyword: BASIS
    atoms 1, 14                                          entry N          line   198 file /home/alia/anaconda3/envs/mddemo/share/psi4/basis/jun-cc-pvdz.gbs 
    atoms 2-4, 6, 8-10, 13, 15-17, 19, 21, 23, 25-27, 30 entry H          line    36 file /home/alia/anaconda3/envs/mddemo/share/psi4/basis/jun-cc-pvdz.gbs 
    atoms 5, 7, 11, 18, 20, 24, 28                       entry C          line   164 file /home/alia/anaconda3/envs/mddemo/share/psi4/basis/jun-cc-pvdz.gbs 
    atoms 12, 22, 29                                     entry O          line   232 file /home/alia/anaconda3/envs/mddemo/share/psi4/basis/jun-cc-pvdz.gbs 


         ---------------------------------------------------------
                                   SCF
               by Justin Turney, Rob Parrish, Andy Simmonett
                          and Daniel G. A. Smith
                              RHF Reference
                       32 Threads,  76293 MiB Core
         ---------------------------------------------------------

  ==> Geometry <==

    Molecular point group: c1
    Full point group: C1

    Geometry (in Angstrom), charge = 2, multiplicity = 1:

       Center              X                  Y                   Z               Mass       
    ------------   -----------------  -----------------  -----------------  -----------------
         N           -0.568647789476    -6.685746797563    -1.461381498776    14.003074004430
         H           -1.227647709368    -6.850746997835    -0.466381613217     1.007825032230
         H           -1.457647728441    -6.735746988298    -2.271381441555     1.007825032230
         H            0.018352103712    -7.474746831896    -1.552381578884     1.007825032230
         C            0.094352317335    -5.407746919634    -1.449381414852    12.000000000000
         H           -0.450647758959    -4.694747098924    -0.791381422482     1.007825032230
         C            1.426352096083    -5.537747034075    -0.732381407223    12.000000000000
         H            2.100352120878    -6.222746976854    -1.190381590328     1.007825032230
         H            1.263352227690    -5.769746908190     0.330618318119     1.007825032230
         H            1.914352250578    -4.507746824266    -0.775381628475     1.007825032230
         C            0.291352344038    -4.857746728899    -2.788381401501    12.000000000000
         O            0.070352149489    -5.531746992113    -3.772381488285    15.994914619570
         H            0.643553328993    -3.822247632982    -2.905411783657     1.007825032230
         N            0.781352115156     2.753252855299     0.543618615665    14.003074004430
         H            0.796352220061     2.794253221510    -0.661381308041     1.007825032230
         H            0.664352250578     1.562252870558     0.666618283787     1.007825032230
         H            1.653352094176     3.052252641676     0.849618371525     1.007825032230
         C           -0.273647713182     3.633252969740     0.981618341007    12.000000000000
         H           -1.217647957323     3.099253526686     0.882618363895     1.007825032230
         C           -0.387648033617     4.016253343580     2.446618970432    12.000000000000
         H           -1.416647839067     4.431253305434     2.761618550815     1.007825032230
         O            0.581352067473     5.032253137587     2.923618253269    15.994914619570
         H            1.389352155211     4.531252733229     2.911618169346     1.007825032230
         C           -0.135647701738     2.789253107069     3.368618901768    12.000000000000
         H            0.844352078917     2.383252969740     3.362618382969     1.007825032230
         H           -0.865647720812     2.042253366469     2.971618588962     1.007825032230
         H           -0.436647819994     3.105253091810     4.380618985691     1.007825032230
         C           -0.450647758959     4.831252923964     0.007618363895    12.000000000000
         O           -1.553647922991     5.209253183363    -0.231381479702    15.994914619570
         H            0.422929835798     5.318406930922    -0.450141493283     1.007825032230

  Running in c1 symmetry.

  Rotational constants: A =      0.03983  B =      0.00352  C =      0.00335 [cm^-1]
  Rotational constants: A =   1194.00744  B =    105.61511  C =    100.43663 [MHz]
  Nuclear repulsion =  638.172577163602000

  Charge       = 2
  Multiplicity = 1
  Electrons    = 96
  Nalpha       = 48
  Nbeta        = 48

  ==> Algorithm <==

  SCF Algorithm Type is DF.
  DIIS enabled.
  MOM disabled.
  Fractional occupation disabled.
  Guess Type is SAD.
  Energy threshold   = 1.00e-08
  Density threshold  = 1.00e-08
  Integral threshold = 1.00e-12

  ==> Primary Basis <==

  Basis Set: JUN-CC-PVDZ
    Blend: JUN-CC-PVDZ
    Number of shells: 150
    Number of basis functions: 306
    Number of Cartesian functions: 318
    Spherical Harmonics?: true
    Max angular momentum: 2

   => Loading Basis Set <=

    Name: (JUN-CC-PVDZ AUX)
    Role: JKFIT
    Keyword: DF_BASIS_SCF
    atoms 1, 14                                          entry N          line   202 file /home/alia/anaconda3/envs/mddemo/share/psi4/basis/jun-cc-pvdz-jkfit.gbs 
    atoms 2-4, 6, 8-10, 13, 15-17, 19, 21, 23, 25-27, 30 entry H          line    70 file /home/alia/anaconda3/envs/mddemo/share/psi4/basis/jun-cc-pvdz-jkfit.gbs 
    atoms 5, 7, 11, 18, 20, 24, 28                       entry C          line   146 file /home/alia/anaconda3/envs/mddemo/share/psi4/basis/jun-cc-pvdz-jkfit.gbs 
    atoms 12, 22, 29                                     entry O          line   258 file /home/alia/anaconda3/envs/mddemo/share/psi4/basis/jun-cc-pvdz-jkfit.gbs 

  ==> Integral Setup <==

  ==> DiskDFJK: Density-Fitted J/K Matrices <==

    J tasked:                  Yes
    K tasked:                  Yes
    wK tasked:                  No
    OpenMP threads:             32
    Integrals threads:          32
    Memory [MiB]:            57220
    Algorithm:                Core
    Integral Cache:           SAVE
    Schwarz Cutoff:          1E-12
    Fitting Condition:       1E-10

   => Auxiliary Basis Set <=

  Basis Set: (JUN-CC-PVDZ AUX)
    Blend: JUN-CC-PVDZ-JKFIT
    Number of shells: 486
    Number of basis functions: 1362
    Number of Cartesian functions: 1542
    Spherical Harmonics?: true
    Max angular momentum: 3

  Minimum eigenvalue in the overlap matrix is 5.4786132420E-05.
  Reciprocal condition number of the overlap matrix is 4.8115071731E-06.
    Using symmetric orthogonalization.

  ==> Pre-Iterations <==

  SCF Guess: Superposition of Atomic Densities via on-the-fly atomic UHF (no occupation information).

   -------------------------
    Irrep   Nso     Nmo    
   -------------------------
     A        306     306 
   -------------------------
    Total     306     306
   -------------------------

  ==> Iterations <==

                           Total Energy        Delta E     RMS |[F,P]|

   @DF-RHF iter SAD:  -607.52866098366519   -6.07529e+02   0.00000e+00 
   @DF-RHF iter   1:  -607.96576017698089   -4.37099e-01   2.83277e-03 DIIS
   @DF-RHF iter   2:  -608.29171113668588   -3.25951e-01   1.75812e-03 DIIS
   @DF-RHF iter   3:  -608.39973607229422   -1.08025e-01   3.76495e-04 DIIS
   @DF-RHF iter   4:  -608.40804613657076   -8.31006e-03   1.37023e-04 DIIS
   @DF-RHF iter   5:  -608.40914937886123   -1.10324e-03   3.25977e-05 DIIS
   @DF-RHF iter   6:  -608.40926047503467   -1.11096e-04   1.58658e-05 DIIS
   @DF-RHF iter   7:  -608.40928394094692   -2.34659e-05   6.73863e-06 DIIS
   @DF-RHF iter   8:  -608.40928947332986   -5.53238e-06   2.60084e-06 DIIS
   @DF-RHF iter   9:  -608.40929031179928   -8.38469e-07   7.80406e-07 DIIS
   @DF-RHF iter  10:  -608.40929039359605   -8.17968e-08   3.06483e-07 DIIS
   @DF-RHF iter  11:  -608.40929040862807   -1.50320e-08   1.60186e-07 DIIS
   @DF-RHF iter  12:  -608.40929041370327   -5.07521e-09   8.78701e-08 DIIS
   @DF-RHF iter  13:  -608.40929041566505   -1.96178e-09   4.34119e-08 DIIS
   @DF-RHF iter  14:  -608.40929041626384   -5.98789e-10   1.51962e-08 DIIS
   @DF-RHF iter  15:  -608.40929041631341   -4.95675e-11   4.05701e-09 DIIS
  Energy and wave function converged.


  ==> Post-Iterations <==

    Orbital Energies [Eh]
    ---------------------

    Doubly Occupied:                                                      

       1A    -20.813094     2A    -20.797662     3A    -20.776668  
       4A    -16.006324     5A    -15.984910     6A    -11.585022  
       7A    -11.571930     8A    -11.562949     9A    -11.551476  
      10A    -11.533768    11A    -11.492418    12A    -11.451092  
      13A     -1.649784    14A     -1.640107    15A     -1.588068  
      16A     -1.563685    17A     -1.562930    18A     -1.321115  
      19A     -1.298108    20A     -1.207395    21A     -1.169050  
      22A     -1.077176    23A     -1.075667    24A     -1.070174  
      25A     -1.027772    26A     -1.018064    27A     -0.986119  
      28A     -0.969293    29A     -0.956880    30A     -0.941247  
      31A     -0.890142    32A     -0.889422    33A     -0.869384  
      34A     -0.866386    35A     -0.859490    36A     -0.827288  
      37A     -0.818581    38A     -0.803246    39A     -0.789774  
      40A     -0.784366    41A     -0.766743    42A     -0.745882  
      43A     -0.739582    44A     -0.733070    45A     -0.707165  
      46A     -0.678462    47A     -0.670540    48A     -0.640960  

    Virtual:                                                              

      49A     -0.202216    50A     -0.176705    51A     -0.151037  
      52A     -0.138459    53A     -0.137248    54A     -0.128837  
      55A     -0.118164    56A     -0.108122    57A     -0.107486  
      58A     -0.101025    59A     -0.093271    60A     -0.085626  
      61A     -0.080559    62A     -0.079324    63A     -0.075186  
      64A     -0.073505    65A     -0.066340    66A     -0.063307  
      67A     -0.061194    68A     -0.055586    69A     -0.047066  
      70A     -0.045242    71A     -0.035424    72A     -0.031392  
      73A     -0.025521    74A     -0.023441    75A     -0.022001  
      76A     -0.014771    77A     -0.012515    78A     -0.008292  
      79A     -0.005499    80A     -0.002768    81A      0.009789  
      82A      0.014995    83A      0.020193    84A      0.032023  
      85A      0.040203    86A      0.047377    87A      0.049677  
      88A      0.056031    89A      0.061526    90A      0.062591  
      91A      0.070743    92A      0.086863    93A      0.090662  
      94A      0.097227    95A      0.102259    96A      0.104911  
      97A      0.112636    98A      0.116888    99A      0.119400  
     100A      0.122528   101A      0.128519   102A      0.138930  
     103A      0.142969   104A      0.149916   105A      0.157123  
     106A      0.163028   107A      0.166835   108A      0.169041  
     109A      0.186140   110A      0.190983   111A      0.201470  
     112A      0.205281   113A      0.216881   114A      0.219673  
     115A      0.235058   116A      0.239856   117A      0.253557  
     118A      0.261914   119A      0.267766   120A      0.272094  
     121A      0.282106   122A      0.296533   123A      0.313841  
     124A      0.329925   125A      0.367509   126A      0.391784  
     127A      0.440903   128A      0.473649   129A      0.475417  
     130A      0.503601   131A      0.507418   132A      0.524380  
     133A      0.539880   134A      0.549481   135A      0.552442  
     136A      0.560696   137A      0.570308   138A      0.576560  
     139A      0.606153   140A      0.613783   141A      0.625013  
     142A      0.628498   143A      0.633497   144A      0.643818  
     145A      0.646035   146A      0.651858   147A      0.668991  
     148A      0.671304   149A      0.681404   150A      0.694383  
     151A      0.712505   152A      0.713831   153A      0.720790  
     154A      0.728138   155A      0.733449   156A      0.736991  
     157A      0.753104   158A      0.757045   159A      0.785715  
     160A      0.788218   161A      0.792887   162A      0.806119  
     163A      0.818751   164A      0.821237   165A      0.827189  
     166A      0.836607   167A      0.846418   168A      0.867188  
     169A      0.876750   170A      0.877376   171A      0.887090  
     172A      0.908282   173A      0.923876   174A      0.944256  
     175A      0.982152   176A      1.037642   177A      1.042943  
     178A      1.089057   179A      1.102170   180A      1.134360  
     181A      1.149207   182A      1.155244   183A      1.169982  
     184A      1.179956   185A      1.208286   186A      1.221573  
     187A      1.226839   188A      1.249670   189A      1.262593  
     190A      1.271810   191A      1.283961   192A      1.291723  
     193A      1.301708   194A      1.317440   195A      1.322047  
     196A      1.326915   197A      1.350834   198A      1.352048  
     199A      1.376566   200A      1.405682   201A      1.410057  
     202A      1.414669   203A      1.428321   204A      1.436828  
     205A      1.447816   206A      1.464547   207A      1.495459  
     208A      1.517933   209A      1.544534   210A      1.562261  
     211A      1.577034   212A      1.581704   213A      1.598607  
     214A      1.610256   215A      1.627646   216A      1.629669  
     217A      1.642059   218A      1.663035   219A      1.666777  
     220A      1.668402   221A      1.689094   222A      1.696616  
     223A      1.714278   224A      1.717115   225A      1.725121  
     226A      1.734349   227A      1.753252   228A      1.755803  
     229A      1.767805   230A      1.773577   231A      1.777555  
     232A      1.780602   233A      1.802849   234A      1.815319  
     235A      1.821096   236A      1.840057   237A      1.843349  
     238A      1.848998   239A      1.861515   240A      1.880050  
     241A      1.908045   242A      1.926437   243A      1.948402  
     244A      1.970550   245A      1.978023   246A      1.985722  
     247A      2.000598   248A      2.018377   249A      2.033044  
     250A      2.042199   251A      2.072084   252A      2.086279  
     253A      2.096697   254A      2.100153   255A      2.139699  
     256A      2.157717   257A      2.169656   258A      2.173514  
     259A      2.199373   260A      2.245175   261A      2.258017  
     262A      2.278498   263A      2.342028   264A      2.347826  
     265A      2.357922   266A      2.363051   267A      2.387793  
     268A      2.388194   269A      2.396755   270A      2.415261  
     271A      2.470169   272A      2.485091   273A      2.486613  
     274A      2.524275   275A      2.549572   276A      2.576068  
     277A      2.596302   278A      2.597312   279A      2.618250  
     280A      2.641171   281A      2.650937   282A      2.659073  
     283A      2.671591   284A      2.673206   285A      2.736445  
     286A      2.748263   287A      2.766137   288A      2.837830  
     289A      2.858774   290A      2.884181   291A      2.907531  
     292A      2.992964   293A      3.006381   294A      3.086840  
     295A      3.092416   296A      3.123271   297A      3.143242  
     298A      3.237868   299A      3.257103   300A      3.269531  
     301A      3.438838   302A      3.548135   303A      3.550385  
     304A      3.746828   305A      3.804804   306A      3.949952  

    Final Occupation by Irrep:
              A 
    DOCC [    48 ]

  @DF-RHF Final Energy:  -608.40929041631341

   => Energetics <=

    Nuclear Repulsion Energy =            638.1725771636019999
    One-Electron Energy =               -2070.5028768267698069
    Two-Electron Energy =                 823.9210092468543962
    Total Energy =                       -608.4092904163134108

Computation Completed


Properties will be evaluated at   0.000000,   0.000000,   0.000000 [a0]

Properties computed using the SCF density matrix

  Nuclear Dipole Moment: [e a0]
     X:     4.3431      Y:   -12.8644      Z:     7.5472

  Electronic Dipole Moment: [e a0]
     X:    -3.1477      Y:     5.6201      Z:    -7.8084

  Dipole Moment: [e a0]
     X:     1.1954      Y:    -7.2443      Z:    -0.2612     Total:     7.3469

  Dipole Moment: [D]
     X:     3.0384      Y:   -18.4132      Z:    -0.6639     Total:    18.6740


*** tstop() called on aliaconda at Sun Mar 20 06:32:50 2022
Module time:
	user time   =     312.41 seconds =       5.21 minutes
	system time =      38.63 seconds =       0.64 minutes
	total time  =         14 seconds =       0.23 minutes
Total time:
	user time   =  127361.69 seconds =    2122.69 minutes
	system time =   17936.73 seconds =     298.95 minutes
	total time  =       7753 seconds =     129.22 minutes

  //>>>>>>>>>>>>>>>>>>>>>>>>>>>>>>>>>>>//
  //            Monomer A HF           //
  //<<<<<<<<<<<<<<<<<<<<<<<<<<<<<<<<<<<//


*** tstart() called on aliaconda
*** at Sun Mar 20 06:32:50 2022

   => Loading Basis Set <=

    Name: JUN-CC-PVDZ
    Role: ORBITAL
    Keyword: BASIS
    atoms 1, 14                                          entry N          line   198 file /home/alia/anaconda3/envs/mddemo/share/psi4/basis/jun-cc-pvdz.gbs 
    atoms 2-4, 6, 8-10, 13, 15-17, 19, 21, 23, 25-27, 30 entry H          line    36 file /home/alia/anaconda3/envs/mddemo/share/psi4/basis/jun-cc-pvdz.gbs 
    atoms 5, 7, 11, 18, 20, 24, 28                       entry C          line   164 file /home/alia/anaconda3/envs/mddemo/share/psi4/basis/jun-cc-pvdz.gbs 
    atoms 12, 22, 29                                     entry O          line   232 file /home/alia/anaconda3/envs/mddemo/share/psi4/basis/jun-cc-pvdz.gbs 


         ---------------------------------------------------------
                                   SCF
               by Justin Turney, Rob Parrish, Andy Simmonett
                          and Daniel G. A. Smith
                              RHF Reference
                       32 Threads,  76293 MiB Core
         ---------------------------------------------------------

  ==> Geometry <==

    Molecular point group: c1
    Full point group: C1

    Geometry (in Angstrom), charge = 1, multiplicity = 1:

       Center              X                  Y                   Z               Mass       
    ------------   -----------------  -----------------  -----------------  -----------------
         N           -0.568647789476    -6.685746797563    -1.461381498776    14.003074004430
         H           -1.227647709368    -6.850746997835    -0.466381613217     1.007825032230
         H           -1.457647728441    -6.735746988298    -2.271381441555     1.007825032230
         H            0.018352103712    -7.474746831896    -1.552381578884     1.007825032230
         C            0.094352317335    -5.407746919634    -1.449381414852    12.000000000000
         H           -0.450647758959    -4.694747098924    -0.791381422482     1.007825032230
         C            1.426352096083    -5.537747034075    -0.732381407223    12.000000000000
         H            2.100352120878    -6.222746976854    -1.190381590328     1.007825032230
         H            1.263352227690    -5.769746908190     0.330618318119     1.007825032230
         H            1.914352250578    -4.507746824266    -0.775381628475     1.007825032230
         C            0.291352344038    -4.857746728899    -2.788381401501    12.000000000000
         O            0.070352149489    -5.531746992113    -3.772381488285    15.994914619570
         H            0.643553328993    -3.822247632982    -2.905411783657     1.007825032230
      Gh(N)           0.781352115156     2.753252855299     0.543618615665    14.003074004430
      Gh(H)           0.796352220061     2.794253221510    -0.661381308041     1.007825032230
      Gh(H)           0.664352250578     1.562252870558     0.666618283787     1.007825032230
      Gh(H)           1.653352094176     3.052252641676     0.849618371525     1.007825032230
      Gh(C)          -0.273647713182     3.633252969740     0.981618341007    12.000000000000
      Gh(H)          -1.217647957323     3.099253526686     0.882618363895     1.007825032230
      Gh(C)          -0.387648033617     4.016253343580     2.446618970432    12.000000000000
      Gh(H)          -1.416647839067     4.431253305434     2.761618550815     1.007825032230
      Gh(O)           0.581352067473     5.032253137587     2.923618253269    15.994914619570
      Gh(H)           1.389352155211     4.531252733229     2.911618169346     1.007825032230
      Gh(C)          -0.135647701738     2.789253107069     3.368618901768    12.000000000000
      Gh(H)           0.844352078917     2.383252969740     3.362618382969     1.007825032230
      Gh(H)          -0.865647720812     2.042253366469     2.971618588962     1.007825032230
      Gh(H)          -0.436647819994     3.105253091810     4.380618985691     1.007825032230
      Gh(C)          -0.450647758959     4.831252923964     0.007618363895    12.000000000000
      Gh(O)          -1.553647922991     5.209253183363    -0.231381479702    15.994914619570
      Gh(H)           0.422929835798     5.318406930922    -0.450141493283     1.007825032230

  Running in c1 symmetry.

  Rotational constants: A =      0.03983  B =      0.00352  C =      0.00335 [cm^-1]
  Rotational constants: A =   1194.00744  B =    105.61511  C =    100.43663 [MHz]
  Nuclear repulsion =  189.647923486109107

  Charge       = 1
  Multiplicity = 1
  Electrons    = 40
  Nalpha       = 20
  Nbeta        = 20

  ==> Algorithm <==

  SCF Algorithm Type is DF.
  DIIS enabled.
  MOM disabled.
  Fractional occupation disabled.
  Guess Type is SAD.
  Energy threshold   = 1.00e-08
  Density threshold  = 1.00e-08
  Integral threshold = 1.00e-12

  ==> Primary Basis <==

  Basis Set: JUN-CC-PVDZ
    Blend: JUN-CC-PVDZ
    Number of shells: 150
    Number of basis functions: 306
    Number of Cartesian functions: 318
    Spherical Harmonics?: true
    Max angular momentum: 2

   => Loading Basis Set <=

    Name: (JUN-CC-PVDZ AUX)
    Role: JKFIT
    Keyword: DF_BASIS_SCF
    atoms 1, 14                                          entry N          line   202 file /home/alia/anaconda3/envs/mddemo/share/psi4/basis/jun-cc-pvdz-jkfit.gbs 
    atoms 2-4, 6, 8-10, 13, 15-17, 19, 21, 23, 25-27, 30 entry H          line    70 file /home/alia/anaconda3/envs/mddemo/share/psi4/basis/jun-cc-pvdz-jkfit.gbs 
    atoms 5, 7, 11, 18, 20, 24, 28                       entry C          line   146 file /home/alia/anaconda3/envs/mddemo/share/psi4/basis/jun-cc-pvdz-jkfit.gbs 
    atoms 12, 22, 29                                     entry O          line   258 file /home/alia/anaconda3/envs/mddemo/share/psi4/basis/jun-cc-pvdz-jkfit.gbs 

  ==> Integral Setup <==

  ==> DiskDFJK: Density-Fitted J/K Matrices <==

    J tasked:                  Yes
    K tasked:                  Yes
    wK tasked:                  No
    OpenMP threads:             32
    Integrals threads:          32
    Memory [MiB]:            57220
    Algorithm:                Core
    Integral Cache:           LOAD
    Schwarz Cutoff:          1E-12
    Fitting Condition:       1E-10

   => Auxiliary Basis Set <=

  Basis Set: (JUN-CC-PVDZ AUX)
    Blend: JUN-CC-PVDZ-JKFIT
    Number of shells: 486
    Number of basis functions: 1362
    Number of Cartesian functions: 1542
    Spherical Harmonics?: true
    Max angular momentum: 3

  Minimum eigenvalue in the overlap matrix is 5.4786132420E-05.
  Reciprocal condition number of the overlap matrix is 4.8115071731E-06.
    Using symmetric orthogonalization.

  ==> Pre-Iterations <==

  SCF Guess: Superposition of Atomic Densities via on-the-fly atomic UHF (no occupation information).

   -------------------------
    Irrep   Nso     Nmo    
   -------------------------
     A        306     306 
   -------------------------
    Total     306     306
   -------------------------

  ==> Iterations <==

                           Total Energy        Delta E     RMS |[F,P]|

   @DF-RHF iter SAD:  -246.95291581081432   -2.46953e+02   0.00000e+00 
   @DF-RHF iter   1:  -247.13230767572784   -1.79392e-01   1.74792e-03 DIIS
   @DF-RHF iter   2:  -247.26325713269927   -1.30949e-01   1.04412e-03 DIIS
   @DF-RHF iter   3:  -247.30207652673158   -3.88194e-02   2.42262e-04 DIIS
   @DF-RHF iter   4:  -247.30555522094045   -3.47869e-03   8.63879e-05 DIIS
   @DF-RHF iter   5:  -247.30600039807439   -4.45177e-04   1.92896e-05 DIIS
   @DF-RHF iter   6:  -247.30604692995675   -4.65319e-05   8.36503e-06 DIIS
   @DF-RHF iter   7:  -247.30605440458356   -7.47463e-06   3.95888e-06 DIIS
   @DF-RHF iter   8:  -247.30605627971977   -1.87514e-06   1.34548e-06 DIIS
   @DF-RHF iter   9:  -247.30605650189869   -2.22179e-07   3.00457e-07 DIIS
   @DF-RHF iter  10:  -247.30605651280234   -1.09036e-08   1.05289e-07 DIIS
   @DF-RHF iter  11:  -247.30605651473488   -1.93253e-09   4.13233e-08 DIIS
   @DF-RHF iter  12:  -247.30605651517823   -4.43350e-10   2.17390e-08 DIIS
   @DF-RHF iter  13:  -247.30605651535006   -1.71838e-10   7.19692e-09 DIIS
  Energy and wave function converged.


  ==> Post-Iterations <==

    Orbital Energies [Eh]
    ---------------------

    Doubly Occupied:                                                      

       1A    -20.750609     2A    -15.927518     3A    -11.522150  
       4A    -11.499588     5A    -11.428753     6A     -1.588142  
       7A     -1.504193     8A     -1.258749     9A     -1.106266  
      10A     -1.014273    11A     -0.958582    12A     -0.926079  
      13A     -0.879485    14A     -0.828695    15A     -0.807397  
      16A     -0.756387    17A     -0.726863    18A     -0.720098  
      19A     -0.678018    20A     -0.615959  

    Virtual:                                                              

      21A     -0.119987    22A     -0.076780    23A     -0.069935  
      24A     -0.048336    25A     -0.048010    26A     -0.030469  
      27A     -0.026580    28A     -0.019691    29A     -0.013444  
      30A     -0.006560    31A     -0.001061    32A      0.001397  
      33A      0.012323    34A      0.012881    35A      0.018101  
      36A      0.029615    37A      0.035098    38A      0.036430  
      39A      0.044146    40A      0.047379    41A      0.051484  
      42A      0.054875    43A      0.057910    44A      0.068435  
      45A      0.071902    46A      0.083809    47A      0.086307  
      48A      0.093882    49A      0.096915    50A      0.103763  
      51A      0.105137    52A      0.110389    53A      0.115886  
      54A      0.123776    55A      0.136818    56A      0.146923  
      57A      0.151530    58A      0.155850    59A      0.159701  
      60A      0.161034    61A      0.166818    62A      0.171042  
      63A      0.176358    64A      0.183558    65A      0.185039  
      66A      0.192808    67A      0.202834    68A      0.216129  
      69A      0.220264    70A      0.228892    71A      0.232315  
      72A      0.242405    73A      0.247597    74A      0.254972  
      75A      0.262037    76A      0.268917    77A      0.270347  
      78A      0.294455    79A      0.303156    80A      0.313195  
      81A      0.321906    82A      0.328714    83A      0.334887  
      84A      0.341161    85A      0.369090    86A      0.370596  
      87A      0.381672    88A      0.385423    89A      0.402068  
      90A      0.442788    91A      0.455417    92A      0.467350  
      93A      0.481413    94A      0.498503    95A      0.503463  
      96A      0.512337    97A      0.538344    98A      0.539148  
      99A      0.552929   100A      0.559355   101A      0.564030  
     102A      0.582186   103A      0.583423   104A      0.586690  
     105A      0.603206   106A      0.614250   107A      0.631337  
     108A      0.653379   109A      0.666356   110A      0.676791  
     111A      0.689191   112A      0.695605   113A      0.699369  
     114A      0.706777   115A      0.708155   116A      0.731167  
     117A      0.744677   118A      0.746343   119A      0.766192  
     120A      0.777361   121A      0.784229   122A      0.790423  
     123A      0.810840   124A      0.815905   125A      0.853825  
     126A      0.856833   127A      0.865259   128A      0.884657  
     129A      0.888966   130A      0.906087   131A      0.919931  
     132A      0.929885   133A      0.938038   134A      0.952916  
     135A      0.962092   136A      0.967901   137A      0.976117  
     138A      1.006537   139A      1.043589   140A      1.105425  
     141A      1.131645   142A      1.152482   143A      1.211479  
     144A      1.212874   145A      1.231079   146A      1.283327  
     147A      1.310710   148A      1.322048   149A      1.344588  
     150A      1.381815   151A      1.411868   152A      1.476487  
     153A      1.497608   154A      1.507111   155A      1.510587  
     156A      1.542496   157A      1.555710   158A      1.579684  
     159A      1.607620   160A      1.618754   161A      1.640008  
     162A      1.651991   163A      1.661309   164A      1.662946  
     165A      1.689980   166A      1.703747   167A      1.715176  
     168A      1.729819   169A      1.732138   170A      1.736323  
     171A      1.745763   172A      1.751339   173A      1.760040  
     174A      1.775562   175A      1.788751   176A      1.816130  
     177A      1.816740   178A      1.829381   179A      1.835177  
     180A      1.836526   181A      1.863578   182A      1.877641  
     183A      1.883882   184A      1.895585   185A      1.902628  
     186A      1.907850   187A      1.923098   188A      1.924985  
     189A      1.939139   190A      1.968192   191A      1.969841  
     192A      1.989459   193A      1.999954   194A      2.022592  
     195A      2.037881   196A      2.038523   197A      2.040203  
     198A      2.046481   199A      2.068454   200A      2.092114  
     201A      2.102732   202A      2.134722   203A      2.148060  
     204A      2.156129   205A      2.160138   206A      2.181375  
     207A      2.197875   208A      2.202145   209A      2.211922  
     210A      2.226345   211A      2.233449   212A      2.233674  
     213A      2.276780   214A      2.303280   215A      2.319578  
     216A      2.327161   217A      2.356073   218A      2.379663  
     219A      2.391201   220A      2.400504   221A      2.404632  
     222A      2.413396   223A      2.424923   224A      2.443208  
     225A      2.447116   226A      2.475775   227A      2.500230  
     228A      2.547549   229A      2.549671   230A      2.557570  
     231A      2.572963   232A      2.588659   233A      2.610698  
     234A      2.650291   235A      2.658845   236A      2.671088  
     237A      2.675006   238A      2.680653   239A      2.713300  
     240A      2.722200   241A      2.734411   242A      2.768953  
     243A      2.789003   244A      2.803826   245A      2.808352  
     246A      2.883020   247A      2.899042   248A      2.904026  
     249A      2.920482   250A      2.962454   251A      2.967484  
     252A      2.984058   253A      3.031861   254A      3.068187  
     255A      3.092625   256A      3.134702   257A      3.150467  
     258A      3.191451   259A      3.282834   260A      3.299069  
     261A      3.317504   262A      3.386823   263A      3.435258  
     264A      3.508972   265A      3.544393   266A      3.612134  
     267A      3.614140   268A      3.651138   269A      3.789585  
     270A      3.808117   271A      3.918073   272A      3.979606  
     273A      4.036031   274A      4.185747   275A      4.203570  
     276A      4.325256   277A      4.429993   278A      4.453701  
     279A      4.521818   280A      4.575322   281A      4.647109  
     282A      4.691883   283A      4.727879   284A      4.821695  
     285A      4.844822   286A      4.909887   287A      4.933817  
     288A      5.004077   289A      5.156036   290A      5.163043  
     291A      5.220336   292A      5.491591   293A      5.564588  
     294A      5.632698   295A      5.807440   296A      5.927992  
     297A      6.089858   298A      6.862746   299A      6.889071  
     300A     18.154760   301A     18.327925   302A     18.433099  
     303A     18.587496   304A     25.332670   305A     33.451291  
     306A     33.467689  

    Final Occupation by Irrep:
              A 
    DOCC [    20 ]

  @DF-RHF Final Energy:  -247.30605651535006

   => Energetics <=

    Nuclear Repulsion Energy =            189.6479234861091072
    One-Electron Energy =                -702.9123485370033677
    Two-Electron Energy =                 265.9583685355441958
    Total Energy =                       -247.3060565153500647

Computation Completed


Properties will be evaluated at   0.000000,   0.000000,   0.000000 [a0]

Properties computed using the SCF density matrix

  Nuclear Dipole Moment: [e a0]
     X:    19.3860      Y:  -438.3260      Z:  -150.8978

  Electronic Dipole Moment: [e a0]
     X:   -20.0225      Y:   426.7735      Z:   149.2545

  Dipole Moment: [e a0]
     X:    -0.6365      Y:   -11.5525      Z:    -1.6433     Total:    11.6861

  Dipole Moment: [D]
     X:    -1.6179      Y:   -29.3635      Z:    -4.1769     Total:    29.7031


*** tstop() called on aliaconda at Sun Mar 20 06:32:59 2022
Module time:
	user time   =     179.83 seconds =       3.00 minutes
	system time =      18.86 seconds =       0.31 minutes
	total time  =          9 seconds =       0.15 minutes
Total time:
	user time   =  127541.67 seconds =    2125.69 minutes
	system time =   17955.63 seconds =     299.26 minutes
	total time  =       7762 seconds =     129.37 minutes

  //>>>>>>>>>>>>>>>>>>>>>>>>>>>>>>>>>>>//
  //            Monomer B HF           //
  //<<<<<<<<<<<<<<<<<<<<<<<<<<<<<<<<<<<//


*** tstart() called on aliaconda
*** at Sun Mar 20 06:32:59 2022

   => Loading Basis Set <=

    Name: JUN-CC-PVDZ
    Role: ORBITAL
    Keyword: BASIS
    atoms 1, 14                                          entry N          line   198 file /home/alia/anaconda3/envs/mddemo/share/psi4/basis/jun-cc-pvdz.gbs 
    atoms 2-4, 6, 8-10, 13, 15-17, 19, 21, 23, 25-27, 30 entry H          line    36 file /home/alia/anaconda3/envs/mddemo/share/psi4/basis/jun-cc-pvdz.gbs 
    atoms 5, 7, 11, 18, 20, 24, 28                       entry C          line   164 file /home/alia/anaconda3/envs/mddemo/share/psi4/basis/jun-cc-pvdz.gbs 
    atoms 12, 22, 29                                     entry O          line   232 file /home/alia/anaconda3/envs/mddemo/share/psi4/basis/jun-cc-pvdz.gbs 


         ---------------------------------------------------------
                                   SCF
               by Justin Turney, Rob Parrish, Andy Simmonett
                          and Daniel G. A. Smith
                              RHF Reference
                       32 Threads,  76293 MiB Core
         ---------------------------------------------------------

  ==> Geometry <==

    Molecular point group: c1
    Full point group: C1

    Geometry (in Angstrom), charge = 1, multiplicity = 1:

       Center              X                  Y                   Z               Mass       
    ------------   -----------------  -----------------  -----------------  -----------------
      Gh(N)          -0.568647789476    -6.685746797563    -1.461381498776    14.003074004430
      Gh(H)          -1.227647709368    -6.850746997835    -0.466381613217     1.007825032230
      Gh(H)          -1.457647728441    -6.735746988298    -2.271381441555     1.007825032230
      Gh(H)           0.018352103712    -7.474746831896    -1.552381578884     1.007825032230
      Gh(C)           0.094352317335    -5.407746919634    -1.449381414852    12.000000000000
      Gh(H)          -0.450647758959    -4.694747098924    -0.791381422482     1.007825032230
      Gh(C)           1.426352096083    -5.537747034075    -0.732381407223    12.000000000000
      Gh(H)           2.100352120878    -6.222746976854    -1.190381590328     1.007825032230
      Gh(H)           1.263352227690    -5.769746908190     0.330618318119     1.007825032230
      Gh(H)           1.914352250578    -4.507746824266    -0.775381628475     1.007825032230
      Gh(C)           0.291352344038    -4.857746728899    -2.788381401501    12.000000000000
      Gh(O)           0.070352149489    -5.531746992113    -3.772381488285    15.994914619570
      Gh(H)           0.643553328993    -3.822247632982    -2.905411783657     1.007825032230
         N            0.781352115156     2.753252855299     0.543618615665    14.003074004430
         H            0.796352220061     2.794253221510    -0.661381308041     1.007825032230
         H            0.664352250578     1.562252870558     0.666618283787     1.007825032230
         H            1.653352094176     3.052252641676     0.849618371525     1.007825032230
         C           -0.273647713182     3.633252969740     0.981618341007    12.000000000000
         H           -1.217647957323     3.099253526686     0.882618363895     1.007825032230
         C           -0.387648033617     4.016253343580     2.446618970432    12.000000000000
         H           -1.416647839067     4.431253305434     2.761618550815     1.007825032230
         O            0.581352067473     5.032253137587     2.923618253269    15.994914619570
         H            1.389352155211     4.531252733229     2.911618169346     1.007825032230
         C           -0.135647701738     2.789253107069     3.368618901768    12.000000000000
         H            0.844352078917     2.383252969740     3.362618382969     1.007825032230
         H           -0.865647720812     2.042253366469     2.971618588962     1.007825032230
         H           -0.436647819994     3.105253091810     4.380618985691     1.007825032230
         C           -0.450647758959     4.831252923964     0.007618363895    12.000000000000
         O           -1.553647922991     5.209253183363    -0.231381479702    15.994914619570
         H            0.422929835798     5.318406930922    -0.450141493283     1.007825032230

  Running in c1 symmetry.

  Rotational constants: A =      0.03983  B =      0.00352  C =      0.00335 [cm^-1]
  Rotational constants: A =   1194.00744  B =    105.61511  C =    100.43663 [MHz]
  Nuclear repulsion =  328.284394204353362

  Charge       = 1
  Multiplicity = 1
  Electrons    = 56
  Nalpha       = 28
  Nbeta        = 28

  ==> Algorithm <==

  SCF Algorithm Type is DF.
  DIIS enabled.
  MOM disabled.
  Fractional occupation disabled.
  Guess Type is SAD.
  Energy threshold   = 1.00e-08
  Density threshold  = 1.00e-08
  Integral threshold = 1.00e-12

  ==> Primary Basis <==

  Basis Set: JUN-CC-PVDZ
    Blend: JUN-CC-PVDZ
    Number of shells: 150
    Number of basis functions: 306
    Number of Cartesian functions: 318
    Spherical Harmonics?: true
    Max angular momentum: 2

   => Loading Basis Set <=

    Name: (JUN-CC-PVDZ AUX)
    Role: JKFIT
    Keyword: DF_BASIS_SCF
    atoms 1, 14                                          entry N          line   202 file /home/alia/anaconda3/envs/mddemo/share/psi4/basis/jun-cc-pvdz-jkfit.gbs 
    atoms 2-4, 6, 8-10, 13, 15-17, 19, 21, 23, 25-27, 30 entry H          line    70 file /home/alia/anaconda3/envs/mddemo/share/psi4/basis/jun-cc-pvdz-jkfit.gbs 
    atoms 5, 7, 11, 18, 20, 24, 28                       entry C          line   146 file /home/alia/anaconda3/envs/mddemo/share/psi4/basis/jun-cc-pvdz-jkfit.gbs 
    atoms 12, 22, 29                                     entry O          line   258 file /home/alia/anaconda3/envs/mddemo/share/psi4/basis/jun-cc-pvdz-jkfit.gbs 

  ==> Integral Setup <==

  ==> DiskDFJK: Density-Fitted J/K Matrices <==

    J tasked:                  Yes
    K tasked:                  Yes
    wK tasked:                  No
    OpenMP threads:             32
    Integrals threads:          32
    Memory [MiB]:            57220
    Algorithm:                Core
    Integral Cache:           LOAD
    Schwarz Cutoff:          1E-12
    Fitting Condition:       1E-10

   => Auxiliary Basis Set <=

  Basis Set: (JUN-CC-PVDZ AUX)
    Blend: JUN-CC-PVDZ-JKFIT
    Number of shells: 486
    Number of basis functions: 1362
    Number of Cartesian functions: 1542
    Spherical Harmonics?: true
    Max angular momentum: 3

  Minimum eigenvalue in the overlap matrix is 5.4786132420E-05.
  Reciprocal condition number of the overlap matrix is 4.8115071731E-06.
    Using symmetric orthogonalization.

  ==> Pre-Iterations <==

  SCF Guess: Superposition of Atomic Densities via on-the-fly atomic UHF (no occupation information).

   -------------------------
    Irrep   Nso     Nmo    
   -------------------------
     A        306     306 
   -------------------------
    Total     306     306
   -------------------------

  ==> Iterations <==

                           Total Energy        Delta E     RMS |[F,P]|

   @DF-RHF iter SAD:  -360.57574423335916   -3.60576e+02   0.00000e+00 
   @DF-RHF iter   1:  -360.90025148136317   -3.24507e-01   2.21085e-03 DIIS
   @DF-RHF iter   2:  -361.09266060172314   -1.92409e-01   1.38192e-03 DIIS
   @DF-RHF iter   3:  -361.15865507774140   -6.59945e-02   2.84855e-04 DIIS
   @DF-RHF iter   4:  -361.16333550172283   -4.68042e-03   1.03891e-04 DIIS
   @DF-RHF iter   5:  -361.16395606710319   -6.20565e-04   2.53871e-05 DIIS
   @DF-RHF iter   6:  -361.16401603318405   -5.99661e-05   1.20294e-05 DIIS
   @DF-RHF iter   7:  -361.16402937860545   -1.33454e-05   4.81705e-06 DIIS
   @DF-RHF iter   8:  -361.16403227546442   -2.89686e-06   1.97099e-06 DIIS
   @DF-RHF iter   9:  -361.16403277676915   -5.01305e-07   5.97019e-07 DIIS
   @DF-RHF iter  10:  -361.16403283641688   -5.96477e-08   2.41115e-07 DIIS
   @DF-RHF iter  11:  -361.16403284919875   -1.27819e-08   1.16604e-07 DIIS
   @DF-RHF iter  12:  -361.16403285294030   -3.74155e-09   5.98228e-08 DIIS
   @DF-RHF iter  13:  -361.16403285405323   -1.11294e-09   2.53363e-08 DIIS
   @DF-RHF iter  14:  -361.16403285422899   -1.75760e-10   7.10235e-09 DIIS
  Energy and wave function converged.


  ==> Post-Iterations <==

    Orbital Energies [Eh]
    ---------------------

    Doubly Occupied:                                                      

       1A    -20.748219     2A    -20.728265     3A    -15.948701  
       4A    -11.522509     5A    -11.498840     6A    -11.483404  
       7A    -11.398456     8A     -1.590768     9A     -1.534057  
      10A     -1.513204    11A     -1.245584    12A     -1.154961  
      13A     -1.025930    14A     -1.015800    15A     -0.973225  
      16A     -0.914515    17A     -0.905024    18A     -0.839284  
      19A     -0.815393    20A     -0.809430    21A     -0.776709  
      22A     -0.751596    23A     -0.715604    24A     -0.695380  
      25A     -0.683216    26A     -0.657417    27A     -0.621063  
      28A     -0.591087  

    Virtual:                                                              

      29A     -0.138284    30A     -0.087958    31A     -0.074305  
      32A     -0.055279    33A     -0.044741    34A     -0.033743  
      35A     -0.030347    36A     -0.025365    37A     -0.020535  
      38A     -0.012908    39A     -0.007608    40A     -0.003541  
      41A      0.001178    42A      0.004513    43A      0.010077  
      44A      0.018120    45A      0.026930    46A      0.029360  
      47A      0.040421    48A      0.043391    49A      0.044317  
      50A      0.047286    51A      0.048516    52A      0.056544  
      53A      0.057363    54A      0.065440    55A      0.070787  
      56A      0.081914    57A      0.095787    58A      0.099117  
      59A      0.104281    60A      0.107657    61A      0.110306  
      62A      0.115740    63A      0.125091    64A      0.130811  
      65A      0.136505    66A      0.146204    67A      0.147624  
      68A      0.152127    69A      0.154789    70A      0.162666  
      71A      0.168761    72A      0.170848    73A      0.176376  
      74A      0.183104    75A      0.193504    76A      0.197621  
      77A      0.199760    78A      0.208207    79A      0.211472  
      80A      0.215109    81A      0.234409    82A      0.240124  
      83A      0.248605    84A      0.259610    85A      0.266123  
      86A      0.269917    87A      0.286502    88A      0.288943  
      89A      0.299988    90A      0.304687    91A      0.318437  
      92A      0.319864    93A      0.332301    94A      0.347849  
      95A      0.360565    96A      0.363724    97A      0.366061  
      98A      0.377230    99A      0.381766   100A      0.392260  
     101A      0.416399   102A      0.424814   103A      0.457961  
     104A      0.472344   105A      0.510390   106A      0.526628  
     107A      0.535580   108A      0.551036   109A      0.560830  
     110A      0.562541   111A      0.593940   112A      0.597798  
     113A      0.604382   114A      0.619875   115A      0.626651  
     116A      0.628169   117A      0.656595   118A      0.661465  
     119A      0.678707   120A      0.688100   121A      0.696882  
     122A      0.706109   123A      0.723619   124A      0.746256  
     125A      0.751257   126A      0.754776   127A      0.764562  
     128A      0.770561   129A      0.783861   130A      0.790108  
     131A      0.795331   132A      0.808013   133A      0.834719  
     134A      0.838212   135A      0.842416   136A      0.872279  
     137A      0.873729   138A      0.891037   139A      0.895742  
     140A      0.900181   141A      0.931436   142A      0.936467  
     143A      0.937116   144A      0.961491   145A      0.976687  
     146A      1.000720   147A      1.033269   148A      1.089083  
     149A      1.154376   150A      1.166329   151A      1.186233  
     152A      1.205784   153A      1.231932   154A      1.257942  
     155A      1.278782   156A      1.323492   157A      1.341403  
     158A      1.351930   159A      1.367707   160A      1.378459  
     161A      1.404199   162A      1.425659   163A      1.456285  
     164A      1.461084   165A      1.478581   166A      1.484887  
     167A      1.500454   168A      1.516957   169A      1.543843  
     170A      1.548157   171A      1.588188   172A      1.596444  
     173A      1.611997   174A      1.614426   175A      1.635416  
     176A      1.662281   177A      1.664720   178A      1.679038  
     179A      1.680724   180A      1.689987   181A      1.694466  
     182A      1.708727   183A      1.716082   184A      1.749292  
     185A      1.760501   186A      1.769073   187A      1.785468  
     188A      1.789401   189A      1.808855   190A      1.810177  
     191A      1.816106   192A      1.830242   193A      1.832072  
     194A      1.854032   195A      1.866704   196A      1.874126  
     197A      1.895827   198A      1.900973   199A      1.907842  
     200A      1.932714   201A      1.941188   202A      1.953151  
     203A      1.968729   204A      1.979651   205A      1.995814  
     206A      2.000944   207A      2.010284   208A      2.021131  
     209A      2.022344   210A      2.030122   211A      2.052993  
     212A      2.060072   213A      2.070891   214A      2.086719  
     215A      2.116177   216A      2.132871   217A      2.139729  
     218A      2.152496   219A      2.159386   220A      2.167688  
     221A      2.188184   222A      2.209980   223A      2.222530  
     224A      2.234727   225A      2.251388   226A      2.297453  
     227A      2.302990   228A      2.329015   229A      2.330389  
     230A      2.361993   231A      2.396430   232A      2.398651  
     233A      2.407335   234A      2.422946   235A      2.435748  
     236A      2.442958   237A      2.450558   238A      2.468999  
     239A      2.475909   240A      2.523692   241A      2.543621  
     242A      2.581167   243A      2.590325   244A      2.600717  
     245A      2.628112   246A      2.649292   247A      2.670563  
     248A      2.686538   249A      2.692793   250A      2.693465  
     251A      2.712096   252A      2.724350   253A      2.744777  
     254A      2.772019   255A      2.789529   256A      2.818703  
     257A      2.845653   258A      2.853835   259A      2.901826  
     260A      2.908382   261A      2.938103   262A      2.979013  
     263A      3.044360   264A      3.075510   265A      3.124767  
     266A      3.140946   267A      3.171939   268A      3.174836  
     269A      3.193227   270A      3.236495   271A      3.305891  
     272A      3.318134   273A      3.336081   274A      3.438827  
     275A      3.480024   276A      3.487522   277A      3.593528  
     278A      3.597345   279A      3.699446   280A      3.840338  
     281A      3.853642   282A      3.965180   283A      3.997759  
     284A      4.018634   285A      4.158013   286A      4.193408  
     287A      4.297563   288A      4.473505   289A      4.609462  
     290A      4.699563   291A      4.795892   292A      4.802919  
     293A      4.864865   294A      4.996084   295A      5.173900  
     296A      5.192785   297A      5.492842   298A      5.552355  
     299A      5.771184   300A      5.992153   301A      6.769413  
     302A     18.150555   303A     18.369004   304A     18.607854  
     305A     25.334563   306A     33.436778  

    Final Occupation by Irrep:
              A 
    DOCC [    28 ]

  @DF-RHF Final Energy:  -361.16403285422899

   => Energetics <=

    Nuclear Repulsion Energy =            328.2843942043533616
    One-Electron Energy =               -1132.5815678755054705
    Two-Electron Energy =                 443.1331408169231167
    Total Energy =                       -361.1640328542289922

Computation Completed


Properties will be evaluated at   0.000000,   0.000000,   0.000000 [a0]

Properties computed using the SCF density matrix

  Nuclear Dipole Moment: [e a0]
     X:   -15.0429      Y:   425.4616      Z:   158.4450

  Electronic Dipole Moment: [e a0]
     X:    16.9104      Y:  -421.1497      Z:  -157.0451

  Dipole Moment: [e a0]
     X:     1.8675      Y:     4.3119      Z:     1.3999     Total:     4.9031

  Dipole Moment: [D]
     X:     4.7466      Y:    10.9598      Z:     3.5582     Total:    12.4623


*** tstop() called on aliaconda at Sun Mar 20 06:33:09 2022
Module time:
	user time   =     213.50 seconds =       3.56 minutes
	system time =      23.93 seconds =       0.40 minutes
	total time  =         10 seconds =       0.17 minutes
Total time:
	user time   =  127755.27 seconds =    2129.25 minutes
	system time =   17979.58 seconds =     299.66 minutes
	total time  =       7772 seconds =     129.53 minutes
  Constructing Basis Sets for SAPT...

   => Loading Basis Set <=

    Name: (JUN-CC-PVDZ AUX)
    Role: RIFIT
    Keyword: DF_BASIS_SAPT
    atoms 1, 14                                          entry N          line   144 file /home/alia/anaconda3/envs/mddemo/share/psi4/basis/jun-cc-pvdz-ri.gbs 
    atoms 2-4, 6, 8-10, 13, 15-17, 19, 21, 23, 25-27, 30 entry H          line    30 file /home/alia/anaconda3/envs/mddemo/share/psi4/basis/jun-cc-pvdz-ri.gbs 
    atoms 5, 7, 11, 18, 20, 24, 28                       entry C          line   100 file /home/alia/anaconda3/envs/mddemo/share/psi4/basis/jun-cc-pvdz-ri.gbs 
    atoms 12, 22, 29                                     entry O          line   188 file /home/alia/anaconda3/envs/mddemo/share/psi4/basis/jun-cc-pvdz-ri.gbs 


  //>>>>>>>>>>>>>>>>>>>>>>>>>>>>>>>>>>>//
  //               SAPT0               //
  //<<<<<<<<<<<<<<<<<<<<<<<<<<<<<<<<<<<//


*** tstart() called on aliaconda
*** at Sun Mar 20 06:33:09 2022

        SAPT0  
    Ed Hohenstein
     6 June 2009

      Orbital Information
  --------------------------
    NSO        =       306
    NMO        =       306
    NRI        =      1032
    NOCC A     =        20
    NOCC B     =        28
    FOCC A     =         0
    FOCC B     =         0
    NVIR A     =       286
    NVIR B     =       278

    Elst10,r            =     0.061368853773 [Eh]
    Exch10              =    -0.000000011433 [Eh]
    Exch10 (S^2)        =    -0.000000011433 [Eh]

    Iter     Energy [mEh]          dE [mEh]         Residual      Time [s]
       1      -0.31503934       0.315039338       5.325023782             1
       2      -0.30914194      -0.005897398       1.775257225             1
       3      -0.33690479       0.027762848       0.613907301             2
       4      -0.34272729       0.005822501       0.175549623             2
       5      -0.34176044      -0.000966847       0.095769486             3
       6      -0.34119855      -0.000561888       0.025795031             4
       7      -0.34136544       0.000166887       0.007323326             4
       8      -0.34138270       0.000017265       0.002357457             5
       9      -0.34137261      -0.000010093       0.001213661             5
      10      -0.34137089      -0.000001718       0.000544169             6
      11      -0.34137328       0.000002382       0.000186291             7
      12      -0.34137317      -0.000000102       0.000049967             7
      13      -0.34137300      -0.000000171       0.000012599             8
      14      -0.34137300      -0.000000002       0.000003155             8
      15      -0.34137301       0.000000010       0.000000798             9

    CHF Iterations converged


    Iter     Energy [mEh]          dE [mEh]         Residual      Time [s]
       1      -0.20884288       0.208842879       3.449967423             1
       2      -0.21629877       0.007455887       1.466065388             1
       3      -0.23346431       0.017165545       0.494490886             2
       4      -0.23661839       0.003154075       0.125170831             2
       5      -0.23609731      -0.000521079       0.066563946             3
       6      -0.23576038      -0.000336924       0.019660077             4
       7      -0.23578992       0.000029541       0.008954683             4
       8      -0.23583293       0.000043006       0.002610449             5
       9      -0.23582913      -0.000003799       0.001015395             6
      10      -0.23582546      -0.000003674       0.000379547             6
      11      -0.23582626       0.000000804       0.000198525             7
      12      -0.23582668       0.000000417       0.000089445             7
      13      -0.23582646      -0.000000214       0.000033378             8
      14      -0.23582641      -0.000000057       0.000010213             9
      15      -0.23582643       0.000000019       0.000003288             9
      16      -0.23582643       0.000000006       0.000000861            10

    CHF Iterations converged

    Ind20,r (A<-B)      =    -0.000341373013 [Eh]
    Ind20,r (B<-A)      =    -0.000235826432 [Eh]
    Ind20,r             =    -0.000577199445 [Eh]
    Exch-Ind20,r (A<-B) =     0.000000001042 [Eh]
    Exch-Ind20,r (B<-A) =     0.000000001219 [Eh]
    Exch-Ind20,r        =     0.000000002260 [Eh]
    Disp20              =    -0.000039789276 [Eh]
    Disp20 (SS)         =    -0.000019894638 [Eh]
    Disp20 (OS)         =    -0.000019894638 [Eh]
    Exch-Disp20         =     0.000000001300 [Eh]
    Exch-Disp20 (SS)    =     0.000000000982 [Eh]
    Exch-Disp20 (OS)    =     0.000000000319 [Eh]

    SAPT Results 
  --------------------------------------------------------------------------------------------------------
    Electrostatics                 61.36885377 [mEh]      38.50953714 [kcal/mol]     161.12390338 [kJ/mol]
      Elst10,r                     61.36885377 [mEh]      38.50953714 [kcal/mol]     161.12390338 [kJ/mol]

    Exchange                       -0.00001143 [mEh]      -0.00000717 [kcal/mol]      -0.00003002 [kJ/mol]
      Exch10                       -0.00001143 [mEh]      -0.00000717 [kcal/mol]      -0.00003002 [kJ/mol]
      Exch10(S^2)                  -0.00001143 [mEh]      -0.00000717 [kcal/mol]      -0.00003002 [kJ/mol]

    Induction                      -0.56988908 [mEh]      -0.35761079 [kcal/mol]      -1.49624356 [kJ/mol]
      Ind20,r                      -0.57719944 [mEh]      -0.36219812 [kcal/mol]      -1.51543693 [kJ/mol]
      Exch-Ind20,r                  0.00000226 [mEh]       0.00000142 [kcal/mol]       0.00000593 [kJ/mol]
      delta HF,r (2)                0.00730811 [mEh]       0.00458591 [kcal/mol]       0.01918744 [kJ/mol]

    Dispersion                     -0.03978798 [mEh]      -0.02496733 [kcal/mol]      -0.10446331 [kJ/mol]
      Disp20                       -0.03978928 [mEh]      -0.02496815 [kcal/mol]      -0.10446673 [kJ/mol]
      Exch-Disp20                   0.00000130 [mEh]       0.00000082 [kcal/mol]       0.00000341 [kJ/mol]
      Disp20 (SS)                  -0.01989464 [mEh]      -0.01248407 [kcal/mol]      -0.05223336 [kJ/mol]
      Disp20 (OS)                  -0.01989464 [mEh]      -0.01248407 [kcal/mol]      -0.05223336 [kJ/mol]
      Exch-Disp20 (SS)              0.00000098 [mEh]       0.00000062 [kcal/mol]       0.00000258 [kJ/mol]
      Exch-Disp20 (OS)              0.00000032 [mEh]       0.00000020 [kcal/mol]       0.00000084 [kJ/mol]

  Total HF                         60.79895327 [mEh]      38.15191917 [kcal/mol]     159.62762981 [kJ/mol]
  Total SAPT0                      60.75916529 [mEh]      38.12695184 [kcal/mol]     159.52316649 [kJ/mol]

  Special recipe for scaled SAPT0 (see Manual):
    Electrostatics sSAPT0          61.36885377 [mEh]      38.50953714 [kcal/mol]     161.12390338 [kJ/mol]
    Exchange sSAPT0                -0.00001143 [mEh]      -0.00000717 [kcal/mol]      -0.00003002 [kJ/mol]
    Induction sSAPT0               -0.56988908 [mEh]      -0.35761079 [kcal/mol]      -1.49624356 [kJ/mol]
    Dispersion sSAPT0              -0.03978798 [mEh]      -0.02496733 [kcal/mol]      -0.10446331 [kJ/mol]
  Total sSAPT0                     60.75916529 [mEh]      38.12695184 [kcal/mol]     159.52316649 [kJ/mol]
  --------------------------------------------------------------------------------------------------------

*** tstop() called on aliaconda at Sun Mar 20 06:33:58 2022
Module time:
	user time   =     697.48 seconds =      11.62 minutes
	system time =     124.05 seconds =       2.07 minutes
	total time  =         49 seconds =       0.82 minutes
Total time:
	user time   =  128455.38 seconds =    2140.92 minutes
	system time =   18104.07 seconds =     301.73 minutes
	total time  =       7821 seconds =     130.35 minutes


Warning! sapt0 does not have an associated derived wavefunction.The returned wavefunction is the dimer SCF wavefunction.


  Memory set to  74.506 GiB by Python driver.
  Threads set to 32 by Python driver.
