
Scratch directory: /tmp/

Scratch directory: /tmp/

  //>>>>>>>>>>>>>>>>>>>>>>>>>>>>>>>>>>>//
  //              Dimer HF             //
  //<<<<<<<<<<<<<<<<<<<<<<<<<<<<<<<<<<<//


*** tstart() called on aliaconda
*** at Sun Mar 20 06:50:47 2022

   => Loading Basis Set <=

    Name: JUN-CC-PVDZ
    Role: ORBITAL
    Keyword: BASIS
    atoms 1, 14                                          entry N          line   198 file /home/alia/anaconda3/envs/mddemo/share/psi4/basis/jun-cc-pvdz.gbs 
    atoms 2-4, 6, 8-10, 13, 15-17, 19, 21, 23, 25-27, 30 entry H          line    36 file /home/alia/anaconda3/envs/mddemo/share/psi4/basis/jun-cc-pvdz.gbs 
    atoms 5, 7, 11, 18, 20, 24, 28                       entry C          line   164 file /home/alia/anaconda3/envs/mddemo/share/psi4/basis/jun-cc-pvdz.gbs 
    atoms 12, 22, 29                                     entry O          line   232 file /home/alia/anaconda3/envs/mddemo/share/psi4/basis/jun-cc-pvdz.gbs 


         ---------------------------------------------------------
                                   SCF
               by Justin Turney, Rob Parrish, Andy Simmonett
                          and Daniel G. A. Smith
                              RHF Reference
                       32 Threads,  76293 MiB Core
         ---------------------------------------------------------

  ==> Geometry <==

    Molecular point group: c1
    Full point group: C1

    Geometry (in Angstrom), charge = 2, multiplicity = 1:

       Center              X                  Y                   Z               Mass       
    ------------   -----------------  -----------------  -----------------  -----------------
         N           -0.571931798298    -6.387984922772    -1.092946687580    14.003074004430
         H           -1.412931878407    -6.330985000973    -0.229946771503     1.007825032230
         H           -1.279931981404    -6.732984951382    -2.001946845890     1.007825032230
         H           -0.037931878407    -7.236985138302    -0.814946809650     1.007825032230
         C            0.018067877453    -5.148984840756    -1.217946687580    12.000000000000
         H           -0.579932172139    -4.423984936123    -0.770946660877     1.007825032230
         C            1.466068070095    -5.159984997158    -0.664946714283    12.000000000000
         H            2.153068106334    -5.935985020046    -1.256946721912     1.007825032230
         H            1.452068131130    -5.414985111599     0.435053190350     1.007825032230
         H            1.935067932766    -4.142984798794    -0.823946634174     1.007825032230
         C            0.070067923229    -4.787985256558    -2.726946750523    12.000000000000
         O            0.130067866008    -5.686984947567    -3.591946760059    15.994914619570
         H            0.053951304119    -3.732608726864    -3.036656537891     1.007825032230
         N            0.864068072002     2.743015357609     0.377053102612    14.003074004430
         H            0.979068081539     1.553014823551     0.507053217052     1.007825032230
         H            0.851068060558     2.793014594669    -0.824946561695     1.007825032230
         H            1.687068026226     3.241014548893     0.710053285717     1.007825032230
         C           -0.315931756337     3.379015037174     0.895053228497    12.000000000000
         H           -1.130931813557     2.642014571781     0.870053133129     1.007825032230
         C           -0.232932050068     3.886015006657     2.367053350567    12.000000000000
         H           -1.204932172139     4.192014762516     2.676053365826     1.007825032230
         O            0.628068010967     5.036014625187     2.517052969097    15.994914619570
         H            1.583067934673     4.811015197391     2.586053213238     1.007825032230
         C            0.164068262737     2.832015105839     3.353053411602    12.000000000000
         H            1.210068028133     2.499014922733     3.061053594707     1.007825032230
         H           -0.524931866963     1.983015128727     3.346053442120     1.007825032230
         H            0.253068010967     3.322014876957     4.328052839397     1.007825032230
         C           -0.633932072956     4.624014922733     0.029053053020    12.000000000000
         O           -1.803932149250     4.855014869327    -0.360946813465    15.994914619570
         H            0.176638167064     5.314333984012    -0.247416654469     1.007825032230

  Running in c1 symmetry.

  Rotational constants: A =      0.03965  B =      0.00378  C =      0.00359 [cm^-1]
  Rotational constants: A =   1188.54970  B =    113.19075  C =    107.63372 [MHz]
  Nuclear repulsion =  640.772590009557689

  Charge       = 2
  Multiplicity = 1
  Electrons    = 96
  Nalpha       = 48
  Nbeta        = 48

  ==> Algorithm <==

  SCF Algorithm Type is DF.
  DIIS enabled.
  MOM disabled.
  Fractional occupation disabled.
  Guess Type is SAD.
  Energy threshold   = 1.00e-08
  Density threshold  = 1.00e-08
  Integral threshold = 1.00e-12

  ==> Primary Basis <==

  Basis Set: JUN-CC-PVDZ
    Blend: JUN-CC-PVDZ
    Number of shells: 150
    Number of basis functions: 306
    Number of Cartesian functions: 318
    Spherical Harmonics?: true
    Max angular momentum: 2

   => Loading Basis Set <=

    Name: (JUN-CC-PVDZ AUX)
    Role: JKFIT
    Keyword: DF_BASIS_SCF
    atoms 1, 14                                          entry N          line   202 file /home/alia/anaconda3/envs/mddemo/share/psi4/basis/jun-cc-pvdz-jkfit.gbs 
    atoms 2-4, 6, 8-10, 13, 15-17, 19, 21, 23, 25-27, 30 entry H          line    70 file /home/alia/anaconda3/envs/mddemo/share/psi4/basis/jun-cc-pvdz-jkfit.gbs 
    atoms 5, 7, 11, 18, 20, 24, 28                       entry C          line   146 file /home/alia/anaconda3/envs/mddemo/share/psi4/basis/jun-cc-pvdz-jkfit.gbs 
    atoms 12, 22, 29                                     entry O          line   258 file /home/alia/anaconda3/envs/mddemo/share/psi4/basis/jun-cc-pvdz-jkfit.gbs 

  ==> Integral Setup <==

  ==> DiskDFJK: Density-Fitted J/K Matrices <==

    J tasked:                  Yes
    K tasked:                  Yes
    wK tasked:                  No
    OpenMP threads:             32
    Integrals threads:          32
    Memory [MiB]:            57220
    Algorithm:                Core
    Integral Cache:           SAVE
    Schwarz Cutoff:          1E-12
    Fitting Condition:       1E-10

   => Auxiliary Basis Set <=

  Basis Set: (JUN-CC-PVDZ AUX)
    Blend: JUN-CC-PVDZ-JKFIT
    Number of shells: 486
    Number of basis functions: 1362
    Number of Cartesian functions: 1542
    Spherical Harmonics?: true
    Max angular momentum: 3

  Minimum eigenvalue in the overlap matrix is 6.3041008047E-05.
  Reciprocal condition number of the overlap matrix is 5.5159111189E-06.
    Using symmetric orthogonalization.

  ==> Pre-Iterations <==

  SCF Guess: Superposition of Atomic Densities via on-the-fly atomic UHF (no occupation information).

   -------------------------
    Irrep   Nso     Nmo    
   -------------------------
     A        306     306 
   -------------------------
    Total     306     306
   -------------------------

  ==> Iterations <==

                           Total Energy        Delta E     RMS |[F,P]|

   @DF-RHF iter SAD:  -607.21253823171219   -6.07213e+02   0.00000e+00 
   @DF-RHF iter   1:  -607.95345456905477   -7.40916e-01   2.82509e-03 DIIS
   @DF-RHF iter   2:  -608.26731132288330   -3.13857e-01   1.84724e-03 DIIS
   @DF-RHF iter   3:  -608.38717000667691   -1.19859e-01   4.04014e-04 DIIS
   @DF-RHF iter   4:  -608.39622924842718   -9.05924e-03   1.51922e-04 DIIS
   @DF-RHF iter   5:  -608.39754583593276   -1.31659e-03   3.56338e-05 DIIS
   @DF-RHF iter   6:  -608.39767209162812   -1.26256e-04   1.77545e-05 DIIS
   @DF-RHF iter   7:  -608.39770385717168   -3.17655e-05   8.32657e-06 DIIS
   @DF-RHF iter   8:  -608.39771216805843   -8.31089e-06   3.69319e-06 DIIS
   @DF-RHF iter   9:  -608.39771379780973   -1.62975e-06   1.43723e-06 DIIS
   @DF-RHF iter  10:  -608.39771402910162   -2.31292e-07   4.57805e-07 DIIS
   @DF-RHF iter  11:  -608.39771405989063   -3.07890e-08   2.06690e-07 DIIS
   @DF-RHF iter  12:  -608.39771406975433   -9.86370e-09   1.11809e-07 DIIS
   @DF-RHF iter  13:  -608.39771407349838   -3.74405e-09   5.91511e-08 DIIS
   @DF-RHF iter  14:  -608.39771407478861   -1.29023e-09   2.20210e-08 DIIS
   @DF-RHF iter  15:  -608.39771407491389   -1.25283e-10   6.37510e-09 DIIS
  Energy and wave function converged.


  ==> Post-Iterations <==

    Orbital Energies [Eh]
    ---------------------

    Doubly Occupied:                                                      

       1A    -20.818374     2A    -20.797178     3A    -20.793016  
       4A    -16.006297     5A    -15.988423     6A    -11.594590  
       7A    -11.575610     8A    -11.563079     9A    -11.556499  
      10A    -11.529670    11A    -11.509534    12A    -11.455498  
      13A     -1.629370    14A     -1.601970    15A     -1.584237  
      16A     -1.573065    17A     -1.566416    18A     -1.299259  
      19A     -1.296840    20A     -1.216599    21A     -1.161958  
      22A     -1.077561    23A     -1.074360    24A     -1.073702  
      25A     -1.032705    26A     -1.009202    27A     -0.992773  
      28A     -0.969013    29A     -0.945889    30A     -0.945672  
      31A     -0.887782    32A     -0.879796    33A     -0.873004  
      34A     -0.856153    35A     -0.848217    36A     -0.826402  
      37A     -0.819577    38A     -0.803354    39A     -0.792953  
      40A     -0.765028    41A     -0.764815    42A     -0.745281  
      43A     -0.736542    44A     -0.715413    45A     -0.706230  
      46A     -0.688291    47A     -0.673586    48A     -0.645938  

    Virtual:                                                              

      49A     -0.202241    50A     -0.178988    51A     -0.156551  
      52A     -0.144319    53A     -0.138863    54A     -0.131490  
      55A     -0.119401    56A     -0.109603    57A     -0.108774  
      58A     -0.103459    59A     -0.096486    60A     -0.091173  
      61A     -0.086087    62A     -0.080078    63A     -0.077873  
      64A     -0.072587    65A     -0.068949    66A     -0.065945  
      67A     -0.061926    68A     -0.058972    69A     -0.053745  
      70A     -0.050435    71A     -0.036095    72A     -0.031434  
      73A     -0.029991    74A     -0.026370    75A     -0.025875  
      76A     -0.020291    77A     -0.013436    78A     -0.007760  
      79A     -0.006727    80A     -0.003175    81A      0.000174  
      82A      0.010844    83A      0.019609    84A      0.028327  
      85A      0.036499    86A      0.041053    87A      0.049978  
      88A      0.053253    89A      0.063149    90A      0.066656  
      91A      0.068740    92A      0.083531    93A      0.086638  
      94A      0.101221    95A      0.102099    96A      0.104622  
      97A      0.106923    98A      0.112843    99A      0.120271  
     100A      0.120847   101A      0.131097   102A      0.138365  
     103A      0.142200   104A      0.148221   105A      0.151908  
     106A      0.159400   107A      0.169346   108A      0.173511  
     109A      0.179261   110A      0.186409   111A      0.188621  
     112A      0.206246   113A      0.220081   114A      0.221891  
     115A      0.225758   116A      0.227896   117A      0.248050  
     118A      0.250610   119A      0.262594   120A      0.276682  
     121A      0.278087   122A      0.302011   123A      0.319338  
     124A      0.327610   125A      0.360752   126A      0.369134  
     127A      0.449906   128A      0.474856   129A      0.487319  
     130A      0.499108   131A      0.514583   132A      0.529877  
     133A      0.538918   134A      0.541050   135A      0.552511  
     136A      0.554560   137A      0.560227   138A      0.565285  
     139A      0.597179   140A      0.611586   141A      0.616106  
     142A      0.627693   143A      0.641706   144A      0.642756  
     145A      0.655013   146A      0.659185   147A      0.661764  
     148A      0.676871   149A      0.680783   150A      0.689716  
     151A      0.693956   152A      0.707768   153A      0.711984  
     154A      0.713894   155A      0.722184   156A      0.737236  
     157A      0.749406   158A      0.752922   159A      0.768248  
     160A      0.777862   161A      0.791390   162A      0.799615  
     163A      0.813321   164A      0.819622   165A      0.822596  
     166A      0.829410   167A      0.834562   168A      0.847904  
     169A      0.855417   170A      0.861703   171A      0.879716  
     172A      0.903066   173A      0.924998   174A      0.932020  
     175A      0.960465   176A      1.030825   177A      1.066738  
     178A      1.091944   179A      1.100787   180A      1.143577  
     181A      1.144619   182A      1.156727   183A      1.181948  
     184A      1.210386   185A      1.213322   186A      1.217168  
     187A      1.221484   188A      1.255495   189A      1.257397  
     190A      1.264566   191A      1.271822   192A      1.279746  
     193A      1.302860   194A      1.313931   195A      1.316458  
     196A      1.331077   197A      1.334745   198A      1.338404  
     199A      1.366487   200A      1.385625   201A      1.394087  
     202A      1.408424   203A      1.422955   204A      1.424110  
     205A      1.454388   206A      1.470369   207A      1.485268  
     208A      1.539268   209A      1.546460   210A      1.562060  
     211A      1.567010   212A      1.585722   213A      1.589670  
     214A      1.604946   215A      1.610450   216A      1.628739  
     217A      1.635102   218A      1.639213   219A      1.651838  
     220A      1.668525   221A      1.670635   222A      1.688502  
     223A      1.705639   224A      1.719456   225A      1.721854  
     226A      1.730048   227A      1.734659   228A      1.737254  
     229A      1.748905   230A      1.755313   231A      1.760005  
     232A      1.779037   233A      1.787480   234A      1.791193  
     235A      1.812618   236A      1.819549   237A      1.849204  
     238A      1.865366   239A      1.867004   240A      1.882650  
     241A      1.898713   242A      1.915290   243A      1.923064  
     244A      1.939117   245A      1.968161   246A      1.976253  
     247A      2.002575   248A      2.007513   249A      2.008451  
     250A      2.043545   251A      2.051599   252A      2.061161  
     253A      2.085651   254A      2.094203   255A      2.124647  
     256A      2.125838   257A      2.143970   258A      2.176347  
     259A      2.187447   260A      2.218599   261A      2.238134  
     262A      2.254134   263A      2.286607   264A      2.339118  
     265A      2.340207   266A      2.358624   267A      2.377451  
     268A      2.393584   269A      2.404854   270A      2.411778  
     271A      2.426427   272A      2.452124   273A      2.459117  
     274A      2.467923   275A      2.507079   276A      2.517090  
     277A      2.547548   278A      2.590672   279A      2.595277  
     280A      2.597642   281A      2.616738   282A      2.639150  
     283A      2.658966   284A      2.679212   285A      2.728001  
     286A      2.761188   287A      2.816034   288A      2.827718  
     289A      2.841256   290A      2.864985   291A      2.881963  
     292A      2.970570   293A      2.981288   294A      3.023743  
     295A      3.079577   296A      3.109431   297A      3.176770  
     298A      3.193334   299A      3.207596   300A      3.217940  
     301A      3.457204   302A      3.463277   303A      3.511588  
     304A      3.672512   305A      3.709668   306A      3.887823  

    Final Occupation by Irrep:
              A 
    DOCC [    48 ]

  @DF-RHF Final Energy:  -608.39771407491389

   => Energetics <=

    Nuclear Repulsion Energy =            640.7725900095576890
    One-Electron Energy =               -2075.8071653142396826
    Two-Electron Energy =                 826.6368612297681011
    Total Energy =                       -608.3977140749138925

Computation Completed


Properties will be evaluated at   0.000000,   0.000000,   0.000000 [a0]

Properties computed using the SCF density matrix

  Nuclear Dipole Moment: [e a0]
     X:     5.7714      Y:   -10.8448      Z:     7.9747

  Electronic Dipole Moment: [e a0]
     X:    -4.3115      Y:     4.4305      Z:    -7.5748

  Dipole Moment: [e a0]
     X:     1.4599      Y:    -6.4144      Z:     0.4000     Total:     6.5906

  Dipole Moment: [D]
     X:     3.7107      Y:   -16.3037      Z:     1.0166     Total:    16.7515


*** tstop() called on aliaconda at Sun Mar 20 06:51:02 2022
Module time:
	user time   =     321.63 seconds =       5.36 minutes
	system time =      39.44 seconds =       0.66 minutes
	total time  =         15 seconds =       0.25 minutes
Total time:
	user time   =  145975.80 seconds =    2432.93 minutes
	system time =   20667.42 seconds =     344.46 minutes
	total time  =       8845 seconds =     147.42 minutes

  //>>>>>>>>>>>>>>>>>>>>>>>>>>>>>>>>>>>//
  //            Monomer A HF           //
  //<<<<<<<<<<<<<<<<<<<<<<<<<<<<<<<<<<<//


*** tstart() called on aliaconda
*** at Sun Mar 20 06:51:02 2022

   => Loading Basis Set <=

    Name: JUN-CC-PVDZ
    Role: ORBITAL
    Keyword: BASIS
    atoms 1, 14                                          entry N          line   198 file /home/alia/anaconda3/envs/mddemo/share/psi4/basis/jun-cc-pvdz.gbs 
    atoms 2-4, 6, 8-10, 13, 15-17, 19, 21, 23, 25-27, 30 entry H          line    36 file /home/alia/anaconda3/envs/mddemo/share/psi4/basis/jun-cc-pvdz.gbs 
    atoms 5, 7, 11, 18, 20, 24, 28                       entry C          line   164 file /home/alia/anaconda3/envs/mddemo/share/psi4/basis/jun-cc-pvdz.gbs 
    atoms 12, 22, 29                                     entry O          line   232 file /home/alia/anaconda3/envs/mddemo/share/psi4/basis/jun-cc-pvdz.gbs 


         ---------------------------------------------------------
                                   SCF
               by Justin Turney, Rob Parrish, Andy Simmonett
                          and Daniel G. A. Smith
                              RHF Reference
                       32 Threads,  76293 MiB Core
         ---------------------------------------------------------

  ==> Geometry <==

    Molecular point group: c1
    Full point group: C1

    Geometry (in Angstrom), charge = 1, multiplicity = 1:

       Center              X                  Y                   Z               Mass       
    ------------   -----------------  -----------------  -----------------  -----------------
         N           -0.571931798298    -6.387984922772    -1.092946687580    14.003074004430
         H           -1.412931878407    -6.330985000973    -0.229946771503     1.007825032230
         H           -1.279931981404    -6.732984951382    -2.001946845890     1.007825032230
         H           -0.037931878407    -7.236985138302    -0.814946809650     1.007825032230
         C            0.018067877453    -5.148984840756    -1.217946687580    12.000000000000
         H           -0.579932172139    -4.423984936123    -0.770946660877     1.007825032230
         C            1.466068070095    -5.159984997158    -0.664946714283    12.000000000000
         H            2.153068106334    -5.935985020046    -1.256946721912     1.007825032230
         H            1.452068131130    -5.414985111599     0.435053190350     1.007825032230
         H            1.935067932766    -4.142984798794    -0.823946634174     1.007825032230
         C            0.070067923229    -4.787985256558    -2.726946750523    12.000000000000
         O            0.130067866008    -5.686984947567    -3.591946760059    15.994914619570
         H            0.053951304119    -3.732608726864    -3.036656537891     1.007825032230
      Gh(N)           0.864068072002     2.743015357609     0.377053102612    14.003074004430
      Gh(H)           0.979068081539     1.553014823551     0.507053217052     1.007825032230
      Gh(H)           0.851068060558     2.793014594669    -0.824946561695     1.007825032230
      Gh(H)           1.687068026226     3.241014548893     0.710053285717     1.007825032230
      Gh(C)          -0.315931756337     3.379015037174     0.895053228497    12.000000000000
      Gh(H)          -1.130931813557     2.642014571781     0.870053133129     1.007825032230
      Gh(C)          -0.232932050068     3.886015006657     2.367053350567    12.000000000000
      Gh(H)          -1.204932172139     4.192014762516     2.676053365826     1.007825032230
      Gh(O)           0.628068010967     5.036014625187     2.517052969097    15.994914619570
      Gh(H)           1.583067934673     4.811015197391     2.586053213238     1.007825032230
      Gh(C)           0.164068262737     2.832015105839     3.353053411602    12.000000000000
      Gh(H)           1.210068028133     2.499014922733     3.061053594707     1.007825032230
      Gh(H)          -0.524931866963     1.983015128727     3.346053442120     1.007825032230
      Gh(H)           0.253068010967     3.322014876957     4.328052839397     1.007825032230
      Gh(C)          -0.633932072956     4.624014922733     0.029053053020    12.000000000000
      Gh(O)          -1.803932149250     4.855014869327    -0.360946813465    15.994914619570
      Gh(H)           0.176638167064     5.314333984012    -0.247416654469     1.007825032230

  Running in c1 symmetry.

  Rotational constants: A =      0.03965  B =      0.00378  C =      0.00359 [cm^-1]
  Rotational constants: A =   1188.54970  B =    113.19075  C =    107.63372 [MHz]
  Nuclear repulsion =  187.429373156584006

  Charge       = 1
  Multiplicity = 1
  Electrons    = 40
  Nalpha       = 20
  Nbeta        = 20

  ==> Algorithm <==

  SCF Algorithm Type is DF.
  DIIS enabled.
  MOM disabled.
  Fractional occupation disabled.
  Guess Type is SAD.
  Energy threshold   = 1.00e-08
  Density threshold  = 1.00e-08
  Integral threshold = 1.00e-12

  ==> Primary Basis <==

  Basis Set: JUN-CC-PVDZ
    Blend: JUN-CC-PVDZ
    Number of shells: 150
    Number of basis functions: 306
    Number of Cartesian functions: 318
    Spherical Harmonics?: true
    Max angular momentum: 2

   => Loading Basis Set <=

    Name: (JUN-CC-PVDZ AUX)
    Role: JKFIT
    Keyword: DF_BASIS_SCF
    atoms 1, 14                                          entry N          line   202 file /home/alia/anaconda3/envs/mddemo/share/psi4/basis/jun-cc-pvdz-jkfit.gbs 
    atoms 2-4, 6, 8-10, 13, 15-17, 19, 21, 23, 25-27, 30 entry H          line    70 file /home/alia/anaconda3/envs/mddemo/share/psi4/basis/jun-cc-pvdz-jkfit.gbs 
    atoms 5, 7, 11, 18, 20, 24, 28                       entry C          line   146 file /home/alia/anaconda3/envs/mddemo/share/psi4/basis/jun-cc-pvdz-jkfit.gbs 
    atoms 12, 22, 29                                     entry O          line   258 file /home/alia/anaconda3/envs/mddemo/share/psi4/basis/jun-cc-pvdz-jkfit.gbs 

  ==> Integral Setup <==

  ==> DiskDFJK: Density-Fitted J/K Matrices <==

    J tasked:                  Yes
    K tasked:                  Yes
    wK tasked:                  No
    OpenMP threads:             32
    Integrals threads:          32
    Memory [MiB]:            57220
    Algorithm:                Core
    Integral Cache:           LOAD
    Schwarz Cutoff:          1E-12
    Fitting Condition:       1E-10

   => Auxiliary Basis Set <=

  Basis Set: (JUN-CC-PVDZ AUX)
    Blend: JUN-CC-PVDZ-JKFIT
    Number of shells: 486
    Number of basis functions: 1362
    Number of Cartesian functions: 1542
    Spherical Harmonics?: true
    Max angular momentum: 3

  Minimum eigenvalue in the overlap matrix is 6.3041008047E-05.
  Reciprocal condition number of the overlap matrix is 5.5159111189E-06.
    Using symmetric orthogonalization.

  ==> Pre-Iterations <==

  SCF Guess: Superposition of Atomic Densities via on-the-fly atomic UHF (no occupation information).

   -------------------------
    Irrep   Nso     Nmo    
   -------------------------
     A        306     306 
   -------------------------
    Total     306     306
   -------------------------

  ==> Iterations <==

                           Total Energy        Delta E     RMS |[F,P]|

   @DF-RHF iter SAD:  -246.73136829134393   -2.46731e+02   0.00000e+00 
   @DF-RHF iter   1:  -247.10930706763185   -3.77939e-01   1.75133e-03 DIIS
   @DF-RHF iter   2:  -247.23347653132228   -1.24169e-01   1.12706e-03 DIIS
   @DF-RHF iter   3:  -247.27865011962672   -4.51736e-02   2.48095e-04 DIIS
   @DF-RHF iter   4:  -247.28224179290964   -3.59167e-03   8.94312e-05 DIIS
   @DF-RHF iter   5:  -247.28272216715396   -4.80374e-04   2.07385e-05 DIIS
   @DF-RHF iter   6:  -247.28277205602413   -4.98889e-05   9.22912e-06 DIIS
   @DF-RHF iter   7:  -247.28278141575808   -9.35973e-06   4.62001e-06 DIIS
   @DF-RHF iter   8:  -247.28278425401621   -2.83826e-06   1.65683e-06 DIIS
   @DF-RHF iter   9:  -247.28278464172206   -3.87706e-07   3.66032e-07 DIIS
   @DF-RHF iter  10:  -247.28278466125309   -1.95310e-08   1.40895e-07 DIIS
   @DF-RHF iter  11:  -247.28278466519791   -3.94482e-09   6.07077e-08 DIIS
   @DF-RHF iter  12:  -247.28278466626679   -1.06888e-09   3.25313e-08 DIIS
   @DF-RHF iter  13:  -247.28278466668615   -4.19362e-10   9.29599e-09 DIIS
  Energy and wave function converged.


  ==> Post-Iterations <==

    Orbital Energies [Eh]
    ---------------------

    Doubly Occupied:                                                      

       1A    -20.755565     2A    -15.929930     3A    -11.531604  
       4A    -11.498386     5A    -11.443875     6A     -1.567620  
       7A     -1.512764     8A     -1.235699     9A     -1.097640  
      10A     -1.014841    11A     -0.947609    12A     -0.932440  
      13A     -0.882933    14A     -0.818017    15A     -0.785292  
      16A     -0.739922    17A     -0.726843    18A     -0.700079  
      19A     -0.674896    20A     -0.610677  

    Virtual:                                                              

      21A     -0.120711    22A     -0.079739    23A     -0.078936  
      24A     -0.052174    25A     -0.046407    26A     -0.032109  
      27A     -0.029289    28A     -0.018899    29A     -0.014840  
      30A     -0.006438    31A     -0.005367    32A     -0.000189  
      33A      0.009775    34A      0.012017    35A      0.012955  
      36A      0.030665    37A      0.033094    38A      0.034596  
      39A      0.036746    40A      0.049198    41A      0.050684  
      42A      0.053253    43A      0.055238    44A      0.060160  
      45A      0.070022    46A      0.082073    47A      0.087056  
      48A      0.091823    49A      0.096113    50A      0.099101  
      51A      0.102444    52A      0.109078    53A      0.118248  
      54A      0.127136    55A      0.137873    56A      0.145282  
      57A      0.149479    58A      0.153118    59A      0.155965  
      60A      0.158805    61A      0.164672    62A      0.167946  
      63A      0.174820    64A      0.180344    65A      0.185222  
      66A      0.194512    67A      0.204769    68A      0.211422  
      69A      0.212648    70A      0.228233    71A      0.233785  
      72A      0.239915    73A      0.247954    74A      0.249168  
      75A      0.253939    76A      0.275483    77A      0.281256  
      78A      0.287905    79A      0.301266    80A      0.308883  
      81A      0.316123    82A      0.328827    83A      0.343399  
      84A      0.345614    85A      0.359993    86A      0.373756  
      87A      0.383189    88A      0.392095    89A      0.403079  
      90A      0.424365    91A      0.450812    92A      0.467250  
      93A      0.473021    94A      0.495179    95A      0.506327  
      96A      0.515068    97A      0.534136    98A      0.551976  
      99A      0.554054   100A      0.557963   101A      0.559901  
     102A      0.573124   103A      0.586527   104A      0.592420  
     105A      0.604315   106A      0.622805   107A      0.629039  
     108A      0.637158   109A      0.661180   110A      0.662910  
     111A      0.676776   112A      0.702325   113A      0.707446  
     114A      0.710518   115A      0.719487   116A      0.723463  
     117A      0.732927   118A      0.742229   119A      0.755210  
     120A      0.755983   121A      0.776234   122A      0.790158  
     123A      0.807453   124A      0.809204   125A      0.841787  
     126A      0.845297   127A      0.860582   128A      0.873918  
     129A      0.892672   130A      0.893488   131A      0.899417  
     132A      0.912260   133A      0.923005   134A      0.936942  
     135A      0.955422   136A      0.976971   137A      0.983373  
     138A      0.993902   139A      1.033273   140A      1.127720  
     141A      1.131638   142A      1.165293   143A      1.207578  
     144A      1.211613   145A      1.245854   146A      1.272854  
     147A      1.278431   148A      1.318751   149A      1.340365  
     150A      1.374478   151A      1.399285   152A      1.457597  
     153A      1.471573   154A      1.484916   155A      1.503273  
     156A      1.541669   157A      1.571469   158A      1.603289  
     159A      1.611458   160A      1.614774   161A      1.625397  
     162A      1.653023   163A      1.666281   164A      1.675240  
     165A      1.679850   166A      1.693187   167A      1.694491  
     168A      1.702669   169A      1.713375   170A      1.730622  
     171A      1.734627   172A      1.748322   173A      1.769159  
     174A      1.773984   175A      1.784906   176A      1.798850  
     177A      1.808928   178A      1.812499   179A      1.821823  
     180A      1.852004   181A      1.856466   182A      1.869130  
     183A      1.879092   184A      1.883485   185A      1.893477  
     186A      1.912356   187A      1.922737   188A      1.928003  
     189A      1.945527   190A      1.961663   191A      1.965981  
     192A      1.987889   193A      2.002564   194A      2.007357  
     195A      2.017645   196A      2.026888   197A      2.030551  
     198A      2.034729   199A      2.048868   200A      2.069416  
     201A      2.073666   202A      2.108164   203A      2.128661  
     204A      2.152863   205A      2.158407   206A      2.161255  
     207A      2.180262   208A      2.184510   209A      2.187682  
     210A      2.202699   211A      2.238355   212A      2.240407  
     213A      2.265536   214A      2.282872   215A      2.290996  
     216A      2.317897   217A      2.350887   218A      2.354512  
     219A      2.373801   220A      2.386781   221A      2.401459  
     222A      2.417544   223A      2.434002   224A      2.453618  
     225A      2.474419   226A      2.489188   227A      2.509223  
     228A      2.517459   229A      2.520311   230A      2.531629  
     231A      2.553414   232A      2.582309   233A      2.586009  
     234A      2.595491   235A      2.625069   236A      2.643677  
     237A      2.655586   238A      2.660672   239A      2.695787  
     240A      2.715081   241A      2.739086   242A      2.749678  
     243A      2.782353   244A      2.795200   245A      2.825652  
     246A      2.874625   247A      2.889792   248A      2.903221  
     249A      2.921453   250A      2.926634   251A      2.943425  
     252A      2.953140   253A      3.042927   254A      3.050491  
     255A      3.071017   256A      3.097854   257A      3.169569  
     258A      3.199443   259A      3.264981   260A      3.268833  
     261A      3.344526   262A      3.393159   263A      3.446398  
     264A      3.506393   265A      3.519196   266A      3.521859  
     267A      3.602162   268A      3.643662   269A      3.716182  
     270A      3.734044   271A      3.907263   272A      3.974985  
     273A      4.039721   274A      4.172551   275A      4.197657  
     276A      4.307888   277A      4.406385   278A      4.464502  
     279A      4.535344   280A      4.590295   281A      4.622303  
     282A      4.637176   283A      4.737071   284A      4.823941  
     285A      4.840258   286A      4.950695   287A      4.992886  
     288A      5.051273   289A      5.062081   290A      5.182190  
     291A      5.304123   292A      5.471256   293A      5.555682  
     294A      5.657385   295A      5.727450   296A      5.775201  
     297A      5.936627   298A      6.540289   299A      6.685834  
     300A     18.156938   301A     18.306271   302A     18.458870  
     303A     18.579279   304A     25.325970   305A     33.439945  
     306A     33.468095  

    Final Occupation by Irrep:
              A 
    DOCC [    20 ]

  @DF-RHF Final Energy:  -247.28278466668615

   => Energetics <=

    Nuclear Repulsion Energy =            187.4293731565840062
    One-Electron Energy =                -698.6110484245491534
    Two-Electron Energy =                 263.8988906012789926
    Total Energy =                       -247.2827846666861547

Computation Completed


Properties will be evaluated at   0.000000,   0.000000,   0.000000 [a0]

Properties computed using the SCF density matrix

  Nuclear Dipole Moment: [e a0]
     X:    16.3380      Y:  -424.7065      Z:  -137.0912

  Electronic Dipole Moment: [e a0]
     X:   -17.2642      Y:   413.8239      Z:   135.8979

  Dipole Moment: [e a0]
     X:    -0.9262      Y:   -10.8826      Z:    -1.1933     Total:    10.9870

  Dipole Moment: [D]
     X:    -2.3542      Y:   -27.6609      Z:    -3.0331     Total:    27.9261


*** tstop() called on aliaconda at Sun Mar 20 06:51:11 2022
Module time:
	user time   =     181.61 seconds =       3.03 minutes
	system time =      19.31 seconds =       0.32 minutes
	total time  =          9 seconds =       0.15 minutes
Total time:
	user time   =  146157.55 seconds =    2435.96 minutes
	system time =   20686.76 seconds =     344.78 minutes
	total time  =       8854 seconds =     147.57 minutes

  //>>>>>>>>>>>>>>>>>>>>>>>>>>>>>>>>>>>//
  //            Monomer B HF           //
  //<<<<<<<<<<<<<<<<<<<<<<<<<<<<<<<<<<<//


*** tstart() called on aliaconda
*** at Sun Mar 20 06:51:11 2022

   => Loading Basis Set <=

    Name: JUN-CC-PVDZ
    Role: ORBITAL
    Keyword: BASIS
    atoms 1, 14                                          entry N          line   198 file /home/alia/anaconda3/envs/mddemo/share/psi4/basis/jun-cc-pvdz.gbs 
    atoms 2-4, 6, 8-10, 13, 15-17, 19, 21, 23, 25-27, 30 entry H          line    36 file /home/alia/anaconda3/envs/mddemo/share/psi4/basis/jun-cc-pvdz.gbs 
    atoms 5, 7, 11, 18, 20, 24, 28                       entry C          line   164 file /home/alia/anaconda3/envs/mddemo/share/psi4/basis/jun-cc-pvdz.gbs 
    atoms 12, 22, 29                                     entry O          line   232 file /home/alia/anaconda3/envs/mddemo/share/psi4/basis/jun-cc-pvdz.gbs 


         ---------------------------------------------------------
                                   SCF
               by Justin Turney, Rob Parrish, Andy Simmonett
                          and Daniel G. A. Smith
                              RHF Reference
                       32 Threads,  76293 MiB Core
         ---------------------------------------------------------

  ==> Geometry <==

    Molecular point group: c1
    Full point group: C1

    Geometry (in Angstrom), charge = 1, multiplicity = 1:

       Center              X                  Y                   Z               Mass       
    ------------   -----------------  -----------------  -----------------  -----------------
      Gh(N)          -0.571931798298    -6.387984922772    -1.092946687580    14.003074004430
      Gh(H)          -1.412931878407    -6.330985000973    -0.229946771503     1.007825032230
      Gh(H)          -1.279931981404    -6.732984951382    -2.001946845890     1.007825032230
      Gh(H)          -0.037931878407    -7.236985138302    -0.814946809650     1.007825032230
      Gh(C)           0.018067877453    -5.148984840756    -1.217946687580    12.000000000000
      Gh(H)          -0.579932172139    -4.423984936123    -0.770946660877     1.007825032230
      Gh(C)           1.466068070095    -5.159984997158    -0.664946714283    12.000000000000
      Gh(H)           2.153068106334    -5.935985020046    -1.256946721912     1.007825032230
      Gh(H)           1.452068131130    -5.414985111599     0.435053190350     1.007825032230
      Gh(H)           1.935067932766    -4.142984798794    -0.823946634174     1.007825032230
      Gh(C)           0.070067923229    -4.787985256558    -2.726946750523    12.000000000000
      Gh(O)           0.130067866008    -5.686984947567    -3.591946760059    15.994914619570
      Gh(H)           0.053951304119    -3.732608726864    -3.036656537891     1.007825032230
         N            0.864068072002     2.743015357609     0.377053102612    14.003074004430
         H            0.979068081539     1.553014823551     0.507053217052     1.007825032230
         H            0.851068060558     2.793014594669    -0.824946561695     1.007825032230
         H            1.687068026226     3.241014548893     0.710053285717     1.007825032230
         C           -0.315931756337     3.379015037174     0.895053228497    12.000000000000
         H           -1.130931813557     2.642014571781     0.870053133129     1.007825032230
         C           -0.232932050068     3.886015006657     2.367053350567    12.000000000000
         H           -1.204932172139     4.192014762516     2.676053365826     1.007825032230
         O            0.628068010967     5.036014625187     2.517052969097    15.994914619570
         H            1.583067934673     4.811015197391     2.586053213238     1.007825032230
         C            0.164068262737     2.832015105839     3.353053411602    12.000000000000
         H            1.210068028133     2.499014922733     3.061053594707     1.007825032230
         H           -0.524931866963     1.983015128727     3.346053442120     1.007825032230
         H            0.253068010967     3.322014876957     4.328052839397     1.007825032230
         C           -0.633932072956     4.624014922733     0.029053053020    12.000000000000
         O           -1.803932149250     4.855014869327    -0.360946813465    15.994914619570
         H            0.176638167064     5.314333984012    -0.247416654469     1.007825032230

  Running in c1 symmetry.

  Rotational constants: A =      0.03965  B =      0.00378  C =      0.00359 [cm^-1]
  Rotational constants: A =   1188.54970  B =    113.19075  C =    107.63372 [MHz]
  Nuclear repulsion =  328.754145288475797

  Charge       = 1
  Multiplicity = 1
  Electrons    = 56
  Nalpha       = 28
  Nbeta        = 28

  ==> Algorithm <==

  SCF Algorithm Type is DF.
  DIIS enabled.
  MOM disabled.
  Fractional occupation disabled.
  Guess Type is SAD.
  Energy threshold   = 1.00e-08
  Density threshold  = 1.00e-08
  Integral threshold = 1.00e-12

  ==> Primary Basis <==

  Basis Set: JUN-CC-PVDZ
    Blend: JUN-CC-PVDZ
    Number of shells: 150
    Number of basis functions: 306
    Number of Cartesian functions: 318
    Spherical Harmonics?: true
    Max angular momentum: 2

   => Loading Basis Set <=

    Name: (JUN-CC-PVDZ AUX)
    Role: JKFIT
    Keyword: DF_BASIS_SCF
    atoms 1, 14                                          entry N          line   202 file /home/alia/anaconda3/envs/mddemo/share/psi4/basis/jun-cc-pvdz-jkfit.gbs 
    atoms 2-4, 6, 8-10, 13, 15-17, 19, 21, 23, 25-27, 30 entry H          line    70 file /home/alia/anaconda3/envs/mddemo/share/psi4/basis/jun-cc-pvdz-jkfit.gbs 
    atoms 5, 7, 11, 18, 20, 24, 28                       entry C          line   146 file /home/alia/anaconda3/envs/mddemo/share/psi4/basis/jun-cc-pvdz-jkfit.gbs 
    atoms 12, 22, 29                                     entry O          line   258 file /home/alia/anaconda3/envs/mddemo/share/psi4/basis/jun-cc-pvdz-jkfit.gbs 

  ==> Integral Setup <==

  ==> DiskDFJK: Density-Fitted J/K Matrices <==

    J tasked:                  Yes
    K tasked:                  Yes
    wK tasked:                  No
    OpenMP threads:             32
    Integrals threads:          32
    Memory [MiB]:            57220
    Algorithm:                Core
    Integral Cache:           LOAD
    Schwarz Cutoff:          1E-12
    Fitting Condition:       1E-10

   => Auxiliary Basis Set <=

  Basis Set: (JUN-CC-PVDZ AUX)
    Blend: JUN-CC-PVDZ-JKFIT
    Number of shells: 486
    Number of basis functions: 1362
    Number of Cartesian functions: 1542
    Spherical Harmonics?: true
    Max angular momentum: 3

  Minimum eigenvalue in the overlap matrix is 6.3041008046E-05.
  Reciprocal condition number of the overlap matrix is 5.5159111189E-06.
    Using symmetric orthogonalization.

  ==> Pre-Iterations <==

  SCF Guess: Superposition of Atomic Densities via on-the-fly atomic UHF (no occupation information).

   -------------------------
    Irrep   Nso     Nmo    
   -------------------------
     A        306     306 
   -------------------------
    Total     306     306
   -------------------------

  ==> Iterations <==

                           Total Energy        Delta E     RMS |[F,P]|

   @DF-RHF iter SAD:  -360.48116742934138   -3.60481e+02   0.00000e+00 
   @DF-RHF iter   1:  -360.91131585154881   -4.30148e-01   2.20264e-03 DIIS
   @DF-RHF iter   2:  -361.09989704864199   -1.88581e-01   1.43134e-03 DIIS
   @DF-RHF iter   3:  -361.17132105991584   -7.14240e-02   3.15926e-04 DIIS
   @DF-RHF iter   4:  -361.17664496267560   -5.32390e-03   1.20016e-04 DIIS
   @DF-RHF iter   5:  -361.17743694095049   -7.91978e-04   2.74371e-05 DIIS
   @DF-RHF iter   6:  -361.17750711226682   -7.01713e-05   1.33898e-05 DIIS
   @DF-RHF iter   7:  -361.17752558564450   -1.84734e-05   5.89360e-06 DIIS
   @DF-RHF iter   8:  -361.17753010411980   -4.51848e-06   2.46700e-06 DIIS
   @DF-RHF iter   9:  -361.17753096363265   -8.59513e-07   7.19390e-07 DIIS
   @DF-RHF iter  10:  -361.17753105064878   -8.70161e-08   2.62441e-07 DIIS
   @DF-RHF iter  11:  -361.17753106558490   -1.49361e-08   1.28680e-07 DIIS
   @DF-RHF iter  12:  -361.17753107005296   -4.46806e-09   7.29410e-08 DIIS
   @DF-RHF iter  13:  -361.17753107187127   -1.81831e-09   3.43752e-08 DIIS
   @DF-RHF iter  14:  -361.17753107225957   -3.88297e-10   9.98699e-09 DIIS
  Energy and wave function converged.


  ==> Post-Iterations <==

    Orbital Energies [Eh]
    ---------------------

    Doubly Occupied:                                                      

       1A    -20.745085     2A    -20.742715     3A    -15.946481  
       4A    -11.523679     5A    -11.500968     6A    -11.476855  
       7A    -11.400987     8A     -1.548716     9A     -1.532902  
      10A     -1.510257    11A     -1.242282    12A     -1.161871  
      13A     -1.021031    14A     -1.018029    15A     -0.975174  
      16A     -0.911670    17A     -0.890842    18A     -0.834848  
      19A     -0.819623    20A     -0.803985    21A     -0.773137  
      22A     -0.765038    23A     -0.711486    24A     -0.692280  
      25A     -0.663958    26A     -0.653893    27A     -0.636680  
      28A     -0.593658  

    Virtual:                                                              

      29A     -0.135025    30A     -0.085222    31A     -0.074082  
      32A     -0.054942    33A     -0.045530    34A     -0.036467  
      35A     -0.032383    36A     -0.025357    37A     -0.022104  
      38A     -0.012090    39A     -0.008200    40A     -0.004868  
      41A     -0.000448    42A      0.002618    43A      0.008520  
      44A      0.017268    45A      0.026447    46A      0.030518  
      47A      0.037422    48A      0.043656    49A      0.044557  
      50A      0.047444    51A      0.049061    52A      0.053708  
      53A      0.056464    54A      0.063212    55A      0.068821  
      56A      0.080708    57A      0.099536    58A      0.100600  
      59A      0.101842    60A      0.106486    61A      0.109201  
      62A      0.117773    63A      0.122108    64A      0.129866  
      65A      0.134436    66A      0.145405    67A      0.151422  
      68A      0.154625    69A      0.156681    70A      0.158453  
      71A      0.168340    72A      0.171237    73A      0.182100  
      74A      0.184439    75A      0.191606    76A      0.191772  
      77A      0.201440    78A      0.213348    79A      0.219292  
      80A      0.224559    81A      0.230372    82A      0.239093  
      83A      0.249447    84A      0.261137    85A      0.272084  
      86A      0.275040    87A      0.279786    88A      0.285672  
      89A      0.296751    90A      0.302604    91A      0.312953  
      92A      0.316676    93A      0.328959    94A      0.350219  
      95A      0.357510    96A      0.363165    97A      0.371967  
      98A      0.377776    99A      0.380296   100A      0.399724  
     101A      0.412617   102A      0.424490   103A      0.457673  
     104A      0.468605   105A      0.513584   106A      0.524401  
     107A      0.529748   108A      0.540692   109A      0.556537  
     110A      0.569676   111A      0.594281   112A      0.595433  
     113A      0.608489   114A      0.612114   115A      0.617132  
     116A      0.619457   117A      0.646441   118A      0.664732  
     119A      0.669726   120A      0.685395   121A      0.697653  
     122A      0.716108   123A      0.716756   124A      0.734668  
     125A      0.746135   126A      0.761576   127A      0.764294  
     128A      0.768064   129A      0.776009   130A      0.793633  
     131A      0.795717   132A      0.806418   133A      0.823410  
     134A      0.844728   135A      0.846327   136A      0.875584  
     137A      0.876172   138A      0.889683   139A      0.901492  
     140A      0.905598   141A      0.912618   142A      0.932666  
     143A      0.947228   144A      0.958084   145A      0.983292  
     146A      0.990180   147A      1.013786   148A      1.084723  
     149A      1.132140   150A      1.146086   151A      1.196902  
     152A      1.211335   153A      1.267110   154A      1.274606  
     155A      1.309279   156A      1.319963   157A      1.324374  
     158A      1.355554   159A      1.367064   160A      1.383663  
     161A      1.388530   162A      1.421184   163A      1.439027  
     164A      1.476500   165A      1.485781   166A      1.494619  
     167A      1.508904   168A      1.523618   169A      1.537998  
     170A      1.543884   171A      1.561646   172A      1.581795  
     173A      1.602103   174A      1.621450   175A      1.639711  
     176A      1.650337   177A      1.660844   178A      1.669104  
     179A      1.680634   180A      1.690117   181A      1.703371  
     182A      1.706354   183A      1.722598   184A      1.742750  
     185A      1.745466   186A      1.774265   187A      1.776950  
     188A      1.784254   189A      1.792202   190A      1.811957  
     191A      1.815404   192A      1.834529   193A      1.843293  
     194A      1.844509   195A      1.865940   196A      1.866407  
     197A      1.893862   198A      1.903718   199A      1.916746  
     200A      1.921171   201A      1.936187   202A      1.947779  
     203A      1.970265   204A      1.973533   205A      1.979021  
     206A      1.986202   207A      2.005365   208A      2.019498  
     209A      2.028738   210A      2.031584   211A      2.056276  
     212A      2.060922   213A      2.063976   214A      2.084587  
     215A      2.106945   216A      2.110269   217A      2.115314  
     218A      2.138865   219A      2.140492   220A      2.180728  
     221A      2.193062   222A      2.198478   223A      2.224866  
     224A      2.241772   225A      2.243804   226A      2.279989  
     227A      2.290287   228A      2.296371   229A      2.308506  
     230A      2.310535   231A      2.353346   232A      2.394059  
     233A      2.398141   234A      2.409680   235A      2.415051  
     236A      2.431795   237A      2.458242   238A      2.460229  
     239A      2.470389   240A      2.480583   241A      2.515951  
     242A      2.527030   243A      2.560277   244A      2.568840  
     245A      2.602213   246A      2.610717   247A      2.646265  
     248A      2.649614   249A      2.670851   250A      2.686739  
     251A      2.695125   252A      2.714765   253A      2.765739  
     254A      2.775118   255A      2.784188   256A      2.819075  
     257A      2.850266   258A      2.869037   259A      2.893469  
     260A      2.905119   261A      2.919629   262A      2.943804  
     263A      2.989418   264A      3.025724   265A      3.081397  
     266A      3.102686   267A      3.130555   268A      3.135116  
     269A      3.164077   270A      3.227546   271A      3.243743  
     272A      3.269793   273A      3.274567   274A      3.441226  
     275A      3.489334   276A      3.515022   277A      3.562264  
     278A      3.581042   279A      3.639571   280A      3.738485  
     281A      3.761186   282A      3.937594   283A      3.957188  
     284A      4.122723   285A      4.170278   286A      4.182716  
     287A      4.339414   288A      4.361096   289A      4.534054  
     290A      4.615749   291A      4.635686   292A      4.751357  
     293A      4.817946   294A      4.863277   295A      5.126917  
     296A      5.316901   297A      5.448521   298A      5.537139  
     299A      5.682395   300A      5.766407   301A      6.549491  
     302A     18.187556   303A     18.350627   304A     18.527495  
     305A     25.345778   306A     33.428589  

    Final Occupation by Irrep:
              A 
    DOCC [    28 ]

  @DF-RHF Final Energy:  -361.17753107225957

   => Energetics <=

    Nuclear Repulsion Energy =            328.7541452884757973
    One-Electron Energy =               -1133.6670863619704051
    Two-Electron Energy =                 443.7354100012350386
    Total Energy =                       -361.1775310722595691

Computation Completed


Properties will be evaluated at   0.000000,   0.000000,   0.000000 [a0]

Properties computed using the SCF density matrix

  Nuclear Dipole Moment: [e a0]
     X:   -10.5665      Y:   413.8617      Z:   145.0659

  Electronic Dipole Moment: [e a0]
     X:    12.9787      Y:  -409.3832      Z:  -143.4564

  Dipole Moment: [e a0]
     X:     2.4122      Y:     4.4785      Z:     1.6095     Total:     5.3353

  Dipole Moment: [D]
     X:     6.1311      Y:    11.3832      Z:     4.0910     Total:    13.5611


*** tstop() called on aliaconda at Sun Mar 20 06:51:21 2022
Module time:
	user time   =     212.32 seconds =       3.54 minutes
	system time =      24.02 seconds =       0.40 minutes
	total time  =         10 seconds =       0.17 minutes
Total time:
	user time   =  146369.96 seconds =    2439.50 minutes
	system time =   20710.80 seconds =     345.18 minutes
	total time  =       8864 seconds =     147.73 minutes
  Constructing Basis Sets for SAPT...

   => Loading Basis Set <=

    Name: (JUN-CC-PVDZ AUX)
    Role: RIFIT
    Keyword: DF_BASIS_SAPT
    atoms 1, 14                                          entry N          line   144 file /home/alia/anaconda3/envs/mddemo/share/psi4/basis/jun-cc-pvdz-ri.gbs 
    atoms 2-4, 6, 8-10, 13, 15-17, 19, 21, 23, 25-27, 30 entry H          line    30 file /home/alia/anaconda3/envs/mddemo/share/psi4/basis/jun-cc-pvdz-ri.gbs 
    atoms 5, 7, 11, 18, 20, 24, 28                       entry C          line   100 file /home/alia/anaconda3/envs/mddemo/share/psi4/basis/jun-cc-pvdz-ri.gbs 
    atoms 12, 22, 29                                     entry O          line   188 file /home/alia/anaconda3/envs/mddemo/share/psi4/basis/jun-cc-pvdz-ri.gbs 


  //>>>>>>>>>>>>>>>>>>>>>>>>>>>>>>>>>>>//
  //               SAPT0               //
  //<<<<<<<<<<<<<<<<<<<<<<<<<<<<<<<<<<<//


*** tstart() called on aliaconda
*** at Sun Mar 20 06:51:21 2022

        SAPT0  
    Ed Hohenstein
     6 June 2009

      Orbital Information
  --------------------------
    NSO        =       306
    NMO        =       306
    NRI        =      1032
    NOCC A     =        20
    NOCC B     =        28
    FOCC A     =         0
    FOCC B     =         0
    NVIR A     =       286
    NVIR B     =       278

    Elst10,r            =     0.063247886044 [Eh]
    Exch10              =    -0.000000012854 [Eh]
    Exch10 (S^2)        =    -0.000000012854 [Eh]

    Iter     Energy [mEh]          dE [mEh]         Residual      Time [s]
       1      -0.36105568       0.361055679       5.979753500             1
       2      -0.34959158      -0.011464095       1.860658162             2
       3      -0.38008955       0.030497966       0.668960531             2
       4      -0.38728067       0.007191124       0.204513884             3
       5      -0.38600490      -0.001275775       0.115626432             3
       6      -0.38533031      -0.000674590       0.031640091             4
       7      -0.38553629       0.000205984       0.009862313             4
       8      -0.38557305       0.000036754       0.003231070             5
       9      -0.38556024      -0.000012802       0.001884277             5
      10      -0.38555659      -0.000003650       0.000767280             6
      11      -0.38556014       0.000003545       0.000235512             7
      12      -0.38556020       0.000000056       0.000062553             7
      13      -0.38555996      -0.000000235       0.000016346             8
      14      -0.38555995      -0.000000015       0.000003994             8
      15      -0.38555996       0.000000015       0.000001102             9
      16      -0.38555996      -0.000000001       0.000000348             9

    CHF Iterations converged


    Iter     Energy [mEh]          dE [mEh]         Residual      Time [s]
       1      -0.24135863       0.241358628       3.560376376             1
       2      -0.24884091       0.007482281       1.486444135             1
       3      -0.26726527       0.018424359       0.497890393             2
       4      -0.27072320       0.003457936       0.127463963             3
       5      -0.27017297      -0.000550231       0.079198349             3
       6      -0.26973740      -0.000435576       0.026571864             4
       7      -0.26978070       0.000043306       0.013283546             4
       8      -0.26985679       0.000076087       0.003951424             5
       9      -0.26984412      -0.000012674       0.001993336             6
      10      -0.26983794      -0.000006179       0.000971683             6
      11      -0.26984114       0.000003202       0.000487924             7
      12      -0.26984180       0.000000663       0.000163680             7
      13      -0.26984139      -0.000000417       0.000051907             8
      14      -0.26984128      -0.000000103       0.000014109             9
      15      -0.26984131       0.000000028       0.000004376             9
      16      -0.26984132       0.000000008       0.000001153            10
      17      -0.26984132      -0.000000002       0.000000426            10

    CHF Iterations converged

    Ind20,r (A<-B)      =    -0.000385559960 [Eh]
    Ind20,r (B<-A)      =    -0.000269841316 [Eh]
    Ind20,r             =    -0.000655401276 [Eh]
    Exch-Ind20,r (A<-B) =     0.000000002906 [Eh]
    Exch-Ind20,r (B<-A) =     0.000000004707 [Eh]
    Exch-Ind20,r        =     0.000000007613 [Eh]
    Disp20              =    -0.000050668416 [Eh]
    Disp20 (SS)         =    -0.000025334208 [Eh]
    Disp20 (OS)         =    -0.000025334208 [Eh]
    Exch-Disp20         =     0.000000002042 [Eh]
    Exch-Disp20 (SS)    =     0.000000001541 [Eh]
    Exch-Disp20 (OS)    =     0.000000000501 [Eh]

    SAPT Results 
  --------------------------------------------------------------------------------------------------------
    Electrostatics                 63.24788604 [mEh]      39.68864769 [kcal/mol]     166.05730193 [kJ/mol]
      Elst10,r                     63.24788604 [mEh]      39.68864769 [kcal/mol]     166.05730193 [kJ/mol]

    Exchange                       -0.00001285 [mEh]      -0.00000807 [kcal/mol]      -0.00003375 [kJ/mol]
      Exch10                       -0.00001285 [mEh]      -0.00000807 [kcal/mol]      -0.00003375 [kJ/mol]
      Exch10(S^2)                  -0.00001285 [mEh]      -0.00000807 [kcal/mol]      -0.00003375 [kJ/mol]

    Induction                      -0.64620916 [mEh]      -0.40550237 [kcal/mol]      -1.69662191 [kJ/mol]
      Ind20,r                      -0.65540128 [mEh]      -0.41127051 [kcal/mol]      -1.72075581 [kJ/mol]
      Exch-Ind20,r                  0.00000761 [mEh]       0.00000478 [kcal/mol]       0.00001999 [kJ/mol]
      delta HF,r (2)                0.00918450 [mEh]       0.00576336 [kcal/mol]       0.02411391 [kJ/mol]

    Dispersion                     -0.05066637 [mEh]      -0.03179363 [kcal/mol]      -0.13302455 [kJ/mol]
      Disp20                       -0.05066842 [mEh]      -0.03179491 [kcal/mol]      -0.13302991 [kJ/mol]
      Exch-Disp20                   0.00000204 [mEh]       0.00000128 [kcal/mol]       0.00000536 [kJ/mol]
      Disp20 (SS)                  -0.02533421 [mEh]      -0.01589746 [kcal/mol]      -0.06651495 [kJ/mol]
      Disp20 (OS)                  -0.02533421 [mEh]      -0.01589746 [kcal/mol]      -0.06651495 [kJ/mol]
      Exch-Disp20 (SS)              0.00000154 [mEh]       0.00000097 [kcal/mol]       0.00000405 [kJ/mol]
      Exch-Disp20 (OS)              0.00000050 [mEh]       0.00000031 [kcal/mol]       0.00000131 [kJ/mol]

  Total HF                         62.60166403 [mEh]      39.28313725 [kcal/mol]     164.36064627 [kJ/mol]
  Total SAPT0                      62.55099766 [mEh]      39.25134362 [kcal/mol]     164.22762172 [kJ/mol]

  Special recipe for scaled SAPT0 (see Manual):
    Electrostatics sSAPT0          63.24788604 [mEh]      39.68864769 [kcal/mol]     166.05730193 [kJ/mol]
    Exchange sSAPT0                -0.00001285 [mEh]      -0.00000807 [kcal/mol]      -0.00003375 [kJ/mol]
    Induction sSAPT0               -0.64620916 [mEh]      -0.40550237 [kcal/mol]      -1.69662191 [kJ/mol]
    Dispersion sSAPT0              -0.05066637 [mEh]      -0.03179363 [kcal/mol]      -0.13302455 [kJ/mol]
  Total sSAPT0                     62.55099766 [mEh]      39.25134362 [kcal/mol]     164.22762172 [kJ/mol]
  --------------------------------------------------------------------------------------------------------

*** tstop() called on aliaconda at Sun Mar 20 06:52:11 2022
Module time:
	user time   =     706.46 seconds =      11.77 minutes
	system time =     123.40 seconds =       2.06 minutes
	total time  =         50 seconds =       0.83 minutes
Total time:
	user time   =  147078.95 seconds =    2451.32 minutes
	system time =   20834.77 seconds =     347.25 minutes
	total time  =       8914 seconds =     148.57 minutes


Warning! sapt0 does not have an associated derived wavefunction.The returned wavefunction is the dimer SCF wavefunction.


  Memory set to  74.506 GiB by Python driver.
  Threads set to 32 by Python driver.
