
Scratch directory: /tmp/

Scratch directory: /tmp/

  //>>>>>>>>>>>>>>>>>>>>>>>>>>>>>>>>>>>//
  //              Dimer HF             //
  //<<<<<<<<<<<<<<<<<<<<<<<<<<<<<<<<<<<//


*** tstart() called on aliaconda
*** at Sun Mar 20 05:46:43 2022

   => Loading Basis Set <=

    Name: JUN-CC-PVDZ
    Role: ORBITAL
    Keyword: BASIS
    atoms 1, 14                                          entry N          line   198 file /home/alia/anaconda3/envs/mddemo/share/psi4/basis/jun-cc-pvdz.gbs 
    atoms 2-4, 6, 8-10, 13, 15-17, 19, 21, 23, 25-27, 30 entry H          line    36 file /home/alia/anaconda3/envs/mddemo/share/psi4/basis/jun-cc-pvdz.gbs 
    atoms 5, 7, 11, 18, 20, 24, 28                       entry C          line   164 file /home/alia/anaconda3/envs/mddemo/share/psi4/basis/jun-cc-pvdz.gbs 
    atoms 12, 22, 29                                     entry O          line   232 file /home/alia/anaconda3/envs/mddemo/share/psi4/basis/jun-cc-pvdz.gbs 


         ---------------------------------------------------------
                                   SCF
               by Justin Turney, Rob Parrish, Andy Simmonett
                          and Daniel G. A. Smith
                              RHF Reference
                       32 Threads,  76293 MiB Core
         ---------------------------------------------------------

  ==> Geometry <==

    Molecular point group: c1
    Full point group: C1

    Geometry (in Angstrom), charge = 2, multiplicity = 1:

       Center              X                  Y                   Z               Mass       
    ------------   -----------------  -----------------  -----------------  -----------------
         N            0.963713709686    -6.327262287407    -1.271984807113    14.003074004430
         H            0.331713740204    -6.708262329368    -2.221984616378     1.007825032230
         H            0.190713469360    -6.653262501030    -0.407984486678     1.007825032230
         H            1.790713612412    -6.878262405662    -1.217984429458     1.007825032230
         C            1.322713438843    -4.938262348442    -1.220984688857    12.000000000000
         H            0.618713442658    -4.391262417107    -0.580984822371     1.007825032230
         C            2.521713559006    -4.740262394218    -0.236984482863    12.000000000000
         H            3.373713676308    -5.301262264519    -0.725984803298     1.007825032230
         H            2.376713578079    -5.217262153892     0.733015307328     1.007825032230
         H            2.803713623856    -3.709262256889    -0.073984376052     1.007825032230
         C            1.379713599060    -4.304262523918    -2.614984503844    12.000000000000
         O            0.574713770721    -4.731262569694    -3.472984543898    15.994914619570
         H            2.098878685806    -3.506342773704    -2.851892701247     1.007825032230
         N            0.145713869904     2.414737338753     0.590015181443    14.003074004430
         H            0.216713492249     2.402737254830    -0.611984482863     1.007825032230
         H            0.184713427399     1.228737468453     0.785015353105     1.007825032230
         H            1.015713755463     2.847737903328     0.921015509507     1.007825032230
         C           -1.112286503937     3.164737338753     0.976015337846    12.000000000000
         H           -1.804286416199     2.347737903328     1.019015559098     1.007825032230
         C           -1.021286423828     3.873737926216     2.287015208146    12.000000000000
         H           -1.993286545898     4.329737300606     2.462015398881     1.007825032230
         O           -0.080286439087     4.944738025398     2.284014948747    15.994914619570
         H            0.889713827942     4.570737476082     2.251014956376     1.007825032230
         C           -0.780286248352     2.863737697334     3.323015459916    12.000000000000
         H            0.228713576172     2.346737498970     3.230015047929     1.007825032230
         H           -1.591286595489     2.117737407417     3.396015414140     1.007825032230
         H           -0.878286297943     3.503738040657     4.250015505693     1.007825032230
         C           -1.478286202576     4.062738055916    -0.167984715560    12.000000000000
         O           -2.663286622192     3.975737209053    -0.586984387496    15.994914619570
         H           -0.753125126984     4.758061046333    -0.615944615462     1.007825032230

  Running in c1 symmetry.

  Rotational constants: A =      0.03817  B =      0.00415  C =      0.00389 [cm^-1]
  Rotational constants: A =   1144.18735  B =    124.34125  C =    116.68149 [MHz]
  Nuclear repulsion =  645.732560655851671

  Charge       = 2
  Multiplicity = 1
  Electrons    = 96
  Nalpha       = 48
  Nbeta        = 48

  ==> Algorithm <==

  SCF Algorithm Type is DF.
  DIIS enabled.
  MOM disabled.
  Fractional occupation disabled.
  Guess Type is SAD.
  Energy threshold   = 1.00e-08
  Density threshold  = 1.00e-08
  Integral threshold = 1.00e-12

  ==> Primary Basis <==

  Basis Set: JUN-CC-PVDZ
    Blend: JUN-CC-PVDZ
    Number of shells: 150
    Number of basis functions: 306
    Number of Cartesian functions: 318
    Spherical Harmonics?: true
    Max angular momentum: 2

   => Loading Basis Set <=

    Name: (JUN-CC-PVDZ AUX)
    Role: JKFIT
    Keyword: DF_BASIS_SCF
    atoms 1, 14                                          entry N          line   202 file /home/alia/anaconda3/envs/mddemo/share/psi4/basis/jun-cc-pvdz-jkfit.gbs 
    atoms 2-4, 6, 8-10, 13, 15-17, 19, 21, 23, 25-27, 30 entry H          line    70 file /home/alia/anaconda3/envs/mddemo/share/psi4/basis/jun-cc-pvdz-jkfit.gbs 
    atoms 5, 7, 11, 18, 20, 24, 28                       entry C          line   146 file /home/alia/anaconda3/envs/mddemo/share/psi4/basis/jun-cc-pvdz-jkfit.gbs 
    atoms 12, 22, 29                                     entry O          line   258 file /home/alia/anaconda3/envs/mddemo/share/psi4/basis/jun-cc-pvdz-jkfit.gbs 

  ==> Integral Setup <==

  ==> DiskDFJK: Density-Fitted J/K Matrices <==

    J tasked:                  Yes
    K tasked:                  Yes
    wK tasked:                  No
    OpenMP threads:             32
    Integrals threads:          32
    Memory [MiB]:            57220
    Algorithm:                Core
    Integral Cache:           SAVE
    Schwarz Cutoff:          1E-12
    Fitting Condition:       1E-10

   => Auxiliary Basis Set <=

  Basis Set: (JUN-CC-PVDZ AUX)
    Blend: JUN-CC-PVDZ-JKFIT
    Number of shells: 486
    Number of basis functions: 1362
    Number of Cartesian functions: 1542
    Spherical Harmonics?: true
    Max angular momentum: 3

  Minimum eigenvalue in the overlap matrix is 5.6581300089E-05.
  Reciprocal condition number of the overlap matrix is 4.8934965948E-06.
    Using symmetric orthogonalization.

  ==> Pre-Iterations <==

  SCF Guess: Superposition of Atomic Densities via on-the-fly atomic UHF (no occupation information).

   -------------------------
    Irrep   Nso     Nmo    
   -------------------------
     A        306     306 
   -------------------------
    Total     306     306
   -------------------------

  ==> Iterations <==

                           Total Energy        Delta E     RMS |[F,P]|

   @DF-RHF iter SAD:  -607.26827848037635   -6.07268e+02   0.00000e+00 
   @DF-RHF iter   1:  -607.93582606094401   -6.67548e-01   2.83274e-03 DIIS
   @DF-RHF iter   2:  -608.25765152246981   -3.21825e-01   1.84417e-03 DIIS
   @DF-RHF iter   3:  -608.37729050064070   -1.19639e-01   4.10526e-04 DIIS
   @DF-RHF iter   4:  -608.38685123521998   -9.56073e-03   1.54173e-04 DIIS
   @DF-RHF iter   5:  -608.38827166120052   -1.42043e-03   3.68690e-05 DIIS
   @DF-RHF iter   6:  -608.38841744082811   -1.45780e-04   1.87737e-05 DIIS
   @DF-RHF iter   7:  -608.38845354527371   -3.61044e-05   8.76512e-06 DIIS
   @DF-RHF iter   8:  -608.38846254562065   -9.00035e-06   3.79629e-06 DIIS
   @DF-RHF iter   9:  -608.38846426761245   -1.72199e-06   1.42065e-06 DIIS
   @DF-RHF iter  10:  -608.38846448836807   -2.20756e-07   4.96273e-07 DIIS
   @DF-RHF iter  11:  -608.38846451905181   -3.06837e-08   2.06439e-07 DIIS
   @DF-RHF iter  12:  -608.38846452814596   -9.09415e-09   1.06780e-07 DIIS
   @DF-RHF iter  13:  -608.38846453148676   -3.34080e-09   6.01146e-08 DIIS
   @DF-RHF iter  14:  -608.38846453290955   -1.42279e-09   2.34588e-08 DIIS
   @DF-RHF iter  15:  -608.38846453307576   -1.66210e-10   6.80341e-09 DIIS
  Energy and wave function converged.


  ==> Post-Iterations <==

    Orbital Energies [Eh]
    ---------------------

    Doubly Occupied:                                                      

       1A    -20.825737     2A    -20.806881     3A    -20.802264  
       4A    -16.001914     5A    -15.987981     6A    -11.605514  
       7A    -11.575303     8A    -11.571766     9A    -11.552987  
      10A    -11.526387    11A    -11.500741    12A    -11.455943  
      13A     -1.632752    14A     -1.604103    15A     -1.588588  
      16A     -1.565843    17A     -1.547882    18A     -1.316552  
      19A     -1.304494    20A     -1.222113    21A     -1.168976  
      22A     -1.079661    23A     -1.075787    24A     -1.067249  
      25A     -1.022507    26A     -1.021155    27A     -0.984314  
      28A     -0.960354    29A     -0.944856    30A     -0.941250  
      31A     -0.898705    32A     -0.891721    33A     -0.873853  
      34A     -0.863976    35A     -0.862672    36A     -0.831300  
      37A     -0.817102    38A     -0.816424    39A     -0.811770  
      40A     -0.771537    41A     -0.756003    42A     -0.743706  
      43A     -0.726643    44A     -0.721522    45A     -0.717843  
      46A     -0.691399    47A     -0.688040    48A     -0.652204  

    Virtual:                                                              

      49A     -0.204824    50A     -0.182428    51A     -0.152540  
      52A     -0.144394    53A     -0.135909    54A     -0.132679  
      55A     -0.124398    56A     -0.118444    57A     -0.111585  
      58A     -0.099151    59A     -0.096437    60A     -0.092656  
      61A     -0.087130    62A     -0.083188    63A     -0.076457  
      64A     -0.072476    65A     -0.069982    66A     -0.066930  
      67A     -0.063426    68A     -0.057348    69A     -0.048673  
      70A     -0.047614    71A     -0.038488    72A     -0.034370  
      73A     -0.031636    74A     -0.026713    75A     -0.024352  
      76A     -0.022651    77A     -0.018834    78A     -0.008928  
      79A     -0.006367    80A     -0.005315    81A      0.001831  
      82A      0.012354    83A      0.016128    84A      0.026396  
      85A      0.036989    86A      0.041235    87A      0.043127  
      88A      0.053534    89A      0.059739    90A      0.065876  
      91A      0.070752    92A      0.079284    93A      0.088570  
      94A      0.092576    95A      0.096897    96A      0.097533  
      97A      0.106997    98A      0.114414    99A      0.120503  
     100A      0.123418   101A      0.132170   102A      0.136680  
     103A      0.140272   104A      0.142953   105A      0.146111  
     106A      0.151701   107A      0.160147   108A      0.166841  
     109A      0.171863   110A      0.192024   111A      0.193568  
     112A      0.199098   113A      0.209702   114A      0.215525  
     115A      0.221460   116A      0.227301   117A      0.235243  
     118A      0.246242   119A      0.255774   120A      0.270180  
     121A      0.287874   122A      0.312934   123A      0.319258  
     124A      0.331438   125A      0.345056   126A      0.369989  
     127A      0.461969   128A      0.471240   129A      0.485666  
     130A      0.505037   131A      0.511071   132A      0.522958  
     133A      0.541212   134A      0.551725   135A      0.552943  
     136A      0.564242   137A      0.569611   138A      0.584599  
     139A      0.585781   140A      0.591274   141A      0.613551  
     142A      0.618662   143A      0.624650   144A      0.633588  
     145A      0.637372   146A      0.666781   147A      0.668488  
     148A      0.669897   149A      0.675940   150A      0.689764  
     151A      0.690467   152A      0.697422   153A      0.701945  
     154A      0.712664   155A      0.732813   156A      0.736010  
     157A      0.740688   158A      0.753660   159A      0.764560  
     160A      0.775757   161A      0.778940   162A      0.806751  
     163A      0.811036   164A      0.811998   165A      0.816618  
     166A      0.840267   167A      0.845312   168A      0.856144  
     169A      0.857610   170A      0.867103   171A      0.875283  
     172A      0.897010   173A      0.929827   174A      0.947703  
     175A      0.952269   176A      1.011875   177A      1.040117  
     178A      1.046698   179A      1.111323   180A      1.121998  
     181A      1.133610   182A      1.156887   183A      1.182436  
     184A      1.201384   185A      1.207300   186A      1.208102  
     187A      1.229719   188A      1.246561   189A      1.259203  
     190A      1.264621   191A      1.276466   192A      1.286174  
     193A      1.297110   194A      1.302843   195A      1.311654  
     196A      1.326102   197A      1.332563   198A      1.334889  
     199A      1.351775   200A      1.370131   201A      1.394048  
     202A      1.424693   203A      1.429808   204A      1.436544  
     205A      1.445610   206A      1.468691   207A      1.474882  
     208A      1.492592   209A      1.543420   210A      1.549262  
     211A      1.571390   212A      1.573615   213A      1.595562  
     214A      1.603401   215A      1.607149   216A      1.625825  
     217A      1.635843   218A      1.649633   219A      1.652025  
     220A      1.661915   221A      1.678570   222A      1.680655  
     223A      1.702574   224A      1.708264   225A      1.711274  
     226A      1.730204   227A      1.731206   228A      1.751741  
     229A      1.759147   230A      1.768442   231A      1.770432  
     232A      1.781538   233A      1.788044   234A      1.805996  
     235A      1.830435   236A      1.833220   237A      1.842062  
     238A      1.859316   239A      1.886904   240A      1.897533  
     241A      1.912128   242A      1.913490   243A      1.935558  
     244A      1.952871   245A      1.975475   246A      1.976990  
     247A      2.002566   248A      2.019687   249A      2.033489  
     250A      2.052303   251A      2.061130   252A      2.070482  
     253A      2.074475   254A      2.092330   255A      2.132531  
     256A      2.135472   257A      2.154729   258A      2.164395  
     259A      2.193576   260A      2.210801   261A      2.252810  
     262A      2.255524   263A      2.287880   264A      2.296287  
     265A      2.349922   266A      2.385935   267A      2.387327  
     268A      2.413157   269A      2.418086   270A      2.423982  
     271A      2.435963   272A      2.440169   273A      2.460956  
     274A      2.464136   275A      2.510594   276A      2.531860  
     277A      2.539719   278A      2.593268   279A      2.606563  
     280A      2.610462   281A      2.619918   282A      2.634192  
     283A      2.652599   284A      2.668156   285A      2.699277  
     286A      2.734937   287A      2.790427   288A      2.798157  
     289A      2.844057   290A      2.868384   291A      2.906531  
     292A      2.941921   293A      2.946124   294A      3.020294  
     295A      3.058268   296A      3.063000   297A      3.169805  
     298A      3.183272   299A      3.208320   300A      3.243744  
     301A      3.464272   302A      3.475301   303A      3.515644  
     304A      3.667337   305A      3.691102   306A      3.811908  

    Final Occupation by Irrep:
              A 
    DOCC [    48 ]

  @DF-RHF Final Energy:  -608.38846453307576

   => Energetics <=

    Nuclear Repulsion Energy =            645.7325606558516711
    One-Electron Energy =               -2085.4454960412890614
    Two-Electron Energy =                 831.3244708523617419
    Total Energy =                       -608.3884645330757621

Computation Completed


Properties will be evaluated at   0.000000,   0.000000,   0.000000 [a0]

Properties computed using the SCF density matrix

  Nuclear Dipole Moment: [e a0]
     X:     8.5175      Y:   -11.1352      Z:     9.1229

  Electronic Dipole Moment: [e a0]
     X:    -5.0146      Y:     4.2824      Z:    -8.6052

  Dipole Moment: [e a0]
     X:     3.5029      Y:    -6.8527      Z:     0.5177     Total:     7.7135

  Dipole Moment: [D]
     X:     8.9035      Y:   -17.4179      Z:     1.3159     Total:    19.6058


*** tstop() called on aliaconda at Sun Mar 20 05:46:58 2022
Module time:
	user time   =     321.95 seconds =       5.37 minutes
	system time =      38.64 seconds =       0.64 minutes
	total time  =         15 seconds =       0.25 minutes
Total time:
	user time   =   80659.81 seconds =    1344.33 minutes
	system time =   11247.77 seconds =     187.46 minutes
	total time  =       5001 seconds =      83.35 minutes

  //>>>>>>>>>>>>>>>>>>>>>>>>>>>>>>>>>>>//
  //            Monomer A HF           //
  //<<<<<<<<<<<<<<<<<<<<<<<<<<<<<<<<<<<//


*** tstart() called on aliaconda
*** at Sun Mar 20 05:46:58 2022

   => Loading Basis Set <=

    Name: JUN-CC-PVDZ
    Role: ORBITAL
    Keyword: BASIS
    atoms 1, 14                                          entry N          line   198 file /home/alia/anaconda3/envs/mddemo/share/psi4/basis/jun-cc-pvdz.gbs 
    atoms 2-4, 6, 8-10, 13, 15-17, 19, 21, 23, 25-27, 30 entry H          line    36 file /home/alia/anaconda3/envs/mddemo/share/psi4/basis/jun-cc-pvdz.gbs 
    atoms 5, 7, 11, 18, 20, 24, 28                       entry C          line   164 file /home/alia/anaconda3/envs/mddemo/share/psi4/basis/jun-cc-pvdz.gbs 
    atoms 12, 22, 29                                     entry O          line   232 file /home/alia/anaconda3/envs/mddemo/share/psi4/basis/jun-cc-pvdz.gbs 


         ---------------------------------------------------------
                                   SCF
               by Justin Turney, Rob Parrish, Andy Simmonett
                          and Daniel G. A. Smith
                              RHF Reference
                       32 Threads,  76293 MiB Core
         ---------------------------------------------------------

  ==> Geometry <==

    Molecular point group: c1
    Full point group: C1

    Geometry (in Angstrom), charge = 1, multiplicity = 1:

       Center              X                  Y                   Z               Mass       
    ------------   -----------------  -----------------  -----------------  -----------------
         N            0.963713709686    -6.327262287407    -1.271984807113    14.003074004430
         H            0.331713740204    -6.708262329368    -2.221984616378     1.007825032230
         H            0.190713469360    -6.653262501030    -0.407984486678     1.007825032230
         H            1.790713612412    -6.878262405662    -1.217984429458     1.007825032230
         C            1.322713438843    -4.938262348442    -1.220984688857    12.000000000000
         H            0.618713442658    -4.391262417107    -0.580984822371     1.007825032230
         C            2.521713559006    -4.740262394218    -0.236984482863    12.000000000000
         H            3.373713676308    -5.301262264519    -0.725984803298     1.007825032230
         H            2.376713578079    -5.217262153892     0.733015307328     1.007825032230
         H            2.803713623856    -3.709262256889    -0.073984376052     1.007825032230
         C            1.379713599060    -4.304262523918    -2.614984503844    12.000000000000
         O            0.574713770721    -4.731262569694    -3.472984543898    15.994914619570
         H            2.098878685806    -3.506342773704    -2.851892701247     1.007825032230
      Gh(N)           0.145713869904     2.414737338753     0.590015181443    14.003074004430
      Gh(H)           0.216713492249     2.402737254830    -0.611984482863     1.007825032230
      Gh(H)           0.184713427399     1.228737468453     0.785015353105     1.007825032230
      Gh(H)           1.015713755463     2.847737903328     0.921015509507     1.007825032230
      Gh(C)          -1.112286503937     3.164737338753     0.976015337846    12.000000000000
      Gh(H)          -1.804286416199     2.347737903328     1.019015559098     1.007825032230
      Gh(C)          -1.021286423828     3.873737926216     2.287015208146    12.000000000000
      Gh(H)          -1.993286545898     4.329737300606     2.462015398881     1.007825032230
      Gh(O)          -0.080286439087     4.944738025398     2.284014948747    15.994914619570
      Gh(H)           0.889713827942     4.570737476082     2.251014956376     1.007825032230
      Gh(C)          -0.780286248352     2.863737697334     3.323015459916    12.000000000000
      Gh(H)           0.228713576172     2.346737498970     3.230015047929     1.007825032230
      Gh(H)          -1.591286595489     2.117737407417     3.396015414140     1.007825032230
      Gh(H)          -0.878286297943     3.503738040657     4.250015505693     1.007825032230
      Gh(C)          -1.478286202576     4.062738055916    -0.167984715560    12.000000000000
      Gh(O)          -2.663286622192     3.975737209053    -0.586984387496    15.994914619570
      Gh(H)          -0.753125126984     4.758061046333    -0.615944615462     1.007825032230

  Running in c1 symmetry.

  Rotational constants: A =      0.03817  B =      0.00415  C =      0.00389 [cm^-1]
  Rotational constants: A =   1144.18735  B =    124.34125  C =    116.68149 [MHz]
  Nuclear repulsion =  184.831628035335854

  Charge       = 1
  Multiplicity = 1
  Electrons    = 40
  Nalpha       = 20
  Nbeta        = 20

  ==> Algorithm <==

  SCF Algorithm Type is DF.
  DIIS enabled.
  MOM disabled.
  Fractional occupation disabled.
  Guess Type is SAD.
  Energy threshold   = 1.00e-08
  Density threshold  = 1.00e-08
  Integral threshold = 1.00e-12

  ==> Primary Basis <==

  Basis Set: JUN-CC-PVDZ
    Blend: JUN-CC-PVDZ
    Number of shells: 150
    Number of basis functions: 306
    Number of Cartesian functions: 318
    Spherical Harmonics?: true
    Max angular momentum: 2

   => Loading Basis Set <=

    Name: (JUN-CC-PVDZ AUX)
    Role: JKFIT
    Keyword: DF_BASIS_SCF
    atoms 1, 14                                          entry N          line   202 file /home/alia/anaconda3/envs/mddemo/share/psi4/basis/jun-cc-pvdz-jkfit.gbs 
    atoms 2-4, 6, 8-10, 13, 15-17, 19, 21, 23, 25-27, 30 entry H          line    70 file /home/alia/anaconda3/envs/mddemo/share/psi4/basis/jun-cc-pvdz-jkfit.gbs 
    atoms 5, 7, 11, 18, 20, 24, 28                       entry C          line   146 file /home/alia/anaconda3/envs/mddemo/share/psi4/basis/jun-cc-pvdz-jkfit.gbs 
    atoms 12, 22, 29                                     entry O          line   258 file /home/alia/anaconda3/envs/mddemo/share/psi4/basis/jun-cc-pvdz-jkfit.gbs 

  ==> Integral Setup <==

  ==> DiskDFJK: Density-Fitted J/K Matrices <==

    J tasked:                  Yes
    K tasked:                  Yes
    wK tasked:                  No
    OpenMP threads:             32
    Integrals threads:          32
    Memory [MiB]:            57220
    Algorithm:                Core
    Integral Cache:           LOAD
    Schwarz Cutoff:          1E-12
    Fitting Condition:       1E-10

   => Auxiliary Basis Set <=

  Basis Set: (JUN-CC-PVDZ AUX)
    Blend: JUN-CC-PVDZ-JKFIT
    Number of shells: 486
    Number of basis functions: 1362
    Number of Cartesian functions: 1542
    Spherical Harmonics?: true
    Max angular momentum: 3

  Minimum eigenvalue in the overlap matrix is 5.6581300089E-05.
  Reciprocal condition number of the overlap matrix is 4.8934965948E-06.
    Using symmetric orthogonalization.

  ==> Pre-Iterations <==

  SCF Guess: Superposition of Atomic Densities via on-the-fly atomic UHF (no occupation information).

   -------------------------
    Irrep   Nso     Nmo    
   -------------------------
     A        306     306 
   -------------------------
    Total     306     306
   -------------------------

  ==> Iterations <==

                           Total Energy        Delta E     RMS |[F,P]|

   @DF-RHF iter SAD:  -246.69520820198048   -2.46695e+02   0.00000e+00 
   @DF-RHF iter   1:  -247.11526263688577   -4.20054e-01   1.75195e-03 DIIS
   @DF-RHF iter   2:  -247.23990287660740   -1.24640e-01   1.12646e-03 DIIS
   @DF-RHF iter   3:  -247.28445768033123   -4.45548e-02   2.59391e-04 DIIS
   @DF-RHF iter   4:  -247.28843469260906   -3.97701e-03   8.67345e-05 DIIS
   @DF-RHF iter   5:  -247.28895068558566   -5.15993e-04   2.14233e-05 DIIS
   @DF-RHF iter   6:  -247.28901152724512   -6.08417e-05   9.68928e-06 DIIS
   @DF-RHF iter   7:  -247.28902277465201   -1.12474e-05   4.76192e-06 DIIS
   @DF-RHF iter   8:  -247.28902570146349   -2.92681e-06   1.62572e-06 DIIS
   @DF-RHF iter   9:  -247.28902603968987   -3.38226e-07   3.97427e-07 DIIS
   @DF-RHF iter  10:  -247.28902605672474   -1.70349e-08   1.16765e-07 DIIS
   @DF-RHF iter  11:  -247.28902605836808   -1.64334e-09   2.70139e-08 DIIS
   @DF-RHF iter  12:  -247.28902605848052   -1.12436e-10   1.14296e-08 DIIS
   @DF-RHF iter  13:  -247.28902605851405   -3.35376e-11   6.35677e-09 DIIS
  Energy and wave function converged.


  ==> Post-Iterations <==

    Orbital Energies [Eh]
    ---------------------

    Doubly Occupied:                                                      

       1A    -20.758173     2A    -15.926843     3A    -11.538408  
       4A    -11.503608     5A    -11.432563     6A     -1.566126  
       7A     -1.503012     8A     -1.237408     9A     -1.101459  
      10A     -1.013411    11A     -0.959858    12A     -0.919959  
      13A     -0.875012    14A     -0.825354    15A     -0.798213  
      16A     -0.747400    17A     -0.744145    18A     -0.704559  
      19A     -0.654451    20A     -0.620753  

    Virtual:                                                              

      21A     -0.121860    22A     -0.078084    23A     -0.070060  
      24A     -0.057563    25A     -0.048247    26A     -0.029626  
      27A     -0.025058    28A     -0.023568    29A     -0.010085  
      30A     -0.004636    31A     -0.002485    32A      0.001892  
      33A      0.013140    34A      0.014754    35A      0.017340  
      36A      0.027317    37A      0.032544    38A      0.035183  
      39A      0.039814    40A      0.044457    41A      0.050632  
      42A      0.055393    43A      0.057412    44A      0.063198  
      45A      0.074368    46A      0.079244    47A      0.087803  
      48A      0.090704    49A      0.097917    50A      0.103364  
      51A      0.108831    52A      0.111193    53A      0.120989  
      54A      0.130093    55A      0.136728    56A      0.145625  
      57A      0.150534    58A      0.154243    59A      0.157374  
      60A      0.163165    61A      0.165594    62A      0.170169  
      63A      0.172708    64A      0.184796    65A      0.187351  
      66A      0.191581    67A      0.205319    68A      0.208100  
      69A      0.209900    70A      0.216589    71A      0.232432  
      72A      0.244411    73A      0.250299    74A      0.254044  
      75A      0.259786    76A      0.266024    77A      0.273636  
      78A      0.285273    79A      0.295838    80A      0.301159  
      81A      0.324163    82A      0.327253    83A      0.335393  
      84A      0.346049    85A      0.358848    86A      0.375150  
      87A      0.385529    88A      0.393888    89A      0.403550  
      90A      0.412354    91A      0.449676    92A      0.455078  
      93A      0.472285    94A      0.492544    95A      0.510881  
      96A      0.529881    97A      0.542608    98A      0.546967  
      99A      0.553670   100A      0.560544   101A      0.568209  
     102A      0.573172   103A      0.580232   104A      0.590864  
     105A      0.615904   106A      0.619358   107A      0.636602  
     108A      0.650803   109A      0.651498   110A      0.658007  
     111A      0.675196   112A      0.687511   113A      0.688282  
     114A      0.703742   115A      0.708022   116A      0.732632  
     117A      0.736922   118A      0.742120   119A      0.756385  
     120A      0.756790   121A      0.769664   122A      0.800191  
     123A      0.805119   124A      0.806428   125A      0.845043  
     126A      0.862227   127A      0.872094   128A      0.879454  
     129A      0.888889   130A      0.909882   131A      0.925397  
     132A      0.926927   133A      0.933355   134A      0.939588  
     135A      0.959923   136A      0.978615   137A      0.986632  
     138A      1.014846   139A      1.033103   140A      1.079112  
     141A      1.114275   142A      1.131093   143A      1.201125  
     144A      1.206592   145A      1.222373   146A      1.274291  
     147A      1.295489   148A      1.329431   149A      1.349773  
     150A      1.367608   151A      1.391307   152A      1.458020  
     153A      1.493189   154A      1.502969   155A      1.511160  
     156A      1.534604   157A      1.541105   158A      1.559733  
     159A      1.604178   160A      1.611210   161A      1.629991  
     162A      1.639938   163A      1.660908   164A      1.663220  
     165A      1.679812   166A      1.687244   167A      1.693329  
     168A      1.701750   169A      1.717193   170A      1.729518  
     171A      1.739037   172A      1.748440   173A      1.762745  
     174A      1.773339   175A      1.776798   176A      1.797975  
     177A      1.822047   178A      1.824586   179A      1.836493  
     180A      1.849345   181A      1.854862   182A      1.865781  
     183A      1.881222   184A      1.891195   185A      1.901343  
     186A      1.913206   187A      1.923238   188A      1.926426  
     189A      1.939376   190A      1.953910   191A      1.964106  
     192A      1.978089   193A      1.992566   194A      2.002804  
     195A      2.017621   196A      2.028392   197A      2.039583  
     198A      2.040963   199A      2.058091   200A      2.074891  
     201A      2.086953   202A      2.118724   203A      2.130492  
     204A      2.137420   205A      2.143964   206A      2.164952  
     207A      2.188894   208A      2.195190   209A      2.200737  
     210A      2.221887   211A      2.229398   212A      2.244478  
     213A      2.256751   214A      2.303626   215A      2.319644  
     216A      2.326881   217A      2.360424   218A      2.362963  
     219A      2.382270   220A      2.402299   221A      2.409104  
     222A      2.429646   223A      2.452871   224A      2.464199  
     225A      2.483564   226A      2.500915   227A      2.501610  
     228A      2.517793   229A      2.529956   230A      2.554447  
     231A      2.558607   232A      2.578011   233A      2.598213  
     234A      2.604327   235A      2.666682   236A      2.675970  
     237A      2.686408   238A      2.688404   239A      2.696782  
     240A      2.721450   241A      2.733943   242A      2.738778  
     243A      2.754922   244A      2.799552   245A      2.823671  
     246A      2.864149   247A      2.892407   248A      2.911296  
     249A      2.953863   250A      2.959605   251A      2.973656  
     252A      3.005408   253A      3.018138   254A      3.037169  
     255A      3.110833   256A      3.125001   257A      3.160220  
     258A      3.204407   259A      3.236327   260A      3.276731  
     261A      3.350680   262A      3.399798   263A      3.437885  
     264A      3.503142   265A      3.531052   266A      3.538273  
     267A      3.614148   268A      3.635360   269A      3.712816  
     270A      3.733858   271A      3.922317   272A      3.975346  
     273A      4.039374   274A      4.180547   275A      4.224298  
     276A      4.285672   277A      4.399658   278A      4.493502  
     279A      4.556060   280A      4.610891   281A      4.616435  
     282A      4.684930   283A      4.773994   284A      4.813035  
     285A      4.831659   286A      4.875896   287A      4.939409  
     288A      5.066457   289A      5.082352   290A      5.133668  
     291A      5.333388   292A      5.465669   293A      5.553541  
     294A      5.652044   295A      5.700717   296A      5.743645  
     297A      5.962010   298A      6.383632   299A      6.528678  
     300A     18.122675   301A     18.306392   302A     18.479023  
     303A     18.641346   304A     25.311807   305A     33.437254  
     306A     33.455892  

    Final Occupation by Irrep:
              A 
    DOCC [    20 ]

  @DF-RHF Final Energy:  -247.28902605851405

   => Energetics <=

    Nuclear Repulsion Energy =            184.8316280353358536
    One-Electron Energy =                -693.3798797225922499
    Two-Electron Energy =                 261.2592256287423993
    Total Energy =                       -247.2890260585140254

Computation Completed


Properties will be evaluated at   0.000000,   0.000000,   0.000000 [a0]

Properties computed using the SCF density matrix

  Nuclear Dipole Moment: [e a0]
     X:   106.3414      Y:  -393.8243      Z:  -129.3957

  Electronic Dipole Moment: [e a0]
     X:  -103.6783      Y:   382.7567      Z:   128.0044

  Dipole Moment: [e a0]
     X:     2.6630      Y:   -11.0675      Z:    -1.3913     Total:    11.4681

  Dipole Moment: [D]
     X:     6.7688      Y:   -28.1309      Z:    -3.5364     Total:    29.1491


*** tstop() called on aliaconda at Sun Mar 20 05:47:06 2022
Module time:
	user time   =     167.28 seconds =       2.79 minutes
	system time =      14.52 seconds =       0.24 minutes
	total time  =          8 seconds =       0.13 minutes
Total time:
	user time   =   80827.24 seconds =    1347.12 minutes
	system time =   11262.33 seconds =     187.71 minutes
	total time  =       5009 seconds =      83.48 minutes

  //>>>>>>>>>>>>>>>>>>>>>>>>>>>>>>>>>>>//
  //            Monomer B HF           //
  //<<<<<<<<<<<<<<<<<<<<<<<<<<<<<<<<<<<//


*** tstart() called on aliaconda
*** at Sun Mar 20 05:47:06 2022

   => Loading Basis Set <=

    Name: JUN-CC-PVDZ
    Role: ORBITAL
    Keyword: BASIS
    atoms 1, 14                                          entry N          line   198 file /home/alia/anaconda3/envs/mddemo/share/psi4/basis/jun-cc-pvdz.gbs 
    atoms 2-4, 6, 8-10, 13, 15-17, 19, 21, 23, 25-27, 30 entry H          line    36 file /home/alia/anaconda3/envs/mddemo/share/psi4/basis/jun-cc-pvdz.gbs 
    atoms 5, 7, 11, 18, 20, 24, 28                       entry C          line   164 file /home/alia/anaconda3/envs/mddemo/share/psi4/basis/jun-cc-pvdz.gbs 
    atoms 12, 22, 29                                     entry O          line   232 file /home/alia/anaconda3/envs/mddemo/share/psi4/basis/jun-cc-pvdz.gbs 


         ---------------------------------------------------------
                                   SCF
               by Justin Turney, Rob Parrish, Andy Simmonett
                          and Daniel G. A. Smith
                              RHF Reference
                       32 Threads,  76293 MiB Core
         ---------------------------------------------------------

  ==> Geometry <==

    Molecular point group: c1
    Full point group: C1

    Geometry (in Angstrom), charge = 1, multiplicity = 1:

       Center              X                  Y                   Z               Mass       
    ------------   -----------------  -----------------  -----------------  -----------------
      Gh(N)           0.963713709686    -6.327262287407    -1.271984807113    14.003074004430
      Gh(H)           0.331713740204    -6.708262329368    -2.221984616378     1.007825032230
      Gh(H)           0.190713469360    -6.653262501030    -0.407984486678     1.007825032230
      Gh(H)           1.790713612412    -6.878262405662    -1.217984429458     1.007825032230
      Gh(C)           1.322713438843    -4.938262348442    -1.220984688857    12.000000000000
      Gh(H)           0.618713442658    -4.391262417107    -0.580984822371     1.007825032230
      Gh(C)           2.521713559006    -4.740262394218    -0.236984482863    12.000000000000
      Gh(H)           3.373713676308    -5.301262264519    -0.725984803298     1.007825032230
      Gh(H)           2.376713578079    -5.217262153892     0.733015307328     1.007825032230
      Gh(H)           2.803713623856    -3.709262256889    -0.073984376052     1.007825032230
      Gh(C)           1.379713599060    -4.304262523918    -2.614984503844    12.000000000000
      Gh(O)           0.574713770721    -4.731262569694    -3.472984543898    15.994914619570
      Gh(H)           2.098878685806    -3.506342773704    -2.851892701247     1.007825032230
         N            0.145713869904     2.414737338753     0.590015181443    14.003074004430
         H            0.216713492249     2.402737254830    -0.611984482863     1.007825032230
         H            0.184713427399     1.228737468453     0.785015353105     1.007825032230
         H            1.015713755463     2.847737903328     0.921015509507     1.007825032230
         C           -1.112286503937     3.164737338753     0.976015337846    12.000000000000
         H           -1.804286416199     2.347737903328     1.019015559098     1.007825032230
         C           -1.021286423828     3.873737926216     2.287015208146    12.000000000000
         H           -1.993286545898     4.329737300606     2.462015398881     1.007825032230
         O           -0.080286439087     4.944738025398     2.284014948747    15.994914619570
         H            0.889713827942     4.570737476082     2.251014956376     1.007825032230
         C           -0.780286248352     2.863737697334     3.323015459916    12.000000000000
         H            0.228713576172     2.346737498970     3.230015047929     1.007825032230
         H           -1.591286595489     2.117737407417     3.396015414140     1.007825032230
         H           -0.878286297943     3.503738040657     4.250015505693     1.007825032230
         C           -1.478286202576     4.062738055916    -0.167984715560    12.000000000000
         O           -2.663286622192     3.975737209053    -0.586984387496    15.994914619570
         H           -0.753125126984     4.758061046333    -0.615944615462     1.007825032230

  Running in c1 symmetry.

  Rotational constants: A =      0.03817  B =      0.00415  C =      0.00389 [cm^-1]
  Rotational constants: A =   1144.18735  B =    124.34125  C =    116.68149 [MHz]
  Nuclear repulsion =  330.999419012012538

  Charge       = 1
  Multiplicity = 1
  Electrons    = 56
  Nalpha       = 28
  Nbeta        = 28

  ==> Algorithm <==

  SCF Algorithm Type is DF.
  DIIS enabled.
  MOM disabled.
  Fractional occupation disabled.
  Guess Type is SAD.
  Energy threshold   = 1.00e-08
  Density threshold  = 1.00e-08
  Integral threshold = 1.00e-12

  ==> Primary Basis <==

  Basis Set: JUN-CC-PVDZ
    Blend: JUN-CC-PVDZ
    Number of shells: 150
    Number of basis functions: 306
    Number of Cartesian functions: 318
    Spherical Harmonics?: true
    Max angular momentum: 2

   => Loading Basis Set <=

    Name: (JUN-CC-PVDZ AUX)
    Role: JKFIT
    Keyword: DF_BASIS_SCF
    atoms 1, 14                                          entry N          line   202 file /home/alia/anaconda3/envs/mddemo/share/psi4/basis/jun-cc-pvdz-jkfit.gbs 
    atoms 2-4, 6, 8-10, 13, 15-17, 19, 21, 23, 25-27, 30 entry H          line    70 file /home/alia/anaconda3/envs/mddemo/share/psi4/basis/jun-cc-pvdz-jkfit.gbs 
    atoms 5, 7, 11, 18, 20, 24, 28                       entry C          line   146 file /home/alia/anaconda3/envs/mddemo/share/psi4/basis/jun-cc-pvdz-jkfit.gbs 
    atoms 12, 22, 29                                     entry O          line   258 file /home/alia/anaconda3/envs/mddemo/share/psi4/basis/jun-cc-pvdz-jkfit.gbs 

  ==> Integral Setup <==

  ==> DiskDFJK: Density-Fitted J/K Matrices <==

    J tasked:                  Yes
    K tasked:                  Yes
    wK tasked:                  No
    OpenMP threads:             32
    Integrals threads:          32
    Memory [MiB]:            57220
    Algorithm:                Core
    Integral Cache:           LOAD
    Schwarz Cutoff:          1E-12
    Fitting Condition:       1E-10

   => Auxiliary Basis Set <=

  Basis Set: (JUN-CC-PVDZ AUX)
    Blend: JUN-CC-PVDZ-JKFIT
    Number of shells: 486
    Number of basis functions: 1362
    Number of Cartesian functions: 1542
    Spherical Harmonics?: true
    Max angular momentum: 3

  Minimum eigenvalue in the overlap matrix is 5.6581300089E-05.
  Reciprocal condition number of the overlap matrix is 4.8934965948E-06.
    Using symmetric orthogonalization.

  ==> Pre-Iterations <==

  SCF Guess: Superposition of Atomic Densities via on-the-fly atomic UHF (no occupation information).

   -------------------------
    Irrep   Nso     Nmo    
   -------------------------
     A        306     306 
   -------------------------
    Total     306     306
   -------------------------

  ==> Iterations <==

                           Total Energy        Delta E     RMS |[F,P]|

   @DF-RHF iter SAD:  -360.57306265578200   -3.60573e+02   0.00000e+00 
   @DF-RHF iter   1:  -360.88963062875393   -3.16568e-01   2.21114e-03 DIIS
   @DF-RHF iter   2:  -361.08524418556942   -1.95614e-01   1.42933e-03 DIIS
   @DF-RHF iter   3:  -361.15719293995858   -7.19488e-02   3.14876e-04 DIIS
   @DF-RHF iter   4:  -361.16261117552926   -5.41824e-03   1.24720e-04 DIIS
   @DF-RHF iter   5:  -361.16347152863091   -8.60353e-04   2.80577e-05 DIIS
   @DF-RHF iter   6:  -361.16354968227745   -7.81536e-05   1.38445e-05 DIIS
   @DF-RHF iter   7:  -361.16356908263901   -1.94004e-05   6.18600e-06 DIIS
   @DF-RHF iter   8:  -361.16357378783334   -4.70519e-06   2.66179e-06 DIIS
   @DF-RHF iter   9:  -361.16357475355653   -9.65723e-07   7.80006e-07 DIIS
   @DF-RHF iter  10:  -361.16357485929910   -1.05743e-07   2.74094e-07 DIIS
   @DF-RHF iter  11:  -361.16357487575505   -1.64559e-08   1.29874e-07 DIIS
   @DF-RHF iter  12:  -361.16357488022373   -4.46869e-09   7.52379e-08 DIIS
   @DF-RHF iter  13:  -361.16357488216744   -1.94370e-09   3.79472e-08 DIIS
   @DF-RHF iter  14:  -361.16357488263941   -4.71971e-10   1.19005e-08 DIIS
   @DF-RHF iter  15:  -361.16357488267630   -3.68914e-11   3.99306e-09 DIIS
  Energy and wave function converged.


  ==> Post-Iterations <==

    Orbital Energies [Eh]
    ---------------------

    Doubly Occupied:                                                      

       1A    -20.756502     2A    -20.749914     3A    -15.940696  
       4A    -11.523268     5A    -11.497532     6A    -11.474327  
       7A    -11.402587     8A     -1.551614     9A     -1.537452  
      10A     -1.489247    11A     -1.262182    12A     -1.167986  
      13A     -1.022738    14A     -1.011963    15A     -0.962928  
      16A     -0.901765    17A     -0.889914    18A     -0.844627  
      19A     -0.820294    20A     -0.810826    21A     -0.778389  
      22A     -0.762764    23A     -0.703880    24A     -0.691013  
      25A     -0.674874    26A     -0.666334    27A     -0.639812  
      28A     -0.599920  

    Virtual:                                                              

      29A     -0.135179    30A     -0.083421    31A     -0.072642  
      32A     -0.059663    33A     -0.048542    34A     -0.035829  
      35A     -0.032098    36A     -0.028046    37A     -0.026918  
      38A     -0.013205    39A     -0.011569    40A     -0.004600  
      41A     -0.000819    42A      0.001268    43A      0.011557  
      44A      0.017254    45A      0.028177    46A      0.029411  
      47A      0.034100    48A      0.041687    49A      0.043601  
      50A      0.044129    51A      0.047423    52A      0.052019  
      53A      0.054834    54A      0.067901    55A      0.069612  
      56A      0.079148    57A      0.087285    58A      0.097211  
      59A      0.099657    60A      0.104977    61A      0.109766  
      62A      0.118069    63A      0.122821    64A      0.126433  
      65A      0.131973    66A      0.140236    67A      0.144810  
      68A      0.149646    69A      0.151413    70A      0.158340  
      71A      0.165344    72A      0.172675    73A      0.183121  
      74A      0.186880    75A      0.190326    76A      0.191517  
      77A      0.199486    78A      0.208852    79A      0.212371  
      80A      0.217354    81A      0.223945    82A      0.235417  
      83A      0.243625    84A      0.261076    85A      0.266986  
      86A      0.268509    87A      0.279751    88A      0.286040  
      89A      0.289868    90A      0.298637    91A      0.305014  
      92A      0.306743    93A      0.340155    94A      0.352800  
      95A      0.360714    96A      0.365945    97A      0.371759  
      98A      0.380346    99A      0.387181   100A      0.399211  
     101A      0.421563   102A      0.429434   103A      0.440254  
     104A      0.477476   105A      0.492932   106A      0.503020  
     107A      0.525846   108A      0.533818   109A      0.553989  
     110A      0.576986   111A      0.586492   112A      0.596822  
     113A      0.614536   114A      0.617900   115A      0.622382  
     116A      0.627800   117A      0.645833   118A      0.669852  
     119A      0.675419   120A      0.679989   121A      0.688863  
     122A      0.722468   123A      0.730084   124A      0.733987  
     125A      0.743825   126A      0.750463   127A      0.752217  
     128A      0.765189   129A      0.787345   130A      0.794954  
     131A      0.805599   132A      0.812020   133A      0.819262  
     134A      0.819946   135A      0.832005   136A      0.861671  
     137A      0.868552   138A      0.871486   139A      0.895490  
     140A      0.900239   141A      0.910556   142A      0.922722  
     143A      0.930034   144A      0.951853   145A      0.964653  
     146A      0.984740   147A      1.005984   148A      1.094080  
     149A      1.138443   150A      1.163481   151A      1.175874  
     152A      1.236903   153A      1.255908   154A      1.263196  
     155A      1.299399   156A      1.312956   157A      1.330968  
     158A      1.348388   159A      1.363840   160A      1.385537  
     161A      1.388702   162A      1.408000   163A      1.424178  
     164A      1.481675   165A      1.483123   166A      1.496178  
     167A      1.499009   168A      1.521542   169A      1.543743  
     170A      1.554519   171A      1.578121   172A      1.604267  
     173A      1.612782   174A      1.627785   175A      1.644516  
     176A      1.657431   177A      1.661381   178A      1.680865  
     179A      1.687399   180A      1.691512   181A      1.704143  
     182A      1.706142   183A      1.726511   184A      1.733690  
     185A      1.755199   186A      1.756823   187A      1.763926  
     188A      1.783929   189A      1.796612   190A      1.807954  
     191A      1.824161   192A      1.833129   193A      1.834741  
     194A      1.861325   195A      1.867234   196A      1.886377  
     197A      1.892487   198A      1.894627   199A      1.927527  
     200A      1.942705   201A      1.947167   202A      1.949424  
     203A      1.951766   204A      1.961803   205A      1.969827  
     206A      1.985533   207A      1.990767   208A      2.013628  
     209A      2.029121   210A      2.041145   211A      2.056752  
     212A      2.058560   213A      2.084137   214A      2.087581  
     215A      2.114801   216A      2.122558   217A      2.129811  
     218A      2.141561   219A      2.145716   220A      2.178510  
     221A      2.187666   222A      2.194304   223A      2.202973  
     224A      2.209255   225A      2.243105   226A      2.247424  
     227A      2.265492   228A      2.309129   229A      2.318602  
     230A      2.331679   231A      2.340234   232A      2.348335  
     233A      2.364510   234A      2.399708   235A      2.404900  
     236A      2.443917   237A      2.467997   238A      2.480057  
     239A      2.494315   240A      2.497503   241A      2.516396  
     242A      2.522083   243A      2.575200   244A      2.593732  
     245A      2.603775   246A      2.626973   247A      2.646140  
     248A      2.661739   249A      2.672388   250A      2.689316  
     251A      2.699592   252A      2.722422   253A      2.723354  
     254A      2.742341   255A      2.753742   256A      2.768610  
     257A      2.802829   258A      2.844183   259A      2.896329  
     260A      2.916890   261A      2.924748   262A      2.955028  
     263A      3.001058   264A      3.022718   265A      3.076019  
     266A      3.081627   267A      3.112201   268A      3.114513  
     269A      3.154928   270A      3.235137   271A      3.258698  
     272A      3.295101   273A      3.307156   274A      3.385448  
     275A      3.478416   276A      3.527008   277A      3.566424  
     278A      3.577498   279A      3.631419   280A      3.742828  
     281A      3.815044   282A      3.861847   283A      3.946381  
     284A      4.025518   285A      4.144745   286A      4.174033  
     287A      4.272637   288A      4.373722   289A      4.583654  
     290A      4.620717   291A      4.752713   292A      4.824190  
     293A      4.835001   294A      4.978319   295A      5.023669  
     296A      5.210616   297A      5.419762   298A      5.513322  
     299A      5.690638   300A      5.914261   301A      6.527463  
     302A     18.187202   303A     18.351676   304A     18.533498  
     305A     25.326938   306A     33.421317  

    Final Occupation by Irrep:
              A 
    DOCC [    28 ]

  @DF-RHF Final Energy:  -361.16357488267630

   => Energetics <=

    Nuclear Repulsion Energy =            330.9994190120125381
    One-Electron Energy =               -1138.0552903493946815
    Two-Electron Energy =                 445.8922964547057859
    Total Energy =                       -361.1635748826763006

Computation Completed


Properties will be evaluated at   0.000000,   0.000000,   0.000000 [a0]

Properties computed using the SCF density matrix

  Nuclear Dipole Moment: [e a0]
     X:   -97.8239      Y:   382.6891      Z:   138.5186

  Electronic Dipole Moment: [e a0]
     X:    98.7168      Y:  -378.4633      Z:  -136.5825

  Dipole Moment: [e a0]
     X:     0.8929      Y:     4.2258      Z:     1.9362     Total:     4.7332

  Dipole Moment: [D]
     X:     2.2696      Y:    10.7409      Z:     4.9212     Total:    12.0307


*** tstop() called on aliaconda at Sun Mar 20 05:47:17 2022
Module time:
	user time   =     230.36 seconds =       3.84 minutes
	system time =      25.15 seconds =       0.42 minutes
	total time  =         11 seconds =       0.18 minutes
Total time:
	user time   =   81057.70 seconds =    1350.96 minutes
	system time =   11287.50 seconds =     188.12 minutes
	total time  =       5020 seconds =      83.67 minutes
  Constructing Basis Sets for SAPT...

   => Loading Basis Set <=

    Name: (JUN-CC-PVDZ AUX)
    Role: RIFIT
    Keyword: DF_BASIS_SAPT
    atoms 1, 14                                          entry N          line   144 file /home/alia/anaconda3/envs/mddemo/share/psi4/basis/jun-cc-pvdz-ri.gbs 
    atoms 2-4, 6, 8-10, 13, 15-17, 19, 21, 23, 25-27, 30 entry H          line    30 file /home/alia/anaconda3/envs/mddemo/share/psi4/basis/jun-cc-pvdz-ri.gbs 
    atoms 5, 7, 11, 18, 20, 24, 28                       entry C          line   100 file /home/alia/anaconda3/envs/mddemo/share/psi4/basis/jun-cc-pvdz-ri.gbs 
    atoms 12, 22, 29                                     entry O          line   188 file /home/alia/anaconda3/envs/mddemo/share/psi4/basis/jun-cc-pvdz-ri.gbs 


  //>>>>>>>>>>>>>>>>>>>>>>>>>>>>>>>>>>>//
  //               SAPT0               //
  //<<<<<<<<<<<<<<<<<<<<<<<<<<<<<<<<<<<//


*** tstart() called on aliaconda
*** at Sun Mar 20 05:47:17 2022

        SAPT0  
    Ed Hohenstein
     6 June 2009

      Orbital Information
  --------------------------
    NSO        =       306
    NMO        =       306
    NRI        =      1032
    NOCC A     =        20
    NOCC B     =        28
    FOCC A     =         0
    FOCC B     =         0
    NVIR A     =       286
    NVIR B     =       278

    Elst10,r            =     0.064843415609 [Eh]
    Exch10              =    -0.000000029682 [Eh]
    Exch10 (S^2)        =    -0.000000029682 [Eh]

    Iter     Energy [mEh]          dE [mEh]         Residual      Time [s]
       1      -0.40419866       0.404198656       5.518889504             1
       2      -0.39399050      -0.010208158       1.939514415             1
       3      -0.41998838       0.025997881       0.794117489             2
       4      -0.43068994       0.010701566       0.205943691             2
       5      -0.42958999      -0.001099956       0.128717907             3
       6      -0.42867169      -0.000918303       0.039535032             4
       7      -0.42893219       0.000260501       0.014400626             4
       8      -0.42898872       0.000056534       0.006568484             5
       9      -0.42895729      -0.000031428       0.003803123             5
      10      -0.42894963      -0.000007659       0.001063897             6
      11      -0.42895575       0.000006115       0.000264897             6
      12      -0.42895557      -0.000000179       0.000065708             7
      13      -0.42895535      -0.000000221       0.000017450             7
      14      -0.42895534      -0.000000008       0.000004381             8
      15      -0.42895536       0.000000015       0.000001118             9
      16      -0.42895536       0.000000000       0.000000286             9

    CHF Iterations converged


    Iter     Energy [mEh]          dE [mEh]         Residual      Time [s]
       1      -0.25445947       0.254459475       3.699320619             1
       2      -0.26558106       0.011121581       1.605116444             1
       3      -0.28636159       0.020780533       0.543213899             2
       4      -0.28995340       0.003591814       0.152283851             2
       5      -0.28933191      -0.000621487       0.089793058             3
       6      -0.28878665      -0.000545268       0.031505947             3
       7      -0.28883799       0.000051342       0.017130157             4
       8      -0.28894266       0.000104672       0.005568708             5
       9      -0.28892321      -0.000019449       0.003074384             5
      10      -0.28891403      -0.000009187       0.001424806             6
      11      -0.28891886       0.000004835       0.000632958             6
      12      -0.28891983       0.000000966       0.000208997             7
      13      -0.28891940      -0.000000431       0.000063009             7
      14      -0.28891922      -0.000000170       0.000015778             8
      15      -0.28891926       0.000000031       0.000005076             8
      16      -0.28891927       0.000000010       0.000001412             9
      17      -0.28891926      -0.000000003       0.000000506            10

    CHF Iterations converged

    Ind20,r (A<-B)      =    -0.000428955357 [Eh]
    Ind20,r (B<-A)      =    -0.000288919263 [Eh]
    Ind20,r             =    -0.000717874620 [Eh]
    Exch-Ind20,r (A<-B) =     0.000000004278 [Eh]
    Exch-Ind20,r (B<-A) =     0.000000004376 [Eh]
    Exch-Ind20,r        =     0.000000008654 [Eh]
    Disp20              =    -0.000061743731 [Eh]
    Disp20 (SS)         =    -0.000030871865 [Eh]
    Disp20 (OS)         =    -0.000030871865 [Eh]
    Exch-Disp20         =     0.000000003800 [Eh]
    Exch-Disp20 (SS)    =     0.000000002765 [Eh]
    Exch-Disp20 (OS)    =     0.000000001035 [Eh]

    SAPT Results 
  --------------------------------------------------------------------------------------------------------
    Electrostatics                 64.84341561 [mEh]      40.68985761 [kcal/mol]     170.24636423 [kJ/mol]
      Elst10,r                     64.84341561 [mEh]      40.68985761 [kcal/mol]     170.24636423 [kJ/mol]

    Exchange                       -0.00002968 [mEh]      -0.00001863 [kcal/mol]      -0.00007793 [kJ/mol]
      Exch10                       -0.00002968 [mEh]      -0.00001863 [kcal/mol]      -0.00007793 [kJ/mol]
      Exch10(S^2)                  -0.00002968 [mEh]      -0.00001863 [kcal/mol]      -0.00007793 [kJ/mol]

    Induction                      -0.70697781 [mEh]      -0.44363528 [kcal/mol]      -1.85616999 [kJ/mol]
      Ind20,r                      -0.71787462 [mEh]      -0.45047313 [kcal/mol]      -1.88477956 [kJ/mol]
      Exch-Ind20,r                  0.00000865 [mEh]       0.00000543 [kcal/mol]       0.00002272 [kJ/mol]
      delta HF,r (2)                0.01088815 [mEh]       0.00683242 [kcal/mol]       0.02858684 [kJ/mol]

    Dispersion                     -0.06173993 [mEh]      -0.03874239 [kcal/mol]      -0.16209817 [kJ/mol]
      Disp20                       -0.06174373 [mEh]      -0.03874478 [kcal/mol]      -0.16210814 [kJ/mol]
      Exch-Disp20                   0.00000380 [mEh]       0.00000238 [kcal/mol]       0.00000998 [kJ/mol]
      Disp20 (SS)                  -0.03087187 [mEh]      -0.01937239 [kcal/mol]      -0.08105407 [kJ/mol]
      Disp20 (OS)                  -0.03087187 [mEh]      -0.01937239 [kcal/mol]      -0.08105407 [kJ/mol]
      Exch-Disp20 (SS)              0.00000277 [mEh]       0.00000174 [kcal/mol]       0.00000726 [kJ/mol]
      Exch-Disp20 (OS)              0.00000103 [mEh]       0.00000065 [kcal/mol]       0.00000272 [kJ/mol]

  Total HF                         64.13640811 [mEh]      40.24620371 [kcal/mol]     168.39011631 [kJ/mol]
  Total SAPT0                      64.07466818 [mEh]      40.20746131 [kcal/mol]     168.22801814 [kJ/mol]

  Special recipe for scaled SAPT0 (see Manual):
    Electrostatics sSAPT0          64.84341561 [mEh]      40.68985761 [kcal/mol]     170.24636423 [kJ/mol]
    Exchange sSAPT0                -0.00002968 [mEh]      -0.00001863 [kcal/mol]      -0.00007793 [kJ/mol]
    Induction sSAPT0               -0.70697781 [mEh]      -0.44363528 [kcal/mol]      -1.85616999 [kJ/mol]
    Dispersion sSAPT0              -0.06173993 [mEh]      -0.03874239 [kcal/mol]      -0.16209817 [kJ/mol]
  Total sSAPT0                     64.07466818 [mEh]      40.20746131 [kcal/mol]     168.22801814 [kJ/mol]
  --------------------------------------------------------------------------------------------------------

*** tstop() called on aliaconda at Sun Mar 20 05:48:05 2022
Module time:
	user time   =     661.98 seconds =      11.03 minutes
	system time =     110.94 seconds =       1.85 minutes
	total time  =         48 seconds =       0.80 minutes
Total time:
	user time   =   81722.24 seconds =    1362.04 minutes
	system time =   11398.96 seconds =     189.98 minutes
	total time  =       5068 seconds =      84.47 minutes


Warning! sapt0 does not have an associated derived wavefunction.The returned wavefunction is the dimer SCF wavefunction.


  Memory set to  74.506 GiB by Python driver.
  Threads set to 32 by Python driver.
