
Scratch directory: /tmp/

Scratch directory: /tmp/

  //>>>>>>>>>>>>>>>>>>>>>>>>>>>>>>>>>>>//
  //              Dimer HF             //
  //<<<<<<<<<<<<<<<<<<<<<<<<<<<<<<<<<<<//


*** tstart() called on aliaconda
*** at Sun Mar 20 05:27:16 2022

   => Loading Basis Set <=

    Name: JUN-CC-PVDZ
    Role: ORBITAL
    Keyword: BASIS
    atoms 1, 14                                          entry N          line   198 file /home/alia/anaconda3/envs/mddemo/share/psi4/basis/jun-cc-pvdz.gbs 
    atoms 2-4, 6, 8-10, 13, 15-17, 19, 21, 23, 25-27, 30 entry H          line    36 file /home/alia/anaconda3/envs/mddemo/share/psi4/basis/jun-cc-pvdz.gbs 
    atoms 5, 7, 11, 18, 20, 24, 28                       entry C          line   164 file /home/alia/anaconda3/envs/mddemo/share/psi4/basis/jun-cc-pvdz.gbs 
    atoms 12, 22, 29                                     entry O          line   232 file /home/alia/anaconda3/envs/mddemo/share/psi4/basis/jun-cc-pvdz.gbs 


         ---------------------------------------------------------
                                   SCF
               by Justin Turney, Rob Parrish, Andy Simmonett
                          and Daniel G. A. Smith
                              RHF Reference
                       32 Threads,  76293 MiB Core
         ---------------------------------------------------------

  ==> Geometry <==

    Molecular point group: c1
    Full point group: C1

    Geometry (in Angstrom), charge = 2, multiplicity = 1:

       Center              X                  Y                   Z               Mass       
    ------------   -----------------  -----------------  -----------------  -----------------
         N            0.659253391330    -5.888657401031    -1.053709726337    14.003074004430
         H           -0.392746654446    -5.915657828277    -1.637709360126     1.007825032230
         H            0.244253429477    -6.131657431548     0.049290437695     1.007825032230
         H            1.226253303592    -6.650657484954    -1.381709318165     1.007825032230
         C            1.302253517215    -4.591657469695    -1.205709676746    12.000000000000
         H            0.711253437107    -3.803657362884    -0.871709566120     1.007825032230
         C            2.569253477161    -4.592657397216    -0.403709630970    12.000000000000
         H            3.240253480976    -5.407657454437    -0.885709505085     1.007825032230
         H            2.381253513401    -5.045657465881     0.593290586468     1.007825032230
         H            3.061253341739    -3.542657683318    -0.301709394459     1.007825032230
         C            1.475253376072    -4.244657824462    -2.702709417347    12.000000000000
         O            0.705253395145    -4.616657565063    -3.602709512714    15.994914619570
         H            2.338790687626    -3.626540968841    -2.989475708012     1.007825032230
         N            0.214253219669     2.248342206055     0.617290277477    14.003074004430
         H            0.316253456180     1.110342671448     0.989290494915     1.007825032230
         H            0.144253524845     2.057342221314    -0.568709592823     1.007825032230
         H            1.102253231113     2.769342114503     0.765290517803     1.007825032230
         C           -1.029746738369     3.017342259461     0.964290399548    12.000000000000
         H           -1.776746478970     2.286342312867     1.209290285107     1.007825032230
         C           -0.921746459896     3.783342053467     2.253290433880    12.000000000000
         H           -1.875746456082     4.369342495972     2.578290243145     1.007825032230
         O            0.012253555362     4.838342358643     2.162290830608    15.994914619570
         H            0.865253242557     4.481342007691     1.925290365215     1.007825032230
         C           -0.594746318753     2.929341961915     3.471290845867    12.000000000000
         H            0.215253624027     2.264342000062     3.271290082928     1.007825032230
         H           -1.500746456082     2.396341969544     3.834290761944     1.007825032230
         H           -0.351746765072     3.625342061097     4.255290288921     1.007825032230
         C           -1.677746501858     3.783342053467    -0.155709486011    12.000000000000
         O           -2.881746498043     3.545342137391    -0.482709627155    15.994914619570
         H           -1.106281963284     4.553542782838    -0.694430093769     1.007825032230

  Running in c1 symmetry.

  Rotational constants: A =      0.03625  B =      0.00444  C =      0.00417 [cm^-1]
  Rotational constants: A =   1086.68312  B =    133.20415  C =    124.92883 [MHz]
  Nuclear repulsion =  647.320828932334280

  Charge       = 2
  Multiplicity = 1
  Electrons    = 96
  Nalpha       = 48
  Nbeta        = 48

  ==> Algorithm <==

  SCF Algorithm Type is DF.
  DIIS enabled.
  MOM disabled.
  Fractional occupation disabled.
  Guess Type is SAD.
  Energy threshold   = 1.00e-08
  Density threshold  = 1.00e-08
  Integral threshold = 1.00e-12

  ==> Primary Basis <==

  Basis Set: JUN-CC-PVDZ
    Blend: JUN-CC-PVDZ
    Number of shells: 150
    Number of basis functions: 306
    Number of Cartesian functions: 318
    Spherical Harmonics?: true
    Max angular momentum: 2

   => Loading Basis Set <=

    Name: (JUN-CC-PVDZ AUX)
    Role: JKFIT
    Keyword: DF_BASIS_SCF
    atoms 1, 14                                          entry N          line   202 file /home/alia/anaconda3/envs/mddemo/share/psi4/basis/jun-cc-pvdz-jkfit.gbs 
    atoms 2-4, 6, 8-10, 13, 15-17, 19, 21, 23, 25-27, 30 entry H          line    70 file /home/alia/anaconda3/envs/mddemo/share/psi4/basis/jun-cc-pvdz-jkfit.gbs 
    atoms 5, 7, 11, 18, 20, 24, 28                       entry C          line   146 file /home/alia/anaconda3/envs/mddemo/share/psi4/basis/jun-cc-pvdz-jkfit.gbs 
    atoms 12, 22, 29                                     entry O          line   258 file /home/alia/anaconda3/envs/mddemo/share/psi4/basis/jun-cc-pvdz-jkfit.gbs 

  ==> Integral Setup <==

  ==> DiskDFJK: Density-Fitted J/K Matrices <==

    J tasked:                  Yes
    K tasked:                  Yes
    wK tasked:                  No
    OpenMP threads:             32
    Integrals threads:          32
    Memory [MiB]:            57220
    Algorithm:                Core
    Integral Cache:           SAVE
    Schwarz Cutoff:          1E-12
    Fitting Condition:       1E-10

   => Auxiliary Basis Set <=

  Basis Set: (JUN-CC-PVDZ AUX)
    Blend: JUN-CC-PVDZ-JKFIT
    Number of shells: 486
    Number of basis functions: 1362
    Number of Cartesian functions: 1542
    Spherical Harmonics?: true
    Max angular momentum: 3

  Minimum eigenvalue in the overlap matrix is 5.4029445725E-05.
  Reciprocal condition number of the overlap matrix is 4.7380323901E-06.
    Using symmetric orthogonalization.

  ==> Pre-Iterations <==

  SCF Guess: Superposition of Atomic Densities via on-the-fly atomic UHF (no occupation information).

   -------------------------
    Irrep   Nso     Nmo    
   -------------------------
     A        306     306 
   -------------------------
    Total     306     306
   -------------------------

  ==> Iterations <==

                           Total Energy        Delta E     RMS |[F,P]|

   @DF-RHF iter SAD:  -607.21318118501756   -6.07213e+02   0.00000e+00 
   @DF-RHF iter   1:  -607.93827998121753   -7.25099e-01   2.83694e-03 DIIS
   @DF-RHF iter   2:  -608.25529826717707   -3.17018e-01   1.84367e-03 DIIS
   @DF-RHF iter   3:  -608.37388005124990   -1.18582e-01   4.15285e-04 DIIS
   @DF-RHF iter   4:  -608.38341003585560   -9.52998e-03   1.57163e-04 DIIS
   @DF-RHF iter   5:  -608.38482924637708   -1.41921e-03   3.73264e-05 DIIS
   @DF-RHF iter   6:  -608.38496827218853   -1.39026e-04   1.93746e-05 DIIS
   @DF-RHF iter   7:  -608.38500530969566   -3.70375e-05   9.14196e-06 DIIS
   @DF-RHF iter   8:  -608.38501479880256   -9.48911e-06   4.17324e-06 DIIS
   @DF-RHF iter   9:  -608.38501684130188   -2.04250e-06   1.53584e-06 DIIS
   @DF-RHF iter  10:  -608.38501713864741   -2.97346e-07   4.94255e-07 DIIS
   @DF-RHF iter  11:  -608.38501717668169   -3.80343e-08   2.23879e-07 DIIS
   @DF-RHF iter  12:  -608.38501718929797   -1.26163e-08   1.21939e-07 DIIS
   @DF-RHF iter  13:  -608.38501719409396   -4.79599e-09   6.42600e-08 DIIS
   @DF-RHF iter  14:  -608.38501719573628   -1.64232e-09   2.29328e-08 DIIS
   @DF-RHF iter  15:  -608.38501719587987   -1.43586e-10   7.69005e-09 DIIS
  Energy and wave function converged.


  ==> Post-Iterations <==

    Orbital Energies [Eh]
    ---------------------

    Doubly Occupied:                                                      

       1A    -20.825657     2A    -20.811359     3A    -20.792403  
       4A    -16.018962     5A    -15.998406     6A    -11.600519  
       7A    -11.585013     8A    -11.574970     9A    -11.562278  
      10A    -11.533475    11A    -11.512472    12A    -11.443466  
      13A     -1.635047    14A     -1.613332    15A     -1.595921  
      16A     -1.569482    17A     -1.559053    18A     -1.322673  
      19A     -1.311706    20A     -1.220269    21A     -1.166670  
      22A     -1.083660    23A     -1.083416    24A     -1.066840  
      25A     -1.030662    26A     -1.024901    27A     -0.980244  
      28A     -0.974193    29A     -0.958783    30A     -0.957578  
      31A     -0.906612    32A     -0.890324    33A     -0.879785  
      34A     -0.870073    35A     -0.856070    36A     -0.830600  
      37A     -0.815342    38A     -0.815305    39A     -0.804126  
      40A     -0.774744    41A     -0.767601    42A     -0.748612  
      43A     -0.744891    44A     -0.721442    45A     -0.710098  
      46A     -0.685293    47A     -0.678991    48A     -0.657674  

    Virtual:                                                              

      49A     -0.216146    50A     -0.188148    51A     -0.159904  
      52A     -0.150614    53A     -0.137974    54A     -0.136168  
      55A     -0.126353    56A     -0.123263    57A     -0.117980  
      58A     -0.103244    59A     -0.099604    60A     -0.098927  
      61A     -0.094742    62A     -0.085184    63A     -0.078039  
      64A     -0.076159    65A     -0.070481    66A     -0.068990  
      67A     -0.067119    68A     -0.060750    69A     -0.054135  
      70A     -0.047888    71A     -0.044689    72A     -0.036437  
      73A     -0.034042    74A     -0.030263    75A     -0.027844  
      76A     -0.021206    77A     -0.015971    78A     -0.012263  
      79A     -0.009271    80A     -0.006546    81A      0.001978  
      82A      0.011999    83A      0.020095    84A      0.028764  
      85A      0.032912    86A      0.033729    87A      0.041509  
      88A      0.048415    89A      0.058824    90A      0.064451  
      91A      0.065332    92A      0.078898    93A      0.083437  
      94A      0.085656    95A      0.092123    96A      0.092224  
      97A      0.102361    98A      0.115593    99A      0.120601  
     100A      0.126315   101A      0.127443   102A      0.131631  
     103A      0.134180   104A      0.145460   105A      0.150084  
     106A      0.158749   107A      0.162219   108A      0.163266  
     109A      0.169048   110A      0.177537   111A      0.183211  
     112A      0.200246   113A      0.201692   114A      0.207213  
     115A      0.221933   116A      0.227951   117A      0.232945  
     118A      0.244016   119A      0.265458   120A      0.269832  
     121A      0.276008   122A      0.291844   123A      0.317562  
     124A      0.329421   125A      0.339592   126A      0.380887  
     127A      0.457864   128A      0.475251   129A      0.480169  
     130A      0.496843   131A      0.503764   132A      0.520827  
     133A      0.533432   134A      0.538125   135A      0.542864  
     136A      0.555996   137A      0.569199   138A      0.575135  
     139A      0.579325   140A      0.592411   141A      0.608108  
     142A      0.611596   143A      0.625609   144A      0.633114  
     145A      0.649293   146A      0.655805   147A      0.661263  
     148A      0.666896   149A      0.669604   150A      0.684270  
     151A      0.694074   152A      0.701686   153A      0.705214  
     154A      0.716622   155A      0.721610   156A      0.727426  
     157A      0.733288   158A      0.751437   159A      0.755734  
     160A      0.768620   161A      0.782438   162A      0.796207  
     163A      0.806735   164A      0.823011   165A      0.828434  
     166A      0.836252   167A      0.844977   168A      0.849990  
     169A      0.857458   170A      0.877138   171A      0.890536  
     172A      0.910301   173A      0.937421   174A      0.951452  
     175A      0.958140   176A      1.027530   177A      1.037061  
     178A      1.056712   179A      1.096805   180A      1.113544  
     181A      1.140632   182A      1.144556   183A      1.149001  
     184A      1.181405   185A      1.214620   186A      1.221833  
     187A      1.235566   188A      1.250114   189A      1.258724  
     190A      1.269644   191A      1.276534   192A      1.285927  
     193A      1.302538   194A      1.318005   195A      1.322547  
     196A      1.327332   197A      1.335550   198A      1.339228  
     199A      1.347956   200A      1.364920   201A      1.371711  
     202A      1.373269   203A      1.409071   204A      1.429060  
     205A      1.468786   206A      1.472469   207A      1.490410  
     208A      1.506991   209A      1.517127   210A      1.521824  
     211A      1.539742   212A      1.580152   213A      1.588294  
     214A      1.610611   215A      1.618839   216A      1.633728  
     217A      1.634966   218A      1.650231   219A      1.654087  
     220A      1.663734   221A      1.675642   222A      1.684452  
     223A      1.687553   224A      1.698097   225A      1.711316  
     226A      1.717860   227A      1.724140   228A      1.733247  
     229A      1.734446   230A      1.745655   231A      1.755893  
     232A      1.785912   233A      1.794244   234A      1.806712  
     235A      1.808924   236A      1.815956   237A      1.841550  
     238A      1.843911   239A      1.852462   240A      1.878379  
     241A      1.882104   242A      1.903919   243A      1.924565  
     244A      1.930576   245A      1.949273   246A      1.964012  
     247A      1.999773   248A      2.008894   249A      2.020650  
     250A      2.026359   251A      2.058681   252A      2.067582  
     253A      2.079476   254A      2.086707   255A      2.141567  
     256A      2.146115   257A      2.163761   258A      2.166807  
     259A      2.196431   260A      2.223860   261A      2.232817  
     262A      2.284775   263A      2.291213   264A      2.317335  
     265A      2.329709   266A      2.350126   267A      2.384674  
     268A      2.389056   269A      2.401417   270A      2.419064  
     271A      2.424323   272A      2.438428   273A      2.447898  
     274A      2.451224   275A      2.475664   276A      2.503739  
     277A      2.557007   278A      2.567396   279A      2.582518  
     280A      2.602695   281A      2.625566   282A      2.667182  
     283A      2.667806   284A      2.691062   285A      2.716664  
     286A      2.758576   287A      2.794661   288A      2.836338  
     289A      2.866385   290A      2.871560   291A      2.896550  
     292A      2.926921   293A      2.931511   294A      3.010487  
     295A      3.066855   296A      3.103761   297A      3.167840  
     298A      3.192289   299A      3.216319   300A      3.252565  
     301A      3.445638   302A      3.445782   303A      3.508076  
     304A      3.666780   305A      3.690680   306A      3.932575  

    Final Occupation by Irrep:
              A 
    DOCC [    48 ]

  @DF-RHF Final Energy:  -608.38501719587987

   => Energetics <=

    Nuclear Repulsion Energy =            647.3208289323342797
    One-Electron Energy =               -2088.2696963249577493
    Two-Electron Energy =                 832.5638501967436014
    Total Energy =                       -608.3850171958798683

Computation Completed


Properties will be evaluated at   0.000000,   0.000000,   0.000000 [a0]

Properties computed using the SCF density matrix

  Nuclear Dipole Moment: [e a0]
     X:     8.2767      Y:    -9.5434      Z:     9.4977

  Electronic Dipole Moment: [e a0]
     X:    -5.1919      Y:     3.2657      Z:    -8.7360

  Dipole Moment: [e a0]
     X:     3.0848      Y:    -6.2777      Z:     0.7617     Total:     7.0360

  Dipole Moment: [D]
     X:     7.8408      Y:   -15.9563      Z:     1.9361     Total:    17.8838


*** tstop() called on aliaconda at Sun Mar 20 05:27:31 2022
Module time:
	user time   =     322.59 seconds =       5.38 minutes
	system time =      38.68 seconds =       0.64 minutes
	total time  =         15 seconds =       0.25 minutes
Total time:
	user time   =   60945.27 seconds =    1015.75 minutes
	system time =    8462.97 seconds =     141.05 minutes
	total time  =       3834 seconds =      63.90 minutes

  //>>>>>>>>>>>>>>>>>>>>>>>>>>>>>>>>>>>//
  //            Monomer A HF           //
  //<<<<<<<<<<<<<<<<<<<<<<<<<<<<<<<<<<<//


*** tstart() called on aliaconda
*** at Sun Mar 20 05:27:31 2022

   => Loading Basis Set <=

    Name: JUN-CC-PVDZ
    Role: ORBITAL
    Keyword: BASIS
    atoms 1, 14                                          entry N          line   198 file /home/alia/anaconda3/envs/mddemo/share/psi4/basis/jun-cc-pvdz.gbs 
    atoms 2-4, 6, 8-10, 13, 15-17, 19, 21, 23, 25-27, 30 entry H          line    36 file /home/alia/anaconda3/envs/mddemo/share/psi4/basis/jun-cc-pvdz.gbs 
    atoms 5, 7, 11, 18, 20, 24, 28                       entry C          line   164 file /home/alia/anaconda3/envs/mddemo/share/psi4/basis/jun-cc-pvdz.gbs 
    atoms 12, 22, 29                                     entry O          line   232 file /home/alia/anaconda3/envs/mddemo/share/psi4/basis/jun-cc-pvdz.gbs 


         ---------------------------------------------------------
                                   SCF
               by Justin Turney, Rob Parrish, Andy Simmonett
                          and Daniel G. A. Smith
                              RHF Reference
                       32 Threads,  76293 MiB Core
         ---------------------------------------------------------

  ==> Geometry <==

    Molecular point group: c1
    Full point group: C1

    Geometry (in Angstrom), charge = 1, multiplicity = 1:

       Center              X                  Y                   Z               Mass       
    ------------   -----------------  -----------------  -----------------  -----------------
         N            0.659253391330    -5.888657401031    -1.053709726337    14.003074004430
         H           -0.392746654446    -5.915657828277    -1.637709360126     1.007825032230
         H            0.244253429477    -6.131657431548     0.049290437695     1.007825032230
         H            1.226253303592    -6.650657484954    -1.381709318165     1.007825032230
         C            1.302253517215    -4.591657469695    -1.205709676746    12.000000000000
         H            0.711253437107    -3.803657362884    -0.871709566120     1.007825032230
         C            2.569253477161    -4.592657397216    -0.403709630970    12.000000000000
         H            3.240253480976    -5.407657454437    -0.885709505085     1.007825032230
         H            2.381253513401    -5.045657465881     0.593290586468     1.007825032230
         H            3.061253341739    -3.542657683318    -0.301709394459     1.007825032230
         C            1.475253376072    -4.244657824462    -2.702709417347    12.000000000000
         O            0.705253395145    -4.616657565063    -3.602709512714    15.994914619570
         H            2.338790687626    -3.626540968841    -2.989475708012     1.007825032230
      Gh(N)           0.214253219669     2.248342206055     0.617290277477    14.003074004430
      Gh(H)           0.316253456180     1.110342671448     0.989290494915     1.007825032230
      Gh(H)           0.144253524845     2.057342221314    -0.568709592823     1.007825032230
      Gh(H)           1.102253231113     2.769342114503     0.765290517803     1.007825032230
      Gh(C)          -1.029746738369     3.017342259461     0.964290399548    12.000000000000
      Gh(H)          -1.776746478970     2.286342312867     1.209290285107     1.007825032230
      Gh(C)          -0.921746459896     3.783342053467     2.253290433880    12.000000000000
      Gh(H)          -1.875746456082     4.369342495972     2.578290243145     1.007825032230
      Gh(O)           0.012253555362     4.838342358643     2.162290830608    15.994914619570
      Gh(H)           0.865253242557     4.481342007691     1.925290365215     1.007825032230
      Gh(C)          -0.594746318753     2.929341961915     3.471290845867    12.000000000000
      Gh(H)           0.215253624027     2.264342000062     3.271290082928     1.007825032230
      Gh(H)          -1.500746456082     2.396341969544     3.834290761944     1.007825032230
      Gh(H)          -0.351746765072     3.625342061097     4.255290288921     1.007825032230
      Gh(C)          -1.677746501858     3.783342053467    -0.155709486011    12.000000000000
      Gh(O)          -2.881746498043     3.545342137391    -0.482709627155    15.994914619570
      Gh(H)          -1.106281963284     4.553542782838    -0.694430093769     1.007825032230

  Running in c1 symmetry.

  Rotational constants: A =      0.03625  B =      0.00444  C =      0.00417 [cm^-1]
  Rotational constants: A =   1086.68312  B =    133.20415  C =    124.92883 [MHz]
  Nuclear repulsion =  185.122823735601372

  Charge       = 1
  Multiplicity = 1
  Electrons    = 40
  Nalpha       = 20
  Nbeta        = 20

  ==> Algorithm <==

  SCF Algorithm Type is DF.
  DIIS enabled.
  MOM disabled.
  Fractional occupation disabled.
  Guess Type is SAD.
  Energy threshold   = 1.00e-08
  Density threshold  = 1.00e-08
  Integral threshold = 1.00e-12

  ==> Primary Basis <==

  Basis Set: JUN-CC-PVDZ
    Blend: JUN-CC-PVDZ
    Number of shells: 150
    Number of basis functions: 306
    Number of Cartesian functions: 318
    Spherical Harmonics?: true
    Max angular momentum: 2

   => Loading Basis Set <=

    Name: (JUN-CC-PVDZ AUX)
    Role: JKFIT
    Keyword: DF_BASIS_SCF
    atoms 1, 14                                          entry N          line   202 file /home/alia/anaconda3/envs/mddemo/share/psi4/basis/jun-cc-pvdz-jkfit.gbs 
    atoms 2-4, 6, 8-10, 13, 15-17, 19, 21, 23, 25-27, 30 entry H          line    70 file /home/alia/anaconda3/envs/mddemo/share/psi4/basis/jun-cc-pvdz-jkfit.gbs 
    atoms 5, 7, 11, 18, 20, 24, 28                       entry C          line   146 file /home/alia/anaconda3/envs/mddemo/share/psi4/basis/jun-cc-pvdz-jkfit.gbs 
    atoms 12, 22, 29                                     entry O          line   258 file /home/alia/anaconda3/envs/mddemo/share/psi4/basis/jun-cc-pvdz-jkfit.gbs 

  ==> Integral Setup <==

  ==> DiskDFJK: Density-Fitted J/K Matrices <==

    J tasked:                  Yes
    K tasked:                  Yes
    wK tasked:                  No
    OpenMP threads:             32
    Integrals threads:          32
    Memory [MiB]:            57220
    Algorithm:                Core
    Integral Cache:           LOAD
    Schwarz Cutoff:          1E-12
    Fitting Condition:       1E-10

   => Auxiliary Basis Set <=

  Basis Set: (JUN-CC-PVDZ AUX)
    Blend: JUN-CC-PVDZ-JKFIT
    Number of shells: 486
    Number of basis functions: 1362
    Number of Cartesian functions: 1542
    Spherical Harmonics?: true
    Max angular momentum: 3

  Minimum eigenvalue in the overlap matrix is 5.4029445725E-05.
  Reciprocal condition number of the overlap matrix is 4.7380323901E-06.
    Using symmetric orthogonalization.

  ==> Pre-Iterations <==

  SCF Guess: Superposition of Atomic Densities via on-the-fly atomic UHF (no occupation information).

   -------------------------
    Irrep   Nso     Nmo    
   -------------------------
     A        306     306 
   -------------------------
    Total     306     306
   -------------------------

  ==> Iterations <==

                           Total Energy        Delta E     RMS |[F,P]|

   @DF-RHF iter SAD:  -246.70702785178273   -2.46707e+02   0.00000e+00 
   @DF-RHF iter   1:  -247.11690147161221   -4.09874e-01   1.75938e-03 DIIS
   @DF-RHF iter   2:  -247.24394003267133   -1.27039e-01   1.11613e-03 DIIS
   @DF-RHF iter   3:  -247.28770058833936   -4.37606e-02   2.52811e-04 DIIS
   @DF-RHF iter   4:  -247.29140738495732   -3.70680e-03   9.03322e-05 DIIS
   @DF-RHF iter   5:  -247.29191778541534   -5.10400e-04   2.04971e-05 DIIS
   @DF-RHF iter   6:  -247.29197197730133   -5.41919e-05   9.04349e-06 DIIS
   @DF-RHF iter   7:  -247.29198175534026   -9.77804e-06   4.42004e-06 DIIS
   @DF-RHF iter   8:  -247.29198423385799   -2.47852e-06   1.49514e-06 DIIS
   @DF-RHF iter   9:  -247.29198450871849   -2.74860e-07   3.63691e-07 DIIS
   @DF-RHF iter  10:  -247.29198452214450   -1.34260e-08   1.06650e-07 DIIS
   @DF-RHF iter  11:  -247.29198452344048   -1.29597e-09   2.30510e-08 DIIS
   @DF-RHF iter  12:  -247.29198452350468   -6.42046e-11   7.45612e-09 DIIS
  Energy and wave function converged.


  ==> Post-Iterations <==

    Orbital Energies [Eh]
    ---------------------

    Doubly Occupied:                                                      

       1A    -20.756277     2A    -15.933145     3A    -11.531733  
       4A    -11.503200     5A    -11.441403     6A     -1.566457  
       7A     -1.502907     8A     -1.252323     9A     -1.096162  
      10A     -1.014741    11A     -0.957995    12A     -0.906807  
      13A     -0.887899    14A     -0.822029    15A     -0.810506  
      16A     -0.745078    17A     -0.732000    18A     -0.705041  
      19A     -0.675963    20A     -0.609746  

    Virtual:                                                              

      21A     -0.122864    22A     -0.071901    23A     -0.070126  
      24A     -0.059673    25A     -0.052130    26A     -0.031386  
      27A     -0.029230    28A     -0.024405    29A     -0.013969  
      30A     -0.007510    31A     -0.000666    32A      0.001848  
      33A      0.008410    34A      0.012887    35A      0.019175  
      36A      0.024275    37A      0.031181    38A      0.034823  
      39A      0.039950    40A      0.047297    41A      0.050066  
      42A      0.054637    43A      0.057159    44A      0.068011  
      45A      0.070248    46A      0.082042    47A      0.086156  
      48A      0.090800    49A      0.095327    50A      0.102328  
      51A      0.104251    52A      0.112246    53A      0.113489  
      54A      0.127197    55A      0.136159    56A      0.144087  
      57A      0.147909    58A      0.149356    59A      0.154046  
      60A      0.161270    61A      0.162549    62A      0.164721  
      63A      0.173552    64A      0.175703    65A      0.184064  
      66A      0.188731    67A      0.200061    68A      0.208107  
      69A      0.218937    70A      0.224576    71A      0.228413  
      72A      0.236019    73A      0.239419    74A      0.245063  
      75A      0.250741    76A      0.268190    77A      0.272618  
      78A      0.278747    79A      0.301277    80A      0.309640  
      81A      0.314768    82A      0.319379    83A      0.341101  
      84A      0.341737    85A      0.357948    86A      0.372609  
      87A      0.378528    88A      0.390812    89A      0.398180  
      90A      0.409003    91A      0.442271    92A      0.451426  
      93A      0.463054    94A      0.496961    95A      0.511350  
      96A      0.527343    97A      0.533457    98A      0.539333  
      99A      0.548242   100A      0.562845   101A      0.568709  
     102A      0.576078   103A      0.584631   104A      0.590770  
     105A      0.606786   106A      0.618931   107A      0.639802  
     108A      0.642234   109A      0.648437   110A      0.660520  
     111A      0.663899   112A      0.681543   113A      0.690833  
     114A      0.701003   115A      0.718987   116A      0.729885  
     117A      0.730697   118A      0.736440   119A      0.751731  
     120A      0.762542   121A      0.773968   122A      0.792250  
     123A      0.811207   124A      0.821947   125A      0.834732  
     126A      0.846865   127A      0.865252   128A      0.877221  
     129A      0.893762   130A      0.913516   131A      0.915823  
     132A      0.926316   133A      0.936841   134A      0.945198  
     135A      0.957876   136A      0.985986   137A      0.991925  
     138A      1.024994   139A      1.034607   140A      1.097598  
     141A      1.125946   142A      1.135743   143A      1.192839  
     144A      1.209614   145A      1.219235   146A      1.291013  
     147A      1.317030   148A      1.325999   149A      1.344087  
     150A      1.390797   151A      1.401821   152A      1.434168  
     153A      1.444434   154A      1.498658   155A      1.512837  
     156A      1.535686   157A      1.551266   158A      1.574915  
     159A      1.592473   160A      1.604792   161A      1.629655  
     162A      1.653277   163A      1.659647   164A      1.674089  
     165A      1.684666   166A      1.686030   167A      1.699455  
     168A      1.702217   169A      1.720978   170A      1.724252  
     171A      1.727479   172A      1.732400   173A      1.740257  
     174A      1.759395   175A      1.771920   176A      1.780666  
     177A      1.803531   178A      1.806168   179A      1.820617  
     180A      1.826941   181A      1.868835   182A      1.870883  
     183A      1.879400   184A      1.885828   185A      1.890379  
     186A      1.911337   187A      1.916157   188A      1.933056  
     189A      1.945759   190A      1.951260   191A      1.962782  
     192A      1.981936   193A      1.997231   194A      2.000059  
     195A      2.013860   196A      2.034672   197A      2.036018  
     198A      2.037992   199A      2.056740   200A      2.078027  
     201A      2.089206   202A      2.093846   203A      2.106637  
     204A      2.124371   205A      2.129437   206A      2.154486  
     207A      2.164946   208A      2.201369   209A      2.210337  
     210A      2.230722   211A      2.237488   212A      2.239640  
     213A      2.265655   214A      2.282565   215A      2.301844  
     216A      2.316639   217A      2.355512   218A      2.358423  
     219A      2.371798   220A      2.384661   221A      2.397148  
     222A      2.410883   223A      2.428702   224A      2.447572  
     225A      2.462747   226A      2.470814   227A      2.492061  
     228A      2.493716   229A      2.519146   230A      2.537052  
     231A      2.546866   232A      2.559200   233A      2.574748  
     234A      2.589779   235A      2.633016   236A      2.637620  
     237A      2.650441   238A      2.651033   239A      2.698177  
     240A      2.727842   241A      2.735912   242A      2.760012  
     243A      2.800303   244A      2.822171   245A      2.862429  
     246A      2.863204   247A      2.911893   248A      2.931143  
     249A      2.937860   250A      2.950411   251A      2.965559  
     252A      2.999315   253A      3.015704   254A      3.037723  
     255A      3.096648   256A      3.132783   257A      3.141610  
     258A      3.175761   259A      3.260655   260A      3.280638  
     261A      3.334931   262A      3.383852   263A      3.465203  
     264A      3.491313   265A      3.514197   266A      3.538961  
     267A      3.609168   268A      3.624288   269A      3.738449  
     270A      3.758862   271A      3.918496   272A      3.950465  
     273A      3.992262   274A      4.167156   275A      4.179445  
     276A      4.297188   277A      4.451353   278A      4.470950  
     279A      4.578238   280A      4.606292   281A      4.618517  
     282A      4.679264   283A      4.704443   284A      4.758347  
     285A      4.834956   286A      4.961022   287A      5.004209  
     288A      5.043210   289A      5.094710   290A      5.185773  
     291A      5.319362   292A      5.449026   293A      5.540534  
     294A      5.611418   295A      5.649511   296A      5.719993  
     297A      5.992867   298A      6.474184   299A      6.861392  
     300A     18.128650   301A     18.309715   302A     18.462053  
     303A     18.620292   304A     25.303152   305A     33.431052  
     306A     33.471094  

    Final Occupation by Irrep:
              A 
    DOCC [    20 ]

  @DF-RHF Final Energy:  -247.29198452350468

   => Energetics <=

    Nuclear Repulsion Energy =            185.1228237356013722
    One-Electron Energy =                -693.9267950497493302
    Two-Electron Energy =                 261.5119867906432773
    Total Energy =                       -247.2919845235046523

Computation Completed


Properties will be evaluated at   0.000000,   0.000000,   0.000000 [a0]

Properties computed using the SCF density matrix

  Nuclear Dipole Moment: [e a0]
     X:   104.2145      Y:  -375.7755      Z:  -131.3281

  Electronic Dipole Moment: [e a0]
     X:  -102.0964      Y:   365.4846      Z:   130.3048

  Dipole Moment: [e a0]
     X:     2.1181      Y:   -10.2909      Z:    -1.0234     Total:    10.5563

  Dipole Moment: [D]
     X:     5.3837      Y:   -26.1568      Z:    -2.6011     Total:    26.8315


*** tstop() called on aliaconda at Sun Mar 20 05:27:40 2022
Module time:
	user time   =     174.80 seconds =       2.91 minutes
	system time =      18.85 seconds =       0.31 minutes
	total time  =          9 seconds =       0.15 minutes
Total time:
	user time   =   61120.22 seconds =    1018.67 minutes
	system time =    8481.86 seconds =     141.36 minutes
	total time  =       3843 seconds =      64.05 minutes

  //>>>>>>>>>>>>>>>>>>>>>>>>>>>>>>>>>>>//
  //            Monomer B HF           //
  //<<<<<<<<<<<<<<<<<<<<<<<<<<<<<<<<<<<//


*** tstart() called on aliaconda
*** at Sun Mar 20 05:27:40 2022

   => Loading Basis Set <=

    Name: JUN-CC-PVDZ
    Role: ORBITAL
    Keyword: BASIS
    atoms 1, 14                                          entry N          line   198 file /home/alia/anaconda3/envs/mddemo/share/psi4/basis/jun-cc-pvdz.gbs 
    atoms 2-4, 6, 8-10, 13, 15-17, 19, 21, 23, 25-27, 30 entry H          line    36 file /home/alia/anaconda3/envs/mddemo/share/psi4/basis/jun-cc-pvdz.gbs 
    atoms 5, 7, 11, 18, 20, 24, 28                       entry C          line   164 file /home/alia/anaconda3/envs/mddemo/share/psi4/basis/jun-cc-pvdz.gbs 
    atoms 12, 22, 29                                     entry O          line   232 file /home/alia/anaconda3/envs/mddemo/share/psi4/basis/jun-cc-pvdz.gbs 


         ---------------------------------------------------------
                                   SCF
               by Justin Turney, Rob Parrish, Andy Simmonett
                          and Daniel G. A. Smith
                              RHF Reference
                       32 Threads,  76293 MiB Core
         ---------------------------------------------------------

  ==> Geometry <==

    Molecular point group: c1
    Full point group: C1

    Geometry (in Angstrom), charge = 1, multiplicity = 1:

       Center              X                  Y                   Z               Mass       
    ------------   -----------------  -----------------  -----------------  -----------------
      Gh(N)           0.659253391330    -5.888657401031    -1.053709726337    14.003074004430
      Gh(H)          -0.392746654446    -5.915657828277    -1.637709360126     1.007825032230
      Gh(H)           0.244253429477    -6.131657431548     0.049290437695     1.007825032230
      Gh(H)           1.226253303592    -6.650657484954    -1.381709318165     1.007825032230
      Gh(C)           1.302253517215    -4.591657469695    -1.205709676746    12.000000000000
      Gh(H)           0.711253437107    -3.803657362884    -0.871709566120     1.007825032230
      Gh(C)           2.569253477161    -4.592657397216    -0.403709630970    12.000000000000
      Gh(H)           3.240253480976    -5.407657454437    -0.885709505085     1.007825032230
      Gh(H)           2.381253513401    -5.045657465881     0.593290586468     1.007825032230
      Gh(H)           3.061253341739    -3.542657683318    -0.301709394459     1.007825032230
      Gh(C)           1.475253376072    -4.244657824462    -2.702709417347    12.000000000000
      Gh(O)           0.705253395145    -4.616657565063    -3.602709512714    15.994914619570
      Gh(H)           2.338790687626    -3.626540968841    -2.989475708012     1.007825032230
         N            0.214253219669     2.248342206055     0.617290277477    14.003074004430
         H            0.316253456180     1.110342671448     0.989290494915     1.007825032230
         H            0.144253524845     2.057342221314    -0.568709592823     1.007825032230
         H            1.102253231113     2.769342114503     0.765290517803     1.007825032230
         C           -1.029746738369     3.017342259461     0.964290399548    12.000000000000
         H           -1.776746478970     2.286342312867     1.209290285107     1.007825032230
         C           -0.921746459896     3.783342053467     2.253290433880    12.000000000000
         H           -1.875746456082     4.369342495972     2.578290243145     1.007825032230
         O            0.012253555362     4.838342358643     2.162290830608    15.994914619570
         H            0.865253242557     4.481342007691     1.925290365215     1.007825032230
         C           -0.594746318753     2.929341961915     3.471290845867    12.000000000000
         H            0.215253624027     2.264342000062     3.271290082928     1.007825032230
         H           -1.500746456082     2.396341969544     3.834290761944     1.007825032230
         H           -0.351746765072     3.625342061097     4.255290288921     1.007825032230
         C           -1.677746501858     3.783342053467    -0.155709486011    12.000000000000
         O           -2.881746498043     3.545342137391    -0.482709627155    15.994914619570
         H           -1.106281963284     4.553542782838    -0.694430093769     1.007825032230

  Running in c1 symmetry.

  Rotational constants: A =      0.03625  B =      0.00444  C =      0.00417 [cm^-1]
  Rotational constants: A =   1086.68312  B =    133.20415  C =    124.92883 [MHz]
  Nuclear repulsion =  327.755013352088326

  Charge       = 1
  Multiplicity = 1
  Electrons    = 56
  Nalpha       = 28
  Nbeta        = 28

  ==> Algorithm <==

  SCF Algorithm Type is DF.
  DIIS enabled.
  MOM disabled.
  Fractional occupation disabled.
  Guess Type is SAD.
  Energy threshold   = 1.00e-08
  Density threshold  = 1.00e-08
  Integral threshold = 1.00e-12

  ==> Primary Basis <==

  Basis Set: JUN-CC-PVDZ
    Blend: JUN-CC-PVDZ
    Number of shells: 150
    Number of basis functions: 306
    Number of Cartesian functions: 318
    Spherical Harmonics?: true
    Max angular momentum: 2

   => Loading Basis Set <=

    Name: (JUN-CC-PVDZ AUX)
    Role: JKFIT
    Keyword: DF_BASIS_SCF
    atoms 1, 14                                          entry N          line   202 file /home/alia/anaconda3/envs/mddemo/share/psi4/basis/jun-cc-pvdz-jkfit.gbs 
    atoms 2-4, 6, 8-10, 13, 15-17, 19, 21, 23, 25-27, 30 entry H          line    70 file /home/alia/anaconda3/envs/mddemo/share/psi4/basis/jun-cc-pvdz-jkfit.gbs 
    atoms 5, 7, 11, 18, 20, 24, 28                       entry C          line   146 file /home/alia/anaconda3/envs/mddemo/share/psi4/basis/jun-cc-pvdz-jkfit.gbs 
    atoms 12, 22, 29                                     entry O          line   258 file /home/alia/anaconda3/envs/mddemo/share/psi4/basis/jun-cc-pvdz-jkfit.gbs 

  ==> Integral Setup <==

  ==> DiskDFJK: Density-Fitted J/K Matrices <==

    J tasked:                  Yes
    K tasked:                  Yes
    wK tasked:                  No
    OpenMP threads:             32
    Integrals threads:          32
    Memory [MiB]:            57220
    Algorithm:                Core
    Integral Cache:           LOAD
    Schwarz Cutoff:          1E-12
    Fitting Condition:       1E-10

   => Auxiliary Basis Set <=

  Basis Set: (JUN-CC-PVDZ AUX)
    Blend: JUN-CC-PVDZ-JKFIT
    Number of shells: 486
    Number of basis functions: 1362
    Number of Cartesian functions: 1542
    Spherical Harmonics?: true
    Max angular momentum: 3

  Minimum eigenvalue in the overlap matrix is 5.4029445725E-05.
  Reciprocal condition number of the overlap matrix is 4.7380323902E-06.
    Using symmetric orthogonalization.

  ==> Pre-Iterations <==

  SCF Guess: Superposition of Atomic Densities via on-the-fly atomic UHF (no occupation information).

   -------------------------
    Irrep   Nso     Nmo    
   -------------------------
     A        306     306 
   -------------------------
    Total     306     306
   -------------------------

  ==> Iterations <==

                           Total Energy        Delta E     RMS |[F,P]|

   @DF-RHF iter SAD:  -360.50613684237146   -3.60506e+02   0.00000e+00 
   @DF-RHF iter   1:  -360.89552447561920   -3.89388e-01   2.20900e-03 DIIS
   @DF-RHF iter   2:  -361.08320112659527   -1.87677e-01   1.43771e-03 DIIS
   @DF-RHF iter   3:  -361.15504987671142   -7.18488e-02   3.25329e-04 DIIS
   @DF-RHF iter   4:  -361.16069252846535   -5.64265e-03   1.24878e-04 DIIS
   @DF-RHF iter   5:  -361.16154826985814   -8.55741e-04   2.84568e-05 DIIS
   @DF-RHF iter   6:  -361.16162742128478   -7.91514e-05   1.40552e-05 DIIS
   @DF-RHF iter   7:  -361.16164840715942   -2.09859e-05   6.21709e-06 DIIS
   @DF-RHF iter   8:  -361.16165361216974   -5.20501e-06   2.64482e-06 DIIS
   @DF-RHF iter   9:  -361.16165463284227   -1.02067e-06   7.95696e-07 DIIS
   @DF-RHF iter  10:  -361.16165474394398   -1.11102e-07   2.91984e-07 DIIS
   @DF-RHF iter  11:  -361.16165476384310   -1.98991e-08   1.44661e-07 DIIS
   @DF-RHF iter  12:  -361.16165476992126   -6.07815e-09   8.37543e-08 DIIS
   @DF-RHF iter  13:  -361.16165477251366   -2.59240e-09   3.90180e-08 DIIS
   @DF-RHF iter  14:  -361.16165477298210   -4.68447e-10   1.18811e-08 DIIS
   @DF-RHF iter  15:  -361.16165477301331   -3.12070e-11   4.12586e-09 DIIS
  Energy and wave function converged.


  ==> Post-Iterations <==

    Orbital Energies [Eh]
    ---------------------

    Doubly Occupied:                                                      

       1A    -20.755635     2A    -20.739502     3A    -15.953470  
       4A    -11.529659     5A    -11.503463     6A    -11.478945  
       7A    -11.387958     8A     -1.558964     9A     -1.540745  
      10A     -1.496264    11A     -1.253820    12A     -1.163944  
      13A     -1.027625    14A     -1.008143    15A     -0.968927  
      16A     -0.917682    17A     -0.899748    18A     -0.848880  
      19A     -0.813729    20A     -0.801650    21A     -0.775370  
      22A     -0.758486    23A     -0.712543    24A     -0.693738  
      25A     -0.666824    26A     -0.655396    27A     -0.630787  
      28A     -0.602724  

    Virtual:                                                              

      29A     -0.141168    30A     -0.085987    31A     -0.073467  
      32A     -0.064271    33A     -0.049314    34A     -0.040061  
      35A     -0.033995    36A     -0.028800    37A     -0.026081  
      38A     -0.014126    39A     -0.012771    40A     -0.007535  
      41A     -0.002580    42A     -0.000741    43A      0.013170  
      44A      0.016943    45A      0.026626    46A      0.030870  
      47A      0.036036    48A      0.039243    49A      0.043041  
      50A      0.043647    51A      0.047334    52A      0.050048  
      53A      0.051751    54A      0.063871    55A      0.072201  
      56A      0.079030    57A      0.085103    58A      0.094772  
      59A      0.099222    60A      0.107557    61A      0.111298  
      62A      0.112798    63A      0.120551    64A      0.125813  
      65A      0.137358    66A      0.141196    67A      0.143955  
      68A      0.146396    69A      0.151864    70A      0.160384  
      71A      0.170278    72A      0.178042    73A      0.180186  
      74A      0.184820    75A      0.193234    76A      0.195529  
      77A      0.204005    78A      0.205267    79A      0.214706  
      80A      0.220494    81A      0.229783    82A      0.231442  
      83A      0.240242    84A      0.254050    85A      0.267388  
      86A      0.277852    87A      0.281058    88A      0.283981  
      89A      0.285569    90A      0.301250    91A      0.308990  
      92A      0.319583    93A      0.330262    94A      0.348312  
      95A      0.351713    96A      0.364164    97A      0.370212  
      98A      0.373231    99A      0.382904   100A      0.395754  
     101A      0.430861   102A      0.435348   103A      0.437712  
     104A      0.460083   105A      0.496620   106A      0.504346  
     107A      0.513316   108A      0.538878   109A      0.547976  
     110A      0.555846   111A      0.583061   112A      0.595045  
     113A      0.602356   114A      0.619236   115A      0.629723  
     116A      0.631605   117A      0.653908   118A      0.667823  
     119A      0.685003   120A      0.690586   121A      0.693394  
     122A      0.712130   123A      0.727932   124A      0.728562  
     125A      0.737003   126A      0.746117   127A      0.757992  
     128A      0.773088   129A      0.780528   130A      0.790632  
     131A      0.795738   132A      0.807917   133A      0.810524  
     134A      0.814186   135A      0.838157   136A      0.865432  
     137A      0.875425   138A      0.883751   139A      0.891311  
     140A      0.899927   141A      0.908401   142A      0.926267  
     143A      0.932655   144A      0.967445   145A      0.973132  
     146A      0.994131   147A      1.009542   148A      1.093525  
     149A      1.147578   150A      1.154374   151A      1.169148  
     152A      1.202468   153A      1.239449   154A      1.272029  
     155A      1.290601   156A      1.329178   157A      1.341597  
     158A      1.357730   159A      1.374322   160A      1.382661  
     161A      1.394120   162A      1.406087   163A      1.430303  
     164A      1.464772   165A      1.475269   166A      1.506155  
     167A      1.524593   168A      1.527927   169A      1.544621  
     170A      1.546031   171A      1.575493   172A      1.583536  
     173A      1.597018   174A      1.608381   175A      1.639439  
     176A      1.657726   177A      1.668315   178A      1.678232  
     179A      1.685274   180A      1.694937   181A      1.712991  
     182A      1.733063   183A      1.738873   184A      1.740624  
     185A      1.749699   186A      1.756175   187A      1.775028  
     188A      1.780804   189A      1.785024   190A      1.789699  
     191A      1.802278   192A      1.809177   193A      1.844574  
     194A      1.851587   195A      1.852571   196A      1.865893  
     197A      1.894065   198A      1.899442   199A      1.903397  
     200A      1.908218   201A      1.937078   202A      1.945941  
     203A      1.959948   204A      1.960024   205A      1.975007  
     206A      1.978477   207A      1.982938   208A      2.006477  
     209A      2.017862   210A      2.034074   211A      2.056270  
     212A      2.059432   213A      2.083095   214A      2.094950  
     215A      2.121696   216A      2.125739   217A      2.137146  
     218A      2.139469   219A      2.145534   220A      2.171475  
     221A      2.191747   222A      2.205324   223A      2.220342  
     224A      2.231922   225A      2.252585   226A      2.252954  
     227A      2.280503   228A      2.289299   229A      2.327824  
     230A      2.334141   231A      2.347453   232A      2.375840  
     233A      2.382850   234A      2.405958   235A      2.439180  
     236A      2.443549   237A      2.446706   238A      2.466664  
     239A      2.474609   240A      2.475699   241A      2.495479  
     242A      2.508872   243A      2.535307   244A      2.574185  
     245A      2.609910   246A      2.612801   247A      2.663752  
     248A      2.666890   249A      2.681234   250A      2.682049  
     251A      2.724477   252A      2.725280   253A      2.746394  
     254A      2.767292   255A      2.773265   256A      2.777227  
     257A      2.813960   258A      2.825851   259A      2.892085  
     260A      2.920910   261A      2.931370   262A      2.949878  
     263A      2.985860   264A      3.072724   265A      3.077951  
     266A      3.120730   267A      3.127014   268A      3.156945  
     269A      3.203432   270A      3.222901   271A      3.270028  
     272A      3.270110   273A      3.305504   274A      3.374544  
     275A      3.464203   276A      3.501145   277A      3.557157  
     278A      3.561164   279A      3.652565   280A      3.721966  
     281A      3.750036   282A      3.952964   283A      3.983664  
     284A      3.985104   285A      4.128030   286A      4.162193  
     287A      4.259952   288A      4.367121   289A      4.579298  
     290A      4.623265   291A      4.649711   292A      4.776070  
     293A      4.820493   294A      4.951600   295A      5.035054  
     296A      5.231486   297A      5.437081   298A      5.521935  
     299A      5.677612   300A      5.872040   301A      6.581141  
     302A     18.154657   303A     18.350651   304A     18.543138  
     305A     25.318350   306A     33.422250  

    Final Occupation by Irrep:
              A 
    DOCC [    28 ]

  @DF-RHF Final Energy:  -361.16165477301331

   => Energetics <=

    Nuclear Repulsion Energy =            327.7550133520883264
    One-Electron Energy =               -1131.5440958866959136
    Two-Electron Energy =                 442.6274277615942765
    Total Energy =                       -361.1616547730133107

Computation Completed


Properties will be evaluated at   0.000000,   0.000000,   0.000000 [a0]

Properties computed using the SCF density matrix

  Nuclear Dipole Moment: [e a0]
     X:   -95.9378      Y:   366.2321      Z:   140.8259

  Electronic Dipole Moment: [e a0]
     X:    96.9582      Y:  -362.2094      Z:  -139.0165

  Dipole Moment: [e a0]
     X:     1.0205      Y:     4.0227      Z:     1.8094     Total:     4.5274

  Dipole Moment: [D]
     X:     2.5937      Y:    10.2248      Z:     4.5989     Total:    11.5075


*** tstop() called on aliaconda at Sun Mar 20 05:27:51 2022
Module time:
	user time   =     231.95 seconds =       3.87 minutes
	system time =      25.79 seconds =       0.43 minutes
	total time  =         11 seconds =       0.18 minutes
Total time:
	user time   =   61352.26 seconds =    1022.54 minutes
	system time =    8507.67 seconds =     141.79 minutes
	total time  =       3854 seconds =      64.23 minutes
  Constructing Basis Sets for SAPT...

   => Loading Basis Set <=

    Name: (JUN-CC-PVDZ AUX)
    Role: RIFIT
    Keyword: DF_BASIS_SAPT
    atoms 1, 14                                          entry N          line   144 file /home/alia/anaconda3/envs/mddemo/share/psi4/basis/jun-cc-pvdz-ri.gbs 
    atoms 2-4, 6, 8-10, 13, 15-17, 19, 21, 23, 25-27, 30 entry H          line    30 file /home/alia/anaconda3/envs/mddemo/share/psi4/basis/jun-cc-pvdz-ri.gbs 
    atoms 5, 7, 11, 18, 20, 24, 28                       entry C          line   100 file /home/alia/anaconda3/envs/mddemo/share/psi4/basis/jun-cc-pvdz-ri.gbs 
    atoms 12, 22, 29                                     entry O          line   188 file /home/alia/anaconda3/envs/mddemo/share/psi4/basis/jun-cc-pvdz-ri.gbs 


  //>>>>>>>>>>>>>>>>>>>>>>>>>>>>>>>>>>>//
  //               SAPT0               //
  //<<<<<<<<<<<<<<<<<<<<<<<<<<<<<<<<<<<//


*** tstart() called on aliaconda
*** at Sun Mar 20 05:27:51 2022

        SAPT0  
    Ed Hohenstein
     6 June 2009

      Orbital Information
  --------------------------
    NSO        =       306
    NMO        =       306
    NRI        =      1032
    NOCC A     =        20
    NOCC B     =        28
    FOCC A     =         0
    FOCC B     =         0
    NVIR A     =       286
    NVIR B     =       278

    Elst10,r            =     0.069468330677 [Eh]
    Exch10              =    -0.000000049561 [Eh]
    Exch10 (S^2)        =    -0.000000049561 [Eh]

    Iter     Energy [mEh]          dE [mEh]         Residual      Time [s]
       1      -0.48823845       0.488238447       6.059881068             0
       2      -0.47150755      -0.016730895       2.067842988             1
       3      -0.49995872       0.028451164       0.886192250             2
       4      -0.51378957       0.013830856       0.212972393             2
       5      -0.51239644      -0.001393132       0.132167790             3
       6      -0.51140948      -0.000986959       0.038880602             3
       7      -0.51171023       0.000300752       0.013779262             4
       8      -0.51175711       0.000046880       0.006314659             4
       9      -0.51172777      -0.000029343       0.003751489             5
      10      -0.51172253      -0.000005242       0.001021564             5
      11      -0.51172805       0.000005522       0.000267428             6
      12      -0.51172798      -0.000000071       0.000072509             6
      13      -0.51172768      -0.000000301       0.000018700             7
      14      -0.51172768      -0.000000001       0.000004812             8
      15      -0.51172769       0.000000016       0.000001390             8
      16      -0.51172769      -0.000000000       0.000000460             9

    CHF Iterations converged


    Iter     Energy [mEh]          dE [mEh]         Residual      Time [s]
       1      -0.30557626       0.305576259       3.885670112             0
       2      -0.32262707       0.017050811       1.696859516             1
       3      -0.34567676       0.023049686       0.550100266             1
       4      -0.34954022       0.003863465       0.148090610             2
       5      -0.34873780      -0.000802427       0.090177565             3
       6      -0.34813013      -0.000607663       0.031355151             3
       7      -0.34824423       0.000114100       0.019306626             4
       8      -0.34834595       0.000101716       0.007080709             4
       9      -0.34831494      -0.000031008       0.003483176             5
      10      -0.34830531      -0.000009629       0.001541409             6
      11      -0.34831146       0.000006145       0.000638011             6
      12      -0.34831227       0.000000816       0.000166536             7
      13      -0.34831163      -0.000000644       0.000047197             7
      14      -0.34831157      -0.000000058       0.000015302             8
      15      -0.34831161       0.000000041       0.000004913             9
      16      -0.34831162       0.000000007       0.000001592             9
      17      -0.34831162      -0.000000004       0.000000632            10

    CHF Iterations converged

    Ind20,r (A<-B)      =    -0.000511727694 [Eh]
    Ind20,r (B<-A)      =    -0.000348311615 [Eh]
    Ind20,r             =    -0.000860039309 [Eh]
    Exch-Ind20,r (A<-B) =     0.000000008852 [Eh]
    Exch-Ind20,r (B<-A) =     0.000000008228 [Eh]
    Exch-Ind20,r        =     0.000000017080 [Eh]
    Disp20              =    -0.000075670368 [Eh]
    Disp20 (SS)         =    -0.000037835184 [Eh]
    Disp20 (OS)         =    -0.000037835184 [Eh]
    Exch-Disp20         =     0.000000006568 [Eh]
    Exch-Disp20 (SS)    =     0.000000004479 [Eh]
    Exch-Disp20 (OS)    =     0.000000002089 [Eh]

    SAPT Results 
  --------------------------------------------------------------------------------------------------------
    Electrostatics                 69.46833068 [mEh]      43.59203563 [kcal/mol]     182.38907706 [kJ/mol]
      Elst10,r                     69.46833068 [mEh]      43.59203563 [kcal/mol]     182.38907706 [kJ/mol]

    Exchange                       -0.00004956 [mEh]      -0.00003110 [kcal/mol]      -0.00013012 [kJ/mol]
      Exch10                       -0.00004956 [mEh]      -0.00003110 [kcal/mol]      -0.00013012 [kJ/mol]
      Exch10(S^2)                  -0.00004956 [mEh]      -0.00003110 [kcal/mol]      -0.00013012 [kJ/mol]

    Induction                      -0.84618048 [mEh]      -0.53098627 [kcal/mol]      -2.22164654 [kJ/mol]
      Ind20,r                      -0.86003931 [mEh]      -0.53968281 [kcal/mol]      -2.25803290 [kJ/mol]
      Exch-Ind20,r                  0.00001708 [mEh]       0.00001072 [kcal/mol]       0.00004484 [kJ/mol]
      delta HF,r (2)                0.01384175 [mEh]       0.00868583 [kcal/mol]       0.03634151 [kJ/mol]

    Dispersion                     -0.07566380 [mEh]      -0.04747975 [kcal/mol]      -0.19865528 [kJ/mol]
      Disp20                       -0.07567037 [mEh]      -0.04748387 [kcal/mol]      -0.19867252 [kJ/mol]
      Exch-Disp20                   0.00000657 [mEh]       0.00000412 [kcal/mol]       0.00001724 [kJ/mol]
      Disp20 (SS)                  -0.03783518 [mEh]      -0.02374194 [kcal/mol]      -0.09933626 [kJ/mol]
      Disp20 (OS)                  -0.03783518 [mEh]      -0.02374194 [kcal/mol]      -0.09933626 [kJ/mol]
      Exch-Disp20 (SS)              0.00000448 [mEh]       0.00000281 [kcal/mol]       0.00001176 [kJ/mol]
      Exch-Disp20 (OS)              0.00000209 [mEh]       0.00000131 [kcal/mol]       0.00000548 [kJ/mol]

  Total HF                         68.62210064 [mEh]      43.06101826 [kcal/mol]     180.16730040 [kJ/mol]
  Total SAPT0                      68.54643684 [mEh]      43.01353851 [kcal/mol]     179.96864513 [kJ/mol]

  Special recipe for scaled SAPT0 (see Manual):
    Electrostatics sSAPT0          69.46833068 [mEh]      43.59203563 [kcal/mol]     182.38907706 [kJ/mol]
    Exchange sSAPT0                -0.00004956 [mEh]      -0.00003110 [kcal/mol]      -0.00013012 [kJ/mol]
    Induction sSAPT0               -0.84618048 [mEh]      -0.53098627 [kcal/mol]      -2.22164654 [kJ/mol]
    Dispersion sSAPT0              -0.07566380 [mEh]      -0.04747975 [kcal/mol]      -0.19865528 [kJ/mol]
  Total sSAPT0                     68.54643684 [mEh]      43.01353851 [kcal/mol]     179.96864513 [kJ/mol]
  --------------------------------------------------------------------------------------------------------

*** tstop() called on aliaconda at Sun Mar 20 05:28:40 2022
Module time:
	user time   =     687.51 seconds =      11.46 minutes
	system time =     119.58 seconds =       1.99 minutes
	total time  =         49 seconds =       0.82 minutes
Total time:
	user time   =   62042.39 seconds =    1034.04 minutes
	system time =    8627.72 seconds =     143.80 minutes
	total time  =       3903 seconds =      65.05 minutes


Warning! sapt0 does not have an associated derived wavefunction.The returned wavefunction is the dimer SCF wavefunction.


  Memory set to  74.506 GiB by Python driver.
  Threads set to 32 by Python driver.
