
Scratch directory: /tmp/

Scratch directory: /tmp/

  //>>>>>>>>>>>>>>>>>>>>>>>>>>>>>>>>>>>//
  //              Dimer HF             //
  //<<<<<<<<<<<<<<<<<<<<<<<<<<<<<<<<<<<//


*** tstart() called on aliaconda
*** at Sun Mar 20 06:35:24 2022

   => Loading Basis Set <=

    Name: JUN-CC-PVDZ
    Role: ORBITAL
    Keyword: BASIS
    atoms 1, 14                                          entry N          line   198 file /home/alia/anaconda3/envs/mddemo/share/psi4/basis/jun-cc-pvdz.gbs 
    atoms 2-4, 6, 8-10, 13, 15-17, 19, 21, 23, 25-27, 30 entry H          line    36 file /home/alia/anaconda3/envs/mddemo/share/psi4/basis/jun-cc-pvdz.gbs 
    atoms 5, 7, 11, 18, 20, 24, 28                       entry C          line   164 file /home/alia/anaconda3/envs/mddemo/share/psi4/basis/jun-cc-pvdz.gbs 
    atoms 12, 22, 29                                     entry O          line   232 file /home/alia/anaconda3/envs/mddemo/share/psi4/basis/jun-cc-pvdz.gbs 


         ---------------------------------------------------------
                                   SCF
               by Justin Turney, Rob Parrish, Andy Simmonett
                          and Daniel G. A. Smith
                              RHF Reference
                       32 Threads,  76293 MiB Core
         ---------------------------------------------------------

  ==> Geometry <==

    Molecular point group: c1
    Full point group: C1

    Geometry (in Angstrom), charge = 2, multiplicity = 1:

       Center              X                  Y                   Z               Mass       
    ------------   -----------------  -----------------  -----------------  -----------------
         N           -0.365848537788    -7.023960659677    -1.162586626747    14.003074004430
         H           -1.062848564491    -7.387960741693    -2.071586546638     1.007825032230
         H           -1.171848770484    -6.963960716898    -0.271586832741     1.007825032230
         H            0.299151424065    -7.773960659677    -0.933586535194     1.007825032230
         C            0.273151401177    -5.761960575754    -1.485586580971    12.000000000000
         H           -0.251848694191    -5.007960865671    -0.892586645820     1.007825032230
         C            1.702151301995    -5.880960533792    -0.971586642006    12.000000000000
         H            2.397151235238    -6.589960644419    -1.557586607673     1.007825032230
         H            1.777151349679    -6.262960503275     0.039413514397     1.007825032230
         H            2.205151322976    -4.926960537607    -1.010586676338     1.007825032230
         C            0.374151233330    -5.224960873301    -2.915586647728    12.000000000000
         O           -0.056848522529    -5.773960659677    -3.979586658218    15.994914619570
         H            0.876498464241    -4.253954003031    -3.037212309578     1.007825032230
         N            0.578151229516     2.982038905447     0.404413285515    14.003074004430
         H            0.685151342049     1.821039607351     0.692413392327     1.007825032230
         H            0.273151401177     2.842039515799    -0.752586779335     1.007825032230
         H            1.504151347771     3.445039202993     0.390413346550     1.007825032230
         C           -0.483848568306     3.794039180105     1.021413388512    12.000000000000
         H           -1.419848438606     3.327039172476     0.951413216850     1.007825032230
         C           -0.326848503456     4.268039157217     2.550413193962    12.000000000000
         H           -1.289848801002     4.593038966482     2.821413102410     1.007825032230
         O            0.518151286736     5.362039973562     2.950413766167    15.994914619570
         H            1.396151307717     5.062039782827     2.559413018486     1.007825032230
         C            0.063151363030     3.029039790457     3.424413743279    12.000000000000
         H            1.007151368752     2.736039569204     3.026413026116     1.007825032230
         H           -0.709848877296     2.158039500540     3.193413796684     1.007825032230
         H            0.088151458397     3.247039248770     4.490413728020     1.007825032230
         C           -0.676848884925     5.030039241140     0.153413357994    12.000000000000
         O           -1.769848820076     5.416038920706    -0.106586394050    15.994914619570
         H            0.200324538842     5.568334986990    -0.234921393135     1.007825032230

  Running in c1 symmetry.

  Rotational constants: A =      0.03781  B =      0.00317  C =      0.00302 [cm^-1]
  Rotational constants: A =   1133.64631  B =     95.08119  C =     90.52636 [MHz]
  Nuclear repulsion =  623.437384845222027

  Charge       = 2
  Multiplicity = 1
  Electrons    = 96
  Nalpha       = 48
  Nbeta        = 48

  ==> Algorithm <==

  SCF Algorithm Type is DF.
  DIIS enabled.
  MOM disabled.
  Fractional occupation disabled.
  Guess Type is SAD.
  Energy threshold   = 1.00e-08
  Density threshold  = 1.00e-08
  Integral threshold = 1.00e-12

  ==> Primary Basis <==

  Basis Set: JUN-CC-PVDZ
    Blend: JUN-CC-PVDZ
    Number of shells: 150
    Number of basis functions: 306
    Number of Cartesian functions: 318
    Spherical Harmonics?: true
    Max angular momentum: 2

   => Loading Basis Set <=

    Name: (JUN-CC-PVDZ AUX)
    Role: JKFIT
    Keyword: DF_BASIS_SCF
    atoms 1, 14                                          entry N          line   202 file /home/alia/anaconda3/envs/mddemo/share/psi4/basis/jun-cc-pvdz-jkfit.gbs 
    atoms 2-4, 6, 8-10, 13, 15-17, 19, 21, 23, 25-27, 30 entry H          line    70 file /home/alia/anaconda3/envs/mddemo/share/psi4/basis/jun-cc-pvdz-jkfit.gbs 
    atoms 5, 7, 11, 18, 20, 24, 28                       entry C          line   146 file /home/alia/anaconda3/envs/mddemo/share/psi4/basis/jun-cc-pvdz-jkfit.gbs 
    atoms 12, 22, 29                                     entry O          line   258 file /home/alia/anaconda3/envs/mddemo/share/psi4/basis/jun-cc-pvdz-jkfit.gbs 

  ==> Integral Setup <==

  ==> DiskDFJK: Density-Fitted J/K Matrices <==

    J tasked:                  Yes
    K tasked:                  Yes
    wK tasked:                  No
    OpenMP threads:             32
    Integrals threads:          32
    Memory [MiB]:            57220
    Algorithm:                Core
    Integral Cache:           SAVE
    Schwarz Cutoff:          1E-12
    Fitting Condition:       1E-10

   => Auxiliary Basis Set <=

  Basis Set: (JUN-CC-PVDZ AUX)
    Blend: JUN-CC-PVDZ-JKFIT
    Number of shells: 486
    Number of basis functions: 1362
    Number of Cartesian functions: 1542
    Spherical Harmonics?: true
    Max angular momentum: 3

  Minimum eigenvalue in the overlap matrix is 7.0140757923E-05.
  Reciprocal condition number of the overlap matrix is 6.1946056132E-06.
    Using symmetric orthogonalization.

  ==> Pre-Iterations <==

  SCF Guess: Superposition of Atomic Densities via on-the-fly atomic UHF (no occupation information).

   -------------------------
    Irrep   Nso     Nmo    
   -------------------------
     A        306     306 
   -------------------------
    Total     306     306
   -------------------------

  ==> Iterations <==

                           Total Energy        Delta E     RMS |[F,P]|

   @DF-RHF iter SAD:  -607.10005643466275   -6.07100e+02   0.00000e+00 
   @DF-RHF iter   1:  -607.94486188784458   -8.44805e-01   2.82297e-03 DIIS
   @DF-RHF iter   2:  -608.26172850107741   -3.16867e-01   1.84269e-03 DIIS
   @DF-RHF iter   3:  -608.38034554837225   -1.18617e-01   4.00131e-04 DIIS
   @DF-RHF iter   4:  -608.38950232075558   -9.15677e-03   1.45948e-04 DIIS
   @DF-RHF iter   5:  -608.39077088177100   -1.26856e-03   3.77075e-05 DIIS
   @DF-RHF iter   6:  -608.39089885176236   -1.27970e-04   1.98662e-05 DIIS
   @DF-RHF iter   7:  -608.39093344949379   -3.45977e-05   8.55049e-06 DIIS
   @DF-RHF iter   8:  -608.39094206136724   -8.61187e-06   3.69885e-06 DIIS
   @DF-RHF iter   9:  -608.39094370125190   -1.63988e-06   1.38635e-06 DIIS
   @DF-RHF iter  10:  -608.39094394723872   -2.45987e-07   4.68034e-07 DIIS
   @DF-RHF iter  11:  -608.39094397665394   -2.94152e-08   1.93091e-07 DIIS
   @DF-RHF iter  12:  -608.39094398425732   -7.60338e-09   9.44463e-08 DIIS
   @DF-RHF iter  13:  -608.39094398633597   -2.07865e-09   4.60406e-08 DIIS
   @DF-RHF iter  14:  -608.39094398699592   -6.59952e-10   1.95341e-08 DIIS
   @DF-RHF iter  15:  -608.39094398709790   -1.01977e-10   7.46461e-09 DIIS
  Energy and wave function converged.


  ==> Post-Iterations <==

    Orbital Energies [Eh]
    ---------------------

    Doubly Occupied:                                                      

       1A    -20.810726     2A    -20.794893     3A    -20.793082  
       4A    -16.006227     5A    -15.989818     6A    -11.595111  
       7A    -11.572523     8A    -11.565352     9A    -11.551748  
      10A    -11.526023    11A    -11.489066    12A    -11.451916  
      13A     -1.639553    14A     -1.599402    15A     -1.578209  
      16A     -1.557479    17A     -1.557456    18A     -1.309878  
      19A     -1.285287    20A     -1.201333    21A     -1.161877  
      22A     -1.072665    23A     -1.069221    24A     -1.060849  
      25A     -1.009547    26A     -1.007267    27A     -0.981560  
      28A     -0.965221    29A     -0.956578    30A     -0.927576  
      31A     -0.888203    32A     -0.878417    33A     -0.863616  
      34A     -0.858973    35A     -0.851931    36A     -0.818628  
      37A     -0.809900    38A     -0.802421    39A     -0.797083  
      40A     -0.769704    41A     -0.760209    42A     -0.749932  
      43A     -0.728978    44A     -0.718846    45A     -0.712515  
      46A     -0.669602    47A     -0.667524    48A     -0.636318  

    Virtual:                                                              

      49A     -0.196079    50A     -0.177516    51A     -0.142695  
      52A     -0.134038    53A     -0.132141    54A     -0.129586  
      55A     -0.113070    56A     -0.109335    57A     -0.104890  
      58A     -0.094340    59A     -0.088260    60A     -0.086239  
      61A     -0.082780    62A     -0.076736    63A     -0.071430  
      64A     -0.071211    65A     -0.064825    66A     -0.060612  
      67A     -0.057988    68A     -0.053042    69A     -0.041107  
      70A     -0.040494    71A     -0.033566    72A     -0.029007  
      73A     -0.025617    74A     -0.024273    75A     -0.021928  
      76A     -0.019623    77A     -0.012565    78A     -0.011466  
      79A     -0.005966    80A     -0.001111    81A      0.004567  
      82A      0.020117    83A      0.021316    84A      0.033885  
      85A      0.038523    86A      0.045369    87A      0.050669  
      88A      0.052504    89A      0.061516    90A      0.063189  
      91A      0.070012    92A      0.082135    93A      0.091943  
      94A      0.093976    95A      0.103733    96A      0.106157  
      97A      0.115354    98A      0.120170    99A      0.123772  
     100A      0.127187   101A      0.134030   102A      0.134884  
     103A      0.136142   104A      0.152315   105A      0.156748  
     106A      0.158049   107A      0.166957   108A      0.170714  
     109A      0.183880   110A      0.195031   111A      0.199269  
     112A      0.212049   113A      0.217843   114A      0.221447  
     115A      0.227513   116A      0.231605   117A      0.252568  
     118A      0.252830   119A      0.260159   120A      0.267074  
     121A      0.278374   122A      0.298122   123A      0.319790  
     124A      0.329976   125A      0.371226   126A      0.385500  
     127A      0.443276   128A      0.480978   129A      0.485999  
     130A      0.502168   131A      0.515669   132A      0.516162  
     133A      0.537401   134A      0.546433   135A      0.560993  
     136A      0.570938   137A      0.580317   138A      0.583045  
     139A      0.598099   140A      0.610849   141A      0.613928  
     142A      0.638541   143A      0.640520   144A      0.646269  
     145A      0.649285   146A      0.655932   147A      0.670941  
     148A      0.679124   149A      0.683247   150A      0.690591  
     151A      0.701777   152A      0.705673   153A      0.730526  
     154A      0.732462   155A      0.735334   156A      0.750858  
     157A      0.751935   158A      0.757232   159A      0.774115  
     160A      0.775126   161A      0.782376   162A      0.793530  
     163A      0.814408   164A      0.825154   165A      0.831718  
     166A      0.835314   167A      0.841852   168A      0.849642  
     169A      0.864046   170A      0.873450   171A      0.878274  
     172A      0.929550   173A      0.931057   174A      0.939943  
     175A      0.990668   176A      1.023784   177A      1.054804  
     178A      1.055044   179A      1.077161   180A      1.127236  
     181A      1.143065   182A      1.159158   183A      1.184145  
     184A      1.186898   185A      1.212850   186A      1.229693  
     187A      1.247425   188A      1.264868   189A      1.267686  
     190A      1.283340   191A      1.287821   192A      1.301518  
     193A      1.303925   194A      1.306581   195A      1.310705  
     196A      1.329719   197A      1.331075   198A      1.346492  
     199A      1.360270   200A      1.368870   201A      1.369701  
     202A      1.405198   203A      1.430722   204A      1.447097  
     205A      1.458104   206A      1.462068   207A      1.479351  
     208A      1.515547   209A      1.523433   210A      1.537750  
     211A      1.555762   212A      1.565334   213A      1.579730  
     214A      1.616622   215A      1.618566   216A      1.651314  
     217A      1.659095   218A      1.661705   219A      1.674981  
     220A      1.689475   221A      1.694667   222A      1.697918  
     223A      1.705890   224A      1.725795   225A      1.728601  
     226A      1.740478   227A      1.744426   228A      1.756205  
     229A      1.763204   230A      1.769268   231A      1.785618  
     232A      1.797512   233A      1.799020   234A      1.803985  
     235A      1.815419   236A      1.828753   237A      1.840391  
     238A      1.842791   239A      1.849558   240A      1.868363  
     241A      1.868975   242A      1.878338   243A      1.913105  
     244A      1.958997   245A      1.964837   246A      1.970505  
     247A      1.971660   248A      2.001784   249A      2.028001  
     250A      2.059250   251A      2.069189   252A      2.084272  
     253A      2.103428   254A      2.115952   255A      2.126378  
     256A      2.131297   257A      2.160564   258A      2.175615  
     259A      2.187783   260A      2.222493   261A      2.234261  
     262A      2.244246   263A      2.286228   264A      2.296844  
     265A      2.335043   266A      2.355980   267A      2.383765  
     268A      2.392971   269A      2.409517   270A      2.423573  
     271A      2.434250   272A      2.452874   273A      2.482396  
     274A      2.491901   275A      2.530509   276A      2.533028  
     277A      2.557823   278A      2.620425   279A      2.629772  
     280A      2.636528   281A      2.652932   282A      2.674190  
     283A      2.684830   284A      2.706158   285A      2.745672  
     286A      2.806132   287A      2.813848   288A      2.847081  
     289A      2.860306   290A      2.863447   291A      2.883065  
     292A      2.945382   293A      2.994590   294A      3.016989  
     295A      3.026998   296A      3.069542   297A      3.154654  
     298A      3.187204   299A      3.274700   300A      3.288030  
     301A      3.417320   302A      3.462226   303A      3.554486  
     304A      3.661031   305A      3.808344   306A      3.872134  

    Final Occupation by Irrep:
              A 
    DOCC [    48 ]

  @DF-RHF Final Energy:  -608.39094398709790

   => Energetics <=

    Nuclear Repulsion Energy =            623.4373848452220273
    One-Electron Energy =               -2041.5161618265788093
    Two-Electron Energy =                 809.6878329942589971
    Total Energy =                       -608.3909439870978986

Computation Completed


Properties will be evaluated at   0.000000,   0.000000,   0.000000 [a0]

Properties computed using the SCF density matrix

  Nuclear Dipole Moment: [e a0]
     X:     6.3709      Y:   -13.4338      Z:     6.9363

  Electronic Dipole Moment: [e a0]
     X:    -4.6888      Y:     6.0066      Z:    -7.0322

  Dipole Moment: [e a0]
     X:     1.6821      Y:    -7.4271      Z:    -0.0959     Total:     7.6158

  Dipole Moment: [D]
     X:     4.2755      Y:   -18.8779      Z:    -0.2437     Total:    19.3575


*** tstop() called on aliaconda at Sun Mar 20 06:35:38 2022
Module time:
	user time   =     317.33 seconds =       5.29 minutes
	system time =      38.79 seconds =       0.65 minutes
	total time  =         14 seconds =       0.23 minutes
Total time:
	user time   =  130215.87 seconds =    2170.26 minutes
	system time =   18356.65 seconds =     305.94 minutes
	total time  =       7921 seconds =     132.02 minutes

  //>>>>>>>>>>>>>>>>>>>>>>>>>>>>>>>>>>>//
  //            Monomer A HF           //
  //<<<<<<<<<<<<<<<<<<<<<<<<<<<<<<<<<<<//


*** tstart() called on aliaconda
*** at Sun Mar 20 06:35:38 2022

   => Loading Basis Set <=

    Name: JUN-CC-PVDZ
    Role: ORBITAL
    Keyword: BASIS
    atoms 1, 14                                          entry N          line   198 file /home/alia/anaconda3/envs/mddemo/share/psi4/basis/jun-cc-pvdz.gbs 
    atoms 2-4, 6, 8-10, 13, 15-17, 19, 21, 23, 25-27, 30 entry H          line    36 file /home/alia/anaconda3/envs/mddemo/share/psi4/basis/jun-cc-pvdz.gbs 
    atoms 5, 7, 11, 18, 20, 24, 28                       entry C          line   164 file /home/alia/anaconda3/envs/mddemo/share/psi4/basis/jun-cc-pvdz.gbs 
    atoms 12, 22, 29                                     entry O          line   232 file /home/alia/anaconda3/envs/mddemo/share/psi4/basis/jun-cc-pvdz.gbs 


         ---------------------------------------------------------
                                   SCF
               by Justin Turney, Rob Parrish, Andy Simmonett
                          and Daniel G. A. Smith
                              RHF Reference
                       32 Threads,  76293 MiB Core
         ---------------------------------------------------------

  ==> Geometry <==

    Molecular point group: c1
    Full point group: C1

    Geometry (in Angstrom), charge = 1, multiplicity = 1:

       Center              X                  Y                   Z               Mass       
    ------------   -----------------  -----------------  -----------------  -----------------
         N           -0.365848537788    -7.023960659677    -1.162586626747    14.003074004430
         H           -1.062848564491    -7.387960741693    -2.071586546638     1.007825032230
         H           -1.171848770484    -6.963960716898    -0.271586832741     1.007825032230
         H            0.299151424065    -7.773960659677    -0.933586535194     1.007825032230
         C            0.273151401177    -5.761960575754    -1.485586580971    12.000000000000
         H           -0.251848694191    -5.007960865671    -0.892586645820     1.007825032230
         C            1.702151301995    -5.880960533792    -0.971586642006    12.000000000000
         H            2.397151235238    -6.589960644419    -1.557586607673     1.007825032230
         H            1.777151349679    -6.262960503275     0.039413514397     1.007825032230
         H            2.205151322976    -4.926960537607    -1.010586676338     1.007825032230
         C            0.374151233330    -5.224960873301    -2.915586647728    12.000000000000
         O           -0.056848522529    -5.773960659677    -3.979586658218    15.994914619570
         H            0.876498464241    -4.253954003031    -3.037212309578     1.007825032230
      Gh(N)           0.578151229516     2.982038905447     0.404413285515    14.003074004430
      Gh(H)           0.685151342049     1.821039607351     0.692413392327     1.007825032230
      Gh(H)           0.273151401177     2.842039515799    -0.752586779335     1.007825032230
      Gh(H)           1.504151347771     3.445039202993     0.390413346550     1.007825032230
      Gh(C)          -0.483848568306     3.794039180105     1.021413388512    12.000000000000
      Gh(H)          -1.419848438606     3.327039172476     0.951413216850     1.007825032230
      Gh(C)          -0.326848503456     4.268039157217     2.550413193962    12.000000000000
      Gh(H)          -1.289848801002     4.593038966482     2.821413102410     1.007825032230
      Gh(O)           0.518151286736     5.362039973562     2.950413766167    15.994914619570
      Gh(H)           1.396151307717     5.062039782827     2.559413018486     1.007825032230
      Gh(C)           0.063151363030     3.029039790457     3.424413743279    12.000000000000
      Gh(H)           1.007151368752     2.736039569204     3.026413026116     1.007825032230
      Gh(H)          -0.709848877296     2.158039500540     3.193413796684     1.007825032230
      Gh(H)           0.088151458397     3.247039248770     4.490413728020     1.007825032230
      Gh(C)          -0.676848884925     5.030039241140     0.153413357994    12.000000000000
      Gh(O)          -1.769848820076     5.416038920706    -0.106586394050    15.994914619570
      Gh(H)           0.200324538842     5.568334986990    -0.234921393135     1.007825032230

  Running in c1 symmetry.

  Rotational constants: A =      0.03781  B =      0.00317  C =      0.00302 [cm^-1]
  Rotational constants: A =   1133.64631  B =     95.08119  C =     90.52636 [MHz]
  Nuclear repulsion =  183.592854335782022

  Charge       = 1
  Multiplicity = 1
  Electrons    = 40
  Nalpha       = 20
  Nbeta        = 20

  ==> Algorithm <==

  SCF Algorithm Type is DF.
  DIIS enabled.
  MOM disabled.
  Fractional occupation disabled.
  Guess Type is SAD.
  Energy threshold   = 1.00e-08
  Density threshold  = 1.00e-08
  Integral threshold = 1.00e-12

  ==> Primary Basis <==

  Basis Set: JUN-CC-PVDZ
    Blend: JUN-CC-PVDZ
    Number of shells: 150
    Number of basis functions: 306
    Number of Cartesian functions: 318
    Spherical Harmonics?: true
    Max angular momentum: 2

   => Loading Basis Set <=

    Name: (JUN-CC-PVDZ AUX)
    Role: JKFIT
    Keyword: DF_BASIS_SCF
    atoms 1, 14                                          entry N          line   202 file /home/alia/anaconda3/envs/mddemo/share/psi4/basis/jun-cc-pvdz-jkfit.gbs 
    atoms 2-4, 6, 8-10, 13, 15-17, 19, 21, 23, 25-27, 30 entry H          line    70 file /home/alia/anaconda3/envs/mddemo/share/psi4/basis/jun-cc-pvdz-jkfit.gbs 
    atoms 5, 7, 11, 18, 20, 24, 28                       entry C          line   146 file /home/alia/anaconda3/envs/mddemo/share/psi4/basis/jun-cc-pvdz-jkfit.gbs 
    atoms 12, 22, 29                                     entry O          line   258 file /home/alia/anaconda3/envs/mddemo/share/psi4/basis/jun-cc-pvdz-jkfit.gbs 

  ==> Integral Setup <==

  ==> DiskDFJK: Density-Fitted J/K Matrices <==

    J tasked:                  Yes
    K tasked:                  Yes
    wK tasked:                  No
    OpenMP threads:             32
    Integrals threads:          32
    Memory [MiB]:            57220
    Algorithm:                Core
    Integral Cache:           LOAD
    Schwarz Cutoff:          1E-12
    Fitting Condition:       1E-10

   => Auxiliary Basis Set <=

  Basis Set: (JUN-CC-PVDZ AUX)
    Blend: JUN-CC-PVDZ-JKFIT
    Number of shells: 486
    Number of basis functions: 1362
    Number of Cartesian functions: 1542
    Spherical Harmonics?: true
    Max angular momentum: 3

  Minimum eigenvalue in the overlap matrix is 7.0140757923E-05.
  Reciprocal condition number of the overlap matrix is 6.1946056132E-06.
    Using symmetric orthogonalization.

  ==> Pre-Iterations <==

  SCF Guess: Superposition of Atomic Densities via on-the-fly atomic UHF (no occupation information).

   -------------------------
    Irrep   Nso     Nmo    
   -------------------------
     A        306     306 
   -------------------------
    Total     306     306
   -------------------------

  ==> Iterations <==

                           Total Energy        Delta E     RMS |[F,P]|

   @DF-RHF iter SAD:  -246.65760359593568   -2.46658e+02   0.00000e+00 
   @DF-RHF iter   1:  -247.10498730334092   -4.47384e-01   1.78689e-03 DIIS
   @DF-RHF iter   2:  -247.22914147637294   -1.24154e-01   1.20894e-03 DIIS
   @DF-RHF iter   3:  -247.28050002476618   -5.13585e-02   2.67138e-04 DIIS
   @DF-RHF iter   4:  -247.28462716203074   -4.12714e-03   9.17375e-05 DIIS
   @DF-RHF iter   5:  -247.28517183896852   -5.44677e-04   2.09883e-05 DIIS
   @DF-RHF iter   6:  -247.28522980419839   -5.79652e-05   9.50924e-06 DIIS
   @DF-RHF iter   7:  -247.28524102755802   -1.12234e-05   4.92032e-06 DIIS
   @DF-RHF iter   8:  -247.28524422362420   -3.19607e-06   1.78015e-06 DIIS
   @DF-RHF iter   9:  -247.28524465402791   -4.30404e-07   4.10382e-07 DIIS
   @DF-RHF iter  10:  -247.28524467268778   -1.86599e-08   1.28385e-07 DIIS
   @DF-RHF iter  11:  -247.28524467477104   -2.08325e-09   3.33561e-08 DIIS
   @DF-RHF iter  12:  -247.28524467493989   -1.68853e-10   1.39560e-08 DIIS
   @DF-RHF iter  13:  -247.28524467499059   -5.07043e-11   7.62430e-09 DIIS
  Energy and wave function converged.


  ==> Post-Iterations <==

    Orbital Energies [Eh]
    ---------------------

    Doubly Occupied:                                                      

       1A    -20.752157     2A    -15.935792     3A    -11.536666  
       4A    -11.513562     5A    -11.430616     6A     -1.541748  
       7A     -1.502185     8A     -1.251837     9A     -1.103576  
      10A     -1.014912    11A     -0.952147    12A     -0.925592  
      13A     -0.869822    14A     -0.820949    15A     -0.793969  
      16A     -0.751757    17A     -0.738381    18A     -0.701977  
      19A     -0.661529    20A     -0.611243  

    Virtual:                                                              

      21A     -0.123745    22A     -0.074370    23A     -0.073221  
      24A     -0.052496    25A     -0.044396    26A     -0.030100  
      27A     -0.024726    28A     -0.022400    29A     -0.015689  
      30A     -0.008778    31A     -0.002022    32A      0.002908  
      33A      0.013079    34A      0.017234    35A      0.019136  
      36A      0.024293    37A      0.032075    38A      0.035479  
      39A      0.037565    40A      0.045764    41A      0.054885  
      42A      0.055571    43A      0.059022    44A      0.060966  
      45A      0.072209    46A      0.078633    47A      0.089503  
      48A      0.096156    49A      0.098049    50A      0.100509  
      51A      0.103380    52A      0.105169    53A      0.117215  
      54A      0.119912    55A      0.139664    56A      0.147181  
      57A      0.148631    58A      0.157381    59A      0.159383  
      60A      0.161655    61A      0.164717    62A      0.172779  
      63A      0.179196    64A      0.183284    65A      0.186600  
      66A      0.194352    67A      0.196952    68A      0.209105  
      69A      0.218292    70A      0.224909    71A      0.233220  
      72A      0.244776    73A      0.250074    74A      0.255937  
      75A      0.269943    76A      0.272458    77A      0.275510  
      78A      0.284673    79A      0.307871    80A      0.308822  
      81A      0.311637    82A      0.321610    83A      0.333875  
      84A      0.339031    85A      0.358158    86A      0.372780  
      87A      0.387728    88A      0.391927    89A      0.398226  
      90A      0.434903    91A      0.443707    92A      0.470086  
      93A      0.478889    94A      0.488520    95A      0.501558  
      96A      0.519032    97A      0.540225    98A      0.544115  
      99A      0.557936   100A      0.558696   101A      0.564360  
     102A      0.574311   103A      0.584419   104A      0.602354  
     105A      0.603144   106A      0.613567   107A      0.640556  
     108A      0.650629   109A      0.656253   110A      0.669805  
     111A      0.673127   112A      0.698081   113A      0.700359  
     114A      0.706808   115A      0.711269   116A      0.729174  
     117A      0.739541   118A      0.754870   119A      0.759852  
     120A      0.770517   121A      0.778117   122A      0.790742  
     123A      0.806219   124A      0.812846   125A      0.833102  
     126A      0.835331   127A      0.848726   128A      0.880556  
     129A      0.890564   130A      0.901309   131A      0.906380  
     132A      0.919746   133A      0.932018   134A      0.945219  
     135A      0.961052   136A      0.974633   137A      0.982368  
     138A      0.998356   139A      1.046716   140A      1.081223  
     141A      1.113979   142A      1.148268   143A      1.201520  
     144A      1.222498   145A      1.244963   146A      1.270585  
     147A      1.321949   148A      1.343387   149A      1.360497  
     150A      1.363276   151A      1.385572   152A      1.425564  
     153A      1.488408   154A      1.509934   155A      1.520330  
     156A      1.544933   157A      1.566253   158A      1.573615  
     159A      1.595704   160A      1.607781   161A      1.619355  
     162A      1.624128   163A      1.668111   164A      1.673194  
     165A      1.676930   166A      1.698065   167A      1.718130  
     168A      1.720801   169A      1.739337   170A      1.741921  
     171A      1.746749   172A      1.751649   173A      1.764691  
     174A      1.771871   175A      1.784935   176A      1.798857  
     177A      1.815058   178A      1.817769   179A      1.821173  
     180A      1.855828   181A      1.856331   182A      1.879485  
     183A      1.885753   184A      1.885976   185A      1.889745  
     186A      1.899520   187A      1.903146   188A      1.916992  
     189A      1.928153   190A      1.947961   191A      1.960296  
     192A      1.983607   193A      1.997600   194A      2.014620  
     195A      2.018934   196A      2.028775   197A      2.029156  
     198A      2.048606   199A      2.065118   200A      2.084205  
     201A      2.086887   202A      2.110042   203A      2.127046  
     204A      2.141981   205A      2.159883   206A      2.160449  
     207A      2.182735   208A      2.184113   209A      2.191540  
     210A      2.216732   211A      2.218950   212A      2.227451  
     213A      2.253582   214A      2.301389   215A      2.319376  
     216A      2.329001   217A      2.344586   218A      2.346139  
     219A      2.359121   220A      2.384917   221A      2.413979  
     222A      2.423550   223A      2.444940   224A      2.479559  
     225A      2.485927   226A      2.490274   227A      2.506360  
     228A      2.534670   229A      2.540436   230A      2.547882  
     231A      2.569679   232A      2.591140   233A      2.604009  
     234A      2.616271   235A      2.636330   236A      2.645538  
     237A      2.677676   238A      2.684612   239A      2.688578  
     240A      2.710322   241A      2.743820   242A      2.762152  
     243A      2.789955   244A      2.802497   245A      2.825992  
     246A      2.859204   247A      2.871068   248A      2.905761  
     249A      2.916745   250A      2.949777   251A      2.956259  
     252A      3.002864   253A      3.012080   254A      3.046089  
     255A      3.081713   256A      3.109797   257A      3.116989  
     258A      3.151123   259A      3.240799   260A      3.244701  
     261A      3.279918   262A      3.372755   263A      3.378807  
     264A      3.469928   265A      3.475131   266A      3.525864  
     267A      3.539729   268A      3.680015   269A      3.713430  
     270A      3.718582   271A      3.906288   272A      3.982561  
     273A      4.023626   274A      4.176539   275A      4.209121  
     276A      4.270357   277A      4.363767   278A      4.423993  
     279A      4.530847   280A      4.637063   281A      4.680290  
     282A      4.738550   283A      4.760648   284A      4.829988  
     285A      4.871430   286A      4.976600   287A      4.989208  
     288A      5.060865   289A      5.151573   290A      5.220119  
     291A      5.327688   292A      5.511347   293A      5.583250  
     294A      5.642360   295A      5.692123   296A      5.812506  
     297A      5.974545   298A      6.525935   299A      6.906106  
     300A     18.171370   301A     18.301465   302A     18.433472  
     303A     18.550382   304A     25.321959   305A     33.453057  
     306A     33.465843  

    Final Occupation by Irrep:
              A 
    DOCC [    20 ]

  @DF-RHF Final Energy:  -247.28524467499059

   => Energetics <=

    Nuclear Repulsion Energy =            183.5928543357820217
    One-Electron Energy =                -690.9353653249260105
    Two-Electron Energy =                 260.0572663141534235
    Total Energy =                       -247.2852446749905653

Computation Completed


Properties will be evaluated at   0.000000,   0.000000,   0.000000 [a0]

Properties computed using the SCF density matrix

  Nuclear Dipole Moment: [e a0]
     X:    30.5182      Y:  -464.3707      Z:  -154.8568

  Electronic Dipole Moment: [e a0]
     X:   -30.5019      Y:   452.0321      Z:   153.6427

  Dipole Moment: [e a0]
     X:     0.0163      Y:   -12.3386      Z:    -1.2140     Total:    12.3982

  Dipole Moment: [D]
     X:     0.0414      Y:   -31.3616      Z:    -3.0858     Total:    31.5131


*** tstop() called on aliaconda at Sun Mar 20 06:35:47 2022
Module time:
	user time   =     181.38 seconds =       3.02 minutes
	system time =      19.70 seconds =       0.33 minutes
	total time  =          9 seconds =       0.15 minutes
Total time:
	user time   =  130397.34 seconds =    2173.29 minutes
	system time =   18376.37 seconds =     306.27 minutes
	total time  =       7930 seconds =     132.17 minutes

  //>>>>>>>>>>>>>>>>>>>>>>>>>>>>>>>>>>>//
  //            Monomer B HF           //
  //<<<<<<<<<<<<<<<<<<<<<<<<<<<<<<<<<<<//


*** tstart() called on aliaconda
*** at Sun Mar 20 06:35:47 2022

   => Loading Basis Set <=

    Name: JUN-CC-PVDZ
    Role: ORBITAL
    Keyword: BASIS
    atoms 1, 14                                          entry N          line   198 file /home/alia/anaconda3/envs/mddemo/share/psi4/basis/jun-cc-pvdz.gbs 
    atoms 2-4, 6, 8-10, 13, 15-17, 19, 21, 23, 25-27, 30 entry H          line    36 file /home/alia/anaconda3/envs/mddemo/share/psi4/basis/jun-cc-pvdz.gbs 
    atoms 5, 7, 11, 18, 20, 24, 28                       entry C          line   164 file /home/alia/anaconda3/envs/mddemo/share/psi4/basis/jun-cc-pvdz.gbs 
    atoms 12, 22, 29                                     entry O          line   232 file /home/alia/anaconda3/envs/mddemo/share/psi4/basis/jun-cc-pvdz.gbs 


         ---------------------------------------------------------
                                   SCF
               by Justin Turney, Rob Parrish, Andy Simmonett
                          and Daniel G. A. Smith
                              RHF Reference
                       32 Threads,  76293 MiB Core
         ---------------------------------------------------------

  ==> Geometry <==

    Molecular point group: c1
    Full point group: C1

    Geometry (in Angstrom), charge = 1, multiplicity = 1:

       Center              X                  Y                   Z               Mass       
    ------------   -----------------  -----------------  -----------------  -----------------
      Gh(N)          -0.365848537788    -7.023960659677    -1.162586626747    14.003074004430
      Gh(H)          -1.062848564491    -7.387960741693    -2.071586546638     1.007825032230
      Gh(H)          -1.171848770484    -6.963960716898    -0.271586832741     1.007825032230
      Gh(H)           0.299151424065    -7.773960659677    -0.933586535194     1.007825032230
      Gh(C)           0.273151401177    -5.761960575754    -1.485586580971    12.000000000000
      Gh(H)          -0.251848694191    -5.007960865671    -0.892586645820     1.007825032230
      Gh(C)           1.702151301995    -5.880960533792    -0.971586642006    12.000000000000
      Gh(H)           2.397151235238    -6.589960644419    -1.557586607673     1.007825032230
      Gh(H)           1.777151349679    -6.262960503275     0.039413514397     1.007825032230
      Gh(H)           2.205151322976    -4.926960537607    -1.010586676338     1.007825032230
      Gh(C)           0.374151233330    -5.224960873301    -2.915586647728    12.000000000000
      Gh(O)          -0.056848522529    -5.773960659677    -3.979586658218    15.994914619570
      Gh(H)           0.876498464241    -4.253954003031    -3.037212309578     1.007825032230
         N            0.578151229516     2.982038905447     0.404413285515    14.003074004430
         H            0.685151342049     1.821039607351     0.692413392327     1.007825032230
         H            0.273151401177     2.842039515799    -0.752586779335     1.007825032230
         H            1.504151347771     3.445039202993     0.390413346550     1.007825032230
         C           -0.483848568306     3.794039180105     1.021413388512    12.000000000000
         H           -1.419848438606     3.327039172476     0.951413216850     1.007825032230
         C           -0.326848503456     4.268039157217     2.550413193962    12.000000000000
         H           -1.289848801002     4.593038966482     2.821413102410     1.007825032230
         O            0.518151286736     5.362039973562     2.950413766167    15.994914619570
         H            1.396151307717     5.062039782827     2.559413018486     1.007825032230
         C            0.063151363030     3.029039790457     3.424413743279    12.000000000000
         H            1.007151368752     2.736039569204     3.026413026116     1.007825032230
         H           -0.709848877296     2.158039500540     3.193413796684     1.007825032230
         H            0.088151458397     3.247039248770     4.490413728020     1.007825032230
         C           -0.676848884925     5.030039241140     0.153413357994    12.000000000000
         O           -1.769848820076     5.416038920706    -0.106586394050    15.994914619570
         H            0.200324538842     5.568334986990    -0.234921393135     1.007825032230

  Running in c1 symmetry.

  Rotational constants: A =      0.03781  B =      0.00317  C =      0.00302 [cm^-1]
  Rotational constants: A =   1133.64631  B =     95.08119  C =     90.52636 [MHz]
  Nuclear repulsion =  326.087076766639882

  Charge       = 1
  Multiplicity = 1
  Electrons    = 56
  Nalpha       = 28
  Nbeta        = 28

  ==> Algorithm <==

  SCF Algorithm Type is DF.
  DIIS enabled.
  MOM disabled.
  Fractional occupation disabled.
  Guess Type is SAD.
  Energy threshold   = 1.00e-08
  Density threshold  = 1.00e-08
  Integral threshold = 1.00e-12

  ==> Primary Basis <==

  Basis Set: JUN-CC-PVDZ
    Blend: JUN-CC-PVDZ
    Number of shells: 150
    Number of basis functions: 306
    Number of Cartesian functions: 318
    Spherical Harmonics?: true
    Max angular momentum: 2

   => Loading Basis Set <=

    Name: (JUN-CC-PVDZ AUX)
    Role: JKFIT
    Keyword: DF_BASIS_SCF
    atoms 1, 14                                          entry N          line   202 file /home/alia/anaconda3/envs/mddemo/share/psi4/basis/jun-cc-pvdz-jkfit.gbs 
    atoms 2-4, 6, 8-10, 13, 15-17, 19, 21, 23, 25-27, 30 entry H          line    70 file /home/alia/anaconda3/envs/mddemo/share/psi4/basis/jun-cc-pvdz-jkfit.gbs 
    atoms 5, 7, 11, 18, 20, 24, 28                       entry C          line   146 file /home/alia/anaconda3/envs/mddemo/share/psi4/basis/jun-cc-pvdz-jkfit.gbs 
    atoms 12, 22, 29                                     entry O          line   258 file /home/alia/anaconda3/envs/mddemo/share/psi4/basis/jun-cc-pvdz-jkfit.gbs 

  ==> Integral Setup <==

  ==> DiskDFJK: Density-Fitted J/K Matrices <==

    J tasked:                  Yes
    K tasked:                  Yes
    wK tasked:                  No
    OpenMP threads:             32
    Integrals threads:          32
    Memory [MiB]:            57220
    Algorithm:                Core
    Integral Cache:           LOAD
    Schwarz Cutoff:          1E-12
    Fitting Condition:       1E-10

   => Auxiliary Basis Set <=

  Basis Set: (JUN-CC-PVDZ AUX)
    Blend: JUN-CC-PVDZ-JKFIT
    Number of shells: 486
    Number of basis functions: 1362
    Number of Cartesian functions: 1542
    Spherical Harmonics?: true
    Max angular momentum: 3

  Minimum eigenvalue in the overlap matrix is 7.0140757923E-05.
  Reciprocal condition number of the overlap matrix is 6.1946056132E-06.
    Using symmetric orthogonalization.

  ==> Pre-Iterations <==

  SCF Guess: Superposition of Atomic Densities via on-the-fly atomic UHF (no occupation information).

   -------------------------
    Irrep   Nso     Nmo    
   -------------------------
     A        306     306 
   -------------------------
    Total     306     306
   -------------------------

  ==> Iterations <==

                           Total Energy        Delta E     RMS |[F,P]|

   @DF-RHF iter SAD:  -360.44245267862402   -3.60442e+02   0.00000e+00 
   @DF-RHF iter   1:  -360.90186728828962   -4.59415e-01   2.17032e-03 DIIS
   @DF-RHF iter   2:  -361.09302700393096   -1.91160e-01   1.35779e-03 DIIS
   @DF-RHF iter   3:  -361.15722582081997   -6.41988e-02   2.87821e-04 DIIS
   @DF-RHF iter   4:  -361.16205411173115   -4.82829e-03   1.00566e-04 DIIS
   @DF-RHF iter   5:  -361.16267002679024   -6.15915e-04   2.46142e-05 DIIS
   @DF-RHF iter   6:  -361.16272956591280   -5.95391e-05   1.20514e-05 DIIS
   @DF-RHF iter   7:  -361.16274224843659   -1.26825e-05   4.73377e-06 DIIS
   @DF-RHF iter   8:  -361.16274503391401   -2.78548e-06   1.89462e-06 DIIS
   @DF-RHF iter   9:  -361.16274551824199   -4.84328e-07   5.84168e-07 DIIS
   @DF-RHF iter  10:  -361.16274558052805   -6.22861e-08   2.53940e-07 DIIS
   @DF-RHF iter  11:  -361.16274559588300   -1.53549e-08   1.24461e-07 DIIS
   @DF-RHF iter  12:  -361.16274560019087   -4.30788e-09   6.25846e-08 DIIS
   @DF-RHF iter  13:  -361.16274560139090   -1.20002e-09   2.51805e-08 DIIS
   @DF-RHF iter  14:  -361.16274560154801   -1.57115e-10   7.04877e-09 DIIS
  Energy and wave function converged.


  ==> Post-Iterations <==

    Orbital Energies [Eh]
    ---------------------

    Doubly Occupied:                                                      

       1A    -20.748090     2A    -20.747075     3A    -15.951850  
       4A    -11.518565     5A    -11.502006     6A    -11.477883  
       7A    -11.401600     8A     -1.592919     9A     -1.531359  
      10A     -1.505223    11A     -1.235466    12A     -1.151677  
      13A     -1.020365    14A     -1.010801    15A     -0.957546  
      16A     -0.913916    17A     -0.906057    18A     -0.839808  
      19A     -0.814998    20A     -0.811920    21A     -0.770418  
      22A     -0.754020    23A     -0.721468    24A     -0.703411  
      25A     -0.679469    26A     -0.664726    27A     -0.620366  
      28A     -0.588885  

    Virtual:                                                              

      29A     -0.137366    30A     -0.080672    31A     -0.077661  
      32A     -0.059361    33A     -0.041519    34A     -0.035993  
      35A     -0.026998    36A     -0.022548    37A     -0.021641  
      38A     -0.010531    39A     -0.004704    40A     -0.001988  
      41A      0.005221    42A      0.007802    43A      0.013152  
      44A      0.018767    45A      0.023669    46A      0.027448  
      47A      0.036427    48A      0.039567    49A      0.046292  
      50A      0.048797    51A      0.053265    52A      0.058672  
      53A      0.061040    54A      0.070945    55A      0.073434  
      56A      0.086753    57A      0.096448    58A      0.100289  
      59A      0.105872    60A      0.109091    61A      0.112171  
      62A      0.114995    63A      0.121105    64A      0.129329  
      65A      0.131317    66A      0.140106    67A      0.149094  
      68A      0.153550    69A      0.155263    70A      0.162123  
      71A      0.167411    72A      0.172123    73A      0.180970  
      74A      0.181860    75A      0.187422    76A      0.196177  
      77A      0.203206    78A      0.207932    79A      0.209763  
      80A      0.216866    81A      0.230721    82A      0.240889  
      83A      0.243580    84A      0.245723    85A      0.264457  
      86A      0.268059    87A      0.278110    88A      0.295857  
      89A      0.301941    90A      0.303356    91A      0.313612  
      92A      0.325555    93A      0.326130    94A      0.345954  
      95A      0.353640    96A      0.362043    97A      0.367090  
      98A      0.376323    99A      0.383146   100A      0.390384  
     101A      0.418379   102A      0.432144   103A      0.456853  
     104A      0.470756   105A      0.513808   106A      0.531297  
     107A      0.547194   108A      0.554659   109A      0.564394  
     110A      0.565349   111A      0.589505   112A      0.600296  
     113A      0.611488   114A      0.616270   115A      0.621475  
     116A      0.634232   117A      0.656739   118A      0.660433  
     119A      0.680182   120A      0.690668   121A      0.697018  
     122A      0.706462   123A      0.732350   124A      0.732879  
     125A      0.739641   126A      0.755597   127A      0.763272  
     128A      0.780901   129A      0.784267   130A      0.800763  
     131A      0.806191   132A      0.814491   133A      0.824649  
     134A      0.829667   135A      0.832139   136A      0.864507  
     137A      0.875145   138A      0.881480   139A      0.892149  
     140A      0.906556   141A      0.914578   142A      0.925587  
     143A      0.950650   144A      0.980758   145A      0.982094  
     146A      0.989352   147A      1.039633   148A      1.103766  
     149A      1.126418   150A      1.167468   151A      1.175042  
     152A      1.208196   153A      1.232266   154A      1.277508  
     155A      1.296164   156A      1.317163   157A      1.332098  
     158A      1.349636   159A      1.360056   160A      1.376820  
     161A      1.394510   162A      1.407322   163A      1.418877  
     164A      1.453313   165A      1.489214   166A      1.495098  
     167A      1.507130   168A      1.508089   169A      1.529510  
     170A      1.550025   171A      1.572292   172A      1.578640  
     173A      1.598857   174A      1.606743   175A      1.628847  
     176A      1.653449   177A      1.667669   178A      1.672949  
     179A      1.696504   180A      1.703126   181A      1.711785  
     182A      1.715786   183A      1.724846   184A      1.747700  
     185A      1.750623   186A      1.768998   187A      1.778695  
     188A      1.781289   189A      1.790753   190A      1.793638  
     191A      1.816036   192A      1.819405   193A      1.834912  
     194A      1.853159   195A      1.864231   196A      1.874194  
     197A      1.889040   198A      1.898061   199A      1.903221  
     200A      1.918186   201A      1.929815   202A      1.935298  
     203A      1.956686   204A      1.962752   205A      1.975391  
     206A      1.979226   207A      2.016073   208A      2.019543  
     209A      2.020835   210A      2.036769   211A      2.050488  
     212A      2.051741   213A      2.078400   214A      2.108926  
     215A      2.110546   216A      2.118501   217A      2.128373  
     218A      2.150529   219A      2.165501   220A      2.171347  
     221A      2.181728   222A      2.210668   223A      2.211859  
     224A      2.224978   225A      2.237055   226A      2.269209  
     227A      2.284484   228A      2.309778   229A      2.316994  
     230A      2.346031   231A      2.353660   232A      2.379280  
     233A      2.386857   234A      2.400679   235A      2.435140  
     236A      2.439509   237A      2.442039   238A      2.459672  
     239A      2.485411   240A      2.504377   241A      2.517728  
     242A      2.542207   243A      2.548169   244A      2.574469  
     245A      2.578133   246A      2.671222   247A      2.672451  
     248A      2.685792   249A      2.687312   250A      2.712230  
     251A      2.721765   252A      2.724591   253A      2.756223  
     254A      2.774801   255A      2.815126   256A      2.852116  
     257A      2.855377   258A      2.883264   259A      2.895138  
     260A      2.911515   261A      2.933980   262A      2.971672  
     263A      3.042722   264A      3.069210   265A      3.069972  
     266A      3.074156   267A      3.115212   268A      3.123889  
     269A      3.200965   270A      3.220932   271A      3.321220  
     272A      3.331068   273A      3.334129   274A      3.439919  
     275A      3.460765   276A      3.508425   277A      3.564342  
     278A      3.601045   279A      3.651495   280A      3.754724  
     281A      3.854510   282A      3.917621   283A      3.947043  
     284A      3.983401   285A      4.123846   286A      4.159267  
     287A      4.276370   288A      4.400909   289A      4.591642  
     290A      4.643390   291A      4.751593   292A      4.810665  
     293A      4.865187   294A      4.971803   295A      5.077337  
     296A      5.190666   297A      5.431986   298A      5.535817  
     299A      5.660321   300A      5.715042   301A      6.466831  
     302A     18.171679   303A     18.367620   304A     18.578641  
     305A     25.332976   306A     33.427645  

    Final Occupation by Irrep:
              A 
    DOCC [    28 ]

  @DF-RHF Final Energy:  -361.16274560154801

   => Energetics <=

    Nuclear Repulsion Energy =            326.0870767666398820
    One-Electron Energy =               -1128.2158661048831618
    Two-Electron Energy =                 440.9660437366952124
    Total Energy =                       -361.1627456015480107

Computation Completed


Properties will be evaluated at   0.000000,   0.000000,   0.000000 [a0]

Properties computed using the SCF density matrix

  Nuclear Dipole Moment: [e a0]
     X:   -24.1473      Y:   450.9369      Z:   161.7931

  Electronic Dipole Moment: [e a0]
     X:    25.8404      Y:  -446.0322      Z:  -160.6621

  Dipole Moment: [e a0]
     X:     1.6931      Y:     4.9047      Z:     1.1310     Total:     5.3106

  Dipole Moment: [D]
     X:     4.3035      Y:    12.4665      Z:     2.8748     Total:    13.4981


*** tstop() called on aliaconda at Sun Mar 20 06:35:57 2022
Module time:
	user time   =     214.22 seconds =       3.57 minutes
	system time =      25.10 seconds =       0.42 minutes
	total time  =         10 seconds =       0.17 minutes
Total time:
	user time   =  130611.67 seconds =    2176.86 minutes
	system time =   18401.49 seconds =     306.69 minutes
	total time  =       7940 seconds =     132.33 minutes
  Constructing Basis Sets for SAPT...

   => Loading Basis Set <=

    Name: (JUN-CC-PVDZ AUX)
    Role: RIFIT
    Keyword: DF_BASIS_SAPT
    atoms 1, 14                                          entry N          line   144 file /home/alia/anaconda3/envs/mddemo/share/psi4/basis/jun-cc-pvdz-ri.gbs 
    atoms 2-4, 6, 8-10, 13, 15-17, 19, 21, 23, 25-27, 30 entry H          line    30 file /home/alia/anaconda3/envs/mddemo/share/psi4/basis/jun-cc-pvdz-ri.gbs 
    atoms 5, 7, 11, 18, 20, 24, 28                       entry C          line   100 file /home/alia/anaconda3/envs/mddemo/share/psi4/basis/jun-cc-pvdz-ri.gbs 
    atoms 12, 22, 29                                     entry O          line   188 file /home/alia/anaconda3/envs/mddemo/share/psi4/basis/jun-cc-pvdz-ri.gbs 


  //>>>>>>>>>>>>>>>>>>>>>>>>>>>>>>>>>>>//
  //               SAPT0               //
  //<<<<<<<<<<<<<<<<<<<<<<<<<<<<<<<<<<<//


*** tstart() called on aliaconda
*** at Sun Mar 20 06:35:57 2022

        SAPT0  
    Ed Hohenstein
     6 June 2009

      Orbital Information
  --------------------------
    NSO        =       306
    NMO        =       306
    NRI        =      1032
    NOCC A     =        20
    NOCC B     =        28
    FOCC A     =         0
    FOCC B     =         0
    NVIR A     =       286
    NVIR B     =       278

    Elst10,r            =     0.057484396139 [Eh]
    Exch10              =    -0.000000003408 [Eh]
    Exch10 (S^2)        =    -0.000000003408 [Eh]

    Iter     Energy [mEh]          dE [mEh]         Residual      Time [s]
       1      -0.23474575       0.234745750       4.711042377             1
       2      -0.22778234      -0.006963415       1.549051641             2
       3      -0.24640902       0.018626683       0.614729977             2
       4      -0.25260771       0.006198695       0.178877057             3
       5      -0.25134287      -0.001264843       0.101510047             3
       6      -0.25098702      -0.000355846       0.029774692             4
       7      -0.25116492       0.000177894       0.008652402             4
       8      -0.25117600       0.000011082       0.003736906             5
       9      -0.25116142      -0.000014583       0.002157701             6
      10      -0.25116166       0.000000245       0.000819135             6
      11      -0.25116435       0.000002687       0.000236759             7
      12      -0.25116417      -0.000000181       0.000063215             7
      13      -0.25116398      -0.000000189       0.000015306             8
      14      -0.25116398       0.000000006       0.000004165             9
      15      -0.25116399       0.000000010       0.000001150             9
      16      -0.25116399      -0.000000002       0.000000545            10

    CHF Iterations converged


    Iter     Energy [mEh]          dE [mEh]         Residual      Time [s]
       1      -0.16888882       0.168888825       3.106531935             0
       2      -0.17561402       0.006725194       1.344385576             1
       3      -0.18988289       0.014268871       0.448995201             2
       4      -0.19237904       0.002496147       0.119964322             2
       5      -0.19195518      -0.000423856       0.064142411             3
       6      -0.19166245      -0.000292727       0.019784514             3
       7      -0.19168710       0.000024643       0.009228329             4
       8      -0.19173127       0.000044176       0.002808611             5
       9      -0.19172567      -0.000005600       0.001388542             5
      10      -0.19172136      -0.000004312       0.000629094             6
      11      -0.19172310       0.000001737       0.000280703             6
      12      -0.19172342       0.000000323       0.000102826             7
      13      -0.19172324      -0.000000177       0.000034315             8
      14      -0.19172318      -0.000000067       0.000008991             8
      15      -0.19172319       0.000000015       0.000002845             9
      16      -0.19172320       0.000000005       0.000000733             9

    CHF Iterations converged

    Ind20,r (A<-B)      =    -0.000251163993 [Eh]
    Ind20,r (B<-A)      =    -0.000191723197 [Eh]
    Ind20,r             =    -0.000442887190 [Eh]
    Exch-Ind20,r (A<-B) =     0.000000000572 [Eh]
    Exch-Ind20,r (B<-A) =     0.000000001377 [Eh]
    Exch-Ind20,r        =     0.000000001949 [Eh]
    Disp20              =    -0.000027527092 [Eh]
    Disp20 (SS)         =    -0.000013763546 [Eh]
    Disp20 (OS)         =    -0.000013763546 [Eh]
    Exch-Disp20         =     0.000000000534 [Eh]
    Exch-Disp20 (SS)    =     0.000000000411 [Eh]
    Exch-Disp20 (OS)    =     0.000000000123 [Eh]

    SAPT Results 
  --------------------------------------------------------------------------------------------------------
    Electrostatics                 57.48439614 [mEh]      36.07200317 [kcal/mol]     150.92526127 [kJ/mol]
      Elst10,r                     57.48439614 [mEh]      36.07200317 [kcal/mol]     150.92526127 [kJ/mol]

    Exchange                       -0.00000341 [mEh]      -0.00000214 [kcal/mol]      -0.00000895 [kJ/mol]
      Exch10                       -0.00000341 [mEh]      -0.00000214 [kcal/mol]      -0.00000895 [kJ/mol]
      Exch10(S^2)                  -0.00000341 [mEh]      -0.00000214 [kcal/mol]      -0.00000895 [kJ/mol]

    Induction                      -0.43810329 [mEh]      -0.27491397 [kcal/mol]      -1.15024003 [kJ/mol]
      Ind20,r                      -0.44288719 [mEh]      -0.27791591 [kcal/mol]      -1.16280016 [kJ/mol]
      Exch-Ind20,r                  0.00000195 [mEh]       0.00000122 [kcal/mol]       0.00000512 [kJ/mol]
      delta HF,r (2)                0.00478195 [mEh]       0.00300072 [kcal/mol]       0.01255501 [kJ/mol]

    Dispersion                     -0.02752656 [mEh]      -0.01727318 [kcal/mol]      -0.07227097 [kJ/mol]
      Disp20                       -0.02752709 [mEh]      -0.01727351 [kcal/mol]      -0.07227237 [kJ/mol]
      Exch-Disp20                   0.00000053 [mEh]       0.00000033 [kcal/mol]       0.00000140 [kJ/mol]
      Disp20 (SS)                  -0.01376355 [mEh]      -0.00863676 [kcal/mol]      -0.03613619 [kJ/mol]
      Disp20 (OS)                  -0.01376355 [mEh]      -0.00863676 [kcal/mol]      -0.03613619 [kJ/mol]
      Exch-Disp20 (SS)              0.00000041 [mEh]       0.00000026 [kcal/mol]       0.00000108 [kJ/mol]
      Exch-Disp20 (OS)              0.00000012 [mEh]       0.00000008 [kcal/mol]       0.00000032 [kJ/mol]

  Total HF                         57.04628944 [mEh]      35.79708707 [kcal/mol]     149.77501229 [kJ/mol]
  Total SAPT0                      57.01876288 [mEh]      35.77981389 [kcal/mol]     149.70274132 [kJ/mol]

  Special recipe for scaled SAPT0 (see Manual):
    Electrostatics sSAPT0          57.48439614 [mEh]      36.07200317 [kcal/mol]     150.92526127 [kJ/mol]
    Exchange sSAPT0                -0.00000341 [mEh]      -0.00000214 [kcal/mol]      -0.00000895 [kJ/mol]
    Induction sSAPT0               -0.43810329 [mEh]      -0.27491397 [kcal/mol]      -1.15024003 [kJ/mol]
    Dispersion sSAPT0              -0.02752656 [mEh]      -0.01727318 [kcal/mol]      -0.07227097 [kJ/mol]
  Total sSAPT0                     57.01876288 [mEh]      35.77981389 [kcal/mol]     149.70274132 [kJ/mol]
  --------------------------------------------------------------------------------------------------------

*** tstop() called on aliaconda at Sun Mar 20 06:36:48 2022
Module time:
	user time   =     720.29 seconds =      12.00 minutes
	system time =     127.67 seconds =       2.13 minutes
	total time  =         51 seconds =       0.85 minutes
Total time:
	user time   =  131334.52 seconds =    2188.91 minutes
	system time =   18529.65 seconds =     308.83 minutes
	total time  =       7991 seconds =     133.18 minutes


Warning! sapt0 does not have an associated derived wavefunction.The returned wavefunction is the dimer SCF wavefunction.


  Memory set to  74.506 GiB by Python driver.
  Threads set to 32 by Python driver.
