
Scratch directory: /tmp/

Scratch directory: /tmp/

  //>>>>>>>>>>>>>>>>>>>>>>>>>>>>>>>>>>>//
  //              Dimer HF             //
  //<<<<<<<<<<<<<<<<<<<<<<<<<<<<<<<<<<<//


*** tstart() called on aliaconda
*** at Sun Mar 20 05:41:12 2022

   => Loading Basis Set <=

    Name: JUN-CC-PVDZ
    Role: ORBITAL
    Keyword: BASIS
    atoms 1, 14                                          entry N          line   198 file /home/alia/anaconda3/envs/mddemo/share/psi4/basis/jun-cc-pvdz.gbs 
    atoms 2-4, 6, 8-10, 13, 15-17, 19, 21, 23, 25-27, 30 entry H          line    36 file /home/alia/anaconda3/envs/mddemo/share/psi4/basis/jun-cc-pvdz.gbs 
    atoms 5, 7, 11, 18, 20, 24, 28                       entry C          line   164 file /home/alia/anaconda3/envs/mddemo/share/psi4/basis/jun-cc-pvdz.gbs 
    atoms 12, 22, 29                                     entry O          line   232 file /home/alia/anaconda3/envs/mddemo/share/psi4/basis/jun-cc-pvdz.gbs 


         ---------------------------------------------------------
                                   SCF
               by Justin Turney, Rob Parrish, Andy Simmonett
                          and Daniel G. A. Smith
                              RHF Reference
                       32 Threads,  76293 MiB Core
         ---------------------------------------------------------

  ==> Geometry <==

    Molecular point group: c1
    Full point group: C1

    Geometry (in Angstrom), charge = 2, multiplicity = 1:

       Center              X                  Y                   Z               Mass       
    ------------   -----------------  -----------------  -----------------  -----------------
         N            0.638150872747    -5.907732383186    -0.800713172229    14.003074004430
         H            0.000150861303    -5.996732131416     0.216287026135     1.007825032230
         H           -0.187848864039    -6.312732354576    -1.574712863239     1.007825032230
         H            1.414150895635    -6.564732209617    -0.752712836536     1.007825032230
         C            1.120150746862    -4.562732116157    -0.965713134082    12.000000000000
         H            0.331150712529    -3.838732139045    -0.808713069233     1.007825032230
         C            2.455150785009    -4.304732219154    -0.174712767871    12.000000000000
         H            3.287150802175    -5.029732123786    -0.304712882312     1.007825032230
         H            2.129150809804    -4.286732093269     0.896286854473     1.007825032230
         H            2.770150842229    -3.277732268745    -0.217712989124     1.007825032230
         C            1.415150823156    -4.338732139045    -2.425712933811    12.000000000000
         O            0.841150941411    -4.943732158119    -3.283712973865    15.994914619570
         H            2.178318919698    -3.599544898445    -2.710628381046     1.007825032230
         N            0.250150861303     2.527268036431     0.150287041394    14.003074004430
         H            0.107150735418     2.486267670220    -1.045713057788     1.007825032230
         H            0.555150689641     1.377267464226     0.326287159649     1.007825032230
         H            1.074150743047     3.141267403191     0.281287083355     1.007825032230
         C           -1.036849317988     2.949267967766     0.655287155835    12.000000000000
         H           -1.693848906001     2.144267662591     0.717286953656     1.007825032230
         C           -0.900849161586     3.463267906731     2.088287243573    12.000000000000
         H           -1.959849176844     3.643267258233     2.542286762921     1.007825032230
         O           -0.228849230250     4.652268036431     2.291287312237    15.994914619570
         H            0.788150968114     4.524267777032     2.258287319867     1.007825032230
         C           -0.168849287471     2.500267609185     3.040286907879    12.000000000000
         H            0.852151097814     2.225267990655     2.720287213055     1.007825032230
         H           -0.868849096736     1.645268066949     3.352287182537     1.007825032230
         H            0.091150941411     3.038267715996     3.980287441937     1.007825032230
         C           -1.690849123439     4.037267311638    -0.239712825092    12.000000000000
         O           -2.903849420985     4.064267738885    -0.502712836536    15.994914619570
         H           -1.047090349635     4.823130234307    -0.661605468067     1.007825032230

  Running in c1 symmetry.

  Rotational constants: A =      0.03746  B =      0.00457  C =      0.00427 [cm^-1]
  Rotational constants: A =   1123.07894  B =    136.98076  C =    128.11747 [MHz]
  Nuclear repulsion =  653.080376275946264

  Charge       = 2
  Multiplicity = 1
  Electrons    = 96
  Nalpha       = 48
  Nbeta        = 48

  ==> Algorithm <==

  SCF Algorithm Type is DF.
  DIIS enabled.
  MOM disabled.
  Fractional occupation disabled.
  Guess Type is SAD.
  Energy threshold   = 1.00e-08
  Density threshold  = 1.00e-08
  Integral threshold = 1.00e-12

  ==> Primary Basis <==

  Basis Set: JUN-CC-PVDZ
    Blend: JUN-CC-PVDZ
    Number of shells: 150
    Number of basis functions: 306
    Number of Cartesian functions: 318
    Spherical Harmonics?: true
    Max angular momentum: 2

   => Loading Basis Set <=

    Name: (JUN-CC-PVDZ AUX)
    Role: JKFIT
    Keyword: DF_BASIS_SCF
    atoms 1, 14                                          entry N          line   202 file /home/alia/anaconda3/envs/mddemo/share/psi4/basis/jun-cc-pvdz-jkfit.gbs 
    atoms 2-4, 6, 8-10, 13, 15-17, 19, 21, 23, 25-27, 30 entry H          line    70 file /home/alia/anaconda3/envs/mddemo/share/psi4/basis/jun-cc-pvdz-jkfit.gbs 
    atoms 5, 7, 11, 18, 20, 24, 28                       entry C          line   146 file /home/alia/anaconda3/envs/mddemo/share/psi4/basis/jun-cc-pvdz-jkfit.gbs 
    atoms 12, 22, 29                                     entry O          line   258 file /home/alia/anaconda3/envs/mddemo/share/psi4/basis/jun-cc-pvdz-jkfit.gbs 

  ==> Integral Setup <==

  ==> DiskDFJK: Density-Fitted J/K Matrices <==

    J tasked:                  Yes
    K tasked:                  Yes
    wK tasked:                  No
    OpenMP threads:             32
    Integrals threads:          32
    Memory [MiB]:            57220
    Algorithm:                Core
    Integral Cache:           SAVE
    Schwarz Cutoff:          1E-12
    Fitting Condition:       1E-10

   => Auxiliary Basis Set <=

  Basis Set: (JUN-CC-PVDZ AUX)
    Blend: JUN-CC-PVDZ-JKFIT
    Number of shells: 486
    Number of basis functions: 1362
    Number of Cartesian functions: 1542
    Spherical Harmonics?: true
    Max angular momentum: 3

  Minimum eigenvalue in the overlap matrix is 6.2249397725E-05.
  Reciprocal condition number of the overlap matrix is 5.4797671736E-06.
    Using symmetric orthogonalization.

  ==> Pre-Iterations <==

  SCF Guess: Superposition of Atomic Densities via on-the-fly atomic UHF (no occupation information).

   -------------------------
    Irrep   Nso     Nmo    
   -------------------------
     A        306     306 
   -------------------------
    Total     306     306
   -------------------------

  ==> Iterations <==

                           Total Energy        Delta E     RMS |[F,P]|

   @DF-RHF iter SAD:  -607.34355345158019   -6.07344e+02   0.00000e+00 
   @DF-RHF iter   1:  -607.95052078742731   -6.06967e-01   2.80969e-03 DIIS
   @DF-RHF iter   2:  -608.27041376734485   -3.19893e-01   1.77446e-03 DIIS
   @DF-RHF iter   3:  -608.38056253829757   -1.10149e-01   3.90691e-04 DIIS
   @DF-RHF iter   4:  -608.38923201171190   -8.66947e-03   1.51049e-04 DIIS
   @DF-RHF iter   5:  -608.39052966049962   -1.29765e-03   3.77055e-05 DIIS
   @DF-RHF iter   6:  -608.39066096125714   -1.31301e-04   1.87074e-05 DIIS
   @DF-RHF iter   7:  -608.39069445480322   -3.34935e-05   8.32845e-06 DIIS
   @DF-RHF iter   8:  -608.39070205993505   -7.60513e-06   3.50558e-06 DIIS
   @DF-RHF iter   9:  -608.39070351312387   -1.45319e-06   1.30044e-06 DIIS
   @DF-RHF iter  10:  -608.39070372632318   -2.13199e-07   4.30507e-07 DIIS
   @DF-RHF iter  11:  -608.39070375703466   -3.07115e-08   2.07970e-07 DIIS
   @DF-RHF iter  12:  -608.39070376756968   -1.05350e-08   1.11947e-07 DIIS
   @DF-RHF iter  13:  -608.39070377135135   -3.78168e-09   5.52762e-08 DIIS
   @DF-RHF iter  14:  -608.39070377246412   -1.11277e-09   2.02213e-08 DIIS
   @DF-RHF iter  15:  -608.39070377256758   -1.03455e-10   7.53218e-09 DIIS
  Energy and wave function converged.


  ==> Post-Iterations <==

    Orbital Energies [Eh]
    ---------------------

    Doubly Occupied:                                                      

       1A    -20.817890     2A    -20.805419     3A    -20.796971  
       4A    -16.014375     5A    -15.994816     6A    -11.586114  
       7A    -11.581453     8A    -11.574922     9A    -11.559134  
      10A    -11.536590    11A    -11.505971    12A    -11.460560  
      13A     -1.663251    14A     -1.615052    15A     -1.602691  
      16A     -1.571193    17A     -1.567235    18A     -1.311419  
      19A     -1.298445    20A     -1.209423    21A     -1.175165  
      22A     -1.082708    23A     -1.075703    24A     -1.075644  
      25A     -1.024930    26A     -1.022006    27A     -0.986074  
      28A     -0.979581    29A     -0.964991    30A     -0.946142  
      31A     -0.897540    32A     -0.890998    33A     -0.872991  
      34A     -0.872682    35A     -0.861145    36A     -0.835393  
      37A     -0.825242    38A     -0.820436    39A     -0.815058  
      40A     -0.778052    41A     -0.764563    42A     -0.757213  
      43A     -0.749883    44A     -0.724614    45A     -0.696615  
      46A     -0.678453    47A     -0.673156    48A     -0.648834  

    Virtual:                                                              

      49A     -0.211450    50A     -0.184706    51A     -0.163927  
      52A     -0.149797    53A     -0.134992    54A     -0.131683  
      55A     -0.129244    56A     -0.117805    57A     -0.113521  
      58A     -0.108687    59A     -0.099135    60A     -0.097376  
      61A     -0.091192    62A     -0.085239    63A     -0.082834  
      64A     -0.073708    65A     -0.068328    66A     -0.065674  
      67A     -0.065381    68A     -0.062878    69A     -0.049496  
      70A     -0.047813    71A     -0.042100    72A     -0.041559  
      73A     -0.036384    74A     -0.029284    75A     -0.026837  
      76A     -0.024315    77A     -0.016202    78A     -0.015959  
      79A     -0.008133    80A     -0.005165    81A      0.002155  
      82A      0.009875    83A      0.014543    84A      0.030788  
      85A      0.034591    86A      0.037916    87A      0.044410  
      88A      0.055986    89A      0.059167    90A      0.062813  
      91A      0.065234    92A      0.072451    93A      0.079898  
      94A      0.088050    95A      0.095793    96A      0.101086  
      97A      0.104964    98A      0.107318    99A      0.119248  
     100A      0.125156   101A      0.128907   102A      0.134649  
     103A      0.140430   104A      0.142364   105A      0.147576  
     106A      0.150925   107A      0.156356   108A      0.168371  
     109A      0.177933   110A      0.182761   111A      0.183717  
     112A      0.200705   113A      0.206553   114A      0.210117  
     115A      0.212144   116A      0.230597   117A      0.241725  
     118A      0.250278   119A      0.256498   120A      0.265250  
     121A      0.268955   122A      0.294680   123A      0.312177  
     124A      0.342491   125A      0.358900   126A      0.378671  
     127A      0.443128   128A      0.470740   129A      0.493395  
     130A      0.505886   131A      0.518761   132A      0.537857  
     133A      0.542747   134A      0.548489   135A      0.551587  
     136A      0.554630   137A      0.563674   138A      0.580415  
     139A      0.590616   140A      0.598689   141A      0.610373  
     142A      0.625183   143A      0.636182   144A      0.640526  
     145A      0.660681   146A      0.664535   147A      0.665858  
     148A      0.670708   149A      0.676467   150A      0.690234  
     151A      0.702975   152A      0.709079   153A      0.710555  
     154A      0.719276   155A      0.727708   156A      0.730413  
     157A      0.746863   158A      0.755384   159A      0.757671  
     160A      0.763058   161A      0.765038   162A      0.802336  
     163A      0.806022   164A      0.817126   165A      0.821193  
     166A      0.827363   167A      0.840486   168A      0.851668  
     169A      0.865029   170A      0.875402   171A      0.893171  
     172A      0.904982   173A      0.920985   174A      0.956180  
     175A      0.967535   176A      1.029486   177A      1.032591  
     178A      1.057026   179A      1.081405   180A      1.088539  
     181A      1.122007   182A      1.144213   183A      1.169792  
     184A      1.176111   185A      1.203005   186A      1.230620  
     187A      1.234504   188A      1.246946   189A      1.255318  
     190A      1.265698   191A      1.279503   192A      1.283327  
     193A      1.295064   194A      1.305821   195A      1.310245  
     196A      1.317742   197A      1.341205   198A      1.349944  
     199A      1.356437   200A      1.377184   201A      1.399115  
     202A      1.411144   203A      1.420704   204A      1.426651  
     205A      1.434339   206A      1.456510   207A      1.470965  
     208A      1.498668   209A      1.532531   210A      1.551044  
     211A      1.558753   212A      1.572643   213A      1.584840  
     214A      1.614114   215A      1.616134   216A      1.627605  
     217A      1.643011   218A      1.643684   219A      1.651545  
     220A      1.667585   221A      1.669536   222A      1.677447  
     223A      1.695426   224A      1.705051   225A      1.708631  
     226A      1.722015   227A      1.732055   228A      1.743993  
     229A      1.748946   230A      1.764717   231A      1.773556  
     232A      1.774824   233A      1.795981   234A      1.797833  
     235A      1.818053   236A      1.820972   237A      1.822705  
     238A      1.834970   239A      1.852536   240A      1.884409  
     241A      1.897926   242A      1.915514   243A      1.918846  
     244A      1.962800   245A      1.967414   246A      1.988232  
     247A      2.006927   248A      2.016634   249A      2.018898  
     250A      2.031993   251A      2.059050   252A      2.061462  
     253A      2.072181   254A      2.076850   255A      2.101029  
     256A      2.130769   257A      2.139317   258A      2.148919  
     259A      2.192837   260A      2.200387   261A      2.228927  
     262A      2.243049   263A      2.277566   264A      2.293134  
     265A      2.320542   266A      2.337741   267A      2.343156  
     268A      2.380421   269A      2.393685   270A      2.402452  
     271A      2.404772   272A      2.435995   273A      2.454246  
     274A      2.495981   275A      2.536598   276A      2.553330  
     277A      2.555025   278A      2.588297   279A      2.611441  
     280A      2.624112   281A      2.641999   282A      2.651464  
     283A      2.656767   284A      2.678286   285A      2.728129  
     286A      2.759761   287A      2.793073   288A      2.823685  
     289A      2.830540   290A      2.882021   291A      2.902855  
     292A      2.963370   293A      2.988724   294A      3.023597  
     295A      3.047651   296A      3.078353   297A      3.193204  
     298A      3.217723   299A      3.234844   300A      3.237446  
     301A      3.467993   302A      3.527044   303A      3.533779  
     304A      3.726186   305A      3.767261   306A      3.833334  

    Final Occupation by Irrep:
              A 
    DOCC [    48 ]

  @DF-RHF Final Energy:  -608.39070377256758

   => Energetics <=

    Nuclear Repulsion Energy =            653.0803762759462643
    One-Electron Energy =               -2099.8046835648801789
    Two-Electron Energy =                 838.3336035163663382
    Total Energy =                       -608.3907037725675764

Computation Completed


Properties will be evaluated at   0.000000,   0.000000,   0.000000 [a0]

Properties computed using the SCF density matrix

  Nuclear Dipole Moment: [e a0]
     X:     9.1930      Y:    -9.2138      Z:     8.6329

  Electronic Dipole Moment: [e a0]
     X:    -5.9270      Y:     3.3618      Z:    -8.3374

  Dipole Moment: [e a0]
     X:     3.2660      Y:    -5.8519      Z:     0.2954     Total:     6.7081

  Dipole Moment: [D]
     X:     8.3013      Y:   -14.8742      Z:     0.7510     Total:    17.0504


*** tstop() called on aliaconda at Sun Mar 20 05:41:27 2022
Module time:
	user time   =     323.93 seconds =       5.40 minutes
	system time =      37.12 seconds =       0.62 minutes
	total time  =         15 seconds =       0.25 minutes
Total time:
	user time   =   75085.47 seconds =    1251.42 minutes
	system time =   10471.90 seconds =     174.53 minutes
	total time  =       4670 seconds =      77.83 minutes

  //>>>>>>>>>>>>>>>>>>>>>>>>>>>>>>>>>>>//
  //            Monomer A HF           //
  //<<<<<<<<<<<<<<<<<<<<<<<<<<<<<<<<<<<//


*** tstart() called on aliaconda
*** at Sun Mar 20 05:41:27 2022

   => Loading Basis Set <=

    Name: JUN-CC-PVDZ
    Role: ORBITAL
    Keyword: BASIS
    atoms 1, 14                                          entry N          line   198 file /home/alia/anaconda3/envs/mddemo/share/psi4/basis/jun-cc-pvdz.gbs 
    atoms 2-4, 6, 8-10, 13, 15-17, 19, 21, 23, 25-27, 30 entry H          line    36 file /home/alia/anaconda3/envs/mddemo/share/psi4/basis/jun-cc-pvdz.gbs 
    atoms 5, 7, 11, 18, 20, 24, 28                       entry C          line   164 file /home/alia/anaconda3/envs/mddemo/share/psi4/basis/jun-cc-pvdz.gbs 
    atoms 12, 22, 29                                     entry O          line   232 file /home/alia/anaconda3/envs/mddemo/share/psi4/basis/jun-cc-pvdz.gbs 


         ---------------------------------------------------------
                                   SCF
               by Justin Turney, Rob Parrish, Andy Simmonett
                          and Daniel G. A. Smith
                              RHF Reference
                       32 Threads,  76293 MiB Core
         ---------------------------------------------------------

  ==> Geometry <==

    Molecular point group: c1
    Full point group: C1

    Geometry (in Angstrom), charge = 1, multiplicity = 1:

       Center              X                  Y                   Z               Mass       
    ------------   -----------------  -----------------  -----------------  -----------------
         N            0.638150872747    -5.907732383186    -0.800713172229    14.003074004430
         H            0.000150861303    -5.996732131416     0.216287026135     1.007825032230
         H           -0.187848864039    -6.312732354576    -1.574712863239     1.007825032230
         H            1.414150895635    -6.564732209617    -0.752712836536     1.007825032230
         C            1.120150746862    -4.562732116157    -0.965713134082    12.000000000000
         H            0.331150712529    -3.838732139045    -0.808713069233     1.007825032230
         C            2.455150785009    -4.304732219154    -0.174712767871    12.000000000000
         H            3.287150802175    -5.029732123786    -0.304712882312     1.007825032230
         H            2.129150809804    -4.286732093269     0.896286854473     1.007825032230
         H            2.770150842229    -3.277732268745    -0.217712989124     1.007825032230
         C            1.415150823156    -4.338732139045    -2.425712933811    12.000000000000
         O            0.841150941411    -4.943732158119    -3.283712973865    15.994914619570
         H            2.178318919698    -3.599544898445    -2.710628381046     1.007825032230
      Gh(N)           0.250150861303     2.527268036431     0.150287041394    14.003074004430
      Gh(H)           0.107150735418     2.486267670220    -1.045713057788     1.007825032230
      Gh(H)           0.555150689641     1.377267464226     0.326287159649     1.007825032230
      Gh(H)           1.074150743047     3.141267403191     0.281287083355     1.007825032230
      Gh(C)          -1.036849317988     2.949267967766     0.655287155835    12.000000000000
      Gh(H)          -1.693848906001     2.144267662591     0.717286953656     1.007825032230
      Gh(C)          -0.900849161586     3.463267906731     2.088287243573    12.000000000000
      Gh(H)          -1.959849176844     3.643267258233     2.542286762921     1.007825032230
      Gh(O)          -0.228849230250     4.652268036431     2.291287312237    15.994914619570
      Gh(H)           0.788150968114     4.524267777032     2.258287319867     1.007825032230
      Gh(C)          -0.168849287471     2.500267609185     3.040286907879    12.000000000000
      Gh(H)           0.852151097814     2.225267990655     2.720287213055     1.007825032230
      Gh(H)          -0.868849096736     1.645268066949     3.352287182537     1.007825032230
      Gh(H)           0.091150941411     3.038267715996     3.980287441937     1.007825032230
      Gh(C)          -1.690849123439     4.037267311638    -0.239712825092    12.000000000000
      Gh(O)          -2.903849420985     4.064267738885    -0.502712836536    15.994914619570
      Gh(H)          -1.047090349635     4.823130234307    -0.661605468067     1.007825032230

  Running in c1 symmetry.

  Rotational constants: A =      0.03746  B =      0.00457  C =      0.00427 [cm^-1]
  Rotational constants: A =   1123.07894  B =    136.98076  C =    128.11747 [MHz]
  Nuclear repulsion =  187.560820892725928

  Charge       = 1
  Multiplicity = 1
  Electrons    = 40
  Nalpha       = 20
  Nbeta        = 20

  ==> Algorithm <==

  SCF Algorithm Type is DF.
  DIIS enabled.
  MOM disabled.
  Fractional occupation disabled.
  Guess Type is SAD.
  Energy threshold   = 1.00e-08
  Density threshold  = 1.00e-08
  Integral threshold = 1.00e-12

  ==> Primary Basis <==

  Basis Set: JUN-CC-PVDZ
    Blend: JUN-CC-PVDZ
    Number of shells: 150
    Number of basis functions: 306
    Number of Cartesian functions: 318
    Spherical Harmonics?: true
    Max angular momentum: 2

   => Loading Basis Set <=

    Name: (JUN-CC-PVDZ AUX)
    Role: JKFIT
    Keyword: DF_BASIS_SCF
    atoms 1, 14                                          entry N          line   202 file /home/alia/anaconda3/envs/mddemo/share/psi4/basis/jun-cc-pvdz-jkfit.gbs 
    atoms 2-4, 6, 8-10, 13, 15-17, 19, 21, 23, 25-27, 30 entry H          line    70 file /home/alia/anaconda3/envs/mddemo/share/psi4/basis/jun-cc-pvdz-jkfit.gbs 
    atoms 5, 7, 11, 18, 20, 24, 28                       entry C          line   146 file /home/alia/anaconda3/envs/mddemo/share/psi4/basis/jun-cc-pvdz-jkfit.gbs 
    atoms 12, 22, 29                                     entry O          line   258 file /home/alia/anaconda3/envs/mddemo/share/psi4/basis/jun-cc-pvdz-jkfit.gbs 

  ==> Integral Setup <==

  ==> DiskDFJK: Density-Fitted J/K Matrices <==

    J tasked:                  Yes
    K tasked:                  Yes
    wK tasked:                  No
    OpenMP threads:             32
    Integrals threads:          32
    Memory [MiB]:            57220
    Algorithm:                Core
    Integral Cache:           LOAD
    Schwarz Cutoff:          1E-12
    Fitting Condition:       1E-10

   => Auxiliary Basis Set <=

  Basis Set: (JUN-CC-PVDZ AUX)
    Blend: JUN-CC-PVDZ-JKFIT
    Number of shells: 486
    Number of basis functions: 1362
    Number of Cartesian functions: 1542
    Spherical Harmonics?: true
    Max angular momentum: 3

  Minimum eigenvalue in the overlap matrix is 6.2249397725E-05.
  Reciprocal condition number of the overlap matrix is 5.4797671736E-06.
    Using symmetric orthogonalization.

  ==> Pre-Iterations <==

  SCF Guess: Superposition of Atomic Densities via on-the-fly atomic UHF (no occupation information).

   -------------------------
    Irrep   Nso     Nmo    
   -------------------------
     A        306     306 
   -------------------------
    Total     306     306
   -------------------------

  ==> Iterations <==

                           Total Energy        Delta E     RMS |[F,P]|

   @DF-RHF iter SAD:  -246.83574508147177   -2.46836e+02   0.00000e+00 
   @DF-RHF iter   1:  -247.13181396006499   -2.96069e-01   1.72101e-03 DIIS
   @DF-RHF iter   2:  -247.26101637097526   -1.29202e-01   1.00551e-03 DIIS
   @DF-RHF iter   3:  -247.29656536726915   -3.55490e-02   2.37376e-04 DIIS
   @DF-RHF iter   4:  -247.29991279185575   -3.34742e-03   8.32835e-05 DIIS
   @DF-RHF iter   5:  -247.30034460966158   -4.31818e-04   1.92452e-05 DIIS
   @DF-RHF iter   6:  -247.30039274844873   -4.81388e-05   7.97341e-06 DIIS
   @DF-RHF iter   7:  -247.30039987765861   -7.12921e-06   3.65179e-06 DIIS
   @DF-RHF iter   8:  -247.30040139229186   -1.51463e-06   1.20902e-06 DIIS
   @DF-RHF iter   9:  -247.30040155770416   -1.65412e-07   2.66789e-07 DIIS
   @DF-RHF iter  10:  -247.30040156489201   -7.18785e-09   8.36207e-08 DIIS
   @DF-RHF iter  11:  -247.30040156560224   -7.10230e-10   1.84766e-08 DIIS
   @DF-RHF iter  12:  -247.30040156563598   -3.37366e-11   4.64944e-09 DIIS
  Energy and wave function converged.


  ==> Post-Iterations <==

    Orbital Energies [Eh]
    ---------------------

    Doubly Occupied:                                                      

       1A    -20.748282     2A    -15.929816     3A    -11.516481  
       4A    -11.502597     5A    -11.432469     6A     -1.594365  
       7A     -1.500692     8A     -1.240066     9A     -1.103061  
      10A     -1.006351    11A     -0.958015    12A     -0.918593  
      13A     -0.876122    14A     -0.828776    15A     -0.803480  
      16A     -0.748732    17A     -0.742399    18A     -0.705322  
      19A     -0.687855    20A     -0.603233  

    Virtual:                                                              

      21A     -0.120080    22A     -0.074170    23A     -0.064568  
      24A     -0.055267    25A     -0.048589    26A     -0.032884  
      27A     -0.028056    28A     -0.026011    29A     -0.013024  
      30A     -0.005737    31A      0.000674    32A      0.002707  
      33A      0.006881    34A      0.014427    35A      0.019926  
      36A      0.025220    37A      0.027059    38A      0.032976  
      39A      0.041339    40A      0.045982    41A      0.047242  
      42A      0.051482    43A      0.056773    44A      0.065923  
      45A      0.074587    46A      0.080202    47A      0.083809  
      48A      0.087352    49A      0.091035    50A      0.093846  
      51A      0.104993    52A      0.111492    53A      0.125951  
      54A      0.128396    55A      0.135487    56A      0.143076  
      57A      0.147555    58A      0.150020    59A      0.154621  
      60A      0.156290    61A      0.166002    62A      0.167226  
      63A      0.170228    64A      0.178044    65A      0.191507  
      66A      0.196996    67A      0.207666    68A      0.210885  
      69A      0.216595    70A      0.222847    71A      0.227653  
      72A      0.236617    73A      0.244936    74A      0.249862  
      75A      0.255015    76A      0.272122    77A      0.276221  
      78A      0.289297    79A      0.307910    80A      0.311179  
      81A      0.315332    82A      0.327921    83A      0.334507  
      84A      0.347393    85A      0.356449    86A      0.360054  
      87A      0.379308    88A      0.390177    89A      0.394347  
      90A      0.429667    91A      0.440799    92A      0.459298  
      93A      0.479790    94A      0.492578    95A      0.510881  
      96A      0.515925    97A      0.524450    98A      0.538266  
      99A      0.549320   100A      0.567385   101A      0.574755  
     102A      0.579011   103A      0.584101   104A      0.609047  
     105A      0.620973   106A      0.628622   107A      0.634155  
     108A      0.636492   109A      0.648627   110A      0.650146  
     111A      0.675554   112A      0.689167   113A      0.695640  
     114A      0.716433   115A      0.730296   116A      0.733779  
     117A      0.738746   118A      0.758124   119A      0.759928  
     120A      0.778533   121A      0.782214   122A      0.793784  
     123A      0.800756   124A      0.817670   125A      0.829899  
     126A      0.838730   127A      0.869287   128A      0.887749  
     129A      0.894683   130A      0.894805   131A      0.915623  
     132A      0.931238   133A      0.938918   134A      0.955799  
     135A      0.961828   136A      0.981367   137A      0.987905  
     138A      1.025302   139A      1.037362   140A      1.103493  
     141A      1.128206   142A      1.139556   143A      1.158914  
     144A      1.214691   145A      1.239972   146A      1.301025  
     147A      1.314802   148A      1.323340   149A      1.352028  
     150A      1.375781   151A      1.418571   152A      1.469274  
     153A      1.479131   154A      1.499298   155A      1.507311  
     156A      1.544734   157A      1.564047   158A      1.569341  
     159A      1.605957   160A      1.611484   161A      1.630031  
     162A      1.654343   163A      1.655886   164A      1.664547  
     165A      1.682952   166A      1.686344   167A      1.698127  
     168A      1.704950   169A      1.712592   170A      1.729045  
     171A      1.736879   172A      1.737293   173A      1.748245  
     174A      1.752891   175A      1.779879   176A      1.794429  
     177A      1.802465   178A      1.815917   179A      1.835300  
     180A      1.851159   181A      1.856155   182A      1.866232  
     183A      1.867426   184A      1.879872   185A      1.891762  
     186A      1.894419   187A      1.904984   188A      1.916248  
     189A      1.935289   190A      1.956038   191A      1.959826  
     192A      1.985281   193A      2.003101   194A      2.018314  
     195A      2.032278   196A      2.036712   197A      2.047592  
     198A      2.055588   199A      2.058186   200A      2.075672  
     201A      2.088232   202A      2.109846   203A      2.130636  
     204A      2.133620   205A      2.146698   206A      2.161550  
     207A      2.173811   208A      2.179990   209A      2.184612  
     210A      2.221292   211A      2.236885   212A      2.267468  
     213A      2.270783   214A      2.282710   215A      2.300163  
     216A      2.311998   217A      2.342769   218A      2.349498  
     219A      2.379909   220A      2.380858   221A      2.398206  
     222A      2.410144   223A      2.429467   224A      2.448559  
     225A      2.461839   226A      2.468358   227A      2.471662  
     228A      2.493023   229A      2.525352   230A      2.528062  
     231A      2.545071   232A      2.592066   233A      2.608825  
     234A      2.620969   235A      2.622278   236A      2.658741  
     237A      2.694720   238A      2.702716   239A      2.724555  
     240A      2.739308   241A      2.748838   242A      2.751224  
     243A      2.768651   244A      2.780942   245A      2.843809  
     246A      2.863094   247A      2.887764   248A      2.892747  
     249A      2.897107   250A      2.914161   251A      2.951509  
     252A      2.969685   253A      3.026368   254A      3.032675  
     255A      3.077475   256A      3.113272   257A      3.138552  
     258A      3.192599   259A      3.268996   260A      3.290228  
     261A      3.303501   262A      3.398958   263A      3.462540  
     264A      3.477549   265A      3.533866   266A      3.595901  
     267A      3.604917   268A      3.628752   269A      3.696633  
     270A      3.835592   271A      3.914701   272A      3.956380  
     273A      4.026837   274A      4.169179   275A      4.177064  
     276A      4.324626   277A      4.370416   278A      4.395280  
     279A      4.570385   280A      4.597413   281A      4.629124  
     282A      4.642541   283A      4.657974   284A      4.775218  
     285A      4.819176   286A      4.849289   287A      4.896083  
     288A      5.086599   289A      5.099823   290A      5.213643  
     291A      5.371256   292A      5.478654   293A      5.554854  
     294A      5.659493   295A      5.692670   296A      5.746342  
     297A      6.024723   298A      6.471074   299A      6.611834  
     300A     18.151862   301A     18.324496   302A     18.444703  
     303A     18.584554   304A     25.320289   305A     33.439474  
     306A     33.460945  

    Final Occupation by Irrep:
              A 
    DOCC [    20 ]

  @DF-RHF Final Energy:  -247.30040156563598

   => Energetics <=

    Nuclear Repulsion Energy =            187.5608208927259284
    One-Electron Energy =                -698.8290303711889919
    Two-Electron Energy =                 263.9678079128270838
    Total Energy =                       -247.3004015656359798

Computation Completed


Properties will be evaluated at   0.000000,   0.000000,   0.000000 [a0]

Properties computed using the SCF density matrix

  Nuclear Dipole Moment: [e a0]
     X:   100.2714      Y:  -376.1459      Z:  -110.6022

  Electronic Dipole Moment: [e a0]
     X:   -98.3682      Y:   366.0462      Z:   110.0117

  Dipole Moment: [e a0]
     X:     1.9033      Y:   -10.0997      Z:    -0.5905     Total:    10.2944

  Dipole Moment: [D]
     X:     4.8376      Y:   -25.6709      Z:    -1.5008     Total:    26.1658


*** tstop() called on aliaconda at Sun Mar 20 05:41:35 2022
Module time:
	user time   =     164.54 seconds =       2.74 minutes
	system time =      14.94 seconds =       0.25 minutes
	total time  =          8 seconds =       0.13 minutes
Total time:
	user time   =   75250.13 seconds =    1254.17 minutes
	system time =   10486.87 seconds =     174.78 minutes
	total time  =       4678 seconds =      77.97 minutes

  //>>>>>>>>>>>>>>>>>>>>>>>>>>>>>>>>>>>//
  //            Monomer B HF           //
  //<<<<<<<<<<<<<<<<<<<<<<<<<<<<<<<<<<<//


*** tstart() called on aliaconda
*** at Sun Mar 20 05:41:35 2022

   => Loading Basis Set <=

    Name: JUN-CC-PVDZ
    Role: ORBITAL
    Keyword: BASIS
    atoms 1, 14                                          entry N          line   198 file /home/alia/anaconda3/envs/mddemo/share/psi4/basis/jun-cc-pvdz.gbs 
    atoms 2-4, 6, 8-10, 13, 15-17, 19, 21, 23, 25-27, 30 entry H          line    36 file /home/alia/anaconda3/envs/mddemo/share/psi4/basis/jun-cc-pvdz.gbs 
    atoms 5, 7, 11, 18, 20, 24, 28                       entry C          line   164 file /home/alia/anaconda3/envs/mddemo/share/psi4/basis/jun-cc-pvdz.gbs 
    atoms 12, 22, 29                                     entry O          line   232 file /home/alia/anaconda3/envs/mddemo/share/psi4/basis/jun-cc-pvdz.gbs 


         ---------------------------------------------------------
                                   SCF
               by Justin Turney, Rob Parrish, Andy Simmonett
                          and Daniel G. A. Smith
                              RHF Reference
                       32 Threads,  76293 MiB Core
         ---------------------------------------------------------

  ==> Geometry <==

    Molecular point group: c1
    Full point group: C1

    Geometry (in Angstrom), charge = 1, multiplicity = 1:

       Center              X                  Y                   Z               Mass       
    ------------   -----------------  -----------------  -----------------  -----------------
      Gh(N)           0.638150872747    -5.907732383186    -0.800713172229    14.003074004430
      Gh(H)           0.000150861303    -5.996732131416     0.216287026135     1.007825032230
      Gh(H)          -0.187848864039    -6.312732354576    -1.574712863239     1.007825032230
      Gh(H)           1.414150895635    -6.564732209617    -0.752712836536     1.007825032230
      Gh(C)           1.120150746862    -4.562732116157    -0.965713134082    12.000000000000
      Gh(H)           0.331150712529    -3.838732139045    -0.808713069233     1.007825032230
      Gh(C)           2.455150785009    -4.304732219154    -0.174712767871    12.000000000000
      Gh(H)           3.287150802175    -5.029732123786    -0.304712882312     1.007825032230
      Gh(H)           2.129150809804    -4.286732093269     0.896286854473     1.007825032230
      Gh(H)           2.770150842229    -3.277732268745    -0.217712989124     1.007825032230
      Gh(C)           1.415150823156    -4.338732139045    -2.425712933811    12.000000000000
      Gh(O)           0.841150941411    -4.943732158119    -3.283712973865    15.994914619570
      Gh(H)           2.178318919698    -3.599544898445    -2.710628381046     1.007825032230
         N            0.250150861303     2.527268036431     0.150287041394    14.003074004430
         H            0.107150735418     2.486267670220    -1.045713057788     1.007825032230
         H            0.555150689641     1.377267464226     0.326287159649     1.007825032230
         H            1.074150743047     3.141267403191     0.281287083355     1.007825032230
         C           -1.036849317988     2.949267967766     0.655287155835    12.000000000000
         H           -1.693848906001     2.144267662591     0.717286953656     1.007825032230
         C           -0.900849161586     3.463267906731     2.088287243573    12.000000000000
         H           -1.959849176844     3.643267258233     2.542286762921     1.007825032230
         O           -0.228849230250     4.652268036431     2.291287312237    15.994914619570
         H            0.788150968114     4.524267777032     2.258287319867     1.007825032230
         C           -0.168849287471     2.500267609185     3.040286907879    12.000000000000
         H            0.852151097814     2.225267990655     2.720287213055     1.007825032230
         H           -0.868849096736     1.645268066949     3.352287182537     1.007825032230
         H            0.091150941411     3.038267715996     3.980287441937     1.007825032230
         C           -1.690849123439     4.037267311638    -0.239712825092    12.000000000000
         O           -2.903849420985     4.064267738885    -0.502712836536    15.994914619570
         H           -1.047090349635     4.823130234307    -0.661605468067     1.007825032230

  Running in c1 symmetry.

  Rotational constants: A =      0.03746  B =      0.00457  C =      0.00427 [cm^-1]
  Rotational constants: A =   1123.07894  B =    136.98076  C =    128.11747 [MHz]
  Nuclear repulsion =  328.576819829312058

  Charge       = 1
  Multiplicity = 1
  Electrons    = 56
  Nalpha       = 28
  Nbeta        = 28

  ==> Algorithm <==

  SCF Algorithm Type is DF.
  DIIS enabled.
  MOM disabled.
  Fractional occupation disabled.
  Guess Type is SAD.
  Energy threshold   = 1.00e-08
  Density threshold  = 1.00e-08
  Integral threshold = 1.00e-12

  ==> Primary Basis <==

  Basis Set: JUN-CC-PVDZ
    Blend: JUN-CC-PVDZ
    Number of shells: 150
    Number of basis functions: 306
    Number of Cartesian functions: 318
    Spherical Harmonics?: true
    Max angular momentum: 2

   => Loading Basis Set <=

    Name: (JUN-CC-PVDZ AUX)
    Role: JKFIT
    Keyword: DF_BASIS_SCF
    atoms 1, 14                                          entry N          line   202 file /home/alia/anaconda3/envs/mddemo/share/psi4/basis/jun-cc-pvdz-jkfit.gbs 
    atoms 2-4, 6, 8-10, 13, 15-17, 19, 21, 23, 25-27, 30 entry H          line    70 file /home/alia/anaconda3/envs/mddemo/share/psi4/basis/jun-cc-pvdz-jkfit.gbs 
    atoms 5, 7, 11, 18, 20, 24, 28                       entry C          line   146 file /home/alia/anaconda3/envs/mddemo/share/psi4/basis/jun-cc-pvdz-jkfit.gbs 
    atoms 12, 22, 29                                     entry O          line   258 file /home/alia/anaconda3/envs/mddemo/share/psi4/basis/jun-cc-pvdz-jkfit.gbs 

  ==> Integral Setup <==

  ==> DiskDFJK: Density-Fitted J/K Matrices <==

    J tasked:                  Yes
    K tasked:                  Yes
    wK tasked:                  No
    OpenMP threads:             32
    Integrals threads:          32
    Memory [MiB]:            57220
    Algorithm:                Core
    Integral Cache:           LOAD
    Schwarz Cutoff:          1E-12
    Fitting Condition:       1E-10

   => Auxiliary Basis Set <=

  Basis Set: (JUN-CC-PVDZ AUX)
    Blend: JUN-CC-PVDZ-JKFIT
    Number of shells: 486
    Number of basis functions: 1362
    Number of Cartesian functions: 1542
    Spherical Harmonics?: true
    Max angular momentum: 3

  Minimum eigenvalue in the overlap matrix is 6.2249397725E-05.
  Reciprocal condition number of the overlap matrix is 5.4797671736E-06.
    Using symmetric orthogonalization.

  ==> Pre-Iterations <==

  SCF Guess: Superposition of Atomic Densities via on-the-fly atomic UHF (no occupation information).

   -------------------------
    Irrep   Nso     Nmo    
   -------------------------
     A        306     306 
   -------------------------
    Total     306     306
   -------------------------

  ==> Iterations <==

                           Total Energy        Delta E     RMS |[F,P]|

   @DF-RHF iter SAD:  -360.50778405079046   -3.60508e+02   0.00000e+00 
   @DF-RHF iter   1:  -360.89283015081230   -3.85046e-01   2.20434e-03 DIIS
   @DF-RHF iter   2:  -361.08147879041923   -1.88649e-01   1.43092e-03 DIIS
   @DF-RHF iter   3:  -361.15310187519481   -7.16231e-02   3.03485e-04 DIIS
   @DF-RHF iter   4:  -361.15820137170124   -5.09950e-03   1.20153e-04 DIIS
   @DF-RHF iter   5:  -361.15899637536427   -7.95004e-04   2.82755e-05 DIIS
   @DF-RHF iter   6:  -361.15907190528765   -7.55299e-05   1.32394e-05 DIIS
   @DF-RHF iter   7:  -361.15909047608693   -1.85708e-05   5.68796e-06 DIIS
   @DF-RHF iter   8:  -361.15909469619879   -4.22011e-06   2.40248e-06 DIIS
   @DF-RHF iter   9:  -361.15909550614469   -8.09946e-07   7.50249e-07 DIIS
   @DF-RHF iter  10:  -361.15909560225020   -9.61055e-08   2.90476e-07 DIIS
   @DF-RHF iter  11:  -361.15909562089882   -1.86486e-08   1.43846e-07 DIIS
   @DF-RHF iter  12:  -361.15909562665342   -5.75460e-09   7.93205e-08 DIIS
   @DF-RHF iter  13:  -361.15909562878227   -2.12884e-09   3.60273e-08 DIIS
   @DF-RHF iter  14:  -361.15909562918512   -4.02849e-10   1.03744e-08 DIIS
   @DF-RHF iter  15:  -361.15909562921127   -2.61480e-11   3.71442e-09 DIIS
  Energy and wave function converged.


  ==> Post-Iterations <==

    Orbital Energies [Eh]
    ---------------------

    Doubly Occupied:                                                      

       1A    -20.749880     2A    -20.742527     3A    -15.948969  
       4A    -11.526144     5A    -11.499364     6A    -11.479463  
       7A    -11.400910     8A     -1.558809     9A     -1.547727  
      10A     -1.508791    11A     -1.238697    12A     -1.150355  
      13A     -1.025035    14A     -1.015632    15A     -0.959928  
      16A     -0.917827    17A     -0.904901    18A     -0.833185  
      19A     -0.814410    20A     -0.805518    21A     -0.778553  
      22A     -0.766964    23A     -0.706495    24A     -0.692073  
      25A     -0.669195    26A     -0.640048    27A     -0.622400  
      28A     -0.592743  

    Virtual:                                                              

      29A     -0.135638    30A     -0.087879    31A     -0.079548  
      32A     -0.056907    33A     -0.046768    34A     -0.041222  
      35A     -0.035182    36A     -0.027588    37A     -0.023820  
      38A     -0.014273    39A     -0.011547    40A     -0.005132  
      41A     -0.003899    42A      0.002136    43A      0.011880  
      44A      0.016906    45A      0.026397    46A      0.030524  
      47A      0.034721    48A      0.040032    49A      0.041282  
      50A      0.047004    51A      0.047601    52A      0.052430  
      53A      0.053285    54A      0.062015    55A      0.072422  
      56A      0.082715    57A      0.092863    58A      0.094250  
      59A      0.100873    60A      0.104769    61A      0.112264  
      62A      0.116782    63A      0.117992    64A      0.126876  
      65A      0.136826    66A      0.139789    67A      0.146342  
      68A      0.147728    69A      0.156190    70A      0.161529  
      71A      0.169433    72A      0.174603    73A      0.181904  
      74A      0.186831    75A      0.189988    76A      0.193979  
      77A      0.200617    78A      0.206063    79A      0.210670  
      80A      0.226396    81A      0.233925    82A      0.236612  
      83A      0.240673    84A      0.258580    85A      0.263252  
      86A      0.270798    87A      0.280423    88A      0.285908  
      89A      0.291116    90A      0.302486    91A      0.306194  
      92A      0.319105    93A      0.325780    94A      0.341153  
      95A      0.353581    96A      0.356220    97A      0.367824  
      98A      0.372593    99A      0.391506   100A      0.400074  
     101A      0.429644   102A      0.440054   103A      0.445229  
     104A      0.458993   105A      0.502034   106A      0.511050  
     107A      0.530488   108A      0.532217   109A      0.554480  
     110A      0.577039   111A      0.580281   112A      0.606278  
     113A      0.606904   114A      0.620780   115A      0.630723  
     116A      0.650935   117A      0.655320   118A      0.663440  
     119A      0.670281   120A      0.695496   121A      0.699751  
     122A      0.719035   123A      0.731542   124A      0.736952  
     125A      0.740315   126A      0.743034   127A      0.759090  
     128A      0.768273   129A      0.781459   130A      0.789489  
     131A      0.792487   132A      0.814532   133A      0.820728  
     134A      0.823144   135A      0.828538   136A      0.865520  
     137A      0.874034   138A      0.881676   139A      0.899153  
     140A      0.901416   141A      0.911745   142A      0.932136  
     143A      0.935995   144A      0.965132   145A      0.979160  
     146A      0.983338   147A      1.025292   148A      1.088437  
     149A      1.139598   150A      1.161501   151A      1.178589  
     152A      1.201918   153A      1.235194   154A      1.262522  
     155A      1.290948   156A      1.321458   157A      1.337864  
     158A      1.350577   159A      1.362868   160A      1.376123  
     161A      1.399181   162A      1.414358   163A      1.434380  
     164A      1.478103   165A      1.480965   166A      1.494054  
     167A      1.496626   168A      1.513370   169A      1.528348  
     170A      1.537938   171A      1.580362   172A      1.592733  
     173A      1.610064   174A      1.610325   175A      1.631088  
     176A      1.656451   177A      1.677352   178A      1.682850  
     179A      1.694715   180A      1.698914   181A      1.703402  
     182A      1.709401   183A      1.728941   184A      1.741319  
     185A      1.753251   186A      1.756494   187A      1.766340  
     188A      1.776070   189A      1.780682   190A      1.807171  
     191A      1.821102   192A      1.832478   193A      1.833155  
     194A      1.843468   195A      1.859022   196A      1.876277  
     197A      1.879309   198A      1.891459   199A      1.910988  
     200A      1.933358   201A      1.942890   202A      1.944496  
     203A      1.955337   204A      1.957723   205A      1.976139  
     206A      1.982766   207A      1.993594   208A      2.023869  
     209A      2.027172   210A      2.030583   211A      2.047963  
     212A      2.072940   213A      2.077907   214A      2.092187  
     215A      2.094926   216A      2.118029   217A      2.130579  
     218A      2.138734   219A      2.150818   220A      2.160487  
     221A      2.187747   222A      2.188221   223A      2.198035  
     224A      2.199152   225A      2.210016   226A      2.251499  
     227A      2.257490   228A      2.301359   229A      2.302907  
     230A      2.317830   231A      2.352248   232A      2.356058  
     233A      2.378161   234A      2.399662   235A      2.400605  
     236A      2.423703   237A      2.443071   238A      2.462491  
     239A      2.467959   240A      2.476726   241A      2.495089  
     242A      2.536713   243A      2.555075   244A      2.588929  
     245A      2.610771   246A      2.615299   247A      2.650371  
     248A      2.662744   249A      2.673088   250A      2.673644  
     251A      2.701003   252A      2.716274   253A      2.738373  
     254A      2.770081   255A      2.786643   256A      2.819205  
     257A      2.821306   258A      2.843180   259A      2.885888  
     260A      2.930536   261A      2.940939   262A      2.959439  
     263A      3.043678   264A      3.048540   265A      3.082034  
     266A      3.087723   267A      3.135946   268A      3.137775  
     269A      3.203716   270A      3.248149   271A      3.272404  
     272A      3.286280   273A      3.292669   274A      3.413676  
     275A      3.474534   276A      3.523111   277A      3.588198  
     278A      3.594004   279A      3.654120   280A      3.780941  
     281A      3.849532   282A      3.886996   283A      3.887606  
     284A      4.045036   285A      4.166706   286A      4.178652  
     287A      4.284247   288A      4.387540   289A      4.655357  
     290A      4.713313   291A      4.752004   292A      4.834200  
     293A      4.920499   294A      4.949505   295A      5.046931  
     296A      5.198251   297A      5.462606   298A      5.544366  
     299A      5.731181   300A      5.804093   301A      6.831030  
     302A     18.175936   303A     18.351053   304A     18.549893  
     305A     25.320327   306A     33.430512  

    Final Occupation by Irrep:
              A 
    DOCC [    28 ]

  @DF-RHF Final Energy:  -361.15909562921127

   => Energetics <=

    Nuclear Repulsion Energy =            328.5768198293120577
    One-Electron Energy =               -1133.2787380787053735
    Two-Electron Energy =                 443.5428226201820507
    Total Energy =                       -361.1590956292112651

Computation Completed


Properties will be evaluated at   0.000000,   0.000000,   0.000000 [a0]

Properties computed using the SCF density matrix

  Nuclear Dipole Moment: [e a0]
     X:   -91.0785      Y:   366.9321      Z:   119.2351

  Electronic Dipole Moment: [e a0]
     X:    92.5002      Y:  -362.6766      Z:  -118.3285

  Dipole Moment: [e a0]
     X:     1.4218      Y:     4.2555      Z:     0.9066     Total:     4.5774

  Dipole Moment: [D]
     X:     3.6138      Y:    10.8164      Z:     2.3043     Total:    11.6346


*** tstop() called on aliaconda at Sun Mar 20 05:41:46 2022
Module time:
	user time   =     234.21 seconds =       3.90 minutes
	system time =      25.79 seconds =       0.43 minutes
	total time  =         11 seconds =       0.18 minutes
Total time:
	user time   =   75484.44 seconds =    1258.07 minutes
	system time =   10512.68 seconds =     175.21 minutes
	total time  =       4689 seconds =      78.15 minutes
  Constructing Basis Sets for SAPT...

   => Loading Basis Set <=

    Name: (JUN-CC-PVDZ AUX)
    Role: RIFIT
    Keyword: DF_BASIS_SAPT
    atoms 1, 14                                          entry N          line   144 file /home/alia/anaconda3/envs/mddemo/share/psi4/basis/jun-cc-pvdz-ri.gbs 
    atoms 2-4, 6, 8-10, 13, 15-17, 19, 21, 23, 25-27, 30 entry H          line    30 file /home/alia/anaconda3/envs/mddemo/share/psi4/basis/jun-cc-pvdz-ri.gbs 
    atoms 5, 7, 11, 18, 20, 24, 28                       entry C          line   100 file /home/alia/anaconda3/envs/mddemo/share/psi4/basis/jun-cc-pvdz-ri.gbs 
    atoms 12, 22, 29                                     entry O          line   188 file /home/alia/anaconda3/envs/mddemo/share/psi4/basis/jun-cc-pvdz-ri.gbs 


  //>>>>>>>>>>>>>>>>>>>>>>>>>>>>>>>>>>>//
  //               SAPT0               //
  //<<<<<<<<<<<<<<<<<<<<<<<<<<<<<<<<<<<//


*** tstart() called on aliaconda
*** at Sun Mar 20 05:41:46 2022

        SAPT0  
    Ed Hohenstein
     6 June 2009

      Orbital Information
  --------------------------
    NSO        =       306
    NMO        =       306
    NRI        =      1032
    NOCC A     =        20
    NOCC B     =        28
    FOCC A     =         0
    FOCC B     =         0
    NVIR A     =       286
    NVIR B     =       278

    Elst10,r            =     0.069688829570 [Eh]
    Exch10              =    -0.000000033160 [Eh]
    Exch10 (S^2)        =    -0.000000033160 [Eh]

    Iter     Energy [mEh]          dE [mEh]         Residual      Time [s]
       1      -0.49638251       0.496382508       6.067947115             1
       2      -0.48542491      -0.010957603       2.104320292             1
       3      -0.51885311       0.033428206       0.818963624             2
       4      -0.53020557       0.011352463       0.200948147             2
       5      -0.52873400      -0.001471577       0.113529075             3
       6      -0.52793329      -0.000800704       0.033950499             3
       7      -0.52817059       0.000237300       0.013203751             4
       8      -0.52822734       0.000056745       0.005820495             5
       9      -0.52819852      -0.000028823       0.003047595             5
      10      -0.52819187      -0.000006641       0.000829272             6
      11      -0.52819694       0.000005066       0.000230844             6
      12      -0.52819694       0.000000002       0.000063807             7
      13      -0.52819665      -0.000000297       0.000015394             7
      14      -0.52819664      -0.000000006       0.000003666             8
      15      -0.52819665       0.000000013       0.000001025             8
      16      -0.52819665       0.000000001       0.000000228             9

    CHF Iterations converged


    Iter     Energy [mEh]          dE [mEh]         Residual      Time [s]
       1      -0.34188276       0.341882756       4.299465438             1
       2      -0.35280598       0.010923228       1.820779336             1
       3      -0.37914272       0.026336739       0.638141270             2
       4      -0.38458200       0.005439277       0.169018577             2
       5      -0.38403058      -0.000551422       0.099826849             3
       6      -0.38326102      -0.000769556       0.032345333             3
       7      -0.38334655       0.000085523       0.014747858             4
       8      -0.38344125       0.000094701       0.003933432             4
       9      -0.38342630      -0.000014949       0.001824505             5
      10      -0.38341999      -0.000006309       0.000969196             6
      11      -0.38342331       0.000003323       0.000499294             6
      12      -0.38342430       0.000000984       0.000167204             7
      13      -0.38342380      -0.000000499       0.000055739             7
      14      -0.38342366      -0.000000134       0.000014742             8
      15      -0.38342369       0.000000029       0.000004673             8
      16      -0.38342370       0.000000012       0.000001266             9
      17      -0.38342370      -0.000000002       0.000000502             9

    CHF Iterations converged

    Ind20,r (A<-B)      =    -0.000528196654 [Eh]
    Ind20,r (B<-A)      =    -0.000383423702 [Eh]
    Ind20,r             =    -0.000911620356 [Eh]
    Exch-Ind20,r (A<-B) =     0.000000007131 [Eh]
    Exch-Ind20,r (B<-A) =     0.000000014457 [Eh]
    Exch-Ind20,r        =     0.000000021589 [Eh]
    Disp20              =    -0.000089768218 [Eh]
    Disp20 (SS)         =    -0.000044884109 [Eh]
    Disp20 (OS)         =    -0.000044884109 [Eh]
    Exch-Disp20         =     0.000000005830 [Eh]
    Exch-Disp20 (SS)    =     0.000000004070 [Eh]
    Exch-Disp20 (OS)    =     0.000000001760 [Eh]

    SAPT Results 
  --------------------------------------------------------------------------------------------------------
    Electrostatics                 69.68882957 [mEh]      43.73040077 [kcal/mol]     182.96799683 [kJ/mol]
      Elst10,r                     69.68882957 [mEh]      43.73040077 [kcal/mol]     182.96799683 [kJ/mol]

    Exchange                       -0.00003316 [mEh]      -0.00002081 [kcal/mol]      -0.00008706 [kJ/mol]
      Exch10                       -0.00003316 [mEh]      -0.00002081 [kcal/mol]      -0.00008706 [kJ/mol]
      Exch10(S^2)                  -0.00003316 [mEh]      -0.00002081 [kcal/mol]      -0.00008706 [kJ/mol]

    Induction                      -0.89537413 [mEh]      -0.56185575 [kcal/mol]      -2.35080446 [kJ/mol]
      Ind20,r                      -0.91162036 [mEh]      -0.57205041 [kcal/mol]      -2.39345891 [kJ/mol]
      Exch-Ind20,r                  0.00002159 [mEh]       0.00001355 [kcal/mol]       0.00005668 [kJ/mol]
      delta HF,r (2)                0.01622464 [mEh]       0.01018111 [kcal/mol]       0.04259778 [kJ/mol]

    Dispersion                     -0.08976239 [mEh]      -0.05632675 [kcal/mol]      -0.23567112 [kJ/mol]
      Disp20                       -0.08976822 [mEh]      -0.05633041 [kcal/mol]      -0.23568642 [kJ/mol]
      Exch-Disp20                   0.00000583 [mEh]       0.00000366 [kcal/mol]       0.00001531 [kJ/mol]
      Disp20 (SS)                  -0.04488411 [mEh]      -0.02816520 [kcal/mol]      -0.11784321 [kJ/mol]
      Disp20 (OS)                  -0.04488411 [mEh]      -0.02816520 [kcal/mol]      -0.11784321 [kJ/mol]
      Exch-Disp20 (SS)              0.00000407 [mEh]       0.00000255 [kcal/mol]       0.00001069 [kJ/mol]
      Exch-Disp20 (OS)              0.00000176 [mEh]       0.00000110 [kcal/mol]       0.00000462 [kJ/mol]

  Total HF                         68.79342228 [mEh]      43.16852421 [kcal/mol]     180.61710531 [kJ/mol]
  Total SAPT0                      68.70365989 [mEh]      43.11219747 [kcal/mol]     180.38143420 [kJ/mol]

  Special recipe for scaled SAPT0 (see Manual):
    Electrostatics sSAPT0          69.68882957 [mEh]      43.73040077 [kcal/mol]     182.96799683 [kJ/mol]
    Exchange sSAPT0                -0.00003316 [mEh]      -0.00002081 [kcal/mol]      -0.00008706 [kJ/mol]
    Induction sSAPT0               -0.89537413 [mEh]      -0.56185575 [kcal/mol]      -2.35080446 [kJ/mol]
    Dispersion sSAPT0              -0.08976239 [mEh]      -0.05632675 [kcal/mol]      -0.23567112 [kJ/mol]
  Total sSAPT0                     68.70365989 [mEh]      43.11219747 [kcal/mol]     180.38143420 [kJ/mol]
  --------------------------------------------------------------------------------------------------------

*** tstop() called on aliaconda at Sun Mar 20 05:42:34 2022
Module time:
	user time   =     673.40 seconds =      11.22 minutes
	system time =     117.75 seconds =       1.96 minutes
	total time  =         48 seconds =       0.80 minutes
Total time:
	user time   =   76160.47 seconds =    1269.34 minutes
	system time =   10630.90 seconds =     177.18 minutes
	total time  =       4737 seconds =      78.95 minutes


Warning! sapt0 does not have an associated derived wavefunction.The returned wavefunction is the dimer SCF wavefunction.


  Memory set to  74.506 GiB by Python driver.
  Threads set to 32 by Python driver.
