
Scratch directory: /tmp/

Scratch directory: /tmp/

  //>>>>>>>>>>>>>>>>>>>>>>>>>>>>>>>>>>>//
  //              Dimer HF             //
  //<<<<<<<<<<<<<<<<<<<<<<<<<<<<<<<<<<<//


*** tstart() called on aliaconda
*** at Sun Mar 20 05:20:12 2022

   => Loading Basis Set <=

    Name: JUN-CC-PVDZ
    Role: ORBITAL
    Keyword: BASIS
    atoms 1, 14                                          entry N          line   198 file /home/alia/anaconda3/envs/mddemo/share/psi4/basis/jun-cc-pvdz.gbs 
    atoms 2-4, 6, 8-10, 13, 15-17, 19, 21, 23, 25-27, 30 entry H          line    36 file /home/alia/anaconda3/envs/mddemo/share/psi4/basis/jun-cc-pvdz.gbs 
    atoms 5, 7, 11, 18, 20, 24, 28                       entry C          line   164 file /home/alia/anaconda3/envs/mddemo/share/psi4/basis/jun-cc-pvdz.gbs 
    atoms 12, 22, 29                                     entry O          line   232 file /home/alia/anaconda3/envs/mddemo/share/psi4/basis/jun-cc-pvdz.gbs 


         ---------------------------------------------------------
                                   SCF
               by Justin Turney, Rob Parrish, Andy Simmonett
                          and Daniel G. A. Smith
                              RHF Reference
                       32 Threads,  76293 MiB Core
         ---------------------------------------------------------

  ==> Geometry <==

    Molecular point group: c1
    Full point group: C1

    Geometry (in Angstrom), charge = 2, multiplicity = 1:

       Center              X                  Y                   Z               Mass       
    ------------   -----------------  -----------------  -----------------  -----------------
         N            0.553797543393    -5.196507408016    -1.324171498434    14.003074004430
         H           -0.547202288760    -5.261507465236    -1.807171300070     1.007825032230
         H            0.245797455655    -5.310507728450    -0.165171578543     1.007825032230
         H            1.045797646390    -6.010507537715    -1.576171353475     1.007825032230
         C            1.188797295438    -3.905507518642    -1.513171628134    12.000000000000
         H            0.506797612058    -3.117507411830    -1.229171231405     1.007825032230
         C            2.544797480451    -3.876507713191    -0.858171418325    12.000000000000
         H            3.121797383176    -4.752507640712    -1.161171391622     1.007825032230
         H            2.474797547208    -3.815507366054     0.229828402384     1.007825032230
         H            3.106797516690    -2.981507732265    -1.206171467916     1.007825032230
         C            1.212797463284    -3.706507636897    -3.024171546118    12.000000000000
         O            0.450797379361    -4.243507339351    -3.835171416418    15.994914619570
         H            1.975685179578    -3.024782611720    -3.428217843191     1.007825032230
         N            0.244797528134     2.143492267735     0.291828677042    14.003074004430
         H            0.691797554837     1.047492550023     0.499828383310     1.007825032230
         H           -0.093202292575     1.999492214329    -0.855171635763     1.007825032230
         H            1.049797356473     2.817492054112     0.247828528269     1.007825032230
         C           -0.950202643527     2.559492633946     0.981828734263    12.000000000000
         H           -1.640202700748     1.693492458470     1.094828650339     1.007825032230
         C           -0.790202319278     2.921492145665     2.504828497751    12.000000000000
         H           -1.827202498569     3.104492710240     2.814828917368     1.007825032230
         O           -0.044202506198     4.128492878087     2.786828085764    15.994914619570
         H            0.900797665463     3.945492313512     2.675828978403     1.007825032230
         C           -0.158202349795     1.798492000706     3.314828917368    12.000000000000
         H            0.982797444211     1.821492717869     3.181828543528     1.007825032230
         H           -0.393202483310     0.762492702611     3.117828413828     1.007825032230
         H           -0.438202559604     2.054492519505     4.394828841074     1.007825032230
         C           -1.596202551974     3.711492107518     0.254828497751    12.000000000000
         O           -2.836202323093     3.828492687352     0.294828459604    15.994914619570
         H           -0.983514487399     4.436260746129    -0.301341012136     1.007825032230

  Running in c1 symmetry.

  Rotational constants: A =      0.03814  B =      0.00525  C =      0.00489 [cm^-1]
  Rotational constants: A =   1143.38817  B =    157.41324  C =    146.54601 [MHz]
  Nuclear repulsion =  662.286073767667631

  Charge       = 2
  Multiplicity = 1
  Electrons    = 96
  Nalpha       = 48
  Nbeta        = 48

  ==> Algorithm <==

  SCF Algorithm Type is DF.
  DIIS enabled.
  MOM disabled.
  Fractional occupation disabled.
  Guess Type is SAD.
  Energy threshold   = 1.00e-08
  Density threshold  = 1.00e-08
  Integral threshold = 1.00e-12

  ==> Primary Basis <==

  Basis Set: JUN-CC-PVDZ
    Blend: JUN-CC-PVDZ
    Number of shells: 150
    Number of basis functions: 306
    Number of Cartesian functions: 318
    Spherical Harmonics?: true
    Max angular momentum: 2

   => Loading Basis Set <=

    Name: (JUN-CC-PVDZ AUX)
    Role: JKFIT
    Keyword: DF_BASIS_SCF
    atoms 1, 14                                          entry N          line   202 file /home/alia/anaconda3/envs/mddemo/share/psi4/basis/jun-cc-pvdz-jkfit.gbs 
    atoms 2-4, 6, 8-10, 13, 15-17, 19, 21, 23, 25-27, 30 entry H          line    70 file /home/alia/anaconda3/envs/mddemo/share/psi4/basis/jun-cc-pvdz-jkfit.gbs 
    atoms 5, 7, 11, 18, 20, 24, 28                       entry C          line   146 file /home/alia/anaconda3/envs/mddemo/share/psi4/basis/jun-cc-pvdz-jkfit.gbs 
    atoms 12, 22, 29                                     entry O          line   258 file /home/alia/anaconda3/envs/mddemo/share/psi4/basis/jun-cc-pvdz-jkfit.gbs 

  ==> Integral Setup <==

  ==> DiskDFJK: Density-Fitted J/K Matrices <==

    J tasked:                  Yes
    K tasked:                  Yes
    wK tasked:                  No
    OpenMP threads:             32
    Integrals threads:          32
    Memory [MiB]:            57220
    Algorithm:                Core
    Integral Cache:           SAVE
    Schwarz Cutoff:          1E-12
    Fitting Condition:       1E-10

   => Auxiliary Basis Set <=

  Basis Set: (JUN-CC-PVDZ AUX)
    Blend: JUN-CC-PVDZ-JKFIT
    Number of shells: 486
    Number of basis functions: 1362
    Number of Cartesian functions: 1542
    Spherical Harmonics?: true
    Max angular momentum: 3

  Minimum eigenvalue in the overlap matrix is 6.2675545475E-05.
  Reciprocal condition number of the overlap matrix is 5.5339615267E-06.
    Using symmetric orthogonalization.

  ==> Pre-Iterations <==

  SCF Guess: Superposition of Atomic Densities via on-the-fly atomic UHF (no occupation information).

   -------------------------
    Irrep   Nso     Nmo    
   -------------------------
     A        306     306 
   -------------------------
    Total     306     306
   -------------------------

  ==> Iterations <==

                           Total Energy        Delta E     RMS |[F,P]|

   @DF-RHF iter SAD:  -607.23168778709623   -6.07232e+02   0.00000e+00 
   @DF-RHF iter   1:  -607.95137312323959   -7.19685e-01   2.83305e-03 DIIS
   @DF-RHF iter   2:  -608.27118691157921   -3.19814e-01   1.83866e-03 DIIS
   @DF-RHF iter   3:  -608.38933746265275   -1.18151e-01   4.07335e-04 DIIS
   @DF-RHF iter   4:  -608.39864307966525   -9.30562e-03   1.50744e-04 DIIS
   @DF-RHF iter   5:  -608.39998436980932   -1.34129e-03   3.62577e-05 DIIS
   @DF-RHF iter   6:  -608.40011465489556   -1.30285e-04   1.82105e-05 DIIS
   @DF-RHF iter   7:  -608.40014667669971   -3.20218e-05   8.30629e-06 DIIS
   @DF-RHF iter   8:  -608.40015447930034   -7.80260e-06   3.60918e-06 DIIS
   @DF-RHF iter   9:  -608.40015592984491   -1.45054e-06   1.37959e-06 DIIS
   @DF-RHF iter  10:  -608.40015612604998   -1.96205e-07   3.98402e-07 DIIS
   @DF-RHF iter  11:  -608.40015614345930   -1.74093e-08   1.48824e-07 DIIS
   @DF-RHF iter  12:  -608.40015614691902   -3.45972e-09   6.79775e-08 DIIS
   @DF-RHF iter  13:  -608.40015614795436   -1.03535e-09   3.81108e-08 DIIS
   @DF-RHF iter  14:  -608.40015614844401   -4.89649e-10   1.87451e-08 DIIS
   @DF-RHF iter  15:  -608.40015614856509   -1.21076e-10   6.51155e-09 DIIS
  Energy and wave function converged.


  ==> Post-Iterations <==

    Orbital Energies [Eh]
    ---------------------

    Doubly Occupied:                                                      

       1A    -20.832982     2A    -20.806251     3A    -20.797496  
       4A    -16.023731     5A    -16.001082     6A    -11.604508  
       7A    -11.589925     8A    -11.584592     9A    -11.566658  
      10A    -11.545213    11A    -11.511866    12A    -11.469828  
      13A     -1.649405    14A     -1.615078    15A     -1.593332  
      16A     -1.578367    17A     -1.574783    18A     -1.335650  
      19A     -1.304771    20A     -1.220328    21A     -1.191373  
      22A     -1.095127    23A     -1.092208    24A     -1.079915  
      25A     -1.026956    26A     -1.021732    27A     -0.989570  
      28A     -0.982724    29A     -0.967667    30A     -0.964834  
      31A     -0.898467    32A     -0.897768    33A     -0.881758  
      34A     -0.869512    35A     -0.864802    36A     -0.840396  
      37A     -0.830906    38A     -0.825796    39A     -0.813358  
      40A     -0.812870    41A     -0.758180    42A     -0.756666  
      43A     -0.747014    44A     -0.729377    45A     -0.720628  
      46A     -0.687859    47A     -0.687252    48A     -0.657073  

    Virtual:                                                              

      49A     -0.226260    50A     -0.195640    51A     -0.170265  
      52A     -0.163327    53A     -0.147428    54A     -0.138992  
      55A     -0.132561    56A     -0.129060    57A     -0.125826  
      58A     -0.114251    59A     -0.103081    60A     -0.100778  
      61A     -0.096049    62A     -0.090950    63A     -0.085625  
      64A     -0.077097    65A     -0.074666    66A     -0.073758  
      67A     -0.068519    68A     -0.065811    69A     -0.058332  
      70A     -0.050168    71A     -0.047067    72A     -0.044088  
      73A     -0.042100    74A     -0.035162    75A     -0.031546  
      76A     -0.026492    77A     -0.019027    78A     -0.018132  
      79A     -0.012820    80A     -0.007495    81A     -0.001090  
      82A      0.017068    83A      0.018631    84A      0.026961  
      85A      0.033981    86A      0.039396    87A      0.043275  
      88A      0.048486    89A      0.053405    90A      0.056563  
      91A      0.061132    92A      0.077276    93A      0.082546  
      94A      0.085176    95A      0.089267    96A      0.091480  
      97A      0.097619    98A      0.104642    99A      0.110110  
     100A      0.111465   101A      0.123003   102A      0.127342  
     103A      0.128413   104A      0.139265   105A      0.146249  
     106A      0.155446   107A      0.159672   108A      0.165889  
     109A      0.171602   110A      0.176628   111A      0.182195  
     112A      0.195491   113A      0.202520   114A      0.207482  
     115A      0.210190   116A      0.219212   117A      0.234746  
     118A      0.242427   119A      0.245877   120A      0.259834  
     121A      0.266116   122A      0.286859   123A      0.306193  
     124A      0.330092   125A      0.347091   126A      0.358340  
     127A      0.439183   128A      0.469573   129A      0.476869  
     130A      0.493389   131A      0.506158   132A      0.507589  
     133A      0.531813   134A      0.539315   135A      0.546779  
     136A      0.559005   137A      0.563663   138A      0.568731  
     139A      0.577281   140A      0.596007   141A      0.603944  
     142A      0.615874   143A      0.622587   144A      0.632818  
     145A      0.645803   146A      0.653900   147A      0.659984  
     148A      0.665299   149A      0.676225   150A      0.677488  
     151A      0.691880   152A      0.697452   153A      0.700782  
     154A      0.709068   155A      0.715363   156A      0.725217  
     157A      0.730986   158A      0.740682   159A      0.745839  
     160A      0.756234   161A      0.768422   162A      0.804934  
     163A      0.813616   164A      0.819085   165A      0.824022  
     166A      0.842182   167A      0.853122   168A      0.855568  
     169A      0.867152   170A      0.868461   171A      0.874189  
     172A      0.891414   173A      0.911905   174A      0.952937  
     175A      0.972635   176A      1.008845   177A      1.027078  
     178A      1.075691   179A      1.078810   180A      1.111103  
     181A      1.145158   182A      1.146347   183A      1.150330  
     184A      1.170850   185A      1.198366   186A      1.202402  
     187A      1.217273   188A      1.233235   189A      1.244200  
     190A      1.255135   191A      1.266407   192A      1.275780  
     193A      1.284374   194A      1.308385   195A      1.319793  
     196A      1.333421   197A      1.335700   198A      1.340445  
     199A      1.350583   200A      1.381420   201A      1.390929  
     202A      1.402778   203A      1.415695   204A      1.431788  
     205A      1.433750   206A      1.451769   207A      1.469354  
     208A      1.480891   209A      1.504856   210A      1.535657  
     211A      1.569733   212A      1.571288   213A      1.580673  
     214A      1.589923   215A      1.603403   216A      1.623150  
     217A      1.629042   218A      1.630096   219A      1.639224  
     220A      1.663734   221A      1.669013   222A      1.674760  
     223A      1.691442   224A      1.700724   225A      1.704978  
     226A      1.711753   227A      1.722656   228A      1.727994  
     229A      1.729081   230A      1.742543   231A      1.751446  
     232A      1.766375   233A      1.772760   234A      1.783990  
     235A      1.809399   236A      1.816378   237A      1.828612  
     238A      1.834977   239A      1.845945   240A      1.853270  
     241A      1.856773   242A      1.912460   243A      1.914004  
     244A      1.931628   245A      1.937262   246A      1.964367  
     247A      1.985015   248A      1.997906   249A      2.023462  
     250A      2.027403   251A      2.050327   252A      2.081966  
     253A      2.083948   254A      2.089771   255A      2.104803  
     256A      2.125574   257A      2.147081   258A      2.162359  
     259A      2.207631   260A      2.210399   261A      2.232958  
     262A      2.259915   263A      2.273088   264A      2.278477  
     265A      2.325183   266A      2.333273   267A      2.344926  
     268A      2.367428   269A      2.387525   270A      2.397961  
     271A      2.420346   272A      2.443809   273A      2.466922  
     274A      2.508189   275A      2.518239   276A      2.540107  
     277A      2.553219   278A      2.574061   279A      2.584589  
     280A      2.595038   281A      2.631678   282A      2.635357  
     283A      2.651366   284A      2.657284   285A      2.709852  
     286A      2.773711   287A      2.783320   288A      2.810999  
     289A      2.824715   290A      2.875996   291A      2.895048  
     292A      2.935059   293A      2.970781   294A      3.018084  
     295A      3.093310   296A      3.105819   297A      3.153422  
     298A      3.206351   299A      3.212196   300A      3.237502  
     301A      3.448285   302A      3.461945   303A      3.513428  
     304A      3.696326   305A      3.714410   306A      3.905024  

    Final Occupation by Irrep:
              A 
    DOCC [    48 ]

  @DF-RHF Final Energy:  -608.40015614856509

   => Energetics <=

    Nuclear Repulsion Energy =            662.2860737676676308
    One-Electron Energy =               -2117.5771891131580560
    Two-Electron Energy =                 846.8909591969253370
    Total Energy =                       -608.4001561485650882

Computation Completed


Properties will be evaluated at   0.000000,   0.000000,   0.000000 [a0]

Properties computed using the SCF density matrix

  Nuclear Dipole Moment: [e a0]
     X:     9.5294      Y:    -9.9026      Z:     6.1189

  Electronic Dipole Moment: [e a0]
     X:    -6.2425      Y:     4.3529      Z:    -6.7755

  Dipole Moment: [e a0]
     X:     3.2868      Y:    -5.5497      Z:    -0.6566     Total:     6.4833

  Dipole Moment: [D]
     X:     8.3543      Y:   -14.1059      Z:    -1.6689     Total:    16.4790


*** tstop() called on aliaconda at Sun Mar 20 05:20:27 2022
Module time:
	user time   =     332.33 seconds =       5.54 minutes
	system time =      39.01 seconds =       0.65 minutes
	total time  =         15 seconds =       0.25 minutes
Total time:
	user time   =   53731.52 seconds =     895.53 minutes
	system time =    7436.53 seconds =     123.94 minutes
	total time  =       3410 seconds =      56.83 minutes

  //>>>>>>>>>>>>>>>>>>>>>>>>>>>>>>>>>>>//
  //            Monomer A HF           //
  //<<<<<<<<<<<<<<<<<<<<<<<<<<<<<<<<<<<//


*** tstart() called on aliaconda
*** at Sun Mar 20 05:20:27 2022

   => Loading Basis Set <=

    Name: JUN-CC-PVDZ
    Role: ORBITAL
    Keyword: BASIS
    atoms 1, 14                                          entry N          line   198 file /home/alia/anaconda3/envs/mddemo/share/psi4/basis/jun-cc-pvdz.gbs 
    atoms 2-4, 6, 8-10, 13, 15-17, 19, 21, 23, 25-27, 30 entry H          line    36 file /home/alia/anaconda3/envs/mddemo/share/psi4/basis/jun-cc-pvdz.gbs 
    atoms 5, 7, 11, 18, 20, 24, 28                       entry C          line   164 file /home/alia/anaconda3/envs/mddemo/share/psi4/basis/jun-cc-pvdz.gbs 
    atoms 12, 22, 29                                     entry O          line   232 file /home/alia/anaconda3/envs/mddemo/share/psi4/basis/jun-cc-pvdz.gbs 


         ---------------------------------------------------------
                                   SCF
               by Justin Turney, Rob Parrish, Andy Simmonett
                          and Daniel G. A. Smith
                              RHF Reference
                       32 Threads,  76293 MiB Core
         ---------------------------------------------------------

  ==> Geometry <==

    Molecular point group: c1
    Full point group: C1

    Geometry (in Angstrom), charge = 1, multiplicity = 1:

       Center              X                  Y                   Z               Mass       
    ------------   -----------------  -----------------  -----------------  -----------------
         N            0.553797543393    -5.196507408016    -1.324171498434    14.003074004430
         H           -0.547202288760    -5.261507465236    -1.807171300070     1.007825032230
         H            0.245797455655    -5.310507728450    -0.165171578543     1.007825032230
         H            1.045797646390    -6.010507537715    -1.576171353475     1.007825032230
         C            1.188797295438    -3.905507518642    -1.513171628134    12.000000000000
         H            0.506797612058    -3.117507411830    -1.229171231405     1.007825032230
         C            2.544797480451    -3.876507713191    -0.858171418325    12.000000000000
         H            3.121797383176    -4.752507640712    -1.161171391622     1.007825032230
         H            2.474797547208    -3.815507366054     0.229828402384     1.007825032230
         H            3.106797516690    -2.981507732265    -1.206171467916     1.007825032230
         C            1.212797463284    -3.706507636897    -3.024171546118    12.000000000000
         O            0.450797379361    -4.243507339351    -3.835171416418    15.994914619570
         H            1.975685179578    -3.024782611720    -3.428217843191     1.007825032230
      Gh(N)           0.244797528134     2.143492267735     0.291828677042    14.003074004430
      Gh(H)           0.691797554837     1.047492550023     0.499828383310     1.007825032230
      Gh(H)          -0.093202292575     1.999492214329    -0.855171635763     1.007825032230
      Gh(H)           1.049797356473     2.817492054112     0.247828528269     1.007825032230
      Gh(C)          -0.950202643527     2.559492633946     0.981828734263    12.000000000000
      Gh(H)          -1.640202700748     1.693492458470     1.094828650339     1.007825032230
      Gh(C)          -0.790202319278     2.921492145665     2.504828497751    12.000000000000
      Gh(H)          -1.827202498569     3.104492710240     2.814828917368     1.007825032230
      Gh(O)          -0.044202506198     4.128492878087     2.786828085764    15.994914619570
      Gh(H)           0.900797665463     3.945492313512     2.675828978403     1.007825032230
      Gh(C)          -0.158202349795     1.798492000706     3.314828917368    12.000000000000
      Gh(H)           0.982797444211     1.821492717869     3.181828543528     1.007825032230
      Gh(H)          -0.393202483310     0.762492702611     3.117828413828     1.007825032230
      Gh(H)          -0.438202559604     2.054492519505     4.394828841074     1.007825032230
      Gh(C)          -1.596202551974     3.711492107518     0.254828497751    12.000000000000
      Gh(O)          -2.836202323093     3.828492687352     0.294828459604    15.994914619570
      Gh(H)          -0.983514487399     4.436260746129    -0.301341012136     1.007825032230

  Running in c1 symmetry.

  Rotational constants: A =      0.03814  B =      0.00525  C =      0.00489 [cm^-1]
  Rotational constants: A =   1143.38817  B =    157.41324  C =    146.54601 [MHz]
  Nuclear repulsion =  187.084607486941337

  Charge       = 1
  Multiplicity = 1
  Electrons    = 40
  Nalpha       = 20
  Nbeta        = 20

  ==> Algorithm <==

  SCF Algorithm Type is DF.
  DIIS enabled.
  MOM disabled.
  Fractional occupation disabled.
  Guess Type is SAD.
  Energy threshold   = 1.00e-08
  Density threshold  = 1.00e-08
  Integral threshold = 1.00e-12

  ==> Primary Basis <==

  Basis Set: JUN-CC-PVDZ
    Blend: JUN-CC-PVDZ
    Number of shells: 150
    Number of basis functions: 306
    Number of Cartesian functions: 318
    Spherical Harmonics?: true
    Max angular momentum: 2

   => Loading Basis Set <=

    Name: (JUN-CC-PVDZ AUX)
    Role: JKFIT
    Keyword: DF_BASIS_SCF
    atoms 1, 14                                          entry N          line   202 file /home/alia/anaconda3/envs/mddemo/share/psi4/basis/jun-cc-pvdz-jkfit.gbs 
    atoms 2-4, 6, 8-10, 13, 15-17, 19, 21, 23, 25-27, 30 entry H          line    70 file /home/alia/anaconda3/envs/mddemo/share/psi4/basis/jun-cc-pvdz-jkfit.gbs 
    atoms 5, 7, 11, 18, 20, 24, 28                       entry C          line   146 file /home/alia/anaconda3/envs/mddemo/share/psi4/basis/jun-cc-pvdz-jkfit.gbs 
    atoms 12, 22, 29                                     entry O          line   258 file /home/alia/anaconda3/envs/mddemo/share/psi4/basis/jun-cc-pvdz-jkfit.gbs 

  ==> Integral Setup <==

  ==> DiskDFJK: Density-Fitted J/K Matrices <==

    J tasked:                  Yes
    K tasked:                  Yes
    wK tasked:                  No
    OpenMP threads:             32
    Integrals threads:          32
    Memory [MiB]:            57220
    Algorithm:                Core
    Integral Cache:           LOAD
    Schwarz Cutoff:          1E-12
    Fitting Condition:       1E-10

   => Auxiliary Basis Set <=

  Basis Set: (JUN-CC-PVDZ AUX)
    Blend: JUN-CC-PVDZ-JKFIT
    Number of shells: 486
    Number of basis functions: 1362
    Number of Cartesian functions: 1542
    Spherical Harmonics?: true
    Max angular momentum: 3

  Minimum eigenvalue in the overlap matrix is 6.2675545475E-05.
  Reciprocal condition number of the overlap matrix is 5.5339615267E-06.
    Using symmetric orthogonalization.

  ==> Pre-Iterations <==

  SCF Guess: Superposition of Atomic Densities via on-the-fly atomic UHF (no occupation information).

   -------------------------
    Irrep   Nso     Nmo    
   -------------------------
     A        306     306 
   -------------------------
    Total     306     306
   -------------------------

  ==> Iterations <==

                           Total Energy        Delta E     RMS |[F,P]|

   @DF-RHF iter SAD:  -246.81923295995333   -2.46819e+02   0.00000e+00 
   @DF-RHF iter   1:  -247.13054520420741   -3.11312e-01   1.75793e-03 DIIS
   @DF-RHF iter   2:  -247.25921170121325   -1.28666e-01   1.08625e-03 DIIS
   @DF-RHF iter   3:  -247.30064643476894   -4.14347e-02   2.56146e-04 DIIS
   @DF-RHF iter   4:  -247.30440350895128   -3.75707e-03   8.78702e-05 DIIS
   @DF-RHF iter   5:  -247.30489377506069   -4.90266e-04   2.03931e-05 DIIS
   @DF-RHF iter   6:  -247.30494427977095   -5.05047e-05   9.03828e-06 DIIS
   @DF-RHF iter   7:  -247.30495323923370   -8.95946e-06   4.33681e-06 DIIS
   @DF-RHF iter   8:  -247.30495561211083   -2.37288e-06   1.48525e-06 DIIS
   @DF-RHF iter   9:  -247.30495588932712   -2.77216e-07   3.57701e-07 DIIS
   @DF-RHF iter  10:  -247.30495590292193   -1.35948e-08   1.08017e-07 DIIS
   @DF-RHF iter  11:  -247.30495590426028   -1.33835e-09   2.33718e-08 DIIS
   @DF-RHF iter  12:  -247.30495590432520   -6.49152e-11   7.17213e-09 DIIS
  Energy and wave function converged.


  ==> Post-Iterations <==

    Orbital Energies [Eh]
    ---------------------

    Doubly Occupied:                                                      

       1A    -20.755978     2A    -15.927415     3A    -11.528027  
       4A    -11.508491     5A    -11.430886     6A     -1.573423  
       7A     -1.503347     8A     -1.256066     9A     -1.111578  
      10A     -1.018211    11A     -0.951454    12A     -0.913974  
      13A     -0.885276    14A     -0.821514    15A     -0.804826  
      16A     -0.751932    17A     -0.733181    18A     -0.731738  
      19A     -0.682168    20A     -0.610825  

    Virtual:                                                              

      21A     -0.120684    22A     -0.074138    23A     -0.070246  
      24A     -0.060304    25A     -0.053386    26A     -0.034251  
      27A     -0.029886    28A     -0.024896    29A     -0.015256  
      30A     -0.012791    31A     -0.004007    32A      0.002568  
      33A      0.006499    34A      0.012255    35A      0.017539  
      36A      0.024734    37A      0.026732    38A      0.033295  
      39A      0.038567    40A      0.044277    41A      0.048614  
      42A      0.052592    43A      0.058933    44A      0.069741  
      45A      0.076404    46A      0.077100    47A      0.083470  
      48A      0.087371    49A      0.091800    50A      0.095980  
      51A      0.109424    52A      0.112778    53A      0.121216  
      54A      0.128049    55A      0.132527    56A      0.143906  
      57A      0.144963    58A      0.148521    59A      0.154904  
      60A      0.157958    61A      0.160642    62A      0.164651  
      63A      0.166956    64A      0.177705    65A      0.185253  
      66A      0.188347    67A      0.205158    68A      0.206896  
      69A      0.218194    70A      0.223330    71A      0.229484  
      72A      0.236853    73A      0.241325    74A      0.245406  
      75A      0.253401    76A      0.261775    77A      0.282878  
      78A      0.284259    79A      0.289744    80A      0.302313  
      81A      0.311543    82A      0.320867    83A      0.339866  
      84A      0.342782    85A      0.351535    86A      0.358142  
      87A      0.373003    88A      0.378139    89A      0.390238  
      90A      0.423442    91A      0.438051    92A      0.445635  
      93A      0.470640    94A      0.488810    95A      0.507700  
      96A      0.518528    97A      0.523080    98A      0.543378  
      99A      0.552175   100A      0.566432   101A      0.571069  
     102A      0.578519   103A      0.583837   104A      0.593803  
     105A      0.601977   106A      0.619145   107A      0.620691  
     108A      0.636113   109A      0.654556   110A      0.658165  
     111A      0.675236   112A      0.680700   113A      0.684738  
     114A      0.696632   115A      0.728213   116A      0.735224  
     117A      0.738960   118A      0.747205   119A      0.758161  
     120A      0.767695   121A      0.775716   122A      0.790747  
     123A      0.802223   124A      0.811822   125A      0.825717  
     126A      0.830068   127A      0.884734   128A      0.891345  
     129A      0.895710   130A      0.906006   131A      0.925916  
     132A      0.930057   133A      0.937751   134A      0.946367  
     135A      0.951701   136A      0.969257   137A      0.974332  
     138A      1.026350   139A      1.037910   140A      1.088403  
     141A      1.135442   142A      1.156320   143A      1.188375  
     144A      1.205633   145A      1.223723   146A      1.276936  
     147A      1.317880   148A      1.329310   149A      1.341616  
     150A      1.408703   151A      1.415975   152A      1.468274  
     153A      1.482657   154A      1.490974   155A      1.512456  
     156A      1.532089   157A      1.548455   158A      1.558682  
     159A      1.604321   160A      1.612946   161A      1.620752  
     162A      1.644338   163A      1.649380   164A      1.658922  
     165A      1.681706   166A      1.686778   167A      1.703471  
     168A      1.707037   169A      1.709950   170A      1.726420  
     171A      1.737674   172A      1.747859   173A      1.753076  
     174A      1.755127   175A      1.790511   176A      1.794999  
     177A      1.800738   178A      1.807771   179A      1.823338  
     180A      1.825152   181A      1.857279   182A      1.863804  
     183A      1.873009   184A      1.879635   185A      1.891940  
     186A      1.909750   187A      1.911558   188A      1.923139  
     189A      1.923560   190A      1.944638   191A      1.963918  
     192A      1.988594   193A      1.999504   194A      2.000544  
     195A      2.014392   196A      2.020984   197A      2.035147  
     198A      2.050332   199A      2.065239   200A      2.074646  
     201A      2.098348   202A      2.102457   203A      2.123209  
     204A      2.127072   205A      2.133557   206A      2.160036  
     207A      2.166052   208A      2.174006   209A      2.185446  
     210A      2.201169   211A      2.224078   212A      2.264471  
     213A      2.284293   214A      2.290590   215A      2.306995  
     216A      2.328878   217A      2.339110   218A      2.344283  
     219A      2.352552   220A      2.359545   221A      2.407067  
     222A      2.418986   223A      2.423995   224A      2.436801  
     225A      2.460901   226A      2.464337   227A      2.487238  
     228A      2.498465   229A      2.512723   230A      2.544237  
     231A      2.557093   232A      2.572212   233A      2.595433  
     234A      2.621605   235A      2.626996   236A      2.653230  
     237A      2.658645   238A      2.673254   239A      2.691353  
     240A      2.710243   241A      2.728750   242A      2.734677  
     243A      2.792384   244A      2.801123   245A      2.839058  
     246A      2.860669   247A      2.863379   248A      2.877602  
     249A      2.888872   250A      2.920453   251A      2.943303  
     252A      2.969833   253A      3.011607   254A      3.048140  
     255A      3.079707   256A      3.109502   257A      3.177608  
     258A      3.180182   259A      3.229758   260A      3.281928  
     261A      3.349195   262A      3.353693   263A      3.411518  
     264A      3.453262   265A      3.511084   266A      3.524160  
     267A      3.576941   268A      3.635598   269A      3.757711  
     270A      3.771666   271A      3.913590   272A      3.977492  
     273A      4.050888   274A      4.164854   275A      4.180410  
     276A      4.312353   277A      4.405764   278A      4.426681  
     279A      4.503207   280A      4.549966   281A      4.626795  
     282A      4.644097   283A      4.674822   284A      4.735830  
     285A      4.825203   286A      4.867293   287A      4.940995  
     288A      4.975465   289A      5.000974   290A      5.140556  
     291A      5.272062   292A      5.477373   293A      5.533209  
     294A      5.591752   295A      5.641144   296A      5.749676  
     297A      5.939058   298A      6.581711   299A      6.758353  
     300A     18.144925   301A     18.287981   302A     18.453932  
     303A     18.576431   304A     25.306922   305A     33.435880  
     306A     33.461084  

    Final Occupation by Irrep:
              A 
    DOCC [    20 ]

  @DF-RHF Final Energy:  -247.30495590432520

   => Energetics <=

    Nuclear Repulsion Energy =            187.0846074869413371
    One-Electron Energy =                -697.7785100998827374
    Two-Electron Energy =                 263.3889467086162313
    Total Energy =                       -247.3049559043251975

Computation Completed


Properties will be evaluated at   0.000000,   0.000000,   0.000000 [a0]

Properties computed using the SCF density matrix

  Nuclear Dipole Moment: [e a0]
     X:    92.7696      Y:  -327.9224      Z:  -156.2181

  Electronic Dipole Moment: [e a0]
     X:   -90.8004      Y:   319.1215      Z:   154.6343

  Dipole Moment: [e a0]
     X:     1.9693      Y:    -8.8009      Z:    -1.5839     Total:     9.1566

  Dipole Moment: [D]
     X:     5.0053      Y:   -22.3697      Z:    -4.0258     Total:    23.2737


*** tstop() called on aliaconda at Sun Mar 20 05:20:36 2022
Module time:
	user time   =     182.40 seconds =       3.04 minutes
	system time =      19.02 seconds =       0.32 minutes
	total time  =          9 seconds =       0.15 minutes
Total time:
	user time   =   53914.08 seconds =     898.57 minutes
	system time =    7455.59 seconds =     124.26 minutes
	total time  =       3419 seconds =      56.98 minutes

  //>>>>>>>>>>>>>>>>>>>>>>>>>>>>>>>>>>>//
  //            Monomer B HF           //
  //<<<<<<<<<<<<<<<<<<<<<<<<<<<<<<<<<<<//


*** tstart() called on aliaconda
*** at Sun Mar 20 05:20:36 2022

   => Loading Basis Set <=

    Name: JUN-CC-PVDZ
    Role: ORBITAL
    Keyword: BASIS
    atoms 1, 14                                          entry N          line   198 file /home/alia/anaconda3/envs/mddemo/share/psi4/basis/jun-cc-pvdz.gbs 
    atoms 2-4, 6, 8-10, 13, 15-17, 19, 21, 23, 25-27, 30 entry H          line    36 file /home/alia/anaconda3/envs/mddemo/share/psi4/basis/jun-cc-pvdz.gbs 
    atoms 5, 7, 11, 18, 20, 24, 28                       entry C          line   164 file /home/alia/anaconda3/envs/mddemo/share/psi4/basis/jun-cc-pvdz.gbs 
    atoms 12, 22, 29                                     entry O          line   232 file /home/alia/anaconda3/envs/mddemo/share/psi4/basis/jun-cc-pvdz.gbs 


         ---------------------------------------------------------
                                   SCF
               by Justin Turney, Rob Parrish, Andy Simmonett
                          and Daniel G. A. Smith
                              RHF Reference
                       32 Threads,  76293 MiB Core
         ---------------------------------------------------------

  ==> Geometry <==

    Molecular point group: c1
    Full point group: C1

    Geometry (in Angstrom), charge = 1, multiplicity = 1:

       Center              X                  Y                   Z               Mass       
    ------------   -----------------  -----------------  -----------------  -----------------
      Gh(N)           0.553797543393    -5.196507408016    -1.324171498434    14.003074004430
      Gh(H)          -0.547202288760    -5.261507465236    -1.807171300070     1.007825032230
      Gh(H)           0.245797455655    -5.310507728450    -0.165171578543     1.007825032230
      Gh(H)           1.045797646390    -6.010507537715    -1.576171353475     1.007825032230
      Gh(C)           1.188797295438    -3.905507518642    -1.513171628134    12.000000000000
      Gh(H)           0.506797612058    -3.117507411830    -1.229171231405     1.007825032230
      Gh(C)           2.544797480451    -3.876507713191    -0.858171418325    12.000000000000
      Gh(H)           3.121797383176    -4.752507640712    -1.161171391622     1.007825032230
      Gh(H)           2.474797547208    -3.815507366054     0.229828402384     1.007825032230
      Gh(H)           3.106797516690    -2.981507732265    -1.206171467916     1.007825032230
      Gh(C)           1.212797463284    -3.706507636897    -3.024171546118    12.000000000000
      Gh(O)           0.450797379361    -4.243507339351    -3.835171416418    15.994914619570
      Gh(H)           1.975685179578    -3.024782611720    -3.428217843191     1.007825032230
         N            0.244797528134     2.143492267735     0.291828677042    14.003074004430
         H            0.691797554837     1.047492550023     0.499828383310     1.007825032230
         H           -0.093202292575     1.999492214329    -0.855171635763     1.007825032230
         H            1.049797356473     2.817492054112     0.247828528269     1.007825032230
         C           -0.950202643527     2.559492633946     0.981828734263    12.000000000000
         H           -1.640202700748     1.693492458470     1.094828650339     1.007825032230
         C           -0.790202319278     2.921492145665     2.504828497751    12.000000000000
         H           -1.827202498569     3.104492710240     2.814828917368     1.007825032230
         O           -0.044202506198     4.128492878087     2.786828085764    15.994914619570
         H            0.900797665463     3.945492313512     2.675828978403     1.007825032230
         C           -0.158202349795     1.798492000706     3.314828917368    12.000000000000
         H            0.982797444211     1.821492717869     3.181828543528     1.007825032230
         H           -0.393202483310     0.762492702611     3.117828413828     1.007825032230
         H           -0.438202559604     2.054492519505     4.394828841074     1.007825032230
         C           -1.596202551974     3.711492107518     0.254828497751    12.000000000000
         O           -2.836202323093     3.828492687352     0.294828459604    15.994914619570
         H           -0.983514487399     4.436260746129    -0.301341012136     1.007825032230

  Running in c1 symmetry.

  Rotational constants: A =      0.03814  B =      0.00525  C =      0.00489 [cm^-1]
  Rotational constants: A =   1143.38817  B =    157.41324  C =    146.54601 [MHz]
  Nuclear repulsion =  327.500535300252920

  Charge       = 1
  Multiplicity = 1
  Electrons    = 56
  Nalpha       = 28
  Nbeta        = 28

  ==> Algorithm <==

  SCF Algorithm Type is DF.
  DIIS enabled.
  MOM disabled.
  Fractional occupation disabled.
  Guess Type is SAD.
  Energy threshold   = 1.00e-08
  Density threshold  = 1.00e-08
  Integral threshold = 1.00e-12

  ==> Primary Basis <==

  Basis Set: JUN-CC-PVDZ
    Blend: JUN-CC-PVDZ
    Number of shells: 150
    Number of basis functions: 306
    Number of Cartesian functions: 318
    Spherical Harmonics?: true
    Max angular momentum: 2

   => Loading Basis Set <=

    Name: (JUN-CC-PVDZ AUX)
    Role: JKFIT
    Keyword: DF_BASIS_SCF
    atoms 1, 14                                          entry N          line   202 file /home/alia/anaconda3/envs/mddemo/share/psi4/basis/jun-cc-pvdz-jkfit.gbs 
    atoms 2-4, 6, 8-10, 13, 15-17, 19, 21, 23, 25-27, 30 entry H          line    70 file /home/alia/anaconda3/envs/mddemo/share/psi4/basis/jun-cc-pvdz-jkfit.gbs 
    atoms 5, 7, 11, 18, 20, 24, 28                       entry C          line   146 file /home/alia/anaconda3/envs/mddemo/share/psi4/basis/jun-cc-pvdz-jkfit.gbs 
    atoms 12, 22, 29                                     entry O          line   258 file /home/alia/anaconda3/envs/mddemo/share/psi4/basis/jun-cc-pvdz-jkfit.gbs 

  ==> Integral Setup <==

  ==> DiskDFJK: Density-Fitted J/K Matrices <==

    J tasked:                  Yes
    K tasked:                  Yes
    wK tasked:                  No
    OpenMP threads:             32
    Integrals threads:          32
    Memory [MiB]:            57220
    Algorithm:                Core
    Integral Cache:           LOAD
    Schwarz Cutoff:          1E-12
    Fitting Condition:       1E-10

   => Auxiliary Basis Set <=

  Basis Set: (JUN-CC-PVDZ AUX)
    Blend: JUN-CC-PVDZ-JKFIT
    Number of shells: 486
    Number of basis functions: 1362
    Number of Cartesian functions: 1542
    Spherical Harmonics?: true
    Max angular momentum: 3

  Minimum eigenvalue in the overlap matrix is 6.2675545475E-05.
  Reciprocal condition number of the overlap matrix is 5.5339615267E-06.
    Using symmetric orthogonalization.

  ==> Pre-Iterations <==

  SCF Guess: Superposition of Atomic Densities via on-the-fly atomic UHF (no occupation information).

   -------------------------
    Irrep   Nso     Nmo    
   -------------------------
     A        306     306 
   -------------------------
    Total     306     306
   -------------------------

  ==> Iterations <==

                           Total Energy        Delta E     RMS |[F,P]|

   @DF-RHF iter SAD:  -360.41232193468988   -3.60412e+02   0.00000e+00 
   @DF-RHF iter   1:  -360.90846771398179   -4.96146e-01   2.19390e-03 DIIS
   @DF-RHF iter   2:  -361.09557060109449   -1.87103e-01   1.43499e-03 DIIS
   @DF-RHF iter   3:  -361.16732940723784   -7.17588e-02   3.10168e-04 DIIS
   @DF-RHF iter   4:  -361.17260561550182   -5.27621e-03   1.17969e-04 DIIS
   @DF-RHF iter   5:  -361.17338873353594   -7.83118e-04   2.72450e-05 DIIS
   @DF-RHF iter   6:  -361.17345925578030   -7.05222e-05   1.31050e-05 DIIS
   @DF-RHF iter   7:  -361.17347630980419   -1.70540e-05   5.69135e-06 DIIS
   @DF-RHF iter   8:  -361.17348033149358   -4.02169e-06   2.36479e-06 DIIS
   @DF-RHF iter   9:  -361.17348107000254   -7.38509e-07   6.89890e-07 DIIS
   @DF-RHF iter  10:  -361.17348113822140   -6.82189e-08   2.17717e-07 DIIS
   @DF-RHF iter  11:  -361.17348114535650   -7.13510e-09   8.67292e-08 DIIS
   @DF-RHF iter  12:  -361.17348114683557   -1.47907e-09   4.67905e-08 DIIS
   @DF-RHF iter  13:  -361.17348114744539   -6.09816e-10   2.62079e-08 DIIS
   @DF-RHF iter  14:  -361.17348114769305   -2.47667e-10   1.00222e-08 DIIS
   @DF-RHF iter  15:  -361.17348114772716   -3.41061e-11   3.27563e-09 DIIS
  Energy and wave function converged.


  ==> Post-Iterations <==

    Orbital Energies [Eh]
    ---------------------

    Doubly Occupied:                                                      

       1A    -20.745371     2A    -20.737944     3A    -15.950185  
       4A    -11.524014     5A    -11.500561     6A    -11.482592  
       7A    -11.404554     8A     -1.553337     9A     -1.532375  
      10A     -1.506163    11A     -1.239209    12A     -1.155260  
      13A     -1.028483    14A     -1.013368    15A     -0.951435  
      16A     -0.913384    17A     -0.902593    18A     -0.834543  
      19A     -0.806565    20A     -0.802647    21A     -0.777426  
      22A     -0.761968    23A     -0.693135    24A     -0.684542  
      25A     -0.667578    26A     -0.659504    27A     -0.626400  
      28A     -0.595544  

    Virtual:                                                              

      29A     -0.137843    30A     -0.089415    31A     -0.079414  
      32A     -0.062691    33A     -0.051813    34A     -0.040266  
      35A     -0.036846    36A     -0.024338    37A     -0.023628  
      38A     -0.016808    39A     -0.014567    40A     -0.006235  
      41A     -0.004549    42A      0.002230    43A      0.013460  
      44A      0.016555    45A      0.025123    46A      0.027242  
      47A      0.032669    48A      0.035485    49A      0.038911  
      50A      0.041516    51A      0.044429    52A      0.050158  
      53A      0.051440    54A      0.064573    55A      0.074299  
      56A      0.085755    57A      0.092805    58A      0.096202  
      59A      0.097698    60A      0.103814    61A      0.110328  
      62A      0.115144    63A      0.119987    64A      0.129316  
      65A      0.135789    66A      0.141958    67A      0.142974  
      68A      0.149871    69A      0.158469    70A      0.161570  
      71A      0.169609    72A      0.170332    73A      0.181218  
      74A      0.182698    75A      0.190640    76A      0.196569  
      77A      0.199883    78A      0.204797    79A      0.218520  
      80A      0.226459    81A      0.233186    82A      0.236155  
      83A      0.241834    84A      0.259873    85A      0.263567  
      86A      0.272714    87A      0.275933    88A      0.280782  
      89A      0.288870    90A      0.299988    91A      0.307236  
      92A      0.309564    93A      0.324308    94A      0.334410  
      95A      0.347974    96A      0.357444    97A      0.363566  
      98A      0.369108    99A      0.389323   100A      0.394051  
     101A      0.424957   102A      0.426793   103A      0.435795  
     104A      0.443391   105A      0.493710   106A      0.509520  
     107A      0.519700   108A      0.538744   109A      0.554193  
     110A      0.573495   111A      0.576621   112A      0.595527  
     113A      0.613204   114A      0.627675   115A      0.630328  
     116A      0.635116   117A      0.641136   118A      0.677853  
     119A      0.682259   120A      0.687983   121A      0.700564  
     122A      0.711160   123A      0.726148   124A      0.730955  
     125A      0.737845   126A      0.743056   127A      0.755841  
     128A      0.762292   129A      0.772878   130A      0.777988  
     131A      0.793353   132A      0.807900   133A      0.816044  
     134A      0.824448   135A      0.831930   136A      0.868968  
     137A      0.875603   138A      0.886525   139A      0.901406  
     140A      0.909631   141A      0.921065   142A      0.929947  
     143A      0.935511   144A      0.956179   145A      0.974370  
     146A      0.980623   147A      1.036326   148A      1.091322  
     149A      1.140408   150A      1.152034   151A      1.209792  
     152A      1.214210   153A      1.233914   154A      1.263889  
     155A      1.283300   156A      1.299665   157A      1.337724  
     158A      1.346772   159A      1.369482   160A      1.383497  
     161A      1.401360   162A      1.410946   163A      1.442978  
     164A      1.477813   165A      1.483753   166A      1.492622  
     167A      1.495469   168A      1.515808   169A      1.529127  
     170A      1.533140   171A      1.570914   172A      1.583029  
     173A      1.598583   174A      1.636509   175A      1.645041  
     176A      1.655175   177A      1.658223   178A      1.666577  
     179A      1.687267   180A      1.691169   181A      1.699322  
     182A      1.704103   183A      1.729515   184A      1.735829  
     185A      1.750140   186A      1.757109   187A      1.765150  
     188A      1.772145   189A      1.789909   190A      1.795178  
     191A      1.810512   192A      1.815380   193A      1.829040  
     194A      1.837463   195A      1.840909   196A      1.873855  
     197A      1.874923   198A      1.881938   199A      1.896872  
     200A      1.920202   201A      1.921313   202A      1.933600  
     203A      1.953161   204A      1.954303   205A      1.969565  
     206A      1.978923   207A      1.982294   208A      1.995646  
     209A      2.005685   210A      2.025596   211A      2.028254  
     212A      2.044439   213A      2.062856   214A      2.092608  
     215A      2.104573   216A      2.125387   217A      2.138582  
     218A      2.151005   219A      2.156363   220A      2.167057  
     221A      2.189778   222A      2.191197   223A      2.211372  
     224A      2.226146   225A      2.228220   226A      2.256458  
     227A      2.275911   228A      2.291689   229A      2.294933  
     230A      2.324084   231A      2.336814   232A      2.342941  
     233A      2.391563   234A      2.393890   235A      2.400668  
     236A      2.413805   237A      2.435916   238A      2.460843  
     239A      2.462923   240A      2.475480   241A      2.510498  
     242A      2.525038   243A      2.571822   244A      2.582671  
     245A      2.600227   246A      2.619753   247A      2.637784  
     248A      2.649579   249A      2.663130   250A      2.675941  
     251A      2.700053   252A      2.722861   253A      2.724327  
     254A      2.774742   255A      2.777101   256A      2.788277  
     257A      2.837376   258A      2.839817   259A      2.885484  
     260A      2.904175   261A      2.942625   262A      2.987404  
     263A      3.036008   264A      3.063760   265A      3.087961  
     266A      3.108684   267A      3.153393   268A      3.179511  
     269A      3.213330   270A      3.238701   271A      3.272281  
     272A      3.297348   273A      3.337284   274A      3.413191  
     275A      3.459322   276A      3.521874   277A      3.532811  
     278A      3.573896   279A      3.677818   280A      3.774191  
     281A      3.788052   282A      3.898571   283A      3.963802  
     284A      4.020160   285A      4.151398   286A      4.159746  
     287A      4.271228   288A      4.398316   289A      4.627937  
     290A      4.675145   291A      4.810238   292A      4.815305  
     293A      4.875273   294A      4.922945   295A      5.073339  
     296A      5.174733   297A      5.445472   298A      5.528090  
     299A      5.697842   300A      6.004419   301A      6.614258  
     302A     18.148824   303A     18.347344   304A     18.555908  
     305A     25.316447   306A     33.418804  

    Final Occupation by Irrep:
              A 
    DOCC [    28 ]

  @DF-RHF Final Energy:  -361.17348114772716

   => Energetics <=

    Nuclear Repulsion Energy =            327.5005353002529205
    One-Electron Energy =               -1131.2466767887174228
    Two-Electron Energy =                 442.5726603407372863
    Total Energy =                       -361.1734811477271592

Computation Completed


Properties will be evaluated at   0.000000,   0.000000,   0.000000 [a0]

Properties computed using the SCF density matrix

  Nuclear Dipole Moment: [e a0]
     X:   -83.2403      Y:   318.0198      Z:   162.3370

  Electronic Dipole Moment: [e a0]
     X:    84.6247      Y:  -314.7736      Z:  -161.3939

  Dipole Moment: [e a0]
     X:     1.3844      Y:     3.2462      Z:     0.9431     Total:     3.6529

  Dipole Moment: [D]
     X:     3.5188      Y:     8.2511      Z:     2.3971     Total:     9.2848


*** tstop() called on aliaconda at Sun Mar 20 05:20:47 2022
Module time:
	user time   =     237.89 seconds =       3.96 minutes
	system time =      25.65 seconds =       0.43 minutes
	total time  =         11 seconds =       0.18 minutes
Total time:
	user time   =   54152.11 seconds =     902.54 minutes
	system time =    7481.27 seconds =     124.69 minutes
	total time  =       3430 seconds =      57.17 minutes
  Constructing Basis Sets for SAPT...

   => Loading Basis Set <=

    Name: (JUN-CC-PVDZ AUX)
    Role: RIFIT
    Keyword: DF_BASIS_SAPT
    atoms 1, 14                                          entry N          line   144 file /home/alia/anaconda3/envs/mddemo/share/psi4/basis/jun-cc-pvdz-ri.gbs 
    atoms 2-4, 6, 8-10, 13, 15-17, 19, 21, 23, 25-27, 30 entry H          line    30 file /home/alia/anaconda3/envs/mddemo/share/psi4/basis/jun-cc-pvdz-ri.gbs 
    atoms 5, 7, 11, 18, 20, 24, 28                       entry C          line   100 file /home/alia/anaconda3/envs/mddemo/share/psi4/basis/jun-cc-pvdz-ri.gbs 
    atoms 12, 22, 29                                     entry O          line   188 file /home/alia/anaconda3/envs/mddemo/share/psi4/basis/jun-cc-pvdz-ri.gbs 


  //>>>>>>>>>>>>>>>>>>>>>>>>>>>>>>>>>>>//
  //               SAPT0               //
  //<<<<<<<<<<<<<<<<<<<<<<<<<<<<<<<<<<<//


*** tstart() called on aliaconda
*** at Sun Mar 20 05:20:48 2022

        SAPT0  
    Ed Hohenstein
     6 June 2009

      Orbital Information
  --------------------------
    NSO        =       306
    NMO        =       306
    NRI        =      1032
    NOCC A     =        20
    NOCC B     =        28
    FOCC A     =         0
    FOCC B     =         0
    NVIR A     =       286
    NVIR B     =       278

    Elst10,r            =     0.079621287736 [Eh]
    Exch10              =     0.000000014836 [Eh]
    Exch10 (S^2)        =     0.000000014836 [Eh]

    Iter     Energy [mEh]          dE [mEh]         Residual      Time [s]
       1      -0.75291872       0.752918722       7.782299531             1
       2      -0.72412498      -0.028793741       2.546235886             1
       3      -0.76868981       0.044564828       1.099606891             2
       4      -0.78907719       0.020387379       0.283710549             3
       5      -0.78704072      -0.002036467       0.165983855             3
       6      -0.78537804      -0.001662681       0.046043267             4
       7      -0.78574571       0.000367668       0.016722241             4
       8      -0.78584693       0.000101228       0.005952296             5
       9      -0.78581373      -0.000033205       0.003555983             5
      10      -0.78580435      -0.000009381       0.001274730             6
      11      -0.78581186       0.000007510       0.000407584             7
      12      -0.78581268       0.000000824       0.000100987             7
      13      -0.78581207      -0.000000617       0.000024522             8
      14      -0.78581206      -0.000000008       0.000006545             8
      15      -0.78581208       0.000000026       0.000001998             9
      16      -0.78581209       0.000000002       0.000000470             9

    CHF Iterations converged


    Iter     Energy [mEh]          dE [mEh]         Residual      Time [s]
       1      -0.52074102       0.520741015       5.433714178             1
       2      -0.53720892       0.016467907       2.271382377             2
       3      -0.57791467       0.040705745       0.828353939             2
       4      -0.58680944       0.008894769       0.227668218             3
       5      -0.58591806      -0.000891371       0.131932420             3
       6      -0.58468592      -0.001232141       0.043274503             4
       7      -0.58480837       0.000122441       0.019591949             5
       8      -0.58497162       0.000163259       0.005444494             5
       9      -0.58494840      -0.000023227       0.002489754             6
      10      -0.58493605      -0.000012346       0.001198775             6
      11      -0.58494186       0.000005807       0.000630901             7
      12      -0.58494301       0.000001156       0.000217043             8
      13      -0.58494217      -0.000000846       0.000073786             8
      14      -0.58494197      -0.000000195       0.000020405             9
      15      -0.58494203       0.000000059       0.000006811             9
      16      -0.58494205       0.000000019       0.000001884            10
      17      -0.58494205      -0.000000006       0.000000683            11

    CHF Iterations converged

    Ind20,r (A<-B)      =    -0.000785812086 [Eh]
    Ind20,r (B<-A)      =    -0.000584942046 [Eh]
    Ind20,r             =    -0.001370754132 [Eh]
    Exch-Ind20,r (A<-B) =     0.000000028603 [Eh]
    Exch-Ind20,r (B<-A) =     0.000000029091 [Eh]
    Exch-Ind20,r        =     0.000000057694 [Eh]
    Disp20              =    -0.000152188578 [Eh]
    Disp20 (SS)         =    -0.000076094289 [Eh]
    Disp20 (OS)         =    -0.000076094289 [Eh]
    Exch-Disp20         =     0.000000018257 [Eh]
    Exch-Disp20 (SS)    =     0.000000012998 [Eh]
    Exch-Disp20 (OS)    =     0.000000005259 [Eh]

    SAPT Results 
  --------------------------------------------------------------------------------------------------------
    Electrostatics                 79.62128774 [mEh]      49.96311237 [kcal/mol]     209.04566215 [kJ/mol]
      Elst10,r                     79.62128774 [mEh]      49.96311237 [kcal/mol]     209.04566215 [kJ/mol]

    Exchange                        0.00001484 [mEh]       0.00000931 [kcal/mol]       0.00003895 [kJ/mol]
      Exch10                        0.00001484 [mEh]       0.00000931 [kcal/mol]       0.00003895 [kJ/mol]
      Exch10(S^2)                   0.00001484 [mEh]       0.00000931 [kcal/mol]       0.00003895 [kJ/mol]

    Induction                      -1.34039908 [mEh]      -0.84111312 [kcal/mol]      -3.51921731 [kJ/mol]
      Ind20,r                      -1.37075413 [mEh]      -0.86016120 [kcal/mol]      -3.59891448 [kJ/mol]
      Exch-Ind20,r                  0.00005769 [mEh]       0.00003620 [kcal/mol]       0.00015147 [kJ/mol]
      delta HF,r (2)                0.03029735 [mEh]       0.01901188 [kcal/mol]       0.07954569 [kJ/mol]

    Dispersion                     -0.15217032 [mEh]      -0.09548832 [kcal/mol]      -0.39952312 [kJ/mol]
      Disp20                       -0.15218858 [mEh]      -0.09549977 [kcal/mol]      -0.39957106 [kJ/mol]
      Exch-Disp20                   0.00001826 [mEh]       0.00001146 [kcal/mol]       0.00004793 [kJ/mol]
      Disp20 (SS)                  -0.07609429 [mEh]      -0.04774989 [kcal/mol]      -0.19978553 [kJ/mol]
      Disp20 (OS)                  -0.07609429 [mEh]      -0.04774989 [kcal/mol]      -0.19978553 [kJ/mol]
      Exch-Disp20 (SS)              0.00001300 [mEh]       0.00000816 [kcal/mol]       0.00003413 [kJ/mol]
      Exch-Disp20 (OS)              0.00000526 [mEh]       0.00000330 [kcal/mol]       0.00001381 [kJ/mol]

  Total HF                         78.28090349 [mEh]      49.12200855 [kcal/mol]     205.52648379 [kJ/mol]
  Total SAPT0                      78.12873317 [mEh]      49.02652024 [kcal/mol]     205.12696067 [kJ/mol]

  Special recipe for scaled SAPT0 (see Manual):
    Electrostatics sSAPT0          79.62128774 [mEh]      49.96311237 [kcal/mol]     209.04566215 [kJ/mol]
    Exchange sSAPT0                 0.00001484 [mEh]       0.00000931 [kcal/mol]       0.00003895 [kJ/mol]
    Induction sSAPT0               -1.34039908 [mEh]      -0.84111312 [kcal/mol]      -3.51921731 [kJ/mol]
    Dispersion sSAPT0              -0.15217032 [mEh]      -0.09548832 [kcal/mol]      -0.39952312 [kJ/mol]
  Total sSAPT0                     78.12873317 [mEh]      49.02652024 [kcal/mol]     205.12696067 [kJ/mol]
  --------------------------------------------------------------------------------------------------------

*** tstop() called on aliaconda at Sun Mar 20 05:21:37 2022
Module time:
	user time   =     702.16 seconds =      11.70 minutes
	system time =     124.36 seconds =       2.07 minutes
	total time  =         49 seconds =       0.82 minutes
Total time:
	user time   =   54856.90 seconds =     914.28 minutes
	system time =    7606.09 seconds =     126.77 minutes
	total time  =       3480 seconds =      58.00 minutes


Warning! sapt0 does not have an associated derived wavefunction.The returned wavefunction is the dimer SCF wavefunction.


  Memory set to  74.506 GiB by Python driver.
  Threads set to 32 by Python driver.
