
Scratch directory: /tmp/

Scratch directory: /tmp/

  //>>>>>>>>>>>>>>>>>>>>>>>>>>>>>>>>>>>//
  //              Dimer HF             //
  //<<<<<<<<<<<<<<<<<<<<<<<<<<<<<<<<<<<//


*** tstart() called on aliaconda
*** at Sun Mar 20 06:38:13 2022

   => Loading Basis Set <=

    Name: JUN-CC-PVDZ
    Role: ORBITAL
    Keyword: BASIS
    atoms 1, 14                                          entry N          line   198 file /home/alia/anaconda3/envs/mddemo/share/psi4/basis/jun-cc-pvdz.gbs 
    atoms 2-4, 6, 8-10, 13, 15-17, 19, 21, 23, 25-27, 30 entry H          line    36 file /home/alia/anaconda3/envs/mddemo/share/psi4/basis/jun-cc-pvdz.gbs 
    atoms 5, 7, 11, 18, 20, 24, 28                       entry C          line   164 file /home/alia/anaconda3/envs/mddemo/share/psi4/basis/jun-cc-pvdz.gbs 
    atoms 12, 22, 29                                     entry O          line   232 file /home/alia/anaconda3/envs/mddemo/share/psi4/basis/jun-cc-pvdz.gbs 


         ---------------------------------------------------------
                                   SCF
               by Justin Turney, Rob Parrish, Andy Simmonett
                          and Daniel G. A. Smith
                              RHF Reference
                       32 Threads,  76293 MiB Core
         ---------------------------------------------------------

  ==> Geometry <==

    Molecular point group: c1
    Full point group: C1

    Geometry (in Angstrom), charge = 2, multiplicity = 1:

       Center              X                  Y                   Z               Mass       
    ------------   -----------------  -----------------  -----------------  -----------------
         N           -0.592537480100    -6.595241707348    -1.402328369994    14.003074004430
         H           -1.564537602170    -6.474241655849    -0.704327938933     1.007825032230
         H           -1.108537274106    -7.024241608165    -2.399328110594     1.007825032230
         H           -0.053537445768    -7.390241545223    -1.008328316588     1.007825032230
         C            0.070462626712    -5.264241617702    -1.463328240294    12.000000000000
         H           -0.473537522062    -4.507241648220    -0.890328286070     1.007825032230
         C            1.547462624804    -5.261241835140    -0.848327992339    12.000000000000
         H            2.087462586657    -6.145241659664    -1.067328331847     1.007825032230
         H            1.413462561862    -5.406241816066     0.244671942811     1.007825032230
         H            2.115462464587    -4.336241644405    -1.035328266997     1.007825032230
         C            0.177462500827    -4.789241713070    -2.896328089613    12.000000000000
         O           -0.092537480100    -5.549241465114    -3.818328140158    15.994914619570
         H            0.498438281314    -3.759126108669    -3.110422013182     1.007825032230
         N            0.824462575213     2.896758157231     0.624672057252    14.003074004430
         H            0.664462489382     2.880758363224    -0.571328041930     1.007825032230
         H            0.961462420718     1.706758576847     0.746671797853     1.007825032230
         H            1.670462531344     3.372757989384     0.759671809297     1.007825032230
         C           -0.369537430509     3.535758096196     1.153671862703    12.000000000000
         H           -1.248537617429     2.876758653141     1.128671767335     1.007825032230
         C           -0.153537350400     3.991758424259     2.583671691041    12.000000000000
         H           -1.137537556394     4.390758592106     2.899671675783     1.007825032230
         O            0.790462655322     5.046758729435     2.731671454530    15.994914619570
         H            1.742462558047     4.693758088566     2.714672209840     1.007825032230
         C            0.237462443606     2.745758134343     3.342671515565    12.000000000000
         H            1.269462508456     2.303758698918     3.130671622377     1.007825032230
         H           -0.469537335141     1.967758256413     3.091672064882     1.007825032230
         H            0.156462592379     2.901758271672     4.454671980958     1.007825032230
         C           -0.750537472471     4.691758233525     0.166671874147    12.000000000000
         O           -1.882537441953     4.791758614994    -0.282328007597    15.994914619570
         H            0.014253062503     5.425823289372    -0.127000687499     1.007825032230

  Running in c1 symmetry.

  Rotational constants: A =      0.03828  B =      0.00362  C =      0.00344 [cm^-1]
  Rotational constants: A =   1147.67245  B =    108.65681  C =    103.14987 [MHz]
  Nuclear repulsion =  636.858590065998897

  Charge       = 2
  Multiplicity = 1
  Electrons    = 96
  Nalpha       = 48
  Nbeta        = 48

  ==> Algorithm <==

  SCF Algorithm Type is DF.
  DIIS enabled.
  MOM disabled.
  Fractional occupation disabled.
  Guess Type is SAD.
  Energy threshold   = 1.00e-08
  Density threshold  = 1.00e-08
  Integral threshold = 1.00e-12

  ==> Primary Basis <==

  Basis Set: JUN-CC-PVDZ
    Blend: JUN-CC-PVDZ
    Number of shells: 150
    Number of basis functions: 306
    Number of Cartesian functions: 318
    Spherical Harmonics?: true
    Max angular momentum: 2

   => Loading Basis Set <=

    Name: (JUN-CC-PVDZ AUX)
    Role: JKFIT
    Keyword: DF_BASIS_SCF
    atoms 1, 14                                          entry N          line   202 file /home/alia/anaconda3/envs/mddemo/share/psi4/basis/jun-cc-pvdz-jkfit.gbs 
    atoms 2-4, 6, 8-10, 13, 15-17, 19, 21, 23, 25-27, 30 entry H          line    70 file /home/alia/anaconda3/envs/mddemo/share/psi4/basis/jun-cc-pvdz-jkfit.gbs 
    atoms 5, 7, 11, 18, 20, 24, 28                       entry C          line   146 file /home/alia/anaconda3/envs/mddemo/share/psi4/basis/jun-cc-pvdz-jkfit.gbs 
    atoms 12, 22, 29                                     entry O          line   258 file /home/alia/anaconda3/envs/mddemo/share/psi4/basis/jun-cc-pvdz-jkfit.gbs 

  ==> Integral Setup <==

  ==> DiskDFJK: Density-Fitted J/K Matrices <==

    J tasked:                  Yes
    K tasked:                  Yes
    wK tasked:                  No
    OpenMP threads:             32
    Integrals threads:          32
    Memory [MiB]:            57220
    Algorithm:                Core
    Integral Cache:           SAVE
    Schwarz Cutoff:          1E-12
    Fitting Condition:       1E-10

   => Auxiliary Basis Set <=

  Basis Set: (JUN-CC-PVDZ AUX)
    Blend: JUN-CC-PVDZ-JKFIT
    Number of shells: 486
    Number of basis functions: 1362
    Number of Cartesian functions: 1542
    Spherical Harmonics?: true
    Max angular momentum: 3

  Minimum eigenvalue in the overlap matrix is 6.4552640635E-05.
  Reciprocal condition number of the overlap matrix is 5.6055968160E-06.
    Using symmetric orthogonalization.

  ==> Pre-Iterations <==

  SCF Guess: Superposition of Atomic Densities via on-the-fly atomic UHF (no occupation information).

   -------------------------
    Irrep   Nso     Nmo    
   -------------------------
     A        306     306 
   -------------------------
    Total     306     306
   -------------------------

  ==> Iterations <==

                           Total Energy        Delta E     RMS |[F,P]|

   @DF-RHF iter SAD:  -607.19285264162181   -6.07193e+02   0.00000e+00 
   @DF-RHF iter   1:  -607.98272993895159   -7.89877e-01   2.78994e-03 DIIS
   @DF-RHF iter   2:  -608.30004752823720   -3.17318e-01   1.74971e-03 DIIS
   @DF-RHF iter   3:  -608.40759694970006   -1.07549e-01   3.84248e-04 DIIS
   @DF-RHF iter   4:  -608.41609687561368   -8.49993e-03   1.42350e-04 DIIS
   @DF-RHF iter   5:  -608.41728367116150   -1.18680e-03   3.39550e-05 DIIS
   @DF-RHF iter   6:  -608.41740585450225   -1.22183e-04   1.65239e-05 DIIS
   @DF-RHF iter   7:  -608.41743348564307   -2.76311e-05   7.34637e-06 DIIS
   @DF-RHF iter   8:  -608.41743995331569   -6.46767e-06   3.05486e-06 DIIS
   @DF-RHF iter   9:  -608.41744108206603   -1.12875e-06   1.11875e-06 DIIS
   @DF-RHF iter  10:  -608.41744122909836   -1.47032e-07   4.31676e-07 DIIS
   @DF-RHF iter  11:  -608.41744125880007   -2.97017e-08   2.13233e-07 DIIS
   @DF-RHF iter  12:  -608.41744126980063   -1.10006e-08   1.14811e-07 DIIS
   @DF-RHF iter  13:  -608.41744127382867   -4.02804e-09   5.55207e-08 DIIS
   @DF-RHF iter  14:  -608.41744127490199   -1.07332e-09   1.87276e-08 DIIS
   @DF-RHF iter  15:  -608.41744127497941   -7.74207e-11   5.36442e-09 DIIS
  Energy and wave function converged.


  ==> Post-Iterations <==

    Orbital Energies [Eh]
    ---------------------

    Doubly Occupied:                                                      

       1A    -20.810137     2A    -20.801085     3A    -20.797650  
       4A    -15.999310     5A    -15.983620     6A    -11.587553  
       7A    -11.572801     8A    -11.571669     9A    -11.551788  
      10A    -11.531352    11A    -11.493508    12A    -11.460209  
      13A     -1.635673    14A     -1.619908    15A     -1.593195  
      16A     -1.564116    17A     -1.535208    18A     -1.304196  
      19A     -1.298287    20A     -1.209679    21A     -1.163564  
      22A     -1.078557    23A     -1.068843    24A     -1.059002  
      25A     -1.022409    26A     -0.985944    27A     -0.983542  
      28A     -0.963936    29A     -0.959293    30A     -0.933512  
      31A     -0.890342    32A     -0.879387    33A     -0.866300  
      34A     -0.859826    35A     -0.851802    36A     -0.829291  
      37A     -0.817078    38A     -0.812157    39A     -0.804489  
      40A     -0.767588    41A     -0.763561    42A     -0.748083  
      43A     -0.735215    44A     -0.731133    45A     -0.716159  
      46A     -0.683181    47A     -0.671639    48A     -0.642995  

    Virtual:                                                              

      49A     -0.196389    50A     -0.173215    51A     -0.150173  
      52A     -0.139106    53A     -0.131323    54A     -0.129046  
      55A     -0.114481    56A     -0.106471    57A     -0.102837  
      58A     -0.098341    59A     -0.089925    60A     -0.085211  
      61A     -0.081923    62A     -0.080962    63A     -0.076199  
      64A     -0.075213    65A     -0.065135    66A     -0.061956  
      67A     -0.060629    68A     -0.058445    69A     -0.044372  
      70A     -0.039143    71A     -0.036818    72A     -0.034094  
      73A     -0.025199    74A     -0.023545    75A     -0.022098  
      76A     -0.021510    77A     -0.011120    78A     -0.008385  
      79A     -0.007230    80A     -0.005392    81A      0.005589  
      82A      0.017812    83A      0.021607    84A      0.029529  
      85A      0.036246    86A      0.037255    87A      0.047696  
      88A      0.050181    89A      0.057743    90A      0.059361  
      91A      0.073267    92A      0.084794    93A      0.088584  
      94A      0.095577    95A      0.103655    96A      0.106492  
      97A      0.108485    98A      0.117560    99A      0.122145  
     100A      0.130160   101A      0.134056   102A      0.139499  
     103A      0.141303   104A      0.148306   105A      0.158286  
     106A      0.160096   107A      0.165310   108A      0.171660  
     109A      0.175017   110A      0.185798   111A      0.188322  
     112A      0.206125   113A      0.212611   114A      0.219950  
     115A      0.224925   116A      0.228979   117A      0.248037  
     118A      0.254249   119A      0.262426   120A      0.266429  
     121A      0.279255   122A      0.295127   123A      0.314176  
     124A      0.319064   125A      0.379864   126A      0.387937  
     127A      0.449503   128A      0.473758   129A      0.476663  
     130A      0.512300   131A      0.530612   132A      0.534389  
     133A      0.544250   134A      0.549114   135A      0.555088  
     136A      0.567476   137A      0.572346   138A      0.584241  
     139A      0.585073   140A      0.605740   141A      0.615331  
     142A      0.624905   143A      0.640406   144A      0.642142  
     145A      0.655533   146A      0.660769   147A      0.674174  
     148A      0.678362   149A      0.682390   150A      0.692440  
     151A      0.697437   152A      0.701099   153A      0.711266  
     154A      0.716137   155A      0.731753   156A      0.739900  
     157A      0.755536   158A      0.757724   159A      0.772790  
     160A      0.777456   161A      0.785390   162A      0.793221  
     163A      0.802622   164A      0.815717   165A      0.832747  
     166A      0.842870   167A      0.846516   168A      0.853041  
     169A      0.854805   170A      0.872072   171A      0.874638  
     172A      0.918904   173A      0.939863   174A      0.954787  
     175A      0.971887   176A      1.050312   177A      1.065985  
     178A      1.087868   179A      1.106806   180A      1.115136  
     181A      1.118354   182A      1.147301   183A      1.164414  
     184A      1.183721   185A      1.209235   186A      1.216036  
     187A      1.221108   188A      1.226027   189A      1.261258  
     190A      1.266986   191A      1.272857   192A      1.290353  
     193A      1.304555   194A      1.310544   195A      1.318869  
     196A      1.332867   197A      1.334231   198A      1.340082  
     199A      1.370935   200A      1.383111   201A      1.397441  
     202A      1.404011   203A      1.426980   204A      1.440227  
     205A      1.455246   206A      1.466580   207A      1.498834  
     208A      1.531211   209A      1.532543   210A      1.557783  
     211A      1.560153   212A      1.580385   213A      1.588404  
     214A      1.615349   215A      1.621490   216A      1.625868  
     217A      1.638547   218A      1.651684   219A      1.673717  
     220A      1.690838   221A      1.691616   222A      1.702893  
     223A      1.708452   224A      1.720980   225A      1.728203  
     226A      1.739374   227A      1.749793   228A      1.751779  
     229A      1.754716   230A      1.768191   231A      1.771160  
     232A      1.784781   233A      1.801757   234A      1.804963  
     235A      1.808663   236A      1.837261   237A      1.842940  
     238A      1.872663   239A      1.875618   240A      1.878972  
     241A      1.885771   242A      1.905677   243A      1.920594  
     244A      1.938436   245A      1.968194   246A      1.985602  
     247A      2.002935   248A      2.011586   249A      2.012471  
     250A      2.040190   251A      2.064143   252A      2.066232  
     253A      2.074767   254A      2.099892   255A      2.100438  
     256A      2.135062   257A      2.170897   258A      2.173579  
     259A      2.194808   260A      2.213189   261A      2.240737  
     262A      2.245443   263A      2.272798   264A      2.301456  
     265A      2.341707   266A      2.363523   267A      2.378042  
     268A      2.385927   269A      2.388208   270A      2.413965  
     271A      2.449666   272A      2.461115   273A      2.479539  
     274A      2.484311   275A      2.536921   276A      2.537850  
     277A      2.567587   278A      2.588321   279A      2.609739  
     280A      2.619215   281A      2.621826   282A      2.648897  
     283A      2.650932   284A      2.679375   285A      2.723262  
     286A      2.734887   287A      2.750695   288A      2.828319  
     289A      2.841993   290A      2.883501   291A      2.888496  
     292A      2.957875   293A      2.979182   294A      3.044061  
     295A      3.060775   296A      3.120512   297A      3.193286  
     298A      3.214301   299A      3.214468   300A      3.247477  
     301A      3.490364   302A      3.503285   303A      3.511894  
     304A      3.718789   305A      3.752477   306A      3.845175  

    Final Occupation by Irrep:
              A 
    DOCC [    48 ]

  @DF-RHF Final Energy:  -608.41744127497941

   => Energetics <=

    Nuclear Repulsion Energy =            636.8585900659988965
    One-Electron Energy =               -2068.1325074161022712
    Two-Electron Energy =                 822.8564760751239646
    Total Energy =                       -608.4174412749794101

Computation Completed


Properties will be evaluated at   0.000000,   0.000000,   0.000000 [a0]

Properties computed using the SCF density matrix

  Nuclear Dipole Moment: [e a0]
     X:     6.1229      Y:   -11.7078      Z:     7.7367

  Electronic Dipole Moment: [e a0]
     X:    -4.5384      Y:     5.1896      Z:    -7.5157

  Dipole Moment: [e a0]
     X:     1.5845      Y:    -6.5182      Z:     0.2210     Total:     6.7117

  Dipole Moment: [D]
     X:     4.0274      Y:   -16.5677      Z:     0.5616     Total:    17.0595


*** tstop() called on aliaconda at Sun Mar 20 06:38:28 2022
Module time:
	user time   =     320.83 seconds =       5.35 minutes
	system time =      38.99 seconds =       0.65 minutes
	total time  =         15 seconds =       0.25 minutes
Total time:
	user time   =  133103.67 seconds =    2218.39 minutes
	system time =   18780.27 seconds =     313.00 minutes
	total time  =       8091 seconds =     134.85 minutes

  //>>>>>>>>>>>>>>>>>>>>>>>>>>>>>>>>>>>//
  //            Monomer A HF           //
  //<<<<<<<<<<<<<<<<<<<<<<<<<<<<<<<<<<<//


*** tstart() called on aliaconda
*** at Sun Mar 20 06:38:28 2022

   => Loading Basis Set <=

    Name: JUN-CC-PVDZ
    Role: ORBITAL
    Keyword: BASIS
    atoms 1, 14                                          entry N          line   198 file /home/alia/anaconda3/envs/mddemo/share/psi4/basis/jun-cc-pvdz.gbs 
    atoms 2-4, 6, 8-10, 13, 15-17, 19, 21, 23, 25-27, 30 entry H          line    36 file /home/alia/anaconda3/envs/mddemo/share/psi4/basis/jun-cc-pvdz.gbs 
    atoms 5, 7, 11, 18, 20, 24, 28                       entry C          line   164 file /home/alia/anaconda3/envs/mddemo/share/psi4/basis/jun-cc-pvdz.gbs 
    atoms 12, 22, 29                                     entry O          line   232 file /home/alia/anaconda3/envs/mddemo/share/psi4/basis/jun-cc-pvdz.gbs 


         ---------------------------------------------------------
                                   SCF
               by Justin Turney, Rob Parrish, Andy Simmonett
                          and Daniel G. A. Smith
                              RHF Reference
                       32 Threads,  76293 MiB Core
         ---------------------------------------------------------

  ==> Geometry <==

    Molecular point group: c1
    Full point group: C1

    Geometry (in Angstrom), charge = 1, multiplicity = 1:

       Center              X                  Y                   Z               Mass       
    ------------   -----------------  -----------------  -----------------  -----------------
         N           -0.592537480100    -6.595241707348    -1.402328369994    14.003074004430
         H           -1.564537602170    -6.474241655849    -0.704327938933     1.007825032230
         H           -1.108537274106    -7.024241608165    -2.399328110594     1.007825032230
         H           -0.053537445768    -7.390241545223    -1.008328316588     1.007825032230
         C            0.070462626712    -5.264241617702    -1.463328240294    12.000000000000
         H           -0.473537522062    -4.507241648220    -0.890328286070     1.007825032230
         C            1.547462624804    -5.261241835140    -0.848327992339    12.000000000000
         H            2.087462586657    -6.145241659664    -1.067328331847     1.007825032230
         H            1.413462561862    -5.406241816066     0.244671942811     1.007825032230
         H            2.115462464587    -4.336241644405    -1.035328266997     1.007825032230
         C            0.177462500827    -4.789241713070    -2.896328089613    12.000000000000
         O           -0.092537480100    -5.549241465114    -3.818328140158    15.994914619570
         H            0.498438281314    -3.759126108669    -3.110422013182     1.007825032230
      Gh(N)           0.824462575213     2.896758157231     0.624672057252    14.003074004430
      Gh(H)           0.664462489382     2.880758363224    -0.571328041930     1.007825032230
      Gh(H)           0.961462420718     1.706758576847     0.746671797853     1.007825032230
      Gh(H)           1.670462531344     3.372757989384     0.759671809297     1.007825032230
      Gh(C)          -0.369537430509     3.535758096196     1.153671862703    12.000000000000
      Gh(H)          -1.248537617429     2.876758653141     1.128671767335     1.007825032230
      Gh(C)          -0.153537350400     3.991758424259     2.583671691041    12.000000000000
      Gh(H)          -1.137537556394     4.390758592106     2.899671675783     1.007825032230
      Gh(O)           0.790462655322     5.046758729435     2.731671454530    15.994914619570
      Gh(H)           1.742462558047     4.693758088566     2.714672209840     1.007825032230
      Gh(C)           0.237462443606     2.745758134343     3.342671515565    12.000000000000
      Gh(H)           1.269462508456     2.303758698918     3.130671622377     1.007825032230
      Gh(H)          -0.469537335141     1.967758256413     3.091672064882     1.007825032230
      Gh(H)           0.156462592379     2.901758271672     4.454671980958     1.007825032230
      Gh(C)          -0.750537472471     4.691758233525     0.166671874147    12.000000000000
      Gh(O)          -1.882537441953     4.791758614994    -0.282328007597    15.994914619570
      Gh(H)           0.014253062503     5.425823289372    -0.127000687499     1.007825032230

  Running in c1 symmetry.

  Rotational constants: A =      0.03828  B =      0.00362  C =      0.00344 [cm^-1]
  Rotational constants: A =   1147.67245  B =    108.65681  C =    103.14987 [MHz]
  Nuclear repulsion =  185.168240817637724

  Charge       = 1
  Multiplicity = 1
  Electrons    = 40
  Nalpha       = 20
  Nbeta        = 20

  ==> Algorithm <==

  SCF Algorithm Type is DF.
  DIIS enabled.
  MOM disabled.
  Fractional occupation disabled.
  Guess Type is SAD.
  Energy threshold   = 1.00e-08
  Density threshold  = 1.00e-08
  Integral threshold = 1.00e-12

  ==> Primary Basis <==

  Basis Set: JUN-CC-PVDZ
    Blend: JUN-CC-PVDZ
    Number of shells: 150
    Number of basis functions: 306
    Number of Cartesian functions: 318
    Spherical Harmonics?: true
    Max angular momentum: 2

   => Loading Basis Set <=

    Name: (JUN-CC-PVDZ AUX)
    Role: JKFIT
    Keyword: DF_BASIS_SCF
    atoms 1, 14                                          entry N          line   202 file /home/alia/anaconda3/envs/mddemo/share/psi4/basis/jun-cc-pvdz-jkfit.gbs 
    atoms 2-4, 6, 8-10, 13, 15-17, 19, 21, 23, 25-27, 30 entry H          line    70 file /home/alia/anaconda3/envs/mddemo/share/psi4/basis/jun-cc-pvdz-jkfit.gbs 
    atoms 5, 7, 11, 18, 20, 24, 28                       entry C          line   146 file /home/alia/anaconda3/envs/mddemo/share/psi4/basis/jun-cc-pvdz-jkfit.gbs 
    atoms 12, 22, 29                                     entry O          line   258 file /home/alia/anaconda3/envs/mddemo/share/psi4/basis/jun-cc-pvdz-jkfit.gbs 

  ==> Integral Setup <==

  ==> DiskDFJK: Density-Fitted J/K Matrices <==

    J tasked:                  Yes
    K tasked:                  Yes
    wK tasked:                  No
    OpenMP threads:             32
    Integrals threads:          32
    Memory [MiB]:            57220
    Algorithm:                Core
    Integral Cache:           LOAD
    Schwarz Cutoff:          1E-12
    Fitting Condition:       1E-10

   => Auxiliary Basis Set <=

  Basis Set: (JUN-CC-PVDZ AUX)
    Blend: JUN-CC-PVDZ-JKFIT
    Number of shells: 486
    Number of basis functions: 1362
    Number of Cartesian functions: 1542
    Spherical Harmonics?: true
    Max angular momentum: 3

  Minimum eigenvalue in the overlap matrix is 6.4552640635E-05.
  Reciprocal condition number of the overlap matrix is 5.6055968160E-06.
    Using symmetric orthogonalization.

  ==> Pre-Iterations <==

  SCF Guess: Superposition of Atomic Densities via on-the-fly atomic UHF (no occupation information).

   -------------------------
    Irrep   Nso     Nmo    
   -------------------------
     A        306     306 
   -------------------------
    Total     306     306
   -------------------------

  ==> Iterations <==

                           Total Energy        Delta E     RMS |[F,P]|

   @DF-RHF iter SAD:  -246.61058810039856   -2.46611e+02   0.00000e+00 
   @DF-RHF iter   1:  -247.13561167510139   -5.25024e-01   1.70965e-03 DIIS
   @DF-RHF iter   2:  -247.25794465072272   -1.22333e-01   1.05964e-03 DIIS
   @DF-RHF iter   3:  -247.29767249811036   -3.97278e-02   2.46560e-04 DIIS
   @DF-RHF iter   4:  -247.30129124148911   -3.61874e-03   8.00262e-05 DIIS
   @DF-RHF iter   5:  -247.30171838513016   -4.27144e-04   1.90610e-05 DIIS
   @DF-RHF iter   6:  -247.30176778299978   -4.93979e-05   7.85772e-06 DIIS
   @DF-RHF iter   7:  -247.30177530761432   -7.52461e-06   3.70015e-06 DIIS
   @DF-RHF iter   8:  -247.30177692211794   -1.61450e-06   1.32037e-06 DIIS
   @DF-RHF iter   9:  -247.30177713729154   -2.15174e-07   3.26078e-07 DIIS
   @DF-RHF iter  10:  -247.30177714947601   -1.21845e-08   1.15917e-07 DIIS
   @DF-RHF iter  11:  -247.30177715151464   -2.03863e-09   3.89429e-08 DIIS
   @DF-RHF iter  12:  -247.30177715186153   -3.46887e-10   1.99755e-08 DIIS
   @DF-RHF iter  13:  -247.30177715198965   -1.28125e-10   8.86237e-09 DIIS
  Energy and wave function converged.


  ==> Post-Iterations <==

    Orbital Energies [Eh]
    ---------------------

    Doubly Occupied:                                                      

       1A    -20.749423     2A    -15.927112     3A    -11.526531  
       4A    -11.510441     5A    -11.430463     6A     -1.575737  
       7A     -1.477663     8A     -1.236667     9A     -1.101438  
      10A     -0.998270    11A     -0.928597    12A     -0.924139  
      13A     -0.873291    14A     -0.819742    15A     -0.791412  
      16A     -0.753802    17A     -0.742943    18A     -0.705094  
      19A     -0.671055    20A     -0.610754  

    Virtual:                                                              

      21A     -0.117808    22A     -0.075006    23A     -0.069194  
      24A     -0.046589    25A     -0.042524    26A     -0.029230  
      27A     -0.024293    28A     -0.019296    29A     -0.015546  
      30A     -0.005328    31A     -0.002265    32A      0.001729  
      33A      0.012371    34A      0.012620    35A      0.020012  
      36A      0.025124    37A      0.033954    38A      0.035252  
      39A      0.037135    40A      0.047599    41A      0.051225  
      42A      0.053693    43A      0.058331    44A      0.063065  
      45A      0.072606    46A      0.082425    47A      0.086516  
      48A      0.093431    49A      0.096133    50A      0.097932  
      51A      0.099945    52A      0.104023    53A      0.114531  
      54A      0.118193    55A      0.136860    56A      0.145888  
      57A      0.149385    58A      0.155235    59A      0.156471  
      60A      0.162571    61A      0.170025    62A      0.173715  
      63A      0.175556    64A      0.183900    65A      0.189984  
      66A      0.194958    67A      0.201334    68A      0.208000  
      69A      0.219829    70A      0.231058    71A      0.232163  
      72A      0.241471    73A      0.249360    74A      0.251129  
      75A      0.256635    76A      0.263000    77A      0.277020  
      78A      0.281783    79A      0.301267    80A      0.316144  
      81A      0.320199    82A      0.328912    83A      0.336678  
      84A      0.345798    85A      0.356184    86A      0.373021  
      87A      0.386475    88A      0.393097    89A      0.400296  
      90A      0.441954    91A      0.453376    92A      0.459587  
      93A      0.469757    94A      0.497876    95A      0.508280  
      96A      0.512122    97A      0.536497    98A      0.537354  
      99A      0.548055   100A      0.566067   101A      0.580714  
     102A      0.589225   103A      0.590239   104A      0.595854  
     105A      0.609899   106A      0.616107   107A      0.645843  
     108A      0.646546   109A      0.646894   110A      0.669490  
     111A      0.682662   112A      0.690912   113A      0.702983  
     114A      0.709478   115A      0.716054   116A      0.736518  
     117A      0.745284   118A      0.748295   119A      0.761774  
     120A      0.776615   121A      0.777436   122A      0.780818  
     123A      0.809114   124A      0.815321   125A      0.840346  
     126A      0.850619   127A      0.859190   128A      0.861738  
     129A      0.893808   130A      0.896319   131A      0.911729  
     132A      0.921394   133A      0.929246   134A      0.934010  
     135A      0.963857   136A      0.984270   137A      0.996810  
     138A      1.015245   139A      1.041164   140A      1.127029  
     141A      1.138275   142A      1.149531   143A      1.180004  
     144A      1.208601   145A      1.224552   146A      1.269580  
     147A      1.281675   148A      1.332609   149A      1.349601  
     150A      1.376022   151A      1.392416   152A      1.456493  
     153A      1.463954   154A      1.503677   155A      1.506137  
     156A      1.530098   157A      1.575007   158A      1.593676  
     159A      1.607789   160A      1.620784   161A      1.621247  
     162A      1.641742   163A      1.652220   164A      1.661572  
     165A      1.676443   166A      1.699173   167A      1.700947  
     168A      1.716175   169A      1.732640   170A      1.735002  
     171A      1.751949   172A      1.755947   173A      1.764169  
     174A      1.768520   175A      1.782033   176A      1.811462  
     177A      1.814856   178A      1.816123   179A      1.829850  
     180A      1.846007   181A      1.863628   182A      1.867291  
     183A      1.872458   184A      1.899386   185A      1.901156  
     186A      1.909621   187A      1.923631   188A      1.931878  
     189A      1.940048   190A      1.940903   191A      1.966768  
     192A      1.981349   193A      1.989553   194A      1.999962  
     195A      2.015817   196A      2.026657   197A      2.029527  
     198A      2.057371   199A      2.063475   200A      2.066097  
     201A      2.075770   202A      2.125520   203A      2.133277  
     204A      2.136344   205A      2.151022   206A      2.159569  
     207A      2.169544   208A      2.182776   209A      2.204384  
     210A      2.206471   211A      2.231809   212A      2.244915  
     213A      2.250877   214A      2.302126   215A      2.307627  
     216A      2.335114   217A      2.335448   218A      2.342297  
     219A      2.368958   220A      2.396228   221A      2.419590  
     222A      2.423411   223A      2.431822   224A      2.445485  
     225A      2.450476   226A      2.469167   227A      2.520550  
     228A      2.525838   229A      2.540615   230A      2.563166  
     231A      2.582287   232A      2.591456   233A      2.600597  
     234A      2.624174   235A      2.650956   236A      2.663677  
     237A      2.671136   238A      2.681485   239A      2.687794  
     240A      2.710188   241A      2.721121   242A      2.762749  
     243A      2.782623   244A      2.796425   245A      2.841601  
     246A      2.878297   247A      2.887948   248A      2.900455  
     249A      2.930181   250A      2.947122   251A      2.960031  
     252A      2.977207   253A      3.017546   254A      3.038482  
     255A      3.083549   256A      3.101256   257A      3.167587  
     258A      3.181669   259A      3.273983   260A      3.308715  
     261A      3.335276   262A      3.431345   263A      3.457743  
     264A      3.477605   265A      3.534514   266A      3.563282  
     267A      3.601999   268A      3.631567   269A      3.708142  
     270A      3.778333   271A      3.920552   272A      3.988944  
     273A      4.064452   274A      4.185971   275A      4.206578  
     276A      4.339364   277A      4.393801   278A      4.437464  
     279A      4.533024   280A      4.617965   281A      4.629270  
     282A      4.683970   283A      4.762218   284A      4.772537  
     285A      4.817191   286A      4.899655   287A      4.973339  
     288A      5.018493   289A      5.064554   290A      5.117095  
     291A      5.306776   292A      5.487230   293A      5.566767  
     294A      5.645916   295A      5.751684   296A      5.955264  
     297A      6.039673   298A      6.505145   299A      6.705619  
     300A     18.157160   301A     18.322831   302A     18.452682  
     303A     18.601493   304A     25.331467   305A     33.442729  
     306A     33.461734  

    Final Occupation by Irrep:
              A 
    DOCC [    20 ]

  @DF-RHF Final Energy:  -247.30177715198965

   => Energetics <=

    Nuclear Repulsion Energy =            185.1682408176377237
    One-Electron Energy =                -694.2308854577594275
    Two-Electron Energy =                 261.7608674881320212
    Total Energy =                       -247.3017771519896542

Computation Completed


Properties will be evaluated at   0.000000,   0.000000,   0.000000 [a0]

Properties computed using the SCF density matrix

  Nuclear Dipole Moment: [e a0]
     X:    16.6276      Y:  -429.8972      Z:  -154.1668

  Electronic Dipole Moment: [e a0]
     X:   -17.1793      Y:   418.6005      Z:   152.4825

  Dipole Moment: [e a0]
     X:    -0.5517      Y:   -11.2967      Z:    -1.6843     Total:    11.4349

  Dipole Moment: [D]
     X:    -1.4024      Y:   -28.7133      Z:    -4.2810     Total:    29.0646


*** tstop() called on aliaconda at Sun Mar 20 06:38:37 2022
Module time:
	user time   =     182.75 seconds =       3.05 minutes
	system time =      19.60 seconds =       0.33 minutes
	total time  =          9 seconds =       0.15 minutes
Total time:
	user time   =  133286.53 seconds =    2221.44 minutes
	system time =   18799.88 seconds =     313.33 minutes
	total time  =       8100 seconds =     135.00 minutes

  //>>>>>>>>>>>>>>>>>>>>>>>>>>>>>>>>>>>//
  //            Monomer B HF           //
  //<<<<<<<<<<<<<<<<<<<<<<<<<<<<<<<<<<<//


*** tstart() called on aliaconda
*** at Sun Mar 20 06:38:37 2022

   => Loading Basis Set <=

    Name: JUN-CC-PVDZ
    Role: ORBITAL
    Keyword: BASIS
    atoms 1, 14                                          entry N          line   198 file /home/alia/anaconda3/envs/mddemo/share/psi4/basis/jun-cc-pvdz.gbs 
    atoms 2-4, 6, 8-10, 13, 15-17, 19, 21, 23, 25-27, 30 entry H          line    36 file /home/alia/anaconda3/envs/mddemo/share/psi4/basis/jun-cc-pvdz.gbs 
    atoms 5, 7, 11, 18, 20, 24, 28                       entry C          line   164 file /home/alia/anaconda3/envs/mddemo/share/psi4/basis/jun-cc-pvdz.gbs 
    atoms 12, 22, 29                                     entry O          line   232 file /home/alia/anaconda3/envs/mddemo/share/psi4/basis/jun-cc-pvdz.gbs 


         ---------------------------------------------------------
                                   SCF
               by Justin Turney, Rob Parrish, Andy Simmonett
                          and Daniel G. A. Smith
                              RHF Reference
                       32 Threads,  76293 MiB Core
         ---------------------------------------------------------

  ==> Geometry <==

    Molecular point group: c1
    Full point group: C1

    Geometry (in Angstrom), charge = 1, multiplicity = 1:

       Center              X                  Y                   Z               Mass       
    ------------   -----------------  -----------------  -----------------  -----------------
      Gh(N)          -0.592537480100    -6.595241707348    -1.402328369994    14.003074004430
      Gh(H)          -1.564537602170    -6.474241655849    -0.704327938933     1.007825032230
      Gh(H)          -1.108537274106    -7.024241608165    -2.399328110594     1.007825032230
      Gh(H)          -0.053537445768    -7.390241545223    -1.008328316588     1.007825032230
      Gh(C)           0.070462626712    -5.264241617702    -1.463328240294    12.000000000000
      Gh(H)          -0.473537522062    -4.507241648220    -0.890328286070     1.007825032230
      Gh(C)           1.547462624804    -5.261241835140    -0.848327992339    12.000000000000
      Gh(H)           2.087462586657    -6.145241659664    -1.067328331847     1.007825032230
      Gh(H)           1.413462561862    -5.406241816066     0.244671942811     1.007825032230
      Gh(H)           2.115462464587    -4.336241644405    -1.035328266997     1.007825032230
      Gh(C)           0.177462500827    -4.789241713070    -2.896328089613    12.000000000000
      Gh(O)          -0.092537480100    -5.549241465114    -3.818328140158    15.994914619570
      Gh(H)           0.498438281314    -3.759126108669    -3.110422013182     1.007825032230
         N            0.824462575213     2.896758157231     0.624672057252    14.003074004430
         H            0.664462489382     2.880758363224    -0.571328041930     1.007825032230
         H            0.961462420718     1.706758576847     0.746671797853     1.007825032230
         H            1.670462531344     3.372757989384     0.759671809297     1.007825032230
         C           -0.369537430509     3.535758096196     1.153671862703    12.000000000000
         H           -1.248537617429     2.876758653141     1.128671767335     1.007825032230
         C           -0.153537350400     3.991758424259     2.583671691041    12.000000000000
         H           -1.137537556394     4.390758592106     2.899671675783     1.007825032230
         O            0.790462655322     5.046758729435     2.731671454530    15.994914619570
         H            1.742462558047     4.693758088566     2.714672209840     1.007825032230
         C            0.237462443606     2.745758134343     3.342671515565    12.000000000000
         H            1.269462508456     2.303758698918     3.130671622377     1.007825032230
         H           -0.469537335141     1.967758256413     3.091672064882     1.007825032230
         H            0.156462592379     2.901758271672     4.454671980958     1.007825032230
         C           -0.750537472471     4.691758233525     0.166671874147    12.000000000000
         O           -1.882537441953     4.791758614994    -0.282328007597    15.994914619570
         H            0.014253062503     5.425823289372    -0.127000687499     1.007825032230

  Running in c1 symmetry.

  Rotational constants: A =      0.03828  B =      0.00362  C =      0.00344 [cm^-1]
  Rotational constants: A =   1147.67245  B =    108.65681  C =    103.14987 [MHz]
  Nuclear repulsion =  330.041041326434879

  Charge       = 1
  Multiplicity = 1
  Electrons    = 56
  Nalpha       = 28
  Nbeta        = 28

  ==> Algorithm <==

  SCF Algorithm Type is DF.
  DIIS enabled.
  MOM disabled.
  Fractional occupation disabled.
  Guess Type is SAD.
  Energy threshold   = 1.00e-08
  Density threshold  = 1.00e-08
  Integral threshold = 1.00e-12

  ==> Primary Basis <==

  Basis Set: JUN-CC-PVDZ
    Blend: JUN-CC-PVDZ
    Number of shells: 150
    Number of basis functions: 306
    Number of Cartesian functions: 318
    Spherical Harmonics?: true
    Max angular momentum: 2

   => Loading Basis Set <=

    Name: (JUN-CC-PVDZ AUX)
    Role: JKFIT
    Keyword: DF_BASIS_SCF
    atoms 1, 14                                          entry N          line   202 file /home/alia/anaconda3/envs/mddemo/share/psi4/basis/jun-cc-pvdz-jkfit.gbs 
    atoms 2-4, 6, 8-10, 13, 15-17, 19, 21, 23, 25-27, 30 entry H          line    70 file /home/alia/anaconda3/envs/mddemo/share/psi4/basis/jun-cc-pvdz-jkfit.gbs 
    atoms 5, 7, 11, 18, 20, 24, 28                       entry C          line   146 file /home/alia/anaconda3/envs/mddemo/share/psi4/basis/jun-cc-pvdz-jkfit.gbs 
    atoms 12, 22, 29                                     entry O          line   258 file /home/alia/anaconda3/envs/mddemo/share/psi4/basis/jun-cc-pvdz-jkfit.gbs 

  ==> Integral Setup <==

  ==> DiskDFJK: Density-Fitted J/K Matrices <==

    J tasked:                  Yes
    K tasked:                  Yes
    wK tasked:                  No
    OpenMP threads:             32
    Integrals threads:          32
    Memory [MiB]:            57220
    Algorithm:                Core
    Integral Cache:           LOAD
    Schwarz Cutoff:          1E-12
    Fitting Condition:       1E-10

   => Auxiliary Basis Set <=

  Basis Set: (JUN-CC-PVDZ AUX)
    Blend: JUN-CC-PVDZ-JKFIT
    Number of shells: 486
    Number of basis functions: 1362
    Number of Cartesian functions: 1542
    Spherical Harmonics?: true
    Max angular momentum: 3

  Minimum eigenvalue in the overlap matrix is 6.4552640635E-05.
  Reciprocal condition number of the overlap matrix is 5.6055968160E-06.
    Using symmetric orthogonalization.

  ==> Pre-Iterations <==

  SCF Guess: Superposition of Atomic Densities via on-the-fly atomic UHF (no occupation information).

   -------------------------
    Irrep   Nso     Nmo    
   -------------------------
     A        306     306 
   -------------------------
    Total     306     306
   -------------------------

  ==> Iterations <==

                           Total Energy        Delta E     RMS |[F,P]|

   @DF-RHF iter SAD:  -360.58226354639476   -3.60582e+02   0.00000e+00 
   @DF-RHF iter   1:  -360.91186670425145   -3.29603e-01   2.18972e-03 DIIS
   @DF-RHF iter   2:  -361.10502874152024   -1.93162e-01   1.36414e-03 DIIS
   @DF-RHF iter   3:  -361.17012295314203   -6.50942e-02   2.92254e-04 DIIS
   @DF-RHF iter   4:  -361.17489455212387   -4.77160e-03   1.15257e-04 DIIS
   @DF-RHF iter   5:  -361.17561889067844   -7.24339e-04   2.65898e-05 DIIS
   @DF-RHF iter   6:  -361.17568699627014   -6.81056e-05   1.25299e-05 DIIS
   @DF-RHF iter   7:  -361.17570327041091   -1.62741e-05   5.40207e-06 DIIS
   @DF-RHF iter   8:  -361.17570696174249   -3.69133e-06   2.27256e-06 DIIS
   @DF-RHF iter   9:  -361.17570767152245   -7.09780e-07   6.97893e-07 DIIS
   @DF-RHF iter  10:  -361.17570776013338   -8.86109e-08   2.98881e-07 DIIS
   @DF-RHF iter  11:  -361.17570778165185   -2.15185e-08   1.54447e-07 DIIS
   @DF-RHF iter  12:  -361.17570778852263   -6.87078e-09   8.09648e-08 DIIS
   @DF-RHF iter  13:  -361.17570779067609   -2.15346e-09   3.31645e-08 DIIS
   @DF-RHF iter  14:  -361.17570779099060   -3.14515e-10   8.31661e-09 DIIS
  Energy and wave function converged.


  ==> Post-Iterations <==

    Orbital Energies [Eh]
    ---------------------

    Doubly Occupied:                                                      

       1A    -20.750460     2A    -20.748811     3A    -15.941610  
       4A    -11.521164     5A    -11.498349     6A    -11.480235  
       7A    -11.406761     8A     -1.569152     9A     -1.542426  
      10A     -1.509822    11A     -1.251169    12A     -1.156428  
      13A     -1.025725    14A     -1.015860    15A     -0.967440  
      16A     -0.908980    17A     -0.906028    18A     -0.838704  
      19A     -0.815617    20A     -0.808155    21A     -0.777650  
      22A     -0.759758    23A     -0.711097    24A     -0.696110  
      25A     -0.684961    26A     -0.665505    27A     -0.633001  
      28A     -0.592134  

    Virtual:                                                              

      29A     -0.132225    30A     -0.083683    31A     -0.074125  
      32A     -0.055338    33A     -0.044187    34A     -0.035097  
      35A     -0.030379    36A     -0.026546    37A     -0.024371  
      38A     -0.011680    39A     -0.007057    40A     -0.005382  
      41A      0.002117    42A      0.004527    43A      0.012633  
      44A      0.017576    45A      0.028409    46A      0.030686  
      47A      0.040380    48A      0.041958    49A      0.045117  
      50A      0.048588    51A      0.051186    52A      0.054151  
      53A      0.058131    54A      0.067905    55A      0.072562  
      56A      0.082148    57A      0.092737    58A      0.099590  
      59A      0.105608    60A      0.108112    61A      0.110284  
      62A      0.111952    63A      0.125695    64A      0.132398  
      65A      0.136405    66A      0.144260    67A      0.145400  
      68A      0.152869    69A      0.154100    70A      0.158152  
      71A      0.166124    72A      0.171600    73A      0.184806  
      74A      0.185872    75A      0.190104    76A      0.198638  
      77A      0.201116    78A      0.210061    79A      0.215285  
      80A      0.215992    81A      0.224637    82A      0.236582  
      83A      0.252162    84A      0.259771    85A      0.266980  
      86A      0.273806    87A      0.280047    88A      0.285544  
      89A      0.298942    90A      0.300340    91A      0.307014  
      92A      0.320293    93A      0.329837    94A      0.347109  
      95A      0.350269    96A      0.361545    97A      0.365708  
      98A      0.369399    99A      0.379211   100A      0.403663  
     101A      0.415286   102A      0.438813   103A      0.457901  
     104A      0.472893   105A      0.514851   106A      0.530640  
     107A      0.533973   108A      0.549581   109A      0.566167  
     110A      0.568513   111A      0.568718   112A      0.597682  
     113A      0.611631   114A      0.619086   115A      0.622667  
     116A      0.626579   117A      0.634111   118A      0.659451  
     119A      0.668757   120A      0.675598   121A      0.695230  
     122A      0.713613   123A      0.730894   124A      0.745285  
     125A      0.748735   126A      0.752273   127A      0.757427  
     128A      0.762246   129A      0.785895   130A      0.794386  
     131A      0.800934   132A      0.807229   133A      0.823281  
     134A      0.825818   135A      0.839349   136A      0.869524  
     137A      0.887169   138A      0.893186   139A      0.898912  
     140A      0.899789   141A      0.908947   142A      0.928908  
     143A      0.930289   144A      0.972776   145A      0.994460  
     146A      0.998668   147A      1.024557   148A      1.103121  
     149A      1.157452   150A      1.162396   151A      1.168058  
     152A      1.199785   153A      1.236848   154A      1.268789  
     155A      1.276167   156A      1.311629   157A      1.319558  
     158A      1.354938   159A      1.360612   160A      1.384315  
     161A      1.393302   162A      1.422904   163A      1.435575  
     164A      1.479477   165A      1.485045   166A      1.498530  
     167A      1.507690   168A      1.518656   169A      1.547479  
     170A      1.550687   171A      1.565353   172A      1.584484  
     173A      1.590947   174A      1.611015   175A      1.639523  
     176A      1.641429   177A      1.668867   178A      1.673392  
     179A      1.680504   180A      1.700058   181A      1.704815  
     182A      1.707394   183A      1.745295   184A      1.760408  
     185A      1.761665   186A      1.781417   187A      1.783820  
     188A      1.791637   189A      1.803507   190A      1.805837  
     191A      1.824208   192A      1.830181   193A      1.837676  
     194A      1.856600   195A      1.860921   196A      1.874979  
     197A      1.896368   198A      1.906243   199A      1.928257  
     200A      1.938537   201A      1.944093   202A      1.946940  
     203A      1.959146   204A      1.971203   205A      1.974462  
     206A      1.988090   207A      2.007267   208A      2.031998  
     209A      2.035728   210A      2.038304   211A      2.054061  
     212A      2.064594   213A      2.066372   214A      2.083150  
     215A      2.093328   216A      2.109136   217A      2.119357  
     218A      2.131722   219A      2.151688   220A      2.174256  
     221A      2.187187   222A      2.190609   223A      2.194251  
     224A      2.227007   225A      2.247069   226A      2.260935  
     227A      2.266980   228A      2.297406   229A      2.323662  
     230A      2.340046   231A      2.351828   232A      2.354193  
     233A      2.392772   234A      2.394695   235A      2.431975  
     236A      2.433736   237A      2.443304   238A      2.455510  
     239A      2.466715   240A      2.501312   241A      2.515159  
     242A      2.534236   243A      2.539152   244A      2.586471  
     245A      2.590215   246A      2.612007   247A      2.620190  
     248A      2.666924   249A      2.675999   250A      2.702279  
     251A      2.706756   252A      2.730714   253A      2.732131  
     254A      2.761549   255A      2.776923   256A      2.804031  
     257A      2.822883   258A      2.857767   259A      2.892613  
     260A      2.913194   261A      2.936725   262A      2.955153  
     263A      3.032573   264A      3.042286   265A      3.076354  
     266A      3.091692   267A      3.110174   268A      3.157015  
     269A      3.175892   270A      3.242753   271A      3.263824  
     272A      3.297861   273A      3.304013   274A      3.398908  
     275A      3.475112   276A      3.540277   277A      3.543314  
     278A      3.561476   279A      3.624372   280A      3.785338  
     281A      3.802645   282A      3.885277   283A      3.893531  
     284A      4.004677   285A      4.131682   286A      4.181209  
     287A      4.256539   288A      4.385662   289A      4.600037  
     290A      4.672075   291A      4.759838   292A      4.829530  
     293A      4.900019   294A      4.953820   295A      5.068376  
     296A      5.175618   297A      5.468741   298A      5.545115  
     299A      5.631128   300A      5.744087   301A      6.683361  
     302A     18.179166   303A     18.358160   304A     18.537334  
     305A     25.320486   306A     33.434687  

    Final Occupation by Irrep:
              A 
    DOCC [    28 ]

  @DF-RHF Final Energy:  -361.17570779099060

   => Energetics <=

    Nuclear Repulsion Energy =            330.0410413264348790
    One-Electron Energy =               -1136.0672634589027439
    Two-Electron Energy =                 444.8505143414772647
    Total Energy =                       -361.1757077909906002

Computation Completed


Properties will be evaluated at   0.000000,   0.000000,   0.000000 [a0]

Properties computed using the SCF density matrix

  Nuclear Dipole Moment: [e a0]
     X:   -10.5047      Y:   418.1894      Z:   161.9035

  Electronic Dipole Moment: [e a0]
     X:    12.6795      Y:  -413.4043      Z:  -159.9801

  Dipole Moment: [e a0]
     X:     2.1748      Y:     4.7851      Z:     1.9233     Total:     5.5970

  Dipole Moment: [D]
     X:     5.5279      Y:    12.1625      Z:     4.8886     Total:    14.2261


*** tstop() called on aliaconda at Sun Mar 20 06:38:48 2022
Module time:
	user time   =     217.73 seconds =       3.63 minutes
	system time =      25.35 seconds =       0.42 minutes
	total time  =         11 seconds =       0.18 minutes
Total time:
	user time   =  133504.41 seconds =    2225.07 minutes
	system time =   18825.26 seconds =     313.75 minutes
	total time  =       8111 seconds =     135.18 minutes
  Constructing Basis Sets for SAPT...

   => Loading Basis Set <=

    Name: (JUN-CC-PVDZ AUX)
    Role: RIFIT
    Keyword: DF_BASIS_SAPT
    atoms 1, 14                                          entry N          line   144 file /home/alia/anaconda3/envs/mddemo/share/psi4/basis/jun-cc-pvdz-ri.gbs 
    atoms 2-4, 6, 8-10, 13, 15-17, 19, 21, 23, 25-27, 30 entry H          line    30 file /home/alia/anaconda3/envs/mddemo/share/psi4/basis/jun-cc-pvdz-ri.gbs 
    atoms 5, 7, 11, 18, 20, 24, 28                       entry C          line   100 file /home/alia/anaconda3/envs/mddemo/share/psi4/basis/jun-cc-pvdz-ri.gbs 
    atoms 12, 22, 29                                     entry O          line   188 file /home/alia/anaconda3/envs/mddemo/share/psi4/basis/jun-cc-pvdz-ri.gbs 


  //>>>>>>>>>>>>>>>>>>>>>>>>>>>>>>>>>>>//
  //               SAPT0               //
  //<<<<<<<<<<<<<<<<<<<<<<<<<<<<<<<<<<<//


*** tstart() called on aliaconda
*** at Sun Mar 20 06:38:48 2022

        SAPT0  
    Ed Hohenstein
     6 June 2009

      Orbital Information
  --------------------------
    NSO        =       306
    NMO        =       306
    NRI        =      1032
    NOCC A     =        20
    NOCC B     =        28
    FOCC A     =         0
    FOCC B     =         0
    NVIR A     =       286
    NVIR B     =       278

    Elst10,r            =     0.060591263765 [Eh]
    Exch10              =    -0.000000008507 [Eh]
    Exch10 (S^2)        =    -0.000000008507 [Eh]

    Iter     Energy [mEh]          dE [mEh]         Residual      Time [s]
       1      -0.30036134       0.300361341       5.276478667             0
       2      -0.29291457      -0.007446773       1.707145661             1
       3      -0.31854063       0.025626067       0.605074570             1
       4      -0.32430278       0.005762149       0.180637680             2
       5      -0.32319059      -0.001112198       0.097788725             2
       6      -0.32266426      -0.000526327       0.026279420             3
       7      -0.32283358       0.000169324       0.007154314             4
       8      -0.32284732       0.000013740       0.002122816             4
       9      -0.32283778      -0.000009541       0.000967195             5
      10      -0.32283629      -0.000001494       0.000471859             5
      11      -0.32283845       0.000002165       0.000181430             6
      12      -0.32283819      -0.000000257       0.000048040             6
      13      -0.32283805      -0.000000144       0.000012960             7
      14      -0.32283805       0.000000004       0.000003589             7
      15      -0.32283807       0.000000011       0.000000826             8

    CHF Iterations converged


    Iter     Energy [mEh]          dE [mEh]         Residual      Time [s]
       1      -0.20956923       0.209569230       3.308180698             1
       2      -0.21407397       0.004504742       1.332340815             1
       3      -0.22965797       0.015583997       0.437306143             2
       4      -0.23244682       0.002788846       0.105291190             2
       5      -0.23187346      -0.000573356       0.047840802             3
       6      -0.23165559      -0.000217871       0.014983951             4
       7      -0.23170107       0.000045480       0.009646047             4
       8      -0.23173973       0.000038658       0.003128961             5
       9      -0.23173293      -0.000006797       0.001537436             5
      10      -0.23172782      -0.000005113       0.000730541             6
      11      -0.23172959       0.000001772       0.000356287             7
      12      -0.23173025       0.000000656       0.000127631             7
      13      -0.23172998      -0.000000261       0.000042614             8
      14      -0.23172989      -0.000000094       0.000010743             8
      15      -0.23172991       0.000000015       0.000003225             9
      16      -0.23172991       0.000000007       0.000000771            10

    CHF Iterations converged

    Ind20,r (A<-B)      =    -0.000322838066 [Eh]
    Ind20,r (B<-A)      =    -0.000231729913 [Eh]
    Ind20,r             =    -0.000554567979 [Eh]
    Exch-Ind20,r (A<-B) =     0.000000001720 [Eh]
    Exch-Ind20,r (B<-A) =     0.000000002510 [Eh]
    Exch-Ind20,r        =     0.000000004230 [Eh]
    Disp20              =    -0.000041548992 [Eh]
    Disp20 (SS)         =    -0.000020774496 [Eh]
    Disp20 (OS)         =    -0.000020774496 [Eh]
    Exch-Disp20         =     0.000000001280 [Eh]
    Exch-Disp20 (SS)    =     0.000000000980 [Eh]
    Exch-Disp20 (OS)    =     0.000000000300 [Eh]

    SAPT Results 
  --------------------------------------------------------------------------------------------------------
    Electrostatics                 60.59126377 [mEh]      38.02159204 [kcal/mol]     159.08234110 [kJ/mol]
      Elst10,r                     60.59126377 [mEh]      38.02159204 [kcal/mol]     159.08234110 [kJ/mol]

    Exchange                       -0.00000851 [mEh]      -0.00000534 [kcal/mol]      -0.00002234 [kJ/mol]
      Exch10                       -0.00000851 [mEh]      -0.00000534 [kcal/mol]      -0.00002234 [kJ/mol]
      Exch10(S^2)                  -0.00000851 [mEh]      -0.00000534 [kcal/mol]      -0.00002234 [kJ/mol]

    Induction                      -0.54758726 [mEh]      -0.34361619 [kcal/mol]      -1.43769014 [kJ/mol]
      Ind20,r                      -0.55456798 [mEh]      -0.34799666 [kcal/mol]      -1.45601803 [kJ/mol]
      Exch-Ind20,r                  0.00000423 [mEh]       0.00000265 [kcal/mol]       0.00001111 [kJ/mol]
      delta HF,r (2)                0.00697649 [mEh]       0.00437781 [kcal/mol]       0.01831678 [kJ/mol]

    Dispersion                     -0.04154771 [mEh]      -0.02607158 [kcal/mol]      -0.10908350 [kJ/mol]
      Disp20                       -0.04154899 [mEh]      -0.02607239 [kcal/mol]      -0.10908686 [kJ/mol]
      Exch-Disp20                   0.00000128 [mEh]       0.00000080 [kcal/mol]       0.00000336 [kJ/mol]
      Disp20 (SS)                  -0.02077450 [mEh]      -0.01303619 [kcal/mol]      -0.05454343 [kJ/mol]
      Disp20 (OS)                  -0.02077450 [mEh]      -0.01303619 [kcal/mol]      -0.05454343 [kJ/mol]
      Exch-Disp20 (SS)              0.00000098 [mEh]       0.00000061 [kcal/mol]       0.00000257 [kJ/mol]
      Exch-Disp20 (OS)              0.00000030 [mEh]       0.00000019 [kcal/mol]       0.00000079 [kJ/mol]

  Total HF                         60.04366800 [mEh]      37.67797051 [kcal/mol]     157.64462862 [kJ/mol]
  Total SAPT0                      60.00212029 [mEh]      37.65189893 [kcal/mol]     157.53554511 [kJ/mol]

  Special recipe for scaled SAPT0 (see Manual):
    Electrostatics sSAPT0          60.59126377 [mEh]      38.02159204 [kcal/mol]     159.08234110 [kJ/mol]
    Exchange sSAPT0                -0.00000851 [mEh]      -0.00000534 [kcal/mol]      -0.00002234 [kJ/mol]
    Induction sSAPT0               -0.54758726 [mEh]      -0.34361619 [kcal/mol]      -1.43769014 [kJ/mol]
    Dispersion sSAPT0              -0.04154771 [mEh]      -0.02607158 [kcal/mol]      -0.10908350 [kJ/mol]
  Total sSAPT0                     60.00212029 [mEh]      37.65189893 [kcal/mol]     157.53554511 [kJ/mol]
  --------------------------------------------------------------------------------------------------------

*** tstop() called on aliaconda at Sun Mar 20 06:39:36 2022
Module time:
	user time   =     679.01 seconds =      11.32 minutes
	system time =     118.65 seconds =       1.98 minutes
	total time  =         48 seconds =       0.80 minutes
Total time:
	user time   =  134185.97 seconds =    2236.43 minutes
	system time =   18944.41 seconds =     315.74 minutes
	total time  =       8159 seconds =     135.98 minutes


Warning! sapt0 does not have an associated derived wavefunction.The returned wavefunction is the dimer SCF wavefunction.


  Memory set to  74.506 GiB by Python driver.
  Threads set to 32 by Python driver.
