
Scratch directory: /tmp/

Scratch directory: /tmp/

  //>>>>>>>>>>>>>>>>>>>>>>>>>>>>>>>>>>>//
  //              Dimer HF             //
  //<<<<<<<<<<<<<<<<<<<<<<<<<<<<<<<<<<<//


*** tstart() called on aliaconda
*** at Sun Mar 20 06:18:33 2022

   => Loading Basis Set <=

    Name: JUN-CC-PVDZ
    Role: ORBITAL
    Keyword: BASIS
    atoms 1, 14                                          entry N          line   198 file /home/alia/anaconda3/envs/mddemo/share/psi4/basis/jun-cc-pvdz.gbs 
    atoms 2-4, 6, 8-10, 13, 15-17, 19, 21, 23, 25-27, 30 entry H          line    36 file /home/alia/anaconda3/envs/mddemo/share/psi4/basis/jun-cc-pvdz.gbs 
    atoms 5, 7, 11, 18, 20, 24, 28                       entry C          line   164 file /home/alia/anaconda3/envs/mddemo/share/psi4/basis/jun-cc-pvdz.gbs 
    atoms 12, 22, 29                                     entry O          line   232 file /home/alia/anaconda3/envs/mddemo/share/psi4/basis/jun-cc-pvdz.gbs 


         ---------------------------------------------------------
                                   SCF
               by Justin Turney, Rob Parrish, Andy Simmonett
                          and Daniel G. A. Smith
                              RHF Reference
                       32 Threads,  76293 MiB Core
         ---------------------------------------------------------

  ==> Geometry <==

    Molecular point group: c1
    Full point group: C1

    Geometry (in Angstrom), charge = 2, multiplicity = 1:

       Center              X                  Y                   Z               Mass       
    ------------   -----------------  -----------------  -----------------  -----------------
         N            0.009037054643    -5.972803272236    -0.923749548524    14.003074004430
         H           -0.556962930098    -6.116803325642     0.127250569732     1.007825032230
         H           -0.930963002578    -6.018803276051    -1.671749455064     1.007825032230
         H            0.586036957368    -6.842803634632    -1.092749220460     1.007825032230
         C            0.762037075624    -4.767803348530    -1.062749487489    12.000000000000
         H            0.262036837205    -4.063803352345    -0.472749334901     1.007825032230
         C            2.165036953553    -4.981803573597    -0.434749228089    12.000000000000
         H            2.874036944970    -5.558803237904    -1.090749365418     1.007825032230
         H            2.035037077531    -5.511803306568     0.536250489623     1.007825032230
         H            2.625036991700    -3.989803470600    -0.182749373048     1.007825032230
         C            0.918036974534    -4.209803260792    -2.476749521821    12.000000000000
         O            0.096036947831    -4.367803253163    -3.407749396890    15.994914619570
         H            1.823198593721    -3.623555339802    -2.693535429566     1.007825032230
         N            0.446036852464     2.401196323406     0.180250543029    14.003074004430
         H            0.747036970719     1.266197048198     0.437250512511     1.007825032230
         H            0.155036963090     2.227196537029    -0.975749594300     1.007825032230
         H            1.275036848649     2.991196475994     0.164250749023     1.007825032230
         C           -0.719963036910     3.042197071087     0.790250676543    12.000000000000
         H           -1.558963261977     2.290196262371     0.778250592620     1.007825032230
         C           -0.589962922469     3.486196361553     2.256250756652    12.000000000000
         H           -1.609962903396     3.759196125042     2.629250424773     1.007825032230
         O            0.286037005052     4.628196559917     2.444250481994    15.994914619570
         H            1.266037024125     4.439196430218     2.345250504882     1.007825032230
         C           -0.033963166610     2.294196926128     3.060250657470    12.000000000000
         H            1.030036963090     2.175196491253     2.885250466735     1.007825032230
         H           -0.584962808028     1.393196903240     2.850250619323     1.007825032230
         H           -0.109962903396     2.565196834575     4.141250985534     1.007825032230
         C           -1.148962937728     4.229196392071    -0.161749464600    12.000000000000
         O           -2.357963048354     4.413196407329    -0.373749357789    15.994914619570
         H           -0.392068349257     4.878224216472    -0.626372915833     1.007825032230

  Running in c1 symmetry.

  Rotational constants: A =      0.03656  B =      0.00459  C =      0.00428 [cm^-1]
  Rotational constants: A =   1096.00164  B =    137.58226  C =    128.41668 [MHz]
  Nuclear repulsion =  647.133296660653969

  Charge       = 2
  Multiplicity = 1
  Electrons    = 96
  Nalpha       = 48
  Nbeta        = 48

  ==> Algorithm <==

  SCF Algorithm Type is DF.
  DIIS enabled.
  MOM disabled.
  Fractional occupation disabled.
  Guess Type is SAD.
  Energy threshold   = 1.00e-08
  Density threshold  = 1.00e-08
  Integral threshold = 1.00e-12

  ==> Primary Basis <==

  Basis Set: JUN-CC-PVDZ
    Blend: JUN-CC-PVDZ
    Number of shells: 150
    Number of basis functions: 306
    Number of Cartesian functions: 318
    Spherical Harmonics?: true
    Max angular momentum: 2

   => Loading Basis Set <=

    Name: (JUN-CC-PVDZ AUX)
    Role: JKFIT
    Keyword: DF_BASIS_SCF
    atoms 1, 14                                          entry N          line   202 file /home/alia/anaconda3/envs/mddemo/share/psi4/basis/jun-cc-pvdz-jkfit.gbs 
    atoms 2-4, 6, 8-10, 13, 15-17, 19, 21, 23, 25-27, 30 entry H          line    70 file /home/alia/anaconda3/envs/mddemo/share/psi4/basis/jun-cc-pvdz-jkfit.gbs 
    atoms 5, 7, 11, 18, 20, 24, 28                       entry C          line   146 file /home/alia/anaconda3/envs/mddemo/share/psi4/basis/jun-cc-pvdz-jkfit.gbs 
    atoms 12, 22, 29                                     entry O          line   258 file /home/alia/anaconda3/envs/mddemo/share/psi4/basis/jun-cc-pvdz-jkfit.gbs 

  ==> Integral Setup <==

  ==> DiskDFJK: Density-Fitted J/K Matrices <==

    J tasked:                  Yes
    K tasked:                  Yes
    wK tasked:                  No
    OpenMP threads:             32
    Integrals threads:          32
    Memory [MiB]:            57220
    Algorithm:                Core
    Integral Cache:           SAVE
    Schwarz Cutoff:          1E-12
    Fitting Condition:       1E-10

   => Auxiliary Basis Set <=

  Basis Set: (JUN-CC-PVDZ AUX)
    Blend: JUN-CC-PVDZ-JKFIT
    Number of shells: 486
    Number of basis functions: 1362
    Number of Cartesian functions: 1542
    Spherical Harmonics?: true
    Max angular momentum: 3

  Minimum eigenvalue in the overlap matrix is 6.8246614131E-05.
  Reciprocal condition number of the overlap matrix is 6.0367384286E-06.
    Using symmetric orthogonalization.

  ==> Pre-Iterations <==

  SCF Guess: Superposition of Atomic Densities via on-the-fly atomic UHF (no occupation information).

   -------------------------
    Irrep   Nso     Nmo    
   -------------------------
     A        306     306 
   -------------------------
    Total     306     306
   -------------------------

  ==> Iterations <==

                           Total Energy        Delta E     RMS |[F,P]|

   @DF-RHF iter SAD:  -606.99006395964091   -6.06990e+02   0.00000e+00 
   @DF-RHF iter   1:  -607.95831908223852   -9.68255e-01   2.83421e-03 DIIS
   @DF-RHF iter   2:  -608.27273368424278   -3.14415e-01   1.86472e-03 DIIS
   @DF-RHF iter   3:  -608.39409637610015   -1.21363e-01   4.03086e-04 DIIS
   @DF-RHF iter   4:  -608.40329501429630   -9.19864e-03   1.50677e-04 DIIS
   @DF-RHF iter   5:  -608.40463319163837   -1.33818e-03   3.61507e-05 DIIS
   @DF-RHF iter   6:  -608.40476884707061   -1.35655e-04   1.80702e-05 DIIS
   @DF-RHF iter   7:  -608.40480276591290   -3.39188e-05   8.16818e-06 DIIS
   @DF-RHF iter   8:  -608.40481133203912   -8.56613e-06   3.21006e-06 DIIS
   @DF-RHF iter   9:  -608.40481268951351   -1.35747e-06   1.06745e-06 DIIS
   @DF-RHF iter  10:  -608.40481282134851   -1.31835e-07   4.29620e-07 DIIS
   @DF-RHF iter  11:  -608.40481284376506   -2.24165e-08   2.05682e-07 DIIS
   @DF-RHF iter  12:  -608.40481285151213   -7.74708e-09   1.05193e-07 DIIS
   @DF-RHF iter  13:  -608.40481285454939   -3.03726e-09   5.73890e-08 DIIS
   @DF-RHF iter  14:  -608.40481285577994   -1.23055e-09   2.21599e-08 DIIS
   @DF-RHF iter  15:  -608.40481285591989   -1.39948e-10   6.24757e-09 DIIS
  Energy and wave function converged.


  ==> Post-Iterations <==

    Orbital Energies [Eh]
    ---------------------

    Doubly Occupied:                                                      

       1A    -20.827073     2A    -20.802613     3A    -20.791211  
       4A    -16.008879     5A    -16.000853     6A    -11.603262  
       7A    -11.581207     8A    -11.574650     9A    -11.563863  
      10A    -11.539970    11A    -11.506098    12A    -11.455637  
      13A     -1.628750    14A     -1.608816    15A     -1.580323  
      16A     -1.569666    17A     -1.559733    18A     -1.313076  
      19A     -1.295140    20A     -1.208390    21A     -1.166543  
      22A     -1.089520    23A     -1.080545    24A     -1.070039  
      25A     -1.019404    26A     -1.019284    27A     -0.983326  
      28A     -0.968853    29A     -0.949123    30A     -0.944910  
      31A     -0.891077    32A     -0.888863    33A     -0.877889  
      34A     -0.865251    35A     -0.854995    36A     -0.826953  
      37A     -0.814683    38A     -0.800102    39A     -0.798127  
      40A     -0.790807    41A     -0.771488    42A     -0.746839  
      43A     -0.742329    44A     -0.727139    45A     -0.708062  
      46A     -0.684729    47A     -0.682773    48A     -0.645965  

    Virtual:                                                              

      49A     -0.209392    50A     -0.189978    51A     -0.160916  
      52A     -0.147615    53A     -0.139981    54A     -0.132116  
      55A     -0.126829    56A     -0.120984    57A     -0.116205  
      58A     -0.106252    59A     -0.098542    60A     -0.094167  
      61A     -0.090504    62A     -0.084875    63A     -0.080631  
      64A     -0.073656    65A     -0.071449    66A     -0.068309  
      67A     -0.065396    68A     -0.061636    69A     -0.052258  
      70A     -0.045836    71A     -0.041439    72A     -0.037117  
      73A     -0.036521    74A     -0.031599    75A     -0.026053  
      76A     -0.025341    77A     -0.020908    78A     -0.013257  
      79A     -0.011532    80A     -0.003407    81A     -0.000791  
      82A      0.007273    83A      0.020539    84A      0.031428  
      85A      0.036499    86A      0.037288    87A      0.042963  
      88A      0.051492    89A      0.056428    90A      0.059417  
      91A      0.073099    92A      0.077896    93A      0.086361  
      94A      0.087709    95A      0.094947    96A      0.095821  
      97A      0.100328    98A      0.104941    99A      0.117513  
     100A      0.119958   101A      0.126366   102A      0.129347  
     103A      0.136422   104A      0.143782   105A      0.148861  
     106A      0.153133   107A      0.162688   108A      0.166415  
     109A      0.174679   110A      0.185996   111A      0.196320  
     112A      0.204449   113A      0.212241   114A      0.213763  
     115A      0.217971   116A      0.220438   117A      0.236307  
     118A      0.248502   119A      0.249904   120A      0.257570  
     121A      0.266931   122A      0.286389   123A      0.308119  
     124A      0.332285   125A      0.341045   126A      0.364601  
     127A      0.447779   128A      0.475251   129A      0.487107  
     130A      0.505812   131A      0.509633   132A      0.513220  
     133A      0.537240   134A      0.545759   135A      0.552090  
     136A      0.564790   137A      0.570419   138A      0.571134  
     139A      0.575351   140A      0.594822   141A      0.599271  
     142A      0.613585   143A      0.630492   144A      0.640965  
     145A      0.643363   146A      0.647623   147A      0.654237  
     148A      0.669598   149A      0.672419   150A      0.684440  
     151A      0.692514   152A      0.694421   153A      0.703597  
     154A      0.713144   155A      0.727458   156A      0.732569  
     157A      0.742856   158A      0.746239   159A      0.757373  
     160A      0.763839   161A      0.770706   162A      0.783343  
     163A      0.804353   164A      0.820693   165A      0.830253  
     166A      0.831545   167A      0.845968   168A      0.859453  
     169A      0.870079   170A      0.872238   171A      0.875029  
     172A      0.916729   173A      0.924106   174A      0.944926  
     175A      0.982626   176A      1.014884   177A      1.030082  
     178A      1.042812   179A      1.088782   180A      1.128935  
     181A      1.136862   182A      1.146666   183A      1.153999  
     184A      1.183568   185A      1.214269   186A      1.219242  
     187A      1.234378   188A      1.253044   189A      1.259158  
     190A      1.271350   191A      1.275748   192A      1.279994  
     193A      1.297531   194A      1.299344   195A      1.313562  
     196A      1.328161   197A      1.328623   198A      1.341345  
     199A      1.363805   200A      1.365118   201A      1.397554  
     202A      1.404059   203A      1.415381   204A      1.432123  
     205A      1.436190   206A      1.461992   207A      1.496784  
     208A      1.503010   209A      1.512769   210A      1.528821  
     211A      1.562940   212A      1.568608   213A      1.576137  
     214A      1.608367   215A      1.624065   216A      1.624392  
     217A      1.636581   218A      1.637485   219A      1.647645  
     220A      1.673337   221A      1.679010   222A      1.682450  
     223A      1.694460   224A      1.698212   225A      1.714729  
     226A      1.725078   227A      1.726638   228A      1.732498  
     229A      1.742706   230A      1.755848   231A      1.765496  
     232A      1.771304   233A      1.785665   234A      1.791336  
     235A      1.797845   236A      1.823739   237A      1.825481  
     238A      1.838465   239A      1.845207   240A      1.870439  
     241A      1.873918   242A      1.885824   243A      1.901662  
     244A      1.905614   245A      1.953966   246A      1.959682  
     247A      1.968331   248A      2.007638   249A      2.018228  
     250A      2.022766   251A      2.029521   252A      2.058630  
     253A      2.075932   254A      2.077793   255A      2.095539  
     256A      2.124030   257A      2.131067   258A      2.167350  
     259A      2.179802   260A      2.200841   261A      2.204107  
     262A      2.233975   263A      2.295908   264A      2.311848  
     265A      2.316187   266A      2.333018   267A      2.351672  
     268A      2.363937   269A      2.398211   270A      2.408696  
     271A      2.425021   272A      2.448240   273A      2.460852  
     274A      2.489661   275A      2.508605   276A      2.524100  
     277A      2.553764   278A      2.574560   279A      2.598886  
     280A      2.600507   281A      2.606347   282A      2.631215  
     283A      2.668374   284A      2.684659   285A      2.704163  
     286A      2.723218   287A      2.773740   288A      2.788338  
     289A      2.833010   290A      2.866407   291A      2.893015  
     292A      2.948014   293A      2.952587   294A      3.017270  
     295A      3.034641   296A      3.061241   297A      3.163106  
     298A      3.169944   299A      3.183051   300A      3.224681  
     301A      3.439368   302A      3.460540   303A      3.506188  
     304A      3.679633   305A      3.718875   306A      3.862585  

    Final Occupation by Irrep:
              A 
    DOCC [    48 ]

  @DF-RHF Final Energy:  -608.40481285591989

   => Energetics <=

    Nuclear Repulsion Energy =            647.1332966606539685
    One-Electron Energy =               -2088.2185522992122060
    Two-Electron Energy =                 832.6804427826383517
    Total Energy =                       -608.4048128559198858

Computation Completed


Properties will be evaluated at   0.000000,   0.000000,   0.000000 [a0]

Properties computed using the SCF density matrix

  Nuclear Dipole Moment: [e a0]
     X:     8.3652      Y:   -12.8491      Z:     7.5781

  Electronic Dipole Moment: [e a0]
     X:    -5.7091      Y:     5.9237      Z:    -7.4634

  Dipole Moment: [e a0]
     X:     2.6561      Y:    -6.9255      Z:     0.1147     Total:     7.4182

  Dipole Moment: [D]
     X:     6.7511      Y:   -17.6028      Z:     0.2915     Total:    18.8552


*** tstop() called on aliaconda at Sun Mar 20 06:18:47 2022
Module time:
	user time   =     325.77 seconds =       5.43 minutes
	system time =      39.10 seconds =       0.65 minutes
	total time  =         14 seconds =       0.23 minutes
Total time:
	user time   =  113039.70 seconds =    1884.00 minutes
	system time =   15836.76 seconds =     263.95 minutes
	total time  =       6910 seconds =     115.17 minutes

  //>>>>>>>>>>>>>>>>>>>>>>>>>>>>>>>>>>>//
  //            Monomer A HF           //
  //<<<<<<<<<<<<<<<<<<<<<<<<<<<<<<<<<<<//


*** tstart() called on aliaconda
*** at Sun Mar 20 06:18:48 2022

   => Loading Basis Set <=

    Name: JUN-CC-PVDZ
    Role: ORBITAL
    Keyword: BASIS
    atoms 1, 14                                          entry N          line   198 file /home/alia/anaconda3/envs/mddemo/share/psi4/basis/jun-cc-pvdz.gbs 
    atoms 2-4, 6, 8-10, 13, 15-17, 19, 21, 23, 25-27, 30 entry H          line    36 file /home/alia/anaconda3/envs/mddemo/share/psi4/basis/jun-cc-pvdz.gbs 
    atoms 5, 7, 11, 18, 20, 24, 28                       entry C          line   164 file /home/alia/anaconda3/envs/mddemo/share/psi4/basis/jun-cc-pvdz.gbs 
    atoms 12, 22, 29                                     entry O          line   232 file /home/alia/anaconda3/envs/mddemo/share/psi4/basis/jun-cc-pvdz.gbs 


         ---------------------------------------------------------
                                   SCF
               by Justin Turney, Rob Parrish, Andy Simmonett
                          and Daniel G. A. Smith
                              RHF Reference
                       32 Threads,  76293 MiB Core
         ---------------------------------------------------------

  ==> Geometry <==

    Molecular point group: c1
    Full point group: C1

    Geometry (in Angstrom), charge = 1, multiplicity = 1:

       Center              X                  Y                   Z               Mass       
    ------------   -----------------  -----------------  -----------------  -----------------
         N            0.009037054643    -5.972803272236    -0.923749548524    14.003074004430
         H           -0.556962930098    -6.116803325642     0.127250569732     1.007825032230
         H           -0.930963002578    -6.018803276051    -1.671749455064     1.007825032230
         H            0.586036957368    -6.842803634632    -1.092749220460     1.007825032230
         C            0.762037075624    -4.767803348530    -1.062749487489    12.000000000000
         H            0.262036837205    -4.063803352345    -0.472749334901     1.007825032230
         C            2.165036953553    -4.981803573597    -0.434749228089    12.000000000000
         H            2.874036944970    -5.558803237904    -1.090749365418     1.007825032230
         H            2.035037077531    -5.511803306568     0.536250489623     1.007825032230
         H            2.625036991700    -3.989803470600    -0.182749373048     1.007825032230
         C            0.918036974534    -4.209803260792    -2.476749521821    12.000000000000
         O            0.096036947831    -4.367803253163    -3.407749396890    15.994914619570
         H            1.823198593721    -3.623555339802    -2.693535429566     1.007825032230
      Gh(N)           0.446036852464     2.401196323406     0.180250543029    14.003074004430
      Gh(H)           0.747036970719     1.266197048198     0.437250512511     1.007825032230
      Gh(H)           0.155036963090     2.227196537029    -0.975749594300     1.007825032230
      Gh(H)           1.275036848649     2.991196475994     0.164250749023     1.007825032230
      Gh(C)          -0.719963036910     3.042197071087     0.790250676543    12.000000000000
      Gh(H)          -1.558963261977     2.290196262371     0.778250592620     1.007825032230
      Gh(C)          -0.589962922469     3.486196361553     2.256250756652    12.000000000000
      Gh(H)          -1.609962903396     3.759196125042     2.629250424773     1.007825032230
      Gh(O)           0.286037005052     4.628196559917     2.444250481994    15.994914619570
      Gh(H)           1.266037024125     4.439196430218     2.345250504882     1.007825032230
      Gh(C)          -0.033963166610     2.294196926128     3.060250657470    12.000000000000
      Gh(H)           1.030036963090     2.175196491253     2.885250466735     1.007825032230
      Gh(H)          -0.584962808028     1.393196903240     2.850250619323     1.007825032230
      Gh(H)          -0.109962903396     2.565196834575     4.141250985534     1.007825032230
      Gh(C)          -1.148962937728     4.229196392071    -0.161749464600    12.000000000000
      Gh(O)          -2.357963048354     4.413196407329    -0.373749357789    15.994914619570
      Gh(H)          -0.392068349257     4.878224216472    -0.626372915833     1.007825032230

  Running in c1 symmetry.

  Rotational constants: A =      0.03656  B =      0.00459  C =      0.00428 [cm^-1]
  Rotational constants: A =   1096.00164  B =    137.58226  C =    128.41668 [MHz]
  Nuclear repulsion =  184.149113846258672

  Charge       = 1
  Multiplicity = 1
  Electrons    = 40
  Nalpha       = 20
  Nbeta        = 20

  ==> Algorithm <==

  SCF Algorithm Type is DF.
  DIIS enabled.
  MOM disabled.
  Fractional occupation disabled.
  Guess Type is SAD.
  Energy threshold   = 1.00e-08
  Density threshold  = 1.00e-08
  Integral threshold = 1.00e-12

  ==> Primary Basis <==

  Basis Set: JUN-CC-PVDZ
    Blend: JUN-CC-PVDZ
    Number of shells: 150
    Number of basis functions: 306
    Number of Cartesian functions: 318
    Spherical Harmonics?: true
    Max angular momentum: 2

   => Loading Basis Set <=

    Name: (JUN-CC-PVDZ AUX)
    Role: JKFIT
    Keyword: DF_BASIS_SCF
    atoms 1, 14                                          entry N          line   202 file /home/alia/anaconda3/envs/mddemo/share/psi4/basis/jun-cc-pvdz-jkfit.gbs 
    atoms 2-4, 6, 8-10, 13, 15-17, 19, 21, 23, 25-27, 30 entry H          line    70 file /home/alia/anaconda3/envs/mddemo/share/psi4/basis/jun-cc-pvdz-jkfit.gbs 
    atoms 5, 7, 11, 18, 20, 24, 28                       entry C          line   146 file /home/alia/anaconda3/envs/mddemo/share/psi4/basis/jun-cc-pvdz-jkfit.gbs 
    atoms 12, 22, 29                                     entry O          line   258 file /home/alia/anaconda3/envs/mddemo/share/psi4/basis/jun-cc-pvdz-jkfit.gbs 

  ==> Integral Setup <==

  ==> DiskDFJK: Density-Fitted J/K Matrices <==

    J tasked:                  Yes
    K tasked:                  Yes
    wK tasked:                  No
    OpenMP threads:             32
    Integrals threads:          32
    Memory [MiB]:            57220
    Algorithm:                Core
    Integral Cache:           LOAD
    Schwarz Cutoff:          1E-12
    Fitting Condition:       1E-10

   => Auxiliary Basis Set <=

  Basis Set: (JUN-CC-PVDZ AUX)
    Blend: JUN-CC-PVDZ-JKFIT
    Number of shells: 486
    Number of basis functions: 1362
    Number of Cartesian functions: 1542
    Spherical Harmonics?: true
    Max angular momentum: 3

  Minimum eigenvalue in the overlap matrix is 6.8246614131E-05.
  Reciprocal condition number of the overlap matrix is 6.0367384286E-06.
    Using symmetric orthogonalization.

  ==> Pre-Iterations <==

  SCF Guess: Superposition of Atomic Densities via on-the-fly atomic UHF (no occupation information).

   -------------------------
    Irrep   Nso     Nmo    
   -------------------------
     A        306     306 
   -------------------------
    Total     306     306
   -------------------------

  ==> Iterations <==

                           Total Energy        Delta E     RMS |[F,P]|

   @DF-RHF iter SAD:  -246.67583319291995   -2.46676e+02   0.00000e+00 
   @DF-RHF iter   1:  -247.11991217928841   -4.44079e-01   1.75587e-03 DIIS
   @DF-RHF iter   2:  -247.24576791615328   -1.25856e-01   1.13506e-03 DIIS
   @DF-RHF iter   3:  -247.29080891530535   -4.50410e-02   2.59066e-04 DIIS
   @DF-RHF iter   4:  -247.29470687640520   -3.89796e-03   9.04548e-05 DIIS
   @DF-RHF iter   5:  -247.29523227428103   -5.25398e-04   2.10167e-05 DIIS
   @DF-RHF iter   6:  -247.29529070161271   -5.84273e-05   9.58319e-06 DIIS
   @DF-RHF iter   7:  -247.29530159106628   -1.08895e-05   4.82367e-06 DIIS
   @DF-RHF iter   8:  -247.29530455888238   -2.96782e-06   1.64377e-06 DIIS
   @DF-RHF iter   9:  -247.29530490195918   -3.43077e-07   3.62719e-07 DIIS
   @DF-RHF iter  10:  -247.29530491596472   -1.40055e-08   1.07758e-07 DIIS
   @DF-RHF iter  11:  -247.29530491722804   -1.26332e-09   2.34925e-08 DIIS
   @DF-RHF iter  12:  -247.29530491728619   -5.81508e-11   6.78927e-09 DIIS
  Energy and wave function converged.


  ==> Post-Iterations <==

    Orbital Energies [Eh]
    ---------------------

    Doubly Occupied:                                                      

       1A    -20.754918     2A    -15.936001     3A    -11.531750  
       4A    -11.502796     5A    -11.435873     6A     -1.557434  
       7A     -1.502877     8A     -1.242775     9A     -1.096207  
      10A     -1.019143    11A     -0.952415    12A     -0.915851  
      13A     -0.874884    14A     -0.820347    15A     -0.807952  
      16A     -0.729838    17A     -0.727625    18A     -0.720085  
      19A     -0.671287    20A     -0.613024  

    Virtual:                                                              

      21A     -0.125536    22A     -0.074010    23A     -0.070268  
      24A     -0.058138    25A     -0.050360    26A     -0.030787  
      27A     -0.029306    28A     -0.025422    29A     -0.013815  
      30A     -0.007888    31A     -0.003013    32A      0.003451  
      33A      0.009069    34A      0.011476    35A      0.018749  
      36A      0.024965    37A      0.028311    38A      0.032726  
      39A      0.040844    40A      0.042469    41A      0.047732  
      42A      0.050863    43A      0.055956    44A      0.066588  
      45A      0.069990    46A      0.079345    47A      0.084145  
      48A      0.088936    49A      0.092579    50A      0.096220  
      51A      0.107628    52A      0.109001    53A      0.121689  
      54A      0.126557    55A      0.135045    56A      0.141501  
      57A      0.147151    58A      0.149651    59A      0.156140  
      60A      0.158171    61A      0.163254    62A      0.164486  
      63A      0.174812    64A      0.178769    65A      0.187963  
      66A      0.188195    67A      0.206853    68A      0.209568  
      69A      0.218125    70A      0.221235    71A      0.232479  
      72A      0.241404    73A      0.246890    74A      0.252694  
      75A      0.267372    76A      0.268447    77A      0.279149  
      78A      0.284309    79A      0.298714    80A      0.304892  
      81A      0.310960    82A      0.326886    83A      0.329319  
      84A      0.339157    85A      0.356818    86A      0.365359  
      87A      0.379744    88A      0.387821    89A      0.393998  
      90A      0.411367    91A      0.452588    92A      0.457538  
      93A      0.481425    94A      0.487598    95A      0.506722  
      96A      0.518227    97A      0.530559    98A      0.551143  
      99A      0.557421   100A      0.559852   101A      0.574117  
     102A      0.574880   103A      0.583055   104A      0.587822  
     105A      0.611539   106A      0.620292   107A      0.626765  
     108A      0.639851   109A      0.645581   110A      0.660702  
     111A      0.668569   112A      0.673301   113A      0.688821  
     114A      0.699290   115A      0.713426   116A      0.721352  
     117A      0.737239   118A      0.740994   119A      0.761641  
     120A      0.764235   121A      0.767701   122A      0.783372  
     123A      0.798377   124A      0.806566   125A      0.827896  
     126A      0.832026   127A      0.852051   128A      0.888470  
     129A      0.895768   130A      0.899061   131A      0.913092  
     132A      0.932822   133A      0.938200   134A      0.941201  
     135A      0.955336   136A      0.970485   137A      0.976443  
     138A      1.015896   139A      1.036905   140A      1.084251  
     141A      1.114669   142A      1.133307   143A      1.198333  
     144A      1.216398   145A      1.224742   146A      1.304681  
     147A      1.326629   148A      1.341624   149A      1.350277  
     150A      1.368348   151A      1.396718   152A      1.432855  
     153A      1.473728   154A      1.499360   155A      1.501212  
     156A      1.539077   157A      1.570700   158A      1.575782  
     159A      1.583021   160A      1.602947   161A      1.616314  
     162A      1.633766   163A      1.646692   164A      1.659043  
     165A      1.693514   166A      1.694756   167A      1.707599  
     168A      1.710027   169A      1.717327   170A      1.730031  
     171A      1.741937   172A      1.744324   173A      1.747929  
     174A      1.750950   175A      1.785458   176A      1.797750  
     177A      1.800223   178A      1.811838   179A      1.836471  
     180A      1.841934   181A      1.857250   182A      1.860939  
     183A      1.872269   184A      1.894170   185A      1.895517  
     186A      1.900258   187A      1.915190   188A      1.920580  
     189A      1.935224   190A      1.941475   191A      1.963551  
     192A      1.971437   193A      1.989871   194A      1.995237  
     195A      2.002444   196A      2.011492   197A      2.030747  
     198A      2.050198   199A      2.069291   200A      2.076359  
     201A      2.088766   202A      2.099723   203A      2.116695  
     204A      2.141313   205A      2.144118   206A      2.146470  
     207A      2.165017   208A      2.172833   209A      2.181871  
     210A      2.198748   211A      2.226903   212A      2.237747  
     213A      2.267777   214A      2.272146   215A      2.273558  
     216A      2.307111   217A      2.343911   218A      2.353491  
     219A      2.366727   220A      2.379806   221A      2.381530  
     222A      2.402793   223A      2.411706   224A      2.446783  
     225A      2.478268   226A      2.479526   227A      2.493499  
     228A      2.503154   229A      2.519071   230A      2.530067  
     231A      2.566217   232A      2.577904   233A      2.591861  
     234A      2.594341   235A      2.605906   236A      2.630334  
     237A      2.646100   238A      2.666763   239A      2.669632  
     240A      2.683743   241A      2.737696   242A      2.744756  
     243A      2.772797   244A      2.801516   245A      2.844263  
     246A      2.855253   247A      2.858646   248A      2.874092  
     249A      2.912998   250A      2.926437   251A      2.962121  
     252A      2.963920   253A      3.016630   254A      3.039425  
     255A      3.075498   256A      3.083703   257A      3.115165  
     258A      3.178329   259A      3.254270   260A      3.256297  
     261A      3.307317   262A      3.372828   263A      3.396393  
     264A      3.453768   265A      3.510682   266A      3.517616  
     267A      3.557126   268A      3.616441   269A      3.707322  
     270A      3.750851   271A      3.887419   272A      3.960831  
     273A      4.030649   274A      4.171919   275A      4.183811  
     276A      4.294794   277A      4.376686   278A      4.417994  
     279A      4.498863   280A      4.540026   281A      4.601643  
     282A      4.649326   283A      4.664175   284A      4.733752  
     285A      4.831398   286A      4.921723   287A      4.943640  
     288A      5.044704   289A      5.093658   290A      5.097125  
     291A      5.260302   292A      5.467993   293A      5.547414  
     294A      5.636831   295A      5.734288   296A      5.768365  
     297A      5.915885   298A      6.553078   299A      6.598620  
     300A     18.159183   301A     18.320946   302A     18.423985  
     303A     18.555367   304A     25.317958   305A     33.439091  
     306A     33.458934  

    Final Occupation by Irrep:
              A 
    DOCC [    20 ]

  @DF-RHF Final Energy:  -247.29530491728619

   => Energetics <=

    Nuclear Repulsion Energy =            184.1491138462586719
    One-Electron Energy =                -692.0626785695690160
    Two-Electron Energy =                 260.6182598060241844
    Total Energy =                       -247.2953049172861597

Computation Completed


Properties will be evaluated at   0.000000,   0.000000,   0.000000 [a0]

Properties computed using the SCF density matrix

  Nuclear Dipole Moment: [e a0]
     X:    61.6423      Y:  -382.1682      Z:  -121.1589

  Electronic Dipole Moment: [e a0]
     X:   -60.5745      Y:   371.3955      Z:   120.3787

  Dipole Moment: [e a0]
     X:     1.0678      Y:   -10.7727      Z:    -0.7802     Total:    10.8535

  Dipole Moment: [D]
     X:     2.7140      Y:   -27.3814      Z:    -1.9830     Total:    27.5870


*** tstop() called on aliaconda at Sun Mar 20 06:18:56 2022
Module time:
	user time   =     178.52 seconds =       2.98 minutes
	system time =      19.06 seconds =       0.32 minutes
	total time  =          8 seconds =       0.13 minutes
Total time:
	user time   =  113218.38 seconds =    1886.97 minutes
	system time =   15855.84 seconds =     264.26 minutes
	total time  =       6919 seconds =     115.32 minutes

  //>>>>>>>>>>>>>>>>>>>>>>>>>>>>>>>>>>>//
  //            Monomer B HF           //
  //<<<<<<<<<<<<<<<<<<<<<<<<<<<<<<<<<<<//


*** tstart() called on aliaconda
*** at Sun Mar 20 06:18:56 2022

   => Loading Basis Set <=

    Name: JUN-CC-PVDZ
    Role: ORBITAL
    Keyword: BASIS
    atoms 1, 14                                          entry N          line   198 file /home/alia/anaconda3/envs/mddemo/share/psi4/basis/jun-cc-pvdz.gbs 
    atoms 2-4, 6, 8-10, 13, 15-17, 19, 21, 23, 25-27, 30 entry H          line    36 file /home/alia/anaconda3/envs/mddemo/share/psi4/basis/jun-cc-pvdz.gbs 
    atoms 5, 7, 11, 18, 20, 24, 28                       entry C          line   164 file /home/alia/anaconda3/envs/mddemo/share/psi4/basis/jun-cc-pvdz.gbs 
    atoms 12, 22, 29                                     entry O          line   232 file /home/alia/anaconda3/envs/mddemo/share/psi4/basis/jun-cc-pvdz.gbs 


         ---------------------------------------------------------
                                   SCF
               by Justin Turney, Rob Parrish, Andy Simmonett
                          and Daniel G. A. Smith
                              RHF Reference
                       32 Threads,  76293 MiB Core
         ---------------------------------------------------------

  ==> Geometry <==

    Molecular point group: c1
    Full point group: C1

    Geometry (in Angstrom), charge = 1, multiplicity = 1:

       Center              X                  Y                   Z               Mass       
    ------------   -----------------  -----------------  -----------------  -----------------
      Gh(N)           0.009037054643    -5.972803272236    -0.923749548524    14.003074004430
      Gh(H)          -0.556962930098    -6.116803325642     0.127250569732     1.007825032230
      Gh(H)          -0.930963002578    -6.018803276051    -1.671749455064     1.007825032230
      Gh(H)           0.586036957368    -6.842803634632    -1.092749220460     1.007825032230
      Gh(C)           0.762037075624    -4.767803348530    -1.062749487489    12.000000000000
      Gh(H)           0.262036837205    -4.063803352345    -0.472749334901     1.007825032230
      Gh(C)           2.165036953553    -4.981803573597    -0.434749228089    12.000000000000
      Gh(H)           2.874036944970    -5.558803237904    -1.090749365418     1.007825032230
      Gh(H)           2.035037077531    -5.511803306568     0.536250489623     1.007825032230
      Gh(H)           2.625036991700    -3.989803470600    -0.182749373048     1.007825032230
      Gh(C)           0.918036974534    -4.209803260792    -2.476749521821    12.000000000000
      Gh(O)           0.096036947831    -4.367803253163    -3.407749396890    15.994914619570
      Gh(H)           1.823198593721    -3.623555339802    -2.693535429566     1.007825032230
         N            0.446036852464     2.401196323406     0.180250543029    14.003074004430
         H            0.747036970719     1.266197048198     0.437250512511     1.007825032230
         H            0.155036963090     2.227196537029    -0.975749594300     1.007825032230
         H            1.275036848649     2.991196475994     0.164250749023     1.007825032230
         C           -0.719963036910     3.042197071087     0.790250676543    12.000000000000
         H           -1.558963261977     2.290196262371     0.778250592620     1.007825032230
         C           -0.589962922469     3.486196361553     2.256250756652    12.000000000000
         H           -1.609962903396     3.759196125042     2.629250424773     1.007825032230
         O            0.286037005052     4.628196559917     2.444250481994    15.994914619570
         H            1.266037024125     4.439196430218     2.345250504882     1.007825032230
         C           -0.033963166610     2.294196926128     3.060250657470    12.000000000000
         H            1.030036963090     2.175196491253     2.885250466735     1.007825032230
         H           -0.584962808028     1.393196903240     2.850250619323     1.007825032230
         H           -0.109962903396     2.565196834575     4.141250985534     1.007825032230
         C           -1.148962937728     4.229196392071    -0.161749464600    12.000000000000
         O           -2.357963048354     4.413196407329    -0.373749357789    15.994914619570
         H           -0.392068349257     4.878224216472    -0.626372915833     1.007825032230

  Running in c1 symmetry.

  Rotational constants: A =      0.03656  B =      0.00459  C =      0.00428 [cm^-1]
  Rotational constants: A =   1096.00164  B =    137.58226  C =    128.41668 [MHz]
  Nuclear repulsion =  326.193689258980214

  Charge       = 1
  Multiplicity = 1
  Electrons    = 56
  Nalpha       = 28
  Nbeta        = 28

  ==> Algorithm <==

  SCF Algorithm Type is DF.
  DIIS enabled.
  MOM disabled.
  Fractional occupation disabled.
  Guess Type is SAD.
  Energy threshold   = 1.00e-08
  Density threshold  = 1.00e-08
  Integral threshold = 1.00e-12

  ==> Primary Basis <==

  Basis Set: JUN-CC-PVDZ
    Blend: JUN-CC-PVDZ
    Number of shells: 150
    Number of basis functions: 306
    Number of Cartesian functions: 318
    Spherical Harmonics?: true
    Max angular momentum: 2

   => Loading Basis Set <=

    Name: (JUN-CC-PVDZ AUX)
    Role: JKFIT
    Keyword: DF_BASIS_SCF
    atoms 1, 14                                          entry N          line   202 file /home/alia/anaconda3/envs/mddemo/share/psi4/basis/jun-cc-pvdz-jkfit.gbs 
    atoms 2-4, 6, 8-10, 13, 15-17, 19, 21, 23, 25-27, 30 entry H          line    70 file /home/alia/anaconda3/envs/mddemo/share/psi4/basis/jun-cc-pvdz-jkfit.gbs 
    atoms 5, 7, 11, 18, 20, 24, 28                       entry C          line   146 file /home/alia/anaconda3/envs/mddemo/share/psi4/basis/jun-cc-pvdz-jkfit.gbs 
    atoms 12, 22, 29                                     entry O          line   258 file /home/alia/anaconda3/envs/mddemo/share/psi4/basis/jun-cc-pvdz-jkfit.gbs 

  ==> Integral Setup <==

  ==> DiskDFJK: Density-Fitted J/K Matrices <==

    J tasked:                  Yes
    K tasked:                  Yes
    wK tasked:                  No
    OpenMP threads:             32
    Integrals threads:          32
    Memory [MiB]:            57220
    Algorithm:                Core
    Integral Cache:           LOAD
    Schwarz Cutoff:          1E-12
    Fitting Condition:       1E-10

   => Auxiliary Basis Set <=

  Basis Set: (JUN-CC-PVDZ AUX)
    Blend: JUN-CC-PVDZ-JKFIT
    Number of shells: 486
    Number of basis functions: 1362
    Number of Cartesian functions: 1542
    Spherical Harmonics?: true
    Max angular momentum: 3

  Minimum eigenvalue in the overlap matrix is 6.8246614131E-05.
  Reciprocal condition number of the overlap matrix is 6.0367384286E-06.
    Using symmetric orthogonalization.

  ==> Pre-Iterations <==

  SCF Guess: Superposition of Atomic Densities via on-the-fly atomic UHF (no occupation information).

   -------------------------
    Irrep   Nso     Nmo    
   -------------------------
     A        306     306 
   -------------------------
    Total     306     306
   -------------------------

  ==> Iterations <==

                           Total Energy        Delta E     RMS |[F,P]|

   @DF-RHF iter SAD:  -360.31421225771015   -3.60314e+02   0.00000e+00 
   @DF-RHF iter   1:  -360.91088053246796   -5.96668e-01   2.20977e-03 DIIS
   @DF-RHF iter   2:  -361.09784009880718   -1.86960e-01   1.44860e-03 DIIS
   @DF-RHF iter   3:  -361.17100903135338   -7.31689e-02   3.05908e-04 DIIS
   @DF-RHF iter   4:  -361.17615939126523   -5.15036e-03   1.17227e-04 DIIS
   @DF-RHF iter   5:  -361.17692625764545   -7.66866e-04   2.78401e-05 DIIS
   @DF-RHF iter   6:  -361.17699766331981   -7.14057e-05   1.31341e-05 DIIS
   @DF-RHF iter   7:  -361.17701534795640   -1.76846e-05   5.68525e-06 DIIS
   @DF-RHF iter   8:  -361.17701947784479   -4.12989e-06   2.38256e-06 DIIS
   @DF-RHF iter   9:  -361.17702026452855   -7.86684e-07   7.27765e-07 DIIS
   @DF-RHF iter  10:  -361.17702035448065   -8.99521e-08   2.81867e-07 DIIS
   @DF-RHF iter  11:  -361.17702037160097   -1.71203e-08   1.36698e-07 DIIS
   @DF-RHF iter  12:  -361.17702037662491   -5.02394e-09   7.53767e-08 DIIS
   @DF-RHF iter  13:  -361.17702037849074   -1.86583e-09   3.53825e-08 DIIS
   @DF-RHF iter  14:  -361.17702037890166   -4.10921e-10   1.00881e-08 DIIS
   @DF-RHF iter  15:  -361.17702037892599   -2.43290e-11   3.50975e-09 DIIS
  Energy and wave function converged.


  ==> Post-Iterations <==

    Orbital Energies [Eh]
    ---------------------

    Doubly Occupied:                                                      

       1A    -20.748530     2A    -20.737964     3A    -15.944969  
       4A    -11.527252     5A    -11.505622     6A    -11.484015  
       7A    -11.396762     8A     -1.554566     9A     -1.524221  
      10A     -1.500702    11A     -1.237117    12A     -1.149996  
      13A     -1.024187    14A     -1.011120    15A     -0.958391  
      16A     -0.908040    17A     -0.891458    18A     -0.832836  
      19A     -0.808565    20A     -0.800227    21A     -0.770512  
      22A     -0.757274    23A     -0.714160    24A     -0.689850  
      25A     -0.673726    26A     -0.653033    27A     -0.628505  
      28A     -0.591166  

    Virtual:                                                              

      29A     -0.134934    30A     -0.084366    31A     -0.076914  
      32A     -0.061000    33A     -0.048042    34A     -0.037851  
      35A     -0.035741    36A     -0.026152    37A     -0.022117  
      38A     -0.013889    39A     -0.012115    40A     -0.004688  
      41A     -0.003657    42A      0.003668    43A      0.013171  
      44A      0.019555    45A      0.025337    46A      0.028238  
      47A      0.035830    48A      0.037750    49A      0.041370  
      50A      0.044881    51A      0.050243    52A      0.052412  
      53A      0.053382    54A      0.063002    55A      0.075105  
      56A      0.086740    57A      0.091680    58A      0.095589  
      59A      0.097980    60A      0.106275    61A      0.109883  
      62A      0.117385    63A      0.122348    64A      0.130081  
      65A      0.137827    66A      0.141631    67A      0.144659  
      68A      0.148943    69A      0.150824    70A      0.158220  
      71A      0.162563    72A      0.169707    73A      0.179996  
      74A      0.183378    75A      0.186763    76A      0.190918  
      77A      0.200932    78A      0.204949    79A      0.213763  
      80A      0.219976    81A      0.227466    82A      0.231652  
      83A      0.238689    84A      0.259435    85A      0.265997  
      86A      0.272336    87A      0.274776    88A      0.288073  
      89A      0.290648    90A      0.302304    91A      0.306193  
      92A      0.309060    93A      0.322849    94A      0.337969  
      95A      0.349652    96A      0.353700    97A      0.362897  
      98A      0.378548    99A      0.384844   100A      0.390425  
     101A      0.421604   102A      0.428732   103A      0.445238  
     104A      0.470509   105A      0.500173   106A      0.511156  
     107A      0.528198   108A      0.536000   109A      0.542822  
     110A      0.568595   111A      0.575805   112A      0.595368  
     113A      0.607175   114A      0.621856   115A      0.629734  
     116A      0.633084   117A      0.636249   118A      0.670387  
     119A      0.684220   120A      0.690965   121A      0.701277  
     122A      0.705151   123A      0.713259   124A      0.728778  
     125A      0.741915   126A      0.746960   127A      0.750771  
     128A      0.758742   129A      0.783730   130A      0.788657  
     131A      0.803168   132A      0.804048   133A      0.819451  
     134A      0.825681   135A      0.828867   136A      0.861643  
     137A      0.875091   138A      0.889507   139A      0.893057  
     140A      0.901991   141A      0.917480   142A      0.933796  
     143A      0.934744   144A      0.967869   145A      0.976538  
     146A      0.984107   147A      1.039857   148A      1.087090  
     149A      1.146180   150A      1.150993   151A      1.184861  
     152A      1.194109   153A      1.240742   154A      1.268980  
     155A      1.277586   156A      1.310138   157A      1.332303  
     158A      1.351633   159A      1.366957   160A      1.383382  
     161A      1.399796   162A      1.421332   163A      1.451838  
     164A      1.472615   165A      1.485387   166A      1.492764  
     167A      1.497481   168A      1.518863   169A      1.550377  
     170A      1.554856   171A      1.587158   172A      1.589149  
     173A      1.598173   174A      1.626341   175A      1.632093  
     176A      1.644215   177A      1.665432   178A      1.676227  
     179A      1.681425   180A      1.696087   181A      1.700527  
     182A      1.704716   183A      1.729383   184A      1.741700  
     185A      1.743269   186A      1.752199   187A      1.756173  
     188A      1.782624   189A      1.783419   190A      1.792433  
     191A      1.797508   192A      1.812242   193A      1.828102  
     194A      1.842512   195A      1.844227   196A      1.855024  
     197A      1.884322   198A      1.888377   199A      1.897021  
     200A      1.928653   201A      1.928938   202A      1.940248  
     203A      1.944395   204A      1.947055   205A      1.963366  
     206A      1.965352   207A      1.978173   208A      2.007044  
     209A      2.012317   210A      2.026105   211A      2.043481  
     212A      2.067496   213A      2.076364   214A      2.080411  
     215A      2.094739   216A      2.116431   217A      2.120189  
     218A      2.135325   219A      2.151501   220A      2.160805  
     221A      2.182059   222A      2.187449   223A      2.190353  
     224A      2.225835   225A      2.238261   226A      2.245000  
     227A      2.255561   228A      2.292045   229A      2.318742  
     230A      2.339564   231A      2.359966   232A      2.373890  
     233A      2.389892   234A      2.391358   235A      2.409233  
     236A      2.411209   237A      2.425046   238A      2.440707  
     239A      2.457131   240A      2.506109   241A      2.509688  
     242A      2.535126   243A      2.546305   244A      2.602104  
     245A      2.604678   246A      2.611425   247A      2.649050  
     248A      2.658117   249A      2.664047   250A      2.682208  
     251A      2.689421   252A      2.708142   253A      2.744149  
     254A      2.761771   255A      2.763826   256A      2.766239  
     257A      2.780611   258A      2.811568   259A      2.881918  
     260A      2.886814   261A      2.925070   262A      2.936382  
     263A      3.010015   264A      3.027454   265A      3.086591  
     266A      3.095422   267A      3.107491   268A      3.115718  
     269A      3.196232   270A      3.216729   271A      3.223262  
     272A      3.278830   273A      3.311795   274A      3.385289  
     275A      3.445153   276A      3.514150   277A      3.548290  
     278A      3.559886   279A      3.623678   280A      3.741940  
     281A      3.772157   282A      3.915283   283A      3.955348  
     284A      3.998056   285A      4.130190   286A      4.155634  
     287A      4.267895   288A      4.359967   289A      4.610851  
     290A      4.644049   291A      4.775813   292A      4.806136  
     293A      4.822358   294A      4.924057   295A      5.056467  
     296A      5.228980   297A      5.427441   298A      5.515892  
     299A      5.581303   300A      5.666107   301A      6.535511  
     302A     18.168421   303A     18.350172   304A     18.540552  
     305A     25.316158   306A     33.416477  

    Final Occupation by Irrep:
              A 
    DOCC [    28 ]

  @DF-RHF Final Energy:  -361.17702037892599

   => Energetics <=

    Nuclear Repulsion Energy =            326.1936892589802142
    One-Electron Energy =               -1128.6918852494854946
    Two-Electron Energy =                 441.3211756115793492
    Total Energy =                       -361.1770203789259881

Computation Completed


Properties will be evaluated at   0.000000,   0.000000,   0.000000 [a0]

Properties computed using the SCF density matrix

  Nuclear Dipole Moment: [e a0]
     X:   -53.2770      Y:   369.3191      Z:   128.7370

  Electronic Dipole Moment: [e a0]
     X:    54.9187      Y:  -365.4831      Z:  -127.8263

  Dipole Moment: [e a0]
     X:     1.6416      Y:     3.8360      Z:     0.9107     Total:     4.2707

  Dipole Moment: [D]
     X:     4.1726      Y:     9.7500      Z:     2.3147     Total:    10.8550


*** tstop() called on aliaconda at Sun Mar 20 06:19:07 2022
Module time:
	user time   =     235.59 seconds =       3.93 minutes
	system time =      26.46 seconds =       0.44 minutes
	total time  =         11 seconds =       0.18 minutes
Total time:
	user time   =  113454.07 seconds =    1890.90 minutes
	system time =   15882.32 seconds =     264.71 minutes
	total time  =       6930 seconds =     115.50 minutes
  Constructing Basis Sets for SAPT...

   => Loading Basis Set <=

    Name: (JUN-CC-PVDZ AUX)
    Role: RIFIT
    Keyword: DF_BASIS_SAPT
    atoms 1, 14                                          entry N          line   144 file /home/alia/anaconda3/envs/mddemo/share/psi4/basis/jun-cc-pvdz-ri.gbs 
    atoms 2-4, 6, 8-10, 13, 15-17, 19, 21, 23, 25-27, 30 entry H          line    30 file /home/alia/anaconda3/envs/mddemo/share/psi4/basis/jun-cc-pvdz-ri.gbs 
    atoms 5, 7, 11, 18, 20, 24, 28                       entry C          line   100 file /home/alia/anaconda3/envs/mddemo/share/psi4/basis/jun-cc-pvdz-ri.gbs 
    atoms 12, 22, 29                                     entry O          line   188 file /home/alia/anaconda3/envs/mddemo/share/psi4/basis/jun-cc-pvdz-ri.gbs 


  //>>>>>>>>>>>>>>>>>>>>>>>>>>>>>>>>>>>//
  //               SAPT0               //
  //<<<<<<<<<<<<<<<<<<<<<<<<<<<<<<<<<<<//


*** tstart() called on aliaconda
*** at Sun Mar 20 06:19:08 2022

        SAPT0  
    Ed Hohenstein
     6 June 2009

      Orbital Information
  --------------------------
    NSO        =       306
    NMO        =       306
    NRI        =      1032
    NOCC A     =        20
    NOCC B     =        28
    FOCC A     =         0
    FOCC B     =         0
    NVIR A     =       286
    NVIR B     =       278

    Elst10,r            =     0.068357374850 [Eh]
    Exch10              =    -0.000000043510 [Eh]
    Exch10 (S^2)        =    -0.000000043510 [Eh]

    Iter     Energy [mEh]          dE [mEh]         Residual      Time [s]
       1      -0.46739763       0.467397634       5.699317164             0
       2      -0.45372868      -0.013668950       2.029039865             1
       3      -0.47969526       0.025966576       0.862243507             1
       4      -0.49321419       0.013518928       0.205990152             2
       5      -0.49153705      -0.001677135       0.131037241             2
       6      -0.49073871      -0.000798344       0.043467342             3
       7      -0.49107073       0.000332024       0.017555040             3
       8      -0.49113161       0.000060880       0.008732813             4
       9      -0.49108709      -0.000044520       0.004313255             5
      10      -0.49108251      -0.000004579       0.001061722             5
      11      -0.49108835       0.000005840       0.000246400             6
      12      -0.49108796      -0.000000396       0.000061058             6
      13      -0.49108777      -0.000000186       0.000017350             7
      14      -0.49108778       0.000000003       0.000004396             7
      15      -0.49108779       0.000000015       0.000001001             8
      16      -0.49108779      -0.000000001       0.000000301             9

    CHF Iterations converged


    Iter     Energy [mEh]          dE [mEh]         Residual      Time [s]
       1      -0.32589550       0.325895504       4.195809173             0
       2      -0.33883083       0.012935325       1.796891435             1
       3      -0.36504653       0.026215705       0.625315829             1
       4      -0.36987776       0.004831226       0.173107881             2
       5      -0.36914831      -0.000729451       0.102859947             3
       6      -0.36845504      -0.000693267       0.034229812             3
       7      -0.36852293       0.000067885       0.016181325             4
       8      -0.36863212       0.000109192       0.004707730             4
       9      -0.36861501      -0.000017108       0.002341517             5
      10      -0.36860599      -0.000009018       0.001161825             5
      11      -0.36861061       0.000004613       0.000554092             6
      12      -0.36861143       0.000000824       0.000170729             7
      13      -0.36861083      -0.000000596       0.000049089             7
      14      -0.36861075      -0.000000081       0.000014379             8
      15      -0.36861079       0.000000035       0.000004879             8
      16      -0.36861080       0.000000010       0.000001311             9
      17      -0.36861080      -0.000000003       0.000000439            10

    CHF Iterations converged

    Ind20,r (A<-B)      =    -0.000491087791 [Eh]
    Ind20,r (B<-A)      =    -0.000368610796 [Eh]
    Ind20,r             =    -0.000859698586 [Eh]
    Exch-Ind20,r (A<-B) =     0.000000004944 [Eh]
    Exch-Ind20,r (B<-A) =     0.000000012235 [Eh]
    Exch-Ind20,r        =     0.000000017179 [Eh]
    Disp20              =    -0.000084139493 [Eh]
    Disp20 (SS)         =    -0.000042069746 [Eh]
    Disp20 (OS)         =    -0.000042069746 [Eh]
    Exch-Disp20         =     0.000000006512 [Eh]
    Exch-Disp20 (SS)    =     0.000000004752 [Eh]
    Exch-Disp20 (OS)    =     0.000000001760 [Eh]

    SAPT Results 
  --------------------------------------------------------------------------------------------------------
    Electrostatics                 68.35737485 [mEh]      42.89490032 [kcal/mol]     179.47226294 [kJ/mol]
      Elst10,r                     68.35737485 [mEh]      42.89490032 [kcal/mol]     179.47226294 [kJ/mol]

    Exchange                       -0.00004351 [mEh]      -0.00002730 [kcal/mol]      -0.00011424 [kJ/mol]
      Exch10                       -0.00004351 [mEh]      -0.00002730 [kcal/mol]      -0.00011424 [kJ/mol]
      Exch10(S^2)                  -0.00004351 [mEh]      -0.00002730 [kcal/mol]      -0.00011424 [kJ/mol]

    Induction                      -0.84489105 [mEh]      -0.53017714 [kcal/mol]      -2.21826114 [kJ/mol]
      Ind20,r                      -0.85969859 [mEh]      -0.53946901 [kcal/mol]      -2.25713833 [kJ/mol]
      Exch-Ind20,r                  0.00001718 [mEh]       0.00001078 [kcal/mol]       0.00004510 [kJ/mol]
      delta HF,r (2)                0.01479036 [mEh]       0.00928109 [kcal/mol]       0.03883209 [kJ/mol]

    Dispersion                     -0.08413298 [mEh]      -0.05279424 [kcal/mol]      -0.22089111 [kJ/mol]
      Disp20                       -0.08413949 [mEh]      -0.05279833 [kcal/mol]      -0.22090821 [kJ/mol]
      Exch-Disp20                   0.00000651 [mEh]       0.00000409 [kcal/mol]       0.00001710 [kJ/mol]
      Disp20 (SS)                  -0.04206975 [mEh]      -0.02639916 [kcal/mol]      -0.11045410 [kJ/mol]
      Disp20 (OS)                  -0.04206975 [mEh]      -0.02639916 [kcal/mol]      -0.11045410 [kJ/mol]
      Exch-Disp20 (SS)              0.00000475 [mEh]       0.00000298 [kcal/mol]       0.00001248 [kJ/mol]
      Exch-Disp20 (OS)              0.00000176 [mEh]       0.00000110 [kcal/mol]       0.00000462 [kJ/mol]

  Total HF                         67.51244029 [mEh]      42.36469588 [kcal/mol]     177.25388757 [kJ/mol]
  Total SAPT0                      67.42830731 [mEh]      42.31190164 [kcal/mol]     177.03299646 [kJ/mol]

  Special recipe for scaled SAPT0 (see Manual):
    Electrostatics sSAPT0          68.35737485 [mEh]      42.89490032 [kcal/mol]     179.47226294 [kJ/mol]
    Exchange sSAPT0                -0.00004351 [mEh]      -0.00002730 [kcal/mol]      -0.00011424 [kJ/mol]
    Induction sSAPT0               -0.84489105 [mEh]      -0.53017714 [kcal/mol]      -2.21826114 [kJ/mol]
    Dispersion sSAPT0              -0.08413298 [mEh]      -0.05279424 [kcal/mol]      -0.22089111 [kJ/mol]
  Total sSAPT0                     67.42830731 [mEh]      42.31190164 [kcal/mol]     177.03299646 [kJ/mol]
  --------------------------------------------------------------------------------------------------------

*** tstop() called on aliaconda at Sun Mar 20 06:19:57 2022
Module time:
	user time   =     702.06 seconds =      11.70 minutes
	system time =     125.94 seconds =       2.10 minutes
	total time  =         49 seconds =       0.82 minutes
Total time:
	user time   =  114158.69 seconds =    1902.64 minutes
	system time =   16008.78 seconds =     266.81 minutes
	total time  =       6980 seconds =     116.33 minutes


Warning! sapt0 does not have an associated derived wavefunction.The returned wavefunction is the dimer SCF wavefunction.


  Memory set to  74.506 GiB by Python driver.
  Threads set to 32 by Python driver.
