
Scratch directory: /tmp/

Scratch directory: /tmp/

  //>>>>>>>>>>>>>>>>>>>>>>>>>>>>>>>>>>>//
  //              Dimer HF             //
  //<<<<<<<<<<<<<<<<<<<<<<<<<<<<<<<<<<<//


*** tstart() called on aliaconda
*** at Sun Mar 20 05:58:56 2022

   => Loading Basis Set <=

    Name: JUN-CC-PVDZ
    Role: ORBITAL
    Keyword: BASIS
    atoms 1, 14                                          entry N          line   198 file /home/alia/anaconda3/envs/mddemo/share/psi4/basis/jun-cc-pvdz.gbs 
    atoms 2-4, 6, 8-10, 13, 15-17, 19, 21, 23, 25-27, 30 entry H          line    36 file /home/alia/anaconda3/envs/mddemo/share/psi4/basis/jun-cc-pvdz.gbs 
    atoms 5, 7, 11, 18, 20, 24, 28                       entry C          line   164 file /home/alia/anaconda3/envs/mddemo/share/psi4/basis/jun-cc-pvdz.gbs 
    atoms 12, 22, 29                                     entry O          line   232 file /home/alia/anaconda3/envs/mddemo/share/psi4/basis/jun-cc-pvdz.gbs 


         ---------------------------------------------------------
                                   SCF
               by Justin Turney, Rob Parrish, Andy Simmonett
                          and Daniel G. A. Smith
                              RHF Reference
                       32 Threads,  76293 MiB Core
         ---------------------------------------------------------

  ==> Geometry <==

    Molecular point group: c1
    Full point group: C1

    Geometry (in Angstrom), charge = 2, multiplicity = 1:

       Center              X                  Y                   Z               Mass       
    ------------   -----------------  -----------------  -----------------  -----------------
         N            0.412524574521    -6.159534990405    -1.050274549722    14.003074004430
         H           -0.093475467441    -6.248534738635     0.039725602866     1.007825032230
         H           -0.568475372073    -6.323535024738    -1.728274523019     1.007825032230
         H            0.967524879697    -7.000534832096    -1.149274526834     1.007825032230
         C            0.980524891141    -4.862535059070    -1.163274465799    12.000000000000
         H            0.347524517301    -4.124534666156    -0.814274488687     1.007825032230
         C            2.362524860623    -4.748534738635    -0.431274591684    12.000000000000
         H            3.101524704221    -5.451534807300    -0.887274442911     1.007825032230
         H            2.293524854901    -5.001534998035     0.648725332022     1.007825032230
         H            2.706524723294    -3.692534982776    -0.452274500131     1.007825032230
         C            1.079524868253    -4.426534711933    -2.628274618387    12.000000000000
         O            0.355524891141    -4.937534868335    -3.462274490594    15.994914619570
         H            1.803274267438    -3.653427660083    -2.925750671624     1.007825032230
         N            0.504524582150     2.687465131665     0.397725404502    14.003074004430
         H            0.477524631741     2.618464887524    -0.806274591684     1.007825032230
         H            0.815524929288     1.544465482617     0.609725297690     1.007825032230
         H            1.232524746182     3.339465558911     0.608725370169     1.007825032230
         C           -0.801475173709     3.171465337659     0.798725427390    12.000000000000
         H           -1.477475291965     2.420464933301     0.669725240470     1.007825032230
         C           -0.847475177524     3.706465185071     2.237725557089    12.000000000000
         H           -1.867475158450     3.989465177441     2.548725904227     1.007825032230
         O            0.023524635556     4.733464658642     2.470725835562    15.994914619570
         H            0.953524940732     4.338465154553     2.534725011588     1.007825032230
         C           -0.249475127933     2.730465352917     3.234725774527    12.000000000000
         H            0.775524967435     2.364465177441     3.013725103141     1.007825032230
         H           -0.828475124118     1.799464643384     3.151725591422     1.007825032230
         H           -0.265475398776     3.015465200329     4.239725888968     1.007825032230
         C           -1.427475101230     4.214465558911    -0.086274801492    12.000000000000
         O           -2.605475074527     4.096465528393    -0.470274626016    15.994914619570
         H           -0.838393337009     5.089910924817    -0.397043882608     1.007825032230

  Running in c1 symmetry.

  Rotational constants: A =      0.03699  B =      0.00425  C =      0.00399 [cm^-1]
  Rotational constants: A =   1108.85916  B =    127.45449  C =    119.64717 [MHz]
  Nuclear repulsion =  651.091129776826619

  Charge       = 2
  Multiplicity = 1
  Electrons    = 96
  Nalpha       = 48
  Nbeta        = 48

  ==> Algorithm <==

  SCF Algorithm Type is DF.
  DIIS enabled.
  MOM disabled.
  Fractional occupation disabled.
  Guess Type is SAD.
  Energy threshold   = 1.00e-08
  Density threshold  = 1.00e-08
  Integral threshold = 1.00e-12

  ==> Primary Basis <==

  Basis Set: JUN-CC-PVDZ
    Blend: JUN-CC-PVDZ
    Number of shells: 150
    Number of basis functions: 306
    Number of Cartesian functions: 318
    Spherical Harmonics?: true
    Max angular momentum: 2

   => Loading Basis Set <=

    Name: (JUN-CC-PVDZ AUX)
    Role: JKFIT
    Keyword: DF_BASIS_SCF
    atoms 1, 14                                          entry N          line   202 file /home/alia/anaconda3/envs/mddemo/share/psi4/basis/jun-cc-pvdz-jkfit.gbs 
    atoms 2-4, 6, 8-10, 13, 15-17, 19, 21, 23, 25-27, 30 entry H          line    70 file /home/alia/anaconda3/envs/mddemo/share/psi4/basis/jun-cc-pvdz-jkfit.gbs 
    atoms 5, 7, 11, 18, 20, 24, 28                       entry C          line   146 file /home/alia/anaconda3/envs/mddemo/share/psi4/basis/jun-cc-pvdz-jkfit.gbs 
    atoms 12, 22, 29                                     entry O          line   258 file /home/alia/anaconda3/envs/mddemo/share/psi4/basis/jun-cc-pvdz-jkfit.gbs 

  ==> Integral Setup <==

  ==> DiskDFJK: Density-Fitted J/K Matrices <==

    J tasked:                  Yes
    K tasked:                  Yes
    wK tasked:                  No
    OpenMP threads:             32
    Integrals threads:          32
    Memory [MiB]:            57220
    Algorithm:                Core
    Integral Cache:           SAVE
    Schwarz Cutoff:          1E-12
    Fitting Condition:       1E-10

   => Auxiliary Basis Set <=

  Basis Set: (JUN-CC-PVDZ AUX)
    Blend: JUN-CC-PVDZ-JKFIT
    Number of shells: 486
    Number of basis functions: 1362
    Number of Cartesian functions: 1542
    Spherical Harmonics?: true
    Max angular momentum: 3

  Minimum eigenvalue in the overlap matrix is 5.4911693506E-05.
  Reciprocal condition number of the overlap matrix is 4.7289376967E-06.
    Using symmetric orthogonalization.

  ==> Pre-Iterations <==

  SCF Guess: Superposition of Atomic Densities via on-the-fly atomic UHF (no occupation information).

   -------------------------
    Irrep   Nso     Nmo    
   -------------------------
     A        306     306 
   -------------------------
    Total     306     306
   -------------------------

  ==> Iterations <==

                           Total Energy        Delta E     RMS |[F,P]|

   @DF-RHF iter SAD:  -607.61338085706859   -6.07613e+02   0.00000e+00 
   @DF-RHF iter   1:  -607.94353130637546   -3.30150e-01   2.82333e-03 DIIS
   @DF-RHF iter   2:  -608.26778356944510   -3.24252e-01   1.76312e-03 DIIS
   @DF-RHF iter   3:  -608.37673736455997   -1.08954e-01   3.94625e-04 DIIS
   @DF-RHF iter   4:  -608.38552193940313   -8.78457e-03   1.49057e-04 DIIS
   @DF-RHF iter   5:  -608.38678939665556   -1.26746e-03   3.63652e-05 DIIS
   @DF-RHF iter   6:  -608.38691751863905   -1.28122e-04   1.82646e-05 DIIS
   @DF-RHF iter   7:  -608.38694959232225   -3.20737e-05   8.07400e-06 DIIS
   @DF-RHF iter   8:  -608.38695696333889   -7.37102e-06   3.53939e-06 DIIS
   @DF-RHF iter   9:  -608.38695836993475   -1.40660e-06   1.31377e-06 DIIS
   @DF-RHF iter  10:  -608.38695856786285   -1.97928e-07   4.18480e-07 DIIS
   @DF-RHF iter  11:  -608.38695859403117   -2.61683e-08   1.85073e-07 DIIS
   @DF-RHF iter  12:  -608.38695860199903   -7.96786e-09   9.82478e-08 DIIS
   @DF-RHF iter  13:  -608.38695860483358   -2.83455e-09   5.14039e-08 DIIS
   @DF-RHF iter  14:  -608.38695860581970   -9.86120e-10   1.91553e-08 DIIS
   @DF-RHF iter  15:  -608.38695860591952   -9.98170e-11   6.47155e-09 DIIS
  Energy and wave function converged.


  ==> Post-Iterations <==

    Orbital Energies [Eh]
    ---------------------

    Doubly Occupied:                                                      

       1A    -20.817951     2A    -20.803419     3A    -20.794547  
       4A    -16.011430     5A    -15.992236     6A    -11.591779  
       7A    -11.575980     8A    -11.566346     9A    -11.548294  
      10A    -11.531265    11A    -11.501663    12A    -11.447147  
      13A     -1.648581    14A     -1.626960    15A     -1.606867  
      16A     -1.573848    17A     -1.567222    18A     -1.308612  
      19A     -1.305153    20A     -1.220255    21A     -1.167489  
      22A     -1.088900    23A     -1.082290    24A     -1.079434  
      25A     -1.037883    26A     -1.009323    27A     -0.982257  
      28A     -0.979453    29A     -0.970594    30A     -0.961025  
      31A     -0.898039    32A     -0.891798    33A     -0.878730  
      34A     -0.870600    35A     -0.865445    36A     -0.839530  
      37A     -0.823509    38A     -0.803828    39A     -0.801049  
      40A     -0.785017    41A     -0.778962    42A     -0.755103  
      43A     -0.747001    44A     -0.730327    45A     -0.707562  
      46A     -0.675266    47A     -0.673982    48A     -0.645562  

    Virtual:                                                              

      49A     -0.207963    50A     -0.181623    51A     -0.157684  
      52A     -0.145763    53A     -0.132198    54A     -0.128830  
      55A     -0.124388    56A     -0.116103    57A     -0.111491  
      58A     -0.104838    59A     -0.097239    60A     -0.095470  
      61A     -0.087209    62A     -0.080920    63A     -0.079026  
      64A     -0.072536    65A     -0.067571    66A     -0.066040  
      67A     -0.063756    68A     -0.061176    69A     -0.049378  
      70A     -0.045266    71A     -0.040881    72A     -0.033764  
      73A     -0.032692    74A     -0.027422    75A     -0.021976  
      76A     -0.019716    77A     -0.015867    78A     -0.012946  
      79A     -0.006402    80A     -0.004734    81A      0.004388  
      82A      0.014440    83A      0.022257    84A      0.031129  
      85A      0.035278    86A      0.041699    87A      0.044684  
      88A      0.057358    89A      0.059687    90A      0.062064  
      91A      0.071501    92A      0.079503    93A      0.085034  
      94A      0.094608    95A      0.097315    96A      0.099833  
      97A      0.105606    98A      0.114490    99A      0.120328  
     100A      0.128096   101A      0.132679   102A      0.142435  
     103A      0.143263   104A      0.148929   105A      0.151992  
     106A      0.158578   107A      0.165626   108A      0.169107  
     109A      0.175410   110A      0.177380   111A      0.192426  
     112A      0.200858   113A      0.213335   114A      0.216359  
     115A      0.218923   116A      0.228663   117A      0.237578  
     118A      0.252778   119A      0.261787   120A      0.264333  
     121A      0.280795   122A      0.308348   123A      0.324914  
     124A      0.329845   125A      0.358705   126A      0.382748  
     127A      0.462656   128A      0.471937   129A      0.495727  
     130A      0.508742   131A      0.512349   132A      0.537720  
     133A      0.540179   134A      0.545298   135A      0.549322  
     136A      0.558465   137A      0.563955   138A      0.572366  
     139A      0.576554   140A      0.603353   141A      0.608760  
     142A      0.614549   143A      0.633485   144A      0.650325  
     145A      0.653297   146A      0.661678   147A      0.677224  
     148A      0.680058   149A      0.692556   150A      0.694877  
     151A      0.703048   152A      0.707928   153A      0.718086  
     154A      0.723223   155A      0.731444   156A      0.734702  
     157A      0.738983   158A      0.759032   159A      0.768406  
     160A      0.774094   161A      0.781763   162A      0.809031  
     163A      0.813019   164A      0.819041   165A      0.821813  
     166A      0.841118   167A      0.841930   168A      0.862359  
     169A      0.864555   170A      0.882394   171A      0.890724  
     172A      0.931694   173A      0.943685   174A      0.953925  
     175A      0.975883   176A      1.019567   177A      1.035469  
     178A      1.062490   179A      1.086406   180A      1.114590  
     181A      1.114819   182A      1.146292   183A      1.161844  
     184A      1.177422   185A      1.205051   186A      1.218321  
     187A      1.242679   188A      1.255951   189A      1.259370  
     190A      1.281648   191A      1.289693   192A      1.298932  
     193A      1.307521   194A      1.318719   195A      1.326175  
     196A      1.327224   197A      1.352155   198A      1.357436  
     199A      1.362647   200A      1.381481   201A      1.409542  
     202A      1.416818   203A      1.419107   204A      1.425243  
     205A      1.455469   206A      1.467009   207A      1.492672  
     208A      1.510207   209A      1.546239   210A      1.552560  
     211A      1.559473   212A      1.580300   213A      1.599756  
     214A      1.603652   215A      1.624281   216A      1.632778  
     217A      1.639424   218A      1.648836   219A      1.660550  
     220A      1.679220   221A      1.684579   222A      1.689384  
     223A      1.699870   224A      1.704341   225A      1.713043  
     226A      1.743800   227A      1.744770   228A      1.753236  
     229A      1.755953   230A      1.758705   231A      1.786061  
     232A      1.790465   233A      1.797806   234A      1.803745  
     235A      1.829233   236A      1.836228   237A      1.843495  
     238A      1.848693   239A      1.865736   240A      1.903081  
     241A      1.913340   242A      1.927949   243A      1.934611  
     244A      1.945681   245A      1.961190   246A      1.996858  
     247A      2.025249   248A      2.025285   249A      2.032581  
     250A      2.055740   251A      2.057958   252A      2.070914  
     253A      2.086968   254A      2.121711   255A      2.133204  
     256A      2.144022   257A      2.171739   258A      2.191467  
     259A      2.214989   260A      2.244881   261A      2.259930  
     262A      2.283364   263A      2.324687   264A      2.338363  
     265A      2.354620   266A      2.360693   267A      2.375673  
     268A      2.380010   269A      2.418875   270A      2.439572  
     271A      2.446561   272A      2.470157   273A      2.476780  
     274A      2.480918   275A      2.530482   276A      2.551889  
     277A      2.587533   278A      2.599845   279A      2.619787  
     280A      2.633935   281A      2.668563   282A      2.669713  
     283A      2.679060   284A      2.774365   285A      2.800137  
     286A      2.805633   287A      2.818658   288A      2.861880  
     289A      2.866911   290A      2.909275   291A      2.912410  
     292A      2.948639   293A      2.971340   294A      3.056342  
     295A      3.111195   296A      3.112180   297A      3.208028  
     298A      3.225813   299A      3.257305   300A      3.297135  
     301A      3.490643   302A      3.501301   303A      3.528906  
     304A      3.714184   305A      3.732421   306A      3.857099  

    Final Occupation by Irrep:
              A 
    DOCC [    48 ]

  @DF-RHF Final Energy:  -608.38695860591952

   => Energetics <=

    Nuclear Repulsion Energy =            651.0911297768266195
    One-Electron Energy =               -2095.8171448405350930
    Two-Electron Energy =                 836.3390564577889563
    Total Energy =                       -608.3869586059195171

Computation Completed


Properties will be evaluated at   0.000000,   0.000000,   0.000000 [a0]

Properties computed using the SCF density matrix

  Nuclear Dipole Moment: [e a0]
     X:     8.9257      Y:   -10.2609      Z:     8.3429

  Electronic Dipole Moment: [e a0]
     X:    -5.7220      Y:     4.1345      Z:    -7.9593

  Dipole Moment: [e a0]
     X:     3.2037      Y:    -6.1265      Z:     0.3835     Total:     6.9242

  Dipole Moment: [D]
     X:     8.1430      Y:   -15.5719      Z:     0.9748     Total:    17.5996


*** tstop() called on aliaconda at Sun Mar 20 05:59:11 2022
Module time:
	user time   =     325.51 seconds =       5.43 minutes
	system time =      39.47 seconds =       0.66 minutes
	total time  =         15 seconds =       0.25 minutes
Total time:
	user time   =   93027.11 seconds =    1550.45 minutes
	system time =   12976.62 seconds =     216.28 minutes
	total time  =       5734 seconds =      95.57 minutes

  //>>>>>>>>>>>>>>>>>>>>>>>>>>>>>>>>>>>//
  //            Monomer A HF           //
  //<<<<<<<<<<<<<<<<<<<<<<<<<<<<<<<<<<<//


*** tstart() called on aliaconda
*** at Sun Mar 20 05:59:11 2022

   => Loading Basis Set <=

    Name: JUN-CC-PVDZ
    Role: ORBITAL
    Keyword: BASIS
    atoms 1, 14                                          entry N          line   198 file /home/alia/anaconda3/envs/mddemo/share/psi4/basis/jun-cc-pvdz.gbs 
    atoms 2-4, 6, 8-10, 13, 15-17, 19, 21, 23, 25-27, 30 entry H          line    36 file /home/alia/anaconda3/envs/mddemo/share/psi4/basis/jun-cc-pvdz.gbs 
    atoms 5, 7, 11, 18, 20, 24, 28                       entry C          line   164 file /home/alia/anaconda3/envs/mddemo/share/psi4/basis/jun-cc-pvdz.gbs 
    atoms 12, 22, 29                                     entry O          line   232 file /home/alia/anaconda3/envs/mddemo/share/psi4/basis/jun-cc-pvdz.gbs 


         ---------------------------------------------------------
                                   SCF
               by Justin Turney, Rob Parrish, Andy Simmonett
                          and Daniel G. A. Smith
                              RHF Reference
                       32 Threads,  76293 MiB Core
         ---------------------------------------------------------

  ==> Geometry <==

    Molecular point group: c1
    Full point group: C1

    Geometry (in Angstrom), charge = 1, multiplicity = 1:

       Center              X                  Y                   Z               Mass       
    ------------   -----------------  -----------------  -----------------  -----------------
         N            0.412524574521    -6.159534990405    -1.050274549722    14.003074004430
         H           -0.093475467441    -6.248534738635     0.039725602866     1.007825032230
         H           -0.568475372073    -6.323535024738    -1.728274523019     1.007825032230
         H            0.967524879697    -7.000534832096    -1.149274526834     1.007825032230
         C            0.980524891141    -4.862535059070    -1.163274465799    12.000000000000
         H            0.347524517301    -4.124534666156    -0.814274488687     1.007825032230
         C            2.362524860623    -4.748534738635    -0.431274591684    12.000000000000
         H            3.101524704221    -5.451534807300    -0.887274442911     1.007825032230
         H            2.293524854901    -5.001534998035     0.648725332022     1.007825032230
         H            2.706524723294    -3.692534982776    -0.452274500131     1.007825032230
         C            1.079524868253    -4.426534711933    -2.628274618387    12.000000000000
         O            0.355524891141    -4.937534868335    -3.462274490594    15.994914619570
         H            1.803274267438    -3.653427660083    -2.925750671624     1.007825032230
      Gh(N)           0.504524582150     2.687465131665     0.397725404502    14.003074004430
      Gh(H)           0.477524631741     2.618464887524    -0.806274591684     1.007825032230
      Gh(H)           0.815524929288     1.544465482617     0.609725297690     1.007825032230
      Gh(H)           1.232524746182     3.339465558911     0.608725370169     1.007825032230
      Gh(C)          -0.801475173709     3.171465337659     0.798725427390    12.000000000000
      Gh(H)          -1.477475291965     2.420464933301     0.669725240470     1.007825032230
      Gh(C)          -0.847475177524     3.706465185071     2.237725557089    12.000000000000
      Gh(H)          -1.867475158450     3.989465177441     2.548725904227     1.007825032230
      Gh(O)           0.023524635556     4.733464658642     2.470725835562    15.994914619570
      Gh(H)           0.953524940732     4.338465154553     2.534725011588     1.007825032230
      Gh(C)          -0.249475127933     2.730465352917     3.234725774527    12.000000000000
      Gh(H)           0.775524967435     2.364465177441     3.013725103141     1.007825032230
      Gh(H)          -0.828475124118     1.799464643384     3.151725591422     1.007825032230
      Gh(H)          -0.265475398776     3.015465200329     4.239725888968     1.007825032230
      Gh(C)          -1.427475101230     4.214465558911    -0.086274801492    12.000000000000
      Gh(O)          -2.605475074527     4.096465528393    -0.470274626016    15.994914619570
      Gh(H)          -0.838393337009     5.089910924817    -0.397043882608     1.007825032230

  Running in c1 symmetry.

  Rotational constants: A =      0.03699  B =      0.00425  C =      0.00399 [cm^-1]
  Rotational constants: A =   1108.85916  B =    127.45449  C =    119.64717 [MHz]
  Nuclear repulsion =  186.364946374923221

  Charge       = 1
  Multiplicity = 1
  Electrons    = 40
  Nalpha       = 20
  Nbeta        = 20

  ==> Algorithm <==

  SCF Algorithm Type is DF.
  DIIS enabled.
  MOM disabled.
  Fractional occupation disabled.
  Guess Type is SAD.
  Energy threshold   = 1.00e-08
  Density threshold  = 1.00e-08
  Integral threshold = 1.00e-12

  ==> Primary Basis <==

  Basis Set: JUN-CC-PVDZ
    Blend: JUN-CC-PVDZ
    Number of shells: 150
    Number of basis functions: 306
    Number of Cartesian functions: 318
    Spherical Harmonics?: true
    Max angular momentum: 2

   => Loading Basis Set <=

    Name: (JUN-CC-PVDZ AUX)
    Role: JKFIT
    Keyword: DF_BASIS_SCF
    atoms 1, 14                                          entry N          line   202 file /home/alia/anaconda3/envs/mddemo/share/psi4/basis/jun-cc-pvdz-jkfit.gbs 
    atoms 2-4, 6, 8-10, 13, 15-17, 19, 21, 23, 25-27, 30 entry H          line    70 file /home/alia/anaconda3/envs/mddemo/share/psi4/basis/jun-cc-pvdz-jkfit.gbs 
    atoms 5, 7, 11, 18, 20, 24, 28                       entry C          line   146 file /home/alia/anaconda3/envs/mddemo/share/psi4/basis/jun-cc-pvdz-jkfit.gbs 
    atoms 12, 22, 29                                     entry O          line   258 file /home/alia/anaconda3/envs/mddemo/share/psi4/basis/jun-cc-pvdz-jkfit.gbs 

  ==> Integral Setup <==

  ==> DiskDFJK: Density-Fitted J/K Matrices <==

    J tasked:                  Yes
    K tasked:                  Yes
    wK tasked:                  No
    OpenMP threads:             32
    Integrals threads:          32
    Memory [MiB]:            57220
    Algorithm:                Core
    Integral Cache:           LOAD
    Schwarz Cutoff:          1E-12
    Fitting Condition:       1E-10

   => Auxiliary Basis Set <=

  Basis Set: (JUN-CC-PVDZ AUX)
    Blend: JUN-CC-PVDZ-JKFIT
    Number of shells: 486
    Number of basis functions: 1362
    Number of Cartesian functions: 1542
    Spherical Harmonics?: true
    Max angular momentum: 3

  Minimum eigenvalue in the overlap matrix is 5.4911693505E-05.
  Reciprocal condition number of the overlap matrix is 4.7289376967E-06.
    Using symmetric orthogonalization.

  ==> Pre-Iterations <==

  SCF Guess: Superposition of Atomic Densities via on-the-fly atomic UHF (no occupation information).

   -------------------------
    Irrep   Nso     Nmo    
   -------------------------
     A        306     306 
   -------------------------
    Total     306     306
   -------------------------

  ==> Iterations <==

                           Total Energy        Delta E     RMS |[F,P]|

   @DF-RHF iter SAD:  -246.77537777457167   -2.46775e+02   0.00000e+00 
   @DF-RHF iter   1:  -247.13334545083714   -3.57968e-01   1.73322e-03 DIIS
   @DF-RHF iter   2:  -247.26082428104277   -1.27479e-01   1.04779e-03 DIIS
   @DF-RHF iter   3:  -247.29940651284815   -3.85822e-02   2.44231e-04 DIIS
   @DF-RHF iter   4:  -247.30290441499770   -3.49790e-03   8.39066e-05 DIIS
   @DF-RHF iter   5:  -247.30334713853017   -4.42724e-04   1.96275e-05 DIIS
   @DF-RHF iter   6:  -247.30339502768018   -4.78892e-05   8.49449e-06 DIIS
   @DF-RHF iter   7:  -247.30340286108398   -7.83340e-06   4.06501e-06 DIIS
   @DF-RHF iter   8:  -247.30340487215830   -2.01107e-06   1.34084e-06 DIIS
   @DF-RHF iter   9:  -247.30340509073892   -2.18581e-07   3.02554e-07 DIIS
   @DF-RHF iter  10:  -247.30340510049717   -9.75825e-09   9.53423e-08 DIIS
   @DF-RHF iter  11:  -247.30340510160696   -1.10978e-09   2.51017e-08 DIIS
   @DF-RHF iter  12:  -247.30340510172022   -1.13261e-10   1.15624e-08 DIIS
   @DF-RHF iter  13:  -247.30340510175830   -3.80851e-11   5.81364e-09 DIIS
  Energy and wave function converged.


  ==> Post-Iterations <==

    Orbital Energies [Eh]
    ---------------------

    Doubly Occupied:                                                      

       1A    -20.751555     2A    -15.930821     3A    -11.525488  
       4A    -11.498362     5A    -11.433172     6A     -1.582943  
       7A     -1.504346     8A     -1.241710     9A     -1.100026  
      10A     -1.016681    11A     -0.945780    12A     -0.918524  
      13A     -0.894844    14A     -0.826333    15A     -0.799819  
      16A     -0.736117    17A     -0.732731    18A     -0.717473  
      19A     -0.681181    20A     -0.607561  

    Virtual:                                                              

      21A     -0.120731    22A     -0.072631    23A     -0.065728  
      24A     -0.055106    25A     -0.049493    26A     -0.030658  
      27A     -0.026807    28A     -0.024671    29A     -0.011720  
      30A     -0.005023    31A     -0.000041    32A      0.002018  
      33A      0.010302    34A      0.012641    35A      0.019661  
      36A      0.025350    37A      0.030756    38A      0.034236  
      39A      0.043053    40A      0.044256    41A      0.048988  
      42A      0.051455    43A      0.055732    44A      0.066715  
      45A      0.072618    46A      0.086286    47A      0.089991  
      48A      0.091602    49A      0.094399    50A      0.098974  
      51A      0.107291    52A      0.109887    53A      0.120600  
      54A      0.124987    55A      0.136131    56A      0.147973  
      57A      0.148728    58A      0.151262    59A      0.156538  
      60A      0.157065    61A      0.162278    62A      0.166319  
      63A      0.175015    64A      0.178529    65A      0.189686  
      66A      0.194794    67A      0.210309    68A      0.211564  
      69A      0.219356    70A      0.223527    71A      0.225682  
      72A      0.239083    73A      0.243533    74A      0.246013  
      75A      0.251916    76A      0.274029    77A      0.275812  
      78A      0.282915    79A      0.297886    80A      0.305838  
      81A      0.318475    82A      0.330966    83A      0.336657  
      84A      0.341699    85A      0.358277    86A      0.372004  
      87A      0.384863    88A      0.396328    89A      0.401965  
      90A      0.425903    91A      0.447993    92A      0.455262  
      93A      0.476131    94A      0.492032    95A      0.507630  
      96A      0.528819    97A      0.533016    98A      0.552306  
      99A      0.562727   100A      0.574365   101A      0.577332  
     102A      0.583227   103A      0.590025   104A      0.603701  
     105A      0.616107   106A      0.622096   107A      0.627843  
     108A      0.642984   109A      0.646158   110A      0.669947  
     111A      0.674194   112A      0.680534   113A      0.702242  
     114A      0.710003   115A      0.730290   116A      0.735348  
     117A      0.742116   118A      0.757513   119A      0.761095  
     120A      0.770834   121A      0.786607   122A      0.791991  
     123A      0.800624   124A      0.813730   125A      0.844032  
     126A      0.846640   127A      0.872998   128A      0.885612  
     129A      0.903462   130A      0.906566   131A      0.925709  
     132A      0.931755   133A      0.943639   134A      0.947517  
     135A      0.958204   136A      0.987065   137A      0.989250  
     138A      1.019893   139A      1.039468   140A      1.086035  
     141A      1.129417   142A      1.136169   143A      1.180290  
     144A      1.214698   145A      1.228650   146A      1.284629  
     147A      1.320437   148A      1.323807   149A      1.354117  
     150A      1.390693   151A      1.415596   152A      1.474142  
     153A      1.485407   154A      1.491293   155A      1.516281  
     156A      1.543049   157A      1.549494   158A      1.558927  
     159A      1.615360   160A      1.619800   161A      1.628425  
     162A      1.653571   163A      1.666894   164A      1.677722  
     165A      1.688290   166A      1.693169   167A      1.698805  
     168A      1.707022   169A      1.714820   170A      1.727624  
     171A      1.739530   172A      1.743996   173A      1.756971  
     174A      1.771079   175A      1.778284   176A      1.792517  
     177A      1.803072   178A      1.811350   179A      1.821452  
     180A      1.835277   181A      1.856672   182A      1.861672  
     183A      1.870692   184A      1.871622   185A      1.886786  
     186A      1.906659   187A      1.914736   188A      1.935241  
     189A      1.951764   190A      1.966029   191A      1.975231  
     192A      2.011504   193A      2.015948   194A      2.022641  
     195A      2.033637   196A      2.049018   197A      2.062013  
     198A      2.065331   199A      2.078264   200A      2.089577  
     201A      2.101243   202A      2.123474   203A      2.127066  
     204A      2.138430   205A      2.145054   206A      2.160009  
     207A      2.190191   208A      2.197368   209A      2.210834  
     210A      2.232870   211A      2.237400   212A      2.249152  
     213A      2.281904   214A      2.308499   215A      2.325544  
     216A      2.334925   217A      2.368648   218A      2.383963  
     219A      2.392391   220A      2.422690   221A      2.427532  
     222A      2.438460   223A      2.443698   224A      2.445391  
     225A      2.471264   226A      2.491922   227A      2.507031  
     228A      2.539580   229A      2.542291   230A      2.548695  
     231A      2.580886   232A      2.598435   233A      2.618456  
     234A      2.619781   235A      2.645350   236A      2.656792  
     237A      2.674856   238A      2.680642   239A      2.699520  
     240A      2.732355   241A      2.733580   242A      2.772645  
     243A      2.780268   244A      2.828936   245A      2.870844  
     246A      2.873694   247A      2.907691   248A      2.929370  
     249A      2.957782   250A      2.976610   251A      2.978790  
     252A      3.001001   253A      3.013009   254A      3.014320  
     255A      3.110245   256A      3.174018   257A      3.176857  
     258A      3.204014   259A      3.290866   260A      3.301225  
     261A      3.390785   262A      3.423021   263A      3.487703  
     264A      3.510035   265A      3.556996   266A      3.566952  
     267A      3.624959   268A      3.670336   269A      3.785586  
     270A      3.797663   271A      3.954115   272A      4.016274  
     273A      4.083736   274A      4.180232   275A      4.237593  
     276A      4.345544   277A      4.423604   278A      4.516834  
     279A      4.594031   280A      4.639949   281A      4.680815  
     282A      4.702476   283A      4.819803   284A      4.844804  
     285A      4.861757   286A      4.948461   287A      5.061489  
     288A      5.134090   289A      5.268701   290A      5.349209  
     291A      5.429695   292A      5.483978   293A      5.560489  
     294A      5.670407   295A      5.751762   296A      5.901784  
     297A      6.109771   298A      6.540141   299A      6.610318  
     300A     18.145052   301A     18.311245   302A     18.466704  
     303A     18.620594   304A     25.325365   305A     33.439256  
     306A     33.469439  

    Final Occupation by Irrep:
              A 
    DOCC [    20 ]

  @DF-RHF Final Energy:  -247.30340510175830

   => Energetics <=

    Nuclear Repulsion Energy =            186.3649463749232211
    One-Electron Energy =                -696.4457669154063524
    Two-Electron Energy =                 262.7774154387248586
    Total Energy =                       -247.3034051017583010

Computation Completed


Properties will be evaluated at   0.000000,   0.000000,   0.000000 [a0]

Properties computed using the SCF density matrix

  Nuclear Dipole Moment: [e a0]
     X:    80.9280      Y:  -393.7033      Z:  -127.8508

  Electronic Dipole Moment: [e a0]
     X:   -79.3330      Y:   383.0078      Z:   126.8049

  Dipole Moment: [e a0]
     X:     1.5950      Y:   -10.6955      Z:    -1.0459     Total:    10.8643

  Dipole Moment: [D]
     X:     4.0542      Y:   -27.1854      Z:    -2.6585     Total:    27.6143


*** tstop() called on aliaconda at Sun Mar 20 05:59:19 2022
Module time:
	user time   =     169.84 seconds =       2.83 minutes
	system time =      15.35 seconds =       0.26 minutes
	total time  =          8 seconds =       0.13 minutes
Total time:
	user time   =   93197.05 seconds =    1553.28 minutes
	system time =   12991.99 seconds =     216.53 minutes
	total time  =       5742 seconds =      95.70 minutes

  //>>>>>>>>>>>>>>>>>>>>>>>>>>>>>>>>>>>//
  //            Monomer B HF           //
  //<<<<<<<<<<<<<<<<<<<<<<<<<<<<<<<<<<<//


*** tstart() called on aliaconda
*** at Sun Mar 20 05:59:19 2022

   => Loading Basis Set <=

    Name: JUN-CC-PVDZ
    Role: ORBITAL
    Keyword: BASIS
    atoms 1, 14                                          entry N          line   198 file /home/alia/anaconda3/envs/mddemo/share/psi4/basis/jun-cc-pvdz.gbs 
    atoms 2-4, 6, 8-10, 13, 15-17, 19, 21, 23, 25-27, 30 entry H          line    36 file /home/alia/anaconda3/envs/mddemo/share/psi4/basis/jun-cc-pvdz.gbs 
    atoms 5, 7, 11, 18, 20, 24, 28                       entry C          line   164 file /home/alia/anaconda3/envs/mddemo/share/psi4/basis/jun-cc-pvdz.gbs 
    atoms 12, 22, 29                                     entry O          line   232 file /home/alia/anaconda3/envs/mddemo/share/psi4/basis/jun-cc-pvdz.gbs 


         ---------------------------------------------------------
                                   SCF
               by Justin Turney, Rob Parrish, Andy Simmonett
                          and Daniel G. A. Smith
                              RHF Reference
                       32 Threads,  76293 MiB Core
         ---------------------------------------------------------

  ==> Geometry <==

    Molecular point group: c1
    Full point group: C1

    Geometry (in Angstrom), charge = 1, multiplicity = 1:

       Center              X                  Y                   Z               Mass       
    ------------   -----------------  -----------------  -----------------  -----------------
      Gh(N)           0.412524574521    -6.159534990405    -1.050274549722    14.003074004430
      Gh(H)          -0.093475467441    -6.248534738635     0.039725602866     1.007825032230
      Gh(H)          -0.568475372073    -6.323535024738    -1.728274523019     1.007825032230
      Gh(H)           0.967524879697    -7.000534832096    -1.149274526834     1.007825032230
      Gh(C)           0.980524891141    -4.862535059070    -1.163274465799    12.000000000000
      Gh(H)           0.347524517301    -4.124534666156    -0.814274488687     1.007825032230
      Gh(C)           2.362524860623    -4.748534738635    -0.431274591684    12.000000000000
      Gh(H)           3.101524704221    -5.451534807300    -0.887274442911     1.007825032230
      Gh(H)           2.293524854901    -5.001534998035     0.648725332022     1.007825032230
      Gh(H)           2.706524723294    -3.692534982776    -0.452274500131     1.007825032230
      Gh(C)           1.079524868253    -4.426534711933    -2.628274618387    12.000000000000
      Gh(O)           0.355524891141    -4.937534868335    -3.462274490594    15.994914619570
      Gh(H)           1.803274267438    -3.653427660083    -2.925750671624     1.007825032230
         N            0.504524582150     2.687465131665     0.397725404502    14.003074004430
         H            0.477524631741     2.618464887524    -0.806274591684     1.007825032230
         H            0.815524929288     1.544465482617     0.609725297690     1.007825032230
         H            1.232524746182     3.339465558911     0.608725370169     1.007825032230
         C           -0.801475173709     3.171465337659     0.798725427390    12.000000000000
         H           -1.477475291965     2.420464933301     0.669725240470     1.007825032230
         C           -0.847475177524     3.706465185071     2.237725557089    12.000000000000
         H           -1.867475158450     3.989465177441     2.548725904227     1.007825032230
         O            0.023524635556     4.733464658642     2.470725835562    15.994914619570
         H            0.953524940732     4.338465154553     2.534725011588     1.007825032230
         C           -0.249475127933     2.730465352917     3.234725774527    12.000000000000
         H            0.775524967435     2.364465177441     3.013725103141     1.007825032230
         H           -0.828475124118     1.799464643384     3.151725591422     1.007825032230
         H           -0.265475398776     3.015465200329     4.239725888968     1.007825032230
         C           -1.427475101230     4.214465558911    -0.086274801492    12.000000000000
         O           -2.605475074527     4.096465528393    -0.470274626016    15.994914619570
         H           -0.838393337009     5.089910924817    -0.397043882608     1.007825032230

  Running in c1 symmetry.

  Rotational constants: A =      0.03699  B =      0.00425  C =      0.00399 [cm^-1]
  Rotational constants: A =   1108.85916  B =    127.45449  C =    119.64717 [MHz]
  Nuclear repulsion =  333.501308239791285

  Charge       = 1
  Multiplicity = 1
  Electrons    = 56
  Nalpha       = 28
  Nbeta        = 28

  ==> Algorithm <==

  SCF Algorithm Type is DF.
  DIIS enabled.
  MOM disabled.
  Fractional occupation disabled.
  Guess Type is SAD.
  Energy threshold   = 1.00e-08
  Density threshold  = 1.00e-08
  Integral threshold = 1.00e-12

  ==> Primary Basis <==

  Basis Set: JUN-CC-PVDZ
    Blend: JUN-CC-PVDZ
    Number of shells: 150
    Number of basis functions: 306
    Number of Cartesian functions: 318
    Spherical Harmonics?: true
    Max angular momentum: 2

   => Loading Basis Set <=

    Name: (JUN-CC-PVDZ AUX)
    Role: JKFIT
    Keyword: DF_BASIS_SCF
    atoms 1, 14                                          entry N          line   202 file /home/alia/anaconda3/envs/mddemo/share/psi4/basis/jun-cc-pvdz-jkfit.gbs 
    atoms 2-4, 6, 8-10, 13, 15-17, 19, 21, 23, 25-27, 30 entry H          line    70 file /home/alia/anaconda3/envs/mddemo/share/psi4/basis/jun-cc-pvdz-jkfit.gbs 
    atoms 5, 7, 11, 18, 20, 24, 28                       entry C          line   146 file /home/alia/anaconda3/envs/mddemo/share/psi4/basis/jun-cc-pvdz-jkfit.gbs 
    atoms 12, 22, 29                                     entry O          line   258 file /home/alia/anaconda3/envs/mddemo/share/psi4/basis/jun-cc-pvdz-jkfit.gbs 

  ==> Integral Setup <==

  ==> DiskDFJK: Density-Fitted J/K Matrices <==

    J tasked:                  Yes
    K tasked:                  Yes
    wK tasked:                  No
    OpenMP threads:             32
    Integrals threads:          32
    Memory [MiB]:            57220
    Algorithm:                Core
    Integral Cache:           LOAD
    Schwarz Cutoff:          1E-12
    Fitting Condition:       1E-10

   => Auxiliary Basis Set <=

  Basis Set: (JUN-CC-PVDZ AUX)
    Blend: JUN-CC-PVDZ-JKFIT
    Number of shells: 486
    Number of basis functions: 1362
    Number of Cartesian functions: 1542
    Spherical Harmonics?: true
    Max angular momentum: 3

  Minimum eigenvalue in the overlap matrix is 5.4911693505E-05.
  Reciprocal condition number of the overlap matrix is 4.7289376967E-06.
    Using symmetric orthogonalization.

  ==> Pre-Iterations <==

  SCF Guess: Superposition of Atomic Densities via on-the-fly atomic UHF (no occupation information).

   -------------------------
    Irrep   Nso     Nmo    
   -------------------------
     A        306     306 
   -------------------------
    Total     306     306
   -------------------------

  ==> Iterations <==

                           Total Energy        Delta E     RMS |[F,P]|

   @DF-RHF iter SAD:  -360.83799674264401   -3.60838e+02   0.00000e+00 
   @DF-RHF iter   1:  -360.88009355355968   -4.20968e-02   2.21310e-03 DIIS
   @DF-RHF iter   2:  -361.07486137563353   -1.94768e-01   1.38857e-03 DIIS
   @DF-RHF iter   3:  -361.14234751109950   -6.74861e-02   3.07004e-04 DIIS
   @DF-RHF iter   4:  -361.14749547029425   -5.14796e-03   1.20088e-04 DIIS
   @DF-RHF iter   5:  -361.14827875220340   -7.83282e-04   2.81755e-05 DIIS
   @DF-RHF iter   6:  -361.14835416129381   -7.54091e-05   1.34304e-05 DIIS
   @DF-RHF iter   7:  -361.14837282910025   -1.86678e-05   5.64391e-06 DIIS
   @DF-RHF iter   8:  -361.14837694591841   -4.11682e-06   2.36011e-06 DIIS
   @DF-RHF iter   9:  -361.14837770880780   -7.62889e-07   6.99578e-07 DIIS
   @DF-RHF iter  10:  -361.14837779124991   -8.24421e-08   2.62778e-07 DIIS
   @DF-RHF iter  11:  -361.14837780582207   -1.45722e-08   1.24836e-07 DIIS
   @DF-RHF iter  12:  -361.14837780996027   -4.13820e-09   6.92197e-08 DIIS
   @DF-RHF iter  13:  -361.14837781156200   -1.60173e-09   3.33614e-08 DIIS
   @DF-RHF iter  14:  -361.14837781191767   -3.55669e-10   1.02565e-08 DIIS
   @DF-RHF iter  15:  -361.14837781194421   -2.65459e-11   3.87307e-09 DIIS
  Energy and wave function converged.


  ==> Post-Iterations <==

    Orbital Energies [Eh]
    ---------------------

    Doubly Occupied:                                                      

       1A    -20.749901     2A    -20.742276     3A    -15.949494  
       4A    -11.522677     5A    -11.491210     6A    -11.476839  
       7A    -11.390464     8A     -1.573306     9A     -1.553612  
      10A     -1.514408    11A     -1.248446    12A     -1.164221  
      13A     -1.032981    14A     -1.023147    15A     -0.978759  
      16A     -0.920664    17A     -0.913277    18A     -0.842398  
      19A     -0.823924    20A     -0.817144    21A     -0.785377  
      22A     -0.767744    23A     -0.723486    24A     -0.699338  
      25A     -0.677190    26A     -0.653949    27A     -0.621600  
      28A     -0.591644  

    Virtual:                                                              

      29A     -0.137642    30A     -0.086192    31A     -0.074954  
      32A     -0.059743    33A     -0.044259    34A     -0.039462  
      35A     -0.034595    36A     -0.027083    37A     -0.023265  
      38A     -0.013877    39A     -0.010360    40A     -0.006242  
      41A     -0.000889    42A      0.001425    43A      0.009979  
      44A      0.021095    45A      0.027051    46A      0.032766  
      47A      0.037794    48A      0.039877    49A      0.042347  
      50A      0.045592    51A      0.048489    52A      0.053627  
      53A      0.057150    54A      0.064321    55A      0.071891  
      56A      0.081023    57A      0.092898    58A      0.096442  
      59A      0.099470    60A      0.104135    61A      0.113722  
      62A      0.115038    63A      0.120493    64A      0.129716  
      65A      0.139858    66A      0.142765    67A      0.148631  
      68A      0.151003    69A      0.152155    70A      0.164830  
      71A      0.169209    72A      0.174790    73A      0.185626  
      74A      0.187055    75A      0.193004    76A      0.195902  
      77A      0.205834    78A      0.208493    79A      0.218541  
      80A      0.223992    81A      0.228464    82A      0.240351  
      83A      0.245301    84A      0.259296    85A      0.267567  
      86A      0.274191    87A      0.280427    88A      0.283745  
      89A      0.292363    90A      0.306823    91A      0.310567  
      92A      0.316776    93A      0.334069    94A      0.348825  
      95A      0.358474    96A      0.365118    97A      0.375134  
      98A      0.378541    99A      0.384233   100A      0.397648  
     101A      0.434426   102A      0.440987   103A      0.447035  
     104A      0.458097   105A      0.506063   106A      0.517132  
     107A      0.528130   108A      0.540032   109A      0.549072  
     110A      0.569913   111A      0.585598   112A      0.598163  
     113A      0.606597   114A      0.619068   115A      0.628967  
     116A      0.637446   117A      0.639166   118A      0.663375  
     119A      0.680927   120A      0.692111   121A      0.705827  
     122A      0.711665   123A      0.734265   124A      0.736199  
     125A      0.747963   126A      0.750600   127A      0.757752  
     128A      0.775452   129A      0.785814   130A      0.789664  
     131A      0.794444   132A      0.815537   133A      0.824442  
     134A      0.830937   135A      0.835769   136A      0.870002  
     137A      0.875321   138A      0.878852   139A      0.896944  
     140A      0.899175   141A      0.918881   142A      0.929444  
     143A      0.948634   144A      0.977681   145A      0.988780  
     146A      1.000736   147A      1.030886   148A      1.091707  
     149A      1.142093   150A      1.163121   151A      1.169446  
     152A      1.201208   153A      1.233686   154A      1.260776  
     155A      1.297332   156A      1.335990   157A      1.352843  
     158A      1.361485   159A      1.373710   160A      1.384929  
     161A      1.412654   162A      1.416438   163A      1.436350  
     164A      1.474344   165A      1.490497   166A      1.498341  
     167A      1.509899   168A      1.522946   169A      1.556805  
     170A      1.566610   171A      1.595632   172A      1.603261  
     173A      1.609570   174A      1.616269   175A      1.637476  
     176A      1.653420   177A      1.659795   178A      1.676844  
     179A      1.687592   180A      1.698038   181A      1.705423  
     182A      1.719332   183A      1.739634   184A      1.739982  
     185A      1.750537   186A      1.758263   187A      1.786257  
     188A      1.800630   189A      1.811492   190A      1.813939  
     191A      1.815961   192A      1.843839   193A      1.853897  
     194A      1.856112   195A      1.884886   196A      1.890489  
     197A      1.892620   198A      1.899304   199A      1.920695  
     200A      1.938973   201A      1.959882   202A      1.967030  
     203A      1.970219   204A      1.976202   205A      1.983989  
     206A      1.991211   207A      1.993172   208A      2.015991  
     209A      2.018605   210A      2.044223   211A      2.059553  
     212A      2.082392   213A      2.088780   214A      2.100117  
     215A      2.111976   216A      2.124335   217A      2.143519  
     218A      2.147059   219A      2.171037   220A      2.188076  
     221A      2.191740   222A      2.200990   223A      2.233052  
     224A      2.248358   225A      2.263068   226A      2.269844  
     227A      2.301596   228A      2.305905   229A      2.325675  
     230A      2.339999   231A      2.384955   232A      2.395696  
     233A      2.399576   234A      2.403920   235A      2.411133  
     236A      2.432668   237A      2.475436   238A      2.477040  
     239A      2.485621   240A      2.501495   241A      2.526461  
     242A      2.538254   243A      2.541082   244A      2.571665  
     245A      2.635565   246A      2.641694   247A      2.654783  
     248A      2.676446   249A      2.706614   250A      2.713494  
     251A      2.725014   252A      2.737805   253A      2.761065  
     254A      2.803871   255A      2.831591   256A      2.833440  
     257A      2.855201   258A      2.874628   259A      2.898842  
     260A      2.921742   261A      2.965311   262A      2.979380  
     263A      3.028650   264A      3.064565   265A      3.101250  
     266A      3.112895   267A      3.159729   268A      3.167295  
     269A      3.199902   270A      3.252596   271A      3.261589  
     272A      3.310591   273A      3.349578   274A      3.420199  
     275A      3.475326   276A      3.510642   277A      3.543963  
     278A      3.581392   279A      3.690947   280A      3.767155  
     281A      3.811210   282A      3.908926   283A      3.940624  
     284A      4.058650   285A      4.166268   286A      4.175821  
     287A      4.311625   288A      4.356481   289A      4.643662  
     290A      4.682143   291A      4.799953   292A      4.837463  
     293A      4.849709   294A      4.947983   295A      5.086881  
     296A      5.293366   297A      5.452601   298A      5.531556  
     299A      5.719573   300A      5.857021   301A      6.711436  
     302A     18.179851   303A     18.355310   304A     18.533617  
     305A     25.333388   306A     33.429305  

    Final Occupation by Irrep:
              A 
    DOCC [    28 ]

  @DF-RHF Final Energy:  -361.14837781194421

   => Energetics <=

    Nuclear Repulsion Energy =            333.5013082397912854
    One-Electron Energy =               -1142.8004236868025600
    Two-Electron Energy =                 448.1507376350670029
    Total Energy =                       -361.1483778119442150

Computation Completed


Properties will be evaluated at   0.000000,   0.000000,   0.000000 [a0]

Properties computed using the SCF density matrix

  Nuclear Dipole Moment: [e a0]
     X:   -72.0024      Y:   383.4424      Z:   136.1937

  Electronic Dipole Moment: [e a0]
     X:    73.6699      Y:  -378.8639      Z:  -134.7472

  Dipole Moment: [e a0]
     X:     1.6675      Y:     4.5785      Z:     1.4464     Total:     5.0829

  Dipole Moment: [D]
     X:     4.2384      Y:    11.6374      Z:     3.6765     Total:    12.9193


*** tstop() called on aliaconda at Sun Mar 20 05:59:30 2022
Module time:
	user time   =     232.50 seconds =       3.88 minutes
	system time =      25.95 seconds =       0.43 minutes
	total time  =         11 seconds =       0.18 minutes
Total time:
	user time   =   93429.65 seconds =    1557.16 minutes
	system time =   13017.96 seconds =     216.97 minutes
	total time  =       5753 seconds =      95.88 minutes
  Constructing Basis Sets for SAPT...

   => Loading Basis Set <=

    Name: (JUN-CC-PVDZ AUX)
    Role: RIFIT
    Keyword: DF_BASIS_SAPT
    atoms 1, 14                                          entry N          line   144 file /home/alia/anaconda3/envs/mddemo/share/psi4/basis/jun-cc-pvdz-ri.gbs 
    atoms 2-4, 6, 8-10, 13, 15-17, 19, 21, 23, 25-27, 30 entry H          line    30 file /home/alia/anaconda3/envs/mddemo/share/psi4/basis/jun-cc-pvdz-ri.gbs 
    atoms 5, 7, 11, 18, 20, 24, 28                       entry C          line   100 file /home/alia/anaconda3/envs/mddemo/share/psi4/basis/jun-cc-pvdz-ri.gbs 
    atoms 12, 22, 29                                     entry O          line   188 file /home/alia/anaconda3/envs/mddemo/share/psi4/basis/jun-cc-pvdz-ri.gbs 


  //>>>>>>>>>>>>>>>>>>>>>>>>>>>>>>>>>>>//
  //               SAPT0               //
  //<<<<<<<<<<<<<<<<<<<<<<<<<<<<<<<<<<<//


*** tstart() called on aliaconda
*** at Sun Mar 20 05:59:30 2022

        SAPT0  
    Ed Hohenstein
     6 June 2009

      Orbital Information
  --------------------------
    NSO        =       306
    NMO        =       306
    NRI        =      1032
    NOCC A     =        20
    NOCC B     =        28
    FOCC A     =         0
    FOCC B     =         0
    NVIR A     =       286
    NVIR B     =       278

    Elst10,r            =     0.065531052671 [Eh]
    Exch10              =    -0.000000030185 [Eh]
    Exch10 (S^2)        =    -0.000000030185 [Eh]

    Iter     Energy [mEh]          dE [mEh]         Residual      Time [s]
       1      -0.39838338       0.398383378       5.570250392             1
       2      -0.38762952      -0.010753862       1.893503989             1
       3      -0.41411394       0.026484428       0.743870575             2
       4      -0.42366277       0.009548831       0.191064963             2
       5      -0.42250289      -0.001159889       0.113257474             3
       6      -0.42174482      -0.000758067       0.032878823             3
       7      -0.42196937       0.000224548       0.011807007             4
       8      -0.42200832       0.000038957       0.005600081             5
       9      -0.42198321      -0.000025117       0.002968253             5
      10      -0.42197833      -0.000004874       0.000767963             6
      11      -0.42198266       0.000004326       0.000183511             6
      12      -0.42198245      -0.000000207       0.000045078             7
      13      -0.42198231      -0.000000144       0.000012863             7
      14      -0.42198231      -0.000000002       0.000003333             8
      15      -0.42198232       0.000000012       0.000000766             8

    CHF Iterations converged


    Iter     Energy [mEh]          dE [mEh]         Residual      Time [s]
       1      -0.26618032       0.266180321       3.734456624             1
       2      -0.27275009       0.006569766       1.520181297             2
       3      -0.29266140       0.019911311       0.492872898             2
       4      -0.29627419       0.003612795       0.115424619             3
       5      -0.29554515      -0.000729045       0.068068681             3
       6      -0.29522164      -0.000323506       0.024505535             4
       7      -0.29528494       0.000063298       0.013843713             4
       8      -0.29535740       0.000072457       0.004517545             5
       9      -0.29534144      -0.000015956       0.002392891             5
      10      -0.29533452      -0.000006919       0.001115549             6
      11      -0.29533853       0.000004010       0.000445362             6
      12      -0.29533906       0.000000533       0.000121840             7
      13      -0.29533865      -0.000000417       0.000032004             8
      14      -0.29533862      -0.000000031       0.000008631             8
      15      -0.29533864       0.000000027       0.000002358             9
      16      -0.29533864       0.000000000       0.000000887             9

    CHF Iterations converged

    Ind20,r (A<-B)      =    -0.000421982318 [Eh]
    Ind20,r (B<-A)      =    -0.000295338644 [Eh]
    Ind20,r             =    -0.000717320962 [Eh]
    Exch-Ind20,r (A<-B) =     0.000000003928 [Eh]
    Exch-Ind20,r (B<-A) =     0.000000004975 [Eh]
    Exch-Ind20,r        =     0.000000008903 [Eh]
    Disp20              =    -0.000062311329 [Eh]
    Disp20 (SS)         =    -0.000031155665 [Eh]
    Disp20 (OS)         =    -0.000031155665 [Eh]
    Exch-Disp20         =     0.000000003628 [Eh]
    Exch-Disp20 (SS)    =     0.000000002593 [Eh]
    Exch-Disp20 (OS)    =     0.000000001035 [Eh]

    SAPT Results 
  --------------------------------------------------------------------------------------------------------
    Electrostatics                 65.53105267 [mEh]      41.12135638 [kcal/mol]     172.05175508 [kJ/mol]
      Elst10,r                     65.53105267 [mEh]      41.12135638 [kcal/mol]     172.05175508 [kJ/mol]

    Exchange                       -0.00003019 [mEh]      -0.00001894 [kcal/mol]      -0.00007925 [kJ/mol]
      Exch10                       -0.00003019 [mEh]      -0.00001894 [kcal/mol]      -0.00007925 [kJ/mol]
      Exch10(S^2)                  -0.00003019 [mEh]      -0.00001894 [kcal/mol]      -0.00007925 [kJ/mol]

    Induction                      -0.70671470 [mEh]      -0.44347017 [kcal/mol]      -1.85547920 [kJ/mol]
      Ind20,r                      -0.71732096 [mEh]      -0.45012570 [kcal/mol]      -1.88332593 [kJ/mol]
      Exch-Ind20,r                  0.00000890 [mEh]       0.00000559 [kcal/mol]       0.00002337 [kJ/mol]
      delta HF,r (2)                0.01059736 [mEh]       0.00664994 [kcal/mol]       0.02782336 [kJ/mol]

    Dispersion                     -0.06230770 [mEh]      -0.03909867 [kcal/mol]      -0.16358885 [kJ/mol]
      Disp20                       -0.06231133 [mEh]      -0.03910095 [kcal/mol]      -0.16359837 [kJ/mol]
      Exch-Disp20                   0.00000363 [mEh]       0.00000228 [kcal/mol]       0.00000953 [kJ/mol]
      Disp20 (SS)                  -0.03115566 [mEh]      -0.01955047 [kcal/mol]      -0.08179919 [kJ/mol]
      Disp20 (OS)                  -0.03115566 [mEh]      -0.01955047 [kcal/mol]      -0.08179919 [kJ/mol]
      Exch-Disp20 (SS)              0.00000259 [mEh]       0.00000163 [kcal/mol]       0.00000681 [kJ/mol]
      Exch-Disp20 (OS)              0.00000103 [mEh]       0.00000065 [kcal/mol]       0.00000272 [kJ/mol]

  Total HF                         64.82430778 [mEh]      40.67786726 [kcal/mol]     170.19619664 [kJ/mol]
  Total SAPT0                      64.76200008 [mEh]      40.63876859 [kcal/mol]     170.03260779 [kJ/mol]

  Special recipe for scaled SAPT0 (see Manual):
    Electrostatics sSAPT0          65.53105267 [mEh]      41.12135638 [kcal/mol]     172.05175508 [kJ/mol]
    Exchange sSAPT0                -0.00003019 [mEh]      -0.00001894 [kcal/mol]      -0.00007925 [kJ/mol]
    Induction sSAPT0               -0.70671470 [mEh]      -0.44347017 [kcal/mol]      -1.85547920 [kJ/mol]
    Dispersion sSAPT0              -0.06230770 [mEh]      -0.03909867 [kcal/mol]      -0.16358885 [kJ/mol]
  Total sSAPT0                     64.76200008 [mEh]      40.63876859 [kcal/mol]     170.03260779 [kJ/mol]
  --------------------------------------------------------------------------------------------------------

*** tstop() called on aliaconda at Sun Mar 20 06:00:17 2022
Module time:
	user time   =     666.83 seconds =      11.11 minutes
	system time =     112.87 seconds =       1.88 minutes
	total time  =         47 seconds =       0.78 minutes
Total time:
	user time   =   94099.03 seconds =    1568.32 minutes
	system time =   13131.34 seconds =     218.86 minutes
	total time  =       5800 seconds =      96.67 minutes


Warning! sapt0 does not have an associated derived wavefunction.The returned wavefunction is the dimer SCF wavefunction.


  Memory set to  74.506 GiB by Python driver.
  Threads set to 32 by Python driver.
