
Scratch directory: /tmp/

Scratch directory: /tmp/

  //>>>>>>>>>>>>>>>>>>>>>>>>>>>>>>>>>>>//
  //              Dimer HF             //
  //<<<<<<<<<<<<<<<<<<<<<<<<<<<<<<<<<<<//


*** tstart() called on aliaconda
*** at Sun Mar 20 05:39:50 2022

   => Loading Basis Set <=

    Name: JUN-CC-PVDZ
    Role: ORBITAL
    Keyword: BASIS
    atoms 1, 14                                          entry N          line   198 file /home/alia/anaconda3/envs/mddemo/share/psi4/basis/jun-cc-pvdz.gbs 
    atoms 2-4, 6, 8-10, 13, 15-17, 19, 21, 23, 25-27, 30 entry H          line    36 file /home/alia/anaconda3/envs/mddemo/share/psi4/basis/jun-cc-pvdz.gbs 
    atoms 5, 7, 11, 18, 20, 24, 28                       entry C          line   164 file /home/alia/anaconda3/envs/mddemo/share/psi4/basis/jun-cc-pvdz.gbs 
    atoms 12, 22, 29                                     entry O          line   232 file /home/alia/anaconda3/envs/mddemo/share/psi4/basis/jun-cc-pvdz.gbs 


         ---------------------------------------------------------
                                   SCF
               by Justin Turney, Rob Parrish, Andy Simmonett
                          and Daniel G. A. Smith
                              RHF Reference
                       32 Threads,  76293 MiB Core
         ---------------------------------------------------------

  ==> Geometry <==

    Molecular point group: c1
    Full point group: C1

    Geometry (in Angstrom), charge = 2, multiplicity = 1:

       Center              X                  Y                   Z               Mass       
    ------------   -----------------  -----------------  -----------------  -----------------
         N            0.611400693863    -5.789218818805    -0.724778401732    14.003074004430
         H           -0.096599489242    -5.826218998096     0.250221502901     1.007825032230
         H           -0.220599561722    -6.104218876025    -1.534778821349     1.007825032230
         H            1.278400510758    -6.518219148776    -0.641778695464     1.007825032230
         C            1.224400609940    -4.523219024799    -0.936778771758    12.000000000000
         H            0.595400423020    -3.811219131610    -0.501778828978     1.007825032230
         C            2.575400442093    -4.481219207904    -0.097778546690    12.000000000000
         H            3.298400491684    -5.293219005725    -0.425778615355     1.007825032230
         H            2.316400617569    -4.792219078204     0.958221209169     1.007825032230
         H            3.057400554627    -3.470219051501    -0.158778416991     1.007825032230
         C            1.399400562256    -4.171219265124    -2.403778540968    12.000000000000
         O            0.853400796860    -4.881218826434    -3.265778529524    15.994914619570
         H            2.001417964905    -3.299415504596    -2.699638593077     1.007825032230
         N            0.327400773972     2.524781310895     0.155221235872    14.003074004430
         H            0.283400625199     2.610780799725    -1.045778500914     1.007825032230
         H            0.604400724381     1.357780540326     0.247221243501     1.007825032230
         H            1.135400384873     3.076781356671     0.444221270204     1.007825032230
         C           -0.996599584610     2.979781234601     0.616221201540    12.000000000000
         H           -1.582599550278     2.109781349042     0.583221209169     1.007825032230
         C           -0.969599634201     3.419780814984     2.014220965028    12.000000000000
         H           -1.989599615127     3.714780891278     2.412221682191     1.007825032230
         O           -0.289599329025     4.624780738690     2.297220957399    15.994914619570
         H            0.696400732010     4.497780883649     2.115221750856     1.007825032230
         C           -0.476599603683     2.313780868390     3.007220995546    12.000000000000
         H            0.610400766342     2.278781020978     2.990221750856     1.007825032230
         H           -0.805599599869     1.302781188824     2.783221018434     1.007825032230
         H           -0.804599672348     2.577780807355     4.078221094728     1.007825032230
         C           -1.625599294693     4.062781417706    -0.291778790831    12.000000000000
         O           -2.826599508316     4.091780746320    -0.538778531432    15.994914619570
         H           -0.973899274856     4.832659805157    -0.730612027525     1.007825032230

  Running in c1 symmetry.

  Rotational constants: A =      0.03725  B =      0.00463  C =      0.00434 [cm^-1]
  Rotational constants: A =   1116.77263  B =    138.80748  C =    130.07038 [MHz]
  Nuclear repulsion =  652.577604218665329

  Charge       = 2
  Multiplicity = 1
  Electrons    = 96
  Nalpha       = 48
  Nbeta        = 48

  ==> Algorithm <==

  SCF Algorithm Type is DF.
  DIIS enabled.
  MOM disabled.
  Fractional occupation disabled.
  Guess Type is SAD.
  Energy threshold   = 1.00e-08
  Density threshold  = 1.00e-08
  Integral threshold = 1.00e-12

  ==> Primary Basis <==

  Basis Set: JUN-CC-PVDZ
    Blend: JUN-CC-PVDZ
    Number of shells: 150
    Number of basis functions: 306
    Number of Cartesian functions: 318
    Spherical Harmonics?: true
    Max angular momentum: 2

   => Loading Basis Set <=

    Name: (JUN-CC-PVDZ AUX)
    Role: JKFIT
    Keyword: DF_BASIS_SCF
    atoms 1, 14                                          entry N          line   202 file /home/alia/anaconda3/envs/mddemo/share/psi4/basis/jun-cc-pvdz-jkfit.gbs 
    atoms 2-4, 6, 8-10, 13, 15-17, 19, 21, 23, 25-27, 30 entry H          line    70 file /home/alia/anaconda3/envs/mddemo/share/psi4/basis/jun-cc-pvdz-jkfit.gbs 
    atoms 5, 7, 11, 18, 20, 24, 28                       entry C          line   146 file /home/alia/anaconda3/envs/mddemo/share/psi4/basis/jun-cc-pvdz-jkfit.gbs 
    atoms 12, 22, 29                                     entry O          line   258 file /home/alia/anaconda3/envs/mddemo/share/psi4/basis/jun-cc-pvdz-jkfit.gbs 

  ==> Integral Setup <==

  ==> DiskDFJK: Density-Fitted J/K Matrices <==

    J tasked:                  Yes
    K tasked:                  Yes
    wK tasked:                  No
    OpenMP threads:             32
    Integrals threads:          32
    Memory [MiB]:            57220
    Algorithm:                Core
    Integral Cache:           SAVE
    Schwarz Cutoff:          1E-12
    Fitting Condition:       1E-10

   => Auxiliary Basis Set <=

  Basis Set: (JUN-CC-PVDZ AUX)
    Blend: JUN-CC-PVDZ-JKFIT
    Number of shells: 486
    Number of basis functions: 1362
    Number of Cartesian functions: 1542
    Spherical Harmonics?: true
    Max angular momentum: 3

  Minimum eigenvalue in the overlap matrix is 5.5042148009E-05.
  Reciprocal condition number of the overlap matrix is 4.8176082978E-06.
    Using symmetric orthogonalization.

  ==> Pre-Iterations <==

  SCF Guess: Superposition of Atomic Densities via on-the-fly atomic UHF (no occupation information).

   -------------------------
    Irrep   Nso     Nmo    
   -------------------------
     A        306     306 
   -------------------------
    Total     306     306
   -------------------------

  ==> Iterations <==

                           Total Energy        Delta E     RMS |[F,P]|

   @DF-RHF iter SAD:  -607.23917128334244   -6.07239e+02   0.00000e+00 
   @DF-RHF iter   1:  -607.95795735272225   -7.18786e-01   2.80929e-03 DIIS
   @DF-RHF iter   2:  -608.27430801615492   -3.16351e-01   1.80642e-03 DIIS
   @DF-RHF iter   3:  -608.38857417137967   -1.14266e-01   3.96307e-04 DIIS
   @DF-RHF iter   4:  -608.39749737277668   -8.92320e-03   1.45486e-04 DIIS
   @DF-RHF iter   5:  -608.39874638854428   -1.24902e-03   3.47384e-05 DIIS
   @DF-RHF iter   6:  -608.39887222515358   -1.25837e-04   1.71700e-05 DIIS
   @DF-RHF iter   7:  -608.39890188650452   -2.96614e-05   7.65725e-06 DIIS
   @DF-RHF iter   8:  -608.39890910504766   -7.21854e-06   3.08830e-06 DIIS
   @DF-RHF iter   9:  -608.39891026989551   -1.16485e-06   1.09962e-06 DIIS
   @DF-RHF iter  10:  -608.39891040075020   -1.30855e-07   4.08817e-07 DIIS
   @DF-RHF iter  11:  -608.39891042100089   -2.02507e-08   1.85893e-07 DIIS
   @DF-RHF iter  12:  -608.39891042757904   -6.57815e-09   9.42829e-08 DIIS
   @DF-RHF iter  13:  -608.39891043004275   -2.46371e-09   5.11893e-08 DIIS
   @DF-RHF iter  14:  -608.39891043100056   -9.57812e-10   1.95819e-08 DIIS
   @DF-RHF iter  15:  -608.39891043111061   -1.10049e-10   5.46185e-09 DIIS
  Energy and wave function converged.


  ==> Post-Iterations <==

    Orbital Energies [Eh]
    ---------------------

    Doubly Occupied:                                                      

       1A    -20.825743     2A    -20.807473     3A    -20.802672  
       4A    -16.014962     5A    -15.991731     6A    -11.603827  
       7A    -11.583147     8A    -11.573396     9A    -11.562179  
      10A    -11.531648    11A    -11.515564    12A    -11.459210  
      13A     -1.639650    14A     -1.623077    15A     -1.602215  
      16A     -1.574102    17A     -1.568651    18A     -1.313741  
      19A     -1.306264    20A     -1.208783    21A     -1.171987  
      22A     -1.088475    23A     -1.086449    24A     -1.079580  
      25A     -1.029555    26A     -1.027288    27A     -0.990374  
      28A     -0.978976    29A     -0.959656    30A     -0.946830  
      31A     -0.900817    32A     -0.891566    33A     -0.879387  
      34A     -0.866421    35A     -0.863401    36A     -0.839065  
      37A     -0.817497    38A     -0.816103    39A     -0.802040  
      40A     -0.782008    41A     -0.761449    42A     -0.754609  
      43A     -0.741787    44A     -0.732875    45A     -0.711260  
      46A     -0.689090    47A     -0.686887    48A     -0.651852  

    Virtual:                                                              

      49A     -0.215664    50A     -0.186830    51A     -0.165248  
      52A     -0.151382    53A     -0.139843    54A     -0.133452  
      55A     -0.127812    56A     -0.122987    57A     -0.116007  
      58A     -0.108610    59A     -0.098414    60A     -0.096243  
      61A     -0.089063    62A     -0.085427    63A     -0.081710  
      64A     -0.074321    65A     -0.073960    66A     -0.068656  
      67A     -0.066892    68A     -0.064404    69A     -0.055065  
      70A     -0.051194    71A     -0.044519    72A     -0.037618  
      73A     -0.036238    74A     -0.029138    75A     -0.025652  
      76A     -0.024844    77A     -0.021563    78A     -0.012727  
      79A     -0.010937    80A     -0.007488    81A      0.002828  
      82A      0.008803    83A      0.015678    84A      0.030258  
      85A      0.031731    86A      0.039531    87A      0.040713  
      88A      0.050753    89A      0.056317    90A      0.060821  
      91A      0.067283    92A      0.076421    93A      0.082078  
      94A      0.087012    95A      0.093377    96A      0.102224  
      97A      0.106490    98A      0.113800    99A      0.118405  
     100A      0.121823   101A      0.126845   102A      0.131977  
     103A      0.136343   104A      0.142056   105A      0.150113  
     106A      0.155573   107A      0.160488   108A      0.166073  
     109A      0.169789   110A      0.180165   111A      0.184002  
     112A      0.199711   113A      0.204663   114A      0.212952  
     115A      0.219375   116A      0.221400   117A      0.242080  
     118A      0.252987   119A      0.257762   120A      0.262124  
     121A      0.278559   122A      0.287064   123A      0.323328  
     124A      0.326706   125A      0.363267   126A      0.372763  
     127A      0.450186   128A      0.472826   129A      0.480320  
     130A      0.501449   131A      0.509544   132A      0.516435  
     133A      0.529925   134A      0.542287   135A      0.553261  
     136A      0.559508   137A      0.567066   138A      0.574782  
     139A      0.578639   140A      0.603531   141A      0.611592  
     142A      0.612706   143A      0.624237   144A      0.635846  
     145A      0.641665   146A      0.646439   147A      0.664525  
     148A      0.668877   149A      0.673484   150A      0.678379  
     151A      0.693123   152A      0.700174   153A      0.703742  
     154A      0.709056   155A      0.729553   156A      0.734933  
     157A      0.736746   158A      0.750640   159A      0.761822  
     160A      0.775808   161A      0.778807   162A      0.797487  
     163A      0.807023   164A      0.817512   165A      0.824278  
     166A      0.834977   167A      0.842091   168A      0.849823  
     169A      0.855944   170A      0.868842   171A      0.870843  
     172A      0.902896   173A      0.926077   174A      0.934877  
     175A      0.972135   176A      1.029151   177A      1.039012  
     178A      1.042849   179A      1.092472   180A      1.120316  
     181A      1.138131   182A      1.144040   183A      1.151158  
     184A      1.172622   185A      1.196285   186A      1.214348  
     187A      1.237635   188A      1.245300   189A      1.256594  
     190A      1.267045   191A      1.270834   192A      1.277985  
     193A      1.292802   194A      1.295516   195A      1.318871  
     196A      1.324163   197A      1.324628   198A      1.327310  
     199A      1.346955   200A      1.378580   201A      1.387864  
     202A      1.393684   203A      1.402505   204A      1.429925  
     205A      1.432979   206A      1.456918   207A      1.470099  
     208A      1.514235   209A      1.541741   210A      1.547621  
     211A      1.564777   212A      1.574771   213A      1.588586  
     214A      1.606385   215A      1.617502   216A      1.622373  
     217A      1.634554   218A      1.648589   219A      1.658221  
     220A      1.670854   221A      1.673546   222A      1.684394  
     223A      1.698599   224A      1.714941   225A      1.720490  
     226A      1.727547   227A      1.729357   228A      1.744895  
     229A      1.749906   230A      1.754420   231A      1.770318  
     232A      1.774939   233A      1.780244   234A      1.804850  
     235A      1.807225   236A      1.818310   237A      1.823473  
     238A      1.840972   239A      1.860758   240A      1.880951  
     241A      1.903517   242A      1.909793   243A      1.931401  
     244A      1.934149   245A      1.947682   246A      1.967831  
     247A      1.971053   248A      1.997050   249A      2.024788  
     250A      2.028178   251A      2.042603   252A      2.055077  
     253A      2.061949   254A      2.085102   255A      2.121549  
     256A      2.136814   257A      2.153569   258A      2.154909  
     259A      2.174854   260A      2.195967   261A      2.220977  
     262A      2.236818   263A      2.303549   264A      2.309974  
     265A      2.326316   266A      2.344851   267A      2.377680  
     268A      2.378583   269A      2.388233   270A      2.436979  
     271A      2.448123   272A      2.453752   273A      2.481128  
     274A      2.485505   275A      2.505578   276A      2.527776  
     277A      2.548790   278A      2.552460   279A      2.601832  
     280A      2.606766   281A      2.610364   282A      2.637338  
     283A      2.680247   284A      2.686246   285A      2.710180  
     286A      2.769416   287A      2.772490   288A      2.812799  
     289A      2.835523   290A      2.873276   291A      2.892103  
     292A      2.954779   293A      2.976255   294A      3.043307  
     295A      3.069725   296A      3.080474   297A      3.191295  
     298A      3.192585   299A      3.221870   300A      3.248117  
     301A      3.470697   302A      3.477779   303A      3.531450  
     304A      3.680557   305A      3.746597   306A      3.854011  

    Final Occupation by Irrep:
              A 
    DOCC [    48 ]

  @DF-RHF Final Energy:  -608.39891043111061

   => Energetics <=

    Nuclear Repulsion Energy =            652.5776042186653285
    One-Electron Energy =               -2098.6423851749405003
    Two-Electron Energy =                 837.6658705251645642
    Total Energy =                       -608.3989104311106075

Computation Completed


Properties will be evaluated at   0.000000,   0.000000,   0.000000 [a0]

Properties computed using the SCF density matrix

  Nuclear Dipole Moment: [e a0]
     X:     8.8023      Y:   -10.0548      Z:     8.5472

  Electronic Dipole Moment: [e a0]
     X:    -5.5938      Y:     4.4126      Z:    -8.3242

  Dipole Moment: [e a0]
     X:     3.2084      Y:    -5.6423      Z:     0.2230     Total:     6.4945

  Dipole Moment: [D]
     X:     8.1551      Y:   -14.3412      Z:     0.5668     Total:    16.5075


*** tstop() called on aliaconda at Sun Mar 20 05:40:05 2022
Module time:
	user time   =     316.19 seconds =       5.27 minutes
	system time =      36.68 seconds =       0.61 minutes
	total time  =         15 seconds =       0.25 minutes
Total time:
	user time   =   73700.63 seconds =    1228.34 minutes
	system time =   10281.82 seconds =     171.36 minutes
	total time  =       4588 seconds =      76.47 minutes

  //>>>>>>>>>>>>>>>>>>>>>>>>>>>>>>>>>>>//
  //            Monomer A HF           //
  //<<<<<<<<<<<<<<<<<<<<<<<<<<<<<<<<<<<//


*** tstart() called on aliaconda
*** at Sun Mar 20 05:40:05 2022

   => Loading Basis Set <=

    Name: JUN-CC-PVDZ
    Role: ORBITAL
    Keyword: BASIS
    atoms 1, 14                                          entry N          line   198 file /home/alia/anaconda3/envs/mddemo/share/psi4/basis/jun-cc-pvdz.gbs 
    atoms 2-4, 6, 8-10, 13, 15-17, 19, 21, 23, 25-27, 30 entry H          line    36 file /home/alia/anaconda3/envs/mddemo/share/psi4/basis/jun-cc-pvdz.gbs 
    atoms 5, 7, 11, 18, 20, 24, 28                       entry C          line   164 file /home/alia/anaconda3/envs/mddemo/share/psi4/basis/jun-cc-pvdz.gbs 
    atoms 12, 22, 29                                     entry O          line   232 file /home/alia/anaconda3/envs/mddemo/share/psi4/basis/jun-cc-pvdz.gbs 


         ---------------------------------------------------------
                                   SCF
               by Justin Turney, Rob Parrish, Andy Simmonett
                          and Daniel G. A. Smith
                              RHF Reference
                       32 Threads,  76293 MiB Core
         ---------------------------------------------------------

  ==> Geometry <==

    Molecular point group: c1
    Full point group: C1

    Geometry (in Angstrom), charge = 1, multiplicity = 1:

       Center              X                  Y                   Z               Mass       
    ------------   -----------------  -----------------  -----------------  -----------------
         N            0.611400693863    -5.789218818805    -0.724778401732    14.003074004430
         H           -0.096599489242    -5.826218998096     0.250221502901     1.007825032230
         H           -0.220599561722    -6.104218876025    -1.534778821349     1.007825032230
         H            1.278400510758    -6.518219148776    -0.641778695464     1.007825032230
         C            1.224400609940    -4.523219024799    -0.936778771758    12.000000000000
         H            0.595400423020    -3.811219131610    -0.501778828978     1.007825032230
         C            2.575400442093    -4.481219207904    -0.097778546690    12.000000000000
         H            3.298400491684    -5.293219005725    -0.425778615355     1.007825032230
         H            2.316400617569    -4.792219078204     0.958221209169     1.007825032230
         H            3.057400554627    -3.470219051501    -0.158778416991     1.007825032230
         C            1.399400562256    -4.171219265124    -2.403778540968    12.000000000000
         O            0.853400796860    -4.881218826434    -3.265778529524    15.994914619570
         H            2.001417964905    -3.299415504596    -2.699638593077     1.007825032230
      Gh(N)           0.327400773972     2.524781310895     0.155221235872    14.003074004430
      Gh(H)           0.283400625199     2.610780799725    -1.045778500914     1.007825032230
      Gh(H)           0.604400724381     1.357780540326     0.247221243501     1.007825032230
      Gh(H)           1.135400384873     3.076781356671     0.444221270204     1.007825032230
      Gh(C)          -0.996599584610     2.979781234601     0.616221201540    12.000000000000
      Gh(H)          -1.582599550278     2.109781349042     0.583221209169     1.007825032230
      Gh(C)          -0.969599634201     3.419780814984     2.014220965028    12.000000000000
      Gh(H)          -1.989599615127     3.714780891278     2.412221682191     1.007825032230
      Gh(O)          -0.289599329025     4.624780738690     2.297220957399    15.994914619570
      Gh(H)           0.696400732010     4.497780883649     2.115221750856     1.007825032230
      Gh(C)          -0.476599603683     2.313780868390     3.007220995546    12.000000000000
      Gh(H)           0.610400766342     2.278781020978     2.990221750856     1.007825032230
      Gh(H)          -0.805599599869     1.302781188824     2.783221018434     1.007825032230
      Gh(H)          -0.804599672348     2.577780807355     4.078221094728     1.007825032230
      Gh(C)          -1.625599294693     4.062781417706    -0.291778790831    12.000000000000
      Gh(O)          -2.826599508316     4.091780746320    -0.538778531432    15.994914619570
      Gh(H)          -0.973899274856     4.832659805157    -0.730612027525     1.007825032230

  Running in c1 symmetry.

  Rotational constants: A =      0.03725  B =      0.00463  C =      0.00434 [cm^-1]
  Rotational constants: A =   1116.77263  B =    138.80748  C =    130.07038 [MHz]
  Nuclear repulsion =  185.697311392067348

  Charge       = 1
  Multiplicity = 1
  Electrons    = 40
  Nalpha       = 20
  Nbeta        = 20

  ==> Algorithm <==

  SCF Algorithm Type is DF.
  DIIS enabled.
  MOM disabled.
  Fractional occupation disabled.
  Guess Type is SAD.
  Energy threshold   = 1.00e-08
  Density threshold  = 1.00e-08
  Integral threshold = 1.00e-12

  ==> Primary Basis <==

  Basis Set: JUN-CC-PVDZ
    Blend: JUN-CC-PVDZ
    Number of shells: 150
    Number of basis functions: 306
    Number of Cartesian functions: 318
    Spherical Harmonics?: true
    Max angular momentum: 2

   => Loading Basis Set <=

    Name: (JUN-CC-PVDZ AUX)
    Role: JKFIT
    Keyword: DF_BASIS_SCF
    atoms 1, 14                                          entry N          line   202 file /home/alia/anaconda3/envs/mddemo/share/psi4/basis/jun-cc-pvdz-jkfit.gbs 
    atoms 2-4, 6, 8-10, 13, 15-17, 19, 21, 23, 25-27, 30 entry H          line    70 file /home/alia/anaconda3/envs/mddemo/share/psi4/basis/jun-cc-pvdz-jkfit.gbs 
    atoms 5, 7, 11, 18, 20, 24, 28                       entry C          line   146 file /home/alia/anaconda3/envs/mddemo/share/psi4/basis/jun-cc-pvdz-jkfit.gbs 
    atoms 12, 22, 29                                     entry O          line   258 file /home/alia/anaconda3/envs/mddemo/share/psi4/basis/jun-cc-pvdz-jkfit.gbs 

  ==> Integral Setup <==

  ==> DiskDFJK: Density-Fitted J/K Matrices <==

    J tasked:                  Yes
    K tasked:                  Yes
    wK tasked:                  No
    OpenMP threads:             32
    Integrals threads:          32
    Memory [MiB]:            57220
    Algorithm:                Core
    Integral Cache:           LOAD
    Schwarz Cutoff:          1E-12
    Fitting Condition:       1E-10

   => Auxiliary Basis Set <=

  Basis Set: (JUN-CC-PVDZ AUX)
    Blend: JUN-CC-PVDZ-JKFIT
    Number of shells: 486
    Number of basis functions: 1362
    Number of Cartesian functions: 1542
    Spherical Harmonics?: true
    Max angular momentum: 3

  Minimum eigenvalue in the overlap matrix is 5.5042148009E-05.
  Reciprocal condition number of the overlap matrix is 4.8176082978E-06.
    Using symmetric orthogonalization.

  ==> Pre-Iterations <==

  SCF Guess: Superposition of Atomic Densities via on-the-fly atomic UHF (no occupation information).

   -------------------------
    Irrep   Nso     Nmo    
   -------------------------
     A        306     306 
   -------------------------
    Total     306     306
   -------------------------

  ==> Iterations <==

                           Total Energy        Delta E     RMS |[F,P]|

   @DF-RHF iter SAD:  -246.70171523912683   -2.46702e+02   0.00000e+00 
   @DF-RHF iter   1:  -247.12915404757695   -4.27439e-01   1.72816e-03 DIIS
   @DF-RHF iter   2:  -247.25296094062648   -1.23807e-01   1.09263e-03 DIIS
   @DF-RHF iter   3:  -247.29495613473406   -4.19952e-02   2.50826e-04 DIIS
   @DF-RHF iter   4:  -247.29866092473100   -3.70479e-03   8.44189e-05 DIIS
   @DF-RHF iter   5:  -247.29911859866328   -4.57674e-04   2.01846e-05 DIIS
   @DF-RHF iter   6:  -247.29916968402728   -5.10854e-05   8.89546e-06 DIIS
   @DF-RHF iter   7:  -247.29917875678655   -9.07276e-06   4.37403e-06 DIIS
   @DF-RHF iter   8:  -247.29918115762163   -2.40084e-06   1.50077e-06 DIIS
   @DF-RHF iter   9:  -247.29918144774240   -2.90121e-07   3.42268e-07 DIIS
   @DF-RHF iter  10:  -247.29918146169547   -1.39531e-08   1.13304e-07 DIIS
   @DF-RHF iter  11:  -247.29918146360274   -1.90727e-09   3.71539e-08 DIIS
   @DF-RHF iter  12:  -247.29918146391901   -3.16277e-10   1.97199e-08 DIIS
   @DF-RHF iter  13:  -247.29918146405737   -1.38357e-10   8.07994e-09 DIIS
  Energy and wave function converged.


  ==> Post-Iterations <==

    Orbital Energies [Eh]
    ---------------------

    Doubly Occupied:                                                      

       1A    -20.754517     2A    -15.925732     3A    -11.532861  
       4A    -11.500496     5A    -11.443803     6A     -1.569552  
       7A     -1.506521     8A     -1.234908     9A     -1.100514  
      10A     -1.017788    11A     -0.959527    12A     -0.921630  
      13A     -0.875929    14A     -0.821729    15A     -0.796060  
      16A     -0.744966    17A     -0.730699    18A     -0.710830  
      19A     -0.671777    20A     -0.615890  

    Virtual:                                                              

      21A     -0.120276    22A     -0.072782    23A     -0.069898  
      24A     -0.055585    25A     -0.049542    26A     -0.034084  
      27A     -0.027148    28A     -0.026817    29A     -0.012730  
      30A     -0.010331    31A     -0.001317    32A     -0.000017  
      33A      0.007665    34A      0.011093    35A      0.019146  
      36A      0.027551    37A      0.028925    38A      0.032542  
      39A      0.040898    40A      0.042905    41A      0.047345  
      42A      0.049210    43A      0.056425    44A      0.067048  
      45A      0.072971    46A      0.079404    47A      0.081843  
      48A      0.083608    49A      0.092205    50A      0.096931  
      51A      0.106797    52A      0.110581    53A      0.116948  
      54A      0.127390    55A      0.134372    56A      0.143229  
      57A      0.148722    58A      0.149977    59A      0.153338  
      60A      0.155727    61A      0.164134    62A      0.165159  
      63A      0.171111    64A      0.184409    65A      0.189297  
      66A      0.196508    67A      0.199411    68A      0.207734  
      69A      0.219635    70A      0.223812    71A      0.232327  
      72A      0.238857    73A      0.245835    74A      0.254147  
      75A      0.256327    76A      0.269666    77A      0.271665  
      78A      0.284107    79A      0.291911    80A      0.304349  
      81A      0.315396    82A      0.325028    83A      0.328393  
      84A      0.337318    85A      0.356273    86A      0.362091  
      87A      0.379159    88A      0.393308    89A      0.396472  
      90A      0.434411    91A      0.437605    92A      0.450516  
      93A      0.474831    94A      0.481747    95A      0.507423  
      96A      0.522362    97A      0.529431    98A      0.547746  
      99A      0.552889   100A      0.567805   101A      0.571809  
     102A      0.578560   103A      0.588705   104A      0.591982  
     105A      0.609800   106A      0.611267   107A      0.635440  
     108A      0.646723   109A      0.647138   110A      0.665998  
     111A      0.675359   112A      0.678725   113A      0.684648  
     114A      0.704219   115A      0.712012   116A      0.734044  
     117A      0.734962   118A      0.741438   119A      0.749821  
     120A      0.764177   121A      0.772456   122A      0.791114  
     123A      0.802422   124A      0.812655   125A      0.842116  
     126A      0.850600   127A      0.867108   128A      0.884416  
     129A      0.886331   130A      0.909839   131A      0.918727  
     132A      0.919307   133A      0.935079   134A      0.938016  
     135A      0.944431   136A      0.974485   137A      0.982361  
     138A      1.004828   139A      1.034776   140A      1.100355  
     141A      1.113997   142A      1.145605   143A      1.191463  
     144A      1.221040   145A      1.222203   146A      1.285780  
     147A      1.314712   148A      1.325707   149A      1.345999  
     150A      1.392233   151A      1.395965   152A      1.459105  
     153A      1.465386   154A      1.494691   155A      1.497977  
     156A      1.529518   157A      1.557597   158A      1.584741  
     159A      1.599768   160A      1.615795   161A      1.620083  
     162A      1.645013   163A      1.647599   164A      1.676963  
     165A      1.679174   166A      1.687578   167A      1.695183  
     168A      1.705838   169A      1.717835   170A      1.727734  
     171A      1.738821   172A      1.742307   173A      1.754836  
     174A      1.765244   175A      1.770520   176A      1.799672  
     177A      1.802499   178A      1.819153   179A      1.825046  
     180A      1.827352   181A      1.842267   182A      1.857948  
     183A      1.873983   184A      1.877180   185A      1.883958  
     186A      1.889055   187A      1.898046   188A      1.924666  
     189A      1.938529   190A      1.956386   191A      1.973955  
     192A      1.975696   193A      2.002123   194A      2.002530  
     195A      2.014252   196A      2.035311   197A      2.039135  
     198A      2.050512   199A      2.065731   200A      2.066056  
     201A      2.090234   202A      2.096238   203A      2.115982  
     204A      2.132766   205A      2.139064   206A      2.154656  
     207A      2.181372   208A      2.187672   209A      2.206646  
     210A      2.208661   211A      2.223949   212A      2.226984  
     213A      2.267315   214A      2.289445   215A      2.291479  
     216A      2.303588   217A      2.329847   218A      2.350388  
     219A      2.374612   220A      2.375977   221A      2.405043  
     222A      2.427078   223A      2.440021   224A      2.446410  
     225A      2.452735   226A      2.458825   227A      2.517757  
     228A      2.520165   229A      2.524046   230A      2.553905  
     231A      2.556871   232A      2.587098   233A      2.591952  
     234A      2.598954   235A      2.607771   236A      2.625352  
     237A      2.671562   238A      2.683937   239A      2.698187  
     240A      2.718119   241A      2.744781   242A      2.755457  
     243A      2.769701   244A      2.824369   245A      2.843666  
     246A      2.848124   247A      2.882601   248A      2.890283  
     249A      2.900705   250A      2.928229   251A      2.947149  
     252A      2.962158   253A      3.020941   254A      3.024322  
     255A      3.090744   256A      3.104088   257A      3.136438  
     258A      3.183734   259A      3.259960   260A      3.261162  
     261A      3.347079   262A      3.386543   263A      3.442196  
     264A      3.486483   265A      3.540917   266A      3.576918  
     267A      3.620995   268A      3.637730   269A      3.716310  
     270A      3.750326   271A      3.923796   272A      3.983342  
     273A      4.015644   274A      4.178358   275A      4.188384  
     276A      4.312765   277A      4.407783   278A      4.482745  
     279A      4.558905   280A      4.585541   281A      4.666973  
     282A      4.680703   283A      4.715513   284A      4.801671  
     285A      4.854573   286A      4.862508   287A      5.013941  
     288A      5.054608   289A      5.099817   290A      5.159281  
     291A      5.352997   292A      5.490056   293A      5.555723  
     294A      5.655957   295A      5.748062   296A      5.763978  
     297A      5.992637   298A      6.524265   299A      6.683625  
     300A     18.137036   301A     18.331472   302A     18.418834  
     303A     18.599731   304A     25.315863   305A     33.441981  
     306A     33.459389  

    Final Occupation by Irrep:
              A 
    DOCC [    20 ]

  @DF-RHF Final Energy:  -247.29918146405737

   => Energetics <=

    Nuclear Repulsion Energy =            185.6973113920673484
    One-Electron Energy =                -695.1215276323686112
    Two-Electron Energy =                 262.1250347762438651
    Total Energy =                       -247.2991814640573693

Computation Completed


Properties will be evaluated at   0.000000,   0.000000,   0.000000 [a0]

Properties computed using the SCF density matrix

  Nuclear Dipole Moment: [e a0]
     X:   103.0514      Y:  -373.6804      Z:  -106.9279

  Electronic Dipole Moment: [e a0]
     X:  -101.1756      Y:   363.8433      Z:   106.4665

  Dipole Moment: [e a0]
     X:     1.8758      Y:    -9.8372      Z:    -0.4613     Total:    10.0250

  Dipole Moment: [D]
     X:     4.7678      Y:   -25.0036      Z:    -1.1726     Total:    25.4811


*** tstop() called on aliaconda at Sun Mar 20 05:40:14 2022
Module time:
	user time   =     170.85 seconds =       2.85 minutes
	system time =      14.91 seconds =       0.25 minutes
	total time  =          9 seconds =       0.15 minutes
Total time:
	user time   =   73871.64 seconds =    1231.19 minutes
	system time =   10296.76 seconds =     171.61 minutes
	total time  =       4597 seconds =      76.62 minutes

  //>>>>>>>>>>>>>>>>>>>>>>>>>>>>>>>>>>>//
  //            Monomer B HF           //
  //<<<<<<<<<<<<<<<<<<<<<<<<<<<<<<<<<<<//


*** tstart() called on aliaconda
*** at Sun Mar 20 05:40:14 2022

   => Loading Basis Set <=

    Name: JUN-CC-PVDZ
    Role: ORBITAL
    Keyword: BASIS
    atoms 1, 14                                          entry N          line   198 file /home/alia/anaconda3/envs/mddemo/share/psi4/basis/jun-cc-pvdz.gbs 
    atoms 2-4, 6, 8-10, 13, 15-17, 19, 21, 23, 25-27, 30 entry H          line    36 file /home/alia/anaconda3/envs/mddemo/share/psi4/basis/jun-cc-pvdz.gbs 
    atoms 5, 7, 11, 18, 20, 24, 28                       entry C          line   164 file /home/alia/anaconda3/envs/mddemo/share/psi4/basis/jun-cc-pvdz.gbs 
    atoms 12, 22, 29                                     entry O          line   232 file /home/alia/anaconda3/envs/mddemo/share/psi4/basis/jun-cc-pvdz.gbs 


         ---------------------------------------------------------
                                   SCF
               by Justin Turney, Rob Parrish, Andy Simmonett
                          and Daniel G. A. Smith
                              RHF Reference
                       32 Threads,  76293 MiB Core
         ---------------------------------------------------------

  ==> Geometry <==

    Molecular point group: c1
    Full point group: C1

    Geometry (in Angstrom), charge = 1, multiplicity = 1:

       Center              X                  Y                   Z               Mass       
    ------------   -----------------  -----------------  -----------------  -----------------
      Gh(N)           0.611400693863    -5.789218818805    -0.724778401732    14.003074004430
      Gh(H)          -0.096599489242    -5.826218998096     0.250221502901     1.007825032230
      Gh(H)          -0.220599561722    -6.104218876025    -1.534778821349     1.007825032230
      Gh(H)           1.278400510758    -6.518219148776    -0.641778695464     1.007825032230
      Gh(C)           1.224400609940    -4.523219024799    -0.936778771758    12.000000000000
      Gh(H)           0.595400423020    -3.811219131610    -0.501778828978     1.007825032230
      Gh(C)           2.575400442093    -4.481219207904    -0.097778546690    12.000000000000
      Gh(H)           3.298400491684    -5.293219005725    -0.425778615355     1.007825032230
      Gh(H)           2.316400617569    -4.792219078204     0.958221209169     1.007825032230
      Gh(H)           3.057400554627    -3.470219051501    -0.158778416991     1.007825032230
      Gh(C)           1.399400562256    -4.171219265124    -2.403778540968    12.000000000000
      Gh(O)           0.853400796860    -4.881218826434    -3.265778529524    15.994914619570
      Gh(H)           2.001417964905    -3.299415504596    -2.699638593077     1.007825032230
         N            0.327400773972     2.524781310895     0.155221235872    14.003074004430
         H            0.283400625199     2.610780799725    -1.045778500914     1.007825032230
         H            0.604400724381     1.357780540326     0.247221243501     1.007825032230
         H            1.135400384873     3.076781356671     0.444221270204     1.007825032230
         C           -0.996599584610     2.979781234601     0.616221201540    12.000000000000
         H           -1.582599550278     2.109781349042     0.583221209169     1.007825032230
         C           -0.969599634201     3.419780814984     2.014220965028    12.000000000000
         H           -1.989599615127     3.714780891278     2.412221682191     1.007825032230
         O           -0.289599329025     4.624780738690     2.297220957399    15.994914619570
         H            0.696400732010     4.497780883649     2.115221750856     1.007825032230
         C           -0.476599603683     2.313780868390     3.007220995546    12.000000000000
         H            0.610400766342     2.278781020978     2.990221750856     1.007825032230
         H           -0.805599599869     1.302781188824     2.783221018434     1.007825032230
         H           -0.804599672348     2.577780807355     4.078221094728     1.007825032230
         C           -1.625599294693     4.062781417706    -0.291778790831    12.000000000000
         O           -2.826599508316     4.091780746320    -0.538778531432    15.994914619570
         H           -0.973899274856     4.832659805157    -0.730612027525     1.007825032230

  Running in c1 symmetry.

  Rotational constants: A =      0.03725  B =      0.00463  C =      0.00434 [cm^-1]
  Rotational constants: A =   1116.77263  B =    138.80748  C =    130.07038 [MHz]
  Nuclear repulsion =  329.116532286935751

  Charge       = 1
  Multiplicity = 1
  Electrons    = 56
  Nalpha       = 28
  Nbeta        = 28

  ==> Algorithm <==

  SCF Algorithm Type is DF.
  DIIS enabled.
  MOM disabled.
  Fractional occupation disabled.
  Guess Type is SAD.
  Energy threshold   = 1.00e-08
  Density threshold  = 1.00e-08
  Integral threshold = 1.00e-12

  ==> Primary Basis <==

  Basis Set: JUN-CC-PVDZ
    Blend: JUN-CC-PVDZ
    Number of shells: 150
    Number of basis functions: 306
    Number of Cartesian functions: 318
    Spherical Harmonics?: true
    Max angular momentum: 2

   => Loading Basis Set <=

    Name: (JUN-CC-PVDZ AUX)
    Role: JKFIT
    Keyword: DF_BASIS_SCF
    atoms 1, 14                                          entry N          line   202 file /home/alia/anaconda3/envs/mddemo/share/psi4/basis/jun-cc-pvdz-jkfit.gbs 
    atoms 2-4, 6, 8-10, 13, 15-17, 19, 21, 23, 25-27, 30 entry H          line    70 file /home/alia/anaconda3/envs/mddemo/share/psi4/basis/jun-cc-pvdz-jkfit.gbs 
    atoms 5, 7, 11, 18, 20, 24, 28                       entry C          line   146 file /home/alia/anaconda3/envs/mddemo/share/psi4/basis/jun-cc-pvdz-jkfit.gbs 
    atoms 12, 22, 29                                     entry O          line   258 file /home/alia/anaconda3/envs/mddemo/share/psi4/basis/jun-cc-pvdz-jkfit.gbs 

  ==> Integral Setup <==

  ==> DiskDFJK: Density-Fitted J/K Matrices <==

    J tasked:                  Yes
    K tasked:                  Yes
    wK tasked:                  No
    OpenMP threads:             32
    Integrals threads:          32
    Memory [MiB]:            57220
    Algorithm:                Core
    Integral Cache:           LOAD
    Schwarz Cutoff:          1E-12
    Fitting Condition:       1E-10

   => Auxiliary Basis Set <=

  Basis Set: (JUN-CC-PVDZ AUX)
    Blend: JUN-CC-PVDZ-JKFIT
    Number of shells: 486
    Number of basis functions: 1362
    Number of Cartesian functions: 1542
    Spherical Harmonics?: true
    Max angular momentum: 3

  Minimum eigenvalue in the overlap matrix is 5.5042148010E-05.
  Reciprocal condition number of the overlap matrix is 4.8176082978E-06.
    Using symmetric orthogonalization.

  ==> Pre-Iterations <==

  SCF Guess: Superposition of Atomic Densities via on-the-fly atomic UHF (no occupation information).

   -------------------------
    Irrep   Nso     Nmo    
   -------------------------
     A        306     306 
   -------------------------
    Total     306     306
   -------------------------

  ==> Iterations <==

                           Total Energy        Delta E     RMS |[F,P]|

   @DF-RHF iter SAD:  -360.53743090946978   -3.60537e+02   0.00000e+00 
   @DF-RHF iter   1:  -360.90505030464311   -3.67619e-01   2.19552e-03 DIIS
   @DF-RHF iter   2:  -361.09581570480856   -1.90765e-01   1.39798e-03 DIIS
   @DF-RHF iter   3:  -361.16408531075768   -6.82696e-02   3.02803e-04 DIIS
   @DF-RHF iter   4:  -361.16911825568417   -5.03294e-03   1.15043e-04 DIIS
   @DF-RHF iter   5:  -361.16985856973230   -7.40314e-04   2.67472e-05 DIIS
   @DF-RHF iter   6:  -361.16992614086638   -6.75711e-05   1.28295e-05 DIIS
   @DF-RHF iter   7:  -361.16994243099094   -1.62901e-05   5.41046e-06 DIIS
   @DF-RHF iter   8:  -361.16994612703508   -3.69604e-06   2.25641e-06 DIIS
   @DF-RHF iter   9:  -361.16994679821329   -6.71178e-07   6.88292e-07 DIIS
   @DF-RHF iter  10:  -361.16994687527335   -7.70601e-08   2.53779e-07 DIIS
   @DF-RHF iter  11:  -361.16994688877116   -1.34978e-08   1.21330e-07 DIIS
   @DF-RHF iter  12:  -361.16994689256023   -3.78907e-09   6.75029e-08 DIIS
   @DF-RHF iter  13:  -361.16994689404419   -1.48395e-09   3.18665e-08 DIIS
   @DF-RHF iter  14:  -361.16994689436854   -3.24349e-10   9.23660e-09 DIIS
  Energy and wave function converged.


  ==> Post-Iterations <==

    Orbital Energies [Eh]
    ---------------------

    Doubly Occupied:                                                      

       1A    -20.751229     2A    -20.747200     3A    -15.948741  
       4A    -11.527109     5A    -11.501321     6A    -11.473607  
       7A    -11.398110     8A     -1.566730     9A     -1.545451  
      10A     -1.505610    11A     -1.253139    12A     -1.148429  
      13A     -1.027593    14A     -1.018566    15A     -0.966801  
      16A     -0.915687    17A     -0.899569    18A     -0.841444  
      19A     -0.819811    20A     -0.806933    21A     -0.781110  
      22A     -0.756974    23A     -0.701970    24A     -0.696498  
      25A     -0.676361    26A     -0.653363    27A     -0.632405  
      28A     -0.594947  

    Virtual:                                                              

      29A     -0.138707    30A     -0.089378    31A     -0.078095  
      32A     -0.057368    33A     -0.047608    34A     -0.039928  
      35A     -0.034162    36A     -0.024946    37A     -0.022726  
      38A     -0.015260    39A     -0.012606    40A     -0.005350  
      41A     -0.002498    42A      0.001278    43A      0.007728  
      44A      0.018476    45A      0.026534    46A      0.030141  
      47A      0.035497    48A      0.039540    49A      0.041003  
      50A      0.043489    51A      0.046713    52A      0.052322  
      53A      0.054038    54A      0.063979    55A      0.075628  
      56A      0.080521    57A      0.091737    58A      0.095678  
      59A      0.098156    60A      0.103332    61A      0.114937  
      62A      0.115771    63A      0.122965    64A      0.129734  
      65A      0.136504    66A      0.143294    67A      0.144814  
      68A      0.147795    69A      0.158059    70A      0.162368  
      71A      0.164987    72A      0.175757    73A      0.178819  
      74A      0.186908    75A      0.191920    76A      0.196630  
      77A      0.202112    78A      0.203560    79A      0.217294  
      80A      0.221658    81A      0.224112    82A      0.234734  
      83A      0.240956    84A      0.256755    85A      0.266649  
      86A      0.275204    87A      0.277591    88A      0.281490  
      89A      0.290791    90A      0.309572    91A      0.312389  
      92A      0.317493    93A      0.338567    94A      0.342114  
      95A      0.347326    96A      0.351846    97A      0.374776  
      98A      0.380101    99A      0.383992   100A      0.395760  
     101A      0.421666   102A      0.432987   103A      0.442493  
     104A      0.462048   105A      0.503618   106A      0.519103  
     107A      0.521925   108A      0.533553   109A      0.554154  
     110A      0.570811   111A      0.572726   112A      0.591840  
     113A      0.613491   114A      0.621423   115A      0.630335  
     116A      0.638591   117A      0.643237   118A      0.669245  
     119A      0.674092   120A      0.686081   121A      0.698323  
     122A      0.704979   123A      0.716702   124A      0.733775  
     125A      0.740678   126A      0.754929   127A      0.763356  
     128A      0.765450   129A      0.790400   130A      0.797238  
     131A      0.801361   132A      0.812696   133A      0.819842  
     134A      0.825877   135A      0.835288   136A      0.867661  
     137A      0.874643   138A      0.881643   139A      0.890458  
     140A      0.896729   141A      0.912544   142A      0.914968  
     143A      0.933457   144A      0.964495   145A      0.978266  
     146A      0.988757   147A      1.030500   148A      1.098468  
     149A      1.151696   150A      1.155746   151A      1.196495  
     152A      1.202614   153A      1.231744   154A      1.256064  
     155A      1.297682   156A      1.324455   157A      1.329513  
     158A      1.348124   159A      1.351883   160A      1.378355  
     161A      1.384215   162A      1.406383   163A      1.436239  
     164A      1.460372   165A      1.478952   166A      1.489325  
     167A      1.491008   168A      1.516912   169A      1.528066  
     170A      1.550263   171A      1.578226   172A      1.588475  
     173A      1.603268   174A      1.625083   175A      1.647243  
     176A      1.650656   177A      1.674449   178A      1.679712  
     179A      1.681300   180A      1.693199   181A      1.698057  
     182A      1.718766   183A      1.732870   184A      1.743178  
     185A      1.748750   186A      1.775016   187A      1.779796  
     188A      1.783991   189A      1.788652   190A      1.797102  
     191A      1.806206   192A      1.835809   193A      1.841633  
     194A      1.857331   195A      1.866376   196A      1.883110  
     197A      1.887314   198A      1.900863   199A      1.918991  
     200A      1.922419   201A      1.931525   202A      1.939116  
     203A      1.952276   204A      1.970477   205A      1.978217  
     206A      1.988808   207A      1.992789   208A      2.006884  
     209A      2.011949   210A      2.030693   211A      2.039267  
     212A      2.059631   213A      2.087917   214A      2.090547  
     215A      2.104298   216A      2.113054   217A      2.117056  
     218A      2.134029   219A      2.146586   220A      2.163936  
     221A      2.181785   222A      2.191117   223A      2.207661  
     224A      2.211822   225A      2.234900   226A      2.250182  
     227A      2.255287   228A      2.297456   229A      2.308444  
     230A      2.336516   231A      2.369276   232A      2.370272  
     233A      2.383641   234A      2.399240   235A      2.407873  
     236A      2.413472   237A      2.441783   238A      2.466768  
     239A      2.498004   240A      2.507467   241A      2.541071  
     242A      2.553555   243A      2.560851   244A      2.564702  
     245A      2.598499   246A      2.609115   247A      2.664357  
     248A      2.665181   249A      2.673902   250A      2.681370  
     251A      2.697452   252A      2.707896   253A      2.741991  
     254A      2.752060   255A      2.770616   256A      2.796475  
     257A      2.814554   258A      2.831523   259A      2.889797  
     260A      2.891650   261A      2.932336   262A      2.936315  
     263A      3.035970   264A      3.048758   265A      3.054821  
     266A      3.102740   267A      3.110753   268A      3.138705  
     269A      3.140595   270A      3.248281   271A      3.271751  
     272A      3.277558   273A      3.304250   274A      3.418576  
     275A      3.448945   276A      3.533539   277A      3.569233  
     278A      3.587386   279A      3.648846   280A      3.778340  
     281A      3.802077   282A      3.908903   283A      3.952127  
     284A      4.002778   285A      4.143053   286A      4.163965  
     287A      4.256744   288A      4.316415   289A      4.599977  
     290A      4.634311   291A      4.674179   292A      4.801432  
     293A      4.813743   294A      4.909213   295A      5.066059  
     296A      5.273710   297A      5.432576   298A      5.520265  
     299A      5.698344   300A      5.953733   301A      6.576324  
     302A     18.174833   303A     18.345421   304A     18.533342  
     305A     25.327339   306A     33.420823  

    Final Occupation by Irrep:
              A 
    DOCC [    28 ]

  @DF-RHF Final Energy:  -361.16994689436854

   => Energetics <=

    Nuclear Repulsion Energy =            329.1165322869357510
    One-Electron Energy =               -1134.2595379110043723
    Two-Electron Energy =                 443.9730587297000284
    Total Energy =                       -361.1699468943685361

Computation Completed


Properties will be evaluated at   0.000000,   0.000000,   0.000000 [a0]

Properties computed using the SCF density matrix

  Nuclear Dipole Moment: [e a0]
     X:   -94.2491      Y:   363.6256      Z:   115.4751

  Electronic Dipole Moment: [e a0]
     X:    95.6440      Y:  -359.4272      Z:  -114.7744

  Dipole Moment: [e a0]
     X:     1.3949      Y:     4.1984      Z:     0.7007     Total:     4.4792

  Dipole Moment: [D]
     X:     3.5455      Y:    10.6714      Z:     1.7809     Total:    11.3851


*** tstop() called on aliaconda at Sun Mar 20 05:40:24 2022
Module time:
	user time   =     220.15 seconds =       3.67 minutes
	system time =      24.30 seconds =       0.41 minutes
	total time  =         10 seconds =       0.17 minutes
Total time:
	user time   =   74091.93 seconds =    1234.87 minutes
	system time =   10321.09 seconds =     172.02 minutes
	total time  =       4607 seconds =      76.78 minutes
  Constructing Basis Sets for SAPT...

   => Loading Basis Set <=

    Name: (JUN-CC-PVDZ AUX)
    Role: RIFIT
    Keyword: DF_BASIS_SAPT
    atoms 1, 14                                          entry N          line   144 file /home/alia/anaconda3/envs/mddemo/share/psi4/basis/jun-cc-pvdz-ri.gbs 
    atoms 2-4, 6, 8-10, 13, 15-17, 19, 21, 23, 25-27, 30 entry H          line    30 file /home/alia/anaconda3/envs/mddemo/share/psi4/basis/jun-cc-pvdz-ri.gbs 
    atoms 5, 7, 11, 18, 20, 24, 28                       entry C          line   100 file /home/alia/anaconda3/envs/mddemo/share/psi4/basis/jun-cc-pvdz-ri.gbs 
    atoms 12, 22, 29                                     entry O          line   188 file /home/alia/anaconda3/envs/mddemo/share/psi4/basis/jun-cc-pvdz-ri.gbs 


  //>>>>>>>>>>>>>>>>>>>>>>>>>>>>>>>>>>>//
  //               SAPT0               //
  //<<<<<<<<<<<<<<<<<<<<<<<<<<<<<<<<<<<//


*** tstart() called on aliaconda
*** at Sun Mar 20 05:40:24 2022

        SAPT0  
    Ed Hohenstein
     6 June 2009

      Orbital Information
  --------------------------
    NSO        =       306
    NMO        =       306
    NRI        =      1032
    NOCC A     =        20
    NOCC B     =        28
    FOCC A     =         0
    FOCC B     =         0
    NVIR A     =       286
    NVIR B     =       278

    Elst10,r            =     0.071171479371 [Eh]
    Exch10              =    -0.000000038410 [Eh]
    Exch10 (S^2)        =    -0.000000038410 [Eh]

    Iter     Energy [mEh]          dE [mEh]         Residual      Time [s]
       1      -0.52690990       0.526909902       6.884501453             1
       2      -0.50591651      -0.020993393       2.167404181             1
       3      -0.54054163       0.034625124       0.885033024             2
       4      -0.55409222       0.013550586       0.239895564             3
       5      -0.55191885      -0.002173367       0.136871085             3
       6      -0.55107322      -0.000845636       0.038536934             4
       7      -0.55137268       0.000299464       0.012470859             4
       8      -0.55141926       0.000046579       0.005538940             5
       9      -0.55139153      -0.000027734       0.003310052             5
      10      -0.55138546      -0.000006067       0.000969902             6
      11      -0.55139148       0.000006019       0.000246684             7
      12      -0.55139124      -0.000000240       0.000062224             7
      13      -0.55139099      -0.000000249       0.000016564             8
      14      -0.55139099       0.000000001       0.000004302             8
      15      -0.55139101       0.000000017       0.000000981             9

    CHF Iterations converged


    Iter     Energy [mEh]          dE [mEh]         Residual      Time [s]
       1      -0.37260581       0.372605808       4.510076791             0
       2      -0.38610162       0.013495816       1.938324404             1
       3      -0.41573517       0.029633548       0.656659324             1
       4      -0.42156208       0.005826903       0.169551023             2
       5      -0.42080741      -0.000754661       0.100607004             2
       6      -0.42005923      -0.000748181       0.030980947             3
       7      -0.42014231       0.000083081       0.014424784             4
       8      -0.42023486       0.000092547       0.004058810             4
       9      -0.42022153      -0.000013328       0.001725386             5
      10      -0.42021427      -0.000007266       0.000798555             5
      11      -0.42021718       0.000002911       0.000446406             6
      12      -0.42021807       0.000000889       0.000146369             6
      13      -0.42021746      -0.000000603       0.000043573             7
      14      -0.42021740      -0.000000068       0.000012688             7
      15      -0.42021743       0.000000038       0.000004171             8
      16      -0.42021744       0.000000007       0.000001169             9
      17      -0.42021744      -0.000000003       0.000000409             9

    CHF Iterations converged

    Ind20,r (A<-B)      =    -0.000551391007 [Eh]
    Ind20,r (B<-A)      =    -0.000420217438 [Eh]
    Ind20,r             =    -0.000971608445 [Eh]
    Exch-Ind20,r (A<-B) =     0.000000006442 [Eh]
    Exch-Ind20,r (B<-A) =     0.000000011071 [Eh]
    Exch-Ind20,r        =     0.000000017513 [Eh]
    Disp20              =    -0.000092842181 [Eh]
    Disp20 (SS)         =    -0.000046421090 [Eh]
    Disp20 (OS)         =    -0.000046421090 [Eh]
    Exch-Disp20         =     0.000000006307 [Eh]
    Exch-Disp20 (SS)    =     0.000000004556 [Eh]
    Exch-Disp20 (OS)    =     0.000000001751 [Eh]

    SAPT Results 
  --------------------------------------------------------------------------------------------------------
    Electrostatics                 71.17147937 [mEh]      44.66077757 [kcal/mol]     186.86069335 [kJ/mol]
      Elst10,r                     71.17147937 [mEh]      44.66077757 [kcal/mol]     186.86069335 [kJ/mol]

    Exchange                       -0.00003841 [mEh]      -0.00002410 [kcal/mol]      -0.00010085 [kJ/mol]
      Exch10                       -0.00003841 [mEh]      -0.00002410 [kcal/mol]      -0.00010085 [kJ/mol]
      Exch10(S^2)                  -0.00003841 [mEh]      -0.00002410 [kcal/mol]      -0.00010085 [kJ/mol]

    Induction                      -0.95351365 [mEh]      -0.59833885 [kcal/mol]      -2.50344973 [kJ/mol]
      Ind20,r                      -0.97160845 [mEh]      -0.60969350 [kcal/mol]      -2.55095762 [kJ/mol]
      Exch-Ind20,r                  0.00001751 [mEh]       0.00001099 [kcal/mol]       0.00004598 [kJ/mol]
      delta HF,r (2)                0.01807729 [mEh]       0.01134367 [kcal/mol]       0.04746191 [kJ/mol]

    Dispersion                     -0.09283587 [mEh]      -0.05825539 [kcal/mol]      -0.24374055 [kJ/mol]
      Disp20                       -0.09284218 [mEh]      -0.05825935 [kcal/mol]      -0.24375711 [kJ/mol]
      Exch-Disp20                   0.00000631 [mEh]       0.00000396 [kcal/mol]       0.00001656 [kJ/mol]
      Disp20 (SS)                  -0.04642109 [mEh]      -0.02912967 [kcal/mol]      -0.12187856 [kJ/mol]
      Disp20 (OS)                  -0.04642109 [mEh]      -0.02912967 [kcal/mol]      -0.12187856 [kJ/mol]
      Exch-Disp20 (SS)              0.00000456 [mEh]       0.00000286 [kcal/mol]       0.00001196 [kJ/mol]
      Exch-Disp20 (OS)              0.00000175 [mEh]       0.00000110 [kcal/mol]       0.00000460 [kJ/mol]

  Total HF                         70.21792732 [mEh]      44.06241462 [kcal/mol]     184.35714277 [kJ/mol]
  Total SAPT0                      70.12509144 [mEh]      44.00415923 [kcal/mol]     184.11340221 [kJ/mol]

  Special recipe for scaled SAPT0 (see Manual):
    Electrostatics sSAPT0          71.17147937 [mEh]      44.66077757 [kcal/mol]     186.86069335 [kJ/mol]
    Exchange sSAPT0                -0.00003841 [mEh]      -0.00002410 [kcal/mol]      -0.00010085 [kJ/mol]
    Induction sSAPT0               -0.95351365 [mEh]      -0.59833885 [kcal/mol]      -2.50344973 [kJ/mol]
    Dispersion sSAPT0              -0.09283587 [mEh]      -0.05825539 [kcal/mol]      -0.24374055 [kJ/mol]
  Total sSAPT0                     70.12509144 [mEh]      44.00415923 [kcal/mol]     184.11340221 [kJ/mol]
  --------------------------------------------------------------------------------------------------------

*** tstop() called on aliaconda at Sun Mar 20 05:41:12 2022
Module time:
	user time   =     662.73 seconds =      11.05 minutes
	system time =     112.11 seconds =       1.87 minutes
	total time  =         48 seconds =       0.80 minutes
Total time:
	user time   =   74757.26 seconds =    1245.95 minutes
	system time =   10433.66 seconds =     173.89 minutes
	total time  =       4655 seconds =      77.58 minutes


Warning! sapt0 does not have an associated derived wavefunction.The returned wavefunction is the dimer SCF wavefunction.


  Memory set to  74.506 GiB by Python driver.
  Threads set to 32 by Python driver.
