
Scratch directory: /tmp/

Scratch directory: /tmp/

  //>>>>>>>>>>>>>>>>>>>>>>>>>>>>>>>>>>>//
  //              Dimer HF             //
  //<<<<<<<<<<<<<<<<<<<<<<<<<<<<<<<<<<<//


*** tstart() called on aliaconda
*** at Sun Mar 20 06:00:18 2022

   => Loading Basis Set <=

    Name: JUN-CC-PVDZ
    Role: ORBITAL
    Keyword: BASIS
    atoms 1, 14                                          entry N          line   198 file /home/alia/anaconda3/envs/mddemo/share/psi4/basis/jun-cc-pvdz.gbs 
    atoms 2-4, 6, 8-10, 13, 15-17, 19, 21, 23, 25-27, 30 entry H          line    36 file /home/alia/anaconda3/envs/mddemo/share/psi4/basis/jun-cc-pvdz.gbs 
    atoms 5, 7, 11, 18, 20, 24, 28                       entry C          line   164 file /home/alia/anaconda3/envs/mddemo/share/psi4/basis/jun-cc-pvdz.gbs 
    atoms 12, 22, 29                                     entry O          line   232 file /home/alia/anaconda3/envs/mddemo/share/psi4/basis/jun-cc-pvdz.gbs 


         ---------------------------------------------------------
                                   SCF
               by Justin Turney, Rob Parrish, Andy Simmonett
                          and Daniel G. A. Smith
                              RHF Reference
                       32 Threads,  76293 MiB Core
         ---------------------------------------------------------

  ==> Geometry <==

    Molecular point group: c1
    Full point group: C1

    Geometry (in Angstrom), charge = 2, multiplicity = 1:

       Center              X                  Y                   Z               Mass       
    ------------   -----------------  -----------------  -----------------  -----------------
         N            0.280669445733    -6.101985706576    -1.410875229352    14.003074004430
         H           -0.287330394050    -6.155985607394    -0.348874954694     1.007825032230
         H           -0.682330374976    -6.265985740909    -2.113875059598     1.007825032230
         H            0.828669304589    -6.957985891589    -1.451875118726     1.007825032230
         C            0.883669609765    -4.817985786685    -1.541874794477    12.000000000000
         H            0.413669342736    -4.071985973605    -0.878875164502     1.007825032230
         C            2.357669586877    -5.005985988864    -0.950875191205    12.000000000000
         H            2.881669516305    -5.705985798129    -1.674875168317     1.007825032230
         H            2.341669554452    -5.442985786685     0.061124892718     1.007825032230
         H            2.881669516305    -4.056985630282    -0.975874809735     1.007825032230
         C            0.836669678429    -4.415985836276    -2.958875088208    12.000000000000
         O            0.326669449547    -5.144985927829    -3.897874979489    15.994914619570
         H            1.260069126824    -3.438779129275    -3.234192518705     1.007825032230
         N            0.324669594506     2.479014144651     0.488124938495    14.003074004430
         H            0.278669590691     2.648013816587    -0.701875118726     1.007825032230
         H            0.301669354180     1.278013931028     0.517124743945     1.007825032230
         H            1.195669646004     2.853013740293     0.821125121600     1.007825032230
         C           -0.840330367347     3.197014556638     1.101124854571    12.000000000000
         H           -1.703330283424     2.529014335385     0.983124824054     1.007825032230
         C           -0.621330504676     3.665014014951     2.561125369555    12.000000000000
         H           -1.584330325385     3.930014358274     2.999125094897     1.007825032230
         O            0.248669380883     4.760014281980     2.764125438220    15.994914619570
         H            1.142669434289     4.407014594785     2.542125316150     1.007825032230
         C           -0.199330573341     2.460014091245     3.392124743945    12.000000000000
         H            0.803669686059     2.083014236203     3.143125148303     1.007825032230
         H           -0.887330298682     1.601013885251     3.303124995715     1.007825032230
         H           -0.126330619117     2.800014243833     4.489124866015     1.007825032230
         C           -1.284330611488     4.443013892881     0.253124804980    12.000000000000
         O           -2.493330245277     4.725014434568     0.091125102527    15.994914619570
         H           -0.516366725227     5.081325278989    -0.208166985028     1.007825032230

  Running in c1 symmetry.

  Rotational constants: A =      0.03846  B =      0.00396  C =      0.00374 [cm^-1]
  Rotational constants: A =   1153.00466  B =    118.71038  C =    112.04432 [MHz]
  Nuclear repulsion =  639.736442689661658

  Charge       = 2
  Multiplicity = 1
  Electrons    = 96
  Nalpha       = 48
  Nbeta        = 48

  ==> Algorithm <==

  SCF Algorithm Type is DF.
  DIIS enabled.
  MOM disabled.
  Fractional occupation disabled.
  Guess Type is SAD.
  Energy threshold   = 1.00e-08
  Density threshold  = 1.00e-08
  Integral threshold = 1.00e-12

  ==> Primary Basis <==

  Basis Set: JUN-CC-PVDZ
    Blend: JUN-CC-PVDZ
    Number of shells: 150
    Number of basis functions: 306
    Number of Cartesian functions: 318
    Spherical Harmonics?: true
    Max angular momentum: 2

   => Loading Basis Set <=

    Name: (JUN-CC-PVDZ AUX)
    Role: JKFIT
    Keyword: DF_BASIS_SCF
    atoms 1, 14                                          entry N          line   202 file /home/alia/anaconda3/envs/mddemo/share/psi4/basis/jun-cc-pvdz-jkfit.gbs 
    atoms 2-4, 6, 8-10, 13, 15-17, 19, 21, 23, 25-27, 30 entry H          line    70 file /home/alia/anaconda3/envs/mddemo/share/psi4/basis/jun-cc-pvdz-jkfit.gbs 
    atoms 5, 7, 11, 18, 20, 24, 28                       entry C          line   146 file /home/alia/anaconda3/envs/mddemo/share/psi4/basis/jun-cc-pvdz-jkfit.gbs 
    atoms 12, 22, 29                                     entry O          line   258 file /home/alia/anaconda3/envs/mddemo/share/psi4/basis/jun-cc-pvdz-jkfit.gbs 

  ==> Integral Setup <==

  ==> DiskDFJK: Density-Fitted J/K Matrices <==

    J tasked:                  Yes
    K tasked:                  Yes
    wK tasked:                  No
    OpenMP threads:             32
    Integrals threads:          32
    Memory [MiB]:            57220
    Algorithm:                Core
    Integral Cache:           SAVE
    Schwarz Cutoff:          1E-12
    Fitting Condition:       1E-10

   => Auxiliary Basis Set <=

  Basis Set: (JUN-CC-PVDZ AUX)
    Blend: JUN-CC-PVDZ-JKFIT
    Number of shells: 486
    Number of basis functions: 1362
    Number of Cartesian functions: 1542
    Spherical Harmonics?: true
    Max angular momentum: 3

  Minimum eigenvalue in the overlap matrix is 6.0318723838E-05.
  Reciprocal condition number of the overlap matrix is 5.3155977971E-06.
    Using symmetric orthogonalization.

  ==> Pre-Iterations <==

  SCF Guess: Superposition of Atomic Densities via on-the-fly atomic UHF (no occupation information).

   -------------------------
    Irrep   Nso     Nmo    
   -------------------------
     A        306     306 
   -------------------------
    Total     306     306
   -------------------------

  ==> Iterations <==

                           Total Energy        Delta E     RMS |[F,P]|

   @DF-RHF iter SAD:  -607.01381040353874   -6.07014e+02   0.00000e+00 
   @DF-RHF iter   1:  -607.94982013733443   -9.36010e-01   2.81062e-03 DIIS
   @DF-RHF iter   2:  -608.25496524803850   -3.05145e-01   1.89872e-03 DIIS
   @DF-RHF iter   3:  -608.38160581141096   -1.26641e-01   4.22537e-04 DIIS
   @DF-RHF iter   4:  -608.39148555775989   -9.87975e-03   1.50797e-04 DIIS
   @DF-RHF iter   5:  -608.39285021766239   -1.36466e-03   3.59040e-05 DIIS
   @DF-RHF iter   6:  -608.39298329979749   -1.33082e-04   1.75486e-05 DIIS
   @DF-RHF iter   7:  -608.39301553338930   -3.22336e-05   8.29119e-06 DIIS
   @DF-RHF iter   8:  -608.39302408781225   -8.55442e-06   3.77350e-06 DIIS
   @DF-RHF iter   9:  -608.39302583287781   -1.74507e-06   1.50203e-06 DIIS
   @DF-RHF iter  10:  -608.39302609700189   -2.64124e-07   5.38536e-07 DIIS
   @DF-RHF iter  11:  -608.39302613245457   -3.54527e-08   2.04805e-07 DIIS
   @DF-RHF iter  12:  -608.39302614107510   -8.62053e-09   1.05887e-07 DIIS
   @DF-RHF iter  13:  -608.39302614395331   -2.87821e-09   5.83452e-08 DIIS
   @DF-RHF iter  14:  -608.39302614519124   -1.23794e-09   2.43830e-08 DIIS
   @DF-RHF iter  15:  -608.39302614537189   -1.80648e-10   7.57491e-09 DIIS
  Energy and wave function converged.


  ==> Post-Iterations <==

    Orbital Energies [Eh]
    ---------------------

    Doubly Occupied:                                                      

       1A    -20.825722     2A    -20.805436     3A    -20.801539  
       4A    -16.010153     5A    -15.989165     6A    -11.604419  
       7A    -11.580810     8A    -11.580323     9A    -11.566360  
      10A    -11.534444    11A    -11.510242    12A    -11.458326  
      13A     -1.613037    14A     -1.608433    15A     -1.595737  
      16A     -1.561970    17A     -1.561310    18A     -1.311142  
      19A     -1.297583    20A     -1.210612    21A     -1.182786  
      22A     -1.085522    23A     -1.074007    24A     -1.065274  
      25A     -1.033239    26A     -1.011191    27A     -0.989316  
      28A     -0.967201    29A     -0.946339    30A     -0.946264  
      31A     -0.902797    32A     -0.871824    33A     -0.870112  
      34A     -0.860927    35A     -0.859243    36A     -0.832779  
      37A     -0.820766    38A     -0.813762    39A     -0.798912  
      40A     -0.780849    41A     -0.756297    42A     -0.751808  
      43A     -0.723762    44A     -0.720763    45A     -0.714639  
      46A     -0.692415    47A     -0.687784    48A     -0.645826  

    Virtual:                                                              

      49A     -0.210287    50A     -0.183148    51A     -0.159891  
      52A     -0.153630    53A     -0.141068    54A     -0.136510  
      55A     -0.123993    56A     -0.121330    57A     -0.114204  
      58A     -0.104158    59A     -0.096546    60A     -0.091008  
      61A     -0.087061    62A     -0.083824    63A     -0.080017  
      64A     -0.076443    65A     -0.072465    66A     -0.068088  
      67A     -0.063835    68A     -0.061017    69A     -0.052777  
      70A     -0.048244    71A     -0.040864    72A     -0.035122  
      73A     -0.032759    74A     -0.027608    75A     -0.023071  
      76A     -0.022105    77A     -0.018070    78A     -0.010953  
      79A     -0.010107    80A     -0.004412    81A      0.003787  
      82A      0.006474    83A      0.016742    84A      0.024031  
      85A      0.034897    86A      0.038623    87A      0.044010  
      88A      0.051110    89A      0.055717    90A      0.063838  
      91A      0.064483    92A      0.083310    93A      0.088026  
      94A      0.093890    95A      0.097801    96A      0.099013  
      97A      0.103371    98A      0.109941    99A      0.116237  
     100A      0.122110   101A      0.125544   102A      0.130830  
     103A      0.138912   104A      0.145405   105A      0.146810  
     106A      0.158020   107A      0.161521   108A      0.169295  
     109A      0.176698   110A      0.183815   111A      0.188722  
     112A      0.206296   113A      0.211736   114A      0.215772  
     115A      0.218559   116A      0.223082   117A      0.242930  
     118A      0.249549   119A      0.254748   120A      0.266638  
     121A      0.274943   122A      0.291758   123A      0.317706  
     124A      0.326157   125A      0.361462   126A      0.363449  
     127A      0.451138   128A      0.464015   129A      0.464972  
     130A      0.494244   131A      0.509399   132A      0.518176  
     133A      0.537727   134A      0.540997   135A      0.543244  
     136A      0.550292   137A      0.558958   138A      0.562672  
     139A      0.589867   140A      0.600983   141A      0.607848  
     142A      0.613170   143A      0.629575   144A      0.637606  
     145A      0.643183   146A      0.651413   147A      0.660580  
     148A      0.671406   149A      0.676091   150A      0.683749  
     151A      0.693216   152A      0.696874   153A      0.703280  
     154A      0.706477   155A      0.725918   156A      0.731871  
     157A      0.748239   158A      0.748890   159A      0.754799  
     160A      0.762364   161A      0.779911   162A      0.797093  
     163A      0.801783   164A      0.809310   165A      0.817314  
     166A      0.826157   167A      0.835512   168A      0.849007  
     169A      0.863635   170A      0.878554   171A      0.881014  
     172A      0.896827   173A      0.923384   174A      0.930440  
     175A      0.968610   176A      1.040379   177A      1.050971  
     178A      1.064381   179A      1.087656   180A      1.104823  
     181A      1.121287   182A      1.160336   183A      1.182173  
     184A      1.184657   185A      1.195550   186A      1.199694  
     187A      1.242151   188A      1.247052   189A      1.255041  
     190A      1.272635   191A      1.274852   192A      1.284755  
     193A      1.299342   194A      1.304679   195A      1.317854  
     196A      1.323118   197A      1.328379   198A      1.341772  
     199A      1.344119   200A      1.379031   201A      1.381265  
     202A      1.401763   203A      1.405567   204A      1.437294  
     205A      1.445553   206A      1.457629   207A      1.467037  
     208A      1.518263   209A      1.543091   210A      1.549790  
     211A      1.556803   212A      1.580360   213A      1.591775  
     214A      1.605647   215A      1.607981   216A      1.616436  
     217A      1.629556   218A      1.635427   219A      1.637973  
     220A      1.669999   221A      1.678412   222A      1.685406  
     223A      1.692858   224A      1.702304   225A      1.717263  
     226A      1.719180   227A      1.727381   228A      1.742120  
     229A      1.747971   230A      1.765804   231A      1.767864  
     232A      1.776127   233A      1.788097   234A      1.789276  
     235A      1.807567   236A      1.813280   237A      1.841248  
     238A      1.848346   239A      1.858037   240A      1.871930  
     241A      1.890181   242A      1.911470   243A      1.921490  
     244A      1.930889   245A      1.953883   246A      1.979294  
     247A      1.985234   248A      1.994732   249A      2.005370  
     250A      2.027622   251A      2.042339   252A      2.061432  
     253A      2.079103   254A      2.093958   255A      2.116341  
     256A      2.118583   257A      2.140820   258A      2.163001  
     259A      2.168989   260A      2.221839   261A      2.235321  
     262A      2.236632   263A      2.301155   264A      2.305765  
     265A      2.335208   266A      2.339104   267A      2.357729  
     268A      2.392410   269A      2.393786   270A      2.407831  
     271A      2.427000   272A      2.445045   273A      2.483445  
     274A      2.493970   275A      2.496745   276A      2.523941  
     277A      2.535271   278A      2.587971   279A      2.601243  
     280A      2.610295   281A      2.625699   282A      2.634020  
     283A      2.640418   284A      2.645330   285A      2.701003  
     286A      2.709255   287A      2.756357   288A      2.811890  
     289A      2.834669   290A      2.852962   291A      2.876867  
     292A      2.929337   293A      2.971037   294A      3.026242  
     295A      3.052767   296A      3.080318   297A      3.176270  
     298A      3.177858   299A      3.217015   300A      3.277681  
     301A      3.407408   302A      3.446964   303A      3.485823  
     304A      3.620888   305A      3.707921   306A      3.878587  

    Final Occupation by Irrep:
              A 
    DOCC [    48 ]

  @DF-RHF Final Energy:  -608.39302614537189

   => Energetics <=

    Nuclear Repulsion Energy =            639.7364426896616578
    One-Electron Energy =               -2073.3926004396839744
    Two-Electron Energy =                 825.2631316046505390
    Total Energy =                       -608.3930261453718913

Computation Completed


Properties will be evaluated at   0.000000,   0.000000,   0.000000 [a0]

Properties computed using the SCF density matrix

  Nuclear Dipole Moment: [e a0]
     X:     7.9973      Y:   -12.0491      Z:     6.8137

  Electronic Dipole Moment: [e a0]
     X:    -5.4302      Y:     5.6004      Z:    -6.9614

  Dipole Moment: [e a0]
     X:     2.5671      Y:    -6.4487      Z:    -0.1477     Total:     6.9424

  Dipole Moment: [D]
     X:     6.5248      Y:   -16.3909      Z:    -0.3755     Total:    17.6458


*** tstop() called on aliaconda at Sun Mar 20 06:00:33 2022
Module time:
	user time   =     313.64 seconds =       5.23 minutes
	system time =      38.13 seconds =       0.64 minutes
	total time  =         15 seconds =       0.25 minutes
Total time:
	user time   =   94416.91 seconds =    1573.62 minutes
	system time =   13170.47 seconds =     219.51 minutes
	total time  =       5816 seconds =      96.93 minutes

  //>>>>>>>>>>>>>>>>>>>>>>>>>>>>>>>>>>>//
  //            Monomer A HF           //
  //<<<<<<<<<<<<<<<<<<<<<<<<<<<<<<<<<<<//


*** tstart() called on aliaconda
*** at Sun Mar 20 06:00:33 2022

   => Loading Basis Set <=

    Name: JUN-CC-PVDZ
    Role: ORBITAL
    Keyword: BASIS
    atoms 1, 14                                          entry N          line   198 file /home/alia/anaconda3/envs/mddemo/share/psi4/basis/jun-cc-pvdz.gbs 
    atoms 2-4, 6, 8-10, 13, 15-17, 19, 21, 23, 25-27, 30 entry H          line    36 file /home/alia/anaconda3/envs/mddemo/share/psi4/basis/jun-cc-pvdz.gbs 
    atoms 5, 7, 11, 18, 20, 24, 28                       entry C          line   164 file /home/alia/anaconda3/envs/mddemo/share/psi4/basis/jun-cc-pvdz.gbs 
    atoms 12, 22, 29                                     entry O          line   232 file /home/alia/anaconda3/envs/mddemo/share/psi4/basis/jun-cc-pvdz.gbs 


         ---------------------------------------------------------
                                   SCF
               by Justin Turney, Rob Parrish, Andy Simmonett
                          and Daniel G. A. Smith
                              RHF Reference
                       32 Threads,  76293 MiB Core
         ---------------------------------------------------------

  ==> Geometry <==

    Molecular point group: c1
    Full point group: C1

    Geometry (in Angstrom), charge = 1, multiplicity = 1:

       Center              X                  Y                   Z               Mass       
    ------------   -----------------  -----------------  -----------------  -----------------
         N            0.280669445733    -6.101985706576    -1.410875229352    14.003074004430
         H           -0.287330394050    -6.155985607394    -0.348874954694     1.007825032230
         H           -0.682330374976    -6.265985740909    -2.113875059598     1.007825032230
         H            0.828669304589    -6.957985891589    -1.451875118726     1.007825032230
         C            0.883669609765    -4.817985786685    -1.541874794477    12.000000000000
         H            0.413669342736    -4.071985973605    -0.878875164502     1.007825032230
         C            2.357669586877    -5.005985988864    -0.950875191205    12.000000000000
         H            2.881669516305    -5.705985798129    -1.674875168317     1.007825032230
         H            2.341669554452    -5.442985786685     0.061124892718     1.007825032230
         H            2.881669516305    -4.056985630282    -0.975874809735     1.007825032230
         C            0.836669678429    -4.415985836276    -2.958875088208    12.000000000000
         O            0.326669449547    -5.144985927829    -3.897874979489    15.994914619570
         H            1.260069126824    -3.438779129275    -3.234192518705     1.007825032230
      Gh(N)           0.324669594506     2.479014144651     0.488124938495    14.003074004430
      Gh(H)           0.278669590691     2.648013816587    -0.701875118726     1.007825032230
      Gh(H)           0.301669354180     1.278013931028     0.517124743945     1.007825032230
      Gh(H)           1.195669646004     2.853013740293     0.821125121600     1.007825032230
      Gh(C)          -0.840330367347     3.197014556638     1.101124854571    12.000000000000
      Gh(H)          -1.703330283424     2.529014335385     0.983124824054     1.007825032230
      Gh(C)          -0.621330504676     3.665014014951     2.561125369555    12.000000000000
      Gh(H)          -1.584330325385     3.930014358274     2.999125094897     1.007825032230
      Gh(O)           0.248669380883     4.760014281980     2.764125438220    15.994914619570
      Gh(H)           1.142669434289     4.407014594785     2.542125316150     1.007825032230
      Gh(C)          -0.199330573341     2.460014091245     3.392124743945    12.000000000000
      Gh(H)           0.803669686059     2.083014236203     3.143125148303     1.007825032230
      Gh(H)          -0.887330298682     1.601013885251     3.303124995715     1.007825032230
      Gh(H)          -0.126330619117     2.800014243833     4.489124866015     1.007825032230
      Gh(C)          -1.284330611488     4.443013892881     0.253124804980    12.000000000000
      Gh(O)          -2.493330245277     4.725014434568     0.091125102527    15.994914619570
      Gh(H)          -0.516366725227     5.081325278989    -0.208166985028     1.007825032230

  Running in c1 symmetry.

  Rotational constants: A =      0.03846  B =      0.00396  C =      0.00374 [cm^-1]
  Rotational constants: A =   1153.00466  B =    118.71038  C =    112.04432 [MHz]
  Nuclear repulsion =  185.992694817641308

  Charge       = 1
  Multiplicity = 1
  Electrons    = 40
  Nalpha       = 20
  Nbeta        = 20

  ==> Algorithm <==

  SCF Algorithm Type is DF.
  DIIS enabled.
  MOM disabled.
  Fractional occupation disabled.
  Guess Type is SAD.
  Energy threshold   = 1.00e-08
  Density threshold  = 1.00e-08
  Integral threshold = 1.00e-12

  ==> Primary Basis <==

  Basis Set: JUN-CC-PVDZ
    Blend: JUN-CC-PVDZ
    Number of shells: 150
    Number of basis functions: 306
    Number of Cartesian functions: 318
    Spherical Harmonics?: true
    Max angular momentum: 2

   => Loading Basis Set <=

    Name: (JUN-CC-PVDZ AUX)
    Role: JKFIT
    Keyword: DF_BASIS_SCF
    atoms 1, 14                                          entry N          line   202 file /home/alia/anaconda3/envs/mddemo/share/psi4/basis/jun-cc-pvdz-jkfit.gbs 
    atoms 2-4, 6, 8-10, 13, 15-17, 19, 21, 23, 25-27, 30 entry H          line    70 file /home/alia/anaconda3/envs/mddemo/share/psi4/basis/jun-cc-pvdz-jkfit.gbs 
    atoms 5, 7, 11, 18, 20, 24, 28                       entry C          line   146 file /home/alia/anaconda3/envs/mddemo/share/psi4/basis/jun-cc-pvdz-jkfit.gbs 
    atoms 12, 22, 29                                     entry O          line   258 file /home/alia/anaconda3/envs/mddemo/share/psi4/basis/jun-cc-pvdz-jkfit.gbs 

  ==> Integral Setup <==

  ==> DiskDFJK: Density-Fitted J/K Matrices <==

    J tasked:                  Yes
    K tasked:                  Yes
    wK tasked:                  No
    OpenMP threads:             32
    Integrals threads:          32
    Memory [MiB]:            57220
    Algorithm:                Core
    Integral Cache:           LOAD
    Schwarz Cutoff:          1E-12
    Fitting Condition:       1E-10

   => Auxiliary Basis Set <=

  Basis Set: (JUN-CC-PVDZ AUX)
    Blend: JUN-CC-PVDZ-JKFIT
    Number of shells: 486
    Number of basis functions: 1362
    Number of Cartesian functions: 1542
    Spherical Harmonics?: true
    Max angular momentum: 3

  Minimum eigenvalue in the overlap matrix is 6.0318723838E-05.
  Reciprocal condition number of the overlap matrix is 5.3155977971E-06.
    Using symmetric orthogonalization.

  ==> Pre-Iterations <==

  SCF Guess: Superposition of Atomic Densities via on-the-fly atomic UHF (no occupation information).

   -------------------------
    Irrep   Nso     Nmo    
   -------------------------
     A        306     306 
   -------------------------
    Total     306     306
   -------------------------

  ==> Iterations <==

                           Total Energy        Delta E     RMS |[F,P]|

   @DF-RHF iter SAD:  -246.65469156291138   -2.46655e+02   0.00000e+00 
   @DF-RHF iter   1:  -247.11253575542622   -4.57844e-01   1.73935e-03 DIIS
   @DF-RHF iter   2:  -247.23253730804987   -1.20002e-01   1.17476e-03 DIIS
   @DF-RHF iter   3:  -247.28132334630700   -4.87860e-02   2.72314e-04 DIIS
   @DF-RHF iter   4:  -247.28556362018065   -4.24027e-03   8.78060e-05 DIIS
   @DF-RHF iter   5:  -247.28607536751593   -5.11747e-04   2.13342e-05 DIIS
   @DF-RHF iter   6:  -247.28612825388439   -5.28864e-05   9.69702e-06 DIIS
   @DF-RHF iter   7:  -247.28613884622098   -1.05923e-05   4.95549e-06 DIIS
   @DF-RHF iter   8:  -247.28614222831339   -3.38209e-06   1.93358e-06 DIIS
   @DF-RHF iter   9:  -247.28614281269728   -5.84384e-07   4.81974e-07 DIIS
   @DF-RHF iter  10:  -247.28614284911129   -3.64140e-08   1.66924e-07 DIIS
   @DF-RHF iter  11:  -247.28614285427801   -5.16673e-09   6.24699e-08 DIIS
   @DF-RHF iter  12:  -247.28614285530858   -1.03057e-09   3.45434e-08 DIIS
   @DF-RHF iter  13:  -247.28614285578033   -4.71744e-10   1.22680e-08 DIIS
   @DF-RHF iter  14:  -247.28614285583274   -5.24096e-11   3.21314e-09 DIIS
  Energy and wave function converged.


  ==> Post-Iterations <==

    Orbital Energies [Eh]
    ---------------------

    Doubly Occupied:                                                      

       1A    -20.758713     2A    -15.926595     3A    -11.537774  
       4A    -11.511762     5A    -11.443444     6A     -1.547502  
       7A     -1.497120     8A     -1.244362     9A     -1.115843  
      10A     -1.019372    11A     -0.946432    12A     -0.924689  
      13A     -0.879387    14A     -0.804586    15A     -0.794684  
      16A     -0.753749    17A     -0.731925    18A     -0.714349  
      19A     -0.655357    20A     -0.625842  

    Virtual:                                                              

      21A     -0.118833    22A     -0.085577    23A     -0.075265  
      24A     -0.056900    25A     -0.049489    26A     -0.031389  
      27A     -0.027757    28A     -0.023468    29A     -0.014971  
      30A     -0.010394    31A     -0.002453    32A     -0.000959  
      33A      0.010465    34A      0.011125    35A      0.016319  
      36A      0.029261    37A      0.031133    38A      0.033191  
      39A      0.043283    40A      0.044757    41A      0.048987  
      42A      0.051626    43A      0.054547    44A      0.065280  
      45A      0.070971    46A      0.083186    47A      0.085075  
      48A      0.089001    49A      0.094874    50A      0.098526  
      51A      0.102077    52A      0.109948    53A      0.112846  
      54A      0.120008    55A      0.134704    56A      0.146643  
      57A      0.146988    58A      0.152728    59A      0.155226  
      60A      0.159435    61A      0.165048    62A      0.169363  
      63A      0.174593    64A      0.178478    65A      0.183543  
      66A      0.189528    67A      0.192866    68A      0.210677  
      69A      0.215965    70A      0.224179    71A      0.230776  
      72A      0.239946    73A      0.245690    74A      0.251190  
      75A      0.253638    76A      0.267481    77A      0.274858  
      78A      0.288512    79A      0.298670    80A      0.311932  
      81A      0.314090    82A      0.326032    83A      0.336560  
      84A      0.339589    85A      0.357624    86A      0.370910  
      87A      0.379211    88A      0.389520    89A      0.401156  
      90A      0.428517    91A      0.433807    92A      0.451027  
      93A      0.476763    94A      0.488861    95A      0.507986  
      96A      0.518551    97A      0.531054    98A      0.532791  
      99A      0.552914   100A      0.561560   101A      0.562000  
     102A      0.576253   103A      0.577336   104A      0.586776  
     105A      0.606802   106A      0.609183   107A      0.618867  
     108A      0.648334   109A      0.656614   110A      0.666876  
     111A      0.675598   112A      0.679704   113A      0.682374  
     114A      0.702692   115A      0.709071   116A      0.726880  
     117A      0.733695   118A      0.739492   119A      0.749794  
     120A      0.759482   121A      0.768800   122A      0.786104  
     123A      0.793499   124A      0.813650   125A      0.824756  
     126A      0.850721   127A      0.861870   128A      0.880131  
     129A      0.889523   130A      0.891611   131A      0.912850  
     132A      0.915255   133A      0.932406   134A      0.943969  
     135A      0.966188   136A      0.973397   137A      0.980311  
     138A      0.993090   139A      1.027660   140A      1.107140  
     141A      1.131883   142A      1.138309   143A      1.172068  
     144A      1.217749   145A      1.248803   146A      1.266516  
     147A      1.312212   148A      1.337167   149A      1.349091  
     150A      1.393304   151A      1.406034   152A      1.447231  
     153A      1.472055   154A      1.494337   155A      1.509960  
     156A      1.534915   157A      1.559245   158A      1.584851  
     159A      1.598059   160A      1.609855   161A      1.624726  
     162A      1.643579   163A      1.658083   164A      1.672918  
     165A      1.675987   166A      1.689292   167A      1.696845  
     168A      1.703372   169A      1.705116   170A      1.733117  
     171A      1.743528   172A      1.746310   173A      1.760912  
     174A      1.769105   175A      1.773188   176A      1.785976  
     177A      1.802881   178A      1.807105   179A      1.825978  
     180A      1.833236   181A      1.856650   182A      1.858517  
     183A      1.871505   184A      1.877020   185A      1.880261  
     186A      1.903342   187A      1.914814   188A      1.924544  
     189A      1.936058   190A      1.956124   191A      1.960939  
     192A      1.979332   193A      1.996203   194A      2.006490  
     195A      2.018485   196A      2.023274   197A      2.033631  
     198A      2.045177   199A      2.051824   200A      2.070353  
     201A      2.089250   202A      2.109009   203A      2.136540  
     204A      2.143649   205A      2.146393   206A      2.152891  
     207A      2.165464   208A      2.180798   209A      2.186150  
     210A      2.203353   211A      2.219412   212A      2.233981  
     213A      2.256043   214A      2.287015   215A      2.300534  
     216A      2.304568   217A      2.339319   218A      2.352536  
     219A      2.369223   220A      2.380628   221A      2.405297  
     222A      2.423212   223A      2.425059   224A      2.456610  
     225A      2.473894   226A      2.478193   227A      2.492960  
     228A      2.508553   229A      2.550176   230A      2.554541  
     231A      2.560338   232A      2.569275   233A      2.589395  
     234A      2.591213   235A      2.600208   236A      2.644805  
     237A      2.669398   238A      2.675740   239A      2.695656  
     240A      2.707067   241A      2.711959   242A      2.728851  
     243A      2.757331   244A      2.768760   245A      2.803702  
     246A      2.864416   247A      2.877590   248A      2.882696  
     249A      2.902506   250A      2.942085   251A      2.944182  
     252A      2.986145   253A      3.004498   254A      3.036280  
     255A      3.092082   256A      3.096394   257A      3.116400  
     258A      3.172075   259A      3.241389   260A      3.265775  
     261A      3.292271   262A      3.389144   263A      3.422535  
     264A      3.473317   265A      3.489388   266A      3.522142  
     267A      3.591506   268A      3.617983   269A      3.668888  
     270A      3.686436   271A      3.872394   272A      3.947849  
     273A      3.979729   274A      4.168136   275A      4.182299  
     276A      4.255568   277A      4.415877   278A      4.453117  
     279A      4.512171   280A      4.623904   281A      4.641297  
     282A      4.663459   283A      4.733963   284A      4.743791  
     285A      4.831198   286A      4.861079   287A      4.931614  
     288A      4.999327   289A      5.010013   290A      5.052368  
     291A      5.330911   292A      5.464463   293A      5.548891  
     294A      5.648622   295A      5.727299   296A      5.831041  
     297A      6.004317   298A      6.539684   299A      6.656620  
     300A     18.159867   301A     18.315067   302A     18.439781  
     303A     18.567856   304A     25.312264   305A     33.439661  
     306A     33.466762  

    Final Occupation by Irrep:
              A 
    DOCC [    20 ]

  @DF-RHF Final Energy:  -247.28614285583274

   => Energetics <=

    Nuclear Repulsion Energy =            185.9926948176413077
    One-Electron Energy =                -695.6907010273321248
    Two-Electron Energy =                 262.4118633538580525
    Total Energy =                       -247.2861428558327361

Computation Completed


Properties will be evaluated at   0.000000,   0.000000,   0.000000 [a0]

Properties computed using the SCF density matrix

  Nuclear Dipole Moment: [e a0]
     X:    73.1019      Y:  -399.5074      Z:  -159.4668

  Electronic Dipole Moment: [e a0]
     X:   -71.8161      Y:   389.0859      Z:   157.9254

  Dipole Moment: [e a0]
     X:     1.2858      Y:   -10.4215      Z:    -1.5414     Total:    10.6130

  Dipole Moment: [D]
     X:     3.2681      Y:   -26.4887      Z:    -3.9179     Total:    26.9756


*** tstop() called on aliaconda at Sun Mar 20 06:00:41 2022
Module time:
	user time   =     180.42 seconds =       3.01 minutes
	system time =      15.48 seconds =       0.26 minutes
	total time  =          8 seconds =       0.13 minutes
Total time:
	user time   =   94597.42 seconds =    1576.62 minutes
	system time =   13185.97 seconds =     219.77 minutes
	total time  =       5824 seconds =      97.07 minutes

  //>>>>>>>>>>>>>>>>>>>>>>>>>>>>>>>>>>>//
  //            Monomer B HF           //
  //<<<<<<<<<<<<<<<<<<<<<<<<<<<<<<<<<<<//


*** tstart() called on aliaconda
*** at Sun Mar 20 06:00:41 2022

   => Loading Basis Set <=

    Name: JUN-CC-PVDZ
    Role: ORBITAL
    Keyword: BASIS
    atoms 1, 14                                          entry N          line   198 file /home/alia/anaconda3/envs/mddemo/share/psi4/basis/jun-cc-pvdz.gbs 
    atoms 2-4, 6, 8-10, 13, 15-17, 19, 21, 23, 25-27, 30 entry H          line    36 file /home/alia/anaconda3/envs/mddemo/share/psi4/basis/jun-cc-pvdz.gbs 
    atoms 5, 7, 11, 18, 20, 24, 28                       entry C          line   164 file /home/alia/anaconda3/envs/mddemo/share/psi4/basis/jun-cc-pvdz.gbs 
    atoms 12, 22, 29                                     entry O          line   232 file /home/alia/anaconda3/envs/mddemo/share/psi4/basis/jun-cc-pvdz.gbs 


         ---------------------------------------------------------
                                   SCF
               by Justin Turney, Rob Parrish, Andy Simmonett
                          and Daniel G. A. Smith
                              RHF Reference
                       32 Threads,  76293 MiB Core
         ---------------------------------------------------------

  ==> Geometry <==

    Molecular point group: c1
    Full point group: C1

    Geometry (in Angstrom), charge = 1, multiplicity = 1:

       Center              X                  Y                   Z               Mass       
    ------------   -----------------  -----------------  -----------------  -----------------
      Gh(N)           0.280669445733    -6.101985706576    -1.410875229352    14.003074004430
      Gh(H)          -0.287330394050    -6.155985607394    -0.348874954694     1.007825032230
      Gh(H)          -0.682330374976    -6.265985740909    -2.113875059598     1.007825032230
      Gh(H)           0.828669304589    -6.957985891589    -1.451875118726     1.007825032230
      Gh(C)           0.883669609765    -4.817985786685    -1.541874794477    12.000000000000
      Gh(H)           0.413669342736    -4.071985973605    -0.878875164502     1.007825032230
      Gh(C)           2.357669586877    -5.005985988864    -0.950875191205    12.000000000000
      Gh(H)           2.881669516305    -5.705985798129    -1.674875168317     1.007825032230
      Gh(H)           2.341669554452    -5.442985786685     0.061124892718     1.007825032230
      Gh(H)           2.881669516305    -4.056985630282    -0.975874809735     1.007825032230
      Gh(C)           0.836669678429    -4.415985836276    -2.958875088208    12.000000000000
      Gh(O)           0.326669449547    -5.144985927829    -3.897874979489    15.994914619570
      Gh(H)           1.260069126824    -3.438779129275    -3.234192518705     1.007825032230
         N            0.324669594506     2.479014144651     0.488124938495    14.003074004430
         H            0.278669590691     2.648013816587    -0.701875118726     1.007825032230
         H            0.301669354180     1.278013931028     0.517124743945     1.007825032230
         H            1.195669646004     2.853013740293     0.821125121600     1.007825032230
         C           -0.840330367347     3.197014556638     1.101124854571    12.000000000000
         H           -1.703330283424     2.529014335385     0.983124824054     1.007825032230
         C           -0.621330504676     3.665014014951     2.561125369555    12.000000000000
         H           -1.584330325385     3.930014358274     2.999125094897     1.007825032230
         O            0.248669380883     4.760014281980     2.764125438220    15.994914619570
         H            1.142669434289     4.407014594785     2.542125316150     1.007825032230
         C           -0.199330573341     2.460014091245     3.392124743945    12.000000000000
         H            0.803669686059     2.083014236203     3.143125148303     1.007825032230
         H           -0.887330298682     1.601013885251     3.303124995715     1.007825032230
         H           -0.126330619117     2.800014243833     4.489124866015     1.007825032230
         C           -1.284330611488     4.443013892881     0.253124804980    12.000000000000
         O           -2.493330245277     4.725014434568     0.091125102527    15.994914619570
         H           -0.516366725227     5.081325278989    -0.208166985028     1.007825032230

  Running in c1 symmetry.

  Rotational constants: A =      0.03846  B =      0.00396  C =      0.00374 [cm^-1]
  Rotational constants: A =   1153.00466  B =    118.71038  C =    112.04432 [MHz]
  Nuclear repulsion =  326.082654526474641

  Charge       = 1
  Multiplicity = 1
  Electrons    = 56
  Nalpha       = 28
  Nbeta        = 28

  ==> Algorithm <==

  SCF Algorithm Type is DF.
  DIIS enabled.
  MOM disabled.
  Fractional occupation disabled.
  Guess Type is SAD.
  Energy threshold   = 1.00e-08
  Density threshold  = 1.00e-08
  Integral threshold = 1.00e-12

  ==> Primary Basis <==

  Basis Set: JUN-CC-PVDZ
    Blend: JUN-CC-PVDZ
    Number of shells: 150
    Number of basis functions: 306
    Number of Cartesian functions: 318
    Spherical Harmonics?: true
    Max angular momentum: 2

   => Loading Basis Set <=

    Name: (JUN-CC-PVDZ AUX)
    Role: JKFIT
    Keyword: DF_BASIS_SCF
    atoms 1, 14                                          entry N          line   202 file /home/alia/anaconda3/envs/mddemo/share/psi4/basis/jun-cc-pvdz-jkfit.gbs 
    atoms 2-4, 6, 8-10, 13, 15-17, 19, 21, 23, 25-27, 30 entry H          line    70 file /home/alia/anaconda3/envs/mddemo/share/psi4/basis/jun-cc-pvdz-jkfit.gbs 
    atoms 5, 7, 11, 18, 20, 24, 28                       entry C          line   146 file /home/alia/anaconda3/envs/mddemo/share/psi4/basis/jun-cc-pvdz-jkfit.gbs 
    atoms 12, 22, 29                                     entry O          line   258 file /home/alia/anaconda3/envs/mddemo/share/psi4/basis/jun-cc-pvdz-jkfit.gbs 

  ==> Integral Setup <==

  ==> DiskDFJK: Density-Fitted J/K Matrices <==

    J tasked:                  Yes
    K tasked:                  Yes
    wK tasked:                  No
    OpenMP threads:             32
    Integrals threads:          32
    Memory [MiB]:            57220
    Algorithm:                Core
    Integral Cache:           LOAD
    Schwarz Cutoff:          1E-12
    Fitting Condition:       1E-10

   => Auxiliary Basis Set <=

  Basis Set: (JUN-CC-PVDZ AUX)
    Blend: JUN-CC-PVDZ-JKFIT
    Number of shells: 486
    Number of basis functions: 1362
    Number of Cartesian functions: 1542
    Spherical Harmonics?: true
    Max angular momentum: 3

  Minimum eigenvalue in the overlap matrix is 6.0318723838E-05.
  Reciprocal condition number of the overlap matrix is 5.3155977971E-06.
    Using symmetric orthogonalization.

  ==> Pre-Iterations <==

  SCF Guess: Superposition of Atomic Densities via on-the-fly atomic UHF (no occupation information).

   -------------------------
    Irrep   Nso     Nmo    
   -------------------------
     A        306     306 
   -------------------------
    Total     306     306
   -------------------------

  ==> Iterations <==

                           Total Energy        Delta E     RMS |[F,P]|

   @DF-RHF iter SAD:  -360.35911266304112   -3.60359e+02   0.00000e+00 
   @DF-RHF iter   1:  -360.91165994608281   -5.52547e-01   2.18532e-03 DIIS
   @DF-RHF iter   2:  -361.09467035540337   -1.83010e-01   1.44532e-03 DIIS
   @DF-RHF iter   3:  -361.16767799270883   -7.30076e-02   3.16872e-04 DIIS
   @DF-RHF iter   4:  -361.17308112652125   -5.40313e-03   1.17404e-04 DIIS
   @DF-RHF iter   5:  -361.17386199296567   -7.80866e-04   2.68057e-05 DIIS
   @DF-RHF iter   6:  -361.17393217367641   -7.01807e-05   1.28142e-05 DIIS
   @DF-RHF iter   7:  -361.17394921976586   -1.70461e-05   5.69399e-06 DIIS
   @DF-RHF iter   8:  -361.17395332826788   -4.10850e-06   2.43513e-06 DIIS
   @DF-RHF iter   9:  -361.17395415871692   -8.30449e-07   7.15067e-07 DIIS
   @DF-RHF iter  10:  -361.17395424483630   -8.61194e-08   2.55923e-07 DIIS
   @DF-RHF iter  11:  -361.17395425824191   -1.34056e-08   1.17765e-07 DIIS
   @DF-RHF iter  12:  -361.17395426168719   -3.44528e-09   6.70326e-08 DIIS
   @DF-RHF iter  13:  -361.17395426318069   -1.49350e-09   3.31731e-08 DIIS
   @DF-RHF iter  14:  -361.17395426355279   -3.72097e-10   1.02827e-08 DIIS
   @DF-RHF iter  15:  -361.17395426357956   -2.67733e-11   3.48411e-09 DIIS
  Energy and wave function converged.


  ==> Post-Iterations <==

    Orbital Energies [Eh]
    ---------------------

    Doubly Occupied:                                                      

       1A    -20.753227     2A    -20.748310     3A    -15.946977  
       4A    -11.527773     5A    -11.509264     6A    -11.479910  
       7A    -11.401536     8A     -1.555258     9A     -1.543097  
      10A     -1.500998    11A     -1.240933    12A     -1.154001  
      13A     -1.018347    14A     -1.007955    15A     -0.973445  
      16A     -0.906199    17A     -0.889262    18A     -0.847563  
      19A     -0.816801    20A     -0.805862    21A     -0.778701  
      22A     -0.757522    23A     -0.700871    24A     -0.697242  
      25A     -0.670534    26A     -0.660245    27A     -0.634502  
      28A     -0.592157  

    Virtual:                                                              

      29A     -0.137231    30A     -0.087223    31A     -0.075947  
      32A     -0.057344    33A     -0.048250    34A     -0.036330  
      35A     -0.031937    36A     -0.026053    37A     -0.023554  
      38A     -0.013781    39A     -0.010757    40A     -0.005019  
      41A     -0.001752    42A      0.001628    43A      0.008790  
      44A      0.018304    45A      0.027738    46A      0.029317  
      47A      0.038448    48A      0.040109    49A      0.044175  
      50A      0.045356    51A      0.046551    52A      0.052818  
      53A      0.053542    54A      0.064303    55A      0.066258  
      56A      0.078064    57A      0.094278    58A      0.098584  
      59A      0.099516    60A      0.104732    61A      0.110087  
      62A      0.113208    63A      0.121394    64A      0.127810  
      65A      0.137023    66A      0.141791    67A      0.145486  
      68A      0.148681    69A      0.152778    70A      0.158554  
      71A      0.165302    72A      0.173305    73A      0.177081  
      74A      0.187175    75A      0.191291    76A      0.193239  
      77A      0.200763    78A      0.204234    79A      0.210858  
      80A      0.219975    81A      0.227821    82A      0.240737  
      83A      0.248924    84A      0.266828    85A      0.269745  
      86A      0.271592    87A      0.273313    88A      0.286559  
      89A      0.291969    90A      0.298844    91A      0.305810  
      92A      0.318306    93A      0.330952    94A      0.346202  
      95A      0.350242    96A      0.357966    97A      0.370861  
      98A      0.377966    99A      0.379126   100A      0.396696  
     101A      0.412893   102A      0.419432   103A      0.456337  
     104A      0.457263   105A      0.510395   106A      0.521554  
     107A      0.531157   108A      0.536622   109A      0.547755  
     110A      0.567262   111A      0.581798   112A      0.595185  
     113A      0.603216   114A      0.616285   115A      0.622103  
     116A      0.623536   117A      0.645576   118A      0.657270  
     119A      0.680172   120A      0.687566   121A      0.694786  
     122A      0.709989   123A      0.716381   124A      0.731384  
     125A      0.740177   126A      0.752542   127A      0.759541  
     128A      0.762728   129A      0.783368   130A      0.789895  
     131A      0.797263   132A      0.805252   133A      0.817824  
     134A      0.832635   135A      0.836674   136A      0.859987  
     137A      0.867307   138A      0.877515   139A      0.890276  
     140A      0.894671   141A      0.911913   142A      0.918715  
     143A      0.937892   144A      0.954707   145A      0.984555  
     146A      0.989980   147A      1.023868   148A      1.107342  
     149A      1.143628   150A      1.153023   151A      1.175586  
     152A      1.215647   153A      1.239615   154A      1.251078  
     155A      1.299485   156A      1.310017   157A      1.330711  
     158A      1.354341   159A      1.357216   160A      1.373043  
     161A      1.378872   162A      1.398812   163A      1.433193  
     164A      1.456682   165A      1.488810   166A      1.491742  
     167A      1.500732   168A      1.514224   169A      1.522168  
     170A      1.540427   171A      1.569290   172A      1.599627  
     173A      1.600331   174A      1.608236   175A      1.636457  
     176A      1.641954   177A      1.661920   178A      1.668872  
     179A      1.676919   180A      1.687031   181A      1.693161  
     182A      1.693615   183A      1.727989   184A      1.740715  
     185A      1.751344   186A      1.773225   187A      1.778848  
     188A      1.782596   189A      1.786257   190A      1.806622  
     191A      1.808588   192A      1.823147   193A      1.834428  
     194A      1.842701   195A      1.850248   196A      1.864007  
     197A      1.886103   198A      1.897008   199A      1.904645  
     200A      1.929528   201A      1.946409   202A      1.950643  
     203A      1.967025   204A      1.968105   205A      1.974603  
     206A      1.980531   207A      1.994547   208A      2.005746  
     209A      2.009596   210A      2.030103   211A      2.042346  
     212A      2.051815   213A      2.065834   214A      2.085147  
     215A      2.108066   216A      2.118234   217A      2.135193  
     218A      2.139998   219A      2.149881   220A      2.172711  
     221A      2.181341   222A      2.197284   223A      2.201304  
     224A      2.219830   225A      2.222607   226A      2.267418  
     227A      2.275565   228A      2.292994   229A      2.301078  
     230A      2.334101   231A      2.354777   232A      2.361006  
     233A      2.390858   234A      2.392817   235A      2.417280  
     236A      2.433624   237A      2.450815   238A      2.454774  
     239A      2.465813   240A      2.502961   241A      2.505378  
     242A      2.533216   243A      2.551130   244A      2.591458  
     245A      2.602829   246A      2.625527   247A      2.645108  
     248A      2.654513   249A      2.663559   250A      2.682419  
     251A      2.691545   252A      2.698088   253A      2.736217  
     254A      2.747338   255A      2.767636   256A      2.811079  
     257A      2.817209   258A      2.841410   259A      2.887677  
     260A      2.897895   261A      2.912446   262A      2.959879  
     263A      2.984863   264A      3.017636   265A      3.087129  
     266A      3.106514   267A      3.130109   268A      3.132842  
     269A      3.191704   270A      3.230511   271A      3.269863  
     272A      3.282219   273A      3.329849   274A      3.419564  
     275A      3.447548   276A      3.499651   277A      3.516681  
     278A      3.538201   279A      3.675446   280A      3.760308  
     281A      3.796777   282A      3.930215   283A      3.948748  
     284A      4.037830   285A      4.135499   286A      4.158131  
     287A      4.314264   288A      4.338229   289A      4.528685  
     290A      4.598074   291A      4.705903   292A      4.779210  
     293A      4.829065   294A      4.982494   295A      5.009517  
     296A      5.227727   297A      5.411659   298A      5.521274  
     299A      5.666670   300A      5.814664   301A      6.380881  
     302A     18.160457   303A     18.349678   304A     18.562824  
     305A     25.334316   306A     33.419950  

    Final Occupation by Irrep:
              A 
    DOCC [    28 ]

  @DF-RHF Final Energy:  -361.17395426357956

   => Energetics <=

    Nuclear Repulsion Energy =            326.0826545264746414
    One-Electron Energy =               -1128.2762306712904774
    Two-Electron Energy =                 441.0196218812362190
    Total Energy =                       -361.1739542635795601

Computation Completed


Properties will be evaluated at   0.000000,   0.000000,   0.000000 [a0]

Properties computed using the SCF density matrix

  Nuclear Dipole Moment: [e a0]
     X:   -65.1046      Y:   387.4583      Z:   166.2805

  Electronic Dipole Moment: [e a0]
     X:    66.4327      Y:  -383.4887      Z:  -164.8653

  Dipole Moment: [e a0]
     X:     1.3281      Y:     3.9696      Z:     1.4151     Total:     4.4187

  Dipole Moment: [D]
     X:     3.3756      Y:    10.0898      Z:     3.5969     Total:    11.2311


*** tstop() called on aliaconda at Sun Mar 20 06:00:52 2022
Module time:
	user time   =     230.08 seconds =       3.83 minutes
	system time =      25.58 seconds =       0.43 minutes
	total time  =         11 seconds =       0.18 minutes
Total time:
	user time   =   94827.60 seconds =    1580.46 minutes
	system time =   13211.58 seconds =     220.19 minutes
	total time  =       5835 seconds =      97.25 minutes
  Constructing Basis Sets for SAPT...

   => Loading Basis Set <=

    Name: (JUN-CC-PVDZ AUX)
    Role: RIFIT
    Keyword: DF_BASIS_SAPT
    atoms 1, 14                                          entry N          line   144 file /home/alia/anaconda3/envs/mddemo/share/psi4/basis/jun-cc-pvdz-ri.gbs 
    atoms 2-4, 6, 8-10, 13, 15-17, 19, 21, 23, 25-27, 30 entry H          line    30 file /home/alia/anaconda3/envs/mddemo/share/psi4/basis/jun-cc-pvdz-ri.gbs 
    atoms 5, 7, 11, 18, 20, 24, 28                       entry C          line   100 file /home/alia/anaconda3/envs/mddemo/share/psi4/basis/jun-cc-pvdz-ri.gbs 
    atoms 12, 22, 29                                     entry O          line   188 file /home/alia/anaconda3/envs/mddemo/share/psi4/basis/jun-cc-pvdz-ri.gbs 


  //>>>>>>>>>>>>>>>>>>>>>>>>>>>>>>>>>>>//
  //               SAPT0               //
  //<<<<<<<<<<<<<<<<<<<<<<<<<<<<<<<<<<<//


*** tstart() called on aliaconda
*** at Sun Mar 20 06:00:52 2022

        SAPT0  
    Ed Hohenstein
     6 June 2009

      Orbital Information
  --------------------------
    NSO        =       306
    NMO        =       306
    NRI        =      1032
    NOCC A     =        20
    NOCC B     =        28
    FOCC A     =         0
    FOCC B     =         0
    NVIR A     =       286
    NVIR B     =       278

    Elst10,r            =     0.067846370445 [Eh]
    Exch10              =    -0.000000032561 [Eh]
    Exch10 (S^2)        =    -0.000000032561 [Eh]

    Iter     Energy [mEh]          dE [mEh]         Residual      Time [s]
       1      -0.42697784       0.426977838       6.710961527             1
       2      -0.40683442      -0.020143423       1.999958259             1
       3      -0.43749919       0.030664775       0.847425025             2
       4      -0.44885583       0.011356640       0.271462422             2
       5      -0.44724567      -0.001610161       0.162027926             3
       6      -0.44611039      -0.001135274       0.041570350             3
       7      -0.44636293       0.000252533       0.013126509             4
       8      -0.44642256       0.000059632       0.003678117             4
       9      -0.44641028      -0.000012280       0.001607266             5
      10      -0.44640438      -0.000005899       0.000808800             6
      11      -0.44640842       0.000004036       0.000332287             6
      12      -0.44640861       0.000000193       0.000087202             7
      13      -0.44640823      -0.000000383       0.000020866             7
      14      -0.44640822      -0.000000004       0.000005883             8
      15      -0.44640824       0.000000022       0.000001505             8
      16      -0.44640824      -0.000000007       0.000000521             9

    CHF Iterations converged


    Iter     Energy [mEh]          dE [mEh]         Residual      Time [s]
       1      -0.29884804       0.298848045       4.153694098             1
       2      -0.31184742       0.012999376       1.833021999             1
       3      -0.33748110       0.025633676       0.645638131             2
       4      -0.34238318       0.004902080       0.189048284             2
       5      -0.34183517      -0.000548011       0.104146962             3
       6      -0.34108040      -0.000754762       0.034380151             4
       7      -0.34115306       0.000072657       0.016366217             4
       8      -0.34125858       0.000105516       0.004581266             5
       9      -0.34124174      -0.000016835       0.002101802             6
      10      -0.34123434      -0.000007406       0.001028710             6
      11      -0.34123808       0.000003744       0.000555087             7
      12      -0.34123892       0.000000839       0.000201069             7
      13      -0.34123840      -0.000000516       0.000062000             8
      14      -0.34123825      -0.000000154       0.000016281             9
      15      -0.34123828       0.000000035       0.000005279             9
      16      -0.34123830       0.000000012       0.000001447            10
      17      -0.34123829      -0.000000003       0.000000551            10

    CHF Iterations converged

    Ind20,r (A<-B)      =    -0.000446408237 [Eh]
    Ind20,r (B<-A)      =    -0.000341238292 [Eh]
    Ind20,r             =    -0.000787646529 [Eh]
    Exch-Ind20,r (A<-B) =     0.000000003651 [Eh]
    Exch-Ind20,r (B<-A) =     0.000000005189 [Eh]
    Exch-Ind20,r        =     0.000000008841 [Eh]
    Disp20              =    -0.000060958815 [Eh]
    Disp20 (SS)         =    -0.000030479407 [Eh]
    Disp20 (OS)         =    -0.000030479407 [Eh]
    Exch-Disp20         =     0.000000003968 [Eh]
    Exch-Disp20 (SS)    =     0.000000002857 [Eh]
    Exch-Disp20 (OS)    =     0.000000001110 [Eh]

    SAPT Results 
  --------------------------------------------------------------------------------------------------------
    Electrostatics                 67.84637045 [mEh]      42.57424022 [kcal/mol]     178.13062106 [kJ/mol]
      Elst10,r                     67.84637045 [mEh]      42.57424022 [kcal/mol]     178.13062106 [kJ/mol]

    Exchange                       -0.00003256 [mEh]      -0.00002043 [kcal/mol]      -0.00008549 [kJ/mol]
      Exch10                       -0.00003256 [mEh]      -0.00002043 [kcal/mol]      -0.00008549 [kJ/mol]
      Exch10(S^2)                  -0.00003256 [mEh]      -0.00002043 [kcal/mol]      -0.00008549 [kJ/mol]

    Induction                      -0.77536384 [mEh]      -0.48654816 [kcal/mol]      -2.03571749 [kJ/mol]
      Ind20,r                      -0.78764653 [mEh]      -0.49425566 [kcal/mol]      -2.06796568 [kJ/mol]
      Exch-Ind20,r                  0.00000884 [mEh]       0.00000555 [kcal/mol]       0.00002321 [kJ/mol]
      delta HF,r (2)                0.01227384 [mEh]       0.00770195 [kcal/mol]       0.03222497 [kJ/mol]

    Dispersion                     -0.06095485 [mEh]      -0.03824974 [kcal/mol]      -0.16003693 [kJ/mol]
      Disp20                       -0.06095881 [mEh]      -0.03825223 [kcal/mol]      -0.16004735 [kJ/mol]
      Exch-Disp20                   0.00000397 [mEh]       0.00000249 [kcal/mol]       0.00001042 [kJ/mol]
      Disp20 (SS)                  -0.03047941 [mEh]      -0.01912612 [kcal/mol]      -0.08002367 [kJ/mol]
      Disp20 (OS)                  -0.03047941 [mEh]      -0.01912612 [kcal/mol]      -0.08002367 [kJ/mol]
      Exch-Disp20 (SS)              0.00000286 [mEh]       0.00000179 [kcal/mol]       0.00000750 [kJ/mol]
      Exch-Disp20 (OS)              0.00000111 [mEh]       0.00000070 [kcal/mol]       0.00000291 [kJ/mol]

  Total HF                         67.07097404 [mEh]      42.08767163 [kcal/mol]     176.09481808 [kJ/mol]
  Total SAPT0                      67.01001919 [mEh]      42.04942188 [kcal/mol]     175.93478115 [kJ/mol]

  Special recipe for scaled SAPT0 (see Manual):
    Electrostatics sSAPT0          67.84637045 [mEh]      42.57424022 [kcal/mol]     178.13062106 [kJ/mol]
    Exchange sSAPT0                -0.00003256 [mEh]      -0.00002043 [kcal/mol]      -0.00008549 [kJ/mol]
    Induction sSAPT0               -0.77536384 [mEh]      -0.48654816 [kcal/mol]      -2.03571749 [kJ/mol]
    Dispersion sSAPT0              -0.06095485 [mEh]      -0.03824974 [kcal/mol]      -0.16003693 [kJ/mol]
  Total sSAPT0                     67.01001919 [mEh]      42.04942188 [kcal/mol]     175.93478115 [kJ/mol]
  --------------------------------------------------------------------------------------------------------

*** tstop() called on aliaconda at Sun Mar 20 06:01:41 2022
Module time:
	user time   =     688.46 seconds =      11.47 minutes
	system time =     118.07 seconds =       1.97 minutes
	total time  =         49 seconds =       0.82 minutes
Total time:
	user time   =   95518.64 seconds =    1591.98 minutes
	system time =   13330.10 seconds =     222.17 minutes
	total time  =       5884 seconds =      98.07 minutes


Warning! sapt0 does not have an associated derived wavefunction.The returned wavefunction is the dimer SCF wavefunction.


  Memory set to  74.506 GiB by Python driver.
  Threads set to 32 by Python driver.
