
Scratch directory: /tmp/

Scratch directory: /tmp/

  //>>>>>>>>>>>>>>>>>>>>>>>>>>>>>>>>>>>//
  //              Dimer HF             //
  //<<<<<<<<<<<<<<<<<<<<<<<<<<<<<<<<<<<//


*** tstart() called on aliaconda
*** at Sun Mar 20 05:04:44 2022

   => Loading Basis Set <=

    Name: JUN-CC-PVDZ
    Role: ORBITAL
    Keyword: BASIS
    atoms 1, 14                                          entry N          line   198 file /home/alia/anaconda3/envs/mddemo/share/psi4/basis/jun-cc-pvdz.gbs 
    atoms 2-4, 6, 8-10, 13, 15-17, 19, 21, 23, 25-27, 30 entry H          line    36 file /home/alia/anaconda3/envs/mddemo/share/psi4/basis/jun-cc-pvdz.gbs 
    atoms 5, 7, 11, 18, 20, 24, 28                       entry C          line   164 file /home/alia/anaconda3/envs/mddemo/share/psi4/basis/jun-cc-pvdz.gbs 
    atoms 12, 22, 29                                     entry O          line   232 file /home/alia/anaconda3/envs/mddemo/share/psi4/basis/jun-cc-pvdz.gbs 


         ---------------------------------------------------------
                                   SCF
               by Justin Turney, Rob Parrish, Andy Simmonett
                          and Daniel G. A. Smith
                              RHF Reference
                       32 Threads,  76293 MiB Core
         ---------------------------------------------------------

  ==> Geometry <==

    Molecular point group: c1
    Full point group: C1

    Geometry (in Angstrom), charge = 2, multiplicity = 1:

       Center              X                  Y                   Z               Mass       
    ------------   -----------------  -----------------  -----------------  -----------------
         N            0.285574781874    -6.031611815588    -1.600673486955    14.003074004430
         H           -0.588425290605    -6.319611922400    -0.824673464067     1.007825032230
         H           -0.303424966356    -6.027611867087    -2.649673273332     1.007825032230
         H            0.904574739912    -6.783611909048    -1.620673467882     1.007825032230
         C            0.782574999312    -4.675611868994    -1.326673319109    12.000000000000
         H            0.121574747542    -4.179612055914    -0.622673322923     1.007825032230
         C            2.234574902037    -4.658611670630    -0.798673441179    12.000000000000
         H            2.841574776152    -5.264612094061    -1.525673677690     1.007825032230
         H            2.261574852446    -5.245612040655     0.200326631300     1.007825032230
         H            2.643574821928    -3.596611872809    -0.502673437364     1.007825032230
         C            0.774574625471    -3.796611682074    -2.500673582323    12.000000000000
         O           -0.193425309679    -3.024611846106    -2.767673303850    15.994914619570
         H            1.643085825423    -3.808246985571    -3.175620367296     1.007825032230
         N            0.849574911574     2.447388275965     0.189326474898    14.003074004430
         H            1.278574812392     1.324388131006     0.194326589339     1.007825032230
         H            0.700574743727     2.611387833460    -0.992673685320     1.007825032230
         H            1.540574896315     3.103388413294     0.518326471083     1.007825032230
         C           -0.504425179979     2.697388275965     0.828326413863    12.000000000000
         H           -0.977425229570     1.738387688501     0.819326589339     1.007825032230
         C           -0.536425244829     3.215387925012     2.266326139204    12.000000000000
         H           -1.602425229570     3.108388527735     2.570326993697     1.007825032230
         O           -0.071425092241     4.525388344629     2.358326146834    15.994914619570
         H            0.900575029829     4.593388184412     2.108326146834     1.007825032230
         C            0.261575090864     2.355388268335     3.116326520674    12.000000000000
         H            1.342574942091     2.409388169153     2.836326787703     1.007825032230
         H           -0.042425286791     1.328387841089     3.008326719038     1.007825032230
         H            0.264574873427     2.671388253076     4.204326818220     1.007825032230
         C           -1.433425080797     3.630387886865     0.082326600783    12.000000000000
         O           -2.663425576708     3.435388192041     0.139326284163    15.994914619570
         H           -1.028755319139     4.469560250147    -0.502508928545     1.007825032230

  Running in c1 symmetry.

  Rotational constants: A =      0.04114  B =      0.00515  C =      0.00486 [cm^-1]
  Rotational constants: A =   1233.22040  B =    154.37146  C =    145.55254 [MHz]
  Nuclear repulsion =  662.754162103216800

  Charge       = 2
  Multiplicity = 1
  Electrons    = 96
  Nalpha       = 48
  Nbeta        = 48

  ==> Algorithm <==

  SCF Algorithm Type is DF.
  DIIS enabled.
  MOM disabled.
  Fractional occupation disabled.
  Guess Type is SAD.
  Energy threshold   = 1.00e-08
  Density threshold  = 1.00e-08
  Integral threshold = 1.00e-12

  ==> Primary Basis <==

  Basis Set: JUN-CC-PVDZ
    Blend: JUN-CC-PVDZ
    Number of shells: 150
    Number of basis functions: 306
    Number of Cartesian functions: 318
    Spherical Harmonics?: true
    Max angular momentum: 2

   => Loading Basis Set <=

    Name: (JUN-CC-PVDZ AUX)
    Role: JKFIT
    Keyword: DF_BASIS_SCF
    atoms 1, 14                                          entry N          line   202 file /home/alia/anaconda3/envs/mddemo/share/psi4/basis/jun-cc-pvdz-jkfit.gbs 
    atoms 2-4, 6, 8-10, 13, 15-17, 19, 21, 23, 25-27, 30 entry H          line    70 file /home/alia/anaconda3/envs/mddemo/share/psi4/basis/jun-cc-pvdz-jkfit.gbs 
    atoms 5, 7, 11, 18, 20, 24, 28                       entry C          line   146 file /home/alia/anaconda3/envs/mddemo/share/psi4/basis/jun-cc-pvdz-jkfit.gbs 
    atoms 12, 22, 29                                     entry O          line   258 file /home/alia/anaconda3/envs/mddemo/share/psi4/basis/jun-cc-pvdz-jkfit.gbs 

  ==> Integral Setup <==

  ==> DiskDFJK: Density-Fitted J/K Matrices <==

    J tasked:                  Yes
    K tasked:                  Yes
    wK tasked:                  No
    OpenMP threads:             32
    Integrals threads:          32
    Memory [MiB]:            57220
    Algorithm:                Core
    Integral Cache:           SAVE
    Schwarz Cutoff:          1E-12
    Fitting Condition:       1E-10

   => Auxiliary Basis Set <=

  Basis Set: (JUN-CC-PVDZ AUX)
    Blend: JUN-CC-PVDZ-JKFIT
    Number of shells: 486
    Number of basis functions: 1362
    Number of Cartesian functions: 1542
    Spherical Harmonics?: true
    Max angular momentum: 3

  Minimum eigenvalue in the overlap matrix is 5.2143230471E-05.
  Reciprocal condition number of the overlap matrix is 4.4922832369E-06.
    Using symmetric orthogonalization.

  ==> Pre-Iterations <==

  SCF Guess: Superposition of Atomic Densities via on-the-fly atomic UHF (no occupation information).

   -------------------------
    Irrep   Nso     Nmo    
   -------------------------
     A        306     306 
   -------------------------
    Total     306     306
   -------------------------

  ==> Iterations <==

                           Total Energy        Delta E     RMS |[F,P]|

   @DF-RHF iter SAD:  -607.31395452098332   -6.07314e+02   0.00000e+00 
   @DF-RHF iter   1:  -607.93068816536947   -6.16734e-01   2.82028e-03 DIIS
   @DF-RHF iter   2:  -608.25078614528206   -3.20098e-01   1.82519e-03 DIIS
   @DF-RHF iter   3:  -608.36790912903518   -1.17123e-01   4.10893e-04 DIIS
   @DF-RHF iter   4:  -608.37729320778544   -9.38408e-03   1.55674e-04 DIIS
   @DF-RHF iter   5:  -608.37869532729997   -1.40212e-03   3.48246e-05 DIIS
   @DF-RHF iter   6:  -608.37882949253230   -1.34165e-04   1.75693e-05 DIIS
   @DF-RHF iter   7:  -608.37886136007876   -3.18675e-05   8.03018e-06 DIIS
   @DF-RHF iter   8:  -608.37886950205370   -8.14197e-06   3.20703e-06 DIIS
   @DF-RHF iter   9:  -608.37887087543743   -1.37338e-06   8.98776e-07 DIIS
   @DF-RHF iter  10:  -608.37887099309501   -1.17658e-07   3.54048e-07 DIIS
   @DF-RHF iter  11:  -608.37887100999092   -1.68959e-08   1.87114e-07 DIIS
   @DF-RHF iter  12:  -608.37887101525428   -5.26336e-09   9.51068e-08 DIIS
   @DF-RHF iter  13:  -608.37887101775721   -2.50293e-09   5.23157e-08 DIIS
   @DF-RHF iter  14:  -608.37887101883337   -1.07616e-09   2.00052e-08 DIIS
   @DF-RHF iter  15:  -608.37887101896501   -1.31649e-10   5.70390e-09 DIIS
  Energy and wave function converged.


  ==> Post-Iterations <==

    Orbital Energies [Eh]
    ---------------------

    Doubly Occupied:                                                      

       1A    -20.831627     2A    -20.795448     3A    -20.794557  
       4A    -16.007641     5A    -16.004421     6A    -11.598811  
       7A    -11.576485     8A    -11.575708     9A    -11.553200  
      10A    -11.526334    11A    -11.518945    12A    -11.445723  
      13A     -1.625340    14A     -1.609802    15A     -1.594653  
      16A     -1.577770    17A     -1.551013    18A     -1.330359  
      19A     -1.311438    20A     -1.221624    21A     -1.169386  
      22A     -1.095162    23A     -1.070930    24A     -1.062983  
      25A     -1.025793    26A     -1.015719    27A     -0.991494  
      28A     -0.971830    29A     -0.965154    30A     -0.946982  
      31A     -0.899572    32A     -0.892275    33A     -0.879085  
      34A     -0.869791    35A     -0.861873    36A     -0.833357  
      37A     -0.819678    38A     -0.811541    39A     -0.787184  
      40A     -0.773303    41A     -0.763972    42A     -0.744724  
      43A     -0.743337    44A     -0.717303    45A     -0.703412  
      46A     -0.689805    47A     -0.682616    48A     -0.647744  

    Virtual:                                                              

      49A     -0.202189    50A     -0.195089    51A     -0.156761  
      52A     -0.144140    53A     -0.139692    54A     -0.136801  
      55A     -0.127143    56A     -0.114303    57A     -0.112742  
      58A     -0.111273    59A     -0.101037    60A     -0.092628  
      61A     -0.087687    62A     -0.082037    63A     -0.079150  
      64A     -0.076380    65A     -0.071650    66A     -0.070717  
      67A     -0.063090    68A     -0.061125    69A     -0.057411  
      70A     -0.046939    71A     -0.043661    72A     -0.035370  
      73A     -0.033400    74A     -0.031533    75A     -0.023341  
      76A     -0.020906    77A     -0.019739    78A     -0.008005  
      79A     -0.007744    80A     -0.000495    81A      0.002787  
      82A      0.008992    83A      0.020724    84A      0.029387  
      85A      0.037580    86A      0.042365    87A      0.049638  
      88A      0.053669    89A      0.057957    90A      0.060834  
      91A      0.070132    92A      0.080505    93A      0.083321  
      94A      0.090796    95A      0.096201    96A      0.106005  
      97A      0.109468    98A      0.113052    99A      0.123837  
     100A      0.124549   101A      0.133724   102A      0.140674  
     103A      0.149289   104A      0.151637   105A      0.156430  
     106A      0.157751   107A      0.164883   108A      0.169319  
     109A      0.178968   110A      0.182403   111A      0.196951  
     112A      0.199619   113A      0.211888   114A      0.220421  
     115A      0.226798   116A      0.232222   117A      0.239796  
     118A      0.251349   119A      0.264259   120A      0.274864  
     121A      0.282667   122A      0.297173   123A      0.329167  
     124A      0.334084   125A      0.345131   126A      0.368568  
     127A      0.441640   128A      0.476072   129A      0.491043  
     130A      0.495976   131A      0.513823   132A      0.520883  
     133A      0.536717   134A      0.543954   135A      0.555365  
     136A      0.561240   137A      0.566211   138A      0.573202  
     139A      0.579061   140A      0.606999   141A      0.624842  
     142A      0.629397   143A      0.637296   144A      0.638763  
     145A      0.646826   146A      0.659675   147A      0.666375  
     148A      0.667115   149A      0.679507   150A      0.686600  
     151A      0.701084   152A      0.717252   153A      0.722854  
     154A      0.725214   155A      0.733859   156A      0.739736  
     157A      0.744511   158A      0.763689   159A      0.768168  
     160A      0.771997   161A      0.775769   162A      0.782240  
     163A      0.785455   164A      0.808702   165A      0.816332  
     166A      0.820128   167A      0.826203   168A      0.838640  
     169A      0.845812   170A      0.867345   171A      0.877943  
     172A      0.907669   173A      0.935540   174A      0.940972  
     175A      0.988677   176A      1.011893   177A      1.036900  
     178A      1.045633   179A      1.093360   180A      1.134659  
     181A      1.150565   182A      1.156284   183A      1.191441  
     184A      1.196248   185A      1.209047   186A      1.220856  
     187A      1.241942   188A      1.265304   189A      1.271664  
     190A      1.277468   191A      1.290136   192A      1.296113  
     193A      1.309293   194A      1.314868   195A      1.321398  
     196A      1.326252   197A      1.329561   198A      1.338726  
     199A      1.351854   200A      1.368408   201A      1.381924  
     202A      1.412899   203A      1.422292   204A      1.446339  
     205A      1.450382   206A      1.462213   207A      1.473872  
     208A      1.485280   209A      1.503828   210A      1.557898  
     211A      1.585349   212A      1.586475   213A      1.587158  
     214A      1.600942   215A      1.603181   216A      1.615832  
     217A      1.618762   218A      1.630483   219A      1.639506  
     220A      1.653087   221A      1.671759   222A      1.685143  
     223A      1.710458   224A      1.714625   225A      1.723215  
     226A      1.732652   227A      1.746371   228A      1.749173  
     229A      1.756136   230A      1.758736   231A      1.777118  
     232A      1.796164   233A      1.810763   234A      1.821229  
     235A      1.826493   236A      1.827676   237A      1.855185  
     238A      1.861445   239A      1.873892   240A      1.879589  
     241A      1.880211   242A      1.916743   243A      1.922404  
     244A      1.938732   245A      1.961191   246A      1.972606  
     247A      2.005230   248A      2.006086   249A      2.024844  
     250A      2.037614   251A      2.048307   252A      2.062250  
     253A      2.076406   254A      2.114975   255A      2.137223  
     256A      2.146993   257A      2.164666   258A      2.191506  
     259A      2.199334   260A      2.207381   261A      2.214133  
     262A      2.224032   263A      2.258065   264A      2.334210  
     265A      2.346036   266A      2.352796   267A      2.358383  
     268A      2.395647   269A      2.401571   270A      2.408202  
     271A      2.426975   272A      2.469434   273A      2.472968  
     274A      2.475289   275A      2.510281   276A      2.561237  
     277A      2.571134   278A      2.580022   279A      2.607261  
     280A      2.610764   281A      2.623177   282A      2.644302  
     283A      2.661548   284A      2.688295   285A      2.712683  
     286A      2.735408   287A      2.752798   288A      2.803275  
     289A      2.847087   290A      2.853183   291A      2.875391  
     292A      2.911158   293A      2.955775   294A      3.024517  
     295A      3.073281   296A      3.106946   297A      3.184536  
     298A      3.200001   299A      3.258271   300A      3.273594  
     301A      3.438839   302A      3.490702   303A      3.538520  
     304A      3.648695   305A      3.723592   306A      3.868966  

    Final Occupation by Irrep:
              A 
    DOCC [    48 ]

  @DF-RHF Final Energy:  -608.37887101896501

   => Energetics <=

    Nuclear Repulsion Energy =            662.7541621032167996
    One-Electron Energy =               -2119.2922546617623993
    Two-Electron Energy =                 848.1592215395804715
    Total Energy =                       -608.3788710189650146

Computation Completed


Properties will be evaluated at   0.000000,   0.000000,   0.000000 [a0]

Properties computed using the SCF density matrix

  Nuclear Dipole Moment: [e a0]
     X:    11.1390      Y:   -12.9662      Z:     3.7931

  Electronic Dipole Moment: [e a0]
     X:    -7.1206      Y:     5.5956      Z:    -5.6310

  Dipole Moment: [e a0]
     X:     4.0184      Y:    -7.3706      Z:    -1.8379     Total:     8.5937

  Dipole Moment: [D]
     X:    10.2137      Y:   -18.7343      Z:    -4.6715     Total:    21.8430


*** tstop() called on aliaconda at Sun Mar 20 05:04:59 2022
Module time:
	user time   =     327.58 seconds =       5.46 minutes
	system time =      37.51 seconds =       0.63 minutes
	total time  =         15 seconds =       0.25 minutes
Total time:
	user time   =   38004.85 seconds =     633.41 minutes
	system time =    5225.12 seconds =      87.09 minutes
	total time  =       2482 seconds =      41.37 minutes

  //>>>>>>>>>>>>>>>>>>>>>>>>>>>>>>>>>>>//
  //            Monomer A HF           //
  //<<<<<<<<<<<<<<<<<<<<<<<<<<<<<<<<<<<//


*** tstart() called on aliaconda
*** at Sun Mar 20 05:04:59 2022

   => Loading Basis Set <=

    Name: JUN-CC-PVDZ
    Role: ORBITAL
    Keyword: BASIS
    atoms 1, 14                                          entry N          line   198 file /home/alia/anaconda3/envs/mddemo/share/psi4/basis/jun-cc-pvdz.gbs 
    atoms 2-4, 6, 8-10, 13, 15-17, 19, 21, 23, 25-27, 30 entry H          line    36 file /home/alia/anaconda3/envs/mddemo/share/psi4/basis/jun-cc-pvdz.gbs 
    atoms 5, 7, 11, 18, 20, 24, 28                       entry C          line   164 file /home/alia/anaconda3/envs/mddemo/share/psi4/basis/jun-cc-pvdz.gbs 
    atoms 12, 22, 29                                     entry O          line   232 file /home/alia/anaconda3/envs/mddemo/share/psi4/basis/jun-cc-pvdz.gbs 


         ---------------------------------------------------------
                                   SCF
               by Justin Turney, Rob Parrish, Andy Simmonett
                          and Daniel G. A. Smith
                              RHF Reference
                       32 Threads,  76293 MiB Core
         ---------------------------------------------------------

  ==> Geometry <==

    Molecular point group: c1
    Full point group: C1

    Geometry (in Angstrom), charge = 1, multiplicity = 1:

       Center              X                  Y                   Z               Mass       
    ------------   -----------------  -----------------  -----------------  -----------------
         N            0.285574781874    -6.031611815588    -1.600673486955    14.003074004430
         H           -0.588425290605    -6.319611922400    -0.824673464067     1.007825032230
         H           -0.303424966356    -6.027611867087    -2.649673273332     1.007825032230
         H            0.904574739912    -6.783611909048    -1.620673467882     1.007825032230
         C            0.782574999312    -4.675611868994    -1.326673319109    12.000000000000
         H            0.121574747542    -4.179612055914    -0.622673322923     1.007825032230
         C            2.234574902037    -4.658611670630    -0.798673441179    12.000000000000
         H            2.841574776152    -5.264612094061    -1.525673677690     1.007825032230
         H            2.261574852446    -5.245612040655     0.200326631300     1.007825032230
         H            2.643574821928    -3.596611872809    -0.502673437364     1.007825032230
         C            0.774574625471    -3.796611682074    -2.500673582323    12.000000000000
         O           -0.193425309679    -3.024611846106    -2.767673303850    15.994914619570
         H            1.643085825423    -3.808246985571    -3.175620367296     1.007825032230
      Gh(N)           0.849574911574     2.447388275965     0.189326474898    14.003074004430
      Gh(H)           1.278574812392     1.324388131006     0.194326589339     1.007825032230
      Gh(H)           0.700574743727     2.611387833460    -0.992673685320     1.007825032230
      Gh(H)           1.540574896315     3.103388413294     0.518326471083     1.007825032230
      Gh(C)          -0.504425179979     2.697388275965     0.828326413863    12.000000000000
      Gh(H)          -0.977425229570     1.738387688501     0.819326589339     1.007825032230
      Gh(C)          -0.536425244829     3.215387925012     2.266326139204    12.000000000000
      Gh(H)          -1.602425229570     3.108388527735     2.570326993697     1.007825032230
      Gh(O)          -0.071425092241     4.525388344629     2.358326146834    15.994914619570
      Gh(H)           0.900575029829     4.593388184412     2.108326146834     1.007825032230
      Gh(C)           0.261575090864     2.355388268335     3.116326520674    12.000000000000
      Gh(H)           1.342574942091     2.409388169153     2.836326787703     1.007825032230
      Gh(H)          -0.042425286791     1.328387841089     3.008326719038     1.007825032230
      Gh(H)           0.264574873427     2.671388253076     4.204326818220     1.007825032230
      Gh(C)          -1.433425080797     3.630387886865     0.082326600783    12.000000000000
      Gh(O)          -2.663425576708     3.435388192041     0.139326284163    15.994914619570
      Gh(H)          -1.028755319139     4.469560250147    -0.502508928545     1.007825032230

  Running in c1 symmetry.

  Rotational constants: A =      0.04114  B =      0.00515  C =      0.00486 [cm^-1]
  Rotational constants: A =   1233.22040  B =    154.37146  C =    145.55254 [MHz]
  Nuclear repulsion =  183.938711237369773

  Charge       = 1
  Multiplicity = 1
  Electrons    = 40
  Nalpha       = 20
  Nbeta        = 20

  ==> Algorithm <==

  SCF Algorithm Type is DF.
  DIIS enabled.
  MOM disabled.
  Fractional occupation disabled.
  Guess Type is SAD.
  Energy threshold   = 1.00e-08
  Density threshold  = 1.00e-08
  Integral threshold = 1.00e-12

  ==> Primary Basis <==

  Basis Set: JUN-CC-PVDZ
    Blend: JUN-CC-PVDZ
    Number of shells: 150
    Number of basis functions: 306
    Number of Cartesian functions: 318
    Spherical Harmonics?: true
    Max angular momentum: 2

   => Loading Basis Set <=

    Name: (JUN-CC-PVDZ AUX)
    Role: JKFIT
    Keyword: DF_BASIS_SCF
    atoms 1, 14                                          entry N          line   202 file /home/alia/anaconda3/envs/mddemo/share/psi4/basis/jun-cc-pvdz-jkfit.gbs 
    atoms 2-4, 6, 8-10, 13, 15-17, 19, 21, 23, 25-27, 30 entry H          line    70 file /home/alia/anaconda3/envs/mddemo/share/psi4/basis/jun-cc-pvdz-jkfit.gbs 
    atoms 5, 7, 11, 18, 20, 24, 28                       entry C          line   146 file /home/alia/anaconda3/envs/mddemo/share/psi4/basis/jun-cc-pvdz-jkfit.gbs 
    atoms 12, 22, 29                                     entry O          line   258 file /home/alia/anaconda3/envs/mddemo/share/psi4/basis/jun-cc-pvdz-jkfit.gbs 

  ==> Integral Setup <==

  ==> DiskDFJK: Density-Fitted J/K Matrices <==

    J tasked:                  Yes
    K tasked:                  Yes
    wK tasked:                  No
    OpenMP threads:             32
    Integrals threads:          32
    Memory [MiB]:            57220
    Algorithm:                Core
    Integral Cache:           LOAD
    Schwarz Cutoff:          1E-12
    Fitting Condition:       1E-10

   => Auxiliary Basis Set <=

  Basis Set: (JUN-CC-PVDZ AUX)
    Blend: JUN-CC-PVDZ-JKFIT
    Number of shells: 486
    Number of basis functions: 1362
    Number of Cartesian functions: 1542
    Spherical Harmonics?: true
    Max angular momentum: 3

  Minimum eigenvalue in the overlap matrix is 5.2143230471E-05.
  Reciprocal condition number of the overlap matrix is 4.4922832369E-06.
    Using symmetric orthogonalization.

  ==> Pre-Iterations <==

  SCF Guess: Superposition of Atomic Densities via on-the-fly atomic UHF (no occupation information).

   -------------------------
    Irrep   Nso     Nmo    
   -------------------------
     A        306     306 
   -------------------------
    Total     306     306
   -------------------------

  ==> Iterations <==

                           Total Energy        Delta E     RMS |[F,P]|

   @DF-RHF iter SAD:  -246.66502163261310   -2.46665e+02   0.00000e+00 
   @DF-RHF iter   1:  -247.09171431305813   -4.26693e-01   1.74551e-03 DIIS
   @DF-RHF iter   2:  -247.21843608186805   -1.26722e-01   1.16061e-03 DIIS
   @DF-RHF iter   3:  -247.26529144207512   -4.68554e-02   2.63340e-04 DIIS
   @DF-RHF iter   4:  -247.26941167351205   -4.12023e-03   9.67326e-05 DIIS
   @DF-RHF iter   5:  -247.27000813009209   -5.96457e-04   2.24438e-05 DIIS
   @DF-RHF iter   6:  -247.27008121905436   -7.30890e-05   1.04882e-05 DIIS
   @DF-RHF iter   7:  -247.27009525977803   -1.40407e-05   4.69942e-06 DIIS
   @DF-RHF iter   8:  -247.27009808892495   -2.82915e-06   1.53792e-06 DIIS
   @DF-RHF iter   9:  -247.27009841353029   -3.24605e-07   4.36004e-07 DIIS
   @DF-RHF iter  10:  -247.27009843835580   -2.48255e-08   1.81017e-07 DIIS
   @DF-RHF iter  11:  -247.27009844598228   -7.62648e-09   9.12557e-08 DIIS
   @DF-RHF iter  12:  -247.27009844896696   -2.98468e-09   4.81860e-08 DIIS
   @DF-RHF iter  13:  -247.27009845000640   -1.03944e-09   1.12428e-08 DIIS
   @DF-RHF iter  14:  -247.27009845004386   -3.74598e-11   2.08117e-09 DIIS
  Energy and wave function converged.


  ==> Post-Iterations <==

    Orbital Energies [Eh]
    ---------------------

    Doubly Occupied:                                                      

       1A    -20.754836     2A    -15.942703     3A    -11.521775  
       4A    -11.503301     5A    -11.445888     6A     -1.548638  
       7A     -1.510293     8A     -1.257997     9A     -1.097011  
      10A     -1.023106    11A     -0.949074    12A     -0.922911  
      13A     -0.900317    14A     -0.815802    15A     -0.796927  
      16A     -0.737545    17A     -0.713352    18A     -0.700392  
      19A     -0.665031    20A     -0.613151  

    Virtual:                                                              

      21A     -0.133050    22A     -0.078655    23A     -0.070690  
      24A     -0.062995    25A     -0.050596    26A     -0.036569  
      27A     -0.031564    28A     -0.023075    29A     -0.012044  
      30A     -0.010663    31A     -0.007913    32A      0.002970  
      33A      0.005960    34A      0.012265    35A      0.021454  
      36A      0.023250    37A      0.032894    38A      0.033749  
      39A      0.040879    40A      0.044322    41A      0.051856  
      42A      0.053451    43A      0.060609    44A      0.063352  
      45A      0.074410    46A      0.084257    47A      0.090248  
      48A      0.095845    49A      0.100526    50A      0.102793  
      51A      0.106903    52A      0.114205    53A      0.122721  
      54A      0.127205    55A      0.137450    56A      0.143989  
      57A      0.154626    58A      0.155705    59A      0.156883  
      60A      0.159794    61A      0.162999    62A      0.166000  
      63A      0.180587    64A      0.185285    65A      0.192214  
      66A      0.204163    67A      0.214174    68A      0.221392  
      69A      0.223726    70A      0.226571    71A      0.229843  
      72A      0.246231    73A      0.247573    74A      0.251779  
      75A      0.258776    76A      0.269185    77A      0.274037  
      78A      0.293384    79A      0.302546    80A      0.313992  
      81A      0.325894    82A      0.331838    83A      0.344321  
      84A      0.352062    85A      0.364383    86A      0.380046  
      87A      0.387735    88A      0.396552    89A      0.401598  
      90A      0.412337    91A      0.452425    92A      0.459391  
      93A      0.478585    94A      0.493379    95A      0.510977  
      96A      0.512760    97A      0.536898    98A      0.556546  
      99A      0.563131   100A      0.569539   101A      0.573954  
     102A      0.583476   103A      0.588407   104A      0.591235  
     105A      0.606973   106A      0.614761   107A      0.617213  
     108A      0.647085   109A      0.654032   110A      0.668599  
     111A      0.679526   112A      0.683125   113A      0.701459  
     114A      0.713783   115A      0.726855   116A      0.732723  
     117A      0.736816   118A      0.741097   119A      0.754171  
     120A      0.757038   121A      0.793914   122A      0.798265  
     123A      0.808706   124A      0.829604   125A      0.838053  
     126A      0.843875   127A      0.850582   128A      0.857183  
     129A      0.887799   130A      0.893622   131A      0.899456  
     132A      0.909824   133A      0.914475   134A      0.934655  
     135A      0.969095   136A      0.994929   137A      1.001435  
     138A      1.010694   139A      1.039184   140A      1.085054  
     141A      1.119692   142A      1.144011   143A      1.208057  
     144A      1.217078   145A      1.227661   146A      1.263282  
     147A      1.346628   148A      1.350263   149A      1.377161  
     150A      1.389472   151A      1.402926   152A      1.441308  
     153A      1.453859   154A      1.498767   155A      1.518050  
     156A      1.534319   157A      1.541575   158A      1.575941  
     159A      1.581408   160A      1.624521   161A      1.632045  
     162A      1.651703   163A      1.657108   164A      1.672553  
     165A      1.683986   166A      1.691700   167A      1.693778  
     168A      1.702763   169A      1.721530   170A      1.726247  
     171A      1.737684   172A      1.743749   173A      1.755138  
     174A      1.783152   175A      1.787249   176A      1.797074  
     177A      1.804044   178A      1.820565   179A      1.826890  
     180A      1.861049   181A      1.866897   182A      1.884666  
     183A      1.885293   184A      1.896126   185A      1.899934  
     186A      1.919015   187A      1.926841   188A      1.933406  
     189A      1.949516   190A      1.952701   191A      1.975373  
     192A      1.989478   193A      1.997030   194A      2.015805  
     195A      2.028075   196A      2.032427   197A      2.042596  
     198A      2.044291   199A      2.070372   200A      2.076635  
     201A      2.096942   202A      2.098651   203A      2.107543  
     204A      2.135652   205A      2.159289   206A      2.168472  
     207A      2.182023   208A      2.189537   209A      2.211273  
     210A      2.215622   211A      2.242904   212A      2.260065  
     213A      2.270207   214A      2.279252   215A      2.285727  
     216A      2.296249   217A      2.318758   218A      2.340294  
     219A      2.357635   220A      2.381714   221A      2.415982  
     222A      2.426263   223A      2.426973   224A      2.445692  
     225A      2.472055   226A      2.480960   227A      2.497675  
     228A      2.512935   229A      2.541832   230A      2.544779  
     231A      2.573274   232A      2.583020   233A      2.600923  
     234A      2.635328   235A      2.651866   236A      2.661076  
     237A      2.664197   238A      2.677529   239A      2.695933  
     240A      2.701056   241A      2.709892   242A      2.741095  
     243A      2.782567   244A      2.808939   245A      2.818973  
     246A      2.879436   247A      2.883535   248A      2.913235  
     249A      2.923495   250A      2.931987   251A      2.963634  
     252A      2.986293   253A      3.005685   254A      3.058891  
     255A      3.099755   256A      3.139744   257A      3.175650  
     258A      3.226375   259A      3.259378   260A      3.303146  
     261A      3.348078   262A      3.404715   263A      3.450634  
     264A      3.515303   265A      3.516611   266A      3.543564  
     267A      3.615985   268A      3.681874   269A      3.726559  
     270A      3.726776   271A      3.882939   272A      3.979386  
     273A      4.041157   274A      4.173912   275A      4.201269  
     276A      4.305210   277A      4.423995   278A      4.499207  
     279A      4.603437   280A      4.626834   281A      4.631130  
     282A      4.656780   283A      4.754715   284A      4.824373  
     285A      4.843396   286A      4.958897   287A      5.030074  
     288A      5.049001   289A      5.091923   290A      5.119772  
     291A      5.370212   292A      5.483275   293A      5.540032  
     294A      5.683794   295A      5.752623   296A      5.811329  
     297A      6.026650   298A      6.563049   299A      6.601499  
     300A     18.132348   301A     18.299856   302A     18.486297  
     303A     18.625602   304A     25.313938   305A     33.443341  
     306A     33.472053  

    Final Occupation by Irrep:
              A 
    DOCC [    20 ]

  @DF-RHF Final Energy:  -247.27009845004386

   => Energetics <=

    Nuclear Repulsion Energy =            183.9387112373697732
    One-Electron Energy =                -691.5775155161545626
    Two-Electron Energy =                 260.3687058287409286
    Total Energy =                       -247.2700984500438608

Computation Completed


Properties will be evaluated at   0.000000,   0.000000,   0.000000 [a0]

Properties computed using the SCF density matrix

  Nuclear Dipole Moment: [e a0]
     X:    61.8433      Y:  -352.2992      Z:  -135.7269

  Electronic Dipole Moment: [e a0]
     X:   -60.2937      Y:   340.7086      Z:   133.1770

  Dipole Moment: [e a0]
     X:     1.5496      Y:   -11.5906      Z:    -2.5498     Total:    11.9685

  Dipole Moment: [D]
     X:     3.9386      Y:   -29.4604      Z:    -6.4811     Total:    30.4209


*** tstop() called on aliaconda at Sun Mar 20 05:05:08 2022
Module time:
	user time   =     185.36 seconds =       3.09 minutes
	system time =      15.94 seconds =       0.27 minutes
	total time  =          9 seconds =       0.15 minutes
Total time:
	user time   =   38190.36 seconds =     636.51 minutes
	system time =    5241.09 seconds =      87.35 minutes
	total time  =       2491 seconds =      41.52 minutes

  //>>>>>>>>>>>>>>>>>>>>>>>>>>>>>>>>>>>//
  //            Monomer B HF           //
  //<<<<<<<<<<<<<<<<<<<<<<<<<<<<<<<<<<<//


*** tstart() called on aliaconda
*** at Sun Mar 20 05:05:08 2022

   => Loading Basis Set <=

    Name: JUN-CC-PVDZ
    Role: ORBITAL
    Keyword: BASIS
    atoms 1, 14                                          entry N          line   198 file /home/alia/anaconda3/envs/mddemo/share/psi4/basis/jun-cc-pvdz.gbs 
    atoms 2-4, 6, 8-10, 13, 15-17, 19, 21, 23, 25-27, 30 entry H          line    36 file /home/alia/anaconda3/envs/mddemo/share/psi4/basis/jun-cc-pvdz.gbs 
    atoms 5, 7, 11, 18, 20, 24, 28                       entry C          line   164 file /home/alia/anaconda3/envs/mddemo/share/psi4/basis/jun-cc-pvdz.gbs 
    atoms 12, 22, 29                                     entry O          line   232 file /home/alia/anaconda3/envs/mddemo/share/psi4/basis/jun-cc-pvdz.gbs 


         ---------------------------------------------------------
                                   SCF
               by Justin Turney, Rob Parrish, Andy Simmonett
                          and Daniel G. A. Smith
                              RHF Reference
                       32 Threads,  76293 MiB Core
         ---------------------------------------------------------

  ==> Geometry <==

    Molecular point group: c1
    Full point group: C1

    Geometry (in Angstrom), charge = 1, multiplicity = 1:

       Center              X                  Y                   Z               Mass       
    ------------   -----------------  -----------------  -----------------  -----------------
      Gh(N)           0.285574781874    -6.031611815588    -1.600673486955    14.003074004430
      Gh(H)          -0.588425290605    -6.319611922400    -0.824673464067     1.007825032230
      Gh(H)          -0.303424966356    -6.027611867087    -2.649673273332     1.007825032230
      Gh(H)           0.904574739912    -6.783611909048    -1.620673467882     1.007825032230
      Gh(C)           0.782574999312    -4.675611868994    -1.326673319109    12.000000000000
      Gh(H)           0.121574747542    -4.179612055914    -0.622673322923     1.007825032230
      Gh(C)           2.234574902037    -4.658611670630    -0.798673441179    12.000000000000
      Gh(H)           2.841574776152    -5.264612094061    -1.525673677690     1.007825032230
      Gh(H)           2.261574852446    -5.245612040655     0.200326631300     1.007825032230
      Gh(H)           2.643574821928    -3.596611872809    -0.502673437364     1.007825032230
      Gh(C)           0.774574625471    -3.796611682074    -2.500673582323    12.000000000000
      Gh(O)          -0.193425309679    -3.024611846106    -2.767673303850    15.994914619570
      Gh(H)           1.643085825423    -3.808246985571    -3.175620367296     1.007825032230
         N            0.849574911574     2.447388275965     0.189326474898    14.003074004430
         H            1.278574812392     1.324388131006     0.194326589339     1.007825032230
         H            0.700574743727     2.611387833460    -0.992673685320     1.007825032230
         H            1.540574896315     3.103388413294     0.518326471083     1.007825032230
         C           -0.504425179979     2.697388275965     0.828326413863    12.000000000000
         H           -0.977425229570     1.738387688501     0.819326589339     1.007825032230
         C           -0.536425244829     3.215387925012     2.266326139204    12.000000000000
         H           -1.602425229570     3.108388527735     2.570326993697     1.007825032230
         O           -0.071425092241     4.525388344629     2.358326146834    15.994914619570
         H            0.900575029829     4.593388184412     2.108326146834     1.007825032230
         C            0.261575090864     2.355388268335     3.116326520674    12.000000000000
         H            1.342574942091     2.409388169153     2.836326787703     1.007825032230
         H           -0.042425286791     1.328387841089     3.008326719038     1.007825032230
         H            0.264574873427     2.671388253076     4.204326818220     1.007825032230
         C           -1.433425080797     3.630387886865     0.082326600783    12.000000000000
         O           -2.663425576708     3.435388192041     0.139326284163    15.994914619570
         H           -1.028755319139     4.469560250147    -0.502508928545     1.007825032230

  Running in c1 symmetry.

  Rotational constants: A =      0.04114  B =      0.00515  C =      0.00486 [cm^-1]
  Rotational constants: A =   1233.22040  B =    154.37146  C =    145.55254 [MHz]
  Nuclear repulsion =  332.813707693959600

  Charge       = 1
  Multiplicity = 1
  Electrons    = 56
  Nalpha       = 28
  Nbeta        = 28

  ==> Algorithm <==

  SCF Algorithm Type is DF.
  DIIS enabled.
  MOM disabled.
  Fractional occupation disabled.
  Guess Type is SAD.
  Energy threshold   = 1.00e-08
  Density threshold  = 1.00e-08
  Integral threshold = 1.00e-12

  ==> Primary Basis <==

  Basis Set: JUN-CC-PVDZ
    Blend: JUN-CC-PVDZ
    Number of shells: 150
    Number of basis functions: 306
    Number of Cartesian functions: 318
    Spherical Harmonics?: true
    Max angular momentum: 2

   => Loading Basis Set <=

    Name: (JUN-CC-PVDZ AUX)
    Role: JKFIT
    Keyword: DF_BASIS_SCF
    atoms 1, 14                                          entry N          line   202 file /home/alia/anaconda3/envs/mddemo/share/psi4/basis/jun-cc-pvdz-jkfit.gbs 
    atoms 2-4, 6, 8-10, 13, 15-17, 19, 21, 23, 25-27, 30 entry H          line    70 file /home/alia/anaconda3/envs/mddemo/share/psi4/basis/jun-cc-pvdz-jkfit.gbs 
    atoms 5, 7, 11, 18, 20, 24, 28                       entry C          line   146 file /home/alia/anaconda3/envs/mddemo/share/psi4/basis/jun-cc-pvdz-jkfit.gbs 
    atoms 12, 22, 29                                     entry O          line   258 file /home/alia/anaconda3/envs/mddemo/share/psi4/basis/jun-cc-pvdz-jkfit.gbs 

  ==> Integral Setup <==

  ==> DiskDFJK: Density-Fitted J/K Matrices <==

    J tasked:                  Yes
    K tasked:                  Yes
    wK tasked:                  No
    OpenMP threads:             32
    Integrals threads:          32
    Memory [MiB]:            57220
    Algorithm:                Core
    Integral Cache:           LOAD
    Schwarz Cutoff:          1E-12
    Fitting Condition:       1E-10

   => Auxiliary Basis Set <=

  Basis Set: (JUN-CC-PVDZ AUX)
    Blend: JUN-CC-PVDZ-JKFIT
    Number of shells: 486
    Number of basis functions: 1362
    Number of Cartesian functions: 1542
    Spherical Harmonics?: true
    Max angular momentum: 3

  Minimum eigenvalue in the overlap matrix is 5.2143230472E-05.
  Reciprocal condition number of the overlap matrix is 4.4922832369E-06.
    Using symmetric orthogonalization.

  ==> Pre-Iterations <==

  SCF Guess: Superposition of Atomic Densities via on-the-fly atomic UHF (no occupation information).

   -------------------------
    Irrep   Nso     Nmo    
   -------------------------
     A        306     306 
   -------------------------
    Total     306     306
   -------------------------

  ==> Iterations <==

                           Total Energy        Delta E     RMS |[F,P]|

   @DF-RHF iter SAD:  -360.64889141025083   -3.60649e+02   0.00000e+00 
   @DF-RHF iter   1:  -360.89793808685988   -2.49047e-01   2.22215e-03 DIIS
   @DF-RHF iter   2:  -361.09216655418305   -1.94228e-01   1.42013e-03 DIIS
   @DF-RHF iter   3:  -361.16356163492731   -7.13951e-02   3.15746e-04 DIIS
   @DF-RHF iter   4:  -361.16887745611558   -5.31582e-03   1.20880e-04 DIIS
   @DF-RHF iter   5:  -361.16968667110399   -8.09215e-04   2.67364e-05 DIIS
   @DF-RHF iter   6:  -361.16975584280544   -6.91717e-05   1.24564e-05 DIIS
   @DF-RHF iter   7:  -361.16977164172465   -1.57989e-05   5.40395e-06 DIIS
   @DF-RHF iter   8:  -361.16977518205505   -3.54033e-06   2.32930e-06 DIIS
   @DF-RHF iter   9:  -361.16977588406297   -7.02008e-07   6.75599e-07 DIIS
   @DF-RHF iter  10:  -361.16977595170800   -6.76450e-08   1.93651e-07 DIIS
   @DF-RHF iter  11:  -361.16977595751945   -5.81144e-09   6.39237e-08 DIIS
   @DF-RHF iter  12:  -361.16977595826927   -7.49822e-10   3.14928e-08 DIIS
   @DF-RHF iter  13:  -361.16977595852285   -2.53578e-10   1.83652e-08 DIIS
   @DF-RHF iter  14:  -361.16977595862869   -1.05842e-10   8.80865e-09 DIIS
  Energy and wave function converged.


  ==> Post-Iterations <==

    Orbital Energies [Eh]
    ---------------------

    Doubly Occupied:                                                      

       1A    -20.745738     2A    -20.743118     3A    -15.946352  
       4A    -11.524398     5A    -11.498349     6A    -11.473939  
       7A    -11.391381     8A     -1.558824     9A     -1.543886  
      10A     -1.494294    11A     -1.257568    12A     -1.167701  
      13A     -1.018143    14A     -1.008635    15A     -0.969750  
      16A     -0.908675    17A     -0.892806    18A     -0.847168  
      19A     -0.826212    20A     -0.809936    21A     -0.781310  
      22A     -0.765688    23A     -0.710512    24A     -0.692828  
      25A     -0.665844    26A     -0.651308    27A     -0.631498  
      28A     -0.596064  

    Virtual:                                                              

      29A     -0.137532    30A     -0.087465    31A     -0.079137  
      32A     -0.056914    33A     -0.046866    34A     -0.039478  
      35A     -0.031721    36A     -0.023298    37A     -0.022344  
      38A     -0.019072    39A     -0.010506    40A     -0.008293  
      41A     -0.000094    42A      0.002558    43A      0.009431  
      44A      0.019599    45A      0.026608    46A      0.028782  
      47A      0.034780    48A      0.040601    49A      0.043808  
      50A      0.046548    51A      0.048358    52A      0.053295  
      53A      0.056404    54A      0.061363    55A      0.072258  
      56A      0.084112    57A      0.094165    58A      0.098433  
      59A      0.100736    60A      0.105496    61A      0.108993  
      62A      0.116974    63A      0.121838    64A      0.131824  
      65A      0.139270    66A      0.142348    67A      0.147988  
      68A      0.150964    69A      0.156110    70A      0.159805  
      71A      0.163891    72A      0.168026    73A      0.174808  
      74A      0.189788    75A      0.191675    76A      0.198144  
      77A      0.205804    78A      0.208667    79A      0.214190  
      80A      0.220452    81A      0.223572    82A      0.228366  
      83A      0.248752    84A      0.256325    85A      0.263214  
      86A      0.277177    87A      0.283181    88A      0.288637  
      89A      0.292070    90A      0.304366    91A      0.316497  
      92A      0.326180    93A      0.333532    94A      0.350558  
      95A      0.356111    96A      0.359688    97A      0.370506  
      98A      0.381938    99A      0.386325   100A      0.397226  
     101A      0.413047   102A      0.428113   103A      0.467388  
     104A      0.472881   105A      0.497830   106A      0.514012  
     107A      0.532037   108A      0.533789   109A      0.547439  
     110A      0.573484   111A      0.576666   112A      0.597476  
     113A      0.613017   114A      0.618628   115A      0.624439  
     116A      0.633886   117A      0.642428   118A      0.671157  
     119A      0.681044   120A      0.689858   121A      0.698010  
     122A      0.717844   123A      0.720801   124A      0.733384  
     125A      0.749772   126A      0.754811   127A      0.768925  
     128A      0.776855   129A      0.779980   130A      0.787871  
     131A      0.794940   132A      0.802247   133A      0.818407  
     134A      0.826482   135A      0.837403   136A      0.861997  
     137A      0.872074   138A      0.880942   139A      0.890180  
     140A      0.895548   141A      0.919324   142A      0.925852  
     143A      0.933655   144A      0.962392   145A      0.973295  
     146A      0.995243   147A      1.041413   148A      1.091581  
     149A      1.133901   150A      1.146777   151A      1.203363  
     152A      1.248304   153A      1.261158   154A      1.272938  
     155A      1.296375   156A      1.320768   157A      1.342722  
     158A      1.357508   159A      1.367157   160A      1.379049  
     161A      1.388968   162A      1.404168   163A      1.464146  
     164A      1.471675   165A      1.476027   166A      1.489491  
     167A      1.503582   168A      1.526223   169A      1.535836  
     170A      1.540277   171A      1.573536   172A      1.587136  
     173A      1.612442   174A      1.639793   175A      1.642339  
     176A      1.651350   177A      1.653940   178A      1.663176  
     179A      1.674530   180A      1.688408   181A      1.692632  
     182A      1.712741   183A      1.738749   184A      1.753402  
     185A      1.762115   186A      1.766524   187A      1.786083  
     188A      1.790718   189A      1.795867   190A      1.801485  
     191A      1.813534   192A      1.830826   193A      1.850571  
     194A      1.866636   195A      1.873801   196A      1.879886  
     197A      1.890593   198A      1.908088   199A      1.909564  
     200A      1.924967   201A      1.928377   202A      1.934411  
     203A      1.955723   204A      1.960998   205A      1.970595  
     206A      1.980591   207A      1.993311   208A      2.000466  
     209A      2.015576   210A      2.020541   211A      2.057532  
     212A      2.060307   213A      2.085160   214A      2.102736  
     215A      2.116838   216A      2.129974   217A      2.136078  
     218A      2.151438   219A      2.168621   220A      2.171081  
     221A      2.199653   222A      2.201188   223A      2.215240  
     224A      2.218294   225A      2.244624   226A      2.259935  
     227A      2.262943   228A      2.294375   229A      2.311931  
     230A      2.347747   231A      2.351368   232A      2.376520  
     233A      2.387568   234A      2.396040   235A      2.406452  
     236A      2.450353   237A      2.462730   238A      2.468086  
     239A      2.481644   240A      2.502130   241A      2.529437  
     242A      2.532673   243A      2.550026   244A      2.593542  
     245A      2.614621   246A      2.623866   247A      2.665248  
     248A      2.672350   249A      2.681913   250A      2.699083  
     251A      2.714046   252A      2.714777   253A      2.742559  
     254A      2.753347   255A      2.790092   256A      2.806870  
     257A      2.821501   258A      2.859666   259A      2.878692  
     260A      2.898526   261A      2.931379   262A      2.997825  
     263A      3.008389   264A      3.017835   265A      3.080980  
     266A      3.114713   267A      3.123492   268A      3.140541  
     269A      3.195058   270A      3.228399   271A      3.250987  
     272A      3.308515   273A      3.324016   274A      3.444154  
     275A      3.460341   276A      3.541912   277A      3.564242  
     278A      3.588710   279A      3.688629   280A      3.748888  
     281A      3.774694   282A      3.906039   283A      3.918263  
     284A      3.932257   285A      4.128732   286A      4.151350  
     287A      4.301174   288A      4.339042   289A      4.509433  
     290A      4.571585   291A      4.650096   292A      4.687158  
     293A      4.810262   294A      4.849285   295A      5.013560  
     296A      5.125006   297A      5.426275   298A      5.514056  
     299A      5.677511   300A      6.047489   301A      6.471220  
     302A     18.141168   303A     18.345107   304A     18.574929  
     305A     25.322900   306A     33.401431  

    Final Occupation by Irrep:
              A 
    DOCC [    28 ]

  @DF-RHF Final Energy:  -361.16977595862869

   => Energetics <=

    Nuclear Repulsion Energy =            332.8137076939596000
    One-Electron Energy =               -1141.7231093273178431
    Two-Electron Energy =                 447.7396256747295524
    Total Energy =                       -361.1697759586286907

Computation Completed


Properties will be evaluated at   0.000000,   0.000000,   0.000000 [a0]

Properties computed using the SCF density matrix

  Nuclear Dipole Moment: [e a0]
     X:   -50.7043      Y:   339.3330      Z:   139.5199

  Electronic Dipole Moment: [e a0]
     X:    53.2066      Y:  -335.0437      Z:  -138.8000

  Dipole Moment: [e a0]
     X:     2.5023      Y:     4.2893      Z:     0.7199     Total:     5.0178

  Dipole Moment: [D]
     X:     6.3602      Y:    10.9024      Z:     1.8298     Total:    12.7539


*** tstop() called on aliaconda at Sun Mar 20 05:05:19 2022
Module time:
	user time   =     220.07 seconds =       3.67 minutes
	system time =      23.94 seconds =       0.40 minutes
	total time  =         11 seconds =       0.18 minutes
Total time:
	user time   =   38410.58 seconds =     640.18 minutes
	system time =    5265.05 seconds =      87.75 minutes
	total time  =       2502 seconds =      41.70 minutes
  Constructing Basis Sets for SAPT...

   => Loading Basis Set <=

    Name: (JUN-CC-PVDZ AUX)
    Role: RIFIT
    Keyword: DF_BASIS_SAPT
    atoms 1, 14                                          entry N          line   144 file /home/alia/anaconda3/envs/mddemo/share/psi4/basis/jun-cc-pvdz-ri.gbs 
    atoms 2-4, 6, 8-10, 13, 15-17, 19, 21, 23, 25-27, 30 entry H          line    30 file /home/alia/anaconda3/envs/mddemo/share/psi4/basis/jun-cc-pvdz-ri.gbs 
    atoms 5, 7, 11, 18, 20, 24, 28                       entry C          line   100 file /home/alia/anaconda3/envs/mddemo/share/psi4/basis/jun-cc-pvdz-ri.gbs 
    atoms 12, 22, 29                                     entry O          line   188 file /home/alia/anaconda3/envs/mddemo/share/psi4/basis/jun-cc-pvdz-ri.gbs 


  //>>>>>>>>>>>>>>>>>>>>>>>>>>>>>>>>>>>//
  //               SAPT0               //
  //<<<<<<<<<<<<<<<<<<<<<<<<<<<<<<<<<<<//


*** tstart() called on aliaconda
*** at Sun Mar 20 05:05:19 2022

        SAPT0  
    Ed Hohenstein
     6 June 2009

      Orbital Information
  --------------------------
    NSO        =       306
    NMO        =       306
    NRI        =      1032
    NOCC A     =        20
    NOCC B     =        28
    FOCC A     =         0
    FOCC B     =         0
    NVIR A     =       286
    NVIR B     =       278

    Elst10,r            =     0.061881417903 [Eh]
    Exch10              =    -0.000000059652 [Eh]
    Exch10 (S^2)        =    -0.000000059652 [Eh]

    Iter     Energy [mEh]          dE [mEh]         Residual      Time [s]
       1      -0.57131342       0.571313415       6.084610835             0
       2      -0.57297943       0.001666014       2.347861785             1
       3      -0.61421954       0.041240110       1.086918103             1
       4      -0.63073353       0.016513988       0.315285646             2
       5      -0.62853596      -0.002197571       0.202709357             3
       6      -0.62668604      -0.001849918       0.054209084             3
       7      -0.62712705       0.000441015       0.020369058             4
       8      -0.62724548       0.000118429       0.009633302             4
       9      -0.62718228      -0.000063198       0.005915295             5
      10      -0.62717450      -0.000007782       0.001927299             5
      11      -0.62718453       0.000010026       0.000554659             6
      12      -0.62718513       0.000000601       0.000140483             7
      13      -0.62718440      -0.000000728       0.000035648             7
      14      -0.62718442       0.000000019       0.000011929             8
      15      -0.62718446       0.000000044       0.000004203             8
      16      -0.62718446      -0.000000009       0.000001868             9
      17      -0.62718445      -0.000000005       0.000000420             9

    CHF Iterations converged


    Iter     Energy [mEh]          dE [mEh]         Residual      Time [s]
       1      -0.23997392       0.239973918       3.544701024             1
       2      -0.24566262       0.005688698       1.457099600             1
       3      -0.26394709       0.018284471       0.476341047             2
       4      -0.26729148       0.003344393       0.110255406             3
       5      -0.26667674      -0.000614737       0.061947424             3
       6      -0.26639035      -0.000286396       0.020619843             4
       7      -0.26642718       0.000036833       0.011171446             4
       8      -0.26648376       0.000056576       0.003707571             5
       9      -0.26647227      -0.000011489       0.001745233             5
      10      -0.26646729      -0.000004972       0.000766214             6
      11      -0.26646959       0.000002293       0.000405785             7
      12      -0.26647024       0.000000648       0.000138544             7
      13      -0.26646984      -0.000000398       0.000042454             8
      14      -0.26646977      -0.000000071       0.000011864             8
      15      -0.26646979       0.000000020       0.000003589             9
      16      -0.26646979       0.000000007       0.000000868             9

    CHF Iterations converged

    Ind20,r (A<-B)      =    -0.000627184450 [Eh]
    Ind20,r (B<-A)      =    -0.000266469793 [Eh]
    Ind20,r             =    -0.000893654244 [Eh]
    Exch-Ind20,r (A<-B) =     0.000000019614 [Eh]
    Exch-Ind20,r (B<-A) =     0.000000004867 [Eh]
    Exch-Ind20,r        =     0.000000024481 [Eh]
    Disp20              =    -0.000119688388 [Eh]
    Disp20 (SS)         =    -0.000059844194 [Eh]
    Disp20 (OS)         =    -0.000059844194 [Eh]
    Exch-Disp20         =     0.000000012471 [Eh]
    Exch-Disp20 (SS)    =     0.000000009149 [Eh]
    Exch-Disp20 (OS)    =     0.000000003322 [Eh]

    SAPT Results 
  --------------------------------------------------------------------------------------------------------
    Electrostatics                 61.88141790 [mEh]      38.83117598 [kcal/mol]     162.46964032 [kJ/mol]
      Elst10,r                     61.88141790 [mEh]      38.83117598 [kcal/mol]     162.46964032 [kJ/mol]

    Exchange                       -0.00005965 [mEh]      -0.00003743 [kcal/mol]      -0.00015662 [kJ/mol]
      Exch10                       -0.00005965 [mEh]      -0.00003743 [kcal/mol]      -0.00015662 [kJ/mol]
      Exch10(S^2)                  -0.00005965 [mEh]      -0.00003743 [kcal/mol]      -0.00015662 [kJ/mol]

    Induction                      -0.87796854 [mEh]      -0.55093358 [kcal/mol]      -2.30510609 [kJ/mol]
      Ind20,r                      -0.89365424 [mEh]      -0.56077650 [kcal/mol]      -2.34628889 [kJ/mol]
      Exch-Ind20,r                  0.00002448 [mEh]       0.00001536 [kcal/mol]       0.00006427 [kJ/mol]
      delta HF,r (2)                0.01566122 [mEh]       0.00982756 [kcal/mol]       0.04111853 [kJ/mol]

    Dispersion                     -0.11967592 [mEh]      -0.07509777 [kcal/mol]      -0.31420908 [kJ/mol]
      Disp20                       -0.11968839 [mEh]      -0.07510560 [kcal/mol]      -0.31424182 [kJ/mol]
      Exch-Disp20                   0.00001247 [mEh]       0.00000783 [kcal/mol]       0.00003274 [kJ/mol]
      Disp20 (SS)                  -0.05984419 [mEh]      -0.03755280 [kcal/mol]      -0.15712091 [kJ/mol]
      Disp20 (OS)                  -0.05984419 [mEh]      -0.03755280 [kcal/mol]      -0.15712091 [kJ/mol]
      Exch-Disp20 (SS)              0.00000915 [mEh]       0.00000574 [kcal/mol]       0.00002402 [kJ/mol]
      Exch-Disp20 (OS)              0.00000332 [mEh]       0.00000208 [kcal/mol]       0.00000872 [kJ/mol]

  Total HF                         61.00338971 [mEh]      38.28020497 [kcal/mol]     160.16437761 [kJ/mol]
  Total SAPT0                      60.88371379 [mEh]      38.20510720 [kcal/mol]     159.85016853 [kJ/mol]

  Special recipe for scaled SAPT0 (see Manual):
    Electrostatics sSAPT0          61.88141790 [mEh]      38.83117598 [kcal/mol]     162.46964032 [kJ/mol]
    Exchange sSAPT0                -0.00005965 [mEh]      -0.00003743 [kcal/mol]      -0.00015662 [kJ/mol]
    Induction sSAPT0               -0.87796854 [mEh]      -0.55093358 [kcal/mol]      -2.30510609 [kJ/mol]
    Dispersion sSAPT0              -0.11967592 [mEh]      -0.07509777 [kcal/mol]      -0.31420908 [kJ/mol]
  Total sSAPT0                     60.88371379 [mEh]      38.20510720 [kcal/mol]     159.85016853 [kJ/mol]
  --------------------------------------------------------------------------------------------------------

*** tstop() called on aliaconda at Sun Mar 20 05:06:07 2022
Module time:
	user time   =     659.48 seconds =      10.99 minutes
	system time =     112.40 seconds =       1.87 minutes
	total time  =         48 seconds =       0.80 minutes
Total time:
	user time   =   39072.66 seconds =     651.21 minutes
	system time =    5377.93 seconds =      89.63 minutes
	total time  =       2550 seconds =      42.50 minutes


Warning! sapt0 does not have an associated derived wavefunction.The returned wavefunction is the dimer SCF wavefunction.


  Memory set to  74.506 GiB by Python driver.
  Threads set to 32 by Python driver.
