
Scratch directory: /tmp/

Scratch directory: /tmp/

  //>>>>>>>>>>>>>>>>>>>>>>>>>>>>>>>>>>>//
  //              Dimer HF             //
  //<<<<<<<<<<<<<<<<<<<<<<<<<<<<<<<<<<<//


*** tstart() called on aliaconda
*** at Sun Mar 20 04:53:34 2022

   => Loading Basis Set <=

    Name: JUN-CC-PVDZ
    Role: ORBITAL
    Keyword: BASIS
    atoms 1, 14                                          entry N          line   198 file /home/alia/anaconda3/envs/mddemo/share/psi4/basis/jun-cc-pvdz.gbs 
    atoms 2-4, 6, 8-10, 13, 15-17, 19, 21, 23, 25-27, 30 entry H          line    36 file /home/alia/anaconda3/envs/mddemo/share/psi4/basis/jun-cc-pvdz.gbs 
    atoms 5, 7, 11, 18, 20, 24, 28                       entry C          line   164 file /home/alia/anaconda3/envs/mddemo/share/psi4/basis/jun-cc-pvdz.gbs 
    atoms 12, 22, 29                                     entry O          line   232 file /home/alia/anaconda3/envs/mddemo/share/psi4/basis/jun-cc-pvdz.gbs 


         ---------------------------------------------------------
                                   SCF
               by Justin Turney, Rob Parrish, Andy Simmonett
                          and Daniel G. A. Smith
                              RHF Reference
                       32 Threads,  76293 MiB Core
         ---------------------------------------------------------

  ==> Geometry <==

    Molecular point group: c1
    Full point group: C1

    Geometry (in Angstrom), charge = 2, multiplicity = 1:

       Center              X                  Y                   Z               Mass       
    ------------   -----------------  -----------------  -----------------  -----------------
         N            0.600950423567    -6.271432930048    -2.037890660444    14.003074004430
         H           -0.160049732835    -6.762432867106    -1.245890366713     1.007825032230
         H           -0.011049564989    -6.350432926234    -3.069890725294     1.007825032230
         H            1.396950427382    -6.844432884272    -2.102890717665     1.007825032230
         C            0.801950160353    -4.829432779368    -1.703890549818    12.000000000000
         H            0.289950076430    -4.525432878550    -0.838890778700     1.007825032230
         C            2.303950253813    -4.577432924326    -1.441890465895    12.000000000000
         H            2.929950181334    -5.055432611521    -2.249890553633     1.007825032230
         H            2.813950244276    -4.925432973917    -0.530890690962     1.007825032230
         H            2.567950192778    -3.478432947214    -1.705890404860     1.007825032230
         C            0.315950099318    -3.879432970103    -2.862890469709    12.000000000000
         O           -0.629049595506    -3.092432790812    -2.773890721479    15.994914619570
         H            0.858003798811    -3.921176725443    -3.819151627699     1.007825032230
         N            0.654950324385     2.617567247335     0.453109515032    14.003074004430
         H            1.133950415938     1.514567560140     0.455109370073     1.007825032230
         H            0.376950446455     2.679567521993    -0.716890561262     1.007825032230
         H            1.406950179427     3.331566995565     0.584109080156     1.007825032230
         C           -0.564049538286     2.843567079488     1.195109141192    12.000000000000
         H           -1.057049568803     1.922567552511     1.352109682879     1.007825032230
         C           -0.274049576433     3.427566713278     2.504109156450    12.000000000000
         H           -1.278049763353     3.622567361776     3.042109263262     1.007825032230
         O            0.313950244276     4.728567308370     2.600109827837    15.994914619570
         H            1.338950339644     4.583566850607     2.481109392962     1.007825032230
         C            0.475950423567     2.401566690389     3.362108958086    12.000000000000
         H            1.559950295775     2.308567232076     2.963109743914     1.007825032230
         H            0.074950400679     1.377567476217     3.156109583696     1.007825032230
         H            0.441950026839     2.677566713278     4.397109759172     1.007825032230
         C           -1.567049797685     3.590566820089     0.372109186968    12.000000000000
         O           -2.749049957902     3.172567552511     0.370109331926    15.994914619570
         H           -1.276612099321     4.476659006063    -0.211402165571     1.007825032230

  Running in c1 symmetry.

  Rotational constants: A =      0.04010  B =      0.00474  C =      0.00444 [cm^-1]
  Rotational constants: A =   1202.24942  B =    142.19709  C =    133.19756 [MHz]
  Nuclear repulsion =  651.739738017858031

  Charge       = 2
  Multiplicity = 1
  Electrons    = 96
  Nalpha       = 48
  Nbeta        = 48

  ==> Algorithm <==

  SCF Algorithm Type is DF.
  DIIS enabled.
  MOM disabled.
  Fractional occupation disabled.
  Guess Type is SAD.
  Energy threshold   = 1.00e-08
  Density threshold  = 1.00e-08
  Integral threshold = 1.00e-12

  ==> Primary Basis <==

  Basis Set: JUN-CC-PVDZ
    Blend: JUN-CC-PVDZ
    Number of shells: 150
    Number of basis functions: 306
    Number of Cartesian functions: 318
    Spherical Harmonics?: true
    Max angular momentum: 2

   => Loading Basis Set <=

    Name: (JUN-CC-PVDZ AUX)
    Role: JKFIT
    Keyword: DF_BASIS_SCF
    atoms 1, 14                                          entry N          line   202 file /home/alia/anaconda3/envs/mddemo/share/psi4/basis/jun-cc-pvdz-jkfit.gbs 
    atoms 2-4, 6, 8-10, 13, 15-17, 19, 21, 23, 25-27, 30 entry H          line    70 file /home/alia/anaconda3/envs/mddemo/share/psi4/basis/jun-cc-pvdz-jkfit.gbs 
    atoms 5, 7, 11, 18, 20, 24, 28                       entry C          line   146 file /home/alia/anaconda3/envs/mddemo/share/psi4/basis/jun-cc-pvdz-jkfit.gbs 
    atoms 12, 22, 29                                     entry O          line   258 file /home/alia/anaconda3/envs/mddemo/share/psi4/basis/jun-cc-pvdz-jkfit.gbs 

  ==> Integral Setup <==

  ==> DiskDFJK: Density-Fitted J/K Matrices <==

    J tasked:                  Yes
    K tasked:                  Yes
    wK tasked:                  No
    OpenMP threads:             32
    Integrals threads:          32
    Memory [MiB]:            57220
    Algorithm:                Core
    Integral Cache:           SAVE
    Schwarz Cutoff:          1E-12
    Fitting Condition:       1E-10

   => Auxiliary Basis Set <=

  Basis Set: (JUN-CC-PVDZ AUX)
    Blend: JUN-CC-PVDZ-JKFIT
    Number of shells: 486
    Number of basis functions: 1362
    Number of Cartesian functions: 1542
    Spherical Harmonics?: true
    Max angular momentum: 3

  Minimum eigenvalue in the overlap matrix is 4.3994447635E-05.
  Reciprocal condition number of the overlap matrix is 3.8064121512E-06.
    Using symmetric orthogonalization.

  ==> Pre-Iterations <==

  SCF Guess: Superposition of Atomic Densities via on-the-fly atomic UHF (no occupation information).

   -------------------------
    Irrep   Nso     Nmo    
   -------------------------
     A        306     306 
   -------------------------
    Total     306     306
   -------------------------

  ==> Iterations <==

                           Total Energy        Delta E     RMS |[F,P]|

   @DF-RHF iter SAD:  -607.18702519497788   -6.07187e+02   0.00000e+00 
   @DF-RHF iter   1:  -607.92950009654180   -7.42475e-01   2.81771e-03 DIIS
   @DF-RHF iter   2:  -608.24734611336055   -3.17846e-01   1.84049e-03 DIIS
   @DF-RHF iter   3:  -608.36605937201875   -1.18713e-01   4.00547e-04 DIIS
   @DF-RHF iter   4:  -608.37513823083043   -9.07886e-03   1.51366e-04 DIIS
   @DF-RHF iter   5:  -608.37647309778458   -1.33487e-03   3.54884e-05 DIIS
   @DF-RHF iter   6:  -608.37660355064315   -1.30453e-04   1.82616e-05 DIIS
   @DF-RHF iter   7:  -608.37663604151635   -3.24909e-05   8.34863e-06 DIIS
   @DF-RHF iter   8:  -608.37664440177855   -8.36026e-06   3.62458e-06 DIIS
   @DF-RHF iter   9:  -608.37664597891637   -1.57714e-06   1.33676e-06 DIIS
   @DF-RHF iter  10:  -608.37664620837882   -2.29462e-07   5.21624e-07 DIIS
   @DF-RHF iter  11:  -608.37664624787976   -3.95009e-08   2.45714e-07 DIIS
   @DF-RHF iter  12:  -608.37664626334788   -1.54681e-08   1.33400e-07 DIIS
   @DF-RHF iter  13:  -608.37664626889614   -5.54826e-09   6.63609e-08 DIIS
   @DF-RHF iter  14:  -608.37664627049162   -1.59548e-09   2.24061e-08 DIIS
   @DF-RHF iter  15:  -608.37664627060974   -1.18121e-10   6.72291e-09 DIIS
  Energy and wave function converged.


  ==> Post-Iterations <==

    Orbital Energies [Eh]
    ---------------------

    Doubly Occupied:                                                      

       1A    -20.829553     2A    -20.803030     3A    -20.801690  
       4A    -16.003079     5A    -16.001398     6A    -11.601764  
       7A    -11.579654     8A    -11.573666     9A    -11.544679  
      10A    -11.524930    11A    -11.504295    12A    -11.459487  
      13A     -1.637380    14A     -1.607407    15A     -1.585770  
      16A     -1.565916    17A     -1.557654    18A     -1.311827  
      19A     -1.308119    20A     -1.211213    21A     -1.161647  
      22A     -1.082022    23A     -1.081374    24A     -1.065148  
      25A     -1.016631    26A     -1.016453    27A     -0.981672  
      28A     -0.971009    29A     -0.959121    30A     -0.957118  
      31A     -0.890447    32A     -0.889438    33A     -0.871929  
      34A     -0.859701    35A     -0.852227    36A     -0.831562  
      37A     -0.822848    38A     -0.806232    39A     -0.781282  
      40A     -0.768226    41A     -0.762720    42A     -0.751959  
      43A     -0.739409    44A     -0.720739    45A     -0.699891  
      46A     -0.685064    47A     -0.678755    48A     -0.653838  

    Virtual:                                                              

      49A     -0.197140    50A     -0.187004    51A     -0.149939  
      52A     -0.141205    53A     -0.133865    54A     -0.129574  
      55A     -0.116902    56A     -0.112340    57A     -0.110227  
      58A     -0.104388    59A     -0.098894    60A     -0.090614  
      61A     -0.086415    62A     -0.080541    63A     -0.078370  
      64A     -0.075387    65A     -0.074050    66A     -0.069428  
      67A     -0.063914    68A     -0.060949    69A     -0.055351  
      70A     -0.047287    71A     -0.038326    72A     -0.034852  
      73A     -0.033916    74A     -0.026823    75A     -0.023090  
      76A     -0.020211    77A     -0.018943    78A     -0.008859  
      79A     -0.004580    80A     -0.002170    81A      0.005550  
      82A      0.020028    83A      0.025136    84A      0.037901  
      85A      0.038609    86A      0.041422    87A      0.044644  
      88A      0.051626    89A      0.057428    90A      0.061004  
      91A      0.070779    92A      0.079510    93A      0.081836  
      94A      0.097456    95A      0.100259    96A      0.111445  
      97A      0.112346    98A      0.114576    99A      0.116239  
     100A      0.122637   101A      0.136016   102A      0.140302  
     103A      0.145356   104A      0.153445   105A      0.160078  
     106A      0.163275   107A      0.165913   108A      0.170321  
     109A      0.178059   110A      0.180612   111A      0.187964  
     112A      0.195386   113A      0.211641   114A      0.215536  
     115A      0.224515   116A      0.235260   117A      0.240563  
     118A      0.250604   119A      0.253836   120A      0.267401  
     121A      0.296672   122A      0.316092   123A      0.331237  
     124A      0.338266   125A      0.350849   126A      0.368628  
     127A      0.447519   128A      0.474402   129A      0.481535  
     130A      0.508330   131A      0.516898   132A      0.527697  
     133A      0.532035   134A      0.537002   135A      0.548451  
     136A      0.566197   137A      0.567063   138A      0.575797  
     139A      0.589473   140A      0.601528   141A      0.615121  
     142A      0.624429   143A      0.631590   144A      0.638711  
     145A      0.651642   146A      0.660464   147A      0.670960  
     148A      0.673814   149A      0.685432   150A      0.688540  
     151A      0.690525   152A      0.713346   153A      0.721518  
     154A      0.728604   155A      0.737230   156A      0.746468  
     157A      0.750144   158A      0.752280   159A      0.764853  
     160A      0.767664   161A      0.774516   162A      0.787713  
     163A      0.795407   164A      0.804118   165A      0.815673  
     166A      0.817211   167A      0.832587   168A      0.839965  
     169A      0.849219   170A      0.860715   171A      0.862165  
     172A      0.913063   173A      0.935184   174A      0.942354  
     175A      0.965531   176A      1.010563   177A      1.045246  
     178A      1.077578   179A      1.119368   180A      1.120513  
     181A      1.154624   182A      1.160544   183A      1.166060  
     184A      1.179285   185A      1.181692   186A      1.206486  
     187A      1.250149   188A      1.256763   189A      1.272445  
     190A      1.274672   191A      1.284801   192A      1.288591  
     193A      1.296234   194A      1.302502   195A      1.312945  
     196A      1.317795   197A      1.326134   198A      1.333057  
     199A      1.350483   200A      1.360698   201A      1.373567  
     202A      1.414896   203A      1.423604   204A      1.434801  
     205A      1.437978   206A      1.454974   207A      1.459433  
     208A      1.487431   209A      1.511356   210A      1.536918  
     211A      1.562956   212A      1.578794   213A      1.601676  
     214A      1.611882   215A      1.623237   216A      1.635547  
     217A      1.646450   218A      1.654849   219A      1.669485  
     220A      1.686223   221A      1.694707   222A      1.700583  
     223A      1.704222   224A      1.710457   225A      1.729564  
     226A      1.735773   227A      1.740327   228A      1.755857  
     229A      1.760744   230A      1.774518   231A      1.782147  
     232A      1.798451   233A      1.804839   234A      1.813355  
     235A      1.825617   236A      1.828746   237A      1.837644  
     238A      1.839166   239A      1.863536   240A      1.867808  
     241A      1.889310   242A      1.914592   243A      1.929466  
     244A      1.934886   245A      1.959331   246A      1.961627  
     247A      1.979847   248A      2.001547   249A      2.044044  
     250A      2.056451   251A      2.066501   252A      2.083580  
     253A      2.084797   254A      2.121554   255A      2.128402  
     256A      2.132713   257A      2.166790   258A      2.173280  
     259A      2.192908   260A      2.215944   261A      2.230822  
     262A      2.246334   263A      2.265844   264A      2.292460  
     265A      2.321296   266A      2.338023   267A      2.361108  
     268A      2.386976   269A      2.411854   270A      2.428123  
     271A      2.447261   272A      2.449086   273A      2.460116  
     274A      2.481788   275A      2.485830   276A      2.533401  
     277A      2.538618   278A      2.559037   279A      2.598131  
     280A      2.599795   281A      2.639485   282A      2.643522  
     283A      2.700736   284A      2.708668   285A      2.721189  
     286A      2.733445   287A      2.761686   288A      2.804938  
     289A      2.848874   290A      2.854894   291A      2.900259  
     292A      2.927254   293A      2.978579   294A      3.019013  
     295A      3.077560   296A      3.084244   297A      3.184421  
     298A      3.189861   299A      3.208852   300A      3.236705  
     301A      3.438103   302A      3.473209   303A      3.523174  
     304A      3.691588   305A      3.695933   306A      3.815734  

    Final Occupation by Irrep:
              A 
    DOCC [    48 ]

  @DF-RHF Final Energy:  -608.37664627060974

   => Energetics <=

    Nuclear Repulsion Energy =            651.7397380178580306
    One-Electron Energy =               -2097.4908236120545553
    Two-Electron Energy =                 837.3744393235866710
    Total Energy =                       -608.3766462706097400

Computation Completed


Properties will be evaluated at   0.000000,   0.000000,   0.000000 [a0]

Properties computed using the SCF density matrix

  Nuclear Dipole Moment: [e a0]
     X:    12.5508      Y:   -12.4988      Z:     1.8235

  Electronic Dipole Moment: [e a0]
     X:    -8.2956      Y:     5.1347      Z:    -4.3477

  Dipole Moment: [e a0]
     X:     4.2553      Y:    -7.3641      Z:    -2.5243     Total:     8.8718

  Dipole Moment: [D]
     X:    10.8158      Y:   -18.7178      Z:    -6.4160     Total:    22.5500


*** tstop() called on aliaconda at Sun Mar 20 04:53:49 2022
Module time:
	user time   =     322.16 seconds =       5.37 minutes
	system time =      36.83 seconds =       0.61 minutes
	total time  =         15 seconds =       0.25 minutes
Total time:
	user time   =   26682.07 seconds =     444.70 minutes
	system time =    3650.49 seconds =      60.84 minutes
	total time  =       1812 seconds =      30.20 minutes

  //>>>>>>>>>>>>>>>>>>>>>>>>>>>>>>>>>>>//
  //            Monomer A HF           //
  //<<<<<<<<<<<<<<<<<<<<<<<<<<<<<<<<<<<//


*** tstart() called on aliaconda
*** at Sun Mar 20 04:53:49 2022

   => Loading Basis Set <=

    Name: JUN-CC-PVDZ
    Role: ORBITAL
    Keyword: BASIS
    atoms 1, 14                                          entry N          line   198 file /home/alia/anaconda3/envs/mddemo/share/psi4/basis/jun-cc-pvdz.gbs 
    atoms 2-4, 6, 8-10, 13, 15-17, 19, 21, 23, 25-27, 30 entry H          line    36 file /home/alia/anaconda3/envs/mddemo/share/psi4/basis/jun-cc-pvdz.gbs 
    atoms 5, 7, 11, 18, 20, 24, 28                       entry C          line   164 file /home/alia/anaconda3/envs/mddemo/share/psi4/basis/jun-cc-pvdz.gbs 
    atoms 12, 22, 29                                     entry O          line   232 file /home/alia/anaconda3/envs/mddemo/share/psi4/basis/jun-cc-pvdz.gbs 


         ---------------------------------------------------------
                                   SCF
               by Justin Turney, Rob Parrish, Andy Simmonett
                          and Daniel G. A. Smith
                              RHF Reference
                       32 Threads,  76293 MiB Core
         ---------------------------------------------------------

  ==> Geometry <==

    Molecular point group: c1
    Full point group: C1

    Geometry (in Angstrom), charge = 1, multiplicity = 1:

       Center              X                  Y                   Z               Mass       
    ------------   -----------------  -----------------  -----------------  -----------------
         N            0.600950423567    -6.271432930048    -2.037890660444    14.003074004430
         H           -0.160049732835    -6.762432867106    -1.245890366713     1.007825032230
         H           -0.011049564989    -6.350432926234    -3.069890725294     1.007825032230
         H            1.396950427382    -6.844432884272    -2.102890717665     1.007825032230
         C            0.801950160353    -4.829432779368    -1.703890549818    12.000000000000
         H            0.289950076430    -4.525432878550    -0.838890778700     1.007825032230
         C            2.303950253813    -4.577432924326    -1.441890465895    12.000000000000
         H            2.929950181334    -5.055432611521    -2.249890553633     1.007825032230
         H            2.813950244276    -4.925432973917    -0.530890690962     1.007825032230
         H            2.567950192778    -3.478432947214    -1.705890404860     1.007825032230
         C            0.315950099318    -3.879432970103    -2.862890469709    12.000000000000
         O           -0.629049595506    -3.092432790812    -2.773890721479    15.994914619570
         H            0.858003798811    -3.921176725443    -3.819151627699     1.007825032230
      Gh(N)           0.654950324385     2.617567247335     0.453109515032    14.003074004430
      Gh(H)           1.133950415938     1.514567560140     0.455109370073     1.007825032230
      Gh(H)           0.376950446455     2.679567521993    -0.716890561262     1.007825032230
      Gh(H)           1.406950179427     3.331566995565     0.584109080156     1.007825032230
      Gh(C)          -0.564049538286     2.843567079488     1.195109141192    12.000000000000
      Gh(H)          -1.057049568803     1.922567552511     1.352109682879     1.007825032230
      Gh(C)          -0.274049576433     3.427566713278     2.504109156450    12.000000000000
      Gh(H)          -1.278049763353     3.622567361776     3.042109263262     1.007825032230
      Gh(O)           0.313950244276     4.728567308370     2.600109827837    15.994914619570
      Gh(H)           1.338950339644     4.583566850607     2.481109392962     1.007825032230
      Gh(C)           0.475950423567     2.401566690389     3.362108958086    12.000000000000
      Gh(H)           1.559950295775     2.308567232076     2.963109743914     1.007825032230
      Gh(H)           0.074950400679     1.377567476217     3.156109583696     1.007825032230
      Gh(H)           0.441950026839     2.677566713278     4.397109759172     1.007825032230
      Gh(C)          -1.567049797685     3.590566820089     0.372109186968    12.000000000000
      Gh(O)          -2.749049957902     3.172567552511     0.370109331926    15.994914619570
      Gh(H)          -1.276612099321     4.476659006063    -0.211402165571     1.007825032230

  Running in c1 symmetry.

  Rotational constants: A =      0.04010  B =      0.00474  C =      0.00444 [cm^-1]
  Rotational constants: A =   1202.24942  B =    142.19709  C =    133.19756 [MHz]
  Nuclear repulsion =  181.398224491020898

  Charge       = 1
  Multiplicity = 1
  Electrons    = 40
  Nalpha       = 20
  Nbeta        = 20

  ==> Algorithm <==

  SCF Algorithm Type is DF.
  DIIS enabled.
  MOM disabled.
  Fractional occupation disabled.
  Guess Type is SAD.
  Energy threshold   = 1.00e-08
  Density threshold  = 1.00e-08
  Integral threshold = 1.00e-12

  ==> Primary Basis <==

  Basis Set: JUN-CC-PVDZ
    Blend: JUN-CC-PVDZ
    Number of shells: 150
    Number of basis functions: 306
    Number of Cartesian functions: 318
    Spherical Harmonics?: true
    Max angular momentum: 2

   => Loading Basis Set <=

    Name: (JUN-CC-PVDZ AUX)
    Role: JKFIT
    Keyword: DF_BASIS_SCF
    atoms 1, 14                                          entry N          line   202 file /home/alia/anaconda3/envs/mddemo/share/psi4/basis/jun-cc-pvdz-jkfit.gbs 
    atoms 2-4, 6, 8-10, 13, 15-17, 19, 21, 23, 25-27, 30 entry H          line    70 file /home/alia/anaconda3/envs/mddemo/share/psi4/basis/jun-cc-pvdz-jkfit.gbs 
    atoms 5, 7, 11, 18, 20, 24, 28                       entry C          line   146 file /home/alia/anaconda3/envs/mddemo/share/psi4/basis/jun-cc-pvdz-jkfit.gbs 
    atoms 12, 22, 29                                     entry O          line   258 file /home/alia/anaconda3/envs/mddemo/share/psi4/basis/jun-cc-pvdz-jkfit.gbs 

  ==> Integral Setup <==

  ==> DiskDFJK: Density-Fitted J/K Matrices <==

    J tasked:                  Yes
    K tasked:                  Yes
    wK tasked:                  No
    OpenMP threads:             32
    Integrals threads:          32
    Memory [MiB]:            57220
    Algorithm:                Core
    Integral Cache:           LOAD
    Schwarz Cutoff:          1E-12
    Fitting Condition:       1E-10

   => Auxiliary Basis Set <=

  Basis Set: (JUN-CC-PVDZ AUX)
    Blend: JUN-CC-PVDZ-JKFIT
    Number of shells: 486
    Number of basis functions: 1362
    Number of Cartesian functions: 1542
    Spherical Harmonics?: true
    Max angular momentum: 3

  Minimum eigenvalue in the overlap matrix is 4.3994447635E-05.
  Reciprocal condition number of the overlap matrix is 3.8064121512E-06.
    Using symmetric orthogonalization.

  ==> Pre-Iterations <==

  SCF Guess: Superposition of Atomic Densities via on-the-fly atomic UHF (no occupation information).

   -------------------------
    Irrep   Nso     Nmo    
   -------------------------
     A        306     306 
   -------------------------
    Total     306     306
   -------------------------

  ==> Iterations <==

                           Total Energy        Delta E     RMS |[F,P]|

   @DF-RHF iter SAD:  -246.56333987275860   -2.46563e+02   0.00000e+00 
   @DF-RHF iter   1:  -247.09865159786713   -5.35312e-01   1.76519e-03 DIIS
   @DF-RHF iter   2:  -247.22191118503068   -1.23260e-01   1.19375e-03 DIIS
   @DF-RHF iter   3:  -247.27179163733206   -4.98805e-02   2.50619e-04 DIIS
   @DF-RHF iter   4:  -247.27562392350222   -3.83229e-03   8.90105e-05 DIIS
   @DF-RHF iter   5:  -247.27614096917301   -5.17046e-04   2.19110e-05 DIIS
   @DF-RHF iter   6:  -247.27620570410835   -6.47349e-05   9.62588e-06 DIIS
   @DF-RHF iter   7:  -247.27621684134843   -1.11372e-05   4.49418e-06 DIIS
   @DF-RHF iter   8:  -247.27621938478600   -2.54344e-06   1.46801e-06 DIIS
   @DF-RHF iter   9:  -247.27621969163266   -3.06847e-07   4.54712e-07 DIIS
   @DF-RHF iter  10:  -247.27621972238057   -3.07479e-08   2.02967e-07 DIIS
   @DF-RHF iter  11:  -247.27621973383407   -1.14535e-08   1.01629e-07 DIIS
   @DF-RHF iter  12:  -247.27621973773091   -3.89684e-09   4.49213e-08 DIIS
   @DF-RHF iter  13:  -247.27621973850611   -7.75202e-10   1.11506e-08 DIIS
   @DF-RHF iter  14:  -247.27621973853289   -2.67733e-11   2.99282e-09 DIIS
  Energy and wave function converged.


  ==> Post-Iterations <==

    Orbital Energies [Eh]
    ---------------------

    Doubly Occupied:                                                      

       1A    -20.757917     2A    -15.940413     3A    -11.530159  
       4A    -11.511078     5A    -11.434620     6A     -1.564921  
       7A     -1.503571     8A     -1.240099     9A     -1.093306  
      10A     -1.013632    11A     -0.953962    12A     -0.917434  
      13A     -0.892676    14A     -0.818752    15A     -0.803683  
      16A     -0.753194    17A     -0.711374    18A     -0.692320  
      19A     -0.679698    20A     -0.607378  

    Virtual:                                                              

      21A     -0.129517    22A     -0.079559    23A     -0.069845  
      24A     -0.050112    25A     -0.049304    26A     -0.036430  
      27A     -0.028671    28A     -0.019710    29A     -0.013868  
      30A     -0.012323    31A     -0.007209    32A     -0.000235  
      33A      0.003373    34A      0.015259    35A      0.021198  
      36A      0.026801    37A      0.029708    38A      0.036301  
      39A      0.041863    40A      0.043600    41A      0.052436  
      42A      0.055739    43A      0.060221    44A      0.065134  
      45A      0.078583    46A      0.084483    47A      0.090270  
      48A      0.096346    49A      0.100120    50A      0.106913  
      51A      0.109272    52A      0.113704    53A      0.119615  
      54A      0.127507    55A      0.137077    56A      0.146566  
      57A      0.152573    58A      0.157139    59A      0.160599  
      60A      0.167123    61A      0.172373    62A      0.177212  
      63A      0.177871    64A      0.185186    65A      0.189676  
      66A      0.196171    67A      0.207626    68A      0.215794  
      69A      0.224419    70A      0.233041    71A      0.235408  
      72A      0.247062    73A      0.249242    74A      0.258674  
      75A      0.259571    76A      0.263235    77A      0.277332  
      78A      0.296243    79A      0.297039    80A      0.311396  
      81A      0.317862    82A      0.322660    83A      0.335228  
      84A      0.354385    85A      0.359720    86A      0.387116  
      87A      0.389390    88A      0.396945    89A      0.409579  
      90A      0.423790    91A      0.452995    92A      0.460662  
      93A      0.465703    94A      0.497414    95A      0.512717  
      96A      0.516383    97A      0.542479    98A      0.544383  
      99A      0.547902   100A      0.568277   101A      0.576769  
     102A      0.580333   103A      0.593836   104A      0.598058  
     105A      0.608774   106A      0.615983   107A      0.624430  
     108A      0.649490   109A      0.657898   110A      0.668128  
     111A      0.680197   112A      0.696094   113A      0.698526  
     114A      0.707702   115A      0.719598   116A      0.743064  
     117A      0.749966   118A      0.755459   119A      0.756373  
     120A      0.770601   121A      0.795003   122A      0.810181  
     123A      0.812886   124A      0.824759   125A      0.833693  
     126A      0.850409   127A      0.862457   128A      0.866678  
     129A      0.870083   130A      0.893405   131A      0.908205  
     132A      0.922305   133A      0.929603   134A      0.938507  
     135A      0.966770   136A      0.974311   137A      0.995385  
     138A      1.011452   139A      1.032698   140A      1.079980  
     141A      1.116361   142A      1.144702   143A      1.208557  
     144A      1.223026   145A      1.231591   146A      1.247504  
     147A      1.317770   148A      1.344310   149A      1.357924  
     150A      1.364121   151A      1.379923   152A      1.399080  
     153A      1.492894   154A      1.500469   155A      1.503387  
     156A      1.526789   157A      1.543987   158A      1.556495  
     159A      1.578441   160A      1.613446   161A      1.626432  
     162A      1.630622   163A      1.660112   164A      1.678162  
     165A      1.687469   166A      1.690527   167A      1.704121  
     168A      1.713181   169A      1.720981   170A      1.736881  
     171A      1.741009   172A      1.760996   173A      1.773133  
     174A      1.774128   175A      1.786303   176A      1.808572  
     177A      1.814860   178A      1.829709   179A      1.839907  
     180A      1.850230   181A      1.873351   182A      1.874193  
     183A      1.882027   184A      1.894579   185A      1.902776  
     186A      1.905463   187A      1.910636   188A      1.930841  
     189A      1.930966   190A      1.940563   191A      1.955640  
     192A      1.980383   193A      1.987661   194A      1.996359  
     195A      2.009914   196A      2.023949   197A      2.025104  
     198A      2.046833   199A      2.048500   200A      2.063704  
     201A      2.106205   202A      2.121150   203A      2.124106  
     204A      2.152429   205A      2.154749   206A      2.171786  
     207A      2.192913   208A      2.197248   209A      2.200475  
     210A      2.220535   211A      2.240627   212A      2.243793  
     213A      2.270397   214A      2.296500   215A      2.297538  
     216A      2.335078   217A      2.335732   218A      2.346192  
     219A      2.367467   220A      2.385250   221A      2.404321  
     222A      2.422305   223A      2.426177   224A      2.435065  
     225A      2.449874   226A      2.467804   227A      2.495564  
     228A      2.512163   229A      2.521087   230A      2.555849  
     231A      2.572279   232A      2.593009   233A      2.604957  
     234A      2.607467   235A      2.639591   236A      2.657993  
     237A      2.665516   238A      2.686165   239A      2.704693  
     240A      2.747471   241A      2.756385   242A      2.769307  
     243A      2.782527   244A      2.786587   245A      2.842217  
     246A      2.876917   247A      2.889409   248A      2.921720  
     249A      2.925155   250A      2.945388   251A      2.959142  
     252A      2.996692   253A      3.002116   254A      3.040709  
     255A      3.111121   256A      3.146450   257A      3.155652  
     258A      3.193490   259A      3.262402   260A      3.279498  
     261A      3.375413   262A      3.428102   263A      3.462890  
     264A      3.509649   265A      3.510603   266A      3.569841  
     267A      3.624035   268A      3.654259   269A      3.764547  
     270A      3.767161   271A      3.961585   272A      4.038137  
     273A      4.064978   274A      4.183631   275A      4.213549  
     276A      4.357909   277A      4.389063   278A      4.456225  
     279A      4.535113   280A      4.612275   281A      4.634846  
     282A      4.662133   283A      4.670062   284A      4.751283  
     285A      4.821328   286A      4.894772   287A      5.035259  
     288A      5.089427   289A      5.146780   290A      5.179289  
     291A      5.339050   292A      5.473407   293A      5.553664  
     294A      5.641906   295A      5.654544   296A      5.753545  
     297A      5.972354   298A      6.365737   299A      6.559795  
     300A     18.131133   301A     18.333802   302A     18.452861  
     303A     18.655754   304A     25.330025   305A     33.438976  
     306A     33.455522  

    Final Occupation by Irrep:
              A 
    DOCC [    20 ]

  @DF-RHF Final Energy:  -247.27621973853289

   => Energetics <=

    Nuclear Repulsion Energy =            181.3982244910208976
    One-Electron Energy =                -686.5085083799625636
    Two-Electron Energy =                 257.8340641504088353
    Total Energy =                       -247.2762197385328591

Computation Completed


Properties will be evaluated at   0.000000,   0.000000,   0.000000 [a0]

Properties computed using the SCF density matrix

  Nuclear Dipole Moment: [e a0]
     X:    57.4307      Y:  -359.4646      Z:  -166.4315

  Electronic Dipole Moment: [e a0]
     X:   -55.3732      Y:   347.5314      Z:   162.6387

  Dipole Moment: [e a0]
     X:     2.0575      Y:   -11.9332      Z:    -3.7928     Total:    12.6894

  Dipole Moment: [D]
     X:     5.2297      Y:   -30.3311      Z:    -9.6404     Total:    32.2531


*** tstop() called on aliaconda at Sun Mar 20 04:53:57 2022
Module time:
	user time   =     180.61 seconds =       3.01 minutes
	system time =      15.42 seconds =       0.26 minutes
	total time  =          8 seconds =       0.13 minutes
Total time:
	user time   =   26862.79 seconds =     447.71 minutes
	system time =    3665.94 seconds =      61.10 minutes
	total time  =       1820 seconds =      30.33 minutes

  //>>>>>>>>>>>>>>>>>>>>>>>>>>>>>>>>>>>//
  //            Monomer B HF           //
  //<<<<<<<<<<<<<<<<<<<<<<<<<<<<<<<<<<<//


*** tstart() called on aliaconda
*** at Sun Mar 20 04:53:57 2022

   => Loading Basis Set <=

    Name: JUN-CC-PVDZ
    Role: ORBITAL
    Keyword: BASIS
    atoms 1, 14                                          entry N          line   198 file /home/alia/anaconda3/envs/mddemo/share/psi4/basis/jun-cc-pvdz.gbs 
    atoms 2-4, 6, 8-10, 13, 15-17, 19, 21, 23, 25-27, 30 entry H          line    36 file /home/alia/anaconda3/envs/mddemo/share/psi4/basis/jun-cc-pvdz.gbs 
    atoms 5, 7, 11, 18, 20, 24, 28                       entry C          line   164 file /home/alia/anaconda3/envs/mddemo/share/psi4/basis/jun-cc-pvdz.gbs 
    atoms 12, 22, 29                                     entry O          line   232 file /home/alia/anaconda3/envs/mddemo/share/psi4/basis/jun-cc-pvdz.gbs 


         ---------------------------------------------------------
                                   SCF
               by Justin Turney, Rob Parrish, Andy Simmonett
                          and Daniel G. A. Smith
                              RHF Reference
                       32 Threads,  76293 MiB Core
         ---------------------------------------------------------

  ==> Geometry <==

    Molecular point group: c1
    Full point group: C1

    Geometry (in Angstrom), charge = 1, multiplicity = 1:

       Center              X                  Y                   Z               Mass       
    ------------   -----------------  -----------------  -----------------  -----------------
      Gh(N)           0.600950423567    -6.271432930048    -2.037890660444    14.003074004430
      Gh(H)          -0.160049732835    -6.762432867106    -1.245890366713     1.007825032230
      Gh(H)          -0.011049564989    -6.350432926234    -3.069890725294     1.007825032230
      Gh(H)           1.396950427382    -6.844432884272    -2.102890717665     1.007825032230
      Gh(C)           0.801950160353    -4.829432779368    -1.703890549818    12.000000000000
      Gh(H)           0.289950076430    -4.525432878550    -0.838890778700     1.007825032230
      Gh(C)           2.303950253813    -4.577432924326    -1.441890465895    12.000000000000
      Gh(H)           2.929950181334    -5.055432611521    -2.249890553633     1.007825032230
      Gh(H)           2.813950244276    -4.925432973917    -0.530890690962     1.007825032230
      Gh(H)           2.567950192778    -3.478432947214    -1.705890404860     1.007825032230
      Gh(C)           0.315950099318    -3.879432970103    -2.862890469709    12.000000000000
      Gh(O)          -0.629049595506    -3.092432790812    -2.773890721479    15.994914619570
      Gh(H)           0.858003798811    -3.921176725443    -3.819151627699     1.007825032230
         N            0.654950324385     2.617567247335     0.453109515032    14.003074004430
         H            1.133950415938     1.514567560140     0.455109370073     1.007825032230
         H            0.376950446455     2.679567521993    -0.716890561262     1.007825032230
         H            1.406950179427     3.331566995565     0.584109080156     1.007825032230
         C           -0.564049538286     2.843567079488     1.195109141192    12.000000000000
         H           -1.057049568803     1.922567552511     1.352109682879     1.007825032230
         C           -0.274049576433     3.427566713278     2.504109156450    12.000000000000
         H           -1.278049763353     3.622567361776     3.042109263262     1.007825032230
         O            0.313950244276     4.728567308370     2.600109827837    15.994914619570
         H            1.338950339644     4.583566850607     2.481109392962     1.007825032230
         C            0.475950423567     2.401566690389     3.362108958086    12.000000000000
         H            1.559950295775     2.308567232076     2.963109743914     1.007825032230
         H            0.074950400679     1.377567476217     3.156109583696     1.007825032230
         H            0.441950026839     2.677566713278     4.397109759172     1.007825032230
         C           -1.567049797685     3.590566820089     0.372109186968    12.000000000000
         O           -2.749049957902     3.172567552511     0.370109331926    15.994914619570
         H           -1.276612099321     4.476659006063    -0.211402165571     1.007825032230

  Running in c1 symmetry.

  Rotational constants: A =      0.04010  B =      0.00474  C =      0.00444 [cm^-1]
  Rotational constants: A =   1202.24942  B =    142.19709  C =    133.19756 [MHz]
  Nuclear repulsion =  330.623347920878132

  Charge       = 1
  Multiplicity = 1
  Electrons    = 56
  Nalpha       = 28
  Nbeta        = 28

  ==> Algorithm <==

  SCF Algorithm Type is DF.
  DIIS enabled.
  MOM disabled.
  Fractional occupation disabled.
  Guess Type is SAD.
  Energy threshold   = 1.00e-08
  Density threshold  = 1.00e-08
  Integral threshold = 1.00e-12

  ==> Primary Basis <==

  Basis Set: JUN-CC-PVDZ
    Blend: JUN-CC-PVDZ
    Number of shells: 150
    Number of basis functions: 306
    Number of Cartesian functions: 318
    Spherical Harmonics?: true
    Max angular momentum: 2

   => Loading Basis Set <=

    Name: (JUN-CC-PVDZ AUX)
    Role: JKFIT
    Keyword: DF_BASIS_SCF
    atoms 1, 14                                          entry N          line   202 file /home/alia/anaconda3/envs/mddemo/share/psi4/basis/jun-cc-pvdz-jkfit.gbs 
    atoms 2-4, 6, 8-10, 13, 15-17, 19, 21, 23, 25-27, 30 entry H          line    70 file /home/alia/anaconda3/envs/mddemo/share/psi4/basis/jun-cc-pvdz-jkfit.gbs 
    atoms 5, 7, 11, 18, 20, 24, 28                       entry C          line   146 file /home/alia/anaconda3/envs/mddemo/share/psi4/basis/jun-cc-pvdz-jkfit.gbs 
    atoms 12, 22, 29                                     entry O          line   258 file /home/alia/anaconda3/envs/mddemo/share/psi4/basis/jun-cc-pvdz-jkfit.gbs 

  ==> Integral Setup <==

  ==> DiskDFJK: Density-Fitted J/K Matrices <==

    J tasked:                  Yes
    K tasked:                  Yes
    wK tasked:                  No
    OpenMP threads:             32
    Integrals threads:          32
    Memory [MiB]:            57220
    Algorithm:                Core
    Integral Cache:           LOAD
    Schwarz Cutoff:          1E-12
    Fitting Condition:       1E-10

   => Auxiliary Basis Set <=

  Basis Set: (JUN-CC-PVDZ AUX)
    Blend: JUN-CC-PVDZ-JKFIT
    Number of shells: 486
    Number of basis functions: 1362
    Number of Cartesian functions: 1542
    Spherical Harmonics?: true
    Max angular momentum: 3

  Minimum eigenvalue in the overlap matrix is 4.3994447634E-05.
  Reciprocal condition number of the overlap matrix is 3.8064121512E-06.
    Using symmetric orthogonalization.

  ==> Pre-Iterations <==

  SCF Guess: Superposition of Atomic Densities via on-the-fly atomic UHF (no occupation information).

   -------------------------
    Irrep   Nso     Nmo    
   -------------------------
     A        306     306 
   -------------------------
    Total     306     306
   -------------------------

  ==> Iterations <==

                           Total Energy        Delta E     RMS |[F,P]|

   @DF-RHF iter SAD:  -360.62367292970464   -3.60624e+02   0.00000e+00 
   @DF-RHF iter   1:  -360.88592180246496   -2.62249e-01   2.20292e-03 DIIS
   @DF-RHF iter   2:  -361.08109057147533   -1.95169e-01   1.41356e-03 DIIS
   @DF-RHF iter   3:  -361.15117074667535   -7.00802e-02   3.12163e-04 DIIS
   @DF-RHF iter   4:  -361.15646697619775   -5.29623e-03   1.21958e-04 DIIS
   @DF-RHF iter   5:  -361.15729372228850   -8.26746e-04   2.78143e-05 DIIS
   @DF-RHF iter   6:  -361.15736754283932   -7.38206e-05   1.38653e-05 DIIS
   @DF-RHF iter   7:  -361.15738679645403   -1.92536e-05   6.05642e-06 DIIS
   @DF-RHF iter   8:  -361.15739153094677   -4.73449e-06   2.62432e-06 DIIS
   @DF-RHF iter   9:  -361.15739245226752   -9.21321e-07   8.19375e-07 DIIS
   @DF-RHF iter  10:  -361.15739256339270   -1.11125e-07   2.93373e-07 DIIS
   @DF-RHF iter  11:  -361.15739258173107   -1.83384e-08   1.44303e-07 DIIS
   @DF-RHF iter  12:  -361.15739258715951   -5.42843e-09   8.20298e-08 DIIS
   @DF-RHF iter  13:  -361.15739258943540   -2.27590e-09   3.90106e-08 DIIS
   @DF-RHF iter  14:  -361.15739258994955   -5.14149e-10   1.09633e-08 DIIS
   @DF-RHF iter  15:  -361.15739258998121   -3.16618e-11   3.73769e-09 DIIS
  Energy and wave function converged.


  ==> Post-Iterations <==

    Orbital Energies [Eh]
    ---------------------

    Doubly Occupied:                                                      

       1A    -20.756142     2A    -20.752539     3A    -15.948354  
       4A    -11.524677     5A    -11.493272     6A    -11.476159  
       7A    -11.408632     8A     -1.557762     9A     -1.537428  
      10A     -1.505980    11A     -1.260886    12A     -1.160653  
      13A     -1.031364    14A     -1.013814    15A     -0.964100  
      16A     -0.918965    17A     -0.905513    18A     -0.839515  
      19A     -0.810169    20A     -0.802938    21A     -0.782228  
      22A     -0.756485    23A     -0.718440    24A     -0.689997  
      25A     -0.671836    26A     -0.651055    27A     -0.636900  
      28A     -0.604754  

    Virtual:                                                              

      29A     -0.137007    30A     -0.087914    31A     -0.075652  
      32A     -0.061407    33A     -0.045947    34A     -0.039595  
      35A     -0.032320    36A     -0.027961    37A     -0.023625  
      38A     -0.015592    39A     -0.010168    40A     -0.006669  
      41A     -0.001469    42A      0.001622    43A      0.009164  
      44A      0.016256    45A      0.025970    46A      0.028402  
      47A      0.033471    48A      0.041162    49A      0.046337  
      50A      0.046564    51A      0.050458    52A      0.054445  
      53A      0.056738    54A      0.066475    55A      0.074640  
      56A      0.083564    57A      0.087925    58A      0.097534  
      59A      0.099012    60A      0.106848    61A      0.109897  
      62A      0.120514    63A      0.121322    64A      0.127999  
      65A      0.134103    66A      0.143358    67A      0.148420  
      68A      0.149136    69A      0.156426    70A      0.158192  
      71A      0.161780    72A      0.168576    73A      0.177478  
      74A      0.186678    75A      0.189887    76A      0.193285  
      77A      0.196133    78A      0.208340    79A      0.213601  
      80A      0.215395    81A      0.224562    82A      0.227701  
      83A      0.232230    84A      0.258194    85A      0.260205  
      86A      0.268569    87A      0.284874    88A      0.286041  
      89A      0.292960    90A      0.297167    91A      0.318257  
      92A      0.329056    93A      0.346928    94A      0.350223  
      95A      0.363969    96A      0.365949    97A      0.369108  
      98A      0.380906    99A      0.386878   100A      0.390206  
     101A      0.413065   102A      0.432094   103A      0.453585  
     104A      0.461405   105A      0.499549   106A      0.518975  
     107A      0.532357   108A      0.537657   109A      0.562309  
     110A      0.568611   111A      0.574750   112A      0.581807  
     113A      0.615367   114A      0.622909   115A      0.624007  
     116A      0.634194   117A      0.644414   118A      0.660718  
     119A      0.669465   120A      0.678276   121A      0.689748  
     122A      0.710488   123A      0.717044   124A      0.723722  
     125A      0.740214   126A      0.745020   127A      0.762776  
     128A      0.770892   129A      0.779673   130A      0.789745  
     131A      0.797002   132A      0.804080   133A      0.813397  
     134A      0.818358   135A      0.822859   136A      0.865392  
     137A      0.867263   138A      0.878406   139A      0.886586  
     140A      0.899248   141A      0.900999   142A      0.913710  
     143A      0.924904   144A      0.964277   145A      0.987484  
     146A      0.991424   147A      1.015600   148A      1.128266  
     149A      1.137484   150A      1.168782   151A      1.169837  
     152A      1.210178   153A      1.232009   154A      1.257631  
     155A      1.305850   156A      1.322751   157A      1.338998  
     158A      1.351241   159A      1.366521   160A      1.376788  
     161A      1.399241   162A      1.410847   163A      1.423205  
     164A      1.464554   165A      1.477916   166A      1.488283  
     167A      1.495243   168A      1.504433   169A      1.535388  
     170A      1.548137   171A      1.562225   172A      1.566050  
     173A      1.587936   174A      1.629989   175A      1.639914  
     176A      1.652767   177A      1.662174   178A      1.674287  
     179A      1.679534   180A      1.685974   181A      1.715060  
     182A      1.737876   183A      1.745900   184A      1.750800  
     185A      1.760044   186A      1.766435   187A      1.779709  
     188A      1.786903   189A      1.796692   190A      1.807119  
     191A      1.812152   192A      1.824538   193A      1.849731  
     194A      1.860898   195A      1.865365   196A      1.878914  
     197A      1.882423   198A      1.889851   199A      1.913392  
     200A      1.918222   201A      1.940001   202A      1.942992  
     203A      1.956651   204A      1.964942   205A      1.968066  
     206A      1.985152   207A      1.993752   208A      2.011571  
     209A      2.013399   210A      2.051663   211A      2.054419  
     212A      2.059652   213A      2.095139   214A      2.097278  
     215A      2.117467   216A      2.134183   217A      2.138275  
     218A      2.162001   219A      2.165630   220A      2.171861  
     221A      2.177865   222A      2.183881   223A      2.217719  
     224A      2.235622   225A      2.243663   226A      2.266360  
     227A      2.274243   228A      2.296441   229A      2.297241  
     230A      2.320529   231A      2.341066   232A      2.364974  
     233A      2.371050   234A      2.372100   235A      2.401195  
     236A      2.439012   237A      2.451210   238A      2.464226  
     239A      2.500456   240A      2.505057   241A      2.510431  
     242A      2.515119   243A      2.532855   244A      2.539121  
     245A      2.583936   246A      2.609134   247A      2.609892  
     248A      2.650485   249A      2.662885   250A      2.694655  
     251A      2.696266   252A      2.739026   253A      2.759044  
     254A      2.763778   255A      2.783321   256A      2.813038  
     257A      2.822465   258A      2.844381   259A      2.889558  
     260A      2.898114   261A      2.947783   262A      2.951001  
     263A      3.029666   264A      3.031841   265A      3.057930  
     266A      3.068282   267A      3.128178   268A      3.142510  
     269A      3.153335   270A      3.232857   271A      3.256666  
     272A      3.284162   273A      3.355472   274A      3.416211  
     275A      3.493535   276A      3.521437   277A      3.549059  
     278A      3.571173   279A      3.646588   280A      3.698669  
     281A      3.744869   282A      3.862138   283A      3.877361  
     284A      3.907020   285A      4.106334   286A      4.146833  
     287A      4.232294   288A      4.382040   289A      4.589018  
     290A      4.620973   291A      4.653611   292A      4.814551  
     293A      4.836793   294A      4.854099   295A      4.976895  
     296A      5.207077   297A      5.429400   298A      5.521089  
     299A      5.681398   300A      5.980273   301A      6.611425  
     302A     18.171650   303A     18.350480   304A     18.525150  
     305A     25.320153   306A     33.408549  

    Final Occupation by Irrep:
              A 
    DOCC [    28 ]

  @DF-RHF Final Energy:  -361.15739258998121

   => Energetics <=

    Nuclear Repulsion Energy =            330.6233479208781318
    One-Electron Energy =               -1137.2003635189294073
    Two-Electron Energy =                 445.4196230080700616
    Total Energy =                       -361.1573925899812139

Computation Completed


Properties will be evaluated at   0.000000,   0.000000,   0.000000 [a0]

Properties computed using the SCF density matrix

  Nuclear Dipole Moment: [e a0]
     X:   -44.8799      Y:   346.9658      Z:   168.2550

  Electronic Dipole Moment: [e a0]
     X:    47.0965      Y:  -342.3307      Z:  -166.9743

  Dipole Moment: [e a0]
     X:     2.2167      Y:     4.6351      Z:     1.2807     Total:     5.2951

  Dipole Moment: [D]
     X:     5.6342      Y:    11.7813      Z:     3.2552     Total:    13.4588


*** tstop() called on aliaconda at Sun Mar 20 04:54:08 2022
Module time:
	user time   =     235.18 seconds =       3.92 minutes
	system time =      25.97 seconds =       0.43 minutes
	total time  =         11 seconds =       0.18 minutes
Total time:
	user time   =   27098.09 seconds =     451.63 minutes
	system time =    3691.91 seconds =      61.53 minutes
	total time  =       1831 seconds =      30.52 minutes
  Constructing Basis Sets for SAPT...

   => Loading Basis Set <=

    Name: (JUN-CC-PVDZ AUX)
    Role: RIFIT
    Keyword: DF_BASIS_SAPT
    atoms 1, 14                                          entry N          line   144 file /home/alia/anaconda3/envs/mddemo/share/psi4/basis/jun-cc-pvdz-ri.gbs 
    atoms 2-4, 6, 8-10, 13, 15-17, 19, 21, 23, 25-27, 30 entry H          line    30 file /home/alia/anaconda3/envs/mddemo/share/psi4/basis/jun-cc-pvdz-ri.gbs 
    atoms 5, 7, 11, 18, 20, 24, 28                       entry C          line   100 file /home/alia/anaconda3/envs/mddemo/share/psi4/basis/jun-cc-pvdz-ri.gbs 
    atoms 12, 22, 29                                     entry O          line   188 file /home/alia/anaconda3/envs/mddemo/share/psi4/basis/jun-cc-pvdz-ri.gbs 


  //>>>>>>>>>>>>>>>>>>>>>>>>>>>>>>>>>>>//
  //               SAPT0               //
  //<<<<<<<<<<<<<<<<<<<<<<<<<<<<<<<<<<<//


*** tstart() called on aliaconda
*** at Sun Mar 20 04:54:09 2022

        SAPT0  
    Ed Hohenstein
     6 June 2009

      Orbital Information
  --------------------------
    NSO        =       306
    NMO        =       306
    NRI        =      1032
    NOCC A     =        20
    NOCC B     =        28
    FOCC A     =         0
    FOCC B     =         0
    NVIR A     =       286
    NVIR B     =       278

    Elst10,r            =     0.057644882147 [Eh]
    Exch10              =    -0.000000046146 [Eh]
    Exch10 (S^2)        =    -0.000000046146 [Eh]

    Iter     Energy [mEh]          dE [mEh]         Residual      Time [s]
       1      -0.44654916       0.446549159       5.606497691             0
       2      -0.44795561       0.001406449       2.180856575             1
       3      -0.48305883       0.035103222       0.935859861             1
       4      -0.49527255       0.012213717       0.262523518             2
       5      -0.49359673      -0.001675821       0.153622471             3
       6      -0.49235852      -0.001238206       0.041315814             3
       7      -0.49263625       0.000277734       0.014700625             4
       8      -0.49271449       0.000078233       0.004859822             4
       9      -0.49269042      -0.000024063       0.002985466             5
      10      -0.49268415      -0.000006275       0.001409886             5
      11      -0.49269008       0.000005933       0.000457116             6
      12      -0.49269070       0.000000621       0.000109901             7
      13      -0.49269018      -0.000000524       0.000023901             7
      14      -0.49269020       0.000000023       0.000005985             8
      15      -0.49269022       0.000000020       0.000001351             8
      16      -0.49269022      -0.000000002       0.000000481             9

    CHF Iterations converged


    Iter     Energy [mEh]          dE [mEh]         Residual      Time [s]
       1      -0.17976092       0.179760916       3.114056978             0
       2      -0.18147222       0.001711300       1.240902392             1
       3      -0.19428688       0.012814660       0.419867227             2
       4      -0.19710911       0.002822237       0.094887526             2
       5      -0.19664392      -0.000465189       0.039101196             3
       6      -0.19647307      -0.000170856       0.015245814             3
       7      -0.19649673       0.000023667       0.007465007             4
       8      -0.19652904       0.000032309       0.002982475             4
       9      -0.19652527      -0.000003774       0.001420411             5
      10      -0.19652059      -0.000004679       0.000607876             6
      11      -0.19652183       0.000001235       0.000313142             6
      12      -0.19652242       0.000000597       0.000119879             7
      13      -0.19652214      -0.000000278       0.000044837             7
      14      -0.19652207      -0.000000078       0.000012643             8
      15      -0.19652209       0.000000024       0.000003795             8
      16      -0.19652209       0.000000005       0.000000939             9

    CHF Iterations converged

    Ind20,r (A<-B)      =    -0.000492690219 [Eh]
    Ind20,r (B<-A)      =    -0.000196522095 [Eh]
    Ind20,r             =    -0.000689212314 [Eh]
    Exch-Ind20,r (A<-B) =     0.000000006393 [Eh]
    Exch-Ind20,r (B<-A) =     0.000000007506 [Eh]
    Exch-Ind20,r        =     0.000000013899 [Eh]
    Disp20              =    -0.000087013747 [Eh]
    Disp20 (SS)         =    -0.000043506873 [Eh]
    Disp20 (OS)         =    -0.000043506873 [Eh]
    Exch-Disp20         =     0.000000006624 [Eh]
    Exch-Disp20 (SS)    =     0.000000004878 [Eh]
    Exch-Disp20 (OS)    =     0.000000001745 [Eh]

    SAPT Results 
  --------------------------------------------------------------------------------------------------------
    Electrostatics                 57.64488215 [mEh]      36.17270966 [kcal/mol]     151.34661722 [kJ/mol]
      Elst10,r                     57.64488215 [mEh]      36.17270966 [kcal/mol]     151.34661722 [kJ/mol]

    Exchange                       -0.00004615 [mEh]      -0.00002896 [kcal/mol]      -0.00012116 [kJ/mol]
      Exch10                       -0.00004615 [mEh]      -0.00002896 [kcal/mol]      -0.00012116 [kJ/mol]
      Exch10(S^2)                  -0.00004615 [mEh]      -0.00002896 [kcal/mol]      -0.00012116 [kJ/mol]

    Induction                      -0.67877810 [mEh]      -0.42593969 [kcal/mol]      -1.78213165 [kJ/mol]
      Ind20,r                      -0.68921231 [mEh]      -0.43248726 [kcal/mol]      -1.80952668 [kJ/mol]
      Exch-Ind20,r                  0.00001390 [mEh]       0.00000872 [kcal/mol]       0.00003649 [kJ/mol]
      delta HF,r (2)                0.01042032 [mEh]       0.00653885 [kcal/mol]       0.02735855 [kJ/mol]

    Dispersion                     -0.08700712 [mEh]      -0.05459779 [kcal/mol]      -0.22843717 [kJ/mol]
      Disp20                       -0.08701375 [mEh]      -0.05460195 [kcal/mol]      -0.22845456 [kJ/mol]
      Exch-Disp20                   0.00000662 [mEh]       0.00000416 [kcal/mol]       0.00001739 [kJ/mol]
      Disp20 (SS)                  -0.04350687 [mEh]      -0.02730098 [kcal/mol]      -0.11422728 [kJ/mol]
      Disp20 (OS)                  -0.04350687 [mEh]      -0.02730098 [kcal/mol]      -0.11422728 [kJ/mol]
      Exch-Disp20 (SS)              0.00000488 [mEh]       0.00000306 [kcal/mol]       0.00001281 [kJ/mol]
      Exch-Disp20 (OS)              0.00000175 [mEh]       0.00000110 [kcal/mol]       0.00000458 [kJ/mol]

  Total HF                         56.96605790 [mEh]      35.74674102 [kcal/mol]     149.56436442 [kJ/mol]
  Total SAPT0                      56.87905078 [mEh]      35.69214322 [kcal/mol]     149.33592725 [kJ/mol]

  Special recipe for scaled SAPT0 (see Manual):
    Electrostatics sSAPT0          57.64488215 [mEh]      36.17270966 [kcal/mol]     151.34661722 [kJ/mol]
    Exchange sSAPT0                -0.00004615 [mEh]      -0.00002896 [kcal/mol]      -0.00012116 [kJ/mol]
    Induction sSAPT0               -0.67877810 [mEh]      -0.42593969 [kcal/mol]      -1.78213165 [kJ/mol]
    Dispersion sSAPT0              -0.08700712 [mEh]      -0.05459779 [kcal/mol]      -0.22843717 [kJ/mol]
  Total sSAPT0                     56.87905078 [mEh]      35.69214322 [kcal/mol]     149.33592725 [kJ/mol]
  --------------------------------------------------------------------------------------------------------

*** tstop() called on aliaconda at Sun Mar 20 04:54:57 2022
Module time:
	user time   =     670.94 seconds =      11.18 minutes
	system time =     117.00 seconds =       1.95 minutes
	total time  =         48 seconds =       0.80 minutes
Total time:
	user time   =   27771.61 seconds =     462.86 minutes
	system time =    3809.41 seconds =      63.49 minutes
	total time  =       1880 seconds =      31.33 minutes


Warning! sapt0 does not have an associated derived wavefunction.The returned wavefunction is the dimer SCF wavefunction.


  Memory set to  74.506 GiB by Python driver.
  Threads set to 32 by Python driver.
