
Scratch directory: /tmp/

Scratch directory: /tmp/

  //>>>>>>>>>>>>>>>>>>>>>>>>>>>>>>>>>>>//
  //              Dimer HF             //
  //<<<<<<<<<<<<<<<<<<<<<<<<<<<<<<<<<<<//


*** tstart() called on aliaconda
*** at Sun Mar 20 06:56:19 2022

   => Loading Basis Set <=

    Name: JUN-CC-PVDZ
    Role: ORBITAL
    Keyword: BASIS
    atoms 1, 14                                          entry N          line   198 file /home/alia/anaconda3/envs/mddemo/share/psi4/basis/jun-cc-pvdz.gbs 
    atoms 2-4, 6, 8-10, 13, 15-17, 19, 21, 23, 25-27, 30 entry H          line    36 file /home/alia/anaconda3/envs/mddemo/share/psi4/basis/jun-cc-pvdz.gbs 
    atoms 5, 7, 11, 18, 20, 24, 28                       entry C          line   164 file /home/alia/anaconda3/envs/mddemo/share/psi4/basis/jun-cc-pvdz.gbs 
    atoms 12, 22, 29                                     entry O          line   232 file /home/alia/anaconda3/envs/mddemo/share/psi4/basis/jun-cc-pvdz.gbs 


         ---------------------------------------------------------
                                   SCF
               by Justin Turney, Rob Parrish, Andy Simmonett
                          and Daniel G. A. Smith
                              RHF Reference
                       32 Threads,  76293 MiB Core
         ---------------------------------------------------------

  ==> Geometry <==

    Molecular point group: c1
    Full point group: C1

    Geometry (in Angstrom), charge = 2, multiplicity = 1:

       Center              X                  Y                   Z               Mass       
    ------------   -----------------  -----------------  -----------------  -----------------
         N           -0.763551810923    -6.489522415939    -1.209775031827    14.003074004430
         H           -1.409551719370    -6.549522358718    -0.193775237821     1.007825032230
         H           -1.645551780405    -6.605522591415    -2.020775378965     1.007825032230
         H           -0.237551788034    -7.350522476974    -1.217775405668     1.007825032230
         C           -0.175551513376    -5.233522373977    -1.307775081418    12.000000000000
         H           -0.858551601114    -4.465522248092    -0.999775470517     1.007825032230
         C            1.168448349295    -5.175522286239    -0.523775161527    12.000000000000
         H            1.875448366461    -5.917522389236    -0.823775352262     1.007825032230
         H            0.982448478994    -5.213522393051     0.551224647738     1.007825032230
         H            1.756448408422    -4.213522393051    -0.684775413297     1.007825032230
         C            0.166448494253    -5.033522564712    -2.825775207303    12.000000000000
         O            0.383448501882    -5.928522545639    -3.623775304578    15.994914619570
         H            0.214290043173    -4.000453907791    -3.200582803510     1.007825032230
         N            0.882448335943     2.796477358994     0.515224872805    14.003074004430
         H            0.999448438940     2.932477992234    -0.676775039457     1.007825032230
         H            0.798448463736     1.596477549729     0.543224750735     1.007825032230
         H            1.815448423681     3.064477961716     0.888224540927     1.007825032230
         C           -0.245551685038     3.612477343735     0.906224666812    12.000000000000
         H           -1.031551459971     2.976477664170     0.630224643923     1.007825032230
         C           -0.315551379862     3.979477923569     2.379224716403    12.000000000000
         H           -1.269551376047     4.494477313218     2.671224533297     1.007825032230
         O            0.733448406515     4.902477305588     2.727224289157    15.994914619570
         H            1.666448494253     4.562477153000     2.562224327304     1.007825032230
         C           -0.223551372232     2.663477938828     3.208225189425    12.000000000000
         H            0.773448368368     2.191477816758     3.108224807955     1.007825032230
         H           -1.016551593485     1.904477160630     2.883224426486     1.007825032230
         H           -0.306551555338     2.815477412400     4.244224487521     1.007825032230
         C           -0.361551383677     4.893477481064     0.028224884249    12.000000000000
         O           -1.460551360788     5.254477542099    -0.401775420926    15.994914619570
         H            0.539141079245     5.478503268418    -0.209468425535     1.007825032230

  Running in c1 symmetry.

  Rotational constants: A =      0.04023  B =      0.00361  C =      0.00344 [cm^-1]
  Rotational constants: A =   1206.18927  B =    108.09288  C =    103.22482 [MHz]
  Nuclear repulsion =  638.186512165631939

  Charge       = 2
  Multiplicity = 1
  Electrons    = 96
  Nalpha       = 48
  Nbeta        = 48

  ==> Algorithm <==

  SCF Algorithm Type is DF.
  DIIS enabled.
  MOM disabled.
  Fractional occupation disabled.
  Guess Type is SAD.
  Energy threshold   = 1.00e-08
  Density threshold  = 1.00e-08
  Integral threshold = 1.00e-12

  ==> Primary Basis <==

  Basis Set: JUN-CC-PVDZ
    Blend: JUN-CC-PVDZ
    Number of shells: 150
    Number of basis functions: 306
    Number of Cartesian functions: 318
    Spherical Harmonics?: true
    Max angular momentum: 2

   => Loading Basis Set <=

    Name: (JUN-CC-PVDZ AUX)
    Role: JKFIT
    Keyword: DF_BASIS_SCF
    atoms 1, 14                                          entry N          line   202 file /home/alia/anaconda3/envs/mddemo/share/psi4/basis/jun-cc-pvdz-jkfit.gbs 
    atoms 2-4, 6, 8-10, 13, 15-17, 19, 21, 23, 25-27, 30 entry H          line    70 file /home/alia/anaconda3/envs/mddemo/share/psi4/basis/jun-cc-pvdz-jkfit.gbs 
    atoms 5, 7, 11, 18, 20, 24, 28                       entry C          line   146 file /home/alia/anaconda3/envs/mddemo/share/psi4/basis/jun-cc-pvdz-jkfit.gbs 
    atoms 12, 22, 29                                     entry O          line   258 file /home/alia/anaconda3/envs/mddemo/share/psi4/basis/jun-cc-pvdz-jkfit.gbs 

  ==> Integral Setup <==

  ==> DiskDFJK: Density-Fitted J/K Matrices <==

    J tasked:                  Yes
    K tasked:                  Yes
    wK tasked:                  No
    OpenMP threads:             32
    Integrals threads:          32
    Memory [MiB]:            57220
    Algorithm:                Core
    Integral Cache:           SAVE
    Schwarz Cutoff:          1E-12
    Fitting Condition:       1E-10

   => Auxiliary Basis Set <=

  Basis Set: (JUN-CC-PVDZ AUX)
    Blend: JUN-CC-PVDZ-JKFIT
    Number of shells: 486
    Number of basis functions: 1362
    Number of Cartesian functions: 1542
    Spherical Harmonics?: true
    Max angular momentum: 3

  Minimum eigenvalue in the overlap matrix is 6.1365499583E-05.
  Reciprocal condition number of the overlap matrix is 5.3742364736E-06.
    Using symmetric orthogonalization.

  ==> Pre-Iterations <==

  SCF Guess: Superposition of Atomic Densities via on-the-fly atomic UHF (no occupation information).

   -------------------------
    Irrep   Nso     Nmo    
   -------------------------
     A        306     306 
   -------------------------
    Total     306     306
   -------------------------

  ==> Iterations <==

                           Total Energy        Delta E     RMS |[F,P]|

   @DF-RHF iter SAD:  -607.23433324276823   -6.07234e+02   0.00000e+00 
   @DF-RHF iter   1:  -607.95714047586182   -7.22807e-01   2.83442e-03 DIIS
   @DF-RHF iter   2:  -608.27933401069845   -3.22194e-01   1.80991e-03 DIIS
   @DF-RHF iter   3:  -608.39435973753052   -1.15026e-01   3.94353e-04 DIIS
   @DF-RHF iter   4:  -608.40309548050436   -8.73574e-03   1.46812e-04 DIIS
   @DF-RHF iter   5:  -608.40433070353606   -1.23522e-03   3.47696e-05 DIIS
   @DF-RHF iter   6:  -608.40444705813798   -1.16355e-04   1.70808e-05 DIIS
   @DF-RHF iter   7:  -608.40447466827925   -2.76101e-05   7.68665e-06 DIIS
   @DF-RHF iter   8:  -608.40448156633124   -6.89805e-06   3.31845e-06 DIIS
   @DF-RHF iter   9:  -608.40448284428498   -1.27795e-06   1.25855e-06 DIIS
   @DF-RHF iter  10:  -608.40448302324444   -1.78959e-07   4.13320e-07 DIIS
   @DF-RHF iter  11:  -608.40448304793040   -2.46860e-08   1.88182e-07 DIIS
   @DF-RHF iter  12:  -608.40448305589496   -7.96456e-09   1.01392e-07 DIIS
   @DF-RHF iter  13:  -608.40448305886650   -2.97155e-09   5.19985e-08 DIIS
   @DF-RHF iter  14:  -608.40448305983489   -9.68384e-10   1.92120e-08 DIIS
   @DF-RHF iter  15:  -608.40448305992686   -9.19727e-11   5.93383e-09 DIIS
  Energy and wave function converged.


  ==> Post-Iterations <==

    Orbital Energies [Eh]
    ---------------------

    Doubly Occupied:                                                      

       1A    -20.815530     2A    -20.799506     3A    -20.795195  
       4A    -16.007339     5A    -15.992016     6A    -11.587156  
       7A    -11.575595     8A    -11.569467     9A    -11.551791  
      10A    -11.537610    11A    -11.493203    12A    -11.453646  
      13A     -1.641804    14A     -1.611342    15A     -1.586845  
      16A     -1.578068    17A     -1.560239    18A     -1.299064  
      19A     -1.295911    20A     -1.207063    21A     -1.169141  
      22A     -1.077604    23A     -1.077486    24A     -1.074588  
      25A     -1.019446    26A     -1.016082    27A     -0.985004  
      28A     -0.969144    29A     -0.950211    30A     -0.949314  
      31A     -0.891239    32A     -0.883223    33A     -0.868556  
      34A     -0.861935    35A     -0.851289    36A     -0.819871  
      37A     -0.814591    38A     -0.806157    39A     -0.796877  
      40A     -0.779839    41A     -0.768251    42A     -0.745571  
      43A     -0.745074    44A     -0.727585    45A     -0.709650  
      46A     -0.681541    47A     -0.663994    48A     -0.644446  

    Virtual:                                                              

      49A     -0.201591    50A     -0.179667    51A     -0.154390  
      52A     -0.141403    53A     -0.138650    54A     -0.130725  
      55A     -0.116403    56A     -0.111330    57A     -0.103994  
      58A     -0.103534    59A     -0.095108    60A     -0.088506  
      61A     -0.083572    62A     -0.080711    63A     -0.076057  
      64A     -0.072673    65A     -0.068108    66A     -0.064679  
      67A     -0.061369    68A     -0.058829    69A     -0.050517  
      70A     -0.046806    71A     -0.036099    72A     -0.030844  
      73A     -0.025670    74A     -0.023808    75A     -0.021760  
      76A     -0.016268    77A     -0.009836    78A     -0.007127  
      79A     -0.005036    80A      0.003262    81A      0.008846  
      82A      0.016659    83A      0.019838    84A      0.029398  
      85A      0.036447    86A      0.042430    87A      0.049448  
      88A      0.059962    89A      0.061970    90A      0.066166  
      91A      0.071829    92A      0.085903    93A      0.089385  
      94A      0.094578    95A      0.102507    96A      0.104822  
      97A      0.106704    98A      0.108034    99A      0.122554  
     100A      0.124244   101A      0.136668   102A      0.138038  
     103A      0.140304   104A      0.150647   105A      0.154545  
     106A      0.160030   107A      0.164181   108A      0.173242  
     109A      0.175143   110A      0.185112   111A      0.192742  
     112A      0.200195   113A      0.212561   114A      0.218739  
     115A      0.228422   116A      0.236748   117A      0.252017  
     118A      0.261743   119A      0.269267   120A      0.274419  
     121A      0.276128   122A      0.293723   123A      0.314869  
     124A      0.332093   125A      0.375661   126A      0.376448  
     127A      0.452382   128A      0.472564   129A      0.480150  
     130A      0.502733   131A      0.508780   132A      0.520971  
     133A      0.537794   134A      0.541268   135A      0.555813  
     136A      0.560928   137A      0.566107   138A      0.580818  
     139A      0.618420   140A      0.621259   141A      0.622619  
     142A      0.624500   143A      0.638680   144A      0.640278  
     145A      0.645104   146A      0.645740   147A      0.668791  
     148A      0.676136   149A      0.689956   150A      0.693155  
     151A      0.708696   152A      0.710714   153A      0.719708  
     154A      0.729405   155A      0.739643   156A      0.742064  
     157A      0.754090   158A      0.760341   159A      0.769664  
     160A      0.774612   161A      0.781268   162A      0.809854  
     163A      0.813561   164A      0.825187   165A      0.828152  
     166A      0.834928   167A      0.839649   168A      0.862999  
     169A      0.866864   170A      0.878135   171A      0.881447  
     172A      0.919723   173A      0.941478   174A      0.955037  
     175A      0.972972   176A      1.036358   177A      1.057853  
     178A      1.084056   179A      1.100957   180A      1.135666  
     181A      1.148781   182A      1.151126   183A      1.174504  
     184A      1.175691   185A      1.194499   186A      1.198891  
     187A      1.230620   188A      1.243577   189A      1.264928  
     190A      1.266770   191A      1.280171   192A      1.283064  
     193A      1.301268   194A      1.306982   195A      1.315834  
     196A      1.327319   197A      1.332413   198A      1.368014  
     199A      1.374388   200A      1.375293   201A      1.393469  
     202A      1.407874   203A      1.419877   204A      1.431228  
     205A      1.450835   206A      1.460509   207A      1.497491  
     208A      1.534187   209A      1.547719   210A      1.568133  
     211A      1.571646   212A      1.581400   213A      1.584965  
     214A      1.594499   215A      1.622228   216A      1.638653  
     217A      1.647972   218A      1.666054   219A      1.672473  
     220A      1.691321   221A      1.692694   222A      1.696838  
     223A      1.706651   224A      1.708004   225A      1.710389  
     226A      1.724140   227A      1.740461   228A      1.741798  
     229A      1.744927   230A      1.771461   231A      1.780570  
     232A      1.790141   233A      1.800515   234A      1.804542  
     235A      1.827690   236A      1.829086   237A      1.838874  
     238A      1.852684   239A      1.870804   240A      1.879379  
     241A      1.904887   242A      1.913683   243A      1.918181  
     244A      1.946010   245A      1.947566   246A      1.955452  
     247A      1.988163   248A      2.024102   249A      2.030150  
     250A      2.051229   251A      2.066419   252A      2.071279  
     253A      2.079573   254A      2.100113   255A      2.126357  
     256A      2.140088   257A      2.162010   258A      2.183685  
     259A      2.184722   260A      2.205021   261A      2.234667  
     262A      2.266767   263A      2.317807   264A      2.318895  
     265A      2.340584   266A      2.348690   267A      2.352709  
     268A      2.369727   269A      2.386386   270A      2.414443  
     271A      2.440128   272A      2.447619   273A      2.480153  
     274A      2.489624   275A      2.527619   276A      2.543868  
     277A      2.606162   278A      2.608028   279A      2.612939  
     280A      2.616511   281A      2.644199   282A      2.676328  
     283A      2.696668   284A      2.699960   285A      2.750903  
     286A      2.759680   287A      2.788791   288A      2.836239  
     289A      2.843520   290A      2.880417   291A      2.892966  
     292A      2.969289   293A      2.995061   294A      3.051252  
     295A      3.066695   296A      3.119022   297A      3.170520  
     298A      3.187530   299A      3.238516   300A      3.238976  
     301A      3.474582   302A      3.477945   303A      3.515437  
     304A      3.731299   305A      3.740643   306A      3.861652  

    Final Occupation by Irrep:
              A 
    DOCC [    48 ]

  @DF-RHF Final Energy:  -608.40448305992686

   => Energetics <=

    Nuclear Repulsion Energy =            638.1865121656319388
    One-Electron Energy =               -2070.5697845764671001
    Two-Electron Energy =                 823.9787893509083005
    Total Energy =                       -608.4044830599268607

Computation Completed


Properties will be evaluated at   0.000000,   0.000000,   0.000000 [a0]

Properties computed using the SCF density matrix

  Nuclear Dipole Moment: [e a0]
     X:     3.4156      Y:   -11.4992      Z:     7.5467

  Electronic Dipole Moment: [e a0]
     X:    -2.6180      Y:     4.9802      Z:    -7.4828

  Dipole Moment: [e a0]
     X:     0.7976      Y:    -6.5190      Z:     0.0639     Total:     6.5679

  Dipole Moment: [D]
     X:     2.0273      Y:   -16.5697      Z:     0.1624     Total:    16.6941


*** tstop() called on aliaconda at Sun Mar 20 06:56:34 2022
Module time:
	user time   =     313.77 seconds =       5.23 minutes
	system time =      38.43 seconds =       0.64 minutes
	total time  =         15 seconds =       0.25 minutes
Total time:
	user time   =  151596.15 seconds =    2526.60 minutes
	system time =   21489.98 seconds =     358.17 minutes
	total time  =       9177 seconds =     152.95 minutes

  //>>>>>>>>>>>>>>>>>>>>>>>>>>>>>>>>>>>//
  //            Monomer A HF           //
  //<<<<<<<<<<<<<<<<<<<<<<<<<<<<<<<<<<<//


*** tstart() called on aliaconda
*** at Sun Mar 20 06:56:34 2022

   => Loading Basis Set <=

    Name: JUN-CC-PVDZ
    Role: ORBITAL
    Keyword: BASIS
    atoms 1, 14                                          entry N          line   198 file /home/alia/anaconda3/envs/mddemo/share/psi4/basis/jun-cc-pvdz.gbs 
    atoms 2-4, 6, 8-10, 13, 15-17, 19, 21, 23, 25-27, 30 entry H          line    36 file /home/alia/anaconda3/envs/mddemo/share/psi4/basis/jun-cc-pvdz.gbs 
    atoms 5, 7, 11, 18, 20, 24, 28                       entry C          line   164 file /home/alia/anaconda3/envs/mddemo/share/psi4/basis/jun-cc-pvdz.gbs 
    atoms 12, 22, 29                                     entry O          line   232 file /home/alia/anaconda3/envs/mddemo/share/psi4/basis/jun-cc-pvdz.gbs 


         ---------------------------------------------------------
                                   SCF
               by Justin Turney, Rob Parrish, Andy Simmonett
                          and Daniel G. A. Smith
                              RHF Reference
                       32 Threads,  76293 MiB Core
         ---------------------------------------------------------

  ==> Geometry <==

    Molecular point group: c1
    Full point group: C1

    Geometry (in Angstrom), charge = 1, multiplicity = 1:

       Center              X                  Y                   Z               Mass       
    ------------   -----------------  -----------------  -----------------  -----------------
         N           -0.763551810923    -6.489522415939    -1.209775031827    14.003074004430
         H           -1.409551719370    -6.549522358718    -0.193775237821     1.007825032230
         H           -1.645551780405    -6.605522591415    -2.020775378965     1.007825032230
         H           -0.237551788034    -7.350522476974    -1.217775405668     1.007825032230
         C           -0.175551513376    -5.233522373977    -1.307775081418    12.000000000000
         H           -0.858551601114    -4.465522248092    -0.999775470517     1.007825032230
         C            1.168448349295    -5.175522286239    -0.523775161527    12.000000000000
         H            1.875448366461    -5.917522389236    -0.823775352262     1.007825032230
         H            0.982448478994    -5.213522393051     0.551224647738     1.007825032230
         H            1.756448408422    -4.213522393051    -0.684775413297     1.007825032230
         C            0.166448494253    -5.033522564712    -2.825775207303    12.000000000000
         O            0.383448501882    -5.928522545639    -3.623775304578    15.994914619570
         H            0.214290043173    -4.000453907791    -3.200582803510     1.007825032230
      Gh(N)           0.882448335943     2.796477358994     0.515224872805    14.003074004430
      Gh(H)           0.999448438940     2.932477992234    -0.676775039457     1.007825032230
      Gh(H)           0.798448463736     1.596477549729     0.543224750735     1.007825032230
      Gh(H)           1.815448423681     3.064477961716     0.888224540927     1.007825032230
      Gh(C)          -0.245551685038     3.612477343735     0.906224666812    12.000000000000
      Gh(H)          -1.031551459971     2.976477664170     0.630224643923     1.007825032230
      Gh(C)          -0.315551379862     3.979477923569     2.379224716403    12.000000000000
      Gh(H)          -1.269551376047     4.494477313218     2.671224533297     1.007825032230
      Gh(O)           0.733448406515     4.902477305588     2.727224289157    15.994914619570
      Gh(H)           1.666448494253     4.562477153000     2.562224327304     1.007825032230
      Gh(C)          -0.223551372232     2.663477938828     3.208225189425    12.000000000000
      Gh(H)           0.773448368368     2.191477816758     3.108224807955     1.007825032230
      Gh(H)          -1.016551593485     1.904477160630     2.883224426486     1.007825032230
      Gh(H)          -0.306551555338     2.815477412400     4.244224487521     1.007825032230
      Gh(C)          -0.361551383677     4.893477481064     0.028224884249    12.000000000000
      Gh(O)          -1.460551360788     5.254477542099    -0.401775420926    15.994914619570
      Gh(H)           0.539141079245     5.478503268418    -0.209468425535     1.007825032230

  Running in c1 symmetry.

  Rotational constants: A =      0.04023  B =      0.00361  C =      0.00344 [cm^-1]
  Rotational constants: A =   1206.18927  B =    108.09288  C =    103.22482 [MHz]
  Nuclear repulsion =  187.438450402267762

  Charge       = 1
  Multiplicity = 1
  Electrons    = 40
  Nalpha       = 20
  Nbeta        = 20

  ==> Algorithm <==

  SCF Algorithm Type is DF.
  DIIS enabled.
  MOM disabled.
  Fractional occupation disabled.
  Guess Type is SAD.
  Energy threshold   = 1.00e-08
  Density threshold  = 1.00e-08
  Integral threshold = 1.00e-12

  ==> Primary Basis <==

  Basis Set: JUN-CC-PVDZ
    Blend: JUN-CC-PVDZ
    Number of shells: 150
    Number of basis functions: 306
    Number of Cartesian functions: 318
    Spherical Harmonics?: true
    Max angular momentum: 2

   => Loading Basis Set <=

    Name: (JUN-CC-PVDZ AUX)
    Role: JKFIT
    Keyword: DF_BASIS_SCF
    atoms 1, 14                                          entry N          line   202 file /home/alia/anaconda3/envs/mddemo/share/psi4/basis/jun-cc-pvdz-jkfit.gbs 
    atoms 2-4, 6, 8-10, 13, 15-17, 19, 21, 23, 25-27, 30 entry H          line    70 file /home/alia/anaconda3/envs/mddemo/share/psi4/basis/jun-cc-pvdz-jkfit.gbs 
    atoms 5, 7, 11, 18, 20, 24, 28                       entry C          line   146 file /home/alia/anaconda3/envs/mddemo/share/psi4/basis/jun-cc-pvdz-jkfit.gbs 
    atoms 12, 22, 29                                     entry O          line   258 file /home/alia/anaconda3/envs/mddemo/share/psi4/basis/jun-cc-pvdz-jkfit.gbs 

  ==> Integral Setup <==

  ==> DiskDFJK: Density-Fitted J/K Matrices <==

    J tasked:                  Yes
    K tasked:                  Yes
    wK tasked:                  No
    OpenMP threads:             32
    Integrals threads:          32
    Memory [MiB]:            57220
    Algorithm:                Core
    Integral Cache:           LOAD
    Schwarz Cutoff:          1E-12
    Fitting Condition:       1E-10

   => Auxiliary Basis Set <=

  Basis Set: (JUN-CC-PVDZ AUX)
    Blend: JUN-CC-PVDZ-JKFIT
    Number of shells: 486
    Number of basis functions: 1362
    Number of Cartesian functions: 1542
    Spherical Harmonics?: true
    Max angular momentum: 3

  Minimum eigenvalue in the overlap matrix is 6.1365499583E-05.
  Reciprocal condition number of the overlap matrix is 5.3742364736E-06.
    Using symmetric orthogonalization.

  ==> Pre-Iterations <==

  SCF Guess: Superposition of Atomic Densities via on-the-fly atomic UHF (no occupation information).

   -------------------------
    Irrep   Nso     Nmo    
   -------------------------
     A        306     306 
   -------------------------
    Total     306     306
   -------------------------

  ==> Iterations <==

                           Total Energy        Delta E     RMS |[F,P]|

   @DF-RHF iter SAD:  -246.80080888806182   -2.46801e+02   0.00000e+00 
   @DF-RHF iter   1:  -247.12175997437964   -3.20951e-01   1.75886e-03 DIIS
   @DF-RHF iter   2:  -247.24937716354910   -1.27617e-01   1.09351e-03 DIIS
   @DF-RHF iter   3:  -247.29169845616701   -4.23213e-02   2.45532e-04 DIIS
   @DF-RHF iter   4:  -247.29519876682568   -3.50031e-03   8.56366e-05 DIIS
   @DF-RHF iter   5:  -247.29564017828051   -4.41411e-04   1.95657e-05 DIIS
   @DF-RHF iter   6:  -247.29568420841846   -4.40301e-05   8.44104e-06 DIIS
   @DF-RHF iter   7:  -247.29569166192692   -7.45351e-06   4.07418e-06 DIIS
   @DF-RHF iter   8:  -247.29569377050689   -2.10858e-06   1.41280e-06 DIIS
   @DF-RHF iter   9:  -247.29569404123612   -2.70729e-07   3.22978e-07 DIIS
   @DF-RHF iter  10:  -247.29569405622001   -1.49839e-08   1.28728e-07 DIIS
   @DF-RHF iter  11:  -247.29569405956858   -3.34856e-09   5.67903e-08 DIIS
   @DF-RHF iter  12:  -247.29569406051684   -9.48262e-10   2.92724e-08 DIIS
   @DF-RHF iter  13:  -247.29569406084480   -3.27958e-10   8.33366e-09 DIIS
  Energy and wave function converged.


  ==> Post-Iterations <==

    Orbital Energies [Eh]
    ---------------------

    Doubly Occupied:                                                      

       1A    -20.754330     2A    -15.934404     3A    -11.525618  
       4A    -11.505803     5A    -11.427441     6A     -1.581438  
       7A     -1.518960     8A     -1.236189     9A     -1.105599  
      10A     -1.016322    11A     -0.956144    12A     -0.925249  
      13A     -0.887316    14A     -0.822699    15A     -0.799952  
      16A     -0.743749    17A     -0.732519    18A     -0.713484  
      19A     -0.684397    20A     -0.602434  

    Virtual:                                                              

      21A     -0.122753    22A     -0.081273    23A     -0.074357  
      24A     -0.050105    25A     -0.043949    26A     -0.031929  
      27A     -0.028942    28A     -0.016528    29A     -0.015602  
      30A     -0.008189    31A     -0.003993    32A      0.001313  
      33A      0.010125    34A      0.013401    35A      0.014780  
      36A      0.029277    37A      0.034930    38A      0.036288  
      39A      0.044727    40A      0.050299    41A      0.052858  
      42A      0.056754    43A      0.059909    44A      0.068004  
      45A      0.071702    46A      0.083588    47A      0.085988  
      48A      0.090817    49A      0.095757    50A      0.102507  
      51A      0.104670    52A      0.113854    53A      0.120076  
      54A      0.125621    55A      0.140940    56A      0.146842  
      57A      0.152075    58A      0.156069    59A      0.159189  
      60A      0.160927    61A      0.164598    62A      0.167220  
      63A      0.171965    64A      0.178089    65A      0.186975  
      66A      0.191518    67A      0.201074    68A      0.210397  
      69A      0.211366    70A      0.227663    71A      0.238005  
      72A      0.243513    73A      0.247099    74A      0.250727  
      75A      0.254505    76A      0.265016    77A      0.276406  
      78A      0.297530    79A      0.304447    80A      0.315368  
      81A      0.318784    82A      0.327930    83A      0.340304  
      84A      0.345280    85A      0.361869    86A      0.364739  
      87A      0.384152    88A      0.393257    89A      0.404031  
      90A      0.438423    91A      0.445834    92A      0.456797  
      93A      0.483037    94A      0.492658    95A      0.513474  
      96A      0.516794    97A      0.535319    98A      0.537343  
      99A      0.556160   100A      0.565213   101A      0.573792  
     102A      0.579079   103A      0.580645   104A      0.590669  
     105A      0.599665   106A      0.612762   107A      0.626042  
     108A      0.646347   109A      0.670835   110A      0.683496  
     111A      0.684063   112A      0.685138   113A      0.702955  
     114A      0.706563   115A      0.712290   116A      0.732737  
     117A      0.745658   118A      0.757526   119A      0.761010  
     120A      0.783261   121A      0.791350   122A      0.794636  
     123A      0.803630   124A      0.821449   125A      0.838183  
     126A      0.846238   127A      0.868051   128A      0.893932  
     129A      0.895117   130A      0.899731   131A      0.918267  
     132A      0.929500   133A      0.941216   134A      0.945234  
     135A      0.956253   136A      0.972870   137A      0.987731  
     138A      1.016985   139A      1.040093   140A      1.120789  
     141A      1.134575   142A      1.147531   143A      1.211681  
     144A      1.220342   145A      1.237479   146A      1.256814  
     147A      1.291042   148A      1.339304   149A      1.342227  
     150A      1.373665   151A      1.427625   152A      1.437086  
     153A      1.469543   154A      1.502101   155A      1.516656  
     156A      1.541884   157A      1.566622   158A      1.595796  
     159A      1.607271   160A      1.621872   161A      1.634824  
     162A      1.644636   163A      1.648016   164A      1.656674  
     165A      1.678254   166A      1.694646   167A      1.703639  
     168A      1.708044   169A      1.735561   170A      1.736253  
     171A      1.738906   172A      1.754823   173A      1.756509  
     174A      1.769764   175A      1.772760   176A      1.806029  
     177A      1.809056   178A      1.813990   179A      1.843596  
     180A      1.854111   181A      1.857659   182A      1.866706  
     183A      1.874958   184A      1.895789   185A      1.901975  
     186A      1.908687   187A      1.930570   188A      1.933128  
     189A      1.960810   190A      1.963963   191A      1.966439  
     192A      1.987672   193A      2.002455   194A      2.008817  
     195A      2.017893   196A      2.021831   197A      2.029105  
     198A      2.044876   199A      2.079043   200A      2.085046  
     201A      2.090974   202A      2.119896   203A      2.142165  
     204A      2.144409   205A      2.155007   206A      2.164503  
     207A      2.180189   208A      2.189864   209A      2.220233  
     210A      2.224292   211A      2.240187   212A      2.245983  
     213A      2.246644   214A      2.293990   215A      2.296165  
     216A      2.330747   217A      2.345106   218A      2.361229  
     219A      2.380044   220A      2.397881   221A      2.400395  
     222A      2.410332   223A      2.425230   224A      2.429500  
     225A      2.460709   226A      2.489357   227A      2.502005  
     228A      2.519988   229A      2.542736   230A      2.557081  
     231A      2.569580   232A      2.593491   233A      2.596885  
     234A      2.626477   235A      2.655782   236A      2.669863  
     237A      2.676450   238A      2.690099   239A      2.710497  
     240A      2.737828   241A      2.746671   242A      2.758954  
     243A      2.764882   244A      2.803698   245A      2.814053  
     246A      2.860088   247A      2.888969   248A      2.897110  
     249A      2.922822   250A      2.951517   251A      2.952489  
     252A      2.996788   253A      3.025151   254A      3.055837  
     255A      3.080335   256A      3.112742   257A      3.175809  
     258A      3.177914   259A      3.242179   260A      3.298882  
     261A      3.308483   262A      3.392217   263A      3.439251  
     264A      3.484139   265A      3.535024   266A      3.549790  
     267A      3.602620   268A      3.625332   269A      3.709548  
     270A      3.791242   271A      3.927759   272A      3.993708  
     273A      4.048604   274A      4.183004   275A      4.205348  
     276A      4.313518   277A      4.400196   278A      4.443705  
     279A      4.556263   280A      4.570665   281A      4.638820  
     282A      4.658772   283A      4.666258   284A      4.819730  
     285A      4.845145   286A      4.889380   287A      5.059806  
     288A      5.097118   289A      5.162490   290A      5.198046  
     291A      5.293469   292A      5.482428   293A      5.553323  
     294A      5.638431   295A      5.664036   296A      5.752014  
     297A      5.934122   298A      6.545598   299A      6.641836  
     300A     18.160812   301A     18.328333   302A     18.429736  
     303A     18.570177   304A     25.327809   305A     33.444752  
     306A     33.462855  

    Final Occupation by Irrep:
              A 
    DOCC [    20 ]

  @DF-RHF Final Energy:  -247.29569406084480

   => Energetics <=

    Nuclear Repulsion Energy =            187.4384504022677618
    One-Electron Energy =                -698.5201922863568598
    Two-Electron Energy =                 263.7860478232443029
    Total Energy =                       -247.2956940608447667

Computation Completed


Properties will be evaluated at   0.000000,   0.000000,   0.000000 [a0]

Properties computed using the SCF density matrix

  Nuclear Dipole Moment: [e a0]
     X:    10.1218      Y:  -434.3089      Z:  -139.8257

  Electronic Dipole Moment: [e a0]
     X:   -11.5421      Y:   423.2755      Z:   138.4218

  Dipole Moment: [e a0]
     X:    -1.4203      Y:   -11.0334      Z:    -1.4039     Total:    11.2126

  Dipole Moment: [D]
     X:    -3.6099      Y:   -28.0440      Z:    -3.5684     Total:    28.4997


*** tstop() called on aliaconda at Sun Mar 20 06:56:43 2022
Module time:
	user time   =     181.40 seconds =       3.02 minutes
	system time =      18.97 seconds =       0.32 minutes
	total time  =          9 seconds =       0.15 minutes
Total time:
	user time   =  151777.64 seconds =    2529.63 minutes
	system time =   21508.97 seconds =     358.48 minutes
	total time  =       9186 seconds =     153.10 minutes

  //>>>>>>>>>>>>>>>>>>>>>>>>>>>>>>>>>>>//
  //            Monomer B HF           //
  //<<<<<<<<<<<<<<<<<<<<<<<<<<<<<<<<<<<//


*** tstart() called on aliaconda
*** at Sun Mar 20 06:56:43 2022

   => Loading Basis Set <=

    Name: JUN-CC-PVDZ
    Role: ORBITAL
    Keyword: BASIS
    atoms 1, 14                                          entry N          line   198 file /home/alia/anaconda3/envs/mddemo/share/psi4/basis/jun-cc-pvdz.gbs 
    atoms 2-4, 6, 8-10, 13, 15-17, 19, 21, 23, 25-27, 30 entry H          line    36 file /home/alia/anaconda3/envs/mddemo/share/psi4/basis/jun-cc-pvdz.gbs 
    atoms 5, 7, 11, 18, 20, 24, 28                       entry C          line   164 file /home/alia/anaconda3/envs/mddemo/share/psi4/basis/jun-cc-pvdz.gbs 
    atoms 12, 22, 29                                     entry O          line   232 file /home/alia/anaconda3/envs/mddemo/share/psi4/basis/jun-cc-pvdz.gbs 


         ---------------------------------------------------------
                                   SCF
               by Justin Turney, Rob Parrish, Andy Simmonett
                          and Daniel G. A. Smith
                              RHF Reference
                       32 Threads,  76293 MiB Core
         ---------------------------------------------------------

  ==> Geometry <==

    Molecular point group: c1
    Full point group: C1

    Geometry (in Angstrom), charge = 1, multiplicity = 1:

       Center              X                  Y                   Z               Mass       
    ------------   -----------------  -----------------  -----------------  -----------------
      Gh(N)          -0.763551810923    -6.489522415939    -1.209775031827    14.003074004430
      Gh(H)          -1.409551719370    -6.549522358718    -0.193775237821     1.007825032230
      Gh(H)          -1.645551780405    -6.605522591415    -2.020775378965     1.007825032230
      Gh(H)          -0.237551788034    -7.350522476974    -1.217775405668     1.007825032230
      Gh(C)          -0.175551513376    -5.233522373977    -1.307775081418    12.000000000000
      Gh(H)          -0.858551601114    -4.465522248092    -0.999775470517     1.007825032230
      Gh(C)           1.168448349295    -5.175522286239    -0.523775161527    12.000000000000
      Gh(H)           1.875448366461    -5.917522389236    -0.823775352262     1.007825032230
      Gh(H)           0.982448478994    -5.213522393051     0.551224647738     1.007825032230
      Gh(H)           1.756448408422    -4.213522393051    -0.684775413297     1.007825032230
      Gh(C)           0.166448494253    -5.033522564712    -2.825775207303    12.000000000000
      Gh(O)           0.383448501882    -5.928522545639    -3.623775304578    15.994914619570
      Gh(H)           0.214290043173    -4.000453907791    -3.200582803510     1.007825032230
         N            0.882448335943     2.796477358994     0.515224872805    14.003074004430
         H            0.999448438940     2.932477992234    -0.676775039457     1.007825032230
         H            0.798448463736     1.596477549729     0.543224750735     1.007825032230
         H            1.815448423681     3.064477961716     0.888224540927     1.007825032230
         C           -0.245551685038     3.612477343735     0.906224666812    12.000000000000
         H           -1.031551459971     2.976477664170     0.630224643923     1.007825032230
         C           -0.315551379862     3.979477923569     2.379224716403    12.000000000000
         H           -1.269551376047     4.494477313218     2.671224533297     1.007825032230
         O            0.733448406515     4.902477305588     2.727224289157    15.994914619570
         H            1.666448494253     4.562477153000     2.562224327304     1.007825032230
         C           -0.223551372232     2.663477938828     3.208225189425    12.000000000000
         H            0.773448368368     2.191477816758     3.108224807955     1.007825032230
         H           -1.016551593485     1.904477160630     2.883224426486     1.007825032230
         H           -0.306551555338     2.815477412400     4.244224487521     1.007825032230
         C           -0.361551383677     4.893477481064     0.028224884249    12.000000000000
         O           -1.460551360788     5.254477542099    -0.401775420926    15.994914619570
         H            0.539141079245     5.478503268418    -0.209468425535     1.007825032230

  Running in c1 symmetry.

  Rotational constants: A =      0.04023  B =      0.00361  C =      0.00344 [cm^-1]
  Rotational constants: A =   1206.18927  B =    108.09288  C =    103.22482 [MHz]
  Nuclear repulsion =  328.557515120483231

  Charge       = 1
  Multiplicity = 1
  Electrons    = 56
  Nalpha       = 28
  Nbeta        = 28

  ==> Algorithm <==

  SCF Algorithm Type is DF.
  DIIS enabled.
  MOM disabled.
  Fractional occupation disabled.
  Guess Type is SAD.
  Energy threshold   = 1.00e-08
  Density threshold  = 1.00e-08
  Integral threshold = 1.00e-12

  ==> Primary Basis <==

  Basis Set: JUN-CC-PVDZ
    Blend: JUN-CC-PVDZ
    Number of shells: 150
    Number of basis functions: 306
    Number of Cartesian functions: 318
    Spherical Harmonics?: true
    Max angular momentum: 2

   => Loading Basis Set <=

    Name: (JUN-CC-PVDZ AUX)
    Role: JKFIT
    Keyword: DF_BASIS_SCF
    atoms 1, 14                                          entry N          line   202 file /home/alia/anaconda3/envs/mddemo/share/psi4/basis/jun-cc-pvdz-jkfit.gbs 
    atoms 2-4, 6, 8-10, 13, 15-17, 19, 21, 23, 25-27, 30 entry H          line    70 file /home/alia/anaconda3/envs/mddemo/share/psi4/basis/jun-cc-pvdz-jkfit.gbs 
    atoms 5, 7, 11, 18, 20, 24, 28                       entry C          line   146 file /home/alia/anaconda3/envs/mddemo/share/psi4/basis/jun-cc-pvdz-jkfit.gbs 
    atoms 12, 22, 29                                     entry O          line   258 file /home/alia/anaconda3/envs/mddemo/share/psi4/basis/jun-cc-pvdz-jkfit.gbs 

  ==> Integral Setup <==

  ==> DiskDFJK: Density-Fitted J/K Matrices <==

    J tasked:                  Yes
    K tasked:                  Yes
    wK tasked:                  No
    OpenMP threads:             32
    Integrals threads:          32
    Memory [MiB]:            57220
    Algorithm:                Core
    Integral Cache:           LOAD
    Schwarz Cutoff:          1E-12
    Fitting Condition:       1E-10

   => Auxiliary Basis Set <=

  Basis Set: (JUN-CC-PVDZ AUX)
    Blend: JUN-CC-PVDZ-JKFIT
    Number of shells: 486
    Number of basis functions: 1362
    Number of Cartesian functions: 1542
    Spherical Harmonics?: true
    Max angular momentum: 3

  Minimum eigenvalue in the overlap matrix is 6.1365499584E-05.
  Reciprocal condition number of the overlap matrix is 5.3742364737E-06.
    Using symmetric orthogonalization.

  ==> Pre-Iterations <==

  SCF Guess: Superposition of Atomic Densities via on-the-fly atomic UHF (no occupation information).

   -------------------------
    Irrep   Nso     Nmo    
   -------------------------
     A        306     306 
   -------------------------
    Total     306     306
   -------------------------

  ==> Iterations <==

                           Total Energy        Delta E     RMS |[F,P]|

   @DF-RHF iter SAD:  -360.43352257676219   -3.60434e+02   0.00000e+00 
   @DF-RHF iter   1:  -360.90162096652642   -4.68098e-01   2.20767e-03 DIIS
   @DF-RHF iter   2:  -361.09426579974343   -1.92645e-01   1.41245e-03 DIIS
   @DF-RHF iter   3:  -361.16401390624748   -6.97481e-02   3.05636e-04 DIIS
   @DF-RHF iter   4:  -361.16911447344529   -5.10057e-03   1.16411e-04 DIIS
   @DF-RHF iter   5:  -361.16986718465927   -7.52711e-04   2.71043e-05 DIIS
   @DF-RHF iter   6:  -361.16993418431548   -6.69997e-05   1.28819e-05 DIIS
   @DF-RHF iter   7:  -361.16995053065790   -1.63463e-05   5.51493e-06 DIIS
   @DF-RHF iter   8:  -361.16995439433123   -3.86367e-06   2.29554e-06 DIIS
   @DF-RHF iter   9:  -361.16995510559076   -7.11260e-07   6.88889e-07 DIIS
   @DF-RHF iter  10:  -361.16995518139203   -7.58013e-08   2.54515e-07 DIIS
   @DF-RHF iter  11:  -361.16995519441502   -1.30230e-08   1.22405e-07 DIIS
   @DF-RHF iter  12:  -361.16995519823763   -3.82261e-09   6.79819e-08 DIIS
   @DF-RHF iter  13:  -361.16995519974381   -1.50618e-09   3.24466e-08 DIIS
   @DF-RHF iter  14:  -361.16995520009255   -3.48734e-10   9.51101e-09 DIIS
  Energy and wave function converged.


  ==> Post-Iterations <==

    Orbital Energies [Eh]
    ---------------------

    Doubly Occupied:                                                      

       1A    -20.749050     2A    -20.745468     3A    -15.949103  
       4A    -11.525273     5A    -11.497840     6A    -11.485642  
       7A    -11.398814     8A     -1.560620     9A     -1.535366  
      10A     -1.505446    11A     -1.242039    12A     -1.153059  
      13A     -1.024604    14A     -1.021271    15A     -0.963432  
      16A     -0.913208    17A     -0.897008    18A     -0.838817  
      19A     -0.815869    20A     -0.800553    21A     -0.767574  
      22A     -0.761857    23A     -0.714781    24A     -0.692713  
      25A     -0.676801    26A     -0.658346    27A     -0.630715  
      28A     -0.593460  

    Virtual:                                                              

      29A     -0.137352    30A     -0.086196    31A     -0.077254  
      32A     -0.055715    33A     -0.043043    34A     -0.034712  
      35A     -0.032619    36A     -0.025277    37A     -0.023347  
      38A     -0.012041    39A     -0.006586    40A     -0.004682  
      41A     -0.000127    42A      0.004000    43A      0.010631  
      44A      0.017488    45A      0.027496    46A      0.030190  
      47A      0.039347    48A      0.042544    49A      0.044880  
      50A      0.048796    51A      0.050144    52A      0.054150  
      53A      0.056937    54A      0.065019    55A      0.070965  
      56A      0.081974    57A      0.091482    58A      0.096979  
      59A      0.102773    60A      0.108462    61A      0.109938  
      62A      0.115743    63A      0.121990    64A      0.128133  
      65A      0.137010    66A      0.145602    67A      0.147859  
      68A      0.154095    69A      0.154867    70A      0.156765  
      71A      0.171395    72A      0.174773    73A      0.181774  
      74A      0.186338    75A      0.191697    76A      0.195237  
      77A      0.206349    78A      0.213277    79A      0.214270  
      80A      0.220175    81A      0.222343    82A      0.241623  
      83A      0.247151    84A      0.259575    85A      0.270449  
      86A      0.271392    87A      0.278212    88A      0.286917  
      89A      0.298371    90A      0.306819    91A      0.313731  
      92A      0.318909    93A      0.328309    94A      0.345635  
      95A      0.354079    96A      0.365447    97A      0.367642  
      98A      0.373810    99A      0.382795   100A      0.389946  
     101A      0.424542   102A      0.436177   103A      0.451219  
     104A      0.461819   105A      0.506794   106A      0.534186  
     107A      0.540114   108A      0.549134   109A      0.563563  
     110A      0.578880   111A      0.596344   112A      0.604550  
     113A      0.610951   114A      0.623690   115A      0.625029  
     116A      0.634814   117A      0.656043   118A      0.675339  
     119A      0.676399   120A      0.686287   121A      0.692786  
     122A      0.699349   123A      0.729842   124A      0.735858  
     125A      0.743550   126A      0.750778   127A      0.760767  
     128A      0.763899   129A      0.779131   130A      0.793536  
     131A      0.794575   132A      0.809097   133A      0.823072  
     134A      0.833990   135A      0.835726   136A      0.866789  
     137A      0.879585   138A      0.882321   139A      0.893213  
     140A      0.912261   141A      0.915238   142A      0.936812  
     143A      0.955233   144A      0.974237   145A      0.996224  
     146A      1.000265   147A      1.025678   148A      1.089255  
     149A      1.141632   150A      1.153796   151A      1.187130  
     152A      1.204180   153A      1.227758   154A      1.250841  
     155A      1.295518   156A      1.317193   157A      1.320828  
     158A      1.351353   159A      1.357171   160A      1.378706  
     161A      1.387115   162A      1.428432   163A      1.445684  
     164A      1.471145   165A      1.482755   166A      1.493240  
     167A      1.497498   168A      1.515804   169A      1.544248  
     170A      1.549150   171A      1.578004   172A      1.601230  
     173A      1.602755   174A      1.621954   175A      1.637419  
     176A      1.647021   177A      1.675459   178A      1.683110  
     179A      1.694627   180A      1.699099   181A      1.711692  
     182A      1.719532   183A      1.742923   184A      1.750982  
     185A      1.759486   186A      1.761482   187A      1.771754  
     188A      1.776838   189A      1.794224   190A      1.798666  
     191A      1.826065   192A      1.837216   193A      1.842223  
     194A      1.845064   195A      1.855162   196A      1.879531  
     197A      1.883365   198A      1.900232   199A      1.906661  
     200A      1.932716   201A      1.945491   202A      1.967786  
     203A      1.969339   204A      1.972221   205A      1.981374  
     206A      1.993014   207A      1.999063   208A      2.015774  
     209A      2.026503   210A      2.039940   211A      2.042923  
     212A      2.052621   213A      2.083400   214A      2.102982  
     215A      2.105942   216A      2.119191   217A      2.119692  
     218A      2.126725   219A      2.154460   220A      2.179420  
     221A      2.185228   222A      2.194076   223A      2.225484  
     224A      2.229961   225A      2.237254   226A      2.257086  
     227A      2.288677   228A      2.296498   229A      2.322226  
     230A      2.335740   231A      2.357622   232A      2.373437  
     233A      2.404299   234A      2.417423   235A      2.424766  
     236A      2.442258   237A      2.455846   238A      2.462917  
     239A      2.468145   240A      2.502107   241A      2.513024  
     242A      2.526841   243A      2.542868   244A      2.574998  
     245A      2.598475   246A      2.645245   247A      2.658452  
     248A      2.663134   249A      2.670465   250A      2.698227  
     251A      2.700433   252A      2.747454   253A      2.752663  
     254A      2.783464   255A      2.813729   256A      2.823240  
     257A      2.842296   258A      2.866477   259A      2.893623  
     260A      2.893934   261A      2.934322   262A      2.941837  
     263A      3.002064   264A      3.022861   265A      3.104218  
     266A      3.119397   267A      3.119678   268A      3.135086  
     269A      3.220282   270A      3.222248   271A      3.237676  
     272A      3.289078   273A      3.354092   274A      3.428948  
     275A      3.487784   276A      3.527999   277A      3.563725  
     278A      3.565484   279A      3.694617   280A      3.743295  
     281A      3.790494   282A      3.910915   283A      3.961246  
     284A      4.063528   285A      4.166846   286A      4.181559  
     287A      4.344750   288A      4.403055   289A      4.634600  
     290A      4.675134   291A      4.788021   292A      4.806181  
     293A      4.870733   294A      4.966547   295A      5.177879  
     296A      5.265688   297A      5.472552   298A      5.554721  
     299A      5.736676   300A      5.908520   301A      6.710143  
     302A     18.198845   303A     18.355005   304A     18.513113  
     305A     25.346457   306A     33.435416  

    Final Occupation by Irrep:
              A 
    DOCC [    28 ]

  @DF-RHF Final Energy:  -361.16995520009255

   => Energetics <=

    Nuclear Repulsion Energy =            328.5575151204832309
    One-Electron Energy =               -1133.2174836829399283
    Two-Electron Energy =                 443.4900133623641523
    Total Energy =                       -361.1699552000925451

Computation Completed


Properties will be evaluated at   0.000000,   0.000000,   0.000000 [a0]

Properties computed using the SCF density matrix

  Nuclear Dipole Moment: [e a0]
     X:    -6.7062      Y:   422.8097      Z:   147.3724

  Electronic Dipole Moment: [e a0]
     X:     8.9483      Y:  -418.2950      Z:  -145.8831

  Dipole Moment: [e a0]
     X:     2.2422      Y:     4.5147      Z:     1.4893     Total:     5.2562

  Dipole Moment: [D]
     X:     5.6990      Y:    11.4752      Z:     3.7854     Total:    13.3600


*** tstop() called on aliaconda at Sun Mar 20 06:56:53 2022
Module time:
	user time   =     218.20 seconds =       3.64 minutes
	system time =      25.55 seconds =       0.43 minutes
	total time  =         10 seconds =       0.17 minutes
Total time:
	user time   =  151995.94 seconds =    2533.27 minutes
	system time =   21534.54 seconds =     358.91 minutes
	total time  =       9196 seconds =     153.27 minutes
  Constructing Basis Sets for SAPT...

   => Loading Basis Set <=

    Name: (JUN-CC-PVDZ AUX)
    Role: RIFIT
    Keyword: DF_BASIS_SAPT
    atoms 1, 14                                          entry N          line   144 file /home/alia/anaconda3/envs/mddemo/share/psi4/basis/jun-cc-pvdz-ri.gbs 
    atoms 2-4, 6, 8-10, 13, 15-17, 19, 21, 23, 25-27, 30 entry H          line    30 file /home/alia/anaconda3/envs/mddemo/share/psi4/basis/jun-cc-pvdz-ri.gbs 
    atoms 5, 7, 11, 18, 20, 24, 28                       entry C          line   100 file /home/alia/anaconda3/envs/mddemo/share/psi4/basis/jun-cc-pvdz-ri.gbs 
    atoms 12, 22, 29                                     entry O          line   188 file /home/alia/anaconda3/envs/mddemo/share/psi4/basis/jun-cc-pvdz-ri.gbs 


  //>>>>>>>>>>>>>>>>>>>>>>>>>>>>>>>>>>>//
  //               SAPT0               //
  //<<<<<<<<<<<<<<<<<<<<<<<<<<<<<<<<<<<//


*** tstart() called on aliaconda
*** at Sun Mar 20 06:56:53 2022

        SAPT0  
    Ed Hohenstein
     6 June 2009

      Orbital Information
  --------------------------
    NSO        =       306
    NMO        =       306
    NRI        =      1032
    NOCC A     =        20
    NOCC B     =        28
    FOCC A     =         0
    FOCC B     =         0
    NVIR A     =       286
    NVIR B     =       278

    Elst10,r            =     0.061761207232 [Eh]
    Exch10              =    -0.000000013691 [Eh]
    Exch10 (S^2)        =    -0.000000013691 [Eh]

    Iter     Energy [mEh]          dE [mEh]         Residual      Time [s]
       1      -0.31983695       0.319836955       5.326573789             1
       2      -0.31515824      -0.004678718       1.802610252             1
       3      -0.34395343       0.028795190       0.618123084             2
       4      -0.34970425       0.005750826       0.187834379             2
       5      -0.34868679      -0.001017459       0.101743177             3
       6      -0.34807098      -0.000615811       0.027328947             3
       7      -0.34824305       0.000172069       0.008253912             4
       8      -0.34827128       0.000028228       0.002367458             5
       9      -0.34826278      -0.000008505       0.000979582             5
      10      -0.34826038      -0.000002398       0.000491733             6
      11      -0.34826235       0.000001971       0.000202849             6
      12      -0.34826248       0.000000126       0.000056220             7
      13      -0.34826224      -0.000000233       0.000013925             8
      14      -0.34826224       0.000000001       0.000003713             8
      15      -0.34826226       0.000000012       0.000000932             9

    CHF Iterations converged


    Iter     Energy [mEh]          dE [mEh]         Residual      Time [s]
       1      -0.22586996       0.225869965       3.450445396             0
       2      -0.23449348       0.008623519       1.476043825             1
       3      -0.25235082       0.017857338       0.491125171             2
       4      -0.25552721       0.003176386       0.126989069             2
       5      -0.25499100      -0.000536205       0.075811482             3
       6      -0.25459349      -0.000397515       0.024519989             4
       7      -0.25463599       0.000042502       0.011695248             4
       8      -0.25469728       0.000061290       0.003226055             5
       9      -0.25469042      -0.000006858       0.001328180             5
      10      -0.25468552      -0.000004903       0.000574609             6
      11      -0.25468709       0.000001570       0.000335359             7
      12      -0.25468767       0.000000577       0.000130315             7
      13      -0.25468733      -0.000000335       0.000043784             8
      14      -0.25468725      -0.000000083       0.000012591             8
      15      -0.25468727       0.000000023       0.000003920             9
      16      -0.25468728       0.000000008       0.000000976            10

    CHF Iterations converged

    Ind20,r (A<-B)      =    -0.000348262256 [Eh]
    Ind20,r (B<-A)      =    -0.000254687279 [Eh]
    Ind20,r             =    -0.000602949534 [Eh]
    Exch-Ind20,r (A<-B) =     0.000000001964 [Eh]
    Exch-Ind20,r (B<-A) =     0.000000001368 [Eh]
    Exch-Ind20,r        =     0.000000003332 [Eh]
    Disp20              =    -0.000045631873 [Eh]
    Disp20 (SS)         =    -0.000022815936 [Eh]
    Disp20 (OS)         =    -0.000022815936 [Eh]
    Exch-Disp20         =     0.000000001578 [Eh]
    Exch-Disp20 (SS)    =     0.000000001180 [Eh]
    Exch-Disp20 (OS)    =     0.000000000398 [Eh]

    SAPT Results 
  --------------------------------------------------------------------------------------------------------
    Electrostatics                 61.76120723 [mEh]      38.75574265 [kcal/mol]     162.15402725 [kJ/mol]
      Elst10,r                     61.76120723 [mEh]      38.75574265 [kcal/mol]     162.15402725 [kJ/mol]

    Exchange                       -0.00001369 [mEh]      -0.00000859 [kcal/mol]      -0.00003595 [kJ/mol]
      Exch10                       -0.00001369 [mEh]      -0.00000859 [kcal/mol]      -0.00003595 [kJ/mol]
      Exch10(S^2)                  -0.00001369 [mEh]      -0.00000859 [kcal/mol]      -0.00003595 [kJ/mol]

    Induction                      -0.59499253 [mEh]      -0.37336345 [kcal/mol]      -1.56215267 [kJ/mol]
      Ind20,r                      -0.60294953 [mEh]      -0.37835655 [kcal/mol]      -1.58304378 [kJ/mol]
      Exch-Ind20,r                  0.00000333 [mEh]       0.00000209 [kcal/mol]       0.00000875 [kJ/mol]
      delta HF,r (2)                0.00795367 [mEh]       0.00499100 [kcal/mol]       0.02088236 [kJ/mol]

    Dispersion                     -0.04563030 [mEh]      -0.02863344 [kcal/mol]      -0.11980232 [kJ/mol]
      Disp20                       -0.04563187 [mEh]      -0.02863443 [kcal/mol]      -0.11980647 [kJ/mol]
      Exch-Disp20                   0.00000158 [mEh]       0.00000099 [kcal/mol]       0.00000414 [kJ/mol]
      Disp20 (SS)                  -0.02281594 [mEh]      -0.01431722 [kcal/mol]      -0.05990323 [kJ/mol]
      Disp20 (OS)                  -0.02281594 [mEh]      -0.01431722 [kcal/mol]      -0.05990323 [kJ/mol]
      Exch-Disp20 (SS)              0.00000118 [mEh]       0.00000074 [kcal/mol]       0.00000310 [kJ/mol]
      Exch-Disp20 (OS)              0.00000040 [mEh]       0.00000025 [kcal/mol]       0.00000104 [kJ/mol]

  Total HF                         61.16620101 [mEh]      38.38237061 [kcal/mol]     160.59183863 [kJ/mol]
  Total SAPT0                      61.12057072 [mEh]      38.35373717 [kcal/mol]     160.47203630 [kJ/mol]

  Special recipe for scaled SAPT0 (see Manual):
    Electrostatics sSAPT0          61.76120723 [mEh]      38.75574265 [kcal/mol]     162.15402725 [kJ/mol]
    Exchange sSAPT0                -0.00001369 [mEh]      -0.00000859 [kcal/mol]      -0.00003595 [kJ/mol]
    Induction sSAPT0               -0.59499253 [mEh]      -0.37336345 [kcal/mol]      -1.56215267 [kJ/mol]
    Dispersion sSAPT0              -0.04563030 [mEh]      -0.02863344 [kcal/mol]      -0.11980232 [kJ/mol]
  Total sSAPT0                     61.12057072 [mEh]      38.35373717 [kcal/mol]     160.47203630 [kJ/mol]
  --------------------------------------------------------------------------------------------------------

*** tstop() called on aliaconda at Sun Mar 20 06:57:42 2022
Module time:
	user time   =     693.40 seconds =      11.56 minutes
	system time =     121.68 seconds =       2.03 minutes
	total time  =         49 seconds =       0.82 minutes
Total time:
	user time   =  152691.81 seconds =    2544.86 minutes
	system time =   21656.78 seconds =     360.95 minutes
	total time  =       9245 seconds =     154.08 minutes


Warning! sapt0 does not have an associated derived wavefunction.The returned wavefunction is the dimer SCF wavefunction.

