
Scratch directory: /tmp/

Scratch directory: /tmp/

  //>>>>>>>>>>>>>>>>>>>>>>>>>>>>>>>>>>>//
  //              Dimer HF             //
  //<<<<<<<<<<<<<<<<<<<<<<<<<<<<<<<<<<<//


*** tstart() called on aliaconda
*** at Sun Mar 20 05:45:19 2022

   => Loading Basis Set <=

    Name: JUN-CC-PVDZ
    Role: ORBITAL
    Keyword: BASIS
    atoms 1, 14                                          entry N          line   198 file /home/alia/anaconda3/envs/mddemo/share/psi4/basis/jun-cc-pvdz.gbs 
    atoms 2-4, 6, 8-10, 13, 15-17, 19, 21, 23, 25-27, 30 entry H          line    36 file /home/alia/anaconda3/envs/mddemo/share/psi4/basis/jun-cc-pvdz.gbs 
    atoms 5, 7, 11, 18, 20, 24, 28                       entry C          line   164 file /home/alia/anaconda3/envs/mddemo/share/psi4/basis/jun-cc-pvdz.gbs 
    atoms 12, 22, 29                                     entry O          line   232 file /home/alia/anaconda3/envs/mddemo/share/psi4/basis/jun-cc-pvdz.gbs 


         ---------------------------------------------------------
                                   SCF
               by Justin Turney, Rob Parrish, Andy Simmonett
                          and Daniel G. A. Smith
                              RHF Reference
                       32 Threads,  76293 MiB Core
         ---------------------------------------------------------

  ==> Geometry <==

    Molecular point group: c1
    Full point group: C1

    Geometry (in Angstrom), charge = 2, multiplicity = 1:

       Center              X                  Y                   Z               Mass       
    ------------   -----------------  -----------------  -----------------  -----------------
         N            0.481437894953    -5.947295648022    -0.762180924074    14.003074004430
         H           -0.274562147009    -6.285295945568    -1.635181069032     1.007825032230
         H           -0.290561941015    -6.013295632763     0.161818862303     1.007825032230
         H            1.118437978876    -6.714295846386    -0.614181160585     1.007825032230
         C            0.889437887324    -4.580296021862    -0.848180889742    12.000000000000
         H            0.265438291682    -3.848295670910    -0.389181255952     1.007825032230
         C            2.217437955988    -4.560296040936    -0.241181015627    12.000000000000
         H            2.790438148630    -5.421295625134    -0.643180966036     1.007825032230
         H            2.140438053263    -4.742295724316     0.858818889006     1.007825032230
         H            2.822437975062    -3.642295819683    -0.360180973665     1.007825032230
         C            1.150438043726    -4.184295636578    -2.300181030885    12.000000000000
         O            0.824437830103    -4.980295640392    -3.209180950777    15.994914619570
         H            1.616188976420    -3.217620355053    -2.542286038057     1.007825032230
         N            0.421437952174     2.466703909473     0.158819079741    14.003074004430
         H            0.625437948359     1.290704268055     0.302819133147     1.007825032230
         H            0.433438036097     2.512704390125    -1.044180988924     1.007825032230
         H            1.240438196314     3.020703810291     0.477818847044     1.007825032230
         C           -0.828562047826     3.034703749256     0.578819156035    12.000000000000
         H           -1.608561780798     2.256703871326     0.505818724974     1.007825032230
         C           -0.825561788427     3.493704336719     2.053819060667    12.000000000000
         H           -1.870561864721     3.698704260425     2.384819388731     1.007825032230
         O           -0.111562040197     4.759704130726     2.246818900450    15.994914619570
         H            0.842437955988     4.722704428272     2.151818633421     1.007825032230
         C           -0.264561918127     2.492703932361     3.002819419249    12.000000000000
         H            0.849437925471     2.441704290943     2.955818534239     1.007825032230
         H           -0.692561891424     1.509704130726     2.732818961485     1.007825032230
         H           -0.637562063085     2.737703817921     3.980819106444     1.007825032230
         C           -1.485562112676     4.099704283314    -0.294180988924    12.000000000000
         O           -2.679561879980     4.101704138355    -0.512180924074    15.994914619570
         H           -0.859646585333     4.887683409290    -0.738387703554     1.007825032230

  Running in c1 symmetry.

  Rotational constants: A =      0.03960  B =      0.00458  C =      0.00431 [cm^-1]
  Rotational constants: A =   1187.31767  B =    137.18439  C =    129.16082 [MHz]
  Nuclear repulsion =  656.812986461598484

  Charge       = 2
  Multiplicity = 1
  Electrons    = 96
  Nalpha       = 48
  Nbeta        = 48

  ==> Algorithm <==

  SCF Algorithm Type is DF.
  DIIS enabled.
  MOM disabled.
  Fractional occupation disabled.
  Guess Type is SAD.
  Energy threshold   = 1.00e-08
  Density threshold  = 1.00e-08
  Integral threshold = 1.00e-12

  ==> Primary Basis <==

  Basis Set: JUN-CC-PVDZ
    Blend: JUN-CC-PVDZ
    Number of shells: 150
    Number of basis functions: 306
    Number of Cartesian functions: 318
    Spherical Harmonics?: true
    Max angular momentum: 2

   => Loading Basis Set <=

    Name: (JUN-CC-PVDZ AUX)
    Role: JKFIT
    Keyword: DF_BASIS_SCF
    atoms 1, 14                                          entry N          line   202 file /home/alia/anaconda3/envs/mddemo/share/psi4/basis/jun-cc-pvdz-jkfit.gbs 
    atoms 2-4, 6, 8-10, 13, 15-17, 19, 21, 23, 25-27, 30 entry H          line    70 file /home/alia/anaconda3/envs/mddemo/share/psi4/basis/jun-cc-pvdz-jkfit.gbs 
    atoms 5, 7, 11, 18, 20, 24, 28                       entry C          line   146 file /home/alia/anaconda3/envs/mddemo/share/psi4/basis/jun-cc-pvdz-jkfit.gbs 
    atoms 12, 22, 29                                     entry O          line   258 file /home/alia/anaconda3/envs/mddemo/share/psi4/basis/jun-cc-pvdz-jkfit.gbs 

  ==> Integral Setup <==

  ==> DiskDFJK: Density-Fitted J/K Matrices <==

    J tasked:                  Yes
    K tasked:                  Yes
    wK tasked:                  No
    OpenMP threads:             32
    Integrals threads:          32
    Memory [MiB]:            57220
    Algorithm:                Core
    Integral Cache:           SAVE
    Schwarz Cutoff:          1E-12
    Fitting Condition:       1E-10

   => Auxiliary Basis Set <=

  Basis Set: (JUN-CC-PVDZ AUX)
    Blend: JUN-CC-PVDZ-JKFIT
    Number of shells: 486
    Number of basis functions: 1362
    Number of Cartesian functions: 1542
    Spherical Harmonics?: true
    Max angular momentum: 3

  Minimum eigenvalue in the overlap matrix is 4.9587083382E-05.
  Reciprocal condition number of the overlap matrix is 4.3446225038E-06.
    Using symmetric orthogonalization.

  ==> Pre-Iterations <==

  SCF Guess: Superposition of Atomic Densities via on-the-fly atomic UHF (no occupation information).

   -------------------------
    Irrep   Nso     Nmo    
   -------------------------
     A        306     306 
   -------------------------
    Total     306     306
   -------------------------

  ==> Iterations <==

                           Total Energy        Delta E     RMS |[F,P]|

   @DF-RHF iter SAD:  -607.51317505261466   -6.07513e+02   0.00000e+00 
   @DF-RHF iter   1:  -607.94763210801716   -4.34457e-01   2.84634e-03 DIIS
   @DF-RHF iter   2:  -608.27335879348425   -3.25727e-01   1.77654e-03 DIIS
   @DF-RHF iter   3:  -608.38434039709750   -1.10982e-01   3.93078e-04 DIIS
   @DF-RHF iter   4:  -608.39298490005888   -8.64450e-03   1.49213e-04 DIIS
   @DF-RHF iter   5:  -608.39425168173852   -1.26678e-03   3.40958e-05 DIIS
   @DF-RHF iter   6:  -608.39437290682815   -1.21225e-04   1.69207e-05 DIIS
   @DF-RHF iter   7:  -608.39440132463619   -2.84178e-05   7.46661e-06 DIIS
   @DF-RHF iter   8:  -608.39440845904994   -7.13441e-06   3.04803e-06 DIIS
   @DF-RHF iter   9:  -608.39440959566889   -1.13662e-06   1.00074e-06 DIIS
   @DF-RHF iter  10:  -608.39440971176896   -1.16100e-07   4.11011e-07 DIIS
   @DF-RHF iter  11:  -608.39440973056639   -1.87974e-08   1.75750e-07 DIIS
   @DF-RHF iter  12:  -608.39440973657258   -6.00619e-09   9.28770e-08 DIIS
   @DF-RHF iter  13:  -608.39440973881756   -2.24497e-09   4.80120e-08 DIIS
   @DF-RHF iter  14:  -608.39440973961439   -7.96831e-10   1.88419e-08 DIIS
   @DF-RHF iter  15:  -608.39440973970704   -9.26548e-11   5.77385e-09 DIIS
  Energy and wave function converged.


  ==> Post-Iterations <==

    Orbital Energies [Eh]
    ---------------------

    Doubly Occupied:                                                      

       1A    -20.826034     2A    -20.802790     3A    -20.786485  
       4A    -16.018514     5A    -15.993437     6A    -11.604620  
       7A    -11.576745     8A    -11.574533     9A    -11.557728  
      10A    -11.538032    11A    -11.499471    12A    -11.457060  
      13A     -1.636950    14A     -1.628328    15A     -1.590523  
      16A     -1.573233    17A     -1.567013    18A     -1.337893  
      19A     -1.306316    20A     -1.227348    21A     -1.171662  
      22A     -1.093439    23A     -1.077805    24A     -1.070309  
      25A     -1.034192    26A     -1.016604    27A     -0.994921  
      28A     -0.982376    29A     -0.968342    30A     -0.964736  
      31A     -0.893083    32A     -0.888725    33A     -0.872720  
      34A     -0.872239    35A     -0.861477    36A     -0.833247  
      37A     -0.823771    38A     -0.814489    39A     -0.805369  
      40A     -0.786305    41A     -0.772237    42A     -0.753385  
      43A     -0.745757    44A     -0.734446    45A     -0.705719  
      46A     -0.685141    47A     -0.685012    48A     -0.652101  

    Virtual:                                                              

      49A     -0.217181    50A     -0.183416    51A     -0.166863  
      52A     -0.152488    53A     -0.141971    54A     -0.135216  
      55A     -0.132186    56A     -0.119686    57A     -0.113906  
      58A     -0.108511    59A     -0.097850    60A     -0.094963  
      61A     -0.089899    62A     -0.085855    63A     -0.082487  
      64A     -0.077352    65A     -0.075611    66A     -0.069942  
      67A     -0.067387    68A     -0.063650    69A     -0.053421  
      70A     -0.049926    71A     -0.042762    72A     -0.035805  
      73A     -0.034973    74A     -0.029465    75A     -0.027788  
      76A     -0.025029    77A     -0.022013    78A     -0.013237  
      79A     -0.011675    80A     -0.005494    81A      0.002638  
      82A      0.004867    83A      0.009562    84A      0.029740  
      85A      0.032749    86A      0.033780    87A      0.040542  
      88A      0.051771    89A      0.055291    90A      0.058056  
      91A      0.069809    92A      0.082115    93A      0.083702  
      94A      0.095145    95A      0.100698    96A      0.102659  
      97A      0.108501    98A      0.113304    99A      0.115333  
     100A      0.124051   101A      0.131726   102A      0.134390  
     103A      0.138560   104A      0.144672   105A      0.150017  
     106A      0.154239   107A      0.159745   108A      0.166975  
     109A      0.174821   110A      0.182979   111A      0.187096  
     112A      0.196034   113A      0.209620   114A      0.215470  
     115A      0.223764   116A      0.228844   117A      0.254854  
     118A      0.258900   119A      0.266564   120A      0.273283  
     121A      0.278828   122A      0.293180   123A      0.315840  
     124A      0.327418   125A      0.364690   126A      0.380228  
     127A      0.444374   128A      0.471325   129A      0.480429  
     130A      0.493033   131A      0.510553   132A      0.528625  
     133A      0.532007   134A      0.543172   135A      0.545908  
     136A      0.550770   137A      0.556304   138A      0.571076  
     139A      0.592552   140A      0.599210   141A      0.614647  
     142A      0.624026   143A      0.632187   144A      0.639973  
     145A      0.650579   146A      0.652760   147A      0.664697  
     148A      0.669443   149A      0.679611   150A      0.688505  
     151A      0.694117   152A      0.711395   153A      0.716557  
     154A      0.726626   155A      0.737272   156A      0.738034  
     157A      0.740738   158A      0.746322   159A      0.758024  
     160A      0.766504   161A      0.780255   162A      0.792236  
     163A      0.800297   164A      0.806880   165A      0.816248  
     166A      0.826557   167A      0.837928   168A      0.856024  
     169A      0.862889   170A      0.875591   171A      0.884364  
     172A      0.912172   173A      0.924826   174A      0.938092  
     175A      0.983442   176A      1.030062   177A      1.045713  
     178A      1.047166   179A      1.096738   180A      1.118689  
     181A      1.145850   182A      1.168152   183A      1.176725  
     184A      1.196948   185A      1.199959   186A      1.214262  
     187A      1.248490   188A      1.252132   189A      1.254846  
     190A      1.274200   191A      1.277784   192A      1.282848  
     193A      1.301366   194A      1.304270   195A      1.305831  
     196A      1.324255   197A      1.337670   198A      1.346357  
     199A      1.355457   200A      1.396873   201A      1.403857  
     202A      1.416891   203A      1.424008   204A      1.444342  
     205A      1.451656   206A      1.453428   207A      1.494947  
     208A      1.506635   209A      1.536984   210A      1.552705  
     211A      1.555448   212A      1.583654   213A      1.586628  
     214A      1.598853   215A      1.617458   216A      1.631425  
     217A      1.643434   218A      1.658494   219A      1.662404  
     220A      1.667046   221A      1.696934   222A      1.712933  
     223A      1.715067   224A      1.725942   225A      1.728924  
     226A      1.729952   227A      1.744214   228A      1.745843  
     229A      1.764283   230A      1.772810   231A      1.774764  
     232A      1.785837   233A      1.789662   234A      1.805262  
     235A      1.820439   236A      1.829111   237A      1.846454  
     238A      1.848312   239A      1.875145   240A      1.886129  
     241A      1.907583   242A      1.919823   243A      1.927938  
     244A      1.949489   245A      1.952440   246A      1.983642  
     247A      1.987218   248A      1.996169   249A      2.006977  
     250A      2.044995   251A      2.058202   252A      2.081315  
     253A      2.090978   254A      2.108852   255A      2.115740  
     256A      2.144852   257A      2.153223   258A      2.180313  
     259A      2.225841   260A      2.234768   261A      2.258152  
     262A      2.265759   263A      2.320252   264A      2.335639  
     265A      2.353238   266A      2.355718   267A      2.369845  
     268A      2.405165   269A      2.416418   270A      2.426876  
     271A      2.442383   272A      2.454071   273A      2.457617  
     274A      2.519668   275A      2.522598   276A      2.561712  
     277A      2.572096   278A      2.592023   279A      2.599671  
     280A      2.635607   281A      2.652147   282A      2.657478  
     283A      2.681293   284A      2.695225   285A      2.719778  
     286A      2.723132   287A      2.730200   288A      2.814473  
     289A      2.850062   290A      2.887548   291A      2.892538  
     292A      2.957344   293A      2.965904   294A      3.027502  
     295A      3.079675   296A      3.102217   297A      3.165853  
     298A      3.181831   299A      3.200365   300A      3.241809  
     301A      3.459409   302A      3.501560   303A      3.518837  
     304A      3.667023   305A      3.768007   306A      3.924970  

    Final Occupation by Irrep:
              A 
    DOCC [    48 ]

  @DF-RHF Final Energy:  -608.39440973970704

   => Energetics <=

    Nuclear Repulsion Energy =            656.8129864615984843
    One-Electron Energy =               -2107.0894658757547404
    Two-Electron Energy =                 841.8820696744492125
    Total Energy =                       -608.3944097397070436

Computation Completed


Properties will be evaluated at   0.000000,   0.000000,   0.000000 [a0]

Properties computed using the SCF density matrix

  Nuclear Dipole Moment: [e a0]
     X:     7.9663      Y:   -10.1012      Z:     8.0067

  Electronic Dipole Moment: [e a0]
     X:    -5.1151      Y:     4.1875      Z:    -7.7187

  Dipole Moment: [e a0]
     X:     2.8512      Y:    -5.9137      Z:     0.2880     Total:     6.5715

  Dipole Moment: [D]
     X:     7.2471      Y:   -15.0312      Z:     0.7319     Total:    16.7031


*** tstop() called on aliaconda at Sun Mar 20 05:45:34 2022
Module time:
	user time   =     331.82 seconds =       5.53 minutes
	system time =      38.88 seconds =       0.65 minutes
	total time  =         15 seconds =       0.25 minutes
Total time:
	user time   =   79267.46 seconds =    1321.12 minutes
	system time =   11054.54 seconds =     184.24 minutes
	total time  =       4917 seconds =      81.95 minutes

  //>>>>>>>>>>>>>>>>>>>>>>>>>>>>>>>>>>>//
  //            Monomer A HF           //
  //<<<<<<<<<<<<<<<<<<<<<<<<<<<<<<<<<<<//


*** tstart() called on aliaconda
*** at Sun Mar 20 05:45:34 2022

   => Loading Basis Set <=

    Name: JUN-CC-PVDZ
    Role: ORBITAL
    Keyword: BASIS
    atoms 1, 14                                          entry N          line   198 file /home/alia/anaconda3/envs/mddemo/share/psi4/basis/jun-cc-pvdz.gbs 
    atoms 2-4, 6, 8-10, 13, 15-17, 19, 21, 23, 25-27, 30 entry H          line    36 file /home/alia/anaconda3/envs/mddemo/share/psi4/basis/jun-cc-pvdz.gbs 
    atoms 5, 7, 11, 18, 20, 24, 28                       entry C          line   164 file /home/alia/anaconda3/envs/mddemo/share/psi4/basis/jun-cc-pvdz.gbs 
    atoms 12, 22, 29                                     entry O          line   232 file /home/alia/anaconda3/envs/mddemo/share/psi4/basis/jun-cc-pvdz.gbs 


         ---------------------------------------------------------
                                   SCF
               by Justin Turney, Rob Parrish, Andy Simmonett
                          and Daniel G. A. Smith
                              RHF Reference
                       32 Threads,  76293 MiB Core
         ---------------------------------------------------------

  ==> Geometry <==

    Molecular point group: c1
    Full point group: C1

    Geometry (in Angstrom), charge = 1, multiplicity = 1:

       Center              X                  Y                   Z               Mass       
    ------------   -----------------  -----------------  -----------------  -----------------
         N            0.481437894953    -5.947295648022    -0.762180924074    14.003074004430
         H           -0.274562147009    -6.285295945568    -1.635181069032     1.007825032230
         H           -0.290561941015    -6.013295632763     0.161818862303     1.007825032230
         H            1.118437978876    -6.714295846386    -0.614181160585     1.007825032230
         C            0.889437887324    -4.580296021862    -0.848180889742    12.000000000000
         H            0.265438291682    -3.848295670910    -0.389181255952     1.007825032230
         C            2.217437955988    -4.560296040936    -0.241181015627    12.000000000000
         H            2.790438148630    -5.421295625134    -0.643180966036     1.007825032230
         H            2.140438053263    -4.742295724316     0.858818889006     1.007825032230
         H            2.822437975062    -3.642295819683    -0.360180973665     1.007825032230
         C            1.150438043726    -4.184295636578    -2.300181030885    12.000000000000
         O            0.824437830103    -4.980295640392    -3.209180950777    15.994914619570
         H            1.616188976420    -3.217620355053    -2.542286038057     1.007825032230
      Gh(N)           0.421437952174     2.466703909473     0.158819079741    14.003074004430
      Gh(H)           0.625437948359     1.290704268055     0.302819133147     1.007825032230
      Gh(H)           0.433438036097     2.512704390125    -1.044180988924     1.007825032230
      Gh(H)           1.240438196314     3.020703810291     0.477818847044     1.007825032230
      Gh(C)          -0.828562047826     3.034703749256     0.578819156035    12.000000000000
      Gh(H)          -1.608561780798     2.256703871326     0.505818724974     1.007825032230
      Gh(C)          -0.825561788427     3.493704336719     2.053819060667    12.000000000000
      Gh(H)          -1.870561864721     3.698704260425     2.384819388731     1.007825032230
      Gh(O)          -0.111562040197     4.759704130726     2.246818900450    15.994914619570
      Gh(H)           0.842437955988     4.722704428272     2.151818633421     1.007825032230
      Gh(C)          -0.264561918127     2.492703932361     3.002819419249    12.000000000000
      Gh(H)           0.849437925471     2.441704290943     2.955818534239     1.007825032230
      Gh(H)          -0.692561891424     1.509704130726     2.732818961485     1.007825032230
      Gh(H)          -0.637562063085     2.737703817921     3.980819106444     1.007825032230
      Gh(C)          -1.485562112676     4.099704283314    -0.294180988924    12.000000000000
      Gh(O)          -2.679561879980     4.101704138355    -0.512180924074    15.994914619570
      Gh(H)          -0.859646585333     4.887683409290    -0.738387703554     1.007825032230

  Running in c1 symmetry.

  Rotational constants: A =      0.03960  B =      0.00458  C =      0.00431 [cm^-1]
  Rotational constants: A =   1187.31767  B =    137.18439  C =    129.16082 [MHz]
  Nuclear repulsion =  190.063826268552134

  Charge       = 1
  Multiplicity = 1
  Electrons    = 40
  Nalpha       = 20
  Nbeta        = 20

  ==> Algorithm <==

  SCF Algorithm Type is DF.
  DIIS enabled.
  MOM disabled.
  Fractional occupation disabled.
  Guess Type is SAD.
  Energy threshold   = 1.00e-08
  Density threshold  = 1.00e-08
  Integral threshold = 1.00e-12

  ==> Primary Basis <==

  Basis Set: JUN-CC-PVDZ
    Blend: JUN-CC-PVDZ
    Number of shells: 150
    Number of basis functions: 306
    Number of Cartesian functions: 318
    Spherical Harmonics?: true
    Max angular momentum: 2

   => Loading Basis Set <=

    Name: (JUN-CC-PVDZ AUX)
    Role: JKFIT
    Keyword: DF_BASIS_SCF
    atoms 1, 14                                          entry N          line   202 file /home/alia/anaconda3/envs/mddemo/share/psi4/basis/jun-cc-pvdz-jkfit.gbs 
    atoms 2-4, 6, 8-10, 13, 15-17, 19, 21, 23, 25-27, 30 entry H          line    70 file /home/alia/anaconda3/envs/mddemo/share/psi4/basis/jun-cc-pvdz-jkfit.gbs 
    atoms 5, 7, 11, 18, 20, 24, 28                       entry C          line   146 file /home/alia/anaconda3/envs/mddemo/share/psi4/basis/jun-cc-pvdz-jkfit.gbs 
    atoms 12, 22, 29                                     entry O          line   258 file /home/alia/anaconda3/envs/mddemo/share/psi4/basis/jun-cc-pvdz-jkfit.gbs 

  ==> Integral Setup <==

  ==> DiskDFJK: Density-Fitted J/K Matrices <==

    J tasked:                  Yes
    K tasked:                  Yes
    wK tasked:                  No
    OpenMP threads:             32
    Integrals threads:          32
    Memory [MiB]:            57220
    Algorithm:                Core
    Integral Cache:           LOAD
    Schwarz Cutoff:          1E-12
    Fitting Condition:       1E-10

   => Auxiliary Basis Set <=

  Basis Set: (JUN-CC-PVDZ AUX)
    Blend: JUN-CC-PVDZ-JKFIT
    Number of shells: 486
    Number of basis functions: 1362
    Number of Cartesian functions: 1542
    Spherical Harmonics?: true
    Max angular momentum: 3

  Minimum eigenvalue in the overlap matrix is 4.9587083382E-05.
  Reciprocal condition number of the overlap matrix is 4.3446225038E-06.
    Using symmetric orthogonalization.

  ==> Pre-Iterations <==

  SCF Guess: Superposition of Atomic Densities via on-the-fly atomic UHF (no occupation information).

   -------------------------
    Irrep   Nso     Nmo    
   -------------------------
     A        306     306 
   -------------------------
    Total     306     306
   -------------------------

  ==> Iterations <==

                           Total Energy        Delta E     RMS |[F,P]|

   @DF-RHF iter SAD:  -246.94508247712872   -2.46945e+02   0.00000e+00 
   @DF-RHF iter   1:  -247.10882010116578   -1.63738e-01   1.78796e-03 DIIS
   @DF-RHF iter   2:  -247.24055221958972   -1.31732e-01   1.09590e-03 DIIS
   @DF-RHF iter   3:  -247.28337512830893   -4.28229e-02   2.54612e-04 DIIS
   @DF-RHF iter   4:  -247.28700898128469   -3.63385e-03   9.57019e-05 DIIS
   @DF-RHF iter   5:  -247.28754385183882   -5.34871e-04   2.03215e-05 DIIS
   @DF-RHF iter   6:  -247.28759550877473   -5.16569e-05   9.28732e-06 DIIS
   @DF-RHF iter   7:  -247.28760487806755   -9.36929e-06   4.61769e-06 DIIS
   @DF-RHF iter   8:  -247.28760765560270   -2.77754e-06   1.62291e-06 DIIS
   @DF-RHF iter   9:  -247.28760800018409   -3.44581e-07   3.42199e-07 DIIS
   @DF-RHF iter  10:  -247.28760801372849   -1.35444e-08   1.07736e-07 DIIS
   @DF-RHF iter  11:  -247.28760801504478   -1.31629e-09   2.65033e-08 DIIS
   @DF-RHF iter  12:  -247.28760801513903   -9.42464e-11   9.94987e-09 DIIS
  Energy and wave function converged.


  ==> Post-Iterations <==

    Orbital Energies [Eh]
    ---------------------

    Doubly Occupied:                                                      

       1A    -20.754302     2A    -15.927867     3A    -11.532835  
       4A    -11.501358     5A    -11.427231     6A     -1.566584  
       7A     -1.505656     8A     -1.266512     9A     -1.100053  
      10A     -1.022398    11A     -0.947405    12A     -0.926649  
      13A     -0.897243    14A     -0.818190    15A     -0.802203  
      16A     -0.752527    17A     -0.732584    18A     -0.714426  
      19A     -0.675792    20A     -0.613443  

    Virtual:                                                              

      21A     -0.117825    22A     -0.079701    23A     -0.072000  
      24A     -0.058493    25A     -0.047419    26A     -0.032968  
      27A     -0.028636    28A     -0.024582    29A     -0.014085  
      30A     -0.012623    31A     -0.002754    32A     -0.001152  
      33A      0.007838    34A      0.013977    35A      0.020163  
      36A      0.026343    37A      0.029896    38A      0.033829  
      39A      0.039127    40A      0.042240    41A      0.047298  
      42A      0.048989    43A      0.055509    44A      0.067450  
      45A      0.071945    46A      0.075844    47A      0.082344  
      48A      0.085984    49A      0.092538    50A      0.095672  
      51A      0.102442    52A      0.112521    53A      0.116387  
      54A      0.119669    55A      0.133660    56A      0.147655  
      57A      0.149153    58A      0.151533    59A      0.154538  
      60A      0.157364    61A      0.160805    62A      0.172980  
      63A      0.174416    64A      0.183945    65A      0.188978  
      66A      0.198427    67A      0.208209    68A      0.209512  
      69A      0.217520    70A      0.225700    71A      0.230764  
      72A      0.236061    73A      0.243663    74A      0.252551  
      75A      0.254667    76A      0.265115    77A      0.276187  
      78A      0.287553    79A      0.296711    80A      0.308783  
      81A      0.322320    82A      0.329059    83A      0.339022  
      84A      0.344228    85A      0.359092    86A      0.367903  
      87A      0.377991    88A      0.393714    89A      0.399894  
      90A      0.436518    91A      0.449256    92A      0.453273  
      93A      0.481806    94A      0.485876    95A      0.507786  
      96A      0.515496    97A      0.539847    98A      0.540847  
      99A      0.553063   100A      0.560475   101A      0.564336  
     102A      0.577421   103A      0.584325   104A      0.597914  
     105A      0.603270   106A      0.607110   107A      0.623518  
     108A      0.645183   109A      0.661590   110A      0.670840  
     111A      0.672909   112A      0.684158   113A      0.701997  
     114A      0.706454   115A      0.723563   116A      0.738326  
     117A      0.741259   118A      0.750002   119A      0.755446  
     120A      0.760095   121A      0.786291   122A      0.803322  
     123A      0.810911   124A      0.813559   125A      0.838697  
     126A      0.845640   127A      0.858021   128A      0.872185  
     129A      0.884149   130A      0.907624   131A      0.920080  
     132A      0.926462   133A      0.934534   134A      0.947521  
     135A      0.954577   136A      0.976145   137A      0.981327  
     138A      1.008941   139A      1.039436   140A      1.101136  
     141A      1.117646   142A      1.128914   143A      1.191476  
     144A      1.219094   145A      1.266116   146A      1.284762  
     147A      1.318769   148A      1.324577   149A      1.351725  
     150A      1.372682   151A      1.415673   152A      1.473433  
     153A      1.495026   154A      1.501985   155A      1.521635  
     156A      1.526401   157A      1.568895   158A      1.577261  
     159A      1.599254   160A      1.610831   161A      1.628450  
     162A      1.649346   163A      1.654950   164A      1.678463  
     165A      1.689962   166A      1.702837   167A      1.715672  
     168A      1.731115   169A      1.732476   170A      1.736290  
     171A      1.744985   172A      1.760532   173A      1.767644  
     174A      1.786847   175A      1.798268   176A      1.802144  
     177A      1.819405   178A      1.834245   179A      1.846079  
     180A      1.854302   181A      1.857284   182A      1.865318  
     183A      1.871274   184A      1.888957   185A      1.891997  
     186A      1.918667   187A      1.928970   188A      1.951234  
     189A      1.956513   190A      1.958048   191A      1.970639  
     192A      1.989690   193A      2.004802   194A      2.012022  
     195A      2.020784   196A      2.040716   197A      2.047009  
     198A      2.053831   199A      2.066245   200A      2.069379  
     201A      2.088891   202A      2.122141   203A      2.140968  
     204A      2.152037   205A      2.153588   206A      2.162482  
     207A      2.168038   208A      2.186922   209A      2.188094  
     210A      2.196235   211A      2.226318   212A      2.258599  
     213A      2.289538   214A      2.296999   215A      2.316358  
     216A      2.333979   217A      2.335888   218A      2.355018  
     219A      2.370769   220A      2.392445   221A      2.402151  
     222A      2.420911   223A      2.424797   224A      2.450866  
     225A      2.456687   226A      2.497560   227A      2.502607  
     228A      2.511995   229A      2.527988   230A      2.554257  
     231A      2.588841   232A      2.590393   233A      2.594590  
     234A      2.614490   235A      2.642939   236A      2.678000  
     237A      2.695039   238A      2.705818   239A      2.717728  
     240A      2.728741   241A      2.743636   242A      2.751444  
     243A      2.782834   244A      2.795704   245A      2.802889  
     246A      2.870174   247A      2.884460   248A      2.912270  
     249A      2.927488   250A      2.955197   251A      2.958151  
     252A      2.986366   253A      2.998125   254A      3.027130  
     255A      3.094015   256A      3.117733   257A      3.169800  
     258A      3.189711   259A      3.269864   260A      3.278269  
     261A      3.354305   262A      3.416756   263A      3.422049  
     264A      3.503006   265A      3.530106   266A      3.534079  
     267A      3.596949   268A      3.626425   269A      3.736196  
     270A      3.737214   271A      3.925103   272A      4.022488  
     273A      4.025496   274A      4.187879   275A      4.211129  
     276A      4.344339   277A      4.406428   278A      4.442317  
     279A      4.533591   280A      4.562684   281A      4.658510  
     282A      4.686132   283A      4.751600   284A      4.807134  
     285A      4.834976   286A      4.921305   287A      4.994977  
     288A      5.028468   289A      5.068979   290A      5.163159  
     291A      5.246363   292A      5.497038   293A      5.556886  
     294A      5.637530   295A      5.657099   296A      5.771841  
     297A      5.906777   298A      6.745257   299A      6.828481  
     300A     18.141226   301A     18.292259   302A     18.470096  
     303A     18.604942   304A     25.317376   305A     33.442850  
     306A     33.466640  

    Final Occupation by Irrep:
              A 
    DOCC [    20 ]

  @DF-RHF Final Energy:  -247.28760801513903

   => Energetics <=

    Nuclear Repulsion Energy =            190.0638262685521340
    One-Electron Energy =                -703.7323533914175187
    Two-Electron Energy =                 266.3809191077263563
    Total Energy =                       -247.2876080151390283

Computation Completed


Properties will be evaluated at   0.000000,   0.000000,   0.000000 [a0]

Properties computed using the SCF density matrix

  Nuclear Dipole Moment: [e a0]
     X:    86.3561      Y:  -380.4160      Z:  -106.7875

  Electronic Dipole Moment: [e a0]
     X:   -85.0523      Y:   370.3988      Z:   106.3074

  Dipole Moment: [e a0]
     X:     1.3039      Y:   -10.0171      Z:    -0.4801     Total:    10.1130

  Dipole Moment: [D]
     X:     3.3141      Y:   -25.4609      Z:    -1.2204     Total:    25.7047


*** tstop() called on aliaconda at Sun Mar 20 05:45:43 2022
Module time:
	user time   =     157.55 seconds =       2.63 minutes
	system time =      13.55 seconds =       0.23 minutes
	total time  =          9 seconds =       0.15 minutes
Total time:
	user time   =   79425.16 seconds =    1323.75 minutes
	system time =   11068.12 seconds =     184.47 minutes
	total time  =       4926 seconds =      82.10 minutes

  //>>>>>>>>>>>>>>>>>>>>>>>>>>>>>>>>>>>//
  //            Monomer B HF           //
  //<<<<<<<<<<<<<<<<<<<<<<<<<<<<<<<<<<<//


*** tstart() called on aliaconda
*** at Sun Mar 20 05:45:43 2022

   => Loading Basis Set <=

    Name: JUN-CC-PVDZ
    Role: ORBITAL
    Keyword: BASIS
    atoms 1, 14                                          entry N          line   198 file /home/alia/anaconda3/envs/mddemo/share/psi4/basis/jun-cc-pvdz.gbs 
    atoms 2-4, 6, 8-10, 13, 15-17, 19, 21, 23, 25-27, 30 entry H          line    36 file /home/alia/anaconda3/envs/mddemo/share/psi4/basis/jun-cc-pvdz.gbs 
    atoms 5, 7, 11, 18, 20, 24, 28                       entry C          line   164 file /home/alia/anaconda3/envs/mddemo/share/psi4/basis/jun-cc-pvdz.gbs 
    atoms 12, 22, 29                                     entry O          line   232 file /home/alia/anaconda3/envs/mddemo/share/psi4/basis/jun-cc-pvdz.gbs 


         ---------------------------------------------------------
                                   SCF
               by Justin Turney, Rob Parrish, Andy Simmonett
                          and Daniel G. A. Smith
                              RHF Reference
                       32 Threads,  76293 MiB Core
         ---------------------------------------------------------

  ==> Geometry <==

    Molecular point group: c1
    Full point group: C1

    Geometry (in Angstrom), charge = 1, multiplicity = 1:

       Center              X                  Y                   Z               Mass       
    ------------   -----------------  -----------------  -----------------  -----------------
      Gh(N)           0.481437894953    -5.947295648022    -0.762180924074    14.003074004430
      Gh(H)          -0.274562147009    -6.285295945568    -1.635181069032     1.007825032230
      Gh(H)          -0.290561941015    -6.013295632763     0.161818862303     1.007825032230
      Gh(H)           1.118437978876    -6.714295846386    -0.614181160585     1.007825032230
      Gh(C)           0.889437887324    -4.580296021862    -0.848180889742    12.000000000000
      Gh(H)           0.265438291682    -3.848295670910    -0.389181255952     1.007825032230
      Gh(C)           2.217437955988    -4.560296040936    -0.241181015627    12.000000000000
      Gh(H)           2.790438148630    -5.421295625134    -0.643180966036     1.007825032230
      Gh(H)           2.140438053263    -4.742295724316     0.858818889006     1.007825032230
      Gh(H)           2.822437975062    -3.642295819683    -0.360180973665     1.007825032230
      Gh(C)           1.150438043726    -4.184295636578    -2.300181030885    12.000000000000
      Gh(O)           0.824437830103    -4.980295640392    -3.209180950777    15.994914619570
      Gh(H)           1.616188976420    -3.217620355053    -2.542286038057     1.007825032230
         N            0.421437952174     2.466703909473     0.158819079741    14.003074004430
         H            0.625437948359     1.290704268055     0.302819133147     1.007825032230
         H            0.433438036097     2.512704390125    -1.044180988924     1.007825032230
         H            1.240438196314     3.020703810291     0.477818847044     1.007825032230
         C           -0.828562047826     3.034703749256     0.578819156035    12.000000000000
         H           -1.608561780798     2.256703871326     0.505818724974     1.007825032230
         C           -0.825561788427     3.493704336719     2.053819060667    12.000000000000
         H           -1.870561864721     3.698704260425     2.384819388731     1.007825032230
         O           -0.111562040197     4.759704130726     2.246818900450    15.994914619570
         H            0.842437955988     4.722704428272     2.151818633421     1.007825032230
         C           -0.264561918127     2.492703932361     3.002819419249    12.000000000000
         H            0.849437925471     2.441704290943     2.955818534239     1.007825032230
         H           -0.692561891424     1.509704130726     2.732818961485     1.007825032230
         H           -0.637562063085     2.737703817921     3.980819106444     1.007825032230
         C           -1.485562112676     4.099704283314    -0.294180988924    12.000000000000
         O           -2.679561879980     4.101704138355    -0.512180924074    15.994914619570
         H           -0.859646585333     4.887683409290    -0.738387703554     1.007825032230

  Running in c1 symmetry.

  Rotational constants: A =      0.03960  B =      0.00458  C =      0.00431 [cm^-1]
  Rotational constants: A =   1187.31767  B =    137.18439  C =    129.16082 [MHz]
  Nuclear repulsion =  329.274907127297581

  Charge       = 1
  Multiplicity = 1
  Electrons    = 56
  Nalpha       = 28
  Nbeta        = 28

  ==> Algorithm <==

  SCF Algorithm Type is DF.
  DIIS enabled.
  MOM disabled.
  Fractional occupation disabled.
  Guess Type is SAD.
  Energy threshold   = 1.00e-08
  Density threshold  = 1.00e-08
  Integral threshold = 1.00e-12

  ==> Primary Basis <==

  Basis Set: JUN-CC-PVDZ
    Blend: JUN-CC-PVDZ
    Number of shells: 150
    Number of basis functions: 306
    Number of Cartesian functions: 318
    Spherical Harmonics?: true
    Max angular momentum: 2

   => Loading Basis Set <=

    Name: (JUN-CC-PVDZ AUX)
    Role: JKFIT
    Keyword: DF_BASIS_SCF
    atoms 1, 14                                          entry N          line   202 file /home/alia/anaconda3/envs/mddemo/share/psi4/basis/jun-cc-pvdz-jkfit.gbs 
    atoms 2-4, 6, 8-10, 13, 15-17, 19, 21, 23, 25-27, 30 entry H          line    70 file /home/alia/anaconda3/envs/mddemo/share/psi4/basis/jun-cc-pvdz-jkfit.gbs 
    atoms 5, 7, 11, 18, 20, 24, 28                       entry C          line   146 file /home/alia/anaconda3/envs/mddemo/share/psi4/basis/jun-cc-pvdz-jkfit.gbs 
    atoms 12, 22, 29                                     entry O          line   258 file /home/alia/anaconda3/envs/mddemo/share/psi4/basis/jun-cc-pvdz-jkfit.gbs 

  ==> Integral Setup <==

  ==> DiskDFJK: Density-Fitted J/K Matrices <==

    J tasked:                  Yes
    K tasked:                  Yes
    wK tasked:                  No
    OpenMP threads:             32
    Integrals threads:          32
    Memory [MiB]:            57220
    Algorithm:                Core
    Integral Cache:           LOAD
    Schwarz Cutoff:          1E-12
    Fitting Condition:       1E-10

   => Auxiliary Basis Set <=

  Basis Set: (JUN-CC-PVDZ AUX)
    Blend: JUN-CC-PVDZ-JKFIT
    Number of shells: 486
    Number of basis functions: 1362
    Number of Cartesian functions: 1542
    Spherical Harmonics?: true
    Max angular momentum: 3

  Minimum eigenvalue in the overlap matrix is 4.9587083382E-05.
  Reciprocal condition number of the overlap matrix is 4.3446225038E-06.
    Using symmetric orthogonalization.

  ==> Pre-Iterations <==

  SCF Guess: Superposition of Atomic Densities via on-the-fly atomic UHF (no occupation information).

   -------------------------
    Irrep   Nso     Nmo    
   -------------------------
     A        306     306 
   -------------------------
    Total     306     306
   -------------------------

  ==> Iterations <==

                           Total Energy        Delta E     RMS |[F,P]|

   @DF-RHF iter SAD:  -360.56806288700301   -3.60568e+02   0.00000e+00 
   @DF-RHF iter   1:  -360.91563364071641   -3.47571e-01   2.19508e-03 DIIS
   @DF-RHF iter   2:  -361.10772580661529   -1.92092e-01   1.35553e-03 DIIS
   @DF-RHF iter   3:  -361.17178494414634   -6.40591e-02   2.93906e-04 DIIS
   @DF-RHF iter   4:  -361.17657964884393   -4.79470e-03   1.10675e-04 DIIS
   @DF-RHF iter   5:  -361.17725807012766   -6.78421e-04   2.59628e-05 DIIS
   @DF-RHF iter   6:  -361.17732021995681   -6.21498e-05   1.23215e-05 DIIS
   @DF-RHF iter   7:  -361.17733500853501   -1.47886e-05   5.11262e-06 DIIS
   @DF-RHF iter   8:  -361.17733835825447   -3.34972e-06   2.12271e-06 DIIS
   @DF-RHF iter   9:  -361.17733895241008   -5.94156e-07   6.35968e-07 DIIS
   @DF-RHF iter  10:  -361.17733901841939   -6.60093e-08   2.40537e-07 DIIS
   @DF-RHF iter  11:  -361.17733903094785   -1.25285e-08   1.18793e-07 DIIS
   @DF-RHF iter  12:  -361.17733903466137   -3.71352e-09   6.41876e-08 DIIS
   @DF-RHF iter  13:  -361.17733903596235   -1.30098e-09   2.83670e-08 DIIS
   @DF-RHF iter  14:  -361.17733903620461   -2.42267e-10   7.58926e-09 DIIS
  Energy and wave function converged.


  ==> Post-Iterations <==

    Orbital Energies [Eh]
    ---------------------

    Doubly Occupied:                                                      

       1A    -20.746353     2A    -20.731334     3A    -15.951730  
       4A    -11.520462     5A    -11.496828     6A    -11.480095  
       7A    -11.396194     8A     -1.571899     9A     -1.530967  
      10A     -1.506558    11A     -1.246046    12A     -1.166982  
      13A     -1.018916    14A     -1.009274    15A     -0.970076  
      16A     -0.918765    17A     -0.904671    18A     -0.834643  
      19A     -0.814553    20A     -0.804234    21A     -0.774864  
      22A     -0.754639    23A     -0.712814    24A     -0.695473  
      25A     -0.677618    26A     -0.648490    27A     -0.628780  
      28A     -0.595297  

    Virtual:                                                              

      29A     -0.138783    30A     -0.088931    31A     -0.076307  
      32A     -0.053623    33A     -0.047721    34A     -0.039687  
      35A     -0.033636    36A     -0.025236    37A     -0.023984  
      38A     -0.016296    39A     -0.012532    40A     -0.006212  
      41A     -0.004151    42A      0.002817    43A      0.008650  
      44A      0.019398    45A      0.026892    46A      0.029989  
      47A      0.035448    48A      0.039474    49A      0.041561  
      50A      0.043931    51A      0.047227    52A      0.053192  
      53A      0.055701    54A      0.060496    55A      0.070282  
      56A      0.081336    57A      0.092759    58A      0.096627  
      59A      0.100427    60A      0.103232    61A      0.112262  
      62A      0.115393    63A      0.123939    64A      0.128476  
      65A      0.137504    66A      0.142668    67A      0.146774  
      68A      0.152069    69A      0.157363    70A      0.163009  
      71A      0.166407    72A      0.171345    73A      0.180281  
      74A      0.187519    75A      0.190356    76A      0.197380  
      77A      0.203214    78A      0.206496    79A      0.216197  
      80A      0.221517    81A      0.232739    82A      0.242305  
      83A      0.244405    84A      0.257536    85A      0.266602  
      86A      0.273143    87A      0.283767    88A      0.288220  
      89A      0.294790    90A      0.310210    91A      0.314337  
      92A      0.324456    93A      0.334944    94A      0.350667  
      95A      0.354248    96A      0.360792    97A      0.374079  
      98A      0.374933    99A      0.383447   100A      0.400220  
     101A      0.422824   102A      0.438521   103A      0.448673  
     104A      0.459507   105A      0.504771   106A      0.529067  
     107A      0.533751   108A      0.550652   109A      0.559681  
     110A      0.571236   111A      0.576875   112A      0.605676  
     113A      0.607196   114A      0.619624   115A      0.624105  
     116A      0.633510   117A      0.642631   118A      0.653407  
     119A      0.674925   120A      0.692522   121A      0.700706  
     122A      0.711530   123A      0.724485   124A      0.735476  
     125A      0.750136   126A      0.759712   127A      0.769057  
     128A      0.776611   129A      0.791292   130A      0.798019  
     131A      0.800749   132A      0.802914   133A      0.821683  
     134A      0.837263   135A      0.842830   136A      0.862778  
     137A      0.869503   138A      0.876675   139A      0.887250  
     140A      0.893921   141A      0.923418   142A      0.925771  
     143A      0.933809   144A      0.973528   145A      0.985800  
     146A      0.987239   147A      1.041764   148A      1.106740  
     149A      1.145511   150A      1.156678   151A      1.204832  
     152A      1.225662   153A      1.236492   154A      1.260435  
     155A      1.311200   156A      1.332276   157A      1.336954  
     158A      1.357683   159A      1.360843   160A      1.383785  
     161A      1.397177   162A      1.413597   163A      1.455632  
     164A      1.475464   165A      1.478381   166A      1.495045  
     167A      1.504836   168A      1.510998   169A      1.532618  
     170A      1.553698   171A      1.564217   172A      1.598534  
     173A      1.613358   174A      1.615275   175A      1.643473  
     176A      1.647140   177A      1.658607   178A      1.678201  
     179A      1.681349   180A      1.686374   181A      1.700453  
     182A      1.704032   183A      1.728255   184A      1.755647  
     185A      1.773012   186A      1.773353   187A      1.785708  
     188A      1.786785   189A      1.790217   190A      1.804045  
     191A      1.834974   192A      1.842516   193A      1.847753  
     194A      1.852871   195A      1.865041   196A      1.887877  
     197A      1.903634   198A      1.905724   199A      1.909422  
     200A      1.934187   201A      1.935813   202A      1.939323  
     203A      1.957617   204A      1.969091   205A      1.985182  
     206A      1.989702   207A      2.010413   208A      2.017891  
     209A      2.029667   210A      2.043907   211A      2.046438  
     212A      2.066533   213A      2.070993   214A      2.094729  
     215A      2.106324   216A      2.115612   217A      2.119639  
     218A      2.152972   219A      2.169471   220A      2.178223  
     221A      2.204375   222A      2.207556   223A      2.213198  
     224A      2.230459   225A      2.240951   226A      2.253951  
     227A      2.294980   228A      2.315340   229A      2.322285  
     230A      2.333450   231A      2.382403   232A      2.396065  
     233A      2.406144   234A      2.418029   235A      2.428435  
     236A      2.441633   237A      2.466263   238A      2.476383  
     239A      2.481911   240A      2.514724   241A      2.544837  
     242A      2.563820   243A      2.578310   244A      2.586636  
     245A      2.623843   246A      2.647015   247A      2.653675  
     248A      2.655662   249A      2.660031   250A      2.683048  
     251A      2.712558   252A      2.756130   253A      2.761640  
     254A      2.779342   255A      2.785496   256A      2.789433  
     257A      2.843067   258A      2.902203   259A      2.906689  
     260A      2.925364   261A      2.953620   262A      2.956519  
     263A      3.026033   264A      3.090296   265A      3.108951  
     266A      3.121044   267A      3.135658   268A      3.178868  
     269A      3.221034   270A      3.232359   271A      3.237300  
     272A      3.297930   273A      3.337677   274A      3.415182  
     275A      3.523738   276A      3.556618   277A      3.559144  
     278A      3.574864   279A      3.696829   280A      3.809752  
     281A      3.823719   282A      3.929979   283A      3.979474  
     284A      4.039511   285A      4.145888   286A      4.163525  
     287A      4.343134   288A      4.505993   289A      4.605563  
     290A      4.659443   291A      4.796971   292A      4.844950  
     293A      4.852287   294A      4.941992   295A      5.125816  
     296A      5.221045   297A      5.434542   298A      5.532366  
     299A      5.701228   300A      5.866846   301A      6.535305  
     302A     18.150238   303A     18.356867   304A     18.595444  
     305A     25.334311   306A     33.419921  

    Final Occupation by Irrep:
              A 
    DOCC [    28 ]

  @DF-RHF Final Energy:  -361.17733903620461

   => Energetics <=

    Nuclear Repulsion Energy =            329.2749071272975812
    One-Electron Energy =               -1134.6873786918454243
    Two-Electron Energy =                 444.2351325283431720
    Total Energy =                       -361.1773390362046143

Computation Completed


Properties will be evaluated at   0.000000,   0.000000,   0.000000 [a0]

Properties computed using the SCF density matrix

  Nuclear Dipole Moment: [e a0]
     X:   -78.3898      Y:   370.3147      Z:   114.7942

  Electronic Dipole Moment: [e a0]
     X:    79.9906      Y:  -366.2010      Z:  -114.0082

  Dipole Moment: [e a0]
     X:     1.6007      Y:     4.1137      Z:     0.7860     Total:     4.4836

  Dipole Moment: [D]
     X:     4.0686      Y:    10.4560      Z:     1.9978     Total:    11.3962


*** tstop() called on aliaconda at Sun Mar 20 05:45:53 2022
Module time:
	user time   =     222.69 seconds =       3.71 minutes
	system time =      24.76 seconds =       0.41 minutes
	total time  =         10 seconds =       0.17 minutes
Total time:
	user time   =   79648.00 seconds =    1327.47 minutes
	system time =   11092.91 seconds =     184.88 minutes
	total time  =       4936 seconds =      82.27 minutes
  Constructing Basis Sets for SAPT...

   => Loading Basis Set <=

    Name: (JUN-CC-PVDZ AUX)
    Role: RIFIT
    Keyword: DF_BASIS_SAPT
    atoms 1, 14                                          entry N          line   144 file /home/alia/anaconda3/envs/mddemo/share/psi4/basis/jun-cc-pvdz-ri.gbs 
    atoms 2-4, 6, 8-10, 13, 15-17, 19, 21, 23, 25-27, 30 entry H          line    30 file /home/alia/anaconda3/envs/mddemo/share/psi4/basis/jun-cc-pvdz-ri.gbs 
    atoms 5, 7, 11, 18, 20, 24, 28                       entry C          line   100 file /home/alia/anaconda3/envs/mddemo/share/psi4/basis/jun-cc-pvdz-ri.gbs 
    atoms 12, 22, 29                                     entry O          line   188 file /home/alia/anaconda3/envs/mddemo/share/psi4/basis/jun-cc-pvdz-ri.gbs 


  //>>>>>>>>>>>>>>>>>>>>>>>>>>>>>>>>>>>//
  //               SAPT0               //
  //<<<<<<<<<<<<<<<<<<<<<<<<<<<<<<<<<<<//


*** tstart() called on aliaconda
*** at Sun Mar 20 05:45:53 2022

        SAPT0  
    Ed Hohenstein
     6 June 2009

      Orbital Information
  --------------------------
    NSO        =       306
    NMO        =       306
    NRI        =      1032
    NOCC A     =        20
    NOCC B     =        28
    FOCC A     =         0
    FOCC B     =         0
    NVIR A     =       286
    NVIR B     =       278

    Elst10,r            =     0.071523951518 [Eh]
    Exch10              =    -0.000000033966 [Eh]
    Exch10 (S^2)        =    -0.000000033966 [Eh]

    Iter     Energy [mEh]          dE [mEh]         Residual      Time [s]
       1      -0.55313649       0.553136487       7.405920024             0
       2      -0.53012979      -0.023006695       2.232977409             1
       3      -0.57080268       0.040672887       0.883013100             2
       4      -0.58318613       0.012383447       0.268431639             2
       5      -0.58143372      -0.001752410       0.154170324             3
       6      -0.58017831      -0.001255407       0.040110516             3
       7      -0.58047514       0.000296834       0.013279709             4
       8      -0.58053699       0.000061850       0.004787483             4
       9      -0.58051431      -0.000022681       0.002825542             5
      10      -0.58050707      -0.000007239       0.001021429             5
      11      -0.58051315       0.000006080       0.000311180             6
      12      -0.58051326       0.000000110       0.000086862             6
      13      -0.58051285      -0.000000409       0.000023016             7
      14      -0.58051284      -0.000000018       0.000006939             8
      15      -0.58051287       0.000000032       0.000002037             8
      16      -0.58051286      -0.000000005       0.000000878             9

    CHF Iterations converged


    Iter     Energy [mEh]          dE [mEh]         Residual      Time [s]
       1      -0.37555810       0.375558101       4.419669174             0
       2      -0.39176363       0.016205530       1.897167416             1
       3      -0.42094905       0.029185417       0.627769095             1
       4      -0.42625191       0.005302861       0.155538489             2
       5      -0.42530966      -0.000942254       0.091062257             2
       6      -0.42470771      -0.000601950       0.028736526             3
       7      -0.42479678       0.000089072       0.014517594             3
       8      -0.42488602       0.000089241       0.004932763             4
       9      -0.42486722      -0.000018797       0.002543349             5
      10      -0.42485774      -0.000009482       0.001103771             5
      11      -0.42486241       0.000004669       0.000474759             6
      12      -0.42486320       0.000000791       0.000145739             6
      13      -0.42486262      -0.000000578       0.000044210             7
      14      -0.42486255      -0.000000071       0.000013773             7
      15      -0.42486259       0.000000036       0.000004312             8
      16      -0.42486259       0.000000009       0.000001152             8
      17      -0.42486259      -0.000000003       0.000000387             9

    CHF Iterations converged

    Ind20,r (A<-B)      =    -0.000580512862 [Eh]
    Ind20,r (B<-A)      =    -0.000424862592 [Eh]
    Ind20,r             =    -0.001005375455 [Eh]
    Exch-Ind20,r (A<-B) =     0.000000006502 [Eh]
    Exch-Ind20,r (B<-A) =     0.000000012977 [Eh]
    Exch-Ind20,r        =     0.000000019480 [Eh]
    Disp20              =    -0.000094187657 [Eh]
    Disp20 (SS)         =    -0.000047093828 [Eh]
    Disp20 (OS)         =    -0.000047093828 [Eh]
    Exch-Disp20         =     0.000000006433 [Eh]
    Exch-Disp20 (SS)    =     0.000000004669 [Eh]
    Exch-Disp20 (OS)    =     0.000000001764 [Eh]

    SAPT Results 
  --------------------------------------------------------------------------------------------------------
    Electrostatics                 71.52395152 [mEh]      44.88195718 [kcal/mol]     187.78610884 [kJ/mol]
      Elst10,r                     71.52395152 [mEh]      44.88195718 [kcal/mol]     187.78610884 [kJ/mol]

    Exchange                       -0.00003397 [mEh]      -0.00002131 [kcal/mol]      -0.00008918 [kJ/mol]
      Exch10                       -0.00003397 [mEh]      -0.00002131 [kcal/mol]      -0.00008918 [kJ/mol]
      Exch10(S^2)                  -0.00003397 [mEh]      -0.00002131 [kcal/mol]      -0.00008918 [kJ/mol]

    Induction                      -0.98660592 [mEh]      -0.61910456 [kcal/mol]      -2.59033347 [kJ/mol]
      Ind20,r                      -1.00537545 [mEh]      -0.63088262 [kcal/mol]      -2.63961289 [kJ/mol]
      Exch-Ind20,r                  0.00001948 [mEh]       0.00001222 [kcal/mol]       0.00005114 [kJ/mol]
      delta HF,r (2)                0.01875006 [mEh]       0.01176584 [kcal/mol]       0.04922828 [kJ/mol]

    Dispersion                     -0.09418122 [mEh]      -0.05909961 [kcal/mol]      -0.24727277 [kJ/mol]
      Disp20                       -0.09418766 [mEh]      -0.05910365 [kcal/mol]      -0.24728966 [kJ/mol]
      Exch-Disp20                   0.00000643 [mEh]       0.00000404 [kcal/mol]       0.00001689 [kJ/mol]
      Disp20 (SS)                  -0.04709383 [mEh]      -0.02955182 [kcal/mol]      -0.12364483 [kJ/mol]
      Disp20 (OS)                  -0.04709383 [mEh]      -0.02955182 [kcal/mol]      -0.12364483 [kJ/mol]
      Exch-Disp20 (SS)              0.00000467 [mEh]       0.00000293 [kcal/mol]       0.00001226 [kJ/mol]
      Exch-Disp20 (OS)              0.00000176 [mEh]       0.00000111 [kcal/mol]       0.00000463 [kJ/mol]

  Total HF                         70.53731164 [mEh]      44.26283131 [kcal/mol]     185.19568619 [kJ/mol]
  Total SAPT0                      70.44313041 [mEh]      44.20373170 [kcal/mol]     184.94841342 [kJ/mol]

  Special recipe for scaled SAPT0 (see Manual):
    Electrostatics sSAPT0          71.52395152 [mEh]      44.88195718 [kcal/mol]     187.78610884 [kJ/mol]
    Exchange sSAPT0                -0.00003397 [mEh]      -0.00002131 [kcal/mol]      -0.00008918 [kJ/mol]
    Induction sSAPT0               -0.98660592 [mEh]      -0.61910456 [kcal/mol]      -2.59033347 [kJ/mol]
    Dispersion sSAPT0              -0.09418122 [mEh]      -0.05909961 [kcal/mol]      -0.24727277 [kJ/mol]
  Total sSAPT0                     70.44313041 [mEh]      44.20373170 [kcal/mol]     184.94841342 [kJ/mol]
  --------------------------------------------------------------------------------------------------------

*** tstop() called on aliaconda at Sun Mar 20 05:46:42 2022
Module time:
	user time   =     683.05 seconds =      11.38 minutes
	system time =     114.69 seconds =       1.91 minutes
	total time  =         49 seconds =       0.82 minutes
Total time:
	user time   =   80333.68 seconds =    1338.89 minutes
	system time =   11208.03 seconds =     186.80 minutes
	total time  =       4985 seconds =      83.08 minutes


Warning! sapt0 does not have an associated derived wavefunction.The returned wavefunction is the dimer SCF wavefunction.


  Memory set to  74.506 GiB by Python driver.
  Threads set to 32 by Python driver.
