
Scratch directory: /tmp/

Scratch directory: /tmp/

  //>>>>>>>>>>>>>>>>>>>>>>>>>>>>>>>>>>>//
  //              Dimer HF             //
  //<<<<<<<<<<<<<<<<<<<<<<<<<<<<<<<<<<<//


*** tstart() called on aliaconda
*** at Sun Mar 20 05:16:00 2022

   => Loading Basis Set <=

    Name: JUN-CC-PVDZ
    Role: ORBITAL
    Keyword: BASIS
    atoms 1, 14                                          entry N          line   198 file /home/alia/anaconda3/envs/mddemo/share/psi4/basis/jun-cc-pvdz.gbs 
    atoms 2-4, 6, 8-10, 13, 15-17, 19, 21, 23, 25-27, 30 entry H          line    36 file /home/alia/anaconda3/envs/mddemo/share/psi4/basis/jun-cc-pvdz.gbs 
    atoms 5, 7, 11, 18, 20, 24, 28                       entry C          line   164 file /home/alia/anaconda3/envs/mddemo/share/psi4/basis/jun-cc-pvdz.gbs 
    atoms 12, 22, 29                                     entry O          line   232 file /home/alia/anaconda3/envs/mddemo/share/psi4/basis/jun-cc-pvdz.gbs 


         ---------------------------------------------------------
                                   SCF
               by Justin Turney, Rob Parrish, Andy Simmonett
                          and Daniel G. A. Smith
                              RHF Reference
                       32 Threads,  76293 MiB Core
         ---------------------------------------------------------

  ==> Geometry <==

    Molecular point group: c1
    Full point group: C1

    Geometry (in Angstrom), charge = 2, multiplicity = 1:

       Center              X                  Y                   Z               Mass       
    ------------   -----------------  -----------------  -----------------  -----------------
         N            0.521873727055    -5.610457770374    -1.114350402831    14.003074004430
         H           -0.402126536159    -5.899457804706    -1.824350440978     1.007825032230
         H           -0.039126143245    -5.563457839038    -0.052350605010     1.007825032230
         H            1.190873875829    -6.427457682636    -1.105350578307     1.007825032230
         C            1.148873582097    -4.288457743671    -1.439350212096    12.000000000000
         H            0.799873604985    -3.511457793262    -0.840350234984     1.007825032230
         C            2.627873673650    -4.469457499530    -1.070350254057    12.000000000000
         H            3.259873643132    -4.970457427051    -1.823350513457     1.007825032230
         H            2.698873772832    -5.094457499530    -0.095350349425     1.007825032230
         H            3.080873742314    -3.508457533863    -0.775350177764     1.007825032230
         C            1.096873536321    -3.852457396534    -2.860350454329    12.000000000000
         O            0.320873513432    -4.430457465198    -3.625350320815    15.994914619570
         H            1.736013665410    -3.033034197834    -3.220968568801     1.007825032230
         N            0.402873769017     2.233542092297     0.457649623872    14.003074004430
         H            0.616873517247     1.053542740796     0.539649402620     1.007825032230
         H            0.394873872014     2.336542733166    -0.742350185393     1.007825032230
         H            1.258873715611     2.764542229626     0.777649795534     1.007825032230
         C           -0.848126158504     2.775542862866     0.916649734498    12.000000000000
         H           -1.526126131801     1.932542450879     0.850649749757     1.007825032230
         C           -0.906126246242     3.291542656872     2.402649795534    12.000000000000
         H           -1.957126364497     3.493542321179     2.708649551393     1.007825032230
         O           -0.049126372127     4.443542130444     2.655650054933    15.994914619570
         H            0.872873559209     4.302542336438     2.301649963380     1.007825032230
         C           -0.501126513271     2.160542138073     3.357649719240    12.000000000000
         H            0.407873883458     1.686542160962     2.997650062562     1.007825032230
         H           -1.265126452235     1.420542366955     3.525649940492     1.007825032230
         H           -0.269126162318     2.701542504284     4.348649894716     1.007825032230
         C           -1.398126349239     3.915542252514     0.071649467470    12.000000000000
         O           -2.634126410274     4.032542832348     0.064649497987    15.994914619570
         H           -0.742791876582     4.592263825390    -0.496316040038     1.007825032230

  Running in c1 symmetry.

  Rotational constants: A =      0.03869  B =      0.00476  C =      0.00449 [cm^-1]
  Rotational constants: A =   1159.99916  B =    142.57249  C =    134.50929 [MHz]
  Nuclear repulsion =  655.216739921950648

  Charge       = 2
  Multiplicity = 1
  Electrons    = 96
  Nalpha       = 48
  Nbeta        = 48

  ==> Algorithm <==

  SCF Algorithm Type is DF.
  DIIS enabled.
  MOM disabled.
  Fractional occupation disabled.
  Guess Type is SAD.
  Energy threshold   = 1.00e-08
  Density threshold  = 1.00e-08
  Integral threshold = 1.00e-12

  ==> Primary Basis <==

  Basis Set: JUN-CC-PVDZ
    Blend: JUN-CC-PVDZ
    Number of shells: 150
    Number of basis functions: 306
    Number of Cartesian functions: 318
    Spherical Harmonics?: true
    Max angular momentum: 2

   => Loading Basis Set <=

    Name: (JUN-CC-PVDZ AUX)
    Role: JKFIT
    Keyword: DF_BASIS_SCF
    atoms 1, 14                                          entry N          line   202 file /home/alia/anaconda3/envs/mddemo/share/psi4/basis/jun-cc-pvdz-jkfit.gbs 
    atoms 2-4, 6, 8-10, 13, 15-17, 19, 21, 23, 25-27, 30 entry H          line    70 file /home/alia/anaconda3/envs/mddemo/share/psi4/basis/jun-cc-pvdz-jkfit.gbs 
    atoms 5, 7, 11, 18, 20, 24, 28                       entry C          line   146 file /home/alia/anaconda3/envs/mddemo/share/psi4/basis/jun-cc-pvdz-jkfit.gbs 
    atoms 12, 22, 29                                     entry O          line   258 file /home/alia/anaconda3/envs/mddemo/share/psi4/basis/jun-cc-pvdz-jkfit.gbs 

  ==> Integral Setup <==

  ==> DiskDFJK: Density-Fitted J/K Matrices <==

    J tasked:                  Yes
    K tasked:                  Yes
    wK tasked:                  No
    OpenMP threads:             32
    Integrals threads:          32
    Memory [MiB]:            57220
    Algorithm:                Core
    Integral Cache:           SAVE
    Schwarz Cutoff:          1E-12
    Fitting Condition:       1E-10

   => Auxiliary Basis Set <=

  Basis Set: (JUN-CC-PVDZ AUX)
    Blend: JUN-CC-PVDZ-JKFIT
    Number of shells: 486
    Number of basis functions: 1362
    Number of Cartesian functions: 1542
    Spherical Harmonics?: true
    Max angular momentum: 3

  Minimum eigenvalue in the overlap matrix is 5.8245065998E-05.
  Reciprocal condition number of the overlap matrix is 5.1005412775E-06.
    Using symmetric orthogonalization.

  ==> Pre-Iterations <==

  SCF Guess: Superposition of Atomic Densities via on-the-fly atomic UHF (no occupation information).

   -------------------------
    Irrep   Nso     Nmo    
   -------------------------
     A        306     306 
   -------------------------
    Total     306     306
   -------------------------

  ==> Iterations <==

                           Total Energy        Delta E     RMS |[F,P]|

   @DF-RHF iter SAD:  -607.10821894656453   -6.07108e+02   0.00000e+00 
   @DF-RHF iter   1:  -607.93545340067908   -8.27234e-01   2.83416e-03 DIIS
   @DF-RHF iter   2:  -608.25474919528187   -3.19296e-01   1.84461e-03 DIIS
   @DF-RHF iter   3:  -608.37420281897550   -1.19454e-01   4.05079e-04 DIIS
   @DF-RHF iter   4:  -608.38347389299929   -9.27107e-03   1.47976e-04 DIIS
   @DF-RHF iter   5:  -608.38478094207881   -1.30705e-03   3.58063e-05 DIIS
   @DF-RHF iter   6:  -608.38490945295416   -1.28511e-04   1.80761e-05 DIIS
   @DF-RHF iter   7:  -608.38494018951246   -3.07366e-05   8.38005e-06 DIIS
   @DF-RHF iter   8:  -608.38494799890225   -7.80939e-06   3.45277e-06 DIIS
   @DF-RHF iter   9:  -608.38494936877737   -1.36988e-06   1.34131e-06 DIIS
   @DF-RHF iter  10:  -608.38494954300518   -1.74228e-07   3.68768e-07 DIIS
   @DF-RHF iter  11:  -608.38494955651788   -1.35127e-08   1.29109e-07 DIIS
   @DF-RHF iter  12:  -608.38494955863803   -2.12015e-09   5.01962e-08 DIIS
   @DF-RHF iter  13:  -608.38494955908197   -4.43947e-10   2.58324e-08 DIIS
   @DF-RHF iter  14:  -608.38494955926205   -1.80080e-10   1.39594e-08 DIIS
   @DF-RHF iter  15:  -608.38494955932583   -6.37783e-11   5.99456e-09 DIIS
  Energy and wave function converged.


  ==> Post-Iterations <==

    Orbital Energies [Eh]
    ---------------------

    Doubly Occupied:                                                      

       1A    -20.823778     2A    -20.802311     3A    -20.801740  
       4A    -16.022765     5A    -15.998459     6A    -11.601703  
       7A    -11.584216     8A    -11.578947     9A    -11.563141  
      10A    -11.541058    11A    -11.507656    12A    -11.450212  
      13A     -1.643700    14A     -1.615483    15A     -1.588550  
      16A     -1.568957    17A     -1.548202    18A     -1.326890  
      19A     -1.298386    20A     -1.215787    21A     -1.169304  
      22A     -1.082416    23A     -1.079517    24A     -1.070671  
      25A     -1.031693    26A     -1.008770    27A     -0.988277  
      28A     -0.982472    29A     -0.961435    30A     -0.949966  
      31A     -0.899423    32A     -0.891837    33A     -0.880800  
      34A     -0.871751    35A     -0.854147    36A     -0.837424  
      37A     -0.820776    38A     -0.818442    39A     -0.798360  
      40A     -0.787408    41A     -0.759252    42A     -0.746257  
      43A     -0.746180    44A     -0.728697    45A     -0.706794  
      46A     -0.687381    47A     -0.680080    48A     -0.652572  

    Virtual:                                                              

      49A     -0.222288    50A     -0.188676    51A     -0.169286  
      52A     -0.156418    53A     -0.142037    54A     -0.139769  
      55A     -0.129739    56A     -0.122472    57A     -0.114838  
      58A     -0.107002    59A     -0.098496    60A     -0.096602  
      61A     -0.093189    62A     -0.086454    63A     -0.084222  
      64A     -0.076522    65A     -0.074574    66A     -0.072252  
      67A     -0.072064    68A     -0.064483    69A     -0.055308  
      70A     -0.049908    71A     -0.045054    72A     -0.039142  
      73A     -0.037007    74A     -0.031415    75A     -0.029920  
      76A     -0.026700    77A     -0.024285    78A     -0.015463  
      79A     -0.011157    80A     -0.006736    81A      0.002257  
      82A      0.004098    83A      0.012875    84A      0.019523  
      85A      0.029684    86A      0.029877    87A      0.039298  
      88A      0.046338    89A      0.053105    90A      0.060476  
      91A      0.067914    92A      0.078764    93A      0.086246  
      94A      0.090334    95A      0.095618    96A      0.101159  
      97A      0.107106    98A      0.109204    99A      0.114552  
     100A      0.118216   101A      0.124905   102A      0.134081  
     103A      0.138642   104A      0.141581   105A      0.151936  
     106A      0.154188   107A      0.162097   108A      0.165212  
     109A      0.170852   110A      0.183551   111A      0.192255  
     112A      0.204106   113A      0.205868   114A      0.214444  
     115A      0.219409   116A      0.224792   117A      0.231541  
     118A      0.251027   119A      0.259143   120A      0.269553  
     121A      0.277848   122A      0.294513   123A      0.313119  
     124A      0.331594   125A      0.352185   126A      0.359003  
     127A      0.439098   128A      0.480824   129A      0.483388  
     130A      0.500183   131A      0.507975   132A      0.522752  
     133A      0.538198   134A      0.540422   135A      0.548153  
     136A      0.554908   137A      0.566259   138A      0.574280  
     139A      0.583128   140A      0.598911   141A      0.615446  
     142A      0.618037   143A      0.625559   144A      0.627855  
     145A      0.644480   146A      0.651602   147A      0.656992  
     148A      0.662590   149A      0.668286   150A      0.677902  
     151A      0.685096   152A      0.700623   153A      0.706543  
     154A      0.712169   155A      0.714848   156A      0.730075  
     157A      0.733683   158A      0.744590   159A      0.758220  
     160A      0.764191   161A      0.769689   162A      0.781188  
     163A      0.793586   164A      0.806328   165A      0.817411  
     166A      0.828441   167A      0.835295   168A      0.843818  
     169A      0.857249   170A      0.863207   171A      0.870846  
     172A      0.896308   173A      0.928399   174A      0.941726  
     175A      0.980324   176A      0.996420   177A      1.017475  
     178A      1.051514   179A      1.077989   180A      1.133903  
     181A      1.147776   182A      1.172162   183A      1.180542  
     184A      1.195010   185A      1.203209   186A      1.233733  
     187A      1.234292   188A      1.247479   189A      1.258435  
     190A      1.271726   191A      1.281041   192A      1.283964  
     193A      1.291315   194A      1.293117   195A      1.299768  
     196A      1.316151   197A      1.317629   198A      1.331836  
     199A      1.359036   200A      1.359805   201A      1.406112  
     202A      1.414989   203A      1.416009   204A      1.426803  
     205A      1.451131   206A      1.470861   207A      1.481594  
     208A      1.524323   209A      1.537650   210A      1.548676  
     211A      1.561376   212A      1.567357   213A      1.568993  
     214A      1.601817   215A      1.609724   216A      1.615562  
     217A      1.634686   218A      1.653829   219A      1.660405  
     220A      1.661977   221A      1.662581   222A      1.684083  
     223A      1.694564   224A      1.695268   225A      1.704124  
     226A      1.716556   227A      1.731116   228A      1.739042  
     229A      1.744248   230A      1.752459   231A      1.766462  
     232A      1.790674   233A      1.793090   234A      1.794049  
     235A      1.801891   236A      1.819458   237A      1.825825  
     238A      1.845906   239A      1.856752   240A      1.874150  
     241A      1.885286   242A      1.888205   243A      1.918468  
     244A      1.944395   245A      1.960194   246A      1.965087  
     247A      1.980655   248A      1.995049   249A      2.007590  
     250A      2.020539   251A      2.024280   252A      2.049984  
     253A      2.075094   254A      2.092273   255A      2.106812  
     256A      2.129415   257A      2.130444   258A      2.154740  
     259A      2.156687   260A      2.196456   261A      2.197913  
     262A      2.234866   263A      2.284429   264A      2.305858  
     265A      2.346539   266A      2.360448   267A      2.370968  
     268A      2.378146   269A      2.397028   270A      2.406194  
     271A      2.428265   272A      2.433543   273A      2.450249  
     274A      2.487244   275A      2.521145   276A      2.538304  
     277A      2.542950   278A      2.591432   279A      2.605057  
     280A      2.613290   281A      2.617372   282A      2.654225  
     283A      2.670510   284A      2.673019   285A      2.688254  
     286A      2.727073   287A      2.727457   288A      2.809429  
     289A      2.831558   290A      2.882667   291A      2.893087  
     292A      2.957912   293A      2.960607   294A      2.981501  
     295A      3.010808   296A      3.049255   297A      3.152830  
     298A      3.193673   299A      3.202134   300A      3.218605  
     301A      3.456096   302A      3.493841   303A      3.515818  
     304A      3.694550   305A      3.722997   306A      3.860449  

    Final Occupation by Irrep:
              A 
    DOCC [    48 ]

  @DF-RHF Final Energy:  -608.38494955932583

   => Energetics <=

    Nuclear Repulsion Energy =            655.2167399219506478
    One-Electron Energy =               -2104.0552837649120193
    Two-Electron Energy =                 840.4535942836355389
    Total Energy =                       -608.3849495593258325

Computation Completed


Properties will be evaluated at   0.000000,   0.000000,   0.000000 [a0]

Properties computed using the SCF density matrix

  Nuclear Dipole Moment: [e a0]
     X:     9.4696      Y:   -10.9617      Z:     6.6293

  Electronic Dipole Moment: [e a0]
     X:    -6.0005      Y:     5.0048      Z:    -7.0101

  Dipole Moment: [e a0]
     X:     3.4691      Y:    -5.9570      Z:    -0.3807     Total:     6.9040

  Dipole Moment: [D]
     X:     8.8175      Y:   -15.1411      Z:    -0.9678     Total:    17.5482


*** tstop() called on aliaconda at Sun Mar 20 05:16:15 2022
Module time:
	user time   =     326.21 seconds =       5.44 minutes
	system time =      38.35 seconds =       0.64 minutes
	total time  =         15 seconds =       0.25 minutes
Total time:
	user time   =   49445.44 seconds =     824.09 minutes
	system time =    6834.51 seconds =     113.91 minutes
	total time  =       3158 seconds =      52.63 minutes

  //>>>>>>>>>>>>>>>>>>>>>>>>>>>>>>>>>>>//
  //            Monomer A HF           //
  //<<<<<<<<<<<<<<<<<<<<<<<<<<<<<<<<<<<//


*** tstart() called on aliaconda
*** at Sun Mar 20 05:16:15 2022

   => Loading Basis Set <=

    Name: JUN-CC-PVDZ
    Role: ORBITAL
    Keyword: BASIS
    atoms 1, 14                                          entry N          line   198 file /home/alia/anaconda3/envs/mddemo/share/psi4/basis/jun-cc-pvdz.gbs 
    atoms 2-4, 6, 8-10, 13, 15-17, 19, 21, 23, 25-27, 30 entry H          line    36 file /home/alia/anaconda3/envs/mddemo/share/psi4/basis/jun-cc-pvdz.gbs 
    atoms 5, 7, 11, 18, 20, 24, 28                       entry C          line   164 file /home/alia/anaconda3/envs/mddemo/share/psi4/basis/jun-cc-pvdz.gbs 
    atoms 12, 22, 29                                     entry O          line   232 file /home/alia/anaconda3/envs/mddemo/share/psi4/basis/jun-cc-pvdz.gbs 


         ---------------------------------------------------------
                                   SCF
               by Justin Turney, Rob Parrish, Andy Simmonett
                          and Daniel G. A. Smith
                              RHF Reference
                       32 Threads,  76293 MiB Core
         ---------------------------------------------------------

  ==> Geometry <==

    Molecular point group: c1
    Full point group: C1

    Geometry (in Angstrom), charge = 1, multiplicity = 1:

       Center              X                  Y                   Z               Mass       
    ------------   -----------------  -----------------  -----------------  -----------------
         N            0.521873727055    -5.610457770374    -1.114350402831    14.003074004430
         H           -0.402126536159    -5.899457804706    -1.824350440978     1.007825032230
         H           -0.039126143245    -5.563457839038    -0.052350605010     1.007825032230
         H            1.190873875829    -6.427457682636    -1.105350578307     1.007825032230
         C            1.148873582097    -4.288457743671    -1.439350212096    12.000000000000
         H            0.799873604985    -3.511457793262    -0.840350234984     1.007825032230
         C            2.627873673650    -4.469457499530    -1.070350254057    12.000000000000
         H            3.259873643132    -4.970457427051    -1.823350513457     1.007825032230
         H            2.698873772832    -5.094457499530    -0.095350349425     1.007825032230
         H            3.080873742314    -3.508457533863    -0.775350177764     1.007825032230
         C            1.096873536321    -3.852457396534    -2.860350454329    12.000000000000
         O            0.320873513432    -4.430457465198    -3.625350320815    15.994914619570
         H            1.736013665410    -3.033034197834    -3.220968568801     1.007825032230
      Gh(N)           0.402873769017     2.233542092297     0.457649623872    14.003074004430
      Gh(H)           0.616873517247     1.053542740796     0.539649402620     1.007825032230
      Gh(H)           0.394873872014     2.336542733166    -0.742350185393     1.007825032230
      Gh(H)           1.258873715611     2.764542229626     0.777649795534     1.007825032230
      Gh(C)          -0.848126158504     2.775542862866     0.916649734498    12.000000000000
      Gh(H)          -1.526126131801     1.932542450879     0.850649749757     1.007825032230
      Gh(C)          -0.906126246242     3.291542656872     2.402649795534    12.000000000000
      Gh(H)          -1.957126364497     3.493542321179     2.708649551393     1.007825032230
      Gh(O)          -0.049126372127     4.443542130444     2.655650054933    15.994914619570
      Gh(H)           0.872873559209     4.302542336438     2.301649963380     1.007825032230
      Gh(C)          -0.501126513271     2.160542138073     3.357649719240    12.000000000000
      Gh(H)           0.407873883458     1.686542160962     2.997650062562     1.007825032230
      Gh(H)          -1.265126452235     1.420542366955     3.525649940492     1.007825032230
      Gh(H)          -0.269126162318     2.701542504284     4.348649894716     1.007825032230
      Gh(C)          -1.398126349239     3.915542252514     0.071649467470    12.000000000000
      Gh(O)          -2.634126410274     4.032542832348     0.064649497987    15.994914619570
      Gh(H)          -0.742791876582     4.592263825390    -0.496316040038     1.007825032230

  Running in c1 symmetry.

  Rotational constants: A =      0.03869  B =      0.00476  C =      0.00449 [cm^-1]
  Rotational constants: A =   1159.99916  B =    142.57249  C =    134.50929 [MHz]
  Nuclear repulsion =  186.340047712618201

  Charge       = 1
  Multiplicity = 1
  Electrons    = 40
  Nalpha       = 20
  Nbeta        = 20

  ==> Algorithm <==

  SCF Algorithm Type is DF.
  DIIS enabled.
  MOM disabled.
  Fractional occupation disabled.
  Guess Type is SAD.
  Energy threshold   = 1.00e-08
  Density threshold  = 1.00e-08
  Integral threshold = 1.00e-12

  ==> Primary Basis <==

  Basis Set: JUN-CC-PVDZ
    Blend: JUN-CC-PVDZ
    Number of shells: 150
    Number of basis functions: 306
    Number of Cartesian functions: 318
    Spherical Harmonics?: true
    Max angular momentum: 2

   => Loading Basis Set <=

    Name: (JUN-CC-PVDZ AUX)
    Role: JKFIT
    Keyword: DF_BASIS_SCF
    atoms 1, 14                                          entry N          line   202 file /home/alia/anaconda3/envs/mddemo/share/psi4/basis/jun-cc-pvdz-jkfit.gbs 
    atoms 2-4, 6, 8-10, 13, 15-17, 19, 21, 23, 25-27, 30 entry H          line    70 file /home/alia/anaconda3/envs/mddemo/share/psi4/basis/jun-cc-pvdz-jkfit.gbs 
    atoms 5, 7, 11, 18, 20, 24, 28                       entry C          line   146 file /home/alia/anaconda3/envs/mddemo/share/psi4/basis/jun-cc-pvdz-jkfit.gbs 
    atoms 12, 22, 29                                     entry O          line   258 file /home/alia/anaconda3/envs/mddemo/share/psi4/basis/jun-cc-pvdz-jkfit.gbs 

  ==> Integral Setup <==

  ==> DiskDFJK: Density-Fitted J/K Matrices <==

    J tasked:                  Yes
    K tasked:                  Yes
    wK tasked:                  No
    OpenMP threads:             32
    Integrals threads:          32
    Memory [MiB]:            57220
    Algorithm:                Core
    Integral Cache:           LOAD
    Schwarz Cutoff:          1E-12
    Fitting Condition:       1E-10

   => Auxiliary Basis Set <=

  Basis Set: (JUN-CC-PVDZ AUX)
    Blend: JUN-CC-PVDZ-JKFIT
    Number of shells: 486
    Number of basis functions: 1362
    Number of Cartesian functions: 1542
    Spherical Harmonics?: true
    Max angular momentum: 3

  Minimum eigenvalue in the overlap matrix is 5.8245065998E-05.
  Reciprocal condition number of the overlap matrix is 5.1005412775E-06.
    Using symmetric orthogonalization.

  ==> Pre-Iterations <==

  SCF Guess: Superposition of Atomic Densities via on-the-fly atomic UHF (no occupation information).

   -------------------------
    Irrep   Nso     Nmo    
   -------------------------
     A        306     306 
   -------------------------
    Total     306     306
   -------------------------

  ==> Iterations <==

                           Total Energy        Delta E     RMS |[F,P]|

   @DF-RHF iter SAD:  -246.70720578997356   -2.46707e+02   0.00000e+00 
   @DF-RHF iter   1:  -247.12549792977171   -4.18292e-01   1.73242e-03 DIIS
   @DF-RHF iter   2:  -247.25179718381114   -1.26299e-01   1.07322e-03 DIIS
   @DF-RHF iter   3:  -247.29238704570969   -4.05899e-02   2.46483e-04 DIIS
   @DF-RHF iter   4:  -247.29600172246856   -3.61468e-03   8.69667e-05 DIIS
   @DF-RHF iter   5:  -247.29647594933527   -4.74227e-04   1.97925e-05 DIIS
   @DF-RHF iter   6:  -247.29652924860738   -5.32993e-05   8.49385e-06 DIIS
   @DF-RHF iter   7:  -247.29653817735766   -8.92875e-06   3.94823e-06 DIIS
   @DF-RHF iter   8:  -247.29654004699935   -1.86964e-06   1.39399e-06 DIIS
   @DF-RHF iter   9:  -247.29654026994916   -2.22950e-07   3.28553e-07 DIIS
   @DF-RHF iter  10:  -247.29654028062447   -1.06753e-08   9.82848e-08 DIIS
   @DF-RHF iter  11:  -247.29654028169168   -1.06721e-09   2.26711e-08 DIIS
   @DF-RHF iter  12:  -247.29654028174889   -5.72129e-11   6.59806e-09 DIIS
  Energy and wave function converged.


  ==> Post-Iterations <==

    Orbital Energies [Eh]
    ---------------------

    Doubly Occupied:                                                      

       1A    -20.749807     2A    -15.929490     3A    -11.528104  
       4A    -11.503024     5A    -11.434130     6A     -1.570656  
       7A     -1.477938     8A     -1.252700     9A     -1.095334  
      10A     -1.005710    11A     -0.937603    12A     -0.916978  
      13A     -0.876779    14A     -0.827237    15A     -0.807893  
      16A     -0.744821    17A     -0.724147    18A     -0.714196  
      19A     -0.673625    20A     -0.613751  

    Virtual:                                                              

      21A     -0.118244    22A     -0.074682    23A     -0.067559  
      24A     -0.053526    25A     -0.044877    26A     -0.032268  
      27A     -0.027683    28A     -0.024909    29A     -0.013358  
      30A     -0.012495    31A     -0.004610    32A     -0.001607  
      33A      0.007143    34A      0.011557    35A      0.020830  
      36A      0.027699    37A      0.029491    38A      0.030812  
      39A      0.037863    40A      0.041372    41A      0.046094  
      42A      0.049559    43A      0.055657    44A      0.069123  
      45A      0.071959    46A      0.077523    47A      0.081916  
      48A      0.085855    49A      0.089646    50A      0.095280  
      51A      0.097569    52A      0.105886    53A      0.114104  
      54A      0.123370    55A      0.133064    56A      0.141679  
      57A      0.145103    58A      0.152747    59A      0.153717  
      60A      0.156954    61A      0.159225    62A      0.172035  
      63A      0.175098    64A      0.179107    65A      0.185374  
      66A      0.191678    67A      0.204385    68A      0.211966  
      69A      0.219165    70A      0.228546    71A      0.238030  
      72A      0.240592    73A      0.244690    74A      0.252632  
      75A      0.258169    76A      0.263494    77A      0.284425  
      78A      0.291817    79A      0.310067    80A      0.311101  
      81A      0.318726    82A      0.324714    83A      0.339164  
      84A      0.341989    85A      0.359407    86A      0.362793  
      87A      0.375743    88A      0.386884    89A      0.390034  
      90A      0.431165    91A      0.440068    92A      0.449727  
      93A      0.478425    94A      0.486476    95A      0.509704  
      96A      0.515467    97A      0.528667    98A      0.539257  
      99A      0.549619   100A      0.557105   101A      0.567569  
     102A      0.573474   103A      0.586377   104A      0.598885  
     105A      0.607003   106A      0.614063   107A      0.641553  
     108A      0.646393   109A      0.656682   110A      0.665936  
     111A      0.686553   112A      0.688803   113A      0.689674  
     114A      0.690416   115A      0.717574   116A      0.721888  
     117A      0.725062   118A      0.739543   119A      0.744998  
     120A      0.752936   121A      0.786621   122A      0.797844  
     123A      0.802347   124A      0.806872   125A      0.835054  
     126A      0.837232   127A      0.856693   128A      0.864149  
     129A      0.888707   130A      0.899546   131A      0.900978  
     132A      0.916523   133A      0.933553   134A      0.942225  
     135A      0.964126   136A      0.972628   137A      0.988751  
     138A      1.012765   139A      1.034072   140A      1.069718  
     141A      1.125868   142A      1.132605   143A      1.207871  
     144A      1.211490   145A      1.254418   146A      1.306760  
     147A      1.329244   148A      1.342536   149A      1.354702  
     150A      1.364257   151A      1.387510   152A      1.429948  
     153A      1.489294   154A      1.496689   155A      1.506885  
     156A      1.533428   157A      1.556842   158A      1.597320  
     159A      1.600005   160A      1.608027   161A      1.623038  
     162A      1.642162   163A      1.645578   164A      1.673945  
     165A      1.683387   166A      1.689751   167A      1.695064  
     168A      1.707308   169A      1.725004   170A      1.734283  
     171A      1.736709   172A      1.744223   173A      1.758686  
     174A      1.769964   175A      1.777820   176A      1.798768  
     177A      1.812109   178A      1.825864   179A      1.828964  
     180A      1.864198   181A      1.867797   182A      1.869142  
     183A      1.880872   184A      1.890819   185A      1.891565  
     186A      1.913436   187A      1.927459   188A      1.929647  
     189A      1.944473   190A      1.952361   191A      1.962155  
     192A      1.983725   193A      1.989632   194A      2.000299  
     195A      2.004573   196A      2.009822   197A      2.023032  
     198A      2.037018   199A      2.050318   200A      2.069018  
     201A      2.090445   202A      2.095007   203A      2.123982  
     204A      2.140887   205A      2.148307   206A      2.161129  
     207A      2.164987   208A      2.172045   209A      2.179682  
     210A      2.203584   211A      2.208871   212A      2.229087  
     213A      2.247536   214A      2.267847   215A      2.268284  
     216A      2.282258   217A      2.348581   218A      2.358273  
     219A      2.361585   220A      2.367365   221A      2.412341  
     222A      2.419705   223A      2.434410   224A      2.453341  
     225A      2.464783   226A      2.478084   227A      2.482206  
     228A      2.500413   229A      2.523926   230A      2.533151  
     231A      2.543919   232A      2.560074   233A      2.593078  
     234A      2.602202   235A      2.611431   236A      2.657128  
     237A      2.677238   238A      2.687331   239A      2.690160  
     240A      2.735287   241A      2.743855   242A      2.752553  
     243A      2.784732   244A      2.801523   245A      2.818389  
     246A      2.837359   247A      2.874040   248A      2.881548  
     249A      2.901907   250A      2.945424   251A      2.953062  
     252A      2.965678   253A      3.028024   254A      3.031153  
     255A      3.050889   256A      3.057653   257A      3.101203  
     258A      3.158168   259A      3.221651   260A      3.261618  
     261A      3.266640   262A      3.343057   263A      3.437265  
     264A      3.482212   265A      3.511946   266A      3.566801  
     267A      3.602198   268A      3.653869   269A      3.730106  
     270A      3.767068   271A      3.923316   272A      3.983788  
     273A      4.034891   274A      4.173257   275A      4.203845  
     276A      4.320097   277A      4.397749   278A      4.424980  
     279A      4.517039   280A      4.574688   281A      4.611405  
     282A      4.636431   283A      4.661306   284A      4.785888  
     285A      4.827885   286A      4.892238   287A      5.005662  
     288A      5.023535   289A      5.064323   290A      5.167463  
     291A      5.246978   292A      5.472789   293A      5.524678  
     294A      5.562830   295A      5.643431   296A      5.758620  
     297A      5.911801   298A      6.578083   299A      6.602893  
     300A     18.154975   301A     18.301564   302A     18.452939  
     303A     18.562963   304A     25.311476   305A     33.439449  
     306A     33.458918  

    Final Occupation by Irrep:
              A 
    DOCC [    20 ]

  @DF-RHF Final Energy:  -247.29654028174889

   => Energetics <=

    Nuclear Repulsion Energy =            186.3400477126182011
    One-Electron Energy =                -696.5053311812471293
    Two-Electron Energy =                 262.8687431868800104
    Total Energy =                       -247.2965402817488894

Computation Completed


Properties will be evaluated at   0.000000,   0.000000,   0.000000 [a0]

Properties computed using the SCF density matrix

  Nuclear Dipole Moment: [e a0]
     X:    90.3043      Y:  -356.0005      Z:  -148.8367

  Electronic Dipole Moment: [e a0]
     X:   -88.2806      Y:   346.4260      Z:   147.4396

  Dipole Moment: [e a0]
     X:     2.0237      Y:    -9.5745      Z:    -1.3970     Total:     9.8852

  Dipole Moment: [D]
     X:     5.1437      Y:   -24.3359      Z:    -3.5509     Total:    25.1258


*** tstop() called on aliaconda at Sun Mar 20 05:16:24 2022
Module time:
	user time   =     178.06 seconds =       2.97 minutes
	system time =      18.70 seconds =       0.31 minutes
	total time  =          9 seconds =       0.15 minutes
Total time:
	user time   =   49623.65 seconds =     827.06 minutes
	system time =    6853.23 seconds =     114.22 minutes
	total time  =       3167 seconds =      52.78 minutes

  //>>>>>>>>>>>>>>>>>>>>>>>>>>>>>>>>>>>//
  //            Monomer B HF           //
  //<<<<<<<<<<<<<<<<<<<<<<<<<<<<<<<<<<<//


*** tstart() called on aliaconda
*** at Sun Mar 20 05:16:24 2022

   => Loading Basis Set <=

    Name: JUN-CC-PVDZ
    Role: ORBITAL
    Keyword: BASIS
    atoms 1, 14                                          entry N          line   198 file /home/alia/anaconda3/envs/mddemo/share/psi4/basis/jun-cc-pvdz.gbs 
    atoms 2-4, 6, 8-10, 13, 15-17, 19, 21, 23, 25-27, 30 entry H          line    36 file /home/alia/anaconda3/envs/mddemo/share/psi4/basis/jun-cc-pvdz.gbs 
    atoms 5, 7, 11, 18, 20, 24, 28                       entry C          line   164 file /home/alia/anaconda3/envs/mddemo/share/psi4/basis/jun-cc-pvdz.gbs 
    atoms 12, 22, 29                                     entry O          line   232 file /home/alia/anaconda3/envs/mddemo/share/psi4/basis/jun-cc-pvdz.gbs 


         ---------------------------------------------------------
                                   SCF
               by Justin Turney, Rob Parrish, Andy Simmonett
                          and Daniel G. A. Smith
                              RHF Reference
                       32 Threads,  76293 MiB Core
         ---------------------------------------------------------

  ==> Geometry <==

    Molecular point group: c1
    Full point group: C1

    Geometry (in Angstrom), charge = 1, multiplicity = 1:

       Center              X                  Y                   Z               Mass       
    ------------   -----------------  -----------------  -----------------  -----------------
      Gh(N)           0.521873727055    -5.610457770374    -1.114350402831    14.003074004430
      Gh(H)          -0.402126536159    -5.899457804706    -1.824350440978     1.007825032230
      Gh(H)          -0.039126143245    -5.563457839038    -0.052350605010     1.007825032230
      Gh(H)           1.190873875829    -6.427457682636    -1.105350578307     1.007825032230
      Gh(C)           1.148873582097    -4.288457743671    -1.439350212096    12.000000000000
      Gh(H)           0.799873604985    -3.511457793262    -0.840350234984     1.007825032230
      Gh(C)           2.627873673650    -4.469457499530    -1.070350254057    12.000000000000
      Gh(H)           3.259873643132    -4.970457427051    -1.823350513457     1.007825032230
      Gh(H)           2.698873772832    -5.094457499530    -0.095350349425     1.007825032230
      Gh(H)           3.080873742314    -3.508457533863    -0.775350177764     1.007825032230
      Gh(C)           1.096873536321    -3.852457396534    -2.860350454329    12.000000000000
      Gh(O)           0.320873513432    -4.430457465198    -3.625350320815    15.994914619570
      Gh(H)           1.736013665410    -3.033034197834    -3.220968568801     1.007825032230
         N            0.402873769017     2.233542092297     0.457649623872    14.003074004430
         H            0.616873517247     1.053542740796     0.539649402620     1.007825032230
         H            0.394873872014     2.336542733166    -0.742350185393     1.007825032230
         H            1.258873715611     2.764542229626     0.777649795534     1.007825032230
         C           -0.848126158504     2.775542862866     0.916649734498    12.000000000000
         H           -1.526126131801     1.932542450879     0.850649749757     1.007825032230
         C           -0.906126246242     3.291542656872     2.402649795534    12.000000000000
         H           -1.957126364497     3.493542321179     2.708649551393     1.007825032230
         O           -0.049126372127     4.443542130444     2.655650054933    15.994914619570
         H            0.872873559209     4.302542336438     2.301649963380     1.007825032230
         C           -0.501126513271     2.160542138073     3.357649719240    12.000000000000
         H            0.407873883458     1.686542160962     2.997650062562     1.007825032230
         H           -1.265126452235     1.420542366955     3.525649940492     1.007825032230
         H           -0.269126162318     2.701542504284     4.348649894716     1.007825032230
         C           -1.398126349239     3.915542252514     0.071649467470    12.000000000000
         O           -2.634126410274     4.032542832348     0.064649497987    15.994914619570
         H           -0.742791876582     4.592263825390    -0.496316040038     1.007825032230

  Running in c1 symmetry.

  Rotational constants: A =      0.03869  B =      0.00476  C =      0.00449 [cm^-1]
  Rotational constants: A =   1159.99916  B =    142.57249  C =    134.50929 [MHz]
  Nuclear repulsion =  328.860966341441667

  Charge       = 1
  Multiplicity = 1
  Electrons    = 56
  Nalpha       = 28
  Nbeta        = 28

  ==> Algorithm <==

  SCF Algorithm Type is DF.
  DIIS enabled.
  MOM disabled.
  Fractional occupation disabled.
  Guess Type is SAD.
  Energy threshold   = 1.00e-08
  Density threshold  = 1.00e-08
  Integral threshold = 1.00e-12

  ==> Primary Basis <==

  Basis Set: JUN-CC-PVDZ
    Blend: JUN-CC-PVDZ
    Number of shells: 150
    Number of basis functions: 306
    Number of Cartesian functions: 318
    Spherical Harmonics?: true
    Max angular momentum: 2

   => Loading Basis Set <=

    Name: (JUN-CC-PVDZ AUX)
    Role: JKFIT
    Keyword: DF_BASIS_SCF
    atoms 1, 14                                          entry N          line   202 file /home/alia/anaconda3/envs/mddemo/share/psi4/basis/jun-cc-pvdz-jkfit.gbs 
    atoms 2-4, 6, 8-10, 13, 15-17, 19, 21, 23, 25-27, 30 entry H          line    70 file /home/alia/anaconda3/envs/mddemo/share/psi4/basis/jun-cc-pvdz-jkfit.gbs 
    atoms 5, 7, 11, 18, 20, 24, 28                       entry C          line   146 file /home/alia/anaconda3/envs/mddemo/share/psi4/basis/jun-cc-pvdz-jkfit.gbs 
    atoms 12, 22, 29                                     entry O          line   258 file /home/alia/anaconda3/envs/mddemo/share/psi4/basis/jun-cc-pvdz-jkfit.gbs 

  ==> Integral Setup <==

  ==> DiskDFJK: Density-Fitted J/K Matrices <==

    J tasked:                  Yes
    K tasked:                  Yes
    wK tasked:                  No
    OpenMP threads:             32
    Integrals threads:          32
    Memory [MiB]:            57220
    Algorithm:                Core
    Integral Cache:           LOAD
    Schwarz Cutoff:          1E-12
    Fitting Condition:       1E-10

   => Auxiliary Basis Set <=

  Basis Set: (JUN-CC-PVDZ AUX)
    Blend: JUN-CC-PVDZ-JKFIT
    Number of shells: 486
    Number of basis functions: 1362
    Number of Cartesian functions: 1542
    Spherical Harmonics?: true
    Max angular momentum: 3

  Minimum eigenvalue in the overlap matrix is 5.8245065998E-05.
  Reciprocal condition number of the overlap matrix is 5.1005412775E-06.
    Using symmetric orthogonalization.

  ==> Pre-Iterations <==

  SCF Guess: Superposition of Atomic Densities via on-the-fly atomic UHF (no occupation information).

   -------------------------
    Irrep   Nso     Nmo    
   -------------------------
     A        306     306 
   -------------------------
    Total     306     306
   -------------------------

  ==> Iterations <==

                           Total Energy        Delta E     RMS |[F,P]|

   @DF-RHF iter SAD:  -360.40096784266399   -3.60401e+02   0.00000e+00 
   @DF-RHF iter   1:  -360.89073923428418   -4.89771e-01   2.22047e-03 DIIS
   @DF-RHF iter   2:  -361.08114428321448   -1.90405e-01   1.45743e-03 DIIS
   @DF-RHF iter   3:  -361.15557940072136   -7.44351e-02   3.15272e-04 DIIS
   @DF-RHF iter   4:  -361.16098725453105   -5.40785e-03   1.15274e-04 DIIS
   @DF-RHF iter   5:  -361.16175480816850   -7.67554e-04   2.72339e-05 DIIS
   @DF-RHF iter   6:  -361.16182307079288   -6.82626e-05   1.29502e-05 DIIS
   @DF-RHF iter   7:  -361.16183916713192   -1.60963e-05   5.56819e-06 DIIS
   @DF-RHF iter   8:  -361.16184301123212   -3.84410e-06   2.32167e-06 DIIS
   @DF-RHF iter   9:  -361.16184371103816   -6.99806e-07   6.81874e-07 DIIS
   @DF-RHF iter  10:  -361.16184377412219   -6.30840e-08   2.03011e-07 DIIS
   @DF-RHF iter  11:  -361.16184377937617   -5.25398e-09   7.04870e-08 DIIS
   @DF-RHF iter  12:  -361.16184378010803   -7.31859e-10   3.21005e-08 DIIS
   @DF-RHF iter  13:  -361.16184378033307   -2.25043e-10   1.79597e-08 DIIS
   @DF-RHF iter  14:  -361.16184378043488   -1.01807e-10   8.91701e-09 DIIS
  Energy and wave function converged.


  ==> Post-Iterations <==

    Orbital Energies [Eh]
    ---------------------

    Doubly Occupied:                                                      

       1A    -20.745594     2A    -20.744556     3A    -15.953752  
       4A    -11.526621     5A    -11.500887     6A    -11.482264  
       7A    -11.389503     8A     -1.557082     9A     -1.528921  
      10A     -1.506350    11A     -1.236693    12A     -1.154725  
      13A     -1.021607    14A     -1.009012    15A     -0.965778  
      16A     -0.916909    17A     -0.900161    18A     -0.832817  
      19A     -0.811450    20A     -0.796282    21A     -0.777286  
      22A     -0.761084    23A     -0.700499    24A     -0.687522  
      25A     -0.670491    26A     -0.648751    27A     -0.622629  
      28A     -0.594353  

    Virtual:                                                              

      29A     -0.140476    30A     -0.092777    31A     -0.082612  
      32A     -0.059217    33A     -0.049543    34A     -0.039361  
      35A     -0.035362    36A     -0.024692    37A     -0.020760  
      38A     -0.017957    39A     -0.013865    40A     -0.007111  
      41A     -0.005189    42A      0.000668    43A      0.011537  
      44A      0.018416    45A      0.026741    46A      0.029881  
      47A      0.035307    48A      0.036841    49A      0.043145  
      50A      0.044338    51A      0.045487    52A      0.049354  
      53A      0.052807    54A      0.063493    55A      0.070394  
      56A      0.081818    57A      0.090997    58A      0.096286  
      59A      0.098165    60A      0.101777    61A      0.111582  
      62A      0.114337    63A      0.124457    64A      0.127663  
      65A      0.137242    66A      0.141681    67A      0.146393  
      68A      0.151876    69A      0.155610    70A      0.161373  
      71A      0.166152    72A      0.171272    73A      0.180107  
      74A      0.184274    75A      0.192954    76A      0.195615  
      77A      0.197561    78A      0.205325    79A      0.220303  
      80A      0.220931    81A      0.229407    82A      0.237594  
      83A      0.246022    84A      0.259129    85A      0.269127  
      86A      0.271678    87A      0.281321    88A      0.285942  
      89A      0.293256    90A      0.299223    91A      0.309327  
      92A      0.325752    93A      0.333429    94A      0.345884  
      95A      0.349672    96A      0.357576    97A      0.370085  
      98A      0.377085    99A      0.379866   100A      0.390657  
     101A      0.416415   102A      0.427443   103A      0.439096  
     104A      0.474177   105A      0.498891   106A      0.521372  
     107A      0.525377   108A      0.543952   109A      0.548535  
     110A      0.570691   111A      0.579386   112A      0.594878  
     113A      0.604884   114A      0.615458   115A      0.618194  
     116A      0.628424   117A      0.633821   118A      0.669015  
     119A      0.677918   120A      0.686974   121A      0.688563  
     122A      0.716036   123A      0.721217   124A      0.724732  
     125A      0.742417   126A      0.747946   127A      0.760178  
     128A      0.768008   129A      0.773596   130A      0.791567  
     131A      0.794835   132A      0.803923   133A      0.814337  
     134A      0.820526   135A      0.836323   136A      0.861527  
     137A      0.867651   138A      0.879766   139A      0.889850  
     140A      0.895952   141A      0.914096   142A      0.919347  
     143A      0.925390   144A      0.958268   145A      0.980439  
     146A      0.990727   147A      1.039607   148A      1.078466  
     149A      1.138443   150A      1.149013   151A      1.207777  
     152A      1.232338   153A      1.256733   154A      1.262551  
     155A      1.291585   156A      1.310896   157A      1.342671  
     158A      1.349829   159A      1.358748   160A      1.374408  
     161A      1.392429   162A      1.419380   163A      1.466253  
     164A      1.473723   165A      1.484860   166A      1.489023  
     167A      1.510715   168A      1.529961   169A      1.540126  
     170A      1.549912   171A      1.568123   172A      1.587306  
     173A      1.599730   174A      1.622383   175A      1.629291  
     176A      1.638341   177A      1.666155   178A      1.670306  
     179A      1.673298   180A      1.692014   181A      1.696259  
     182A      1.713702   183A      1.722583   184A      1.737717  
     185A      1.754183   186A      1.755912   187A      1.759909  
     188A      1.779337   189A      1.792425   190A      1.796861  
     191A      1.804231   192A      1.808187   193A      1.827813  
     194A      1.835271   195A      1.854417   196A      1.861397  
     197A      1.888672   198A      1.896222   199A      1.909228  
     200A      1.918170   201A      1.935680   202A      1.940475  
     203A      1.946392   204A      1.956711   205A      1.972472  
     206A      1.974381   207A      2.000891   208A      2.005422  
     209A      2.023428   210A      2.041573   211A      2.046745  
     212A      2.054647   213A      2.068612   214A      2.084254  
     215A      2.085369   216A      2.112112   217A      2.123820  
     218A      2.137190   219A      2.138171   220A      2.152355  
     221A      2.177821   222A      2.191869   223A      2.192344  
     224A      2.214788   225A      2.217177   226A      2.257883  
     227A      2.260567   228A      2.294212   229A      2.308328  
     230A      2.344509   231A      2.366751   232A      2.369663  
     233A      2.404793   234A      2.415603   235A      2.422089  
     236A      2.434675   237A      2.440288   238A      2.442412  
     239A      2.459838   240A      2.496542   241A      2.502666  
     242A      2.554935   243A      2.579244   244A      2.580880  
     245A      2.601933   246A      2.619547   247A      2.655233  
     248A      2.660408   249A      2.678620   250A      2.700541  
     251A      2.715768   252A      2.727804   253A      2.734395  
     254A      2.750830   255A      2.752620   256A      2.787234  
     257A      2.790777   258A      2.819994   259A      2.859123  
     260A      2.889027   261A      2.938614   262A      2.947530  
     263A      3.020980   264A      3.063082   265A      3.077545  
     266A      3.088445   267A      3.105516   268A      3.142688  
     269A      3.180919   270A      3.209389   271A      3.258745  
     272A      3.275410   273A      3.329662   274A      3.396525  
     275A      3.446582   276A      3.512465   277A      3.547743  
     278A      3.573258   279A      3.623706   280A      3.779568  
     281A      3.780984   282A      3.901527   283A      3.915966  
     284A      3.917730   285A      4.101578   286A      4.164849  
     287A      4.271969   288A      4.432978   289A      4.603166  
     290A      4.661240   291A      4.676368   292A      4.824586  
     293A      4.857014   294A      4.951962   295A      5.030847  
     296A      5.213927   297A      5.435301   298A      5.524557  
     299A      5.543816   300A      5.710362   301A      6.628385  
     302A     18.137854   303A     18.350683   304A     18.575626  
     305A     25.301030   306A     33.419571  

    Final Occupation by Irrep:
              A 
    DOCC [    28 ]

  @DF-RHF Final Energy:  -361.16184378043488

   => Energetics <=

    Nuclear Repulsion Energy =            328.8609663414416673
    One-Electron Energy =               -1133.9584617589564459
    Two-Electron Energy =                 443.9356516370799000
    Total Energy =                       -361.1618437804348787

Computation Completed


Properties will be evaluated at   0.000000,   0.000000,   0.000000 [a0]

Properties computed using the SCF density matrix

  Nuclear Dipole Moment: [e a0]
     X:   -80.8347      Y:   345.0387      Z:   155.4660

  Electronic Dipole Moment: [e a0]
     X:    82.3479      Y:  -341.4183      Z:  -154.4390

  Dipole Moment: [e a0]
     X:     1.5132      Y:     3.6205      Z:     1.0270     Total:     4.0561

  Dipole Moment: [D]
     X:     3.8462      Y:     9.2023      Z:     2.6103     Total:    10.3097


*** tstop() called on aliaconda at Sun Mar 20 05:16:35 2022
Module time:
	user time   =     224.75 seconds =       3.75 minutes
	system time =      24.99 seconds =       0.42 minutes
	total time  =         11 seconds =       0.18 minutes
Total time:
	user time   =   49848.55 seconds =     830.81 minutes
	system time =    6878.25 seconds =     114.64 minutes
	total time  =       3178 seconds =      52.97 minutes
  Constructing Basis Sets for SAPT...

   => Loading Basis Set <=

    Name: (JUN-CC-PVDZ AUX)
    Role: RIFIT
    Keyword: DF_BASIS_SAPT
    atoms 1, 14                                          entry N          line   144 file /home/alia/anaconda3/envs/mddemo/share/psi4/basis/jun-cc-pvdz-ri.gbs 
    atoms 2-4, 6, 8-10, 13, 15-17, 19, 21, 23, 25-27, 30 entry H          line    30 file /home/alia/anaconda3/envs/mddemo/share/psi4/basis/jun-cc-pvdz-ri.gbs 
    atoms 5, 7, 11, 18, 20, 24, 28                       entry C          line   100 file /home/alia/anaconda3/envs/mddemo/share/psi4/basis/jun-cc-pvdz-ri.gbs 
    atoms 12, 22, 29                                     entry O          line   188 file /home/alia/anaconda3/envs/mddemo/share/psi4/basis/jun-cc-pvdz-ri.gbs 


  //>>>>>>>>>>>>>>>>>>>>>>>>>>>>>>>>>>>//
  //               SAPT0               //
  //<<<<<<<<<<<<<<<<<<<<<<<<<<<<<<<<<<<//


*** tstart() called on aliaconda
*** at Sun Mar 20 05:16:35 2022

        SAPT0  
    Ed Hohenstein
     6 June 2009

      Orbital Information
  --------------------------
    NSO        =       306
    NMO        =       306
    NRI        =      1032
    NOCC A     =        20
    NOCC B     =        28
    FOCC A     =         0
    FOCC B     =         0
    NVIR A     =       286
    NVIR B     =       278

    Elst10,r            =     0.074518686037 [Eh]
    Exch10              =    -0.000000037354 [Eh]
    Exch10 (S^2)        =    -0.000000037354 [Eh]

    Iter     Energy [mEh]          dE [mEh]         Residual      Time [s]
       1      -0.60777576       0.607775756       7.221433102             1
       2      -0.58442075      -0.023355003       2.340696110             1
       3      -0.62348613       0.039065373       0.966968444             2
       4      -0.63952582       0.016039692       0.240079348             2
       5      -0.63727856      -0.002247260       0.136831070             3
       6      -0.63633163      -0.000946925       0.039805185             3
       7      -0.63665037       0.000318733       0.014059911             4
       8      -0.63671224       0.000061876       0.005470268             5
       9      -0.63668093      -0.000031312       0.003070612             5
      10      -0.63667768      -0.000003246       0.001005632             6
      11      -0.63668312       0.000005441       0.000304471             6
      12      -0.63668299      -0.000000131       0.000081157             7
      13      -0.63668258      -0.000000409       0.000019148             7
      14      -0.63668260       0.000000020       0.000005469             8
      15      -0.63668262       0.000000018       0.000001694             9
      16      -0.63668262      -0.000000001       0.000000680             9

    CHF Iterations converged


    Iter     Energy [mEh]          dE [mEh]         Residual      Time [s]
       1      -0.41445293       0.414452932       4.825887769             1
       2      -0.42976504       0.015312108       2.059409119             1
       3      -0.46312880       0.033363761       0.731165495             2
       4      -0.46992654       0.006797742       0.197485940             2
       5      -0.46921415      -0.000712396       0.109137791             3
       6      -0.46831190      -0.000902243       0.035944982             4
       7      -0.46838707       0.000075170       0.016599875             4
       8      -0.46851052       0.000123442       0.004588964             5
       9      -0.46849686      -0.000013653       0.001853867             5
      10      -0.46848817      -0.000008697       0.000743552             6
      11      -0.46849057       0.000002406       0.000433004             7
      12      -0.46849175       0.000001174       0.000195986             7
      13      -0.46849117      -0.000000579       0.000070000             8
      14      -0.46849096      -0.000000212       0.000019430             9
      15      -0.46849100       0.000000048       0.000006148             9
      16      -0.46849102       0.000000016       0.000001579            10
      17      -0.46849102      -0.000000004       0.000000549            10

    CHF Iterations converged

    Ind20,r (A<-B)      =    -0.000636682621 [Eh]
    Ind20,r (B<-A)      =    -0.000468491017 [Eh]
    Ind20,r             =    -0.001105173638 [Eh]
    Exch-Ind20,r (A<-B) =     0.000000011738 [Eh]
    Exch-Ind20,r (B<-A) =     0.000000022359 [Eh]
    Exch-Ind20,r        =     0.000000034097 [Eh]
    Disp20              =    -0.000104441651 [Eh]
    Disp20 (SS)         =    -0.000052220825 [Eh]
    Disp20 (OS)         =    -0.000052220825 [Eh]
    Exch-Disp20         =     0.000000009538 [Eh]
    Exch-Disp20 (SS)    =     0.000000006683 [Eh]
    Exch-Disp20 (OS)    =     0.000000002855 [Eh]

    SAPT Results 
  --------------------------------------------------------------------------------------------------------
    Electrostatics                 74.51868604 [mEh]      46.76118146 [kcal/mol]     195.64878323 [kJ/mol]
      Elst10,r                     74.51868604 [mEh]      46.76118146 [kcal/mol]     195.64878323 [kJ/mol]

    Exchange                       -0.00003735 [mEh]      -0.00002344 [kcal/mol]      -0.00009807 [kJ/mol]
      Exch10                       -0.00003735 [mEh]      -0.00002344 [kcal/mol]      -0.00009807 [kJ/mol]
      Exch10(S^2)                  -0.00003735 [mEh]      -0.00002344 [kcal/mol]      -0.00009807 [kJ/mol]

    Induction                      -1.08414582 [mEh]      -0.68031178 [kcal/mol]      -2.84642447 [kJ/mol]
      Ind20,r                      -1.10517364 [mEh]      -0.69350693 [kcal/mol]      -2.90163299 [kJ/mol]
      Exch-Ind20,r                  0.00003410 [mEh]       0.00002140 [kcal/mol]       0.00008952 [kJ/mol]
      delta HF,r (2)                0.02099372 [mEh]       0.01317376 [kcal/mol]       0.05511899 [kJ/mol]

    Dispersion                     -0.10443211 [mEh]      -0.06553214 [kcal/mol]      -0.27418647 [kJ/mol]
      Disp20                       -0.10444165 [mEh]      -0.06553813 [kcal/mol]      -0.27421152 [kJ/mol]
      Exch-Disp20                   0.00000954 [mEh]       0.00000599 [kcal/mol]       0.00002504 [kJ/mol]
      Disp20 (SS)                  -0.05222083 [mEh]      -0.03276906 [kcal/mol]      -0.13710576 [kJ/mol]
      Disp20 (OS)                  -0.05222083 [mEh]      -0.03276906 [kcal/mol]      -0.13710576 [kJ/mol]
      Exch-Disp20 (SS)              0.00000668 [mEh]       0.00000419 [kcal/mol]       0.00001755 [kJ/mol]
      Exch-Disp20 (OS)              0.00000286 [mEh]       0.00000179 [kcal/mol]       0.00000750 [kJ/mol]

  Total HF                         73.43450286 [mEh]      46.08084625 [kcal/mol]     192.80226069 [kJ/mol]
  Total SAPT0                      73.33007075 [mEh]      46.01531411 [kcal/mol]     192.52807422 [kJ/mol]

  Special recipe for scaled SAPT0 (see Manual):
    Electrostatics sSAPT0          74.51868604 [mEh]      46.76118146 [kcal/mol]     195.64878323 [kJ/mol]
    Exchange sSAPT0                -0.00003735 [mEh]      -0.00002344 [kcal/mol]      -0.00009807 [kJ/mol]
    Induction sSAPT0               -1.08414582 [mEh]      -0.68031178 [kcal/mol]      -2.84642447 [kJ/mol]
    Dispersion sSAPT0              -0.10443211 [mEh]      -0.06553214 [kcal/mol]      -0.27418647 [kJ/mol]
  Total sSAPT0                     73.33007075 [mEh]      46.01531411 [kcal/mol]     192.52807422 [kJ/mol]
  --------------------------------------------------------------------------------------------------------

*** tstop() called on aliaconda at Sun Mar 20 05:17:24 2022
Module time:
	user time   =     698.69 seconds =      11.64 minutes
	system time =     122.82 seconds =       2.05 minutes
	total time  =         49 seconds =       0.82 minutes
Total time:
	user time   =   50549.81 seconds =     842.50 minutes
	system time =    7001.58 seconds =     116.69 minutes
	total time  =       3227 seconds =      53.78 minutes


Warning! sapt0 does not have an associated derived wavefunction.The returned wavefunction is the dimer SCF wavefunction.


  Memory set to  74.506 GiB by Python driver.
  Threads set to 32 by Python driver.
