
Scratch directory: /tmp/

Scratch directory: /tmp/

  //>>>>>>>>>>>>>>>>>>>>>>>>>>>>>>>>>>>//
  //              Dimer HF             //
  //<<<<<<<<<<<<<<<<<<<<<<<<<<<<<<<<<<<//


*** tstart() called on aliaconda
*** at Sun Mar 20 06:45:11 2022

   => Loading Basis Set <=

    Name: JUN-CC-PVDZ
    Role: ORBITAL
    Keyword: BASIS
    atoms 1, 14                                          entry N          line   198 file /home/alia/anaconda3/envs/mddemo/share/psi4/basis/jun-cc-pvdz.gbs 
    atoms 2-4, 6, 8-10, 13, 15-17, 19, 21, 23, 25-27, 30 entry H          line    36 file /home/alia/anaconda3/envs/mddemo/share/psi4/basis/jun-cc-pvdz.gbs 
    atoms 5, 7, 11, 18, 20, 24, 28                       entry C          line   164 file /home/alia/anaconda3/envs/mddemo/share/psi4/basis/jun-cc-pvdz.gbs 
    atoms 12, 22, 29                                     entry O          line   232 file /home/alia/anaconda3/envs/mddemo/share/psi4/basis/jun-cc-pvdz.gbs 


         ---------------------------------------------------------
                                   SCF
               by Justin Turney, Rob Parrish, Andy Simmonett
                          and Daniel G. A. Smith
                              RHF Reference
                       32 Threads,  76293 MiB Core
         ---------------------------------------------------------

  ==> Geometry <==

    Molecular point group: c1
    Full point group: C1

    Geometry (in Angstrom), charge = 2, multiplicity = 1:

       Center              X                  Y                   Z               Mass       
    ------------   -----------------  -----------------  -----------------  -----------------
         N           -0.444924283339    -6.410005974661    -0.828446860179    14.003074004430
         H           -1.132924485518    -6.820006060492    -1.724446768626     1.007825032230
         H           -1.297924447371    -6.193005967031    -0.007446760997     1.007825032230
         H            0.120075773882    -7.161005902182    -0.500446791514     1.007825032230
         C            0.301075529741    -5.196005749594    -1.128446574077    12.000000000000
         H           -0.052924561812    -4.373005795370    -0.472446913585     1.007825032230
         C            1.785075497316    -5.270006108175    -0.642446989879    12.000000000000
         H            2.363075565981    -6.244006085287    -0.789446825847     1.007825032230
         H            1.811075520204    -5.102005886923     0.453553204671     1.007825032230
         H            2.331075501131    -4.397005963217    -1.093446726665     1.007825032230
         C            0.210075449632    -4.798005986105    -2.632446760997    12.000000000000
         O           -0.075924325300    -5.581005978476    -3.569446797236    15.994914619570
         H            0.412468981432    -3.748514103781    -2.892452711925     1.007825032230
         N            0.803075623201     2.864994120707     0.299553399220    14.003074004430
         H            0.825075459169     1.660993647684     0.325553422109     1.007825032230
         H            0.813075613664     2.994994235147    -0.900446886882     1.007825032230
         H            1.662075590776     3.213994097818     0.609553342000     1.007825032230
         C           -0.347924638106     3.594993662943     0.743553166524    12.000000000000
         H           -1.169924664809     2.902994227518     0.600553040639     1.007825032230
         C           -0.381924557997     3.876994204630     2.219552998677    12.000000000000
         H           -1.418924260451     4.298994135965     2.561553006307     1.007825032230
         O            0.594075512575     4.715993952860     2.715553288594    15.994914619570
         H            1.460075449632     4.308994364847     2.531553273335     1.007825032230
         C           -0.120924401594     2.550993991007     3.007553105489    12.000000000000
         H            0.972075533556     2.323993754496     3.135553364888     1.007825032230
         H           -0.661924290968     1.739994120707     2.563552861348     1.007825032230
         H           -0.497924256636     2.804993701090     4.016552930013     1.007825032230
         C           -0.682924676253     4.793994021524    -0.055446619853    12.000000000000
         O           -1.823924470259     5.081994128336    -0.321446890697    15.994914619570
         H            0.130318712877     5.440531802286    -0.416866774425     1.007825032230

  Running in c1 symmetry.

  Rotational constants: A =      0.03799  B =      0.00380  C =      0.00361 [cm^-1]
  Rotational constants: A =   1138.82093  B =    114.04461  C =    108.23116 [MHz]
  Nuclear repulsion =  641.478523089261898

  Charge       = 2
  Multiplicity = 1
  Electrons    = 96
  Nalpha       = 48
  Nbeta        = 48

  ==> Algorithm <==

  SCF Algorithm Type is DF.
  DIIS enabled.
  MOM disabled.
  Fractional occupation disabled.
  Guess Type is SAD.
  Energy threshold   = 1.00e-08
  Density threshold  = 1.00e-08
  Integral threshold = 1.00e-12

  ==> Primary Basis <==

  Basis Set: JUN-CC-PVDZ
    Blend: JUN-CC-PVDZ
    Number of shells: 150
    Number of basis functions: 306
    Number of Cartesian functions: 318
    Spherical Harmonics?: true
    Max angular momentum: 2

   => Loading Basis Set <=

    Name: (JUN-CC-PVDZ AUX)
    Role: JKFIT
    Keyword: DF_BASIS_SCF
    atoms 1, 14                                          entry N          line   202 file /home/alia/anaconda3/envs/mddemo/share/psi4/basis/jun-cc-pvdz-jkfit.gbs 
    atoms 2-4, 6, 8-10, 13, 15-17, 19, 21, 23, 25-27, 30 entry H          line    70 file /home/alia/anaconda3/envs/mddemo/share/psi4/basis/jun-cc-pvdz-jkfit.gbs 
    atoms 5, 7, 11, 18, 20, 24, 28                       entry C          line   146 file /home/alia/anaconda3/envs/mddemo/share/psi4/basis/jun-cc-pvdz-jkfit.gbs 
    atoms 12, 22, 29                                     entry O          line   258 file /home/alia/anaconda3/envs/mddemo/share/psi4/basis/jun-cc-pvdz-jkfit.gbs 

  ==> Integral Setup <==

  ==> DiskDFJK: Density-Fitted J/K Matrices <==

    J tasked:                  Yes
    K tasked:                  Yes
    wK tasked:                  No
    OpenMP threads:             32
    Integrals threads:          32
    Memory [MiB]:            57220
    Algorithm:                Core
    Integral Cache:           SAVE
    Schwarz Cutoff:          1E-12
    Fitting Condition:       1E-10

   => Auxiliary Basis Set <=

  Basis Set: (JUN-CC-PVDZ AUX)
    Blend: JUN-CC-PVDZ-JKFIT
    Number of shells: 486
    Number of basis functions: 1362
    Number of Cartesian functions: 1542
    Spherical Harmonics?: true
    Max angular momentum: 3

  Minimum eigenvalue in the overlap matrix is 5.2612786287E-05.
  Reciprocal condition number of the overlap matrix is 4.5372364382E-06.
    Using symmetric orthogonalization.

  ==> Pre-Iterations <==

  SCF Guess: Superposition of Atomic Densities via on-the-fly atomic UHF (no occupation information).

   -------------------------
    Irrep   Nso     Nmo    
   -------------------------
     A        306     306 
   -------------------------
    Total     306     306
   -------------------------

  ==> Iterations <==

                           Total Energy        Delta E     RMS |[F,P]|

   @DF-RHF iter SAD:  -607.40342977246371   -6.07403e+02   0.00000e+00 
   @DF-RHF iter   1:  -607.95334688087792   -5.49917e-01   2.81504e-03 DIIS
   @DF-RHF iter   2:  -608.27037824414617   -3.17031e-01   1.79267e-03 DIIS
   @DF-RHF iter   3:  -608.38284610948062   -1.12468e-01   3.98504e-04 DIIS
   @DF-RHF iter   4:  -608.39174690737707   -8.90080e-03   1.46758e-04 DIIS
   @DF-RHF iter   5:  -608.39299903867413   -1.25213e-03   3.48752e-05 DIIS
   @DF-RHF iter   6:  -608.39312283991899   -1.23801e-04   1.70624e-05 DIIS
   @DF-RHF iter   7:  -608.39315226227484   -2.94224e-05   7.93609e-06 DIIS
   @DF-RHF iter   8:  -608.39315942146550   -7.15919e-06   3.52666e-06 DIIS
   @DF-RHF iter   9:  -608.39316079709033   -1.37562e-06   1.28291e-06 DIIS
   @DF-RHF iter  10:  -608.39316099493237   -1.97842e-07   4.13447e-07 DIIS
   @DF-RHF iter  11:  -608.39316101787972   -2.29473e-08   1.74314e-07 DIIS
   @DF-RHF iter  12:  -608.39316102438647   -6.50675e-09   9.05817e-08 DIIS
   @DF-RHF iter  13:  -608.39316102655903   -2.17256e-09   4.61738e-08 DIIS
   @DF-RHF iter  14:  -608.39316102730288   -7.43853e-10   1.76102e-08 DIIS
   @DF-RHF iter  15:  -608.39316102738883   -8.59472e-11   6.04732e-09 DIIS
  Energy and wave function converged.


  ==> Post-Iterations <==

    Orbital Energies [Eh]
    ---------------------

    Doubly Occupied:                                                      

       1A    -20.819857     2A    -20.798979     3A    -20.792926  
       4A    -16.008857     5A    -15.988112     6A    -11.599502  
       7A    -11.579240     8A    -11.569413     9A    -11.548146  
      10A    -11.533711    11A    -11.503091    12A    -11.451626  
      13A     -1.633984    14A     -1.619653    15A     -1.616703  
      16A     -1.582715    17A     -1.558852    18A     -1.308988  
      19A     -1.301063    20A     -1.212436    21A     -1.158301  
      22A     -1.084075    23A     -1.082551    24A     -1.067656  
      25A     -1.035467    26A     -1.010691    27A     -0.988593  
      28A     -0.983603    29A     -0.964213    30A     -0.931492  
      31A     -0.902120    32A     -0.880991    33A     -0.873127  
      34A     -0.864849    35A     -0.852976    36A     -0.840424  
      37A     -0.812788    38A     -0.812249    39A     -0.792765  
      40A     -0.774341    41A     -0.763113    42A     -0.748159  
      43A     -0.736235    44A     -0.730018    45A     -0.711197  
      46A     -0.676045    47A     -0.675640    48A     -0.641216  

    Virtual:                                                              

      49A     -0.205526    50A     -0.180317    51A     -0.157875  
      52A     -0.144559    53A     -0.140980    54A     -0.132328  
      55A     -0.116641    56A     -0.112689    57A     -0.107970  
      58A     -0.102657    59A     -0.090874    60A     -0.088230  
      61A     -0.084716    62A     -0.082653    63A     -0.078197  
      64A     -0.075675    65A     -0.069029    66A     -0.065477  
      67A     -0.064145    68A     -0.059327    69A     -0.051920  
      70A     -0.048000    71A     -0.041615    72A     -0.032732  
      73A     -0.027194    74A     -0.025640    75A     -0.022962  
      76A     -0.021716    77A     -0.011631    78A     -0.010560  
      79A     -0.007602    80A     -0.007118    81A      0.001148  
      82A      0.013531    83A      0.019056    84A      0.030961  
      85A      0.038064    86A      0.041979    87A      0.042368  
      88A      0.044783    89A      0.060868    90A      0.062676  
      91A      0.067087    92A      0.083416    93A      0.086382  
      94A      0.097755    95A      0.101095    96A      0.105645  
      97A      0.107236    98A      0.112805    99A      0.120660  
     100A      0.129322   101A      0.136788   102A      0.140381  
     103A      0.143740   104A      0.150505   105A      0.153845  
     106A      0.162305   107A      0.166701   108A      0.174708  
     109A      0.176948   110A      0.193772   111A      0.194641  
     112A      0.206960   113A      0.211411   114A      0.213488  
     115A      0.223163   116A      0.227558   117A      0.242820  
     118A      0.254356   119A      0.256867   120A      0.270189  
     121A      0.289171   122A      0.298428   123A      0.329160  
     124A      0.332006   125A      0.374578   126A      0.385035  
     127A      0.443734   128A      0.471527   129A      0.480981  
     130A      0.511853   131A      0.516584   132A      0.524557  
     133A      0.534833   134A      0.536348   135A      0.552449  
     136A      0.564618   137A      0.569023   138A      0.580778  
     139A      0.591532   140A      0.601001   141A      0.613164  
     142A      0.629708   143A      0.630552   144A      0.644283  
     145A      0.651237   146A      0.654536   147A      0.660802  
     148A      0.666042   149A      0.668053   150A      0.679855  
     151A      0.688307   152A      0.704841   153A      0.712526  
     154A      0.724934   155A      0.733304   156A      0.739333  
     157A      0.748909   158A      0.755183   159A      0.768853  
     160A      0.773247   161A      0.781913   162A      0.793033  
     163A      0.805549   164A      0.816633   165A      0.818799  
     166A      0.833214   167A      0.841571   168A      0.842793  
     169A      0.847668   170A      0.869640   171A      0.881821  
     172A      0.908760   173A      0.913197   174A      0.946499  
     175A      0.982552   176A      1.043412   177A      1.064338  
     178A      1.082559   179A      1.108090   180A      1.128846  
     181A      1.142285   182A      1.158406   183A      1.163130  
     184A      1.172984   185A      1.210161   186A      1.216666  
     187A      1.222827   188A      1.250777   189A      1.260374  
     190A      1.264162   191A      1.286519   192A      1.290887  
     193A      1.301649   194A      1.304550   195A      1.309400  
     196A      1.313173   197A      1.325184   198A      1.339468  
     199A      1.362641   200A      1.366064   201A      1.394741  
     202A      1.417790   203A      1.426535   204A      1.434496  
     205A      1.446609   206A      1.463584   207A      1.478796  
     208A      1.497065   209A      1.509724   210A      1.541423  
     211A      1.558793   212A      1.570774   213A      1.589752  
     214A      1.616844   215A      1.624184   216A      1.628659  
     217A      1.633360   218A      1.647099   219A      1.658344  
     220A      1.666427   221A      1.690163   222A      1.698088  
     223A      1.711464   224A      1.723533   225A      1.724998  
     226A      1.725572   227A      1.731440   228A      1.742156  
     229A      1.761180   230A      1.773328   231A      1.777841  
     232A      1.781459   233A      1.795118   234A      1.811832  
     235A      1.834221   236A      1.841320   237A      1.850507  
     238A      1.852146   239A      1.870322   240A      1.886696  
     241A      1.900949   242A      1.926345   243A      1.937537  
     244A      1.954948   245A      1.960836   246A      1.963540  
     247A      2.004296   248A      2.031032   249A      2.036816  
     250A      2.041976   251A      2.056703   252A      2.076795  
     253A      2.094654   254A      2.108515   255A      2.111338  
     256A      2.139115   257A      2.148214   258A      2.177102  
     259A      2.209085   260A      2.217632   261A      2.234313  
     262A      2.252687   263A      2.265748   264A      2.296840  
     265A      2.326054   266A      2.372197   267A      2.374279  
     268A      2.375152   269A      2.413300   270A      2.439974  
     271A      2.449232   272A      2.473873   273A      2.480944  
     274A      2.500967   275A      2.523865   276A      2.547770  
     277A      2.572419   278A      2.579076   279A      2.588318  
     280A      2.605810   281A      2.635913   282A      2.636318  
     283A      2.658368   284A      2.686097   285A      2.687550  
     286A      2.724966   287A      2.742596   288A      2.815450  
     289A      2.845793   290A      2.859825   291A      2.897796  
     292A      2.944837   293A      3.017224   294A      3.065036  
     295A      3.092643   296A      3.123694   297A      3.184114  
     298A      3.206240   299A      3.271004   300A      3.285426  
     301A      3.434360   302A      3.523666   303A      3.564789  
     304A      3.672153   305A      3.786017   306A      3.909314  

    Final Occupation by Irrep:
              A 
    DOCC [    48 ]

  @DF-RHF Final Energy:  -608.39316102738883

   => Energetics <=

    Nuclear Repulsion Energy =            641.4785230892618983
    One-Electron Energy =               -2076.8978632085468234
    Two-Electron Energy =                 827.0261790918960969
    Total Energy =                       -608.3931610273888282

Computation Completed


Properties will be evaluated at   0.000000,   0.000000,   0.000000 [a0]

Properties computed using the SCF density matrix

  Nuclear Dipole Moment: [e a0]
     X:     6.2437      Y:   -11.5454      Z:     7.4961

  Electronic Dipole Moment: [e a0]
     X:    -4.4479      Y:     5.2769      Z:    -7.3117

  Dipole Moment: [e a0]
     X:     1.7958      Y:    -6.2685      Z:     0.1844     Total:     6.5233

  Dipole Moment: [D]
     X:     4.5646      Y:   -15.9330      Z:     0.4687     Total:    16.5806


*** tstop() called on aliaconda at Sun Mar 20 06:45:26 2022
Module time:
	user time   =     323.65 seconds =       5.39 minutes
	system time =      39.87 seconds =       0.66 minutes
	total time  =         15 seconds =       0.25 minutes
Total time:
	user time   =  140210.00 seconds =    2336.83 minutes
	system time =   19820.06 seconds =     330.33 minutes
	total time  =       8509 seconds =     141.82 minutes

  //>>>>>>>>>>>>>>>>>>>>>>>>>>>>>>>>>>>//
  //            Monomer A HF           //
  //<<<<<<<<<<<<<<<<<<<<<<<<<<<<<<<<<<<//


*** tstart() called on aliaconda
*** at Sun Mar 20 06:45:26 2022

   => Loading Basis Set <=

    Name: JUN-CC-PVDZ
    Role: ORBITAL
    Keyword: BASIS
    atoms 1, 14                                          entry N          line   198 file /home/alia/anaconda3/envs/mddemo/share/psi4/basis/jun-cc-pvdz.gbs 
    atoms 2-4, 6, 8-10, 13, 15-17, 19, 21, 23, 25-27, 30 entry H          line    36 file /home/alia/anaconda3/envs/mddemo/share/psi4/basis/jun-cc-pvdz.gbs 
    atoms 5, 7, 11, 18, 20, 24, 28                       entry C          line   164 file /home/alia/anaconda3/envs/mddemo/share/psi4/basis/jun-cc-pvdz.gbs 
    atoms 12, 22, 29                                     entry O          line   232 file /home/alia/anaconda3/envs/mddemo/share/psi4/basis/jun-cc-pvdz.gbs 


         ---------------------------------------------------------
                                   SCF
               by Justin Turney, Rob Parrish, Andy Simmonett
                          and Daniel G. A. Smith
                              RHF Reference
                       32 Threads,  76293 MiB Core
         ---------------------------------------------------------

  ==> Geometry <==

    Molecular point group: c1
    Full point group: C1

    Geometry (in Angstrom), charge = 1, multiplicity = 1:

       Center              X                  Y                   Z               Mass       
    ------------   -----------------  -----------------  -----------------  -----------------
         N           -0.444924283339    -6.410005974661    -0.828446860179    14.003074004430
         H           -1.132924485518    -6.820006060492    -1.724446768626     1.007825032230
         H           -1.297924447371    -6.193005967031    -0.007446760997     1.007825032230
         H            0.120075773882    -7.161005902182    -0.500446791514     1.007825032230
         C            0.301075529741    -5.196005749594    -1.128446574077    12.000000000000
         H           -0.052924561812    -4.373005795370    -0.472446913585     1.007825032230
         C            1.785075497316    -5.270006108175    -0.642446989879    12.000000000000
         H            2.363075565981    -6.244006085287    -0.789446825847     1.007825032230
         H            1.811075520204    -5.102005886923     0.453553204671     1.007825032230
         H            2.331075501131    -4.397005963217    -1.093446726665     1.007825032230
         C            0.210075449632    -4.798005986105    -2.632446760997    12.000000000000
         O           -0.075924325300    -5.581005978476    -3.569446797236    15.994914619570
         H            0.412468981432    -3.748514103781    -2.892452711925     1.007825032230
      Gh(N)           0.803075623201     2.864994120707     0.299553399220    14.003074004430
      Gh(H)           0.825075459169     1.660993647684     0.325553422109     1.007825032230
      Gh(H)           0.813075613664     2.994994235147    -0.900446886882     1.007825032230
      Gh(H)           1.662075590776     3.213994097818     0.609553342000     1.007825032230
      Gh(C)          -0.347924638106     3.594993662943     0.743553166524    12.000000000000
      Gh(H)          -1.169924664809     2.902994227518     0.600553040639     1.007825032230
      Gh(C)          -0.381924557997     3.876994204630     2.219552998677    12.000000000000
      Gh(H)          -1.418924260451     4.298994135965     2.561553006307     1.007825032230
      Gh(O)           0.594075512575     4.715993952860     2.715553288594    15.994914619570
      Gh(H)           1.460075449632     4.308994364847     2.531553273335     1.007825032230
      Gh(C)          -0.120924401594     2.550993991007     3.007553105489    12.000000000000
      Gh(H)           0.972075533556     2.323993754496     3.135553364888     1.007825032230
      Gh(H)          -0.661924290968     1.739994120707     2.563552861348     1.007825032230
      Gh(H)          -0.497924256636     2.804993701090     4.016552930013     1.007825032230
      Gh(C)          -0.682924676253     4.793994021524    -0.055446619853    12.000000000000
      Gh(O)          -1.823924470259     5.081994128336    -0.321446890697    15.994914619570
      Gh(H)           0.130318712877     5.440531802286    -0.416866774425     1.007825032230

  Running in c1 symmetry.

  Rotational constants: A =      0.03799  B =      0.00380  C =      0.00361 [cm^-1]
  Rotational constants: A =   1138.82093  B =    114.04461  C =    108.23116 [MHz]
  Nuclear repulsion =  182.931278866487133

  Charge       = 1
  Multiplicity = 1
  Electrons    = 40
  Nalpha       = 20
  Nbeta        = 20

  ==> Algorithm <==

  SCF Algorithm Type is DF.
  DIIS enabled.
  MOM disabled.
  Fractional occupation disabled.
  Guess Type is SAD.
  Energy threshold   = 1.00e-08
  Density threshold  = 1.00e-08
  Integral threshold = 1.00e-12

  ==> Primary Basis <==

  Basis Set: JUN-CC-PVDZ
    Blend: JUN-CC-PVDZ
    Number of shells: 150
    Number of basis functions: 306
    Number of Cartesian functions: 318
    Spherical Harmonics?: true
    Max angular momentum: 2

   => Loading Basis Set <=

    Name: (JUN-CC-PVDZ AUX)
    Role: JKFIT
    Keyword: DF_BASIS_SCF
    atoms 1, 14                                          entry N          line   202 file /home/alia/anaconda3/envs/mddemo/share/psi4/basis/jun-cc-pvdz-jkfit.gbs 
    atoms 2-4, 6, 8-10, 13, 15-17, 19, 21, 23, 25-27, 30 entry H          line    70 file /home/alia/anaconda3/envs/mddemo/share/psi4/basis/jun-cc-pvdz-jkfit.gbs 
    atoms 5, 7, 11, 18, 20, 24, 28                       entry C          line   146 file /home/alia/anaconda3/envs/mddemo/share/psi4/basis/jun-cc-pvdz-jkfit.gbs 
    atoms 12, 22, 29                                     entry O          line   258 file /home/alia/anaconda3/envs/mddemo/share/psi4/basis/jun-cc-pvdz-jkfit.gbs 

  ==> Integral Setup <==

  ==> DiskDFJK: Density-Fitted J/K Matrices <==

    J tasked:                  Yes
    K tasked:                  Yes
    wK tasked:                  No
    OpenMP threads:             32
    Integrals threads:          32
    Memory [MiB]:            57220
    Algorithm:                Core
    Integral Cache:           LOAD
    Schwarz Cutoff:          1E-12
    Fitting Condition:       1E-10

   => Auxiliary Basis Set <=

  Basis Set: (JUN-CC-PVDZ AUX)
    Blend: JUN-CC-PVDZ-JKFIT
    Number of shells: 486
    Number of basis functions: 1362
    Number of Cartesian functions: 1542
    Spherical Harmonics?: true
    Max angular momentum: 3

  Minimum eigenvalue in the overlap matrix is 5.2612786287E-05.
  Reciprocal condition number of the overlap matrix is 4.5372364381E-06.
    Using symmetric orthogonalization.

  ==> Pre-Iterations <==

  SCF Guess: Superposition of Atomic Densities via on-the-fly atomic UHF (no occupation information).

   -------------------------
    Irrep   Nso     Nmo    
   -------------------------
     A        306     306 
   -------------------------
    Total     306     306
   -------------------------

  ==> Iterations <==

                           Total Energy        Delta E     RMS |[F,P]|

   @DF-RHF iter SAD:  -246.54682552716454   -2.46547e+02   0.00000e+00 
   @DF-RHF iter   1:  -247.12252193418146   -5.75696e-01   1.73658e-03 DIIS
   @DF-RHF iter   2:  -247.24081568299098   -1.18294e-01   1.15895e-03 DIIS
   @DF-RHF iter   3:  -247.28829097179755   -4.74753e-02   2.55145e-04 DIIS
   @DF-RHF iter   4:  -247.29212761696084   -3.83665e-03   8.38217e-05 DIIS
   @DF-RHF iter   5:  -247.29259210181289   -4.64485e-04   2.02060e-05 DIIS
   @DF-RHF iter   6:  -247.29264468814148   -5.25863e-05   8.74032e-06 DIIS
   @DF-RHF iter   7:  -247.29265424035776   -9.55222e-06   4.41632e-06 DIIS
   @DF-RHF iter   8:  -247.29265680304562   -2.56269e-06   1.58662e-06 DIIS
   @DF-RHF iter   9:  -247.29265715411208   -3.51066e-07   3.92299e-07 DIIS
   @DF-RHF iter  10:  -247.29265717400773   -1.98957e-08   1.46705e-07 DIIS
   @DF-RHF iter  11:  -247.29265717812825   -4.12052e-09   5.93062e-08 DIIS
   @DF-RHF iter  12:  -247.29265717911042   -9.82169e-10   3.18852e-08 DIIS
   @DF-RHF iter  13:  -247.29265717949363   -3.83210e-10   1.16212e-08 DIIS
   @DF-RHF iter  14:  -247.29265717953444   -4.08136e-11   3.72993e-09 DIIS
  Energy and wave function converged.


  ==> Post-Iterations <==

    Orbital Energies [Eh]
    ---------------------

    Doubly Occupied:                                                      

       1A    -20.756423     2A    -15.929138     3A    -11.535915  
       4A    -11.514375     5A    -11.438511     6A     -1.557218  
       7A     -1.498762     8A     -1.237238     9A     -1.094349  
      10A     -1.004515    11A     -0.950868    12A     -0.926893  
      13A     -0.868606    14A     -0.818715    15A     -0.789902  
      16A     -0.748516    17A     -0.727948    18A     -0.699010  
      19A     -0.667720    20A     -0.612602  

    Virtual:                                                              

      21A     -0.120925    22A     -0.078339    23A     -0.074981  
      24A     -0.049421    25A     -0.044146    26A     -0.030649  
      27A     -0.027486    28A     -0.020156    29A     -0.017599  
      30A     -0.008311    31A     -0.004510    32A      0.000272  
      33A      0.010385    34A      0.011801    35A      0.014245  
      36A      0.026621    37A      0.031426    38A      0.035497  
      39A      0.038679    40A      0.047550    41A      0.049857  
      42A      0.052360    43A      0.055819    44A      0.058837  
      45A      0.072494    46A      0.081669    47A      0.085111  
      48A      0.088802    49A      0.094193    50A      0.101440  
      51A      0.102991    52A      0.107088    53A      0.110689  
      54A      0.125083    55A      0.137870    56A      0.145606  
      57A      0.149615    58A      0.153997    59A      0.156817  
      60A      0.157966    61A      0.165462    62A      0.166675  
      63A      0.176859    64A      0.179284    65A      0.189706  
      66A      0.194301    67A      0.204106    68A      0.212006  
      69A      0.214218    70A      0.230117    71A      0.238669  
      72A      0.242762    73A      0.246837    74A      0.255030  
      75A      0.261435    76A      0.270330    77A      0.274120  
      78A      0.275970    79A      0.299954    80A      0.305719  
      81A      0.311088    82A      0.318762    83A      0.328168  
      84A      0.339075    85A      0.363351    86A      0.370462  
      87A      0.383938    88A      0.391643    89A      0.402551  
      90A      0.435704    91A      0.438690    92A      0.463402  
      93A      0.484583    94A      0.493015    95A      0.505820  
      96A      0.509198    97A      0.535357    98A      0.538020  
      99A      0.550982   100A      0.558609   101A      0.573809  
     102A      0.582784   103A      0.588089   104A      0.596447  
     105A      0.597650   106A      0.614250   107A      0.632948  
     108A      0.655710   109A      0.657344   110A      0.671847  
     111A      0.674993   112A      0.683470   113A      0.693671  
     114A      0.710459   115A      0.715907   116A      0.725273  
     117A      0.730862   118A      0.744330   119A      0.750498  
     120A      0.758508   121A      0.787149   122A      0.791481  
     123A      0.815564   124A      0.820490   125A      0.836792  
     126A      0.852733   127A      0.856039   128A      0.866251  
     129A      0.880577   130A      0.901730   131A      0.904099  
     132A      0.911112   133A      0.925030   134A      0.952797  
     135A      0.960116   136A      0.980398   137A      0.992014  
     138A      1.010043   139A      1.046687   140A      1.129143  
     141A      1.146427   142A      1.148160   143A      1.192514  
     144A      1.225570   145A      1.227412   146A      1.279924  
     147A      1.285615   148A      1.324762   149A      1.347656  
     150A      1.363267   151A      1.373138   152A      1.422862  
     153A      1.482272   154A      1.497122   155A      1.503522  
     156A      1.532173   157A      1.557925   158A      1.562431  
     159A      1.574011   160A      1.607007   161A      1.621371  
     162A      1.627191   163A      1.642637   164A      1.673672  
     165A      1.687392   166A      1.695749   167A      1.697809  
     168A      1.709746   169A      1.722091   170A      1.730101  
     171A      1.738677   172A      1.757156   173A      1.762172  
     174A      1.762958   175A      1.774834   176A      1.788955  
     177A      1.804995   178A      1.818156   179A      1.836378  
     180A      1.845975   181A      1.855432   182A      1.872616  
     183A      1.875180   184A      1.893969   185A      1.905081  
     186A      1.906452   187A      1.913576   188A      1.922784  
     189A      1.937851   190A      1.950192   191A      1.966614  
     192A      1.990077   193A      1.992103   194A      2.001681  
     195A      2.016403   196A      2.030938   197A      2.040476  
     198A      2.058508   199A      2.080791   200A      2.094054  
     201A      2.097179   202A      2.120306   203A      2.134598  
     204A      2.149118   205A      2.157480   206A      2.168415  
     207A      2.170492   208A      2.182680   209A      2.199627  
     210A      2.202224   211A      2.234793   212A      2.250825  
     213A      2.277657   214A      2.281270   215A      2.305082  
     216A      2.316486   217A      2.335130   218A      2.343395  
     219A      2.356282   220A      2.388239   221A      2.400180  
     222A      2.414189   223A      2.418314   224A      2.433458  
     225A      2.444592   226A      2.467946   227A      2.501449  
     228A      2.510204   229A      2.538816   230A      2.566515  
     231A      2.594983   232A      2.609610   233A      2.613010  
     234A      2.618868   235A      2.631303   236A      2.638094  
     237A      2.669279   238A      2.692652   239A      2.694763  
     240A      2.698637   241A      2.718881   242A      2.747592  
     243A      2.754653   244A      2.805366   245A      2.860025  
     246A      2.877741   247A      2.903046   248A      2.906620  
     249A      2.910165   250A      2.924367   251A      2.945405  
     252A      2.998290   253A      3.007065   254A      3.038562  
     255A      3.086339   256A      3.124531   257A      3.165255  
     258A      3.211391   259A      3.246220   260A      3.305619  
     261A      3.336399   262A      3.417072   263A      3.439192  
     264A      3.496887   265A      3.516647   266A      3.596449  
     267A      3.634662   268A      3.674653   269A      3.734266  
     270A      3.774265   271A      3.958744   272A      3.997537  
     273A      4.063112   274A      4.191329   275A      4.205241  
     276A      4.355574   277A      4.434456   278A      4.487104  
     279A      4.560322   280A      4.616543   281A      4.686200  
     282A      4.705251   283A      4.717329   284A      4.841158  
     285A      4.845542   286A      4.884867   287A      5.045722  
     288A      5.078709   289A      5.085802   290A      5.203773  
     291A      5.383256   292A      5.512944   293A      5.568335  
     294A      5.668135   295A      5.814305   296A      6.030585  
     297A      6.086908   298A      6.744144   299A      6.822459  
     300A     18.143548   301A     18.330618   302A     18.444394  
     303A     18.640663   304A     25.335039   305A     33.450608  
     306A     33.474486  

    Final Occupation by Irrep:
              A 
    DOCC [    20 ]

  @DF-RHF Final Energy:  -247.29265717953444

   => Energetics <=

    Nuclear Repulsion Energy =            182.9312788664871334
    One-Electron Energy =                -689.6934220539534408
    Two-Electron Energy =                 259.4694860079318914
    Total Energy =                       -247.2926571795344444

Computation Completed


Properties will be evaluated at   0.000000,   0.000000,   0.000000 [a0]

Properties computed using the SCF density matrix

  Nuclear Dipole Moment: [e a0]
     X:    27.6079      Y:  -425.4544      Z:  -128.1259

  Electronic Dipole Moment: [e a0]
     X:   -27.8438      Y:   414.5366      Z:   127.4436

  Dipole Moment: [e a0]
     X:    -0.2359      Y:   -10.9177      Z:    -0.6823     Total:    10.9416

  Dipole Moment: [D]
     X:    -0.5996      Y:   -27.7501      Z:    -1.7342     Total:    27.8107


*** tstop() called on aliaconda at Sun Mar 20 06:45:35 2022
Module time:
	user time   =     196.73 seconds =       3.28 minutes
	system time =      20.04 seconds =       0.33 minutes
	total time  =          9 seconds =       0.15 minutes
Total time:
	user time   =  140406.85 seconds =    2340.11 minutes
	system time =   19840.12 seconds =     330.67 minutes
	total time  =       8518 seconds =     141.97 minutes

  //>>>>>>>>>>>>>>>>>>>>>>>>>>>>>>>>>>>//
  //            Monomer B HF           //
  //<<<<<<<<<<<<<<<<<<<<<<<<<<<<<<<<<<<//


*** tstart() called on aliaconda
*** at Sun Mar 20 06:45:35 2022

   => Loading Basis Set <=

    Name: JUN-CC-PVDZ
    Role: ORBITAL
    Keyword: BASIS
    atoms 1, 14                                          entry N          line   198 file /home/alia/anaconda3/envs/mddemo/share/psi4/basis/jun-cc-pvdz.gbs 
    atoms 2-4, 6, 8-10, 13, 15-17, 19, 21, 23, 25-27, 30 entry H          line    36 file /home/alia/anaconda3/envs/mddemo/share/psi4/basis/jun-cc-pvdz.gbs 
    atoms 5, 7, 11, 18, 20, 24, 28                       entry C          line   164 file /home/alia/anaconda3/envs/mddemo/share/psi4/basis/jun-cc-pvdz.gbs 
    atoms 12, 22, 29                                     entry O          line   232 file /home/alia/anaconda3/envs/mddemo/share/psi4/basis/jun-cc-pvdz.gbs 


         ---------------------------------------------------------
                                   SCF
               by Justin Turney, Rob Parrish, Andy Simmonett
                          and Daniel G. A. Smith
                              RHF Reference
                       32 Threads,  76293 MiB Core
         ---------------------------------------------------------

  ==> Geometry <==

    Molecular point group: c1
    Full point group: C1

    Geometry (in Angstrom), charge = 1, multiplicity = 1:

       Center              X                  Y                   Z               Mass       
    ------------   -----------------  -----------------  -----------------  -----------------
      Gh(N)          -0.444924283339    -6.410005974661    -0.828446860179    14.003074004430
      Gh(H)          -1.132924485518    -6.820006060492    -1.724446768626     1.007825032230
      Gh(H)          -1.297924447371    -6.193005967031    -0.007446760997     1.007825032230
      Gh(H)           0.120075773882    -7.161005902182    -0.500446791514     1.007825032230
      Gh(C)           0.301075529741    -5.196005749594    -1.128446574077    12.000000000000
      Gh(H)          -0.052924561812    -4.373005795370    -0.472446913585     1.007825032230
      Gh(C)           1.785075497316    -5.270006108175    -0.642446989879    12.000000000000
      Gh(H)           2.363075565981    -6.244006085287    -0.789446825847     1.007825032230
      Gh(H)           1.811075520204    -5.102005886923     0.453553204671     1.007825032230
      Gh(H)           2.331075501131    -4.397005963217    -1.093446726665     1.007825032230
      Gh(C)           0.210075449632    -4.798005986105    -2.632446760997    12.000000000000
      Gh(O)          -0.075924325300    -5.581005978476    -3.569446797236    15.994914619570
      Gh(H)           0.412468981432    -3.748514103781    -2.892452711925     1.007825032230
         N            0.803075623201     2.864994120707     0.299553399220    14.003074004430
         H            0.825075459169     1.660993647684     0.325553422109     1.007825032230
         H            0.813075613664     2.994994235147    -0.900446886882     1.007825032230
         H            1.662075590776     3.213994097818     0.609553342000     1.007825032230
         C           -0.347924638106     3.594993662943     0.743553166524    12.000000000000
         H           -1.169924664809     2.902994227518     0.600553040639     1.007825032230
         C           -0.381924557997     3.876994204630     2.219552998677    12.000000000000
         H           -1.418924260451     4.298994135965     2.561553006307     1.007825032230
         O            0.594075512575     4.715993952860     2.715553288594    15.994914619570
         H            1.460075449632     4.308994364847     2.531553273335     1.007825032230
         C           -0.120924401594     2.550993991007     3.007553105489    12.000000000000
         H            0.972075533556     2.323993754496     3.135553364888     1.007825032230
         H           -0.661924290968     1.739994120707     2.563552861348     1.007825032230
         H           -0.497924256636     2.804993701090     4.016552930013     1.007825032230
         C           -0.682924676253     4.793994021524    -0.055446619853    12.000000000000
         O           -1.823924470259     5.081994128336    -0.321446890697    15.994914619570
         H            0.130318712877     5.440531802286    -0.416866774425     1.007825032230

  Running in c1 symmetry.

  Rotational constants: A =      0.03799  B =      0.00380  C =      0.00361 [cm^-1]
  Rotational constants: A =   1138.82093  B =    114.04461  C =    108.23116 [MHz]
  Nuclear repulsion =  333.727839305975067

  Charge       = 1
  Multiplicity = 1
  Electrons    = 56
  Nalpha       = 28
  Nbeta        = 28

  ==> Algorithm <==

  SCF Algorithm Type is DF.
  DIIS enabled.
  MOM disabled.
  Fractional occupation disabled.
  Guess Type is SAD.
  Energy threshold   = 1.00e-08
  Density threshold  = 1.00e-08
  Integral threshold = 1.00e-12

  ==> Primary Basis <==

  Basis Set: JUN-CC-PVDZ
    Blend: JUN-CC-PVDZ
    Number of shells: 150
    Number of basis functions: 306
    Number of Cartesian functions: 318
    Spherical Harmonics?: true
    Max angular momentum: 2

   => Loading Basis Set <=

    Name: (JUN-CC-PVDZ AUX)
    Role: JKFIT
    Keyword: DF_BASIS_SCF
    atoms 1, 14                                          entry N          line   202 file /home/alia/anaconda3/envs/mddemo/share/psi4/basis/jun-cc-pvdz-jkfit.gbs 
    atoms 2-4, 6, 8-10, 13, 15-17, 19, 21, 23, 25-27, 30 entry H          line    70 file /home/alia/anaconda3/envs/mddemo/share/psi4/basis/jun-cc-pvdz-jkfit.gbs 
    atoms 5, 7, 11, 18, 20, 24, 28                       entry C          line   146 file /home/alia/anaconda3/envs/mddemo/share/psi4/basis/jun-cc-pvdz-jkfit.gbs 
    atoms 12, 22, 29                                     entry O          line   258 file /home/alia/anaconda3/envs/mddemo/share/psi4/basis/jun-cc-pvdz-jkfit.gbs 

  ==> Integral Setup <==

  ==> DiskDFJK: Density-Fitted J/K Matrices <==

    J tasked:                  Yes
    K tasked:                  Yes
    wK tasked:                  No
    OpenMP threads:             32
    Integrals threads:          32
    Memory [MiB]:            57220
    Algorithm:                Core
    Integral Cache:           LOAD
    Schwarz Cutoff:          1E-12
    Fitting Condition:       1E-10

   => Auxiliary Basis Set <=

  Basis Set: (JUN-CC-PVDZ AUX)
    Blend: JUN-CC-PVDZ-JKFIT
    Number of shells: 486
    Number of basis functions: 1362
    Number of Cartesian functions: 1542
    Spherical Harmonics?: true
    Max angular momentum: 3

  Minimum eigenvalue in the overlap matrix is 5.2612786287E-05.
  Reciprocal condition number of the overlap matrix is 4.5372364381E-06.
    Using symmetric orthogonalization.

  ==> Pre-Iterations <==

  SCF Guess: Superposition of Atomic Densities via on-the-fly atomic UHF (no occupation information).

   -------------------------
    Irrep   Nso     Nmo    
   -------------------------
     A        306     306 
   -------------------------
    Total     306     306
   -------------------------

  ==> Iterations <==

                           Total Energy        Delta E     RMS |[F,P]|

   @DF-RHF iter SAD:  -360.85660223333383   -3.60857e+02   0.00000e+00 
   @DF-RHF iter   1:  -360.89937394070097   -4.27717e-02   2.19787e-03 DIIS
   @DF-RHF iter   2:  -361.09627821809255   -1.96904e-01   1.32958e-03 DIIS
   @DF-RHF iter   3:  -361.15781677237675   -6.15386e-02   2.94539e-04 DIIS
   @DF-RHF iter   4:  -361.16261948669484   -4.80271e-03   1.12156e-04 DIIS
   @DF-RHF iter   5:  -361.16331446749751   -6.94981e-04   2.57103e-05 DIIS
   @DF-RHF iter   6:  -361.16337848141188   -6.40139e-05   1.21125e-05 DIIS
   @DF-RHF iter   7:  -361.16339297274266   -1.44913e-05   4.98074e-06 DIIS
   @DF-RHF iter   8:  -361.16339605377431   -3.08103e-06   1.98637e-06 DIIS
   @DF-RHF iter   9:  -361.16339655850635   -5.04732e-07   5.92166e-07 DIIS
   @DF-RHF iter  10:  -361.16339661206126   -5.35549e-08   2.23671e-07 DIIS
   @DF-RHF iter  11:  -361.16339662208600   -1.00247e-08   1.05224e-07 DIIS
   @DF-RHF iter  12:  -361.16339662501241   -2.92641e-09   5.67065e-08 DIIS
   @DF-RHF iter  13:  -361.16339662606032   -1.04791e-09   2.58990e-08 DIIS
   @DF-RHF iter  14:  -361.16339662626172   -2.01396e-10   7.73253e-09 DIIS
  Energy and wave function converged.


  ==> Post-Iterations <==

    Orbital Energies [Eh]
    ---------------------

    Doubly Occupied:                                                      

       1A    -20.747579     2A    -20.741539     3A    -15.949175  
       4A    -11.518208     5A    -11.492726     6A    -11.480006  
       7A    -11.394972     8A     -1.582123     9A     -1.564719  
      10A     -1.525464    11A     -1.253653    12A     -1.156958  
      13A     -1.028795    14A     -1.027517    15A     -0.978599  
      16A     -0.927073    17A     -0.909662    18A     -0.847821  
      19A     -0.819341    20A     -0.812535    21A     -0.786887  
      22A     -0.758323    23A     -0.718910    24A     -0.694843  
      25A     -0.683424    26A     -0.657927    27A     -0.623615  
      28A     -0.588530  

    Virtual:                                                              

      29A     -0.138782    30A     -0.090356    31A     -0.076780  
      32A     -0.056977    33A     -0.042902    34A     -0.035912  
      35A     -0.033812    36A     -0.025368    37A     -0.021675  
      38A     -0.014009    39A     -0.008225    40A     -0.004274  
      41A      0.000498    42A      0.003493    43A      0.009260  
      44A      0.018985    45A      0.026707    46A      0.031224  
      47A      0.040083    48A      0.042234    49A      0.044401  
      50A      0.046669    51A      0.047721    52A      0.055964  
      53A      0.056794    54A      0.065084    55A      0.070499  
      56A      0.082700    57A      0.092082    58A      0.097389  
      59A      0.104373    60A      0.108736    61A      0.112312  
      62A      0.117137    63A      0.122604    64A      0.130244  
      65A      0.135261    66A      0.143881    67A      0.148771  
      68A      0.151030    69A      0.158070    70A      0.163695  
      71A      0.168043    72A      0.169918    73A      0.180253  
      74A      0.192382    75A      0.193727    76A      0.198504  
      77A      0.209053    78A      0.212432    79A      0.215669  
      80A      0.219138    81A      0.227118    82A      0.242926  
      83A      0.246461    84A      0.258457    85A      0.266274  
      86A      0.272349    87A      0.279476    88A      0.285653  
      89A      0.296336    90A      0.306966    91A      0.319699  
      92A      0.325254    93A      0.343058    94A      0.347115  
      95A      0.352042    96A      0.358031    97A      0.380210  
      98A      0.382509    99A      0.384124   100A      0.396081  
     101A      0.412965   102A      0.437857   103A      0.456488  
     104A      0.479035   105A      0.502123   106A      0.525093  
     107A      0.536119   108A      0.540095   109A      0.560839  
     110A      0.571905   111A      0.577547   112A      0.594072  
     113A      0.598264   114A      0.607621   115A      0.625188  
     116A      0.636022   117A      0.637292   118A      0.658880  
     119A      0.671146   120A      0.684668   121A      0.700468  
     122A      0.709431   123A      0.720862   124A      0.741467  
     125A      0.742998   126A      0.751572   127A      0.760054  
     128A      0.766036   129A      0.787989   130A      0.791635  
     131A      0.803728   132A      0.808677   133A      0.825822  
     134A      0.836594   135A      0.837966   136A      0.872455  
     137A      0.886717   138A      0.889822   139A      0.894970  
     140A      0.897279   141A      0.922416   142A      0.938588  
     143A      0.940849   144A      0.965828   145A      0.969339  
     146A      0.984793   147A      1.036156   148A      1.097456  
     149A      1.146018   150A      1.162142   151A      1.196698  
     152A      1.210979   153A      1.227932   154A      1.264138  
     155A      1.304700   156A      1.314142   157A      1.342082  
     158A      1.356811   159A      1.363812   160A      1.378818  
     161A      1.391394   162A      1.421514   163A      1.448564  
     164A      1.480414   165A      1.482831   166A      1.488030  
     167A      1.501715   168A      1.516462   169A      1.533007  
     170A      1.537176   171A      1.560249   172A      1.572179  
     173A      1.597246   174A      1.625648   175A      1.641723  
     176A      1.644172   177A      1.667157   178A      1.672442  
     179A      1.678546   180A      1.684618   181A      1.703440  
     182A      1.717262   183A      1.745104   184A      1.751209  
     185A      1.778359   186A      1.780373   187A      1.786494  
     188A      1.798773   189A      1.807995   190A      1.816675  
     191A      1.832400   192A      1.835672   193A      1.851126  
     194A      1.865386   195A      1.871247   196A      1.887926  
     197A      1.892235   198A      1.907025   199A      1.925541  
     200A      1.932573   201A      1.946865   202A      1.956780  
     203A      1.958456   204A      1.970780   205A      1.984026  
     206A      1.992802   207A      2.003497   208A      2.016776  
     209A      2.017967   210A      2.040642   211A      2.056894  
     212A      2.059161   213A      2.086528   214A      2.092160  
     215A      2.098457   216A      2.103915   217A      2.131442  
     218A      2.141166   219A      2.166198   220A      2.167232  
     221A      2.184458   222A      2.194789   223A      2.203806  
     224A      2.232401   225A      2.261051   226A      2.264991  
     227A      2.288815   228A      2.295925   229A      2.319756  
     230A      2.335975   231A      2.352238   232A      2.357017  
     233A      2.385129   234A      2.409922   235A      2.415716  
     236A      2.429127   237A      2.432218   238A      2.469827  
     239A      2.489301   240A      2.494898   241A      2.525016  
     242A      2.534855   243A      2.558334   244A      2.579033  
     245A      2.621774   246A      2.633168   247A      2.644485  
     248A      2.674525   249A      2.693744   250A      2.694547  
     251A      2.713941   252A      2.717245   253A      2.740886  
     254A      2.765227   255A      2.781222   256A      2.799132  
     257A      2.813319   258A      2.861864   259A      2.887723  
     260A      2.911453   261A      2.941231   262A      2.953535  
     263A      2.997970   264A      3.057710   265A      3.071098  
     266A      3.079276   267A      3.128992   268A      3.145167  
     269A      3.180223   270A      3.257732   271A      3.322576  
     272A      3.324663   273A      3.336906   274A      3.410539  
     275A      3.446680   276A      3.574559   277A      3.576531  
     278A      3.616153   279A      3.646973   280A      3.689401  
     281A      3.836753   282A      3.901892   283A      3.960256  
     284A      3.997312   285A      4.113075   286A      4.164888  
     287A      4.247750   288A      4.330601   289A      4.575289  
     290A      4.624491   291A      4.692405   292A      4.751362  
     293A      4.808750   294A      4.833375   295A      4.969718  
     296A      5.124076   297A      5.449127   298A      5.531262  
     299A      5.673003   300A      5.906658   301A      6.529773  
     302A     18.182868   303A     18.362964   304A     18.522224  
     305A     25.328470   306A     33.428033  

    Final Occupation by Irrep:
              A 
    DOCC [    28 ]

  @DF-RHF Final Energy:  -361.16339662626172

   => Energetics <=

    Nuclear Repulsion Energy =            333.7278393059750670
    One-Electron Energy =               -1143.2406188119307444
    Two-Electron Energy =                 448.3493828796939624
    Total Energy =                       -361.1633966262617150

Computation Completed


Properties will be evaluated at   0.000000,   0.000000,   0.000000 [a0]

Properties computed using the SCF density matrix

  Nuclear Dipole Moment: [e a0]
     X:   -21.3642      Y:   413.9090      Z:   135.6221

  Electronic Dipole Moment: [e a0]
     X:    23.4358      Y:  -409.2544      Z:  -134.7354

  Dipole Moment: [e a0]
     X:     2.0716      Y:     4.6546      Z:     0.8867     Total:     5.1713

  Dipole Moment: [D]
     X:     5.2654      Y:    11.8307      Z:     2.2538     Total:    13.1442


*** tstop() called on aliaconda at Sun Mar 20 06:45:45 2022
Module time:
	user time   =     212.79 seconds =       3.55 minutes
	system time =      23.71 seconds =       0.40 minutes
	total time  =         10 seconds =       0.17 minutes
Total time:
	user time   =  140619.79 seconds =    2343.66 minutes
	system time =   19863.86 seconds =     331.06 minutes
	total time  =       8528 seconds =     142.13 minutes
  Constructing Basis Sets for SAPT...

   => Loading Basis Set <=

    Name: (JUN-CC-PVDZ AUX)
    Role: RIFIT
    Keyword: DF_BASIS_SAPT
    atoms 1, 14                                          entry N          line   144 file /home/alia/anaconda3/envs/mddemo/share/psi4/basis/jun-cc-pvdz-ri.gbs 
    atoms 2-4, 6, 8-10, 13, 15-17, 19, 21, 23, 25-27, 30 entry H          line    30 file /home/alia/anaconda3/envs/mddemo/share/psi4/basis/jun-cc-pvdz-ri.gbs 
    atoms 5, 7, 11, 18, 20, 24, 28                       entry C          line   100 file /home/alia/anaconda3/envs/mddemo/share/psi4/basis/jun-cc-pvdz-ri.gbs 
    atoms 12, 22, 29                                     entry O          line   188 file /home/alia/anaconda3/envs/mddemo/share/psi4/basis/jun-cc-pvdz-ri.gbs 


  //>>>>>>>>>>>>>>>>>>>>>>>>>>>>>>>>>>>//
  //               SAPT0               //
  //<<<<<<<<<<<<<<<<<<<<<<<<<<<<<<<<<<<//


*** tstart() called on aliaconda
*** at Sun Mar 20 06:45:46 2022

        SAPT0  
    Ed Hohenstein
     6 June 2009

      Orbital Information
  --------------------------
    NSO        =       306
    NMO        =       306
    NRI        =      1032
    NOCC A     =        20
    NOCC B     =        28
    FOCC A     =         0
    FOCC B     =         0
    NVIR A     =       286
    NVIR B     =       278

    Elst10,r            =     0.063540985222 [Eh]
    Exch10              =    -0.000000013210 [Eh]
    Exch10 (S^2)        =    -0.000000013210 [Eh]

    Iter     Energy [mEh]          dE [mEh]         Residual      Time [s]
       1      -0.35298284       0.352982836       5.845003805             1
       2      -0.34205021      -0.010932623       1.855484950             2
       3      -0.37086804       0.028817831       0.698322972             2
       4      -0.37888524       0.008017200       0.213732554             3
       5      -0.37742756      -0.001457680       0.121968611             3
       6      -0.37673137      -0.000696198       0.032076279             4
       7      -0.37696155       0.000230182       0.008424092             4
       8      -0.37698009       0.000018544       0.002415625             5
       9      -0.37696935      -0.000010746       0.000934081             6
      10      -0.37696774      -0.000001608       0.000471305             6
      11      -0.37696983       0.000002091       0.000216563             7
      12      -0.37696967      -0.000000156       0.000067682             7
      13      -0.37696942      -0.000000254       0.000016886             8
      14      -0.37696943       0.000000007       0.000004579             9
      15      -0.37696944       0.000000014       0.000001138             9
      16      -0.37696944      -0.000000002       0.000000456            10

    CHF Iterations converged


    Iter     Energy [mEh]          dE [mEh]         Residual      Time [s]
       1      -0.25040440       0.250404399       3.663997440             0
       2      -0.25838778       0.007983381       1.506741869             1
       3      -0.27808730       0.019699523       0.495149244             2
       4      -0.28132087       0.003233569       0.128799398             2
       5      -0.28077950      -0.000541370       0.076107798             3
       6      -0.28035524      -0.000424266       0.023560432             3
       7      -0.28041065       0.000055412       0.010707556             4
       8      -0.28046487       0.000054221       0.002732870             5
       9      -0.28045933      -0.000005544       0.000923483             5
      10      -0.28045600      -0.000003326       0.000314685             6
      11      -0.28045658       0.000000580       0.000158240             6
      12      -0.28045701       0.000000434       0.000079633             7
      13      -0.28045679      -0.000000225       0.000028586             8
      14      -0.28045674      -0.000000047       0.000007841             8
      15      -0.28045676       0.000000020       0.000002519             9
      16      -0.28045676       0.000000003       0.000000796             9

    CHF Iterations converged

    Ind20,r (A<-B)      =    -0.000376969440 [Eh]
    Ind20,r (B<-A)      =    -0.000280456764 [Eh]
    Ind20,r             =    -0.000657426204 [Eh]
    Exch-Ind20,r (A<-B) =     0.000000001520 [Eh]
    Exch-Ind20,r (B<-A) =     0.000000003521 [Eh]
    Exch-Ind20,r        =     0.000000005041 [Eh]
    Disp20              =    -0.000050554466 [Eh]
    Disp20 (SS)         =    -0.000025277233 [Eh]
    Disp20 (OS)         =    -0.000025277233 [Eh]
    Exch-Disp20         =     0.000000001793 [Eh]
    Exch-Disp20 (SS)    =     0.000000001368 [Eh]
    Exch-Disp20 (OS)    =     0.000000000425 [Eh]

    SAPT Results 
  --------------------------------------------------------------------------------------------------------
    Electrostatics                 63.54098522 [mEh]      39.87257020 [kcal/mol]     166.82683372 [kJ/mol]
      Elst10,r                     63.54098522 [mEh]      39.87257020 [kcal/mol]     166.82683372 [kJ/mol]

    Exchange                       -0.00001321 [mEh]      -0.00000829 [kcal/mol]      -0.00003468 [kJ/mol]
      Exch10                       -0.00001321 [mEh]      -0.00000829 [kcal/mol]      -0.00003468 [kJ/mol]
      Exch10(S^2)                  -0.00001321 [mEh]      -0.00000829 [kcal/mol]      -0.00003468 [kJ/mol]

    Induction                      -0.64819360 [mEh]      -0.40674763 [kcal/mol]      -1.70183207 [kJ/mol]
      Ind20,r                      -0.65742620 [mEh]      -0.41254117 [kcal/mol]      -1.72607226 [kJ/mol]
      Exch-Ind20,r                  0.00000504 [mEh]       0.00000316 [kcal/mol]       0.00001323 [kJ/mol]
      delta HF,r (2)                0.00922756 [mEh]       0.00579038 [kcal/mol]       0.02422695 [kJ/mol]

    Dispersion                     -0.05055267 [mEh]      -0.03172228 [kcal/mol]      -0.13272603 [kJ/mol]
      Disp20                       -0.05055447 [mEh]      -0.03172341 [kcal/mol]      -0.13273073 [kJ/mol]
      Exch-Disp20                   0.00000179 [mEh]       0.00000112 [kcal/mol]       0.00000471 [kJ/mol]
      Disp20 (SS)                  -0.02527723 [mEh]      -0.01586170 [kcal/mol]      -0.06636537 [kJ/mol]
      Disp20 (OS)                  -0.02527723 [mEh]      -0.01586170 [kcal/mol]      -0.06636537 [kJ/mol]
      Exch-Disp20 (SS)              0.00000137 [mEh]       0.00000086 [kcal/mol]       0.00000359 [kJ/mol]
      Exch-Disp20 (OS)              0.00000042 [mEh]       0.00000027 [kcal/mol]       0.00000112 [kJ/mol]

  Total HF                         62.89277841 [mEh]      39.46581428 [kcal/mol]     165.12496696 [kJ/mol]
  Total SAPT0                      62.84222573 [mEh]      39.43409200 [kcal/mol]     164.99224093 [kJ/mol]

  Special recipe for scaled SAPT0 (see Manual):
    Electrostatics sSAPT0          63.54098522 [mEh]      39.87257020 [kcal/mol]     166.82683372 [kJ/mol]
    Exchange sSAPT0                -0.00001321 [mEh]      -0.00000829 [kcal/mol]      -0.00003468 [kJ/mol]
    Induction sSAPT0               -0.64819360 [mEh]      -0.40674763 [kcal/mol]      -1.70183207 [kJ/mol]
    Dispersion sSAPT0              -0.05055267 [mEh]      -0.03172228 [kcal/mol]      -0.13272603 [kJ/mol]
  Total sSAPT0                     62.84222573 [mEh]      39.43409200 [kcal/mol]     164.99224093 [kJ/mol]
  --------------------------------------------------------------------------------------------------------

*** tstop() called on aliaconda at Sun Mar 20 06:46:35 2022
Module time:
	user time   =     717.92 seconds =      11.97 minutes
	system time =     127.25 seconds =       2.12 minutes
	total time  =         49 seconds =       0.82 minutes
Total time:
	user time   =  141340.23 seconds =    2355.67 minutes
	system time =   19991.67 seconds =     333.19 minutes
	total time  =       8578 seconds =     142.97 minutes


Warning! sapt0 does not have an associated derived wavefunction.The returned wavefunction is the dimer SCF wavefunction.


  Memory set to  74.506 GiB by Python driver.
  Threads set to 32 by Python driver.
