
Scratch directory: /tmp/

Scratch directory: /tmp/

  //>>>>>>>>>>>>>>>>>>>>>>>>>>>>>>>>>>>//
  //              Dimer HF             //
  //<<<<<<<<<<<<<<<<<<<<<<<<<<<<<<<<<<<//


*** tstart() called on aliaconda
*** at Sun Mar 20 04:59:10 2022

   => Loading Basis Set <=

    Name: JUN-CC-PVDZ
    Role: ORBITAL
    Keyword: BASIS
    atoms 1, 14                                          entry N          line   198 file /home/alia/anaconda3/envs/mddemo/share/psi4/basis/jun-cc-pvdz.gbs 
    atoms 2-4, 6, 8-10, 13, 15-17, 19, 21, 23, 25-27, 30 entry H          line    36 file /home/alia/anaconda3/envs/mddemo/share/psi4/basis/jun-cc-pvdz.gbs 
    atoms 5, 7, 11, 18, 20, 24, 28                       entry C          line   164 file /home/alia/anaconda3/envs/mddemo/share/psi4/basis/jun-cc-pvdz.gbs 
    atoms 12, 22, 29                                     entry O          line   232 file /home/alia/anaconda3/envs/mddemo/share/psi4/basis/jun-cc-pvdz.gbs 


         ---------------------------------------------------------
                                   SCF
               by Justin Turney, Rob Parrish, Andy Simmonett
                          and Daniel G. A. Smith
                              RHF Reference
                       32 Threads,  76293 MiB Core
         ---------------------------------------------------------

  ==> Geometry <==

    Molecular point group: c1
    Full point group: C1

    Geometry (in Angstrom), charge = 2, multiplicity = 1:

       Center              X                  Y                   Z               Mass       
    ------------   -----------------  -----------------  -----------------  -----------------
         N            0.994250678100    -5.898403815031    -1.941160943125    14.003074004430
         H            0.634250544586    -6.121403864622    -3.067160870646     1.007825032230
         H            0.106250666656    -6.417403868436    -1.317160870646     1.007825032230
         H            1.843250655212    -6.380403689146    -1.774161126231     1.007825032230
         C            1.106250666656    -4.513403586149    -1.646160866831    12.000000000000
         H            0.529251002349    -4.178403548002    -0.846161152934     1.007825032230
         C            2.535250805893    -4.247403792143    -1.247160698985    12.000000000000
         H            3.318250798263    -4.746403864622    -1.889160897349     1.007825032230
         H            2.671250723877    -4.682403734922    -0.238160874461     1.007825032230
         H            2.797250651397    -3.124403647184    -1.149161126231     1.007825032230
         C            0.772250556030    -3.712403944730    -2.909160878275    12.000000000000
         O           -0.213749028168    -2.935403994321    -2.949160840129    15.994914619570
         H            1.409372233429    -3.820184878111    -3.799362685298     1.007825032230
         N            0.666250609436     2.386596032381     0.567839358236    14.003074004430
         H            1.010250948944     1.241596528292     0.435838911916     1.007825032230
         H            0.650250815429     2.719596215487    -0.589160706614     1.007825032230
         H            1.358250998535     2.921595879794     1.039839480306     1.007825032230
         C           -0.707749463044     2.621596642733     1.060839388753    12.000000000000
         H           -1.171749211274     1.653596230746     1.137839053060     1.007825032230
         C           -0.803749180756     3.072595902682     2.528838847066    12.000000000000
         H           -1.879749394379     3.170596429110     2.922838900472     1.007825032230
         O           -0.233749009095     4.319596596957     2.680839274312    15.994914619570
         H            0.701250933685     4.234596558810     2.419838641073     1.007825032230
         C            0.017250918426     2.164595910311     3.461839411642    12.000000000000
         H            1.040250681915     2.105595895052     3.133839342977     1.007825032230
         H           -0.276749230347     1.136596032381     3.431838724996     1.007825032230
         H           -0.128749466858     2.539595910311     4.506839487935     1.007825032230
         C           -1.644749260865     3.592596360445     0.212838862325    12.000000000000
         O           -2.804749585114     3.291595765353     0.115839217092    15.994914619570
         H           -1.246730900727     4.500491448641    -0.263929631327     1.007825032230

  Running in c1 symmetry.

  Rotational constants: A =      0.03976  B =      0.00512  C =      0.00477 [cm^-1]
  Rotational constants: A =   1191.88139  B =    153.37572  C =    142.88528 [MHz]
  Nuclear repulsion =  660.994908353309597

  Charge       = 2
  Multiplicity = 1
  Electrons    = 96
  Nalpha       = 48
  Nbeta        = 48

  ==> Algorithm <==

  SCF Algorithm Type is DF.
  DIIS enabled.
  MOM disabled.
  Fractional occupation disabled.
  Guess Type is SAD.
  Energy threshold   = 1.00e-08
  Density threshold  = 1.00e-08
  Integral threshold = 1.00e-12

  ==> Primary Basis <==

  Basis Set: JUN-CC-PVDZ
    Blend: JUN-CC-PVDZ
    Number of shells: 150
    Number of basis functions: 306
    Number of Cartesian functions: 318
    Spherical Harmonics?: true
    Max angular momentum: 2

   => Loading Basis Set <=

    Name: (JUN-CC-PVDZ AUX)
    Role: JKFIT
    Keyword: DF_BASIS_SCF
    atoms 1, 14                                          entry N          line   202 file /home/alia/anaconda3/envs/mddemo/share/psi4/basis/jun-cc-pvdz-jkfit.gbs 
    atoms 2-4, 6, 8-10, 13, 15-17, 19, 21, 23, 25-27, 30 entry H          line    70 file /home/alia/anaconda3/envs/mddemo/share/psi4/basis/jun-cc-pvdz-jkfit.gbs 
    atoms 5, 7, 11, 18, 20, 24, 28                       entry C          line   146 file /home/alia/anaconda3/envs/mddemo/share/psi4/basis/jun-cc-pvdz-jkfit.gbs 
    atoms 12, 22, 29                                     entry O          line   258 file /home/alia/anaconda3/envs/mddemo/share/psi4/basis/jun-cc-pvdz-jkfit.gbs 

  ==> Integral Setup <==

  ==> DiskDFJK: Density-Fitted J/K Matrices <==

    J tasked:                  Yes
    K tasked:                  Yes
    wK tasked:                  No
    OpenMP threads:             32
    Integrals threads:          32
    Memory [MiB]:            57220
    Algorithm:                Core
    Integral Cache:           SAVE
    Schwarz Cutoff:          1E-12
    Fitting Condition:       1E-10

   => Auxiliary Basis Set <=

  Basis Set: (JUN-CC-PVDZ AUX)
    Blend: JUN-CC-PVDZ-JKFIT
    Number of shells: 486
    Number of basis functions: 1362
    Number of Cartesian functions: 1542
    Spherical Harmonics?: true
    Max angular momentum: 3

  Minimum eigenvalue in the overlap matrix is 5.1366464443E-05.
  Reciprocal condition number of the overlap matrix is 4.4558820602E-06.
    Using symmetric orthogonalization.

  ==> Pre-Iterations <==

  SCF Guess: Superposition of Atomic Densities via on-the-fly atomic UHF (no occupation information).

   -------------------------
    Irrep   Nso     Nmo    
   -------------------------
     A        306     306 
   -------------------------
    Total     306     306
   -------------------------

  ==> Iterations <==

                           Total Energy        Delta E     RMS |[F,P]|

   @DF-RHF iter SAD:  -607.43682388233651   -6.07437e+02   0.00000e+00 
   @DF-RHF iter   1:  -607.93138318886827   -4.94559e-01   2.85787e-03 DIIS
   @DF-RHF iter   2:  -608.25464639857933   -3.23263e-01   1.83304e-03 DIIS
   @DF-RHF iter   3:  -608.37208722948810   -1.17441e-01   3.96117e-04 DIIS
   @DF-RHF iter   4:  -608.38093708502140   -8.84986e-03   1.50447e-04 DIIS
   @DF-RHF iter   5:  -608.38222685946926   -1.28977e-03   3.51624e-05 DIIS
   @DF-RHF iter   6:  -608.38235415237762   -1.27293e-04   1.81183e-05 DIIS
   @DF-RHF iter   7:  -608.38238516125273   -3.10089e-05   8.18018e-06 DIIS
   @DF-RHF iter   8:  -608.38239292844810   -7.76720e-06   3.69177e-06 DIIS
   @DF-RHF iter   9:  -608.38239444673127   -1.51828e-06   1.30088e-06 DIIS
   @DF-RHF iter  10:  -608.38239466999539   -2.23264e-07   4.64198e-07 DIIS
   @DF-RHF iter  11:  -608.38239470453470   -3.45393e-08   2.13934e-07 DIIS
   @DF-RHF iter  12:  -608.38239471681777   -1.22831e-08   1.14430e-07 DIIS
   @DF-RHF iter  13:  -608.38239472094051   -4.12274e-09   5.59305e-08 DIIS
   @DF-RHF iter  14:  -608.38239472205646   -1.11595e-09   1.90278e-08 DIIS
   @DF-RHF iter  15:  -608.38239472214195   -8.54925e-11   6.47710e-09 DIIS
  Energy and wave function converged.


  ==> Post-Iterations <==

    Orbital Energies [Eh]
    ---------------------

    Doubly Occupied:                                                      

       1A    -20.828971     2A    -20.797402     3A    -20.788303  
       4A    -16.007880     5A    -16.005490     6A    -11.601601  
       7A    -11.576979     8A    -11.570243     9A    -11.550356  
      10A    -11.528367    11A    -11.510003    12A    -11.442639  
      13A     -1.630690    14A     -1.628059    15A     -1.614856  
      16A     -1.594252    17A     -1.562132    18A     -1.322112  
      19A     -1.285755    20A     -1.201686    21A     -1.178776  
      22A     -1.095086    23A     -1.072109    24A     -1.061901  
      25A     -1.036045    26A     -1.032939    27A     -0.999290  
      28A     -0.972610    29A     -0.968390    30A     -0.946774  
      31A     -0.897283    32A     -0.889771    33A     -0.878738  
      34A     -0.866916    35A     -0.864767    36A     -0.837491  
      37A     -0.814788    38A     -0.814006    39A     -0.799679  
      40A     -0.783976    41A     -0.759407    42A     -0.753893  
      43A     -0.745444    44A     -0.728872    45A     -0.709637  
      46A     -0.683179    47A     -0.674439    48A     -0.637489  

    Virtual:                                                              

      49A     -0.202163    50A     -0.191098    51A     -0.157507  
      52A     -0.146394    53A     -0.139139    54A     -0.133316  
      55A     -0.121553    56A     -0.115003    57A     -0.110369  
      58A     -0.106195    59A     -0.100256    60A     -0.091127  
      61A     -0.088766    62A     -0.081539    63A     -0.079288  
      64A     -0.075797    65A     -0.073227    66A     -0.068861  
      67A     -0.067602    68A     -0.065176    69A     -0.058483  
      70A     -0.049468    71A     -0.042366    72A     -0.034680  
      73A     -0.032025    74A     -0.029498    75A     -0.024619  
      76A     -0.022358    77A     -0.015420    78A     -0.014372  
      79A     -0.008963    80A     -0.002272    81A      0.008421  
      82A      0.011654    83A      0.017848    84A      0.028381  
      85A      0.034003    86A      0.039028    87A      0.044413  
      88A      0.054297    89A      0.059551    90A      0.063466  
      91A      0.074773    92A      0.078696    93A      0.088148  
      94A      0.092480    95A      0.098632    96A      0.106649  
      97A      0.110700    98A      0.117240    99A      0.120237  
     100A      0.126679   101A      0.138375   102A      0.142054  
     103A      0.148235   104A      0.150667   105A      0.155493  
     106A      0.158474   107A      0.175064   108A      0.176195  
     109A      0.179912   110A      0.186553   111A      0.193783  
     112A      0.198945   113A      0.201487   114A      0.220299  
     115A      0.225894   116A      0.227527   117A      0.246572  
     118A      0.257139   119A      0.273871   120A      0.279546  
     121A      0.283833   122A      0.292320   123A      0.322006  
     124A      0.331572   125A      0.337543   126A      0.379530  
     127A      0.444989   128A      0.483474   129A      0.488242  
     130A      0.508051   131A      0.511046   132A      0.527805  
     133A      0.528743   134A      0.543222   135A      0.546677  
     136A      0.559172   137A      0.561251   138A      0.572101  
     139A      0.580770   140A      0.594632   141A      0.611491  
     142A      0.617604   143A      0.637153   144A      0.644517  
     145A      0.649856   146A      0.653322   147A      0.660758  
     148A      0.668044   149A      0.679779   150A      0.691087  
     151A      0.699133   152A      0.718553   153A      0.720046  
     154A      0.723507   155A      0.729982   156A      0.740528  
     157A      0.745322   158A      0.764255   159A      0.771093  
     160A      0.774902   161A      0.783587   162A      0.795569  
     163A      0.801792   164A      0.811070   165A      0.818599  
     166A      0.823591   167A      0.835362   168A      0.846497  
     169A      0.853248   170A      0.875611   171A      0.882932  
     172A      0.904037   173A      0.926161   174A      0.956358  
     175A      0.978272   176A      0.999323   177A      1.024388  
     178A      1.047803   179A      1.090876   180A      1.139678  
     181A      1.147260   182A      1.166029   183A      1.171668  
     184A      1.201183   185A      1.227349   186A      1.231218  
     187A      1.250723   188A      1.252514   189A      1.270118  
     190A      1.278291   191A      1.280601   192A      1.295153  
     193A      1.298167   194A      1.299740   195A      1.302788  
     196A      1.310151   197A      1.320287   198A      1.336774  
     199A      1.343255   200A      1.351213   201A      1.392682  
     202A      1.407349   203A      1.425899   204A      1.431825  
     205A      1.440348   206A      1.457393   207A      1.486178  
     208A      1.496691   209A      1.534114   210A      1.540887  
     211A      1.549868   212A      1.572907   213A      1.587751  
     214A      1.610781   215A      1.626532   216A      1.631847  
     217A      1.638482   218A      1.644652   219A      1.647706  
     220A      1.687765   221A      1.692995   222A      1.697427  
     223A      1.712566   224A      1.716970   225A      1.717391  
     226A      1.726442   227A      1.739630   228A      1.746363  
     229A      1.755253   230A      1.767556   231A      1.777319  
     232A      1.788304   233A      1.795349   234A      1.804805  
     235A      1.829993   236A      1.833759   237A      1.842118  
     238A      1.854513   239A      1.864740   240A      1.877981  
     241A      1.903495   242A      1.904819   243A      1.924837  
     244A      1.929138   245A      1.956243   246A      1.995858  
     247A      2.005030   248A      2.026210   249A      2.039224  
     250A      2.052414   251A      2.063736   252A      2.094111  
     253A      2.096670   254A      2.133774   255A      2.142671  
     256A      2.143298   257A      2.170961   258A      2.184790  
     259A      2.186517   260A      2.222033   261A      2.243487  
     262A      2.272585   263A      2.273564   264A      2.302846  
     265A      2.341835   266A      2.373935   267A      2.376525  
     268A      2.409245   269A      2.411129   270A      2.427408  
     271A      2.428536   272A      2.446619   273A      2.462736  
     274A      2.481685   275A      2.540903   276A      2.549809  
     277A      2.601104   278A      2.603181   279A      2.640735  
     280A      2.645512   281A      2.648252   282A      2.667669  
     283A      2.694243   284A      2.703581   285A      2.722008  
     286A      2.729216   287A      2.785680   288A      2.802083  
     289A      2.853068   290A      2.869486   291A      2.883349  
     292A      2.962708   293A      2.966887   294A      3.044605  
     295A      3.079336   296A      3.109813   297A      3.174559  
     298A      3.211599   299A      3.250180   300A      3.290740  
     301A      3.442403   302A      3.508509   303A      3.534728  
     304A      3.656212   305A      3.786092   306A      3.915244  

    Final Occupation by Irrep:
              A 
    DOCC [    48 ]

  @DF-RHF Final Energy:  -608.38239472214195

   => Energetics <=

    Nuclear Repulsion Energy =            660.9949083533095973
    One-Electron Energy =               -2115.6516578438445322
    Two-Electron Energy =                 846.2743547683928682
    Total Energy =                       -608.3823947221419530

Computation Completed


Properties will be evaluated at   0.000000,   0.000000,   0.000000 [a0]

Properties computed using the SCF density matrix

  Nuclear Dipole Moment: [e a0]
     X:    12.5094      Y:   -12.3861      Z:     3.8423

  Electronic Dipole Moment: [e a0]
     X:    -7.8010      Y:     5.1669      Z:    -5.9389

  Dipole Moment: [e a0]
     X:     4.7085      Y:    -7.2192      Z:    -2.0966     Total:     8.8703

  Dipole Moment: [D]
     X:    11.9677      Y:   -18.3494      Z:    -5.3291     Total:    22.5461


*** tstop() called on aliaconda at Sun Mar 20 04:59:25 2022
Module time:
	user time   =     322.79 seconds =       5.38 minutes
	system time =      38.18 seconds =       0.64 minutes
	total time  =         15 seconds =       0.25 minutes
Total time:
	user time   =   32372.47 seconds =     539.54 minutes
	system time =    4448.02 seconds =      74.13 minutes
	total time  =       2148 seconds =      35.80 minutes

  //>>>>>>>>>>>>>>>>>>>>>>>>>>>>>>>>>>>//
  //            Monomer A HF           //
  //<<<<<<<<<<<<<<<<<<<<<<<<<<<<<<<<<<<//


*** tstart() called on aliaconda
*** at Sun Mar 20 04:59:25 2022

   => Loading Basis Set <=

    Name: JUN-CC-PVDZ
    Role: ORBITAL
    Keyword: BASIS
    atoms 1, 14                                          entry N          line   198 file /home/alia/anaconda3/envs/mddemo/share/psi4/basis/jun-cc-pvdz.gbs 
    atoms 2-4, 6, 8-10, 13, 15-17, 19, 21, 23, 25-27, 30 entry H          line    36 file /home/alia/anaconda3/envs/mddemo/share/psi4/basis/jun-cc-pvdz.gbs 
    atoms 5, 7, 11, 18, 20, 24, 28                       entry C          line   164 file /home/alia/anaconda3/envs/mddemo/share/psi4/basis/jun-cc-pvdz.gbs 
    atoms 12, 22, 29                                     entry O          line   232 file /home/alia/anaconda3/envs/mddemo/share/psi4/basis/jun-cc-pvdz.gbs 


         ---------------------------------------------------------
                                   SCF
               by Justin Turney, Rob Parrish, Andy Simmonett
                          and Daniel G. A. Smith
                              RHF Reference
                       32 Threads,  76293 MiB Core
         ---------------------------------------------------------

  ==> Geometry <==

    Molecular point group: c1
    Full point group: C1

    Geometry (in Angstrom), charge = 1, multiplicity = 1:

       Center              X                  Y                   Z               Mass       
    ------------   -----------------  -----------------  -----------------  -----------------
         N            0.994250678100    -5.898403815031    -1.941160943125    14.003074004430
         H            0.634250544586    -6.121403864622    -3.067160870646     1.007825032230
         H            0.106250666656    -6.417403868436    -1.317160870646     1.007825032230
         H            1.843250655212    -6.380403689146    -1.774161126231     1.007825032230
         C            1.106250666656    -4.513403586149    -1.646160866831    12.000000000000
         H            0.529251002349    -4.178403548002    -0.846161152934     1.007825032230
         C            2.535250805893    -4.247403792143    -1.247160698985    12.000000000000
         H            3.318250798263    -4.746403864622    -1.889160897349     1.007825032230
         H            2.671250723877    -4.682403734922    -0.238160874461     1.007825032230
         H            2.797250651397    -3.124403647184    -1.149161126231     1.007825032230
         C            0.772250556030    -3.712403944730    -2.909160878275    12.000000000000
         O           -0.213749028168    -2.935403994321    -2.949160840129    15.994914619570
         H            1.409372233429    -3.820184878111    -3.799362685298     1.007825032230
      Gh(N)           0.666250609436     2.386596032381     0.567839358236    14.003074004430
      Gh(H)           1.010250948944     1.241596528292     0.435838911916     1.007825032230
      Gh(H)           0.650250815429     2.719596215487    -0.589160706614     1.007825032230
      Gh(H)           1.358250998535     2.921595879794     1.039839480306     1.007825032230
      Gh(C)          -0.707749463044     2.621596642733     1.060839388753    12.000000000000
      Gh(H)          -1.171749211274     1.653596230746     1.137839053060     1.007825032230
      Gh(C)          -0.803749180756     3.072595902682     2.528838847066    12.000000000000
      Gh(H)          -1.879749394379     3.170596429110     2.922838900472     1.007825032230
      Gh(O)          -0.233749009095     4.319596596957     2.680839274312    15.994914619570
      Gh(H)           0.701250933685     4.234596558810     2.419838641073     1.007825032230
      Gh(C)           0.017250918426     2.164595910311     3.461839411642    12.000000000000
      Gh(H)           1.040250681915     2.105595895052     3.133839342977     1.007825032230
      Gh(H)          -0.276749230347     1.136596032381     3.431838724996     1.007825032230
      Gh(H)          -0.128749466858     2.539595910311     4.506839487935     1.007825032230
      Gh(C)          -1.644749260865     3.592596360445     0.212838862325    12.000000000000
      Gh(O)          -2.804749585114     3.291595765353     0.115839217092    15.994914619570
      Gh(H)          -1.246730900727     4.500491448641    -0.263929631327     1.007825032230

  Running in c1 symmetry.

  Rotational constants: A =      0.03976  B =      0.00512  C =      0.00477 [cm^-1]
  Rotational constants: A =   1191.88139  B =    153.37572  C =    142.88528 [MHz]
  Nuclear repulsion =  185.235806636598085

  Charge       = 1
  Multiplicity = 1
  Electrons    = 40
  Nalpha       = 20
  Nbeta        = 20

  ==> Algorithm <==

  SCF Algorithm Type is DF.
  DIIS enabled.
  MOM disabled.
  Fractional occupation disabled.
  Guess Type is SAD.
  Energy threshold   = 1.00e-08
  Density threshold  = 1.00e-08
  Integral threshold = 1.00e-12

  ==> Primary Basis <==

  Basis Set: JUN-CC-PVDZ
    Blend: JUN-CC-PVDZ
    Number of shells: 150
    Number of basis functions: 306
    Number of Cartesian functions: 318
    Spherical Harmonics?: true
    Max angular momentum: 2

   => Loading Basis Set <=

    Name: (JUN-CC-PVDZ AUX)
    Role: JKFIT
    Keyword: DF_BASIS_SCF
    atoms 1, 14                                          entry N          line   202 file /home/alia/anaconda3/envs/mddemo/share/psi4/basis/jun-cc-pvdz-jkfit.gbs 
    atoms 2-4, 6, 8-10, 13, 15-17, 19, 21, 23, 25-27, 30 entry H          line    70 file /home/alia/anaconda3/envs/mddemo/share/psi4/basis/jun-cc-pvdz-jkfit.gbs 
    atoms 5, 7, 11, 18, 20, 24, 28                       entry C          line   146 file /home/alia/anaconda3/envs/mddemo/share/psi4/basis/jun-cc-pvdz-jkfit.gbs 
    atoms 12, 22, 29                                     entry O          line   258 file /home/alia/anaconda3/envs/mddemo/share/psi4/basis/jun-cc-pvdz-jkfit.gbs 

  ==> Integral Setup <==

  ==> DiskDFJK: Density-Fitted J/K Matrices <==

    J tasked:                  Yes
    K tasked:                  Yes
    wK tasked:                  No
    OpenMP threads:             32
    Integrals threads:          32
    Memory [MiB]:            57220
    Algorithm:                Core
    Integral Cache:           LOAD
    Schwarz Cutoff:          1E-12
    Fitting Condition:       1E-10

   => Auxiliary Basis Set <=

  Basis Set: (JUN-CC-PVDZ AUX)
    Blend: JUN-CC-PVDZ-JKFIT
    Number of shells: 486
    Number of basis functions: 1362
    Number of Cartesian functions: 1542
    Spherical Harmonics?: true
    Max angular momentum: 3

  Minimum eigenvalue in the overlap matrix is 5.1366464443E-05.
  Reciprocal condition number of the overlap matrix is 4.4558820601E-06.
    Using symmetric orthogonalization.

  ==> Pre-Iterations <==

  SCF Guess: Superposition of Atomic Densities via on-the-fly atomic UHF (no occupation information).

   -------------------------
    Irrep   Nso     Nmo    
   -------------------------
     A        306     306 
   -------------------------
    Total     306     306
   -------------------------

  ==> Iterations <==

                           Total Energy        Delta E     RMS |[F,P]|

   @DF-RHF iter SAD:  -246.81307526870842   -2.46813e+02   0.00000e+00 
   @DF-RHF iter   1:  -247.08735275007484   -2.74277e-01   1.81642e-03 DIIS
   @DF-RHF iter   2:  -247.21823032323726   -1.30878e-01   1.22583e-03 DIIS
   @DF-RHF iter   3:  -247.27085062314092   -5.26203e-02   2.63269e-04 DIIS
   @DF-RHF iter   4:  -247.27489894315843   -4.04832e-03   9.82100e-05 DIIS
   @DF-RHF iter   5:  -247.27549845058479   -5.99507e-04   2.26174e-05 DIIS
   @DF-RHF iter   6:  -247.27556839196612   -6.99414e-05   1.07511e-05 DIIS
   @DF-RHF iter   7:  -247.27558156914347   -1.31772e-05   5.36224e-06 DIIS
   @DF-RHF iter   8:  -247.27558528197710   -3.71283e-06   1.72621e-06 DIIS
   @DF-RHF iter   9:  -247.27558572094603   -4.38969e-07   4.74891e-07 DIIS
   @DF-RHF iter  10:  -247.27558575793529   -3.69893e-08   2.16587e-07 DIIS
   @DF-RHF iter  11:  -247.27558577110744   -1.31722e-08   1.13183e-07 DIIS
   @DF-RHF iter  12:  -247.27558577604464   -4.93719e-09   4.98455e-08 DIIS
   @DF-RHF iter  13:  -247.27558577706958   -1.02494e-09   9.79628e-09 DIIS
  Energy and wave function converged.


  ==> Post-Iterations <==

    Orbital Energies [Eh]
    ---------------------

    Doubly Occupied:                                                      

       1A    -20.753927     2A    -15.943244     3A    -11.526445  
       4A    -11.497270     5A    -11.435552     6A     -1.553670  
       7A     -1.525974     8A     -1.250085     9A     -1.106474  
      10A     -1.023423    11A     -0.966314    12A     -0.930067  
      13A     -0.898104    14A     -0.815380    15A     -0.805920  
      16A     -0.740463    17A     -0.723965    18A     -0.710679  
      19A     -0.668543    20A     -0.608179  

    Virtual:                                                              

      21A     -0.130636    22A     -0.084399    23A     -0.072577  
      24A     -0.052535    25A     -0.050424    26A     -0.035449  
      27A     -0.029600    28A     -0.022396    29A     -0.018066  
      30A     -0.012049    31A     -0.007576    32A     -0.001912  
      33A      0.004270    34A      0.011981    35A      0.022676  
      36A      0.024690    37A      0.033114    38A      0.034615  
      39A      0.038910    40A      0.043581    41A      0.050197  
      42A      0.051985    43A      0.058599    44A      0.062440  
      45A      0.077988    46A      0.084306    47A      0.090662  
      48A      0.094425    49A      0.098118    50A      0.100373  
      51A      0.103729    52A      0.112091    53A      0.124643  
      54A      0.129480    55A      0.141263    56A      0.146748  
      57A      0.153421    58A      0.156145    59A      0.159820  
      60A      0.160823    61A      0.167040    62A      0.169900  
      63A      0.179640    64A      0.182438    65A      0.192703  
      66A      0.196363    67A      0.213395    68A      0.216040  
      69A      0.224886    70A      0.229477    71A      0.233399  
      72A      0.245778    73A      0.247817    74A      0.260517  
      75A      0.265495    76A      0.268348    77A      0.277997  
      78A      0.296288    79A      0.299679    80A      0.318880  
      81A      0.329157    82A      0.342815    83A      0.346750  
      84A      0.349688    85A      0.362455    86A      0.381905  
      87A      0.388610    88A      0.393753    89A      0.408225  
      90A      0.409742    91A      0.446043    92A      0.456626  
      93A      0.478405    94A      0.494584    95A      0.509210  
      96A      0.518255    97A      0.537884    98A      0.547563  
      99A      0.562142   100A      0.573638   101A      0.579537  
     102A      0.583441   103A      0.585505   104A      0.589892  
     105A      0.593399   106A      0.612615   107A      0.616890  
     108A      0.643124   109A      0.650401   110A      0.661944  
     111A      0.663724   112A      0.687412   113A      0.688955  
     114A      0.706805   115A      0.722785   116A      0.731862  
     117A      0.732653   118A      0.741942   119A      0.753088  
     120A      0.756090   121A      0.790075   122A      0.791543  
     123A      0.811868   124A      0.836893   125A      0.842949  
     126A      0.852937   127A      0.859681   128A      0.863373  
     129A      0.886012   130A      0.891864   131A      0.918449  
     132A      0.923847   133A      0.929589   134A      0.937551  
     135A      0.955371   136A      0.981376   137A      0.997476  
     138A      1.005844   139A      1.048524   140A      1.073600  
     141A      1.121383   142A      1.140095   143A      1.212961  
     144A      1.218413   145A      1.242078   146A      1.298784  
     147A      1.326300   148A      1.353864   149A      1.368855  
     150A      1.371482   151A      1.388631   152A      1.409084  
     153A      1.481350   154A      1.503305   155A      1.513518  
     156A      1.530367   157A      1.555110   158A      1.568066  
     159A      1.602293   160A      1.615535   161A      1.627545  
     162A      1.645195   163A      1.667409   164A      1.682379  
     165A      1.689750   166A      1.696858   167A      1.707336  
     168A      1.711457   169A      1.717453   170A      1.732885  
     171A      1.745948   172A      1.759811   173A      1.769246  
     174A      1.776051   175A      1.789696   176A      1.797249  
     177A      1.811835   178A      1.825163   179A      1.848780  
     180A      1.851364   181A      1.867853   182A      1.869604  
     183A      1.878074   184A      1.887061   185A      1.900707  
     186A      1.906674   187A      1.931886   188A      1.936621  
     189A      1.950955   190A      1.975872   191A      1.979013  
     192A      1.994632   193A      1.996295   194A      2.003633  
     195A      2.031117   196A      2.042689   197A      2.065595  
     198A      2.073577   199A      2.075505   200A      2.078414  
     201A      2.089712   202A      2.121406   203A      2.136538  
     204A      2.160614   205A      2.164454   206A      2.172131  
     207A      2.179564   208A      2.184592   209A      2.215900  
     210A      2.227523   211A      2.249179   212A      2.255874  
     213A      2.258444   214A      2.283161   215A      2.315017  
     216A      2.315414   217A      2.328268   218A      2.346223  
     219A      2.360736   220A      2.391758   221A      2.403224  
     222A      2.411925   223A      2.423729   224A      2.445286  
     225A      2.478734   226A      2.491925   227A      2.499499  
     228A      2.515224   229A      2.529194   230A      2.538996  
     231A      2.556665   232A      2.581133   233A      2.592982  
     234A      2.622719   235A      2.660308   236A      2.672898  
     237A      2.679249   238A      2.681990   239A      2.721620  
     240A      2.723211   241A      2.752220   242A      2.772832  
     243A      2.793447   244A      2.797574   245A      2.847731  
     246A      2.877599   247A      2.878569   248A      2.910477  
     249A      2.941889   250A      2.943370   251A      2.958040  
     252A      2.993342   253A      3.011805   254A      3.034488  
     255A      3.051474   256A      3.145698   257A      3.151867  
     258A      3.155696   259A      3.246570   260A      3.250333  
     261A      3.352908   262A      3.420095   263A      3.487275  
     264A      3.492893   265A      3.518186   266A      3.531988  
     267A      3.634565   268A      3.671619   269A      3.732551  
     270A      3.762024   271A      3.905299   272A      3.956461  
     273A      3.972966   274A      4.179136   275A      4.201697  
     276A      4.294068   277A      4.437481   278A      4.486324  
     279A      4.596356   280A      4.617896   281A      4.661228  
     282A      4.702785   283A      4.730506   284A      4.795942  
     285A      4.827964   286A      4.982693   287A      5.020507  
     288A      5.069420   289A      5.093989   290A      5.121589  
     291A      5.380793   292A      5.489888   293A      5.556382  
     294A      5.667713   295A      5.788515   296A      5.909061  
     297A      6.077945   298A      6.742783   299A      6.806011  
     300A     18.179234   301A     18.336805   302A     18.426542  
     303A     18.573284   304A     25.323667   305A     33.447804  
     306A     33.475885  

    Final Occupation by Irrep:
              A 
    DOCC [    20 ]

  @DF-RHF Final Energy:  -247.27558577706958

   => Energetics <=

    Nuclear Repulsion Energy =            185.2358066365980847
    One-Electron Energy =                -694.0554258195094235
    Two-Electron Energy =                 261.5440334058417307
    Total Energy =                       -247.2755857770695798

Computation Completed


Properties will be evaluated at   0.000000,   0.000000,   0.000000 [a0]

Properties computed using the SCF density matrix

  Nuclear Dipole Moment: [e a0]
     X:    85.1159      Y:  -338.4166      Z:  -162.6616

  Electronic Dipole Moment: [e a0]
     X:   -82.2855      Y:   327.0583      Z:   159.2084

  Dipole Moment: [e a0]
     X:     2.8304      Y:   -11.3582      Z:    -3.4532     Total:    12.2043

  Dipole Moment: [D]
     X:     7.1942      Y:   -28.8698      Z:    -8.7771     Total:    31.0203


*** tstop() called on aliaconda at Sun Mar 20 04:59:33 2022
Module time:
	user time   =     169.81 seconds =       2.83 minutes
	system time =      14.49 seconds =       0.24 minutes
	total time  =          8 seconds =       0.13 minutes
Total time:
	user time   =   32542.39 seconds =     542.37 minutes
	system time =    4462.52 seconds =      74.38 minutes
	total time  =       2156 seconds =      35.93 minutes

  //>>>>>>>>>>>>>>>>>>>>>>>>>>>>>>>>>>>//
  //            Monomer B HF           //
  //<<<<<<<<<<<<<<<<<<<<<<<<<<<<<<<<<<<//


*** tstart() called on aliaconda
*** at Sun Mar 20 04:59:33 2022

   => Loading Basis Set <=

    Name: JUN-CC-PVDZ
    Role: ORBITAL
    Keyword: BASIS
    atoms 1, 14                                          entry N          line   198 file /home/alia/anaconda3/envs/mddemo/share/psi4/basis/jun-cc-pvdz.gbs 
    atoms 2-4, 6, 8-10, 13, 15-17, 19, 21, 23, 25-27, 30 entry H          line    36 file /home/alia/anaconda3/envs/mddemo/share/psi4/basis/jun-cc-pvdz.gbs 
    atoms 5, 7, 11, 18, 20, 24, 28                       entry C          line   164 file /home/alia/anaconda3/envs/mddemo/share/psi4/basis/jun-cc-pvdz.gbs 
    atoms 12, 22, 29                                     entry O          line   232 file /home/alia/anaconda3/envs/mddemo/share/psi4/basis/jun-cc-pvdz.gbs 


         ---------------------------------------------------------
                                   SCF
               by Justin Turney, Rob Parrish, Andy Simmonett
                          and Daniel G. A. Smith
                              RHF Reference
                       32 Threads,  76293 MiB Core
         ---------------------------------------------------------

  ==> Geometry <==

    Molecular point group: c1
    Full point group: C1

    Geometry (in Angstrom), charge = 1, multiplicity = 1:

       Center              X                  Y                   Z               Mass       
    ------------   -----------------  -----------------  -----------------  -----------------
      Gh(N)           0.994250678100    -5.898403815031    -1.941160943125    14.003074004430
      Gh(H)           0.634250544586    -6.121403864622    -3.067160870646     1.007825032230
      Gh(H)           0.106250666656    -6.417403868436    -1.317160870646     1.007825032230
      Gh(H)           1.843250655212    -6.380403689146    -1.774161126231     1.007825032230
      Gh(C)           1.106250666656    -4.513403586149    -1.646160866831    12.000000000000
      Gh(H)           0.529251002349    -4.178403548002    -0.846161152934     1.007825032230
      Gh(C)           2.535250805893    -4.247403792143    -1.247160698985    12.000000000000
      Gh(H)           3.318250798263    -4.746403864622    -1.889160897349     1.007825032230
      Gh(H)           2.671250723877    -4.682403734922    -0.238160874461     1.007825032230
      Gh(H)           2.797250651397    -3.124403647184    -1.149161126231     1.007825032230
      Gh(C)           0.772250556030    -3.712403944730    -2.909160878275    12.000000000000
      Gh(O)          -0.213749028168    -2.935403994321    -2.949160840129    15.994914619570
      Gh(H)           1.409372233429    -3.820184878111    -3.799362685298     1.007825032230
         N            0.666250609436     2.386596032381     0.567839358236    14.003074004430
         H            1.010250948944     1.241596528292     0.435838911916     1.007825032230
         H            0.650250815429     2.719596215487    -0.589160706614     1.007825032230
         H            1.358250998535     2.921595879794     1.039839480306     1.007825032230
         C           -0.707749463044     2.621596642733     1.060839388753    12.000000000000
         H           -1.171749211274     1.653596230746     1.137839053060     1.007825032230
         C           -0.803749180756     3.072595902682     2.528838847066    12.000000000000
         H           -1.879749394379     3.170596429110     2.922838900472     1.007825032230
         O           -0.233749009095     4.319596596957     2.680839274312    15.994914619570
         H            0.701250933685     4.234596558810     2.419838641073     1.007825032230
         C            0.017250918426     2.164595910311     3.461839411642    12.000000000000
         H            1.040250681915     2.105595895052     3.133839342977     1.007825032230
         H           -0.276749230347     1.136596032381     3.431838724996     1.007825032230
         H           -0.128749466858     2.539595910311     4.506839487935     1.007825032230
         C           -1.644749260865     3.592596360445     0.212838862325    12.000000000000
         O           -2.804749585114     3.291595765353     0.115839217092    15.994914619570
         H           -1.246730900727     4.500491448641    -0.263929631327     1.007825032230

  Running in c1 symmetry.

  Rotational constants: A =      0.03976  B =      0.00512  C =      0.00477 [cm^-1]
  Rotational constants: A =   1191.88139  B =    153.37572  C =    142.88528 [MHz]
  Nuclear repulsion =  330.868660947028559

  Charge       = 1
  Multiplicity = 1
  Electrons    = 56
  Nalpha       = 28
  Nbeta        = 28

  ==> Algorithm <==

  SCF Algorithm Type is DF.
  DIIS enabled.
  MOM disabled.
  Fractional occupation disabled.
  Guess Type is SAD.
  Energy threshold   = 1.00e-08
  Density threshold  = 1.00e-08
  Integral threshold = 1.00e-12

  ==> Primary Basis <==

  Basis Set: JUN-CC-PVDZ
    Blend: JUN-CC-PVDZ
    Number of shells: 150
    Number of basis functions: 306
    Number of Cartesian functions: 318
    Spherical Harmonics?: true
    Max angular momentum: 2

   => Loading Basis Set <=

    Name: (JUN-CC-PVDZ AUX)
    Role: JKFIT
    Keyword: DF_BASIS_SCF
    atoms 1, 14                                          entry N          line   202 file /home/alia/anaconda3/envs/mddemo/share/psi4/basis/jun-cc-pvdz-jkfit.gbs 
    atoms 2-4, 6, 8-10, 13, 15-17, 19, 21, 23, 25-27, 30 entry H          line    70 file /home/alia/anaconda3/envs/mddemo/share/psi4/basis/jun-cc-pvdz-jkfit.gbs 
    atoms 5, 7, 11, 18, 20, 24, 28                       entry C          line   146 file /home/alia/anaconda3/envs/mddemo/share/psi4/basis/jun-cc-pvdz-jkfit.gbs 
    atoms 12, 22, 29                                     entry O          line   258 file /home/alia/anaconda3/envs/mddemo/share/psi4/basis/jun-cc-pvdz-jkfit.gbs 

  ==> Integral Setup <==

  ==> DiskDFJK: Density-Fitted J/K Matrices <==

    J tasked:                  Yes
    K tasked:                  Yes
    wK tasked:                  No
    OpenMP threads:             32
    Integrals threads:          32
    Memory [MiB]:            57220
    Algorithm:                Core
    Integral Cache:           LOAD
    Schwarz Cutoff:          1E-12
    Fitting Condition:       1E-10

   => Auxiliary Basis Set <=

  Basis Set: (JUN-CC-PVDZ AUX)
    Blend: JUN-CC-PVDZ-JKFIT
    Number of shells: 486
    Number of basis functions: 1362
    Number of Cartesian functions: 1542
    Spherical Harmonics?: true
    Max angular momentum: 3

  Minimum eigenvalue in the overlap matrix is 5.1366464443E-05.
  Reciprocal condition number of the overlap matrix is 4.4558820601E-06.
    Using symmetric orthogonalization.

  ==> Pre-Iterations <==

  SCF Guess: Superposition of Atomic Densities via on-the-fly atomic UHF (no occupation information).

   -------------------------
    Irrep   Nso     Nmo    
   -------------------------
     A        306     306 
   -------------------------
    Total     306     306
   -------------------------

  ==> Iterations <==

                           Total Energy        Delta E     RMS |[F,P]|

   @DF-RHF iter SAD:  -360.62371157545834   -3.60624e+02   0.00000e+00 
   @DF-RHF iter   1:  -360.90245589767960   -2.78744e-01   2.21507e-03 DIIS
   @DF-RHF iter   2:  -361.09556061988781   -1.93105e-01   1.37857e-03 DIIS
   @DF-RHF iter   3:  -361.16198122208232   -6.64206e-02   2.93544e-04 DIIS
   @DF-RHF iter   4:  -361.16679810087749   -4.81688e-03   1.09654e-04 DIIS
   @DF-RHF iter   5:  -361.16747029870299   -6.72198e-04   2.58752e-05 DIIS
   @DF-RHF iter   6:  -361.16753429346022   -6.39948e-05   1.20030e-05 DIIS
   @DF-RHF iter   7:  -361.16754869150958   -1.43980e-05   4.85117e-06 DIIS
   @DF-RHF iter   8:  -361.16755161470104   -2.92319e-06   1.95417e-06 DIIS
   @DF-RHF iter   9:  -361.16755210507881   -4.90378e-07   5.65739e-07 DIIS
   @DF-RHF iter  10:  -361.16755215481760   -4.97388e-08   2.05648e-07 DIIS
   @DF-RHF iter  11:  -361.16755216306581   -8.24821e-09   9.45294e-08 DIIS
   @DF-RHF iter  12:  -361.16755216527901   -2.21320e-09   5.08238e-08 DIIS
   @DF-RHF iter  13:  -361.16755216609539   -8.16385e-10   2.40674e-08 DIIS
   @DF-RHF iter  14:  -361.16755216626757   -1.72179e-10   7.62717e-09 DIIS
  Energy and wave function converged.


  ==> Post-Iterations <==

    Orbital Energies [Eh]
    ---------------------

    Doubly Occupied:                                                      

       1A    -20.746781     2A    -20.739077     3A    -15.947643  
       4A    -11.526336     5A    -11.496576     6A    -11.477041  
       7A    -11.389599     8A     -1.580156     9A     -1.564965  
      10A     -1.505859    11A     -1.232504    12A     -1.148587  
      13A     -1.020002    14A     -1.008679    15A     -0.980896  
      16A     -0.916436    17A     -0.893478    18A     -0.845474  
      19A     -0.815706    20A     -0.813383    21A     -0.786120  
      22A     -0.761953    23A     -0.707701    24A     -0.702655  
      25A     -0.677297    26A     -0.658808    27A     -0.623982  
      28A     -0.586486  

    Virtual:                                                              

      29A     -0.137313    30A     -0.088774    31A     -0.076291  
      32A     -0.052513    33A     -0.045134    34A     -0.038972  
      35A     -0.030772    36A     -0.024403    37A     -0.022572  
      38A     -0.018942    39A     -0.010319    40A     -0.008454  
      41A     -0.001910    42A      0.002993    43A      0.007146  
      44A      0.020935    45A      0.026781    46A      0.028975  
      47A      0.035392    48A      0.039913    49A      0.042841  
      50A      0.045597    51A      0.047325    52A      0.051849  
      53A      0.058072    54A      0.062452    55A      0.067619  
      56A      0.083524    57A      0.092231    58A      0.095697  
      59A      0.097660    60A      0.105602    61A      0.106491  
      62A      0.119002    63A      0.123416    64A      0.129505  
      65A      0.139779    66A      0.143002    67A      0.148864  
      68A      0.149378    69A      0.155181    70A      0.160443  
      71A      0.169887    72A      0.174528    73A      0.176136  
      74A      0.190840    75A      0.193024    76A      0.199154  
      77A      0.199295    78A      0.205104    79A      0.216877  
      80A      0.225853    81A      0.226138    82A      0.230600  
      83A      0.239793    84A      0.248897    85A      0.270475  
      86A      0.272712    87A      0.279914    88A      0.282876  
      89A      0.285759    90A      0.300523    91A      0.318799  
      92A      0.326717    93A      0.331161    94A      0.344903  
      95A      0.354082    96A      0.358417    97A      0.370451  
      98A      0.375928    99A      0.385147   100A      0.390339  
     101A      0.417946   102A      0.437387   103A      0.465430  
     104A      0.490811   105A      0.495465   106A      0.521971  
     107A      0.534648   108A      0.540202   109A      0.544229  
     110A      0.565058   111A      0.582364   112A      0.601458  
     113A      0.605829   114A      0.617608   115A      0.620030  
     116A      0.635911   117A      0.645895   118A      0.659599  
     119A      0.670309   120A      0.690092   121A      0.698962  
     122A      0.703788   123A      0.711275   124A      0.744960  
     125A      0.751604   126A      0.768678   127A      0.770584  
     128A      0.771923   129A      0.777884   130A      0.783738  
     131A      0.797958   132A      0.815536   133A      0.819293  
     134A      0.823993   135A      0.854877   136A      0.860612  
     137A      0.872863   138A      0.879777   139A      0.889400  
     140A      0.896914   141A      0.926969   142A      0.936468  
     143A      0.938331   144A      0.957601   145A      0.985551  
     146A      1.010432   147A      1.030461   148A      1.076563  
     149A      1.122191   150A      1.143640   151A      1.199963  
     152A      1.216656   153A      1.252958   154A      1.283691  
     155A      1.303928   156A      1.324554   157A      1.330183  
     158A      1.349223   159A      1.350147   160A      1.365720  
     161A      1.394976   162A      1.402348   163A      1.444171  
     164A      1.468062   165A      1.476858   166A      1.488965  
     167A      1.492000   168A      1.508914   169A      1.538249  
     170A      1.555958   171A      1.573255   172A      1.590774  
     173A      1.594610   174A      1.603996   175A      1.639838  
     176A      1.646936   177A      1.657972   178A      1.664539  
     179A      1.684865   180A      1.690738   181A      1.700856  
     182A      1.708496   183A      1.724318   184A      1.745799  
     185A      1.764621   186A      1.769158   187A      1.770124  
     188A      1.791867   189A      1.800998   190A      1.808481  
     191A      1.819902   192A      1.822600   193A      1.841595  
     194A      1.856548   195A      1.857644   196A      1.881548  
     197A      1.890747   198A      1.894783   199A      1.907092  
     200A      1.908960   201A      1.931157   202A      1.941155  
     203A      1.948251   204A      1.957232   205A      1.964462  
     206A      1.972886   207A      1.982291   208A      1.996427  
     209A      2.009293   210A      2.036736   211A      2.059818  
     212A      2.080117   213A      2.092525   214A      2.102350  
     215A      2.106318   216A      2.148611   217A      2.152430  
     218A      2.165683   219A      2.183497   220A      2.186614  
     221A      2.196873   222A      2.207125   223A      2.223424  
     224A      2.238821   225A      2.263804   226A      2.274604  
     227A      2.297914   228A      2.314865   229A      2.324803  
     230A      2.339582   231A      2.355167   232A      2.361540  
     233A      2.386993   234A      2.406286   235A      2.425549  
     236A      2.431894   237A      2.464541   238A      2.480645  
     239A      2.481482   240A      2.516324   241A      2.535211  
     242A      2.541105   243A      2.573889   244A      2.592800  
     245A      2.616970   246A      2.656412   247A      2.690556  
     248A      2.693445   249A      2.696827   250A      2.697481  
     251A      2.721331   252A      2.747886   253A      2.754307  
     254A      2.776805   255A      2.787894   256A      2.792948  
     257A      2.838742   258A      2.861917   259A      2.889776  
     260A      2.903857   261A      2.938819   262A      2.973164  
     263A      3.018771   264A      3.039922   265A      3.089732  
     266A      3.099914   267A      3.142983   268A      3.160041  
     269A      3.163923   270A      3.261345   271A      3.300337  
     272A      3.340013   273A      3.370798   274A      3.423485  
     275A      3.555096   276A      3.558273   277A      3.584860  
     278A      3.605135   279A      3.657371   280A      3.748493  
     281A      3.836358   282A      3.946655   283A      3.964034  
     284A      4.002319   285A      4.129231   286A      4.149687  
     287A      4.293331   288A      4.417346   289A      4.587741  
     290A      4.613968   291A      4.681430   292A      4.812084  
     293A      4.833993   294A      4.863360   295A      5.112655  
     296A      5.337228   297A      5.422412   298A      5.513654  
     299A      5.676848   300A      5.951067   301A      6.512647  
     302A     18.159168   303A     18.345718   304A     18.568013  
     305A     25.334327   306A     33.403205  

    Final Occupation by Irrep:
              A 
    DOCC [    28 ]

  @DF-RHF Final Energy:  -361.16755216626757

   => Energetics <=

    Nuclear Repulsion Energy =            330.8686609470285589
    One-Electron Energy =               -1137.7640650145378913
    Two-Electron Energy =                 445.7278519012418201
    Total Energy =                       -361.1675521662675692

Computation Completed


Properties will be evaluated at   0.000000,   0.000000,   0.000000 [a0]

Properties computed using the SCF density matrix

  Nuclear Dipole Moment: [e a0]
     X:   -72.6065      Y:   326.0304      Z:   166.5039

  Electronic Dipole Moment: [e a0]
     X:    74.5146      Y:  -321.8218      Z:  -165.1202

  Dipole Moment: [e a0]
     X:     1.9082      Y:     4.2086      Z:     1.3837     Total:     4.8237

  Dipole Moment: [D]
     X:     4.8500      Y:    10.6973      Z:     3.5170     Total:    12.2607


*** tstop() called on aliaconda at Sun Mar 20 04:59:44 2022
Module time:
	user time   =     223.82 seconds =       3.73 minutes
	system time =      24.64 seconds =       0.41 minutes
	total time  =         11 seconds =       0.18 minutes
Total time:
	user time   =   32766.31 seconds =     546.11 minutes
	system time =    4487.18 seconds =      74.79 minutes
	total time  =       2167 seconds =      36.12 minutes
  Constructing Basis Sets for SAPT...

   => Loading Basis Set <=

    Name: (JUN-CC-PVDZ AUX)
    Role: RIFIT
    Keyword: DF_BASIS_SAPT
    atoms 1, 14                                          entry N          line   144 file /home/alia/anaconda3/envs/mddemo/share/psi4/basis/jun-cc-pvdz-ri.gbs 
    atoms 2-4, 6, 8-10, 13, 15-17, 19, 21, 23, 25-27, 30 entry H          line    30 file /home/alia/anaconda3/envs/mddemo/share/psi4/basis/jun-cc-pvdz-ri.gbs 
    atoms 5, 7, 11, 18, 20, 24, 28                       entry C          line   100 file /home/alia/anaconda3/envs/mddemo/share/psi4/basis/jun-cc-pvdz-ri.gbs 
    atoms 12, 22, 29                                     entry O          line   188 file /home/alia/anaconda3/envs/mddemo/share/psi4/basis/jun-cc-pvdz-ri.gbs 


  //>>>>>>>>>>>>>>>>>>>>>>>>>>>>>>>>>>>//
  //               SAPT0               //
  //<<<<<<<<<<<<<<<<<<<<<<<<<<<<<<<<<<<//


*** tstart() called on aliaconda
*** at Sun Mar 20 04:59:44 2022

        SAPT0  
    Ed Hohenstein
     6 June 2009

      Orbital Information
  --------------------------
    NSO        =       306
    NMO        =       306
    NRI        =      1032
    NOCC A     =        20
    NOCC B     =        28
    FOCC A     =         0
    FOCC B     =         0
    NVIR A     =       286
    NVIR B     =       278

    Elst10,r            =     0.061609202738 [Eh]
    Exch10              =    -0.000000046921 [Eh]
    Exch10 (S^2)        =    -0.000000046921 [Eh]

    Iter     Energy [mEh]          dE [mEh]         Residual      Time [s]
       1      -0.56884764       0.568847641       6.176018773             1
       2      -0.56966920       0.000821559       2.386628787             1
       3      -0.61064429       0.040975089       1.015901964             2
       4      -0.62620142       0.015557130       0.281834429             2
       5      -0.62422466      -0.001976757       0.169656080             3
       6      -0.62276458      -0.001460085       0.045163183             4
       7      -0.62310183       0.000337257       0.015444718             4
       8      -0.62319328       0.000091447       0.004265828             5
       9      -0.62317469      -0.000018586       0.002316870             5
      10      -0.62316776      -0.000006933       0.001244130             6
      11      -0.62317329       0.000005530       0.000438640             6
      12      -0.62317407       0.000000779       0.000107249             7
      13      -0.62317355      -0.000000521       0.000028206             7
      14      -0.62317352      -0.000000027       0.000008088             8
      15      -0.62317356       0.000000033       0.000002784             9
      16      -0.62317356       0.000000002       0.000001118             9
      17      -0.62317355      -0.000000005       0.000000295            10

    CHF Iterations converged


    Iter     Energy [mEh]          dE [mEh]         Residual      Time [s]
       1      -0.22993734       0.229937335       3.470720968             0
       2      -0.23750381       0.007566472       1.467414775             1
       3      -0.25570208       0.018198270       0.458563389             2
       4      -0.25875977       0.003057693       0.101025698             2
       5      -0.25805667      -0.000703103       0.046000982             3
       6      -0.25788466      -0.000172005       0.015882525             3
       7      -0.25792893       0.000044269       0.009752155             4
       8      -0.25796962       0.000040691       0.003572651             4
       9      -0.25795815      -0.000011469       0.001687163             5
      10      -0.25795398      -0.000004174       0.000692822             6
      11      -0.25795605       0.000002066       0.000304341             6
      12      -0.25795647       0.000000429       0.000095797             7
      13      -0.25795618      -0.000000293       0.000026255             8
      14      -0.25795615      -0.000000031       0.000007186             8
      15      -0.25795617       0.000000017       0.000002224             9
      16      -0.25795617       0.000000003       0.000000640             9

    CHF Iterations converged

    Ind20,r (A<-B)      =    -0.000623173553 [Eh]
    Ind20,r (B<-A)      =    -0.000257956170 [Eh]
    Ind20,r             =    -0.000881129723 [Eh]
    Exch-Ind20,r (A<-B) =     0.000000014969 [Eh]
    Exch-Ind20,r (B<-A) =     0.000000009996 [Eh]
    Exch-Ind20,r        =     0.000000024964 [Eh]
    Disp20              =    -0.000113033309 [Eh]
    Disp20 (SS)         =    -0.000056516655 [Eh]
    Disp20 (OS)         =    -0.000056516655 [Eh]
    Exch-Disp20         =     0.000000010938 [Eh]
    Exch-Disp20 (SS)    =     0.000000008060 [Eh]
    Exch-Disp20 (OS)    =     0.000000002878 [Eh]

    SAPT Results 
  --------------------------------------------------------------------------------------------------------
    Electrostatics                 61.60920274 [mEh]      38.66035839 [kcal/mol]     161.75493950 [kJ/mol]
      Elst10,r                     61.60920274 [mEh]      38.66035839 [kcal/mol]     161.75493950 [kJ/mol]

    Exchange                       -0.00004692 [mEh]      -0.00002944 [kcal/mol]      -0.00012319 [kJ/mol]
      Exch10                       -0.00004692 [mEh]      -0.00002944 [kcal/mol]      -0.00012319 [kJ/mol]
      Exch10(S^2)                  -0.00004692 [mEh]      -0.00002944 [kcal/mol]      -0.00012319 [kJ/mol]

    Induction                      -0.86593462 [mEh]      -0.54338218 [kcal/mol]      -2.27351104 [kJ/mol]
      Ind20,r                      -0.88112972 [mEh]      -0.55291725 [kcal/mol]      -2.31340577 [kJ/mol]
      Exch-Ind20,r                  0.00002496 [mEh]       0.00001567 [kcal/mol]       0.00006554 [kJ/mol]
      delta HF,r (2)                0.01517014 [mEh]       0.00951940 [kcal/mol]       0.03982919 [kJ/mol]

    Dispersion                     -0.11302237 [mEh]      -0.07092261 [kcal/mol]      -0.29674019 [kJ/mol]
      Disp20                       -0.11303331 [mEh]      -0.07092947 [kcal/mol]      -0.29676891 [kJ/mol]
      Exch-Disp20                   0.00001094 [mEh]       0.00000686 [kcal/mol]       0.00002872 [kJ/mol]
      Disp20 (SS)                  -0.05651665 [mEh]      -0.03546474 [kcal/mol]      -0.14838446 [kJ/mol]
      Disp20 (OS)                  -0.05651665 [mEh]      -0.03546474 [kcal/mol]      -0.14838446 [kJ/mol]
      Exch-Disp20 (SS)              0.00000806 [mEh]       0.00000506 [kcal/mol]       0.00002116 [kJ/mol]
      Exch-Disp20 (OS)              0.00000288 [mEh]       0.00000181 [kcal/mol]       0.00000756 [kJ/mol]

  Total HF                         60.74322120 [mEh]      38.11694677 [kcal/mol]     159.48130528 [kJ/mol]
  Total SAPT0                      60.63019882 [mEh]      38.04602416 [kcal/mol]     159.18456508 [kJ/mol]

  Special recipe for scaled SAPT0 (see Manual):
    Electrostatics sSAPT0          61.60920274 [mEh]      38.66035839 [kcal/mol]     161.75493950 [kJ/mol]
    Exchange sSAPT0                -0.00004692 [mEh]      -0.00002944 [kcal/mol]      -0.00012319 [kJ/mol]
    Induction sSAPT0               -0.86593462 [mEh]      -0.54338218 [kcal/mol]      -2.27351104 [kJ/mol]
    Dispersion sSAPT0              -0.11302237 [mEh]      -0.07092261 [kcal/mol]      -0.29674019 [kJ/mol]
  Total sSAPT0                     60.63019882 [mEh]      38.04602416 [kcal/mol]     159.18456508 [kJ/mol]
  --------------------------------------------------------------------------------------------------------

*** tstop() called on aliaconda at Sun Mar 20 05:00:34 2022
Module time:
	user time   =     684.77 seconds =      11.41 minutes
	system time =     117.07 seconds =       1.95 minutes
	total time  =         50 seconds =       0.83 minutes
Total time:
	user time   =   33453.64 seconds =     557.56 minutes
	system time =    4604.73 seconds =      76.75 minutes
	total time  =       2217 seconds =      36.95 minutes


Warning! sapt0 does not have an associated derived wavefunction.The returned wavefunction is the dimer SCF wavefunction.


  Memory set to  74.506 GiB by Python driver.
  Threads set to 32 by Python driver.
