
Scratch directory: /tmp/

Scratch directory: /tmp/

  //>>>>>>>>>>>>>>>>>>>>>>>>>>>>>>>>>>>//
  //              Dimer HF             //
  //<<<<<<<<<<<<<<<<<<<<<<<<<<<<<<<<<<<//


*** tstart() called on aliaconda
*** at Sun Mar 20 05:25:51 2022

   => Loading Basis Set <=

    Name: JUN-CC-PVDZ
    Role: ORBITAL
    Keyword: BASIS
    atoms 1, 14                                          entry N          line   198 file /home/alia/anaconda3/envs/mddemo/share/psi4/basis/jun-cc-pvdz.gbs 
    atoms 2-4, 6, 8-10, 13, 15-17, 19, 21, 23, 25-27, 30 entry H          line    36 file /home/alia/anaconda3/envs/mddemo/share/psi4/basis/jun-cc-pvdz.gbs 
    atoms 5, 7, 11, 18, 20, 24, 28                       entry C          line   164 file /home/alia/anaconda3/envs/mddemo/share/psi4/basis/jun-cc-pvdz.gbs 
    atoms 12, 22, 29                                     entry O          line   232 file /home/alia/anaconda3/envs/mddemo/share/psi4/basis/jun-cc-pvdz.gbs 


         ---------------------------------------------------------
                                   SCF
               by Justin Turney, Rob Parrish, Andy Simmonett
                          and Daniel G. A. Smith
                              RHF Reference
                       32 Threads,  76293 MiB Core
         ---------------------------------------------------------

  ==> Geometry <==

    Molecular point group: c1
    Full point group: C1

    Geometry (in Angstrom), charge = 2, multiplicity = 1:

       Center              X                  Y                   Z               Mass       
    ------------   -----------------  -----------------  -----------------  -----------------
         N            0.471812495786    -5.727576024648    -1.356035477952    14.003074004430
         H           -0.513187637728    -6.053575761434    -1.965035683946     1.007825032230
         H            0.038812408048    -5.858576066609    -0.241035706834     1.007825032230
         H            1.203812369901    -6.425575978871    -1.503035790757     1.007825032230
         C            0.974812278348    -4.421575791951    -1.628035790757    12.000000000000
         H            0.281812438566    -3.680576093312    -1.171035535172     1.007825032230
         C            2.335812339384    -4.238575704213    -1.027035481767    12.000000000000
         H            2.952812442380    -5.009576089498    -1.477035767869     1.007825032230
         H            2.298812398511    -4.415575749990     0.044964068099     1.007825032230
         H            2.800812491971    -3.242575891133    -1.204035527543     1.007825032230
         C            0.897812614042    -4.079575784322    -3.098035819367    12.000000000000
         O            0.167812594968    -4.678575761434    -3.885035760240    15.994914619570
         H            1.522294768888    -3.258754975911    -3.480495936707     1.007825032230
         N            0.378812560636     2.199424021129     0.686964266463    14.003074004430
         H            0.301812419492     2.290424578074    -0.511035687760     1.007825032230
         H            0.455812224943     1.002424471263     0.774964087173     1.007825032230
         H            1.244812259275     2.633424036387     0.954964392348     1.007825032230
         C           -0.855187645358     2.870424501780     1.199964277907    12.000000000000
         H           -1.547187557620     2.067424051646     1.296964399978     1.007825032230
         C           -0.627187481326     3.459424250010     2.534963839217    12.000000000000
         H           -1.540187588137     3.910424463633     2.853964083358     1.007825032230
         O            0.304812202054     4.556424372081     2.572963946029    15.994914619570
         H            1.211812266904     4.200424425487     2.257964365645     1.007825032230
         C           -0.023187389773     2.424424402598     3.527963869735    12.000000000000
         H            1.023812541563     2.305423967723     3.197963946029     1.007825032230
         H           -0.526187649172     1.450424425487     3.487963907882     1.007825032230
         H           -0.079187622469     2.835423700694     4.524964564010     1.007825032230
         C           -1.516187420291     3.896424524669     0.226964228316    12.000000000000
         O           -2.753187885684     3.950424425487     0.123964064284    15.994914619570
         H           -0.885666599673     4.572937242869    -0.368664510087     1.007825032230

  Running in c1 symmetry.

  Rotational constants: A =      0.03772  B =      0.00456  C =      0.00427 [cm^-1]
  Rotational constants: A =   1130.71229  B =    136.81139  C =    128.01068 [MHz]
  Nuclear repulsion =  653.446043210951188

  Charge       = 2
  Multiplicity = 1
  Electrons    = 96
  Nalpha       = 48
  Nbeta        = 48

  ==> Algorithm <==

  SCF Algorithm Type is DF.
  DIIS enabled.
  MOM disabled.
  Fractional occupation disabled.
  Guess Type is SAD.
  Energy threshold   = 1.00e-08
  Density threshold  = 1.00e-08
  Integral threshold = 1.00e-12

  ==> Primary Basis <==

  Basis Set: JUN-CC-PVDZ
    Blend: JUN-CC-PVDZ
    Number of shells: 150
    Number of basis functions: 306
    Number of Cartesian functions: 318
    Spherical Harmonics?: true
    Max angular momentum: 2

   => Loading Basis Set <=

    Name: (JUN-CC-PVDZ AUX)
    Role: JKFIT
    Keyword: DF_BASIS_SCF
    atoms 1, 14                                          entry N          line   202 file /home/alia/anaconda3/envs/mddemo/share/psi4/basis/jun-cc-pvdz-jkfit.gbs 
    atoms 2-4, 6, 8-10, 13, 15-17, 19, 21, 23, 25-27, 30 entry H          line    70 file /home/alia/anaconda3/envs/mddemo/share/psi4/basis/jun-cc-pvdz-jkfit.gbs 
    atoms 5, 7, 11, 18, 20, 24, 28                       entry C          line   146 file /home/alia/anaconda3/envs/mddemo/share/psi4/basis/jun-cc-pvdz-jkfit.gbs 
    atoms 12, 22, 29                                     entry O          line   258 file /home/alia/anaconda3/envs/mddemo/share/psi4/basis/jun-cc-pvdz-jkfit.gbs 

  ==> Integral Setup <==

  ==> DiskDFJK: Density-Fitted J/K Matrices <==

    J tasked:                  Yes
    K tasked:                  Yes
    wK tasked:                  No
    OpenMP threads:             32
    Integrals threads:          32
    Memory [MiB]:            57220
    Algorithm:                Core
    Integral Cache:           SAVE
    Schwarz Cutoff:          1E-12
    Fitting Condition:       1E-10

   => Auxiliary Basis Set <=

  Basis Set: (JUN-CC-PVDZ AUX)
    Blend: JUN-CC-PVDZ-JKFIT
    Number of shells: 486
    Number of basis functions: 1362
    Number of Cartesian functions: 1542
    Spherical Harmonics?: true
    Max angular momentum: 3

  Minimum eigenvalue in the overlap matrix is 5.4034268594E-05.
  Reciprocal condition number of the overlap matrix is 4.6789195073E-06.
    Using symmetric orthogonalization.

  ==> Pre-Iterations <==

  SCF Guess: Superposition of Atomic Densities via on-the-fly atomic UHF (no occupation information).

   -------------------------
    Irrep   Nso     Nmo    
   -------------------------
     A        306     306 
   -------------------------
    Total     306     306
   -------------------------

  ==> Iterations <==

                           Total Energy        Delta E     RMS |[F,P]|

   @DF-RHF iter SAD:  -607.38845808465260   -6.07388e+02   0.00000e+00 
   @DF-RHF iter   1:  -607.94747337127149   -5.59015e-01   2.85193e-03 DIIS
   @DF-RHF iter   2:  -608.27378512034250   -3.26312e-01   1.83875e-03 DIIS
   @DF-RHF iter   3:  -608.39250562262464   -1.18721e-01   4.06805e-04 DIIS
   @DF-RHF iter   4:  -608.40179522397807   -9.28960e-03   1.49959e-04 DIIS
   @DF-RHF iter   5:  -608.40311806418276   -1.32284e-03   3.65578e-05 DIIS
   @DF-RHF iter   6:  -608.40324921328852   -1.31149e-04   1.85080e-05 DIIS
   @DF-RHF iter   7:  -608.40328246505896   -3.32518e-05   8.37990e-06 DIIS
   @DF-RHF iter   8:  -608.40329057171448   -8.10666e-06   3.55558e-06 DIIS
   @DF-RHF iter   9:  -608.40329206587990   -1.49417e-06   1.36839e-06 DIIS
   @DF-RHF iter  10:  -608.40329227453742   -2.08658e-07   4.55326e-07 DIIS
   @DF-RHF iter  11:  -608.40329230268890   -2.81515e-08   2.00355e-07 DIIS
   @DF-RHF iter  12:  -608.40329231174030   -9.05140e-09   1.05975e-07 DIIS
   @DF-RHF iter  13:  -608.40329231496798   -3.22768e-09   5.68179e-08 DIIS
   @DF-RHF iter  14:  -608.40329231616715   -1.19917e-09   2.17729e-08 DIIS
   @DF-RHF iter  15:  -608.40329231630051   -1.33355e-10   6.54180e-09 DIIS
  Energy and wave function converged.


  ==> Post-Iterations <==

    Orbital Energies [Eh]
    ---------------------

    Doubly Occupied:                                                      

       1A    -20.823799     2A    -20.811262     3A    -20.803275  
       4A    -16.013759     5A    -15.998542     6A    -11.597837  
       7A    -11.588553     8A    -11.576705     9A    -11.565367  
      10A    -11.529426    11A    -11.503007    12A    -11.459182  
      13A     -1.645034    14A     -1.616118    15A     -1.595211  
      16A     -1.575810    17A     -1.562817    18A     -1.325749  
      19A     -1.313586    20A     -1.213394    21A     -1.181017  
      22A     -1.090294    23A     -1.082410    24A     -1.076363  
      25A     -1.037579    26A     -1.031610    27A     -0.987813  
      28A     -0.977157    29A     -0.956327    30A     -0.945384  
      31A     -0.897946    32A     -0.892522    33A     -0.880732  
      34A     -0.870715    35A     -0.864575    36A     -0.839931  
      37A     -0.824180    38A     -0.814106    39A     -0.813615  
      40A     -0.798185    41A     -0.769637    42A     -0.760763  
      43A     -0.745315    44A     -0.738594    45A     -0.724943  
      46A     -0.688698    47A     -0.682902    48A     -0.654918  

    Virtual:                                                              

      49A     -0.217545    50A     -0.190052    51A     -0.163509  
      52A     -0.152131    53A     -0.140094    54A     -0.137978  
      55A     -0.129242    56A     -0.123562    57A     -0.118084  
      58A     -0.105099    59A     -0.101578    60A     -0.097444  
      61A     -0.090053    62A     -0.087414    63A     -0.080189  
      64A     -0.074556    65A     -0.071589    66A     -0.069220  
      67A     -0.068703    68A     -0.063872    69A     -0.052873  
      70A     -0.050801    71A     -0.045609    72A     -0.038578  
      73A     -0.037153    74A     -0.029853    75A     -0.028229  
      76A     -0.023006    77A     -0.021285    78A     -0.014224  
      79A     -0.010468    80A     -0.006574    81A      0.000321  
      82A      0.005127    83A      0.010431    84A      0.026930  
      85A      0.031899    86A      0.036145    87A      0.041234  
      88A      0.055099    89A      0.057999    90A      0.062492  
      91A      0.069356    92A      0.076642    93A      0.083676  
      94A      0.085005    95A      0.090344    96A      0.096325  
      97A      0.107805    98A      0.109750    99A      0.116060  
     100A      0.125625   101A      0.130337   102A      0.132104  
     103A      0.135896   104A      0.144345   105A      0.148077  
     106A      0.154923   107A      0.160297   108A      0.164542  
     109A      0.167055   110A      0.178593   111A      0.185413  
     112A      0.197273   113A      0.203821   114A      0.211878  
     115A      0.214026   116A      0.217433   117A      0.242674  
     118A      0.245695   119A      0.257947   120A      0.263703  
     121A      0.270249   122A      0.293183   123A      0.312992  
     124A      0.324100   125A      0.357808   126A      0.365682  
     127A      0.448899   128A      0.465155   129A      0.477032  
     130A      0.498983   131A      0.507761   132A      0.513507  
     133A      0.538755   134A      0.542668   135A      0.547282  
     136A      0.556107   137A      0.563857   138A      0.576223  
     139A      0.583275   140A      0.596128   141A      0.602123  
     142A      0.612627   143A      0.623251   144A      0.628929  
     145A      0.639746   146A      0.651338   147A      0.665715  
     148A      0.673608   149A      0.676453   150A      0.680793  
     151A      0.694815   152A      0.702623   153A      0.708584  
     154A      0.713597   155A      0.725539   156A      0.732098  
     157A      0.734141   158A      0.743667   159A      0.756047  
     160A      0.769018   161A      0.782138   162A      0.794425  
     163A      0.800195   164A      0.809972   165A      0.824508  
     166A      0.825979   167A      0.846987   168A      0.861005  
     169A      0.861772   170A      0.870580   171A      0.880451  
     172A      0.894573   173A      0.940608   174A      0.946011  
     175A      0.968608   176A      1.026808   177A      1.042420  
     178A      1.044188   179A      1.094110   180A      1.135379  
     181A      1.141357   182A      1.144409   183A      1.164191  
     184A      1.190094   185A      1.202772   186A      1.217758  
     187A      1.239079   188A      1.243649   189A      1.258632  
     190A      1.262034   191A      1.266790   192A      1.278810  
     193A      1.290305   194A      1.301127   195A      1.311428  
     196A      1.321631   197A      1.326723   198A      1.339473  
     199A      1.351056   200A      1.379195   201A      1.391243  
     202A      1.414192   203A      1.421597   204A      1.437331  
     205A      1.452330   206A      1.457869   207A      1.483104  
     208A      1.495610   209A      1.531645   210A      1.538104  
     211A      1.543239   212A      1.580974   213A      1.586425  
     214A      1.608800   215A      1.623303   216A      1.635488  
     217A      1.638293   218A      1.647008   219A      1.647878  
     220A      1.665020   221A      1.679579   222A      1.683480  
     223A      1.691081   224A      1.713550   225A      1.720809  
     226A      1.738453   227A      1.740086   228A      1.744173  
     229A      1.759810   230A      1.763282   231A      1.776217  
     232A      1.781982   233A      1.783856   234A      1.802638  
     235A      1.811036   236A      1.824601   237A      1.826602  
     238A      1.846949   239A      1.858679   240A      1.869369  
     241A      1.908091   242A      1.926841   243A      1.929574  
     244A      1.935895   245A      1.954516   246A      1.969741  
     247A      1.999994   248A      2.005112   249A      2.027430  
     250A      2.042133   251A      2.050413   252A      2.076339  
     253A      2.087245   254A      2.095168   255A      2.141564  
     256A      2.149274   257A      2.154492   258A      2.157457  
     259A      2.186972   260A      2.203118   261A      2.244209  
     262A      2.257504   263A      2.299946   264A      2.330897  
     265A      2.341258   266A      2.343980   267A      2.360776  
     268A      2.403578   269A      2.405923   270A      2.433007  
     271A      2.443070   272A      2.450103   273A      2.457871  
     274A      2.485840   275A      2.547388   276A      2.576323  
     277A      2.591808   278A      2.608477   279A      2.612098  
     280A      2.612707   281A      2.618028   282A      2.639540  
     283A      2.667335   284A      2.691675   285A      2.715815  
     286A      2.786229   287A      2.803027   288A      2.829711  
     289A      2.834623   290A      2.884706   291A      2.902495  
     292A      2.947679   293A      2.961251   294A      3.044244  
     295A      3.047867   296A      3.077143   297A      3.162327  
     298A      3.208330   299A      3.211569   300A      3.226557  
     301A      3.455468   302A      3.484777   303A      3.493405  
     304A      3.711501   305A      3.713025   306A      3.838047  

    Final Occupation by Irrep:
              A 
    DOCC [    48 ]

  @DF-RHF Final Energy:  -608.40329231630051

   => Energetics <=

    Nuclear Repulsion Energy =            653.4460432109511885
    One-Electron Energy =               -2100.2053434387080415
    Two-Electron Energy =                 838.3560079114562313
    Total Energy =                       -608.4032923163005080

Computation Completed


Properties will be evaluated at   0.000000,   0.000000,   0.000000 [a0]

Properties computed using the SCF density matrix

  Nuclear Dipole Moment: [e a0]
     X:     9.5915      Y:    -9.9798      Z:     7.0022

  Electronic Dipole Moment: [e a0]
     X:    -6.5507      Y:     3.7820      Z:    -7.1453

  Dipole Moment: [e a0]
     X:     3.0409      Y:    -6.1978      Z:    -0.1431     Total:     6.9051

  Dipole Moment: [D]
     X:     7.7291      Y:   -15.7533      Z:    -0.3637     Total:    17.5510


*** tstop() called on aliaconda at Sun Mar 20 05:26:06 2022
Module time:
	user time   =     321.14 seconds =       5.35 minutes
	system time =      38.03 seconds =       0.63 minutes
	total time  =         15 seconds =       0.25 minutes
Total time:
	user time   =   59490.02 seconds =     991.50 minutes
	system time =    8253.58 seconds =     137.56 minutes
	total time  =       3749 seconds =      62.48 minutes

  //>>>>>>>>>>>>>>>>>>>>>>>>>>>>>>>>>>>//
  //            Monomer A HF           //
  //<<<<<<<<<<<<<<<<<<<<<<<<<<<<<<<<<<<//


*** tstart() called on aliaconda
*** at Sun Mar 20 05:26:06 2022

   => Loading Basis Set <=

    Name: JUN-CC-PVDZ
    Role: ORBITAL
    Keyword: BASIS
    atoms 1, 14                                          entry N          line   198 file /home/alia/anaconda3/envs/mddemo/share/psi4/basis/jun-cc-pvdz.gbs 
    atoms 2-4, 6, 8-10, 13, 15-17, 19, 21, 23, 25-27, 30 entry H          line    36 file /home/alia/anaconda3/envs/mddemo/share/psi4/basis/jun-cc-pvdz.gbs 
    atoms 5, 7, 11, 18, 20, 24, 28                       entry C          line   164 file /home/alia/anaconda3/envs/mddemo/share/psi4/basis/jun-cc-pvdz.gbs 
    atoms 12, 22, 29                                     entry O          line   232 file /home/alia/anaconda3/envs/mddemo/share/psi4/basis/jun-cc-pvdz.gbs 


         ---------------------------------------------------------
                                   SCF
               by Justin Turney, Rob Parrish, Andy Simmonett
                          and Daniel G. A. Smith
                              RHF Reference
                       32 Threads,  76293 MiB Core
         ---------------------------------------------------------

  ==> Geometry <==

    Molecular point group: c1
    Full point group: C1

    Geometry (in Angstrom), charge = 1, multiplicity = 1:

       Center              X                  Y                   Z               Mass       
    ------------   -----------------  -----------------  -----------------  -----------------
         N            0.471812495786    -5.727576024648    -1.356035477952    14.003074004430
         H           -0.513187637728    -6.053575761434    -1.965035683946     1.007825032230
         H            0.038812408048    -5.858576066609    -0.241035706834     1.007825032230
         H            1.203812369901    -6.425575978871    -1.503035790757     1.007825032230
         C            0.974812278348    -4.421575791951    -1.628035790757    12.000000000000
         H            0.281812438566    -3.680576093312    -1.171035535172     1.007825032230
         C            2.335812339384    -4.238575704213    -1.027035481767    12.000000000000
         H            2.952812442380    -5.009576089498    -1.477035767869     1.007825032230
         H            2.298812398511    -4.415575749990     0.044964068099     1.007825032230
         H            2.800812491971    -3.242575891133    -1.204035527543     1.007825032230
         C            0.897812614042    -4.079575784322    -3.098035819367    12.000000000000
         O            0.167812594968    -4.678575761434    -3.885035760240    15.994914619570
         H            1.522294768888    -3.258754975911    -3.480495936707     1.007825032230
      Gh(N)           0.378812560636     2.199424021129     0.686964266463    14.003074004430
      Gh(H)           0.301812419492     2.290424578074    -0.511035687760     1.007825032230
      Gh(H)           0.455812224943     1.002424471263     0.774964087173     1.007825032230
      Gh(H)           1.244812259275     2.633424036387     0.954964392348     1.007825032230
      Gh(C)          -0.855187645358     2.870424501780     1.199964277907    12.000000000000
      Gh(H)          -1.547187557620     2.067424051646     1.296964399978     1.007825032230
      Gh(C)          -0.627187481326     3.459424250010     2.534963839217    12.000000000000
      Gh(H)          -1.540187588137     3.910424463633     2.853964083358     1.007825032230
      Gh(O)           0.304812202054     4.556424372081     2.572963946029    15.994914619570
      Gh(H)           1.211812266904     4.200424425487     2.257964365645     1.007825032230
      Gh(C)          -0.023187389773     2.424424402598     3.527963869735    12.000000000000
      Gh(H)           1.023812541563     2.305423967723     3.197963946029     1.007825032230
      Gh(H)          -0.526187649172     1.450424425487     3.487963907882     1.007825032230
      Gh(H)          -0.079187622469     2.835423700694     4.524964564010     1.007825032230
      Gh(C)          -1.516187420291     3.896424524669     0.226964228316    12.000000000000
      Gh(O)          -2.753187885684     3.950424425487     0.123964064284    15.994914619570
      Gh(H)          -0.885666599673     4.572937242869    -0.368664510087     1.007825032230

  Running in c1 symmetry.

  Rotational constants: A =      0.03772  B =      0.00456  C =      0.00427 [cm^-1]
  Rotational constants: A =   1130.71229  B =    136.81139  C =    128.01068 [MHz]
  Nuclear repulsion =  187.389855077883539

  Charge       = 1
  Multiplicity = 1
  Electrons    = 40
  Nalpha       = 20
  Nbeta        = 20

  ==> Algorithm <==

  SCF Algorithm Type is DF.
  DIIS enabled.
  MOM disabled.
  Fractional occupation disabled.
  Guess Type is SAD.
  Energy threshold   = 1.00e-08
  Density threshold  = 1.00e-08
  Integral threshold = 1.00e-12

  ==> Primary Basis <==

  Basis Set: JUN-CC-PVDZ
    Blend: JUN-CC-PVDZ
    Number of shells: 150
    Number of basis functions: 306
    Number of Cartesian functions: 318
    Spherical Harmonics?: true
    Max angular momentum: 2

   => Loading Basis Set <=

    Name: (JUN-CC-PVDZ AUX)
    Role: JKFIT
    Keyword: DF_BASIS_SCF
    atoms 1, 14                                          entry N          line   202 file /home/alia/anaconda3/envs/mddemo/share/psi4/basis/jun-cc-pvdz-jkfit.gbs 
    atoms 2-4, 6, 8-10, 13, 15-17, 19, 21, 23, 25-27, 30 entry H          line    70 file /home/alia/anaconda3/envs/mddemo/share/psi4/basis/jun-cc-pvdz-jkfit.gbs 
    atoms 5, 7, 11, 18, 20, 24, 28                       entry C          line   146 file /home/alia/anaconda3/envs/mddemo/share/psi4/basis/jun-cc-pvdz-jkfit.gbs 
    atoms 12, 22, 29                                     entry O          line   258 file /home/alia/anaconda3/envs/mddemo/share/psi4/basis/jun-cc-pvdz-jkfit.gbs 

  ==> Integral Setup <==

  ==> DiskDFJK: Density-Fitted J/K Matrices <==

    J tasked:                  Yes
    K tasked:                  Yes
    wK tasked:                  No
    OpenMP threads:             32
    Integrals threads:          32
    Memory [MiB]:            57220
    Algorithm:                Core
    Integral Cache:           LOAD
    Schwarz Cutoff:          1E-12
    Fitting Condition:       1E-10

   => Auxiliary Basis Set <=

  Basis Set: (JUN-CC-PVDZ AUX)
    Blend: JUN-CC-PVDZ-JKFIT
    Number of shells: 486
    Number of basis functions: 1362
    Number of Cartesian functions: 1542
    Spherical Harmonics?: true
    Max angular momentum: 3

  Minimum eigenvalue in the overlap matrix is 5.4034268594E-05.
  Reciprocal condition number of the overlap matrix is 4.6789195073E-06.
    Using symmetric orthogonalization.

  ==> Pre-Iterations <==

  SCF Guess: Superposition of Atomic Densities via on-the-fly atomic UHF (no occupation information).

   -------------------------
    Irrep   Nso     Nmo    
   -------------------------
     A        306     306 
   -------------------------
    Total     306     306
   -------------------------

  ==> Iterations <==

                           Total Energy        Delta E     RMS |[F,P]|

   @DF-RHF iter SAD:  -246.87505184013497   -2.46875e+02   0.00000e+00 
   @DF-RHF iter   1:  -247.12993103139621   -2.54879e-01   1.77008e-03 DIIS
   @DF-RHF iter   2:  -247.26217728556361   -1.32246e-01   1.07938e-03 DIIS
   @DF-RHF iter   3:  -247.30321154806441   -4.10343e-02   2.52679e-04 DIIS
   @DF-RHF iter   4:  -247.30690901698347   -3.69747e-03   8.95401e-05 DIIS
   @DF-RHF iter   5:  -247.30741084233955   -5.01825e-04   2.02536e-05 DIIS
   @DF-RHF iter   6:  -247.30746304438119   -5.22020e-05   9.10162e-06 DIIS
   @DF-RHF iter   7:  -247.30747239743573   -9.35305e-06   4.37682e-06 DIIS
   @DF-RHF iter   8:  -247.30747480063783   -2.40320e-06   1.45781e-06 DIIS
   @DF-RHF iter   9:  -247.30747506125272   -2.60615e-07   3.52025e-07 DIIS
   @DF-RHF iter  10:  -247.30747507406718   -1.28145e-08   1.07479e-07 DIIS
   @DF-RHF iter  11:  -247.30747507567904   -1.61185e-09   3.32268e-08 DIIS
   @DF-RHF iter  12:  -247.30747507590908   -2.30045e-10   1.70019e-08 DIIS
   @DF-RHF iter  13:  -247.30747507600205   -9.29674e-11   8.07349e-09 DIIS
  Energy and wave function converged.


  ==> Post-Iterations <==

    Orbital Energies [Eh]
    ---------------------

    Doubly Occupied:                                                      

       1A    -20.752979     2A    -15.931384     3A    -11.527311  
       4A    -11.502140     5A    -11.427894     6A     -1.575150  
       7A     -1.507023     8A     -1.252607     9A     -1.107609  
      10A     -1.011552    11A     -0.962544    12A     -0.918359  
      13A     -0.873547    14A     -0.822660    15A     -0.808628  
      16A     -0.750878    17A     -0.738265    18A     -0.724992  
      19A     -0.674711    20A     -0.611971  

    Virtual:                                                              

      21A     -0.122548    22A     -0.074018    23A     -0.067567  
      24A     -0.057015    25A     -0.050687    26A     -0.032711  
      27A     -0.027882    28A     -0.025594    29A     -0.012203  
      30A     -0.008777    31A     -0.000426    32A      0.001350  
      33A      0.008285    34A      0.012906    35A      0.017752  
      36A      0.026499    37A      0.028789    38A      0.033423  
      39A      0.041426    40A      0.045320    41A      0.047188  
      42A      0.048935    43A      0.054522    44A      0.066458  
      45A      0.074599    46A      0.080504    47A      0.082702  
      48A      0.086789    49A      0.091804    50A      0.096798  
      51A      0.105556    52A      0.111629    53A      0.123207  
      54A      0.125893    55A      0.134591    56A      0.144802  
      57A      0.148494    58A      0.150341    59A      0.154155  
      60A      0.157059    61A      0.161898    62A      0.165465  
      63A      0.172145    64A      0.178481    65A      0.187155  
      66A      0.195986    67A      0.206112    68A      0.206965  
      69A      0.215955    70A      0.225409    71A      0.228324  
      72A      0.237256    73A      0.242376    74A      0.252383  
      75A      0.254517    76A      0.266621    77A      0.278977  
      78A      0.283214    79A      0.298303    80A      0.308585  
      81A      0.311952    82A      0.330029    83A      0.335729  
      84A      0.341555    85A      0.355912    86A      0.371478  
      87A      0.379079    88A      0.390425    89A      0.398823  
      90A      0.429634    91A      0.436543    92A      0.448620  
      93A      0.472799    94A      0.480731    95A      0.505912  
      96A      0.522039    97A      0.528527    98A      0.548292  
      99A      0.555230   100A      0.560948   101A      0.570000  
     102A      0.572403   103A      0.584112   104A      0.588464  
     105A      0.611519   106A      0.614790   107A      0.629215  
     108A      0.650011   109A      0.655044   110A      0.660258  
     111A      0.673643   112A      0.680134   113A      0.683404  
     114A      0.708767   115A      0.722634   116A      0.738777  
     117A      0.739577   118A      0.748060   119A      0.751670  
     120A      0.765839   121A      0.784085   122A      0.790416  
     123A      0.798180   124A      0.809760   125A      0.830962  
     126A      0.850966   127A      0.867048   128A      0.886659  
     129A      0.894070   130A      0.914713   131A      0.916755  
     132A      0.929559   133A      0.938456   134A      0.939757  
     135A      0.950889   136A      0.970744   137A      0.985812  
     138A      1.016477   139A      1.031501   140A      1.099118  
     141A      1.116334   142A      1.131349   143A      1.205419  
     144A      1.213241   145A      1.235449   146A      1.289941  
     147A      1.312334   148A      1.329939   149A      1.347708  
     150A      1.390811   151A      1.396476   152A      1.461945  
     153A      1.496829   154A      1.501085   155A      1.523836  
     156A      1.526384   157A      1.565469   158A      1.566283  
     159A      1.597506   160A      1.616240   161A      1.623852  
     162A      1.646499   163A      1.659216   164A      1.677007  
     165A      1.685539   166A      1.698274   167A      1.709024  
     168A      1.712331   169A      1.718669   170A      1.730344  
     171A      1.737289   172A      1.742851   173A      1.756375  
     174A      1.765610   175A      1.793843   176A      1.804362  
     177A      1.811996   178A      1.817407   179A      1.834255  
     180A      1.840223   181A      1.854215   182A      1.861264  
     183A      1.874221   184A      1.875149   185A      1.888785  
     186A      1.899657   187A      1.912527   188A      1.919195  
     189A      1.936400   190A      1.967686   191A      1.986999  
     192A      1.997128   193A      2.001516   194A      2.015055  
     195A      2.026129   196A      2.031916   197A      2.042482  
     198A      2.069976   199A      2.071224   200A      2.073612  
     201A      2.076211   202A      2.121624   203A      2.122354  
     204A      2.149798   205A      2.157369   206A      2.162427  
     207A      2.173097   208A      2.190842   209A      2.215769  
     210A      2.220759   211A      2.226742   212A      2.236734  
     213A      2.257576   214A      2.293584   215A      2.310889  
     216A      2.329748   217A      2.332791   218A      2.343594  
     219A      2.375415   220A      2.385162   221A      2.412273  
     222A      2.424000   223A      2.430690   224A      2.443169  
     225A      2.475126   226A      2.481307   227A      2.514095  
     228A      2.525667   229A      2.528896   230A      2.552427  
     231A      2.593035   232A      2.605669   233A      2.622004  
     234A      2.634377   235A      2.650889   236A      2.661412  
     237A      2.682762   238A      2.683487   239A      2.693820  
     240A      2.723517   241A      2.738924   242A      2.751233  
     243A      2.773188   244A      2.826273   245A      2.858288  
     246A      2.872347   247A      2.874202   248A      2.906192  
     249A      2.912518   250A      2.957066   251A      2.963948  
     252A      2.971998   253A      3.031256   254A      3.035033  
     255A      3.088530   256A      3.115911   257A      3.139882  
     258A      3.207319   259A      3.232340   260A      3.278015  
     261A      3.341441   262A      3.403369   263A      3.461174  
     264A      3.488225   265A      3.539819   266A      3.554650  
     267A      3.629428   268A      3.650200   269A      3.681703  
     270A      3.782171   271A      3.910599   272A      3.971972  
     273A      4.032432   274A      4.172909   275A      4.206010  
     276A      4.305614   277A      4.401482   278A      4.488125  
     279A      4.539062   280A      4.619399   281A      4.638208  
     282A      4.672045   283A      4.775204   284A      4.813461  
     285A      4.884566   286A      4.964556   287A      5.003900  
     288A      5.056938   289A      5.094895   290A      5.155586  
     291A      5.323440   292A      5.468669   293A      5.545617  
     294A      5.644593   295A      5.741756   296A      5.826932  
     297A      5.979046   298A      6.446477   299A      6.591369  
     300A     18.139799   301A     18.331549   302A     18.414767  
     303A     18.592001   304A     25.312437   305A     33.436556  
     306A     33.452162  

    Final Occupation by Irrep:
              A 
    DOCC [    20 ]

  @DF-RHF Final Energy:  -247.30747507600205

   => Energetics <=

    Nuclear Repulsion Energy =            187.3898550778835386
    One-Electron Energy =                -698.4302494149801532
    Two-Electron Energy =                 263.7329192610945370
    Total Energy =                       -247.3074750760020493

Computation Completed


Properties will be evaluated at   0.000000,   0.000000,   0.000000 [a0]

Properties computed using the SCF density matrix

  Nuclear Dipole Moment: [e a0]
     X:    76.4995      Y:  -362.6475      Z:  -162.6826

  Electronic Dipole Moment: [e a0]
     X:   -74.7454      Y:   352.8390      Z:   160.9456

  Dipole Moment: [e a0]
     X:     1.7541      Y:    -9.8085      Z:    -1.7370     Total:    10.1144

  Dipole Moment: [D]
     X:     4.4585      Y:   -24.9306      Z:    -4.4150     Total:    25.7081


*** tstop() called on aliaconda at Sun Mar 20 05:26:15 2022
Module time:
	user time   =     190.29 seconds =       3.17 minutes
	system time =      20.46 seconds =       0.34 minutes
	total time  =          9 seconds =       0.15 minutes
Total time:
	user time   =   59680.46 seconds =     994.67 minutes
	system time =    8274.07 seconds =     137.90 minutes
	total time  =       3758 seconds =      62.63 minutes

  //>>>>>>>>>>>>>>>>>>>>>>>>>>>>>>>>>>>//
  //            Monomer B HF           //
  //<<<<<<<<<<<<<<<<<<<<<<<<<<<<<<<<<<<//


*** tstart() called on aliaconda
*** at Sun Mar 20 05:26:15 2022

   => Loading Basis Set <=

    Name: JUN-CC-PVDZ
    Role: ORBITAL
    Keyword: BASIS
    atoms 1, 14                                          entry N          line   198 file /home/alia/anaconda3/envs/mddemo/share/psi4/basis/jun-cc-pvdz.gbs 
    atoms 2-4, 6, 8-10, 13, 15-17, 19, 21, 23, 25-27, 30 entry H          line    36 file /home/alia/anaconda3/envs/mddemo/share/psi4/basis/jun-cc-pvdz.gbs 
    atoms 5, 7, 11, 18, 20, 24, 28                       entry C          line   164 file /home/alia/anaconda3/envs/mddemo/share/psi4/basis/jun-cc-pvdz.gbs 
    atoms 12, 22, 29                                     entry O          line   232 file /home/alia/anaconda3/envs/mddemo/share/psi4/basis/jun-cc-pvdz.gbs 


         ---------------------------------------------------------
                                   SCF
               by Justin Turney, Rob Parrish, Andy Simmonett
                          and Daniel G. A. Smith
                              RHF Reference
                       32 Threads,  76293 MiB Core
         ---------------------------------------------------------

  ==> Geometry <==

    Molecular point group: c1
    Full point group: C1

    Geometry (in Angstrom), charge = 1, multiplicity = 1:

       Center              X                  Y                   Z               Mass       
    ------------   -----------------  -----------------  -----------------  -----------------
      Gh(N)           0.471812495786    -5.727576024648    -1.356035477952    14.003074004430
      Gh(H)          -0.513187637728    -6.053575761434    -1.965035683946     1.007825032230
      Gh(H)           0.038812408048    -5.858576066609    -0.241035706834     1.007825032230
      Gh(H)           1.203812369901    -6.425575978871    -1.503035790757     1.007825032230
      Gh(C)           0.974812278348    -4.421575791951    -1.628035790757    12.000000000000
      Gh(H)           0.281812438566    -3.680576093312    -1.171035535172     1.007825032230
      Gh(C)           2.335812339384    -4.238575704213    -1.027035481767    12.000000000000
      Gh(H)           2.952812442380    -5.009576089498    -1.477035767869     1.007825032230
      Gh(H)           2.298812398511    -4.415575749990     0.044964068099     1.007825032230
      Gh(H)           2.800812491971    -3.242575891133    -1.204035527543     1.007825032230
      Gh(C)           0.897812614042    -4.079575784322    -3.098035819367    12.000000000000
      Gh(O)           0.167812594968    -4.678575761434    -3.885035760240    15.994914619570
      Gh(H)           1.522294768888    -3.258754975911    -3.480495936707     1.007825032230
         N            0.378812560636     2.199424021129     0.686964266463    14.003074004430
         H            0.301812419492     2.290424578074    -0.511035687760     1.007825032230
         H            0.455812224943     1.002424471263     0.774964087173     1.007825032230
         H            1.244812259275     2.633424036387     0.954964392348     1.007825032230
         C           -0.855187645358     2.870424501780     1.199964277907    12.000000000000
         H           -1.547187557620     2.067424051646     1.296964399978     1.007825032230
         C           -0.627187481326     3.459424250010     2.534963839217    12.000000000000
         H           -1.540187588137     3.910424463633     2.853964083358     1.007825032230
         O            0.304812202054     4.556424372081     2.572963946029    15.994914619570
         H            1.211812266904     4.200424425487     2.257964365645     1.007825032230
         C           -0.023187389773     2.424424402598     3.527963869735    12.000000000000
         H            1.023812541563     2.305423967723     3.197963946029     1.007825032230
         H           -0.526187649172     1.450424425487     3.487963907882     1.007825032230
         H           -0.079187622469     2.835423700694     4.524964564010     1.007825032230
         C           -1.516187420291     3.896424524669     0.226964228316    12.000000000000
         O           -2.753187885684     3.950424425487     0.123964064284    15.994914619570
         H           -0.885666599673     4.572937242869    -0.368664510087     1.007825032230

  Running in c1 symmetry.

  Rotational constants: A =      0.03772  B =      0.00456  C =      0.00427 [cm^-1]
  Rotational constants: A =   1130.71229  B =    136.81139  C =    128.01068 [MHz]
  Nuclear repulsion =  329.073322812161848

  Charge       = 1
  Multiplicity = 1
  Electrons    = 56
  Nalpha       = 28
  Nbeta        = 28

  ==> Algorithm <==

  SCF Algorithm Type is DF.
  DIIS enabled.
  MOM disabled.
  Fractional occupation disabled.
  Guess Type is SAD.
  Energy threshold   = 1.00e-08
  Density threshold  = 1.00e-08
  Integral threshold = 1.00e-12

  ==> Primary Basis <==

  Basis Set: JUN-CC-PVDZ
    Blend: JUN-CC-PVDZ
    Number of shells: 150
    Number of basis functions: 306
    Number of Cartesian functions: 318
    Spherical Harmonics?: true
    Max angular momentum: 2

   => Loading Basis Set <=

    Name: (JUN-CC-PVDZ AUX)
    Role: JKFIT
    Keyword: DF_BASIS_SCF
    atoms 1, 14                                          entry N          line   202 file /home/alia/anaconda3/envs/mddemo/share/psi4/basis/jun-cc-pvdz-jkfit.gbs 
    atoms 2-4, 6, 8-10, 13, 15-17, 19, 21, 23, 25-27, 30 entry H          line    70 file /home/alia/anaconda3/envs/mddemo/share/psi4/basis/jun-cc-pvdz-jkfit.gbs 
    atoms 5, 7, 11, 18, 20, 24, 28                       entry C          line   146 file /home/alia/anaconda3/envs/mddemo/share/psi4/basis/jun-cc-pvdz-jkfit.gbs 
    atoms 12, 22, 29                                     entry O          line   258 file /home/alia/anaconda3/envs/mddemo/share/psi4/basis/jun-cc-pvdz-jkfit.gbs 

  ==> Integral Setup <==

  ==> DiskDFJK: Density-Fitted J/K Matrices <==

    J tasked:                  Yes
    K tasked:                  Yes
    wK tasked:                  No
    OpenMP threads:             32
    Integrals threads:          32
    Memory [MiB]:            57220
    Algorithm:                Core
    Integral Cache:           LOAD
    Schwarz Cutoff:          1E-12
    Fitting Condition:       1E-10

   => Auxiliary Basis Set <=

  Basis Set: (JUN-CC-PVDZ AUX)
    Blend: JUN-CC-PVDZ-JKFIT
    Number of shells: 486
    Number of basis functions: 1362
    Number of Cartesian functions: 1542
    Spherical Harmonics?: true
    Max angular momentum: 3

  Minimum eigenvalue in the overlap matrix is 5.4034268594E-05.
  Reciprocal condition number of the overlap matrix is 4.6789195073E-06.
    Using symmetric orthogonalization.

  ==> Pre-Iterations <==

  SCF Guess: Superposition of Atomic Densities via on-the-fly atomic UHF (no occupation information).

   -------------------------
    Irrep   Nso     Nmo    
   -------------------------
     A        306     306 
   -------------------------
    Total     306     306
   -------------------------

  ==> Iterations <==

                           Total Energy        Delta E     RMS |[F,P]|

   @DF-RHF iter SAD:  -360.51337407624806   -3.60513e+02   0.00000e+00 
   @DF-RHF iter   1:  -360.89652410621449   -3.83150e-01   2.21347e-03 DIIS
   @DF-RHF iter   2:  -361.08726521044684   -1.90741e-01   1.44836e-03 DIIS
   @DF-RHF iter   3:  -361.16084585008610   -7.35806e-02   3.12349e-04 DIIS
   @DF-RHF iter   4:  -361.16617456874985   -5.32872e-03   1.16502e-04 DIIS
   @DF-RHF iter   5:  -361.16693503010430   -7.60461e-04   2.78420e-05 DIIS
   @DF-RHF iter   6:  -361.16700652973515   -7.14996e-05   1.34470e-05 DIIS
   @DF-RHF iter   7:  -361.16702445026641   -1.79205e-05   5.71783e-06 DIIS
   @DF-RHF iter   8:  -361.16702865837516   -4.20811e-06   2.44544e-06 DIIS
   @DF-RHF iter   9:  -361.16702948081218   -8.22437e-07   7.44864e-07 DIIS
   @DF-RHF iter  10:  -361.16702957666371   -9.58515e-08   2.78112e-07 DIIS
   @DF-RHF iter  11:  -361.16702959304786   -1.63841e-08   1.33233e-07 DIIS
   @DF-RHF iter  12:  -361.16702959761636   -4.56851e-09   7.45043e-08 DIIS
   @DF-RHF iter  13:  -361.16702959945258   -1.83621e-09   3.56136e-08 DIIS
   @DF-RHF iter  14:  -361.16702959986986   -4.17288e-10   1.04707e-08 DIIS
   @DF-RHF iter  15:  -361.16702959989675   -2.68869e-11   3.56401e-09 DIIS
  Energy and wave function converged.


  ==> Post-Iterations <==

    Orbital Energies [Eh]
    ---------------------

    Doubly Occupied:                                                      

       1A    -20.754534     2A    -20.748425     3A    -15.946493  
       4A    -11.532061     5A    -11.504756     6A    -11.472630  
       7A    -11.400721     8A     -1.559302     9A     -1.538325  
      10A     -1.499763    11A     -1.253711    12A     -1.154537  
      13A     -1.032167    14A     -1.015691    15A     -0.974134  
      16A     -0.912764    17A     -0.896153    18A     -0.839031  
      19A     -0.812031    20A     -0.808094    21A     -0.782406  
      22A     -0.756134    23A     -0.712036    24A     -0.703439  
      25A     -0.682624    26A     -0.668711    27A     -0.632767  
      28A     -0.598212  

    Virtual:                                                              

      29A     -0.138242    30A     -0.090623    31A     -0.077407  
      32A     -0.059514    33A     -0.050837    34A     -0.037212  
      35A     -0.032229    36A     -0.027638    37A     -0.024098  
      38A     -0.016840    39A     -0.014013    40A     -0.007000  
      41A     -0.005004    42A     -0.000041    43A      0.011016  
      44A      0.018489    45A      0.026018    46A      0.033528  
      47A      0.033824    48A      0.038423    49A      0.041402  
      50A      0.044086    51A      0.045196    52A      0.048922  
      53A      0.049975    54A      0.064053    55A      0.066759  
      56A      0.080966    57A      0.088229    58A      0.092991  
      59A      0.098250    60A      0.104433    61A      0.112650  
      62A      0.113954    63A      0.122556    64A      0.129635  
      65A      0.135126    66A      0.140945    67A      0.144784  
      68A      0.145487    69A      0.153739    70A      0.164165  
      71A      0.165575    72A      0.171868    73A      0.181029  
      74A      0.188506    75A      0.192736    76A      0.194642  
      77A      0.203802    78A      0.206464    79A      0.212135  
      80A      0.219876    81A      0.221205    82A      0.233243  
      83A      0.238377    84A      0.254163    85A      0.262978  
      86A      0.269997    87A      0.272585    88A      0.277679  
      89A      0.285846    90A      0.304191    91A      0.306905  
      92A      0.314701    93A      0.327685    94A      0.340669  
      95A      0.352491    96A      0.356219    97A      0.367547  
      98A      0.375001    99A      0.381558   100A      0.392312  
     101A      0.422817   102A      0.433638   103A      0.438437  
     104A      0.458738   105A      0.500696   106A      0.515253  
     107A      0.523995   108A      0.526618   109A      0.551226  
     110A      0.567850   111A      0.578009   112A      0.604423  
     113A      0.608741   114A      0.629852   115A      0.634414  
     116A      0.635301   117A      0.645585   118A      0.655914  
     119A      0.674185   120A      0.685720   121A      0.690888  
     122A      0.698446   123A      0.731917   124A      0.733390  
     125A      0.737683   126A      0.744649   127A      0.759694  
     128A      0.767695   129A      0.790267   130A      0.792839  
     131A      0.798747   132A      0.805335   133A      0.815814  
     134A      0.827378   135A      0.839886   136A      0.856570  
     137A      0.869796   138A      0.879132   139A      0.888658  
     140A      0.898414   141A      0.918329   142A      0.922716  
     143A      0.929776   144A      0.953721   145A      0.978102  
     146A      1.000485   147A      1.026562   148A      1.102033  
     149A      1.152928   150A      1.161314   151A      1.192206  
     152A      1.204007   153A      1.249406   154A      1.260171  
     155A      1.298462   156A      1.317483   157A      1.326447  
     158A      1.345454   159A      1.357026   160A      1.374478  
     161A      1.398081   162A      1.408127   163A      1.437325  
     164A      1.471618   165A      1.484862   166A      1.491739  
     167A      1.495153   168A      1.515912   169A      1.537073  
     170A      1.539088   171A      1.587818   172A      1.592405  
     173A      1.598455   174A      1.612811   175A      1.641158  
     176A      1.654920   177A      1.670618   178A      1.682182  
     179A      1.688765   180A      1.694401   181A      1.698231  
     182A      1.708991   183A      1.738692   184A      1.739298  
     185A      1.748051   186A      1.751227   187A      1.771427  
     188A      1.786853   189A      1.798530   190A      1.812524  
     191A      1.822529   192A      1.836119   193A      1.844181  
     194A      1.862860   195A      1.870025   196A      1.882644  
     197A      1.883931   198A      1.888301   199A      1.919068  
     200A      1.929552   201A      1.931947   202A      1.943751  
     203A      1.952455   204A      1.966408   205A      1.968074  
     206A      1.983036   207A      1.986985   208A      1.997389  
     209A      2.020775   210A      2.043010   211A      2.065318  
     212A      2.068422   213A      2.087606   214A      2.092569  
     215A      2.102170   216A      2.116964   217A      2.134322  
     218A      2.136945   219A      2.155503   220A      2.169451  
     221A      2.178199   222A      2.206022   223A      2.213865  
     224A      2.225790   225A      2.245895   226A      2.250266  
     227A      2.262379   228A      2.304980   229A      2.316274  
     230A      2.327750   231A      2.376634   232A      2.388665  
     233A      2.389208   234A      2.402854   235A      2.419405  
     236A      2.427426   237A      2.468527   238A      2.472525  
     239A      2.492867   240A      2.509283   241A      2.523684  
     242A      2.536897   243A      2.545651   244A      2.597007  
     245A      2.631674   246A      2.651304   247A      2.655393  
     248A      2.670131   249A      2.678343   250A      2.691717  
     251A      2.701595   252A      2.711789   253A      2.751416  
     254A      2.763537   255A      2.774640   256A      2.814890  
     257A      2.817416   258A      2.888755   259A      2.893918  
     260A      2.937310   261A      2.943781   262A      2.969023  
     263A      3.007475   264A      3.044674   265A      3.103864  
     266A      3.114517   267A      3.137037   268A      3.142329  
     269A      3.206652   270A      3.217919   271A      3.267633  
     272A      3.281363   273A      3.331431   274A      3.421479  
     275A      3.492898   276A      3.511331   277A      3.548769  
     278A      3.590313   279A      3.642017   280A      3.767581  
     281A      3.819486   282A      3.892324   283A      3.961926  
     284A      4.042306   285A      4.151865   286A      4.169416  
     287A      4.273626   288A      4.420379   289A      4.634472  
     290A      4.686906   291A      4.755464   292A      4.832700  
     293A      4.907746   294A      4.961299   295A      5.071271  
     296A      5.222996   297A      5.451396   298A      5.527789  
     299A      5.693132   300A      5.776937   301A      6.657410  
     302A     18.154851   303A     18.352622   304A     18.578182  
     305A     25.320329   306A     33.425695  

    Final Occupation by Irrep:
              A 
    DOCC [    28 ]

  @DF-RHF Final Energy:  -361.16702959989675

   => Energetics <=

    Nuclear Repulsion Energy =            329.0733228121618481
    One-Electron Energy =               -1134.0974038146052862
    Two-Electron Energy =                 443.8570514025466309
    Total Energy =                       -361.1670295998967504

Computation Completed


Properties will be evaluated at   0.000000,   0.000000,   0.000000 [a0]

Properties computed using the SCF density matrix

  Nuclear Dipole Moment: [e a0]
     X:   -66.9080      Y:   352.6677      Z:   169.6848

  Electronic Dipole Moment: [e a0]
     X:    68.2552      Y:  -349.0471      Z:  -168.0620

  Dipole Moment: [e a0]
     X:     1.3472      Y:     3.6205      Z:     1.6228     Total:     4.1901

  Dipole Moment: [D]
     X:     3.4243      Y:     9.2025      Z:     4.1247     Total:    10.6501


*** tstop() called on aliaconda at Sun Mar 20 05:26:26 2022
Module time:
	user time   =     230.66 seconds =       3.84 minutes
	system time =      25.84 seconds =       0.43 minutes
	total time  =         11 seconds =       0.18 minutes
Total time:
	user time   =   59911.22 seconds =     998.52 minutes
	system time =    8299.93 seconds =     138.33 minutes
	total time  =       3769 seconds =      62.82 minutes
  Constructing Basis Sets for SAPT...

   => Loading Basis Set <=

    Name: (JUN-CC-PVDZ AUX)
    Role: RIFIT
    Keyword: DF_BASIS_SAPT
    atoms 1, 14                                          entry N          line   144 file /home/alia/anaconda3/envs/mddemo/share/psi4/basis/jun-cc-pvdz-ri.gbs 
    atoms 2-4, 6, 8-10, 13, 15-17, 19, 21, 23, 25-27, 30 entry H          line    30 file /home/alia/anaconda3/envs/mddemo/share/psi4/basis/jun-cc-pvdz-ri.gbs 
    atoms 5, 7, 11, 18, 20, 24, 28                       entry C          line   100 file /home/alia/anaconda3/envs/mddemo/share/psi4/basis/jun-cc-pvdz-ri.gbs 
    atoms 12, 22, 29                                     entry O          line   188 file /home/alia/anaconda3/envs/mddemo/share/psi4/basis/jun-cc-pvdz-ri.gbs 


  //>>>>>>>>>>>>>>>>>>>>>>>>>>>>>>>>>>>//
  //               SAPT0               //
  //<<<<<<<<<<<<<<<<<<<<<<<<<<<<<<<<<<<//


*** tstart() called on aliaconda
*** at Sun Mar 20 05:26:26 2022

        SAPT0  
    Ed Hohenstein
     6 June 2009

      Orbital Information
  --------------------------
    NSO        =       306
    NMO        =       306
    NRI        =      1032
    NOCC A     =        20
    NOCC B     =        28
    FOCC A     =         0
    FOCC B     =         0
    NVIR A     =       286
    NVIR B     =       278

    Elst10,r            =     0.072190088971 [Eh]
    Exch10              =    -0.000000035655 [Eh]
    Exch10 (S^2)        =    -0.000000035655 [Eh]

    Iter     Energy [mEh]          dE [mEh]         Residual      Time [s]
       1      -0.56304733       0.563047332       6.793198182             1
       2      -0.54528054      -0.017766792       2.256870842             1
       3      -0.58228924       0.037008702       0.938308270             2
       4      -0.59720790       0.014918661       0.238386789             2
       5      -0.59496229      -0.002245615       0.134528617             3
       6      -0.59409056      -0.000871728       0.039518575             4
       7      -0.59440149       0.000310932       0.012376897             4
       8      -0.59444868       0.000047188       0.004988593             5
       9      -0.59442129      -0.000027391       0.003053831             5
      10      -0.59441619      -0.000005095       0.001006644             6
      11      -0.59442208       0.000005889       0.000290194             6
      12      -0.59442223       0.000000149       0.000077947             7
      13      -0.59442184      -0.000000395       0.000018247             7
      14      -0.59442183      -0.000000002       0.000004647             8
      15      -0.59442185       0.000000017       0.000001216             8
      16      -0.59442185      -0.000000000       0.000000356             9

    CHF Iterations converged


    Iter     Energy [mEh]          dE [mEh]         Residual      Time [s]
       1      -0.35317057       0.353170573       4.444470597             1
       2      -0.36799832       0.014827743       1.947097914             1
       3      -0.39682178       0.028823462       0.672726372             2
       4      -0.40246815       0.005646371       0.186150920             2
       5      -0.40178508      -0.000683068       0.102448114             3
       6      -0.40098859      -0.000796491       0.032670125             4
       7      -0.40104774       0.000059150       0.016616607             4
       8      -0.40116123       0.000113490       0.005271652             5
       9      -0.40114458      -0.000016646       0.002493385             5
      10      -0.40113387      -0.000010713       0.001172157             6
      11      -0.40113856       0.000004685       0.000577592             7
      12      -0.40113963       0.000001074       0.000167138             7
      13      -0.40113894      -0.000000692       0.000049112             8
      14      -0.40113886      -0.000000079       0.000015171             8
      15      -0.40113890       0.000000044       0.000004940             9
      16      -0.40113891       0.000000009       0.000001424            10
      17      -0.40113891      -0.000000003       0.000000505            10

    CHF Iterations converged

    Ind20,r (A<-B)      =    -0.000594421852 [Eh]
    Ind20,r (B<-A)      =    -0.000401138909 [Eh]
    Ind20,r             =    -0.000995560760 [Eh]
    Exch-Ind20,r (A<-B) =     0.000000006823 [Eh]
    Exch-Ind20,r (B<-A) =     0.000000012507 [Eh]
    Exch-Ind20,r        =     0.000000019331 [Eh]
    Disp20              =    -0.000091788258 [Eh]
    Disp20 (SS)         =    -0.000045894129 [Eh]
    Disp20 (OS)         =    -0.000045894129 [Eh]
    Exch-Disp20         =     0.000000006734 [Eh]
    Exch-Disp20 (SS)    =     0.000000004787 [Eh]
    Exch-Disp20 (OS)    =     0.000000001948 [Eh]

    SAPT Results 
  --------------------------------------------------------------------------------------------------------
    Electrostatics                 72.19008897 [mEh]      45.29996474 [kcal/mol]     189.53505248 [kJ/mol]
      Elst10,r                     72.19008897 [mEh]      45.29996474 [kcal/mol]     189.53505248 [kJ/mol]

    Exchange                       -0.00003566 [mEh]      -0.00002237 [kcal/mol]      -0.00009361 [kJ/mol]
      Exch10                       -0.00003566 [mEh]      -0.00002237 [kcal/mol]      -0.00009361 [kJ/mol]
      Exch10(S^2)                  -0.00003566 [mEh]      -0.00002237 [kcal/mol]      -0.00009361 [kJ/mol]

    Induction                      -0.97769372 [mEh]      -0.61351207 [kcal/mol]      -2.56693450 [kJ/mol]
      Ind20,r                      -0.99556076 [mEh]      -0.62472381 [kcal/mol]      -2.61384442 [kJ/mol]
      Exch-Ind20,r                  0.00001933 [mEh]       0.00001213 [kcal/mol]       0.00005075 [kJ/mol]
      delta HF,r (2)                0.01784771 [mEh]       0.01119961 [kcal/mol]       0.04685916 [kJ/mol]

    Dispersion                     -0.09178152 [mEh]      -0.05759378 [kcal/mol]      -0.24097236 [kJ/mol]
      Disp20                       -0.09178826 [mEh]      -0.05759800 [kcal/mol]      -0.24099004 [kJ/mol]
      Exch-Disp20                   0.00000673 [mEh]       0.00000423 [kcal/mol]       0.00001768 [kJ/mol]
      Disp20 (SS)                  -0.04589413 [mEh]      -0.02879900 [kcal/mol]      -0.12049502 [kJ/mol]
      Disp20 (OS)                  -0.04589413 [mEh]      -0.02879900 [kcal/mol]      -0.12049502 [kJ/mol]
      Exch-Disp20 (SS)              0.00000479 [mEh]       0.00000300 [kcal/mol]       0.00001257 [kJ/mol]
      Exch-Disp20 (OS)              0.00000195 [mEh]       0.00000122 [kcal/mol]       0.00000511 [kJ/mol]

  Total HF                         71.21235960 [mEh]      44.68643030 [kcal/mol]     186.96802437 [kJ/mol]
  Total SAPT0                      71.12057807 [mEh]      44.62883652 [kcal/mol]     186.72705201 [kJ/mol]

  Special recipe for scaled SAPT0 (see Manual):
    Electrostatics sSAPT0          72.19008897 [mEh]      45.29996474 [kcal/mol]     189.53505248 [kJ/mol]
    Exchange sSAPT0                -0.00003566 [mEh]      -0.00002237 [kcal/mol]      -0.00009361 [kJ/mol]
    Induction sSAPT0               -0.97769372 [mEh]      -0.61351207 [kcal/mol]      -2.56693450 [kJ/mol]
    Dispersion sSAPT0              -0.09178152 [mEh]      -0.05759378 [kcal/mol]      -0.24097236 [kJ/mol]
  Total sSAPT0                     71.12057807 [mEh]      44.62883652 [kcal/mol]     186.72705201 [kJ/mol]
  --------------------------------------------------------------------------------------------------------

*** tstop() called on aliaconda at Sun Mar 20 05:27:16 2022
Module time:
	user time   =     704.18 seconds =      11.74 minutes
	system time =     122.74 seconds =       2.05 minutes
	total time  =         50 seconds =       0.83 minutes
Total time:
	user time   =   60618.04 seconds =    1010.30 minutes
	system time =    8423.11 seconds =     140.39 minutes
	total time  =       3819 seconds =      63.65 minutes


Warning! sapt0 does not have an associated derived wavefunction.The returned wavefunction is the dimer SCF wavefunction.


  Memory set to  74.506 GiB by Python driver.
  Threads set to 32 by Python driver.
