
Scratch directory: /tmp/

Scratch directory: /tmp/

  //>>>>>>>>>>>>>>>>>>>>>>>>>>>>>>>>>>>//
  //              Dimer HF             //
  //<<<<<<<<<<<<<<<<<<<<<<<<<<<<<<<<<<<//


*** tstart() called on aliaconda
*** at Sun Mar 20 06:25:34 2022

   => Loading Basis Set <=

    Name: JUN-CC-PVDZ
    Role: ORBITAL
    Keyword: BASIS
    atoms 1, 14                                          entry N          line   198 file /home/alia/anaconda3/envs/mddemo/share/psi4/basis/jun-cc-pvdz.gbs 
    atoms 2-4, 6, 8-10, 13, 15-17, 19, 21, 23, 25-27, 30 entry H          line    36 file /home/alia/anaconda3/envs/mddemo/share/psi4/basis/jun-cc-pvdz.gbs 
    atoms 5, 7, 11, 18, 20, 24, 28                       entry C          line   164 file /home/alia/anaconda3/envs/mddemo/share/psi4/basis/jun-cc-pvdz.gbs 
    atoms 12, 22, 29                                     entry O          line   232 file /home/alia/anaconda3/envs/mddemo/share/psi4/basis/jun-cc-pvdz.gbs 


         ---------------------------------------------------------
                                   SCF
               by Justin Turney, Rob Parrish, Andy Simmonett
                          and Daniel G. A. Smith
                              RHF Reference
                       32 Threads,  76293 MiB Core
         ---------------------------------------------------------

  ==> Geometry <==

    Molecular point group: c1
    Full point group: C1

    Geometry (in Angstrom), charge = 2, multiplicity = 1:

       Center              X                  Y                   Z               Mass       
    ------------   -----------------  -----------------  -----------------  -----------------
         N           -0.287365944222    -6.598739313114    -1.240293974951    14.003074004430
         H           -1.022366077736    -6.716739343632    -2.185293908194     1.007825032230
         H           -1.105366260842    -6.669739412296    -0.357294077948     1.007825032230
         H            0.220633952781    -7.470739530552    -1.167294020727     1.007825032230
         C            0.382634132072    -5.334739374150    -1.142293925360    12.000000000000
         H           -0.293365986183    -4.653739618290    -0.728293891028     1.007825032230
         C            1.708633868858    -5.477739500035    -0.403294081762    12.000000000000
         H            2.457633941337    -5.978739427555    -1.039293761328     1.007825032230
         H            1.597634046241    -6.092739271153     0.540706162378     1.007825032230
         H            2.105633943245    -4.493739294041    -0.132294173315     1.007825032230
         C            0.615633933708    -4.729739355076    -2.532294030264    12.000000000000
         O            0.232634036705    -5.263739274967    -3.561293954924    15.994914619570
         H            1.151722400352    -3.771998094547    -2.605377430990     1.007825032230
         N            0.621633975670     2.670260740291     0.402706150934    14.003074004430
         H            0.636633842155     1.510260892879     0.718706135675     1.007825032230
         H            0.492633788749     2.560260129940    -0.788293833807     1.007825032230
         H            1.495634048149     3.088260961544     0.574706082270     1.007825032230
         C           -0.548366100624     3.448260618221     0.927706246302    12.000000000000
         H           -1.349366218880     2.763260198604     1.089705948755     1.007825032230
         C           -0.325366051033     4.207260442745     2.362706189081    12.000000000000
         H           -1.309366257027     4.499260259640     2.704705719873     1.007825032230
         O            0.496633975670     5.319260908138     2.392705922052    15.994914619570
         H            1.355633943245     4.934260679256     2.384706025049     1.007825032230
         C            0.184634177849     3.201260877621     3.468705658838    12.000000000000
         H            1.271633832618     2.903260541927     3.359706406519     1.007825032230
         H           -0.553366215065     2.336260152828     3.521706108972     1.007825032230
         H            0.048634021446     3.776260686886     4.370706086084     1.007825032230
         C           -1.034366161660     4.431260419857    -0.188293929175    12.000000000000
         O           -2.191366226509     4.349260641109    -0.576293940619    15.994914619570
         H           -0.350367576912     5.179824186336    -0.614672656134     1.007825032230

  Running in c1 symmetry.

  Rotational constants: A =      0.03678  B =      0.00373  C =      0.00352 [cm^-1]
  Rotational constants: A =   1102.73618  B =    111.83582  C =    105.48001 [MHz]
  Nuclear repulsion =  632.715327779328618

  Charge       = 2
  Multiplicity = 1
  Electrons    = 96
  Nalpha       = 48
  Nbeta        = 48

  ==> Algorithm <==

  SCF Algorithm Type is DF.
  DIIS enabled.
  MOM disabled.
  Fractional occupation disabled.
  Guess Type is SAD.
  Energy threshold   = 1.00e-08
  Density threshold  = 1.00e-08
  Integral threshold = 1.00e-12

  ==> Primary Basis <==

  Basis Set: JUN-CC-PVDZ
    Blend: JUN-CC-PVDZ
    Number of shells: 150
    Number of basis functions: 306
    Number of Cartesian functions: 318
    Spherical Harmonics?: true
    Max angular momentum: 2

   => Loading Basis Set <=

    Name: (JUN-CC-PVDZ AUX)
    Role: JKFIT
    Keyword: DF_BASIS_SCF
    atoms 1, 14                                          entry N          line   202 file /home/alia/anaconda3/envs/mddemo/share/psi4/basis/jun-cc-pvdz-jkfit.gbs 
    atoms 2-4, 6, 8-10, 13, 15-17, 19, 21, 23, 25-27, 30 entry H          line    70 file /home/alia/anaconda3/envs/mddemo/share/psi4/basis/jun-cc-pvdz-jkfit.gbs 
    atoms 5, 7, 11, 18, 20, 24, 28                       entry C          line   146 file /home/alia/anaconda3/envs/mddemo/share/psi4/basis/jun-cc-pvdz-jkfit.gbs 
    atoms 12, 22, 29                                     entry O          line   258 file /home/alia/anaconda3/envs/mddemo/share/psi4/basis/jun-cc-pvdz-jkfit.gbs 

  ==> Integral Setup <==

  ==> DiskDFJK: Density-Fitted J/K Matrices <==

    J tasked:                  Yes
    K tasked:                  Yes
    wK tasked:                  No
    OpenMP threads:             32
    Integrals threads:          32
    Memory [MiB]:            57220
    Algorithm:                Core
    Integral Cache:           SAVE
    Schwarz Cutoff:          1E-12
    Fitting Condition:       1E-10

   => Auxiliary Basis Set <=

  Basis Set: (JUN-CC-PVDZ AUX)
    Blend: JUN-CC-PVDZ-JKFIT
    Number of shells: 486
    Number of basis functions: 1362
    Number of Cartesian functions: 1542
    Spherical Harmonics?: true
    Max angular momentum: 3

  Minimum eigenvalue in the overlap matrix is 7.0462881016E-05.
  Reciprocal condition number of the overlap matrix is 6.3368954519E-06.
    Using symmetric orthogonalization.

  ==> Pre-Iterations <==

  SCF Guess: Superposition of Atomic Densities via on-the-fly atomic UHF (no occupation information).

   -------------------------
    Irrep   Nso     Nmo    
   -------------------------
     A        306     306 
   -------------------------
    Total     306     306
   -------------------------

  ==> Iterations <==

                           Total Energy        Delta E     RMS |[F,P]|

   @DF-RHF iter SAD:  -607.13171832030673   -6.07132e+02   0.00000e+00 
   @DF-RHF iter   1:  -607.99744946381929   -8.65731e-01   2.77479e-03 DIIS
   @DF-RHF iter   2:  -608.30816616455616   -3.10717e-01   1.74081e-03 DIIS
   @DF-RHF iter   3:  -608.41369693735828   -1.05531e-01   3.87628e-04 DIIS
   @DF-RHF iter   4:  -608.42232007985592   -8.62314e-03   1.40256e-04 DIIS
   @DF-RHF iter   5:  -608.42348353270893   -1.16345e-03   3.37098e-05 DIIS
   @DF-RHF iter   6:  -608.42360455826122   -1.21026e-04   1.65501e-05 DIIS
   @DF-RHF iter   7:  -608.42363199893043   -2.74407e-05   7.23419e-06 DIIS
   @DF-RHF iter   8:  -608.42363837119126   -6.37226e-06   2.91629e-06 DIIS
   @DF-RHF iter   9:  -608.42363941961366   -1.04842e-06   1.15936e-06 DIIS
   @DF-RHF iter  10:  -608.42363957455973   -1.54946e-07   4.41701e-07 DIIS
   @DF-RHF iter  11:  -608.42363960953537   -3.49756e-08   2.14776e-07 DIIS
   @DF-RHF iter  12:  -608.42363962254296   -1.30076e-08   1.14110e-07 DIIS
   @DF-RHF iter  13:  -608.42363962670163   -4.15866e-09   5.32131e-08 DIIS
   @DF-RHF iter  14:  -608.42363962766001   -9.58380e-10   1.69076e-08 DIIS
   @DF-RHF iter  15:  -608.42363962771799   -5.79803e-11   4.64598e-09 DIIS
  Energy and wave function converged.


  ==> Post-Iterations <==

    Orbital Energies [Eh]
    ---------------------

    Doubly Occupied:                                                      

       1A    -20.816842     2A    -20.799516     3A    -20.792312  
       4A    -15.998741     5A    -15.984286     6A    -11.590540  
       7A    -11.572392     8A    -11.564674     9A    -11.554952  
      10A    -11.535612    11A    -11.495136    12A    -11.455891  
      13A     -1.642721    14A     -1.619781    15A     -1.614067  
      16A     -1.560367    17A     -1.555448    18A     -1.311572  
      19A     -1.273319    20A     -1.198584    21A     -1.167810  
      22A     -1.076018    23A     -1.070186    24A     -1.062440  
      25A     -1.020085    26A     -1.001669    27A     -0.984066  
      28A     -0.961137    29A     -0.946497    30A     -0.942449  
      31A     -0.897844    32A     -0.884019    33A     -0.865783  
      34A     -0.861932    35A     -0.860518    36A     -0.828808  
      37A     -0.817469    38A     -0.813633    39A     -0.797505  
      40A     -0.781523    41A     -0.757578    42A     -0.754375  
      43A     -0.747898    44A     -0.733167    45A     -0.704494  
      46A     -0.676691    47A     -0.671770    48A     -0.636057  

    Virtual:                                                              

      49A     -0.198101    50A     -0.175477    51A     -0.147694  
      52A     -0.135629    53A     -0.130678    54A     -0.124063  
      55A     -0.119742    56A     -0.106722    57A     -0.103984  
      58A     -0.097521    59A     -0.091255    60A     -0.090291  
      61A     -0.083783    62A     -0.076720    63A     -0.074890  
      64A     -0.072414    65A     -0.066323    66A     -0.063957  
      67A     -0.060360    68A     -0.055210    69A     -0.050699  
      70A     -0.039350    71A     -0.034091    72A     -0.031844  
      73A     -0.029249    74A     -0.024811    75A     -0.022610  
      76A     -0.020317    77A     -0.014457    78A     -0.009734  
      79A     -0.005411    80A     -0.003488    81A      0.008432  
      82A      0.014008    83A      0.020187    84A      0.026758  
      85A      0.041007    86A      0.043672    87A      0.043745  
      88A      0.052873    89A      0.056816    90A      0.062252  
      91A      0.069524    92A      0.086831    93A      0.091754  
      94A      0.093964    95A      0.101366    96A      0.107973  
      97A      0.110366    98A      0.117519    99A      0.119976  
     100A      0.131437   101A      0.134556   102A      0.137849  
     103A      0.140081   104A      0.148272   105A      0.155436  
     106A      0.157643   107A      0.162706   108A      0.171997  
     109A      0.178167   110A      0.184151   111A      0.186959  
     112A      0.212034   113A      0.217005   114A      0.220007  
     115A      0.224184   116A      0.225000   117A      0.244447  
     118A      0.248225   119A      0.250219   120A      0.253045  
     121A      0.267684   122A      0.295128   123A      0.312097  
     124A      0.324021   125A      0.381942   126A      0.385203  
     127A      0.448211   128A      0.475347   129A      0.497576  
     130A      0.504393   131A      0.512706   132A      0.534583  
     133A      0.549348   134A      0.553883   135A      0.555155  
     136A      0.561961   137A      0.566266   138A      0.571051  
     139A      0.595390   140A      0.614653   141A      0.618025  
     142A      0.625575   143A      0.639519   144A      0.640461  
     145A      0.649874   146A      0.658948   147A      0.676111  
     148A      0.679488   149A      0.681807   150A      0.688273  
     151A      0.694997   152A      0.706335   153A      0.711137  
     154A      0.713733   155A      0.731261   156A      0.735516  
     157A      0.757444   158A      0.769185   159A      0.772298  
     160A      0.784718   161A      0.790560   162A      0.805614  
     163A      0.812655   164A      0.814249   165A      0.819925  
     166A      0.831061   167A      0.839300   168A      0.861982  
     169A      0.870053   170A      0.887332   171A      0.889563  
     172A      0.894820   173A      0.918009   174A      0.944190  
     175A      0.957681   176A      1.043881   177A      1.046399  
     178A      1.071892   179A      1.113857   180A      1.117369  
     181A      1.134762   182A      1.137882   183A      1.177910  
     184A      1.182177   185A      1.195081   186A      1.216293  
     187A      1.240749   188A      1.252379   189A      1.260439  
     190A      1.273304   191A      1.277819   192A      1.286435  
     193A      1.300973   194A      1.308081   195A      1.320903  
     196A      1.322405   197A      1.336241   198A      1.340333  
     199A      1.347459   200A      1.359059   201A      1.407003  
     202A      1.413471   203A      1.422445   204A      1.429665  
     205A      1.431426   206A      1.455696   207A      1.465960  
     208A      1.528260   209A      1.539602   210A      1.551535  
     211A      1.559868   212A      1.576167   213A      1.581989  
     214A      1.592108   215A      1.612422   216A      1.639743  
     217A      1.645154   218A      1.654628   219A      1.664088  
     220A      1.672136   221A      1.676937   222A      1.684746  
     223A      1.707995   224A      1.708922   225A      1.719240  
     226A      1.724002   227A      1.729022   228A      1.742402  
     229A      1.752398   230A      1.756983   231A      1.775120  
     232A      1.783194   233A      1.790020   234A      1.795725  
     235A      1.820418   236A      1.828439   237A      1.829953  
     238A      1.847957   239A      1.868566   240A      1.872230  
     241A      1.896453   242A      1.910741   243A      1.926110  
     244A      1.935683   245A      1.964550   246A      1.968208  
     247A      1.982230   248A      1.992858   249A      2.021626  
     250A      2.036050   251A      2.060937   252A      2.063912  
     253A      2.089498   254A      2.109779   255A      2.115025  
     256A      2.128987   257A      2.142046   258A      2.162276  
     259A      2.211519   260A      2.239111   261A      2.245789  
     262A      2.274385   263A      2.318285   264A      2.325174  
     265A      2.352537   266A      2.372556   267A      2.382433  
     268A      2.395883   269A      2.397365   270A      2.403827  
     271A      2.435829   272A      2.437631   273A      2.470710  
     274A      2.474286   275A      2.514437   276A      2.551824  
     277A      2.555983   278A      2.572412   279A      2.590150  
     280A      2.620776   281A      2.634893   282A      2.648935  
     283A      2.681725   284A      2.685021   285A      2.737884  
     286A      2.760103   287A      2.797957   288A      2.823458  
     289A      2.840969   290A      2.861455   291A      2.898004  
     292A      2.947559   293A      2.972210   294A      3.055567  
     295A      3.104597   296A      3.130376   297A      3.188522  
     298A      3.226951   299A      3.234292   300A      3.333427  
     301A      3.483511   302A      3.484290   303A      3.496077  
     304A      3.724527   305A      3.741217   306A      3.944613  

    Final Occupation by Irrep:
              A 
    DOCC [    48 ]

  @DF-RHF Final Energy:  -608.42363962771799

   => Energetics <=

    Nuclear Repulsion Energy =            632.7153277793286179
    One-Electron Energy =               -2059.7575827487758033
    Two-Electron Energy =                 818.6186153417291962
    Total Energy =                       -608.4236396277179892

Computation Completed


Properties will be evaluated at   0.000000,   0.000000,   0.000000 [a0]

Properties computed using the SCF density matrix

  Nuclear Dipole Moment: [e a0]
     X:     6.4141      Y:   -11.4955      Z:     9.0380

  Electronic Dipole Moment: [e a0]
     X:    -4.6026      Y:     4.6855      Z:    -8.5927

  Dipole Moment: [e a0]
     X:     1.8115      Y:    -6.8100      Z:     0.4453     Total:     7.0609

  Dipole Moment: [D]
     X:     4.6044      Y:   -17.3093      Z:     1.1319     Total:    17.9470


*** tstop() called on aliaconda at Sun Mar 20 06:25:49 2022
Module time:
	user time   =     314.52 seconds =       5.24 minutes
	system time =      38.19 seconds =       0.64 minutes
	total time  =         15 seconds =       0.25 minutes
Total time:
	user time   =  120196.96 seconds =    2003.28 minutes
	system time =   16884.14 seconds =     281.40 minutes
	total time  =       7332 seconds =     122.20 minutes

  //>>>>>>>>>>>>>>>>>>>>>>>>>>>>>>>>>>>//
  //            Monomer A HF           //
  //<<<<<<<<<<<<<<<<<<<<<<<<<<<<<<<<<<<//


*** tstart() called on aliaconda
*** at Sun Mar 20 06:25:49 2022

   => Loading Basis Set <=

    Name: JUN-CC-PVDZ
    Role: ORBITAL
    Keyword: BASIS
    atoms 1, 14                                          entry N          line   198 file /home/alia/anaconda3/envs/mddemo/share/psi4/basis/jun-cc-pvdz.gbs 
    atoms 2-4, 6, 8-10, 13, 15-17, 19, 21, 23, 25-27, 30 entry H          line    36 file /home/alia/anaconda3/envs/mddemo/share/psi4/basis/jun-cc-pvdz.gbs 
    atoms 5, 7, 11, 18, 20, 24, 28                       entry C          line   164 file /home/alia/anaconda3/envs/mddemo/share/psi4/basis/jun-cc-pvdz.gbs 
    atoms 12, 22, 29                                     entry O          line   232 file /home/alia/anaconda3/envs/mddemo/share/psi4/basis/jun-cc-pvdz.gbs 


         ---------------------------------------------------------
                                   SCF
               by Justin Turney, Rob Parrish, Andy Simmonett
                          and Daniel G. A. Smith
                              RHF Reference
                       32 Threads,  76293 MiB Core
         ---------------------------------------------------------

  ==> Geometry <==

    Molecular point group: c1
    Full point group: C1

    Geometry (in Angstrom), charge = 1, multiplicity = 1:

       Center              X                  Y                   Z               Mass       
    ------------   -----------------  -----------------  -----------------  -----------------
         N           -0.287365944222    -6.598739313114    -1.240293974951    14.003074004430
         H           -1.022366077736    -6.716739343632    -2.185293908194     1.007825032230
         H           -1.105366260842    -6.669739412296    -0.357294077948     1.007825032230
         H            0.220633952781    -7.470739530552    -1.167294020727     1.007825032230
         C            0.382634132072    -5.334739374150    -1.142293925360    12.000000000000
         H           -0.293365986183    -4.653739618290    -0.728293891028     1.007825032230
         C            1.708633868858    -5.477739500035    -0.403294081762    12.000000000000
         H            2.457633941337    -5.978739427555    -1.039293761328     1.007825032230
         H            1.597634046241    -6.092739271153     0.540706162378     1.007825032230
         H            2.105633943245    -4.493739294041    -0.132294173315     1.007825032230
         C            0.615633933708    -4.729739355076    -2.532294030264    12.000000000000
         O            0.232634036705    -5.263739274967    -3.561293954924    15.994914619570
         H            1.151722400352    -3.771998094547    -2.605377430990     1.007825032230
      Gh(N)           0.621633975670     2.670260740291     0.402706150934    14.003074004430
      Gh(H)           0.636633842155     1.510260892879     0.718706135675     1.007825032230
      Gh(H)           0.492633788749     2.560260129940    -0.788293833807     1.007825032230
      Gh(H)           1.495634048149     3.088260961544     0.574706082270     1.007825032230
      Gh(C)          -0.548366100624     3.448260618221     0.927706246302    12.000000000000
      Gh(H)          -1.349366218880     2.763260198604     1.089705948755     1.007825032230
      Gh(C)          -0.325366051033     4.207260442745     2.362706189081    12.000000000000
      Gh(H)          -1.309366257027     4.499260259640     2.704705719873     1.007825032230
      Gh(O)           0.496633975670     5.319260908138     2.392705922052    15.994914619570
      Gh(H)           1.355633943245     4.934260679256     2.384706025049     1.007825032230
      Gh(C)           0.184634177849     3.201260877621     3.468705658838    12.000000000000
      Gh(H)           1.271633832618     2.903260541927     3.359706406519     1.007825032230
      Gh(H)          -0.553366215065     2.336260152828     3.521706108972     1.007825032230
      Gh(H)           0.048634021446     3.776260686886     4.370706086084     1.007825032230
      Gh(C)          -1.034366161660     4.431260419857    -0.188293929175    12.000000000000
      Gh(O)          -2.191366226509     4.349260641109    -0.576293940619    15.994914619570
      Gh(H)          -0.350367576912     5.179824186336    -0.614672656134     1.007825032230

  Running in c1 symmetry.

  Rotational constants: A =      0.03678  B =      0.00373  C =      0.00352 [cm^-1]
  Rotational constants: A =   1102.73618  B =    111.83582  C =    105.48001 [MHz]
  Nuclear repulsion =  187.068794969918173

  Charge       = 1
  Multiplicity = 1
  Electrons    = 40
  Nalpha       = 20
  Nbeta        = 20

  ==> Algorithm <==

  SCF Algorithm Type is DF.
  DIIS enabled.
  MOM disabled.
  Fractional occupation disabled.
  Guess Type is SAD.
  Energy threshold   = 1.00e-08
  Density threshold  = 1.00e-08
  Integral threshold = 1.00e-12

  ==> Primary Basis <==

  Basis Set: JUN-CC-PVDZ
    Blend: JUN-CC-PVDZ
    Number of shells: 150
    Number of basis functions: 306
    Number of Cartesian functions: 318
    Spherical Harmonics?: true
    Max angular momentum: 2

   => Loading Basis Set <=

    Name: (JUN-CC-PVDZ AUX)
    Role: JKFIT
    Keyword: DF_BASIS_SCF
    atoms 1, 14                                          entry N          line   202 file /home/alia/anaconda3/envs/mddemo/share/psi4/basis/jun-cc-pvdz-jkfit.gbs 
    atoms 2-4, 6, 8-10, 13, 15-17, 19, 21, 23, 25-27, 30 entry H          line    70 file /home/alia/anaconda3/envs/mddemo/share/psi4/basis/jun-cc-pvdz-jkfit.gbs 
    atoms 5, 7, 11, 18, 20, 24, 28                       entry C          line   146 file /home/alia/anaconda3/envs/mddemo/share/psi4/basis/jun-cc-pvdz-jkfit.gbs 
    atoms 12, 22, 29                                     entry O          line   258 file /home/alia/anaconda3/envs/mddemo/share/psi4/basis/jun-cc-pvdz-jkfit.gbs 

  ==> Integral Setup <==

  ==> DiskDFJK: Density-Fitted J/K Matrices <==

    J tasked:                  Yes
    K tasked:                  Yes
    wK tasked:                  No
    OpenMP threads:             32
    Integrals threads:          32
    Memory [MiB]:            57220
    Algorithm:                Core
    Integral Cache:           LOAD
    Schwarz Cutoff:          1E-12
    Fitting Condition:       1E-10

   => Auxiliary Basis Set <=

  Basis Set: (JUN-CC-PVDZ AUX)
    Blend: JUN-CC-PVDZ-JKFIT
    Number of shells: 486
    Number of basis functions: 1362
    Number of Cartesian functions: 1542
    Spherical Harmonics?: true
    Max angular momentum: 3

  Minimum eigenvalue in the overlap matrix is 7.0462881016E-05.
  Reciprocal condition number of the overlap matrix is 6.3368954518E-06.
    Using symmetric orthogonalization.

  ==> Pre-Iterations <==

  SCF Guess: Superposition of Atomic Densities via on-the-fly atomic UHF (no occupation information).

   -------------------------
    Irrep   Nso     Nmo    
   -------------------------
     A        306     306 
   -------------------------
    Total     306     306
   -------------------------

  ==> Iterations <==

                           Total Energy        Delta E     RMS |[F,P]|

   @DF-RHF iter SAD:  -246.81295674184059   -2.46813e+02   0.00000e+00 
   @DF-RHF iter   1:  -247.13569605904718   -3.22739e-01   1.73943e-03 DIIS
   @DF-RHF iter   2:  -247.26369313658620   -1.27997e-01   1.05284e-03 DIIS
   @DF-RHF iter   3:  -247.30288233036725   -3.91892e-02   2.45550e-04 DIIS
   @DF-RHF iter   4:  -247.30637960066599   -3.49727e-03   8.57268e-05 DIIS
   @DF-RHF iter   5:  -247.30683047058233   -4.50870e-04   1.95739e-05 DIIS
   @DF-RHF iter   6:  -247.30687712251421   -4.66519e-05   8.47470e-06 DIIS
   @DF-RHF iter   7:  -247.30688500775844   -7.88524e-06   4.09482e-06 DIIS
   @DF-RHF iter   8:  -247.30688708077659   -2.07302e-06   1.38466e-06 DIIS
   @DF-RHF iter   9:  -247.30688731839700   -2.37620e-07   3.09056e-07 DIIS
   @DF-RHF iter  10:  -247.30688732877729   -1.03803e-08   9.98149e-08 DIIS
   @DF-RHF iter  11:  -247.30688733009092   -1.31362e-09   2.90799e-08 DIIS
   @DF-RHF iter  12:  -247.30688733025559   -1.64675e-10   1.40925e-08 DIIS
   @DF-RHF iter  13:  -247.30688733031786   -6.22720e-11   6.68234e-09 DIIS
  Energy and wave function converged.


  ==> Post-Iterations <==

    Orbital Energies [Eh]
    ---------------------

    Doubly Occupied:                                                      

       1A    -20.753735     2A    -15.926818     3A    -11.527148  
       4A    -11.501309     5A    -11.432048     6A     -1.580389  
       7A     -1.501497     8A     -1.249265     9A     -1.105175  
      10A     -1.013621    11A     -0.942119    12A     -0.924191  
      13A     -0.884524    14A     -0.821791    15A     -0.800514  
      16A     -0.751336    17A     -0.733808    18A     -0.718850  
      19A     -0.685977    20A     -0.608680  

    Virtual:                                                              

      21A     -0.119005    22A     -0.073390    23A     -0.068091  
      24A     -0.048955    25A     -0.046074    26A     -0.028177  
      27A     -0.026473    28A     -0.021549    29A     -0.012062  
      30A     -0.006506    31A     -0.001299    32A      0.001265  
      33A      0.012840    34A      0.014390    35A      0.021435  
      36A      0.029543    37A      0.031284    38A      0.035496  
      39A      0.037697    40A      0.045255    41A      0.050554  
      42A      0.055106    43A      0.057201    44A      0.066057  
      45A      0.073187    46A      0.083270    47A      0.087412  
      48A      0.093604    49A      0.097101    50A      0.101082  
      51A      0.103350    52A      0.109755    53A      0.111171  
      54A      0.117933    55A      0.136037    56A      0.145711  
      57A      0.148874    58A      0.155181    59A      0.158180  
      60A      0.159743    61A      0.167111    62A      0.170974  
      63A      0.177533    64A      0.181544    65A      0.190867  
      66A      0.197711    67A      0.198926    68A      0.208164  
      69A      0.215940    70A      0.229657    71A      0.233479  
      72A      0.240167    73A      0.246500    74A      0.247980  
      75A      0.252318    76A      0.270702    77A      0.279765  
      78A      0.284389    79A      0.299576    80A      0.306855  
      81A      0.315274    82A      0.330297    83A      0.332420  
      84A      0.342427    85A      0.358991    86A      0.372352  
      87A      0.382637    88A      0.391391    89A      0.403406  
      90A      0.442379    91A      0.447905    92A      0.451048  
      93A      0.466683    94A      0.497577    95A      0.509174  
      96A      0.510887    97A      0.536657    98A      0.543550  
      99A      0.560235   100A      0.564639   101A      0.565453  
     102A      0.577695   103A      0.581485   104A      0.594675  
     105A      0.607933   106A      0.612397   107A      0.627714  
     108A      0.641340   109A      0.653746   110A      0.659002  
     111A      0.684148   112A      0.693384   113A      0.699486  
     114A      0.702542   115A      0.713086   116A      0.725122  
     117A      0.740296   118A      0.744779   119A      0.756230  
     120A      0.758403   121A      0.776197   122A      0.786678  
     123A      0.793032   124A      0.817554   125A      0.834574  
     126A      0.848549   127A      0.864172   128A      0.874167  
     129A      0.880376   130A      0.890165   131A      0.908377  
     132A      0.924779   133A      0.942189   134A      0.947590  
     135A      0.952410   136A      0.973366   137A      0.998943  
     138A      1.006977   139A      1.031168   140A      1.108720  
     141A      1.123808   142A      1.135578   143A      1.192809  
     144A      1.199931   145A      1.240189   146A      1.278805  
     147A      1.314070   148A      1.333682   149A      1.347735  
     150A      1.382683   151A      1.405912   152A      1.468627  
     153A      1.483430   154A      1.493144   155A      1.507708  
     156A      1.541258   157A      1.562188   158A      1.590747  
     159A      1.602520   160A      1.611424   161A      1.623293  
     162A      1.644720   163A      1.652637   164A      1.662580  
     165A      1.699422   166A      1.702279   167A      1.706569  
     168A      1.718044   169A      1.723056   170A      1.733363  
     171A      1.742230   172A      1.747644   173A      1.762218  
     174A      1.771160   175A      1.782444   176A      1.806113  
     177A      1.818020   178A      1.818619   179A      1.830197  
     180A      1.843598   181A      1.854792   182A      1.858705  
     183A      1.879196   184A      1.887502   185A      1.892665  
     186A      1.899426   187A      1.916606   188A      1.930287  
     189A      1.935123   190A      1.963921   191A      1.971975  
     192A      1.976384   193A      1.996432   194A      1.997410  
     195A      2.007480   196A      2.029628   197A      2.032502  
     198A      2.049590   199A      2.053570   200A      2.082321  
     201A      2.082989   202A      2.123266   203A      2.126749  
     204A      2.131501   205A      2.151377   206A      2.165718  
     207A      2.169735   208A      2.177679   209A      2.193132  
     210A      2.211518   211A      2.217759   212A      2.251432  
     213A      2.273109   214A      2.280447   215A      2.307062  
     216A      2.337783   217A      2.343000   218A      2.357125  
     219A      2.387388   220A      2.392539   221A      2.413682  
     222A      2.435548   223A      2.441878   224A      2.445002  
     225A      2.455844   226A      2.477972   227A      2.496582  
     228A      2.507430   229A      2.538293   230A      2.553513  
     231A      2.576440   232A      2.577264   233A      2.599778  
     234A      2.606726   235A      2.618770   236A      2.644949  
     237A      2.668916   238A      2.681346   239A      2.699418  
     240A      2.715629   241A      2.729456   242A      2.742168  
     243A      2.770604   244A      2.793725   245A      2.860555  
     246A      2.874475   247A      2.876675   248A      2.885136  
     249A      2.911280   250A      2.925632   251A      2.954194  
     252A      2.959662   253A      3.013856   254A      3.033846  
     255A      3.078379   256A      3.092388   257A      3.125592  
     258A      3.163507   259A      3.217708   260A      3.269657  
     261A      3.295744   262A      3.394769   263A      3.404322  
     264A      3.452364   265A      3.509021   266A      3.546628  
     267A      3.548245   268A      3.595079   269A      3.668682  
     270A      3.786562   271A      3.858234   272A      3.913410  
     273A      3.935967   274A      4.167314   275A      4.183715  
     276A      4.239025   277A      4.311262   278A      4.480997  
     279A      4.561070   280A      4.606671   281A      4.666201  
     282A      4.690516   283A      4.770805   284A      4.809877  
     285A      4.828549   286A      4.885088   287A      4.953182  
     288A      4.979210   289A      5.030957   290A      5.107399  
     291A      5.359040   292A      5.478446   293A      5.560416  
     294A      5.646468   295A      5.745070   296A      5.969165  
     297A      6.062825   298A      6.686406   299A      6.946620  
     300A     18.189753   301A     18.303804   302A     18.436172  
     303A     18.509616   304A     25.317523   305A     33.440613  
     306A     33.477883  

    Final Occupation by Irrep:
              A 
    DOCC [    20 ]

  @DF-RHF Final Energy:  -247.30688733031786

   => Energetics <=

    Nuclear Repulsion Energy =            187.0687949699181729
    One-Electron Energy =                -697.8257707904017479
    Two-Electron Energy =                 263.4500884901657400
    Total Energy =                       -247.3068873303178634

Computation Completed


Properties will be evaluated at   0.000000,   0.000000,   0.000000 [a0]

Properties computed using the SCF density matrix

  Nuclear Dipole Moment: [e a0]
     X:    40.0680      Y:  -429.7286      Z:  -130.9847

  Electronic Dipole Moment: [e a0]
     X:   -40.0485      Y:   418.1785      Z:   129.7403

  Dipole Moment: [e a0]
     X:     0.0196      Y:   -11.5501      Z:    -1.2444     Total:    11.6170

  Dipole Moment: [D]
     X:     0.0497      Y:   -29.3574      Z:    -3.1629     Total:    29.5274


*** tstop() called on aliaconda at Sun Mar 20 06:25:58 2022
Module time:
	user time   =     181.74 seconds =       3.03 minutes
	system time =      19.45 seconds =       0.32 minutes
	total time  =          9 seconds =       0.15 minutes
Total time:
	user time   =  120378.81 seconds =    2006.31 minutes
	system time =   16903.60 seconds =     281.73 minutes
	total time  =       7341 seconds =     122.35 minutes

  //>>>>>>>>>>>>>>>>>>>>>>>>>>>>>>>>>>>//
  //            Monomer B HF           //
  //<<<<<<<<<<<<<<<<<<<<<<<<<<<<<<<<<<<//


*** tstart() called on aliaconda
*** at Sun Mar 20 06:25:58 2022

   => Loading Basis Set <=

    Name: JUN-CC-PVDZ
    Role: ORBITAL
    Keyword: BASIS
    atoms 1, 14                                          entry N          line   198 file /home/alia/anaconda3/envs/mddemo/share/psi4/basis/jun-cc-pvdz.gbs 
    atoms 2-4, 6, 8-10, 13, 15-17, 19, 21, 23, 25-27, 30 entry H          line    36 file /home/alia/anaconda3/envs/mddemo/share/psi4/basis/jun-cc-pvdz.gbs 
    atoms 5, 7, 11, 18, 20, 24, 28                       entry C          line   164 file /home/alia/anaconda3/envs/mddemo/share/psi4/basis/jun-cc-pvdz.gbs 
    atoms 12, 22, 29                                     entry O          line   232 file /home/alia/anaconda3/envs/mddemo/share/psi4/basis/jun-cc-pvdz.gbs 


         ---------------------------------------------------------
                                   SCF
               by Justin Turney, Rob Parrish, Andy Simmonett
                          and Daniel G. A. Smith
                              RHF Reference
                       32 Threads,  76293 MiB Core
         ---------------------------------------------------------

  ==> Geometry <==

    Molecular point group: c1
    Full point group: C1

    Geometry (in Angstrom), charge = 1, multiplicity = 1:

       Center              X                  Y                   Z               Mass       
    ------------   -----------------  -----------------  -----------------  -----------------
      Gh(N)          -0.287365944222    -6.598739313114    -1.240293974951    14.003074004430
      Gh(H)          -1.022366077736    -6.716739343632    -2.185293908194     1.007825032230
      Gh(H)          -1.105366260842    -6.669739412296    -0.357294077948     1.007825032230
      Gh(H)           0.220633952781    -7.470739530552    -1.167294020727     1.007825032230
      Gh(C)           0.382634132072    -5.334739374150    -1.142293925360    12.000000000000
      Gh(H)          -0.293365986183    -4.653739618290    -0.728293891028     1.007825032230
      Gh(C)           1.708633868858    -5.477739500035    -0.403294081762    12.000000000000
      Gh(H)           2.457633941337    -5.978739427555    -1.039293761328     1.007825032230
      Gh(H)           1.597634046241    -6.092739271153     0.540706162378     1.007825032230
      Gh(H)           2.105633943245    -4.493739294041    -0.132294173315     1.007825032230
      Gh(C)           0.615633933708    -4.729739355076    -2.532294030264    12.000000000000
      Gh(O)           0.232634036705    -5.263739274967    -3.561293954924    15.994914619570
      Gh(H)           1.151722400352    -3.771998094547    -2.605377430990     1.007825032230
         N            0.621633975670     2.670260740291     0.402706150934    14.003074004430
         H            0.636633842155     1.510260892879     0.718706135675     1.007825032230
         H            0.492633788749     2.560260129940    -0.788293833807     1.007825032230
         H            1.495634048149     3.088260961544     0.574706082270     1.007825032230
         C           -0.548366100624     3.448260618221     0.927706246302    12.000000000000
         H           -1.349366218880     2.763260198604     1.089705948755     1.007825032230
         C           -0.325366051033     4.207260442745     2.362706189081    12.000000000000
         H           -1.309366257027     4.499260259640     2.704705719873     1.007825032230
         O            0.496633975670     5.319260908138     2.392705922052    15.994914619570
         H            1.355633943245     4.934260679256     2.384706025049     1.007825032230
         C            0.184634177849     3.201260877621     3.468705658838    12.000000000000
         H            1.271633832618     2.903260541927     3.359706406519     1.007825032230
         H           -0.553366215065     2.336260152828     3.521706108972     1.007825032230
         H            0.048634021446     3.776260686886     4.370706086084     1.007825032230
         C           -1.034366161660     4.431260419857    -0.188293929175    12.000000000000
         O           -2.191366226509     4.349260641109    -0.576293940619    15.994914619570
         H           -0.350367576912     5.179824186336    -0.614672656134     1.007825032230

  Running in c1 symmetry.

  Rotational constants: A =      0.03678  B =      0.00373  C =      0.00352 [cm^-1]
  Rotational constants: A =   1102.73618  B =    111.83582  C =    105.48001 [MHz]
  Nuclear repulsion =  322.398993028138591

  Charge       = 1
  Multiplicity = 1
  Electrons    = 56
  Nalpha       = 28
  Nbeta        = 28

  ==> Algorithm <==

  SCF Algorithm Type is DF.
  DIIS enabled.
  MOM disabled.
  Fractional occupation disabled.
  Guess Type is SAD.
  Energy threshold   = 1.00e-08
  Density threshold  = 1.00e-08
  Integral threshold = 1.00e-12

  ==> Primary Basis <==

  Basis Set: JUN-CC-PVDZ
    Blend: JUN-CC-PVDZ
    Number of shells: 150
    Number of basis functions: 306
    Number of Cartesian functions: 318
    Spherical Harmonics?: true
    Max angular momentum: 2

   => Loading Basis Set <=

    Name: (JUN-CC-PVDZ AUX)
    Role: JKFIT
    Keyword: DF_BASIS_SCF
    atoms 1, 14                                          entry N          line   202 file /home/alia/anaconda3/envs/mddemo/share/psi4/basis/jun-cc-pvdz-jkfit.gbs 
    atoms 2-4, 6, 8-10, 13, 15-17, 19, 21, 23, 25-27, 30 entry H          line    70 file /home/alia/anaconda3/envs/mddemo/share/psi4/basis/jun-cc-pvdz-jkfit.gbs 
    atoms 5, 7, 11, 18, 20, 24, 28                       entry C          line   146 file /home/alia/anaconda3/envs/mddemo/share/psi4/basis/jun-cc-pvdz-jkfit.gbs 
    atoms 12, 22, 29                                     entry O          line   258 file /home/alia/anaconda3/envs/mddemo/share/psi4/basis/jun-cc-pvdz-jkfit.gbs 

  ==> Integral Setup <==

  ==> DiskDFJK: Density-Fitted J/K Matrices <==

    J tasked:                  Yes
    K tasked:                  Yes
    wK tasked:                  No
    OpenMP threads:             32
    Integrals threads:          32
    Memory [MiB]:            57220
    Algorithm:                Core
    Integral Cache:           LOAD
    Schwarz Cutoff:          1E-12
    Fitting Condition:       1E-10

   => Auxiliary Basis Set <=

  Basis Set: (JUN-CC-PVDZ AUX)
    Blend: JUN-CC-PVDZ-JKFIT
    Number of shells: 486
    Number of basis functions: 1362
    Number of Cartesian functions: 1542
    Spherical Harmonics?: true
    Max angular momentum: 3

  Minimum eigenvalue in the overlap matrix is 7.0462881016E-05.
  Reciprocal condition number of the overlap matrix is 6.3368954518E-06.
    Using symmetric orthogonalization.

  ==> Pre-Iterations <==

  SCF Guess: Superposition of Atomic Densities via on-the-fly atomic UHF (no occupation information).

   -------------------------
    Irrep   Nso     Nmo    
   -------------------------
     A        306     306 
   -------------------------
    Total     306     306
   -------------------------

  ==> Iterations <==

                           Total Energy        Delta E     RMS |[F,P]|

   @DF-RHF iter SAD:  -360.31875974912043   -3.60319e+02   0.00000e+00 
   @DF-RHF iter   1:  -360.92677595580665   -6.08016e-01   2.14817e-03 DIIS
   @DF-RHF iter   2:  -361.10786809625165   -1.81092e-01   1.36067e-03 DIIS
   @DF-RHF iter   3:  -361.17175802825199   -6.38899e-02   2.96979e-04 DIIS
   @DF-RHF iter   4:  -361.17673575847448   -4.97773e-03   1.08912e-04 DIIS
   @DF-RHF iter   5:  -361.17741367671476   -6.77918e-04   2.62172e-05 DIIS
   @DF-RHF iter   6:  -361.17748303910554   -6.93624e-05   1.28070e-05 DIIS
   @DF-RHF iter   7:  -361.17749995847242   -1.69194e-05   5.25986e-06 DIIS
   @DF-RHF iter   8:  -361.17750358913571   -3.63066e-06   2.06322e-06 DIIS
   @DF-RHF iter   9:  -361.17750423322894   -6.44093e-07   6.37741e-07 DIIS
   @DF-RHF iter  10:  -361.17750431708384   -8.38549e-08   2.95278e-07 DIIS
   @DF-RHF iter  11:  -361.17750433987590   -2.27921e-08   1.51418e-07 DIIS
   @DF-RHF iter  12:  -361.17750434673849   -6.86259e-09   7.67932e-08 DIIS
   @DF-RHF iter  13:  -361.17750434871971   -1.98122e-09   2.90666e-08 DIIS
   @DF-RHF iter  14:  -361.17750434892764   -2.07933e-10   8.15840e-09 DIIS
  Energy and wave function converged.


  ==> Post-Iterations <==

    Orbital Energies [Eh]
    ---------------------

    Doubly Occupied:                                                      

       1A    -20.748403     2A    -20.743884     3A    -15.939870  
       4A    -11.521386     5A    -11.501380     6A    -11.484808  
       7A    -11.404190     8A     -1.570029     9A     -1.564074  
      10A     -1.498046    11A     -1.220279    12A     -1.146317  
      13A     -1.019026    14A     -1.008741    15A     -0.964019  
      16A     -0.904578    17A     -0.888448    18A     -0.846609  
      19A     -0.815557    20A     -0.809209    21A     -0.777658  
      22A     -0.764864    23A     -0.706640    24A     -0.703189  
      25A     -0.682626    26A     -0.654035    27A     -0.626276  
      28A     -0.585095  

    Virtual:                                                              

      29A     -0.132887    30A     -0.078575    31A     -0.067880  
      32A     -0.053438    33A     -0.044740    34A     -0.036891  
      35A     -0.029883    36A     -0.024999    37A     -0.023041  
      38A     -0.010268    39A     -0.008577    40A     -0.003537  
      41A      0.001044    42A      0.002965    43A      0.010327  
      44A      0.018178    45A      0.027740    46A      0.029592  
      47A      0.040111    48A      0.041409    49A      0.042853  
      50A      0.046763    51A      0.050782    52A      0.056124  
      53A      0.057468    54A      0.067965    55A      0.069943  
      56A      0.077627    57A      0.092878    58A      0.101797  
      59A      0.103275    60A      0.105765    61A      0.110308  
      62A      0.115699    63A      0.122608    64A      0.130006  
      65A      0.138321    66A      0.142243    67A      0.146919  
      68A      0.152479    69A      0.157508    70A      0.160759  
      71A      0.165441    72A      0.172302    73A      0.184118  
      74A      0.189256    75A      0.190736    76A      0.196076  
      77A      0.199133    78A      0.205328    79A      0.210837  
      80A      0.213640    81A      0.226858    82A      0.235049  
      83A      0.249564    84A      0.264583    85A      0.267982  
      86A      0.270371    87A      0.275542    88A      0.288988  
      89A      0.296473    90A      0.299764    91A      0.301437  
      92A      0.301788    93A      0.321805    94A      0.346412  
      95A      0.350697    96A      0.355035    97A      0.363243  
      98A      0.373351    99A      0.383839   100A      0.400110  
     101A      0.428735   102A      0.435667   103A      0.454854  
     104A      0.467376   105A      0.515080   106A      0.528601  
     107A      0.530361   108A      0.546305   109A      0.551518  
     110A      0.565780   111A      0.586508   112A      0.607502  
     113A      0.612012   114A      0.619265   115A      0.622410  
     116A      0.635526   117A      0.647172   118A      0.666765  
     119A      0.675919   120A      0.681137   121A      0.694186  
     122A      0.711015   123A      0.714524   124A      0.730000  
     125A      0.743583   126A      0.758447   127A      0.763301  
     128A      0.766805   129A      0.783804   130A      0.788739  
     131A      0.800749   132A      0.824864   133A      0.837844  
     134A      0.843058   135A      0.848780   136A      0.865585  
     137A      0.873270   138A      0.875399   139A      0.894155  
     140A      0.898943   141A      0.923914   142A      0.925885  
     143A      0.940241   144A      0.945690   145A      0.972275  
     146A      0.999948   147A      1.009603   148A      1.095597  
     149A      1.165740   150A      1.168447   151A      1.170563  
     152A      1.186601   153A      1.235021   154A      1.247119  
     155A      1.291707   156A      1.313229   157A      1.329684  
     158A      1.352399   159A      1.359195   160A      1.372798  
     161A      1.386175   162A      1.394865   163A      1.410505  
     164A      1.465625   165A      1.481865   166A      1.497793  
     167A      1.503132   168A      1.506739   169A      1.518434  
     170A      1.552990   171A      1.581649   172A      1.592901  
     173A      1.594208   174A      1.604157   175A      1.628660  
     176A      1.645614   177A      1.646524   178A      1.665353  
     179A      1.688229   180A      1.693278   181A      1.698194  
     182A      1.711580   183A      1.717895   184A      1.730433  
     185A      1.760869   186A      1.761187   187A      1.775756  
     188A      1.776341   189A      1.782462   190A      1.801864  
     191A      1.804122   192A      1.809598   193A      1.827410  
     194A      1.843100   195A      1.857073   196A      1.871313  
     197A      1.881443   198A      1.889756   199A      1.901431  
     200A      1.921154   201A      1.950036   202A      1.951435  
     203A      1.960652   204A      1.965207   205A      1.980578  
     206A      1.988156   207A      1.996944   208A      2.016703  
     209A      2.022584   210A      2.035390   211A      2.044413  
     212A      2.045283   213A      2.073383   214A      2.088980  
     215A      2.112420   216A      2.117698   217A      2.122329  
     218A      2.148007   219A      2.161775   220A      2.180865  
     221A      2.187181   222A      2.195760   223A      2.210103  
     224A      2.215275   225A      2.229359   226A      2.278649  
     227A      2.291361   228A      2.309824   229A      2.325720  
     230A      2.343161   231A      2.368890   232A      2.370434  
     233A      2.404083   234A      2.415776   235A      2.429249  
     236A      2.447431   237A      2.447948   238A      2.458435  
     239A      2.477519   240A      2.489712   241A      2.494987  
     242A      2.526383   243A      2.548139   244A      2.597029  
     245A      2.603163   246A      2.604032   247A      2.624862  
     248A      2.642016   249A      2.654852   250A      2.705531  
     251A      2.709107   252A      2.736216   253A      2.743261  
     254A      2.761500   255A      2.791608   256A      2.811620  
     257A      2.836192   258A      2.878856   259A      2.891127  
     260A      2.892835   261A      2.916304   262A      2.940509  
     263A      3.000218   264A      3.052617   265A      3.112536  
     266A      3.133987   267A      3.165172   268A      3.178883  
     269A      3.220304   270A      3.237541   271A      3.277892  
     272A      3.327073   273A      3.381797   274A      3.445847  
     275A      3.457490   276A      3.532446   277A      3.546685  
     278A      3.547425   279A      3.662369   280A      3.790575  
     281A      3.792092   282A      3.924210   283A      3.992498  
     284A      4.068746   285A      4.165096   286A      4.183458  
     287A      4.302988   288A      4.434503   289A      4.653353  
     290A      4.692672   291A      4.779686   292A      4.834690  
     293A      4.880467   294A      4.945324   295A      5.095380  
     296A      5.268234   297A      5.459054   298A      5.540369  
     299A      5.714818   300A      5.850153   301A      6.699412  
     302A     18.172683   303A     18.361750   304A     18.568737  
     305A     25.337832   306A     33.430817  

    Final Occupation by Irrep:
              A 
    DOCC [    28 ]

  @DF-RHF Final Energy:  -361.17750434892764

   => Energetics <=

    Nuclear Repulsion Energy =            322.3989930281385909
    One-Electron Energy =               -1120.9545112866362615
    Two-Electron Energy =                 437.3780139095699724
    Total Energy =                       -361.1775043489276413

Computation Completed


Properties will be evaluated at   0.000000,   0.000000,   0.000000 [a0]

Properties computed using the SCF density matrix

  Nuclear Dipole Moment: [e a0]
     X:   -33.6539      Y:   418.2331      Z:   140.0228

  Electronic Dipole Moment: [e a0]
     X:    35.4830      Y:  -413.4897      Z:  -138.3206

  Dipole Moment: [e a0]
     X:     1.8292      Y:     4.7434      Z:     1.7022     Total:     5.3613

  Dipole Moment: [D]
     X:     4.6493      Y:    12.0566      Z:     4.3265     Total:    13.6270


*** tstop() called on aliaconda at Sun Mar 20 06:26:08 2022
Module time:
	user time   =     214.00 seconds =       3.57 minutes
	system time =      24.10 seconds =       0.40 minutes
	total time  =         10 seconds =       0.17 minutes
Total time:
	user time   =  120592.95 seconds =    2009.88 minutes
	system time =   16927.72 seconds =     282.13 minutes
	total time  =       7351 seconds =     122.52 minutes
  Constructing Basis Sets for SAPT...

   => Loading Basis Set <=

    Name: (JUN-CC-PVDZ AUX)
    Role: RIFIT
    Keyword: DF_BASIS_SAPT
    atoms 1, 14                                          entry N          line   144 file /home/alia/anaconda3/envs/mddemo/share/psi4/basis/jun-cc-pvdz-ri.gbs 
    atoms 2-4, 6, 8-10, 13, 15-17, 19, 21, 23, 25-27, 30 entry H          line    30 file /home/alia/anaconda3/envs/mddemo/share/psi4/basis/jun-cc-pvdz-ri.gbs 
    atoms 5, 7, 11, 18, 20, 24, 28                       entry C          line   100 file /home/alia/anaconda3/envs/mddemo/share/psi4/basis/jun-cc-pvdz-ri.gbs 
    atoms 12, 22, 29                                     entry O          line   188 file /home/alia/anaconda3/envs/mddemo/share/psi4/basis/jun-cc-pvdz-ri.gbs 


  //>>>>>>>>>>>>>>>>>>>>>>>>>>>>>>>>>>>//
  //               SAPT0               //
  //<<<<<<<<<<<<<<<<<<<<<<<<<<<<<<<<<<<//


*** tstart() called on aliaconda
*** at Sun Mar 20 06:26:08 2022

        SAPT0  
    Ed Hohenstein
     6 June 2009

      Orbital Information
  --------------------------
    NSO        =       306
    NMO        =       306
    NRI        =      1032
    NOCC A     =        20
    NOCC B     =        28
    FOCC A     =         0
    FOCC B     =         0
    NVIR A     =       286
    NVIR B     =       278

    Elst10,r            =     0.061330000773 [Eh]
    Exch10              =    -0.000000014219 [Eh]
    Exch10 (S^2)        =    -0.000000014219 [Eh]

    Iter     Energy [mEh]          dE [mEh]         Residual      Time [s]
       1      -0.31817144       0.318171441       5.234692134             0
       2      -0.31179851      -0.006372929       1.780496997             1
       3      -0.33807539       0.026276873       0.643276002             1
       4      -0.34466713       0.006591745       0.178745306             2
       5      -0.34362688      -0.001040252       0.101531944             2
       6      -0.34305735      -0.000569528       0.028364727             3
       7      -0.34323887       0.000181522       0.009391506             4
       8      -0.34326424       0.000025362       0.004037937             4
       9      -0.34324654      -0.000017692       0.002226300             5
      10      -0.34324412      -0.000002422       0.000719330             5
      11      -0.34324754       0.000003414       0.000195489             6
      12      -0.34324730      -0.000000233       0.000049343             6
      13      -0.34324716      -0.000000138       0.000014073             7
      14      -0.34324716      -0.000000006       0.000003261             7
      15      -0.34324717       0.000000012       0.000000591             8

    CHF Iterations converged


    Iter     Energy [mEh]          dE [mEh]         Residual      Time [s]
       1      -0.21385709       0.213857089       3.308648319             1
       2      -0.22356003       0.009702943       1.426970528             1
       3      -0.24070978       0.017149747       0.439638486             2
       4      -0.24325182       0.002542040       0.110912706             2
       5      -0.24247578      -0.000776038       0.044431281             3
       6      -0.24228491      -0.000190876       0.015820919             4
       7      -0.24239728       0.000112371       0.007975370             4
       8      -0.24239878       0.000001503       0.003759220             5
       9      -0.24238446      -0.000014317       0.002022467             5
      10      -0.24238267      -0.000001798       0.000814419             6
      11      -0.24238524       0.000002572       0.000349354             7
      12      -0.24238550       0.000000261       0.000106630             7
      13      -0.24238521      -0.000000283       0.000032358             8
      14      -0.24238518      -0.000000038       0.000009375             8
      15      -0.24238520       0.000000019       0.000002911             9
      16      -0.24238520       0.000000004       0.000000796            10

    CHF Iterations converged

    Ind20,r (A<-B)      =    -0.000343247170 [Eh]
    Ind20,r (B<-A)      =    -0.000242385200 [Eh]
    Ind20,r             =    -0.000585632370 [Eh]
    Exch-Ind20,r (A<-B) =     0.000000001827 [Eh]
    Exch-Ind20,r (B<-A) =     0.000000003171 [Eh]
    Exch-Ind20,r        =     0.000000004998 [Eh]
    Disp20              =    -0.000043999131 [Eh]
    Disp20 (SS)         =    -0.000021999566 [Eh]
    Disp20 (OS)         =    -0.000021999566 [Eh]
    Exch-Disp20         =     0.000000001943 [Eh]
    Exch-Disp20 (SS)    =     0.000000001457 [Eh]
    Exch-Disp20 (OS)    =     0.000000000486 [Eh]

    SAPT Results 
  --------------------------------------------------------------------------------------------------------
    Electrostatics                 61.33000077 [mEh]      38.48515651 [kcal/mol]     161.02189485 [kJ/mol]
      Elst10,r                     61.33000077 [mEh]      38.48515651 [kcal/mol]     161.02189485 [kJ/mol]

    Exchange                       -0.00001422 [mEh]      -0.00000892 [kcal/mol]      -0.00003733 [kJ/mol]
      Exch10                       -0.00001422 [mEh]      -0.00000892 [kcal/mol]      -0.00003733 [kJ/mol]
      Exch10(S^2)                  -0.00001422 [mEh]      -0.00000892 [kcal/mol]      -0.00003733 [kJ/mol]

    Induction                      -0.57793503 [mEh]      -0.36265970 [kcal/mol]      -1.51736820 [kJ/mol]
      Ind20,r                      -0.58563237 [mEh]      -0.36748986 [kcal/mol]      -1.53757758 [kJ/mol]
      Exch-Ind20,r                  0.00000500 [mEh]       0.00000314 [kcal/mol]       0.00001312 [kJ/mol]
      delta HF,r (2)                0.00769235 [mEh]       0.00482702 [kcal/mol]       0.02019625 [kJ/mol]

    Dispersion                     -0.04399719 [mEh]      -0.02760865 [kcal/mol]      -0.11551460 [kJ/mol]
      Disp20                       -0.04399913 [mEh]      -0.02760987 [kcal/mol]      -0.11551970 [kJ/mol]
      Exch-Disp20                   0.00000194 [mEh]       0.00000122 [kcal/mol]       0.00000510 [kJ/mol]
      Disp20 (SS)                  -0.02199957 [mEh]      -0.01380494 [kcal/mol]      -0.05775985 [kJ/mol]
      Disp20 (OS)                  -0.02199957 [mEh]      -0.01380494 [kcal/mol]      -0.05775985 [kJ/mol]
      Exch-Disp20 (SS)              0.00000146 [mEh]       0.00000091 [kcal/mol]       0.00000383 [kJ/mol]
      Exch-Disp20 (OS)              0.00000049 [mEh]       0.00000031 [kcal/mol]       0.00000128 [kJ/mol]

  Total HF                         60.75205153 [mEh]      38.12248788 [kcal/mol]     159.50448931 [kJ/mol]
  Total SAPT0                      60.70805434 [mEh]      38.09487923 [kcal/mol]     159.38897471 [kJ/mol]

  Special recipe for scaled SAPT0 (see Manual):
    Electrostatics sSAPT0          61.33000077 [mEh]      38.48515651 [kcal/mol]     161.02189485 [kJ/mol]
    Exchange sSAPT0                -0.00001422 [mEh]      -0.00000892 [kcal/mol]      -0.00003733 [kJ/mol]
    Induction sSAPT0               -0.57793503 [mEh]      -0.36265970 [kcal/mol]      -1.51736820 [kJ/mol]
    Dispersion sSAPT0              -0.04399719 [mEh]      -0.02760865 [kcal/mol]      -0.11551460 [kJ/mol]
  Total sSAPT0                     60.70805434 [mEh]      38.09487923 [kcal/mol]     159.38897471 [kJ/mol]
  --------------------------------------------------------------------------------------------------------

*** tstop() called on aliaconda at Sun Mar 20 06:26:56 2022
Module time:
	user time   =     685.24 seconds =      11.42 minutes
	system time =     118.63 seconds =       1.98 minutes
	total time  =         48 seconds =       0.80 minutes
Total time:
	user time   =  121280.80 seconds =    2021.35 minutes
	system time =   17046.82 seconds =     284.11 minutes
	total time  =       7399 seconds =     123.32 minutes


Warning! sapt0 does not have an associated derived wavefunction.The returned wavefunction is the dimer SCF wavefunction.


  Memory set to  74.506 GiB by Python driver.
  Threads set to 32 by Python driver.
