
Scratch directory: /tmp/

Scratch directory: /tmp/

  //>>>>>>>>>>>>>>>>>>>>>>>>>>>>>>>>>>>//
  //              Dimer HF             //
  //<<<<<<<<<<<<<<<<<<<<<<<<<<<<<<<<<<<//


*** tstart() called on aliaconda
*** at Sun Mar 20 05:43:56 2022

   => Loading Basis Set <=

    Name: JUN-CC-PVDZ
    Role: ORBITAL
    Keyword: BASIS
    atoms 1, 14                                          entry N          line   198 file /home/alia/anaconda3/envs/mddemo/share/psi4/basis/jun-cc-pvdz.gbs 
    atoms 2-4, 6, 8-10, 13, 15-17, 19, 21, 23, 25-27, 30 entry H          line    36 file /home/alia/anaconda3/envs/mddemo/share/psi4/basis/jun-cc-pvdz.gbs 
    atoms 5, 7, 11, 18, 20, 24, 28                       entry C          line   164 file /home/alia/anaconda3/envs/mddemo/share/psi4/basis/jun-cc-pvdz.gbs 
    atoms 12, 22, 29                                     entry O          line   232 file /home/alia/anaconda3/envs/mddemo/share/psi4/basis/jun-cc-pvdz.gbs 


         ---------------------------------------------------------
                                   SCF
               by Justin Turney, Rob Parrish, Andy Simmonett
                          and Daniel G. A. Smith
                              RHF Reference
                       32 Threads,  76293 MiB Core
         ---------------------------------------------------------

  ==> Geometry <==

    Molecular point group: c1
    Full point group: C1

    Geometry (in Angstrom), charge = 2, multiplicity = 1:

       Center              X                  Y                   Z               Mass       
    ------------   -----------------  -----------------  -----------------  -----------------
         N            0.788277555134    -6.044336957867    -0.932209536942    14.003074004430
         H            0.090277600911    -6.295337123806     0.016790344802     1.007825032230
         H            0.029277730610    -6.369337005550    -1.806209609421     1.007825032230
         H            1.544277597096    -6.726337118084    -0.916209742936     1.007825032230
         C            1.176277566578    -4.651336831982    -0.995209739121    12.000000000000
         H            0.308277536061    -4.112336797649    -0.516209647568     1.007825032230
         C            2.448277640965    -4.508337182934    -0.080209777268    12.000000000000
         H            3.236277509358    -5.149336976940    -0.607209727677     1.007825032230
         H            2.257277656224    -4.949337167675     0.939790203659     1.007825032230
         H            2.787277627614    -3.491336984569     0.053790524093     1.007825032230
         C            1.328277516987    -4.151336831982    -2.462209508332    12.000000000000
         O            0.844277787831    -4.725337190563    -3.391209647568    15.994914619570
         H            1.904162812855    -3.233208818371    -2.650351807984     1.007825032230
         N            0.329277444508     2.302663164204     0.490790321914    14.003074004430
         H            0.263277459767     2.023662881916    -0.680209681901     1.007825032230
         H            0.587277818349     1.206663446491     0.913790657608     1.007825032230
         H            1.124277520802     2.920663194721     0.561790421096     1.007825032230
         C           -0.980722498271     2.930663423603     0.830790474502    12.000000000000
         H           -1.612722467754     2.091662721699     0.847790196029     1.007825032230
         C           -1.080722402904     3.654663400715     2.172790482131    12.000000000000
         H           -2.116722177837     3.530662851399     2.552790596572     1.007825032230
         O           -0.587722372386     5.009662942951     2.105790093032    15.994914619570
         H            0.364277768757     4.859663324421     1.982790424911     1.007825032230
         C           -0.120722364757     3.036663370197     3.199789955703    12.000000000000
         H            0.959277558949     3.053662614887     2.808790161697     1.007825032230
         H           -0.376722406719     1.963663415974     3.410790398208     1.007825032230
         H           -0.046722483013     3.687663393086     4.096790268508     1.007825032230
         C           -1.607722353313     3.743663148945    -0.296209380539    12.000000000000
         O           -2.757721971843     3.609663324421    -0.752209708603    15.994914619570
         H           -0.981941294048     4.525675134724    -0.751023337754     1.007825032230

  Running in c1 symmetry.

  Rotational constants: A =      0.03803  B =      0.00451  C =      0.00420 [cm^-1]
  Rotational constants: A =   1140.19027  B =    135.27321  C =    125.85746 [MHz]
  Nuclear repulsion =  648.654694760985194

  Charge       = 2
  Multiplicity = 1
  Electrons    = 96
  Nalpha       = 48
  Nbeta        = 48

  ==> Algorithm <==

  SCF Algorithm Type is DF.
  DIIS enabled.
  MOM disabled.
  Fractional occupation disabled.
  Guess Type is SAD.
  Energy threshold   = 1.00e-08
  Density threshold  = 1.00e-08
  Integral threshold = 1.00e-12

  ==> Primary Basis <==

  Basis Set: JUN-CC-PVDZ
    Blend: JUN-CC-PVDZ
    Number of shells: 150
    Number of basis functions: 306
    Number of Cartesian functions: 318
    Spherical Harmonics?: true
    Max angular momentum: 2

   => Loading Basis Set <=

    Name: (JUN-CC-PVDZ AUX)
    Role: JKFIT
    Keyword: DF_BASIS_SCF
    atoms 1, 14                                          entry N          line   202 file /home/alia/anaconda3/envs/mddemo/share/psi4/basis/jun-cc-pvdz-jkfit.gbs 
    atoms 2-4, 6, 8-10, 13, 15-17, 19, 21, 23, 25-27, 30 entry H          line    70 file /home/alia/anaconda3/envs/mddemo/share/psi4/basis/jun-cc-pvdz-jkfit.gbs 
    atoms 5, 7, 11, 18, 20, 24, 28                       entry C          line   146 file /home/alia/anaconda3/envs/mddemo/share/psi4/basis/jun-cc-pvdz-jkfit.gbs 
    atoms 12, 22, 29                                     entry O          line   258 file /home/alia/anaconda3/envs/mddemo/share/psi4/basis/jun-cc-pvdz-jkfit.gbs 

  ==> Integral Setup <==

  ==> DiskDFJK: Density-Fitted J/K Matrices <==

    J tasked:                  Yes
    K tasked:                  Yes
    wK tasked:                  No
    OpenMP threads:             32
    Integrals threads:          32
    Memory [MiB]:            57220
    Algorithm:                Core
    Integral Cache:           SAVE
    Schwarz Cutoff:          1E-12
    Fitting Condition:       1E-10

   => Auxiliary Basis Set <=

  Basis Set: (JUN-CC-PVDZ AUX)
    Blend: JUN-CC-PVDZ-JKFIT
    Number of shells: 486
    Number of basis functions: 1362
    Number of Cartesian functions: 1542
    Spherical Harmonics?: true
    Max angular momentum: 3

  Minimum eigenvalue in the overlap matrix is 5.9589232469E-05.
  Reciprocal condition number of the overlap matrix is 5.2002182337E-06.
    Using symmetric orthogonalization.

  ==> Pre-Iterations <==

  SCF Guess: Superposition of Atomic Densities via on-the-fly atomic UHF (no occupation information).

   -------------------------
    Irrep   Nso     Nmo    
   -------------------------
     A        306     306 
   -------------------------
    Total     306     306
   -------------------------

  ==> Iterations <==

                           Total Energy        Delta E     RMS |[F,P]|

   @DF-RHF iter SAD:  -607.16264080417147   -6.07163e+02   0.00000e+00 
   @DF-RHF iter   1:  -607.95967974759287   -7.97039e-01   2.78758e-03 DIIS
   @DF-RHF iter   2:  -608.27601376893654   -3.16334e-01   1.77346e-03 DIIS
   @DF-RHF iter   3:  -608.38586935067235   -1.09856e-01   3.93129e-04 DIIS
   @DF-RHF iter   4:  -608.39468716416820   -8.81781e-03   1.48430e-04 DIIS
   @DF-RHF iter   5:  -608.39594898658424   -1.26182e-03   3.69612e-05 DIIS
   @DF-RHF iter   6:  -608.39607613535065   -1.27149e-04   1.85974e-05 DIIS
   @DF-RHF iter   7:  -608.39610862739801   -3.24920e-05   8.40567e-06 DIIS
   @DF-RHF iter   8:  -608.39611653600866   -7.90861e-06   3.47866e-06 DIIS
   @DF-RHF iter   9:  -608.39611802545949   -1.48945e-06   1.31698e-06 DIIS
   @DF-RHF iter  10:  -608.39611824982603   -2.24367e-07   4.65795e-07 DIIS
   @DF-RHF iter  11:  -608.39611828817340   -3.83474e-08   2.28344e-07 DIIS
   @DF-RHF iter  12:  -608.39611830235799   -1.41846e-08   1.21665e-07 DIIS
   @DF-RHF iter  13:  -608.39611830711806   -4.76007e-09   5.81657e-08 DIIS
   @DF-RHF iter  14:  -608.39611830832655   -1.20849e-09   2.09782e-08 DIIS
   @DF-RHF iter  15:  -608.39611830842819   -1.01636e-10   7.38503e-09 DIIS
  Energy and wave function converged.


  ==> Post-Iterations <==

    Orbital Energies [Eh]
    ---------------------

    Doubly Occupied:                                                      

       1A    -20.827862     2A    -20.808572     3A    -20.794386  
       4A    -16.014272     5A    -15.991397     6A    -11.600301  
       7A    -11.582212     8A    -11.581422     9A    -11.563154  
      10A    -11.542025    11A    -11.511021    12A    -11.470777  
      13A     -1.668531    14A     -1.612074    15A     -1.597034  
      16A     -1.566041    17A     -1.563297    18A     -1.309158  
      19A     -1.297552    20A     -1.219775    21A     -1.166937  
      22A     -1.081867    23A     -1.079255    24A     -1.074203  
      25A     -1.026459    26A     -1.012145    27A     -0.984681  
      28A     -0.972052    29A     -0.955832    30A     -0.935425  
      31A     -0.902737    32A     -0.898296    33A     -0.879676  
      34A     -0.869313    35A     -0.863761    36A     -0.835831  
      37A     -0.812802    38A     -0.812381    39A     -0.811751  
      40A     -0.790586    41A     -0.775199    42A     -0.752892  
      43A     -0.742476    44A     -0.733017    45A     -0.717890  
      46A     -0.685482    47A     -0.681017    48A     -0.653018  

    Virtual:                                                              

      49A     -0.214414    50A     -0.183763    51A     -0.159313  
      52A     -0.152010    53A     -0.137233    54A     -0.133868  
      55A     -0.128440    56A     -0.117550    57A     -0.114747  
      58A     -0.102343    59A     -0.099920    60A     -0.098409  
      61A     -0.092118    62A     -0.083267    63A     -0.081378  
      64A     -0.075226    65A     -0.070412    66A     -0.069055  
      67A     -0.064988    68A     -0.063530    69A     -0.049860  
      70A     -0.045712    71A     -0.042078    72A     -0.035864  
      73A     -0.033848    74A     -0.029308    75A     -0.028196  
      76A     -0.023570    77A     -0.022767    78A     -0.013743  
      79A     -0.010304    80A     -0.004192    81A      0.001153  
      82A      0.006017    83A      0.011092    84A      0.024543  
      85A      0.033345    86A      0.038533    87A      0.044516  
      88A      0.049292    89A      0.054625    90A      0.060292  
      91A      0.070552    92A      0.079432    93A      0.081889  
      94A      0.085826    95A      0.090630    96A      0.092769  
      97A      0.096987    98A      0.106031    99A      0.113178  
     100A      0.122654   101A      0.125269   102A      0.128708  
     103A      0.137563   104A      0.146146   105A      0.148978  
     106A      0.151120   107A      0.153999   108A      0.170176  
     109A      0.176896   110A      0.184856   111A      0.188410  
     112A      0.198840   113A      0.207422   114A      0.217347  
     115A      0.224548   116A      0.229370   117A      0.239109  
     118A      0.246868   119A      0.248174   120A      0.259496  
     121A      0.276495   122A      0.279375   123A      0.301067  
     124A      0.329159   125A      0.359780   126A      0.388116  
     127A      0.456027   128A      0.481787   129A      0.490436  
     130A      0.501624   131A      0.506221   132A      0.524377  
     133A      0.532979   134A      0.550162   135A      0.553954  
     136A      0.557587   137A      0.560795   138A      0.572345  
     139A      0.577442   140A      0.589974   141A      0.603805  
     142A      0.610098   143A      0.626188   144A      0.634959  
     145A      0.644185   146A      0.652594   147A      0.662925  
     148A      0.669165   149A      0.672952   150A      0.683263  
     151A      0.692404   152A      0.699257   153A      0.706862  
     154A      0.713065   155A      0.720524   156A      0.724151  
     157A      0.734484   158A      0.748263   159A      0.754017  
     160A      0.757498   161A      0.772583   162A      0.782508  
     163A      0.797780   164A      0.808384   165A      0.817870  
     166A      0.826980   167A      0.848568   168A      0.850555  
     169A      0.864544   170A      0.874445   171A      0.875426  
     172A      0.900903   173A      0.940443   174A      0.952086  
     175A      0.966166   176A      1.022911   177A      1.039779  
     178A      1.044928   179A      1.081918   180A      1.119067  
     181A      1.128601   182A      1.133740   183A      1.154948  
     184A      1.170452   185A      1.207039   186A      1.222143  
     187A      1.237861   188A      1.239579   189A      1.250919  
     190A      1.263587   191A      1.269410   192A      1.274761  
     193A      1.308568   194A      1.309161   195A      1.311950  
     196A      1.315801   197A      1.331603   198A      1.336789  
     199A      1.359955   200A      1.379196   201A      1.382605  
     202A      1.399777   203A      1.414229   204A      1.427371  
     205A      1.437530   206A      1.457468   207A      1.489728  
     208A      1.496026   209A      1.522367   210A      1.524079  
     211A      1.558636   212A      1.561523   213A      1.562930  
     214A      1.590473   215A      1.598997   216A      1.610448  
     217A      1.624227   218A      1.639016   219A      1.642534  
     220A      1.662850   221A      1.666325   222A      1.681881  
     223A      1.687626   224A      1.706683   225A      1.716404  
     226A      1.725323   227A      1.730007   228A      1.742027  
     229A      1.744253   230A      1.748711   231A      1.769897  
     232A      1.779763   233A      1.783025   234A      1.793244  
     235A      1.799760   236A      1.822848   237A      1.833597  
     238A      1.842888   239A      1.866912   240A      1.876841  
     241A      1.893647   242A      1.897555   243A      1.905331  
     244A      1.911096   245A      1.942736   246A      1.961848  
     247A      2.005830   248A      2.007144   249A      2.024398  
     250A      2.031010   251A      2.045599   252A      2.058098  
     253A      2.061584   254A      2.121233   255A      2.125056  
     256A      2.131427   257A      2.144399   258A      2.174901  
     259A      2.176308   260A      2.222385   261A      2.230080  
     262A      2.260228   263A      2.264898   264A      2.309738  
     265A      2.319610   266A      2.349019   267A      2.357911  
     268A      2.380932   269A      2.393265   270A      2.415061  
     271A      2.415438   272A      2.449046   273A      2.449789  
     274A      2.477622   275A      2.484649   276A      2.494579  
     277A      2.534410   278A      2.564457   279A      2.581824  
     280A      2.617593   281A      2.619707   282A      2.634183  
     283A      2.639165   284A      2.653522   285A      2.709621  
     286A      2.723467   287A      2.772773   288A      2.804004  
     289A      2.842542   290A      2.872567   291A      2.889721  
     292A      2.935457   293A      2.953696   294A      3.036341  
     295A      3.059896   296A      3.102302   297A      3.150565  
     298A      3.226830   299A      3.227395   300A      3.298973  
     301A      3.426574   302A      3.463005   303A      3.497286  
     304A      3.721094   305A      3.758603   306A      3.907297  

    Final Occupation by Irrep:
              A 
    DOCC [    48 ]

  @DF-RHF Final Energy:  -608.39611830842819

   => Energetics <=

    Nuclear Repulsion Energy =            648.6546947609851941
    One-Electron Energy =               -2090.8459315186632921
    Two-Electron Energy =                 833.7951184492499124
    Total Energy =                       -608.3961183084281856

Computation Completed


Properties will be evaluated at   0.000000,   0.000000,   0.000000 [a0]

Properties computed using the SCF density matrix

  Nuclear Dipole Moment: [e a0]
     X:     9.6600      Y:    -9.7791      Z:     9.6083

  Electronic Dipole Moment: [e a0]
     X:    -6.2448      Y:     3.2845      Z:    -8.7285

  Dipole Moment: [e a0]
     X:     3.4153      Y:    -6.4946      Z:     0.8798     Total:     7.3904

  Dipole Moment: [D]
     X:     8.6808      Y:   -16.5076      Z:     2.2362     Total:    18.7845


*** tstop() called on aliaconda at Sun Mar 20 05:44:11 2022
Module time:
	user time   =     324.58 seconds =       5.41 minutes
	system time =      39.82 seconds =       0.66 minutes
	total time  =         15 seconds =       0.25 minutes
Total time:
	user time   =   77864.42 seconds =    1297.74 minutes
	system time =   10861.16 seconds =     181.02 minutes
	total time  =       4834 seconds =      80.57 minutes

  //>>>>>>>>>>>>>>>>>>>>>>>>>>>>>>>>>>>//
  //            Monomer A HF           //
  //<<<<<<<<<<<<<<<<<<<<<<<<<<<<<<<<<<<//


*** tstart() called on aliaconda
*** at Sun Mar 20 05:44:11 2022

   => Loading Basis Set <=

    Name: JUN-CC-PVDZ
    Role: ORBITAL
    Keyword: BASIS
    atoms 1, 14                                          entry N          line   198 file /home/alia/anaconda3/envs/mddemo/share/psi4/basis/jun-cc-pvdz.gbs 
    atoms 2-4, 6, 8-10, 13, 15-17, 19, 21, 23, 25-27, 30 entry H          line    36 file /home/alia/anaconda3/envs/mddemo/share/psi4/basis/jun-cc-pvdz.gbs 
    atoms 5, 7, 11, 18, 20, 24, 28                       entry C          line   164 file /home/alia/anaconda3/envs/mddemo/share/psi4/basis/jun-cc-pvdz.gbs 
    atoms 12, 22, 29                                     entry O          line   232 file /home/alia/anaconda3/envs/mddemo/share/psi4/basis/jun-cc-pvdz.gbs 


         ---------------------------------------------------------
                                   SCF
               by Justin Turney, Rob Parrish, Andy Simmonett
                          and Daniel G. A. Smith
                              RHF Reference
                       32 Threads,  76293 MiB Core
         ---------------------------------------------------------

  ==> Geometry <==

    Molecular point group: c1
    Full point group: C1

    Geometry (in Angstrom), charge = 1, multiplicity = 1:

       Center              X                  Y                   Z               Mass       
    ------------   -----------------  -----------------  -----------------  -----------------
         N            0.788277555134    -6.044336957867    -0.932209536942    14.003074004430
         H            0.090277600911    -6.295337123806     0.016790344802     1.007825032230
         H            0.029277730610    -6.369337005550    -1.806209609421     1.007825032230
         H            1.544277597096    -6.726337118084    -0.916209742936     1.007825032230
         C            1.176277566578    -4.651336831982    -0.995209739121    12.000000000000
         H            0.308277536061    -4.112336797649    -0.516209647568     1.007825032230
         C            2.448277640965    -4.508337182934    -0.080209777268    12.000000000000
         H            3.236277509358    -5.149336976940    -0.607209727677     1.007825032230
         H            2.257277656224    -4.949337167675     0.939790203659     1.007825032230
         H            2.787277627614    -3.491336984569     0.053790524093     1.007825032230
         C            1.328277516987    -4.151336831982    -2.462209508332    12.000000000000
         O            0.844277787831    -4.725337190563    -3.391209647568    15.994914619570
         H            1.904162812855    -3.233208818371    -2.650351807984     1.007825032230
      Gh(N)           0.329277444508     2.302663164204     0.490790321914    14.003074004430
      Gh(H)           0.263277459767     2.023662881916    -0.680209681901     1.007825032230
      Gh(H)           0.587277818349     1.206663446491     0.913790657608     1.007825032230
      Gh(H)           1.124277520802     2.920663194721     0.561790421096     1.007825032230
      Gh(C)          -0.980722498271     2.930663423603     0.830790474502    12.000000000000
      Gh(H)          -1.612722467754     2.091662721699     0.847790196029     1.007825032230
      Gh(C)          -1.080722402904     3.654663400715     2.172790482131    12.000000000000
      Gh(H)          -2.116722177837     3.530662851399     2.552790596572     1.007825032230
      Gh(O)          -0.587722372386     5.009662942951     2.105790093032    15.994914619570
      Gh(H)           0.364277768757     4.859663324421     1.982790424911     1.007825032230
      Gh(C)          -0.120722364757     3.036663370197     3.199789955703    12.000000000000
      Gh(H)           0.959277558949     3.053662614887     2.808790161697     1.007825032230
      Gh(H)          -0.376722406719     1.963663415974     3.410790398208     1.007825032230
      Gh(H)          -0.046722483013     3.687663393086     4.096790268508     1.007825032230
      Gh(C)          -1.607722353313     3.743663148945    -0.296209380539    12.000000000000
      Gh(O)          -2.757721971843     3.609663324421    -0.752209708603    15.994914619570
      Gh(H)          -0.981941294048     4.525675134724    -0.751023337754     1.007825032230

  Running in c1 symmetry.

  Rotational constants: A =      0.03803  B =      0.00451  C =      0.00420 [cm^-1]
  Rotational constants: A =   1140.19027  B =    135.27321  C =    125.85746 [MHz]
  Nuclear repulsion =  184.837798486018187

  Charge       = 1
  Multiplicity = 1
  Electrons    = 40
  Nalpha       = 20
  Nbeta        = 20

  ==> Algorithm <==

  SCF Algorithm Type is DF.
  DIIS enabled.
  MOM disabled.
  Fractional occupation disabled.
  Guess Type is SAD.
  Energy threshold   = 1.00e-08
  Density threshold  = 1.00e-08
  Integral threshold = 1.00e-12

  ==> Primary Basis <==

  Basis Set: JUN-CC-PVDZ
    Blend: JUN-CC-PVDZ
    Number of shells: 150
    Number of basis functions: 306
    Number of Cartesian functions: 318
    Spherical Harmonics?: true
    Max angular momentum: 2

   => Loading Basis Set <=

    Name: (JUN-CC-PVDZ AUX)
    Role: JKFIT
    Keyword: DF_BASIS_SCF
    atoms 1, 14                                          entry N          line   202 file /home/alia/anaconda3/envs/mddemo/share/psi4/basis/jun-cc-pvdz-jkfit.gbs 
    atoms 2-4, 6, 8-10, 13, 15-17, 19, 21, 23, 25-27, 30 entry H          line    70 file /home/alia/anaconda3/envs/mddemo/share/psi4/basis/jun-cc-pvdz-jkfit.gbs 
    atoms 5, 7, 11, 18, 20, 24, 28                       entry C          line   146 file /home/alia/anaconda3/envs/mddemo/share/psi4/basis/jun-cc-pvdz-jkfit.gbs 
    atoms 12, 22, 29                                     entry O          line   258 file /home/alia/anaconda3/envs/mddemo/share/psi4/basis/jun-cc-pvdz-jkfit.gbs 

  ==> Integral Setup <==

  ==> DiskDFJK: Density-Fitted J/K Matrices <==

    J tasked:                  Yes
    K tasked:                  Yes
    wK tasked:                  No
    OpenMP threads:             32
    Integrals threads:          32
    Memory [MiB]:            57220
    Algorithm:                Core
    Integral Cache:           LOAD
    Schwarz Cutoff:          1E-12
    Fitting Condition:       1E-10

   => Auxiliary Basis Set <=

  Basis Set: (JUN-CC-PVDZ AUX)
    Blend: JUN-CC-PVDZ-JKFIT
    Number of shells: 486
    Number of basis functions: 1362
    Number of Cartesian functions: 1542
    Spherical Harmonics?: true
    Max angular momentum: 3

  Minimum eigenvalue in the overlap matrix is 5.9589232469E-05.
  Reciprocal condition number of the overlap matrix is 5.2002182337E-06.
    Using symmetric orthogonalization.

  ==> Pre-Iterations <==

  SCF Guess: Superposition of Atomic Densities via on-the-fly atomic UHF (no occupation information).

   -------------------------
    Irrep   Nso     Nmo    
   -------------------------
     A        306     306 
   -------------------------
    Total     306     306
   -------------------------

  ==> Iterations <==

                           Total Energy        Delta E     RMS |[F,P]|

   @DF-RHF iter SAD:  -246.67680751922646   -2.46677e+02   0.00000e+00 
   @DF-RHF iter   1:  -247.13860568079332   -4.61798e-01   1.71958e-03 DIIS
   @DF-RHF iter   2:  -247.26581142515596   -1.27206e-01   1.03443e-03 DIIS
   @DF-RHF iter   3:  -247.30348176049793   -3.76703e-02   2.36836e-04 DIIS
   @DF-RHF iter   4:  -247.30687515086180   -3.39339e-03   8.12965e-05 DIIS
   @DF-RHF iter   5:  -247.30729665587430   -4.21505e-04   1.96193e-05 DIIS
   @DF-RHF iter   6:  -247.30734406186406   -4.74060e-05   8.41884e-06 DIIS
   @DF-RHF iter   7:  -247.30735187430130   -7.81244e-06   3.92767e-06 DIIS
   @DF-RHF iter   8:  -247.30735372108197   -1.84678e-06   1.26386e-06 DIIS
   @DF-RHF iter   9:  -247.30735390734804   -1.86266e-07   2.93251e-07 DIIS
   @DF-RHF iter  10:  -247.30735391632300   -8.97495e-09   9.53437e-08 DIIS
   @DF-RHF iter  11:  -247.30735391761965   -1.29666e-09   3.09451e-08 DIIS
   @DF-RHF iter  12:  -247.30735391782594   -2.06285e-10   1.57293e-08 DIIS
   @DF-RHF iter  13:  -247.30735391790336   -7.74207e-11   7.39983e-09 DIIS
  Energy and wave function converged.


  ==> Post-Iterations <==

    Orbital Energies [Eh]
    ---------------------

    Doubly Occupied:                                                      

       1A    -20.756710     2A    -15.926283     3A    -11.528954  
       4A    -11.509461     5A    -11.438175     6A     -1.598203  
       7A     -1.496592     8A     -1.226126     9A     -1.094964  
      10A     -1.008678    11A     -0.944859    12A     -0.916469  
      13A     -0.864932    14A     -0.832766    15A     -0.799040  
      16A     -0.741269    17A     -0.738601    18A     -0.719626  
      19A     -0.681795    20A     -0.609710  

    Virtual:                                                              

      21A     -0.119639    22A     -0.072896    23A     -0.065579  
      24A     -0.054489    25A     -0.047978    26A     -0.029642  
      27A     -0.025959    28A     -0.024605    29A     -0.011624  
      30A     -0.005787    31A     -0.000636    32A      0.001765  
      33A      0.008926    34A      0.014405    35A      0.019915  
      36A      0.027444    37A      0.029961    38A      0.034717  
      39A      0.041145    40A      0.043954    41A      0.046909  
      42A      0.052102    43A      0.055792    44A      0.064676  
      45A      0.073603    46A      0.080315    47A      0.085843  
      48A      0.089049    49A      0.094098    50A      0.102432  
      51A      0.105847    52A      0.111453    53A      0.116118  
      54A      0.120356    55A      0.134639    56A      0.138740  
      57A      0.148924    58A      0.150980    59A      0.153487  
      60A      0.157187    61A      0.161880    62A      0.165018  
      63A      0.178256    64A      0.179627    65A      0.192219  
      66A      0.193298    67A      0.195280    68A      0.208991  
      69A      0.215324    70A      0.221195    71A      0.225278  
      72A      0.235166    73A      0.240426    74A      0.249015  
      75A      0.256691    76A      0.265498    77A      0.271225  
      78A      0.285161    79A      0.302157    80A      0.307289  
      81A      0.313181    82A      0.325049    83A      0.335044  
      84A      0.347452    85A      0.364090    86A      0.368759  
      87A      0.380106    88A      0.393937    89A      0.404580  
      90A      0.431362    91A      0.436637    92A      0.456703  
      93A      0.481995    94A      0.488455    95A      0.512460  
      96A      0.528540    97A      0.535810    98A      0.554832  
      99A      0.561880   100A      0.566516   101A      0.571262  
     102A      0.572942   103A      0.587956   104A      0.596525  
     105A      0.620346   106A      0.621960   107A      0.629319  
     108A      0.639904   109A      0.646673   110A      0.670629  
     111A      0.678258   112A      0.679993   113A      0.682477  
     114A      0.709994   115A      0.715047   116A      0.733135  
     117A      0.737859   118A      0.744562   119A      0.756587  
     120A      0.759692   121A      0.777383   122A      0.785840  
     123A      0.791868   124A      0.803635   125A      0.822169  
     126A      0.841692   127A      0.864163   128A      0.895531  
     129A      0.897740   130A      0.915548   131A      0.918510  
     132A      0.921643   133A      0.937491   134A      0.944209  
     135A      0.958000   136A      0.965028   137A      0.980968  
     138A      1.022726   139A      1.045363   140A      1.094180  
     141A      1.111654   142A      1.116710   143A      1.204729  
     144A      1.207321   145A      1.225507   146A      1.278291  
     147A      1.308093   148A      1.319950   149A      1.337776  
     150A      1.378487   151A      1.398180   152A      1.448175  
     153A      1.472609   154A      1.498819   155A      1.506698  
     156A      1.542056   157A      1.552713   158A      1.566362  
     159A      1.595532   160A      1.606509   161A      1.615800  
     162A      1.630595   163A      1.646677   164A      1.663236  
     165A      1.672372   166A      1.686889   167A      1.696395  
     168A      1.710964   169A      1.711996   170A      1.721014  
     171A      1.730168   172A      1.740819   173A      1.756682  
     174A      1.760374   175A      1.780657   176A      1.797652  
     177A      1.808464   178A      1.814089   179A      1.815817  
     180A      1.818372   181A      1.851081   182A      1.851901  
     183A      1.862311   184A      1.864262   185A      1.895406  
     186A      1.904383   187A      1.905883   188A      1.932096  
     189A      1.944442   190A      1.950506   191A      1.963123  
     192A      1.975180   193A      1.993535   194A      2.005307  
     195A      2.012424   196A      2.016813   197A      2.025484  
     198A      2.060192   199A      2.066670   200A      2.076732  
     201A      2.076891   202A      2.095353   203A      2.132987  
     204A      2.138444   205A      2.149771   206A      2.165682  
     207A      2.167980   208A      2.191150   209A      2.193716  
     210A      2.211627   211A      2.239143   212A      2.244038  
     213A      2.271507   214A      2.293252   215A      2.306454  
     216A      2.318588   217A      2.322583   218A      2.337759  
     219A      2.366039   220A      2.401229   221A      2.417220  
     222A      2.421021   223A      2.428362   224A      2.450189  
     225A      2.454356   226A      2.484879   227A      2.489616  
     228A      2.515693   229A      2.520946   230A      2.526521  
     231A      2.549307   232A      2.565333   233A      2.580259  
     234A      2.599280   235A      2.616488   236A      2.651186  
     237A      2.659833   238A      2.673537   239A      2.691736  
     240A      2.712880   241A      2.735812   242A      2.751823  
     243A      2.785117   244A      2.793541   245A      2.810896  
     246A      2.848333   247A      2.873434   248A      2.883989  
     249A      2.931773   250A      2.939531   251A      2.957468  
     252A      3.013615   253A      3.023848   254A      3.032318  
     255A      3.108722   256A      3.126014   257A      3.136288  
     258A      3.196315   259A      3.229254   260A      3.297232  
     261A      3.303652   262A      3.411028   263A      3.432032  
     264A      3.493580   265A      3.520277   266A      3.567532  
     267A      3.578131   268A      3.649937   269A      3.689160  
     270A      3.828353   271A      3.913277   272A      3.982742  
     273A      4.016257   274A      4.169494   275A      4.178554  
     276A      4.291346   277A      4.425096   278A      4.474410  
     279A      4.517417   280A      4.633966   281A      4.644335  
     282A      4.681823   283A      4.688592   284A      4.758781  
     285A      4.815306   286A      4.855005   287A      4.908933  
     288A      4.989749   289A      5.028885   290A      5.170070  
     291A      5.262510   292A      5.480954   293A      5.552794  
     294A      5.644773   295A      5.726646   296A      5.806692  
     297A      5.991039   298A      6.598053   299A      6.739047  
     300A     18.137103   301A     18.313890   302A     18.448330  
     303A     18.606738   304A     25.313748   305A     33.437895  
     306A     33.465871  

    Final Occupation by Irrep:
              A 
    DOCC [    20 ]

  @DF-RHF Final Energy:  -247.30735391790336

   => Energetics <=

    Nuclear Repulsion Energy =            184.8377984860181868
    One-Electron Energy =                -693.4238775532975296
    Two-Electron Energy =                 261.2787251493759868
    Total Energy =                       -247.3073539179033560

Computation Completed


Properties will be evaluated at   0.000000,   0.000000,   0.000000 [a0]

Properties computed using the SCF density matrix

  Nuclear Dipole Moment: [e a0]
     X:   102.3216      Y:  -378.5229      Z:  -114.0766

  Electronic Dipole Moment: [e a0]
     X:  -100.2884      Y:   368.1024      Z:   113.2603

  Dipole Moment: [e a0]
     X:     2.0332      Y:   -10.4205      Z:    -0.8163     Total:    10.6483

  Dipole Moment: [D]
     X:     5.1678      Y:   -26.4862      Z:    -2.0748     Total:    27.0653


*** tstop() called on aliaconda at Sun Mar 20 05:44:20 2022
Module time:
	user time   =     172.27 seconds =       2.87 minutes
	system time =      14.71 seconds =       0.25 minutes
	total time  =          9 seconds =       0.15 minutes
Total time:
	user time   =   78036.79 seconds =    1300.61 minutes
	system time =   10875.89 seconds =     181.26 minutes
	total time  =       4843 seconds =      80.72 minutes

  //>>>>>>>>>>>>>>>>>>>>>>>>>>>>>>>>>>>//
  //            Monomer B HF           //
  //<<<<<<<<<<<<<<<<<<<<<<<<<<<<<<<<<<<//


*** tstart() called on aliaconda
*** at Sun Mar 20 05:44:20 2022

   => Loading Basis Set <=

    Name: JUN-CC-PVDZ
    Role: ORBITAL
    Keyword: BASIS
    atoms 1, 14                                          entry N          line   198 file /home/alia/anaconda3/envs/mddemo/share/psi4/basis/jun-cc-pvdz.gbs 
    atoms 2-4, 6, 8-10, 13, 15-17, 19, 21, 23, 25-27, 30 entry H          line    36 file /home/alia/anaconda3/envs/mddemo/share/psi4/basis/jun-cc-pvdz.gbs 
    atoms 5, 7, 11, 18, 20, 24, 28                       entry C          line   164 file /home/alia/anaconda3/envs/mddemo/share/psi4/basis/jun-cc-pvdz.gbs 
    atoms 12, 22, 29                                     entry O          line   232 file /home/alia/anaconda3/envs/mddemo/share/psi4/basis/jun-cc-pvdz.gbs 


         ---------------------------------------------------------
                                   SCF
               by Justin Turney, Rob Parrish, Andy Simmonett
                          and Daniel G. A. Smith
                              RHF Reference
                       32 Threads,  76293 MiB Core
         ---------------------------------------------------------

  ==> Geometry <==

    Molecular point group: c1
    Full point group: C1

    Geometry (in Angstrom), charge = 1, multiplicity = 1:

       Center              X                  Y                   Z               Mass       
    ------------   -----------------  -----------------  -----------------  -----------------
      Gh(N)           0.788277555134    -6.044336957867    -0.932209536942    14.003074004430
      Gh(H)           0.090277600911    -6.295337123806     0.016790344802     1.007825032230
      Gh(H)           0.029277730610    -6.369337005550    -1.806209609421     1.007825032230
      Gh(H)           1.544277597096    -6.726337118084    -0.916209742936     1.007825032230
      Gh(C)           1.176277566578    -4.651336831982    -0.995209739121    12.000000000000
      Gh(H)           0.308277536061    -4.112336797649    -0.516209647568     1.007825032230
      Gh(C)           2.448277640965    -4.508337182934    -0.080209777268    12.000000000000
      Gh(H)           3.236277509358    -5.149336976940    -0.607209727677     1.007825032230
      Gh(H)           2.257277656224    -4.949337167675     0.939790203659     1.007825032230
      Gh(H)           2.787277627614    -3.491336984569     0.053790524093     1.007825032230
      Gh(C)           1.328277516987    -4.151336831982    -2.462209508332    12.000000000000
      Gh(O)           0.844277787831    -4.725337190563    -3.391209647568    15.994914619570
      Gh(H)           1.904162812855    -3.233208818371    -2.650351807984     1.007825032230
         N            0.329277444508     2.302663164204     0.490790321914    14.003074004430
         H            0.263277459767     2.023662881916    -0.680209681901     1.007825032230
         H            0.587277818349     1.206663446491     0.913790657608     1.007825032230
         H            1.124277520802     2.920663194721     0.561790421096     1.007825032230
         C           -0.980722498271     2.930663423603     0.830790474502    12.000000000000
         H           -1.612722467754     2.091662721699     0.847790196029     1.007825032230
         C           -1.080722402904     3.654663400715     2.172790482131    12.000000000000
         H           -2.116722177837     3.530662851399     2.552790596572     1.007825032230
         O           -0.587722372386     5.009662942951     2.105790093032    15.994914619570
         H            0.364277768757     4.859663324421     1.982790424911     1.007825032230
         C           -0.120722364757     3.036663370197     3.199789955703    12.000000000000
         H            0.959277558949     3.053662614887     2.808790161697     1.007825032230
         H           -0.376722406719     1.963663415974     3.410790398208     1.007825032230
         H           -0.046722483013     3.687663393086     4.096790268508     1.007825032230
         C           -1.607722353313     3.743663148945    -0.296209380539    12.000000000000
         O           -2.757721971843     3.609663324421    -0.752209708603    15.994914619570
         H           -0.981941294048     4.525675134724    -0.751023337754     1.007825032230

  Running in c1 symmetry.

  Rotational constants: A =      0.03803  B =      0.00451  C =      0.00420 [cm^-1]
  Rotational constants: A =   1140.19027  B =    135.27321  C =    125.85746 [MHz]
  Nuclear repulsion =  327.797952203318118

  Charge       = 1
  Multiplicity = 1
  Electrons    = 56
  Nalpha       = 28
  Nbeta        = 28

  ==> Algorithm <==

  SCF Algorithm Type is DF.
  DIIS enabled.
  MOM disabled.
  Fractional occupation disabled.
  Guess Type is SAD.
  Energy threshold   = 1.00e-08
  Density threshold  = 1.00e-08
  Integral threshold = 1.00e-12

  ==> Primary Basis <==

  Basis Set: JUN-CC-PVDZ
    Blend: JUN-CC-PVDZ
    Number of shells: 150
    Number of basis functions: 306
    Number of Cartesian functions: 318
    Spherical Harmonics?: true
    Max angular momentum: 2

   => Loading Basis Set <=

    Name: (JUN-CC-PVDZ AUX)
    Role: JKFIT
    Keyword: DF_BASIS_SCF
    atoms 1, 14                                          entry N          line   202 file /home/alia/anaconda3/envs/mddemo/share/psi4/basis/jun-cc-pvdz-jkfit.gbs 
    atoms 2-4, 6, 8-10, 13, 15-17, 19, 21, 23, 25-27, 30 entry H          line    70 file /home/alia/anaconda3/envs/mddemo/share/psi4/basis/jun-cc-pvdz-jkfit.gbs 
    atoms 5, 7, 11, 18, 20, 24, 28                       entry C          line   146 file /home/alia/anaconda3/envs/mddemo/share/psi4/basis/jun-cc-pvdz-jkfit.gbs 
    atoms 12, 22, 29                                     entry O          line   258 file /home/alia/anaconda3/envs/mddemo/share/psi4/basis/jun-cc-pvdz-jkfit.gbs 

  ==> Integral Setup <==

  ==> DiskDFJK: Density-Fitted J/K Matrices <==

    J tasked:                  Yes
    K tasked:                  Yes
    wK tasked:                  No
    OpenMP threads:             32
    Integrals threads:          32
    Memory [MiB]:            57220
    Algorithm:                Core
    Integral Cache:           LOAD
    Schwarz Cutoff:          1E-12
    Fitting Condition:       1E-10

   => Auxiliary Basis Set <=

  Basis Set: (JUN-CC-PVDZ AUX)
    Blend: JUN-CC-PVDZ-JKFIT
    Number of shells: 486
    Number of basis functions: 1362
    Number of Cartesian functions: 1542
    Spherical Harmonics?: true
    Max angular momentum: 3

  Minimum eigenvalue in the overlap matrix is 5.9589232469E-05.
  Reciprocal condition number of the overlap matrix is 5.2002182337E-06.
    Using symmetric orthogonalization.

  ==> Pre-Iterations <==

  SCF Guess: Superposition of Atomic Densities via on-the-fly atomic UHF (no occupation information).

   -------------------------
    Irrep   Nso     Nmo    
   -------------------------
     A        306     306 
   -------------------------
    Total     306     306
   -------------------------

  ==> Iterations <==

                           Total Energy        Delta E     RMS |[F,P]|

   @DF-RHF iter SAD:  -360.48580970984119   -3.60486e+02   0.00000e+00 
   @DF-RHF iter   1:  -360.89547365891616   -4.09664e-01   2.17613e-03 DIIS
   @DF-RHF iter   2:  -361.08265952495395   -1.87186e-01   1.40610e-03 DIIS
   @DF-RHF iter   3:  -361.15149897451920   -6.88394e-02   3.08433e-04 DIIS
   @DF-RHF iter   4:  -361.15672299220114   -5.22402e-03   1.18810e-04 DIIS
   @DF-RHF iter   5:  -361.15749553566246   -7.72543e-04   2.70761e-05 DIIS
   @DF-RHF iter   6:  -361.15756687665544   -7.13410e-05   1.31025e-05 DIIS
   @DF-RHF iter   7:  -361.15758435400272   -1.74773e-05   5.73203e-06 DIIS
   @DF-RHF iter   8:  -361.15758868008822   -4.32609e-06   2.42171e-06 DIIS
   @DF-RHF iter   9:  -361.15758955286367   -8.72775e-07   7.32357e-07 DIIS
   @DF-RHF iter  10:  -361.15758965629982   -1.03436e-07   3.01510e-07 DIIS
   @DF-RHF iter  11:  -361.15758967872006   -2.24202e-08   1.52915e-07 DIIS
   @DF-RHF iter  12:  -361.15758968554087   -6.82081e-09   8.41092e-08 DIIS
   @DF-RHF iter  13:  -361.15758968799059   -2.44972e-09   3.60637e-08 DIIS
   @DF-RHF iter  14:  -361.15758968836235   -3.71756e-10   1.01395e-08 DIIS
   @DF-RHF iter  15:  -361.15758968838173   -1.93836e-11   3.55845e-09 DIIS
  Energy and wave function converged.


  ==> Post-Iterations <==

    Orbital Energies [Eh]
    ---------------------

    Doubly Occupied:                                                      

       1A    -20.752718     2A    -20.741729     3A    -15.948861  
       4A    -11.525890     5A    -11.503907     6A    -11.486791  
       7A    -11.414482     8A     -1.556300     9A     -1.543286  
      10A     -1.503491    11A     -1.250734    12A     -1.162882  
      13A     -1.025679    14A     -1.014279    15A     -0.964422  
      16A     -0.909421    17A     -0.897032    18A     -0.841828  
      19A     -0.823562    20A     -0.809076    21A     -0.779925  
      22A     -0.754265    23A     -0.719443    24A     -0.687088  
      25A     -0.678536    26A     -0.662971    27A     -0.631181  
      28A     -0.597558  

    Virtual:                                                              

      29A     -0.138955    30A     -0.085642    31A     -0.077831  
      32A     -0.059642    33A     -0.051321    34A     -0.040353  
      35A     -0.034123    36A     -0.028948    37A     -0.025601  
      38A     -0.015021    39A     -0.011446    40A     -0.006958  
      41A     -0.004224    42A      0.000744    43A      0.012574  
      44A      0.021045    45A      0.026044    46A      0.029989  
      47A      0.034303    48A      0.036065    49A      0.038227  
      50A      0.041249    51A      0.045030    52A      0.049346  
      53A      0.054964    54A      0.061247    55A      0.067093  
      56A      0.076364    57A      0.093703    58A      0.097579  
      59A      0.101198    60A      0.106629    61A      0.111261  
      62A      0.115253    63A      0.118765    64A      0.126692  
      65A      0.137358    66A      0.140274    67A      0.142864  
      68A      0.144218    69A      0.145173    70A      0.155887  
      71A      0.160009    72A      0.169888    73A      0.179934  
      74A      0.185513    75A      0.187857    76A      0.197095  
      77A      0.197849    78A      0.204357    79A      0.210913  
      80A      0.225669    81A      0.229413    82A      0.239669  
      83A      0.241009    84A      0.261372    85A      0.270418  
      86A      0.277979    87A      0.281405    88A      0.285415  
      89A      0.289642    90A      0.299886    91A      0.304126  
      92A      0.312531    93A      0.330413    94A      0.334897  
      95A      0.343320    96A      0.354892    97A      0.358498  
      98A      0.376951    99A      0.384662   100A      0.394713  
     101A      0.426765   102A      0.438290   103A      0.445308  
     104A      0.455072   105A      0.500599   106A      0.516402  
     107A      0.527479   108A      0.540709   109A      0.544580  
     110A      0.564136   111A      0.579806   112A      0.594548  
     113A      0.613562   114A      0.618113   115A      0.622847  
     116A      0.630818   117A      0.636748   118A      0.648124  
     119A      0.679612   120A      0.684609   121A      0.699242  
     122A      0.702921   123A      0.713317   124A      0.720101  
     125A      0.745369   126A      0.749897   127A      0.754343  
     128A      0.763548   129A      0.777879   130A      0.785341  
     131A      0.801393   132A      0.805257   133A      0.812479  
     134A      0.815769   135A      0.832901   136A      0.841144  
     137A      0.867407   138A      0.872201   139A      0.881823  
     140A      0.892614   141A      0.920748   142A      0.925866  
     143A      0.930765   144A      0.960648   145A      0.983619  
     146A      1.001336   147A      1.022658   148A      1.102049  
     149A      1.139776   150A      1.159312   151A      1.176518  
     152A      1.184547   153A      1.227300   154A      1.277924  
     155A      1.297755   156A      1.319054   157A      1.330254  
     158A      1.366829   159A      1.369738   160A      1.371804  
     161A      1.393130   162A      1.415790   163A      1.436808  
     164A      1.470876   165A      1.482953   166A      1.485152  
     167A      1.490430   168A      1.514267   169A      1.533228  
     170A      1.548371   171A      1.581230   172A      1.582407  
     173A      1.598139   174A      1.619564   175A      1.620852  
     176A      1.647164   177A      1.648195   178A      1.668154  
     179A      1.674605   180A      1.687784   181A      1.696505  
     182A      1.703320   183A      1.725913   184A      1.730144  
     185A      1.739154   186A      1.750680   187A      1.773796  
     188A      1.779896   189A      1.787670   190A      1.800997  
     191A      1.803127   192A      1.826793   193A      1.840112  
     194A      1.852289   195A      1.857687   196A      1.872006  
     197A      1.879113   198A      1.899016   199A      1.925150  
     200A      1.927732   201A      1.933343   202A      1.939857  
     203A      1.943338   204A      1.955821   205A      1.969818  
     206A      1.972848   207A      1.979229   208A      2.010527  
     209A      2.022026   210A      2.044937   211A      2.064134  
     212A      2.065294   213A      2.075525   214A      2.088078  
     215A      2.103942   216A      2.105615   217A      2.116460  
     218A      2.120012   219A      2.154501   220A      2.180308  
     221A      2.182820   222A      2.190216   223A      2.202107  
     224A      2.211929   225A      2.234352   226A      2.238643  
     227A      2.287000   228A      2.295597   229A      2.314420  
     230A      2.325197   231A      2.360690   232A      2.367594  
     233A      2.376670   234A      2.385712   235A      2.399550  
     236A      2.418550   237A      2.452916   238A      2.459551  
     239A      2.472442   240A      2.486569   241A      2.507695  
     242A      2.520076   243A      2.542421   244A      2.581718  
     245A      2.591003   246A      2.591846   247A      2.620154  
     248A      2.647894   249A      2.669776   250A      2.675748  
     251A      2.692347   252A      2.707580   253A      2.713803  
     254A      2.754765   255A      2.765724   256A      2.785493  
     257A      2.794894   258A      2.831168   259A      2.898850  
     260A      2.909334   261A      2.933446   262A      2.934983  
     263A      2.994303   264A      3.044920   265A      3.066185  
     266A      3.089971   267A      3.097800   268A      3.152712  
     269A      3.155524   270A      3.204595   271A      3.282544  
     272A      3.296215   273A      3.351658   274A      3.404254  
     275A      3.464078   276A      3.479533   277A      3.516736  
     278A      3.518440   279A      3.630768   280A      3.744427  
     281A      3.776324   282A      3.915014   283A      3.958478  
     284A      3.959306   285A      4.118167   286A      4.174472  
     287A      4.262415   288A      4.312209   289A      4.608101  
     290A      4.646623   291A      4.709467   292A      4.776547  
     293A      4.829304   294A      4.900196   295A      4.948260  
     296A      5.145491   297A      5.447746   298A      5.537285  
     299A      5.721556   300A      5.782351   301A      6.830612  
     302A     18.188012   303A     18.343029   304A     18.506881  
     305A     25.322452   306A     33.427463  

    Final Occupation by Irrep:
              A 
    DOCC [    28 ]

  @DF-RHF Final Energy:  -361.15758968838173

   => Energetics <=

    Nuclear Repulsion Energy =            327.7979522033181183
    One-Electron Energy =               -1131.5364066037122939
    Two-Electron Energy =                 442.5808647120124419
    Total Energy =                       -361.1575896883817336

Computation Completed


Properties will be evaluated at   0.000000,   0.000000,   0.000000 [a0]

Properties computed using the SCF density matrix

  Nuclear Dipole Moment: [e a0]
     X:   -92.6616      Y:   368.7438      Z:   123.6849

  Electronic Dipole Moment: [e a0]
     X:    94.0956      Y:  -364.7932      Z:  -121.9600

  Dipole Moment: [e a0]
     X:     1.4340      Y:     3.9506      Z:     1.7249     Total:     4.5430

  Dipole Moment: [D]
     X:     3.6449      Y:    10.0415      Z:     4.3843     Total:    11.5473


*** tstop() called on aliaconda at Sun Mar 20 05:44:31 2022
Module time:
	user time   =     235.00 seconds =       3.92 minutes
	system time =      26.08 seconds =       0.43 minutes
	total time  =         11 seconds =       0.18 minutes
Total time:
	user time   =   78271.89 seconds =    1304.53 minutes
	system time =   10901.99 seconds =     181.70 minutes
	total time  =       4854 seconds =      80.90 minutes
  Constructing Basis Sets for SAPT...

   => Loading Basis Set <=

    Name: (JUN-CC-PVDZ AUX)
    Role: RIFIT
    Keyword: DF_BASIS_SAPT
    atoms 1, 14                                          entry N          line   144 file /home/alia/anaconda3/envs/mddemo/share/psi4/basis/jun-cc-pvdz-ri.gbs 
    atoms 2-4, 6, 8-10, 13, 15-17, 19, 21, 23, 25-27, 30 entry H          line    30 file /home/alia/anaconda3/envs/mddemo/share/psi4/basis/jun-cc-pvdz-ri.gbs 
    atoms 5, 7, 11, 18, 20, 24, 28                       entry C          line   100 file /home/alia/anaconda3/envs/mddemo/share/psi4/basis/jun-cc-pvdz-ri.gbs 
    atoms 12, 22, 29                                     entry O          line   188 file /home/alia/anaconda3/envs/mddemo/share/psi4/basis/jun-cc-pvdz-ri.gbs 


  //>>>>>>>>>>>>>>>>>>>>>>>>>>>>>>>>>>>//
  //               SAPT0               //
  //<<<<<<<<<<<<<<<<<<<<<<<<<<<<<<<<<<<//


*** tstart() called on aliaconda
*** at Sun Mar 20 05:44:31 2022

        SAPT0  
    Ed Hohenstein
     6 June 2009

      Orbital Information
  --------------------------
    NSO        =       306
    NMO        =       306
    NRI        =      1032
    NOCC A     =        20
    NOCC B     =        28
    FOCC A     =         0
    FOCC B     =         0
    NVIR A     =       286
    NVIR B     =       278

    Elst10,r            =     0.069740824803 [Eh]
    Exch10              =    -0.000000042006 [Eh]
    Exch10 (S^2)        =    -0.000000042006 [Eh]

    Iter     Energy [mEh]          dE [mEh]         Residual      Time [s]
       1      -0.53878669       0.538786686       6.543195975             0
       2      -0.52682241      -0.011964271       2.245882562             1
       3      -0.56659241       0.039769997       0.840000421             2
       4      -0.57831599       0.011723581       0.217126665             2
       5      -0.57664146      -0.001674530       0.123266749             3
       6      -0.57574163      -0.000899830       0.036659988             3
       7      -0.57602503       0.000283394       0.013657664             4
       8      -0.57608186       0.000056834       0.006185545             4
       9      -0.57604879      -0.000033069       0.003341437             5
      10      -0.57604040      -0.000008391       0.000928276             5
      11      -0.57604673       0.000006332       0.000239435             6
      12      -0.57604640      -0.000000330       0.000055920             6
      13      -0.57604620      -0.000000204       0.000015738             7
      14      -0.57604619      -0.000000008       0.000003872             8
      15      -0.57604621       0.000000017       0.000000831             8

    CHF Iterations converged


    Iter     Energy [mEh]          dE [mEh]         Residual      Time [s]
       1      -0.31485355       0.314853555       4.051966921             1
       2      -0.32840898       0.013555422       1.738372349             1
       3      -0.35259260       0.024183625       0.578792709             2
       4      -0.35690302       0.004310422       0.157447415             2
       5      -0.35625961      -0.000643413       0.086368299             3
       6      -0.35563975      -0.000619861       0.027541889             3
       7      -0.35568333       0.000043584       0.015652397             4
       8      -0.35578370       0.000100366       0.005853303             4
       9      -0.35576501      -0.000018690       0.002834024             5
      10      -0.35575337      -0.000011641       0.001190335             6
      11      -0.35575852       0.000005152       0.000517574             6
      12      -0.35575918       0.000000659       0.000151465             7
      13      -0.35575861      -0.000000573       0.000045342             7
      14      -0.35575855      -0.000000059       0.000013751             8
      15      -0.35575858       0.000000032       0.000004535             8
      16      -0.35575859       0.000000009       0.000001255             9
      17      -0.35575859      -0.000000002       0.000000479             9

    CHF Iterations converged

    Ind20,r (A<-B)      =    -0.000576046208 [Eh]
    Ind20,r (B<-A)      =    -0.000355758586 [Eh]
    Ind20,r             =    -0.000931804793 [Eh]
    Exch-Ind20,r (A<-B) =     0.000000006954 [Eh]
    Exch-Ind20,r (B<-A) =     0.000000008975 [Eh]
    Exch-Ind20,r        =     0.000000015929 [Eh]
    Disp20              =    -0.000086498971 [Eh]
    Disp20 (SS)         =    -0.000043249486 [Eh]
    Disp20 (OS)         =    -0.000043249486 [Eh]
    Exch-Disp20         =     0.000000006498 [Eh]
    Exch-Disp20 (SS)    =     0.000000004721 [Eh]
    Exch-Disp20 (OS)    =     0.000000001777 [Eh]

    SAPT Results 
  --------------------------------------------------------------------------------------------------------
    Electrostatics                 69.74082480 [mEh]      43.76302827 [kcal/mol]     183.10451029 [kJ/mol]
      Elst10,r                     69.74082480 [mEh]      43.76302827 [kcal/mol]     183.10451029 [kJ/mol]

    Exchange                       -0.00004201 [mEh]      -0.00002636 [kcal/mol]      -0.00011029 [kJ/mol]
      Exch10                       -0.00004201 [mEh]      -0.00002636 [kcal/mol]      -0.00011029 [kJ/mol]
      Exch10(S^2)                  -0.00004201 [mEh]      -0.00002636 [kcal/mol]      -0.00011029 [kJ/mol]

    Induction                      -0.91548494 [mEh]      -0.57447547 [kcal/mol]      -2.40360538 [kJ/mol]
      Ind20,r                      -0.93180479 [mEh]      -0.58471634 [kcal/mol]      -2.44645315 [kJ/mol]
      Exch-Ind20,r                  0.00001593 [mEh]       0.00001000 [kcal/mol]       0.00004182 [kJ/mol]
      delta HF,r (2)                0.01630392 [mEh]       0.01023087 [kcal/mol]       0.04280595 [kJ/mol]

    Dispersion                     -0.08649247 [mEh]      -0.05427485 [kcal/mol]      -0.22708596 [kJ/mol]
      Disp20                       -0.08649897 [mEh]      -0.05427892 [kcal/mol]      -0.22710302 [kJ/mol]
      Exch-Disp20                   0.00000650 [mEh]       0.00000408 [kcal/mol]       0.00001706 [kJ/mol]
      Disp20 (SS)                  -0.04324949 [mEh]      -0.02713946 [kcal/mol]      -0.11355151 [kJ/mol]
      Disp20 (OS)                  -0.04324949 [mEh]      -0.02713946 [kcal/mol]      -0.11355151 [kJ/mol]
      Exch-Disp20 (SS)              0.00000472 [mEh]       0.00000296 [kcal/mol]       0.00001240 [kJ/mol]
      Exch-Disp20 (OS)              0.00000178 [mEh]       0.00000111 [kcal/mol]       0.00000466 [kJ/mol]

  Total HF                         68.82529786 [mEh]      43.18852644 [kcal/mol]     180.70079463 [kJ/mol]
  Total SAPT0                      68.73880538 [mEh]      43.13425159 [kcal/mol]     180.47370867 [kJ/mol]

  Special recipe for scaled SAPT0 (see Manual):
    Electrostatics sSAPT0          69.74082480 [mEh]      43.76302827 [kcal/mol]     183.10451029 [kJ/mol]
    Exchange sSAPT0                -0.00004201 [mEh]      -0.00002636 [kcal/mol]      -0.00011029 [kJ/mol]
    Induction sSAPT0               -0.91548494 [mEh]      -0.57447547 [kcal/mol]      -2.40360538 [kJ/mol]
    Dispersion sSAPT0              -0.08649247 [mEh]      -0.05427485 [kcal/mol]      -0.22708596 [kJ/mol]
  Total sSAPT0                     68.73880538 [mEh]      43.13425159 [kcal/mol]     180.47370867 [kJ/mol]
  --------------------------------------------------------------------------------------------------------

*** tstop() called on aliaconda at Sun Mar 20 05:45:18 2022
Module time:
	user time   =     655.98 seconds =      10.93 minutes
	system time =     112.04 seconds =       1.87 minutes
	total time  =         47 seconds =       0.78 minutes
Total time:
	user time   =   78930.44 seconds =    1315.51 minutes
	system time =   11014.51 seconds =     183.58 minutes
	total time  =       4901 seconds =      81.68 minutes


Warning! sapt0 does not have an associated derived wavefunction.The returned wavefunction is the dimer SCF wavefunction.


  Memory set to  74.506 GiB by Python driver.
  Threads set to 32 by Python driver.
