
Scratch directory: /tmp/

Scratch directory: /tmp/

  //>>>>>>>>>>>>>>>>>>>>>>>>>>>>>>>>>>>//
  //              Dimer HF             //
  //<<<<<<<<<<<<<<<<<<<<<<<<<<<<<<<<<<<//


*** tstart() called on aliaconda
*** at Sun Mar 20 06:07:14 2022

   => Loading Basis Set <=

    Name: JUN-CC-PVDZ
    Role: ORBITAL
    Keyword: BASIS
    atoms 1, 14                                          entry N          line   198 file /home/alia/anaconda3/envs/mddemo/share/psi4/basis/jun-cc-pvdz.gbs 
    atoms 2-4, 6, 8-10, 13, 15-17, 19, 21, 23, 25-27, 30 entry H          line    36 file /home/alia/anaconda3/envs/mddemo/share/psi4/basis/jun-cc-pvdz.gbs 
    atoms 5, 7, 11, 18, 20, 24, 28                       entry C          line   164 file /home/alia/anaconda3/envs/mddemo/share/psi4/basis/jun-cc-pvdz.gbs 
    atoms 12, 22, 29                                     entry O          line   232 file /home/alia/anaconda3/envs/mddemo/share/psi4/basis/jun-cc-pvdz.gbs 


         ---------------------------------------------------------
                                   SCF
               by Justin Turney, Rob Parrish, Andy Simmonett
                          and Daniel G. A. Smith
                              RHF Reference
                       32 Threads,  76293 MiB Core
         ---------------------------------------------------------

  ==> Geometry <==

    Molecular point group: c1
    Full point group: C1

    Geometry (in Angstrom), charge = 2, multiplicity = 1:

       Center              X                  Y                   Z               Mass       
    ------------   -----------------  -----------------  -----------------  -----------------
         N            0.130801417807    -5.729459621064    -0.756795946505    14.003074004430
         H           -0.809198639414    -6.140459395997    -1.384796205904     1.007825032230
         H           -0.426198265573    -5.599459506623     0.302204068754     1.007825032230
         H            0.819801547507    -6.449459411256    -0.678796354677     1.007825032230
         C            0.649801471213    -4.408459521882    -1.222796026613    12.000000000000
         H           -0.118198654672    -3.603459216706    -1.122796121981     1.007825032230
         C            1.955801465491    -4.155459262483    -0.447795931246    12.000000000000
         H            2.651801564673    -5.019459582917    -0.625795904543     1.007825032230
         H            1.722801663855    -4.217459537141     0.628203805540     1.007825032230
         H            2.395801522711    -3.188459254853    -0.755796018984     1.007825032230
         C            0.821801402548    -4.413459636323    -2.742796245958    12.000000000000
         O            0.326801516989    -5.403459407441    -3.299796167757    15.994914619570
         H            1.337730386236    -3.611535407655    -3.291189018633     1.007825032230
         N            0.274801471213     2.495540760405     0.060203965757    14.003074004430
         H            0.688801505545     1.395540378936     0.307203706358     1.007825032230
         H           -0.108198425791     2.293540142425    -1.063796106722     1.007825032230
         H            1.120801665762     3.161540172942    -0.080796305086     1.007825032230
         C           -0.834198257944     3.033540867217     0.813203748320    12.000000000000
         H           -1.640198490640     2.330540798552     0.735203679655     1.007825032230
         C           -0.426198265573     3.350540302642     2.294203694914    12.000000000000
         H           -1.447198650858     3.593540333159     2.742203649137     1.007825032230
         O            0.397801616171     4.522540233977     2.364203389738    15.994914619570
         H            1.244801499823     4.130540989287     2.007203992460     1.007825032230
         C            0.289801337698     2.224540851958     3.105203565214    12.000000000000
         H            1.314801671484     2.024540089019     2.963204320524     1.007825032230
         H           -0.293198368570     1.329540394195     2.970204290007     1.007825032230
         H            0.261801459769     2.612540386565     4.122203763578     1.007825032230
         C           -1.289198658487     4.342540882476     0.002203878019    12.000000000000
         O           -2.467198631784     4.349540851958    -0.278796259310    15.994914619570
         H           -0.598426601907     5.153689525969    -0.271423880007     1.007825032230

  Running in c1 symmetry.

  Rotational constants: A =      0.03864  B =      0.00462  C =      0.00432 [cm^-1]
  Rotational constants: A =   1158.34197  B =    138.63145  C =    129.62366 [MHz]
  Nuclear repulsion =  652.303641839757120

  Charge       = 2
  Multiplicity = 1
  Electrons    = 96
  Nalpha       = 48
  Nbeta        = 48

  ==> Algorithm <==

  SCF Algorithm Type is DF.
  DIIS enabled.
  MOM disabled.
  Fractional occupation disabled.
  Guess Type is SAD.
  Energy threshold   = 1.00e-08
  Density threshold  = 1.00e-08
  Integral threshold = 1.00e-12

  ==> Primary Basis <==

  Basis Set: JUN-CC-PVDZ
    Blend: JUN-CC-PVDZ
    Number of shells: 150
    Number of basis functions: 306
    Number of Cartesian functions: 318
    Spherical Harmonics?: true
    Max angular momentum: 2

   => Loading Basis Set <=

    Name: (JUN-CC-PVDZ AUX)
    Role: JKFIT
    Keyword: DF_BASIS_SCF
    atoms 1, 14                                          entry N          line   202 file /home/alia/anaconda3/envs/mddemo/share/psi4/basis/jun-cc-pvdz-jkfit.gbs 
    atoms 2-4, 6, 8-10, 13, 15-17, 19, 21, 23, 25-27, 30 entry H          line    70 file /home/alia/anaconda3/envs/mddemo/share/psi4/basis/jun-cc-pvdz-jkfit.gbs 
    atoms 5, 7, 11, 18, 20, 24, 28                       entry C          line   146 file /home/alia/anaconda3/envs/mddemo/share/psi4/basis/jun-cc-pvdz-jkfit.gbs 
    atoms 12, 22, 29                                     entry O          line   258 file /home/alia/anaconda3/envs/mddemo/share/psi4/basis/jun-cc-pvdz-jkfit.gbs 

  ==> Integral Setup <==

  ==> DiskDFJK: Density-Fitted J/K Matrices <==

    J tasked:                  Yes
    K tasked:                  Yes
    wK tasked:                  No
    OpenMP threads:             32
    Integrals threads:          32
    Memory [MiB]:            57220
    Algorithm:                Core
    Integral Cache:           SAVE
    Schwarz Cutoff:          1E-12
    Fitting Condition:       1E-10

   => Auxiliary Basis Set <=

  Basis Set: (JUN-CC-PVDZ AUX)
    Blend: JUN-CC-PVDZ-JKFIT
    Number of shells: 486
    Number of basis functions: 1362
    Number of Cartesian functions: 1542
    Spherical Harmonics?: true
    Max angular momentum: 3

  Minimum eigenvalue in the overlap matrix is 8.0304988939E-05.
  Reciprocal condition number of the overlap matrix is 7.1087811969E-06.
    Using symmetric orthogonalization.

  ==> Pre-Iterations <==

  SCF Guess: Superposition of Atomic Densities via on-the-fly atomic UHF (no occupation information).

   -------------------------
    Irrep   Nso     Nmo    
   -------------------------
     A        306     306 
   -------------------------
    Total     306     306
   -------------------------

  ==> Iterations <==

                           Total Energy        Delta E     RMS |[F,P]|

   @DF-RHF iter SAD:  -607.03081429505812   -6.07031e+02   0.00000e+00 
   @DF-RHF iter   1:  -607.95779297737863   -9.26979e-01   2.82146e-03 DIIS
   @DF-RHF iter   2:  -608.27611695978362   -3.18324e-01   1.80082e-03 DIIS
   @DF-RHF iter   3:  -608.38932129529144   -1.13204e-01   3.86294e-04 DIIS
   @DF-RHF iter   4:  -608.39807334810700   -8.75205e-03   1.40426e-04 DIIS
   @DF-RHF iter   5:  -608.39927077878644   -1.19743e-03   3.50028e-05 DIIS
   @DF-RHF iter   6:  -608.39939953908117   -1.28760e-04   1.73589e-05 DIIS
   @DF-RHF iter   7:  -608.39942975472422   -3.02156e-05   7.29740e-06 DIIS
   @DF-RHF iter   8:  -608.39943679009173   -7.03537e-06   2.88189e-06 DIIS
   @DF-RHF iter   9:  -608.39943798652109   -1.19643e-06   9.47327e-07 DIIS
   @DF-RHF iter  10:  -608.39943814927869   -1.62758e-07   4.25416e-07 DIIS
   @DF-RHF iter  11:  -608.39943819336190   -4.40832e-08   2.18736e-07 DIIS
   @DF-RHF iter  12:  -608.39943820686619   -1.35043e-08   1.15013e-07 DIIS
   @DF-RHF iter  13:  -608.39943821097756   -4.11137e-09   4.95000e-08 DIIS
   @DF-RHF iter  14:  -608.39943821153702   -5.59453e-10   1.76616e-08 DIIS
   @DF-RHF iter  15:  -608.39943821157840   -4.13820e-11   6.21632e-09 DIIS
  Energy and wave function converged.


  ==> Post-Iterations <==

    Orbital Energies [Eh]
    ---------------------

    Doubly Occupied:                                                      

       1A    -20.820368     2A    -20.807418     3A    -20.805528  
       4A    -16.012641     5A    -15.989018     6A    -11.601539  
       7A    -11.583258     8A    -11.582995     9A    -11.559547  
      10A    -11.544095    11A    -11.510255    12A    -11.454268  
      13A     -1.640904    14A     -1.635160    15A     -1.601010  
      16A     -1.561853    17A     -1.548647    18A     -1.312512  
      19A     -1.280142    20A     -1.212283    21A     -1.172707  
      22A     -1.082498    23A     -1.073915    24A     -1.068265  
      25A     -1.015442    26A     -1.009601    27A     -0.977190  
      28A     -0.974914    29A     -0.949171    30A     -0.940023  
      31A     -0.891011    32A     -0.890169    33A     -0.875267  
      34A     -0.867126    35A     -0.864660    36A     -0.838030  
      37A     -0.827026    38A     -0.820606    39A     -0.808392  
      40A     -0.789435    41A     -0.785705    42A     -0.751943  
      43A     -0.747687    44A     -0.744681    45A     -0.715500  
      46A     -0.688790    47A     -0.679569    48A     -0.646506  

    Virtual:                                                              

      49A     -0.213245    50A     -0.183232    51A     -0.161622  
      52A     -0.153106    53A     -0.136864    54A     -0.131470  
      55A     -0.127407    56A     -0.121939    57A     -0.116149  
      58A     -0.106379    59A     -0.104571    60A     -0.098765  
      61A     -0.090127    62A     -0.084726    63A     -0.081639  
      64A     -0.076300    65A     -0.073402    66A     -0.072551  
      67A     -0.066761    68A     -0.063049    69A     -0.050889  
      70A     -0.044025    71A     -0.042177    72A     -0.041274  
      73A     -0.034772    74A     -0.031499    75A     -0.028681  
      76A     -0.023879    77A     -0.021763    78A     -0.015983  
      79A     -0.011047    80A     -0.003529    81A      0.004463  
      82A      0.011465    83A      0.018823    84A      0.027121  
      85A      0.029264    86A      0.036793    87A      0.041580  
      88A      0.052907    89A      0.055340    90A      0.056341  
      91A      0.064628    92A      0.077210    93A      0.079283  
      94A      0.084725    95A      0.086620    96A      0.095381  
      97A      0.097487    98A      0.105372    99A      0.110728  
     100A      0.115796   101A      0.121836   102A      0.126032  
     103A      0.132514   104A      0.138351   105A      0.143821  
     106A      0.154300   107A      0.156967   108A      0.161881  
     109A      0.165012   110A      0.166686   111A      0.182265  
     112A      0.196013   113A      0.201870   114A      0.206679  
     115A      0.217109   116A      0.227038   117A      0.238885  
     118A      0.245152   119A      0.247230   120A      0.256304  
     121A      0.263776   122A      0.292111   123A      0.300165  
     124A      0.321741   125A      0.357925   126A      0.381894  
     127A      0.445139   128A      0.466284   129A      0.474305  
     130A      0.505252   131A      0.517275   132A      0.525401  
     133A      0.537314   134A      0.544009   135A      0.548711  
     136A      0.566056   137A      0.570386   138A      0.575926  
     139A      0.579853   140A      0.588996   141A      0.612138  
     142A      0.618517   143A      0.632118   144A      0.640819  
     145A      0.644208   146A      0.650311   147A      0.658189  
     148A      0.664954   149A      0.675007   150A      0.684890  
     151A      0.700207   152A      0.703071   153A      0.711782  
     154A      0.713665   155A      0.715235   156A      0.726549  
     157A      0.729559   158A      0.744861   159A      0.753131  
     160A      0.761542   161A      0.763542   162A      0.798963  
     163A      0.801903   164A      0.806614   165A      0.821977  
     166A      0.840667   167A      0.847331   168A      0.860607  
     169A      0.861910   170A      0.871426   171A      0.876853  
     172A      0.914709   173A      0.927848   174A      0.933569  
     175A      0.973306   176A      1.004476   177A      1.010802  
     178A      1.054290   179A      1.087275   180A      1.113533  
     181A      1.125268   182A      1.136139   183A      1.146131  
     184A      1.157615   185A      1.190255   186A      1.209348  
     187A      1.216211   188A      1.242658   189A      1.250521  
     190A      1.260548   191A      1.272261   192A      1.275834  
     193A      1.284895   194A      1.301854   195A      1.322131  
     196A      1.325318   197A      1.327963   198A      1.332640  
     199A      1.351835   200A      1.355752   201A      1.383112  
     202A      1.396305   203A      1.417173   204A      1.440805  
     205A      1.459380   206A      1.463712   207A      1.496786  
     208A      1.517664   209A      1.518482   210A      1.540341  
     211A      1.558500   212A      1.561721   213A      1.593848  
     214A      1.603909   215A      1.604979   216A      1.619002  
     217A      1.627226   218A      1.640508   219A      1.652833  
     220A      1.654109   221A      1.659694   222A      1.672112  
     223A      1.676950   224A      1.690766   225A      1.701492  
     226A      1.704200   227A      1.710360   228A      1.723976  
     229A      1.732991   230A      1.758741   231A      1.760842  
     232A      1.772563   233A      1.782758   234A      1.787591  
     235A      1.789672   236A      1.802115   237A      1.814205  
     238A      1.826081   239A      1.844655   240A      1.857905  
     241A      1.880790   242A      1.905830   243A      1.920447  
     244A      1.950756   245A      1.953802   246A      1.961105  
     247A      1.975608   248A      1.995643   249A      1.999431  
     250A      2.031552   251A      2.046680   252A      2.052262  
     253A      2.075818   254A      2.093746   255A      2.104077  
     256A      2.129905   257A      2.137417   258A      2.161481  
     259A      2.196657   260A      2.202108   261A      2.243072  
     262A      2.246839   263A      2.267019   264A      2.281455  
     265A      2.298036   266A      2.323621   267A      2.346271  
     268A      2.381880   269A      2.399960   270A      2.402706  
     271A      2.440736   272A      2.442815   273A      2.444860  
     274A      2.488932   275A      2.514466   276A      2.538610  
     277A      2.572299   278A      2.577078   279A      2.588299  
     280A      2.606999   281A      2.624259   282A      2.630831  
     283A      2.665370   284A      2.697466   285A      2.739090  
     286A      2.760289   287A      2.762623   288A      2.812562  
     289A      2.834523   290A      2.884711   291A      2.888928  
     292A      2.914872   293A      2.940621   294A      2.981578  
     295A      3.072391   296A      3.073410   297A      3.182705  
     298A      3.183023   299A      3.237859   300A      3.264687  
     301A      3.423349   302A      3.480381   303A      3.506406  
     304A      3.683209   305A      3.756874   306A      3.867659  

    Final Occupation by Irrep:
              A 
    DOCC [    48 ]

  @DF-RHF Final Energy:  -608.39943821157840

   => Energetics <=

    Nuclear Repulsion Energy =            652.3036418397571197
    One-Electron Energy =               -2098.2876165489005871
    Two-Electron Energy =                 837.5845364975650682
    Total Energy =                       -608.3994382115783992

Computation Completed


Properties will be evaluated at   0.000000,   0.000000,   0.000000 [a0]

Properties computed using the SCF density matrix

  Nuclear Dipole Moment: [e a0]
     X:     7.6009      Y:    -9.1651      Z:     7.0297

  Electronic Dipole Moment: [e a0]
     X:    -5.4347      Y:     3.9369      Z:    -7.3264

  Dipole Moment: [e a0]
     X:     2.1662      Y:    -5.2281      Z:    -0.2968     Total:     5.6669

  Dipole Moment: [D]
     X:     5.5060      Y:   -13.2886      Z:    -0.7543     Total:    14.4039


*** tstop() called on aliaconda at Sun Mar 20 06:07:29 2022
Module time:
	user time   =     324.28 seconds =       5.40 minutes
	system time =      38.36 seconds =       0.64 minutes
	total time  =         15 seconds =       0.25 minutes
Total time:
	user time   =  101486.13 seconds =    1691.44 minutes
	system time =   14172.03 seconds =     236.20 minutes
	total time  =       6232 seconds =     103.87 minutes

  //>>>>>>>>>>>>>>>>>>>>>>>>>>>>>>>>>>>//
  //            Monomer A HF           //
  //<<<<<<<<<<<<<<<<<<<<<<<<<<<<<<<<<<<//


*** tstart() called on aliaconda
*** at Sun Mar 20 06:07:29 2022

   => Loading Basis Set <=

    Name: JUN-CC-PVDZ
    Role: ORBITAL
    Keyword: BASIS
    atoms 1, 14                                          entry N          line   198 file /home/alia/anaconda3/envs/mddemo/share/psi4/basis/jun-cc-pvdz.gbs 
    atoms 2-4, 6, 8-10, 13, 15-17, 19, 21, 23, 25-27, 30 entry H          line    36 file /home/alia/anaconda3/envs/mddemo/share/psi4/basis/jun-cc-pvdz.gbs 
    atoms 5, 7, 11, 18, 20, 24, 28                       entry C          line   164 file /home/alia/anaconda3/envs/mddemo/share/psi4/basis/jun-cc-pvdz.gbs 
    atoms 12, 22, 29                                     entry O          line   232 file /home/alia/anaconda3/envs/mddemo/share/psi4/basis/jun-cc-pvdz.gbs 


         ---------------------------------------------------------
                                   SCF
               by Justin Turney, Rob Parrish, Andy Simmonett
                          and Daniel G. A. Smith
                              RHF Reference
                       32 Threads,  76293 MiB Core
         ---------------------------------------------------------

  ==> Geometry <==

    Molecular point group: c1
    Full point group: C1

    Geometry (in Angstrom), charge = 1, multiplicity = 1:

       Center              X                  Y                   Z               Mass       
    ------------   -----------------  -----------------  -----------------  -----------------
         N            0.130801417807    -5.729459621064    -0.756795946505    14.003074004430
         H           -0.809198639414    -6.140459395997    -1.384796205904     1.007825032230
         H           -0.426198265573    -5.599459506623     0.302204068754     1.007825032230
         H            0.819801547507    -6.449459411256    -0.678796354677     1.007825032230
         C            0.649801471213    -4.408459521882    -1.222796026613    12.000000000000
         H           -0.118198654672    -3.603459216706    -1.122796121981     1.007825032230
         C            1.955801465491    -4.155459262483    -0.447795931246    12.000000000000
         H            2.651801564673    -5.019459582917    -0.625795904543     1.007825032230
         H            1.722801663855    -4.217459537141     0.628203805540     1.007825032230
         H            2.395801522711    -3.188459254853    -0.755796018984     1.007825032230
         C            0.821801402548    -4.413459636323    -2.742796245958    12.000000000000
         O            0.326801516989    -5.403459407441    -3.299796167757    15.994914619570
         H            1.337730386236    -3.611535407655    -3.291189018633     1.007825032230
      Gh(N)           0.274801471213     2.495540760405     0.060203965757    14.003074004430
      Gh(H)           0.688801505545     1.395540378936     0.307203706358     1.007825032230
      Gh(H)          -0.108198425791     2.293540142425    -1.063796106722     1.007825032230
      Gh(H)           1.120801665762     3.161540172942    -0.080796305086     1.007825032230
      Gh(C)          -0.834198257944     3.033540867217     0.813203748320    12.000000000000
      Gh(H)          -1.640198490640     2.330540798552     0.735203679655     1.007825032230
      Gh(C)          -0.426198265573     3.350540302642     2.294203694914    12.000000000000
      Gh(H)          -1.447198650858     3.593540333159     2.742203649137     1.007825032230
      Gh(O)           0.397801616171     4.522540233977     2.364203389738    15.994914619570
      Gh(H)           1.244801499823     4.130540989287     2.007203992460     1.007825032230
      Gh(C)           0.289801337698     2.224540851958     3.105203565214    12.000000000000
      Gh(H)           1.314801671484     2.024540089019     2.963204320524     1.007825032230
      Gh(H)          -0.293198368570     1.329540394195     2.970204290007     1.007825032230
      Gh(H)           0.261801459769     2.612540386565     4.122203763578     1.007825032230
      Gh(C)          -1.289198658487     4.342540882476     0.002203878019    12.000000000000
      Gh(O)          -2.467198631784     4.349540851958    -0.278796259310    15.994914619570
      Gh(H)          -0.598426601907     5.153689525969    -0.271423880007     1.007825032230

  Running in c1 symmetry.

  Rotational constants: A =      0.03864  B =      0.00462  C =      0.00432 [cm^-1]
  Rotational constants: A =   1158.34197  B =    138.63145  C =    129.62366 [MHz]
  Nuclear repulsion =  186.597191415547911

  Charge       = 1
  Multiplicity = 1
  Electrons    = 40
  Nalpha       = 20
  Nbeta        = 20

  ==> Algorithm <==

  SCF Algorithm Type is DF.
  DIIS enabled.
  MOM disabled.
  Fractional occupation disabled.
  Guess Type is SAD.
  Energy threshold   = 1.00e-08
  Density threshold  = 1.00e-08
  Integral threshold = 1.00e-12

  ==> Primary Basis <==

  Basis Set: JUN-CC-PVDZ
    Blend: JUN-CC-PVDZ
    Number of shells: 150
    Number of basis functions: 306
    Number of Cartesian functions: 318
    Spherical Harmonics?: true
    Max angular momentum: 2

   => Loading Basis Set <=

    Name: (JUN-CC-PVDZ AUX)
    Role: JKFIT
    Keyword: DF_BASIS_SCF
    atoms 1, 14                                          entry N          line   202 file /home/alia/anaconda3/envs/mddemo/share/psi4/basis/jun-cc-pvdz-jkfit.gbs 
    atoms 2-4, 6, 8-10, 13, 15-17, 19, 21, 23, 25-27, 30 entry H          line    70 file /home/alia/anaconda3/envs/mddemo/share/psi4/basis/jun-cc-pvdz-jkfit.gbs 
    atoms 5, 7, 11, 18, 20, 24, 28                       entry C          line   146 file /home/alia/anaconda3/envs/mddemo/share/psi4/basis/jun-cc-pvdz-jkfit.gbs 
    atoms 12, 22, 29                                     entry O          line   258 file /home/alia/anaconda3/envs/mddemo/share/psi4/basis/jun-cc-pvdz-jkfit.gbs 

  ==> Integral Setup <==

  ==> DiskDFJK: Density-Fitted J/K Matrices <==

    J tasked:                  Yes
    K tasked:                  Yes
    wK tasked:                  No
    OpenMP threads:             32
    Integrals threads:          32
    Memory [MiB]:            57220
    Algorithm:                Core
    Integral Cache:           LOAD
    Schwarz Cutoff:          1E-12
    Fitting Condition:       1E-10

   => Auxiliary Basis Set <=

  Basis Set: (JUN-CC-PVDZ AUX)
    Blend: JUN-CC-PVDZ-JKFIT
    Number of shells: 486
    Number of basis functions: 1362
    Number of Cartesian functions: 1542
    Spherical Harmonics?: true
    Max angular momentum: 3

  Minimum eigenvalue in the overlap matrix is 8.0304988939E-05.
  Reciprocal condition number of the overlap matrix is 7.1087811969E-06.
    Using symmetric orthogonalization.

  ==> Pre-Iterations <==

  SCF Guess: Superposition of Atomic Densities via on-the-fly atomic UHF (no occupation information).

   -------------------------
    Irrep   Nso     Nmo    
   -------------------------
     A        306     306 
   -------------------------
    Total     306     306
   -------------------------

  ==> Iterations <==

                           Total Energy        Delta E     RMS |[F,P]|

   @DF-RHF iter SAD:  -246.64808500746022   -2.46648e+02   0.00000e+00 
   @DF-RHF iter   1:  -247.12974202421736   -4.81657e-01   1.75515e-03 DIIS
   @DF-RHF iter   2:  -247.25560214596049   -1.25860e-01   1.11312e-03 DIIS
   @DF-RHF iter   3:  -247.29943077687508   -4.38286e-02   2.48537e-04 DIIS
   @DF-RHF iter   4:  -247.30313528162870   -3.70450e-03   8.40803e-05 DIIS
   @DF-RHF iter   5:  -247.30359130238244   -4.56021e-04   1.97169e-05 DIIS
   @DF-RHF iter   6:  -247.30364070192294   -4.93995e-05   8.54404e-06 DIIS
   @DF-RHF iter   7:  -247.30364899784402   -8.29592e-06   4.08749e-06 DIIS
   @DF-RHF iter   8:  -247.30365109334903   -2.09551e-06   1.43383e-06 DIIS
   @DF-RHF iter   9:  -247.30365136115316   -2.67804e-07   3.79929e-07 DIIS
   @DF-RHF iter  10:  -247.30365137925187   -1.80987e-08   1.40723e-07 DIIS
   @DF-RHF iter  11:  -247.30365138312536   -3.87348e-09   5.71327e-08 DIIS
   @DF-RHF iter  12:  -247.30365138401766   -8.92300e-10   3.03332e-08 DIIS
   @DF-RHF iter  13:  -247.30365138434300   -3.25343e-10   1.14705e-08 DIIS
   @DF-RHF iter  14:  -247.30365138438160   -3.85967e-11   3.41288e-09 DIIS
  Energy and wave function converged.


  ==> Post-Iterations <==

    Orbital Energies [Eh]
    ---------------------

    Doubly Occupied:                                                      

       1A    -20.750987     2A    -15.921935     3A    -11.532306  
       4A    -11.509434     5A    -11.434581     6A     -1.572500  
       7A     -1.480553     8A     -1.239452     9A     -1.099138  
      10A     -1.003930    11A     -0.946916    12A     -0.905973  
      13A     -0.868342    14A     -0.821756    15A     -0.795625  
      16A     -0.752417    17A     -0.734618    18A     -0.715684  
      19A     -0.675858    20A     -0.609695  

    Virtual:                                                              

      21A     -0.115038    22A     -0.071799    23A     -0.068098  
      24A     -0.056798    25A     -0.050619    26A     -0.036274  
      27A     -0.027699    28A     -0.023741    29A     -0.013557  
      30A     -0.010487    31A     -0.004428    32A      0.001278  
      33A      0.005199    34A      0.013645    35A      0.020764  
      36A      0.025519    37A      0.028380    38A      0.034594  
      39A      0.038990    40A      0.045293    41A      0.049173  
      42A      0.052380    43A      0.055891    44A      0.069418  
      45A      0.074744    46A      0.078089    47A      0.082778  
      48A      0.085069    49A      0.092722    50A      0.093187  
      51A      0.105982    52A      0.111424    53A      0.117560  
      54A      0.120416    55A      0.131754    56A      0.136743  
      57A      0.145738    58A      0.150587    59A      0.152945  
      60A      0.158642    61A      0.164978    62A      0.165703  
      63A      0.168790    64A      0.172759    65A      0.185120  
      66A      0.188611    67A      0.197182    68A      0.202538  
      69A      0.211587    70A      0.223788    71A      0.224635  
      72A      0.233572    73A      0.237713    74A      0.243897  
      75A      0.248741    76A      0.272025    77A      0.277048  
      78A      0.293147    79A      0.294324    80A      0.300669  
      81A      0.320780    82A      0.322001    83A      0.324604  
      84A      0.341795    85A      0.349830    86A      0.355954  
      87A      0.379622    88A      0.390539    89A      0.396242  
      90A      0.422421    91A      0.429253    92A      0.451137  
      93A      0.476217    94A      0.490063    95A      0.503436  
      96A      0.518256    97A      0.528292    98A      0.545328  
      99A      0.549612   100A      0.552340   101A      0.563459  
     102A      0.578627   103A      0.588530   104A      0.598043  
     105A      0.608529   106A      0.616224   107A      0.635347  
     108A      0.645934   109A      0.646381   110A      0.654446  
     111A      0.683521   112A      0.688713   113A      0.696318  
     114A      0.705217   115A      0.721193   116A      0.727674  
     117A      0.736174   118A      0.739483   119A      0.746118  
     120A      0.771409   121A      0.773769   122A      0.780118  
     123A      0.791153   124A      0.796903   125A      0.817897  
     126A      0.825108   127A      0.869850   128A      0.888154  
     129A      0.896447   130A      0.907121   131A      0.915439  
     132A      0.918295   133A      0.933403   134A      0.942071  
     135A      0.959376   136A      0.973878   137A      0.989851  
     138A      1.003599   139A      1.035402   140A      1.075813  
     141A      1.117265   142A      1.125654   143A      1.182182  
     144A      1.185392   145A      1.217636   146A      1.281437  
     147A      1.310806   148A      1.327629   149A      1.343660  
     150A      1.394943   151A      1.401143   152A      1.455191  
     153A      1.472132   154A      1.506498   155A      1.531844  
     156A      1.541187   157A      1.565772   158A      1.586663  
     159A      1.593224   160A      1.594636   161A      1.633692  
     162A      1.649428   163A      1.665783   164A      1.667535  
     165A      1.681089   166A      1.685154   167A      1.699369  
     168A      1.707784   169A      1.711482   170A      1.720862  
     171A      1.726137   172A      1.727034   173A      1.732545  
     174A      1.749172   175A      1.762878   176A      1.775296  
     177A      1.777604   178A      1.795292   179A      1.811568  
     180A      1.830818   181A      1.832840   182A      1.845098  
     183A      1.852997   184A      1.861708   185A      1.885277  
     186A      1.896037   187A      1.897117   188A      1.914046  
     189A      1.924605   190A      1.946026   191A      1.971277  
     192A      1.975222   193A      1.994253   194A      2.009743  
     195A      2.023555   196A      2.025080   197A      2.032120  
     198A      2.048984   199A      2.060790   200A      2.068481  
     201A      2.069575   202A      2.102117   203A      2.105043  
     204A      2.126016   205A      2.127694   206A      2.150350  
     207A      2.166434   208A      2.175673   209A      2.192048  
     210A      2.211803   211A      2.232563   212A      2.249479  
     213A      2.262401   214A      2.284313   215A      2.312004  
     216A      2.318285   217A      2.336447   218A      2.338374  
     219A      2.348078   220A      2.393475   221A      2.410707  
     222A      2.417945   223A      2.418845   224A      2.446692  
     225A      2.463932   226A      2.470355   227A      2.492350  
     228A      2.510660   229A      2.515105   230A      2.515815  
     231A      2.551453   232A      2.569981   233A      2.587695  
     234A      2.604557   235A      2.613122   236A      2.623769  
     237A      2.647513   238A      2.660272   239A      2.660675  
     240A      2.701911   241A      2.734616   242A      2.741415  
     243A      2.792878   244A      2.808894   245A      2.832240  
     246A      2.838224   247A      2.858505   248A      2.881020  
     249A      2.902486   250A      2.923125   251A      2.942661  
     252A      2.957559   253A      2.982741   254A      2.989135  
     255A      3.038880   256A      3.121542   257A      3.139576  
     258A      3.187439   259A      3.250906   260A      3.280971  
     261A      3.309847   262A      3.361336   263A      3.417965  
     264A      3.453208   265A      3.519215   266A      3.548866  
     267A      3.567773   268A      3.578951   269A      3.713000  
     270A      3.750993   271A      3.914837   272A      3.947474  
     273A      4.042391   274A      4.186028   275A      4.203282  
     276A      4.319743   277A      4.365363   278A      4.441057  
     279A      4.515386   280A      4.591887   281A      4.629416  
     282A      4.683165   283A      4.691180   284A      4.815535  
     285A      4.840473   286A      4.965430   287A      4.987858  
     288A      5.066233   289A      5.097093   290A      5.218618  
     291A      5.280967   292A      5.420550   293A      5.488366  
     294A      5.568696   295A      5.658124   296A      5.759484  
     297A      5.986416   298A      6.560675   299A      6.742507  
     300A     18.175998   301A     18.309638   302A     18.418273  
     303A     18.528822   304A     25.300324   305A     33.438346  
     306A     33.453857  

    Final Occupation by Irrep:
              A 
    DOCC [    20 ]

  @DF-RHF Final Energy:  -247.30365138438160

   => Energetics <=

    Nuclear Repulsion Energy =            186.5971914155479112
    One-Electron Energy =                -697.0582805894773628
    Two-Electron Energy =                 263.1574377895478847
    Total Energy =                       -247.3036513843815669

Computation Completed


Properties will be evaluated at   0.000000,   0.000000,   0.000000 [a0]

Properties computed using the SCF density matrix

  Nuclear Dipole Moment: [e a0]
     X:    59.8453      Y:  -376.1082      Z:  -123.0307

  Electronic Dipole Moment: [e a0]
     X:   -58.9635      Y:   366.7828      Z:   122.0739

  Dipole Moment: [e a0]
     X:     0.8819      Y:    -9.3254      Z:    -0.9567     Total:     9.4158

  Dipole Moment: [D]
     X:     2.2414      Y:   -23.7029      Z:    -2.4318     Total:    23.9325


*** tstop() called on aliaconda at Sun Mar 20 06:07:39 2022
Module time:
	user time   =     205.01 seconds =       3.42 minutes
	system time =      21.69 seconds =       0.36 minutes
	total time  =         10 seconds =       0.17 minutes
Total time:
	user time   =  101691.28 seconds =    1694.85 minutes
	system time =   14193.76 seconds =     236.56 minutes
	total time  =       6242 seconds =     104.03 minutes

  //>>>>>>>>>>>>>>>>>>>>>>>>>>>>>>>>>>>//
  //            Monomer B HF           //
  //<<<<<<<<<<<<<<<<<<<<<<<<<<<<<<<<<<<//


*** tstart() called on aliaconda
*** at Sun Mar 20 06:07:39 2022

   => Loading Basis Set <=

    Name: JUN-CC-PVDZ
    Role: ORBITAL
    Keyword: BASIS
    atoms 1, 14                                          entry N          line   198 file /home/alia/anaconda3/envs/mddemo/share/psi4/basis/jun-cc-pvdz.gbs 
    atoms 2-4, 6, 8-10, 13, 15-17, 19, 21, 23, 25-27, 30 entry H          line    36 file /home/alia/anaconda3/envs/mddemo/share/psi4/basis/jun-cc-pvdz.gbs 
    atoms 5, 7, 11, 18, 20, 24, 28                       entry C          line   164 file /home/alia/anaconda3/envs/mddemo/share/psi4/basis/jun-cc-pvdz.gbs 
    atoms 12, 22, 29                                     entry O          line   232 file /home/alia/anaconda3/envs/mddemo/share/psi4/basis/jun-cc-pvdz.gbs 


         ---------------------------------------------------------
                                   SCF
               by Justin Turney, Rob Parrish, Andy Simmonett
                          and Daniel G. A. Smith
                              RHF Reference
                       32 Threads,  76293 MiB Core
         ---------------------------------------------------------

  ==> Geometry <==

    Molecular point group: c1
    Full point group: C1

    Geometry (in Angstrom), charge = 1, multiplicity = 1:

       Center              X                  Y                   Z               Mass       
    ------------   -----------------  -----------------  -----------------  -----------------
      Gh(N)           0.130801417807    -5.729459621064    -0.756795946505    14.003074004430
      Gh(H)          -0.809198639414    -6.140459395997    -1.384796205904     1.007825032230
      Gh(H)          -0.426198265573    -5.599459506623     0.302204068754     1.007825032230
      Gh(H)           0.819801547507    -6.449459411256    -0.678796354677     1.007825032230
      Gh(C)           0.649801471213    -4.408459521882    -1.222796026613    12.000000000000
      Gh(H)          -0.118198654672    -3.603459216706    -1.122796121981     1.007825032230
      Gh(C)           1.955801465491    -4.155459262483    -0.447795931246    12.000000000000
      Gh(H)           2.651801564673    -5.019459582917    -0.625795904543     1.007825032230
      Gh(H)           1.722801663855    -4.217459537141     0.628203805540     1.007825032230
      Gh(H)           2.395801522711    -3.188459254853    -0.755796018984     1.007825032230
      Gh(C)           0.821801402548    -4.413459636323    -2.742796245958    12.000000000000
      Gh(O)           0.326801516989    -5.403459407441    -3.299796167757    15.994914619570
      Gh(H)           1.337730386236    -3.611535407655    -3.291189018633     1.007825032230
         N            0.274801471213     2.495540760405     0.060203965757    14.003074004430
         H            0.688801505545     1.395540378936     0.307203706358     1.007825032230
         H           -0.108198425791     2.293540142425    -1.063796106722     1.007825032230
         H            1.120801665762     3.161540172942    -0.080796305086     1.007825032230
         C           -0.834198257944     3.033540867217     0.813203748320    12.000000000000
         H           -1.640198490640     2.330540798552     0.735203679655     1.007825032230
         C           -0.426198265573     3.350540302642     2.294203694914    12.000000000000
         H           -1.447198650858     3.593540333159     2.742203649137     1.007825032230
         O            0.397801616171     4.522540233977     2.364203389738    15.994914619570
         H            1.244801499823     4.130540989287     2.007203992460     1.007825032230
         C            0.289801337698     2.224540851958     3.105203565214    12.000000000000
         H            1.314801671484     2.024540089019     2.963204320524     1.007825032230
         H           -0.293198368570     1.329540394195     2.970204290007     1.007825032230
         H            0.261801459769     2.612540386565     4.122203763578     1.007825032230
         C           -1.289198658487     4.342540882476     0.002203878019    12.000000000000
         O           -2.467198631784     4.349540851958    -0.278796259310    15.994914619570
         H           -0.598426601907     5.153689525969    -0.271423880007     1.007825032230

  Running in c1 symmetry.

  Rotational constants: A =      0.03864  B =      0.00462  C =      0.00432 [cm^-1]
  Rotational constants: A =   1158.34197  B =    138.63145  C =    129.62366 [MHz]
  Nuclear repulsion =  326.939099662323599

  Charge       = 1
  Multiplicity = 1
  Electrons    = 56
  Nalpha       = 28
  Nbeta        = 28

  ==> Algorithm <==

  SCF Algorithm Type is DF.
  DIIS enabled.
  MOM disabled.
  Fractional occupation disabled.
  Guess Type is SAD.
  Energy threshold   = 1.00e-08
  Density threshold  = 1.00e-08
  Integral threshold = 1.00e-12

  ==> Primary Basis <==

  Basis Set: JUN-CC-PVDZ
    Blend: JUN-CC-PVDZ
    Number of shells: 150
    Number of basis functions: 306
    Number of Cartesian functions: 318
    Spherical Harmonics?: true
    Max angular momentum: 2

   => Loading Basis Set <=

    Name: (JUN-CC-PVDZ AUX)
    Role: JKFIT
    Keyword: DF_BASIS_SCF
    atoms 1, 14                                          entry N          line   202 file /home/alia/anaconda3/envs/mddemo/share/psi4/basis/jun-cc-pvdz-jkfit.gbs 
    atoms 2-4, 6, 8-10, 13, 15-17, 19, 21, 23, 25-27, 30 entry H          line    70 file /home/alia/anaconda3/envs/mddemo/share/psi4/basis/jun-cc-pvdz-jkfit.gbs 
    atoms 5, 7, 11, 18, 20, 24, 28                       entry C          line   146 file /home/alia/anaconda3/envs/mddemo/share/psi4/basis/jun-cc-pvdz-jkfit.gbs 
    atoms 12, 22, 29                                     entry O          line   258 file /home/alia/anaconda3/envs/mddemo/share/psi4/basis/jun-cc-pvdz-jkfit.gbs 

  ==> Integral Setup <==

  ==> DiskDFJK: Density-Fitted J/K Matrices <==

    J tasked:                  Yes
    K tasked:                  Yes
    wK tasked:                  No
    OpenMP threads:             32
    Integrals threads:          32
    Memory [MiB]:            57220
    Algorithm:                Core
    Integral Cache:           LOAD
    Schwarz Cutoff:          1E-12
    Fitting Condition:       1E-10

   => Auxiliary Basis Set <=

  Basis Set: (JUN-CC-PVDZ AUX)
    Blend: JUN-CC-PVDZ-JKFIT
    Number of shells: 486
    Number of basis functions: 1362
    Number of Cartesian functions: 1542
    Spherical Harmonics?: true
    Max angular momentum: 3

  Minimum eigenvalue in the overlap matrix is 8.0304988939E-05.
  Reciprocal condition number of the overlap matrix is 7.1087811969E-06.
    Using symmetric orthogonalization.

  ==> Pre-Iterations <==

  SCF Guess: Superposition of Atomic Densities via on-the-fly atomic UHF (no occupation information).

   -------------------------
    Irrep   Nso     Nmo    
   -------------------------
     A        306     306 
   -------------------------
    Total     306     306
   -------------------------

  ==> Iterations <==

                           Total Energy        Delta E     RMS |[F,P]|

   @DF-RHF iter SAD:  -360.38268826648959   -3.60383e+02   0.00000e+00 
   @DF-RHF iter   1:  -360.90655215918400   -5.23864e-01   2.18757e-03 DIIS
   @DF-RHF iter   2:  -361.09638268109973   -1.89831e-01   1.37397e-03 DIIS
   @DF-RHF iter   3:  -361.16171244589441   -6.53298e-02   2.90852e-04 DIIS
   @DF-RHF iter   4:  -361.16657152212855   -4.85908e-03   1.08816e-04 DIIS
   @DF-RHF iter   5:  -361.16726250812485   -6.90986e-04   2.75229e-05 DIIS
   @DF-RHF iter   6:  -361.16733490977094   -7.24016e-05   1.32563e-05 DIIS
   @DF-RHF iter   7:  -361.16735276574792   -1.78560e-05   5.25531e-06 DIIS
   @DF-RHF iter   8:  -361.16735655462037   -3.78887e-06   2.20668e-06 DIIS
   @DF-RHF iter   9:  -361.16735731180387   -7.57183e-07   7.96584e-07 DIIS
   @DF-RHF iter  10:  -361.16735744537118   -1.33567e-07   3.74495e-07 DIIS
   @DF-RHF iter  11:  -361.16735748344314   -3.80720e-08   1.89026e-07 DIIS
   @DF-RHF iter  12:  -361.16735749412237   -1.06792e-08   9.04608e-08 DIIS
   @DF-RHF iter  13:  -361.16735749655476   -2.43239e-09   3.36565e-08 DIIS
   @DF-RHF iter  14:  -361.16735749680623   -2.51475e-10   8.05292e-09 DIIS
  Energy and wave function converged.


  ==> Post-Iterations <==

    Orbital Energies [Eh]
    ---------------------

    Doubly Occupied:                                                      

       1A    -20.750017     2A    -20.748486     3A    -15.944546  
       4A    -11.525529     5A    -11.497677     6A    -11.484498  
       7A    -11.391853     8A     -1.577825     9A     -1.543142  
      10A     -1.496548    11A     -1.218158    12A     -1.150029  
      13A     -1.022840    14A     -1.006337    15A     -0.944676  
      16A     -0.913246    17A     -0.886947    18A     -0.831211  
      19A     -0.817445    20A     -0.804412    21A     -0.777608  
      22A     -0.759799    23A     -0.724869    24A     -0.692319  
      25A     -0.690345    26A     -0.656068    27A     -0.630542  
      28A     -0.588034  

    Virtual:                                                              

      29A     -0.134247    30A     -0.081878    31A     -0.075483  
      32A     -0.058216    33A     -0.045839    34A     -0.039030  
      35A     -0.036195    36A     -0.027034    37A     -0.024161  
      38A     -0.014289    39A     -0.013152    40A     -0.002825  
      41A     -0.002812    42A      0.003653    43A      0.013874  
      44A      0.018573    45A      0.024589    46A      0.027240  
      47A      0.032768    48A      0.038488    49A      0.040552  
      50A      0.044883    51A      0.049545    52A      0.051199  
      53A      0.053981    54A      0.062520    55A      0.074198  
      56A      0.085158    57A      0.088660    58A      0.094527  
      59A      0.098422    60A      0.104312    61A      0.112224  
      62A      0.117767    63A      0.124139    64A      0.127348  
      65A      0.135794    66A      0.139224    67A      0.140576  
      68A      0.144234    69A      0.146872    70A      0.161821  
      71A      0.164292    72A      0.169459    73A      0.181022  
      74A      0.185606    75A      0.188320    76A      0.193889  
      77A      0.200112    78A      0.208420    79A      0.215685  
      80A      0.219836    81A      0.224706    82A      0.239610  
      83A      0.243831    84A      0.254540    85A      0.259653  
      86A      0.272916    87A      0.276196    88A      0.279054  
      89A      0.291437    90A      0.298089    91A      0.305373  
      92A      0.316661    93A      0.320072    94A      0.340257  
      95A      0.353300    96A      0.357363    97A      0.359714  
      98A      0.371993    99A      0.380329   100A      0.390595  
     101A      0.428396   102A      0.441504   103A      0.446655  
     104A      0.449810   105A      0.506033   106A      0.515243  
     107A      0.524711   108A      0.530193   109A      0.549924  
     110A      0.578401   111A      0.580937   112A      0.604582  
     113A      0.607456   114A      0.619173   115A      0.629492  
     116A      0.633974   117A      0.644676   118A      0.652442  
     119A      0.676751   120A      0.700607   121A      0.704696  
     122A      0.706682   123A      0.715613   124A      0.721178  
     125A      0.739554   126A      0.749219   127A      0.764499  
     128A      0.773065   129A      0.782407   130A      0.788375  
     131A      0.789956   132A      0.805770   133A      0.820863  
     134A      0.823177   135A      0.824065   136A      0.864368  
     137A      0.865033   138A      0.867210   139A      0.884927  
     140A      0.902150   141A      0.912772   142A      0.923230  
     143A      0.941733   144A      0.976460   145A      0.989222  
     146A      0.994073   147A      1.035082   148A      1.069848  
     149A      1.148416   150A      1.151535   151A      1.184261  
     152A      1.197452   153A      1.218354   154A      1.249097  
     155A      1.277094   156A      1.310395   157A      1.331739  
     158A      1.343491   159A      1.358995   160A      1.382139  
     161A      1.391843   162A      1.409730   163A      1.415134  
     164A      1.475952   165A      1.482269   166A      1.494004  
     167A      1.501942   168A      1.521527   169A      1.532081  
     170A      1.558855   171A      1.579792   172A      1.585966  
     173A      1.587334   174A      1.602220   175A      1.621279  
     176A      1.659347   177A      1.665516   178A      1.672808  
     179A      1.680451   180A      1.685761   181A      1.688768  
     182A      1.716613   183A      1.734702   184A      1.740055  
     185A      1.742145   186A      1.757426   187A      1.763166  
     188A      1.771644   189A      1.784722   190A      1.795265  
     191A      1.803758   192A      1.820690   193A      1.845163  
     194A      1.849889   195A      1.854118   196A      1.863958  
     197A      1.876706   198A      1.884692   199A      1.904444  
     200A      1.920571   201A      1.922627   202A      1.938344  
     203A      1.943143   204A      1.948710   205A      1.966332  
     206A      1.982365   207A      1.985541   208A      2.015103  
     209A      2.019447   210A      2.030870   211A      2.038560  
     212A      2.055945   213A      2.056165   214A      2.088375  
     215A      2.108302   216A      2.121401   217A      2.138324  
     218A      2.145907   219A      2.153713   220A      2.154598  
     221A      2.165536   222A      2.171749   223A      2.192428  
     224A      2.215070   225A      2.243599   226A      2.257081  
     227A      2.262163   228A      2.290972   229A      2.307597  
     230A      2.312145   231A      2.341477   232A      2.342878  
     233A      2.360569   234A      2.388289   235A      2.403776  
     236A      2.421655   237A      2.440299   238A      2.445317  
     239A      2.464289   240A      2.494130   241A      2.503107  
     242A      2.549440   243A      2.553361   244A      2.566902  
     245A      2.590942   246A      2.631887   247A      2.636143  
     248A      2.650765   249A      2.671487   250A      2.685999  
     251A      2.703937   252A      2.727110   253A      2.760747  
     254A      2.773845   255A      2.801597   256A      2.818892  
     257A      2.824406   258A      2.850751   259A      2.892083  
     260A      2.904005   261A      2.941926   262A      2.946936  
     263A      3.002203   264A      3.046721   265A      3.056130  
     266A      3.116684   267A      3.130577   268A      3.133262  
     269A      3.180160   270A      3.239074   271A      3.241369  
     272A      3.295370   273A      3.321607   274A      3.400306  
     275A      3.437823   276A      3.480425   277A      3.552001  
     278A      3.563628   279A      3.644252   280A      3.800438  
     281A      3.813478   282A      3.844449   283A      3.924009  
     284A      3.981706   285A      4.138900   286A      4.166221  
     287A      4.239555   288A      4.369997   289A      4.585149  
     290A      4.616986   291A      4.686825   292A      4.821601  
     293A      4.840117   294A      4.911198   295A      4.945991  
     296A      5.063531   297A      5.437727   298A      5.523249  
     299A      5.727887   300A      5.897316   301A      6.584324  
     302A     18.167865   303A     18.351694   304A     18.548463  
     305A     25.311865   306A     33.424762  

    Final Occupation by Irrep:
              A 
    DOCC [    28 ]

  @DF-RHF Final Energy:  -361.16735749680623

   => Energetics <=

    Nuclear Repulsion Energy =            326.9390996623235992
    One-Electron Energy =               -1130.0628962382882037
    Two-Electron Energy =                 441.9564390791584287
    Total Energy =                       -361.1673574968062326

Computation Completed


Properties will be evaluated at   0.000000,   0.000000,   0.000000 [a0]

Properties computed using the SCF density matrix

  Nuclear Dipole Moment: [e a0]
     X:   -52.2444      Y:   366.9432      Z:   130.0604

  Electronic Dipole Moment: [e a0]
     X:    53.5787      Y:  -362.8335      Z:  -129.3928

  Dipole Moment: [e a0]
     X:     1.3343      Y:     4.1097      Z:     0.6676     Total:     4.3721

  Dipole Moment: [D]
     X:     3.3914      Y:    10.4457      Z:     1.6968     Total:    11.1128


*** tstop() called on aliaconda at Sun Mar 20 06:07:49 2022
Module time:
	user time   =     226.47 seconds =       3.77 minutes
	system time =      25.68 seconds =       0.43 minutes
	total time  =         10 seconds =       0.17 minutes
Total time:
	user time   =  101917.89 seconds =    1698.63 minutes
	system time =   14219.47 seconds =     236.99 minutes
	total time  =       6252 seconds =     104.20 minutes
  Constructing Basis Sets for SAPT...

   => Loading Basis Set <=

    Name: (JUN-CC-PVDZ AUX)
    Role: RIFIT
    Keyword: DF_BASIS_SAPT
    atoms 1, 14                                          entry N          line   144 file /home/alia/anaconda3/envs/mddemo/share/psi4/basis/jun-cc-pvdz-ri.gbs 
    atoms 2-4, 6, 8-10, 13, 15-17, 19, 21, 23, 25-27, 30 entry H          line    30 file /home/alia/anaconda3/envs/mddemo/share/psi4/basis/jun-cc-pvdz-ri.gbs 
    atoms 5, 7, 11, 18, 20, 24, 28                       entry C          line   100 file /home/alia/anaconda3/envs/mddemo/share/psi4/basis/jun-cc-pvdz-ri.gbs 
    atoms 12, 22, 29                                     entry O          line   188 file /home/alia/anaconda3/envs/mddemo/share/psi4/basis/jun-cc-pvdz-ri.gbs 


  //>>>>>>>>>>>>>>>>>>>>>>>>>>>>>>>>>>>//
  //               SAPT0               //
  //<<<<<<<<<<<<<<<<<<<<<<<<<<<<<<<<<<<//


*** tstart() called on aliaconda
*** at Sun Mar 20 06:07:50 2022

        SAPT0  
    Ed Hohenstein
     6 June 2009

      Orbital Information
  --------------------------
    NSO        =       306
    NMO        =       306
    NRI        =      1032
    NOCC A     =        20
    NOCC B     =        28
    FOCC A     =         0
    FOCC B     =         0
    NVIR A     =       286
    NVIR B     =       278

    Elst10,r            =     0.072605239420 [Eh]
    Exch10              =    -0.000000035243 [Eh]
    Exch10 (S^2)        =    -0.000000035243 [Eh]

    Iter     Energy [mEh]          dE [mEh]         Residual      Time [s]
       1      -0.57398662       0.573986621       7.235262844             1
       2      -0.55600690      -0.017979723       2.321501548             2
       3      -0.60029987       0.044292975       0.906256243             2
       4      -0.61320861       0.012908739       0.247676922             3
       5      -0.61114745      -0.002061159       0.138358382             3
       6      -0.61013161      -0.001015838       0.039327905             4
       7      -0.61042532       0.000293707       0.012011175             4
       8      -0.61048016       0.000054839       0.003479685             5
       9      -0.61046834      -0.000011817       0.001303778             6
      10      -0.61046166      -0.000006685       0.000584859             6
      11      -0.61046499       0.000003329       0.000295391             7
      12      -0.61046545       0.000000462       0.000091613             7
      13      -0.61046494      -0.000000507       0.000022541             8
      14      -0.61046494      -0.000000005       0.000005714             8
      15      -0.61046496       0.000000023       0.000001482             9
      16      -0.61046496       0.000000000       0.000000453             9

    CHF Iterations converged


    Iter     Energy [mEh]          dE [mEh]         Residual      Time [s]
       1      -0.39713922       0.397139224       4.632175355             1
       2      -0.40889134       0.011752116       1.952148893             2
       3      -0.44058614       0.031694797       0.634141570             2
       4      -0.44625313       0.005666996       0.157006544             3
       5      -0.44489847      -0.001354661       0.080552246             3
       6      -0.44446623      -0.000432242       0.031030554             4
       7      -0.44459813       0.000131903       0.018492582             5
       8      -0.44471603       0.000117899       0.006515832             5
       9      -0.44468188      -0.000034153       0.003428725             6
      10      -0.44467181      -0.000010071       0.001466787             6
      11      -0.44467841       0.000006602       0.000509796             7
      12      -0.44467911       0.000000696       0.000139404             8
      13      -0.44467859      -0.000000513       0.000041541             8
      14      -0.44467851      -0.000000079       0.000011564             9
      15      -0.44467854       0.000000028       0.000004035             9
      16      -0.44467855       0.000000010       0.000001029            10
      17      -0.44467855      -0.000000002       0.000000286            11

    CHF Iterations converged

    Ind20,r (A<-B)      =    -0.000610464960 [Eh]
    Ind20,r (B<-A)      =    -0.000444678549 [Eh]
    Ind20,r             =    -0.001055143509 [Eh]
    Exch-Ind20,r (A<-B) =     0.000000007619 [Eh]
    Exch-Ind20,r (B<-A) =     0.000000010278 [Eh]
    Exch-Ind20,r        =     0.000000017896 [Eh]
    Disp20              =    -0.000107881904 [Eh]
    Disp20 (SS)         =    -0.000053940952 [Eh]
    Disp20 (OS)         =    -0.000053940952 [Eh]
    Exch-Disp20         =     0.000000007850 [Eh]
    Exch-Disp20 (SS)    =     0.000000005684 [Eh]
    Exch-Disp20 (OS)    =     0.000000002166 [Eh]

    SAPT Results 
  --------------------------------------------------------------------------------------------------------
    Electrostatics                 72.60523942 [mEh]      45.56047558 [kcal/mol]     190.62502984 [kJ/mol]
      Elst10,r                     72.60523942 [mEh]      45.56047558 [kcal/mol]     190.62502984 [kJ/mol]

    Exchange                       -0.00003524 [mEh]      -0.00002212 [kcal/mol]      -0.00009253 [kJ/mol]
      Exch10                       -0.00003524 [mEh]      -0.00002212 [kcal/mol]      -0.00009253 [kJ/mol]
      Exch10(S^2)                  -0.00003524 [mEh]      -0.00002212 [kcal/mol]      -0.00009253 [kJ/mol]

    Induction                      -1.03453457 [mEh]      -0.64918024 [kcal/mol]      -2.71617013 [kJ/mol]
      Ind20,r                      -1.05514351 [mEh]      -0.66211255 [kcal/mol]      -2.77027890 [kJ/mol]
      Exch-Ind20,r                  0.00001790 [mEh]       0.00001123 [kcal/mol]       0.00004699 [kJ/mol]
      delta HF,r (2)                0.02059104 [mEh]       0.01292108 [kcal/mol]       0.05406178 [kJ/mol]

    Dispersion                     -0.10787405 [mEh]      -0.06769199 [kcal/mol]      -0.28322329 [kJ/mol]
      Disp20                       -0.10788190 [mEh]      -0.06769692 [kcal/mol]      -0.28324390 [kJ/mol]
      Exch-Disp20                   0.00000785 [mEh]       0.00000493 [kcal/mol]       0.00002061 [kJ/mol]
      Disp20 (SS)                  -0.05394095 [mEh]      -0.03384846 [kcal/mol]      -0.14162195 [kJ/mol]
      Disp20 (OS)                  -0.05394095 [mEh]      -0.03384846 [kcal/mol]      -0.14162195 [kJ/mol]
      Exch-Disp20 (SS)              0.00000568 [mEh]       0.00000357 [kcal/mol]       0.00001492 [kJ/mol]
      Exch-Disp20 (OS)              0.00000217 [mEh]       0.00000136 [kcal/mol]       0.00000569 [kJ/mol]

  Total HF                         71.57066961 [mEh]      44.91127322 [kcal/mol]     187.90876717 [kJ/mol]
  Total SAPT0                      71.46279556 [mEh]      44.84358123 [kcal/mol]     187.62554388 [kJ/mol]

  Special recipe for scaled SAPT0 (see Manual):
    Electrostatics sSAPT0          72.60523942 [mEh]      45.56047558 [kcal/mol]     190.62502984 [kJ/mol]
    Exchange sSAPT0                -0.00003524 [mEh]      -0.00002212 [kcal/mol]      -0.00009253 [kJ/mol]
    Induction sSAPT0               -1.03453457 [mEh]      -0.64918024 [kcal/mol]      -2.71617013 [kJ/mol]
    Dispersion sSAPT0              -0.10787405 [mEh]      -0.06769199 [kcal/mol]      -0.28322329 [kJ/mol]
  Total sSAPT0                     71.46279556 [mEh]      44.84358123 [kcal/mol]     187.62554388 [kJ/mol]
  --------------------------------------------------------------------------------------------------------

*** tstop() called on aliaconda at Sun Mar 20 06:08:39 2022
Module time:
	user time   =     694.06 seconds =      11.57 minutes
	system time =     121.92 seconds =       2.03 minutes
	total time  =         49 seconds =       0.82 minutes
Total time:
	user time   =  102614.59 seconds =    1710.24 minutes
	system time =   14341.84 seconds =     239.03 minutes
	total time  =       6302 seconds =     105.03 minutes


Warning! sapt0 does not have an associated derived wavefunction.The returned wavefunction is the dimer SCF wavefunction.


  Memory set to  74.506 GiB by Python driver.
  Threads set to 32 by Python driver.
