
Scratch directory: /tmp/

Scratch directory: /tmp/

  //>>>>>>>>>>>>>>>>>>>>>>>>>>>>>>>>>>>//
  //              Dimer HF             //
  //<<<<<<<<<<<<<<<<<<<<<<<<<<<<<<<<<<<//


*** tstart() called on aliaconda
*** at Sun Mar 20 05:17:25 2022

   => Loading Basis Set <=

    Name: JUN-CC-PVDZ
    Role: ORBITAL
    Keyword: BASIS
    atoms 1, 14                                          entry N          line   198 file /home/alia/anaconda3/envs/mddemo/share/psi4/basis/jun-cc-pvdz.gbs 
    atoms 2-4, 6, 8-10, 13, 15-17, 19, 21, 23, 25-27, 30 entry H          line    36 file /home/alia/anaconda3/envs/mddemo/share/psi4/basis/jun-cc-pvdz.gbs 
    atoms 5, 7, 11, 18, 20, 24, 28                       entry C          line   164 file /home/alia/anaconda3/envs/mddemo/share/psi4/basis/jun-cc-pvdz.gbs 
    atoms 12, 22, 29                                     entry O          line   232 file /home/alia/anaconda3/envs/mddemo/share/psi4/basis/jun-cc-pvdz.gbs 


         ---------------------------------------------------------
                                   SCF
               by Justin Turney, Rob Parrish, Andy Simmonett
                          and Daniel G. A. Smith
                              RHF Reference
                       32 Threads,  76293 MiB Core
         ---------------------------------------------------------

  ==> Geometry <==

    Molecular point group: c1
    Full point group: C1

    Geometry (in Angstrom), charge = 2, multiplicity = 1:

       Center              X                  Y                   Z               Mass       
    ------------   -----------------  -----------------  -----------------  -----------------
         N            0.682231799839    -5.469312491886    -1.026328917758    14.003074004430
         H           -0.380768402339    -5.753312411777    -1.511329051272     1.007825032230
         H            0.347231761693    -5.502312484257     0.130671147092     1.007825032230
         H            1.343231574772    -6.213312449924    -1.179328795688     1.007825032230
         C            1.175231830357    -4.168312373630    -1.363328810946    12.000000000000
         H            0.765231506108    -3.369312110416    -0.764328833835     1.007825032230
         C            2.716231719731    -4.247312369816    -1.228329058902    12.000000000000
         H            3.183231727360    -5.005312266819    -1.876328822391     1.007825032230
         H            2.884231702565    -4.548312488071    -0.190328952090     1.007825032230
         H            3.151231662510    -3.312312427036    -1.593328830020     1.007825032230
         C            0.892231837986    -3.908312144749    -2.858328934924    12.000000000000
         O            0.389231578587    -4.743312182896    -3.552328940646    15.994914619570
         H            1.158672706364    -2.934536281101    -3.295100804584     1.007825032230
         N            0.357231513737     2.467687782772     0.357670906766    14.003074004430
         H            0.096231834172     2.407687363155    -0.819329139010     1.007825032230
         H            0.801231757878     1.353687462338     0.448670986875     1.007825032230
         H            1.126231567143     3.144687828549     0.374671105130     1.007825032230
         C           -0.910768135311     2.829687294491     0.942670944913    12.000000000000
         H           -1.558768375637     1.939687904842     0.910670880063     1.007825032230
         C           -0.753768070461     3.135688004025     2.475670937283    12.000000000000
         H           -1.743768318416     2.863687691219     2.913670662625     1.007825032230
         O           -0.380768402339     4.508688148983     2.754671219571    15.994914619570
         H            0.602231876133     4.574688133724     2.671671036466     1.007825032230
         C            0.143231765507     2.014687714108     3.158670548184    12.000000000000
         H            1.195231811284     2.146687683590     2.801671150907     1.007825032230
         H           -0.107768162014     0.989688095577     2.870671395047     1.007825032230
         H            0.102231876133     2.299687561520     4.264670494779     1.007825032230
         C           -1.635768039943     3.894687828549     0.123671177609    12.000000000000
         O           -2.887767894985     3.844687637814     0.082670811398    15.994914619570
         H           -1.079312427761     4.678210434445    -0.411538478152     1.007825032230

  Running in c1 symmetry.

  Rotational constants: A =      0.03849  B =      0.00480  C =      0.00449 [cm^-1]
  Rotational constants: A =   1153.99657  B =    143.80873  C =    134.70148 [MHz]
  Nuclear repulsion =  655.266971635148707

  Charge       = 2
  Multiplicity = 1
  Electrons    = 96
  Nalpha       = 48
  Nbeta        = 48

  ==> Algorithm <==

  SCF Algorithm Type is DF.
  DIIS enabled.
  MOM disabled.
  Fractional occupation disabled.
  Guess Type is SAD.
  Energy threshold   = 1.00e-08
  Density threshold  = 1.00e-08
  Integral threshold = 1.00e-12

  ==> Primary Basis <==

  Basis Set: JUN-CC-PVDZ
    Blend: JUN-CC-PVDZ
    Number of shells: 150
    Number of basis functions: 306
    Number of Cartesian functions: 318
    Spherical Harmonics?: true
    Max angular momentum: 2

   => Loading Basis Set <=

    Name: (JUN-CC-PVDZ AUX)
    Role: JKFIT
    Keyword: DF_BASIS_SCF
    atoms 1, 14                                          entry N          line   202 file /home/alia/anaconda3/envs/mddemo/share/psi4/basis/jun-cc-pvdz-jkfit.gbs 
    atoms 2-4, 6, 8-10, 13, 15-17, 19, 21, 23, 25-27, 30 entry H          line    70 file /home/alia/anaconda3/envs/mddemo/share/psi4/basis/jun-cc-pvdz-jkfit.gbs 
    atoms 5, 7, 11, 18, 20, 24, 28                       entry C          line   146 file /home/alia/anaconda3/envs/mddemo/share/psi4/basis/jun-cc-pvdz-jkfit.gbs 
    atoms 12, 22, 29                                     entry O          line   258 file /home/alia/anaconda3/envs/mddemo/share/psi4/basis/jun-cc-pvdz-jkfit.gbs 

  ==> Integral Setup <==

  ==> DiskDFJK: Density-Fitted J/K Matrices <==

    J tasked:                  Yes
    K tasked:                  Yes
    wK tasked:                  No
    OpenMP threads:             32
    Integrals threads:          32
    Memory [MiB]:            57220
    Algorithm:                Core
    Integral Cache:           SAVE
    Schwarz Cutoff:          1E-12
    Fitting Condition:       1E-10

   => Auxiliary Basis Set <=

  Basis Set: (JUN-CC-PVDZ AUX)
    Blend: JUN-CC-PVDZ-JKFIT
    Number of shells: 486
    Number of basis functions: 1362
    Number of Cartesian functions: 1542
    Spherical Harmonics?: true
    Max angular momentum: 3

  Minimum eigenvalue in the overlap matrix is 6.1977958849E-05.
  Reciprocal condition number of the overlap matrix is 5.4841794006E-06.
    Using symmetric orthogonalization.

  ==> Pre-Iterations <==

  SCF Guess: Superposition of Atomic Densities via on-the-fly atomic UHF (no occupation information).

   -------------------------
    Irrep   Nso     Nmo    
   -------------------------
     A        306     306 
   -------------------------
    Total     306     306
   -------------------------

  ==> Iterations <==

                           Total Energy        Delta E     RMS |[F,P]|

   @DF-RHF iter SAD:  -607.16870002927681   -6.07169e+02   0.00000e+00 
   @DF-RHF iter   1:  -607.95447625721533   -7.85776e-01   2.80342e-03 DIIS
   @DF-RHF iter   2:  -608.26876079016029   -3.14285e-01   1.80699e-03 DIIS
   @DF-RHF iter   3:  -608.38291948721235   -1.14159e-01   4.01599e-04 DIIS
   @DF-RHF iter   4:  -608.39192917517892   -9.00969e-03   1.51414e-04 DIIS
   @DF-RHF iter   5:  -608.39323962199035   -1.31045e-03   3.83960e-05 DIIS
   @DF-RHF iter   6:  -608.39336722328574   -1.27601e-04   1.90160e-05 DIIS
   @DF-RHF iter   7:  -608.39340036545445   -3.31422e-05   8.43247e-06 DIIS
   @DF-RHF iter   8:  -608.39340818260325   -7.81715e-06   3.56078e-06 DIIS
   @DF-RHF iter   9:  -608.39340971215506   -1.52955e-06   1.36750e-06 DIIS
   @DF-RHF iter  10:  -608.39340995129669   -2.39142e-07   4.32486e-07 DIIS
   @DF-RHF iter  11:  -608.39340998122407   -2.99274e-08   2.01453e-07 DIIS
   @DF-RHF iter  12:  -608.39340999009005   -8.86598e-09   1.08590e-07 DIIS
   @DF-RHF iter  13:  -608.39340999329227   -3.20222e-09   5.56522e-08 DIIS
   @DF-RHF iter  14:  -608.39340999441197   -1.11970e-09   2.22756e-08 DIIS
   @DF-RHF iter  15:  -608.39340999455601   -1.44041e-10   8.42601e-09 DIIS
  Energy and wave function converged.


  ==> Post-Iterations <==

    Orbital Energies [Eh]
    ---------------------

    Doubly Occupied:                                                      

       1A    -20.824156     2A    -20.806600     3A    -20.804479  
       4A    -16.013812     5A    -15.994830     6A    -11.596271  
       7A    -11.585485     8A    -11.575885     9A    -11.563859  
      10A    -11.545857    11A    -11.503604    12A    -11.479031  
      13A     -1.667983    14A     -1.609242    15A     -1.588046  
      16A     -1.573453    17A     -1.571024    18A     -1.313796  
      19A     -1.296009    20A     -1.217948    21A     -1.173186  
      22A     -1.089082    23A     -1.079656    24A     -1.073419  
      25A     -1.025741    26A     -1.020592    27A     -0.996402  
      28A     -0.973249    29A     -0.963963    30A     -0.954071  
      31A     -0.895724    32A     -0.891183    33A     -0.874888  
      34A     -0.866637    35A     -0.859215    36A     -0.836938  
      37A     -0.828939    38A     -0.819417    39A     -0.815752  
      40A     -0.788003    41A     -0.772220    42A     -0.757638  
      43A     -0.753180    44A     -0.724841    45A     -0.704442  
      46A     -0.686002    47A     -0.677612    48A     -0.657611  

    Virtual:                                                              

      49A     -0.218271    50A     -0.187792    51A     -0.167854  
      52A     -0.157923    53A     -0.143543    54A     -0.133668  
      55A     -0.128924    56A     -0.124506    57A     -0.113003  
      58A     -0.108805    59A     -0.100398    60A     -0.097505  
      61A     -0.089224    62A     -0.087121    63A     -0.084113  
      64A     -0.079670    65A     -0.074164    66A     -0.072231  
      67A     -0.067375    68A     -0.066391    69A     -0.054064  
      70A     -0.046918    71A     -0.046575    72A     -0.039335  
      73A     -0.036374    74A     -0.031490    75A     -0.030210  
      76A     -0.023591    77A     -0.021340    78A     -0.014764  
      79A     -0.013503    80A     -0.007355    81A      0.001158  
      82A      0.006241    83A      0.014541    84A      0.031731  
      85A      0.036701    86A      0.039992    87A      0.042327  
      88A      0.050558    89A      0.054666    90A      0.061331  
      91A      0.070136    92A      0.081243    93A      0.083936  
      94A      0.084637    95A      0.088493    96A      0.104227  
      97A      0.107341    98A      0.108189    99A      0.114773  
     100A      0.121484   101A      0.125340   102A      0.126707  
     103A      0.134158   104A      0.139335   105A      0.141449  
     106A      0.154971   107A      0.160214   108A      0.166933  
     109A      0.172832   110A      0.182773   111A      0.186882  
     112A      0.196259   113A      0.199506   114A      0.208857  
     115A      0.217973   116A      0.224964   117A      0.235854  
     118A      0.249718   119A      0.254276   120A      0.263486  
     121A      0.272665   122A      0.294561   123A      0.307298  
     124A      0.326512   125A      0.352899   126A      0.373513  
     127A      0.433983   128A      0.480047   129A      0.482653  
     130A      0.490122   131A      0.498053   132A      0.517246  
     133A      0.533333   134A      0.538763   135A      0.541521  
     136A      0.557085   137A      0.560067   138A      0.576641  
     139A      0.597892   140A      0.600624   141A      0.609730  
     142A      0.620203   143A      0.628980   144A      0.635184  
     145A      0.639346   146A      0.646128   147A      0.662793  
     148A      0.665060   149A      0.669316   150A      0.680481  
     151A      0.682155   152A      0.694723   153A      0.707443  
     154A      0.719887   155A      0.725846   156A      0.732097  
     157A      0.733354   158A      0.748297   159A      0.757009  
     160A      0.763217   161A      0.770176   162A      0.794708  
     163A      0.805865   164A      0.820193   165A      0.826204  
     166A      0.829212   167A      0.831854   168A      0.847330  
     169A      0.849910   170A      0.864971   171A      0.871849  
     172A      0.908869   173A      0.914255   174A      0.937304  
     175A      0.975503   176A      1.025160   177A      1.045488  
     178A      1.083675   179A      1.086858   180A      1.119072  
     181A      1.122319   182A      1.151115   183A      1.166200  
     184A      1.172783   185A      1.193543   186A      1.212737  
     187A      1.214649   188A      1.222401   189A      1.237061  
     190A      1.244847   191A      1.274699   192A      1.290205  
     193A      1.298635   194A      1.303827   195A      1.315368  
     196A      1.323940   197A      1.333540   198A      1.342839  
     199A      1.358397   200A      1.366634   201A      1.390159  
     202A      1.395419   203A      1.398071   204A      1.412497  
     205A      1.425389   206A      1.434557   207A      1.492064  
     208A      1.522919   209A      1.532780   210A      1.554282  
     211A      1.575668   212A      1.585234   213A      1.594640  
     214A      1.606914   215A      1.616121   216A      1.627371  
     217A      1.639922   218A      1.644495   219A      1.653128  
     220A      1.656390   221A      1.669766   222A      1.683012  
     223A      1.699599   224A      1.702041   225A      1.713672  
     226A      1.723992   227A      1.731578   228A      1.739015  
     229A      1.751651   230A      1.753946   231A      1.761434  
     232A      1.780375   233A      1.784150   234A      1.799703  
     235A      1.807076   236A      1.814414   237A      1.821162  
     238A      1.829318   239A      1.850619   240A      1.868376  
     241A      1.880375   242A      1.885897   243A      1.918861  
     244A      1.941361   245A      1.951270   246A      1.975879  
     247A      1.984849   248A      1.986447   249A      2.001970  
     250A      2.021135   251A      2.043664   252A      2.058618  
     253A      2.072107   254A      2.097091   255A      2.103641  
     256A      2.134026   257A      2.139036   258A      2.147661  
     259A      2.168272   260A      2.180678   261A      2.217893  
     262A      2.229744   263A      2.267412   264A      2.312625  
     265A      2.339511   266A      2.343003   267A      2.369041  
     268A      2.382148   269A      2.395310   270A      2.404924  
     271A      2.443519   272A      2.447929   273A      2.471038  
     274A      2.492715   275A      2.518337   276A      2.551065  
     277A      2.554181   278A      2.574228   279A      2.574661  
     280A      2.597115   281A      2.614902   282A      2.626753  
     283A      2.634967   284A      2.668093   285A      2.682605  
     286A      2.702058   287A      2.755255   288A      2.826778  
     289A      2.828172   290A      2.887696   291A      2.892788  
     292A      2.961522   293A      2.978273   294A      3.048495  
     295A      3.054136   296A      3.079547   297A      3.136475  
     298A      3.202221   299A      3.231107   300A      3.242425  
     301A      3.444446   302A      3.484586   303A      3.512105  
     304A      3.695593   305A      3.756437   306A      3.867372  

    Final Occupation by Irrep:
              A 
    DOCC [    48 ]

  @DF-RHF Final Energy:  -608.39340999455601

   => Energetics <=

    Nuclear Repulsion Energy =            655.2669716351487068
    One-Electron Energy =               -2103.9388041155461906
    Two-Electron Energy =                 840.2784224858413609
    Total Energy =                       -608.3934099945560092

Computation Completed


Properties will be evaluated at   0.000000,   0.000000,   0.000000 [a0]

Properties computed using the SCF density matrix

  Nuclear Dipole Moment: [e a0]
     X:    11.1260      Y:    -9.5739      Z:     5.3853

  Electronic Dipole Moment: [e a0]
     X:    -7.4131      Y:     4.5077      Z:    -5.7137

  Dipole Moment: [e a0]
     X:     3.7129      Y:    -5.0663      Z:    -0.3284     Total:     6.2897

  Dipole Moment: [D]
     X:     9.4372      Y:   -12.8772      Z:    -0.8346     Total:    15.9869


*** tstop() called on aliaconda at Sun Mar 20 05:17:40 2022
Module time:
	user time   =     324.91 seconds =       5.42 minutes
	system time =      38.59 seconds =       0.64 minutes
	total time  =         15 seconds =       0.25 minutes
Total time:
	user time   =   50879.41 seconds =     847.99 minutes
	system time =    7041.42 seconds =     117.36 minutes
	total time  =       3243 seconds =      54.05 minutes

  //>>>>>>>>>>>>>>>>>>>>>>>>>>>>>>>>>>>//
  //            Monomer A HF           //
  //<<<<<<<<<<<<<<<<<<<<<<<<<<<<<<<<<<<//


*** tstart() called on aliaconda
*** at Sun Mar 20 05:17:40 2022

   => Loading Basis Set <=

    Name: JUN-CC-PVDZ
    Role: ORBITAL
    Keyword: BASIS
    atoms 1, 14                                          entry N          line   198 file /home/alia/anaconda3/envs/mddemo/share/psi4/basis/jun-cc-pvdz.gbs 
    atoms 2-4, 6, 8-10, 13, 15-17, 19, 21, 23, 25-27, 30 entry H          line    36 file /home/alia/anaconda3/envs/mddemo/share/psi4/basis/jun-cc-pvdz.gbs 
    atoms 5, 7, 11, 18, 20, 24, 28                       entry C          line   164 file /home/alia/anaconda3/envs/mddemo/share/psi4/basis/jun-cc-pvdz.gbs 
    atoms 12, 22, 29                                     entry O          line   232 file /home/alia/anaconda3/envs/mddemo/share/psi4/basis/jun-cc-pvdz.gbs 


         ---------------------------------------------------------
                                   SCF
               by Justin Turney, Rob Parrish, Andy Simmonett
                          and Daniel G. A. Smith
                              RHF Reference
                       32 Threads,  76293 MiB Core
         ---------------------------------------------------------

  ==> Geometry <==

    Molecular point group: c1
    Full point group: C1

    Geometry (in Angstrom), charge = 1, multiplicity = 1:

       Center              X                  Y                   Z               Mass       
    ------------   -----------------  -----------------  -----------------  -----------------
         N            0.682231799839    -5.469312491886    -1.026328917758    14.003074004430
         H           -0.380768402339    -5.753312411777    -1.511329051272     1.007825032230
         H            0.347231761693    -5.502312484257     0.130671147092     1.007825032230
         H            1.343231574772    -6.213312449924    -1.179328795688     1.007825032230
         C            1.175231830357    -4.168312373630    -1.363328810946    12.000000000000
         H            0.765231506108    -3.369312110416    -0.764328833835     1.007825032230
         C            2.716231719731    -4.247312369816    -1.228329058902    12.000000000000
         H            3.183231727360    -5.005312266819    -1.876328822391     1.007825032230
         H            2.884231702565    -4.548312488071    -0.190328952090     1.007825032230
         H            3.151231662510    -3.312312427036    -1.593328830020     1.007825032230
         C            0.892231837986    -3.908312144749    -2.858328934924    12.000000000000
         O            0.389231578587    -4.743312182896    -3.552328940646    15.994914619570
         H            1.158672706364    -2.934536281101    -3.295100804584     1.007825032230
      Gh(N)           0.357231513737     2.467687782772     0.357670906766    14.003074004430
      Gh(H)           0.096231834172     2.407687363155    -0.819329139010     1.007825032230
      Gh(H)           0.801231757878     1.353687462338     0.448670986875     1.007825032230
      Gh(H)           1.126231567143     3.144687828549     0.374671105130     1.007825032230
      Gh(C)          -0.910768135311     2.829687294491     0.942670944913    12.000000000000
      Gh(H)          -1.558768375637     1.939687904842     0.910670880063     1.007825032230
      Gh(C)          -0.753768070461     3.135688004025     2.475670937283    12.000000000000
      Gh(H)          -1.743768318416     2.863687691219     2.913670662625     1.007825032230
      Gh(O)          -0.380768402339     4.508688148983     2.754671219571    15.994914619570
      Gh(H)           0.602231876133     4.574688133724     2.671671036466     1.007825032230
      Gh(C)           0.143231765507     2.014687714108     3.158670548184    12.000000000000
      Gh(H)           1.195231811284     2.146687683590     2.801671150907     1.007825032230
      Gh(H)          -0.107768162014     0.989688095577     2.870671395047     1.007825032230
      Gh(H)           0.102231876133     2.299687561520     4.264670494779     1.007825032230
      Gh(C)          -1.635768039943     3.894687828549     0.123671177609    12.000000000000
      Gh(O)          -2.887767894985     3.844687637814     0.082670811398    15.994914619570
      Gh(H)          -1.079312427761     4.678210434445    -0.411538478152     1.007825032230

  Running in c1 symmetry.

  Rotational constants: A =      0.03849  B =      0.00480  C =      0.00449 [cm^-1]
  Rotational constants: A =   1153.99657  B =    143.80873  C =    134.70148 [MHz]
  Nuclear repulsion =  189.088526583635598

  Charge       = 1
  Multiplicity = 1
  Electrons    = 40
  Nalpha       = 20
  Nbeta        = 20

  ==> Algorithm <==

  SCF Algorithm Type is DF.
  DIIS enabled.
  MOM disabled.
  Fractional occupation disabled.
  Guess Type is SAD.
  Energy threshold   = 1.00e-08
  Density threshold  = 1.00e-08
  Integral threshold = 1.00e-12

  ==> Primary Basis <==

  Basis Set: JUN-CC-PVDZ
    Blend: JUN-CC-PVDZ
    Number of shells: 150
    Number of basis functions: 306
    Number of Cartesian functions: 318
    Spherical Harmonics?: true
    Max angular momentum: 2

   => Loading Basis Set <=

    Name: (JUN-CC-PVDZ AUX)
    Role: JKFIT
    Keyword: DF_BASIS_SCF
    atoms 1, 14                                          entry N          line   202 file /home/alia/anaconda3/envs/mddemo/share/psi4/basis/jun-cc-pvdz-jkfit.gbs 
    atoms 2-4, 6, 8-10, 13, 15-17, 19, 21, 23, 25-27, 30 entry H          line    70 file /home/alia/anaconda3/envs/mddemo/share/psi4/basis/jun-cc-pvdz-jkfit.gbs 
    atoms 5, 7, 11, 18, 20, 24, 28                       entry C          line   146 file /home/alia/anaconda3/envs/mddemo/share/psi4/basis/jun-cc-pvdz-jkfit.gbs 
    atoms 12, 22, 29                                     entry O          line   258 file /home/alia/anaconda3/envs/mddemo/share/psi4/basis/jun-cc-pvdz-jkfit.gbs 

  ==> Integral Setup <==

  ==> DiskDFJK: Density-Fitted J/K Matrices <==

    J tasked:                  Yes
    K tasked:                  Yes
    wK tasked:                  No
    OpenMP threads:             32
    Integrals threads:          32
    Memory [MiB]:            57220
    Algorithm:                Core
    Integral Cache:           LOAD
    Schwarz Cutoff:          1E-12
    Fitting Condition:       1E-10

   => Auxiliary Basis Set <=

  Basis Set: (JUN-CC-PVDZ AUX)
    Blend: JUN-CC-PVDZ-JKFIT
    Number of shells: 486
    Number of basis functions: 1362
    Number of Cartesian functions: 1542
    Spherical Harmonics?: true
    Max angular momentum: 3

  Minimum eigenvalue in the overlap matrix is 6.1977958849E-05.
  Reciprocal condition number of the overlap matrix is 5.4841794005E-06.
    Using symmetric orthogonalization.

  ==> Pre-Iterations <==

  SCF Guess: Superposition of Atomic Densities via on-the-fly atomic UHF (no occupation information).

   -------------------------
    Irrep   Nso     Nmo    
   -------------------------
     A        306     306 
   -------------------------
    Total     306     306
   -------------------------

  ==> Iterations <==

                           Total Energy        Delta E     RMS |[F,P]|

   @DF-RHF iter SAD:  -246.87948062787439   -2.46879e+02   0.00000e+00 
   @DF-RHF iter   1:  -247.13721893851306   -2.57738e-01   1.73156e-03 DIIS
   @DF-RHF iter   2:  -247.26549047800279   -1.28272e-01   1.01624e-03 DIIS
   @DF-RHF iter   3:  -247.30212218649802   -3.66317e-02   2.36859e-04 DIIS
   @DF-RHF iter   4:  -247.30543420654033   -3.31202e-03   8.17810e-05 DIIS
   @DF-RHF iter   5:  -247.30583954265447   -4.05336e-04   1.88833e-05 DIIS
   @DF-RHF iter   6:  -247.30588295244149   -4.34098e-05   7.92907e-06 DIIS
   @DF-RHF iter   7:  -247.30588958233116   -6.62989e-06   3.67691e-06 DIIS
   @DF-RHF iter   8:  -247.30589116321249   -1.58088e-06   1.23168e-06 DIIS
   @DF-RHF iter   9:  -247.30589134130187   -1.78089e-07   2.69774e-07 DIIS
   @DF-RHF iter  10:  -247.30589134934465   -8.04278e-09   8.81507e-08 DIIS
   @DF-RHF iter  11:  -247.30589135030345   -9.58806e-10   2.40550e-08 DIIS
   @DF-RHF iter  12:  -247.30589135040438   -1.00925e-10   1.08851e-08 DIIS
   @DF-RHF iter  13:  -247.30589135043732   -3.29408e-11   5.41407e-09 DIIS
  Energy and wave function converged.


  ==> Post-Iterations <==

    Orbital Energies [Eh]
    ---------------------

    Doubly Occupied:                                                      

       1A    -20.752101     2A    -15.926350     3A    -11.523748  
       4A    -11.500439     5A    -11.430576     6A     -1.596841  
       7A     -1.503644     8A     -1.240495     9A     -1.100141  
      10A     -1.007094    11A     -0.955519    12A     -0.925616  
      13A     -0.880978    14A     -0.824566    15A     -0.802880  
      16A     -0.755704    17A     -0.746912    18A     -0.714825  
      19A     -0.686344    20A     -0.605259  

    Virtual:                                                              

      21A     -0.117385    22A     -0.076207    23A     -0.071176  
      24A     -0.051287    25A     -0.043877    26A     -0.034545  
      27A     -0.027543    28A     -0.022785    29A     -0.013391  
      30A     -0.012870    31A     -0.004177    32A     -0.001621  
      33A      0.006598    34A      0.011150    35A      0.018759  
      36A      0.026585    37A      0.028953    38A      0.033141  
      39A      0.040268    40A      0.043897    41A      0.046917  
      42A      0.050383    43A      0.057398    44A      0.066467  
      45A      0.073387    46A      0.075253    47A      0.081765  
      48A      0.084573    49A      0.088371    50A      0.093003  
      51A      0.106788    52A      0.114373    53A      0.116173  
      54A      0.129181    55A      0.134307    56A      0.140360  
      57A      0.145521    58A      0.154455    59A      0.157422  
      60A      0.157726    61A      0.162259    62A      0.171109  
      63A      0.175820    64A      0.179303    65A      0.188535  
      66A      0.198320    67A      0.199368    68A      0.208134  
      69A      0.210782    70A      0.224430    71A      0.231663  
      72A      0.237246    73A      0.244561    74A      0.252165  
      75A      0.256245    76A      0.261192    77A      0.273115  
      78A      0.290661    79A      0.301678    80A      0.303302  
      81A      0.314881    82A      0.322412    83A      0.338321  
      84A      0.348051    85A      0.358299    86A      0.365617  
      87A      0.368540    88A      0.383340    89A      0.386031  
      90A      0.446187    91A      0.450979    92A      0.462612  
      93A      0.486001    94A      0.492550    95A      0.505436  
      96A      0.508840    97A      0.516239    98A      0.546270  
      99A      0.550566   100A      0.559396   101A      0.563001  
     102A      0.564915   103A      0.575634   104A      0.590556  
     105A      0.599106   106A      0.614069   107A      0.618065  
     108A      0.634642   109A      0.653304   110A      0.670912  
     111A      0.682827   112A      0.687921   113A      0.695300  
     114A      0.709854   115A      0.719984   116A      0.735974  
     117A      0.737619   118A      0.754224   119A      0.759411  
     120A      0.777997   121A      0.784708   122A      0.792515  
     123A      0.793983   124A      0.823034   125A      0.833048  
     126A      0.838414   127A      0.865097   128A      0.889599  
     129A      0.899532   130A      0.900613   131A      0.905464  
     132A      0.918626   133A      0.931807   134A      0.942784  
     135A      0.946541   136A      0.969250   137A      0.980685  
     138A      1.008800   139A      1.028195   140A      1.118507  
     141A      1.124912   142A      1.156603   143A      1.189582  
     144A      1.193109   145A      1.243697   146A      1.286517  
     147A      1.308540   148A      1.313949   149A      1.344969  
     150A      1.373564   151A      1.404330   152A      1.462810  
     153A      1.469781   154A      1.480757   155A      1.495361  
     156A      1.536599   157A      1.569289   158A      1.596848  
     159A      1.604898   160A      1.609902   161A      1.633959  
     162A      1.641693   163A      1.649959   164A      1.667907  
     165A      1.683056   166A      1.690431   167A      1.694553  
     168A      1.714275   169A      1.726975   170A      1.728322  
     171A      1.731169   172A      1.741353   173A      1.757183  
     174A      1.775116   175A      1.796751   176A      1.798910  
     177A      1.805099   178A      1.820800   179A      1.833778  
     180A      1.853161   181A      1.857956   182A      1.872294  
     183A      1.875472   184A      1.876184   185A      1.895955  
     186A      1.901554   187A      1.912386   188A      1.925199  
     189A      1.942732   190A      1.949111   191A      1.954263  
     192A      1.957662   193A      1.973197   194A      1.995059  
     195A      2.012740   196A      2.014258   197A      2.036067  
     198A      2.044729   199A      2.055026   200A      2.058511  
     201A      2.095961   202A      2.116573   203A      2.117716  
     204A      2.125456   205A      2.150867   206A      2.165480  
     207A      2.177240   208A      2.179769   209A      2.186118  
     210A      2.212154   211A      2.225920   212A      2.239222  
     213A      2.248717   214A      2.275517   215A      2.290252  
     216A      2.320037   217A      2.344168   218A      2.354204  
     219A      2.381752   220A      2.385914   221A      2.395512  
     222A      2.423951   223A      2.454049   224A      2.455803  
     225A      2.466531   226A      2.476709   227A      2.495115  
     228A      2.519202   229A      2.530244   230A      2.544975  
     231A      2.557820   232A      2.580501   233A      2.595788  
     234A      2.617876   235A      2.626936   236A      2.646761  
     237A      2.669460   238A      2.672397   239A      2.676810  
     240A      2.707414   241A      2.739258   242A      2.742033  
     243A      2.755715   244A      2.797892   245A      2.827451  
     246A      2.833350   247A      2.871597   248A      2.897721  
     249A      2.911696   250A      2.917810   251A      2.945404  
     252A      2.963137   253A      3.037245   254A      3.047577  
     255A      3.050391   256A      3.061234   257A      3.122922  
     258A      3.139668   259A      3.215303   260A      3.300532  
     261A      3.302179   262A      3.354147   263A      3.407738  
     264A      3.435130   265A      3.513090   266A      3.583240  
     267A      3.597300   268A      3.609600   269A      3.711712  
     270A      3.826913   271A      3.909938   272A      3.954905  
     273A      4.057994   274A      4.163163   275A      4.175846  
     276A      4.322883   277A      4.350740   278A      4.402763  
     279A      4.495516   280A      4.567015   281A      4.608050  
     282A      4.624693   283A      4.633683   284A      4.740636  
     285A      4.807547   286A      4.834647   287A      4.914249  
     288A      4.977642   289A      4.999920   290A      5.118575  
     291A      5.246577   292A      5.459013   293A      5.531060  
     294A      5.636441   295A      5.725319   296A      5.735321  
     297A      5.924463   298A      6.532601   299A      6.634321  
     300A     18.159486   301A     18.308879   302A     18.420555  
     303A     18.558084   304A     25.321056   305A     33.433531  
     306A     33.458104  

    Final Occupation by Irrep:
              A 
    DOCC [    20 ]

  @DF-RHF Final Energy:  -247.30589135043732

   => Energetics <=

    Nuclear Repulsion Energy =            189.0885265836355984
    One-Electron Energy =                -701.8287738152337170
    Two-Electron Energy =                 265.4343558811607977
    Total Energy =                       -247.3058913504373209

Computation Completed


Properties will be evaluated at   0.000000,   0.000000,   0.000000 [a0]

Properties computed using the SCF density matrix

  Nuclear Dipole Moment: [e a0]
     X:    92.6796      Y:  -353.0274      Z:  -148.4989

  Electronic Dipole Moment: [e a0]
     X:   -90.6920      Y:   343.8820      Z:   147.1484

  Dipole Moment: [e a0]
     X:     1.9877      Y:    -9.1454      Z:    -1.3505     Total:     9.4558

  Dipole Moment: [D]
     X:     5.0521      Y:   -23.2452      Z:    -3.4327     Total:    24.0343


*** tstop() called on aliaconda at Sun Mar 20 05:17:49 2022
Module time:
	user time   =     173.62 seconds =       2.89 minutes
	system time =      15.03 seconds =       0.25 minutes
	total time  =          9 seconds =       0.15 minutes
Total time:
	user time   =   51053.14 seconds =     850.89 minutes
	system time =    7056.46 seconds =     117.61 minutes
	total time  =       3252 seconds =      54.20 minutes

  //>>>>>>>>>>>>>>>>>>>>>>>>>>>>>>>>>>>//
  //            Monomer B HF           //
  //<<<<<<<<<<<<<<<<<<<<<<<<<<<<<<<<<<<//


*** tstart() called on aliaconda
*** at Sun Mar 20 05:17:49 2022

   => Loading Basis Set <=

    Name: JUN-CC-PVDZ
    Role: ORBITAL
    Keyword: BASIS
    atoms 1, 14                                          entry N          line   198 file /home/alia/anaconda3/envs/mddemo/share/psi4/basis/jun-cc-pvdz.gbs 
    atoms 2-4, 6, 8-10, 13, 15-17, 19, 21, 23, 25-27, 30 entry H          line    36 file /home/alia/anaconda3/envs/mddemo/share/psi4/basis/jun-cc-pvdz.gbs 
    atoms 5, 7, 11, 18, 20, 24, 28                       entry C          line   164 file /home/alia/anaconda3/envs/mddemo/share/psi4/basis/jun-cc-pvdz.gbs 
    atoms 12, 22, 29                                     entry O          line   232 file /home/alia/anaconda3/envs/mddemo/share/psi4/basis/jun-cc-pvdz.gbs 


         ---------------------------------------------------------
                                   SCF
               by Justin Turney, Rob Parrish, Andy Simmonett
                          and Daniel G. A. Smith
                              RHF Reference
                       32 Threads,  76293 MiB Core
         ---------------------------------------------------------

  ==> Geometry <==

    Molecular point group: c1
    Full point group: C1

    Geometry (in Angstrom), charge = 1, multiplicity = 1:

       Center              X                  Y                   Z               Mass       
    ------------   -----------------  -----------------  -----------------  -----------------
      Gh(N)           0.682231799839    -5.469312491886    -1.026328917758    14.003074004430
      Gh(H)          -0.380768402339    -5.753312411777    -1.511329051272     1.007825032230
      Gh(H)           0.347231761693    -5.502312484257     0.130671147092     1.007825032230
      Gh(H)           1.343231574772    -6.213312449924    -1.179328795688     1.007825032230
      Gh(C)           1.175231830357    -4.168312373630    -1.363328810946    12.000000000000
      Gh(H)           0.765231506108    -3.369312110416    -0.764328833835     1.007825032230
      Gh(C)           2.716231719731    -4.247312369816    -1.228329058902    12.000000000000
      Gh(H)           3.183231727360    -5.005312266819    -1.876328822391     1.007825032230
      Gh(H)           2.884231702565    -4.548312488071    -0.190328952090     1.007825032230
      Gh(H)           3.151231662510    -3.312312427036    -1.593328830020     1.007825032230
      Gh(C)           0.892231837986    -3.908312144749    -2.858328934924    12.000000000000
      Gh(O)           0.389231578587    -4.743312182896    -3.552328940646    15.994914619570
      Gh(H)           1.158672706364    -2.934536281101    -3.295100804584     1.007825032230
         N            0.357231513737     2.467687782772     0.357670906766    14.003074004430
         H            0.096231834172     2.407687363155    -0.819329139010     1.007825032230
         H            0.801231757878     1.353687462338     0.448670986875     1.007825032230
         H            1.126231567143     3.144687828549     0.374671105130     1.007825032230
         C           -0.910768135311     2.829687294491     0.942670944913    12.000000000000
         H           -1.558768375637     1.939687904842     0.910670880063     1.007825032230
         C           -0.753768070461     3.135688004025     2.475670937283    12.000000000000
         H           -1.743768318416     2.863687691219     2.913670662625     1.007825032230
         O           -0.380768402339     4.508688148983     2.754671219571    15.994914619570
         H            0.602231876133     4.574688133724     2.671671036466     1.007825032230
         C            0.143231765507     2.014687714108     3.158670548184    12.000000000000
         H            1.195231811284     2.146687683590     2.801671150907     1.007825032230
         H           -0.107768162014     0.989688095577     2.870671395047     1.007825032230
         H            0.102231876133     2.299687561520     4.264670494779     1.007825032230
         C           -1.635768039943     3.894687828549     0.123671177609    12.000000000000
         O           -2.887767894985     3.844687637814     0.082670811398    15.994914619570
         H           -1.079312427761     4.678210434445    -0.411538478152     1.007825032230

  Running in c1 symmetry.

  Rotational constants: A =      0.03849  B =      0.00480  C =      0.00449 [cm^-1]
  Rotational constants: A =   1153.99657  B =    143.80873  C =    134.70148 [MHz]
  Nuclear repulsion =  325.450582437485821

  Charge       = 1
  Multiplicity = 1
  Electrons    = 56
  Nalpha       = 28
  Nbeta        = 28

  ==> Algorithm <==

  SCF Algorithm Type is DF.
  DIIS enabled.
  MOM disabled.
  Fractional occupation disabled.
  Guess Type is SAD.
  Energy threshold   = 1.00e-08
  Density threshold  = 1.00e-08
  Integral threshold = 1.00e-12

  ==> Primary Basis <==

  Basis Set: JUN-CC-PVDZ
    Blend: JUN-CC-PVDZ
    Number of shells: 150
    Number of basis functions: 306
    Number of Cartesian functions: 318
    Spherical Harmonics?: true
    Max angular momentum: 2

   => Loading Basis Set <=

    Name: (JUN-CC-PVDZ AUX)
    Role: JKFIT
    Keyword: DF_BASIS_SCF
    atoms 1, 14                                          entry N          line   202 file /home/alia/anaconda3/envs/mddemo/share/psi4/basis/jun-cc-pvdz-jkfit.gbs 
    atoms 2-4, 6, 8-10, 13, 15-17, 19, 21, 23, 25-27, 30 entry H          line    70 file /home/alia/anaconda3/envs/mddemo/share/psi4/basis/jun-cc-pvdz-jkfit.gbs 
    atoms 5, 7, 11, 18, 20, 24, 28                       entry C          line   146 file /home/alia/anaconda3/envs/mddemo/share/psi4/basis/jun-cc-pvdz-jkfit.gbs 
    atoms 12, 22, 29                                     entry O          line   258 file /home/alia/anaconda3/envs/mddemo/share/psi4/basis/jun-cc-pvdz-jkfit.gbs 

  ==> Integral Setup <==

  ==> DiskDFJK: Density-Fitted J/K Matrices <==

    J tasked:                  Yes
    K tasked:                  Yes
    wK tasked:                  No
    OpenMP threads:             32
    Integrals threads:          32
    Memory [MiB]:            57220
    Algorithm:                Core
    Integral Cache:           LOAD
    Schwarz Cutoff:          1E-12
    Fitting Condition:       1E-10

   => Auxiliary Basis Set <=

  Basis Set: (JUN-CC-PVDZ AUX)
    Blend: JUN-CC-PVDZ-JKFIT
    Number of shells: 486
    Number of basis functions: 1362
    Number of Cartesian functions: 1542
    Spherical Harmonics?: true
    Max angular momentum: 3

  Minimum eigenvalue in the overlap matrix is 6.1977958849E-05.
  Reciprocal condition number of the overlap matrix is 5.4841794005E-06.
    Using symmetric orthogonalization.

  ==> Pre-Iterations <==

  SCF Guess: Superposition of Atomic Densities via on-the-fly atomic UHF (no occupation information).

   -------------------------
    Irrep   Nso     Nmo    
   -------------------------
     A        306     306 
   -------------------------
    Total     306     306
   -------------------------

  ==> Iterations <==

                           Total Energy        Delta E     RMS |[F,P]|

   @DF-RHF iter SAD:  -360.28917964497748   -3.60289e+02   0.00000e+00 
   @DF-RHF iter   1:  -360.89763620852597   -6.08457e-01   2.18172e-03 DIIS
   @DF-RHF iter   2:  -361.08071238213876   -1.83076e-01   1.45390e-03 DIIS
   @DF-RHF iter   3:  -361.15426548579683   -7.35531e-02   3.13783e-04 DIIS
   @DF-RHF iter   4:  -361.15965884654429   -5.39336e-03   1.18206e-04 DIIS
   @DF-RHF iter   5:  -361.16045549408187   -7.96648e-04   2.81064e-05 DIIS
   @DF-RHF iter   6:  -361.16052853407587   -7.30400e-05   1.33504e-05 DIIS
   @DF-RHF iter   7:  -361.16054658913862   -1.80551e-05   5.83867e-06 DIIS
   @DF-RHF iter   8:  -361.16055101181382   -4.42268e-06   2.44397e-06 DIIS
   @DF-RHF iter   9:  -361.16055186481549   -8.53002e-07   7.92804e-07 DIIS
   @DF-RHF iter  10:  -361.16055196280359   -9.79881e-08   2.94272e-07 DIIS
   @DF-RHF iter  11:  -361.16055197950323   -1.66996e-08   1.34749e-07 DIIS
   @DF-RHF iter  12:  -361.16055198426392   -4.76069e-09   7.52034e-08 DIIS
   @DF-RHF iter  13:  -361.16055198618756   -1.92364e-09   3.59853e-08 DIIS
   @DF-RHF iter  14:  -361.16055198663844   -4.50882e-10   1.08314e-08 DIIS
   @DF-RHF iter  15:  -361.16055198666936   -3.09228e-11   3.60874e-09 DIIS
  Energy and wave function converged.


  ==> Post-Iterations <==

    Orbital Energies [Eh]
    ---------------------

    Doubly Occupied:                                                      

       1A    -20.747800     2A    -20.747575     3A    -15.944741  
       4A    -11.527027     5A    -11.500502     6A    -11.485259  
       7A    -11.415607     8A     -1.549542     9A     -1.529209  
      10A     -1.506911    11A     -1.232897    12A     -1.155055  
      13A     -1.027977    14A     -1.009635    15A     -0.954411  
      16A     -0.907347    17A     -0.901912    18A     -0.831417  
      19A     -0.805798    20A     -0.799786    21A     -0.775914  
      22A     -0.753687    23A     -0.710800    24A     -0.691958  
      25A     -0.666998    26A     -0.644159    27A     -0.627312  
      28A     -0.598289  

    Virtual:                                                              

      29A     -0.136122    30A     -0.090920    31A     -0.080187  
      32A     -0.062820    33A     -0.048210    34A     -0.040131  
      35A     -0.035391    36A     -0.026078    37A     -0.023104  
      38A     -0.015282    39A     -0.013231    40A     -0.006469  
      41A     -0.003566    42A      0.002641    43A      0.013002  
      44A      0.017195    45A      0.025549    46A      0.028626  
      47A      0.035304    48A      0.038936    49A      0.041690  
      50A      0.044271    51A      0.045658    52A      0.051254  
      53A      0.053052    54A      0.062837    55A      0.073248  
      56A      0.088654    57A      0.091836    58A      0.096790  
      59A      0.100717    60A      0.105747    61A      0.109582  
      62A      0.116583    63A      0.123197    64A      0.128717  
      65A      0.136762    66A      0.140978    67A      0.142983  
      68A      0.148081    69A      0.153980    70A      0.163637  
      71A      0.167970    72A      0.173152    73A      0.177523  
      74A      0.183388    75A      0.191354    76A      0.195587  
      77A      0.199806    78A      0.205516    79A      0.213631  
      80A      0.227317    81A      0.230970    82A      0.241691  
      83A      0.244616    84A      0.253857    85A      0.266609  
      86A      0.277846    87A      0.279064    88A      0.283094  
      89A      0.288688    90A      0.296356    91A      0.310366  
      92A      0.315149    93A      0.325793    94A      0.344186  
      95A      0.353505    96A      0.355678    97A      0.365949  
      98A      0.375567    99A      0.382185   100A      0.391237  
     101A      0.414008   102A      0.421502   103A      0.442488  
     104A      0.458156   105A      0.503036   106A      0.530009  
     107A      0.533268   108A      0.545611   109A      0.554006  
     110A      0.562366   111A      0.588021   112A      0.596849  
     113A      0.607404   114A      0.619060   115A      0.624808  
     116A      0.641518   117A      0.650559   118A      0.664237  
     119A      0.671153   120A      0.675877   121A      0.692615  
     122A      0.699271   123A      0.710599   124A      0.724923  
     125A      0.731311   126A      0.742738   127A      0.753375  
     128A      0.755860   129A      0.781771   130A      0.790358  
     131A      0.794362   132A      0.796201   133A      0.818323  
     134A      0.832701   135A      0.835342   136A      0.868286  
     137A      0.881164   138A      0.888756   139A      0.892723  
     140A      0.896303   141A      0.914223   142A      0.919013  
     143A      0.923526   144A      0.972170   145A      0.979148  
     146A      1.005152   147A      1.037576   148A      1.087409  
     149A      1.148589   150A      1.156730   151A      1.182030  
     152A      1.213659   153A      1.227827   154A      1.253567  
     155A      1.274495   156A      1.285698   157A      1.348927  
     158A      1.357653   159A      1.373385   160A      1.384728  
     161A      1.406844   162A      1.416611   163A      1.426490  
     164A      1.457477   165A      1.474886   166A      1.478602  
     167A      1.494069   168A      1.501136   169A      1.537404  
     170A      1.552973   171A      1.556032   172A      1.584818  
     173A      1.587165   174A      1.614775   175A      1.647591  
     176A      1.655896   177A      1.668675   178A      1.670925  
     179A      1.682837   180A      1.689259   181A      1.695574  
     182A      1.709381   183A      1.716218   184A      1.732503  
     185A      1.748585   186A      1.762275   187A      1.774292  
     188A      1.777366   189A      1.800322   190A      1.801734  
     191A      1.811447   192A      1.813836   193A      1.817678  
     194A      1.844906   195A      1.846549   196A      1.868366  
     197A      1.877642   198A      1.885770   199A      1.894242  
     200A      1.924129   201A      1.929908   202A      1.930497  
     203A      1.944569   204A      1.964386   205A      1.975624  
     206A      1.982685   207A      2.004267   208A      2.013143  
     209A      2.023902   210A      2.028613   211A      2.046838  
     212A      2.060994   213A      2.064446   214A      2.084381  
     215A      2.096922   216A      2.115188   217A      2.121450  
     218A      2.135701   219A      2.148049   220A      2.160613  
     221A      2.191843   222A      2.197203   223A      2.201602  
     224A      2.208491   225A      2.211357   226A      2.243763  
     227A      2.260896   228A      2.287430   229A      2.307190  
     230A      2.325699   231A      2.328429   232A      2.369196  
     233A      2.390044   234A      2.402938   235A      2.407267  
     236A      2.430526   237A      2.435865   238A      2.465894  
     239A      2.466903   240A      2.507723   241A      2.538338  
     242A      2.553258   243A      2.556188   244A      2.580111  
     245A      2.599942   246A      2.616847   247A      2.636505  
     248A      2.637362   249A      2.676197   250A      2.677491  
     251A      2.690147   252A      2.692096   253A      2.747107  
     254A      2.757024   255A      2.764309   256A      2.766382  
     257A      2.843208   258A      2.859577   259A      2.870620  
     260A      2.886607   261A      2.935037   262A      2.950599  
     263A      3.002023   264A      3.024920   265A      3.093821  
     266A      3.111216   267A      3.139753   268A      3.148290  
     269A      3.194228   270A      3.195158   271A      3.260509  
     272A      3.299757   273A      3.372678   274A      3.443774  
     275A      3.448932   276A      3.501821   277A      3.542864  
     278A      3.574863   279A      3.656506   280A      3.753544  
     281A      3.784388   282A      3.918045   283A      3.923458  
     284A      4.007543   285A      4.155375   286A      4.181871  
     287A      4.286682   288A      4.414207   289A      4.630134  
     290A      4.690313   291A      4.792163   292A      4.832284  
     293A      4.870678   294A      4.991968   295A      5.076501  
     296A      5.206256   297A      5.472098   298A      5.552675  
     299A      5.746671   300A      5.878372   301A      6.823162  
     302A     18.184546   303A     18.352137   304A     18.534805  
     305A     25.324014   306A     33.428707  

    Final Occupation by Irrep:
              A 
    DOCC [    28 ]

  @DF-RHF Final Energy:  -361.16055198666936

   => Energetics <=

    Nuclear Repulsion Energy =            325.4505824374858207
    One-Electron Energy =               -1127.1232173175828848
    Two-Electron Energy =                 440.5120828934277597
    Total Energy =                       -361.1605519866693612

Computation Completed


Properties will be evaluated at   0.000000,   0.000000,   0.000000 [a0]

Properties computed using the SCF density matrix

  Nuclear Dipole Moment: [e a0]
     X:   -81.5536      Y:   343.4534      Z:   153.8842

  Electronic Dipole Moment: [e a0]
     X:    83.3369      Y:  -339.3762      Z:  -152.8555

  Dipole Moment: [e a0]
     X:     1.7833      Y:     4.0772      Z:     1.0287     Total:     4.5675

  Dipole Moment: [D]
     X:     4.5327      Y:    10.3633      Z:     2.6148     Total:    11.6095


*** tstop() called on aliaconda at Sun Mar 20 05:18:00 2022
Module time:
	user time   =     239.13 seconds =       3.99 minutes
	system time =      25.65 seconds =       0.43 minutes
	total time  =         11 seconds =       0.18 minutes
Total time:
	user time   =   51292.37 seconds =     854.87 minutes
	system time =    7082.13 seconds =     118.04 minutes
	total time  =       3263 seconds =      54.38 minutes
  Constructing Basis Sets for SAPT...

   => Loading Basis Set <=

    Name: (JUN-CC-PVDZ AUX)
    Role: RIFIT
    Keyword: DF_BASIS_SAPT
    atoms 1, 14                                          entry N          line   144 file /home/alia/anaconda3/envs/mddemo/share/psi4/basis/jun-cc-pvdz-ri.gbs 
    atoms 2-4, 6, 8-10, 13, 15-17, 19, 21, 23, 25-27, 30 entry H          line    30 file /home/alia/anaconda3/envs/mddemo/share/psi4/basis/jun-cc-pvdz-ri.gbs 
    atoms 5, 7, 11, 18, 20, 24, 28                       entry C          line   100 file /home/alia/anaconda3/envs/mddemo/share/psi4/basis/jun-cc-pvdz-ri.gbs 
    atoms 12, 22, 29                                     entry O          line   188 file /home/alia/anaconda3/envs/mddemo/share/psi4/basis/jun-cc-pvdz-ri.gbs 


  //>>>>>>>>>>>>>>>>>>>>>>>>>>>>>>>>>>>//
  //               SAPT0               //
  //<<<<<<<<<<<<<<<<<<<<<<<<<<<<<<<<<<<//


*** tstart() called on aliaconda
*** at Sun Mar 20 05:18:00 2022

        SAPT0  
    Ed Hohenstein
     6 June 2009

      Orbital Information
  --------------------------
    NSO        =       306
    NMO        =       306
    NRI        =      1032
    NOCC A     =        20
    NOCC B     =        28
    FOCC A     =         0
    FOCC B     =         0
    NVIR A     =       286
    NVIR B     =       278

    Elst10,r            =     0.074111587156 [Eh]
    Exch10              =    -0.000000045183 [Eh]
    Exch10 (S^2)        =    -0.000000045183 [Eh]

    Iter     Energy [mEh]          dE [mEh]         Residual      Time [s]
       1      -0.58417335       0.584173351       7.252256997             1
       2      -0.56303872      -0.021134635       2.273563735             1
       3      -0.60523293       0.042194216       0.855438175             2
       4      -0.61742112       0.012188191       0.217937313             3
       5      -0.61569381      -0.001727315       0.116385534             3
       6      -0.61485559      -0.000838217       0.032095289             4
       7      -0.61507949       0.000223895       0.010899081             4
       8      -0.61513531       0.000055822       0.003315504             5
       9      -0.61512089      -0.000014420       0.001564356             6
      10      -0.61511626      -0.000004627       0.000687728             6
      11      -0.61511980       0.000003536       0.000251265             7
      12      -0.61512011       0.000000311       0.000066371             7
      13      -0.61511977      -0.000000340       0.000015935             8
      14      -0.61511976      -0.000000008       0.000004355             8
      15      -0.61511978       0.000000016       0.000001568             9
      16      -0.61511978       0.000000001       0.000000503             9

    CHF Iterations converged


    Iter     Energy [mEh]          dE [mEh]         Residual      Time [s]
       1      -0.43547795       0.435477953       4.889658399             1
       2      -0.44578842       0.010310468       1.979703058             2
       3      -0.47915457       0.033366150       0.709364734             2
       4      -0.48582545       0.006670879       0.193068572             3
       5      -0.48506691      -0.000758538       0.116297361             3
       6      -0.48410085      -0.000966065       0.038124863             4
       7      -0.48417733       0.000076481       0.018314228             4
       8      -0.48431405       0.000136717       0.005407451             5
       9      -0.48430173      -0.000012314       0.002299805             5
      10      -0.48428890      -0.000012836       0.001037560             6
      11      -0.48429217       0.000003273       0.000611999             7
      12      -0.48429404       0.000001869       0.000261529             7
      13      -0.48429335      -0.000000686       0.000087694             8
      14      -0.48429305      -0.000000304       0.000022594             8
      15      -0.48429310       0.000000053       0.000006682             9
      16      -0.48429312       0.000000019       0.000001662             9
      17      -0.48429312      -0.000000003       0.000000550            10

    CHF Iterations converged

    Ind20,r (A<-B)      =    -0.000615119778 [Eh]
    Ind20,r (B<-A)      =    -0.000484293115 [Eh]
    Ind20,r             =    -0.001099412893 [Eh]
    Exch-Ind20,r (A<-B) =     0.000000011461 [Eh]
    Exch-Ind20,r (B<-A) =     0.000000013586 [Eh]
    Exch-Ind20,r        =     0.000000025048 [Eh]
    Disp20              =    -0.000109378610 [Eh]
    Disp20 (SS)         =    -0.000054689305 [Eh]
    Disp20 (OS)         =    -0.000054689305 [Eh]
    Exch-Disp20         =     0.000000008812 [Eh]
    Exch-Disp20 (SS)    =     0.000000006262 [Eh]
    Exch-Disp20 (OS)    =     0.000000002551 [Eh]

    SAPT Results 
  --------------------------------------------------------------------------------------------------------
    Electrostatics                 74.11158716 [mEh]      46.50572306 [kcal/mol]     194.57994527 [kJ/mol]
      Elst10,r                     74.11158716 [mEh]      46.50572306 [kcal/mol]     194.57994527 [kJ/mol]

    Exchange                       -0.00004518 [mEh]      -0.00002835 [kcal/mol]      -0.00011863 [kJ/mol]
      Exch10                       -0.00004518 [mEh]      -0.00002835 [kcal/mol]      -0.00011863 [kJ/mol]
      Exch10(S^2)                  -0.00004518 [mEh]      -0.00002835 [kcal/mol]      -0.00011863 [kJ/mol]

    Induction                      -1.07819942 [mEh]      -0.67658035 [kcal/mol]      -2.83081219 [kJ/mol]
      Ind20,r                      -1.09941289 [mEh]      -0.68989201 [kcal/mol]      -2.88650815 [kJ/mol]
      Exch-Ind20,r                  0.00002505 [mEh]       0.00001572 [kcal/mol]       0.00006576 [kJ/mol]
      delta HF,r (2)                0.02118842 [mEh]       0.01329594 [kcal/mol]       0.05563020 [kJ/mol]

    Dispersion                     -0.10936980 [mEh]      -0.06863058 [kcal/mol]      -0.28715037 [kJ/mol]
      Disp20                       -0.10937861 [mEh]      -0.06863611 [kcal/mol]      -0.28717350 [kJ/mol]
      Exch-Disp20                   0.00000881 [mEh]       0.00000553 [kcal/mol]       0.00002314 [kJ/mol]
      Disp20 (SS)                  -0.05468931 [mEh]      -0.03431806 [kcal/mol]      -0.14358675 [kJ/mol]
      Disp20 (OS)                  -0.05468931 [mEh]      -0.03431806 [kcal/mol]      -0.14358675 [kJ/mol]
      Exch-Disp20 (SS)              0.00000626 [mEh]       0.00000393 [kcal/mol]       0.00001644 [kJ/mol]
      Exch-Disp20 (OS)              0.00000255 [mEh]       0.00000160 [kcal/mol]       0.00000670 [kJ/mol]

  Total HF                         73.03334255 [mEh]      45.82911435 [kcal/mol]     191.74901445 [kJ/mol]
  Total SAPT0                      72.92397275 [mEh]      45.76048377 [kcal/mol]     191.46186408 [kJ/mol]

  Special recipe for scaled SAPT0 (see Manual):
    Electrostatics sSAPT0          74.11158716 [mEh]      46.50572306 [kcal/mol]     194.57994527 [kJ/mol]
    Exchange sSAPT0                -0.00004518 [mEh]      -0.00002835 [kcal/mol]      -0.00011863 [kJ/mol]
    Induction sSAPT0               -1.07819942 [mEh]      -0.67658035 [kcal/mol]      -2.83081219 [kJ/mol]
    Dispersion sSAPT0              -0.10936980 [mEh]      -0.06863058 [kcal/mol]      -0.28715037 [kJ/mol]
  Total sSAPT0                     72.92397275 [mEh]      45.76048377 [kcal/mol]     191.46186408 [kJ/mol]
  --------------------------------------------------------------------------------------------------------

*** tstop() called on aliaconda at Sun Mar 20 05:18:49 2022
Module time:
	user time   =     685.45 seconds =      11.42 minutes
	system time =     116.10 seconds =       1.94 minutes
	total time  =         49 seconds =       0.82 minutes
Total time:
	user time   =   51980.44 seconds =     866.34 minutes
	system time =    7198.67 seconds =     119.98 minutes
	total time  =       3312 seconds =      55.20 minutes


Warning! sapt0 does not have an associated derived wavefunction.The returned wavefunction is the dimer SCF wavefunction.


  Memory set to  74.506 GiB by Python driver.
  Threads set to 32 by Python driver.
