
Scratch directory: /tmp/

Scratch directory: /tmp/

  //>>>>>>>>>>>>>>>>>>>>>>>>>>>>>>>>>>>//
  //              Dimer HF             //
  //<<<<<<<<<<<<<<<<<<<<<<<<<<<<<<<<<<<//


*** tstart() called on aliaconda
*** at Sun Mar 20 06:31:12 2022

   => Loading Basis Set <=

    Name: JUN-CC-PVDZ
    Role: ORBITAL
    Keyword: BASIS
    atoms 1, 14                                          entry N          line   198 file /home/alia/anaconda3/envs/mddemo/share/psi4/basis/jun-cc-pvdz.gbs 
    atoms 2-4, 6, 8-10, 13, 15-17, 19, 21, 23, 25-27, 30 entry H          line    36 file /home/alia/anaconda3/envs/mddemo/share/psi4/basis/jun-cc-pvdz.gbs 
    atoms 5, 7, 11, 18, 20, 24, 28                       entry C          line   164 file /home/alia/anaconda3/envs/mddemo/share/psi4/basis/jun-cc-pvdz.gbs 
    atoms 12, 22, 29                                     entry O          line   232 file /home/alia/anaconda3/envs/mddemo/share/psi4/basis/jun-cc-pvdz.gbs 


         ---------------------------------------------------------
                                   SCF
               by Justin Turney, Rob Parrish, Andy Simmonett
                          and Daniel G. A. Smith
                              RHF Reference
                       32 Threads,  76293 MiB Core
         ---------------------------------------------------------

  ==> Geometry <==

    Molecular point group: c1
    Full point group: C1

    Geometry (in Angstrom), charge = 2, multiplicity = 1:

       Center              X                  Y                   Z               Mass       
    ------------   -----------------  -----------------  -----------------  -----------------
         N           -0.185432588929    -6.773728431430    -1.153687839614    14.003074004430
         H           -0.723432695740    -6.904728234973    -0.081687812911     1.007825032230
         H           -1.133432543152    -7.089728177753    -1.825688009368     1.007825032230
         H            0.480567300445    -7.508728326526    -1.224687938796     1.007825032230
         C            0.311567628509    -5.507728160587    -1.411688213454    12.000000000000
         H           -0.304432546967    -4.863728107181    -0.759688263045     1.007825032230
         C            1.768567645675    -5.525728286472    -0.847688083754    12.000000000000
         H            2.628567540771    -6.010728419986    -1.439688091384     1.007825032230
         H            1.707567536956    -6.097728313175     0.054311866654     1.007825032230
         H            2.110567653305    -4.487728179660    -0.624688034163     1.007825032230
         C            0.150567376739    -5.009728492465    -2.787688140975    12.000000000000
         O           -0.503432428711    -5.703728259769    -3.588688020812    15.994914619570
         H            0.594830834991    -4.052846015659    -3.099145536529     1.007825032230
         N            0.771567666656     2.882272182736     0.538312072648    14.003074004430
         H            0.811567628509     2.910272060666    -0.665687923537     1.007825032230
         H            0.608567559845     1.701271473202     0.701312179460     1.007825032230
         H            1.770567500717     3.076271473202     0.808312053575     1.007825032230
         C           -0.309432661408     3.743271290097     0.943311805619    12.000000000000
         H           -1.178432619446     3.149271427426     0.851311797990     1.007825032230
         C           -0.376432573670     4.192271648678     2.448311920060    12.000000000000
         H           -1.314432299012     4.810271679196     2.554311866654     1.007825032230
         O            0.637567365295     5.043271480832     2.865311736955    15.994914619570
         H            1.426567638046     4.523271976742     2.834311599626     1.007825032230
         C           -0.309432661408     3.028272091183     3.381311530961    12.000000000000
         H            0.705567681915     2.557271419797     3.390312309159     1.007825032230
         H           -1.070432340973     2.252272068295     3.155311698808     1.007825032230
         H           -0.489432489747     3.304272114071     4.444312209977     1.007825032230
         C           -0.503432428711     4.826271473202    -0.083688144790    12.000000000000
         O           -1.637432253235     5.098271786007    -0.512688045607    15.994914619570
         H            0.368072831756     5.383009372983    -0.458549385177     1.007825032230

  Running in c1 symmetry.

  Rotational constants: A =      0.03729  B =      0.00345  C =      0.00327 [cm^-1]
  Rotational constants: A =   1117.83256  B =    103.53549  C =     98.12833 [MHz]
  Nuclear repulsion =  634.967339788658364

  Charge       = 2
  Multiplicity = 1
  Electrons    = 96
  Nalpha       = 48
  Nbeta        = 48

  ==> Algorithm <==

  SCF Algorithm Type is DF.
  DIIS enabled.
  MOM disabled.
  Fractional occupation disabled.
  Guess Type is SAD.
  Energy threshold   = 1.00e-08
  Density threshold  = 1.00e-08
  Integral threshold = 1.00e-12

  ==> Primary Basis <==

  Basis Set: JUN-CC-PVDZ
    Blend: JUN-CC-PVDZ
    Number of shells: 150
    Number of basis functions: 306
    Number of Cartesian functions: 318
    Spherical Harmonics?: true
    Max angular momentum: 2

   => Loading Basis Set <=

    Name: (JUN-CC-PVDZ AUX)
    Role: JKFIT
    Keyword: DF_BASIS_SCF
    atoms 1, 14                                          entry N          line   202 file /home/alia/anaconda3/envs/mddemo/share/psi4/basis/jun-cc-pvdz-jkfit.gbs 
    atoms 2-4, 6, 8-10, 13, 15-17, 19, 21, 23, 25-27, 30 entry H          line    70 file /home/alia/anaconda3/envs/mddemo/share/psi4/basis/jun-cc-pvdz-jkfit.gbs 
    atoms 5, 7, 11, 18, 20, 24, 28                       entry C          line   146 file /home/alia/anaconda3/envs/mddemo/share/psi4/basis/jun-cc-pvdz-jkfit.gbs 
    atoms 12, 22, 29                                     entry O          line   258 file /home/alia/anaconda3/envs/mddemo/share/psi4/basis/jun-cc-pvdz-jkfit.gbs 

  ==> Integral Setup <==

  ==> DiskDFJK: Density-Fitted J/K Matrices <==

    J tasked:                  Yes
    K tasked:                  Yes
    wK tasked:                  No
    OpenMP threads:             32
    Integrals threads:          32
    Memory [MiB]:            57220
    Algorithm:                Core
    Integral Cache:           SAVE
    Schwarz Cutoff:          1E-12
    Fitting Condition:       1E-10

   => Auxiliary Basis Set <=

  Basis Set: (JUN-CC-PVDZ AUX)
    Blend: JUN-CC-PVDZ-JKFIT
    Number of shells: 486
    Number of basis functions: 1362
    Number of Cartesian functions: 1542
    Spherical Harmonics?: true
    Max angular momentum: 3

  Minimum eigenvalue in the overlap matrix is 5.9117573556E-05.
  Reciprocal condition number of the overlap matrix is 5.2030175168E-06.
    Using symmetric orthogonalization.

  ==> Pre-Iterations <==

  SCF Guess: Superposition of Atomic Densities via on-the-fly atomic UHF (no occupation information).

   -------------------------
    Irrep   Nso     Nmo    
   -------------------------
     A        306     306 
   -------------------------
    Total     306     306
   -------------------------

  ==> Iterations <==

                           Total Energy        Delta E     RMS |[F,P]|

   @DF-RHF iter SAD:  -607.54130430000350   -6.07541e+02   0.00000e+00 
   @DF-RHF iter   1:  -607.94985029295776   -4.08546e-01   2.84349e-03 DIIS
   @DF-RHF iter   2:  -608.27486018620311   -3.25010e-01   1.81718e-03 DIIS
   @DF-RHF iter   3:  -608.39059800215477   -1.15738e-01   4.03539e-04 DIIS
   @DF-RHF iter   4:  -608.39973553839911   -9.13754e-03   1.53067e-04 DIIS
   @DF-RHF iter   5:  -608.40108279867388   -1.34726e-03   3.53024e-05 DIIS
   @DF-RHF iter   6:  -608.40121308673702   -1.30288e-04   1.75087e-05 DIIS
   @DF-RHF iter   7:  -608.40124438835755   -3.13016e-05   8.17841e-06 DIIS
   @DF-RHF iter   8:  -608.40125244327294   -8.05492e-06   3.54724e-06 DIIS
   @DF-RHF iter   9:  -608.40125394522818   -1.50196e-06   1.39792e-06 DIIS
   @DF-RHF iter  10:  -608.40125417584068   -2.30612e-07   4.60129e-07 DIIS
   @DF-RHF iter  11:  -608.40125421086657   -3.50259e-08   2.23257e-07 DIIS
   @DF-RHF iter  12:  -608.40125422377741   -1.29108e-08   1.22968e-07 DIIS
   @DF-RHF iter  13:  -608.40125422864583   -4.86841e-09   5.95115e-08 DIIS
   @DF-RHF iter  14:  -608.40125422992537   -1.27955e-09   1.93350e-08 DIIS
   @DF-RHF iter  15:  -608.40125423000791   -8.25366e-11   5.69422e-09 DIIS
  Energy and wave function converged.


  ==> Post-Iterations <==

    Orbital Energies [Eh]
    ---------------------

    Doubly Occupied:                                                      

       1A    -20.813514     2A    -20.800610     3A    -20.782532  
       4A    -16.008322     5A    -15.981171     6A    -11.591261  
       7A    -11.573146     8A    -11.562939     9A    -11.546808  
      10A    -11.530228    11A    -11.496841    12A    -11.448976  
      13A     -1.632440    14A     -1.615442    15A     -1.604146  
      16A     -1.575615    17A     -1.564280    18A     -1.301754  
      19A     -1.293649    20A     -1.214772    21A     -1.177098  
      22A     -1.085762    23A     -1.080737    24A     -1.069198  
      25A     -1.020437    26A     -1.010998    27A     -0.986838  
      28A     -0.973400    29A     -0.956324    30A     -0.935351  
      31A     -0.899494    32A     -0.883555    33A     -0.862655  
      34A     -0.857649    35A     -0.850255    36A     -0.829142  
      37A     -0.812726    38A     -0.810977    39A     -0.798332  
      40A     -0.765295    41A     -0.757884    42A     -0.746613  
      43A     -0.730220    44A     -0.727263    45A     -0.701066  
      46A     -0.678957    47A     -0.675189    48A     -0.649733  

    Virtual:                                                              

      49A     -0.199626    50A     -0.177695    51A     -0.146490  
      52A     -0.134658    53A     -0.132017    54A     -0.127791  
      55A     -0.116420    56A     -0.112726    57A     -0.109575  
      58A     -0.097085    59A     -0.093533    60A     -0.087654  
      61A     -0.083244    62A     -0.078754    63A     -0.074502  
      64A     -0.071232    65A     -0.064648    66A     -0.061712  
      67A     -0.059592    68A     -0.052565    69A     -0.050081  
      70A     -0.039680    71A     -0.037390    72A     -0.032146  
      73A     -0.025675    74A     -0.023379    75A     -0.020606  
      76A     -0.016542    77A     -0.015621    78A     -0.006821  
      79A     -0.004879    80A     -0.001274    81A      0.014360  
      82A      0.020756    83A      0.023241    84A      0.029067  
      85A      0.040357    86A      0.041012    87A      0.045663  
      88A      0.057981    89A      0.059406    90A      0.060928  
      91A      0.067442    92A      0.090539    93A      0.094095  
      94A      0.101174    95A      0.101842    96A      0.103757  
      97A      0.115254    98A      0.116775    99A      0.122224  
     100A      0.123650   101A      0.130626   102A      0.140287  
     103A      0.146460   104A      0.149795   105A      0.165747  
     106A      0.168317   107A      0.169629   108A      0.171909  
     109A      0.185984   110A      0.194699   111A      0.201806  
     112A      0.211362   113A      0.225006   114A      0.226273  
     115A      0.233025   116A      0.236612   117A      0.247087  
     118A      0.263232   119A      0.270847   120A      0.272765  
     121A      0.277418   122A      0.301996   123A      0.327293  
     124A      0.339167   125A      0.373349   126A      0.375005  
     127A      0.456757   128A      0.489199   129A      0.495167  
     130A      0.505641   131A      0.509311   132A      0.530342  
     133A      0.542060   134A      0.553743   135A      0.559746  
     136A      0.561958   137A      0.581348   138A      0.581782  
     139A      0.597905   140A      0.619763   141A      0.625037  
     142A      0.627490   143A      0.632377   144A      0.635023  
     145A      0.643796   146A      0.656766   147A      0.671830  
     148A      0.682911   149A      0.686029   150A      0.690629  
     151A      0.693786   152A      0.707477   153A      0.710539  
     154A      0.713176   155A      0.734203   156A      0.743474  
     157A      0.748462   158A      0.754854   159A      0.766647  
     160A      0.773061   161A      0.778876   162A      0.809359  
     163A      0.820416   164A      0.825044   165A      0.831630  
     166A      0.836704   167A      0.838762   168A      0.858283  
     169A      0.867430   170A      0.891037   171A      0.900998  
     172A      0.909048   173A      0.925720   174A      0.939921  
     175A      0.965461   176A      1.037720   177A      1.053674  
     178A      1.056544   179A      1.107063   180A      1.115920  
     181A      1.138873   182A      1.157142   183A      1.157648  
     184A      1.172681   185A      1.188963   186A      1.235152  
     187A      1.242014   188A      1.255754   189A      1.279462  
     190A      1.281069   191A      1.283769   192A      1.285768  
     193A      1.303847   194A      1.310378   195A      1.325862  
     196A      1.331244   197A      1.346071   198A      1.347265  
     199A      1.352276   200A      1.382512   201A      1.397289  
     202A      1.402441   203A      1.426418   204A      1.442942  
     205A      1.443771   206A      1.453902   207A      1.490557  
     208A      1.547037   209A      1.558856   210A      1.570211  
     211A      1.582771   212A      1.587624   213A      1.597522  
     214A      1.607304   215A      1.619461   216A      1.638413  
     217A      1.647243   218A      1.664266   219A      1.671985  
     220A      1.688645   221A      1.695423   222A      1.703168  
     223A      1.711494   224A      1.715651   225A      1.739206  
     226A      1.744340   227A      1.750068   228A      1.761904  
     229A      1.773699   230A      1.781405   231A      1.786662  
     232A      1.793020   233A      1.793311   234A      1.803153  
     235A      1.827069   236A      1.836281   237A      1.852338  
     238A      1.859964   239A      1.860996   240A      1.888748  
     241A      1.900961   242A      1.901447   243A      1.920078  
     244A      1.944661   245A      1.964960   246A      1.981008  
     247A      1.993864   248A      2.009101   249A      2.027999  
     250A      2.057971   251A      2.061434   252A      2.081264  
     253A      2.091163   254A      2.106335   255A      2.130566  
     256A      2.149910   257A      2.176382   258A      2.183371  
     259A      2.189942   260A      2.224301   261A      2.240356  
     262A      2.276683   263A      2.300867   264A      2.304137  
     265A      2.344533   266A      2.370446   267A      2.394732  
     268A      2.418016   269A      2.429951   270A      2.434237  
     271A      2.445252   272A      2.473428   273A      2.489334  
     274A      2.498086   275A      2.522203   276A      2.567918  
     277A      2.568090   278A      2.598066   279A      2.599594  
     280A      2.618404   281A      2.651582   282A      2.665037  
     283A      2.669636   284A      2.696413   285A      2.739219  
     286A      2.746472   287A      2.769356   288A      2.826581  
     289A      2.848208   290A      2.886330   291A      2.906155  
     292A      2.973303   293A      2.984711   294A      3.053441  
     295A      3.098187   296A      3.134742   297A      3.192826  
     298A      3.214270   299A      3.249315   300A      3.310941  
     301A      3.482930   302A      3.507156   303A      3.522048  
     304A      3.690523   305A      3.718925   306A      3.956576  

    Final Occupation by Irrep:
              A 
    DOCC [    48 ]

  @DF-RHF Final Energy:  -608.40125423000791

   => Energetics <=

    Nuclear Repulsion Energy =            634.9673397886583643
    One-Electron Energy =               -2064.1939930022558656
    Two-Electron Energy =                 820.8253989835895936
    Total Energy =                       -608.4012542300079076

Computation Completed


Properties will be evaluated at   0.000000,   0.000000,   0.000000 [a0]

Properties computed using the SCF density matrix

  Nuclear Dipole Moment: [e a0]
     X:     6.5524      Y:   -12.4812      Z:     8.0715

  Electronic Dipole Moment: [e a0]
     X:    -4.1662      Y:     5.3884      Z:    -7.7276

  Dipole Moment: [e a0]
     X:     2.3862      Y:    -7.0927      Z:     0.3439     Total:     7.4913

  Dipole Moment: [D]
     X:     6.0652      Y:   -18.0280      Z:     0.8741     Total:    19.0410


*** tstop() called on aliaconda at Sun Mar 20 06:31:26 2022
Module time:
	user time   =     316.00 seconds =       5.27 minutes
	system time =      39.28 seconds =       0.65 minutes
	total time  =         14 seconds =       0.23 minutes
Total time:
	user time   =  125933.38 seconds =    2098.89 minutes
	system time =   17725.46 seconds =     295.42 minutes
	total time  =       7669 seconds =     127.82 minutes

  //>>>>>>>>>>>>>>>>>>>>>>>>>>>>>>>>>>>//
  //            Monomer A HF           //
  //<<<<<<<<<<<<<<<<<<<<<<<<<<<<<<<<<<<//


*** tstart() called on aliaconda
*** at Sun Mar 20 06:31:26 2022

   => Loading Basis Set <=

    Name: JUN-CC-PVDZ
    Role: ORBITAL
    Keyword: BASIS
    atoms 1, 14                                          entry N          line   198 file /home/alia/anaconda3/envs/mddemo/share/psi4/basis/jun-cc-pvdz.gbs 
    atoms 2-4, 6, 8-10, 13, 15-17, 19, 21, 23, 25-27, 30 entry H          line    36 file /home/alia/anaconda3/envs/mddemo/share/psi4/basis/jun-cc-pvdz.gbs 
    atoms 5, 7, 11, 18, 20, 24, 28                       entry C          line   164 file /home/alia/anaconda3/envs/mddemo/share/psi4/basis/jun-cc-pvdz.gbs 
    atoms 12, 22, 29                                     entry O          line   232 file /home/alia/anaconda3/envs/mddemo/share/psi4/basis/jun-cc-pvdz.gbs 


         ---------------------------------------------------------
                                   SCF
               by Justin Turney, Rob Parrish, Andy Simmonett
                          and Daniel G. A. Smith
                              RHF Reference
                       32 Threads,  76293 MiB Core
         ---------------------------------------------------------

  ==> Geometry <==

    Molecular point group: c1
    Full point group: C1

    Geometry (in Angstrom), charge = 1, multiplicity = 1:

       Center              X                  Y                   Z               Mass       
    ------------   -----------------  -----------------  -----------------  -----------------
         N           -0.185432588929    -6.773728431430    -1.153687839614    14.003074004430
         H           -0.723432695740    -6.904728234973    -0.081687812911     1.007825032230
         H           -1.133432543152    -7.089728177753    -1.825688009368     1.007825032230
         H            0.480567300445    -7.508728326526    -1.224687938796     1.007825032230
         C            0.311567628509    -5.507728160587    -1.411688213454    12.000000000000
         H           -0.304432546967    -4.863728107181    -0.759688263045     1.007825032230
         C            1.768567645675    -5.525728286472    -0.847688083754    12.000000000000
         H            2.628567540771    -6.010728419986    -1.439688091384     1.007825032230
         H            1.707567536956    -6.097728313175     0.054311866654     1.007825032230
         H            2.110567653305    -4.487728179660    -0.624688034163     1.007825032230
         C            0.150567376739    -5.009728492465    -2.787688140975    12.000000000000
         O           -0.503432428711    -5.703728259769    -3.588688020812    15.994914619570
         H            0.594830834991    -4.052846015659    -3.099145536529     1.007825032230
      Gh(N)           0.771567666656     2.882272182736     0.538312072648    14.003074004430
      Gh(H)           0.811567628509     2.910272060666    -0.665687923537     1.007825032230
      Gh(H)           0.608567559845     1.701271473202     0.701312179460     1.007825032230
      Gh(H)           1.770567500717     3.076271473202     0.808312053575     1.007825032230
      Gh(C)          -0.309432661408     3.743271290097     0.943311805619    12.000000000000
      Gh(H)          -1.178432619446     3.149271427426     0.851311797990     1.007825032230
      Gh(C)          -0.376432573670     4.192271648678     2.448311920060    12.000000000000
      Gh(H)          -1.314432299012     4.810271679196     2.554311866654     1.007825032230
      Gh(O)           0.637567365295     5.043271480832     2.865311736955    15.994914619570
      Gh(H)           1.426567638046     4.523271976742     2.834311599626     1.007825032230
      Gh(C)          -0.309432661408     3.028272091183     3.381311530961    12.000000000000
      Gh(H)           0.705567681915     2.557271419797     3.390312309159     1.007825032230
      Gh(H)          -1.070432340973     2.252272068295     3.155311698808     1.007825032230
      Gh(H)          -0.489432489747     3.304272114071     4.444312209977     1.007825032230
      Gh(C)          -0.503432428711     4.826271473202    -0.083688144790    12.000000000000
      Gh(O)          -1.637432253235     5.098271786007    -0.512688045607    15.994914619570
      Gh(H)           0.368072831756     5.383009372983    -0.458549385177     1.007825032230

  Running in c1 symmetry.

  Rotational constants: A =      0.03729  B =      0.00345  C =      0.00327 [cm^-1]
  Rotational constants: A =   1117.83256  B =    103.53549  C =     98.12833 [MHz]
  Nuclear repulsion =  188.193230700890354

  Charge       = 1
  Multiplicity = 1
  Electrons    = 40
  Nalpha       = 20
  Nbeta        = 20

  ==> Algorithm <==

  SCF Algorithm Type is DF.
  DIIS enabled.
  MOM disabled.
  Fractional occupation disabled.
  Guess Type is SAD.
  Energy threshold   = 1.00e-08
  Density threshold  = 1.00e-08
  Integral threshold = 1.00e-12

  ==> Primary Basis <==

  Basis Set: JUN-CC-PVDZ
    Blend: JUN-CC-PVDZ
    Number of shells: 150
    Number of basis functions: 306
    Number of Cartesian functions: 318
    Spherical Harmonics?: true
    Max angular momentum: 2

   => Loading Basis Set <=

    Name: (JUN-CC-PVDZ AUX)
    Role: JKFIT
    Keyword: DF_BASIS_SCF
    atoms 1, 14                                          entry N          line   202 file /home/alia/anaconda3/envs/mddemo/share/psi4/basis/jun-cc-pvdz-jkfit.gbs 
    atoms 2-4, 6, 8-10, 13, 15-17, 19, 21, 23, 25-27, 30 entry H          line    70 file /home/alia/anaconda3/envs/mddemo/share/psi4/basis/jun-cc-pvdz-jkfit.gbs 
    atoms 5, 7, 11, 18, 20, 24, 28                       entry C          line   146 file /home/alia/anaconda3/envs/mddemo/share/psi4/basis/jun-cc-pvdz-jkfit.gbs 
    atoms 12, 22, 29                                     entry O          line   258 file /home/alia/anaconda3/envs/mddemo/share/psi4/basis/jun-cc-pvdz-jkfit.gbs 

  ==> Integral Setup <==

  ==> DiskDFJK: Density-Fitted J/K Matrices <==

    J tasked:                  Yes
    K tasked:                  Yes
    wK tasked:                  No
    OpenMP threads:             32
    Integrals threads:          32
    Memory [MiB]:            57220
    Algorithm:                Core
    Integral Cache:           LOAD
    Schwarz Cutoff:          1E-12
    Fitting Condition:       1E-10

   => Auxiliary Basis Set <=

  Basis Set: (JUN-CC-PVDZ AUX)
    Blend: JUN-CC-PVDZ-JKFIT
    Number of shells: 486
    Number of basis functions: 1362
    Number of Cartesian functions: 1542
    Spherical Harmonics?: true
    Max angular momentum: 3

  Minimum eigenvalue in the overlap matrix is 5.9117573556E-05.
  Reciprocal condition number of the overlap matrix is 5.2030175168E-06.
    Using symmetric orthogonalization.

  ==> Pre-Iterations <==

  SCF Guess: Superposition of Atomic Densities via on-the-fly atomic UHF (no occupation information).

   -------------------------
    Irrep   Nso     Nmo    
   -------------------------
     A        306     306 
   -------------------------
    Total     306     306
   -------------------------

  ==> Iterations <==

                           Total Energy        Delta E     RMS |[F,P]|

   @DF-RHF iter SAD:  -246.89981839822963   -2.46900e+02   0.00000e+00 
   @DF-RHF iter   1:  -247.11054526927487   -2.10727e-01   1.76364e-03 DIIS
   @DF-RHF iter   2:  -247.24068944762470   -1.30144e-01   1.10108e-03 DIIS
   @DF-RHF iter   3:  -247.28361182567994   -4.29224e-02   2.52271e-04 DIIS
   @DF-RHF iter   4:  -247.28734778596538   -3.73596e-03   9.00607e-05 DIIS
   @DF-RHF iter   5:  -247.28784833060320   -5.00545e-04   2.10959e-05 DIIS
   @DF-RHF iter   6:  -247.28790161513555   -5.32845e-05   9.57343e-06 DIIS
   @DF-RHF iter   7:  -247.28791156015851   -9.94502e-06   4.70541e-06 DIIS
   @DF-RHF iter   8:  -247.28791445551514   -2.89536e-06   1.60776e-06 DIIS
   @DF-RHF iter   9:  -247.28791481395291   -3.58438e-07   3.63755e-07 DIIS
   @DF-RHF iter  10:  -247.28791483232422   -1.83713e-08   1.34098e-07 DIIS
   @DF-RHF iter  11:  -247.28791483588412   -3.55990e-09   5.67621e-08 DIIS
   @DF-RHF iter  12:  -247.28791483679237   -9.08244e-10   2.96209e-08 DIIS
   @DF-RHF iter  13:  -247.28791483712749   -3.35120e-10   8.63038e-09 DIIS
  Energy and wave function converged.


  ==> Post-Iterations <==

    Orbital Energies [Eh]
    ---------------------

    Doubly Occupied:                                                      

       1A    -20.753335     2A    -15.925293     3A    -11.531116  
       4A    -11.501655     5A    -11.435152     6A     -1.573280  
       7A     -1.518108     8A     -1.241615     9A     -1.116249  
      10A     -1.026330    11A     -0.962890    12A     -0.928405  
      13A     -0.875457    14A     -0.824370    15A     -0.790537  
      16A     -0.751444    17A     -0.737601    18A     -0.703780  
      19A     -0.671035    20A     -0.618881  

    Virtual:                                                              

      21A     -0.121792    22A     -0.073129    23A     -0.069185  
      24A     -0.055302    25A     -0.046940    26A     -0.031546  
      27A     -0.025978    28A     -0.022571    29A     -0.012145  
      30A     -0.005316    31A     -0.001967    32A      0.001150  
      33A      0.013158    34A      0.017932    35A      0.019448  
      36A      0.027904    37A      0.032920    38A      0.036665  
      39A      0.040352    40A      0.044712    41A      0.051923  
      42A      0.055267    43A      0.059015    44A      0.070298  
      45A      0.074931    46A      0.083763    47A      0.087543  
      48A      0.092899    49A      0.097716    50A      0.101979  
      51A      0.106680    52A      0.109698    53A      0.114777  
      54A      0.121252    55A      0.142090    56A      0.148553  
      57A      0.154561    58A      0.159509    59A      0.159792  
      60A      0.161377    61A      0.165106    62A      0.170356  
      63A      0.177113    64A      0.180291    65A      0.181162  
      66A      0.192518    67A      0.195704    68A      0.212854  
      69A      0.223972    70A      0.228547    71A      0.232662  
      72A      0.244469    73A      0.248079    74A      0.254687  
      75A      0.261250    76A      0.274970    77A      0.284778  
      78A      0.293271    79A      0.303974    80A      0.315424  
      81A      0.325469    82A      0.331523    83A      0.335218  
      84A      0.343670    85A      0.364780    86A      0.369882  
      87A      0.384599    88A      0.389627    89A      0.402835  
      90A      0.435079    91A      0.448226    92A      0.462840  
      93A      0.482867    94A      0.486160    95A      0.516079  
      96A      0.522402    97A      0.541394    98A      0.551021  
      99A      0.556009   100A      0.565404   101A      0.571671  
     102A      0.588963   103A      0.591541   104A      0.594107  
     105A      0.611282   106A      0.616633   107A      0.641984  
     108A      0.647656   109A      0.657659   110A      0.669723  
     111A      0.685458   112A      0.688695   113A      0.692012  
     114A      0.696888   115A      0.716024   116A      0.732732  
     117A      0.741327   118A      0.743335   119A      0.753136  
     120A      0.767722   121A      0.771413   122A      0.799759  
     123A      0.803383   124A      0.810980   125A      0.828356  
     126A      0.848234   127A      0.867675   128A      0.882196  
     129A      0.896012   130A      0.896456   131A      0.913526  
     132A      0.916918   133A      0.943371   134A      0.960271  
     135A      0.962664   136A      0.982499   137A      0.996210  
     138A      1.001184   139A      1.040891   140A      1.097243  
     141A      1.117714   142A      1.132459   143A      1.176087  
     144A      1.208135   145A      1.218782   146A      1.294888  
     147A      1.314785   148A      1.338172   149A      1.343388  
     150A      1.384344   151A      1.409621   152A      1.457586  
     153A      1.486888   154A      1.502475   155A      1.509965  
     156A      1.551164   157A      1.560477   158A      1.604333  
     159A      1.607171   160A      1.630833   161A      1.632134  
     162A      1.647642   163A      1.652756   164A      1.669377  
     165A      1.674985   166A      1.690305   167A      1.698698  
     168A      1.708466   169A      1.724129   170A      1.731181  
     171A      1.743191   172A      1.755981   173A      1.776387  
     174A      1.779401   175A      1.804108   176A      1.821777  
     177A      1.836673   178A      1.840977   179A      1.843028  
     180A      1.846724   181A      1.853499   182A      1.872505  
     183A      1.883927   184A      1.892081   185A      1.912354  
     186A      1.913683   187A      1.918747   188A      1.923834  
     189A      1.940989   190A      1.960656   191A      1.965522  
     192A      1.993259   193A      2.003542   194A      2.005588  
     195A      2.018317   196A      2.041049   197A      2.053279  
     198A      2.068567   199A      2.069088   200A      2.077431  
     201A      2.083134   202A      2.121250   203A      2.138451  
     204A      2.142225   205A      2.151323   206A      2.159295  
     207A      2.179671   208A      2.190674   209A      2.199104  
     210A      2.214060   211A      2.240191   212A      2.243015  
     213A      2.271481   214A      2.285526   215A      2.310871  
     216A      2.327226   217A      2.341615   218A      2.359832  
     219A      2.360618   220A      2.407984   221A      2.421099  
     222A      2.444586   223A      2.453458   224A      2.455047  
     225A      2.471656   226A      2.494210   227A      2.509106  
     228A      2.533806   229A      2.541525   230A      2.557688  
     231A      2.570446   232A      2.581818   233A      2.594676  
     234A      2.627071   235A      2.629164   236A      2.650252  
     237A      2.672452   238A      2.680390   239A      2.724928  
     240A      2.729286   241A      2.736259   242A      2.754117  
     243A      2.784538   244A      2.805202   245A      2.833805  
     246A      2.863830   247A      2.885724   248A      2.892535  
     249A      2.922686   250A      2.954413   251A      2.964468  
     252A      3.032079   253A      3.032733   254A      3.043118  
     255A      3.111186   256A      3.139663   257A      3.155127  
     258A      3.233142   259A      3.272999   260A      3.296977  
     261A      3.314209   262A      3.397692   263A      3.441481  
     264A      3.486426   265A      3.539364   266A      3.566620  
     267A      3.599415   268A      3.618335   269A      3.749576  
     270A      3.775027   271A      3.941708   272A      4.029712  
     273A      4.047439   274A      4.186852   275A      4.214056  
     276A      4.319417   277A      4.445608   278A      4.490999  
     279A      4.590828   280A      4.644656   281A      4.655343  
     282A      4.727944   283A      4.790137   284A      4.812370  
     285A      4.849543   286A      4.878593   287A      4.926035  
     288A      5.034055   289A      5.117670   290A      5.164709  
     291A      5.352807   292A      5.482661   293A      5.551861  
     294A      5.603452   295A      5.657659   296A      5.756357  
     297A      6.066097   298A      6.610173   299A      6.926058  
     300A     18.159314   301A     18.298068   302A     18.487255  
     303A     18.607723   304A     25.329819   305A     33.443506  
     306A     33.479088  

    Final Occupation by Irrep:
              A 
    DOCC [    20 ]

  @DF-RHF Final Energy:  -247.28791483712749

   => Energetics <=

    Nuclear Repulsion Energy =            188.1932307008903535
    One-Electron Energy =                -699.9892178753661938
    Two-Electron Energy =                 264.5080723373483238
    Total Energy =                       -247.2879148371275164

Computation Completed


Properties will be evaluated at   0.000000,   0.000000,   0.000000 [a0]

Properties computed using the SCF density matrix

  Nuclear Dipole Moment: [e a0]
     X:    25.3592      Y:  -446.5819      Z:  -143.7489

  Electronic Dipole Moment: [e a0]
     X:   -24.9201      Y:   434.8056      Z:   142.4221

  Dipole Moment: [e a0]
     X:     0.4391      Y:   -11.7763      Z:    -1.3268     Total:    11.8590

  Dipole Moment: [D]
     X:     1.1162      Y:   -29.9324      Z:    -3.3724     Total:    30.1425


*** tstop() called on aliaconda at Sun Mar 20 06:31:35 2022
Module time:
	user time   =     182.84 seconds =       3.05 minutes
	system time =      20.09 seconds =       0.33 minutes
	total time  =          9 seconds =       0.15 minutes
Total time:
	user time   =  126116.36 seconds =    2101.94 minutes
	system time =   17745.58 seconds =     295.76 minutes
	total time  =       7678 seconds =     127.97 minutes

  //>>>>>>>>>>>>>>>>>>>>>>>>>>>>>>>>>>>//
  //            Monomer B HF           //
  //<<<<<<<<<<<<<<<<<<<<<<<<<<<<<<<<<<<//


*** tstart() called on aliaconda
*** at Sun Mar 20 06:31:35 2022

   => Loading Basis Set <=

    Name: JUN-CC-PVDZ
    Role: ORBITAL
    Keyword: BASIS
    atoms 1, 14                                          entry N          line   198 file /home/alia/anaconda3/envs/mddemo/share/psi4/basis/jun-cc-pvdz.gbs 
    atoms 2-4, 6, 8-10, 13, 15-17, 19, 21, 23, 25-27, 30 entry H          line    36 file /home/alia/anaconda3/envs/mddemo/share/psi4/basis/jun-cc-pvdz.gbs 
    atoms 5, 7, 11, 18, 20, 24, 28                       entry C          line   164 file /home/alia/anaconda3/envs/mddemo/share/psi4/basis/jun-cc-pvdz.gbs 
    atoms 12, 22, 29                                     entry O          line   232 file /home/alia/anaconda3/envs/mddemo/share/psi4/basis/jun-cc-pvdz.gbs 


         ---------------------------------------------------------
                                   SCF
               by Justin Turney, Rob Parrish, Andy Simmonett
                          and Daniel G. A. Smith
                              RHF Reference
                       32 Threads,  76293 MiB Core
         ---------------------------------------------------------

  ==> Geometry <==

    Molecular point group: c1
    Full point group: C1

    Geometry (in Angstrom), charge = 1, multiplicity = 1:

       Center              X                  Y                   Z               Mass       
    ------------   -----------------  -----------------  -----------------  -----------------
      Gh(N)          -0.185432588929    -6.773728431430    -1.153687839614    14.003074004430
      Gh(H)          -0.723432695740    -6.904728234973    -0.081687812911     1.007825032230
      Gh(H)          -1.133432543152    -7.089728177753    -1.825688009368     1.007825032230
      Gh(H)           0.480567300445    -7.508728326526    -1.224687938796     1.007825032230
      Gh(C)           0.311567628509    -5.507728160587    -1.411688213454    12.000000000000
      Gh(H)          -0.304432546967    -4.863728107181    -0.759688263045     1.007825032230
      Gh(C)           1.768567645675    -5.525728286472    -0.847688083754    12.000000000000
      Gh(H)           2.628567540771    -6.010728419986    -1.439688091384     1.007825032230
      Gh(H)           1.707567536956    -6.097728313175     0.054311866654     1.007825032230
      Gh(H)           2.110567653305    -4.487728179660    -0.624688034163     1.007825032230
      Gh(C)           0.150567376739    -5.009728492465    -2.787688140975    12.000000000000
      Gh(O)          -0.503432428711    -5.703728259769    -3.588688020812    15.994914619570
      Gh(H)           0.594830834991    -4.052846015659    -3.099145536529     1.007825032230
         N            0.771567666656     2.882272182736     0.538312072648    14.003074004430
         H            0.811567628509     2.910272060666    -0.665687923537     1.007825032230
         H            0.608567559845     1.701271473202     0.701312179460     1.007825032230
         H            1.770567500717     3.076271473202     0.808312053575     1.007825032230
         C           -0.309432661408     3.743271290097     0.943311805619    12.000000000000
         H           -1.178432619446     3.149271427426     0.851311797990     1.007825032230
         C           -0.376432573670     4.192271648678     2.448311920060    12.000000000000
         H           -1.314432299012     4.810271679196     2.554311866654     1.007825032230
         O            0.637567365295     5.043271480832     2.865311736955    15.994914619570
         H            1.426567638046     4.523271976742     2.834311599626     1.007825032230
         C           -0.309432661408     3.028272091183     3.381311530961    12.000000000000
         H            0.705567681915     2.557271419797     3.390312309159     1.007825032230
         H           -1.070432340973     2.252272068295     3.155311698808     1.007825032230
         H           -0.489432489747     3.304272114071     4.444312209977     1.007825032230
         C           -0.503432428711     4.826271473202    -0.083688144790    12.000000000000
         O           -1.637432253235     5.098271786007    -0.512688045607    15.994914619570
         H            0.368072831756     5.383009372983    -0.458549385177     1.007825032230

  Running in c1 symmetry.

  Rotational constants: A =      0.03729  B =      0.00345  C =      0.00327 [cm^-1]
  Rotational constants: A =   1117.83256  B =    103.53549  C =     98.12833 [MHz]
  Nuclear repulsion =  328.393977026893708

  Charge       = 1
  Multiplicity = 1
  Electrons    = 56
  Nalpha       = 28
  Nbeta        = 28

  ==> Algorithm <==

  SCF Algorithm Type is DF.
  DIIS enabled.
  MOM disabled.
  Fractional occupation disabled.
  Guess Type is SAD.
  Energy threshold   = 1.00e-08
  Density threshold  = 1.00e-08
  Integral threshold = 1.00e-12

  ==> Primary Basis <==

  Basis Set: JUN-CC-PVDZ
    Blend: JUN-CC-PVDZ
    Number of shells: 150
    Number of basis functions: 306
    Number of Cartesian functions: 318
    Spherical Harmonics?: true
    Max angular momentum: 2

   => Loading Basis Set <=

    Name: (JUN-CC-PVDZ AUX)
    Role: JKFIT
    Keyword: DF_BASIS_SCF
    atoms 1, 14                                          entry N          line   202 file /home/alia/anaconda3/envs/mddemo/share/psi4/basis/jun-cc-pvdz-jkfit.gbs 
    atoms 2-4, 6, 8-10, 13, 15-17, 19, 21, 23, 25-27, 30 entry H          line    70 file /home/alia/anaconda3/envs/mddemo/share/psi4/basis/jun-cc-pvdz-jkfit.gbs 
    atoms 5, 7, 11, 18, 20, 24, 28                       entry C          line   146 file /home/alia/anaconda3/envs/mddemo/share/psi4/basis/jun-cc-pvdz-jkfit.gbs 
    atoms 12, 22, 29                                     entry O          line   258 file /home/alia/anaconda3/envs/mddemo/share/psi4/basis/jun-cc-pvdz-jkfit.gbs 

  ==> Integral Setup <==

  ==> DiskDFJK: Density-Fitted J/K Matrices <==

    J tasked:                  Yes
    K tasked:                  Yes
    wK tasked:                  No
    OpenMP threads:             32
    Integrals threads:          32
    Memory [MiB]:            57220
    Algorithm:                Core
    Integral Cache:           LOAD
    Schwarz Cutoff:          1E-12
    Fitting Condition:       1E-10

   => Auxiliary Basis Set <=

  Basis Set: (JUN-CC-PVDZ AUX)
    Blend: JUN-CC-PVDZ-JKFIT
    Number of shells: 486
    Number of basis functions: 1362
    Number of Cartesian functions: 1542
    Spherical Harmonics?: true
    Max angular momentum: 3

  Minimum eigenvalue in the overlap matrix is 5.9117573557E-05.
  Reciprocal condition number of the overlap matrix is 5.2030175169E-06.
    Using symmetric orthogonalization.

  ==> Pre-Iterations <==

  SCF Guess: Superposition of Atomic Densities via on-the-fly atomic UHF (no occupation information).

   -------------------------
    Irrep   Nso     Nmo    
   -------------------------
     A        306     306 
   -------------------------
    Total     306     306
   -------------------------

  ==> Iterations <==

                           Total Energy        Delta E     RMS |[F,P]|

   @DF-RHF iter SAD:  -360.64148542424897   -3.60641e+02   0.00000e+00 
   @DF-RHF iter   1:  -360.90370760274857   -2.62222e-01   2.21456e-03 DIIS
   @DF-RHF iter   2:  -361.09662864495516   -1.92921e-01   1.41492e-03 DIIS
   @DF-RHF iter   3:  -361.16636916360471   -6.97405e-02   3.11558e-04 DIIS
   @DF-RHF iter   4:  -361.17162246895560   -5.25331e-03   1.20700e-04 DIIS
   @DF-RHF iter   5:  -361.17242356686978   -8.01098e-04   2.67779e-05 DIIS
   @DF-RHF iter   6:  -361.17249502260921   -7.14557e-05   1.30170e-05 DIIS
   @DF-RHF iter   7:  -361.17251285050702   -1.78279e-05   5.72980e-06 DIIS
   @DF-RHF iter   8:  -361.17251719879368   -4.34829e-06   2.37312e-06 DIIS
   @DF-RHF iter   9:  -361.17251802566574   -8.26872e-07   7.28576e-07 DIIS
   @DF-RHF iter  10:  -361.17251812299844   -9.73327e-08   2.95191e-07 DIIS
   @DF-RHF iter  11:  -361.17251814432848   -2.13300e-08   1.53544e-07 DIIS
   @DF-RHF iter  12:  -361.17251815135745   -7.02897e-09   8.30498e-08 DIIS
   @DF-RHF iter  13:  -361.17251815373891   -2.38146e-09   3.45402e-08 DIIS
   @DF-RHF iter  14:  -361.17251815406416   -3.25258e-10   9.06457e-09 DIIS
  Energy and wave function converged.


  ==> Post-Iterations <==

    Orbital Energies [Eh]
    ---------------------

    Doubly Occupied:                                                      

       1A    -20.751785     2A    -20.734932     3A    -15.951793  
       4A    -11.524568     5A    -11.495147     6A    -11.480838  
       7A    -11.397508     8A     -1.566836     9A     -1.555775  
      10A     -1.509826    11A     -1.242042    12A     -1.163634  
      13A     -1.030560    14A     -1.017714    15A     -0.956776  
      16A     -0.920009    17A     -0.904421    18A     -0.848956  
      19A     -0.813846    20A     -0.807386    21A     -0.779534  
      22A     -0.760375    23A     -0.707385    24A     -0.697128  
      25A     -0.678319    26A     -0.651520    27A     -0.626557  
      28A     -0.600798  

    Virtual:                                                              

      29A     -0.138070    30A     -0.085249    31A     -0.074049  
      32A     -0.060554    33A     -0.042199    34A     -0.034796  
      35A     -0.029367    36A     -0.024716    37A     -0.023487  
      38A     -0.012090    39A     -0.005217    40A     -0.001594  
      41A      0.001841    42A      0.004989    43A      0.009922  
      44A      0.015817    45A      0.026734    46A      0.028778  
      47A      0.041248    48A      0.043064    49A      0.045916  
      50A      0.047010    51A      0.050754    52A      0.058320  
      53A      0.059397    54A      0.069984    55A      0.073775  
      56A      0.078487    57A      0.090418    58A      0.097614  
      59A      0.104456    60A      0.108565    61A      0.111532  
      62A      0.116406    63A      0.120465    64A      0.131904  
      65A      0.138836    66A      0.148810    67A      0.150091  
      68A      0.151648    69A      0.154949    70A      0.165008  
      71A      0.168407    72A      0.172462    73A      0.182048  
      74A      0.191730    75A      0.195972    76A      0.198096  
      77A      0.199900    78A      0.210795    79A      0.217139  
      80A      0.219440    81A      0.233358    82A      0.242863  
      83A      0.250262    84A      0.261262    85A      0.272183  
      86A      0.275282    87A      0.284704    88A      0.293036  
      89A      0.296138    90A      0.306124    91A      0.315888  
      92A      0.321820    93A      0.325762    94A      0.345978  
      95A      0.351752    96A      0.363808    97A      0.376236  
      98A      0.386090    99A      0.388760   100A      0.402396  
     101A      0.422108   102A      0.437854   103A      0.456997  
     104A      0.479143   105A      0.511470   106A      0.532496  
     107A      0.540526   108A      0.543848   109A      0.551474  
     110A      0.561460   111A      0.591970   112A      0.596087  
     113A      0.613680   114A      0.617435   115A      0.631126  
     116A      0.634972   117A      0.643474   118A      0.671600  
     119A      0.678770   120A      0.695251   121A      0.697451  
     122A      0.707107   123A      0.721878   124A      0.738694  
     125A      0.741494   126A      0.758479   127A      0.762386  
     128A      0.778325   129A      0.788761   130A      0.799968  
     131A      0.806109   132A      0.824318   133A      0.826875  
     134A      0.830338   135A      0.842331   136A      0.872571  
     137A      0.882454   138A      0.884223   139A      0.889557  
     140A      0.894671   141A      0.920771   142A      0.933629  
     143A      0.940140   144A      0.960480   145A      0.978046  
     146A      0.991762   147A      1.016104   148A      1.104291  
     149A      1.157053   150A      1.169946   151A      1.188193  
     152A      1.207189   153A      1.223943   154A      1.240175  
     155A      1.292497   156A      1.331227   157A      1.334199  
     158A      1.352507   159A      1.360032   160A      1.380873  
     161A      1.394095   162A      1.401419   163A      1.431724  
     164A      1.452785   165A      1.492258   166A      1.493226  
     167A      1.503648   168A      1.505522   169A      1.541173  
     170A      1.561549   171A      1.590996   172A      1.599882  
     173A      1.610336   174A      1.634442   175A      1.647955  
     176A      1.651138   177A      1.671028   178A      1.687546  
     179A      1.692846   180A      1.699113   181A      1.715887  
     182A      1.723393   183A      1.740834   184A      1.750445  
     185A      1.754585   186A      1.761838   187A      1.762875  
     188A      1.790280   189A      1.801270   190A      1.805085  
     191A      1.810603   192A      1.825494   193A      1.843824  
     194A      1.854665   195A      1.872801   196A      1.877641  
     197A      1.886772   198A      1.899200   199A      1.912329  
     200A      1.940271   201A      1.945259   202A      1.952615  
     203A      1.960247   204A      1.966150   205A      1.971845  
     206A      1.987368   207A      1.997323   208A      2.015630  
     209A      2.015739   210A      2.043218   211A      2.045700  
     212A      2.079522   213A      2.093204   214A      2.108375  
     215A      2.110987   216A      2.129996   217A      2.132967  
     218A      2.150406   219A      2.158036   220A      2.183824  
     221A      2.200726   222A      2.223880   223A      2.227887  
     224A      2.234339   225A      2.241170   226A      2.274557  
     227A      2.287760   228A      2.292405   229A      2.325961  
     230A      2.354669   231A      2.355173   232A      2.388535  
     233A      2.398551   234A      2.408697   235A      2.419249  
     236A      2.424896   237A      2.471188   238A      2.480717  
     239A      2.495842   240A      2.499062   241A      2.506443  
     242A      2.542159   243A      2.546238   244A      2.597339  
     245A      2.619839   246A      2.643899   247A      2.647951  
     248A      2.653581   249A      2.681192   250A      2.702737  
     251A      2.718016   252A      2.744903   253A      2.747773  
     254A      2.754288   255A      2.790075   256A      2.809011  
     257A      2.820987   258A      2.851995   259A      2.889172  
     260A      2.896933   261A      2.937594   262A      2.967366  
     263A      3.036981   264A      3.067741   265A      3.107409  
     266A      3.108920   267A      3.150452   268A      3.182772  
     269A      3.209760   270A      3.241122   271A      3.297647  
     272A      3.349461   273A      3.358468   274A      3.471983  
     275A      3.488224   276A      3.531300   277A      3.569957  
     278A      3.583797   279A      3.686384   280A      3.767177  
     281A      3.852232   282A      4.003760   283A      4.004467  
     284A      4.062493   285A      4.170389   286A      4.189424  
     287A      4.293506   288A      4.409738   289A      4.603967  
     290A      4.662578   291A      4.708605   292A      4.815355  
     293A      4.862325   294A      4.978571   295A      5.094878  
     296A      5.326499   297A      5.450931   298A      5.527264  
     299A      5.723773   300A      5.968573   301A      6.595107  
     302A     18.172310   303A     18.360172   304A     18.615578  
     305A     25.351296   306A     33.431790  

    Final Occupation by Irrep:
              A 
    DOCC [    28 ]

  @DF-RHF Final Energy:  -361.17251815406416

   => Energetics <=

    Nuclear Repulsion Energy =            328.3939770268937082
    One-Electron Energy =               -1132.7810485692932616
    Two-Electron Energy =                 443.2145533883353892
    Total Energy =                       -361.1725181540641643

Computation Completed


Properties will be evaluated at   0.000000,   0.000000,   0.000000 [a0]

Properties computed using the SCF density matrix

  Nuclear Dipole Moment: [e a0]
     X:   -18.8068      Y:   434.1008      Z:   151.8204

  Electronic Dipole Moment: [e a0]
     X:    20.7961      Y:  -429.4122      Z:  -150.1338

  Dipole Moment: [e a0]
     X:     1.9893      Y:     4.6885      Z:     1.6867     Total:     5.3651

  Dipole Moment: [D]
     X:     5.0563      Y:    11.9170      Z:     4.2871     Total:    13.6368


*** tstop() called on aliaconda at Sun Mar 20 06:31:45 2022
Module time:
	user time   =     215.81 seconds =       3.60 minutes
	system time =      25.32 seconds =       0.42 minutes
	total time  =         10 seconds =       0.17 minutes
Total time:
	user time   =  126332.27 seconds =    2105.54 minutes
	system time =   17770.92 seconds =     296.18 minutes
	total time  =       7688 seconds =     128.13 minutes
  Constructing Basis Sets for SAPT...

   => Loading Basis Set <=

    Name: (JUN-CC-PVDZ AUX)
    Role: RIFIT
    Keyword: DF_BASIS_SAPT
    atoms 1, 14                                          entry N          line   144 file /home/alia/anaconda3/envs/mddemo/share/psi4/basis/jun-cc-pvdz-ri.gbs 
    atoms 2-4, 6, 8-10, 13, 15-17, 19, 21, 23, 25-27, 30 entry H          line    30 file /home/alia/anaconda3/envs/mddemo/share/psi4/basis/jun-cc-pvdz-ri.gbs 
    atoms 5, 7, 11, 18, 20, 24, 28                       entry C          line   100 file /home/alia/anaconda3/envs/mddemo/share/psi4/basis/jun-cc-pvdz-ri.gbs 
    atoms 12, 22, 29                                     entry O          line   188 file /home/alia/anaconda3/envs/mddemo/share/psi4/basis/jun-cc-pvdz-ri.gbs 


  //>>>>>>>>>>>>>>>>>>>>>>>>>>>>>>>>>>>//
  //               SAPT0               //
  //<<<<<<<<<<<<<<<<<<<<<<<<<<<<<<<<<<<//


*** tstart() called on aliaconda
*** at Sun Mar 20 06:31:46 2022

        SAPT0  
    Ed Hohenstein
     6 June 2009

      Orbital Information
  --------------------------
    NSO        =       306
    NMO        =       306
    NRI        =      1032
    NOCC A     =        20
    NOCC B     =        28
    FOCC A     =         0
    FOCC B     =         0
    NVIR A     =       286
    NVIR B     =       278

    Elst10,r            =     0.059678049032 [Eh]
    Exch10              =    -0.000000006992 [Eh]
    Exch10 (S^2)        =    -0.000000006992 [Eh]

    Iter     Energy [mEh]          dE [mEh]         Residual      Time [s]
       1      -0.27634224       0.276342241       5.095417251             1
       2      -0.26879598      -0.007546266       1.652183579             1
       3      -0.29170635       0.022910373       0.627200727             2
       4      -0.29793073       0.006224385       0.180963882             3
       5      -0.29673822      -0.001192511       0.099885490             3
       6      -0.29631560      -0.000422618       0.028218770             4
       7      -0.29647540       0.000159801       0.008026089             4
       8      -0.29649697       0.000021561       0.002853583             5
       9      -0.29648575      -0.000011217       0.001783496             6
      10      -0.29648344      -0.000002305       0.000657054             6
      11      -0.29648634       0.000002896       0.000179657             7
      12      -0.29648624      -0.000000100       0.000045021             7
      13      -0.29648611      -0.000000134       0.000011951             8
      14      -0.29648610      -0.000000003       0.000002934             9
      15      -0.29648611       0.000000009       0.000000654             9

    CHF Iterations converged


    Iter     Energy [mEh]          dE [mEh]         Residual      Time [s]
       1      -0.18554510       0.185545103       3.163575729             1
       2      -0.19219485       0.006649742       1.325180174             1
       3      -0.20633322       0.014138370       0.463503271             2
       4      -0.20913119       0.002797976       0.123064788             3
       5      -0.20880028      -0.000330907       0.071723510             3
       6      -0.20840067      -0.000399609       0.022287435             4
       7      -0.20845252       0.000051842       0.010228120             4
       8      -0.20849605       0.000043533       0.002701625             5
       9      -0.20848995      -0.000006099       0.000980908             6
      10      -0.20848716      -0.000002795       0.000404035             6
      11      -0.20848801       0.000000853       0.000246517             7
      12      -0.20848841       0.000000397       0.000108343             7
      13      -0.20848819      -0.000000212       0.000039482             8
      14      -0.20848812      -0.000000075       0.000009795             9
      15      -0.20848814       0.000000016       0.000003051             9
      16      -0.20848814       0.000000005       0.000000847            10

    CHF Iterations converged

    Ind20,r (A<-B)      =    -0.000296486112 [Eh]
    Ind20,r (B<-A)      =    -0.000208488141 [Eh]
    Ind20,r             =    -0.000504974253 [Eh]
    Exch-Ind20,r (A<-B) =     0.000000001085 [Eh]
    Exch-Ind20,r (B<-A) =     0.000000001721 [Eh]
    Exch-Ind20,r        =     0.000000002805 [Eh]
    Disp20              =    -0.000034185210 [Eh]
    Disp20 (SS)         =    -0.000017092605 [Eh]
    Disp20 (OS)         =    -0.000017092605 [Eh]
    Exch-Disp20         =     0.000000000950 [Eh]
    Exch-Disp20 (SS)    =     0.000000000714 [Eh]
    Exch-Disp20 (OS)    =     0.000000000235 [Eh]

    SAPT Results 
  --------------------------------------------------------------------------------------------------------
    Electrostatics                 59.67804903 [mEh]      37.44854114 [kcal/mol]     156.68469615 [kJ/mol]
      Elst10,r                     59.67804903 [mEh]      37.44854114 [kcal/mol]     156.68469615 [kJ/mol]

    Exchange                       -0.00000699 [mEh]      -0.00000439 [kcal/mol]      -0.00001836 [kJ/mol]
      Exch10                       -0.00000699 [mEh]      -0.00000439 [kcal/mol]      -0.00001836 [kJ/mol]
      Exch10(S^2)                  -0.00000699 [mEh]      -0.00000439 [kcal/mol]      -0.00001836 [kJ/mol]

    Induction                      -0.49928086 [mEh]      -0.31330347 [kcal/mol]      -1.31086171 [kJ/mol]
      Ind20,r                      -0.50497425 [mEh]      -0.31687613 [kcal/mol]      -1.32580972 [kJ/mol]
      Exch-Ind20,r                  0.00000281 [mEh]       0.00000176 [kcal/mol]       0.00000737 [kJ/mol]
      delta HF,r (2)                0.00569059 [mEh]       0.00357090 [kcal/mol]       0.01494065 [kJ/mol]

    Dispersion                     -0.03418426 [mEh]      -0.02145095 [kcal/mol]      -0.08975076 [kJ/mol]
      Disp20                       -0.03418521 [mEh]      -0.02145154 [kcal/mol]      -0.08975326 [kJ/mol]
      Exch-Disp20                   0.00000095 [mEh]       0.00000060 [kcal/mol]       0.00000249 [kJ/mol]
      Disp20 (SS)                  -0.01709261 [mEh]      -0.01072577 [kcal/mol]      -0.04487663 [kJ/mol]
      Disp20 (OS)                  -0.01709261 [mEh]      -0.01072577 [kcal/mol]      -0.04487663 [kJ/mol]
      Exch-Disp20 (SS)              0.00000071 [mEh]       0.00000045 [kcal/mol]       0.00000188 [kJ/mol]
      Exch-Disp20 (OS)              0.00000024 [mEh]       0.00000015 [kcal/mol]       0.00000062 [kJ/mol]

  Total HF                         59.17876118 [mEh]      37.13523329 [kcal/mol]     155.37381608 [kJ/mol]
  Total SAPT0                      59.14457692 [mEh]      37.11378234 [kcal/mol]     155.28406532 [kJ/mol]

  Special recipe for scaled SAPT0 (see Manual):
    Electrostatics sSAPT0          59.67804903 [mEh]      37.44854114 [kcal/mol]     156.68469615 [kJ/mol]
    Exchange sSAPT0                -0.00000699 [mEh]      -0.00000439 [kcal/mol]      -0.00001836 [kJ/mol]
    Induction sSAPT0               -0.49928086 [mEh]      -0.31330347 [kcal/mol]      -1.31086171 [kJ/mol]
    Dispersion sSAPT0              -0.03418426 [mEh]      -0.02145095 [kcal/mol]      -0.08975076 [kJ/mol]
  Total sSAPT0                     59.14457692 [mEh]      37.11378234 [kcal/mol]     155.28406532 [kJ/mol]
  --------------------------------------------------------------------------------------------------------

*** tstop() called on aliaconda at Sun Mar 20 06:32:35 2022
Module time:
	user time   =     710.07 seconds =      11.83 minutes
	system time =     125.60 seconds =       2.09 minutes
	total time  =         49 seconds =       0.82 minutes
Total time:
	user time   =  127044.93 seconds =    2117.42 minutes
	system time =   17897.00 seconds =     298.28 minutes
	total time  =       7738 seconds =     128.97 minutes


Warning! sapt0 does not have an associated derived wavefunction.The returned wavefunction is the dimer SCF wavefunction.


  Memory set to  74.506 GiB by Python driver.
  Threads set to 32 by Python driver.
