
Scratch directory: /tmp/

Scratch directory: /tmp/

  //>>>>>>>>>>>>>>>>>>>>>>>>>>>>>>>>>>>//
  //              Dimer HF             //
  //<<<<<<<<<<<<<<<<<<<<<<<<<<<<<<<<<<<//


*** tstart() called on aliaconda
*** at Sun Mar 20 04:57:46 2022

   => Loading Basis Set <=

    Name: JUN-CC-PVDZ
    Role: ORBITAL
    Keyword: BASIS
    atoms 1, 14                                          entry N          line   198 file /home/alia/anaconda3/envs/mddemo/share/psi4/basis/jun-cc-pvdz.gbs 
    atoms 2-4, 6, 8-10, 13, 15-17, 19, 21, 23, 25-27, 30 entry H          line    36 file /home/alia/anaconda3/envs/mddemo/share/psi4/basis/jun-cc-pvdz.gbs 
    atoms 5, 7, 11, 18, 20, 24, 28                       entry C          line   164 file /home/alia/anaconda3/envs/mddemo/share/psi4/basis/jun-cc-pvdz.gbs 
    atoms 12, 22, 29                                     entry O          line   232 file /home/alia/anaconda3/envs/mddemo/share/psi4/basis/jun-cc-pvdz.gbs 


         ---------------------------------------------------------
                                   SCF
               by Justin Turney, Rob Parrish, Andy Simmonett
                          and Daniel G. A. Smith
                              RHF Reference
                       32 Threads,  76293 MiB Core
         ---------------------------------------------------------

  ==> Geometry <==

    Molecular point group: c1
    Full point group: C1

    Geometry (in Angstrom), charge = 2, multiplicity = 1:

       Center              X                  Y                   Z               Mass       
    ------------   -----------------  -----------------  -----------------  -----------------
         N            0.660175203454    -5.898173047820    -1.519907462209    14.003074004430
         H            0.420174955499    -6.282173110762    -2.633907782643     1.007825032230
         H           -0.313824773658    -6.277172996321    -0.924907672017     1.007825032230
         H            1.474174856317    -6.465172960082    -1.170907485097     1.007825032230
         C            0.921174883020    -4.523173047820    -1.558907496541    12.000000000000
         H            0.333175062310    -4.199173166075    -0.760907637685     1.007825032230
         C            2.349175094735    -4.153173162261    -1.291907775014    12.000000000000
         H            2.964175104272    -4.115173055449    -2.273907649129     1.007825032230
         H            2.784175037515    -4.820172979155    -0.451907622426     1.007825032230
         H            2.336175083291    -3.129172994414    -0.869907366841     1.007825032230
         C            0.375174879205    -3.703172876158    -2.799907672017    12.000000000000
         O           -0.726824880469    -3.189172937193    -2.846907603353    15.994914619570
         H            1.033681749475    -3.591510965148    -3.673921572774     1.007825032230
         N            0.811175226342     2.484826849184     0.192092430980    14.003074004430
         H            0.583175062310     2.772826955995    -0.953907477468     1.007825032230
         H            1.156175016534     1.338826940736     0.082092297465     1.007825032230
         H            1.599175094735     3.027827070436     0.481092465312     1.007825032230
         C           -0.516824842322     2.645827100954     0.952092183024    12.000000000000
         H           -1.025825143683     1.654826925477     0.836092007548     1.007825032230
         C           -0.466825128424     3.076826856813     2.418092739970    12.000000000000
         H           -1.578825116980     3.175826833925     2.720092785747     1.007825032230
         O            0.041175245416     4.348827169618     2.558092129619    15.994914619570
         H            1.023175119531     4.265826986513     2.340092671306     1.007825032230
         C            0.369175314080     2.101827429018     3.295092595012    12.000000000000
         H            1.414174913537     1.994827078065     3.029092801005     1.007825032230
         H           -0.104825139869     1.085826681337     3.243092549235     1.007825032230
         H            0.318175195825     2.484826849184     4.314092648417     1.007825032230
         C           -1.433825136054     3.571826742372     0.272092354686    12.000000000000
         O           -2.643824697364     3.361826704225     0.292092335612    15.994914619570
         H           -1.036651731360     4.452248380861    -0.254321562856     1.007825032230

  Running in c1 symmetry.

  Rotational constants: A =      0.03857  B =      0.00529  C =      0.00495 [cm^-1]
  Rotational constants: A =   1156.36164  B =    158.66085  C =    148.27085 [MHz]
  Nuclear repulsion =  661.635764928801336

  Charge       = 2
  Multiplicity = 1
  Electrons    = 96
  Nalpha       = 48
  Nbeta        = 48

  ==> Algorithm <==

  SCF Algorithm Type is DF.
  DIIS enabled.
  MOM disabled.
  Fractional occupation disabled.
  Guess Type is SAD.
  Energy threshold   = 1.00e-08
  Density threshold  = 1.00e-08
  Integral threshold = 1.00e-12

  ==> Primary Basis <==

  Basis Set: JUN-CC-PVDZ
    Blend: JUN-CC-PVDZ
    Number of shells: 150
    Number of basis functions: 306
    Number of Cartesian functions: 318
    Spherical Harmonics?: true
    Max angular momentum: 2

   => Loading Basis Set <=

    Name: (JUN-CC-PVDZ AUX)
    Role: JKFIT
    Keyword: DF_BASIS_SCF
    atoms 1, 14                                          entry N          line   202 file /home/alia/anaconda3/envs/mddemo/share/psi4/basis/jun-cc-pvdz-jkfit.gbs 
    atoms 2-4, 6, 8-10, 13, 15-17, 19, 21, 23, 25-27, 30 entry H          line    70 file /home/alia/anaconda3/envs/mddemo/share/psi4/basis/jun-cc-pvdz-jkfit.gbs 
    atoms 5, 7, 11, 18, 20, 24, 28                       entry C          line   146 file /home/alia/anaconda3/envs/mddemo/share/psi4/basis/jun-cc-pvdz-jkfit.gbs 
    atoms 12, 22, 29                                     entry O          line   258 file /home/alia/anaconda3/envs/mddemo/share/psi4/basis/jun-cc-pvdz-jkfit.gbs 

  ==> Integral Setup <==

  ==> DiskDFJK: Density-Fitted J/K Matrices <==

    J tasked:                  Yes
    K tasked:                  Yes
    wK tasked:                  No
    OpenMP threads:             32
    Integrals threads:          32
    Memory [MiB]:            57220
    Algorithm:                Core
    Integral Cache:           SAVE
    Schwarz Cutoff:          1E-12
    Fitting Condition:       1E-10

   => Auxiliary Basis Set <=

  Basis Set: (JUN-CC-PVDZ AUX)
    Blend: JUN-CC-PVDZ-JKFIT
    Number of shells: 486
    Number of basis functions: 1362
    Number of Cartesian functions: 1542
    Spherical Harmonics?: true
    Max angular momentum: 3

  Minimum eigenvalue in the overlap matrix is 4.9937036220E-05.
  Reciprocal condition number of the overlap matrix is 4.3779456926E-06.
    Using symmetric orthogonalization.

  ==> Pre-Iterations <==

  SCF Guess: Superposition of Atomic Densities via on-the-fly atomic UHF (no occupation information).

   -------------------------
    Irrep   Nso     Nmo    
   -------------------------
     A        306     306 
   -------------------------
    Total     306     306
   -------------------------

  ==> Iterations <==

                           Total Energy        Delta E     RMS |[F,P]|

   @DF-RHF iter SAD:  -607.31235032444852   -6.07312e+02   0.00000e+00 
   @DF-RHF iter   1:  -607.94257290362702   -6.30223e-01   2.80829e-03 DIIS
   @DF-RHF iter   2:  -608.26441379352229   -3.21841e-01   1.77177e-03 DIIS
   @DF-RHF iter   3:  -608.37423602605463   -1.09822e-01   3.91800e-04 DIIS
   @DF-RHF iter   4:  -608.38306844859846   -8.83242e-03   1.48381e-04 DIIS
   @DF-RHF iter   5:  -608.38436334025596   -1.29489e-03   3.52146e-05 DIIS
   @DF-RHF iter   6:  -608.38449355229068   -1.30212e-04   1.73492e-05 DIIS
   @DF-RHF iter   7:  -608.38452312440450   -2.95721e-05   7.60227e-06 DIIS
   @DF-RHF iter   8:  -608.38452992259556   -6.79819e-06   3.02517e-06 DIIS
   @DF-RHF iter   9:  -608.38453100111690   -1.07852e-06   1.13679e-06 DIIS
   @DF-RHF iter  10:  -608.38453113886942   -1.37753e-07   4.20507e-07 DIIS
   @DF-RHF iter  11:  -608.38453116088203   -2.20126e-08   1.78245e-07 DIIS
   @DF-RHF iter  12:  -608.38453116810592   -7.22389e-09   9.16295e-08 DIIS
   @DF-RHF iter  13:  -608.38453117056042   -2.45450e-09   4.82845e-08 DIIS
   @DF-RHF iter  14:  -608.38453117141944   -8.59018e-10   1.80469e-08 DIIS
   @DF-RHF iter  15:  -608.38453117150743   -8.79936e-11   5.36067e-09 DIIS
  Energy and wave function converged.


  ==> Post-Iterations <==

    Orbital Energies [Eh]
    ---------------------

    Doubly Occupied:                                                      

       1A    -20.831730     2A    -20.800083     3A    -20.795912  
       4A    -16.006771     5A    -16.004610     6A    -11.601045  
       7A    -11.570515     8A    -11.564545     9A    -11.559369  
      10A    -11.537220    11A    -11.512652    12A    -11.450075  
      13A     -1.651224    14A     -1.621345    15A     -1.608253  
      16A     -1.587112    17A     -1.549455    18A     -1.314528  
      19A     -1.302687    20A     -1.209356    21A     -1.162229  
      22A     -1.090902    23A     -1.080832    24A     -1.060781  
      25A     -1.017513    26A     -1.016209    27A     -1.002631  
      28A     -0.962114    29A     -0.953941    30A     -0.952204  
      31A     -0.902510    32A     -0.900478    33A     -0.868855  
      34A     -0.865408    35A     -0.859083    36A     -0.837675  
      37A     -0.815802    38A     -0.812733    39A     -0.803555  
      40A     -0.769598    41A     -0.764590    42A     -0.759932  
      43A     -0.755252    44A     -0.724038    45A     -0.713144  
      46A     -0.679290    47A     -0.676803    48A     -0.647563  

    Virtual:                                                              

      49A     -0.203781    50A     -0.192700    51A     -0.158518  
      52A     -0.142894    53A     -0.138272    54A     -0.133783  
      55A     -0.126530    56A     -0.116336    57A     -0.111872  
      58A     -0.106426    59A     -0.102149    60A     -0.092362  
      61A     -0.091427    62A     -0.084214    63A     -0.078969  
      64A     -0.077818    65A     -0.073649    66A     -0.069895  
      67A     -0.066803    68A     -0.060668    69A     -0.058445  
      70A     -0.052428    71A     -0.041422    72A     -0.036042  
      73A     -0.034547    74A     -0.029258    75A     -0.026518  
      76A     -0.024043    77A     -0.019758    78A     -0.015314  
      79A     -0.008378    80A     -0.001886    81A      0.006926  
      82A      0.013892    83A      0.018353    84A      0.027671  
      85A      0.034981    86A      0.039207    87A      0.044514  
      88A      0.051715    89A      0.058450    90A      0.065703  
      91A      0.072951    92A      0.076951    93A      0.082058  
      94A      0.085510    95A      0.092447    96A      0.104957  
      97A      0.106301    98A      0.109019    99A      0.116843  
     100A      0.124167   101A      0.130559   102A      0.143522  
     103A      0.147273   104A      0.150339   105A      0.152757  
     106A      0.158990   107A      0.169361   108A      0.172076  
     109A      0.181138   110A      0.190785   111A      0.195151  
     112A      0.197358   113A      0.217022   114A      0.217677  
     115A      0.222216   116A      0.231331   117A      0.233159  
     118A      0.250224   119A      0.261206   120A      0.268370  
     121A      0.290241   122A      0.300519   123A      0.317028  
     124A      0.337679   125A      0.342120   126A      0.377940  
     127A      0.441775   128A      0.463729   129A      0.488434  
     130A      0.505114   131A      0.513589   132A      0.525842  
     133A      0.530339   134A      0.553509   135A      0.556762  
     136A      0.563014   137A      0.573971   138A      0.593529  
     139A      0.601487   140A      0.607873   141A      0.618056  
     142A      0.619062   143A      0.631771   144A      0.643585  
     145A      0.653102   146A      0.666369   147A      0.670260  
     148A      0.675994   149A      0.684142   150A      0.690922  
     151A      0.696267   152A      0.712418   153A      0.716772  
     154A      0.721204   155A      0.724217   156A      0.733528  
     157A      0.751920   158A      0.752438   159A      0.766224  
     160A      0.770723   161A      0.771521   162A      0.782597  
     163A      0.795193   164A      0.800591   165A      0.819744  
     166A      0.829738   167A      0.834693   168A      0.841295  
     169A      0.847834   170A      0.851483   171A      0.866561  
     172A      0.899314   173A      0.915290   174A      0.937372  
     175A      0.980746   176A      1.021208   177A      1.045010  
     178A      1.059856   179A      1.098080   180A      1.124072  
     181A      1.165718   182A      1.174138   183A      1.181523  
     184A      1.190012   185A      1.191042   186A      1.211212  
     187A      1.238618   188A      1.244038   189A      1.270599  
     190A      1.276757   191A      1.282123   192A      1.285152  
     193A      1.299995   194A      1.301567   195A      1.309086  
     196A      1.323736   197A      1.327068   198A      1.329077  
     199A      1.349621   200A      1.373136   201A      1.382640  
     202A      1.386089   203A      1.391577   204A      1.413783  
     205A      1.453588   206A      1.461626   207A      1.470686  
     208A      1.483470   209A      1.518188   210A      1.538836  
     211A      1.571160   212A      1.575152   213A      1.596077  
     214A      1.600325   215A      1.611451   216A      1.623997  
     217A      1.626714   218A      1.647462   219A      1.649006  
     220A      1.683264   221A      1.693195   222A      1.701153  
     223A      1.710141   224A      1.720261   225A      1.721983  
     226A      1.725764   227A      1.733794   228A      1.737151  
     229A      1.747129   230A      1.766670   231A      1.777999  
     232A      1.778517   233A      1.798416   234A      1.807809  
     235A      1.821082   236A      1.825037   237A      1.850906  
     238A      1.852647   239A      1.872367   240A      1.880631  
     241A      1.891236   242A      1.903247   243A      1.910562  
     244A      1.912004   245A      1.960372   246A      1.964156  
     247A      1.988917   248A      2.004368   249A      2.009052  
     250A      2.015815   251A      2.043165   252A      2.071618  
     253A      2.107785   254A      2.115432   255A      2.133081  
     256A      2.141571   257A      2.150169   258A      2.176611  
     259A      2.186115   260A      2.203761   261A      2.214231  
     262A      2.234448   263A      2.238945   264A      2.271857  
     265A      2.319733   266A      2.347997   267A      2.357654  
     268A      2.370037   269A      2.412590   270A      2.422736  
     271A      2.431378   272A      2.464205   273A      2.471008  
     274A      2.472659   275A      2.530685   276A      2.550665  
     277A      2.569366   278A      2.589573   279A      2.591406  
     280A      2.592607   281A      2.640583   282A      2.653894  
     283A      2.658282   284A      2.669943   285A      2.689926  
     286A      2.722762   287A      2.780459   288A      2.806806  
     289A      2.848052   290A      2.854054   291A      2.875734  
     292A      2.937476   293A      2.965723   294A      3.036273  
     295A      3.045288   296A      3.086947   297A      3.201995  
     298A      3.207227   299A      3.257395   300A      3.272420  
     301A      3.458729   302A      3.502054   303A      3.532777  
     304A      3.720589   305A      3.758195   306A      3.860353  

    Final Occupation by Irrep:
              A 
    DOCC [    48 ]

  @DF-RHF Final Energy:  -608.38453117150743

   => Energetics <=

    Nuclear Repulsion Energy =            661.6357649288013363
    One-Electron Energy =               -2116.9722771401197861
    Two-Electron Energy =                 846.9519810398110167
    Total Energy =                       -608.3845311715074331

Computation Completed


Properties will be evaluated at   0.000000,   0.000000,   0.000000 [a0]

Properties computed using the SCF density matrix

  Nuclear Dipole Moment: [e a0]
     X:    12.5229      Y:   -11.8049      Z:     2.8887

  Electronic Dipole Moment: [e a0]
     X:    -7.8803      Y:     4.8905      Z:    -4.9481

  Dipole Moment: [e a0]
     X:     4.6426      Y:    -6.9144      Z:    -2.0594     Total:     8.5792

  Dipole Moment: [D]
     X:    11.8003      Y:   -17.5746      Z:    -5.2344     Total:    21.8062


*** tstop() called on aliaconda at Sun Mar 20 04:58:01 2022
Module time:
	user time   =     318.40 seconds =       5.31 minutes
	system time =      37.18 seconds =       0.62 minutes
	total time  =         15 seconds =       0.25 minutes
Total time:
	user time   =   30956.34 seconds =     515.94 minutes
	system time =    4250.26 seconds =      70.84 minutes
	total time  =       2064 seconds =      34.40 minutes

  //>>>>>>>>>>>>>>>>>>>>>>>>>>>>>>>>>>>//
  //            Monomer A HF           //
  //<<<<<<<<<<<<<<<<<<<<<<<<<<<<<<<<<<<//


*** tstart() called on aliaconda
*** at Sun Mar 20 04:58:01 2022

   => Loading Basis Set <=

    Name: JUN-CC-PVDZ
    Role: ORBITAL
    Keyword: BASIS
    atoms 1, 14                                          entry N          line   198 file /home/alia/anaconda3/envs/mddemo/share/psi4/basis/jun-cc-pvdz.gbs 
    atoms 2-4, 6, 8-10, 13, 15-17, 19, 21, 23, 25-27, 30 entry H          line    36 file /home/alia/anaconda3/envs/mddemo/share/psi4/basis/jun-cc-pvdz.gbs 
    atoms 5, 7, 11, 18, 20, 24, 28                       entry C          line   164 file /home/alia/anaconda3/envs/mddemo/share/psi4/basis/jun-cc-pvdz.gbs 
    atoms 12, 22, 29                                     entry O          line   232 file /home/alia/anaconda3/envs/mddemo/share/psi4/basis/jun-cc-pvdz.gbs 


         ---------------------------------------------------------
                                   SCF
               by Justin Turney, Rob Parrish, Andy Simmonett
                          and Daniel G. A. Smith
                              RHF Reference
                       32 Threads,  76293 MiB Core
         ---------------------------------------------------------

  ==> Geometry <==

    Molecular point group: c1
    Full point group: C1

    Geometry (in Angstrom), charge = 1, multiplicity = 1:

       Center              X                  Y                   Z               Mass       
    ------------   -----------------  -----------------  -----------------  -----------------
         N            0.660175203454    -5.898173047820    -1.519907462209    14.003074004430
         H            0.420174955499    -6.282173110762    -2.633907782643     1.007825032230
         H           -0.313824773658    -6.277172996321    -0.924907672017     1.007825032230
         H            1.474174856317    -6.465172960082    -1.170907485097     1.007825032230
         C            0.921174883020    -4.523173047820    -1.558907496541    12.000000000000
         H            0.333175062310    -4.199173166075    -0.760907637685     1.007825032230
         C            2.349175094735    -4.153173162261    -1.291907775014    12.000000000000
         H            2.964175104272    -4.115173055449    -2.273907649129     1.007825032230
         H            2.784175037515    -4.820172979155    -0.451907622426     1.007825032230
         H            2.336175083291    -3.129172994414    -0.869907366841     1.007825032230
         C            0.375174879205    -3.703172876158    -2.799907672017    12.000000000000
         O           -0.726824880469    -3.189172937193    -2.846907603353    15.994914619570
         H            1.033681749475    -3.591510965148    -3.673921572774     1.007825032230
      Gh(N)           0.811175226342     2.484826849184     0.192092430980    14.003074004430
      Gh(H)           0.583175062310     2.772826955995    -0.953907477468     1.007825032230
      Gh(H)           1.156175016534     1.338826940736     0.082092297465     1.007825032230
      Gh(H)           1.599175094735     3.027827070436     0.481092465312     1.007825032230
      Gh(C)          -0.516824842322     2.645827100954     0.952092183024    12.000000000000
      Gh(H)          -1.025825143683     1.654826925477     0.836092007548     1.007825032230
      Gh(C)          -0.466825128424     3.076826856813     2.418092739970    12.000000000000
      Gh(H)          -1.578825116980     3.175826833925     2.720092785747     1.007825032230
      Gh(O)           0.041175245416     4.348827169618     2.558092129619    15.994914619570
      Gh(H)           1.023175119531     4.265826986513     2.340092671306     1.007825032230
      Gh(C)           0.369175314080     2.101827429018     3.295092595012    12.000000000000
      Gh(H)           1.414174913537     1.994827078065     3.029092801005     1.007825032230
      Gh(H)          -0.104825139869     1.085826681337     3.243092549235     1.007825032230
      Gh(H)           0.318175195825     2.484826849184     4.314092648417     1.007825032230
      Gh(C)          -1.433825136054     3.571826742372     0.272092354686    12.000000000000
      Gh(O)          -2.643824697364     3.361826704225     0.292092335612    15.994914619570
      Gh(H)          -1.036651731360     4.452248380861    -0.254321562856     1.007825032230

  Running in c1 symmetry.

  Rotational constants: A =      0.03857  B =      0.00529  C =      0.00495 [cm^-1]
  Rotational constants: A =   1156.36164  B =    158.66085  C =    148.27085 [MHz]
  Nuclear repulsion =  183.866305722223899

  Charge       = 1
  Multiplicity = 1
  Electrons    = 40
  Nalpha       = 20
  Nbeta        = 20

  ==> Algorithm <==

  SCF Algorithm Type is DF.
  DIIS enabled.
  MOM disabled.
  Fractional occupation disabled.
  Guess Type is SAD.
  Energy threshold   = 1.00e-08
  Density threshold  = 1.00e-08
  Integral threshold = 1.00e-12

  ==> Primary Basis <==

  Basis Set: JUN-CC-PVDZ
    Blend: JUN-CC-PVDZ
    Number of shells: 150
    Number of basis functions: 306
    Number of Cartesian functions: 318
    Spherical Harmonics?: true
    Max angular momentum: 2

   => Loading Basis Set <=

    Name: (JUN-CC-PVDZ AUX)
    Role: JKFIT
    Keyword: DF_BASIS_SCF
    atoms 1, 14                                          entry N          line   202 file /home/alia/anaconda3/envs/mddemo/share/psi4/basis/jun-cc-pvdz-jkfit.gbs 
    atoms 2-4, 6, 8-10, 13, 15-17, 19, 21, 23, 25-27, 30 entry H          line    70 file /home/alia/anaconda3/envs/mddemo/share/psi4/basis/jun-cc-pvdz-jkfit.gbs 
    atoms 5, 7, 11, 18, 20, 24, 28                       entry C          line   146 file /home/alia/anaconda3/envs/mddemo/share/psi4/basis/jun-cc-pvdz-jkfit.gbs 
    atoms 12, 22, 29                                     entry O          line   258 file /home/alia/anaconda3/envs/mddemo/share/psi4/basis/jun-cc-pvdz-jkfit.gbs 

  ==> Integral Setup <==

  ==> DiskDFJK: Density-Fitted J/K Matrices <==

    J tasked:                  Yes
    K tasked:                  Yes
    wK tasked:                  No
    OpenMP threads:             32
    Integrals threads:          32
    Memory [MiB]:            57220
    Algorithm:                Core
    Integral Cache:           LOAD
    Schwarz Cutoff:          1E-12
    Fitting Condition:       1E-10

   => Auxiliary Basis Set <=

  Basis Set: (JUN-CC-PVDZ AUX)
    Blend: JUN-CC-PVDZ-JKFIT
    Number of shells: 486
    Number of basis functions: 1362
    Number of Cartesian functions: 1542
    Spherical Harmonics?: true
    Max angular momentum: 3

  Minimum eigenvalue in the overlap matrix is 4.9937036219E-05.
  Reciprocal condition number of the overlap matrix is 4.3779456925E-06.
    Using symmetric orthogonalization.

  ==> Pre-Iterations <==

  SCF Guess: Superposition of Atomic Densities via on-the-fly atomic UHF (no occupation information).

   -------------------------
    Irrep   Nso     Nmo    
   -------------------------
     A        306     306 
   -------------------------
    Total     306     306
   -------------------------

  ==> Iterations <==

                           Total Energy        Delta E     RMS |[F,P]|

   @DF-RHF iter SAD:  -246.78459687187217   -2.46785e+02   0.00000e+00 
   @DF-RHF iter   1:  -247.09110692769895   -3.06510e-01   1.78511e-03 DIIS
   @DF-RHF iter   2:  -247.22293050329446   -1.31824e-01   1.12998e-03 DIIS
   @DF-RHF iter   3:  -247.26771034407139   -4.47798e-02   2.45814e-04 DIIS
   @DF-RHF iter   4:  -247.27131249094157   -3.60215e-03   9.53387e-05 DIIS
   @DF-RHF iter   5:  -247.27185929154675   -5.46801e-04   2.19168e-05 DIIS
   @DF-RHF iter   6:  -247.27192161788062   -6.23263e-05   9.89835e-06 DIIS
   @DF-RHF iter   7:  -247.27193227582273   -1.06579e-05   4.75940e-06 DIIS
   @DF-RHF iter   8:  -247.27193507336835   -2.79755e-06   1.51695e-06 DIIS
   @DF-RHF iter   9:  -247.27193536442826   -2.91060e-07   3.88285e-07 DIIS
   @DF-RHF iter  10:  -247.27193538646114   -2.20329e-08   1.61860e-07 DIIS
   @DF-RHF iter  11:  -247.27193539319740   -6.73626e-09   8.28210e-08 DIIS
   @DF-RHF iter  12:  -247.27193539562350   -2.42611e-09   4.06219e-08 DIIS
   @DF-RHF iter  13:  -247.27193539629718   -6.73680e-10   9.65351e-09 DIIS
  Energy and wave function converged.


  ==> Post-Iterations <==

    Orbital Energies [Eh]
    ---------------------

    Doubly Occupied:                                                      

       1A    -20.756054     2A    -15.941982     3A    -11.525980  
       4A    -11.490863     5A    -11.436689     6A     -1.575250  
       7A     -1.519758     8A     -1.241460     9A     -1.088966  
      10A     -1.018304    11A     -0.950037    12A     -0.934469  
      13A     -0.881866    14A     -0.824886    15A     -0.792624  
      16A     -0.741029    17A     -0.727925    18A     -0.693892  
      19A     -0.688646    20A     -0.601691  

    Virtual:                                                              

      21A     -0.131352    22A     -0.078786    23A     -0.066854  
      24A     -0.056846    25A     -0.049725    26A     -0.037707  
      27A     -0.029634    28A     -0.021817    29A     -0.016369  
      30A     -0.010805    31A     -0.007342    32A     -0.004624  
      33A      0.007404    34A      0.011903    35A      0.022128  
      36A      0.025936    37A      0.032684    38A      0.036158  
      39A      0.038562    40A      0.041776    41A      0.050775  
      42A      0.051917    43A      0.056666    44A      0.063454  
      45A      0.076498    46A      0.083317    47A      0.086297  
      48A      0.092537    49A      0.097695    50A      0.100809  
      51A      0.105689    52A      0.116923    53A      0.121913  
      54A      0.126592    55A      0.140577    56A      0.149678  
      57A      0.150936    58A      0.153639    59A      0.157720  
      60A      0.158735    61A      0.166678    62A      0.166859  
      63A      0.175948    64A      0.180366    65A      0.187330  
      66A      0.197611    67A      0.209707    68A      0.217270  
      69A      0.225455    70A      0.229472    71A      0.241427  
      72A      0.248355    73A      0.251440    74A      0.254853  
      75A      0.265352    76A      0.268199    77A      0.287981  
      78A      0.294637    79A      0.297371    80A      0.306075  
      81A      0.324357    82A      0.330283    83A      0.338109  
      84A      0.348205    85A      0.360297    86A      0.379703  
      87A      0.383896    88A      0.398361    89A      0.404545  
      90A      0.418035    91A      0.445702    92A      0.457885  
      93A      0.471623    94A      0.495340    95A      0.510261  
      96A      0.519031    97A      0.540515    98A      0.549423  
      99A      0.558346   100A      0.562705   101A      0.578315  
     102A      0.579280   103A      0.583508   104A      0.597048  
     105A      0.600510   106A      0.619253   107A      0.633315  
     108A      0.646328   109A      0.667490   110A      0.669860  
     111A      0.673292   112A      0.679240   113A      0.693521  
     114A      0.716768   115A      0.724865   116A      0.726218  
     117A      0.739371   118A      0.749554   119A      0.756249  
     120A      0.757811   121A      0.791686   122A      0.797490  
     123A      0.802228   124A      0.820102   125A      0.837755  
     126A      0.839517   127A      0.856263   128A      0.869487  
     129A      0.889604   130A      0.904699   131A      0.911161  
     132A      0.915351   133A      0.924757   134A      0.934306  
     135A      0.955994   136A      0.994465   137A      0.996209  
     138A      1.011222   139A      1.041333   140A      1.095048  
     141A      1.134921   142A      1.141214   143A      1.197860  
     144A      1.239162   145A      1.253631   146A      1.261628  
     147A      1.312196   148A      1.343229   149A      1.350651  
     150A      1.374624   151A      1.400195   152A      1.446033  
     153A      1.456412   154A      1.466609   155A      1.509419  
     156A      1.541379   157A      1.552767   158A      1.555452  
     159A      1.591409   160A      1.611707   161A      1.621010  
     162A      1.641650   163A      1.648178   164A      1.674476  
     165A      1.674824   166A      1.690382   167A      1.693931  
     168A      1.706327   169A      1.722513   170A      1.728340  
     171A      1.754856   172A      1.767620   173A      1.781371  
     174A      1.791637   175A      1.793023   176A      1.805928  
     177A      1.808559   178A      1.814513   179A      1.838312  
     180A      1.851625   181A      1.860004   182A      1.870349  
     183A      1.886917   184A      1.893760   185A      1.894961  
     186A      1.913539   187A      1.915683   188A      1.922170  
     189A      1.943896   190A      1.969260   191A      1.974919  
     192A      1.983091   193A      1.986558   194A      2.007779  
     195A      2.026222   196A      2.031555   197A      2.036554  
     198A      2.051824   199A      2.062419   200A      2.078148  
     201A      2.083150   202A      2.091549   203A      2.122334  
     204A      2.134228   205A      2.157094   206A      2.175858  
     207A      2.178971   208A      2.189749   209A      2.205039  
     210A      2.206736   211A      2.243970   212A      2.246960  
     213A      2.258098   214A      2.265223   215A      2.276298  
     216A      2.309046   217A      2.326488   218A      2.332174  
     219A      2.345910   220A      2.388665   221A      2.397304  
     222A      2.431827   223A      2.436590   224A      2.439214  
     225A      2.443344   226A      2.480279   227A      2.502110  
     228A      2.510759   229A      2.515817   230A      2.536929  
     231A      2.546266   232A      2.574558   233A      2.605584  
     234A      2.622043   235A      2.624130   236A      2.635633  
     237A      2.661948   238A      2.669605   239A      2.704548  
     240A      2.722413   241A      2.730043   242A      2.739636  
     243A      2.773793   244A      2.811436   245A      2.854916  
     246A      2.864955   247A      2.882291   248A      2.897925  
     249A      2.923681   250A      2.944539   251A      2.958119  
     252A      3.010689   253A      3.014005   254A      3.059987  
     255A      3.100330   256A      3.103195   257A      3.124143  
     258A      3.187426   259A      3.229791   260A      3.278083  
     261A      3.314856   262A      3.397960   263A      3.438261  
     264A      3.493142   265A      3.534535   266A      3.551402  
     267A      3.624905   268A      3.642199   269A      3.751264  
     270A      3.796759   271A      3.883952   272A      3.941574  
     273A      4.032779   274A      4.154738   275A      4.188768  
     276A      4.285163   277A      4.415453   278A      4.460271  
     279A      4.564100   280A      4.588038   281A      4.639070  
     282A      4.659038   283A      4.714979   284A      4.774352  
     285A      4.833327   286A      4.902201   287A      4.926149  
     288A      5.032293   289A      5.049201   290A      5.084127  
     291A      5.385276   292A      5.508757   293A      5.554375  
     294A      5.675010   295A      5.782134   296A      5.860588  
     297A      6.058984   298A      6.543851   299A      6.693093  
     300A     18.137387   301A     18.321322   302A     18.457171  
     303A     18.609742   304A     25.311202   305A     33.446220  
     306A     33.468801  

    Final Occupation by Irrep:
              A 
    DOCC [    20 ]

  @DF-RHF Final Energy:  -247.27193539629718

   => Energetics <=

    Nuclear Repulsion Energy =            183.8663057222238990
    One-Electron Energy =                -691.4117300383798010
    Two-Electron Energy =                 260.2734889198587211
    Total Energy =                       -247.2719353962971809

Computation Completed


Properties will be evaluated at   0.000000,   0.000000,   0.000000 [a0]

Properties computed using the SCF density matrix

  Nuclear Dipole Moment: [e a0]
     X:    59.9264      Y:  -340.0703      Z:  -151.3278

  Electronic Dipole Moment: [e a0]
     X:   -57.6235      Y:   328.9524      Z:   148.4630

  Dipole Moment: [e a0]
     X:     2.3029      Y:   -11.1179      Z:    -2.8649     Total:    11.7097

  Dipole Moment: [D]
     X:     5.8534      Y:   -28.2588      Z:    -7.2817     Total:    29.7631


*** tstop() called on aliaconda at Sun Mar 20 04:58:10 2022
Module time:
	user time   =     176.25 seconds =       2.94 minutes
	system time =      15.48 seconds =       0.26 minutes
	total time  =          9 seconds =       0.15 minutes
Total time:
	user time   =   31132.69 seconds =     518.88 minutes
	system time =    4265.77 seconds =      71.10 minutes
	total time  =       2073 seconds =      34.55 minutes

  //>>>>>>>>>>>>>>>>>>>>>>>>>>>>>>>>>>>//
  //            Monomer B HF           //
  //<<<<<<<<<<<<<<<<<<<<<<<<<<<<<<<<<<<//


*** tstart() called on aliaconda
*** at Sun Mar 20 04:58:10 2022

   => Loading Basis Set <=

    Name: JUN-CC-PVDZ
    Role: ORBITAL
    Keyword: BASIS
    atoms 1, 14                                          entry N          line   198 file /home/alia/anaconda3/envs/mddemo/share/psi4/basis/jun-cc-pvdz.gbs 
    atoms 2-4, 6, 8-10, 13, 15-17, 19, 21, 23, 25-27, 30 entry H          line    36 file /home/alia/anaconda3/envs/mddemo/share/psi4/basis/jun-cc-pvdz.gbs 
    atoms 5, 7, 11, 18, 20, 24, 28                       entry C          line   164 file /home/alia/anaconda3/envs/mddemo/share/psi4/basis/jun-cc-pvdz.gbs 
    atoms 12, 22, 29                                     entry O          line   232 file /home/alia/anaconda3/envs/mddemo/share/psi4/basis/jun-cc-pvdz.gbs 


         ---------------------------------------------------------
                                   SCF
               by Justin Turney, Rob Parrish, Andy Simmonett
                          and Daniel G. A. Smith
                              RHF Reference
                       32 Threads,  76293 MiB Core
         ---------------------------------------------------------

  ==> Geometry <==

    Molecular point group: c1
    Full point group: C1

    Geometry (in Angstrom), charge = 1, multiplicity = 1:

       Center              X                  Y                   Z               Mass       
    ------------   -----------------  -----------------  -----------------  -----------------
      Gh(N)           0.660175203454    -5.898173047820    -1.519907462209    14.003074004430
      Gh(H)           0.420174955499    -6.282173110762    -2.633907782643     1.007825032230
      Gh(H)          -0.313824773658    -6.277172996321    -0.924907672017     1.007825032230
      Gh(H)           1.474174856317    -6.465172960082    -1.170907485097     1.007825032230
      Gh(C)           0.921174883020    -4.523173047820    -1.558907496541    12.000000000000
      Gh(H)           0.333175062310    -4.199173166075    -0.760907637685     1.007825032230
      Gh(C)           2.349175094735    -4.153173162261    -1.291907775014    12.000000000000
      Gh(H)           2.964175104272    -4.115173055449    -2.273907649129     1.007825032230
      Gh(H)           2.784175037515    -4.820172979155    -0.451907622426     1.007825032230
      Gh(H)           2.336175083291    -3.129172994414    -0.869907366841     1.007825032230
      Gh(C)           0.375174879205    -3.703172876158    -2.799907672017    12.000000000000
      Gh(O)          -0.726824880469    -3.189172937193    -2.846907603353    15.994914619570
      Gh(H)           1.033681749475    -3.591510965148    -3.673921572774     1.007825032230
         N            0.811175226342     2.484826849184     0.192092430980    14.003074004430
         H            0.583175062310     2.772826955995    -0.953907477468     1.007825032230
         H            1.156175016534     1.338826940736     0.082092297465     1.007825032230
         H            1.599175094735     3.027827070436     0.481092465312     1.007825032230
         C           -0.516824842322     2.645827100954     0.952092183024    12.000000000000
         H           -1.025825143683     1.654826925477     0.836092007548     1.007825032230
         C           -0.466825128424     3.076826856813     2.418092739970    12.000000000000
         H           -1.578825116980     3.175826833925     2.720092785747     1.007825032230
         O            0.041175245416     4.348827169618     2.558092129619    15.994914619570
         H            1.023175119531     4.265826986513     2.340092671306     1.007825032230
         C            0.369175314080     2.101827429018     3.295092595012    12.000000000000
         H            1.414174913537     1.994827078065     3.029092801005     1.007825032230
         H           -0.104825139869     1.085826681337     3.243092549235     1.007825032230
         H            0.318175195825     2.484826849184     4.314092648417     1.007825032230
         C           -1.433825136054     3.571826742372     0.272092354686    12.000000000000
         O           -2.643824697364     3.361826704225     0.292092335612    15.994914619570
         H           -1.036651731360     4.452248380861    -0.254321562856     1.007825032230

  Running in c1 symmetry.

  Rotational constants: A =      0.03857  B =      0.00529  C =      0.00495 [cm^-1]
  Rotational constants: A =   1156.36164  B =    158.66085  C =    148.27085 [MHz]
  Nuclear repulsion =  330.514085951565050

  Charge       = 1
  Multiplicity = 1
  Electrons    = 56
  Nalpha       = 28
  Nbeta        = 28

  ==> Algorithm <==

  SCF Algorithm Type is DF.
  DIIS enabled.
  MOM disabled.
  Fractional occupation disabled.
  Guess Type is SAD.
  Energy threshold   = 1.00e-08
  Density threshold  = 1.00e-08
  Integral threshold = 1.00e-12

  ==> Primary Basis <==

  Basis Set: JUN-CC-PVDZ
    Blend: JUN-CC-PVDZ
    Number of shells: 150
    Number of basis functions: 306
    Number of Cartesian functions: 318
    Spherical Harmonics?: true
    Max angular momentum: 2

   => Loading Basis Set <=

    Name: (JUN-CC-PVDZ AUX)
    Role: JKFIT
    Keyword: DF_BASIS_SCF
    atoms 1, 14                                          entry N          line   202 file /home/alia/anaconda3/envs/mddemo/share/psi4/basis/jun-cc-pvdz-jkfit.gbs 
    atoms 2-4, 6, 8-10, 13, 15-17, 19, 21, 23, 25-27, 30 entry H          line    70 file /home/alia/anaconda3/envs/mddemo/share/psi4/basis/jun-cc-pvdz-jkfit.gbs 
    atoms 5, 7, 11, 18, 20, 24, 28                       entry C          line   146 file /home/alia/anaconda3/envs/mddemo/share/psi4/basis/jun-cc-pvdz-jkfit.gbs 
    atoms 12, 22, 29                                     entry O          line   258 file /home/alia/anaconda3/envs/mddemo/share/psi4/basis/jun-cc-pvdz-jkfit.gbs 

  ==> Integral Setup <==

  ==> DiskDFJK: Density-Fitted J/K Matrices <==

    J tasked:                  Yes
    K tasked:                  Yes
    wK tasked:                  No
    OpenMP threads:             32
    Integrals threads:          32
    Memory [MiB]:            57220
    Algorithm:                Core
    Integral Cache:           LOAD
    Schwarz Cutoff:          1E-12
    Fitting Condition:       1E-10

   => Auxiliary Basis Set <=

  Basis Set: (JUN-CC-PVDZ AUX)
    Blend: JUN-CC-PVDZ-JKFIT
    Number of shells: 486
    Number of basis functions: 1362
    Number of Cartesian functions: 1542
    Spherical Harmonics?: true
    Max angular momentum: 3

  Minimum eigenvalue in the overlap matrix is 4.9937036220E-05.
  Reciprocal condition number of the overlap matrix is 4.3779456926E-06.
    Using symmetric orthogonalization.

  ==> Pre-Iterations <==

  SCF Guess: Superposition of Atomic Densities via on-the-fly atomic UHF (no occupation information).

   -------------------------
    Irrep   Nso     Nmo    
   -------------------------
     A        306     306 
   -------------------------
    Total     306     306
   -------------------------

  ==> Iterations <==

                           Total Energy        Delta E     RMS |[F,P]|

   @DF-RHF iter SAD:  -360.52770039207383   -3.60528e+02   0.00000e+00 
   @DF-RHF iter   1:  -360.91462189998651   -3.86922e-01   2.16953e-03 DIIS
   @DF-RHF iter   2:  -361.10512982176459   -1.90508e-01   1.36138e-03 DIIS
   @DF-RHF iter   3:  -361.16986969869811   -6.47399e-02   3.04618e-04 DIIS
   @DF-RHF iter   4:  -361.17507121616779   -5.20152e-03   1.13202e-04 DIIS
   @DF-RHF iter   5:  -361.17581492337797   -7.43707e-04   2.74367e-05 DIIS
   @DF-RHF iter   6:  -361.17588642050043   -7.14971e-05   1.28616e-05 DIIS
   @DF-RHF iter   7:  -361.17590265356887   -1.62331e-05   5.20926e-06 DIIS
   @DF-RHF iter   8:  -361.17590595551968   -3.30195e-06   2.11772e-06 DIIS
   @DF-RHF iter   9:  -361.17590652925060   -5.73731e-07   6.30414e-07 DIIS
   @DF-RHF iter  10:  -361.17590658822462   -5.89740e-08   2.09330e-07 DIIS
   @DF-RHF iter  11:  -361.17590659560364   -7.37901e-09   7.82218e-08 DIIS
   @DF-RHF iter  12:  -361.17590659691155   -1.30791e-09   4.08565e-08 DIIS
   @DF-RHF iter  13:  -361.17590659739272   -4.81180e-10   2.24971e-08 DIIS
   @DF-RHF iter  14:  -361.17590659755228   -1.59559e-10   9.30938e-09 DIIS
  Energy and wave function converged.


  ==> Post-Iterations <==

    Orbital Energies [Eh]
    ---------------------

    Doubly Occupied:                                                      

       1A    -20.748842     2A    -20.743080     3A    -15.944346  
       4A    -11.517881     5A    -11.502766     6A    -11.483481  
       7A    -11.394271     8A     -1.568887     9A     -1.556285  
      10A     -1.490484    11A     -1.247055    12A     -1.154133  
      13A     -1.026402    14A     -1.004622    15A     -0.958789  
      16A     -0.903922    17A     -0.896258    18A     -0.848077  
      19A     -0.814390    20A     -0.806224    21A     -0.784261  
      22A     -0.757408    23A     -0.704816    24A     -0.701260  
      25A     -0.671175    26A     -0.659919    27A     -0.626549  
      28A     -0.594427  

    Virtual:                                                              

      29A     -0.136048    30A     -0.087245    31A     -0.076527  
      32A     -0.056603    33A     -0.045493    34A     -0.039874  
      35A     -0.032751    36A     -0.022463    37A     -0.021135  
      38A     -0.016762    39A     -0.012154    40A     -0.007397  
      41A     -0.001099    42A      0.003023    43A      0.008268  
      44A      0.018916    45A      0.025707    46A      0.028939  
      47A      0.033233    48A      0.040590    49A      0.042224  
      50A      0.043817    51A      0.048119    52A      0.054076  
      53A      0.058302    54A      0.059850    55A      0.074124  
      56A      0.085347    57A      0.089156    58A      0.092825  
      59A      0.099304    60A      0.105528    61A      0.109926  
      62A      0.117178    63A      0.122205    64A      0.132293  
      65A      0.136732    66A      0.142630    67A      0.144641  
      68A      0.150470    69A      0.157681    70A      0.159104  
      71A      0.163856    72A      0.169469    73A      0.178415  
      74A      0.191647    75A      0.194199    76A      0.197732  
      77A      0.201073    78A      0.205789    79A      0.216422  
      80A      0.219450    81A      0.221645    82A      0.230972  
      83A      0.242961    84A      0.248753    85A      0.260195  
      86A      0.274033    87A      0.281262    88A      0.284907  
      89A      0.291100    90A      0.305404    91A      0.308351  
      92A      0.318288    93A      0.343365    94A      0.344438  
      95A      0.355149    96A      0.358979    97A      0.367243  
      98A      0.370712    99A      0.383450   100A      0.392135  
     101A      0.413573   102A      0.437280   103A      0.460924  
     104A      0.478168   105A      0.497061   106A      0.508430  
     107A      0.523093   108A      0.536743   109A      0.542562  
     110A      0.561903   111A      0.579941   112A      0.608932  
     113A      0.615013   114A      0.621477   115A      0.631731  
     116A      0.658100   117A      0.662664   118A      0.669964  
     119A      0.674414   120A      0.686655   121A      0.700920  
     122A      0.704781   123A      0.722394   124A      0.746359  
     125A      0.750251   126A      0.754554   127A      0.765919  
     128A      0.772163   129A      0.776787   130A      0.780454  
     131A      0.789048   132A      0.809985   133A      0.820084  
     134A      0.826905   135A      0.835076   136A      0.851960  
     137A      0.873512   138A      0.886813   139A      0.891934  
     140A      0.902965   141A      0.907693   142A      0.922597  
     143A      0.940313   144A      0.955123   145A      0.971503  
     146A      0.985750   147A      1.034944   148A      1.100513  
     149A      1.134532   150A      1.152645   151A      1.219883  
     152A      1.228659   153A      1.245716   154A      1.264627  
     155A      1.298995   156A      1.335328   157A      1.340482  
     158A      1.354229   159A      1.361599   160A      1.376037  
     161A      1.383109   162A      1.403362   163A      1.437156  
     164A      1.459629   165A      1.467393   166A      1.493863  
     167A      1.506478   168A      1.515367   169A      1.526263  
     170A      1.541651   171A      1.575095   172A      1.581911  
     173A      1.594933   174A      1.627061   175A      1.651369  
     176A      1.654265   177A      1.666676   178A      1.679543  
     179A      1.685010   180A      1.691649   181A      1.699935  
     182A      1.703990   183A      1.726278   184A      1.739710  
     185A      1.755378   186A      1.759168   187A      1.776223  
     188A      1.781889   189A      1.786681   190A      1.802599  
     191A      1.821775   192A      1.831301   193A      1.833263  
     194A      1.859390   195A      1.864572   196A      1.879951  
     197A      1.886810   198A      1.903511   199A      1.907080  
     200A      1.927379   201A      1.929335   202A      1.936811  
     203A      1.945594   204A      1.947014   205A      1.958627  
     206A      1.966999   207A      1.969133   208A      1.980938  
     209A      2.019702   210A      2.021651   211A      2.041519  
     212A      2.044008   213A      2.060294   214A      2.096077  
     215A      2.099416   216A      2.127311   217A      2.136926  
     218A      2.151059   219A      2.158528   220A      2.169804  
     221A      2.197263   222A      2.205304   223A      2.213717  
     224A      2.230651   225A      2.238522   226A      2.268980  
     227A      2.279984   228A      2.283547   229A      2.294641  
     230A      2.326384   231A      2.345777   232A      2.357187  
     233A      2.396465   234A      2.402791   235A      2.411128  
     236A      2.416010   237A      2.442076   238A      2.469728  
     239A      2.480281   240A      2.488008   241A      2.527640  
     242A      2.544401   243A      2.560855   244A      2.584423  
     245A      2.585964   246A      2.627386   247A      2.637773  
     248A      2.648271   249A      2.694296   250A      2.696199  
     251A      2.700340   252A      2.708897   253A      2.712941  
     254A      2.744960   255A      2.752883   256A      2.777452  
     257A      2.826966   258A      2.866212   259A      2.903184  
     260A      2.907514   261A      2.912921   262A      2.933310  
     263A      3.018249   264A      3.019422   265A      3.060943  
     266A      3.100421   267A      3.141832   268A      3.156704  
     269A      3.185123   270A      3.259381   271A      3.293691  
     272A      3.309473   273A      3.323751   274A      3.405276  
     275A      3.485276   276A      3.553895   277A      3.566899  
     278A      3.585124   279A      3.626322   280A      3.676172  
     281A      3.810513   282A      3.911097   283A      3.966669  
     284A      4.025703   285A      4.132341   286A      4.171023  
     287A      4.269259   288A      4.411649   289A      4.607733  
     290A      4.654975   291A      4.685347   292A      4.773611  
     293A      4.831966   294A      4.883567   295A      5.074583  
     296A      5.317308   297A      5.439570   298A      5.522478  
     299A      5.612522   300A      5.709481   301A      6.687375  
     302A     18.171453   303A     18.347028   304A     18.529666  
     305A     25.326501   306A     33.410434  

    Final Occupation by Irrep:
              A 
    DOCC [    28 ]

  @DF-RHF Final Energy:  -361.17590659755228

   => Energetics <=

    Nuclear Repulsion Energy =            330.5140859515650504
    One-Electron Energy =               -1137.1599611575272775
    Two-Electron Energy =                 445.4699686084099994
    Total Energy =                       -361.1759065975522844

Computation Completed


Properties will be evaluated at   0.000000,   0.000000,   0.000000 [a0]

Properties computed using the SCF density matrix

  Nuclear Dipole Moment: [e a0]
     X:   -47.4035      Y:   328.2654      Z:   154.2165

  Electronic Dipole Moment: [e a0]
     X:    49.7865      Y:  -324.0150      Z:  -153.4022

  Dipole Moment: [e a0]
     X:     2.3830      Y:     4.2504      Z:     0.8143     Total:     4.9404

  Dipole Moment: [D]
     X:     6.0571      Y:    10.8035      Z:     2.0697     Total:    12.5573


*** tstop() called on aliaconda at Sun Mar 20 04:58:21 2022
Module time:
	user time   =     227.85 seconds =       3.80 minutes
	system time =      25.41 seconds =       0.42 minutes
	total time  =         11 seconds =       0.18 minutes
Total time:
	user time   =   31360.64 seconds =     522.68 minutes
	system time =    4291.19 seconds =      71.52 minutes
	total time  =       2084 seconds =      34.73 minutes
  Constructing Basis Sets for SAPT...

   => Loading Basis Set <=

    Name: (JUN-CC-PVDZ AUX)
    Role: RIFIT
    Keyword: DF_BASIS_SAPT
    atoms 1, 14                                          entry N          line   144 file /home/alia/anaconda3/envs/mddemo/share/psi4/basis/jun-cc-pvdz-ri.gbs 
    atoms 2-4, 6, 8-10, 13, 15-17, 19, 21, 23, 25-27, 30 entry H          line    30 file /home/alia/anaconda3/envs/mddemo/share/psi4/basis/jun-cc-pvdz-ri.gbs 
    atoms 5, 7, 11, 18, 20, 24, 28                       entry C          line   100 file /home/alia/anaconda3/envs/mddemo/share/psi4/basis/jun-cc-pvdz-ri.gbs 
    atoms 12, 22, 29                                     entry O          line   188 file /home/alia/anaconda3/envs/mddemo/share/psi4/basis/jun-cc-pvdz-ri.gbs 


  //>>>>>>>>>>>>>>>>>>>>>>>>>>>>>>>>>>>//
  //               SAPT0               //
  //<<<<<<<<<<<<<<<<<<<<<<<<<<<<<<<<<<<//


*** tstart() called on aliaconda
*** at Sun Mar 20 04:58:21 2022

        SAPT0  
    Ed Hohenstein
     6 June 2009

      Orbital Information
  --------------------------
    NSO        =       306
    NMO        =       306
    NRI        =      1032
    NOCC A     =        20
    NOCC B     =        28
    FOCC A     =         0
    FOCC B     =         0
    NVIR A     =       286
    NVIR B     =       278

    Elst10,r            =     0.064225781272 [Eh]
    Exch10              =    -0.000000051364 [Eh]
    Exch10 (S^2)        =    -0.000000051364 [Eh]

    Iter     Energy [mEh]          dE [mEh]         Residual      Time [s]
       1      -0.56819241       0.568192409       5.266116184             1
       2      -0.57870004       0.010507629       1.912946861             1
       3      -0.61711540       0.038415359       0.740120344             2
       4      -0.62501759       0.007902194       0.175658245             3
       5      -0.62355507      -0.001462520       0.109021327             3
       6      -0.62274350      -0.000811567       0.041837767             4
       7      -0.62305367       0.000310161       0.019136109             4
       8      -0.62314925       0.000095584       0.008452879             5
       9      -0.62310176      -0.000047491       0.004410296             5
      10      -0.62309331      -0.000008447       0.001457648             6
      11      -0.62310025       0.000006938       0.000402761             6
      12      -0.62310102       0.000000771       0.000100547             7
      13      -0.62310055      -0.000000466       0.000025557             8
      14      -0.62310053      -0.000000024       0.000005783             8
      15      -0.62310056       0.000000024       0.000001544             9
      16      -0.62310056       0.000000001       0.000000386             9

    CHF Iterations converged


    Iter     Energy [mEh]          dE [mEh]         Residual      Time [s]
       1      -0.27778377       0.277783768       3.855472072             1
       2      -0.28482832       0.007044556       1.605543414             1
       3      -0.30632114       0.021492819       0.529025820             2
       4      -0.31039541       0.004074264       0.124968133             3
       5      -0.30973688      -0.000658525       0.073309364             3
       6      -0.30932563      -0.000411254       0.022771214             4
       7      -0.30937451       0.000048884       0.011442313             4
       8      -0.30943659       0.000062078       0.003437124             5
       9      -0.30942584      -0.000010744       0.001560517             6
      10      -0.30942070      -0.000005141       0.000712237             6
      11      -0.30942306       0.000002360       0.000373020             7
      12      -0.30942363       0.000000566       0.000122193             7
      13      -0.30942320      -0.000000428       0.000033114             8
      14      -0.30942317      -0.000000036       0.000009372             9
      15      -0.30942319       0.000000023       0.000003058             9
      16      -0.30942319       0.000000004       0.000000890            10

    CHF Iterations converged

    Ind20,r (A<-B)      =    -0.000623100557 [Eh]
    Ind20,r (B<-A)      =    -0.000309423192 [Eh]
    Ind20,r             =    -0.000932523749 [Eh]
    Exch-Ind20,r (A<-B) =     0.000000022505 [Eh]
    Exch-Ind20,r (B<-A) =     0.000000008193 [Eh]
    Exch-Ind20,r        =     0.000000030697 [Eh]
    Disp20              =    -0.000125853899 [Eh]
    Disp20 (SS)         =    -0.000062926950 [Eh]
    Disp20 (OS)         =    -0.000062926950 [Eh]
    Exch-Disp20         =     0.000000014140 [Eh]
    Exch-Disp20 (SS)    =     0.000000010450 [Eh]
    Exch-Disp20 (OS)    =     0.000000003690 [Eh]

    SAPT Results 
  --------------------------------------------------------------------------------------------------------
    Electrostatics                 64.22578127 [mEh]      40.30228621 [kcal/mol]     168.62476550 [kJ/mol]
      Elst10,r                     64.22578127 [mEh]      40.30228621 [kcal/mol]     168.62476550 [kJ/mol]

    Exchange                       -0.00005136 [mEh]      -0.00003223 [kcal/mol]      -0.00013486 [kJ/mol]
      Exch10                       -0.00005136 [mEh]      -0.00003223 [kcal/mol]      -0.00013486 [kJ/mol]
      Exch10(S^2)                  -0.00005136 [mEh]      -0.00003223 [kcal/mol]      -0.00013486 [kJ/mol]

    Induction                      -0.91490757 [mEh]      -0.57411316 [kcal/mol]      -2.40208948 [kJ/mol]
      Ind20,r                      -0.93252375 [mEh]      -0.58516749 [kcal/mol]      -2.44834077 [kJ/mol]
      Exch-Ind20,r                  0.00003070 [mEh]       0.00001926 [kcal/mol]       0.00008060 [kJ/mol]
      delta HF,r (2)                0.01758549 [mEh]       0.01103506 [kcal/mol]       0.04617069 [kJ/mol]

    Dispersion                     -0.12583976 [mEh]      -0.07896564 [kcal/mol]      -0.33039224 [kJ/mol]
      Disp20                       -0.12585390 [mEh]      -0.07897451 [kcal/mol]      -0.33042937 [kJ/mol]
      Exch-Disp20                   0.00001414 [mEh]       0.00000887 [kcal/mol]       0.00003712 [kJ/mol]
      Disp20 (SS)                  -0.06292695 [mEh]      -0.03948726 [kcal/mol]      -0.16521468 [kJ/mol]
      Disp20 (OS)                  -0.06292695 [mEh]      -0.03948726 [kcal/mol]      -0.16521468 [kJ/mol]
      Exch-Disp20 (SS)              0.00001045 [mEh]       0.00000656 [kcal/mol]       0.00002744 [kJ/mol]
      Exch-Disp20 (OS)              0.00000369 [mEh]       0.00000232 [kcal/mol]       0.00000969 [kJ/mol]

  Total HF                         63.31082234 [mEh]      39.72814081 [kcal/mol]     166.22254116 [kJ/mol]
  Total SAPT0                      63.18498258 [mEh]      39.64917517 [kcal/mol]     165.89214892 [kJ/mol]

  Special recipe for scaled SAPT0 (see Manual):
    Electrostatics sSAPT0          64.22578127 [mEh]      40.30228621 [kcal/mol]     168.62476550 [kJ/mol]
    Exchange sSAPT0                -0.00005136 [mEh]      -0.00003223 [kcal/mol]      -0.00013486 [kJ/mol]
    Induction sSAPT0               -0.91490757 [mEh]      -0.57411316 [kcal/mol]      -2.40208948 [kJ/mol]
    Dispersion sSAPT0              -0.12583976 [mEh]      -0.07896564 [kcal/mol]      -0.33039224 [kJ/mol]
  Total sSAPT0                     63.18498258 [mEh]      39.64917517 [kcal/mol]     165.89214892 [kJ/mol]
  --------------------------------------------------------------------------------------------------------

*** tstop() called on aliaconda at Sun Mar 20 04:59:10 2022
Module time:
	user time   =     682.27 seconds =      11.37 minutes
	system time =     116.99 seconds =       1.95 minutes
	total time  =         49 seconds =       0.82 minutes
Total time:
	user time   =   32045.47 seconds =     534.09 minutes
	system time =    4408.68 seconds =      73.48 minutes
	total time  =       2133 seconds =      35.55 minutes


Warning! sapt0 does not have an associated derived wavefunction.The returned wavefunction is the dimer SCF wavefunction.


  Memory set to  74.506 GiB by Python driver.
  Threads set to 32 by Python driver.
