
Scratch directory: /tmp/

Scratch directory: /tmp/

  //>>>>>>>>>>>>>>>>>>>>>>>>>>>>>>>>>>>//
  //              Dimer HF             //
  //<<<<<<<<<<<<<<<<<<<<<<<<<<<<<<<<<<<//


*** tstart() called on aliaconda
*** at Sun Mar 20 05:24:26 2022

   => Loading Basis Set <=

    Name: JUN-CC-PVDZ
    Role: ORBITAL
    Keyword: BASIS
    atoms 1, 14                                          entry N          line   198 file /home/alia/anaconda3/envs/mddemo/share/psi4/basis/jun-cc-pvdz.gbs 
    atoms 2-4, 6, 8-10, 13, 15-17, 19, 21, 23, 25-27, 30 entry H          line    36 file /home/alia/anaconda3/envs/mddemo/share/psi4/basis/jun-cc-pvdz.gbs 
    atoms 5, 7, 11, 18, 20, 24, 28                       entry C          line   164 file /home/alia/anaconda3/envs/mddemo/share/psi4/basis/jun-cc-pvdz.gbs 
    atoms 12, 22, 29                                     entry O          line   232 file /home/alia/anaconda3/envs/mddemo/share/psi4/basis/jun-cc-pvdz.gbs 


         ---------------------------------------------------------
                                   SCF
               by Justin Turney, Rob Parrish, Andy Simmonett
                          and Daniel G. A. Smith
                              RHF Reference
                       32 Threads,  76293 MiB Core
         ---------------------------------------------------------

  ==> Geometry <==

    Molecular point group: c1
    Full point group: C1

    Geometry (in Angstrom), charge = 2, multiplicity = 1:

       Center              X                  Y                   Z               Mass       
    ------------   -----------------  -----------------  -----------------  -----------------
         N            0.457285347594    -5.537313977160    -0.954870916601    14.003074004430
         H           -0.169714507447    -5.471313992418     0.070128701930     1.007825032230
         H           -0.433714446412    -5.791314164080    -1.722871042486     1.007825032230
         H            1.061285439147    -6.338314095415    -0.911871172185     1.007825032230
         C            1.056285324706    -4.214314022936    -1.345871187444    12.000000000000
         H            0.357285442962    -3.414314309038    -1.054871298070     1.007825032230
         C            2.359285536422    -4.120314160265    -0.451871134038    12.000000000000
         H            3.142285528792    -4.717314282335    -0.883871294256     1.007825032230
         H            2.150285425796    -4.481314221300     0.575128816371     1.007825032230
         H            2.733285370483    -3.056314030565    -0.334871031041     1.007825032230
         C            1.362285557403    -4.099314251818    -2.811871267553    12.000000000000
         O            0.781285706176    -4.657313862719    -3.764871097799    15.994914619570
         H            2.202767077102    -3.441658535875    -3.078479028936     1.007825032230
         N            0.266285362853     2.242685755812     0.332128785853    14.003074004430
         H            0.062285366668     2.069686373792    -0.840871073003     1.007825032230
         H            0.607285442962     1.131685694776     0.638129018550     1.007825032230
         H            1.101285401000     2.861686190687     0.388129018550     1.007825032230
         C           -0.967714366303     2.728685816847     0.953129075770    12.000000000000
         H           -1.619714316712     1.844685992323     1.080128930812     1.007825032230
         C           -0.881714400636     3.360685786329     2.360129140620    12.000000000000
         H           -1.971714553224     3.572685679518     2.692128919367     1.007825032230
         O           -0.126714286195     4.623686274610     2.294129155879    15.994914619570
         H            0.743285599364     4.297686060987     2.003128789668     1.007825032230
         C           -0.181714591370     2.459685763441     3.418128751521    12.000000000000
         H            0.918285313262     2.331685504042     3.312128804927     1.007825032230
         H           -0.611714419709     1.418686350904     3.405129216914     1.007825032230
         H           -0.301714476930     2.891685923658     4.486128591303     1.007825032230
         C           -1.538714465485     3.674685916029     0.002128862147    12.000000000000
         O           -2.766714629517     3.701686343275    -0.160871244665    15.994914619570
         H           -0.887066420899     4.356453379713    -0.564040399785     1.007825032230

  Running in c1 symmetry.

  Rotational constants: A =      0.03775  B =      0.00485  C =      0.00455 [cm^-1]
  Rotational constants: A =   1131.68628  B =    145.47557  C =    136.38834 [MHz]
  Nuclear repulsion =  653.852949844207160

  Charge       = 2
  Multiplicity = 1
  Electrons    = 96
  Nalpha       = 48
  Nbeta        = 48

  ==> Algorithm <==

  SCF Algorithm Type is DF.
  DIIS enabled.
  MOM disabled.
  Fractional occupation disabled.
  Guess Type is SAD.
  Energy threshold   = 1.00e-08
  Density threshold  = 1.00e-08
  Integral threshold = 1.00e-12

  ==> Primary Basis <==

  Basis Set: JUN-CC-PVDZ
    Blend: JUN-CC-PVDZ
    Number of shells: 150
    Number of basis functions: 306
    Number of Cartesian functions: 318
    Spherical Harmonics?: true
    Max angular momentum: 2

   => Loading Basis Set <=

    Name: (JUN-CC-PVDZ AUX)
    Role: JKFIT
    Keyword: DF_BASIS_SCF
    atoms 1, 14                                          entry N          line   202 file /home/alia/anaconda3/envs/mddemo/share/psi4/basis/jun-cc-pvdz-jkfit.gbs 
    atoms 2-4, 6, 8-10, 13, 15-17, 19, 21, 23, 25-27, 30 entry H          line    70 file /home/alia/anaconda3/envs/mddemo/share/psi4/basis/jun-cc-pvdz-jkfit.gbs 
    atoms 5, 7, 11, 18, 20, 24, 28                       entry C          line   146 file /home/alia/anaconda3/envs/mddemo/share/psi4/basis/jun-cc-pvdz-jkfit.gbs 
    atoms 12, 22, 29                                     entry O          line   258 file /home/alia/anaconda3/envs/mddemo/share/psi4/basis/jun-cc-pvdz-jkfit.gbs 

  ==> Integral Setup <==

  ==> DiskDFJK: Density-Fitted J/K Matrices <==

    J tasked:                  Yes
    K tasked:                  Yes
    wK tasked:                  No
    OpenMP threads:             32
    Integrals threads:          32
    Memory [MiB]:            57220
    Algorithm:                Core
    Integral Cache:           SAVE
    Schwarz Cutoff:          1E-12
    Fitting Condition:       1E-10

   => Auxiliary Basis Set <=

  Basis Set: (JUN-CC-PVDZ AUX)
    Blend: JUN-CC-PVDZ-JKFIT
    Number of shells: 486
    Number of basis functions: 1362
    Number of Cartesian functions: 1542
    Spherical Harmonics?: true
    Max angular momentum: 3

  Minimum eigenvalue in the overlap matrix is 5.8011946432E-05.
  Reciprocal condition number of the overlap matrix is 5.0814469643E-06.
    Using symmetric orthogonalization.

  ==> Pre-Iterations <==

  SCF Guess: Superposition of Atomic Densities via on-the-fly atomic UHF (no occupation information).

   -------------------------
    Irrep   Nso     Nmo    
   -------------------------
     A        306     306 
   -------------------------
    Total     306     306
   -------------------------

  ==> Iterations <==

                           Total Energy        Delta E     RMS |[F,P]|

   @DF-RHF iter SAD:  -606.97297568607360   -6.06973e+02   0.00000e+00 
   @DF-RHF iter   1:  -607.94269555663288   -9.69720e-01   2.81810e-03 DIIS
   @DF-RHF iter   2:  -608.26046313139466   -3.17768e-01   1.85801e-03 DIIS
   @DF-RHF iter   3:  -608.38070334113968   -1.20240e-01   4.04765e-04 DIIS
   @DF-RHF iter   4:  -608.39015001165706   -9.44667e-03   1.48340e-04 DIIS
   @DF-RHF iter   5:  -608.39147607715961   -1.32607e-03   3.62889e-05 DIIS
   @DF-RHF iter   6:  -608.39161425720192   -1.38180e-04   1.87288e-05 DIIS
   @DF-RHF iter   7:  -608.39164878419649   -3.45270e-05   8.27049e-06 DIIS
   @DF-RHF iter   8:  -608.39165750119525   -8.71700e-06   3.15068e-06 DIIS
   @DF-RHF iter   9:  -608.39165880065843   -1.29946e-06   8.93783e-07 DIIS
   @DF-RHF iter  10:  -608.39165890368645   -1.03028e-07   3.21733e-07 DIIS
   @DF-RHF iter  11:  -608.39165891711548   -1.34290e-08   1.57961e-07 DIIS
   @DF-RHF iter  12:  -608.39165892059088   -3.47541e-09   8.17779e-08 DIIS
   @DF-RHF iter  13:  -608.39165892206177   -1.47088e-09   4.61156e-08 DIIS
   @DF-RHF iter  14:  -608.39165892280380   -7.42034e-10   2.05357e-08 DIIS
   @DF-RHF iter  15:  -608.39165892293727   -1.33468e-10   6.02772e-09 DIIS
  Energy and wave function converged.


  ==> Post-Iterations <==

    Orbital Energies [Eh]
    ---------------------

    Doubly Occupied:                                                      

       1A    -20.829436     2A    -20.806549     3A    -20.803656  
       4A    -16.022330     5A    -16.001013     6A    -11.603453  
       7A    -11.596776     8A    -11.579253     9A    -11.566997  
      10A    -11.554487    11A    -11.514243    12A    -11.470423  
      13A     -1.632103    14A     -1.622860    15A     -1.594887  
      16A     -1.571386    17A     -1.559440    18A     -1.319992  
      19A     -1.309971    20A     -1.217311    21A     -1.181253  
      22A     -1.092657    23A     -1.087160    24A     -1.075219  
      25A     -1.025301    26A     -1.013546    27A     -0.979090  
      28A     -0.974201    29A     -0.965584    30A     -0.948316  
      31A     -0.901548    32A     -0.893477    33A     -0.888123  
      34A     -0.876296    35A     -0.861268    36A     -0.830356  
      37A     -0.819368    38A     -0.813521    39A     -0.806414  
      40A     -0.796475    41A     -0.765327    42A     -0.747017  
      43A     -0.744540    44A     -0.733008    45A     -0.713528  
      46A     -0.691374    47A     -0.688509    48A     -0.662320  

    Virtual:                                                              

      49A     -0.222100    50A     -0.195020    51A     -0.168098  
      52A     -0.157844    53A     -0.143427    54A     -0.138266  
      55A     -0.131542    56A     -0.125796    57A     -0.121733  
      58A     -0.109319    59A     -0.100725    60A     -0.100110  
      61A     -0.094915    62A     -0.089191    63A     -0.084416  
      64A     -0.075862    65A     -0.074675    66A     -0.072472  
      67A     -0.068527    68A     -0.067759    69A     -0.054657  
      70A     -0.051822    71A     -0.048012    72A     -0.042270  
      73A     -0.038839    74A     -0.032568    75A     -0.031857  
      76A     -0.025002    77A     -0.020242    78A     -0.013611  
      79A     -0.011116    80A     -0.008373    81A     -0.004028  
      82A      0.014260    83A      0.017544    84A      0.022981  
      85A      0.028166    86A      0.031547    87A      0.034477  
      88A      0.040709    89A      0.054371    90A      0.057099  
      91A      0.068168    92A      0.075662    93A      0.081602  
      94A      0.083541    95A      0.084969    96A      0.093085  
      97A      0.094548    98A      0.105848    99A      0.110188  
     100A      0.115879   101A      0.125587   102A      0.130404  
     103A      0.132132   104A      0.135829   105A      0.140470  
     106A      0.155124   107A      0.158086   108A      0.160247  
     109A      0.165571   110A      0.181130   111A      0.187264  
     112A      0.196356   113A      0.203986   114A      0.208731  
     115A      0.213907   116A      0.219041   117A      0.236659  
     118A      0.245038   119A      0.245966   120A      0.257181  
     121A      0.271114   122A      0.293574   123A      0.301137  
     124A      0.327603   125A      0.340360   126A      0.362720  
     127A      0.443044   128A      0.464773   129A      0.472964  
     130A      0.500600   131A      0.513016   132A      0.518368  
     133A      0.537876   134A      0.544977   135A      0.545865  
     136A      0.551705   137A      0.558926   138A      0.569689  
     139A      0.571971   140A      0.593062   141A      0.602339  
     142A      0.611542   143A      0.619887   144A      0.627834  
     145A      0.639960   146A      0.647475   147A      0.650341  
     148A      0.668339   149A      0.676409   150A      0.678895  
     151A      0.688068   152A      0.691908   153A      0.696314  
     154A      0.706051   155A      0.718930   156A      0.720144  
     157A      0.724133   158A      0.725057   159A      0.744375  
     160A      0.752049   161A      0.766684   162A      0.785263  
     163A      0.795577   164A      0.808949   165A      0.822477  
     166A      0.834328   167A      0.844370   168A      0.848439  
     169A      0.863977   170A      0.866546   171A      0.883255  
     172A      0.887866   173A      0.912395   174A      0.945830  
     175A      0.959499   176A      1.022072   177A      1.024442  
     178A      1.029086   179A      1.084805   180A      1.134995  
     181A      1.143613   182A      1.154301   183A      1.165066  
     184A      1.173636   185A      1.188918   186A      1.219382  
     187A      1.229506   188A      1.249544   189A      1.260268  
     190A      1.265546   191A      1.268495   192A      1.278243  
     193A      1.288276   194A      1.293821   195A      1.297756  
     196A      1.314775   197A      1.330720   198A      1.338117  
     199A      1.343853   200A      1.354979   201A      1.371223  
     202A      1.400706   203A      1.412343   204A      1.431064  
     205A      1.438799   206A      1.446042   207A      1.459333  
     208A      1.481537   209A      1.517766   210A      1.529032  
     211A      1.537086   212A      1.580051   213A      1.581662  
     214A      1.593872   215A      1.618879   216A      1.629521  
     217A      1.631614   218A      1.635377   219A      1.644548  
     220A      1.655647   221A      1.667334   222A      1.671127  
     223A      1.680605   224A      1.684834   225A      1.712019  
     226A      1.717946   227A      1.722638   228A      1.725335  
     229A      1.736462   230A      1.747144   231A      1.749491  
     232A      1.768387   233A      1.781037   234A      1.786984  
     235A      1.792495   236A      1.799373   237A      1.809682  
     238A      1.831815   239A      1.836890   240A      1.869670  
     241A      1.872347   242A      1.875620   243A      1.888839  
     244A      1.901015   245A      1.959070   246A      1.964693  
     247A      1.970145   248A      1.988379   249A      2.004324  
     250A      2.009287   251A      2.036416   252A      2.055853  
     253A      2.074420   254A      2.076337   255A      2.103151  
     256A      2.122647   257A      2.148454   258A      2.156552  
     259A      2.164707   260A      2.190681   261A      2.212531  
     262A      2.229929   263A      2.245848   264A      2.254124  
     265A      2.304023   266A      2.306817   267A      2.337480  
     268A      2.359586   269A      2.361719   270A      2.394785  
     271A      2.413046   272A      2.439946   273A      2.458488  
     274A      2.497965   275A      2.506200   276A      2.514243  
     277A      2.532466   278A      2.566034   279A      2.576006  
     280A      2.593352   281A      2.600302   282A      2.618455  
     283A      2.628696   284A      2.637462   285A      2.673814  
     286A      2.703510   287A      2.734574   288A      2.789428  
     289A      2.838625   290A      2.857790   291A      2.865792  
     292A      2.928858   293A      2.975457   294A      3.015027  
     295A      3.056876   296A      3.095436   297A      3.134685  
     298A      3.189622   299A      3.226522   300A      3.246800  
     301A      3.405678   302A      3.434431   303A      3.518889  
     304A      3.684401   305A      3.729549   306A      3.902579  

    Final Occupation by Irrep:
              A 
    DOCC [    48 ]

  @DF-RHF Final Energy:  -608.39165892293727

   => Energetics <=

    Nuclear Repulsion Energy =            653.8529498442071599
    One-Electron Energy =               -2100.9864899877566131
    Two-Electron Energy =                 838.7418812206121856
    Total Energy =                       -608.3916589229372676

Computation Completed


Properties will be evaluated at   0.000000,   0.000000,   0.000000 [a0]

Properties computed using the SCF density matrix

  Nuclear Dipole Moment: [e a0]
     X:     8.5040      Y:    -9.2868      Z:     8.6736

  Electronic Dipole Moment: [e a0]
     X:    -5.6517      Y:     3.4111      Z:    -8.3076

  Dipole Moment: [e a0]
     X:     2.8523      Y:    -5.8757      Z:     0.3659     Total:     6.5417

  Dipole Moment: [D]
     X:     7.2499      Y:   -14.9346      Z:     0.9301     Total:    16.6273


*** tstop() called on aliaconda at Sun Mar 20 05:24:41 2022
Module time:
	user time   =     328.28 seconds =       5.47 minutes
	system time =      37.43 seconds =       0.62 minutes
	total time  =         15 seconds =       0.25 minutes
Total time:
	user time   =   58042.75 seconds =     967.38 minutes
	system time =    8046.76 seconds =     134.11 minutes
	total time  =       3664 seconds =      61.07 minutes

  //>>>>>>>>>>>>>>>>>>>>>>>>>>>>>>>>>>>//
  //            Monomer A HF           //
  //<<<<<<<<<<<<<<<<<<<<<<<<<<<<<<<<<<<//


*** tstart() called on aliaconda
*** at Sun Mar 20 05:24:41 2022

   => Loading Basis Set <=

    Name: JUN-CC-PVDZ
    Role: ORBITAL
    Keyword: BASIS
    atoms 1, 14                                          entry N          line   198 file /home/alia/anaconda3/envs/mddemo/share/psi4/basis/jun-cc-pvdz.gbs 
    atoms 2-4, 6, 8-10, 13, 15-17, 19, 21, 23, 25-27, 30 entry H          line    36 file /home/alia/anaconda3/envs/mddemo/share/psi4/basis/jun-cc-pvdz.gbs 
    atoms 5, 7, 11, 18, 20, 24, 28                       entry C          line   164 file /home/alia/anaconda3/envs/mddemo/share/psi4/basis/jun-cc-pvdz.gbs 
    atoms 12, 22, 29                                     entry O          line   232 file /home/alia/anaconda3/envs/mddemo/share/psi4/basis/jun-cc-pvdz.gbs 


         ---------------------------------------------------------
                                   SCF
               by Justin Turney, Rob Parrish, Andy Simmonett
                          and Daniel G. A. Smith
                              RHF Reference
                       32 Threads,  76293 MiB Core
         ---------------------------------------------------------

  ==> Geometry <==

    Molecular point group: c1
    Full point group: C1

    Geometry (in Angstrom), charge = 1, multiplicity = 1:

       Center              X                  Y                   Z               Mass       
    ------------   -----------------  -----------------  -----------------  -----------------
         N            0.457285347594    -5.537313977160    -0.954870916601    14.003074004430
         H           -0.169714507447    -5.471313992418     0.070128701930     1.007825032230
         H           -0.433714446412    -5.791314164080    -1.722871042486     1.007825032230
         H            1.061285439147    -6.338314095415    -0.911871172185     1.007825032230
         C            1.056285324706    -4.214314022936    -1.345871187444    12.000000000000
         H            0.357285442962    -3.414314309038    -1.054871298070     1.007825032230
         C            2.359285536422    -4.120314160265    -0.451871134038    12.000000000000
         H            3.142285528792    -4.717314282335    -0.883871294256     1.007825032230
         H            2.150285425796    -4.481314221300     0.575128816371     1.007825032230
         H            2.733285370483    -3.056314030565    -0.334871031041     1.007825032230
         C            1.362285557403    -4.099314251818    -2.811871267553    12.000000000000
         O            0.781285706176    -4.657313862719    -3.764871097799    15.994914619570
         H            2.202767077102    -3.441658535875    -3.078479028936     1.007825032230
      Gh(N)           0.266285362853     2.242685755812     0.332128785853    14.003074004430
      Gh(H)           0.062285366668     2.069686373792    -0.840871073003     1.007825032230
      Gh(H)           0.607285442962     1.131685694776     0.638129018550     1.007825032230
      Gh(H)           1.101285401000     2.861686190687     0.388129018550     1.007825032230
      Gh(C)          -0.967714366303     2.728685816847     0.953129075770    12.000000000000
      Gh(H)          -1.619714316712     1.844685992323     1.080128930812     1.007825032230
      Gh(C)          -0.881714400636     3.360685786329     2.360129140620    12.000000000000
      Gh(H)          -1.971714553224     3.572685679518     2.692128919367     1.007825032230
      Gh(O)          -0.126714286195     4.623686274610     2.294129155879    15.994914619570
      Gh(H)           0.743285599364     4.297686060987     2.003128789668     1.007825032230
      Gh(C)          -0.181714591370     2.459685763441     3.418128751521    12.000000000000
      Gh(H)           0.918285313262     2.331685504042     3.312128804927     1.007825032230
      Gh(H)          -0.611714419709     1.418686350904     3.405129216914     1.007825032230
      Gh(H)          -0.301714476930     2.891685923658     4.486128591303     1.007825032230
      Gh(C)          -1.538714465485     3.674685916029     0.002128862147    12.000000000000
      Gh(O)          -2.766714629517     3.701686343275    -0.160871244665    15.994914619570
      Gh(H)          -0.887066420899     4.356453379713    -0.564040399785     1.007825032230

  Running in c1 symmetry.

  Rotational constants: A =      0.03775  B =      0.00485  C =      0.00455 [cm^-1]
  Rotational constants: A =   1131.68628  B =    145.47557  C =    136.38834 [MHz]
  Nuclear repulsion =  182.953802406920431

  Charge       = 1
  Multiplicity = 1
  Electrons    = 40
  Nalpha       = 20
  Nbeta        = 20

  ==> Algorithm <==

  SCF Algorithm Type is DF.
  DIIS enabled.
  MOM disabled.
  Fractional occupation disabled.
  Guess Type is SAD.
  Energy threshold   = 1.00e-08
  Density threshold  = 1.00e-08
  Integral threshold = 1.00e-12

  ==> Primary Basis <==

  Basis Set: JUN-CC-PVDZ
    Blend: JUN-CC-PVDZ
    Number of shells: 150
    Number of basis functions: 306
    Number of Cartesian functions: 318
    Spherical Harmonics?: true
    Max angular momentum: 2

   => Loading Basis Set <=

    Name: (JUN-CC-PVDZ AUX)
    Role: JKFIT
    Keyword: DF_BASIS_SCF
    atoms 1, 14                                          entry N          line   202 file /home/alia/anaconda3/envs/mddemo/share/psi4/basis/jun-cc-pvdz-jkfit.gbs 
    atoms 2-4, 6, 8-10, 13, 15-17, 19, 21, 23, 25-27, 30 entry H          line    70 file /home/alia/anaconda3/envs/mddemo/share/psi4/basis/jun-cc-pvdz-jkfit.gbs 
    atoms 5, 7, 11, 18, 20, 24, 28                       entry C          line   146 file /home/alia/anaconda3/envs/mddemo/share/psi4/basis/jun-cc-pvdz-jkfit.gbs 
    atoms 12, 22, 29                                     entry O          line   258 file /home/alia/anaconda3/envs/mddemo/share/psi4/basis/jun-cc-pvdz-jkfit.gbs 

  ==> Integral Setup <==

  ==> DiskDFJK: Density-Fitted J/K Matrices <==

    J tasked:                  Yes
    K tasked:                  Yes
    wK tasked:                  No
    OpenMP threads:             32
    Integrals threads:          32
    Memory [MiB]:            57220
    Algorithm:                Core
    Integral Cache:           LOAD
    Schwarz Cutoff:          1E-12
    Fitting Condition:       1E-10

   => Auxiliary Basis Set <=

  Basis Set: (JUN-CC-PVDZ AUX)
    Blend: JUN-CC-PVDZ-JKFIT
    Number of shells: 486
    Number of basis functions: 1362
    Number of Cartesian functions: 1542
    Spherical Harmonics?: true
    Max angular momentum: 3

  Minimum eigenvalue in the overlap matrix is 5.8011946432E-05.
  Reciprocal condition number of the overlap matrix is 5.0814469643E-06.
    Using symmetric orthogonalization.

  ==> Pre-Iterations <==

  SCF Guess: Superposition of Atomic Densities via on-the-fly atomic UHF (no occupation information).

   -------------------------
    Irrep   Nso     Nmo    
   -------------------------
     A        306     306 
   -------------------------
    Total     306     306
   -------------------------

  ==> Iterations <==

                           Total Energy        Delta E     RMS |[F,P]|

   @DF-RHF iter SAD:  -246.55931333107432   -2.46559e+02   0.00000e+00 
   @DF-RHF iter   1:  -247.12472463929549   -5.65411e-01   1.74140e-03 DIIS
   @DF-RHF iter   2:  -247.24804204722756   -1.23317e-01   1.14250e-03 DIIS
   @DF-RHF iter   3:  -247.29369264729212   -4.56506e-02   2.58478e-04 DIIS
   @DF-RHF iter   4:  -247.29767680842068   -3.98416e-03   8.59912e-05 DIIS
   @DF-RHF iter   5:  -247.29817711028872   -5.00302e-04   2.10472e-05 DIIS
   @DF-RHF iter   6:  -247.29823667767866   -5.95674e-05   9.44921e-06 DIIS
   @DF-RHF iter   7:  -247.29824735310385   -1.06754e-05   4.63053e-06 DIIS
   @DF-RHF iter   8:  -247.29825004361800   -2.69051e-06   1.59065e-06 DIIS
   @DF-RHF iter   9:  -247.29825036262906   -3.19011e-07   3.82007e-07 DIIS
   @DF-RHF iter  10:  -247.29825037869409   -1.60650e-08   1.21836e-07 DIIS
   @DF-RHF iter  11:  -247.29825038060650   -1.91241e-09   3.28561e-08 DIIS
   @DF-RHF iter  12:  -247.29825038079974   -1.93239e-10   1.51087e-08 DIIS
   @DF-RHF iter  13:  -247.29825038086778   -6.80416e-11   7.97863e-09 DIIS
  Energy and wave function converged.


  ==> Post-Iterations <==

    Orbital Energies [Eh]
    ---------------------

    Doubly Occupied:                                                      

       1A    -20.756179     2A    -15.930727     3A    -11.530896  
       4A    -11.519196     5A    -11.435792     6A     -1.559928  
       7A     -1.488077     8A     -1.243957     9A     -1.104511  
      10A     -1.013600    11A     -0.941936    12A     -0.906812  
      13A     -0.873064    14A     -0.821291    15A     -0.813779  
      16A     -0.736955    17A     -0.729327    18A     -0.718150  
      19A     -0.672181    20A     -0.615504  

    Virtual:                                                              

      21A     -0.123391    22A     -0.074949    23A     -0.070520  
      24A     -0.059285    25A     -0.050510    26A     -0.032671  
      27A     -0.027942    28A     -0.026256    29A     -0.013927  
      30A     -0.012719    31A     -0.002476    32A     -0.000148  
      33A      0.005395    34A      0.013101    35A      0.017392  
      36A      0.026339    37A      0.026742    38A      0.033170  
      39A      0.038329    40A      0.045635    41A      0.048229  
      42A      0.048985    43A      0.054038    44A      0.064976  
      45A      0.074269    46A      0.080315    47A      0.085462  
      48A      0.090186    49A      0.091002    50A      0.095328  
      51A      0.097375    52A      0.111308    53A      0.117257  
      54A      0.123043    55A      0.133174    56A      0.142261  
      57A      0.146813    58A      0.150885    59A      0.154632  
      60A      0.157032    61A      0.157981    62A      0.159538  
      63A      0.166908    64A      0.175443    65A      0.182610  
      66A      0.193160    67A      0.198421    68A      0.205808  
      69A      0.216102    70A      0.224394    71A      0.229079  
      72A      0.236336    73A      0.243160    74A      0.251236  
      75A      0.253369    76A      0.267747    77A      0.278806  
      78A      0.285031    79A      0.291125    80A      0.307383  
      81A      0.313116    82A      0.321196    83A      0.322945  
      84A      0.340028    85A      0.355287    86A      0.364102  
      87A      0.379028    88A      0.391185    89A      0.393155  
      90A      0.413802    91A      0.425069    92A      0.453676  
      93A      0.472171    94A      0.482582    95A      0.507163  
      96A      0.520931    97A      0.535033    98A      0.548486  
      99A      0.553363   100A      0.563111   101A      0.571900  
     102A      0.574874   103A      0.582439   104A      0.593360  
     105A      0.603613   106A      0.620194   107A      0.631780  
     108A      0.645417   109A      0.647979   110A      0.664561  
     111A      0.670674   112A      0.677545   113A      0.684447  
     114A      0.705905   115A      0.712116   116A      0.722457  
     117A      0.733472   118A      0.739004   119A      0.751371  
     120A      0.762717   121A      0.773961   122A      0.780951  
     123A      0.790613   124A      0.799994   125A      0.815998  
     126A      0.838194   127A      0.858122   128A      0.884523  
     129A      0.892168   130A      0.900951   131A      0.909969  
     132A      0.926138   133A      0.936360   134A      0.953459  
     135A      0.959327   136A      0.965832   137A      0.985447  
     138A      1.018701   139A      1.039119   140A      1.096390  
     141A      1.104748   142A      1.119933   143A      1.211006  
     144A      1.212211   145A      1.218783   146A      1.294003  
     147A      1.330853   148A      1.338936   149A      1.349329  
     150A      1.370639   151A      1.401817   152A      1.411313  
     153A      1.478629   154A      1.493499   155A      1.512741  
     156A      1.530291   157A      1.553324   158A      1.559837  
     159A      1.592367   160A      1.606862   161A      1.610681  
     162A      1.629118   163A      1.656558   164A      1.666159  
     165A      1.686775   166A      1.693842   167A      1.698516  
     168A      1.704570   169A      1.719912   170A      1.722536  
     171A      1.727605   172A      1.737687   173A      1.750072  
     174A      1.755890   175A      1.761832   176A      1.793872  
     177A      1.800293   178A      1.809143   179A      1.822120  
     180A      1.825066   181A      1.858552   182A      1.861221  
     183A      1.867741   184A      1.874163   185A      1.881743  
     186A      1.896091   187A      1.911806   188A      1.916817  
     189A      1.941151   190A      1.947077   191A      1.949017  
     192A      1.961484   193A      1.973780   194A      1.992461  
     195A      2.008928   196A      2.021935   197A      2.034544  
     198A      2.038008   199A      2.058480   200A      2.061665  
     201A      2.073771   202A      2.085494   203A      2.112236  
     204A      2.139053   205A      2.139804   206A      2.152041  
     207A      2.165577   208A      2.174702   209A      2.198928  
     210A      2.199886   211A      2.212603   212A      2.238712  
     213A      2.245353   214A      2.285672   215A      2.287254  
     216A      2.303013   217A      2.328137   218A      2.330985  
     219A      2.338537   220A      2.378395   221A      2.382126  
     222A      2.396517   223A      2.431274   224A      2.435246  
     225A      2.447238   226A      2.453714   227A      2.487352  
     228A      2.488826   229A      2.515860   230A      2.532629  
     231A      2.545750   232A      2.569136   233A      2.583612  
     234A      2.596116   235A      2.611911   236A      2.618916  
     237A      2.650970   238A      2.668107   239A      2.674947  
     240A      2.698690   241A      2.703958   242A      2.730106  
     243A      2.780030   244A      2.808688   245A      2.824507  
     246A      2.851177   247A      2.860905   248A      2.874704  
     249A      2.897437   250A      2.904718   251A      2.937610  
     252A      2.963747   253A      3.001274   254A      3.041103  
     255A      3.074892   256A      3.106075   257A      3.127507  
     258A      3.206972   259A      3.220828   260A      3.261619  
     261A      3.321353   262A      3.365219   263A      3.416691  
     264A      3.485295   265A      3.506493   266A      3.510986  
     267A      3.593041   268A      3.642824   269A      3.723076  
     270A      3.755994   271A      3.928993   272A      3.989071  
     273A      4.010241   274A      4.158064   275A      4.182163  
     276A      4.301163   277A      4.435010   278A      4.458687  
     279A      4.479981   280A      4.520549   281A      4.592693  
     282A      4.650416   283A      4.651302   284A      4.710428  
     285A      4.787275   286A      4.837223   287A      4.872348  
     288A      4.950216   289A      5.041380   290A      5.102781  
     291A      5.213473   292A      5.493020   293A      5.544248  
     294A      5.629854   295A      5.647554   296A      5.764157  
     297A      5.937868   298A      6.636908   299A      6.717772  
     300A     18.126943   301A     18.293475   302A     18.445055  
     303A     18.602924   304A     25.309243   305A     33.439109  
     306A     33.457403  

    Final Occupation by Irrep:
              A 
    DOCC [    20 ]

  @DF-RHF Final Energy:  -247.29825038086778

   => Energetics <=

    Nuclear Repulsion Energy =            182.9538024069204312
    One-Electron Energy =                -689.6803788010162179
    Two-Electron Energy =                 259.4283260132280020
    Total Energy =                       -247.2982503808677848

Computation Completed


Properties will be evaluated at   0.000000,   0.000000,   0.000000 [a0]

Properties computed using the SCF density matrix

  Nuclear Dipole Moment: [e a0]
     X:    92.9031      Y:  -354.0123      Z:  -135.6867

  Electronic Dipole Moment: [e a0]
     X:   -91.2946      Y:   344.6363      Z:   134.8039

  Dipole Moment: [e a0]
     X:     1.6085      Y:    -9.3760      Z:    -0.8828     Total:     9.5539

  Dipole Moment: [D]
     X:     4.0884      Y:   -23.8314      Z:    -2.2439     Total:    24.2835


*** tstop() called on aliaconda at Sun Mar 20 05:24:50 2022
Module time:
	user time   =     188.56 seconds =       3.14 minutes
	system time =      19.32 seconds =       0.32 minutes
	total time  =          9 seconds =       0.15 minutes
Total time:
	user time   =   58231.45 seconds =     970.52 minutes
	system time =    8066.11 seconds =     134.44 minutes
	total time  =       3673 seconds =      61.22 minutes

  //>>>>>>>>>>>>>>>>>>>>>>>>>>>>>>>>>>>//
  //            Monomer B HF           //
  //<<<<<<<<<<<<<<<<<<<<<<<<<<<<<<<<<<<//


*** tstart() called on aliaconda
*** at Sun Mar 20 05:24:50 2022

   => Loading Basis Set <=

    Name: JUN-CC-PVDZ
    Role: ORBITAL
    Keyword: BASIS
    atoms 1, 14                                          entry N          line   198 file /home/alia/anaconda3/envs/mddemo/share/psi4/basis/jun-cc-pvdz.gbs 
    atoms 2-4, 6, 8-10, 13, 15-17, 19, 21, 23, 25-27, 30 entry H          line    36 file /home/alia/anaconda3/envs/mddemo/share/psi4/basis/jun-cc-pvdz.gbs 
    atoms 5, 7, 11, 18, 20, 24, 28                       entry C          line   164 file /home/alia/anaconda3/envs/mddemo/share/psi4/basis/jun-cc-pvdz.gbs 
    atoms 12, 22, 29                                     entry O          line   232 file /home/alia/anaconda3/envs/mddemo/share/psi4/basis/jun-cc-pvdz.gbs 


         ---------------------------------------------------------
                                   SCF
               by Justin Turney, Rob Parrish, Andy Simmonett
                          and Daniel G. A. Smith
                              RHF Reference
                       32 Threads,  76293 MiB Core
         ---------------------------------------------------------

  ==> Geometry <==

    Molecular point group: c1
    Full point group: C1

    Geometry (in Angstrom), charge = 1, multiplicity = 1:

       Center              X                  Y                   Z               Mass       
    ------------   -----------------  -----------------  -----------------  -----------------
      Gh(N)           0.457285347594    -5.537313977160    -0.954870916601    14.003074004430
      Gh(H)          -0.169714507447    -5.471313992418     0.070128701930     1.007825032230
      Gh(H)          -0.433714446412    -5.791314164080    -1.722871042486     1.007825032230
      Gh(H)           1.061285439147    -6.338314095415    -0.911871172185     1.007825032230
      Gh(C)           1.056285324706    -4.214314022936    -1.345871187444    12.000000000000
      Gh(H)           0.357285442962    -3.414314309038    -1.054871298070     1.007825032230
      Gh(C)           2.359285536422    -4.120314160265    -0.451871134038    12.000000000000
      Gh(H)           3.142285528792    -4.717314282335    -0.883871294256     1.007825032230
      Gh(H)           2.150285425796    -4.481314221300     0.575128816371     1.007825032230
      Gh(H)           2.733285370483    -3.056314030565    -0.334871031041     1.007825032230
      Gh(C)           1.362285557403    -4.099314251818    -2.811871267553    12.000000000000
      Gh(O)           0.781285706176    -4.657313862719    -3.764871097799    15.994914619570
      Gh(H)           2.202767077102    -3.441658535875    -3.078479028936     1.007825032230
         N            0.266285362853     2.242685755812     0.332128785853    14.003074004430
         H            0.062285366668     2.069686373792    -0.840871073003     1.007825032230
         H            0.607285442962     1.131685694776     0.638129018550     1.007825032230
         H            1.101285401000     2.861686190687     0.388129018550     1.007825032230
         C           -0.967714366303     2.728685816847     0.953129075770    12.000000000000
         H           -1.619714316712     1.844685992323     1.080128930812     1.007825032230
         C           -0.881714400636     3.360685786329     2.360129140620    12.000000000000
         H           -1.971714553224     3.572685679518     2.692128919367     1.007825032230
         O           -0.126714286195     4.623686274610     2.294129155879    15.994914619570
         H            0.743285599364     4.297686060987     2.003128789668     1.007825032230
         C           -0.181714591370     2.459685763441     3.418128751521    12.000000000000
         H            0.918285313262     2.331685504042     3.312128804927     1.007825032230
         H           -0.611714419709     1.418686350904     3.405129216914     1.007825032230
         H           -0.301714476930     2.891685923658     4.486128591303     1.007825032230
         C           -1.538714465485     3.674685916029     0.002128862147    12.000000000000
         O           -2.766714629517     3.701686343275    -0.160871244665    15.994914619570
         H           -0.887066420899     4.356453379713    -0.564040399785     1.007825032230

  Running in c1 symmetry.

  Rotational constants: A =      0.03775  B =      0.00485  C =      0.00455 [cm^-1]
  Rotational constants: A =   1131.68628  B =    145.47557  C =    136.38834 [MHz]
  Nuclear repulsion =  329.111754180388459

  Charge       = 1
  Multiplicity = 1
  Electrons    = 56
  Nalpha       = 28
  Nbeta        = 28

  ==> Algorithm <==

  SCF Algorithm Type is DF.
  DIIS enabled.
  MOM disabled.
  Fractional occupation disabled.
  Guess Type is SAD.
  Energy threshold   = 1.00e-08
  Density threshold  = 1.00e-08
  Integral threshold = 1.00e-12

  ==> Primary Basis <==

  Basis Set: JUN-CC-PVDZ
    Blend: JUN-CC-PVDZ
    Number of shells: 150
    Number of basis functions: 306
    Number of Cartesian functions: 318
    Spherical Harmonics?: true
    Max angular momentum: 2

   => Loading Basis Set <=

    Name: (JUN-CC-PVDZ AUX)
    Role: JKFIT
    Keyword: DF_BASIS_SCF
    atoms 1, 14                                          entry N          line   202 file /home/alia/anaconda3/envs/mddemo/share/psi4/basis/jun-cc-pvdz-jkfit.gbs 
    atoms 2-4, 6, 8-10, 13, 15-17, 19, 21, 23, 25-27, 30 entry H          line    70 file /home/alia/anaconda3/envs/mddemo/share/psi4/basis/jun-cc-pvdz-jkfit.gbs 
    atoms 5, 7, 11, 18, 20, 24, 28                       entry C          line   146 file /home/alia/anaconda3/envs/mddemo/share/psi4/basis/jun-cc-pvdz-jkfit.gbs 
    atoms 12, 22, 29                                     entry O          line   258 file /home/alia/anaconda3/envs/mddemo/share/psi4/basis/jun-cc-pvdz-jkfit.gbs 

  ==> Integral Setup <==

  ==> DiskDFJK: Density-Fitted J/K Matrices <==

    J tasked:                  Yes
    K tasked:                  Yes
    wK tasked:                  No
    OpenMP threads:             32
    Integrals threads:          32
    Memory [MiB]:            57220
    Algorithm:                Core
    Integral Cache:           LOAD
    Schwarz Cutoff:          1E-12
    Fitting Condition:       1E-10

   => Auxiliary Basis Set <=

  Basis Set: (JUN-CC-PVDZ AUX)
    Blend: JUN-CC-PVDZ-JKFIT
    Number of shells: 486
    Number of basis functions: 1362
    Number of Cartesian functions: 1542
    Spherical Harmonics?: true
    Max angular momentum: 3

  Minimum eigenvalue in the overlap matrix is 5.8011946432E-05.
  Reciprocal condition number of the overlap matrix is 5.0814469643E-06.
    Using symmetric orthogonalization.

  ==> Pre-Iterations <==

  SCF Guess: Superposition of Atomic Densities via on-the-fly atomic UHF (no occupation information).

   -------------------------
    Irrep   Nso     Nmo    
   -------------------------
     A        306     306 
   -------------------------
    Total     306     306
   -------------------------

  ==> Iterations <==

                           Total Energy        Delta E     RMS |[F,P]|

   @DF-RHF iter SAD:  -360.41359919521369   -3.60414e+02   0.00000e+00 
   @DF-RHF iter   1:  -360.90184674761969   -4.88248e-01   2.18865e-03 DIIS
   @DF-RHF iter   2:  -361.09230942719648   -1.90463e-01   1.41750e-03 DIIS
   @DF-RHF iter   3:  -361.16202863373996   -6.97192e-02   3.05621e-04 DIIS
   @DF-RHF iter   4:  -361.16725247925615   -5.22385e-03   1.15980e-04 DIIS
   @DF-RHF iter   5:  -361.16801105364380   -7.58574e-04   2.75579e-05 DIIS
   @DF-RHF iter   6:  -361.16808173632489   -7.06827e-05   1.35636e-05 DIIS
   @DF-RHF iter   7:  -361.16809910315567   -1.73668e-05   5.76021e-06 DIIS
   @DF-RHF iter   8:  -361.16810324593268   -4.14278e-06   2.34526e-06 DIIS
   @DF-RHF iter   9:  -361.16810397522050   -7.29288e-07   6.76948e-07 DIIS
   @DF-RHF iter  10:  -361.16810404488052   -6.96600e-08   2.32631e-07 DIIS
   @DF-RHF iter  11:  -361.16810405467777   -9.79725e-09   1.02746e-07 DIIS
   @DF-RHF iter  12:  -361.16810405721122   -2.53345e-09   5.77985e-08 DIIS
   @DF-RHF iter  13:  -361.16810405826874   -1.05751e-09   2.99717e-08 DIIS
   @DF-RHF iter  14:  -361.16810405857058   -3.01839e-10   1.00231e-08 DIIS
   @DF-RHF iter  15:  -361.16810405859906   -2.84786e-11   3.25699e-09 DIIS
  Energy and wave function converged.


  ==> Post-Iterations <==

    Orbital Energies [Eh]
    ---------------------

    Doubly Occupied:                                                      

       1A    -20.746978     2A    -20.746475     3A    -15.951923  
       4A    -11.520041     5A    -11.503125     6A    -11.495039  
       7A    -11.409347     8A     -1.562652     9A     -1.535962  
      10A     -1.505760    11A     -1.246818    12A     -1.155931  
      13A     -1.031008    14A     -1.010993    15A     -0.958620  
      16A     -0.907560    17A     -0.902947    18A     -0.840865  
      19A     -0.814334    20A     -0.802437    21A     -0.770112  
      22A     -0.758585    23A     -0.704962    24A     -0.688452  
      25A     -0.673502    26A     -0.654152    27A     -0.632742  
      28A     -0.602935  

    Virtual:                                                              

      29A     -0.138653    30A     -0.089311    31A     -0.078176  
      32A     -0.061258    33A     -0.050887    34A     -0.038693  
      35A     -0.034528    36A     -0.026637    37A     -0.024996  
      38A     -0.016162    39A     -0.012853    40A     -0.007546  
      41A     -0.005185    42A     -0.000203    43A      0.011731  
      44A      0.015701    45A      0.026095    46A      0.028957  
      47A      0.034381    48A      0.038170    49A      0.040545  
      50A      0.044368    51A      0.046997    52A      0.047744  
      53A      0.048203    54A      0.064211    55A      0.071706  
      56A      0.081989    57A      0.089952    58A      0.092109  
      59A      0.095639    60A      0.103974    61A      0.110071  
      62A      0.111363    63A      0.117370    64A      0.129225  
      65A      0.136836    66A      0.138647    67A      0.141786  
      68A      0.147298    69A      0.148995    70A      0.155676  
      71A      0.164414    72A      0.172083    73A      0.181793  
      74A      0.188480    75A      0.189887    76A      0.194394  
      77A      0.199769    78A      0.202579    79A      0.213246  
      80A      0.220000    81A      0.223694    82A      0.232266  
      83A      0.243865    84A      0.255089    85A      0.268190  
      86A      0.270596    87A      0.280194    88A      0.283038  
      89A      0.287049    90A      0.301531    91A      0.307070  
      92A      0.317977    93A      0.326159    94A      0.342048  
      95A      0.350152    96A      0.352510    97A      0.364124  
      98A      0.372771    99A      0.381912   100A      0.389935  
     101A      0.423997   102A      0.427730   103A      0.438515  
     104A      0.459010   105A      0.496652   106A      0.504445  
     107A      0.521295   108A      0.529740   109A      0.534040  
     110A      0.574679   111A      0.578585   112A      0.601563  
     113A      0.610135   114A      0.625210   115A      0.627499  
     116A      0.630103   117A      0.636099   118A      0.672056  
     119A      0.681662   120A      0.685916   121A      0.697596  
     122A      0.700934   123A      0.708418   124A      0.732104  
     125A      0.736990   126A      0.741448   127A      0.753793  
     128A      0.756671   129A      0.773621   130A      0.782765  
     131A      0.785735   132A      0.797651   133A      0.814641  
     134A      0.816731   135A      0.828755   136A      0.858432  
     137A      0.872330   138A      0.874129   139A      0.886955  
     140A      0.906786   141A      0.909228   142A      0.923200  
     143A      0.931090   144A      0.948334   145A      0.972884  
     146A      0.981256   147A      1.021355   148A      1.085651  
     149A      1.146115   150A      1.149477   151A      1.214645  
     152A      1.226892   153A      1.234328   154A      1.249217  
     155A      1.291436   156A      1.311135   157A      1.327632  
     158A      1.348389   159A      1.357277   160A      1.373651  
     161A      1.406223   162A      1.413302   163A      1.431824  
     164A      1.471545   165A      1.487003   166A      1.490227  
     167A      1.492438   168A      1.506914   169A      1.519889  
     170A      1.540732   171A      1.576253   172A      1.588791  
     173A      1.592682   174A      1.598530   175A      1.635344  
     176A      1.642865   177A      1.657316   178A      1.664867  
     179A      1.695883   180A      1.696179   181A      1.698581  
     182A      1.700543   183A      1.729067   184A      1.732086  
     185A      1.743442   186A      1.751325   187A      1.763335  
     188A      1.775865   189A      1.785200   190A      1.790760  
     191A      1.797567   192A      1.811917   193A      1.829076  
     194A      1.830722   195A      1.842473   196A      1.861122  
     197A      1.870443   198A      1.878783   199A      1.895370  
     200A      1.930432   201A      1.934609   202A      1.938522  
     203A      1.941043   204A      1.945024   205A      1.960470  
     206A      1.965377   207A      1.987669   208A      2.001687  
     209A      2.024996   210A      2.034009   211A      2.052259  
     212A      2.061015   213A      2.067199   214A      2.099148  
     215A      2.103962   216A      2.105952   217A      2.117780  
     218A      2.131244   219A      2.139352   220A      2.153570  
     221A      2.165234   222A      2.188982   223A      2.204787  
     224A      2.210734   225A      2.219126   226A      2.242367  
     227A      2.252711   228A      2.289079   229A      2.295371  
     230A      2.305633   231A      2.317557   232A      2.338120  
     233A      2.363026   234A      2.382926   235A      2.404248  
     236A      2.407520   237A      2.425885   238A      2.435990  
     239A      2.457339   240A      2.492180   241A      2.502238  
     242A      2.505927   243A      2.559115   244A      2.574327  
     245A      2.587941   246A      2.594551   247A      2.630859  
     248A      2.637424   249A      2.653789   250A      2.658571  
     251A      2.679797   252A      2.701784   253A      2.703578  
     254A      2.734444   255A      2.754506   256A      2.768324  
     257A      2.775063   258A      2.781712   259A      2.884406  
     260A      2.898068   261A      2.922802   262A      2.959829  
     263A      3.029174   264A      3.038055   265A      3.082106  
     266A      3.086548   267A      3.119981   268A      3.152795  
     269A      3.192420   270A      3.216320   271A      3.285662  
     272A      3.296525   273A      3.303744   274A      3.354150  
     275A      3.441040   276A      3.462948   277A      3.494571  
     278A      3.578173   279A      3.640674   280A      3.749110  
     281A      3.788210   282A      3.875355   283A      3.911953  
     284A      3.959007   285A      4.099936   286A      4.158005  
     287A      4.244303   288A      4.320450   289A      4.596535  
     290A      4.658834   291A      4.736011   292A      4.776304  
     293A      4.824922   294A      4.872508   295A      5.010867  
     296A      5.078539   297A      5.441280   298A      5.522776  
     299A      5.675029   300A      5.839217   301A      6.565882  
     302A     18.151372   303A     18.340232   304A     18.531946  
     305A     25.305851   306A     33.420873  

    Final Occupation by Irrep:
              A 
    DOCC [    28 ]

  @DF-RHF Final Energy:  -361.16810405859906

   => Energetics <=

    Nuclear Repulsion Energy =            329.1117541803884592
    One-Electron Energy =               -1134.2912061655570142
    Two-Electron Energy =                 444.0113479265694423
    Total Energy =                       -361.1681040585990559

Computation Completed


Properties will be evaluated at   0.000000,   0.000000,   0.000000 [a0]

Properties computed using the SCF density matrix

  Nuclear Dipole Moment: [e a0]
     X:   -84.3991      Y:   344.7255      Z:   144.3603

  Electronic Dipole Moment: [e a0]
     X:    85.7017      Y:  -341.2123      Z:  -143.0811

  Dipole Moment: [e a0]
     X:     1.3026      Y:     3.5131      Z:     1.2792     Total:     3.9592

  Dipole Moment: [D]
     X:     3.3109      Y:     8.9295      Z:     3.2514     Total:    10.0633


*** tstop() called on aliaconda at Sun Mar 20 05:25:01 2022
Module time:
	user time   =     234.94 seconds =       3.92 minutes
	system time =      25.77 seconds =       0.43 minutes
	total time  =         11 seconds =       0.18 minutes
Total time:
	user time   =   58466.54 seconds =     974.44 minutes
	system time =    8091.91 seconds =     134.87 minutes
	total time  =       3684 seconds =      61.40 minutes
  Constructing Basis Sets for SAPT...

   => Loading Basis Set <=

    Name: (JUN-CC-PVDZ AUX)
    Role: RIFIT
    Keyword: DF_BASIS_SAPT
    atoms 1, 14                                          entry N          line   144 file /home/alia/anaconda3/envs/mddemo/share/psi4/basis/jun-cc-pvdz-ri.gbs 
    atoms 2-4, 6, 8-10, 13, 15-17, 19, 21, 23, 25-27, 30 entry H          line    30 file /home/alia/anaconda3/envs/mddemo/share/psi4/basis/jun-cc-pvdz-ri.gbs 
    atoms 5, 7, 11, 18, 20, 24, 28                       entry C          line   100 file /home/alia/anaconda3/envs/mddemo/share/psi4/basis/jun-cc-pvdz-ri.gbs 
    atoms 12, 22, 29                                     entry O          line   188 file /home/alia/anaconda3/envs/mddemo/share/psi4/basis/jun-cc-pvdz-ri.gbs 


  //>>>>>>>>>>>>>>>>>>>>>>>>>>>>>>>>>>>//
  //               SAPT0               //
  //<<<<<<<<<<<<<<<<<<<<<<<<<<<<<<<<<<<//


*** tstart() called on aliaconda
*** at Sun Mar 20 05:25:01 2022

        SAPT0  
    Ed Hohenstein
     6 June 2009

      Orbital Information
  --------------------------
    NSO        =       306
    NMO        =       306
    NRI        =      1032
    NOCC A     =        20
    NOCC B     =        28
    FOCC A     =         0
    FOCC B     =         0
    NVIR A     =       286
    NVIR B     =       278

    Elst10,r            =     0.075874574680 [Eh]
    Exch10              =    -0.000000035123 [Eh]
    Exch10 (S^2)        =    -0.000000035123 [Eh]

    Iter     Energy [mEh]          dE [mEh]         Residual      Time [s]
       1      -0.67030095       0.670300951       7.358731812             1
       2      -0.65578946      -0.014511489       2.585002960             1
       3      -0.70490161       0.049112147       1.076924489             2
       4      -0.72330969       0.018408079       0.285827050             2
       5      -0.72085442      -0.002455264       0.172103953             3
       6      -0.71939710      -0.001457323       0.048145725             4
       7      -0.71982095       0.000423849       0.015640014             4
       8      -0.71989690       0.000075950       0.005596681             5
       9      -0.71986307      -0.000033827       0.003395453             5
      10      -0.71985654      -0.000006532       0.001343333             6
      11      -0.71986412       0.000007577       0.000474736             6
      12      -0.71986462       0.000000500       0.000121909             7
      13      -0.71986385      -0.000000772       0.000026594             8
      14      -0.71986389       0.000000047       0.000006756             8
      15      -0.71986392       0.000000023       0.000001226             9
      16      -0.71986391      -0.000000005       0.000000393             9

    CHF Iterations converged


    Iter     Energy [mEh]          dE [mEh]         Residual      Time [s]
       1      -0.43136625       0.431366253       4.937919107             1
       2      -0.44379483       0.012428573       2.049374701             1
       3      -0.47720135       0.033406523       0.730774573             2
       4      -0.48436637       0.007165019       0.192868283             3
       5      -0.48358959      -0.000776778       0.111283246             3
       6      -0.48265258      -0.000937009       0.035626705             4
       7      -0.48272539       0.000072805       0.017177067             4
       8      -0.48285725       0.000131865       0.005313758             5
       9      -0.48283956      -0.000017690       0.002651654             6
      10      -0.48282686      -0.000012703       0.001217936             6
      11      -0.48283244       0.000005584       0.000580057             7
      12      -0.48283339       0.000000946       0.000174810             8
      13      -0.48283260      -0.000000792       0.000049549             8
      14      -0.48283254      -0.000000057       0.000014737             9
      15      -0.48283259       0.000000055       0.000004363             9
      16      -0.48283260       0.000000003       0.000001455            10
      17      -0.48283259      -0.000000003       0.000000503            11

    CHF Iterations converged

    Ind20,r (A<-B)      =    -0.000719863912 [Eh]
    Ind20,r (B<-A)      =    -0.000482832594 [Eh]
    Ind20,r             =    -0.001202696506 [Eh]
    Exch-Ind20,r (A<-B) =     0.000000017669 [Eh]
    Exch-Ind20,r (B<-A) =     0.000000018351 [Eh]
    Exch-Ind20,r        =     0.000000036020 [Eh]
    Disp20              =    -0.000119722839 [Eh]
    Disp20 (SS)         =    -0.000059861420 [Eh]
    Disp20 (OS)         =    -0.000059861420 [Eh]
    Exch-Disp20         =     0.000000012227 [Eh]
    Exch-Disp20 (SS)    =     0.000000008397 [Eh]
    Exch-Disp20 (OS)    =     0.000000003830 [Eh]

    SAPT Results 
  --------------------------------------------------------------------------------------------------------
    Electrostatics                 75.87457468 [mEh]      47.61201443 [kcal/mol]     199.20866838 [kJ/mol]
      Elst10,r                     75.87457468 [mEh]      47.61201443 [kcal/mol]     199.20866838 [kJ/mol]

    Exchange                       -0.00003512 [mEh]      -0.00002204 [kcal/mol]      -0.00009222 [kJ/mol]
      Exch10                       -0.00003512 [mEh]      -0.00002204 [kcal/mol]      -0.00009222 [kJ/mol]
      Exch10(S^2)                  -0.00003512 [mEh]      -0.00002204 [kcal/mol]      -0.00009222 [kJ/mol]

    Induction                      -1.17902303 [mEh]      -0.73984812 [kcal/mol]      -3.09552453 [kJ/mol]
      Ind20,r                      -1.20269651 [mEh]      -0.75470345 [kcal/mol]      -3.15767924 [kJ/mol]
      Exch-Ind20,r                  0.00003602 [mEh]       0.00002260 [kcal/mol]       0.00009457 [kJ/mol]
      delta HF,r (2)                0.02363746 [mEh]       0.01483273 [kcal/mol]       0.06206014 [kJ/mol]

    Dispersion                     -0.11971061 [mEh]      -0.07511954 [kcal/mol]      -0.31430017 [kJ/mol]
      Disp20                       -0.11972284 [mEh]      -0.07512722 [kcal/mol]      -0.31433227 [kJ/mol]
      Exch-Disp20                   0.00001223 [mEh]       0.00000767 [kcal/mol]       0.00003210 [kJ/mol]
      Disp20 (SS)                  -0.05986142 [mEh]      -0.03756361 [kcal/mol]      -0.15716614 [kJ/mol]
      Disp20 (OS)                  -0.05986142 [mEh]      -0.03756361 [kcal/mol]      -0.15716614 [kJ/mol]
      Exch-Disp20 (SS)              0.00000840 [mEh]       0.00000527 [kcal/mol]       0.00002205 [kJ/mol]
      Exch-Disp20 (OS)              0.00000383 [mEh]       0.00000240 [kcal/mol]       0.00001005 [kJ/mol]

  Total HF                         74.69551653 [mEh]      46.87214427 [kcal/mol]     196.11305163 [kJ/mol]
  Total SAPT0                      74.57580592 [mEh]      46.79702473 [kcal/mol]     195.79875146 [kJ/mol]

  Special recipe for scaled SAPT0 (see Manual):
    Electrostatics sSAPT0          75.87457468 [mEh]      47.61201443 [kcal/mol]     199.20866838 [kJ/mol]
    Exchange sSAPT0                -0.00003512 [mEh]      -0.00002204 [kcal/mol]      -0.00009222 [kJ/mol]
    Induction sSAPT0               -1.17902303 [mEh]      -0.73984812 [kcal/mol]      -3.09552453 [kJ/mol]
    Dispersion sSAPT0              -0.11971061 [mEh]      -0.07511954 [kcal/mol]      -0.31430017 [kJ/mol]
  Total sSAPT0                     74.57580592 [mEh]      46.79702473 [kcal/mol]     195.79875146 [kJ/mol]
  --------------------------------------------------------------------------------------------------------

*** tstop() called on aliaconda at Sun Mar 20 05:25:51 2022
Module time:
	user time   =     695.21 seconds =      11.59 minutes
	system time =     121.92 seconds =       2.03 minutes
	total time  =         50 seconds =       0.83 minutes
Total time:
	user time   =   59164.27 seconds =     986.07 minutes
	system time =    8214.33 seconds =     136.91 minutes
	total time  =       3734 seconds =      62.23 minutes


Warning! sapt0 does not have an associated derived wavefunction.The returned wavefunction is the dimer SCF wavefunction.


  Memory set to  74.506 GiB by Python driver.
  Threads set to 32 by Python driver.
