
Scratch directory: /tmp/

Scratch directory: /tmp/

  //>>>>>>>>>>>>>>>>>>>>>>>>>>>>>>>>>>>//
  //              Dimer HF             //
  //<<<<<<<<<<<<<<<<<<<<<<<<<<<<<<<<<<<//


*** tstart() called on aliaconda
*** at Sun Mar 20 06:03:03 2022

   => Loading Basis Set <=

    Name: JUN-CC-PVDZ
    Role: ORBITAL
    Keyword: BASIS
    atoms 1, 14                                          entry N          line   198 file /home/alia/anaconda3/envs/mddemo/share/psi4/basis/jun-cc-pvdz.gbs 
    atoms 2-4, 6, 8-10, 13, 15-17, 19, 21, 23, 25-27, 30 entry H          line    36 file /home/alia/anaconda3/envs/mddemo/share/psi4/basis/jun-cc-pvdz.gbs 
    atoms 5, 7, 11, 18, 20, 24, 28                       entry C          line   164 file /home/alia/anaconda3/envs/mddemo/share/psi4/basis/jun-cc-pvdz.gbs 
    atoms 12, 22, 29                                     entry O          line   232 file /home/alia/anaconda3/envs/mddemo/share/psi4/basis/jun-cc-pvdz.gbs 


         ---------------------------------------------------------
                                   SCF
               by Justin Turney, Rob Parrish, Andy Simmonett
                          and Daniel G. A. Smith
                              RHF Reference
                       32 Threads,  76293 MiB Core
         ---------------------------------------------------------

  ==> Geometry <==

    Molecular point group: c1
    Full point group: C1

    Geometry (in Angstrom), charge = 2, multiplicity = 1:

       Center              X                  Y                   Z               Mass       
    ------------   -----------------  -----------------  -----------------  -----------------
         N            0.021848560840    -6.350061971146    -1.443357709708    14.003074004430
         H           -0.802151320905    -6.597061711746    -2.283357862296     1.007825032230
         H           -0.683151362866    -6.421061593491    -0.469357732596     1.007825032230
         H            0.625848652392    -7.216061669785    -1.382357839407     1.007825032230
         C            0.624848724872    -5.040061551529    -1.555357698264    12.000000000000
         H           -0.172151206464    -4.327061730820    -1.234358075919     1.007825032230
         C            1.803848864108    -4.778061944443    -0.560357812704    12.000000000000
         H            2.722848774463    -5.305061894852    -0.882357839407     1.007825032230
         H            1.428848864108    -5.202061730820     0.411642309366     1.007825032230
         H            2.068848730594    -3.650061685043    -0.543358091177     1.007825032230
         C            0.971848846942    -4.712061959702    -2.953357938589    12.000000000000
         O            0.346848846942    -5.281061727005    -3.817357782187    15.994914619570
         H            1.760886074572    -3.985135156113    -3.196252826514     1.007825032230
         N            0.408848644763     2.534938257736     0.401642080484    14.003074004430
         H            0.635848881274     1.388938349289     0.680641885934     1.007825032230
         H            0.104848743945     2.378938120407    -0.753358129324     1.007825032230
         H            1.217848898440     3.118937891525     0.430641885934     1.007825032230
         C           -0.679151175946     3.330937784714     1.037642236887    12.000000000000
         H           -1.533151267499     2.618937891525     1.114641901193     1.007825032230
         C           -0.406151412458     3.853938501877     2.477642294107    12.000000000000
         H           -1.372151015729     4.188938540024     2.771641966043     1.007825032230
         O            0.525848747760     4.974937838119     2.558641668497    15.994914619570
         H            1.437848688632     4.724937838119     2.290642019449     1.007825032230
         C           -0.044151423902     2.685938280624     3.418642278848    12.000000000000
         H            0.910848738223     2.213938158554     3.110641714273     1.007825032230
         H           -0.803151248426     1.847937983078     3.323642011819     1.007825032230
         H           -0.149151442975     3.031937998337     4.421642538248     1.007825032230
         C           -1.249151347608     4.404938143295     0.225641962228    12.000000000000
         O           -2.447151301831     4.600938242477     0.130642172037    15.994914619570
         H           -0.564078448743     5.066456240219    -0.324875596823     1.007825032230

  Running in c1 symmetry.

  Rotational constants: A =      0.03962  B =      0.00386  C =      0.00368 [cm^-1]
  Rotational constants: A =   1187.74764  B =    115.84405  C =    110.22083 [MHz]
  Nuclear repulsion =  641.077077516095414

  Charge       = 2
  Multiplicity = 1
  Electrons    = 96
  Nalpha       = 48
  Nbeta        = 48

  ==> Algorithm <==

  SCF Algorithm Type is DF.
  DIIS enabled.
  MOM disabled.
  Fractional occupation disabled.
  Guess Type is SAD.
  Energy threshold   = 1.00e-08
  Density threshold  = 1.00e-08
  Integral threshold = 1.00e-12

  ==> Primary Basis <==

  Basis Set: JUN-CC-PVDZ
    Blend: JUN-CC-PVDZ
    Number of shells: 150
    Number of basis functions: 306
    Number of Cartesian functions: 318
    Spherical Harmonics?: true
    Max angular momentum: 2

   => Loading Basis Set <=

    Name: (JUN-CC-PVDZ AUX)
    Role: JKFIT
    Keyword: DF_BASIS_SCF
    atoms 1, 14                                          entry N          line   202 file /home/alia/anaconda3/envs/mddemo/share/psi4/basis/jun-cc-pvdz-jkfit.gbs 
    atoms 2-4, 6, 8-10, 13, 15-17, 19, 21, 23, 25-27, 30 entry H          line    70 file /home/alia/anaconda3/envs/mddemo/share/psi4/basis/jun-cc-pvdz-jkfit.gbs 
    atoms 5, 7, 11, 18, 20, 24, 28                       entry C          line   146 file /home/alia/anaconda3/envs/mddemo/share/psi4/basis/jun-cc-pvdz-jkfit.gbs 
    atoms 12, 22, 29                                     entry O          line   258 file /home/alia/anaconda3/envs/mddemo/share/psi4/basis/jun-cc-pvdz-jkfit.gbs 

  ==> Integral Setup <==

  ==> DiskDFJK: Density-Fitted J/K Matrices <==

    J tasked:                  Yes
    K tasked:                  Yes
    wK tasked:                  No
    OpenMP threads:             32
    Integrals threads:          32
    Memory [MiB]:            57220
    Algorithm:                Core
    Integral Cache:           SAVE
    Schwarz Cutoff:          1E-12
    Fitting Condition:       1E-10

   => Auxiliary Basis Set <=

  Basis Set: (JUN-CC-PVDZ AUX)
    Blend: JUN-CC-PVDZ-JKFIT
    Number of shells: 486
    Number of basis functions: 1362
    Number of Cartesian functions: 1542
    Spherical Harmonics?: true
    Max angular momentum: 3

  Minimum eigenvalue in the overlap matrix is 6.7647895772E-05.
  Reciprocal condition number of the overlap matrix is 5.9348623465E-06.
    Using symmetric orthogonalization.

  ==> Pre-Iterations <==

  SCF Guess: Superposition of Atomic Densities via on-the-fly atomic UHF (no occupation information).

   -------------------------
    Irrep   Nso     Nmo    
   -------------------------
     A        306     306 
   -------------------------
    Total     306     306
   -------------------------

  ==> Iterations <==

                           Total Energy        Delta E     RMS |[F,P]|

   @DF-RHF iter SAD:  -607.23711975139622   -6.07237e+02   0.00000e+00 
   @DF-RHF iter   1:  -607.97421545116913   -7.37096e-01   2.76840e-03 DIIS
   @DF-RHF iter   2:  -608.29674897501684   -3.22534e-01   1.69996e-03 DIIS
   @DF-RHF iter   3:  -608.39790790985342   -1.01159e-01   3.86264e-04 DIIS
   @DF-RHF iter   4:  -608.40659975831886   -8.69185e-03   1.41183e-04 DIIS
   @DF-RHF iter   5:  -608.40780338145555   -1.20362e-03   3.43440e-05 DIIS
   @DF-RHF iter   6:  -608.40792606902153   -1.22688e-04   1.74856e-05 DIIS
   @DF-RHF iter   7:  -608.40795396955218   -2.79005e-05   7.60855e-06 DIIS
   @DF-RHF iter   8:  -608.40796052390613   -6.55435e-06   2.97866e-06 DIIS
   @DF-RHF iter   9:  -608.40796153344252   -1.00954e-06   1.13181e-06 DIIS
   @DF-RHF iter  10:  -608.40796166145674   -1.28014e-07   3.62930e-07 DIIS
   @DF-RHF iter  11:  -608.40796167825067   -1.67939e-08   1.55383e-07 DIIS
   @DF-RHF iter  12:  -608.40796168323129   -4.98062e-09   7.88341e-08 DIIS
   @DF-RHF iter  13:  -608.40796168496331   -1.73202e-09   4.17367e-08 DIIS
   @DF-RHF iter  14:  -608.40796168559268   -6.29370e-10   1.64620e-08 DIIS
   @DF-RHF iter  15:  -608.40796168566874   -7.60565e-11   4.99353e-09 DIIS
  Energy and wave function converged.


  ==> Post-Iterations <==

    Orbital Energies [Eh]
    ---------------------

    Doubly Occupied:                                                      

       1A    -20.815006     2A    -20.798366     3A    -20.795220  
       4A    -16.006907     5A    -15.990733     6A    -11.586973  
       7A    -11.568644     8A    -11.568201     9A    -11.555517  
      10A    -11.535819    11A    -11.508222    12A    -11.455048  
      13A     -1.655471    14A     -1.623066    15A     -1.581046  
      16A     -1.560243    17A     -1.549968    18A     -1.307347  
      19A     -1.306187    20A     -1.216739    21A     -1.159844  
      22A     -1.077377    23A     -1.076774    24A     -1.066783  
      25A     -1.031277    26A     -0.998651    27A     -0.979252  
      28A     -0.967750    29A     -0.955694    30A     -0.936000  
      31A     -0.894955    32A     -0.891688    33A     -0.872127  
      34A     -0.866601    35A     -0.855533    36A     -0.825527  
      37A     -0.811598    38A     -0.809808    39A     -0.795337  
      40A     -0.780346    41A     -0.767727    42A     -0.744858  
      43A     -0.738823    44A     -0.726970    45A     -0.710330  
      46A     -0.682763    47A     -0.678207    48A     -0.649478  

    Virtual:                                                              

      49A     -0.207373    50A     -0.182510    51A     -0.151896  
      52A     -0.142029    53A     -0.131030    54A     -0.130478  
      55A     -0.123447    56A     -0.116061    57A     -0.113498  
      58A     -0.102006    59A     -0.096900    60A     -0.092385  
      61A     -0.086378    62A     -0.080221    63A     -0.074287  
      64A     -0.071742    65A     -0.065290    66A     -0.064267  
      67A     -0.063091    68A     -0.056747    69A     -0.047543  
      70A     -0.045875    71A     -0.041064    72A     -0.035335  
      73A     -0.032413    74A     -0.026641    75A     -0.021744  
      76A     -0.021163    77A     -0.016755    78A     -0.011505  
      79A     -0.007274    80A     -0.004144    81A      0.005884  
      82A      0.014851    83A      0.022000    84A      0.033831  
      85A      0.039690    86A      0.043749    87A      0.047063  
      88A      0.054949    89A      0.057149    90A      0.061942  
      91A      0.066823    92A      0.073413    93A      0.082537  
      94A      0.090364    95A      0.094515    96A      0.102945  
      97A      0.110879    98A      0.112767    99A      0.122848  
     100A      0.127211   101A      0.131544   102A      0.137677  
     103A      0.138455   104A      0.148008   105A      0.158350  
     106A      0.160892   107A      0.163826   108A      0.166563  
     109A      0.174242   110A      0.182125   111A      0.194053  
     112A      0.195797   113A      0.205254   114A      0.211767  
     115A      0.225109   116A      0.230700   117A      0.238010  
     118A      0.244332   119A      0.261852   120A      0.270811  
     121A      0.278643   122A      0.298269   123A      0.314919  
     124A      0.333204   125A      0.352281   126A      0.381143  
     127A      0.465110   128A      0.469372   129A      0.504690  
     130A      0.509394   131A      0.515517   132A      0.530908  
     133A      0.537712   134A      0.558312   135A      0.563026  
     136A      0.563615   137A      0.569200   138A      0.578942  
     139A      0.582514   140A      0.601195   141A      0.615155  
     142A      0.618074   143A      0.627066   144A      0.639505  
     145A      0.644678   146A      0.652141   147A      0.673962  
     148A      0.677289   149A      0.688182   150A      0.693162  
     151A      0.695817   152A      0.708004   153A      0.716530  
     154A      0.725770   155A      0.731737   156A      0.736248  
     157A      0.745007   158A      0.750830   159A      0.752896  
     160A      0.770084   161A      0.781533   162A      0.803582  
     163A      0.804920   164A      0.808390   165A      0.818185  
     166A      0.830098   167A      0.839424   168A      0.857606  
     169A      0.872226   170A      0.874232   171A      0.892924  
     172A      0.918069   173A      0.935469   174A      0.955928  
     175A      0.979013   176A      1.016985   177A      1.053387  
     178A      1.061472   179A      1.084661   180A      1.104384  
     181A      1.137117   182A      1.159397   183A      1.160247  
     184A      1.207322   185A      1.211584   186A      1.228533  
     187A      1.248899   188A      1.251526   189A      1.255930  
     190A      1.263393   191A      1.279290   192A      1.297325  
     193A      1.302664   194A      1.304694   195A      1.330400  
     196A      1.331249   197A      1.338557   198A      1.347585  
     199A      1.361306   200A      1.374045   201A      1.388326  
     202A      1.413018   203A      1.422180   204A      1.432051  
     205A      1.450668   206A      1.458830   207A      1.495598  
     208A      1.507879   209A      1.527554   210A      1.545468  
     211A      1.566468   212A      1.584212   213A      1.595956  
     214A      1.605124   215A      1.609183   216A      1.636076  
     217A      1.636268   218A      1.639846   219A      1.650271  
     220A      1.663751   221A      1.686656   222A      1.692065  
     223A      1.706590   224A      1.709090   225A      1.719517  
     226A      1.724037   227A      1.730930   228A      1.742424  
     229A      1.745894   230A      1.756558   231A      1.766296  
     232A      1.777923   233A      1.782392   234A      1.785317  
     235A      1.817575   236A      1.820812   237A      1.843056  
     238A      1.854711   239A      1.862974   240A      1.868268  
     241A      1.882552   242A      1.912631   243A      1.916442  
     244A      1.924636   245A      1.958547   246A      1.979608  
     247A      1.992417   248A      2.023096   249A      2.029358  
     250A      2.032309   251A      2.041772   252A      2.067090  
     253A      2.072809   254A      2.101666   255A      2.107502  
     256A      2.135206   257A      2.141352   258A      2.167318  
     259A      2.207737   260A      2.218217   261A      2.219832  
     262A      2.233070   263A      2.285359   264A      2.299104  
     265A      2.336861   266A      2.341721   267A      2.368787  
     268A      2.377123   269A      2.390395   270A      2.422775  
     271A      2.435350   272A      2.471273   273A      2.473124  
     274A      2.492363   275A      2.503959   276A      2.505717  
     277A      2.555725   278A      2.569546   279A      2.585754  
     280A      2.603535   281A      2.622011   282A      2.633624  
     283A      2.662188   284A      2.704583   285A      2.715817  
     286A      2.740388   287A      2.785266   288A      2.827501  
     289A      2.857807   290A      2.872222   291A      2.924009  
     292A      2.952510   293A      2.987796   294A      3.033523  
     295A      3.053958   296A      3.068843   297A      3.157955  
     298A      3.211007   299A      3.219299   300A      3.255984  
     301A      3.487353   302A      3.533755   303A      3.550086  
     304A      3.748973   305A      3.765801   306A      3.884666  

    Final Occupation by Irrep:
              A 
    DOCC [    48 ]

  @DF-RHF Final Energy:  -608.40796168566874

   => Energetics <=

    Nuclear Repulsion Energy =            641.0770775160954145
    One-Electron Energy =               -2076.2964749967482021
    Two-Electron Energy =                 826.8114357949840496
    Total Energy =                       -608.4079616856687380

Computation Completed


Properties will be evaluated at   0.000000,   0.000000,   0.000000 [a0]

Properties computed using the SCF density matrix

  Nuclear Dipole Moment: [e a0]
     X:     6.3992      Y:   -11.3339      Z:     7.0156

  Electronic Dipole Moment: [e a0]
     X:    -4.2182      Y:     4.4257      Z:    -7.5930

  Dipole Moment: [e a0]
     X:     2.1809      Y:    -6.9081      Z:    -0.5774     Total:     7.2672

  Dipole Moment: [D]
     X:     5.5433      Y:   -17.5587      Z:    -1.4676     Total:    18.4713


*** tstop() called on aliaconda at Sun Mar 20 06:03:18 2022
Module time:
	user time   =     319.53 seconds =       5.33 minutes
	system time =      37.88 seconds =       0.63 minutes
	total time  =         15 seconds =       0.25 minutes
Total time:
	user time   =   97216.69 seconds =    1620.28 minutes
	system time =   13561.11 seconds =     226.02 minutes
	total time  =       5981 seconds =      99.68 minutes

  //>>>>>>>>>>>>>>>>>>>>>>>>>>>>>>>>>>>//
  //            Monomer A HF           //
  //<<<<<<<<<<<<<<<<<<<<<<<<<<<<<<<<<<<//


*** tstart() called on aliaconda
*** at Sun Mar 20 06:03:18 2022

   => Loading Basis Set <=

    Name: JUN-CC-PVDZ
    Role: ORBITAL
    Keyword: BASIS
    atoms 1, 14                                          entry N          line   198 file /home/alia/anaconda3/envs/mddemo/share/psi4/basis/jun-cc-pvdz.gbs 
    atoms 2-4, 6, 8-10, 13, 15-17, 19, 21, 23, 25-27, 30 entry H          line    36 file /home/alia/anaconda3/envs/mddemo/share/psi4/basis/jun-cc-pvdz.gbs 
    atoms 5, 7, 11, 18, 20, 24, 28                       entry C          line   164 file /home/alia/anaconda3/envs/mddemo/share/psi4/basis/jun-cc-pvdz.gbs 
    atoms 12, 22, 29                                     entry O          line   232 file /home/alia/anaconda3/envs/mddemo/share/psi4/basis/jun-cc-pvdz.gbs 


         ---------------------------------------------------------
                                   SCF
               by Justin Turney, Rob Parrish, Andy Simmonett
                          and Daniel G. A. Smith
                              RHF Reference
                       32 Threads,  76293 MiB Core
         ---------------------------------------------------------

  ==> Geometry <==

    Molecular point group: c1
    Full point group: C1

    Geometry (in Angstrom), charge = 1, multiplicity = 1:

       Center              X                  Y                   Z               Mass       
    ------------   -----------------  -----------------  -----------------  -----------------
         N            0.021848560840    -6.350061971146    -1.443357709708    14.003074004430
         H           -0.802151320905    -6.597061711746    -2.283357862296     1.007825032230
         H           -0.683151362866    -6.421061593491    -0.469357732596     1.007825032230
         H            0.625848652392    -7.216061669785    -1.382357839407     1.007825032230
         C            0.624848724872    -5.040061551529    -1.555357698264    12.000000000000
         H           -0.172151206464    -4.327061730820    -1.234358075919     1.007825032230
         C            1.803848864108    -4.778061944443    -0.560357812704    12.000000000000
         H            2.722848774463    -5.305061894852    -0.882357839407     1.007825032230
         H            1.428848864108    -5.202061730820     0.411642309366     1.007825032230
         H            2.068848730594    -3.650061685043    -0.543358091177     1.007825032230
         C            0.971848846942    -4.712061959702    -2.953357938589    12.000000000000
         O            0.346848846942    -5.281061727005    -3.817357782187    15.994914619570
         H            1.760886074572    -3.985135156113    -3.196252826514     1.007825032230
      Gh(N)           0.408848644763     2.534938257736     0.401642080484    14.003074004430
      Gh(H)           0.635848881274     1.388938349289     0.680641885934     1.007825032230
      Gh(H)           0.104848743945     2.378938120407    -0.753358129324     1.007825032230
      Gh(H)           1.217848898440     3.118937891525     0.430641885934     1.007825032230
      Gh(C)          -0.679151175946     3.330937784714     1.037642236887    12.000000000000
      Gh(H)          -1.533151267499     2.618937891525     1.114641901193     1.007825032230
      Gh(C)          -0.406151412458     3.853938501877     2.477642294107    12.000000000000
      Gh(H)          -1.372151015729     4.188938540024     2.771641966043     1.007825032230
      Gh(O)           0.525848747760     4.974937838119     2.558641668497    15.994914619570
      Gh(H)           1.437848688632     4.724937838119     2.290642019449     1.007825032230
      Gh(C)          -0.044151423902     2.685938280624     3.418642278848    12.000000000000
      Gh(H)           0.910848738223     2.213938158554     3.110641714273     1.007825032230
      Gh(H)          -0.803151248426     1.847937983078     3.323642011819     1.007825032230
      Gh(H)          -0.149151442975     3.031937998337     4.421642538248     1.007825032230
      Gh(C)          -1.249151347608     4.404938143295     0.225641962228    12.000000000000
      Gh(O)          -2.447151301831     4.600938242477     0.130642172037    15.994914619570
      Gh(H)          -0.564078448743     5.066456240219    -0.324875596823     1.007825032230

  Running in c1 symmetry.

  Rotational constants: A =      0.03962  B =      0.00386  C =      0.00368 [cm^-1]
  Rotational constants: A =   1187.74764  B =    115.84405  C =    110.22083 [MHz]
  Nuclear repulsion =  186.955841617218852

  Charge       = 1
  Multiplicity = 1
  Electrons    = 40
  Nalpha       = 20
  Nbeta        = 20

  ==> Algorithm <==

  SCF Algorithm Type is DF.
  DIIS enabled.
  MOM disabled.
  Fractional occupation disabled.
  Guess Type is SAD.
  Energy threshold   = 1.00e-08
  Density threshold  = 1.00e-08
  Integral threshold = 1.00e-12

  ==> Primary Basis <==

  Basis Set: JUN-CC-PVDZ
    Blend: JUN-CC-PVDZ
    Number of shells: 150
    Number of basis functions: 306
    Number of Cartesian functions: 318
    Spherical Harmonics?: true
    Max angular momentum: 2

   => Loading Basis Set <=

    Name: (JUN-CC-PVDZ AUX)
    Role: JKFIT
    Keyword: DF_BASIS_SCF
    atoms 1, 14                                          entry N          line   202 file /home/alia/anaconda3/envs/mddemo/share/psi4/basis/jun-cc-pvdz-jkfit.gbs 
    atoms 2-4, 6, 8-10, 13, 15-17, 19, 21, 23, 25-27, 30 entry H          line    70 file /home/alia/anaconda3/envs/mddemo/share/psi4/basis/jun-cc-pvdz-jkfit.gbs 
    atoms 5, 7, 11, 18, 20, 24, 28                       entry C          line   146 file /home/alia/anaconda3/envs/mddemo/share/psi4/basis/jun-cc-pvdz-jkfit.gbs 
    atoms 12, 22, 29                                     entry O          line   258 file /home/alia/anaconda3/envs/mddemo/share/psi4/basis/jun-cc-pvdz-jkfit.gbs 

  ==> Integral Setup <==

  ==> DiskDFJK: Density-Fitted J/K Matrices <==

    J tasked:                  Yes
    K tasked:                  Yes
    wK tasked:                  No
    OpenMP threads:             32
    Integrals threads:          32
    Memory [MiB]:            57220
    Algorithm:                Core
    Integral Cache:           LOAD
    Schwarz Cutoff:          1E-12
    Fitting Condition:       1E-10

   => Auxiliary Basis Set <=

  Basis Set: (JUN-CC-PVDZ AUX)
    Blend: JUN-CC-PVDZ-JKFIT
    Number of shells: 486
    Number of basis functions: 1362
    Number of Cartesian functions: 1542
    Spherical Harmonics?: true
    Max angular momentum: 3

  Minimum eigenvalue in the overlap matrix is 6.7647895773E-05.
  Reciprocal condition number of the overlap matrix is 5.9348623465E-06.
    Using symmetric orthogonalization.

  ==> Pre-Iterations <==

  SCF Guess: Superposition of Atomic Densities via on-the-fly atomic UHF (no occupation information).

   -------------------------
    Irrep   Nso     Nmo    
   -------------------------
     A        306     306 
   -------------------------
    Total     306     306
   -------------------------

  ==> Iterations <==

                           Total Energy        Delta E     RMS |[F,P]|

   @DF-RHF iter SAD:  -246.74791087862491   -2.46748e+02   0.00000e+00 
   @DF-RHF iter   1:  -247.12908649374589   -3.81176e-01   1.72264e-03 DIIS
   @DF-RHF iter   2:  -247.25956354513312   -1.30477e-01   1.02668e-03 DIIS
   @DF-RHF iter   3:  -247.29683899965960   -3.72755e-02   2.39138e-04 DIIS
   @DF-RHF iter   4:  -247.30033991769673   -3.50092e-03   8.54690e-05 DIIS
   @DF-RHF iter   5:  -247.30080399809583   -4.64080e-04   1.99173e-05 DIIS
   @DF-RHF iter   6:  -247.30085647641391   -5.24783e-05   8.65267e-06 DIIS
   @DF-RHF iter   7:  -247.30086470686379   -8.23045e-06   4.05250e-06 DIIS
   @DF-RHF iter   8:  -247.30086661038652   -1.90352e-06   1.34026e-06 DIIS
   @DF-RHF iter   9:  -247.30086681688016   -2.06494e-07   3.10793e-07 DIIS
   @DF-RHF iter  10:  -247.30086682657867   -9.69851e-09   9.45343e-08 DIIS
   @DF-RHF iter  11:  -247.30086682763454   -1.05587e-09   2.43936e-08 DIIS
   @DF-RHF iter  12:  -247.30086682773438   -9.98455e-11   1.08247e-08 DIIS
   @DF-RHF iter  13:  -247.30086682776562   -3.12355e-11   5.77546e-09 DIIS
  Energy and wave function converged.


  ==> Post-Iterations <==

    Orbital Energies [Eh]
    ---------------------

    Doubly Occupied:                                                      

       1A    -20.749871     2A    -15.929641     3A    -11.521929  
       4A    -11.500284     5A    -11.438117     6A     -1.591028  
       7A     -1.487403     8A     -1.239218     9A     -1.091831  
      10A     -1.011829    11A     -0.935457    12A     -0.915903  
      13A     -0.870437    14A     -0.830779    15A     -0.801397  
      16A     -0.740097    17A     -0.728477    18A     -0.710896  
      19A     -0.673017    20A     -0.612860  

    Virtual:                                                              

      21A     -0.121929    22A     -0.072213    23A     -0.063001  
      24A     -0.056341    25A     -0.049202    26A     -0.031473  
      27A     -0.026062    28A     -0.022992    29A     -0.009405  
      30A     -0.005449    31A      0.001622    32A      0.002040  
      33A      0.012753    34A      0.013732    35A      0.018914  
      36A      0.024790    37A      0.028350    38A      0.035610  
      39A      0.043725    40A      0.046454    41A      0.051174  
      42A      0.054210    43A      0.057798    44A      0.067898  
      45A      0.072253    46A      0.085171    47A      0.087620  
      48A      0.089435    49A      0.096963    50A      0.105038  
      51A      0.109339    52A      0.111434    53A      0.118205  
      54A      0.121733    55A      0.132910    56A      0.141017  
      57A      0.147933    58A      0.149898    59A      0.154911  
      60A      0.156471    61A      0.161382    62A      0.166361  
      63A      0.172040    64A      0.182568    65A      0.191110  
      66A      0.192927    67A      0.207168    68A      0.213359  
      69A      0.214031    70A      0.226036    71A      0.227670  
      72A      0.239823    73A      0.247962    74A      0.248447  
      75A      0.253122    76A      0.268018    77A      0.273468  
      78A      0.293101    79A      0.298434    80A      0.307417  
      81A      0.314469    82A      0.325409    83A      0.336732  
      84A      0.340739    85A      0.355374    86A      0.368064  
      87A      0.378867    88A      0.394620    89A      0.397156  
      90A      0.418741    91A      0.446004    92A      0.459762  
      93A      0.466989    94A      0.485690    95A      0.511427  
      96A      0.531324    97A      0.538321    98A      0.553723  
      99A      0.571410   100A      0.574276   101A      0.578182  
     102A      0.582096   103A      0.591056   104A      0.602820  
     105A      0.612045   106A      0.629097   107A      0.633766  
     108A      0.635446   109A      0.650300   110A      0.668853  
     111A      0.674324   112A      0.680704   113A      0.697308  
     114A      0.700455   115A      0.720055   116A      0.739184  
     117A      0.742367   118A      0.753744   119A      0.755537  
     120A      0.761254   121A      0.782859   122A      0.795591  
     123A      0.799807   124A      0.807912   125A      0.818221  
     126A      0.840103   127A      0.867168   128A      0.874154  
     129A      0.883191   130A      0.897416   131A      0.922690  
     132A      0.936465   133A      0.938036   134A      0.957910  
     135A      0.962086   136A      0.972234   137A      0.985258  
     138A      1.021188   139A      1.037641   140A      1.082783  
     141A      1.129212   142A      1.130478   143A      1.170622  
     144A      1.226236   145A      1.233186   146A      1.293278  
     147A      1.313116   148A      1.319142   149A      1.366677  
     150A      1.395315   151A      1.410915   152A      1.444446  
     153A      1.477111   154A      1.498573   155A      1.505074  
     156A      1.534833   157A      1.574334   158A      1.575017  
     159A      1.593582   160A      1.602300   161A      1.622113  
     162A      1.661597   163A      1.665965   164A      1.673593  
     165A      1.677425   166A      1.700350   167A      1.705159  
     168A      1.707913   169A      1.713512   170A      1.727904  
     171A      1.734216   172A      1.750420   173A      1.754439  
     174A      1.775563   175A      1.782680   176A      1.797168  
     177A      1.799564   178A      1.807972   179A      1.821923  
     180A      1.832110   181A      1.851819   182A      1.866489  
     183A      1.873980   184A      1.885191   185A      1.892567  
     186A      1.910928   187A      1.918851   188A      1.934286  
     189A      1.938293   190A      1.943784   191A      1.959824  
     192A      1.977515   193A      1.992084   194A      2.010363  
     195A      2.015844   196A      2.024772   197A      2.029259  
     198A      2.041006   199A      2.061813   200A      2.086914  
     201A      2.093245   202A      2.095368   203A      2.103986  
     204A      2.139053   205A      2.141178   206A      2.155683  
     207A      2.166707   208A      2.176029   209A      2.181276  
     210A      2.193989   211A      2.200807   212A      2.226879  
     213A      2.262771   214A      2.285584   215A      2.316058  
     216A      2.328719   217A      2.341627   218A      2.350949  
     219A      2.357818   220A      2.385297   221A      2.406281  
     222A      2.407491   223A      2.440771   224A      2.450965  
     225A      2.470362   226A      2.490193   227A      2.509866  
     228A      2.522842   229A      2.537232   230A      2.543861  
     231A      2.562871   232A      2.573143   233A      2.578697  
     234A      2.601733   235A      2.623494   236A      2.646813  
     237A      2.661779   238A      2.668521   239A      2.684608  
     240A      2.699333   241A      2.715273   242A      2.726617  
     243A      2.757967   244A      2.781627   245A      2.808409  
     246A      2.878347   247A      2.891689   248A      2.912922  
     249A      2.934522   250A      2.972352   251A      2.986757  
     252A      3.004386   253A      3.016899   254A      3.032102  
     255A      3.091446   256A      3.116046   257A      3.151167  
     258A      3.179726   259A      3.248548   260A      3.283526  
     261A      3.335830   262A      3.379991   263A      3.428374  
     264A      3.503776   265A      3.527650   266A      3.565757  
     267A      3.614582   268A      3.656290   269A      3.749285  
     270A      3.812924   271A      3.898342   272A      3.991784  
     273A      4.053909   274A      4.193312   275A      4.205734  
     276A      4.326458   277A      4.403457   278A      4.436918  
     279A      4.503483   280A      4.599252   281A      4.657802  
     282A      4.682760   283A      4.747422   284A      4.787983  
     285A      4.833389   286A      4.950433   287A      4.993182  
     288A      5.019887   289A      5.084710   290A      5.171076  
     291A      5.286761   292A      5.515016   293A      5.569885  
     294A      5.642139   295A      5.786687   296A      5.864068  
     297A      5.920734   298A      6.676459   299A      6.756723  
     300A     18.134479   301A     18.302340   302A     18.456518  
     303A     18.605230   304A     25.313595   305A     33.447879  
     306A     33.467264  

    Final Occupation by Irrep:
              A 
    DOCC [    20 ]

  @DF-RHF Final Energy:  -247.30086682776562

   => Energetics <=

    Nuclear Repulsion Energy =            186.9558416172188515
    One-Electron Energy =                -697.7524738979942640
    Two-Electron Energy =                 263.4957654530097670
    Total Energy =                       -247.3008668277656170

Computation Completed


Properties will be evaluated at   0.000000,   0.000000,   0.000000 [a0]

Properties computed using the SCF density matrix

  Nuclear Dipole Moment: [e a0]
     X:    57.2225      Y:  -409.2837      Z:  -152.3810

  Electronic Dipole Moment: [e a0]
     X:   -56.4616      Y:   398.2749      Z:   150.5758

  Dipole Moment: [e a0]
     X:     0.7609      Y:   -11.0088      Z:    -1.8053     Total:    11.1818

  Dipole Moment: [D]
     X:     1.9340      Y:   -27.9817      Z:    -4.5885     Total:    28.4213


*** tstop() called on aliaconda at Sun Mar 20 06:03:27 2022
Module time:
	user time   =     184.01 seconds =       3.07 minutes
	system time =      19.34 seconds =       0.32 minutes
	total time  =          9 seconds =       0.15 minutes
Total time:
	user time   =   97400.85 seconds =    1623.35 minutes
	system time =   13580.48 seconds =     226.34 minutes
	total time  =       5990 seconds =      99.83 minutes

  //>>>>>>>>>>>>>>>>>>>>>>>>>>>>>>>>>>>//
  //            Monomer B HF           //
  //<<<<<<<<<<<<<<<<<<<<<<<<<<<<<<<<<<<//


*** tstart() called on aliaconda
*** at Sun Mar 20 06:03:27 2022

   => Loading Basis Set <=

    Name: JUN-CC-PVDZ
    Role: ORBITAL
    Keyword: BASIS
    atoms 1, 14                                          entry N          line   198 file /home/alia/anaconda3/envs/mddemo/share/psi4/basis/jun-cc-pvdz.gbs 
    atoms 2-4, 6, 8-10, 13, 15-17, 19, 21, 23, 25-27, 30 entry H          line    36 file /home/alia/anaconda3/envs/mddemo/share/psi4/basis/jun-cc-pvdz.gbs 
    atoms 5, 7, 11, 18, 20, 24, 28                       entry C          line   164 file /home/alia/anaconda3/envs/mddemo/share/psi4/basis/jun-cc-pvdz.gbs 
    atoms 12, 22, 29                                     entry O          line   232 file /home/alia/anaconda3/envs/mddemo/share/psi4/basis/jun-cc-pvdz.gbs 


         ---------------------------------------------------------
                                   SCF
               by Justin Turney, Rob Parrish, Andy Simmonett
                          and Daniel G. A. Smith
                              RHF Reference
                       32 Threads,  76293 MiB Core
         ---------------------------------------------------------

  ==> Geometry <==

    Molecular point group: c1
    Full point group: C1

    Geometry (in Angstrom), charge = 1, multiplicity = 1:

       Center              X                  Y                   Z               Mass       
    ------------   -----------------  -----------------  -----------------  -----------------
      Gh(N)           0.021848560840    -6.350061971146    -1.443357709708    14.003074004430
      Gh(H)          -0.802151320905    -6.597061711746    -2.283357862296     1.007825032230
      Gh(H)          -0.683151362866    -6.421061593491    -0.469357732596     1.007825032230
      Gh(H)           0.625848652392    -7.216061669785    -1.382357839407     1.007825032230
      Gh(C)           0.624848724872    -5.040061551529    -1.555357698264    12.000000000000
      Gh(H)          -0.172151206464    -4.327061730820    -1.234358075919     1.007825032230
      Gh(C)           1.803848864108    -4.778061944443    -0.560357812704    12.000000000000
      Gh(H)           2.722848774463    -5.305061894852    -0.882357839407     1.007825032230
      Gh(H)           1.428848864108    -5.202061730820     0.411642309366     1.007825032230
      Gh(H)           2.068848730594    -3.650061685043    -0.543358091177     1.007825032230
      Gh(C)           0.971848846942    -4.712061959702    -2.953357938589    12.000000000000
      Gh(O)           0.346848846942    -5.281061727005    -3.817357782187    15.994914619570
      Gh(H)           1.760886074572    -3.985135156113    -3.196252826514     1.007825032230
         N            0.408848644763     2.534938257736     0.401642080484    14.003074004430
         H            0.635848881274     1.388938349289     0.680641885934     1.007825032230
         H            0.104848743945     2.378938120407    -0.753358129324     1.007825032230
         H            1.217848898440     3.118937891525     0.430641885934     1.007825032230
         C           -0.679151175946     3.330937784714     1.037642236887    12.000000000000
         H           -1.533151267499     2.618937891525     1.114641901193     1.007825032230
         C           -0.406151412458     3.853938501877     2.477642294107    12.000000000000
         H           -1.372151015729     4.188938540024     2.771641966043     1.007825032230
         O            0.525848747760     4.974937838119     2.558641668497    15.994914619570
         H            1.437848688632     4.724937838119     2.290642019449     1.007825032230
         C           -0.044151423902     2.685938280624     3.418642278848    12.000000000000
         H            0.910848738223     2.213938158554     3.110641714273     1.007825032230
         H           -0.803151248426     1.847937983078     3.323642011819     1.007825032230
         H           -0.149151442975     3.031937998337     4.421642538248     1.007825032230
         C           -1.249151347608     4.404938143295     0.225641962228    12.000000000000
         O           -2.447151301831     4.600938242477     0.130642172037    15.994914619570
         H           -0.564078448743     5.066456240219    -0.324875596823     1.007825032230

  Running in c1 symmetry.

  Rotational constants: A =      0.03962  B =      0.00386  C =      0.00368 [cm^-1]
  Rotational constants: A =   1187.74764  B =    115.84405  C =    110.22083 [MHz]
  Nuclear repulsion =  327.526180425645578

  Charge       = 1
  Multiplicity = 1
  Electrons    = 56
  Nalpha       = 28
  Nbeta        = 28

  ==> Algorithm <==

  SCF Algorithm Type is DF.
  DIIS enabled.
  MOM disabled.
  Fractional occupation disabled.
  Guess Type is SAD.
  Energy threshold   = 1.00e-08
  Density threshold  = 1.00e-08
  Integral threshold = 1.00e-12

  ==> Primary Basis <==

  Basis Set: JUN-CC-PVDZ
    Blend: JUN-CC-PVDZ
    Number of shells: 150
    Number of basis functions: 306
    Number of Cartesian functions: 318
    Spherical Harmonics?: true
    Max angular momentum: 2

   => Loading Basis Set <=

    Name: (JUN-CC-PVDZ AUX)
    Role: JKFIT
    Keyword: DF_BASIS_SCF
    atoms 1, 14                                          entry N          line   202 file /home/alia/anaconda3/envs/mddemo/share/psi4/basis/jun-cc-pvdz-jkfit.gbs 
    atoms 2-4, 6, 8-10, 13, 15-17, 19, 21, 23, 25-27, 30 entry H          line    70 file /home/alia/anaconda3/envs/mddemo/share/psi4/basis/jun-cc-pvdz-jkfit.gbs 
    atoms 5, 7, 11, 18, 20, 24, 28                       entry C          line   146 file /home/alia/anaconda3/envs/mddemo/share/psi4/basis/jun-cc-pvdz-jkfit.gbs 
    atoms 12, 22, 29                                     entry O          line   258 file /home/alia/anaconda3/envs/mddemo/share/psi4/basis/jun-cc-pvdz-jkfit.gbs 

  ==> Integral Setup <==

  ==> DiskDFJK: Density-Fitted J/K Matrices <==

    J tasked:                  Yes
    K tasked:                  Yes
    wK tasked:                  No
    OpenMP threads:             32
    Integrals threads:          32
    Memory [MiB]:            57220
    Algorithm:                Core
    Integral Cache:           LOAD
    Schwarz Cutoff:          1E-12
    Fitting Condition:       1E-10

   => Auxiliary Basis Set <=

  Basis Set: (JUN-CC-PVDZ AUX)
    Blend: JUN-CC-PVDZ-JKFIT
    Number of shells: 486
    Number of basis functions: 1362
    Number of Cartesian functions: 1542
    Spherical Harmonics?: true
    Max angular momentum: 3

  Minimum eigenvalue in the overlap matrix is 6.7647895772E-05.
  Reciprocal condition number of the overlap matrix is 5.9348623465E-06.
    Using symmetric orthogonalization.

  ==> Pre-Iterations <==

  SCF Guess: Superposition of Atomic Densities via on-the-fly atomic UHF (no occupation information).

   -------------------------
    Irrep   Nso     Nmo    
   -------------------------
     A        306     306 
   -------------------------
    Total     306     306
   -------------------------

  ==> Iterations <==

                           Total Energy        Delta E     RMS |[F,P]|

   @DF-RHF iter SAD:  -360.48920290077513   -3.60489e+02   0.00000e+00 
   @DF-RHF iter   1:  -360.91559933503754   -4.26396e-01   2.14909e-03 DIIS
   @DF-RHF iter   2:  -361.10466152162599   -1.89062e-01   1.32333e-03 DIIS
   @DF-RHF iter   3:  -361.16561431805849   -6.09528e-02   2.99290e-04 DIIS
   @DF-RHF iter   4:  -361.17063065671948   -5.01634e-03   1.09119e-04 DIIS
   @DF-RHF iter   5:  -361.17132155936861   -6.90903e-04   2.61025e-05 DIIS
   @DF-RHF iter   6:  -361.17138687665039   -6.53173e-05   1.28147e-05 DIIS
   @DF-RHF iter   7:  -361.17140200071401   -1.51241e-05   5.17974e-06 DIIS
   @DF-RHF iter   8:  -361.17140534155436   -3.34084e-06   2.07784e-06 DIIS
   @DF-RHF iter   9:  -361.17140590339636   -5.61842e-07   6.02691e-07 DIIS
   @DF-RHF iter  10:  -361.17140596052332   -5.71270e-08   2.21255e-07 DIIS
   @DF-RHF iter  11:  -361.17140597041993   -9.89661e-09   9.91473e-08 DIIS
   @DF-RHF iter  12:  -361.17140597295486   -2.53493e-09   5.44069e-08 DIIS
   @DF-RHF iter  13:  -361.17140597391142   -9.56561e-10   2.64944e-08 DIIS
   @DF-RHF iter  14:  -361.17140597412515   -2.13731e-10   8.65006e-09 DIIS
  Energy and wave function converged.


  ==> Post-Iterations <==

    Orbital Energies [Eh]
    ---------------------

    Doubly Occupied:                                                      

       1A    -20.746647     2A    -20.745021     3A    -15.946058  
       4A    -11.517147     5A    -11.500142     6A    -11.483297  
       7A    -11.400555     8A     -1.571416     9A     -1.528747  
      10A     -1.503141    11A     -1.252758    12A     -1.162614  
      13A     -1.024160    14A     -1.010273    15A     -0.973193  
      16A     -0.909426    17A     -0.901254    18A     -0.838531  
      19A     -0.819351    20A     -0.803605    21A     -0.772733  
      22A     -0.757458    23A     -0.714686    24A     -0.692790  
      25A     -0.673963    26A     -0.658517    27A     -0.631448  
      28A     -0.597603  

    Virtual:                                                              

      29A     -0.138499    30A     -0.083397    31A     -0.073700  
      32A     -0.059783    33A     -0.047072    34A     -0.036878  
      35A     -0.033105    36A     -0.023952    37A     -0.021761  
      38A     -0.012271    39A     -0.009689    40A     -0.005445  
      41A     -0.000730    42A      0.003461    43A      0.013554  
      44A      0.018619    45A      0.026862    46A      0.029380  
      47A      0.037407    48A      0.039161    49A      0.042544  
      50A      0.045337    51A      0.049070    52A      0.052148  
      53A      0.053899    54A      0.065733    55A      0.068755  
      56A      0.085642    57A      0.093882    58A      0.097165  
      59A      0.102784    60A      0.107046    61A      0.112879  
      62A      0.115630    63A      0.120627    64A      0.126029  
      65A      0.135518    66A      0.142898    67A      0.147325  
      68A      0.151143    69A      0.158135    70A      0.163876  
      71A      0.169572    72A      0.175756    73A      0.184826  
      74A      0.188420    75A      0.191400    76A      0.193145  
      77A      0.209539    78A      0.211626    79A      0.214947  
      80A      0.217965    81A      0.224512    82A      0.242609  
      83A      0.245096    84A      0.251484    85A      0.261291  
      86A      0.264941    87A      0.276879    88A      0.278595  
      89A      0.287356    90A      0.292415    91A      0.310576  
      92A      0.312984    93A      0.330975    94A      0.345083  
      95A      0.349390    96A      0.361559    97A      0.369977  
      98A      0.378632    99A      0.385640   100A      0.398395  
     101A      0.430204   102A      0.441724   103A      0.442067  
     104A      0.470064   105A      0.501474   106A      0.514116  
     107A      0.522886   108A      0.536925   109A      0.542604  
     110A      0.563498   111A      0.587941   112A      0.597123  
     113A      0.616078   114A      0.624604   115A      0.628641  
     116A      0.632956   117A      0.639423   118A      0.672689  
     119A      0.678757   120A      0.688607   121A      0.696425  
     122A      0.699315   123A      0.727565   124A      0.730467  
     125A      0.747334   126A      0.751088   127A      0.760573  
     128A      0.781356   129A      0.786878   130A      0.789725  
     131A      0.800208   132A      0.806383   133A      0.824537  
     134A      0.830498   135A      0.836464   136A      0.860143  
     137A      0.874291   138A      0.885009   139A      0.893683  
     140A      0.905877   141A      0.914751   142A      0.925698  
     143A      0.934175   144A      0.973098   145A      0.980466  
     146A      0.990733   147A      1.032314   148A      1.107410  
     149A      1.139352   150A      1.165006   151A      1.190583  
     152A      1.212485   153A      1.260920   154A      1.265958  
     155A      1.305099   156A      1.315806   157A      1.334057  
     158A      1.349627   159A      1.356639   160A      1.382357  
     161A      1.391669   162A      1.414838   163A      1.442490  
     164A      1.475860   165A      1.480667   166A      1.498150  
     167A      1.504046   168A      1.511556   169A      1.548069  
     170A      1.549355   171A      1.585137   172A      1.601113  
     173A      1.607988   174A      1.622209   175A      1.638507  
     176A      1.646862   177A      1.661379   178A      1.673260  
     179A      1.692304   180A      1.699509   181A      1.704035  
     182A      1.713481   183A      1.737831   184A      1.746333  
     185A      1.758656   186A      1.762867   187A      1.774077  
     188A      1.775775   189A      1.778542   190A      1.800382  
     191A      1.811675   192A      1.830636   193A      1.832398  
     194A      1.838112   195A      1.856196   196A      1.874022  
     197A      1.894355   198A      1.896402   199A      1.916413  
     200A      1.920582   201A      1.936851   202A      1.942584  
     203A      1.963901   204A      1.968405   205A      1.971654  
     206A      1.979547   207A      1.990086   208A      2.002432  
     209A      2.015517   210A      2.035255   211A      2.046324  
     212A      2.049046   213A      2.086573   214A      2.095269  
     215A      2.098701   216A      2.121855   217A      2.124111  
     218A      2.141851   219A      2.146892   220A      2.156359  
     221A      2.195150   222A      2.209563   223A      2.222317  
     224A      2.229640   225A      2.234374   226A      2.262428  
     227A      2.274674   228A      2.284917   229A      2.309447  
     230A      2.310606   231A      2.346640   232A      2.351811  
     233A      2.381893   234A      2.394933   235A      2.404016  
     236A      2.423473   237A      2.446814   238A      2.466018  
     239A      2.480441   240A      2.489599   241A      2.515791  
     242A      2.529656   243A      2.556459   244A      2.582439  
     245A      2.607014   246A      2.624521   247A      2.641566  
     248A      2.643179   249A      2.676535   250A      2.689920  
     251A      2.716969   252A      2.735089   253A      2.748328  
     254A      2.760058   255A      2.794240   256A      2.795013  
     257A      2.806789   258A      2.837585   259A      2.893117  
     260A      2.910181   261A      2.929200   262A      2.958059  
     263A      3.041667   264A      3.068723   265A      3.080759  
     266A      3.091892   267A      3.119220   268A      3.126848  
     269A      3.207464   270A      3.208427   271A      3.261150  
     272A      3.271612   273A      3.307645   274A      3.391510  
     275A      3.454043   276A      3.500676   277A      3.537759  
     278A      3.585115   279A      3.651200   280A      3.779611  
     281A      3.816810   282A      3.934319   283A      3.963663  
     284A      4.027718   285A      4.146883   286A      4.181484  
     287A      4.271426   288A      4.375749   289A      4.604509  
     290A      4.670147   291A      4.707268   292A      4.725723  
     293A      4.838067   294A      4.905823   295A      4.989055  
     296A      5.132781   297A      5.457684   298A      5.519119  
     299A      5.572963   300A      5.773570   301A      6.771404  
     302A     18.169016   303A     18.348296   304A     18.580114  
     305A     25.320570   306A     33.433302  

    Final Occupation by Irrep:
              A 
    DOCC [    28 ]

  @DF-RHF Final Energy:  -361.17140597412515

   => Energetics <=

    Nuclear Repulsion Energy =            327.5261804256455775
    One-Electron Energy =               -1131.1221009294422402
    Two-Electron Energy =                 442.4245145296714554
    Total Energy =                       -361.1714059741251504

Computation Completed


Properties will be evaluated at   0.000000,   0.000000,   0.000000 [a0]

Properties computed using the SCF density matrix

  Nuclear Dipole Moment: [e a0]
     X:   -50.8233      Y:   397.9499      Z:   159.3967

  Electronic Dipole Moment: [e a0]
     X:    52.2913      Y:  -393.8323      Z:  -158.1504

  Dipole Moment: [e a0]
     X:     1.4680      Y:     4.1176      Z:     1.2462     Total:     4.5456

  Dipole Moment: [D]
     X:     3.7312      Y:    10.4659      Z:     3.1676     Total:    11.5538


*** tstop() called on aliaconda at Sun Mar 20 06:03:37 2022
Module time:
	user time   =     215.67 seconds =       3.59 minutes
	system time =      24.35 seconds =       0.41 minutes
	total time  =         10 seconds =       0.17 minutes
Total time:
	user time   =   97616.66 seconds =    1626.94 minutes
	system time =   13604.86 seconds =     226.75 minutes
	total time  =       6000 seconds =     100.00 minutes
  Constructing Basis Sets for SAPT...

   => Loading Basis Set <=

    Name: (JUN-CC-PVDZ AUX)
    Role: RIFIT
    Keyword: DF_BASIS_SAPT
    atoms 1, 14                                          entry N          line   144 file /home/alia/anaconda3/envs/mddemo/share/psi4/basis/jun-cc-pvdz-ri.gbs 
    atoms 2-4, 6, 8-10, 13, 15-17, 19, 21, 23, 25-27, 30 entry H          line    30 file /home/alia/anaconda3/envs/mddemo/share/psi4/basis/jun-cc-pvdz-ri.gbs 
    atoms 5, 7, 11, 18, 20, 24, 28                       entry C          line   100 file /home/alia/anaconda3/envs/mddemo/share/psi4/basis/jun-cc-pvdz-ri.gbs 
    atoms 12, 22, 29                                     entry O          line   188 file /home/alia/anaconda3/envs/mddemo/share/psi4/basis/jun-cc-pvdz-ri.gbs 


  //>>>>>>>>>>>>>>>>>>>>>>>>>>>>>>>>>>>//
  //               SAPT0               //
  //<<<<<<<<<<<<<<<<<<<<<<<<<<<<<<<<<<<//


*** tstart() called on aliaconda
*** at Sun Mar 20 06:03:38 2022

        SAPT0  
    Ed Hohenstein
     6 June 2009

      Orbital Information
  --------------------------
    NSO        =       306
    NMO        =       306
    NRI        =      1032
    NOCC A     =        20
    NOCC B     =        28
    FOCC A     =         0
    FOCC B     =         0
    NVIR A     =       286
    NVIR B     =       278

    Elst10,r            =     0.065037883740 [Eh]
    Exch10              =    -0.000000023595 [Eh]
    Exch10 (S^2)        =    -0.000000023595 [Eh]

    Iter     Energy [mEh]          dE [mEh]         Residual      Time [s]
       1      -0.41596056       0.415960565       5.572004738             0
       2      -0.41416512      -0.001795441       2.079427474             1
       3      -0.44834882       0.034183701       0.772386293             1
       4      -0.45758205       0.009233227       0.190795370             2
       5      -0.45612223      -0.001459818       0.106910368             2
       6      -0.45548495      -0.000637280       0.033408932             3
       7      -0.45572856       0.000243608       0.010912938             3
       8      -0.45575835       0.000029786       0.004658186             4
       9      -0.45573071      -0.000027642       0.002349727             5
      10      -0.45573164       0.000000934       0.000796592             5
      11      -0.45573571       0.000004071       0.000215728             6
      12      -0.45573534      -0.000000365       0.000057278             6
      13      -0.45573514      -0.000000202       0.000015149             7
      14      -0.45573515       0.000000008       0.000003775             7
      15      -0.45573516       0.000000013       0.000000612             8

    CHF Iterations converged


    Iter     Energy [mEh]          dE [mEh]         Residual      Time [s]
       1      -0.24880694       0.248806941       3.668089165             1
       2      -0.25941190       0.010604957       1.574016564             1
       3      -0.27919906       0.019787159       0.541248711             2
       4      -0.28283673       0.003637676       0.150637303             2
       5      -0.28222503      -0.000611699       0.082982121             3
       6      -0.28171984      -0.000505190       0.026059253             3
       7      -0.28177215       0.000052308       0.013669104             4
       8      -0.28184900       0.000076843       0.004761416             4
       9      -0.28183398      -0.000015019       0.002420618             5
      10      -0.28182614      -0.000007841       0.001063860             6
      11      -0.28182965       0.000003513       0.000482686             6
      12      -0.28183042       0.000000776       0.000169358             7
      13      -0.28183008      -0.000000349       0.000050245             7
      14      -0.28182994      -0.000000133       0.000012156             8
      15      -0.28182997       0.000000032       0.000003678             8
      16      -0.28182998       0.000000005       0.000001106             9
      17      -0.28182998      -0.000000002       0.000000398            10

    CHF Iterations converged

    Ind20,r (A<-B)      =    -0.000455735164 [Eh]
    Ind20,r (B<-A)      =    -0.000281829977 [Eh]
    Ind20,r             =    -0.000737565141 [Eh]
    Exch-Ind20,r (A<-B) =     0.000000003366 [Eh]
    Exch-Ind20,r (B<-A) =     0.000000004049 [Eh]
    Exch-Ind20,r        =     0.000000007415 [Eh]
    Disp20              =    -0.000059253072 [Eh]
    Disp20 (SS)         =    -0.000029626536 [Eh]
    Disp20 (OS)         =    -0.000029626536 [Eh]
    Exch-Disp20         =     0.000000003158 [Eh]
    Exch-Disp20 (SS)    =     0.000000002311 [Eh]
    Exch-Disp20 (OS)    =     0.000000000847 [Eh]

    SAPT Results 
  --------------------------------------------------------------------------------------------------------
    Electrostatics                 65.03788374 [mEh]      40.81188820 [kcal/mol]     170.75694023 [kJ/mol]
      Elst10,r                     65.03788374 [mEh]      40.81188820 [kcal/mol]     170.75694023 [kJ/mol]

    Exchange                       -0.00002360 [mEh]      -0.00001481 [kcal/mol]      -0.00006195 [kJ/mol]
      Exch10                       -0.00002360 [mEh]      -0.00001481 [kcal/mol]      -0.00006195 [kJ/mol]
      Exch10(S^2)                  -0.00002360 [mEh]      -0.00001481 [kcal/mol]      -0.00006195 [kJ/mol]

    Induction                      -0.72674392 [mEh]      -0.45603870 [kcal/mol]      -1.90806591 [kJ/mol]
      Ind20,r                      -0.73756514 [mEh]      -0.46282911 [kcal/mol]      -1.93647701 [kJ/mol]
      Exch-Ind20,r                  0.00000741 [mEh]       0.00000465 [kcal/mol]       0.00001947 [kJ/mol]
      delta HF,r (2)                0.01081380 [mEh]       0.00678576 [kcal/mol]       0.02839164 [kJ/mol]

    Dispersion                     -0.05924991 [mEh]      -0.03717988 [kcal/mol]      -0.15556063 [kJ/mol]
      Disp20                       -0.05925307 [mEh]      -0.03718186 [kcal/mol]      -0.15556892 [kJ/mol]
      Exch-Disp20                   0.00000316 [mEh]       0.00000198 [kcal/mol]       0.00000829 [kJ/mol]
      Disp20 (SS)                  -0.02962654 [mEh]      -0.01859093 [kcal/mol]      -0.07778446 [kJ/mol]
      Disp20 (OS)                  -0.02962654 [mEh]      -0.01859093 [kcal/mol]      -0.07778446 [kJ/mol]
      Exch-Disp20 (SS)              0.00000231 [mEh]       0.00000145 [kcal/mol]       0.00000607 [kJ/mol]
      Exch-Disp20 (OS)              0.00000085 [mEh]       0.00000053 [kcal/mol]       0.00000222 [kJ/mol]

  Total HF                         64.31111622 [mEh]      40.35583470 [kcal/mol]     168.84881238 [kJ/mol]
  Total SAPT0                      64.25186631 [mEh]      40.31865482 [kcal/mol]     168.69325175 [kJ/mol]

  Special recipe for scaled SAPT0 (see Manual):
    Electrostatics sSAPT0          65.03788374 [mEh]      40.81188820 [kcal/mol]     170.75694023 [kJ/mol]
    Exchange sSAPT0                -0.00002360 [mEh]      -0.00001481 [kcal/mol]      -0.00006195 [kJ/mol]
    Induction sSAPT0               -0.72674392 [mEh]      -0.45603870 [kcal/mol]      -1.90806591 [kJ/mol]
    Dispersion sSAPT0              -0.05924991 [mEh]      -0.03717988 [kcal/mol]      -0.15556063 [kJ/mol]
  Total sSAPT0                     64.25186631 [mEh]      40.31865482 [kcal/mol]     168.69325175 [kJ/mol]
  --------------------------------------------------------------------------------------------------------

*** tstop() called on aliaconda at Sun Mar 20 06:04:26 2022
Module time:
	user time   =     668.48 seconds =      11.14 minutes
	system time =     114.50 seconds =       1.91 minutes
	total time  =         48 seconds =       0.80 minutes
Total time:
	user time   =   98287.73 seconds =    1638.13 minutes
	system time =   13719.85 seconds =     228.66 minutes
	total time  =       6049 seconds =     100.82 minutes


Warning! sapt0 does not have an associated derived wavefunction.The returned wavefunction is the dimer SCF wavefunction.


  Memory set to  74.506 GiB by Python driver.
  Threads set to 32 by Python driver.
