
Scratch directory: /tmp/

Scratch directory: /tmp/

  //>>>>>>>>>>>>>>>>>>>>>>>>>>>>>>>>>>>//
  //              Dimer HF             //
  //<<<<<<<<<<<<<<<<<<<<<<<<<<<<<<<<<<<//


*** tstart() called on aliaconda
*** at Sun Mar 20 04:48:04 2022

   => Loading Basis Set <=

    Name: JUN-CC-PVDZ
    Role: ORBITAL
    Keyword: BASIS
    atoms 1, 14                                          entry N          line   198 file /home/alia/anaconda3/envs/mddemo/share/psi4/basis/jun-cc-pvdz.gbs 
    atoms 2-4, 6, 8-10, 13, 15-17, 19, 21, 23, 25-27, 30 entry H          line    36 file /home/alia/anaconda3/envs/mddemo/share/psi4/basis/jun-cc-pvdz.gbs 
    atoms 5, 7, 11, 18, 20, 24, 28                       entry C          line   164 file /home/alia/anaconda3/envs/mddemo/share/psi4/basis/jun-cc-pvdz.gbs 
    atoms 12, 22, 29                                     entry O          line   232 file /home/alia/anaconda3/envs/mddemo/share/psi4/basis/jun-cc-pvdz.gbs 


         ---------------------------------------------------------
                                   SCF
               by Justin Turney, Rob Parrish, Andy Simmonett
                          and Daniel G. A. Smith
                              RHF Reference
                       32 Threads,  76293 MiB Core
         ---------------------------------------------------------

  ==> Geometry <==

    Molecular point group: c1
    Full point group: C1

    Geometry (in Angstrom), charge = 2, multiplicity = 1:

       Center              X                  Y                   Z               Mass       
    ------------   -----------------  -----------------  -----------------  -----------------
         N            0.351761398763    -6.232297102602    -1.591674108470    14.003074004430
         H           -0.368238391429    -6.442296902331    -2.531674165691     1.007825032230
         H           -0.320238532572    -6.610297123583    -0.668674249614     1.007825032230
         H            1.120761452169    -6.894297043474    -1.674674291576     1.007825032230
         C            0.584761677236    -4.773297230394    -1.546674032176    12.000000000000
         H            0.111761627645    -4.415296951922    -0.691674489940     1.007825032230
         C            2.143761692495    -4.646296898516    -1.311674375499    12.000000000000
         H            2.694761572332    -5.150297085436    -2.137674112285     1.007825032230
         H            2.409761486501    -5.230297009142    -0.416674394572     1.007825032230
         H            2.494761524648    -3.622297207506    -1.139674444163     1.007825032230
         C            0.085761604757    -4.001296917589    -2.735674161876    12.000000000000
         O           -0.890238227397    -3.347297112139    -2.690674085582    15.994914619570
         H            0.651541767568    -4.049663464220    -3.677774686778     1.007825032230
         N            0.890761433095     2.637702544538     0.325325708424    14.003074004430
         H            1.297761497945     1.505702575056     0.283325891530     1.007825032230
         H            0.658761558980     2.802703460066    -0.844674367870     1.007825032230
         H            1.604761658162     3.251702864973     0.588326196706     1.007825032230
         C           -0.385238589793     2.829702933638     1.064326028859    12.000000000000
         H           -0.806238593608     1.810702880232     1.225325326955     1.007825032230
         C           -0.202238502055     3.422703345625     2.418326120412    12.000000000000
         H           -1.269238414317     3.489702781050     2.835325937306     1.007825032230
         O            0.325761375875     4.696702559797     2.361325960194    15.994914619570
         H            1.232761679143     4.730702956526     1.990325670277     1.007825032230
         C            0.756761608571     2.634703238813     3.285325746571    12.000000000000
         H            1.888761578054     2.809703429548     3.070325593984     1.007825032230
         H            0.624761639089     1.544703086225     3.370325784718     1.007825032230
         H            0.575761375875     2.899702628462     4.350325326955     1.007825032230
         C           -1.410238208323     3.633702834455     0.280325632130    12.000000000000
         O           -2.555238189250     3.290703376142     0.109325628316    15.994914619570
         H           -1.088018359690     4.589160521833    -0.159305829967     1.007825032230

  Running in c1 symmetry.

  Rotational constants: A =      0.03898  B =      0.00484  C =      0.00451 [cm^-1]
  Rotational constants: A =   1168.47067  B =    145.05518  C =    135.30578 [MHz]
  Nuclear repulsion =  656.850563218026650

  Charge       = 2
  Multiplicity = 1
  Electrons    = 96
  Nalpha       = 48
  Nbeta        = 48

  ==> Algorithm <==

  SCF Algorithm Type is DF.
  DIIS enabled.
  MOM disabled.
  Fractional occupation disabled.
  Guess Type is SAD.
  Energy threshold   = 1.00e-08
  Density threshold  = 1.00e-08
  Integral threshold = 1.00e-12

  ==> Primary Basis <==

  Basis Set: JUN-CC-PVDZ
    Blend: JUN-CC-PVDZ
    Number of shells: 150
    Number of basis functions: 306
    Number of Cartesian functions: 318
    Spherical Harmonics?: true
    Max angular momentum: 2

   => Loading Basis Set <=

    Name: (JUN-CC-PVDZ AUX)
    Role: JKFIT
    Keyword: DF_BASIS_SCF
    atoms 1, 14                                          entry N          line   202 file /home/alia/anaconda3/envs/mddemo/share/psi4/basis/jun-cc-pvdz-jkfit.gbs 
    atoms 2-4, 6, 8-10, 13, 15-17, 19, 21, 23, 25-27, 30 entry H          line    70 file /home/alia/anaconda3/envs/mddemo/share/psi4/basis/jun-cc-pvdz-jkfit.gbs 
    atoms 5, 7, 11, 18, 20, 24, 28                       entry C          line   146 file /home/alia/anaconda3/envs/mddemo/share/psi4/basis/jun-cc-pvdz-jkfit.gbs 
    atoms 12, 22, 29                                     entry O          line   258 file /home/alia/anaconda3/envs/mddemo/share/psi4/basis/jun-cc-pvdz-jkfit.gbs 

  ==> Integral Setup <==

  ==> DiskDFJK: Density-Fitted J/K Matrices <==

    J tasked:                  Yes
    K tasked:                  Yes
    wK tasked:                  No
    OpenMP threads:             32
    Integrals threads:          32
    Memory [MiB]:            57220
    Algorithm:                Core
    Integral Cache:           SAVE
    Schwarz Cutoff:          1E-12
    Fitting Condition:       1E-10

   => Auxiliary Basis Set <=

  Basis Set: (JUN-CC-PVDZ AUX)
    Blend: JUN-CC-PVDZ-JKFIT
    Number of shells: 486
    Number of basis functions: 1362
    Number of Cartesian functions: 1542
    Spherical Harmonics?: true
    Max angular momentum: 3

  Minimum eigenvalue in the overlap matrix is 4.9424441651E-05.
  Reciprocal condition number of the overlap matrix is 4.2930057732E-06.
    Using symmetric orthogonalization.

  ==> Pre-Iterations <==

  SCF Guess: Superposition of Atomic Densities via on-the-fly atomic UHF (no occupation information).

   -------------------------
    Irrep   Nso     Nmo    
   -------------------------
     A        306     306 
   -------------------------
    Total     306     306
   -------------------------

  ==> Iterations <==

                           Total Energy        Delta E     RMS |[F,P]|

   @DF-RHF iter SAD:  -607.49870866658819   -6.07499e+02   0.00000e+00 
   @DF-RHF iter   1:  -607.97520830491362   -4.76500e-01   2.77846e-03 DIIS
   @DF-RHF iter   2:  -608.29837788885436   -3.23170e-01   1.67675e-03 DIIS
   @DF-RHF iter   3:  -608.39673546575341   -9.83576e-02   3.69784e-04 DIIS
   @DF-RHF iter   4:  -608.40473838662388   -8.00292e-03   1.41348e-04 DIIS
   @DF-RHF iter   5:  -608.40586792055171   -1.12953e-03   3.39010e-05 DIIS
   @DF-RHF iter   6:  -608.40598614784540   -1.18227e-04   1.66558e-05 DIIS
   @DF-RHF iter   7:  -608.40601251513294   -2.63673e-05   7.23735e-06 DIIS
   @DF-RHF iter   8:  -608.40601834088966   -5.82576e-06   2.93834e-06 DIIS
   @DF-RHF iter   9:  -608.40601934686106   -1.00597e-06   1.08627e-06 DIIS
   @DF-RHF iter  10:  -608.40601951271856   -1.65858e-07   4.38932e-07 DIIS
   @DF-RHF iter  11:  -608.40601954910608   -3.63875e-08   2.23825e-07 DIIS
   @DF-RHF iter  12:  -608.40601956381192   -1.47058e-08   1.12489e-07 DIIS
   @DF-RHF iter  13:  -608.40601956775265   -3.94073e-09   4.63765e-08 DIIS
   @DF-RHF iter  14:  -608.40601956840101   -6.48356e-10   1.37665e-08 DIIS
   @DF-RHF iter  15:  -608.40601956843375   -3.27418e-11   4.55354e-09 DIIS
  Energy and wave function converged.


  ==> Post-Iterations <==

    Orbital Energies [Eh]
    ---------------------

    Doubly Occupied:                                                      

       1A    -20.824176     2A    -20.799877     3A    -20.792846  
       4A    -16.000100     5A    -15.999674     6A    -11.585733  
       7A    -11.568922     8A    -11.566346     9A    -11.551908  
      10A    -11.533789    11A    -11.499424    12A    -11.452415  
      13A     -1.675888    14A     -1.629686    15A     -1.615352  
      16A     -1.562672    17A     -1.561526    18A     -1.305317  
      19A     -1.304286    20A     -1.206266    21A     -1.172497  
      22A     -1.081566    23A     -1.080754    24A     -1.064577  
      25A     -1.032678    26A     -0.999989    27A     -0.983821  
      28A     -0.968533    29A     -0.968155    30A     -0.951228  
      31A     -0.906098    32A     -0.903294    33A     -0.874237  
      34A     -0.873462    35A     -0.863759    36A     -0.837218  
      37A     -0.810990    38A     -0.810727    39A     -0.803765  
      40A     -0.778015    41A     -0.765593    42A     -0.753043  
      43A     -0.744100    44A     -0.732027    45A     -0.703122  
      46A     -0.685111    47A     -0.676564    48A     -0.644984  

    Virtual:                                                              

      49A     -0.197397    50A     -0.186101    51A     -0.152937  
      52A     -0.136911    53A     -0.132555    54A     -0.127810  
      55A     -0.115380    56A     -0.111705    57A     -0.104794  
      58A     -0.102071    59A     -0.097801    60A     -0.089457  
      61A     -0.085542    62A     -0.078865    63A     -0.077503  
      64A     -0.073613    65A     -0.071200    66A     -0.068296  
      67A     -0.063518    68A     -0.058880    69A     -0.055026  
      70A     -0.048814    71A     -0.035270    72A     -0.032677  
      73A     -0.031672    74A     -0.028188    75A     -0.022507  
      76A     -0.020893    77A     -0.016397    78A     -0.010344  
      79A     -0.003511    80A     -0.001524    81A      0.005175  
      82A      0.014882    83A      0.018960    84A      0.031496  
      85A      0.038829    86A      0.040416    87A      0.045264  
      88A      0.056138    89A      0.060484    90A      0.062046  
      91A      0.075980    92A      0.085673    93A      0.087995  
      94A      0.097702    95A      0.104142    96A      0.110353  
      97A      0.112768    98A      0.114393    99A      0.116313  
     100A      0.124889   101A      0.140384   102A      0.141654  
     103A      0.148998   104A      0.152403   105A      0.157375  
     106A      0.164797   107A      0.168945   108A      0.171727  
     109A      0.178113   110A      0.186807   111A      0.190610  
     112A      0.207754   113A      0.210459   114A      0.225276  
     115A      0.232991   116A      0.237829   117A      0.250600  
     118A      0.262550   119A      0.264607   120A      0.276268  
     121A      0.283659   122A      0.308237   123A      0.318469  
     124A      0.324516   125A      0.348108   126A      0.397623  
     127A      0.451471   128A      0.467812   129A      0.494022  
     130A      0.514051   131A      0.517640   132A      0.532549  
     133A      0.545358   134A      0.554956   135A      0.556281  
     136A      0.563799   137A      0.571643   138A      0.580583  
     139A      0.592205   140A      0.607826   141A      0.616938  
     142A      0.632043   143A      0.638666   144A      0.639809  
     145A      0.660673   146A      0.666268   147A      0.669808  
     148A      0.684083   149A      0.687198   150A      0.696018  
     151A      0.705532   152A      0.710213   153A      0.719072  
     154A      0.733610   155A      0.740524   156A      0.744101  
     157A      0.751936   158A      0.763718   159A      0.772250  
     160A      0.773930   161A      0.782563   162A      0.794406  
     163A      0.806204   164A      0.810386   165A      0.821126  
     166A      0.842997   167A      0.847071   168A      0.855090  
     169A      0.860183   170A      0.869573   171A      0.896344  
     172A      0.908131   173A      0.931421   174A      0.950688  
     175A      0.981013   176A      0.993090   177A      1.053251  
     178A      1.056315   179A      1.115126   180A      1.142093  
     181A      1.143702   182A      1.167132   183A      1.173765  
     184A      1.196124   185A      1.209482   186A      1.217695  
     187A      1.243695   188A      1.250111   189A      1.257454  
     190A      1.266223   191A      1.267637   192A      1.285951  
     193A      1.295721   194A      1.296631   195A      1.307172  
     196A      1.327527   197A      1.332328   198A      1.337293  
     199A      1.356319   200A      1.371895   201A      1.378958  
     202A      1.411023   203A      1.428339   204A      1.440647  
     205A      1.450003   206A      1.474348   207A      1.476529  
     208A      1.486593   209A      1.515266   210A      1.527247  
     211A      1.554236   212A      1.561587   213A      1.594353  
     214A      1.607642   215A      1.620486   216A      1.643020  
     217A      1.650826   218A      1.654784   219A      1.666181  
     220A      1.694696   221A      1.699851   222A      1.718226  
     223A      1.719955   224A      1.723645   225A      1.729716  
     226A      1.735334   227A      1.748637   228A      1.749902  
     229A      1.761946   230A      1.771183   231A      1.793302  
     232A      1.804698   233A      1.808881   234A      1.818968  
     235A      1.829470   236A      1.830665   237A      1.835326  
     238A      1.864094   239A      1.871545   240A      1.888843  
     241A      1.895432   242A      1.906878   243A      1.915089  
     244A      1.937919   245A      1.966039   246A      1.987520  
     247A      1.993651   248A      1.999036   249A      2.048724  
     250A      2.069653   251A      2.075991   252A      2.077608  
     253A      2.078180   254A      2.113186   255A      2.127626  
     256A      2.148562   257A      2.173224   258A      2.183386  
     259A      2.186350   260A      2.230132   261A      2.250750  
     262A      2.258937   263A      2.262490   264A      2.314209  
     265A      2.349382   266A      2.372445   267A      2.376385  
     268A      2.381896   269A      2.414143   270A      2.423803  
     271A      2.443909   272A      2.451301   273A      2.471548  
     274A      2.491203   275A      2.536106   276A      2.549595  
     277A      2.573127   278A      2.576018   279A      2.618774  
     280A      2.621890   281A      2.634087   282A      2.658921  
     283A      2.661564   284A      2.673457   285A      2.731038  
     286A      2.735856   287A      2.774041   288A      2.834001  
     289A      2.858293   290A      2.869570   291A      2.874378  
     292A      2.979786   293A      2.983540   294A      3.077261  
     295A      3.077434   296A      3.115089   297A      3.233221  
     298A      3.245499   299A      3.253871   300A      3.276273  
     301A      3.521571   302A      3.548237   303A      3.554332  
     304A      3.784798   305A      3.791338   306A      3.904268  

    Final Occupation by Irrep:
              A 
    DOCC [    48 ]

  @DF-RHF Final Energy:  -608.40601956843375

   => Energetics <=

    Nuclear Repulsion Energy =            656.8505632180266502
    One-Electron Energy =               -2107.5009477234943915
    Two-Electron Energy =                 842.2443649370338790
    Total Energy =                       -608.4060195684337486

Computation Completed


Properties will be evaluated at   0.000000,   0.000000,   0.000000 [a0]

Properties computed using the SCF density matrix

  Nuclear Dipole Moment: [e a0]
     X:    12.6510      Y:   -12.1359      Z:     3.5379

  Electronic Dipole Moment: [e a0]
     X:    -8.6297      Y:     5.0177      Z:    -5.3494

  Dipole Moment: [e a0]
     X:     4.0213      Y:    -7.1182      Z:    -1.8115     Total:     8.3738

  Dipole Moment: [D]
     X:    10.2211      Y:   -18.0925      Z:    -4.6043     Total:    21.2840


*** tstop() called on aliaconda at Sun Mar 20 04:48:19 2022
Module time:
	user time   =     323.17 seconds =       5.39 minutes
	system time =      38.67 seconds =       0.64 minutes
	total time  =         15 seconds =       0.25 minutes
Total time:
	user time   =   21131.31 seconds =     352.19 minutes
	system time =    2883.59 seconds =      48.06 minutes
	total time  =       1482 seconds =      24.70 minutes

  //>>>>>>>>>>>>>>>>>>>>>>>>>>>>>>>>>>>//
  //            Monomer A HF           //
  //<<<<<<<<<<<<<<<<<<<<<<<<<<<<<<<<<<<//


*** tstart() called on aliaconda
*** at Sun Mar 20 04:48:19 2022

   => Loading Basis Set <=

    Name: JUN-CC-PVDZ
    Role: ORBITAL
    Keyword: BASIS
    atoms 1, 14                                          entry N          line   198 file /home/alia/anaconda3/envs/mddemo/share/psi4/basis/jun-cc-pvdz.gbs 
    atoms 2-4, 6, 8-10, 13, 15-17, 19, 21, 23, 25-27, 30 entry H          line    36 file /home/alia/anaconda3/envs/mddemo/share/psi4/basis/jun-cc-pvdz.gbs 
    atoms 5, 7, 11, 18, 20, 24, 28                       entry C          line   164 file /home/alia/anaconda3/envs/mddemo/share/psi4/basis/jun-cc-pvdz.gbs 
    atoms 12, 22, 29                                     entry O          line   232 file /home/alia/anaconda3/envs/mddemo/share/psi4/basis/jun-cc-pvdz.gbs 


         ---------------------------------------------------------
                                   SCF
               by Justin Turney, Rob Parrish, Andy Simmonett
                          and Daniel G. A. Smith
                              RHF Reference
                       32 Threads,  76293 MiB Core
         ---------------------------------------------------------

  ==> Geometry <==

    Molecular point group: c1
    Full point group: C1

    Geometry (in Angstrom), charge = 1, multiplicity = 1:

       Center              X                  Y                   Z               Mass       
    ------------   -----------------  -----------------  -----------------  -----------------
         N            0.351761398763    -6.232297102602    -1.591674108470    14.003074004430
         H           -0.368238391429    -6.442296902331    -2.531674165691     1.007825032230
         H           -0.320238532572    -6.610297123583    -0.668674249614     1.007825032230
         H            1.120761452169    -6.894297043474    -1.674674291576     1.007825032230
         C            0.584761677236    -4.773297230394    -1.546674032176    12.000000000000
         H            0.111761627645    -4.415296951922    -0.691674489940     1.007825032230
         C            2.143761692495    -4.646296898516    -1.311674375499    12.000000000000
         H            2.694761572332    -5.150297085436    -2.137674112285     1.007825032230
         H            2.409761486501    -5.230297009142    -0.416674394572     1.007825032230
         H            2.494761524648    -3.622297207506    -1.139674444163     1.007825032230
         C            0.085761604757    -4.001296917589    -2.735674161876    12.000000000000
         O           -0.890238227397    -3.347297112139    -2.690674085582    15.994914619570
         H            0.651541767568    -4.049663464220    -3.677774686778     1.007825032230
      Gh(N)           0.890761433095     2.637702544538     0.325325708424    14.003074004430
      Gh(H)           1.297761497945     1.505702575056     0.283325891530     1.007825032230
      Gh(H)           0.658761558980     2.802703460066    -0.844674367870     1.007825032230
      Gh(H)           1.604761658162     3.251702864973     0.588326196706     1.007825032230
      Gh(C)          -0.385238589793     2.829702933638     1.064326028859    12.000000000000
      Gh(H)          -0.806238593608     1.810702880232     1.225325326955     1.007825032230
      Gh(C)          -0.202238502055     3.422703345625     2.418326120412    12.000000000000
      Gh(H)          -1.269238414317     3.489702781050     2.835325937306     1.007825032230
      Gh(O)           0.325761375875     4.696702559797     2.361325960194    15.994914619570
      Gh(H)           1.232761679143     4.730702956526     1.990325670277     1.007825032230
      Gh(C)           0.756761608571     2.634703238813     3.285325746571    12.000000000000
      Gh(H)           1.888761578054     2.809703429548     3.070325593984     1.007825032230
      Gh(H)           0.624761639089     1.544703086225     3.370325784718     1.007825032230
      Gh(H)           0.575761375875     2.899702628462     4.350325326955     1.007825032230
      Gh(C)          -1.410238208323     3.633702834455     0.280325632130    12.000000000000
      Gh(O)          -2.555238189250     3.290703376142     0.109325628316    15.994914619570
      Gh(H)          -1.088018359690     4.589160521833    -0.159305829967     1.007825032230

  Running in c1 symmetry.

  Rotational constants: A =      0.03898  B =      0.00484  C =      0.00451 [cm^-1]
  Rotational constants: A =   1168.47067  B =    145.05518  C =    135.30578 [MHz]
  Nuclear repulsion =  184.585179064365434

  Charge       = 1
  Multiplicity = 1
  Electrons    = 40
  Nalpha       = 20
  Nbeta        = 20

  ==> Algorithm <==

  SCF Algorithm Type is DF.
  DIIS enabled.
  MOM disabled.
  Fractional occupation disabled.
  Guess Type is SAD.
  Energy threshold   = 1.00e-08
  Density threshold  = 1.00e-08
  Integral threshold = 1.00e-12

  ==> Primary Basis <==

  Basis Set: JUN-CC-PVDZ
    Blend: JUN-CC-PVDZ
    Number of shells: 150
    Number of basis functions: 306
    Number of Cartesian functions: 318
    Spherical Harmonics?: true
    Max angular momentum: 2

   => Loading Basis Set <=

    Name: (JUN-CC-PVDZ AUX)
    Role: JKFIT
    Keyword: DF_BASIS_SCF
    atoms 1, 14                                          entry N          line   202 file /home/alia/anaconda3/envs/mddemo/share/psi4/basis/jun-cc-pvdz-jkfit.gbs 
    atoms 2-4, 6, 8-10, 13, 15-17, 19, 21, 23, 25-27, 30 entry H          line    70 file /home/alia/anaconda3/envs/mddemo/share/psi4/basis/jun-cc-pvdz-jkfit.gbs 
    atoms 5, 7, 11, 18, 20, 24, 28                       entry C          line   146 file /home/alia/anaconda3/envs/mddemo/share/psi4/basis/jun-cc-pvdz-jkfit.gbs 
    atoms 12, 22, 29                                     entry O          line   258 file /home/alia/anaconda3/envs/mddemo/share/psi4/basis/jun-cc-pvdz-jkfit.gbs 

  ==> Integral Setup <==

  ==> DiskDFJK: Density-Fitted J/K Matrices <==

    J tasked:                  Yes
    K tasked:                  Yes
    wK tasked:                  No
    OpenMP threads:             32
    Integrals threads:          32
    Memory [MiB]:            57220
    Algorithm:                Core
    Integral Cache:           LOAD
    Schwarz Cutoff:          1E-12
    Fitting Condition:       1E-10

   => Auxiliary Basis Set <=

  Basis Set: (JUN-CC-PVDZ AUX)
    Blend: JUN-CC-PVDZ-JKFIT
    Number of shells: 486
    Number of basis functions: 1362
    Number of Cartesian functions: 1542
    Spherical Harmonics?: true
    Max angular momentum: 3

  Minimum eigenvalue in the overlap matrix is 4.9424441651E-05.
  Reciprocal condition number of the overlap matrix is 4.2930057732E-06.
    Using symmetric orthogonalization.

  ==> Pre-Iterations <==

  SCF Guess: Superposition of Atomic Densities via on-the-fly atomic UHF (no occupation information).

   -------------------------
    Irrep   Nso     Nmo    
   -------------------------
     A        306     306 
   -------------------------
    Total     306     306
   -------------------------

  ==> Iterations <==

                           Total Energy        Delta E     RMS |[F,P]|

   @DF-RHF iter SAD:  -246.79828803416785   -2.46798e+02   0.00000e+00 
   @DF-RHF iter   1:  -247.11894752847698   -3.20659e-01   1.72984e-03 DIIS
   @DF-RHF iter   2:  -247.25000218228851   -1.31055e-01   1.03266e-03 DIIS
   @DF-RHF iter   3:  -247.28724099951998   -3.72388e-02   2.35272e-04 DIIS
   @DF-RHF iter   4:  -247.29065046953633   -3.40947e-03   8.44040e-05 DIIS
   @DF-RHF iter   5:  -247.29109721172063   -4.46742e-04   2.03743e-05 DIIS
   @DF-RHF iter   6:  -247.29115309720359   -5.58855e-05   8.38451e-06 DIIS
   @DF-RHF iter   7:  -247.29116100468758   -7.90748e-06   3.65688e-06 DIIS
   @DF-RHF iter   8:  -247.29116256662144   -1.56193e-06   1.23656e-06 DIIS
   @DF-RHF iter   9:  -247.29116279323520   -2.26614e-07   4.26728e-07 DIIS
   @DF-RHF iter  10:  -247.29116282876595   -3.55307e-08   2.19471e-07 DIIS
   @DF-RHF iter  11:  -247.29116284424373   -1.54778e-08   1.00495e-07 DIIS
   @DF-RHF iter  12:  -247.29116284792468   -3.68095e-09   3.35156e-08 DIIS
   @DF-RHF iter  13:  -247.29116284826114   -3.36456e-10   6.92617e-09 DIIS
  Energy and wave function converged.


  ==> Post-Iterations <==

    Orbital Energies [Eh]
    ---------------------

    Doubly Occupied:                                                      

       1A    -20.753739     2A    -15.938879     3A    -11.515717  
       4A    -11.498199     5A    -11.430243     6A     -1.604949  
       7A     -1.500372     8A     -1.236909     9A     -1.104312  
      10A     -1.014198    11A     -0.937536    12A     -0.919591  
      13A     -0.901397    14A     -0.832907    15A     -0.806480  
      16A     -0.741938    17A     -0.733710    18A     -0.708769  
      19A     -0.695889    20A     -0.606558  

    Virtual:                                                              

      21A     -0.128528    22A     -0.076415    23A     -0.066682  
      24A     -0.050699    25A     -0.047635    26A     -0.035376  
      27A     -0.029174    28A     -0.019479    29A     -0.011274  
      30A     -0.010014    31A     -0.008463    32A      0.000124  
      33A      0.006853    34A      0.013907    35A      0.021522  
      36A      0.028891    37A      0.031362    38A      0.034558  
      39A      0.041141    40A      0.044521    41A      0.051265  
      42A      0.054804    43A      0.059339    44A      0.063212  
      45A      0.078151    46A      0.082418    47A      0.092392  
      48A      0.092683    49A      0.099036    50A      0.101925  
      51A      0.104015    52A      0.118380    53A      0.123768  
      54A      0.130605    55A      0.142534    56A      0.147267  
      57A      0.153598    58A      0.158688    59A      0.158912  
      60A      0.162053    61A      0.169840    62A      0.175202  
      63A      0.179634    64A      0.183546    65A      0.191743  
      66A      0.193539    67A      0.210218    68A      0.213027  
      69A      0.221165    70A      0.231094    71A      0.237145  
      72A      0.248070    73A      0.248674    74A      0.251795  
      75A      0.255392    76A      0.275081    77A      0.282941  
      78A      0.297320    79A      0.302004    80A      0.317674  
      81A      0.320519    82A      0.331506    83A      0.345997  
      84A      0.350324    85A      0.360629    86A      0.381410  
      87A      0.392044    88A      0.402286    89A      0.412155  
      90A      0.418893    91A      0.446339    92A      0.455179  
      93A      0.475512    94A      0.489378    95A      0.510909  
      96A      0.520138    97A      0.545286    98A      0.558232  
      99A      0.561984   100A      0.568664   101A      0.579197  
     102A      0.585733   103A      0.586406   104A      0.596707  
     105A      0.612251   106A      0.621787   107A      0.627629  
     108A      0.647122   109A      0.661281   110A      0.668730  
     111A      0.675613   112A      0.684994   113A      0.701352  
     114A      0.722596   115A      0.727787   116A      0.734614  
     117A      0.742419   118A      0.753454   119A      0.761608  
     120A      0.773478   121A      0.803627   122A      0.808935  
     123A      0.813565   124A      0.817177   125A      0.845034  
     126A      0.857227   127A      0.866432   128A      0.869482  
     129A      0.894494   130A      0.908379   131A      0.921847  
     132A      0.926470   133A      0.928797   134A      0.930667  
     135A      0.958599   136A      0.993684   137A      1.009787  
     138A      1.020364   139A      1.045204   140A      1.061185  
     141A      1.124642   142A      1.143724   143A      1.212497  
     144A      1.224365   145A      1.234012   146A      1.263399  
     147A      1.327307   148A      1.334612   149A      1.358077  
     150A      1.372665   151A      1.394784   152A      1.445605  
     153A      1.478316   154A      1.508743   155A      1.515736  
     156A      1.524723   157A      1.541240   158A      1.570118  
     159A      1.582279   160A      1.613954   161A      1.631272  
     162A      1.646052   163A      1.659888   164A      1.686615  
     165A      1.690124   166A      1.696532   167A      1.715833  
     168A      1.731147   169A      1.734552   170A      1.736920  
     171A      1.756908   172A      1.761670   173A      1.786002  
     174A      1.787021   175A      1.797796   176A      1.803337  
     177A      1.816352   178A      1.826514   179A      1.842982  
     180A      1.851777   181A      1.861031   182A      1.872565  
     183A      1.878333   184A      1.895863   185A      1.905131  
     186A      1.915214   187A      1.931486   188A      1.935174  
     189A      1.955422   190A      1.971146   191A      1.978637  
     192A      1.981824   193A      1.987361   194A      1.994556  
     195A      2.024938   196A      2.046391   197A      2.061680  
     198A      2.061757   199A      2.065681   200A      2.071016  
     201A      2.101546   202A      2.133534   203A      2.137122  
     204A      2.138954   205A      2.143327   206A      2.162128  
     207A      2.167891   208A      2.181180   209A      2.195864  
     210A      2.219212   211A      2.235208   212A      2.249905  
     213A      2.251294   214A      2.279699   215A      2.321509  
     216A      2.326250   217A      2.343748   218A      2.361922  
     219A      2.382971   220A      2.403399   221A      2.412131  
     222A      2.421529   223A      2.434243   224A      2.446955  
     225A      2.451190   226A      2.483469   227A      2.500469  
     228A      2.508260   229A      2.519219   230A      2.532883  
     231A      2.575486   232A      2.612152   233A      2.617489  
     234A      2.640483   235A      2.644746   236A      2.687646  
     237A      2.691675   238A      2.698192   239A      2.702595  
     240A      2.730522   241A      2.736375   242A      2.748364  
     243A      2.801291   244A      2.831862   245A      2.840030  
     246A      2.849866   247A      2.880672   248A      2.903882  
     249A      2.921222   250A      2.940312   251A      2.969004  
     252A      2.991601   253A      3.046242   254A      3.052556  
     255A      3.089478   256A      3.140324   257A      3.153557  
     258A      3.221532   259A      3.278428   260A      3.324621  
     261A      3.360861   262A      3.449017   263A      3.503933  
     264A      3.526552   265A      3.553681   266A      3.625027  
     267A      3.644746   268A      3.664931   269A      3.702295  
     270A      3.862541   271A      3.929424   272A      3.964182  
     273A      4.014395   274A      4.181384   275A      4.191562  
     276A      4.311588   277A      4.419793   278A      4.475641  
     279A      4.611163   280A      4.637344   281A      4.643861  
     282A      4.684169   283A      4.722202   284A      4.814150  
     285A      4.826091   286A      4.848871   287A      4.881335  
     288A      5.007788   289A      5.045377   290A      5.112248  
     291A      5.383595   292A      5.504569   293A      5.577442  
     294A      5.677083   295A      5.783491   296A      6.009753  
     297A      6.057897   298A      6.724380   299A      6.809445  
     300A     18.139708   301A     18.324998   302A     18.464345  
     303A     18.644680   304A     25.325440   305A     33.446997  
     306A     33.477979  

    Final Occupation by Irrep:
              A 
    DOCC [    20 ]

  @DF-RHF Final Energy:  -247.29116284826114

   => Energetics <=

    Nuclear Repulsion Energy =            184.5851790643654340
    One-Electron Energy =                -692.7880991474984285
    Two-Electron Energy =                 260.9117572348718568
    Total Energy =                       -247.2911628482611377

Computation Completed


Properties will be evaluated at   0.000000,   0.000000,   0.000000 [a0]

Properties computed using the SCF density matrix

  Nuclear Dipole Moment: [e a0]
     X:    39.7239      Y:  -365.3682      Z:  -149.6091

  Electronic Dipole Moment: [e a0]
     X:   -38.1589      Y:   353.5718      Z:   146.6452

  Dipole Moment: [e a0]
     X:     1.5650      Y:   -11.7964      Z:    -2.9639     Total:    12.2633

  Dipole Moment: [D]
     X:     3.9778      Y:   -29.9835      Z:    -7.5335     Total:    31.1703


*** tstop() called on aliaconda at Sun Mar 20 04:48:28 2022
Module time:
	user time   =     174.16 seconds =       2.90 minutes
	system time =      15.83 seconds =       0.26 minutes
	total time  =          9 seconds =       0.15 minutes
Total time:
	user time   =   21305.63 seconds =     355.09 minutes
	system time =    2899.44 seconds =      48.32 minutes
	total time  =       1491 seconds =      24.85 minutes

  //>>>>>>>>>>>>>>>>>>>>>>>>>>>>>>>>>>>//
  //            Monomer B HF           //
  //<<<<<<<<<<<<<<<<<<<<<<<<<<<<<<<<<<<//


*** tstart() called on aliaconda
*** at Sun Mar 20 04:48:28 2022

   => Loading Basis Set <=

    Name: JUN-CC-PVDZ
    Role: ORBITAL
    Keyword: BASIS
    atoms 1, 14                                          entry N          line   198 file /home/alia/anaconda3/envs/mddemo/share/psi4/basis/jun-cc-pvdz.gbs 
    atoms 2-4, 6, 8-10, 13, 15-17, 19, 21, 23, 25-27, 30 entry H          line    36 file /home/alia/anaconda3/envs/mddemo/share/psi4/basis/jun-cc-pvdz.gbs 
    atoms 5, 7, 11, 18, 20, 24, 28                       entry C          line   164 file /home/alia/anaconda3/envs/mddemo/share/psi4/basis/jun-cc-pvdz.gbs 
    atoms 12, 22, 29                                     entry O          line   232 file /home/alia/anaconda3/envs/mddemo/share/psi4/basis/jun-cc-pvdz.gbs 


         ---------------------------------------------------------
                                   SCF
               by Justin Turney, Rob Parrish, Andy Simmonett
                          and Daniel G. A. Smith
                              RHF Reference
                       32 Threads,  76293 MiB Core
         ---------------------------------------------------------

  ==> Geometry <==

    Molecular point group: c1
    Full point group: C1

    Geometry (in Angstrom), charge = 1, multiplicity = 1:

       Center              X                  Y                   Z               Mass       
    ------------   -----------------  -----------------  -----------------  -----------------
      Gh(N)           0.351761398763    -6.232297102602    -1.591674108470    14.003074004430
      Gh(H)          -0.368238391429    -6.442296902331    -2.531674165691     1.007825032230
      Gh(H)          -0.320238532572    -6.610297123583    -0.668674249614     1.007825032230
      Gh(H)           1.120761452169    -6.894297043474    -1.674674291576     1.007825032230
      Gh(C)           0.584761677236    -4.773297230394    -1.546674032176    12.000000000000
      Gh(H)           0.111761627645    -4.415296951922    -0.691674489940     1.007825032230
      Gh(C)           2.143761692495    -4.646296898516    -1.311674375499    12.000000000000
      Gh(H)           2.694761572332    -5.150297085436    -2.137674112285     1.007825032230
      Gh(H)           2.409761486501    -5.230297009142    -0.416674394572     1.007825032230
      Gh(H)           2.494761524648    -3.622297207506    -1.139674444163     1.007825032230
      Gh(C)           0.085761604757    -4.001296917589    -2.735674161876    12.000000000000
      Gh(O)          -0.890238227397    -3.347297112139    -2.690674085582    15.994914619570
      Gh(H)           0.651541767568    -4.049663464220    -3.677774686778     1.007825032230
         N            0.890761433095     2.637702544538     0.325325708424    14.003074004430
         H            1.297761497945     1.505702575056     0.283325891530     1.007825032230
         H            0.658761558980     2.802703460066    -0.844674367870     1.007825032230
         H            1.604761658162     3.251702864973     0.588326196706     1.007825032230
         C           -0.385238589793     2.829702933638     1.064326028859    12.000000000000
         H           -0.806238593608     1.810702880232     1.225325326955     1.007825032230
         C           -0.202238502055     3.422703345625     2.418326120412    12.000000000000
         H           -1.269238414317     3.489702781050     2.835325937306     1.007825032230
         O            0.325761375875     4.696702559797     2.361325960194    15.994914619570
         H            1.232761679143     4.730702956526     1.990325670277     1.007825032230
         C            0.756761608571     2.634703238813     3.285325746571    12.000000000000
         H            1.888761578054     2.809703429548     3.070325593984     1.007825032230
         H            0.624761639089     1.544703086225     3.370325784718     1.007825032230
         H            0.575761375875     2.899702628462     4.350325326955     1.007825032230
         C           -1.410238208323     3.633702834455     0.280325632130    12.000000000000
         O           -2.555238189250     3.290703376142     0.109325628316    15.994914619570
         H           -1.088018359690     4.589160521833    -0.159305829967     1.007825032230

  Running in c1 symmetry.

  Rotational constants: A =      0.03898  B =      0.00484  C =      0.00451 [cm^-1]
  Rotational constants: A =   1168.47067  B =    145.05518  C =    135.30578 [MHz]
  Nuclear repulsion =  332.056733651901936

  Charge       = 1
  Multiplicity = 1
  Electrons    = 56
  Nalpha       = 28
  Nbeta        = 28

  ==> Algorithm <==

  SCF Algorithm Type is DF.
  DIIS enabled.
  MOM disabled.
  Fractional occupation disabled.
  Guess Type is SAD.
  Energy threshold   = 1.00e-08
  Density threshold  = 1.00e-08
  Integral threshold = 1.00e-12

  ==> Primary Basis <==

  Basis Set: JUN-CC-PVDZ
    Blend: JUN-CC-PVDZ
    Number of shells: 150
    Number of basis functions: 306
    Number of Cartesian functions: 318
    Spherical Harmonics?: true
    Max angular momentum: 2

   => Loading Basis Set <=

    Name: (JUN-CC-PVDZ AUX)
    Role: JKFIT
    Keyword: DF_BASIS_SCF
    atoms 1, 14                                          entry N          line   202 file /home/alia/anaconda3/envs/mddemo/share/psi4/basis/jun-cc-pvdz-jkfit.gbs 
    atoms 2-4, 6, 8-10, 13, 15-17, 19, 21, 23, 25-27, 30 entry H          line    70 file /home/alia/anaconda3/envs/mddemo/share/psi4/basis/jun-cc-pvdz-jkfit.gbs 
    atoms 5, 7, 11, 18, 20, 24, 28                       entry C          line   146 file /home/alia/anaconda3/envs/mddemo/share/psi4/basis/jun-cc-pvdz-jkfit.gbs 
    atoms 12, 22, 29                                     entry O          line   258 file /home/alia/anaconda3/envs/mddemo/share/psi4/basis/jun-cc-pvdz-jkfit.gbs 

  ==> Integral Setup <==

  ==> DiskDFJK: Density-Fitted J/K Matrices <==

    J tasked:                  Yes
    K tasked:                  Yes
    wK tasked:                  No
    OpenMP threads:             32
    Integrals threads:          32
    Memory [MiB]:            57220
    Algorithm:                Core
    Integral Cache:           LOAD
    Schwarz Cutoff:          1E-12
    Fitting Condition:       1E-10

   => Auxiliary Basis Set <=

  Basis Set: (JUN-CC-PVDZ AUX)
    Blend: JUN-CC-PVDZ-JKFIT
    Number of shells: 486
    Number of basis functions: 1362
    Number of Cartesian functions: 1542
    Spherical Harmonics?: true
    Max angular momentum: 3

  Minimum eigenvalue in the overlap matrix is 4.9424441651E-05.
  Reciprocal condition number of the overlap matrix is 4.2930057732E-06.
    Using symmetric orthogonalization.

  ==> Pre-Iterations <==

  SCF Guess: Superposition of Atomic Densities via on-the-fly atomic UHF (no occupation information).

   -------------------------
    Irrep   Nso     Nmo    
   -------------------------
     A        306     306 
   -------------------------
    Total     306     306
   -------------------------

  ==> Iterations <==

                           Total Energy        Delta E     RMS |[F,P]|

   @DF-RHF iter SAD:  -360.70040709182496   -3.60700e+02   0.00000e+00 
   @DF-RHF iter   1:  -360.91324469451916   -2.12838e-01   2.18025e-03 DIIS
   @DF-RHF iter   2:  -361.10669703866438   -1.93452e-01   1.32566e-03 DIIS
   @DF-RHF iter   3:  -361.16828394925545   -6.15869e-02   2.85326e-04 DIIS
   @DF-RHF iter   4:  -361.17289476919780   -4.61082e-03   1.12834e-04 DIIS
   @DF-RHF iter   5:  -361.17358015940260   -6.85390e-04   2.58087e-05 DIIS
   @DF-RHF iter   6:  -361.17364565846003   -6.54991e-05   1.21426e-05 DIIS
   @DF-RHF iter   7:  -361.17366070058290   -1.50421e-05   5.04235e-06 DIIS
   @DF-RHF iter   8:  -361.17366382752448   -3.12694e-06   2.04999e-06 DIIS
   @DF-RHF iter   9:  -361.17366436611360   -5.38589e-07   5.88831e-07 DIIS
   @DF-RHF iter  10:  -361.17366442398446   -5.78709e-08   2.30735e-07 DIIS
   @DF-RHF iter  11:  -361.17366443616413   -1.21797e-08   1.13854e-07 DIIS
   @DF-RHF iter  12:  -361.17366443983514   -3.67100e-09   6.10028e-08 DIIS
   @DF-RHF iter  13:  -361.17366444107870   -1.24356e-09   2.67440e-08 DIIS
   @DF-RHF iter  14:  -361.17366444127350   -1.94802e-10   7.66559e-09 DIIS
  Energy and wave function converged.


  ==> Post-Iterations <==

    Orbital Energies [Eh]
    ---------------------

    Doubly Occupied:                                                      

       1A    -20.748930     2A    -20.744340     3A    -15.943266  
       4A    -11.518119     5A    -11.498151     6A    -11.483066  
       7A    -11.400514     8A     -1.578910     9A     -1.565909  
      10A     -1.506283    11A     -1.252674    12A     -1.154236  
      13A     -1.028887    14A     -1.011457    15A     -0.978579  
      16A     -0.913778    17A     -0.898103    18A     -0.854516  
      19A     -0.823348    20A     -0.812662    21A     -0.786144  
      22A     -0.758057    23A     -0.702024    24A     -0.693629  
      25A     -0.680924    26A     -0.652457    27A     -0.635174  
      28A     -0.594131  

    Virtual:                                                              

      29A     -0.134615    30A     -0.086324    31A     -0.074259  
      32A     -0.052540    33A     -0.042525    34A     -0.038106  
      35A     -0.027679    36A     -0.027476    37A     -0.023711  
      38A     -0.015624    39A     -0.009519    40A     -0.005850  
      41A     -0.000105    42A      0.002155    43A      0.007892  
      44A      0.019414    45A      0.027038    46A      0.030282  
      47A      0.035056    48A      0.040901    49A      0.043363  
      50A      0.047878    51A      0.048365    52A      0.054357  
      53A      0.058220    54A      0.065456    55A      0.070455  
      56A      0.081247    57A      0.091655    58A      0.098288  
      59A      0.099262    60A      0.105731    61A      0.108965  
      62A      0.114721    63A      0.122251    64A      0.134811  
      65A      0.138786    66A      0.145370    67A      0.147410  
      68A      0.151198    69A      0.155041    70A      0.161684  
      71A      0.164250    72A      0.170728    73A      0.180751  
      74A      0.189875    75A      0.194346    76A      0.198917  
      77A      0.202977    78A      0.211911    79A      0.217956  
      80A      0.220467    81A      0.223816    82A      0.231505  
      83A      0.238970    84A      0.261651    85A      0.271080  
      86A      0.276451    87A      0.283200    88A      0.288503  
      89A      0.293152    90A      0.313129    91A      0.316395  
      92A      0.324147    93A      0.332947    94A      0.356661  
      95A      0.360177    96A      0.361631    97A      0.367570  
      98A      0.373538    99A      0.375374   100A      0.388092  
     101A      0.419203   102A      0.450956   103A      0.471988  
     104A      0.482823   105A      0.504596   106A      0.521369  
     107A      0.532634   108A      0.542343   109A      0.548940  
     110A      0.572917   111A      0.586032   112A      0.597198  
     113A      0.610228   114A      0.615240   115A      0.628630  
     116A      0.644725   117A      0.649374   118A      0.662642  
     119A      0.669112   120A      0.686947   121A      0.692488  
     122A      0.705511   123A      0.720537   124A      0.739774  
     125A      0.748450   126A      0.759957   127A      0.762375  
     128A      0.769960   129A      0.786198   130A      0.793028  
     131A      0.796410   132A      0.815489   133A      0.824506  
     134A      0.824847   135A      0.832605   136A      0.864419  
     137A      0.874143   138A      0.887755   139A      0.896935  
     140A      0.902516   141A      0.920054   142A      0.931411  
     143A      0.948942   144A      0.960886   145A      0.983932  
     146A      0.999814   147A      1.032315   148A      1.106656  
     149A      1.146996   150A      1.167292   151A      1.193329  
     152A      1.226078   153A      1.262318   154A      1.268745  
     155A      1.294212   156A      1.301077   157A      1.318947  
     158A      1.346363   159A      1.347779   160A      1.381477  
     161A      1.388059   162A      1.407964   163A      1.423973  
     164A      1.479300   165A      1.481755   166A      1.493371  
     167A      1.500938   168A      1.528651   169A      1.536153  
     170A      1.552386   171A      1.579234   172A      1.582187  
     173A      1.594754   174A      1.606004   175A      1.614759  
     176A      1.653255   177A      1.662212   178A      1.666594  
     179A      1.690870   180A      1.695689   181A      1.706865  
     182A      1.718214   183A      1.748167   184A      1.752429  
     185A      1.754808   186A      1.770134   187A      1.775344  
     188A      1.800591   189A      1.802785   190A      1.809971  
     191A      1.815106   192A      1.824769   193A      1.860261  
     194A      1.864076   195A      1.871916   196A      1.880387  
     197A      1.887818   198A      1.895849   199A      1.913158  
     200A      1.922743   201A      1.941417   202A      1.948773  
     203A      1.952545   204A      1.960058   205A      1.962398  
     206A      1.989368   207A      1.990654   208A      1.995679  
     209A      2.018842   210A      2.027887   211A      2.038783  
     212A      2.040845   213A      2.101204   214A      2.112300  
     215A      2.128896   216A      2.130694   217A      2.136030  
     218A      2.157802   219A      2.165231   220A      2.184615  
     221A      2.200303   222A      2.211498   223A      2.226070  
     224A      2.239551   225A      2.240775   226A      2.281209  
     227A      2.288260   228A      2.302160   229A      2.314122  
     230A      2.314287   231A      2.335691   232A      2.371524  
     233A      2.387199   234A      2.391159   235A      2.422773  
     236A      2.430909   237A      2.468731   238A      2.471019  
     239A      2.476205   240A      2.517628   241A      2.523217  
     242A      2.539130   243A      2.544915   244A      2.577011  
     245A      2.588112   246A      2.610362   247A      2.626802  
     248A      2.672857   249A      2.679899   250A      2.710223  
     251A      2.710933   252A      2.725181   253A      2.731198  
     254A      2.757211   255A      2.784138   256A      2.788712  
     257A      2.822377   258A      2.849625   259A      2.908156  
     260A      2.909919   261A      2.924313   262A      3.004054  
     263A      3.032072   264A      3.050435   265A      3.100272  
     266A      3.129202   267A      3.146087   268A      3.163759  
     269A      3.167205   270A      3.282799   271A      3.295037  
     272A      3.325831   273A      3.340169   274A      3.454794  
     275A      3.483256   276A      3.557900   277A      3.572234  
     278A      3.597168   279A      3.648140   280A      3.790886  
     281A      3.835473   282A      3.926766   283A      3.934961  
     284A      3.952409   285A      4.157352   286A      4.184599  
     287A      4.314897   288A      4.397066   289A      4.678132  
     290A      4.733135   291A      4.822659   292A      4.854422  
     293A      4.880068   294A      4.929568   295A      5.044068  
     296A      5.272984   297A      5.469298   298A      5.545568  
     299A      5.757283   300A      5.795085   301A      6.959264  
     302A     18.160362   303A     18.353078   304A     18.541105  
     305A     25.324014   306A     33.422666  

    Final Occupation by Irrep:
              A 
    DOCC [    28 ]

  @DF-RHF Final Energy:  -361.17366444127350

   => Energetics <=

    Nuclear Repulsion Energy =            332.0567336519019364
    One-Electron Energy =               -1140.0242544703146450
    Two-Electron Energy =                 446.7938563771392069
    Total Energy =                       -361.1736644412735018

Computation Completed


Properties will be evaluated at   0.000000,   0.000000,   0.000000 [a0]

Properties computed using the SCF density matrix

  Nuclear Dipole Moment: [e a0]
     X:   -27.0729      Y:   353.2324      Z:   153.1471

  Electronic Dipole Moment: [e a0]
     X:    29.5615      Y:  -348.5165      Z:  -151.9870

  Dipole Moment: [e a0]
     X:     2.4886      Y:     4.7159      Z:     1.1601     Total:     5.4570

  Dipole Moment: [D]
     X:     6.3255      Y:    11.9865      Z:     2.9487     Total:    13.8702


*** tstop() called on aliaconda at Sun Mar 20 04:48:38 2022
Module time:
	user time   =     199.21 seconds =       3.32 minutes
	system time =      18.89 seconds =       0.31 minutes
	total time  =         10 seconds =       0.17 minutes
Total time:
	user time   =   21504.94 seconds =     358.42 minutes
	system time =    2918.34 seconds =      48.64 minutes
	total time  =       1501 seconds =      25.02 minutes
  Constructing Basis Sets for SAPT...

   => Loading Basis Set <=

    Name: (JUN-CC-PVDZ AUX)
    Role: RIFIT
    Keyword: DF_BASIS_SAPT
    atoms 1, 14                                          entry N          line   144 file /home/alia/anaconda3/envs/mddemo/share/psi4/basis/jun-cc-pvdz-ri.gbs 
    atoms 2-4, 6, 8-10, 13, 15-17, 19, 21, 23, 25-27, 30 entry H          line    30 file /home/alia/anaconda3/envs/mddemo/share/psi4/basis/jun-cc-pvdz-ri.gbs 
    atoms 5, 7, 11, 18, 20, 24, 28                       entry C          line   100 file /home/alia/anaconda3/envs/mddemo/share/psi4/basis/jun-cc-pvdz-ri.gbs 
    atoms 12, 22, 29                                     entry O          line   188 file /home/alia/anaconda3/envs/mddemo/share/psi4/basis/jun-cc-pvdz-ri.gbs 


  //>>>>>>>>>>>>>>>>>>>>>>>>>>>>>>>>>>>//
  //               SAPT0               //
  //<<<<<<<<<<<<<<<<<<<<<<<<<<<<<<<<<<<//


*** tstart() called on aliaconda
*** at Sun Mar 20 04:48:38 2022

        SAPT0  
    Ed Hohenstein
     6 June 2009

      Orbital Information
  --------------------------
    NSO        =       306
    NMO        =       306
    NRI        =      1032
    NOCC A     =        20
    NOCC B     =        28
    FOCC A     =         0
    FOCC B     =         0
    NVIR A     =       286
    NVIR B     =       278

    Elst10,r            =     0.059469892575 [Eh]
    Exch10              =    -0.000000059022 [Eh]
    Exch10 (S^2)        =    -0.000000059022 [Eh]

    Iter     Energy [mEh]          dE [mEh]         Residual      Time [s]
       1      -0.40658642       0.406586415       4.716769607             1
       2      -0.41015292       0.003566503       1.783386722             1
       3      -0.43752965       0.027376736       0.719777426             2
       4      -0.44527728       0.007747630       0.168178522             2
       5      -0.44429530      -0.000981982       0.095245360             3
       6      -0.44360104      -0.000694263       0.029026973             4
       7      -0.44375355       0.000152507       0.012765669             4
       8      -0.44382196       0.000068418       0.005080520             5
       9      -0.44379854      -0.000023423       0.002862999             5
      10      -0.44379365      -0.000004890       0.000973170             6
      11      -0.44379768       0.000004029       0.000294750             6
      12      -0.44379801       0.000000332       0.000071319             7
      13      -0.44379770      -0.000000309       0.000016459             7
      14      -0.44379770      -0.000000000       0.000004018             8
      15      -0.44379771       0.000000013       0.000001232             9
      16      -0.44379771       0.000000001       0.000000463             9

    CHF Iterations converged


    Iter     Energy [mEh]          dE [mEh]         Residual      Time [s]
       1      -0.20701408       0.207014085       3.234119053             1
       2      -0.21142543       0.004411341       1.310433178             1
       3      -0.22634325       0.014917824       0.419564265             2
       4      -0.22914003       0.002796776       0.091677570             2
       5      -0.22864632      -0.000493706       0.037818560             3
       6      -0.22847650      -0.000169822       0.014817121             3
       7      -0.22849628       0.000019778       0.007769862             4
       8      -0.22853325       0.000036976       0.003133626             5
       9      -0.22852436      -0.000008891       0.001524523             5
      10      -0.22852062      -0.000003740       0.000586985             6
      11      -0.22852204       0.000001418       0.000253976             6
      12      -0.22852252       0.000000479       0.000087299             7
      13      -0.22852228      -0.000000235       0.000028329             7
      14      -0.22852224      -0.000000041       0.000007834             8
      15      -0.22852225       0.000000012       0.000002351             8
      16      -0.22852226       0.000000004       0.000000553             9

    CHF Iterations converged

    Ind20,r (A<-B)      =    -0.000443797715 [Eh]
    Ind20,r (B<-A)      =    -0.000228522258 [Eh]
    Ind20,r             =    -0.000672319973 [Eh]
    Exch-Ind20,r (A<-B) =     0.000000007288 [Eh]
    Exch-Ind20,r (B<-A) =     0.000000004789 [Eh]
    Exch-Ind20,r        =     0.000000012076 [Eh]
    Disp20              =    -0.000083098633 [Eh]
    Disp20 (SS)         =    -0.000041549316 [Eh]
    Disp20 (OS)         =    -0.000041549316 [Eh]
    Exch-Disp20         =     0.000000007411 [Eh]
    Exch-Disp20 (SS)    =     0.000000005494 [Eh]
    Exch-Disp20 (OS)    =     0.000000001917 [Eh]

    SAPT Results 
  --------------------------------------------------------------------------------------------------------
    Electrostatics                 59.46989258 [mEh]      37.31792100 [kcal/mol]     156.13818144 [kJ/mol]
      Elst10,r                     59.46989258 [mEh]      37.31792100 [kcal/mol]     156.13818144 [kJ/mol]

    Exchange                       -0.00005902 [mEh]      -0.00003704 [kcal/mol]      -0.00015496 [kJ/mol]
      Exch10                       -0.00005902 [mEh]      -0.00003704 [kcal/mol]      -0.00015496 [kJ/mol]
      Exch10(S^2)                  -0.00005902 [mEh]      -0.00003704 [kcal/mol]      -0.00015496 [kJ/mol]

    Induction                      -0.66211245 [mEh]      -0.41548184 [kcal/mol]      -1.73837600 [kJ/mol]
      Ind20,r                      -0.67231997 [mEh]      -0.42188715 [kcal/mol]      -1.76517584 [kJ/mol]
      Exch-Ind20,r                  0.00001208 [mEh]       0.00000758 [kcal/mol]       0.00003171 [kJ/mol]
      delta HF,r (2)                0.01019544 [mEh]       0.00639774 [kcal/mol]       0.02676813 [kJ/mol]

    Dispersion                     -0.08309122 [mEh]      -0.05214053 [kcal/mol]      -0.21815597 [kJ/mol]
      Disp20                       -0.08309863 [mEh]      -0.05214518 [kcal/mol]      -0.21817543 [kJ/mol]
      Exch-Disp20                   0.00000741 [mEh]       0.00000465 [kcal/mol]       0.00001946 [kJ/mol]
      Disp20 (SS)                  -0.04154932 [mEh]      -0.02607259 [kcal/mol]      -0.10908771 [kJ/mol]
      Disp20 (OS)                  -0.04154932 [mEh]      -0.02607259 [kcal/mol]      -0.10908771 [kJ/mol]
      Exch-Disp20 (SS)              0.00000549 [mEh]       0.00000345 [kcal/mol]       0.00001442 [kJ/mol]
      Exch-Disp20 (OS)              0.00000192 [mEh]       0.00000120 [kcal/mol]       0.00000503 [kJ/mol]

  Total HF                         58.80772110 [mEh]      36.90240212 [kcal/mol]     154.39965048 [kJ/mol]
  Total SAPT0                      58.72462988 [mEh]      36.85026159 [kcal/mol]     154.18149451 [kJ/mol]

  Special recipe for scaled SAPT0 (see Manual):
    Electrostatics sSAPT0          59.46989258 [mEh]      37.31792100 [kcal/mol]     156.13818144 [kJ/mol]
    Exchange sSAPT0                -0.00005902 [mEh]      -0.00003704 [kcal/mol]      -0.00015496 [kJ/mol]
    Induction sSAPT0               -0.66211245 [mEh]      -0.41548184 [kcal/mol]      -1.73837600 [kJ/mol]
    Dispersion sSAPT0              -0.08309122 [mEh]      -0.05214053 [kcal/mol]      -0.21815597 [kJ/mol]
  Total sSAPT0                     58.72462988 [mEh]      36.85026159 [kcal/mol]     154.18149451 [kJ/mol]
  --------------------------------------------------------------------------------------------------------

*** tstop() called on aliaconda at Sun Mar 20 04:49:25 2022
Module time:
	user time   =     661.02 seconds =      11.02 minutes
	system time =     112.97 seconds =       1.88 minutes
	total time  =         47 seconds =       0.78 minutes
Total time:
	user time   =   22168.50 seconds =     369.48 minutes
	system time =    3031.82 seconds =      50.53 minutes
	total time  =       1548 seconds =      25.80 minutes


Warning! sapt0 does not have an associated derived wavefunction.The returned wavefunction is the dimer SCF wavefunction.


  Memory set to  74.506 GiB by Python driver.
  Threads set to 32 by Python driver.
