
Scratch directory: /tmp/

Scratch directory: /tmp/

  //>>>>>>>>>>>>>>>>>>>>>>>>>>>>>>>>>>>//
  //              Dimer HF             //
  //<<<<<<<<<<<<<<<<<<<<<<<<<<<<<<<<<<<//


*** tstart() called on aliaconda
*** at Sun Mar 20 06:41:00 2022

   => Loading Basis Set <=

    Name: JUN-CC-PVDZ
    Role: ORBITAL
    Keyword: BASIS
    atoms 1, 14                                          entry N          line   198 file /home/alia/anaconda3/envs/mddemo/share/psi4/basis/jun-cc-pvdz.gbs 
    atoms 2-4, 6, 8-10, 13, 15-17, 19, 21, 23, 25-27, 30 entry H          line    36 file /home/alia/anaconda3/envs/mddemo/share/psi4/basis/jun-cc-pvdz.gbs 
    atoms 5, 7, 11, 18, 20, 24, 28                       entry C          line   164 file /home/alia/anaconda3/envs/mddemo/share/psi4/basis/jun-cc-pvdz.gbs 
    atoms 12, 22, 29                                     entry O          line   232 file /home/alia/anaconda3/envs/mddemo/share/psi4/basis/jun-cc-pvdz.gbs 


         ---------------------------------------------------------
                                   SCF
               by Justin Turney, Rob Parrish, Andy Simmonett
                          and Daniel G. A. Smith
                              RHF Reference
                       32 Threads,  76293 MiB Core
         ---------------------------------------------------------

  ==> Geometry <==

    Molecular point group: c1
    Full point group: C1

    Geometry (in Angstrom), charge = 2, multiplicity = 1:

       Center              X                  Y                   Z               Mass       
    ------------   -----------------  -----------------  -----------------  -----------------
         N           -0.436176513964    -6.986126231053    -1.010518977490    14.003074004430
         H           -1.227176403338    -7.016126202442    -0.102518985120     1.007825032230
         H           -1.169176315600    -7.286126183369    -1.916518876401     1.007825032230
         H            0.170823836988    -7.735126303532    -0.855518767682     1.007825032230
         C            0.082823539441    -5.642126368382    -1.132518718091    12.000000000000
         H           -0.443176483447    -4.979126261570    -0.445518920270     1.007825032230
         C            1.598823571866    -5.554126070835    -0.633518645612    12.000000000000
         H            2.253823781675    -6.400126265385    -1.122518966046     1.007825032230
         H            1.669823671048    -5.631126211979     0.448481133136     1.007825032230
         H            1.972823644346    -4.526126192906    -0.786519000378     1.007825032230
         C            0.022823596662    -5.076126383641    -2.629518935529    12.000000000000
         O           -0.218176101977    -5.803126143315    -3.566518971768    15.994914619570
         H            0.204122329419    -4.006195353367    -2.809458682385     1.007825032230
         N            0.746823573774     3.111873341701     0.072481205615    14.003074004430
         H            0.956823611921     1.937873555324     0.235481312427     1.007825032230
         H            0.301823878949     3.021874142788    -1.046518752423     1.007825032230
         H            1.560823703473     3.580874158046    -0.006518790570     1.007825032230
         C           -0.354176258380     3.845873547695     0.803481152209    12.000000000000
         H           -1.229176258380     3.218873692653     0.804481079730     1.007825032230
         C           -0.149176334674     4.082874013088     2.244481136951    12.000000000000
         H           -1.046176170642     4.624873829982     2.612480690631     1.007825032230
         O            0.905823732084     4.925873471401     2.678480675372    15.994914619570
         H            1.732823634809     4.626873685024     2.238481094989     1.007825032230
         C           -0.010176395709     2.720873547695     3.053480675372    12.000000000000
         H            0.846823716825     2.191873265407     2.587481072101     1.007825032230
         H           -0.832176422412     2.107873631618     2.756480744037     1.007825032230
         H            0.136823440259     2.818874074123     4.146481087360     1.007825032230
         C           -0.620176529223     5.107873631618     0.105481197986    12.000000000000
         O           -1.771176552111     5.521873189113    -0.056518981305    15.994914619570
         H            0.223846698468     5.697580052517    -0.281650492993     1.007825032230

  Running in c1 symmetry.

  Rotational constants: A =      0.03906  B =      0.00338  C =      0.00323 [cm^-1]
  Rotational constants: A =   1171.11484  B =    101.44274  C =     96.84574 [MHz]
  Nuclear repulsion =  631.648956696969549

  Charge       = 2
  Multiplicity = 1
  Electrons    = 96
  Nalpha       = 48
  Nbeta        = 48

  ==> Algorithm <==

  SCF Algorithm Type is DF.
  DIIS enabled.
  MOM disabled.
  Fractional occupation disabled.
  Guess Type is SAD.
  Energy threshold   = 1.00e-08
  Density threshold  = 1.00e-08
  Integral threshold = 1.00e-12

  ==> Primary Basis <==

  Basis Set: JUN-CC-PVDZ
    Blend: JUN-CC-PVDZ
    Number of shells: 150
    Number of basis functions: 306
    Number of Cartesian functions: 318
    Spherical Harmonics?: true
    Max angular momentum: 2

   => Loading Basis Set <=

    Name: (JUN-CC-PVDZ AUX)
    Role: JKFIT
    Keyword: DF_BASIS_SCF
    atoms 1, 14                                          entry N          line   202 file /home/alia/anaconda3/envs/mddemo/share/psi4/basis/jun-cc-pvdz-jkfit.gbs 
    atoms 2-4, 6, 8-10, 13, 15-17, 19, 21, 23, 25-27, 30 entry H          line    70 file /home/alia/anaconda3/envs/mddemo/share/psi4/basis/jun-cc-pvdz-jkfit.gbs 
    atoms 5, 7, 11, 18, 20, 24, 28                       entry C          line   146 file /home/alia/anaconda3/envs/mddemo/share/psi4/basis/jun-cc-pvdz-jkfit.gbs 
    atoms 12, 22, 29                                     entry O          line   258 file /home/alia/anaconda3/envs/mddemo/share/psi4/basis/jun-cc-pvdz-jkfit.gbs 

  ==> Integral Setup <==

  ==> DiskDFJK: Density-Fitted J/K Matrices <==

    J tasked:                  Yes
    K tasked:                  Yes
    wK tasked:                  No
    OpenMP threads:             32
    Integrals threads:          32
    Memory [MiB]:            57220
    Algorithm:                Core
    Integral Cache:           SAVE
    Schwarz Cutoff:          1E-12
    Fitting Condition:       1E-10

   => Auxiliary Basis Set <=

  Basis Set: (JUN-CC-PVDZ AUX)
    Blend: JUN-CC-PVDZ-JKFIT
    Number of shells: 486
    Number of basis functions: 1362
    Number of Cartesian functions: 1542
    Spherical Harmonics?: true
    Max angular momentum: 3

  Minimum eigenvalue in the overlap matrix is 6.8542822527E-05.
  Reciprocal condition number of the overlap matrix is 5.9542026504E-06.
    Using symmetric orthogonalization.

  ==> Pre-Iterations <==

  SCF Guess: Superposition of Atomic Densities via on-the-fly atomic UHF (no occupation information).

   -------------------------
    Irrep   Nso     Nmo    
   -------------------------
     A        306     306 
   -------------------------
    Total     306     306
   -------------------------

  ==> Iterations <==

                           Total Energy        Delta E     RMS |[F,P]|

   @DF-RHF iter SAD:  -607.19951354353975   -6.07200e+02   0.00000e+00 
   @DF-RHF iter   1:  -607.96274957536605   -7.63236e-01   2.80134e-03 DIIS
   @DF-RHF iter   2:  -608.27778583076042   -3.15036e-01   1.78515e-03 DIIS
   @DF-RHF iter   3:  -608.38927039945645   -1.11485e-01   3.94529e-04 DIIS
   @DF-RHF iter   4:  -608.39812916070798   -8.85876e-03   1.42703e-04 DIIS
   @DF-RHF iter   5:  -608.39933662443752   -1.20746e-03   3.50836e-05 DIIS
   @DF-RHF iter   6:  -608.39945850990091   -1.21885e-04   1.78631e-05 DIIS
   @DF-RHF iter   7:  -608.39948792348468   -2.94136e-05   7.86682e-06 DIIS
   @DF-RHF iter   8:  -608.39949497967382   -7.05619e-06   3.34825e-06 DIIS
   @DF-RHF iter   9:  -608.39949624098961   -1.26132e-06   1.24854e-06 DIIS
   @DF-RHF iter  10:  -608.39949641461226   -1.73623e-07   3.91569e-07 DIIS
   @DF-RHF iter  11:  -608.39949643673924   -2.21270e-08   1.73455e-07 DIIS
   @DF-RHF iter  12:  -608.39949644340368   -6.66444e-09   9.00672e-08 DIIS
   @DF-RHF iter  13:  -608.39949644575904   -2.35536e-09   4.68028e-08 DIIS
   @DF-RHF iter  14:  -608.39949644655860   -7.99560e-10   1.77589e-08 DIIS
   @DF-RHF iter  15:  -608.39949644664716   -8.85620e-11   5.76294e-09 DIIS
  Energy and wave function converged.


  ==> Post-Iterations <==

    Orbital Energies [Eh]
    ---------------------

    Doubly Occupied:                                                      

       1A    -20.815313     2A    -20.801925     3A    -20.788438  
       4A    -16.000478     5A    -15.981400     6A    -11.593275  
       7A    -11.573906     8A    -11.569684     9A    -11.560133  
      10A    -11.525327    11A    -11.497200    12A    -11.448914  
      13A     -1.644669    14A     -1.617580    15A     -1.591503  
      16A     -1.566299    17A     -1.557108    18A     -1.323145  
      19A     -1.284467    20A     -1.206018    21A     -1.147603  
      22A     -1.087292    23A     -1.081048    24A     -1.068290  
      25A     -1.017948    26A     -1.000648    27A     -0.983129  
      28A     -0.968557    29A     -0.964832    30A     -0.932776  
      31A     -0.898164    32A     -0.887058    33A     -0.878208  
      34A     -0.853232    35A     -0.851947    36A     -0.823300  
      37A     -0.802806    38A     -0.802175    39A     -0.790520  
      40A     -0.772683    41A     -0.764712    42A     -0.748500  
      43A     -0.735058    44A     -0.726991    45A     -0.712964  
      46A     -0.675074    47A     -0.665969    48A     -0.644591  

    Virtual:                                                              

      49A     -0.198198    50A     -0.172034    51A     -0.147294  
      52A     -0.138109    53A     -0.131450    54A     -0.129322  
      55A     -0.117215    56A     -0.112227    57A     -0.102684  
      58A     -0.099798    59A     -0.089278    60A     -0.086622  
      61A     -0.081471    62A     -0.077012    63A     -0.073198  
      64A     -0.072279    65A     -0.063872    66A     -0.061535  
      67A     -0.058193    68A     -0.055526    69A     -0.044187  
      70A     -0.040495    71A     -0.035929    72A     -0.028408  
      73A     -0.026219    74A     -0.022322    75A     -0.022082  
      76A     -0.019307    77A     -0.014387    78A     -0.007833  
      79A     -0.006478    80A      0.000660    81A      0.005388  
      82A      0.018381    83A      0.025059    84A      0.035051  
      85A      0.039784    86A      0.045517    87A      0.046703  
      88A      0.051970    89A      0.056465    90A      0.059666  
      91A      0.072194    92A      0.084466    93A      0.093129  
      94A      0.102844    95A      0.109277    96A      0.110519  
      97A      0.112155    98A      0.114633    99A      0.123377  
     100A      0.125755   101A      0.132191   102A      0.141704  
     103A      0.143253   104A      0.153104   105A      0.160025  
     106A      0.160372   107A      0.173005   108A      0.175936  
     109A      0.179205   110A      0.189790   111A      0.194612  
     112A      0.202677   113A      0.207492   114A      0.213126  
     115A      0.219372   116A      0.229796   117A      0.235428  
     118A      0.241798   119A      0.257605   120A      0.262853  
     121A      0.273006   122A      0.306068   123A      0.323053  
     124A      0.338529   125A      0.372273   126A      0.388825  
     127A      0.452763   128A      0.470589   129A      0.475593  
     130A      0.513269   131A      0.515122   132A      0.519819  
     133A      0.533782   134A      0.544624   135A      0.552843  
     136A      0.568540   137A      0.578522   138A      0.588068  
     139A      0.592165   140A      0.617440   141A      0.628028  
     142A      0.634328   143A      0.641970   144A      0.648235  
     145A      0.655568   146A      0.664075   147A      0.670796  
     148A      0.681982   149A      0.686835   150A      0.699627  
     151A      0.703605   152A      0.711319   153A      0.719036  
     154A      0.727005   155A      0.738079   156A      0.747570  
     157A      0.755421   158A      0.763998   159A      0.772688  
     160A      0.781057   161A      0.798396   162A      0.803977  
     163A      0.813386   164A      0.826059   165A      0.832250  
     166A      0.838928   167A      0.843474   168A      0.854528  
     169A      0.863903   170A      0.869667   171A      0.883884  
     172A      0.931422   173A      0.942149   174A      0.947120  
     175A      0.978839   176A      1.047089   177A      1.057656  
     178A      1.082129   179A      1.088547   180A      1.115739  
     181A      1.136221   182A      1.160144   183A      1.169871  
     184A      1.170436   185A      1.203286   186A      1.210442  
     187A      1.233062   188A      1.252671   189A      1.256839  
     190A      1.280019   191A      1.282266   192A      1.291305  
     193A      1.310823   194A      1.313812   195A      1.326273  
     196A      1.328899   197A      1.330201   198A      1.340219  
     199A      1.358117   200A      1.382454   201A      1.391885  
     202A      1.411985   203A      1.424281   204A      1.431320  
     205A      1.455385   206A      1.469885   207A      1.486537  
     208A      1.498093   209A      1.522498   210A      1.545242  
     211A      1.559557   212A      1.571350   213A      1.601695  
     214A      1.619964   215A      1.622611   216A      1.623295  
     217A      1.649467   218A      1.663576   219A      1.669753  
     220A      1.669953   221A      1.700007   222A      1.701189  
     223A      1.704846   224A      1.717163   225A      1.729001  
     226A      1.731632   227A      1.737660   228A      1.748814  
     229A      1.768466   230A      1.770691   231A      1.780755  
     232A      1.782212   233A      1.797404   234A      1.804499  
     235A      1.807811   236A      1.817103   237A      1.827409  
     238A      1.837182   239A      1.856714   240A      1.877030  
     241A      1.881781   242A      1.897720   243A      1.931603  
     244A      1.947776   245A      1.962027   246A      1.964748  
     247A      1.988636   248A      2.031108   249A      2.052356  
     250A      2.061280   251A      2.068651   252A      2.072269  
     253A      2.094890   254A      2.099275   255A      2.125113  
     256A      2.151670   257A      2.161318   258A      2.193570  
     259A      2.227366   260A      2.238547   261A      2.249638  
     262A      2.263829   263A      2.298673   264A      2.321622  
     265A      2.337449   266A      2.348146   267A      2.378167  
     268A      2.401169   269A      2.408163   270A      2.426310  
     271A      2.436949   272A      2.466266   273A      2.504237  
     274A      2.517746   275A      2.526056   276A      2.549851  
     277A      2.580322   278A      2.602789   279A      2.610989  
     280A      2.626939   281A      2.634379   282A      2.647200  
     283A      2.653904   284A      2.695824   285A      2.700390  
     286A      2.760337   287A      2.790980   288A      2.824201  
     289A      2.846279   290A      2.867221   291A      2.873863  
     292A      2.952485   293A      2.993051   294A      3.081845  
     295A      3.111254   296A      3.148606   297A      3.202406  
     298A      3.227459   299A      3.255293   300A      3.267021  
     301A      3.485203   302A      3.496699   303A      3.550237  
     304A      3.737785   305A      3.739032   306A      3.900332  

    Final Occupation by Irrep:
              A 
    DOCC [    48 ]

  @DF-RHF Final Energy:  -608.39949644664716

   => Energetics <=

    Nuclear Repulsion Energy =            631.6489566969695488
    One-Electron Energy =               -2057.6311793271606803
    Two-Electron Energy =                 817.5827261835440822
    Total Energy =                       -608.3994964466471629

Computation Completed


Properties will be evaluated at   0.000000,   0.000000,   0.000000 [a0]

Properties computed using the SCF density matrix

  Nuclear Dipole Moment: [e a0]
     X:     5.6976      Y:   -12.8591      Z:     6.0510

  Electronic Dipole Moment: [e a0]
     X:    -4.3085      Y:     5.8939      Z:    -6.7156

  Dipole Moment: [e a0]
     X:     1.3891      Y:    -6.9652      Z:    -0.6646     Total:     7.1334

  Dipole Moment: [D]
     X:     3.5308      Y:   -17.7037      Z:    -1.6891     Total:    18.1312


*** tstop() called on aliaconda at Sun Mar 20 06:41:15 2022
Module time:
	user time   =     314.52 seconds =       5.24 minutes
	system time =      38.86 seconds =       0.65 minutes
	total time  =         15 seconds =       0.25 minutes
Total time:
	user time   =  135924.54 seconds =    2265.41 minutes
	system time =   19191.89 seconds =     319.86 minutes
	total time  =       8258 seconds =     137.63 minutes

  //>>>>>>>>>>>>>>>>>>>>>>>>>>>>>>>>>>>//
  //            Monomer A HF           //
  //<<<<<<<<<<<<<<<<<<<<<<<<<<<<<<<<<<<//


*** tstart() called on aliaconda
*** at Sun Mar 20 06:41:15 2022

   => Loading Basis Set <=

    Name: JUN-CC-PVDZ
    Role: ORBITAL
    Keyword: BASIS
    atoms 1, 14                                          entry N          line   198 file /home/alia/anaconda3/envs/mddemo/share/psi4/basis/jun-cc-pvdz.gbs 
    atoms 2-4, 6, 8-10, 13, 15-17, 19, 21, 23, 25-27, 30 entry H          line    36 file /home/alia/anaconda3/envs/mddemo/share/psi4/basis/jun-cc-pvdz.gbs 
    atoms 5, 7, 11, 18, 20, 24, 28                       entry C          line   164 file /home/alia/anaconda3/envs/mddemo/share/psi4/basis/jun-cc-pvdz.gbs 
    atoms 12, 22, 29                                     entry O          line   232 file /home/alia/anaconda3/envs/mddemo/share/psi4/basis/jun-cc-pvdz.gbs 


         ---------------------------------------------------------
                                   SCF
               by Justin Turney, Rob Parrish, Andy Simmonett
                          and Daniel G. A. Smith
                              RHF Reference
                       32 Threads,  76293 MiB Core
         ---------------------------------------------------------

  ==> Geometry <==

    Molecular point group: c1
    Full point group: C1

    Geometry (in Angstrom), charge = 1, multiplicity = 1:

       Center              X                  Y                   Z               Mass       
    ------------   -----------------  -----------------  -----------------  -----------------
         N           -0.436176513964    -6.986126231053    -1.010518977490    14.003074004430
         H           -1.227176403338    -7.016126202442    -0.102518985120     1.007825032230
         H           -1.169176315600    -7.286126183369    -1.916518876401     1.007825032230
         H            0.170823836988    -7.735126303532    -0.855518767682     1.007825032230
         C            0.082823539441    -5.642126368382    -1.132518718091    12.000000000000
         H           -0.443176483447    -4.979126261570    -0.445518920270     1.007825032230
         C            1.598823571866    -5.554126070835    -0.633518645612    12.000000000000
         H            2.253823781675    -6.400126265385    -1.122518966046     1.007825032230
         H            1.669823671048    -5.631126211979     0.448481133136     1.007825032230
         H            1.972823644346    -4.526126192906    -0.786519000378     1.007825032230
         C            0.022823596662    -5.076126383641    -2.629518935529    12.000000000000
         O           -0.218176101977    -5.803126143315    -3.566518971768    15.994914619570
         H            0.204122329419    -4.006195353367    -2.809458682385     1.007825032230
      Gh(N)           0.746823573774     3.111873341701     0.072481205615    14.003074004430
      Gh(H)           0.956823611921     1.937873555324     0.235481312427     1.007825032230
      Gh(H)           0.301823878949     3.021874142788    -1.046518752423     1.007825032230
      Gh(H)           1.560823703473     3.580874158046    -0.006518790570     1.007825032230
      Gh(C)          -0.354176258380     3.845873547695     0.803481152209    12.000000000000
      Gh(H)          -1.229176258380     3.218873692653     0.804481079730     1.007825032230
      Gh(C)          -0.149176334674     4.082874013088     2.244481136951    12.000000000000
      Gh(H)          -1.046176170642     4.624873829982     2.612480690631     1.007825032230
      Gh(O)           0.905823732084     4.925873471401     2.678480675372    15.994914619570
      Gh(H)           1.732823634809     4.626873685024     2.238481094989     1.007825032230
      Gh(C)          -0.010176395709     2.720873547695     3.053480675372    12.000000000000
      Gh(H)           0.846823716825     2.191873265407     2.587481072101     1.007825032230
      Gh(H)          -0.832176422412     2.107873631618     2.756480744037     1.007825032230
      Gh(H)           0.136823440259     2.818874074123     4.146481087360     1.007825032230
      Gh(C)          -0.620176529223     5.107873631618     0.105481197986    12.000000000000
      Gh(O)          -1.771176552111     5.521873189113    -0.056518981305    15.994914619570
      Gh(H)           0.223846698468     5.697580052517    -0.281650492993     1.007825032230

  Running in c1 symmetry.

  Rotational constants: A =      0.03906  B =      0.00338  C =      0.00323 [cm^-1]
  Rotational constants: A =   1171.11484  B =    101.44274  C =     96.84574 [MHz]
  Nuclear repulsion =  183.599678617313629

  Charge       = 1
  Multiplicity = 1
  Electrons    = 40
  Nalpha       = 20
  Nbeta        = 20

  ==> Algorithm <==

  SCF Algorithm Type is DF.
  DIIS enabled.
  MOM disabled.
  Fractional occupation disabled.
  Guess Type is SAD.
  Energy threshold   = 1.00e-08
  Density threshold  = 1.00e-08
  Integral threshold = 1.00e-12

  ==> Primary Basis <==

  Basis Set: JUN-CC-PVDZ
    Blend: JUN-CC-PVDZ
    Number of shells: 150
    Number of basis functions: 306
    Number of Cartesian functions: 318
    Spherical Harmonics?: true
    Max angular momentum: 2

   => Loading Basis Set <=

    Name: (JUN-CC-PVDZ AUX)
    Role: JKFIT
    Keyword: DF_BASIS_SCF
    atoms 1, 14                                          entry N          line   202 file /home/alia/anaconda3/envs/mddemo/share/psi4/basis/jun-cc-pvdz-jkfit.gbs 
    atoms 2-4, 6, 8-10, 13, 15-17, 19, 21, 23, 25-27, 30 entry H          line    70 file /home/alia/anaconda3/envs/mddemo/share/psi4/basis/jun-cc-pvdz-jkfit.gbs 
    atoms 5, 7, 11, 18, 20, 24, 28                       entry C          line   146 file /home/alia/anaconda3/envs/mddemo/share/psi4/basis/jun-cc-pvdz-jkfit.gbs 
    atoms 12, 22, 29                                     entry O          line   258 file /home/alia/anaconda3/envs/mddemo/share/psi4/basis/jun-cc-pvdz-jkfit.gbs 

  ==> Integral Setup <==

  ==> DiskDFJK: Density-Fitted J/K Matrices <==

    J tasked:                  Yes
    K tasked:                  Yes
    wK tasked:                  No
    OpenMP threads:             32
    Integrals threads:          32
    Memory [MiB]:            57220
    Algorithm:                Core
    Integral Cache:           LOAD
    Schwarz Cutoff:          1E-12
    Fitting Condition:       1E-10

   => Auxiliary Basis Set <=

  Basis Set: (JUN-CC-PVDZ AUX)
    Blend: JUN-CC-PVDZ-JKFIT
    Number of shells: 486
    Number of basis functions: 1362
    Number of Cartesian functions: 1542
    Spherical Harmonics?: true
    Max angular momentum: 3

  Minimum eigenvalue in the overlap matrix is 6.8542822527E-05.
  Reciprocal condition number of the overlap matrix is 5.9542026504E-06.
    Using symmetric orthogonalization.

  ==> Pre-Iterations <==

  SCF Guess: Superposition of Atomic Densities via on-the-fly atomic UHF (no occupation information).

   -------------------------
    Irrep   Nso     Nmo    
   -------------------------
     A        306     306 
   -------------------------
    Total     306     306
   -------------------------

  ==> Iterations <==

                           Total Energy        Delta E     RMS |[F,P]|

   @DF-RHF iter SAD:  -246.57152874783318   -2.46572e+02   0.00000e+00 
   @DF-RHF iter   1:  -247.13021130663492   -5.58683e-01   1.71839e-03 DIIS
   @DF-RHF iter   2:  -247.25156683871191   -1.21356e-01   1.07504e-03 DIIS
   @DF-RHF iter   3:  -247.29239987742403   -4.08330e-02   2.39693e-04 DIIS
   @DF-RHF iter   4:  -247.29585222718677   -3.45235e-03   7.93887e-05 DIIS
   @DF-RHF iter   5:  -247.29626061568288   -4.08388e-04   1.94452e-05 DIIS
   @DF-RHF iter   6:  -247.29630813490940   -4.75192e-05   8.06252e-06 DIIS
   @DF-RHF iter   7:  -247.29631578228287   -7.64737e-06   3.88639e-06 DIIS
   @DF-RHF iter   8:  -247.29631764087921   -1.85860e-06   1.30493e-06 DIIS
   @DF-RHF iter   9:  -247.29631785722080   -2.16342e-07   3.02978e-07 DIIS
   @DF-RHF iter  10:  -247.29631786847904   -1.12582e-08   1.14148e-07 DIIS
   @DF-RHF iter  11:  -247.29631787082391   -2.34488e-09   4.53295e-08 DIIS
   @DF-RHF iter  12:  -247.29631787137245   -5.48539e-10   2.34110e-08 DIIS
   @DF-RHF iter  13:  -247.29631787156521   -1.92756e-10   8.66205e-09 DIIS
  Energy and wave function converged.


  ==> Post-Iterations <==

    Orbital Energies [Eh]
    ---------------------

    Doubly Occupied:                                                      

       1A    -20.755156     2A    -15.926436     3A    -11.532709  
       4A    -11.508974     5A    -11.436164     6A     -1.585188  
       7A     -1.501118     8A     -1.224573     9A     -1.087495  
      10A     -1.008434    11A     -0.944405    12A     -0.925558  
      13A     -0.873525    14A     -0.827802    15A     -0.792834  
      16A     -0.742282    17A     -0.729119    18A     -0.704482  
      19A     -0.675479    20A     -0.605668  

    Virtual:                                                              

      21A     -0.118405    22A     -0.073429    23A     -0.070391  
      24A     -0.046073    25A     -0.043271    26A     -0.029072  
      27A     -0.026241    28A     -0.018019    29A     -0.014130  
      30A     -0.006083    31A     -0.000122    32A      0.002153  
      33A      0.012635    34A      0.015749    35A      0.016915  
      36A      0.028703    37A      0.032568    38A      0.036224  
      39A      0.036957    40A      0.048862    41A      0.052880  
      42A      0.054549    43A      0.059536    44A      0.061552  
      45A      0.073649    46A      0.079769    47A      0.088067  
      48A      0.091346    49A      0.096659    50A      0.104111  
      51A      0.104853    52A      0.107791    53A      0.115160  
      54A      0.121206    55A      0.141458    56A      0.144438  
      57A      0.151463    58A      0.154102    59A      0.160664  
      60A      0.162247    61A      0.170596    62A      0.171834  
      63A      0.176877    64A      0.180085    65A      0.183414  
      66A      0.194497    67A      0.203395    68A      0.211640  
      69A      0.216705    70A      0.232283    71A      0.233842  
      72A      0.245937    73A      0.251298    74A      0.253932  
      75A      0.257107    76A      0.270273    77A      0.274364  
      78A      0.276357    79A      0.299901    80A      0.302656  
      81A      0.315108    82A      0.317231    83A      0.329083  
      84A      0.342988    85A      0.361425    86A      0.368555  
      87A      0.380810    88A      0.398049    89A      0.399518  
      90A      0.434673    91A      0.449740    92A      0.466862  
      93A      0.475836    94A      0.485164    95A      0.512340  
      96A      0.514649    97A      0.535095    98A      0.535869  
      99A      0.559257   100A      0.572120   101A      0.576836  
     102A      0.586255   103A      0.591368   104A      0.598455  
     105A      0.604133   106A      0.620130   107A      0.629447  
     108A      0.640959   109A      0.652775   110A      0.674297  
     111A      0.686271   112A      0.699858   113A      0.703264  
     114A      0.715593   115A      0.715937   116A      0.731240  
     117A      0.747065   118A      0.753035   119A      0.763345  
     120A      0.772178   121A      0.788959   122A      0.797479  
     123A      0.823251   124A      0.829513   125A      0.832929  
     126A      0.842349   127A      0.859540   128A      0.868117  
     129A      0.898016   130A      0.900166   131A      0.902482  
     132A      0.929028   133A      0.929525   134A      0.943251  
     135A      0.969111   136A      0.982481   137A      0.994794  
     138A      1.007399   139A      1.036652   140A      1.117939  
     141A      1.146058   142A      1.149855   143A      1.176131  
     144A      1.228662   145A      1.230740   146A      1.263144  
     147A      1.291995   148A      1.314986   149A      1.338997  
     150A      1.371044   151A      1.386411   152A      1.449341  
     153A      1.470930   154A      1.484483   155A      1.496481  
     156A      1.546755   157A      1.558618   158A      1.567821  
     159A      1.604773   160A      1.615685   161A      1.631173  
     162A      1.635763   163A      1.662969   164A      1.676832  
     165A      1.680682   166A      1.682629   167A      1.706934  
     168A      1.709143   169A      1.711121   170A      1.729472  
     171A      1.734803   172A      1.757507   173A      1.761605  
     174A      1.775557   175A      1.785221   176A      1.788536  
     177A      1.808046   178A      1.809445   179A      1.820184  
     180A      1.840954   181A      1.865256   182A      1.876146  
     183A      1.876941   184A      1.878931   185A      1.897341  
     186A      1.902027   187A      1.913267   188A      1.931753  
     189A      1.940347   190A      1.958013   191A      1.980352  
     192A      1.991753   193A      1.995837   194A      2.005620  
     195A      2.020994   196A      2.022030   197A      2.028123  
     198A      2.051020   199A      2.062781   200A      2.099959  
     201A      2.111765   202A      2.120152   203A      2.123862  
     204A      2.129030   205A      2.153044   206A      2.158591  
     207A      2.169770   208A      2.193535   209A      2.203764  
     210A      2.210683   211A      2.226528   212A      2.241412  
     213A      2.281719   214A      2.308208   215A      2.322213  
     216A      2.324729   217A      2.342272   218A      2.353027  
     219A      2.357714   220A      2.390614   221A      2.395817  
     222A      2.426222   223A      2.446747   224A      2.465379  
     225A      2.476055   226A      2.494650   227A      2.502770  
     228A      2.504242   229A      2.527666   230A      2.545278  
     231A      2.570931   232A      2.585188   233A      2.611579  
     234A      2.633869   235A      2.662140   236A      2.671257  
     237A      2.673659   238A      2.687421   239A      2.693619  
     240A      2.706468   241A      2.720172   242A      2.747029  
     243A      2.757953   244A      2.814071   245A      2.827343  
     246A      2.883191   247A      2.887592   248A      2.921011  
     249A      2.924570   250A      2.969163   251A      2.975732  
     252A      3.011608   253A      3.014464   254A      3.049765  
     255A      3.116235   256A      3.151186   257A      3.167108  
     258A      3.257495   259A      3.286187   260A      3.287762  
     261A      3.342060   262A      3.379719   263A      3.426493  
     264A      3.502087   265A      3.544689   266A      3.574520  
     267A      3.623795   268A      3.666247   269A      3.772407  
     270A      3.797031   271A      3.889169   272A      4.049095  
     273A      4.062251   274A      4.181435   275A      4.196975  
     276A      4.322673   277A      4.433254   278A      4.491785  
     279A      4.566514   280A      4.595485   281A      4.673741  
     282A      4.719073   283A      4.764941   284A      4.818752  
     285A      4.843510   286A      4.956791   287A      5.035218  
     288A      5.041648   289A      5.102744   290A      5.140488  
     291A      5.331098   292A      5.506095   293A      5.571257  
     294A      5.659584   295A      5.782968   296A      5.993432  
     297A      6.285646   298A      6.668089   299A      6.694168  
     300A     18.122152   301A     18.346314   302A     18.431068  
     303A     18.628691   304A     25.317204   305A     33.451137  
     306A     33.470781  

    Final Occupation by Irrep:
              A 
    DOCC [    20 ]

  @DF-RHF Final Energy:  -247.29631787156521

   => Energetics <=

    Nuclear Repulsion Energy =            183.5996786173136286
    One-Electron Energy =                -691.0171897241782517
    Two-Electron Energy =                 260.1211932352994154
    Total Energy =                       -247.2963178715651793

Computation Completed


Properties will be evaluated at   0.000000,   0.000000,   0.000000 [a0]

Properties computed using the SCF density matrix

  Nuclear Dipole Moment: [e a0]
     X:    16.7431      Y:  -454.5590      Z:  -131.4668

  Electronic Dipole Moment: [e a0]
     X:   -17.1555      Y:   442.5697      Z:   130.4532

  Dipole Moment: [e a0]
     X:    -0.4124      Y:   -11.9892      Z:    -1.0136     Total:    12.0391

  Dipole Moment: [D]
     X:    -1.0482      Y:   -30.4736      Z:    -2.5763     Total:    30.6003


*** tstop() called on aliaconda at Sun Mar 20 06:41:24 2022
Module time:
	user time   =     183.41 seconds =       3.06 minutes
	system time =      20.42 seconds =       0.34 minutes
	total time  =          9 seconds =       0.15 minutes
Total time:
	user time   =  136108.11 seconds =    2268.47 minutes
	system time =   19212.33 seconds =     320.21 minutes
	total time  =       8267 seconds =     137.78 minutes

  //>>>>>>>>>>>>>>>>>>>>>>>>>>>>>>>>>>>//
  //            Monomer B HF           //
  //<<<<<<<<<<<<<<<<<<<<<<<<<<<<<<<<<<<//


*** tstart() called on aliaconda
*** at Sun Mar 20 06:41:24 2022

   => Loading Basis Set <=

    Name: JUN-CC-PVDZ
    Role: ORBITAL
    Keyword: BASIS
    atoms 1, 14                                          entry N          line   198 file /home/alia/anaconda3/envs/mddemo/share/psi4/basis/jun-cc-pvdz.gbs 
    atoms 2-4, 6, 8-10, 13, 15-17, 19, 21, 23, 25-27, 30 entry H          line    36 file /home/alia/anaconda3/envs/mddemo/share/psi4/basis/jun-cc-pvdz.gbs 
    atoms 5, 7, 11, 18, 20, 24, 28                       entry C          line   164 file /home/alia/anaconda3/envs/mddemo/share/psi4/basis/jun-cc-pvdz.gbs 
    atoms 12, 22, 29                                     entry O          line   232 file /home/alia/anaconda3/envs/mddemo/share/psi4/basis/jun-cc-pvdz.gbs 


         ---------------------------------------------------------
                                   SCF
               by Justin Turney, Rob Parrish, Andy Simmonett
                          and Daniel G. A. Smith
                              RHF Reference
                       32 Threads,  76293 MiB Core
         ---------------------------------------------------------

  ==> Geometry <==

    Molecular point group: c1
    Full point group: C1

    Geometry (in Angstrom), charge = 1, multiplicity = 1:

       Center              X                  Y                   Z               Mass       
    ------------   -----------------  -----------------  -----------------  -----------------
      Gh(N)          -0.436176513964    -6.986126231053    -1.010518977490    14.003074004430
      Gh(H)          -1.227176403338    -7.016126202442    -0.102518985120     1.007825032230
      Gh(H)          -1.169176315600    -7.286126183369    -1.916518876401     1.007825032230
      Gh(H)           0.170823836988    -7.735126303532    -0.855518767682     1.007825032230
      Gh(C)           0.082823539441    -5.642126368382    -1.132518718091    12.000000000000
      Gh(H)          -0.443176483447    -4.979126261570    -0.445518920270     1.007825032230
      Gh(C)           1.598823571866    -5.554126070835    -0.633518645612    12.000000000000
      Gh(H)           2.253823781675    -6.400126265385    -1.122518966046     1.007825032230
      Gh(H)           1.669823671048    -5.631126211979     0.448481133136     1.007825032230
      Gh(H)           1.972823644346    -4.526126192906    -0.786519000378     1.007825032230
      Gh(C)           0.022823596662    -5.076126383641    -2.629518935529    12.000000000000
      Gh(O)          -0.218176101977    -5.803126143315    -3.566518971768    15.994914619570
      Gh(H)           0.204122329419    -4.006195353367    -2.809458682385     1.007825032230
         N            0.746823573774     3.111873341701     0.072481205615    14.003074004430
         H            0.956823611921     1.937873555324     0.235481312427     1.007825032230
         H            0.301823878949     3.021874142788    -1.046518752423     1.007825032230
         H            1.560823703473     3.580874158046    -0.006518790570     1.007825032230
         C           -0.354176258380     3.845873547695     0.803481152209    12.000000000000
         H           -1.229176258380     3.218873692653     0.804481079730     1.007825032230
         C           -0.149176334674     4.082874013088     2.244481136951    12.000000000000
         H           -1.046176170642     4.624873829982     2.612480690631     1.007825032230
         O            0.905823732084     4.925873471401     2.678480675372    15.994914619570
         H            1.732823634809     4.626873685024     2.238481094989     1.007825032230
         C           -0.010176395709     2.720873547695     3.053480675372    12.000000000000
         H            0.846823716825     2.191873265407     2.587481072101     1.007825032230
         H           -0.832176422412     2.107873631618     2.756480744037     1.007825032230
         H            0.136823440259     2.818874074123     4.146481087360     1.007825032230
         C           -0.620176529223     5.107873631618     0.105481197986    12.000000000000
         O           -1.771176552111     5.521873189113    -0.056518981305    15.994914619570
         H            0.223846698468     5.697580052517    -0.281650492993     1.007825032230

  Running in c1 symmetry.

  Rotational constants: A =      0.03906  B =      0.00338  C =      0.00323 [cm^-1]
  Rotational constants: A =   1171.11484  B =    101.44274  C =     96.84574 [MHz]
  Nuclear repulsion =  330.158120313772542

  Charge       = 1
  Multiplicity = 1
  Electrons    = 56
  Nalpha       = 28
  Nbeta        = 28

  ==> Algorithm <==

  SCF Algorithm Type is DF.
  DIIS enabled.
  MOM disabled.
  Fractional occupation disabled.
  Guess Type is SAD.
  Energy threshold   = 1.00e-08
  Density threshold  = 1.00e-08
  Integral threshold = 1.00e-12

  ==> Primary Basis <==

  Basis Set: JUN-CC-PVDZ
    Blend: JUN-CC-PVDZ
    Number of shells: 150
    Number of basis functions: 306
    Number of Cartesian functions: 318
    Spherical Harmonics?: true
    Max angular momentum: 2

   => Loading Basis Set <=

    Name: (JUN-CC-PVDZ AUX)
    Role: JKFIT
    Keyword: DF_BASIS_SCF
    atoms 1, 14                                          entry N          line   202 file /home/alia/anaconda3/envs/mddemo/share/psi4/basis/jun-cc-pvdz-jkfit.gbs 
    atoms 2-4, 6, 8-10, 13, 15-17, 19, 21, 23, 25-27, 30 entry H          line    70 file /home/alia/anaconda3/envs/mddemo/share/psi4/basis/jun-cc-pvdz-jkfit.gbs 
    atoms 5, 7, 11, 18, 20, 24, 28                       entry C          line   146 file /home/alia/anaconda3/envs/mddemo/share/psi4/basis/jun-cc-pvdz-jkfit.gbs 
    atoms 12, 22, 29                                     entry O          line   258 file /home/alia/anaconda3/envs/mddemo/share/psi4/basis/jun-cc-pvdz-jkfit.gbs 

  ==> Integral Setup <==

  ==> DiskDFJK: Density-Fitted J/K Matrices <==

    J tasked:                  Yes
    K tasked:                  Yes
    wK tasked:                  No
    OpenMP threads:             32
    Integrals threads:          32
    Memory [MiB]:            57220
    Algorithm:                Core
    Integral Cache:           LOAD
    Schwarz Cutoff:          1E-12
    Fitting Condition:       1E-10

   => Auxiliary Basis Set <=

  Basis Set: (JUN-CC-PVDZ AUX)
    Blend: JUN-CC-PVDZ-JKFIT
    Number of shells: 486
    Number of basis functions: 1362
    Number of Cartesian functions: 1542
    Spherical Harmonics?: true
    Max angular momentum: 3

  Minimum eigenvalue in the overlap matrix is 6.8542822526E-05.
  Reciprocal condition number of the overlap matrix is 5.9542026503E-06.
    Using symmetric orthogonalization.

  ==> Pre-Iterations <==

  SCF Guess: Superposition of Atomic Densities via on-the-fly atomic UHF (no occupation information).

   -------------------------
    Irrep   Nso     Nmo    
   -------------------------
     A        306     306 
   -------------------------
    Total     306     306
   -------------------------

  ==> Iterations <==

                           Total Energy        Delta E     RMS |[F,P]|

   @DF-RHF iter SAD:  -360.62798437846095   -3.60628e+02   0.00000e+00 
   @DF-RHF iter   1:  -360.89516695449493   -2.67183e-01   2.19805e-03 DIIS
   @DF-RHF iter   2:  -361.08743096438343   -1.92264e-01   1.39592e-03 DIIS
   @DF-RHF iter   3:  -361.15521352463804   -6.77826e-02   3.11167e-04 DIIS
   @DF-RHF iter   4:  -361.16050991073251   -5.29639e-03   1.15298e-04 DIIS
   @DF-RHF iter   5:  -361.16126597827997   -7.56068e-04   2.71665e-05 DIIS
   @DF-RHF iter   6:  -361.16133572397882   -6.97457e-05   1.33316e-05 DIIS
   @DF-RHF iter   7:  -361.16135271046085   -1.69865e-05   5.51647e-06 DIIS
   @DF-RHF iter   8:  -361.16135655721661   -3.84676e-06   2.22801e-06 DIIS
   @DF-RHF iter   9:  -361.16135722057027   -6.63354e-07   6.55484e-07 DIIS
   @DF-RHF iter  10:  -361.16135728986461   -6.92943e-08   2.38457e-07 DIIS
   @DF-RHF iter  11:  -361.16135730157680   -1.17122e-08   1.07973e-07 DIIS
   @DF-RHF iter  12:  -361.16135730469040   -3.11360e-09   6.02076e-08 DIIS
   @DF-RHF iter  13:  -361.16135730591481   -1.22441e-09   2.90961e-08 DIIS
   @DF-RHF iter  14:  -361.16135730618214   -2.67335e-10   9.54784e-09 DIIS
  Energy and wave function converged.


  ==> Post-Iterations <==

    Orbital Energies [Eh]
    ---------------------

    Doubly Occupied:                                                      

       1A    -20.754171     2A    -20.740479     3A    -15.945332  
       4A    -11.526449     5A    -11.508717     6A    -11.475306  
       7A    -11.395828     8A     -1.569566     9A     -1.542777  
      10A     -1.513466    11A     -1.272012    12A     -1.154354  
      13A     -1.036453    14A     -1.028980    15A     -0.965607  
      16A     -0.916129    17A     -0.913743    18A     -0.847357  
      19A     -0.828246    20A     -0.804862    21A     -0.773499  
      22A     -0.752308    23A     -0.720871    24A     -0.699090  
      25A     -0.677542    26A     -0.663309    27A     -0.626944  
      28A     -0.595407  

    Virtual:                                                              

      29A     -0.138399    30A     -0.084797    31A     -0.078515  
      32A     -0.068833    33A     -0.044001    34A     -0.036749  
      35A     -0.030383    36A     -0.023006    37A     -0.019119  
      38A     -0.013474    39A     -0.006479    40A     -0.003574  
      41A      0.003767    42A      0.005253    43A      0.013366  
      44A      0.016702    45A      0.028257    46A      0.030321  
      47A      0.035613    48A      0.041631    49A      0.047097  
      50A      0.049580    51A      0.050074    52A      0.055469  
      53A      0.058614    54A      0.069835    55A      0.077366  
      56A      0.085354    57A      0.092658    58A      0.097896  
      59A      0.102161    60A      0.106987    61A      0.110063  
      62A      0.112212    63A      0.123837    64A      0.129747  
      65A      0.134838    66A      0.147520    67A      0.152832  
      68A      0.154064    69A      0.158130    70A      0.161454  
      71A      0.169070    72A      0.174185    73A      0.179872  
      74A      0.184351    75A      0.193340    76A      0.195381  
      77A      0.208682    78A      0.211551    79A      0.213537  
      80A      0.222083    81A      0.227149    82A      0.238983  
      83A      0.248175    84A      0.250445    85A      0.261922  
      86A      0.266741    87A      0.279183    88A      0.285870  
      89A      0.292336    90A      0.299362    91A      0.312051  
      92A      0.320000    93A      0.322725    94A      0.350097  
      95A      0.356393    96A      0.365343    97A      0.371949  
      98A      0.376652    99A      0.386380   100A      0.399213  
     101A      0.418842   102A      0.420937   103A      0.451712  
     104A      0.476730   105A      0.508828   106A      0.522395  
     107A      0.530159   108A      0.547280   109A      0.560472  
     110A      0.565909   111A      0.573258   112A      0.578569  
     113A      0.605538   114A      0.609946   115A      0.629931  
     116A      0.639855   117A      0.644967   118A      0.670637  
     119A      0.676020   120A      0.685253   121A      0.699729  
     122A      0.714956   123A      0.733780   124A      0.737747  
     125A      0.753353   126A      0.757908   127A      0.760284  
     128A      0.771745   129A      0.778398   130A      0.797113  
     131A      0.801820   132A      0.806382   133A      0.823915  
     134A      0.843189   135A      0.849820   136A      0.878054  
     137A      0.884906   138A      0.885784   139A      0.899435  
     140A      0.903974   141A      0.916870   142A      0.934403  
     143A      0.941123   144A      0.984201   145A      0.992849  
     146A      0.995585   147A      1.029758   148A      1.097021  
     149A      1.132859   150A      1.158099   151A      1.185694  
     152A      1.210718   153A      1.220450   154A      1.260462  
     155A      1.301426   156A      1.330439   157A      1.341283  
     158A      1.360130   159A      1.377557   160A      1.378405  
     161A      1.388508   162A      1.409651   163A      1.432858  
     164A      1.481653   165A      1.487545   166A      1.492646  
     167A      1.505328   168A      1.521865   169A      1.536899  
     170A      1.540431   171A      1.566340   172A      1.573685  
     173A      1.590991   174A      1.612085   175A      1.650364  
     176A      1.653034   177A      1.674975   178A      1.676240  
     179A      1.686595   180A      1.705907   181A      1.714911  
     182A      1.720613   183A      1.751551   184A      1.754317  
     185A      1.756492   186A      1.783044   187A      1.786820  
     188A      1.788547   189A      1.804861   190A      1.814684  
     191A      1.819599   192A      1.821952   193A      1.834190  
     194A      1.847976   195A      1.859512   196A      1.866478  
     197A      1.877570   198A      1.890351   199A      1.907412  
     200A      1.927965   201A      1.933141   202A      1.944541  
     203A      1.949285   204A      1.968893   205A      1.986511  
     206A      1.991017   207A      2.000042   208A      2.010500  
     209A      2.013603   210A      2.039401   211A      2.057326  
     212A      2.069337   213A      2.082258   214A      2.086817  
     215A      2.108103   216A      2.123483   217A      2.137478  
     218A      2.146072   219A      2.177800   220A      2.177936  
     221A      2.204283   222A      2.209583   223A      2.213298  
     224A      2.243755   225A      2.260289   226A      2.279675  
     227A      2.288201   228A      2.314370   229A      2.340598  
     230A      2.350422   231A      2.355367   232A      2.372527  
     233A      2.398729   234A      2.404809   235A      2.412409  
     236A      2.431417   237A      2.439142   238A      2.454182  
     239A      2.476994   240A      2.498669   241A      2.531588  
     242A      2.556276   243A      2.564457   244A      2.567377  
     245A      2.625491   246A      2.631679   247A      2.644700  
     248A      2.655755   249A      2.685415   250A      2.687735  
     251A      2.704153   252A      2.725056   253A      2.748240  
     254A      2.763576   255A      2.807942   256A      2.812150  
     257A      2.842680   258A      2.855037   259A      2.892181  
     260A      2.894248   261A      2.925194   262A      2.940080  
     263A      3.005554   264A      3.042633   265A      3.055587  
     266A      3.082105   267A      3.129723   268A      3.131450  
     269A      3.201250   270A      3.250484   271A      3.287178  
     272A      3.303379   273A      3.315766   274A      3.421853  
     275A      3.440924   276A      3.544408   277A      3.546165  
     278A      3.598268   279A      3.669118   280A      3.689464  
     281A      3.785979   282A      3.900423   283A      3.947854  
     284A      3.976171   285A      4.110489   286A      4.179933  
     287A      4.266432   288A      4.277545   289A      4.605067  
     290A      4.671221   291A      4.764906   292A      4.779741  
     293A      4.836964   294A      4.902522   295A      4.958315  
     296A      5.149076   297A      5.462662   298A      5.544268  
     299A      5.715944   300A      6.044765   301A      6.739497  
     302A     18.214495   303A     18.355548   304A     18.478326  
     305A     25.337116   306A     33.434350  

    Final Occupation by Irrep:
              A 
    DOCC [    28 ]

  @DF-RHF Final Energy:  -361.16135730618214

   => Energetics <=

    Nuclear Repulsion Energy =            330.1581203137725424
    One-Electron Energy =               -1136.1413392665115225
    Two-Electron Energy =                 444.8218616465568402
    Total Energy =                       -361.1613573061821398

Computation Completed


Properties will be evaluated at   0.000000,   0.000000,   0.000000 [a0]

Properties computed using the SCF density matrix

  Nuclear Dipole Moment: [e a0]
     X:   -11.0455      Y:   441.6999      Z:   137.5178

  Electronic Dipole Moment: [e a0]
     X:    12.8826      Y:  -436.6674      Z:  -137.1604

  Dipole Moment: [e a0]
     X:     1.8371      Y:     5.0325      Z:     0.3574     Total:     5.3692

  Dipole Moment: [D]
     X:     4.6693      Y:    12.7914      Z:     0.9085     Total:    13.6472


*** tstop() called on aliaconda at Sun Mar 20 06:41:34 2022
Module time:
	user time   =     214.00 seconds =       3.57 minutes
	system time =      24.53 seconds =       0.41 minutes
	total time  =         10 seconds =       0.17 minutes
Total time:
	user time   =  136322.25 seconds =    2272.04 minutes
	system time =   19236.89 seconds =     320.61 minutes
	total time  =       8277 seconds =     137.95 minutes
  Constructing Basis Sets for SAPT...

   => Loading Basis Set <=

    Name: (JUN-CC-PVDZ AUX)
    Role: RIFIT
    Keyword: DF_BASIS_SAPT
    atoms 1, 14                                          entry N          line   144 file /home/alia/anaconda3/envs/mddemo/share/psi4/basis/jun-cc-pvdz-ri.gbs 
    atoms 2-4, 6, 8-10, 13, 15-17, 19, 21, 23, 25-27, 30 entry H          line    30 file /home/alia/anaconda3/envs/mddemo/share/psi4/basis/jun-cc-pvdz-ri.gbs 
    atoms 5, 7, 11, 18, 20, 24, 28                       entry C          line   100 file /home/alia/anaconda3/envs/mddemo/share/psi4/basis/jun-cc-pvdz-ri.gbs 
    atoms 12, 22, 29                                     entry O          line   188 file /home/alia/anaconda3/envs/mddemo/share/psi4/basis/jun-cc-pvdz-ri.gbs 


  //>>>>>>>>>>>>>>>>>>>>>>>>>>>>>>>>>>>//
  //               SAPT0               //
  //<<<<<<<<<<<<<<<<<<<<<<<<<<<<<<<<<<<//


*** tstart() called on aliaconda
*** at Sun Mar 20 06:41:34 2022

        SAPT0  
    Ed Hohenstein
     6 June 2009

      Orbital Information
  --------------------------
    NSO        =       306
    NMO        =       306
    NRI        =      1032
    NOCC A     =        20
    NOCC B     =        28
    FOCC A     =         0
    FOCC B     =         0
    NVIR A     =       286
    NVIR B     =       278

    Elst10,r            =     0.058683570502 [Eh]
    Exch10              =    -0.000000006403 [Eh]
    Exch10 (S^2)        =    -0.000000006403 [Eh]

    Iter     Energy [mEh]          dE [mEh]         Residual      Time [s]
       1      -0.27485568       0.274855680       4.848257361             1
       2      -0.27180615      -0.003049529       1.686244326             1
       3      -0.29682134       0.025015186       0.552505502             2
       4      -0.30162247       0.004801132       0.163689520             2
       5      -0.30080655      -0.000815914       0.089058634             3
       6      -0.30030018      -0.000506372       0.023560523             4
       7      -0.30045604       0.000155861       0.005990290             4
       8      -0.30046428       0.000008235       0.001606172             5
       9      -0.30045644      -0.000007843       0.000670744             5
      10      -0.30045633      -0.000000105       0.000357258             6
      11      -0.30045770       0.000001369       0.000150577             6
      12      -0.30045744      -0.000000263       0.000037866             7
      13      -0.30045734      -0.000000095       0.000007714             8
      14      -0.30045736       0.000000020       0.000002715             8
      15      -0.30045737       0.000000005       0.000000632             9

    CHF Iterations converged


    Iter     Energy [mEh]          dE [mEh]         Residual      Time [s]
       1      -0.18681359       0.186813588       3.190227543             0
       2      -0.19375818       0.006944591       1.353716516             1
       3      -0.20837192       0.014613738       0.492104515             2
       4      -0.21136691       0.002994997       0.138440820             2
       5      -0.21090168      -0.000465235       0.084283719             3
       6      -0.21047312      -0.000428556       0.026257625             3
       7      -0.21053080       0.000057676       0.011502439             4
       8      -0.21058348       0.000052685       0.003142525             5
       9      -0.21057677      -0.000006718       0.001308151             5
      10      -0.21057230      -0.000004468       0.000590138             6
      11      -0.21057402       0.000001721       0.000332515             6
      12      -0.21057437       0.000000357       0.000104274             7
      13      -0.21057406      -0.000000311       0.000029190             8
      14      -0.21057404      -0.000000024       0.000008341             8
      15      -0.21057406       0.000000023       0.000002382             9
      16      -0.21057406       0.000000000       0.000000961             9

    CHF Iterations converged

    Ind20,r (A<-B)      =    -0.000300457366 [Eh]
    Ind20,r (B<-A)      =    -0.000210574064 [Eh]
    Ind20,r             =    -0.000511031430 [Eh]
    Exch-Ind20,r (A<-B) =     0.000000001211 [Eh]
    Exch-Ind20,r (B<-A) =     0.000000001274 [Eh]
    Exch-Ind20,r        =     0.000000002485 [Eh]
    Disp20              =    -0.000035558661 [Eh]
    Disp20 (SS)         =    -0.000017779330 [Eh]
    Disp20 (OS)         =    -0.000017779330 [Eh]
    Exch-Disp20         =     0.000000000856 [Eh]
    Exch-Disp20 (SS)    =     0.000000000640 [Eh]
    Exch-Disp20 (OS)    =     0.000000000216 [Eh]

    SAPT Results 
  --------------------------------------------------------------------------------------------------------
    Electrostatics                 58.68357050 [mEh]      36.82449645 [kcal/mol]     154.07369313 [kJ/mol]
      Elst10,r                     58.68357050 [mEh]      36.82449645 [kcal/mol]     154.07369313 [kJ/mol]

    Exchange                       -0.00000640 [mEh]      -0.00000402 [kcal/mol]      -0.00001681 [kJ/mol]
      Exch10                       -0.00000640 [mEh]      -0.00000402 [kcal/mol]      -0.00001681 [kJ/mol]
      Exch10(S^2)                  -0.00000640 [mEh]      -0.00000402 [kcal/mol]      -0.00001681 [kJ/mol]

    Induction                      -0.50483300 [mEh]      -0.31678749 [kcal/mol]      -1.32543886 [kJ/mol]
      Ind20,r                      -0.51103143 [mEh]      -0.32067706 [kcal/mol]      -1.34171283 [kJ/mol]
      Exch-Ind20,r                  0.00000248 [mEh]       0.00000156 [kcal/mol]       0.00000652 [kJ/mol]
      delta HF,r (2)                0.00619595 [mEh]       0.00388801 [kcal/mol]       0.01626745 [kJ/mol]

    Dispersion                     -0.03555781 [mEh]      -0.02231286 [kcal/mol]      -0.09335700 [kJ/mol]
      Disp20                       -0.03555866 [mEh]      -0.02231340 [kcal/mol]      -0.09335925 [kJ/mol]
      Exch-Disp20                   0.00000086 [mEh]       0.00000054 [kcal/mol]       0.00000225 [kJ/mol]
      Disp20 (SS)                  -0.01777933 [mEh]      -0.01115670 [kcal/mol]      -0.04667963 [kJ/mol]
      Disp20 (OS)                  -0.01777933 [mEh]      -0.01115670 [kcal/mol]      -0.04667963 [kJ/mol]
      Exch-Disp20 (SS)              0.00000064 [mEh]       0.00000040 [kcal/mol]       0.00000168 [kJ/mol]
      Exch-Disp20 (OS)              0.00000022 [mEh]       0.00000014 [kcal/mol]       0.00000057 [kJ/mol]

  Total HF                         58.17873110 [mEh]      36.50770494 [kcal/mol]     152.74823746 [kJ/mol]
  Total SAPT0                      58.14317329 [mEh]      36.48539208 [kcal/mol]     152.65488045 [kJ/mol]

  Special recipe for scaled SAPT0 (see Manual):
    Electrostatics sSAPT0          58.68357050 [mEh]      36.82449645 [kcal/mol]     154.07369313 [kJ/mol]
    Exchange sSAPT0                -0.00000640 [mEh]      -0.00000402 [kcal/mol]      -0.00001681 [kJ/mol]
    Induction sSAPT0               -0.50483300 [mEh]      -0.31678749 [kcal/mol]      -1.32543886 [kJ/mol]
    Dispersion sSAPT0              -0.03555781 [mEh]      -0.02231286 [kcal/mol]      -0.09335700 [kJ/mol]
  Total sSAPT0                     58.14317329 [mEh]      36.48539208 [kcal/mol]     152.65488045 [kJ/mol]
  --------------------------------------------------------------------------------------------------------

*** tstop() called on aliaconda at Sun Mar 20 06:42:23 2022
Module time:
	user time   =     701.03 seconds =      11.68 minutes
	system time =     122.97 seconds =       2.05 minutes
	total time  =         49 seconds =       0.82 minutes
Total time:
	user time   =  137025.89 seconds =    2283.76 minutes
	system time =   19360.33 seconds =     322.67 minutes
	total time  =       8326 seconds =     138.77 minutes


Warning! sapt0 does not have an associated derived wavefunction.The returned wavefunction is the dimer SCF wavefunction.


  Memory set to  74.506 GiB by Python driver.
  Threads set to 32 by Python driver.
