
Scratch directory: /tmp/

Scratch directory: /tmp/

  //>>>>>>>>>>>>>>>>>>>>>>>>>>>>>>>>>>>//
  //              Dimer HF             //
  //<<<<<<<<<<<<<<<<<<<<<<<<<<<<<<<<<<<//


*** tstart() called on aliaconda
*** at Sun Mar 20 06:19:58 2022

   => Loading Basis Set <=

    Name: JUN-CC-PVDZ
    Role: ORBITAL
    Keyword: BASIS
    atoms 1, 14                                          entry N          line   198 file /home/alia/anaconda3/envs/mddemo/share/psi4/basis/jun-cc-pvdz.gbs 
    atoms 2-4, 6, 8-10, 13, 15-17, 19, 21, 23, 25-27, 30 entry H          line    36 file /home/alia/anaconda3/envs/mddemo/share/psi4/basis/jun-cc-pvdz.gbs 
    atoms 5, 7, 11, 18, 20, 24, 28                       entry C          line   164 file /home/alia/anaconda3/envs/mddemo/share/psi4/basis/jun-cc-pvdz.gbs 
    atoms 12, 22, 29                                     entry O          line   232 file /home/alia/anaconda3/envs/mddemo/share/psi4/basis/jun-cc-pvdz.gbs 


         ---------------------------------------------------------
                                   SCF
               by Justin Turney, Rob Parrish, Andy Simmonett
                          and Daniel G. A. Smith
                              RHF Reference
                       32 Threads,  76293 MiB Core
         ---------------------------------------------------------

  ==> Geometry <==

    Molecular point group: c1
    Full point group: C1

    Geometry (in Angstrom), charge = 2, multiplicity = 1:

       Center              X                  Y                   Z               Mass       
    ------------   -----------------  -----------------  -----------------  -----------------
         N            0.063737687636    -6.101343985118    -1.232082530359    14.003074004430
         H           -0.552262011003    -6.523343916454    -2.175082608561     1.007825032230
         H           -0.842261972856    -5.928343649425    -0.458082839350     1.007825032230
         H            0.622737702895    -6.843343611278    -0.899082824091     1.007825032230
         C            0.777737912703    -4.858343954601    -1.488082572321    12.000000000000
         H            0.249738034773    -4.029343958416    -1.053082629542     1.007825032230
         C            2.126737889815    -4.925343866863    -0.752082511286    12.000000000000
         H            2.825737890768    -5.600343580761    -1.263082667688     1.007825032230
         H            1.867737826872    -5.161343927898     0.364917114874     1.007825032230
         H            2.705737886000    -3.970343943157    -0.741082831720     1.007825032230
         C            0.940737781096    -4.521343584575    -2.991082593302    12.000000000000
         O            0.202738103438    -4.929344053783    -3.844082757334    15.994914619570
         H            1.777389821577    -3.873717184581    -3.292069836954     1.007825032230
         N            0.529737767744     2.455656175099     0.507917240759    14.003074004430
         H            0.668737706709     1.281656388722     0.727917507788     1.007825032230
         H            0.424737748671     2.400655869923    -0.691082640986     1.007825032230
         H            1.390737828780     2.943656091176     0.684917286535     1.007825032230
         C           -0.647262278032     3.131655816517     0.991917446752    12.000000000000
         H           -1.461261930894     2.386655930958     0.900917366644     1.007825032230
         C           -0.702262106371     3.614656571827     2.440916851660    12.000000000000
         H           -1.738261881303     3.901656274281     2.645917729040     1.007825032230
         O            0.038738069106     4.845656518422     2.736917332312    15.994914619570
         H            0.943737802077     4.685655717335     2.404917553564     1.007825032230
         C           -0.237261953783     2.511655930958     3.404917553564    12.000000000000
         H            0.825737771559     2.148656014882     3.279917553564     1.007825032230
         H           -0.851262274217     1.604656342946     3.253917530676     1.007825032230
         H           -0.311262312364     2.910656098805     4.395917729040     1.007825032230
         C           -1.021261873674     4.331656579457     0.145917252203    12.000000000000
         O           -2.213262262773     4.612655763112    -0.065082713465    15.994914619570
         H           -0.229191484880     4.960892800770    -0.286155387262     1.007825032230

  Running in c1 symmetry.

  Rotational constants: A =      0.03880  B =      0.00408  C =      0.00385 [cm^-1]
  Rotational constants: A =   1163.22018  B =    122.26955  C =    115.55472 [MHz]
  Nuclear repulsion =  644.131128394298685

  Charge       = 2
  Multiplicity = 1
  Electrons    = 96
  Nalpha       = 48
  Nbeta        = 48

  ==> Algorithm <==

  SCF Algorithm Type is DF.
  DIIS enabled.
  MOM disabled.
  Fractional occupation disabled.
  Guess Type is SAD.
  Energy threshold   = 1.00e-08
  Density threshold  = 1.00e-08
  Integral threshold = 1.00e-12

  ==> Primary Basis <==

  Basis Set: JUN-CC-PVDZ
    Blend: JUN-CC-PVDZ
    Number of shells: 150
    Number of basis functions: 306
    Number of Cartesian functions: 318
    Spherical Harmonics?: true
    Max angular momentum: 2

   => Loading Basis Set <=

    Name: (JUN-CC-PVDZ AUX)
    Role: JKFIT
    Keyword: DF_BASIS_SCF
    atoms 1, 14                                          entry N          line   202 file /home/alia/anaconda3/envs/mddemo/share/psi4/basis/jun-cc-pvdz-jkfit.gbs 
    atoms 2-4, 6, 8-10, 13, 15-17, 19, 21, 23, 25-27, 30 entry H          line    70 file /home/alia/anaconda3/envs/mddemo/share/psi4/basis/jun-cc-pvdz-jkfit.gbs 
    atoms 5, 7, 11, 18, 20, 24, 28                       entry C          line   146 file /home/alia/anaconda3/envs/mddemo/share/psi4/basis/jun-cc-pvdz-jkfit.gbs 
    atoms 12, 22, 29                                     entry O          line   258 file /home/alia/anaconda3/envs/mddemo/share/psi4/basis/jun-cc-pvdz-jkfit.gbs 

  ==> Integral Setup <==

  ==> DiskDFJK: Density-Fitted J/K Matrices <==

    J tasked:                  Yes
    K tasked:                  Yes
    wK tasked:                  No
    OpenMP threads:             32
    Integrals threads:          32
    Memory [MiB]:            57220
    Algorithm:                Core
    Integral Cache:           SAVE
    Schwarz Cutoff:          1E-12
    Fitting Condition:       1E-10

   => Auxiliary Basis Set <=

  Basis Set: (JUN-CC-PVDZ AUX)
    Blend: JUN-CC-PVDZ-JKFIT
    Number of shells: 486
    Number of basis functions: 1362
    Number of Cartesian functions: 1542
    Spherical Harmonics?: true
    Max angular momentum: 3

  Minimum eigenvalue in the overlap matrix is 6.0383060514E-05.
  Reciprocal condition number of the overlap matrix is 5.2763323772E-06.
    Using symmetric orthogonalization.

  ==> Pre-Iterations <==

  SCF Guess: Superposition of Atomic Densities via on-the-fly atomic UHF (no occupation information).

   -------------------------
    Irrep   Nso     Nmo    
   -------------------------
     A        306     306 
   -------------------------
    Total     306     306
   -------------------------

  ==> Iterations <==

                           Total Energy        Delta E     RMS |[F,P]|

   @DF-RHF iter SAD:  -607.24441275994036   -6.07244e+02   0.00000e+00 
   @DF-RHF iter   1:  -607.96506579398283   -7.20653e-01   2.82015e-03 DIIS
   @DF-RHF iter   2:  -608.28536563552439   -3.20300e-01   1.80044e-03 DIIS
   @DF-RHF iter   3:  -608.39857695845831   -1.13211e-01   3.99841e-04 DIIS
   @DF-RHF iter   4:  -608.40752450231253   -8.94754e-03   1.47592e-04 DIIS
   @DF-RHF iter   5:  -608.40879588094094   -1.27138e-03   3.66484e-05 DIIS
   @DF-RHF iter   6:  -608.40891885737040   -1.22976e-04   1.83290e-05 DIIS
   @DF-RHF iter   7:  -608.40895001462798   -3.11573e-05   8.31297e-06 DIIS
   @DF-RHF iter   8:  -608.40895760949115   -7.59486e-06   3.38392e-06 DIIS
   @DF-RHF iter   9:  -608.40895897283667   -1.36335e-06   1.24994e-06 DIIS
   @DF-RHF iter  10:  -608.40895913916859   -1.66332e-07   3.78197e-07 DIIS
   @DF-RHF iter  11:  -608.40895915599469   -1.68261e-08   1.56734e-07 DIIS
   @DF-RHF iter  12:  -608.40895916041666   -4.42196e-09   7.65662e-08 DIIS
   @DF-RHF iter  13:  -608.40895916185525   -1.43859e-09   4.07011e-08 DIIS
   @DF-RHF iter  14:  -608.40895916242016   -5.64910e-10   1.80026e-08 DIIS
   @DF-RHF iter  15:  -608.40895916251907   -9.89075e-11   6.55754e-09 DIIS
  Energy and wave function converged.


  ==> Post-Iterations <==

    Orbital Energies [Eh]
    ---------------------

    Doubly Occupied:                                                      

       1A    -20.821933     2A    -20.800545     3A    -20.792697  
       4A    -16.015723     5A    -15.990805     6A    -11.593590  
       7A    -11.579396     8A    -11.573056     9A    -11.561221  
      10A    -11.534354    11A    -11.505697    12A    -11.453002  
      13A     -1.659121    14A     -1.612039    15A     -1.587376  
      16A     -1.570230    17A     -1.566556    18A     -1.309787  
      19A     -1.307211    20A     -1.214403    21A     -1.161149  
      22A     -1.084687    23A     -1.079101    24A     -1.076675  
      25A     -1.030987    26A     -1.012366    27A     -0.990894  
      28A     -0.977088    29A     -0.958173    30A     -0.947363  
      31A     -0.899713    32A     -0.896401    33A     -0.871714  
      34A     -0.868373    35A     -0.851367    36A     -0.824415  
      37A     -0.813315    38A     -0.807940    39A     -0.796834  
      40A     -0.781859    41A     -0.770899    42A     -0.751701  
      43A     -0.740428    44A     -0.729976    45A     -0.713394  
      46A     -0.681891    47A     -0.674667    48A     -0.649939  

    Virtual:                                                              

      49A     -0.212209    50A     -0.184490    51A     -0.160728  
      52A     -0.147165    53A     -0.136694    54A     -0.132992  
      55A     -0.125511    56A     -0.117461    57A     -0.112260  
      58A     -0.102646    59A     -0.095221    60A     -0.094089  
      61A     -0.089913    62A     -0.081874    63A     -0.077118  
      64A     -0.074846    65A     -0.067844    66A     -0.067413  
      67A     -0.064501    68A     -0.060494    69A     -0.051514  
      70A     -0.046670    71A     -0.041825    72A     -0.035474  
      73A     -0.034442    74A     -0.027959    75A     -0.027269  
      76A     -0.023979    77A     -0.020248    78A     -0.012910  
      79A     -0.009271    80A     -0.005496    81A     -0.001512  
      82A      0.007988    83A      0.016412    84A      0.027399  
      85A      0.038335    86A      0.039953    87A      0.044982  
      88A      0.056285    89A      0.058997    90A      0.063502  
      91A      0.067058    92A      0.078495    93A      0.084464  
      94A      0.092204    95A      0.098061    96A      0.104365  
      97A      0.109131    98A      0.114301    99A      0.117671  
     100A      0.125467   101A      0.126376   102A      0.133673  
     103A      0.140524   104A      0.145434   105A      0.151415  
     106A      0.159786   107A      0.163081   108A      0.173288  
     109A      0.179249   110A      0.194042   111A      0.201259  
     112A      0.202726   113A      0.208673   114A      0.220351  
     115A      0.221524   116A      0.224707   117A      0.235127  
     118A      0.241220   119A      0.263422   120A      0.273386  
     121A      0.284714   122A      0.297168   123A      0.315400  
     124A      0.335980   125A      0.356687   126A      0.361171  
     127A      0.449805   128A      0.462706   129A      0.488025  
     130A      0.505091   131A      0.511564   132A      0.527883  
     133A      0.533973   134A      0.548103   135A      0.551182  
     136A      0.560585   137A      0.565613   138A      0.581317  
     139A      0.589186   140A      0.604025   141A      0.606959  
     142A      0.616839   143A      0.620060   144A      0.639609  
     145A      0.641863   146A      0.655045   147A      0.661038  
     148A      0.671411   149A      0.675419   150A      0.694252  
     151A      0.700006   152A      0.705906   153A      0.712508  
     154A      0.725269   155A      0.731287   156A      0.734126  
     157A      0.748371   158A      0.752186   159A      0.768416  
     160A      0.781465   161A      0.782088   162A      0.803238  
     163A      0.804912   164A      0.815152   165A      0.821455  
     166A      0.832357   167A      0.845267   168A      0.849844  
     169A      0.852609   170A      0.863803   171A      0.869609  
     172A      0.908621   173A      0.922399   174A      0.956371  
     175A      0.980440   176A      1.029946   177A      1.032382  
     178A      1.043726   179A      1.083402   180A      1.128439  
     181A      1.144461   182A      1.175236   183A      1.181370  
     184A      1.183948   185A      1.213274   186A      1.231040  
     187A      1.242189   188A      1.242548   189A      1.264266  
     190A      1.271311   191A      1.274818   192A      1.284771  
     193A      1.293908   194A      1.297420   195A      1.310041  
     196A      1.326222   197A      1.331523   198A      1.342345  
     199A      1.343541   200A      1.359032   201A      1.383865  
     202A      1.391005   203A      1.430435   204A      1.437693  
     205A      1.445533   206A      1.464395   207A      1.490423  
     208A      1.511996   209A      1.526539   210A      1.546448  
     211A      1.557413   212A      1.559804   213A      1.586489  
     214A      1.603755   215A      1.616640   216A      1.637571  
     217A      1.651430   218A      1.660358   219A      1.661680  
     220A      1.678831   221A      1.686289   222A      1.691087  
     223A      1.696341   224A      1.704640   225A      1.727830  
     226A      1.730613   227A      1.742866   228A      1.743708  
     229A      1.757261   230A      1.765181   231A      1.771604  
     232A      1.776109   233A      1.788054   234A      1.799178  
     235A      1.811321   236A      1.821330   237A      1.846389  
     238A      1.852245   239A      1.852783   240A      1.869560  
     241A      1.872125   242A      1.907347   243A      1.923006  
     244A      1.944802   245A      1.965593   246A      1.981894  
     247A      1.984658   248A      2.001482   249A      2.024055  
     250A      2.042576   251A      2.052595   252A      2.055066  
     253A      2.082840   254A      2.099045   255A      2.118395  
     256A      2.140956   257A      2.154943   258A      2.155539  
     259A      2.187346   260A      2.190776   261A      2.219992  
     262A      2.258551   263A      2.290607   264A      2.307693  
     265A      2.351552   266A      2.357667   267A      2.368056  
     268A      2.383011   269A      2.391949   270A      2.400927  
     271A      2.422760   272A      2.472954   273A      2.475819  
     274A      2.485234   275A      2.544643   276A      2.549218  
     277A      2.567423   278A      2.594134   279A      2.599721  
     280A      2.623048   281A      2.636104   282A      2.652355  
     283A      2.657999   284A      2.690583   285A      2.726881  
     286A      2.739758   287A      2.775827   288A      2.807402  
     289A      2.837976   290A      2.868070   291A      2.905149  
     292A      2.963222   293A      2.972298   294A      3.056013  
     295A      3.081088   296A      3.083033   297A      3.156713  
     298A      3.227312   299A      3.228738   300A      3.247815  
     301A      3.458869   302A      3.500966   303A      3.502821  
     304A      3.723565   305A      3.761231   306A      3.905567  

    Final Occupation by Irrep:
              A 
    DOCC [    48 ]

  @DF-RHF Final Energy:  -608.40895916251907

   => Energetics <=

    Nuclear Repulsion Energy =            644.1311283942986847
    One-Electron Energy =               -2082.0960705212792163
    Two-Electron Energy =                 829.5559829644614638
    Total Energy =                       -608.4089591625190678

Computation Completed


Properties will be evaluated at   0.000000,   0.000000,   0.000000 [a0]

Properties computed using the SCF density matrix

  Nuclear Dipole Moment: [e a0]
     X:     7.7857      Y:   -11.8785      Z:     7.3092

  Electronic Dipole Moment: [e a0]
     X:    -5.0448      Y:     5.0822      Z:    -7.6658

  Dipole Moment: [e a0]
     X:     2.7409      Y:    -6.7963      Z:    -0.3566     Total:     7.3369

  Dipole Moment: [D]
     X:     6.9668      Y:   -17.2745      Z:    -0.9065     Total:    18.6485


*** tstop() called on aliaconda at Sun Mar 20 06:20:12 2022
Module time:
	user time   =     313.96 seconds =       5.23 minutes
	system time =      37.69 seconds =       0.63 minutes
	total time  =         14 seconds =       0.23 minutes
Total time:
	user time   =  114477.12 seconds =    1907.95 minutes
	system time =   16047.67 seconds =     267.46 minutes
	total time  =       6995 seconds =     116.58 minutes

  //>>>>>>>>>>>>>>>>>>>>>>>>>>>>>>>>>>>//
  //            Monomer A HF           //
  //<<<<<<<<<<<<<<<<<<<<<<<<<<<<<<<<<<<//


*** tstart() called on aliaconda
*** at Sun Mar 20 06:20:12 2022

   => Loading Basis Set <=

    Name: JUN-CC-PVDZ
    Role: ORBITAL
    Keyword: BASIS
    atoms 1, 14                                          entry N          line   198 file /home/alia/anaconda3/envs/mddemo/share/psi4/basis/jun-cc-pvdz.gbs 
    atoms 2-4, 6, 8-10, 13, 15-17, 19, 21, 23, 25-27, 30 entry H          line    36 file /home/alia/anaconda3/envs/mddemo/share/psi4/basis/jun-cc-pvdz.gbs 
    atoms 5, 7, 11, 18, 20, 24, 28                       entry C          line   164 file /home/alia/anaconda3/envs/mddemo/share/psi4/basis/jun-cc-pvdz.gbs 
    atoms 12, 22, 29                                     entry O          line   232 file /home/alia/anaconda3/envs/mddemo/share/psi4/basis/jun-cc-pvdz.gbs 


         ---------------------------------------------------------
                                   SCF
               by Justin Turney, Rob Parrish, Andy Simmonett
                          and Daniel G. A. Smith
                              RHF Reference
                       32 Threads,  76293 MiB Core
         ---------------------------------------------------------

  ==> Geometry <==

    Molecular point group: c1
    Full point group: C1

    Geometry (in Angstrom), charge = 1, multiplicity = 1:

       Center              X                  Y                   Z               Mass       
    ------------   -----------------  -----------------  -----------------  -----------------
         N            0.063737687636    -6.101343985118    -1.232082530359    14.003074004430
         H           -0.552262011003    -6.523343916454    -2.175082608561     1.007825032230
         H           -0.842261972856    -5.928343649425    -0.458082839350     1.007825032230
         H            0.622737702895    -6.843343611278    -0.899082824091     1.007825032230
         C            0.777737912703    -4.858343954601    -1.488082572321    12.000000000000
         H            0.249738034773    -4.029343958416    -1.053082629542     1.007825032230
         C            2.126737889815    -4.925343866863    -0.752082511286    12.000000000000
         H            2.825737890768    -5.600343580761    -1.263082667688     1.007825032230
         H            1.867737826872    -5.161343927898     0.364917114874     1.007825032230
         H            2.705737886000    -3.970343943157    -0.741082831720     1.007825032230
         C            0.940737781096    -4.521343584575    -2.991082593302    12.000000000000
         O            0.202738103438    -4.929344053783    -3.844082757334    15.994914619570
         H            1.777389821577    -3.873717184581    -3.292069836954     1.007825032230
      Gh(N)           0.529737767744     2.455656175099     0.507917240759    14.003074004430
      Gh(H)           0.668737706709     1.281656388722     0.727917507788     1.007825032230
      Gh(H)           0.424737748671     2.400655869923    -0.691082640986     1.007825032230
      Gh(H)           1.390737828780     2.943656091176     0.684917286535     1.007825032230
      Gh(C)          -0.647262278032     3.131655816517     0.991917446752    12.000000000000
      Gh(H)          -1.461261930894     2.386655930958     0.900917366644     1.007825032230
      Gh(C)          -0.702262106371     3.614656571827     2.440916851660    12.000000000000
      Gh(H)          -1.738261881303     3.901656274281     2.645917729040     1.007825032230
      Gh(O)           0.038738069106     4.845656518422     2.736917332312    15.994914619570
      Gh(H)           0.943737802077     4.685655717335     2.404917553564     1.007825032230
      Gh(C)          -0.237261953783     2.511655930958     3.404917553564    12.000000000000
      Gh(H)           0.825737771559     2.148656014882     3.279917553564     1.007825032230
      Gh(H)          -0.851262274217     1.604656342946     3.253917530676     1.007825032230
      Gh(H)          -0.311262312364     2.910656098805     4.395917729040     1.007825032230
      Gh(C)          -1.021261873674     4.331656579457     0.145917252203    12.000000000000
      Gh(O)          -2.213262262773     4.612655763112    -0.065082713465    15.994914619570
      Gh(H)          -0.229191484880     4.960892800770    -0.286155387262     1.007825032230

  Running in c1 symmetry.

  Rotational constants: A =      0.03880  B =      0.00408  C =      0.00385 [cm^-1]
  Rotational constants: A =   1163.22018  B =    122.26955  C =    115.55472 [MHz]
  Nuclear repulsion =  185.246425971956882

  Charge       = 1
  Multiplicity = 1
  Electrons    = 40
  Nalpha       = 20
  Nbeta        = 20

  ==> Algorithm <==

  SCF Algorithm Type is DF.
  DIIS enabled.
  MOM disabled.
  Fractional occupation disabled.
  Guess Type is SAD.
  Energy threshold   = 1.00e-08
  Density threshold  = 1.00e-08
  Integral threshold = 1.00e-12

  ==> Primary Basis <==

  Basis Set: JUN-CC-PVDZ
    Blend: JUN-CC-PVDZ
    Number of shells: 150
    Number of basis functions: 306
    Number of Cartesian functions: 318
    Spherical Harmonics?: true
    Max angular momentum: 2

   => Loading Basis Set <=

    Name: (JUN-CC-PVDZ AUX)
    Role: JKFIT
    Keyword: DF_BASIS_SCF
    atoms 1, 14                                          entry N          line   202 file /home/alia/anaconda3/envs/mddemo/share/psi4/basis/jun-cc-pvdz-jkfit.gbs 
    atoms 2-4, 6, 8-10, 13, 15-17, 19, 21, 23, 25-27, 30 entry H          line    70 file /home/alia/anaconda3/envs/mddemo/share/psi4/basis/jun-cc-pvdz-jkfit.gbs 
    atoms 5, 7, 11, 18, 20, 24, 28                       entry C          line   146 file /home/alia/anaconda3/envs/mddemo/share/psi4/basis/jun-cc-pvdz-jkfit.gbs 
    atoms 12, 22, 29                                     entry O          line   258 file /home/alia/anaconda3/envs/mddemo/share/psi4/basis/jun-cc-pvdz-jkfit.gbs 

  ==> Integral Setup <==

  ==> DiskDFJK: Density-Fitted J/K Matrices <==

    J tasked:                  Yes
    K tasked:                  Yes
    wK tasked:                  No
    OpenMP threads:             32
    Integrals threads:          32
    Memory [MiB]:            57220
    Algorithm:                Core
    Integral Cache:           LOAD
    Schwarz Cutoff:          1E-12
    Fitting Condition:       1E-10

   => Auxiliary Basis Set <=

  Basis Set: (JUN-CC-PVDZ AUX)
    Blend: JUN-CC-PVDZ-JKFIT
    Number of shells: 486
    Number of basis functions: 1362
    Number of Cartesian functions: 1542
    Spherical Harmonics?: true
    Max angular momentum: 3

  Minimum eigenvalue in the overlap matrix is 6.0383060514E-05.
  Reciprocal condition number of the overlap matrix is 5.2763323772E-06.
    Using symmetric orthogonalization.

  ==> Pre-Iterations <==

  SCF Guess: Superposition of Atomic Densities via on-the-fly atomic UHF (no occupation information).

   -------------------------
    Irrep   Nso     Nmo    
   -------------------------
     A        306     306 
   -------------------------
    Total     306     306
   -------------------------

  ==> Iterations <==

                           Total Energy        Delta E     RMS |[F,P]|

   @DF-RHF iter SAD:  -246.74714724103552   -2.46747e+02   0.00000e+00 
   @DF-RHF iter   1:  -247.13461271758590   -3.87465e-01   1.72371e-03 DIIS
   @DF-RHF iter   2:  -247.26122504446690   -1.26612e-01   1.03371e-03 DIIS
   @DF-RHF iter   3:  -247.29882572174711   -3.76007e-02   2.37813e-04 DIIS
   @DF-RHF iter   4:  -247.30220610535915   -3.38038e-03   8.30349e-05 DIIS
   @DF-RHF iter   5:  -247.30264052741353   -4.34422e-04   1.96893e-05 DIIS
   @DF-RHF iter   6:  -247.30268997593603   -4.94485e-05   8.31731e-06 DIIS
   @DF-RHF iter   7:  -247.30269796920823   -7.99327e-06   3.91291e-06 DIIS
   @DF-RHF iter   8:  -247.30269981963514   -1.85043e-06   1.25549e-06 DIIS
   @DF-RHF iter   9:  -247.30270000245173   -1.82817e-07   2.82655e-07 DIIS
   @DF-RHF iter  10:  -247.30270000993636   -7.48463e-09   8.37333e-08 DIIS
   @DF-RHF iter  11:  -247.30270001069292   -7.56557e-10   1.98228e-08 DIIS
   @DF-RHF iter  12:  -247.30270001074194   -4.90274e-11   6.87948e-09 DIIS
  Energy and wave function converged.


  ==> Post-Iterations <==

    Orbital Energies [Eh]
    ---------------------

    Doubly Occupied:                                                      

       1A    -20.754791     2A    -15.927335     3A    -11.526575  
       4A    -11.503261     5A    -11.436050     6A     -1.592602  
       7A     -1.501953     8A     -1.241254     9A     -1.092585  
      10A     -1.009563    11A     -0.947695    12A     -0.924859  
      13A     -0.879862    14A     -0.833426    15A     -0.804772  
      16A     -0.744779    17A     -0.727982    18A     -0.712738  
      19A     -0.683975    20A     -0.607362  

    Virtual:                                                              

      21A     -0.119868    22A     -0.074000    23A     -0.065032  
      24A     -0.052551    25A     -0.046194    26A     -0.031328  
      27A     -0.024520    28A     -0.022754    29A     -0.013233  
      30A     -0.004754    31A     -0.002709    32A      0.000548  
      33A      0.009284    34A      0.012707    35A      0.017545  
      36A      0.028367    37A      0.030404    38A      0.032799  
      39A      0.038910    40A      0.042668    41A      0.049627  
      42A      0.050761    43A      0.055657    44A      0.061040  
      45A      0.072527    46A      0.077551    47A      0.085426  
      48A      0.092017    49A      0.094419    50A      0.098853  
      51A      0.104349    52A      0.113399    53A      0.119427  
      54A      0.125120    55A      0.134670    56A      0.143424  
      57A      0.148585    58A      0.149463    59A      0.155265  
      60A      0.157748    61A      0.163854    62A      0.168329  
      63A      0.178698    64A      0.183483    65A      0.189480  
      66A      0.194085    67A      0.202347    68A      0.207481  
      69A      0.216901    70A      0.225599    71A      0.233102  
      72A      0.241093    73A      0.247051    74A      0.254872  
      75A      0.265755    76A      0.268608    77A      0.278208  
      78A      0.287193    79A      0.299055    80A      0.309862  
      81A      0.311565    82A      0.325418    83A      0.335134  
      84A      0.342023    85A      0.358106    86A      0.364668  
      87A      0.379358    88A      0.386862    89A      0.397643  
      90A      0.425897    91A      0.438023    92A      0.459012  
      93A      0.483065    94A      0.486869    95A      0.513330  
      96A      0.520906    97A      0.537590    98A      0.555148  
      99A      0.557977   100A      0.566217   101A      0.578884  
     102A      0.582483   103A      0.590690   104A      0.595706  
     105A      0.610828   106A      0.613981   107A      0.634350  
     108A      0.649452   109A      0.657958   110A      0.672771  
     111A      0.675891   112A      0.683529   113A      0.697262  
     114A      0.707092   115A      0.709368   116A      0.722064  
     117A      0.741428   118A      0.743903   119A      0.762607  
     120A      0.763045   121A      0.779921   122A      0.794883  
     123A      0.799888   124A      0.813254   125A      0.840404  
     126A      0.852349   127A      0.865718   128A      0.879204  
     129A      0.893574   130A      0.897835   131A      0.901017  
     132A      0.918951   133A      0.931046   134A      0.945180  
     135A      0.964488   136A      0.978682   137A      0.983908  
     138A      1.022634   139A      1.040179   140A      1.098886  
     141A      1.111626   142A      1.143340   143A      1.211900  
     144A      1.216483   145A      1.250710   146A      1.298347  
     147A      1.308430   148A      1.329971   149A      1.349496  
     150A      1.363609   151A      1.397036   152A      1.407266  
     153A      1.453052   154A      1.503984   155A      1.505105  
     156A      1.545752   157A      1.557784   158A      1.579231  
     159A      1.595380   160A      1.601811   161A      1.621982  
     162A      1.626700   163A      1.653436   164A      1.676198  
     165A      1.686445   166A      1.699782   167A      1.709965  
     168A      1.720030   169A      1.729440   170A      1.738345  
     171A      1.741731   172A      1.747270   173A      1.755894  
     174A      1.777375   175A      1.798963   176A      1.801298  
     177A      1.812123   178A      1.819649   179A      1.827335  
     180A      1.832444   181A      1.855263   182A      1.860420  
     183A      1.877066   184A      1.878868   185A      1.893014  
     186A      1.907518   187A      1.920720   188A      1.929111  
     189A      1.939001   190A      1.948357   191A      1.968120  
     192A      1.981942   193A      2.001970   194A      2.009987  
     195A      2.015973   196A      2.025879   197A      2.045725  
     198A      2.051349   199A      2.061855   200A      2.069271  
     201A      2.081808   202A      2.118305   203A      2.122489  
     204A      2.151700   205A      2.152747   206A      2.159833  
     207A      2.174893   208A      2.183463   209A      2.188095  
     210A      2.222010   211A      2.222742   212A      2.235435  
     213A      2.257415   214A      2.272883   215A      2.317956  
     216A      2.327215   217A      2.344482   218A      2.372229  
     219A      2.377153   220A      2.381413   221A      2.402984  
     222A      2.423216   223A      2.431847   224A      2.459324  
     225A      2.465635   226A      2.488510   227A      2.493573  
     228A      2.528913   229A      2.540510   230A      2.547238  
     231A      2.552988   232A      2.580880   233A      2.604352  
     234A      2.610361   235A      2.618128   236A      2.642031  
     237A      2.663594   238A      2.667304   239A      2.703759  
     240A      2.710233   241A      2.726645   242A      2.762255  
     243A      2.787272   244A      2.792899   245A      2.833903  
     246A      2.872912   247A      2.873608   248A      2.879381  
     249A      2.919794   250A      2.953438   251A      2.971327  
     252A      2.996201   253A      3.029815   254A      3.032578  
     255A      3.104025   256A      3.120420   257A      3.144861  
     258A      3.175824   259A      3.252062   260A      3.295037  
     261A      3.353375   262A      3.381380   263A      3.420078  
     264A      3.494781   265A      3.529779   266A      3.569224  
     267A      3.605901   268A      3.689090   269A      3.747792  
     270A      3.827214   271A      3.913902   272A      4.031084  
     273A      4.050815   274A      4.176358   275A      4.199199  
     276A      4.314334   277A      4.426231   278A      4.438248  
     279A      4.508569   280A      4.633197   281A      4.647236  
     282A      4.658832   283A      4.741386   284A      4.757226  
     285A      4.833024   286A      4.923691   287A      4.969878  
     288A      5.007767   289A      5.091390   290A      5.175493  
     291A      5.257045   292A      5.490468   293A      5.534388  
     294A      5.652667   295A      5.752684   296A      5.844002  
     297A      5.942716   298A      6.604540   299A      6.704116  
     300A     18.146848   301A     18.317333   302A     18.447223  
     303A     18.598313   304A     25.326850   305A     33.444128  
     306A     33.465539  

    Final Occupation by Irrep:
              A 
    DOCC [    20 ]

  @DF-RHF Final Energy:  -247.30270001074194

   => Energetics <=

    Nuclear Repulsion Energy =            185.2464259719568815
    One-Electron Energy =                -694.1914195792704732
    Two-Electron Energy =                 261.6422935965716192
    Total Energy =                       -247.3027000107419440

Computation Completed


Properties will be evaluated at   0.000000,   0.000000,   0.000000 [a0]

Properties computed using the SCF density matrix

  Nuclear Dipole Moment: [e a0]
     X:    63.8612      Y:  -396.6620      Z:  -151.7098

  Electronic Dipole Moment: [e a0]
     X:   -62.8170      Y:   386.0064      Z:   150.0937

  Dipole Moment: [e a0]
     X:     1.0442      Y:   -10.6555      Z:    -1.6161     Total:    10.8278

  Dipole Moment: [D]
     X:     2.6542      Y:   -27.0836      Z:    -4.1077     Total:    27.5216


*** tstop() called on aliaconda at Sun Mar 20 06:20:21 2022
Module time:
	user time   =     175.20 seconds =       2.92 minutes
	system time =      18.78 seconds =       0.31 minutes
	total time  =          9 seconds =       0.15 minutes
Total time:
	user time   =  114652.42 seconds =    1910.87 minutes
	system time =   16066.47 seconds =     267.77 minutes
	total time  =       7004 seconds =     116.73 minutes

  //>>>>>>>>>>>>>>>>>>>>>>>>>>>>>>>>>>>//
  //            Monomer B HF           //
  //<<<<<<<<<<<<<<<<<<<<<<<<<<<<<<<<<<<//


*** tstart() called on aliaconda
*** at Sun Mar 20 06:20:21 2022

   => Loading Basis Set <=

    Name: JUN-CC-PVDZ
    Role: ORBITAL
    Keyword: BASIS
    atoms 1, 14                                          entry N          line   198 file /home/alia/anaconda3/envs/mddemo/share/psi4/basis/jun-cc-pvdz.gbs 
    atoms 2-4, 6, 8-10, 13, 15-17, 19, 21, 23, 25-27, 30 entry H          line    36 file /home/alia/anaconda3/envs/mddemo/share/psi4/basis/jun-cc-pvdz.gbs 
    atoms 5, 7, 11, 18, 20, 24, 28                       entry C          line   164 file /home/alia/anaconda3/envs/mddemo/share/psi4/basis/jun-cc-pvdz.gbs 
    atoms 12, 22, 29                                     entry O          line   232 file /home/alia/anaconda3/envs/mddemo/share/psi4/basis/jun-cc-pvdz.gbs 


         ---------------------------------------------------------
                                   SCF
               by Justin Turney, Rob Parrish, Andy Simmonett
                          and Daniel G. A. Smith
                              RHF Reference
                       32 Threads,  76293 MiB Core
         ---------------------------------------------------------

  ==> Geometry <==

    Molecular point group: c1
    Full point group: C1

    Geometry (in Angstrom), charge = 1, multiplicity = 1:

       Center              X                  Y                   Z               Mass       
    ------------   -----------------  -----------------  -----------------  -----------------
      Gh(N)           0.063737687636    -6.101343985118    -1.232082530359    14.003074004430
      Gh(H)          -0.552262011003    -6.523343916454    -2.175082608561     1.007825032230
      Gh(H)          -0.842261972856    -5.928343649425    -0.458082839350     1.007825032230
      Gh(H)           0.622737702895    -6.843343611278    -0.899082824091     1.007825032230
      Gh(C)           0.777737912703    -4.858343954601    -1.488082572321    12.000000000000
      Gh(H)           0.249738034773    -4.029343958416    -1.053082629542     1.007825032230
      Gh(C)           2.126737889815    -4.925343866863    -0.752082511286    12.000000000000
      Gh(H)           2.825737890768    -5.600343580761    -1.263082667688     1.007825032230
      Gh(H)           1.867737826872    -5.161343927898     0.364917114874     1.007825032230
      Gh(H)           2.705737886000    -3.970343943157    -0.741082831720     1.007825032230
      Gh(C)           0.940737781096    -4.521343584575    -2.991082593302    12.000000000000
      Gh(O)           0.202738103438    -4.929344053783    -3.844082757334    15.994914619570
      Gh(H)           1.777389821577    -3.873717184581    -3.292069836954     1.007825032230
         N            0.529737767744     2.455656175099     0.507917240759    14.003074004430
         H            0.668737706709     1.281656388722     0.727917507788     1.007825032230
         H            0.424737748671     2.400655869923    -0.691082640986     1.007825032230
         H            1.390737828780     2.943656091176     0.684917286535     1.007825032230
         C           -0.647262278032     3.131655816517     0.991917446752    12.000000000000
         H           -1.461261930894     2.386655930958     0.900917366644     1.007825032230
         C           -0.702262106371     3.614656571827     2.440916851660    12.000000000000
         H           -1.738261881303     3.901656274281     2.645917729040     1.007825032230
         O            0.038738069106     4.845656518422     2.736917332312    15.994914619570
         H            0.943737802077     4.685655717335     2.404917553564     1.007825032230
         C           -0.237261953783     2.511655930958     3.404917553564    12.000000000000
         H            0.825737771559     2.148656014882     3.279917553564     1.007825032230
         H           -0.851262274217     1.604656342946     3.253917530676     1.007825032230
         H           -0.311262312364     2.910656098805     4.395917729040     1.007825032230
         C           -1.021261873674     4.331656579457     0.145917252203    12.000000000000
         O           -2.213262262773     4.612655763112    -0.065082713465    15.994914619570
         H           -0.229191484880     4.960892800770    -0.286155387262     1.007825032230

  Running in c1 symmetry.

  Rotational constants: A =      0.03880  B =      0.00408  C =      0.00385 [cm^-1]
  Rotational constants: A =   1163.22018  B =    122.26955  C =    115.55472 [MHz]
  Nuclear repulsion =  329.398461755169137

  Charge       = 1
  Multiplicity = 1
  Electrons    = 56
  Nalpha       = 28
  Nbeta        = 28

  ==> Algorithm <==

  SCF Algorithm Type is DF.
  DIIS enabled.
  MOM disabled.
  Fractional occupation disabled.
  Guess Type is SAD.
  Energy threshold   = 1.00e-08
  Density threshold  = 1.00e-08
  Integral threshold = 1.00e-12

  ==> Primary Basis <==

  Basis Set: JUN-CC-PVDZ
    Blend: JUN-CC-PVDZ
    Number of shells: 150
    Number of basis functions: 306
    Number of Cartesian functions: 318
    Spherical Harmonics?: true
    Max angular momentum: 2

   => Loading Basis Set <=

    Name: (JUN-CC-PVDZ AUX)
    Role: JKFIT
    Keyword: DF_BASIS_SCF
    atoms 1, 14                                          entry N          line   202 file /home/alia/anaconda3/envs/mddemo/share/psi4/basis/jun-cc-pvdz-jkfit.gbs 
    atoms 2-4, 6, 8-10, 13, 15-17, 19, 21, 23, 25-27, 30 entry H          line    70 file /home/alia/anaconda3/envs/mddemo/share/psi4/basis/jun-cc-pvdz-jkfit.gbs 
    atoms 5, 7, 11, 18, 20, 24, 28                       entry C          line   146 file /home/alia/anaconda3/envs/mddemo/share/psi4/basis/jun-cc-pvdz-jkfit.gbs 
    atoms 12, 22, 29                                     entry O          line   258 file /home/alia/anaconda3/envs/mddemo/share/psi4/basis/jun-cc-pvdz-jkfit.gbs 

  ==> Integral Setup <==

  ==> DiskDFJK: Density-Fitted J/K Matrices <==

    J tasked:                  Yes
    K tasked:                  Yes
    wK tasked:                  No
    OpenMP threads:             32
    Integrals threads:          32
    Memory [MiB]:            57220
    Algorithm:                Core
    Integral Cache:           LOAD
    Schwarz Cutoff:          1E-12
    Fitting Condition:       1E-10

   => Auxiliary Basis Set <=

  Basis Set: (JUN-CC-PVDZ AUX)
    Blend: JUN-CC-PVDZ-JKFIT
    Number of shells: 486
    Number of basis functions: 1362
    Number of Cartesian functions: 1542
    Spherical Harmonics?: true
    Max angular momentum: 3

  Minimum eigenvalue in the overlap matrix is 6.0383060514E-05.
  Reciprocal condition number of the overlap matrix is 5.2763323772E-06.
    Using symmetric orthogonalization.

  ==> Pre-Iterations <==

  SCF Guess: Superposition of Atomic Densities via on-the-fly atomic UHF (no occupation information).

   -------------------------
    Irrep   Nso     Nmo    
   -------------------------
     A        306     306 
   -------------------------
    Total     306     306
   -------------------------

  ==> Iterations <==

                           Total Energy        Delta E     RMS |[F,P]|

   @DF-RHF iter SAD:  -360.49725878308891   -3.60497e+02   0.00000e+00 
   @DF-RHF iter   1:  -360.90352822937319   -4.06269e-01   2.21329e-03 DIIS
   @DF-RHF iter   2:  -361.09415242106530   -1.90624e-01   1.44245e-03 DIIS
   @DF-RHF iter   3:  -361.16663453519845   -7.24821e-02   3.14578e-04 DIIS
   @DF-RHF iter   4:  -361.17198151511298   -5.34698e-03   1.15765e-04 DIIS
   @DF-RHF iter   5:  -361.17274063430654   -7.59119e-04   2.70276e-05 DIIS
   @DF-RHF iter   6:  -361.17280726972388   -6.66354e-05   1.29287e-05 DIIS
   @DF-RHF iter   7:  -361.17282325006386   -1.59803e-05   5.59913e-06 DIIS
   @DF-RHF iter   8:  -361.17282716316294   -3.91310e-06   2.37198e-06 DIIS
   @DF-RHF iter   9:  -361.17282790634914   -7.43186e-07   6.87192e-07 DIIS
   @DF-RHF iter  10:  -361.17282797678001   -7.04309e-08   2.22303e-07 DIIS
   @DF-RHF iter  11:  -361.17282798506852   -8.28851e-09   9.35748e-08 DIIS
   @DF-RHF iter  12:  -361.17282798693248   -1.86395e-09   5.17642e-08 DIIS
   @DF-RHF iter  13:  -361.17282798772237   -7.89896e-10   2.77108e-08 DIIS
   @DF-RHF iter  14:  -361.17282798799675   -2.74383e-10   9.54596e-09 DIIS
  Energy and wave function converged.


  ==> Post-Iterations <==

    Orbital Energies [Eh]
    ---------------------

    Doubly Occupied:                                                      

       1A    -20.747352     2A    -20.741054     3A    -15.952965  
       4A    -11.526399     5A    -11.504153     6A    -11.480267  
       7A    -11.396753     8A     -1.557809     9A     -1.531846  
      10A     -1.514423    11A     -1.250663    12A     -1.158359  
      13A     -1.027888    14A     -1.022694    15A     -0.971151  
      16A     -0.917416    17A     -0.902240    18A     -0.841490  
      19A     -0.812951    20A     -0.798408    21A     -0.769822  
      22A     -0.752896    23A     -0.715973    24A     -0.687679  
      25A     -0.674857    26A     -0.660489    27A     -0.629080  
      28A     -0.596477  

    Virtual:                                                              

      29A     -0.140686    30A     -0.090166    31A     -0.080675  
      32A     -0.060421    33A     -0.047593    34A     -0.038266  
      35A     -0.036080    36A     -0.024317    37A     -0.021643  
      38A     -0.011947    39A     -0.011168    40A     -0.006130  
      41A     -0.003960    42A      0.001825    43A      0.011101  
      44A      0.018696    45A      0.026621    46A      0.028745  
      47A      0.035828    48A      0.039930    49A      0.042070  
      50A      0.044982    51A      0.046571    52A      0.051424  
      53A      0.053460    54A      0.064173    55A      0.070342  
      56A      0.082794    57A      0.095786    58A      0.097011  
      59A      0.102478    60A      0.106705    61A      0.112583  
      62A      0.116357    63A      0.118718    64A      0.129782  
      65A      0.134922    66A      0.141762    67A      0.146259  
      68A      0.148429    69A      0.157428    70A      0.162326  
      71A      0.163103    72A      0.171023    73A      0.176497  
      74A      0.188138    75A      0.190763    76A      0.199218  
      77A      0.204278    78A      0.207285    79A      0.216391  
      80A      0.225480    81A      0.231112    82A      0.237701  
      83A      0.244270    84A      0.253995    85A      0.265419  
      86A      0.274983    87A      0.277025    88A      0.283933  
      89A      0.290176    90A      0.297097    91A      0.306128  
      92A      0.325690    93A      0.336908    94A      0.349016  
      95A      0.352152    96A      0.355471    97A      0.369203  
      98A      0.383064    99A      0.388647   100A      0.390773  
     101A      0.415204   102A      0.436211   103A      0.443803  
     104A      0.474006   105A      0.501455   106A      0.505877  
     107A      0.520793   108A      0.532505   109A      0.549282  
     110A      0.562141   111A      0.588647   112A      0.593826  
     113A      0.608401   114A      0.612066   115A      0.625166  
     116A      0.635015   117A      0.644815   118A      0.663150  
     119A      0.667893   120A      0.678811   121A      0.699866  
     122A      0.717810   123A      0.724401   124A      0.726749  
     125A      0.753176   126A      0.758788   127A      0.761813  
     128A      0.767558   129A      0.788245   130A      0.793330  
     131A      0.807105   132A      0.808029   133A      0.825534  
     134A      0.837170   135A      0.838210   136A      0.862028  
     137A      0.878114   138A      0.879595   139A      0.885712  
     140A      0.901843   141A      0.907614   142A      0.925916  
     143A      0.929109   144A      0.965801   145A      0.978764  
     146A      0.982994   147A      1.035905   148A      1.087597  
     149A      1.139352   150A      1.161595   151A      1.183268  
     152A      1.230839   153A      1.238425   154A      1.267529  
     155A      1.297094   156A      1.327981   157A      1.329239  
     158A      1.348092   159A      1.364734   160A      1.379036  
     161A      1.398606   162A      1.413692   163A      1.444583  
     164A      1.476707   165A      1.484396   166A      1.498170  
     167A      1.500431   168A      1.520051   169A      1.545690  
     170A      1.554329   171A      1.567788   172A      1.603413  
     173A      1.605707   174A      1.615367   175A      1.639154  
     176A      1.643573   177A      1.660151   178A      1.674581  
     179A      1.684379   180A      1.695943   181A      1.710687  
     182A      1.715680   183A      1.743210   184A      1.747884  
     185A      1.753488   186A      1.760315   187A      1.772094  
     188A      1.783109   189A      1.790495   190A      1.799789  
     191A      1.824551   192A      1.827739   193A      1.833587  
     194A      1.854554   195A      1.858916   196A      1.877687  
     197A      1.891400   198A      1.900802   199A      1.908938  
     200A      1.912165   201A      1.925090   202A      1.927075  
     203A      1.951827   204A      1.965087   205A      1.965828  
     206A      1.979895   207A      1.988462   208A      2.017020  
     209A      2.020803   210A      2.040051   211A      2.045668  
     212A      2.061984   213A      2.080109   214A      2.098320  
     215A      2.109842   216A      2.113149   217A      2.121625  
     218A      2.148191   219A      2.156474   220A      2.170495  
     221A      2.186740   222A      2.196290   223A      2.198320  
     224A      2.210215   225A      2.243907   226A      2.257390  
     227A      2.274590   228A      2.312893   229A      2.328731  
     230A      2.340964   231A      2.345755   232A      2.350339  
     233A      2.372905   234A      2.385660   235A      2.406679  
     236A      2.427839   237A      2.441124   238A      2.457217  
     239A      2.459340   240A      2.489799   241A      2.533933  
     242A      2.543121   243A      2.570104   244A      2.599073  
     245A      2.625185   246A      2.633418   247A      2.656835  
     248A      2.679006   249A      2.685901   250A      2.688474  
     251A      2.709586   252A      2.729955   253A      2.746211  
     254A      2.770519   255A      2.797015   256A      2.809649  
     257A      2.820261   258A      2.830263   259A      2.887291  
     260A      2.891256   261A      2.926027   262A      2.931194  
     263A      3.028012   264A      3.032028   265A      3.088559  
     266A      3.110968   267A      3.115712   268A      3.135191  
     269A      3.142081   270A      3.208719   271A      3.280383  
     272A      3.299360   273A      3.375285   274A      3.417026  
     275A      3.475724   276A      3.510991   277A      3.548056  
     278A      3.553663   279A      3.647317   280A      3.721223  
     281A      3.775996   282A      3.928469   283A      3.956557  
     284A      3.967274   285A      4.113323   286A      4.180266  
     287A      4.277150   288A      4.368275   289A      4.632083  
     290A      4.693390   291A      4.716207   292A      4.798639  
     293A      4.837750   294A      4.928951   295A      4.969131  
     296A      5.169337   297A      5.458703   298A      5.537647  
     299A      5.725799   300A      5.963174   301A      6.809049  
     302A     18.180303   303A     18.350124   304A     18.540895  
     305A     25.324014   306A     33.430853  

    Final Occupation by Irrep:
              A 
    DOCC [    28 ]

  @DF-RHF Final Energy:  -361.17282798799675

   => Energetics <=

    Nuclear Repulsion Energy =            329.3984617551691372
    One-Electron Energy =               -1134.8554635768648495
    Two-Electron Energy =                 444.2841738336989579
    Total Energy =                       -361.1728279879967545

Computation Completed


Properties will be evaluated at   0.000000,   0.000000,   0.000000 [a0]

Properties computed using the SCF density matrix

  Nuclear Dipole Moment: [e a0]
     X:   -56.0755      Y:   384.7835      Z:   159.0190

  Electronic Dipole Moment: [e a0]
     X:    57.8245      Y:  -380.9330      Z:  -157.7378

  Dipole Moment: [e a0]
     X:     1.7490      Y:     3.8504      Z:     1.2812     Total:     4.4189

  Dipole Moment: [D]
     X:     4.4456      Y:     9.7869      Z:     3.2564     Total:    11.2316


*** tstop() called on aliaconda at Sun Mar 20 06:20:31 2022
Module time:
	user time   =     220.56 seconds =       3.68 minutes
	system time =      25.43 seconds =       0.42 minutes
	total time  =         10 seconds =       0.17 minutes
Total time:
	user time   =  114873.12 seconds =    1914.55 minutes
	system time =   16091.93 seconds =     268.20 minutes
	total time  =       7014 seconds =     116.90 minutes
  Constructing Basis Sets for SAPT...

   => Loading Basis Set <=

    Name: (JUN-CC-PVDZ AUX)
    Role: RIFIT
    Keyword: DF_BASIS_SAPT
    atoms 1, 14                                          entry N          line   144 file /home/alia/anaconda3/envs/mddemo/share/psi4/basis/jun-cc-pvdz-ri.gbs 
    atoms 2-4, 6, 8-10, 13, 15-17, 19, 21, 23, 25-27, 30 entry H          line    30 file /home/alia/anaconda3/envs/mddemo/share/psi4/basis/jun-cc-pvdz-ri.gbs 
    atoms 5, 7, 11, 18, 20, 24, 28                       entry C          line   100 file /home/alia/anaconda3/envs/mddemo/share/psi4/basis/jun-cc-pvdz-ri.gbs 
    atoms 12, 22, 29                                     entry O          line   188 file /home/alia/anaconda3/envs/mddemo/share/psi4/basis/jun-cc-pvdz-ri.gbs 


  //>>>>>>>>>>>>>>>>>>>>>>>>>>>>>>>>>>>//
  //               SAPT0               //
  //<<<<<<<<<<<<<<<<<<<<<<<<<<<<<<<<<<<//


*** tstart() called on aliaconda
*** at Sun Mar 20 06:20:32 2022

        SAPT0  
    Ed Hohenstein
     6 June 2009

      Orbital Information
  --------------------------
    NSO        =       306
    NMO        =       306
    NRI        =      1032
    NOCC A     =        20
    NOCC B     =        28
    FOCC A     =         0
    FOCC B     =         0
    NVIR A     =       286
    NVIR B     =       278

    Elst10,r            =     0.067312898903 [Eh]
    Exch10              =    -0.000000029963 [Eh]
    Exch10 (S^2)        =    -0.000000029963 [Eh]

    Iter     Energy [mEh]          dE [mEh]         Residual      Time [s]
       1      -0.41334945       0.413349450       5.480396451             0
       2      -0.40238733      -0.010962120       1.908186666             1
       3      -0.42835322       0.025965890       0.777223708             1
       4      -0.43886831       0.010515086       0.181331805             2
       5      -0.43745101      -0.001417296       0.103711637             3
       6      -0.43685756      -0.000593451       0.032038841             3
       7      -0.43708546       0.000227901       0.011408996             4
       8      -0.43711914       0.000033681       0.005300709             4
       9      -0.43709414      -0.000025001       0.002780850             5
      10      -0.43709099      -0.000003149       0.000774914             6
      11      -0.43709480       0.000003806       0.000223410             6
      12      -0.43709490       0.000000097       0.000060475             7
      13      -0.43709463      -0.000000263       0.000014206             7
      14      -0.43709463       0.000000000       0.000003457             8
      15      -0.43709464       0.000000010       0.000001004             8
      16      -0.43709464       0.000000001       0.000000223             9

    CHF Iterations converged


    Iter     Energy [mEh]          dE [mEh]         Residual      Time [s]
       1      -0.28193078       0.281930783       4.018614520             1
       2      -0.29178270       0.009851912       1.703758478             1
       3      -0.31435008       0.022567383       0.607647591             2
       4      -0.31903702       0.004686944       0.169632046             2
       5      -0.31849898      -0.000538042       0.097216172             3
       6      -0.31785175      -0.000647233       0.031335770             4
       7      -0.31790357       0.000051821       0.014431846             4
       8      -0.31799321       0.000089638       0.004157995             5
       9      -0.31798266      -0.000010543       0.001804653             5
      10      -0.31797506      -0.000007600       0.000798426             6
      11      -0.31797793       0.000002861       0.000440104             7
      12      -0.31797860       0.000000676       0.000154995             7
      13      -0.31797810      -0.000000499       0.000049483             8
      14      -0.31797802      -0.000000081       0.000015070             9
      15      -0.31797806       0.000000035       0.000004843             9
      16      -0.31797807       0.000000009       0.000001330            10
      17      -0.31797806      -0.000000003       0.000000495            10

    CHF Iterations converged

    Ind20,r (A<-B)      =    -0.000437094643 [Eh]
    Ind20,r (B<-A)      =    -0.000317978062 [Eh]
    Ind20,r             =    -0.000755072706 [Eh]
    Exch-Ind20,r (A<-B) =     0.000000004930 [Eh]
    Exch-Ind20,r (B<-A) =     0.000000010379 [Eh]
    Exch-Ind20,r        =     0.000000015309 [Eh]
    Disp20              =    -0.000061976129 [Eh]
    Disp20 (SS)         =    -0.000030988064 [Eh]
    Disp20 (OS)         =    -0.000030988064 [Eh]
    Exch-Disp20         =     0.000000004313 [Eh]
    Exch-Disp20 (SS)    =     0.000000003168 [Eh]
    Exch-Disp20 (OS)    =     0.000000001146 [Eh]

    SAPT Results 
  --------------------------------------------------------------------------------------------------------
    Electrostatics                 67.31289890 [mEh]      42.23948177 [kcal/mol]     176.72999172 [kJ/mol]
      Elst10,r                     67.31289890 [mEh]      42.23948177 [kcal/mol]     176.72999172 [kJ/mol]

    Exchange                       -0.00002996 [mEh]      -0.00001880 [kcal/mol]      -0.00007867 [kJ/mol]
      Exch10                       -0.00002996 [mEh]      -0.00001880 [kcal/mol]      -0.00007867 [kJ/mol]
      Exch10(S^2)                  -0.00002996 [mEh]      -0.00001880 [kcal/mol]      -0.00007867 [kJ/mol]

    Induction                      -0.74403272 [mEh]      -0.46688758 [kcal/mol]      -1.95345764 [kJ/mol]
      Ind20,r                      -0.75507271 [mEh]      -0.47381528 [kcal/mol]      -1.98244312 [kJ/mol]
      Exch-Ind20,r                  0.00001531 [mEh]       0.00000961 [kcal/mol]       0.00004019 [kJ/mol]
      delta HF,r (2)                0.01102468 [mEh]       0.00691809 [kcal/mol]       0.02894529 [kJ/mol]

    Dispersion                     -0.06197182 [mEh]      -0.03888790 [kcal/mol]      -0.16270698 [kJ/mol]
      Disp20                       -0.06197613 [mEh]      -0.03889061 [kcal/mol]      -0.16271830 [kJ/mol]
      Exch-Disp20                   0.00000431 [mEh]       0.00000271 [kcal/mol]       0.00001132 [kJ/mol]
      Disp20 (SS)                  -0.03098806 [mEh]      -0.01944530 [kcal/mol]      -0.08135915 [kJ/mol]
      Disp20 (OS)                  -0.03098806 [mEh]      -0.01944530 [kcal/mol]      -0.08135915 [kJ/mol]
      Exch-Disp20 (SS)              0.00000317 [mEh]       0.00000199 [kcal/mol]       0.00000832 [kJ/mol]
      Exch-Disp20 (OS)              0.00000115 [mEh]       0.00000072 [kcal/mol]       0.00000301 [kJ/mol]

  Total HF                         66.56883622 [mEh]      41.77257539 [kcal/mol]     174.77645542 [kJ/mol]
  Total SAPT0                      66.50686440 [mEh]      41.73368748 [kcal/mol]     174.61374844 [kJ/mol]

  Special recipe for scaled SAPT0 (see Manual):
    Electrostatics sSAPT0          67.31289890 [mEh]      42.23948177 [kcal/mol]     176.72999172 [kJ/mol]
    Exchange sSAPT0                -0.00002996 [mEh]      -0.00001880 [kcal/mol]      -0.00007867 [kJ/mol]
    Induction sSAPT0               -0.74403272 [mEh]      -0.46688758 [kcal/mol]      -1.95345764 [kJ/mol]
    Dispersion sSAPT0              -0.06197182 [mEh]      -0.03888790 [kcal/mol]      -0.16270698 [kJ/mol]
  Total sSAPT0                     66.50686440 [mEh]      41.73368748 [kcal/mol]     174.61374844 [kJ/mol]
  --------------------------------------------------------------------------------------------------------

*** tstop() called on aliaconda at Sun Mar 20 06:21:22 2022
Module time:
	user time   =     726.70 seconds =      12.11 minutes
	system time =     131.09 seconds =       2.18 minutes
	total time  =         50 seconds =       0.83 minutes
Total time:
	user time   =  115602.39 seconds =    1926.71 minutes
	system time =   16223.50 seconds =     270.39 minutes
	total time  =       7065 seconds =     117.75 minutes


Warning! sapt0 does not have an associated derived wavefunction.The returned wavefunction is the dimer SCF wavefunction.


  Memory set to  74.506 GiB by Python driver.
  Threads set to 32 by Python driver.
