
Scratch directory: /tmp/

Scratch directory: /tmp/

  //>>>>>>>>>>>>>>>>>>>>>>>>>>>>>>>>>>>//
  //              Dimer HF             //
  //<<<<<<<<<<<<<<<<<<<<<<<<<<<<<<<<<<<//


*** tstart() called on aliaconda
*** at Sun Mar 20 05:57:34 2022

   => Loading Basis Set <=

    Name: JUN-CC-PVDZ
    Role: ORBITAL
    Keyword: BASIS
    atoms 1, 14                                          entry N          line   198 file /home/alia/anaconda3/envs/mddemo/share/psi4/basis/jun-cc-pvdz.gbs 
    atoms 2-4, 6, 8-10, 13, 15-17, 19, 21, 23, 25-27, 30 entry H          line    36 file /home/alia/anaconda3/envs/mddemo/share/psi4/basis/jun-cc-pvdz.gbs 
    atoms 5, 7, 11, 18, 20, 24, 28                       entry C          line   164 file /home/alia/anaconda3/envs/mddemo/share/psi4/basis/jun-cc-pvdz.gbs 
    atoms 12, 22, 29                                     entry O          line   232 file /home/alia/anaconda3/envs/mddemo/share/psi4/basis/jun-cc-pvdz.gbs 


         ---------------------------------------------------------
                                   SCF
               by Justin Turney, Rob Parrish, Andy Simmonett
                          and Daniel G. A. Smith
                              RHF Reference
                       32 Threads,  76293 MiB Core
         ---------------------------------------------------------

  ==> Geometry <==

    Molecular point group: c1
    Full point group: C1

    Geometry (in Angstrom), charge = 2, multiplicity = 1:

       Center              X                  Y                   Z               Mass       
    ------------   -----------------  -----------------  -----------------  -----------------
         N            0.245457416119    -6.435110735708    -1.180926917951    14.003074004430
         H           -0.751542801319    -6.747110771948    -1.775926708142     1.007825032230
         H           -0.215542549549    -6.351110625082    -0.071926711957     1.007825032230
         H            0.909457450451    -7.168110775763    -1.190926669995     1.007825032230
         C            0.811457400860    -5.127110647970    -1.618926881711    12.000000000000
         H            0.284457450451    -4.349110770041    -1.152926563184     1.007825032230
         C            2.302457337917    -5.084110903555    -1.156926750104    12.000000000000
         H            2.926457410397    -5.908110785299    -1.610926746289     1.007825032230
         H            2.416457419933    -5.340110945517    -0.114926933209     1.007825032230
         H            2.850457435192    -4.123110937887    -1.419926761548     1.007825032230
         C            0.687457328381    -4.996110606009    -3.116926788251    12.000000000000
         O            0.353457217754    -5.893110918814    -3.835926770131    15.994914619570
         H            0.916730647625    -4.022114443594    -3.573834775845     1.007825032230
         N            0.504457240643     2.836889100260     0.710073352893    14.003074004430
         H            0.507457500042     2.905889344400    -0.492926715772     1.007825032230
         H            0.650457625927     1.646889519876     0.821073413928     1.007825032230
         H            1.319457297863     3.312888932413     1.034073234637     1.007825032230
         C           -0.715542549549     3.442889046854     1.178073288043    12.000000000000
         H           -1.400542492329     2.644889664835     1.190073371966     1.007825032230
         C           -0.704542393147     4.000889611429     2.583073021014    12.000000000000
         H           -1.792542690693     4.074889016336     2.865073562701     1.007825032230
         O            0.042457347454     5.263889146036     2.719073654254    15.994914619570
         H            1.007457500042     5.044889283365     2.417073608478     1.007825032230
         C           -0.110542530476     3.007889580912     3.534073234637    12.000000000000
         H            0.937457328381     2.805888962931     3.522073150714     1.007825032230
         H           -0.617542499958     2.031888795084     3.412073494037     1.007825032230
         H           -0.271542782246     3.351889443583     4.549073577960     1.007825032230
         C           -1.225542778431     4.566889596170     0.197073341449    12.000000000000
         O           -2.413542503773     4.604889702982    -0.190926669995    15.994914619570
         H           -0.520445579945     5.334807229227    -0.153841136853     1.007825032230

  Running in c1 symmetry.

  Rotational constants: A =      0.03897  B =      0.00350  C =      0.00334 [cm^-1]
  Rotational constants: A =   1168.31693  B =    105.01314  C =    100.06077 [MHz]
  Nuclear repulsion =  634.869346865824923

  Charge       = 2
  Multiplicity = 1
  Electrons    = 96
  Nalpha       = 48
  Nbeta        = 48

  ==> Algorithm <==

  SCF Algorithm Type is DF.
  DIIS enabled.
  MOM disabled.
  Fractional occupation disabled.
  Guess Type is SAD.
  Energy threshold   = 1.00e-08
  Density threshold  = 1.00e-08
  Integral threshold = 1.00e-12

  ==> Primary Basis <==

  Basis Set: JUN-CC-PVDZ
    Blend: JUN-CC-PVDZ
    Number of shells: 150
    Number of basis functions: 306
    Number of Cartesian functions: 318
    Spherical Harmonics?: true
    Max angular momentum: 2

   => Loading Basis Set <=

    Name: (JUN-CC-PVDZ AUX)
    Role: JKFIT
    Keyword: DF_BASIS_SCF
    atoms 1, 14                                          entry N          line   202 file /home/alia/anaconda3/envs/mddemo/share/psi4/basis/jun-cc-pvdz-jkfit.gbs 
    atoms 2-4, 6, 8-10, 13, 15-17, 19, 21, 23, 25-27, 30 entry H          line    70 file /home/alia/anaconda3/envs/mddemo/share/psi4/basis/jun-cc-pvdz-jkfit.gbs 
    atoms 5, 7, 11, 18, 20, 24, 28                       entry C          line   146 file /home/alia/anaconda3/envs/mddemo/share/psi4/basis/jun-cc-pvdz-jkfit.gbs 
    atoms 12, 22, 29                                     entry O          line   258 file /home/alia/anaconda3/envs/mddemo/share/psi4/basis/jun-cc-pvdz-jkfit.gbs 

  ==> Integral Setup <==

  ==> DiskDFJK: Density-Fitted J/K Matrices <==

    J tasked:                  Yes
    K tasked:                  Yes
    wK tasked:                  No
    OpenMP threads:             32
    Integrals threads:          32
    Memory [MiB]:            57220
    Algorithm:                Core
    Integral Cache:           SAVE
    Schwarz Cutoff:          1E-12
    Fitting Condition:       1E-10

   => Auxiliary Basis Set <=

  Basis Set: (JUN-CC-PVDZ AUX)
    Blend: JUN-CC-PVDZ-JKFIT
    Number of shells: 486
    Number of basis functions: 1362
    Number of Cartesian functions: 1542
    Spherical Harmonics?: true
    Max angular momentum: 3

  Minimum eigenvalue in the overlap matrix is 6.1556402473E-05.
  Reciprocal condition number of the overlap matrix is 5.3560628385E-06.
    Using symmetric orthogonalization.

  ==> Pre-Iterations <==

  SCF Guess: Superposition of Atomic Densities via on-the-fly atomic UHF (no occupation information).

   -------------------------
    Irrep   Nso     Nmo    
   -------------------------
     A        306     306 
   -------------------------
    Total     306     306
   -------------------------

  ==> Iterations <==

                           Total Energy        Delta E     RMS |[F,P]|

   @DF-RHF iter SAD:  -607.23658289074081   -6.07237e+02   0.00000e+00 
   @DF-RHF iter   1:  -607.96110246895387   -7.24520e-01   2.82002e-03 DIIS
   @DF-RHF iter   2:  -608.27960156488655   -3.18499e-01   1.80666e-03 DIIS
   @DF-RHF iter   3:  -608.39383690308398   -1.14235e-01   3.98831e-04 DIIS
   @DF-RHF iter   4:  -608.40275268420487   -8.91578e-03   1.49442e-04 DIIS
   @DF-RHF iter   5:  -608.40402570510787   -1.27302e-03   3.78861e-05 DIIS
   @DF-RHF iter   6:  -608.40415141607207   -1.25711e-04   1.89062e-05 DIIS
   @DF-RHF iter   7:  -608.40418433905916   -3.29230e-05   8.43665e-06 DIIS
   @DF-RHF iter   8:  -608.40419234823025   -8.00917e-06   3.48989e-06 DIIS
   @DF-RHF iter   9:  -608.40419389920760   -1.55098e-06   1.30129e-06 DIIS
   @DF-RHF iter  10:  -608.40419411767891   -2.18471e-07   4.75395e-07 DIIS
   @DF-RHF iter  11:  -608.40419415297094   -3.52920e-08   2.26355e-07 DIIS
   @DF-RHF iter  12:  -608.40419416568329   -1.27123e-08   1.19582e-07 DIIS
   @DF-RHF iter  13:  -608.40419417000362   -4.32033e-09   5.89921e-08 DIIS
   @DF-RHF iter  14:  -608.40419417125338   -1.24976e-09   2.25501e-08 DIIS
   @DF-RHF iter  15:  -608.40419417137957   -1.26192e-10   8.23051e-09 DIIS
  Energy and wave function converged.


  ==> Post-Iterations <==

    Orbital Energies [Eh]
    ---------------------

    Doubly Occupied:                                                      

       1A    -20.811919     2A    -20.802529     3A    -20.801043  
       4A    -16.007100     5A    -15.983577     6A    -11.582951  
       7A    -11.580610     8A    -11.569435     9A    -11.553525  
      10A    -11.535247    11A    -11.498508    12A    -11.443737  
      13A     -1.653993    14A     -1.604647    15A     -1.583977  
      16A     -1.559507    17A     -1.549286    18A     -1.307570  
      19A     -1.304120    20A     -1.216466    21A     -1.166235  
      22A     -1.078356    23A     -1.076516    24A     -1.063613  
      25A     -1.029999    26A     -1.011606    27A     -0.979801  
      28A     -0.971802    29A     -0.946104    30A     -0.934684  
      31A     -0.887179    32A     -0.884273    33A     -0.872781  
      34A     -0.866964    35A     -0.854103    36A     -0.822907  
      37A     -0.821210    38A     -0.815171    39A     -0.797837  
      40A     -0.768238    41A     -0.766153    42A     -0.749882  
      43A     -0.741442    44A     -0.726364    45A     -0.710229  
      46A     -0.685840    47A     -0.670213    48A     -0.647078  

    Virtual:                                                              

      49A     -0.203795    50A     -0.176581    51A     -0.153448  
      52A     -0.140134    53A     -0.135241    54A     -0.130385  
      55A     -0.112514    56A     -0.110141    57A     -0.103387  
      58A     -0.102206    59A     -0.092920    60A     -0.091116  
      61A     -0.082882    62A     -0.078872    63A     -0.077042  
      64A     -0.074279    65A     -0.066294    66A     -0.061998  
      67A     -0.061149    68A     -0.058104    69A     -0.051122  
      70A     -0.042620    71A     -0.034364    72A     -0.030229  
      73A     -0.025824    74A     -0.024095    75A     -0.021204  
      76A     -0.016252    77A     -0.012835    78A     -0.008153  
      79A     -0.005716    80A     -0.002488    81A      0.006912  
      82A      0.009616    83A      0.019499    84A      0.025967  
      85A      0.039275    86A      0.043949    87A      0.048880  
      88A      0.055557    89A      0.058933    90A      0.065472  
      91A      0.068204    92A      0.087770    93A      0.089903  
      94A      0.098082    95A      0.101565    96A      0.106662  
      97A      0.110141    98A      0.113648    99A      0.121366  
     100A      0.128151   101A      0.128493   102A      0.133521  
     103A      0.142062   104A      0.151754   105A      0.154792  
     106A      0.157778   107A      0.160782   108A      0.171474  
     109A      0.178870   110A      0.190182   111A      0.193827  
     112A      0.206901   113A      0.217037   114A      0.221015  
     115A      0.227797   116A      0.236145   117A      0.253924  
     118A      0.259128   119A      0.266330   120A      0.268488  
     121A      0.274030   122A      0.286656   123A      0.316537  
     124A      0.325069   125A      0.371707   126A      0.392426  
     127A      0.442148   128A      0.460690   129A      0.475219  
     130A      0.509900   131A      0.511154   132A      0.519883  
     133A      0.537711   134A      0.545719   135A      0.551531  
     136A      0.556796   137A      0.576385   138A      0.579714  
     139A      0.606327   140A      0.607098   141A      0.622034  
     142A      0.626113   143A      0.633473   144A      0.635088  
     145A      0.649447   146A      0.659664   147A      0.665799  
     148A      0.679820   149A      0.687446   150A      0.699843  
     151A      0.704701   152A      0.706907   153A      0.715893  
     154A      0.723175   155A      0.730576   156A      0.741788  
     157A      0.747658   158A      0.753934   159A      0.770641  
     160A      0.781284   161A      0.787124   162A      0.802168  
     163A      0.803565   164A      0.812361   165A      0.835600  
     166A      0.846021   167A      0.847313   168A      0.853422  
     169A      0.865542   170A      0.876874   171A      0.887347  
     172A      0.916523   173A      0.932862   174A      0.947365  
     175A      0.979964   176A      1.047513   177A      1.055280  
     178A      1.093418   179A      1.098495   180A      1.118570  
     181A      1.132591   182A      1.157886   183A      1.172746  
     184A      1.197253   185A      1.200815   186A      1.204931  
     187A      1.241964   188A      1.247935   189A      1.254591  
     190A      1.257192   191A      1.274098   192A      1.281476  
     193A      1.303182   194A      1.308785   195A      1.318076  
     196A      1.323080   197A      1.329004   198A      1.341116  
     199A      1.356954   200A      1.379004   201A      1.385755  
     202A      1.417930   203A      1.438116   204A      1.439243  
     205A      1.454624   206A      1.474424   207A      1.491169  
     208A      1.545094   209A      1.547021   210A      1.561088  
     211A      1.571821   212A      1.593578   213A      1.596571  
     214A      1.600297   215A      1.607055   216A      1.614255  
     217A      1.632719   218A      1.644080   219A      1.669704  
     220A      1.674571   221A      1.678619   222A      1.703694  
     223A      1.717651   224A      1.720624   225A      1.723257  
     226A      1.737043   227A      1.750060   228A      1.752805  
     229A      1.753621   230A      1.766839   231A      1.785099  
     232A      1.795880   233A      1.798247   234A      1.801417  
     235A      1.814586   236A      1.839776   237A      1.850586  
     238A      1.862831   239A      1.882282   240A      1.887744  
     241A      1.909292   242A      1.932755   243A      1.938766  
     244A      1.943019   245A      1.965893   246A      1.980516  
     247A      1.987629   248A      2.009584   249A      2.048465  
     250A      2.049241   251A      2.066117   252A      2.078313  
     253A      2.092110   254A      2.099417   255A      2.136619  
     256A      2.155770   257A      2.164315   258A      2.166995  
     259A      2.173432   260A      2.191637   261A      2.243025  
     262A      2.264043   263A      2.316312   264A      2.320353  
     265A      2.343962   266A      2.363188   267A      2.374152  
     268A      2.378927   269A      2.387689   270A      2.423488  
     271A      2.449867   272A      2.460942   273A      2.484846  
     274A      2.498383   275A      2.516226   276A      2.575362  
     277A      2.592744   278A      2.622231   279A      2.629060  
     280A      2.634409   281A      2.656217   282A      2.670992  
     283A      2.677539   284A      2.702200   285A      2.754792  
     286A      2.777195   287A      2.779597   288A      2.838826  
     289A      2.839133   290A      2.873609   291A      2.895619  
     292A      2.958364   293A      3.002018   294A      3.036936  
     295A      3.068406   296A      3.073256   297A      3.164536  
     298A      3.213778   299A      3.237787   300A      3.247833  
     301A      3.436611   302A      3.459623   303A      3.527226  
     304A      3.709049   305A      3.768103   306A      3.822796  

    Final Occupation by Irrep:
              A 
    DOCC [    48 ]

  @DF-RHF Final Energy:  -608.40419417137957

   => Energetics <=

    Nuclear Repulsion Energy =            634.8693468658249230
    One-Electron Energy =               -2063.9544254639195060
    Two-Electron Energy =                 820.6808844267151244
    Total Energy =                       -608.4041941713795723

Computation Completed


Properties will be evaluated at   0.000000,   0.000000,   0.000000 [a0]

Properties computed using the SCF density matrix

  Nuclear Dipole Moment: [e a0]
     X:     8.5722      Y:   -10.1458      Z:     7.7315

  Electronic Dipole Moment: [e a0]
     X:    -5.7930      Y:     4.0688      Z:    -7.4369

  Dipole Moment: [e a0]
     X:     2.7791      Y:    -6.0770      Z:     0.2946     Total:     6.6889

  Dipole Moment: [D]
     X:     7.0638      Y:   -15.4463      Z:     0.7489     Total:    17.0014


*** tstop() called on aliaconda at Sun Mar 20 05:57:48 2022
Module time:
	user time   =     312.78 seconds =       5.21 minutes
	system time =      37.50 seconds =       0.62 minutes
	total time  =         14 seconds =       0.23 minutes
Total time:
	user time   =   91623.73 seconds =    1527.06 minutes
	system time =   12778.36 seconds =     212.97 minutes
	total time  =       5651 seconds =      94.18 minutes

  //>>>>>>>>>>>>>>>>>>>>>>>>>>>>>>>>>>>//
  //            Monomer A HF           //
  //<<<<<<<<<<<<<<<<<<<<<<<<<<<<<<<<<<<//


*** tstart() called on aliaconda
*** at Sun Mar 20 05:57:48 2022

   => Loading Basis Set <=

    Name: JUN-CC-PVDZ
    Role: ORBITAL
    Keyword: BASIS
    atoms 1, 14                                          entry N          line   198 file /home/alia/anaconda3/envs/mddemo/share/psi4/basis/jun-cc-pvdz.gbs 
    atoms 2-4, 6, 8-10, 13, 15-17, 19, 21, 23, 25-27, 30 entry H          line    36 file /home/alia/anaconda3/envs/mddemo/share/psi4/basis/jun-cc-pvdz.gbs 
    atoms 5, 7, 11, 18, 20, 24, 28                       entry C          line   164 file /home/alia/anaconda3/envs/mddemo/share/psi4/basis/jun-cc-pvdz.gbs 
    atoms 12, 22, 29                                     entry O          line   232 file /home/alia/anaconda3/envs/mddemo/share/psi4/basis/jun-cc-pvdz.gbs 


         ---------------------------------------------------------
                                   SCF
               by Justin Turney, Rob Parrish, Andy Simmonett
                          and Daniel G. A. Smith
                              RHF Reference
                       32 Threads,  76293 MiB Core
         ---------------------------------------------------------

  ==> Geometry <==

    Molecular point group: c1
    Full point group: C1

    Geometry (in Angstrom), charge = 1, multiplicity = 1:

       Center              X                  Y                   Z               Mass       
    ------------   -----------------  -----------------  -----------------  -----------------
         N            0.245457416119    -6.435110735708    -1.180926917951    14.003074004430
         H           -0.751542801319    -6.747110771948    -1.775926708142     1.007825032230
         H           -0.215542549549    -6.351110625082    -0.071926711957     1.007825032230
         H            0.909457450451    -7.168110775763    -1.190926669995     1.007825032230
         C            0.811457400860    -5.127110647970    -1.618926881711    12.000000000000
         H            0.284457450451    -4.349110770041    -1.152926563184     1.007825032230
         C            2.302457337917    -5.084110903555    -1.156926750104    12.000000000000
         H            2.926457410397    -5.908110785299    -1.610926746289     1.007825032230
         H            2.416457419933    -5.340110945517    -0.114926933209     1.007825032230
         H            2.850457435192    -4.123110937887    -1.419926761548     1.007825032230
         C            0.687457328381    -4.996110606009    -3.116926788251    12.000000000000
         O            0.353457217754    -5.893110918814    -3.835926770131    15.994914619570
         H            0.916730647625    -4.022114443594    -3.573834775845     1.007825032230
      Gh(N)           0.504457240643     2.836889100260     0.710073352893    14.003074004430
      Gh(H)           0.507457500042     2.905889344400    -0.492926715772     1.007825032230
      Gh(H)           0.650457625927     1.646889519876     0.821073413928     1.007825032230
      Gh(H)           1.319457297863     3.312888932413     1.034073234637     1.007825032230
      Gh(C)          -0.715542549549     3.442889046854     1.178073288043    12.000000000000
      Gh(H)          -1.400542492329     2.644889664835     1.190073371966     1.007825032230
      Gh(C)          -0.704542393147     4.000889611429     2.583073021014    12.000000000000
      Gh(H)          -1.792542690693     4.074889016336     2.865073562701     1.007825032230
      Gh(O)           0.042457347454     5.263889146036     2.719073654254    15.994914619570
      Gh(H)           1.007457500042     5.044889283365     2.417073608478     1.007825032230
      Gh(C)          -0.110542530476     3.007889580912     3.534073234637    12.000000000000
      Gh(H)           0.937457328381     2.805888962931     3.522073150714     1.007825032230
      Gh(H)          -0.617542499958     2.031888795084     3.412073494037     1.007825032230
      Gh(H)          -0.271542782246     3.351889443583     4.549073577960     1.007825032230
      Gh(C)          -1.225542778431     4.566889596170     0.197073341449    12.000000000000
      Gh(O)          -2.413542503773     4.604889702982    -0.190926669995    15.994914619570
      Gh(H)          -0.520445579945     5.334807229227    -0.153841136853     1.007825032230

  Running in c1 symmetry.

  Rotational constants: A =      0.03897  B =      0.00350  C =      0.00334 [cm^-1]
  Rotational constants: A =   1168.31693  B =    105.01314  C =    100.06077 [MHz]
  Nuclear repulsion =  186.695448452834142

  Charge       = 1
  Multiplicity = 1
  Electrons    = 40
  Nalpha       = 20
  Nbeta        = 20

  ==> Algorithm <==

  SCF Algorithm Type is DF.
  DIIS enabled.
  MOM disabled.
  Fractional occupation disabled.
  Guess Type is SAD.
  Energy threshold   = 1.00e-08
  Density threshold  = 1.00e-08
  Integral threshold = 1.00e-12

  ==> Primary Basis <==

  Basis Set: JUN-CC-PVDZ
    Blend: JUN-CC-PVDZ
    Number of shells: 150
    Number of basis functions: 306
    Number of Cartesian functions: 318
    Spherical Harmonics?: true
    Max angular momentum: 2

   => Loading Basis Set <=

    Name: (JUN-CC-PVDZ AUX)
    Role: JKFIT
    Keyword: DF_BASIS_SCF
    atoms 1, 14                                          entry N          line   202 file /home/alia/anaconda3/envs/mddemo/share/psi4/basis/jun-cc-pvdz-jkfit.gbs 
    atoms 2-4, 6, 8-10, 13, 15-17, 19, 21, 23, 25-27, 30 entry H          line    70 file /home/alia/anaconda3/envs/mddemo/share/psi4/basis/jun-cc-pvdz-jkfit.gbs 
    atoms 5, 7, 11, 18, 20, 24, 28                       entry C          line   146 file /home/alia/anaconda3/envs/mddemo/share/psi4/basis/jun-cc-pvdz-jkfit.gbs 
    atoms 12, 22, 29                                     entry O          line   258 file /home/alia/anaconda3/envs/mddemo/share/psi4/basis/jun-cc-pvdz-jkfit.gbs 

  ==> Integral Setup <==

  ==> DiskDFJK: Density-Fitted J/K Matrices <==

    J tasked:                  Yes
    K tasked:                  Yes
    wK tasked:                  No
    OpenMP threads:             32
    Integrals threads:          32
    Memory [MiB]:            57220
    Algorithm:                Core
    Integral Cache:           LOAD
    Schwarz Cutoff:          1E-12
    Fitting Condition:       1E-10

   => Auxiliary Basis Set <=

  Basis Set: (JUN-CC-PVDZ AUX)
    Blend: JUN-CC-PVDZ-JKFIT
    Number of shells: 486
    Number of basis functions: 1362
    Number of Cartesian functions: 1542
    Spherical Harmonics?: true
    Max angular momentum: 3

  Minimum eigenvalue in the overlap matrix is 6.1556402473E-05.
  Reciprocal condition number of the overlap matrix is 5.3560628385E-06.
    Using symmetric orthogonalization.

  ==> Pre-Iterations <==

  SCF Guess: Superposition of Atomic Densities via on-the-fly atomic UHF (no occupation information).

   -------------------------
    Irrep   Nso     Nmo    
   -------------------------
     A        306     306 
   -------------------------
    Total     306     306
   -------------------------

  ==> Iterations <==

                           Total Energy        Delta E     RMS |[F,P]|

   @DF-RHF iter SAD:  -246.74380065181930   -2.46744e+02   0.00000e+00 
   @DF-RHF iter   1:  -247.14369242938923   -3.99892e-01   1.70335e-03 DIIS
   @DF-RHF iter   2:  -247.26801175016629   -1.24319e-01   1.01944e-03 DIIS
   @DF-RHF iter   3:  -247.30466992689250   -3.66582e-02   2.36008e-04 DIIS
   @DF-RHF iter   4:  -247.30802685892502   -3.35693e-03   7.90437e-05 DIIS
   @DF-RHF iter   5:  -247.30841743148198   -3.90573e-04   1.86676e-05 DIIS
   @DF-RHF iter   6:  -247.30846145923266   -4.40278e-05   7.53947e-06 DIIS
   @DF-RHF iter   7:  -247.30846806285251   -6.60362e-06   3.40080e-06 DIIS
   @DF-RHF iter   8:  -247.30846940385416   -1.34100e-06   1.16263e-06 DIIS
   @DF-RHF iter   9:  -247.30846956023120   -1.56377e-07   2.91117e-07 DIIS
   @DF-RHF iter  10:  -247.30846956980088   -9.56967e-09   1.04959e-07 DIIS
   @DF-RHF iter  11:  -247.30846957173068   -1.92981e-09   4.01793e-08 DIIS
   @DF-RHF iter  12:  -247.30846957214806   -4.17373e-10   2.06474e-08 DIIS
   @DF-RHF iter  13:  -247.30846957229855   -1.50493e-10   7.06708e-09 DIIS
  Energy and wave function converged.


  ==> Post-Iterations <==

    Orbital Energies [Eh]
    ---------------------

    Doubly Occupied:                                                      

       1A    -20.752204     2A    -15.925449     3A    -11.522941  
       4A    -11.506651     5A    -11.435615     6A     -1.594950  
       7A     -1.490473     8A     -1.242225     9A     -1.104023  
      10A     -1.003150    11A     -0.952416    12A     -0.920091  
      13A     -0.874146    14A     -0.825048    15A     -0.806340  
      16A     -0.761587    17A     -0.734654    18A     -0.703621  
      19A     -0.690521    20A     -0.610226  

    Virtual:                                                              

      21A     -0.117238    22A     -0.072326    23A     -0.070179  
      24A     -0.046012    25A     -0.044678    26A     -0.030204  
      27A     -0.025931    28A     -0.020109    29A     -0.012938  
      30A     -0.006647    31A     -0.001636    32A      0.000842  
      33A      0.011424    34A      0.013446    35A      0.017840  
      36A      0.030536    37A      0.034030    38A      0.035919  
      39A      0.045790    40A      0.046331    41A      0.051834  
      42A      0.052937    43A      0.056555    44A      0.065893  
      45A      0.072862    46A      0.081306    47A      0.087349  
      48A      0.094080    49A      0.098446    50A      0.101521  
      51A      0.104872    52A      0.109439    53A      0.116870  
      54A      0.123768    55A      0.136531    56A      0.145197  
      57A      0.149122    58A      0.154693    59A      0.156885  
      60A      0.159493    61A      0.166498    62A      0.170559  
      63A      0.174111    64A      0.180014    65A      0.186918  
      66A      0.189798    67A      0.194452    68A      0.211405  
      69A      0.214914    70A      0.229032    71A      0.232285  
      72A      0.239873    73A      0.247201    74A      0.253249  
      75A      0.254695    76A      0.267892    77A      0.273868  
      78A      0.294874    79A      0.304740    80A      0.311838  
      81A      0.314505    82A      0.328960    83A      0.333331  
      84A      0.343536    85A      0.362458    86A      0.369369  
      87A      0.384951    88A      0.396109    89A      0.405147  
      90A      0.439038    91A      0.453417    92A      0.457961  
      93A      0.477571    94A      0.494683    95A      0.503867  
      96A      0.512305    97A      0.537646    98A      0.545207  
      99A      0.557789   100A      0.570312   101A      0.573753  
     102A      0.578603   103A      0.582041   104A      0.589615  
     105A      0.598715   106A      0.612481   107A      0.638490  
     108A      0.661348   109A      0.668461   110A      0.673534  
     111A      0.685405   112A      0.691210   113A      0.696730  
     114A      0.710063   115A      0.712002   116A      0.727265  
     117A      0.748280   118A      0.750134   119A      0.761532  
     120A      0.765787   121A      0.783873   122A      0.786667  
     123A      0.808714   124A      0.812715   125A      0.850331  
     126A      0.859249   127A      0.862210   128A      0.892076  
     129A      0.903840   130A      0.912324   131A      0.919687  
     132A      0.926711   133A      0.938158   134A      0.940064  
     135A      0.956098   136A      0.969882   137A      0.983311  
     138A      1.007960   139A      1.035808   140A      1.116792  
     141A      1.122501   142A      1.154434   143A      1.180580  
     144A      1.208030   145A      1.233626   146A      1.265868  
     147A      1.301169   148A      1.314265   149A      1.339495  
     150A      1.376638   151A      1.400224   152A      1.440019  
     153A      1.477313   154A      1.502277   155A      1.507125  
     156A      1.540685   157A      1.574932   158A      1.603770  
     159A      1.606896   160A      1.623897   161A      1.650809  
     162A      1.655239   163A      1.661708   164A      1.668246  
     165A      1.686455   166A      1.695292   167A      1.701211  
     168A      1.719855   169A      1.729234   170A      1.736691  
     171A      1.736771   172A      1.743385   173A      1.766050  
     174A      1.770248   175A      1.785787   176A      1.812349  
     177A      1.815219   178A      1.824960   179A      1.827643  
     180A      1.838363   181A      1.856588   182A      1.857210  
     183A      1.875176   184A      1.883012   185A      1.900561  
     186A      1.902610   187A      1.921415   188A      1.924108  
     189A      1.948703   190A      1.970300   191A      1.972057  
     192A      2.003954   193A      2.004721   194A      2.008738  
     195A      2.017464   196A      2.023717   197A      2.025176  
     198A      2.047794   199A      2.050947   200A      2.073702  
     201A      2.080235   202A      2.110745   203A      2.135566  
     204A      2.144862   205A      2.154357   206A      2.164424  
     207A      2.186920   208A      2.196967   209A      2.216601  
     210A      2.226281   211A      2.235009   212A      2.241956  
     213A      2.259566   214A      2.304746   215A      2.318053  
     216A      2.333280   217A      2.337778   218A      2.364351  
     219A      2.378989   220A      2.390677   221A      2.405617  
     222A      2.423475   223A      2.432258   224A      2.433675  
     225A      2.474450   226A      2.489641   227A      2.509824  
     228A      2.517555   229A      2.546188   230A      2.579510  
     231A      2.583632   232A      2.584690   233A      2.610976  
     234A      2.628849   235A      2.637175   236A      2.662123  
     237A      2.691490   238A      2.692848   239A      2.694505  
     240A      2.729676   241A      2.737822   242A      2.760088  
     243A      2.769076   244A      2.836675   245A      2.839420  
     246A      2.891355   247A      2.897070   248A      2.898219  
     249A      2.924426   250A      2.935841   251A      2.955027  
     252A      2.983005   253A      3.014686   254A      3.062251  
     255A      3.093448   256A      3.128692   257A      3.131487  
     258A      3.210412   259A      3.306694   260A      3.317944  
     261A      3.327007   262A      3.432785   263A      3.459301  
     264A      3.496003   265A      3.545179   266A      3.586265  
     267A      3.626286   268A      3.648634   269A      3.718674  
     270A      3.826596   271A      3.924561   272A      4.016614  
     273A      4.057788   274A      4.172948   275A      4.206400  
     276A      4.312684   277A      4.395802   278A      4.466160  
     279A      4.536247   280A      4.598701   281A      4.634628  
     282A      4.644268   283A      4.768939   284A      4.807868  
     285A      4.853582   286A      4.989453   287A      5.016457  
     288A      5.067368   289A      5.175179   290A      5.197881  
     291A      5.269321   292A      5.466506   293A      5.552471  
     294A      5.644872   295A      5.725025   296A      5.890730  
     297A      5.950191   298A      6.380985   299A      6.556013  
     300A     18.140880   301A     18.320187   302A     18.440747  
     303A     18.605168   304A     25.331747   305A     33.440109  
     306A     33.454339  

    Final Occupation by Irrep:
              A 
    DOCC [    20 ]

  @DF-RHF Final Energy:  -247.30846957229855

   => Energetics <=

    Nuclear Repulsion Energy =            186.6954484528341425
    One-Electron Energy =                -697.0951680406549258
    Two-Electron Energy =                 263.0912500155222347
    Total Energy =                       -247.3084695722985202

Computation Completed


Properties will be evaluated at   0.000000,   0.000000,   0.000000 [a0]

Properties computed using the SCF density matrix

  Nuclear Dipole Moment: [e a0]
     X:    69.3360      Y:  -429.8060      Z:  -161.0461

  Electronic Dipole Moment: [e a0]
     X:   -68.2683      Y:   418.9750      Z:   159.4496

  Dipole Moment: [e a0]
     X:     1.0677      Y:   -10.8310      Z:    -1.5965     Total:    10.9999

  Dipole Moment: [D]
     X:     2.7138      Y:   -27.5296      Z:    -4.0578     Total:    27.9591


*** tstop() called on aliaconda at Sun Mar 20 05:57:57 2022
Module time:
	user time   =     168.75 seconds =       2.81 minutes
	system time =      15.96 seconds =       0.27 minutes
	total time  =          9 seconds =       0.15 minutes
Total time:
	user time   =   91792.63 seconds =    1529.88 minutes
	system time =   12794.35 seconds =     213.24 minutes
	total time  =       5660 seconds =      94.33 minutes

  //>>>>>>>>>>>>>>>>>>>>>>>>>>>>>>>>>>>//
  //            Monomer B HF           //
  //<<<<<<<<<<<<<<<<<<<<<<<<<<<<<<<<<<<//


*** tstart() called on aliaconda
*** at Sun Mar 20 05:57:57 2022

   => Loading Basis Set <=

    Name: JUN-CC-PVDZ
    Role: ORBITAL
    Keyword: BASIS
    atoms 1, 14                                          entry N          line   198 file /home/alia/anaconda3/envs/mddemo/share/psi4/basis/jun-cc-pvdz.gbs 
    atoms 2-4, 6, 8-10, 13, 15-17, 19, 21, 23, 25-27, 30 entry H          line    36 file /home/alia/anaconda3/envs/mddemo/share/psi4/basis/jun-cc-pvdz.gbs 
    atoms 5, 7, 11, 18, 20, 24, 28                       entry C          line   164 file /home/alia/anaconda3/envs/mddemo/share/psi4/basis/jun-cc-pvdz.gbs 
    atoms 12, 22, 29                                     entry O          line   232 file /home/alia/anaconda3/envs/mddemo/share/psi4/basis/jun-cc-pvdz.gbs 


         ---------------------------------------------------------
                                   SCF
               by Justin Turney, Rob Parrish, Andy Simmonett
                          and Daniel G. A. Smith
                              RHF Reference
                       32 Threads,  76293 MiB Core
         ---------------------------------------------------------

  ==> Geometry <==

    Molecular point group: c1
    Full point group: C1

    Geometry (in Angstrom), charge = 1, multiplicity = 1:

       Center              X                  Y                   Z               Mass       
    ------------   -----------------  -----------------  -----------------  -----------------
      Gh(N)           0.245457416119    -6.435110735708    -1.180926917951    14.003074004430
      Gh(H)          -0.751542801319    -6.747110771948    -1.775926708142     1.007825032230
      Gh(H)          -0.215542549549    -6.351110625082    -0.071926711957     1.007825032230
      Gh(H)           0.909457450451    -7.168110775763    -1.190926669995     1.007825032230
      Gh(C)           0.811457400860    -5.127110647970    -1.618926881711    12.000000000000
      Gh(H)           0.284457450451    -4.349110770041    -1.152926563184     1.007825032230
      Gh(C)           2.302457337917    -5.084110903555    -1.156926750104    12.000000000000
      Gh(H)           2.926457410397    -5.908110785299    -1.610926746289     1.007825032230
      Gh(H)           2.416457419933    -5.340110945517    -0.114926933209     1.007825032230
      Gh(H)           2.850457435192    -4.123110937887    -1.419926761548     1.007825032230
      Gh(C)           0.687457328381    -4.996110606009    -3.116926788251    12.000000000000
      Gh(O)           0.353457217754    -5.893110918814    -3.835926770131    15.994914619570
      Gh(H)           0.916730647625    -4.022114443594    -3.573834775845     1.007825032230
         N            0.504457240643     2.836889100260     0.710073352893    14.003074004430
         H            0.507457500042     2.905889344400    -0.492926715772     1.007825032230
         H            0.650457625927     1.646889519876     0.821073413928     1.007825032230
         H            1.319457297863     3.312888932413     1.034073234637     1.007825032230
         C           -0.715542549549     3.442889046854     1.178073288043    12.000000000000
         H           -1.400542492329     2.644889664835     1.190073371966     1.007825032230
         C           -0.704542393147     4.000889611429     2.583073021014    12.000000000000
         H           -1.792542690693     4.074889016336     2.865073562701     1.007825032230
         O            0.042457347454     5.263889146036     2.719073654254    15.994914619570
         H            1.007457500042     5.044889283365     2.417073608478     1.007825032230
         C           -0.110542530476     3.007889580912     3.534073234637    12.000000000000
         H            0.937457328381     2.805888962931     3.522073150714     1.007825032230
         H           -0.617542499958     2.031888795084     3.412073494037     1.007825032230
         H           -0.271542782246     3.351889443583     4.549073577960     1.007825032230
         C           -1.225542778431     4.566889596170     0.197073341449    12.000000000000
         O           -2.413542503773     4.604889702982    -0.190926669995    15.994914619570
         H           -0.520445579945     5.334807229227    -0.153841136853     1.007825032230

  Running in c1 symmetry.

  Rotational constants: A =      0.03897  B =      0.00350  C =      0.00334 [cm^-1]
  Rotational constants: A =   1168.31693  B =    105.01314  C =    100.06077 [MHz]
  Nuclear repulsion =  328.381943030770287

  Charge       = 1
  Multiplicity = 1
  Electrons    = 56
  Nalpha       = 28
  Nbeta        = 28

  ==> Algorithm <==

  SCF Algorithm Type is DF.
  DIIS enabled.
  MOM disabled.
  Fractional occupation disabled.
  Guess Type is SAD.
  Energy threshold   = 1.00e-08
  Density threshold  = 1.00e-08
  Integral threshold = 1.00e-12

  ==> Primary Basis <==

  Basis Set: JUN-CC-PVDZ
    Blend: JUN-CC-PVDZ
    Number of shells: 150
    Number of basis functions: 306
    Number of Cartesian functions: 318
    Spherical Harmonics?: true
    Max angular momentum: 2

   => Loading Basis Set <=

    Name: (JUN-CC-PVDZ AUX)
    Role: JKFIT
    Keyword: DF_BASIS_SCF
    atoms 1, 14                                          entry N          line   202 file /home/alia/anaconda3/envs/mddemo/share/psi4/basis/jun-cc-pvdz-jkfit.gbs 
    atoms 2-4, 6, 8-10, 13, 15-17, 19, 21, 23, 25-27, 30 entry H          line    70 file /home/alia/anaconda3/envs/mddemo/share/psi4/basis/jun-cc-pvdz-jkfit.gbs 
    atoms 5, 7, 11, 18, 20, 24, 28                       entry C          line   146 file /home/alia/anaconda3/envs/mddemo/share/psi4/basis/jun-cc-pvdz-jkfit.gbs 
    atoms 12, 22, 29                                     entry O          line   258 file /home/alia/anaconda3/envs/mddemo/share/psi4/basis/jun-cc-pvdz-jkfit.gbs 

  ==> Integral Setup <==

  ==> DiskDFJK: Density-Fitted J/K Matrices <==

    J tasked:                  Yes
    K tasked:                  Yes
    wK tasked:                  No
    OpenMP threads:             32
    Integrals threads:          32
    Memory [MiB]:            57220
    Algorithm:                Core
    Integral Cache:           LOAD
    Schwarz Cutoff:          1E-12
    Fitting Condition:       1E-10

   => Auxiliary Basis Set <=

  Basis Set: (JUN-CC-PVDZ AUX)
    Blend: JUN-CC-PVDZ-JKFIT
    Number of shells: 486
    Number of basis functions: 1362
    Number of Cartesian functions: 1542
    Spherical Harmonics?: true
    Max angular momentum: 3

  Minimum eigenvalue in the overlap matrix is 6.1556402473E-05.
  Reciprocal condition number of the overlap matrix is 5.3560628385E-06.
    Using symmetric orthogonalization.

  ==> Pre-Iterations <==

  SCF Guess: Superposition of Atomic Densities via on-the-fly atomic UHF (no occupation information).

   -------------------------
    Irrep   Nso     Nmo    
   -------------------------
     A        306     306 
   -------------------------
    Total     306     306
   -------------------------

  ==> Iterations <==

                           Total Energy        Delta E     RMS |[F,P]|

   @DF-RHF iter SAD:  -360.49278134740888   -3.60493e+02   0.00000e+00 
   @DF-RHF iter   1:  -360.88416250930175   -3.91381e-01   2.23156e-03 DIIS
   @DF-RHF iter   2:  -361.07598590132744   -1.91823e-01   1.46475e-03 DIIS
   @DF-RHF iter   3:  -361.15090916555397   -7.49233e-02   3.15519e-04 DIIS
   @DF-RHF iter   4:  -361.15628745362687   -5.37829e-03   1.20007e-04 DIIS
   @DF-RHF iter   5:  -361.15709230289849   -8.04849e-04   2.84662e-05 DIIS
   @DF-RHF iter   6:  -361.15716634544646   -7.40425e-05   1.36743e-05 DIIS
   @DF-RHF iter   7:  -361.15718527204012   -1.89266e-05   6.02530e-06 DIIS
   @DF-RHF iter   8:  -361.15718997952933   -4.70749e-06   2.63320e-06 DIIS
   @DF-RHF iter   9:  -361.15719095342956   -9.73900e-07   8.08441e-07 DIIS
   @DF-RHF iter  10:  -361.15719106979714   -1.16368e-07   3.04019e-07 DIIS
   @DF-RHF iter  11:  -361.15719109052236   -2.07252e-08   1.52184e-07 DIIS
   @DF-RHF iter  12:  -361.15719109679020   -6.26784e-09   8.55532e-08 DIIS
   @DF-RHF iter  13:  -361.15719109930234   -2.51214e-09   3.86436e-08 DIIS
   @DF-RHF iter  14:  -361.15719109978556   -4.83226e-10   1.03644e-08 DIIS
   @DF-RHF iter  15:  -361.15719109981046   -2.48974e-11   3.58372e-09 DIIS
  Energy and wave function converged.


  ==> Post-Iterations <==

    Orbital Energies [Eh]
    ---------------------

    Doubly Occupied:                                                      

       1A    -20.752038     2A    -20.751480     3A    -15.948467  
       4A    -11.529711     5A    -11.499600     6A    -11.484124  
       7A    -11.391040     8A     -1.552576     9A     -1.530737  
      10A     -1.507706    11A     -1.254302    12A     -1.163321  
      13A     -1.026256    14A     -1.021766    15A     -0.973937  
      16A     -0.915638    17A     -0.892690    18A     -0.835735  
      19A     -0.820459    20A     -0.803612    21A     -0.769634  
      22A     -0.762499    23A     -0.716387    24A     -0.690421  
      25A     -0.675780    26A     -0.659443    27A     -0.635684  
      28A     -0.596010  

    Virtual:                                                              

      29A     -0.139076    30A     -0.088416    31A     -0.077659  
      32A     -0.056857    33A     -0.046177    34A     -0.037607  
      35A     -0.030238    36A     -0.027221    37A     -0.024743  
      38A     -0.012022    39A     -0.005420    40A     -0.005347  
      41A     -0.000629    42A      0.003808    43A      0.008845  
      44A      0.018630    45A      0.026802    46A      0.030990  
      47A      0.039846    48A      0.041559    49A      0.045676  
      50A      0.047974    51A      0.050787    52A      0.055908  
      53A      0.058331    54A      0.062516    55A      0.068445  
      56A      0.079937    57A      0.093877    58A      0.100430  
      59A      0.103191    60A      0.106452    61A      0.109455  
      62A      0.113560    63A      0.119683    64A      0.130693  
      65A      0.138503    66A      0.143895    67A      0.148983  
      68A      0.152023    69A      0.156522    70A      0.159535  
      71A      0.169990    72A      0.171237    73A      0.182966  
      74A      0.186346    75A      0.191548    76A      0.197069  
      77A      0.203571    78A      0.207962    79A      0.210076  
      80A      0.214180    81A      0.228957    82A      0.239467  
      83A      0.250960    84A      0.267558    85A      0.272448  
      86A      0.276236    87A      0.278565    88A      0.292980  
      89A      0.296941    90A      0.311412    91A      0.318952  
      92A      0.320546    93A      0.324043    94A      0.337803  
      95A      0.352044    96A      0.365239    97A      0.368203  
      98A      0.374506    99A      0.377346   100A      0.391902  
     101A      0.416449   102A      0.426109   103A      0.454445  
     104A      0.464896   105A      0.507048   106A      0.516748  
     107A      0.537377   108A      0.546798   109A      0.564187  
     110A      0.575381   111A      0.593698   112A      0.596307  
     113A      0.598952   114A      0.617155   115A      0.630677  
     116A      0.632625   117A      0.658850   118A      0.660866  
     119A      0.678502   120A      0.678642   121A      0.687171  
     122A      0.714510   123A      0.722784   124A      0.731911  
     125A      0.752775   126A      0.755123   127A      0.757774  
     128A      0.767856   129A      0.784343   130A      0.793273  
     131A      0.796266   132A      0.801262   133A      0.824591  
     134A      0.827186   135A      0.835785   136A      0.857164  
     137A      0.865760   138A      0.890445   139A      0.893365  
     140A      0.899232   141A      0.904155   142A      0.918395  
     143A      0.942063   144A      0.969947   145A      0.985578  
     146A      1.011509   147A      1.032130   148A      1.100313  
     149A      1.150696   150A      1.167578   151A      1.184527  
     152A      1.210522   153A      1.249873   154A      1.253229  
     155A      1.301191   156A      1.306716   157A      1.326467  
     158A      1.353892   159A      1.359501   160A      1.375860  
     161A      1.382365   162A      1.408063   163A      1.437806  
     164A      1.484231   165A      1.490347   166A      1.499808  
     167A      1.505621   168A      1.526931   169A      1.543325  
     170A      1.550759   171A      1.579799   172A      1.592015  
     173A      1.600587   174A      1.614291   175A      1.625538  
     176A      1.649318   177A      1.662881   178A      1.668072  
     179A      1.679090   180A      1.693711   181A      1.697308  
     182A      1.701231   183A      1.732014   184A      1.767048  
     185A      1.770088   186A      1.773122   187A      1.780230  
     188A      1.789177   189A      1.790820   190A      1.805904  
     191A      1.807298   192A      1.837998   193A      1.852095  
     194A      1.853578   195A      1.859655   196A      1.866617  
     197A      1.903389   198A      1.903754   199A      1.935414  
     200A      1.935660   201A      1.941475   202A      1.959645  
     203A      1.962678   204A      1.986400   205A      1.992286  
     206A      1.994155   207A      2.008088   208A      2.025812  
     209A      2.033796   210A      2.044708   211A      2.062506  
     212A      2.068815   213A      2.101160   214A      2.106312  
     215A      2.120126   216A      2.131655   217A      2.132578  
     218A      2.147076   219A      2.152948   220A      2.174145  
     221A      2.187658   222A      2.198280   223A      2.202235  
     224A      2.219560   225A      2.227397   226A      2.244070  
     227A      2.276771   228A      2.311123   229A      2.316762  
     230A      2.354773   231A      2.371140   232A      2.372398  
     233A      2.393769   234A      2.395702   235A      2.433776  
     236A      2.443306   237A      2.469527   238A      2.476019  
     239A      2.479704   240A      2.515587   241A      2.524875  
     242A      2.529587   243A      2.551384   244A      2.599266  
     245A      2.634591   246A      2.644355   247A      2.644839  
     248A      2.670034   249A      2.675104   250A      2.712462  
     251A      2.722928   252A      2.738876   253A      2.755112  
     254A      2.773586   255A      2.803195   256A      2.808788  
     257A      2.832440   258A      2.856822   259A      2.890124  
     260A      2.895917   261A      2.927209   262A      2.930190  
     263A      3.012526   264A      3.041664   265A      3.086216  
     266A      3.107034   267A      3.124638   268A      3.157415  
     269A      3.210828   270A      3.214444   271A      3.264491  
     272A      3.287061   273A      3.350793   274A      3.421196  
     275A      3.459815   276A      3.486045   277A      3.510251  
     278A      3.579633   279A      3.654073   280A      3.759558  
     281A      3.808343   282A      3.871243   283A      3.885509  
     284A      3.969815   285A      4.153518   286A      4.195888  
     287A      4.245579   288A      4.407587   289A      4.656560  
     290A      4.683211   291A      4.731460   292A      4.832982  
     293A      4.887479   294A      4.968935   295A      5.074940  
     296A      5.190937   297A      5.489141   298A      5.558928  
     299A      5.765681   300A      5.963759   301A      6.844130  
     302A     18.166216   303A     18.363174   304A     18.547139  
     305A     25.322014   306A     33.440673  

    Final Occupation by Irrep:
              A 
    DOCC [    28 ]

  @DF-RHF Final Energy:  -361.15719109981046

   => Energetics <=

    Nuclear Repulsion Energy =            328.3819430307702874
    One-Electron Energy =               -1132.7561644837514905
    Two-Electron Energy =                 443.2170303531706850
    Total Energy =                       -361.1571910998104613

Computation Completed


Properties will be evaluated at   0.000000,   0.000000,   0.000000 [a0]

Properties computed using the SCF density matrix

  Nuclear Dipole Moment: [e a0]
     X:   -60.7638      Y:   419.6602      Z:   168.7776

  Electronic Dipole Moment: [e a0]
     X:    62.5127      Y:  -414.9051      Z:  -166.8719

  Dipole Moment: [e a0]
     X:     1.7489      Y:     4.7551      Z:     1.9057     Total:     5.4130

  Dipole Moment: [D]
     X:     4.4451      Y:    12.0862      Z:     4.8438     Total:    13.7586


*** tstop() called on aliaconda at Sun Mar 20 05:58:07 2022
Module time:
	user time   =     229.38 seconds =       3.82 minutes
	system time =      26.24 seconds =       0.44 minutes
	total time  =         10 seconds =       0.17 minutes
Total time:
	user time   =   92022.15 seconds =    1533.70 minutes
	system time =   12820.61 seconds =     213.68 minutes
	total time  =       5670 seconds =      94.50 minutes
  Constructing Basis Sets for SAPT...

   => Loading Basis Set <=

    Name: (JUN-CC-PVDZ AUX)
    Role: RIFIT
    Keyword: DF_BASIS_SAPT
    atoms 1, 14                                          entry N          line   144 file /home/alia/anaconda3/envs/mddemo/share/psi4/basis/jun-cc-pvdz-ri.gbs 
    atoms 2-4, 6, 8-10, 13, 15-17, 19, 21, 23, 25-27, 30 entry H          line    30 file /home/alia/anaconda3/envs/mddemo/share/psi4/basis/jun-cc-pvdz-ri.gbs 
    atoms 5, 7, 11, 18, 20, 24, 28                       entry C          line   100 file /home/alia/anaconda3/envs/mddemo/share/psi4/basis/jun-cc-pvdz-ri.gbs 
    atoms 12, 22, 29                                     entry O          line   188 file /home/alia/anaconda3/envs/mddemo/share/psi4/basis/jun-cc-pvdz-ri.gbs 


  //>>>>>>>>>>>>>>>>>>>>>>>>>>>>>>>>>>>//
  //               SAPT0               //
  //<<<<<<<<<<<<<<<<<<<<<<<<<<<<<<<<<<<//


*** tstart() called on aliaconda
*** at Sun Mar 20 05:58:08 2022

        SAPT0  
    Ed Hohenstein
     6 June 2009

      Orbital Information
  --------------------------
    NSO        =       306
    NMO        =       306
    NRI        =      1032
    NOCC A     =        20
    NOCC B     =        28
    FOCC A     =         0
    FOCC B     =         0
    NVIR A     =       286
    NVIR B     =       278

    Elst10,r            =     0.062008350502 [Eh]
    Exch10              =    -0.000000015621 [Eh]
    Exch10 (S^2)        =    -0.000000015621 [Eh]

    Iter     Energy [mEh]          dE [mEh]         Residual      Time [s]
       1      -0.29317394       0.293173945       5.203177705             1
       2      -0.28289909      -0.010274851       1.629159719             2
       3      -0.30514809       0.022248998       0.615511347             2
       4      -0.31136056       0.006212470       0.160324300             3
       5      -0.31038631      -0.000974250       0.086609860             3
       6      -0.30994816      -0.000438150       0.023651595             4
       7      -0.31007263       0.000124465       0.007314774             4
       8      -0.31009744       0.000024810       0.002152635             5
       9      -0.31009091      -0.000006522       0.000924039             5
      10      -0.31008854      -0.000002373       0.000428093             6
      11      -0.31009011       0.000001569       0.000187778             6
      12      -0.31009029       0.000000184       0.000053366             7
      13      -0.31009008      -0.000000209       0.000011991             8
      14      -0.31009009       0.000000003       0.000002893             8
      15      -0.31009010       0.000000008       0.000000525             9

    CHF Iterations converged


    Iter     Energy [mEh]          dE [mEh]         Residual      Time [s]
       1      -0.21213467       0.212134669       3.420156641             0
       2      -0.21886024       0.006725572       1.441569932             1
       3      -0.23573697       0.016876725       0.482873325             1
       4      -0.23890349       0.003166519       0.123119314             2
       5      -0.23841978      -0.000483709       0.070103349             2
       6      -0.23805742      -0.000362358       0.023415656             3
       7      -0.23807341       0.000015986       0.012107525             4
       8      -0.23814147       0.000068068       0.003948769             4
       9      -0.23813331      -0.000008164       0.001940303             5
      10      -0.23812638      -0.000006934       0.000877189             5
      11      -0.23812877       0.000002393       0.000462507             6
      12      -0.23812958       0.000000811       0.000168909             6
      13      -0.23812921      -0.000000373       0.000055637             7
      14      -0.23812909      -0.000000120       0.000015891             8
      15      -0.23812911       0.000000028       0.000004805             8
      16      -0.23812912       0.000000009       0.000001185             9
      17      -0.23812912      -0.000000002       0.000000387             9

    CHF Iterations converged

    Ind20,r (A<-B)      =    -0.000310090096 [Eh]
    Ind20,r (B<-A)      =    -0.000238129120 [Eh]
    Ind20,r             =    -0.000548219217 [Eh]
    Exch-Ind20,r (A<-B) =     0.000000002396 [Eh]
    Exch-Ind20,r (B<-A) =     0.000000003264 [Eh]
    Exch-Ind20,r        =     0.000000005660 [Eh]
    Disp20              =    -0.000037171180 [Eh]
    Disp20 (SS)         =    -0.000018585590 [Eh]
    Disp20 (OS)         =    -0.000018585590 [Eh]
    Exch-Disp20         =     0.000000001928 [Eh]
    Exch-Disp20 (SS)    =     0.000000001378 [Eh]
    Exch-Disp20 (OS)    =     0.000000000549 [Eh]

    SAPT Results 
  --------------------------------------------------------------------------------------------------------
    Electrostatics                 62.00835050 [mEh]      38.91082739 [kcal/mol]     162.80290181 [kJ/mol]
      Elst10,r                     62.00835050 [mEh]      38.91082739 [kcal/mol]     162.80290181 [kJ/mol]

    Exchange                       -0.00001562 [mEh]      -0.00000980 [kcal/mol]      -0.00004101 [kJ/mol]
      Exch10                       -0.00001562 [mEh]      -0.00000980 [kcal/mol]      -0.00004101 [kJ/mol]
      Exch10(S^2)                  -0.00001562 [mEh]      -0.00000980 [kcal/mol]      -0.00004101 [kJ/mol]

    Induction                      -0.54183415 [mEh]      -0.34000606 [kcal/mol]      -1.42258537 [kJ/mol]
      Ind20,r                      -0.54821922 [mEh]      -0.34401275 [kcal/mol]      -1.43934936 [kJ/mol]
      Exch-Ind20,r                  0.00000566 [mEh]       0.00000355 [kcal/mol]       0.00001486 [kJ/mol]
      delta HF,r (2)                0.00637941 [mEh]       0.00400314 [kcal/mol]       0.01674913 [kJ/mol]

    Dispersion                     -0.03716925 [mEh]      -0.02332406 [kcal/mol]      -0.09758786 [kJ/mol]
      Disp20                       -0.03717118 [mEh]      -0.02332527 [kcal/mol]      -0.09759292 [kJ/mol]
      Exch-Disp20                   0.00000193 [mEh]       0.00000121 [kcal/mol]       0.00000506 [kJ/mol]
      Disp20 (SS)                  -0.01858559 [mEh]      -0.01166263 [kcal/mol]      -0.04879646 [kJ/mol]
      Disp20 (OS)                  -0.01858559 [mEh]      -0.01166263 [kcal/mol]      -0.04879646 [kJ/mol]
      Exch-Disp20 (SS)              0.00000138 [mEh]       0.00000086 [kcal/mol]       0.00000362 [kJ/mol]
      Exch-Disp20 (OS)              0.00000055 [mEh]       0.00000034 [kcal/mol]       0.00000144 [kJ/mol]

  Total HF                         61.46650073 [mEh]      38.57081153 [kcal/mol]     161.38027543 [kJ/mol]
  Total SAPT0                      61.42933148 [mEh]      38.54748747 [kcal/mol]     161.28268757 [kJ/mol]

  Special recipe for scaled SAPT0 (see Manual):
    Electrostatics sSAPT0          62.00835050 [mEh]      38.91082739 [kcal/mol]     162.80290181 [kJ/mol]
    Exchange sSAPT0                -0.00001562 [mEh]      -0.00000980 [kcal/mol]      -0.00004101 [kJ/mol]
    Induction sSAPT0               -0.54183415 [mEh]      -0.34000606 [kcal/mol]      -1.42258537 [kJ/mol]
    Dispersion sSAPT0              -0.03716925 [mEh]      -0.02332406 [kcal/mol]      -0.09758786 [kJ/mol]
  Total sSAPT0                     61.42933148 [mEh]      38.54748747 [kcal/mol]     161.28268757 [kJ/mol]
  --------------------------------------------------------------------------------------------------------

*** tstop() called on aliaconda at Sun Mar 20 05:58:55 2022
Module time:
	user time   =     672.78 seconds =      11.21 minutes
	system time =     114.96 seconds =       1.92 minutes
	total time  =         47 seconds =       0.78 minutes
Total time:
	user time   =   92697.51 seconds =    1544.96 minutes
	system time =   12936.08 seconds =     215.60 minutes
	total time  =       5718 seconds =      95.30 minutes


Warning! sapt0 does not have an associated derived wavefunction.The returned wavefunction is the dimer SCF wavefunction.


  Memory set to  74.506 GiB by Python driver.
  Threads set to 32 by Python driver.
