
Scratch directory: /tmp/

Scratch directory: /tmp/

  //>>>>>>>>>>>>>>>>>>>>>>>>>>>>>>>>>>>//
  //              Dimer HF             //
  //<<<<<<<<<<<<<<<<<<<<<<<<<<<<<<<<<<<//


*** tstart() called on aliaconda
*** at Sun Mar 20 05:38:25 2022

   => Loading Basis Set <=

    Name: JUN-CC-PVDZ
    Role: ORBITAL
    Keyword: BASIS
    atoms 1, 14                                          entry N          line   198 file /home/alia/anaconda3/envs/mddemo/share/psi4/basis/jun-cc-pvdz.gbs 
    atoms 2-4, 6, 8-10, 13, 15-17, 19, 21, 23, 25-27, 30 entry H          line    36 file /home/alia/anaconda3/envs/mddemo/share/psi4/basis/jun-cc-pvdz.gbs 
    atoms 5, 7, 11, 18, 20, 24, 28                       entry C          line   164 file /home/alia/anaconda3/envs/mddemo/share/psi4/basis/jun-cc-pvdz.gbs 
    atoms 12, 22, 29                                     entry O          line   232 file /home/alia/anaconda3/envs/mddemo/share/psi4/basis/jun-cc-pvdz.gbs 


         ---------------------------------------------------------
                                   SCF
               by Justin Turney, Rob Parrish, Andy Simmonett
                          and Daniel G. A. Smith
                              RHF Reference
                       32 Threads,  76293 MiB Core
         ---------------------------------------------------------

  ==> Geometry <==

    Molecular point group: c1
    Full point group: C1

    Geometry (in Angstrom), charge = 2, multiplicity = 1:

       Center              X                  Y                   Z               Mass       
    ------------   -----------------  -----------------  -----------------  -----------------
         N            0.522193772988    -6.092613848944    -1.281906461273    14.003074004430
         H           -0.385806219383    -6.312614115973    -2.037906503235     1.007825032230
         H           -0.035806314750    -6.337614211340    -0.245906209503     1.007825032230
         H            1.278193814950    -6.762614163656    -1.426906442200     1.007825032230
         C            1.044193608956    -4.693614157934    -1.348906373535    12.000000000000
         H            0.284193856911    -4.029614123602    -0.907906388794     1.007825032230
         C            2.379193647103    -4.659614238043    -0.548906182800    12.000000000000
         H            3.100193841653    -5.344614180822    -1.044906472717     1.007825032230
         H            2.146193845467    -5.022614154120     0.442093515839     1.007825032230
         H            2.820193870263    -3.622614058752    -0.499906396423     1.007825032230
         C            1.185193879800    -4.268613967199    -2.764906262909    12.000000000000
         O            0.808193547921    -4.942614230413    -3.748906230484    15.994914619570
         H            1.653805120186    -3.293162497778    -2.962132072006     1.007825032230
         N            0.273193700509     2.430385914545     0.540093565430    14.003074004430
         H            0.385193689065     2.652386036615    -0.638906335388     1.007825032230
         H            0.297193868355     1.228386250238     0.489093924011     1.007825032230
         H            1.086193902688     2.808386173944     0.983093882049     1.007825032230
         C           -0.968806402488     3.057385769587     0.968093538727    12.000000000000
         H           -1.724806444450     2.307385769587     1.015093946899     1.007825032230
         C           -0.904806272788     3.652386036615     2.426093721832    12.000000000000
         H           -1.954806463523     3.939385739069     2.767093325104     1.007825032230
         O           -0.081806318565     4.800385800104     2.577093744720    15.994914619570
         H            0.803193910317     4.489385929804     2.454093599762     1.007825032230
         C           -0.362806455894     2.556386318903     3.308093691315    12.000000000000
         H            0.699193818764     2.224385586481     2.944093370880     1.007825032230
         H           -0.933806078239     1.554385510187     3.163094187225     1.007825032230
         H           -0.365806238456     2.816385594110     4.369093561615     1.007825032230
         C           -1.458806173606     4.185386028986     0.049093866791    12.000000000000
         O           -2.636806146903     4.216386166315    -0.284906243836    15.994914619570
         H           -0.759734766288     4.957138386469    -0.305444097077     1.007825032230

  Running in c1 symmetry.

  Rotational constants: A =      0.03885  B =      0.00421  C =      0.00397 [cm^-1]
  Rotational constants: A =   1164.78852  B =    126.29817  C =    118.90557 [MHz]
  Nuclear repulsion =  647.061602727534023

  Charge       = 2
  Multiplicity = 1
  Electrons    = 96
  Nalpha       = 48
  Nbeta        = 48

  ==> Algorithm <==

  SCF Algorithm Type is DF.
  DIIS enabled.
  MOM disabled.
  Fractional occupation disabled.
  Guess Type is SAD.
  Energy threshold   = 1.00e-08
  Density threshold  = 1.00e-08
  Integral threshold = 1.00e-12

  ==> Primary Basis <==

  Basis Set: JUN-CC-PVDZ
    Blend: JUN-CC-PVDZ
    Number of shells: 150
    Number of basis functions: 306
    Number of Cartesian functions: 318
    Spherical Harmonics?: true
    Max angular momentum: 2

   => Loading Basis Set <=

    Name: (JUN-CC-PVDZ AUX)
    Role: JKFIT
    Keyword: DF_BASIS_SCF
    atoms 1, 14                                          entry N          line   202 file /home/alia/anaconda3/envs/mddemo/share/psi4/basis/jun-cc-pvdz-jkfit.gbs 
    atoms 2-4, 6, 8-10, 13, 15-17, 19, 21, 23, 25-27, 30 entry H          line    70 file /home/alia/anaconda3/envs/mddemo/share/psi4/basis/jun-cc-pvdz-jkfit.gbs 
    atoms 5, 7, 11, 18, 20, 24, 28                       entry C          line   146 file /home/alia/anaconda3/envs/mddemo/share/psi4/basis/jun-cc-pvdz-jkfit.gbs 
    atoms 12, 22, 29                                     entry O          line   258 file /home/alia/anaconda3/envs/mddemo/share/psi4/basis/jun-cc-pvdz-jkfit.gbs 

  ==> Integral Setup <==

  ==> DiskDFJK: Density-Fitted J/K Matrices <==

    J tasked:                  Yes
    K tasked:                  Yes
    wK tasked:                  No
    OpenMP threads:             32
    Integrals threads:          32
    Memory [MiB]:            57220
    Algorithm:                Core
    Integral Cache:           SAVE
    Schwarz Cutoff:          1E-12
    Fitting Condition:       1E-10

   => Auxiliary Basis Set <=

  Basis Set: (JUN-CC-PVDZ AUX)
    Blend: JUN-CC-PVDZ-JKFIT
    Number of shells: 486
    Number of basis functions: 1362
    Number of Cartesian functions: 1542
    Spherical Harmonics?: true
    Max angular momentum: 3

  Minimum eigenvalue in the overlap matrix is 5.5825699373E-05.
  Reciprocal condition number of the overlap matrix is 4.8320098274E-06.
    Using symmetric orthogonalization.

  ==> Pre-Iterations <==

  SCF Guess: Superposition of Atomic Densities via on-the-fly atomic UHF (no occupation information).

   -------------------------
    Irrep   Nso     Nmo    
   -------------------------
     A        306     306 
   -------------------------
    Total     306     306
   -------------------------

  ==> Iterations <==

                           Total Energy        Delta E     RMS |[F,P]|

   @DF-RHF iter SAD:  -607.20428192285783   -6.07204e+02   0.00000e+00 
   @DF-RHF iter   1:  -607.96796620059388   -7.63684e-01   2.80837e-03 DIIS
   @DF-RHF iter   2:  -608.28669376050800   -3.18728e-01   1.80409e-03 DIIS
   @DF-RHF iter   3:  -608.40069069271965   -1.13997e-01   3.99074e-04 DIIS
   @DF-RHF iter   4:  -608.40979555258900   -9.10486e-03   1.46250e-04 DIIS
   @DF-RHF iter   5:  -608.41105836555380   -1.26281e-03   3.39048e-05 DIIS
   @DF-RHF iter   6:  -608.41118454044135   -1.26175e-04   1.67420e-05 DIIS
   @DF-RHF iter   7:  -608.41121328999009   -2.87495e-05   7.50642e-06 DIIS
   @DF-RHF iter   8:  -608.41122024124593   -6.95126e-06   2.94828e-06 DIIS
   @DF-RHF iter   9:  -608.41122132176088   -1.08051e-06   8.90330e-07 DIIS
   @DF-RHF iter  10:  -608.41122141571623   -9.39554e-08   3.66453e-07 DIIS
   @DF-RHF iter  11:  -608.41122142964798   -1.39318e-08   1.59769e-07 DIIS
   @DF-RHF iter  12:  -608.41122143377743   -4.12945e-09   7.97183e-08 DIIS
   @DF-RHF iter  13:  -608.41122143534142   -1.56399e-09   4.28872e-08 DIIS
   @DF-RHF iter  14:  -608.41122143600387   -6.62453e-10   1.76677e-08 DIIS
   @DF-RHF iter  15:  -608.41122143610039   -9.65201e-11   5.36449e-09 DIIS
  Energy and wave function converged.


  ==> Post-Iterations <==

    Orbital Energies [Eh]
    ---------------------

    Doubly Occupied:                                                      

       1A    -20.821452     2A    -20.800428     3A    -20.799265  
       4A    -16.011538     5A    -15.990564     6A    -11.597336  
       7A    -11.582343     8A    -11.575404     9A    -11.555343  
      10A    -11.542869    11A    -11.509811    12A    -11.473842  
      13A     -1.628194    14A     -1.621781    15A     -1.609760  
      16A     -1.574312    17A     -1.549060    18A     -1.316455  
      19A     -1.300647    20A     -1.216009    21A     -1.179739  
      22A     -1.075252    23A     -1.070595    24A     -1.070016  
      25A     -1.039634    26A     -1.017307    27A     -0.978461  
      28A     -0.974605    29A     -0.955352    30A     -0.931690  
      31A     -0.905759    32A     -0.882434    33A     -0.874584  
      34A     -0.869315    35A     -0.865780    36A     -0.833621  
      37A     -0.819251    38A     -0.814698    39A     -0.809858  
      40A     -0.796676    41A     -0.775922    42A     -0.744451  
      43A     -0.736843    44A     -0.726317    45A     -0.721135  
      46A     -0.687680    47A     -0.684421    48A     -0.647313  

    Virtual:                                                              

      49A     -0.211373    50A     -0.182233    51A     -0.161089  
      52A     -0.145789    53A     -0.138711    54A     -0.133818  
      55A     -0.125657    56A     -0.119115    57A     -0.111419  
      58A     -0.104189    59A     -0.097022    60A     -0.093322  
      61A     -0.087811    62A     -0.082931    63A     -0.081422  
      64A     -0.074985    65A     -0.071659    66A     -0.067267  
      67A     -0.066597    68A     -0.062546    69A     -0.050879  
      70A     -0.048697    71A     -0.041953    72A     -0.035762  
      73A     -0.034285    74A     -0.027958    75A     -0.023849  
      76A     -0.022681    77A     -0.017904    78A     -0.013021  
      79A     -0.009089    80A     -0.003848    81A      0.002721  
      82A      0.004387    83A      0.012666    84A      0.026366  
      85A      0.032684    86A      0.039038    87A      0.039480  
      88A      0.049471    89A      0.053308    90A      0.056434  
      91A      0.065999    92A      0.076008    93A      0.085281  
      94A      0.090987    95A      0.092434    96A      0.099134  
      97A      0.110385    98A      0.111834    99A      0.114463  
     100A      0.121159   101A      0.126567   102A      0.135163  
     103A      0.138803   104A      0.142979   105A      0.147983  
     106A      0.151539   107A      0.163095   108A      0.173559  
     109A      0.174349   110A      0.179819   111A      0.188324  
     112A      0.201615   113A      0.206524   114A      0.213125  
     115A      0.214297   116A      0.223907   117A      0.244776  
     118A      0.251907   119A      0.259284   120A      0.262312  
     121A      0.278059   122A      0.291668   123A      0.311953  
     124A      0.318011   125A      0.367572   126A      0.370737  
     127A      0.443413   128A      0.474372   129A      0.480346  
     130A      0.501111   131A      0.511745   132A      0.518131  
     133A      0.528590   134A      0.540772   135A      0.543584  
     136A      0.552939   137A      0.562051   138A      0.566868  
     139A      0.580942   140A      0.605119   141A      0.608608  
     142A      0.623518   143A      0.625658   144A      0.626953  
     145A      0.640176   146A      0.650473   147A      0.659506  
     148A      0.677390   149A      0.681705   150A      0.687624  
     151A      0.696001   152A      0.699964   153A      0.706547  
     154A      0.712305   155A      0.722940   156A      0.726656  
     157A      0.740620   158A      0.751171   159A      0.756524  
     160A      0.765687   161A      0.774569   162A      0.794921  
     163A      0.800654   164A      0.810515   165A      0.824505  
     166A      0.833643   167A      0.844706   168A      0.859330  
     169A      0.861931   170A      0.874997   171A      0.877380  
     172A      0.893730   173A      0.932341   174A      0.944135  
     175A      0.957233   176A      1.036762   177A      1.039448  
     178A      1.049302   179A      1.107455   180A      1.122318  
     181A      1.124296   182A      1.139249   183A      1.162166  
     184A      1.187853   185A      1.218567   186A      1.227182  
     187A      1.241414   188A      1.243538   189A      1.252216  
     190A      1.264194   191A      1.277340   192A      1.283458  
     193A      1.299745   194A      1.306758   195A      1.314354  
     196A      1.326169   197A      1.332161   198A      1.332441  
     199A      1.342848   200A      1.370117   201A      1.382532  
     202A      1.405591   203A      1.409097   204A      1.438445  
     205A      1.440941   206A      1.441926   207A      1.466330  
     208A      1.528149   209A      1.530339   210A      1.540833  
     211A      1.554641   212A      1.573683   213A      1.604791  
     214A      1.605707   215A      1.610443   216A      1.619465  
     217A      1.625129   218A      1.634480   219A      1.650456  
     220A      1.664723   221A      1.668504   222A      1.676768  
     223A      1.683179   224A      1.689635   225A      1.723107  
     226A      1.723832   227A      1.733004   228A      1.740443  
     229A      1.742187   230A      1.751806   231A      1.763241  
     232A      1.784708   233A      1.789823   234A      1.795306  
     235A      1.795892   236A      1.814262   237A      1.830582  
     238A      1.843396   239A      1.862212   240A      1.871762  
     241A      1.884479   242A      1.905321   243A      1.923054  
     244A      1.933561   245A      1.951043   246A      1.955282  
     247A      1.989425   248A      1.997264   249A      2.032853  
     250A      2.042363   251A      2.045612   252A      2.054082  
     253A      2.084393   254A      2.091517   255A      2.124257  
     256A      2.128076   257A      2.142348   258A      2.157467  
     259A      2.159852   260A      2.231865   261A      2.237222  
     262A      2.252386   263A      2.273229   264A      2.275485  
     265A      2.343894   266A      2.352639   267A      2.366867  
     268A      2.377772   269A      2.388737   270A      2.405962  
     271A      2.433358   272A      2.450835   273A      2.456120  
     274A      2.471478   275A      2.527940   276A      2.529529  
     277A      2.533557   278A      2.551539   279A      2.578407  
     280A      2.604264   281A      2.633399   282A      2.643845  
     283A      2.644897   284A      2.686994   285A      2.724119  
     286A      2.732241   287A      2.759273   288A      2.814449  
     289A      2.848992   290A      2.879703   291A      2.894444  
     292A      2.947577   293A      2.970325   294A      3.023532  
     295A      3.049456   296A      3.114992   297A      3.167066  
     298A      3.189761   299A      3.224990   300A      3.278796  
     301A      3.452192   302A      3.484709   303A      3.512248  
     304A      3.680187   305A      3.748910   306A      3.935744  

    Final Occupation by Irrep:
              A 
    DOCC [    48 ]

  @DF-RHF Final Energy:  -608.41122143610039

   => Energetics <=

    Nuclear Repulsion Energy =            647.0616027275340230
    One-Electron Energy =               -2087.8154005670317019
    Two-Electron Energy =                 832.3425764033971745
    Total Energy =                       -608.4112214361003907

Computation Completed


Properties will be evaluated at   0.000000,   0.000000,   0.000000 [a0]

Properties computed using the SCF density matrix

  Nuclear Dipole Moment: [e a0]
     X:     7.8569      Y:   -10.9830      Z:     8.0170

  Electronic Dipole Moment: [e a0]
     X:    -5.1386      Y:     4.6959      Z:    -7.7072

  Dipole Moment: [e a0]
     X:     2.7183      Y:    -6.2871      Z:     0.3098     Total:     6.8566

  Dipole Moment: [D]
     X:     6.9092      Y:   -15.9803      Z:     0.7874     Total:    17.4278


*** tstop() called on aliaconda at Sun Mar 20 05:38:40 2022
Module time:
	user time   =     326.03 seconds =       5.43 minutes
	system time =      38.85 seconds =       0.65 minutes
	total time  =         15 seconds =       0.25 minutes
Total time:
	user time   =   72268.11 seconds =    1204.47 minutes
	system time =   10075.62 seconds =     167.93 minutes
	total time  =       4503 seconds =      75.05 minutes

  //>>>>>>>>>>>>>>>>>>>>>>>>>>>>>>>>>>>//
  //            Monomer A HF           //
  //<<<<<<<<<<<<<<<<<<<<<<<<<<<<<<<<<<<//


*** tstart() called on aliaconda
*** at Sun Mar 20 05:38:40 2022

   => Loading Basis Set <=

    Name: JUN-CC-PVDZ
    Role: ORBITAL
    Keyword: BASIS
    atoms 1, 14                                          entry N          line   198 file /home/alia/anaconda3/envs/mddemo/share/psi4/basis/jun-cc-pvdz.gbs 
    atoms 2-4, 6, 8-10, 13, 15-17, 19, 21, 23, 25-27, 30 entry H          line    36 file /home/alia/anaconda3/envs/mddemo/share/psi4/basis/jun-cc-pvdz.gbs 
    atoms 5, 7, 11, 18, 20, 24, 28                       entry C          line   164 file /home/alia/anaconda3/envs/mddemo/share/psi4/basis/jun-cc-pvdz.gbs 
    atoms 12, 22, 29                                     entry O          line   232 file /home/alia/anaconda3/envs/mddemo/share/psi4/basis/jun-cc-pvdz.gbs 


         ---------------------------------------------------------
                                   SCF
               by Justin Turney, Rob Parrish, Andy Simmonett
                          and Daniel G. A. Smith
                              RHF Reference
                       32 Threads,  76293 MiB Core
         ---------------------------------------------------------

  ==> Geometry <==

    Molecular point group: c1
    Full point group: C1

    Geometry (in Angstrom), charge = 1, multiplicity = 1:

       Center              X                  Y                   Z               Mass       
    ------------   -----------------  -----------------  -----------------  -----------------
         N            0.522193772988    -6.092613848944    -1.281906461273    14.003074004430
         H           -0.385806219383    -6.312614115973    -2.037906503235     1.007825032230
         H           -0.035806314750    -6.337614211340    -0.245906209503     1.007825032230
         H            1.278193814950    -6.762614163656    -1.426906442200     1.007825032230
         C            1.044193608956    -4.693614157934    -1.348906373535    12.000000000000
         H            0.284193856911    -4.029614123602    -0.907906388794     1.007825032230
         C            2.379193647103    -4.659614238043    -0.548906182800    12.000000000000
         H            3.100193841653    -5.344614180822    -1.044906472717     1.007825032230
         H            2.146193845467    -5.022614154120     0.442093515839     1.007825032230
         H            2.820193870263    -3.622614058752    -0.499906396423     1.007825032230
         C            1.185193879800    -4.268613967199    -2.764906262909    12.000000000000
         O            0.808193547921    -4.942614230413    -3.748906230484    15.994914619570
         H            1.653805120186    -3.293162497778    -2.962132072006     1.007825032230
      Gh(N)           0.273193700509     2.430385914545     0.540093565430    14.003074004430
      Gh(H)           0.385193689065     2.652386036615    -0.638906335388     1.007825032230
      Gh(H)           0.297193868355     1.228386250238     0.489093924011     1.007825032230
      Gh(H)           1.086193902688     2.808386173944     0.983093882049     1.007825032230
      Gh(C)          -0.968806402488     3.057385769587     0.968093538727    12.000000000000
      Gh(H)          -1.724806444450     2.307385769587     1.015093946899     1.007825032230
      Gh(C)          -0.904806272788     3.652386036615     2.426093721832    12.000000000000
      Gh(H)          -1.954806463523     3.939385739069     2.767093325104     1.007825032230
      Gh(O)          -0.081806318565     4.800385800104     2.577093744720    15.994914619570
      Gh(H)           0.803193910317     4.489385929804     2.454093599762     1.007825032230
      Gh(C)          -0.362806455894     2.556386318903     3.308093691315    12.000000000000
      Gh(H)           0.699193818764     2.224385586481     2.944093370880     1.007825032230
      Gh(H)          -0.933806078239     1.554385510187     3.163094187225     1.007825032230
      Gh(H)          -0.365806238456     2.816385594110     4.369093561615     1.007825032230
      Gh(C)          -1.458806173606     4.185386028986     0.049093866791    12.000000000000
      Gh(O)          -2.636806146903     4.216386166315    -0.284906243836    15.994914619570
      Gh(H)          -0.759734766288     4.957138386469    -0.305444097077     1.007825032230

  Running in c1 symmetry.

  Rotational constants: A =      0.03885  B =      0.00421  C =      0.00397 [cm^-1]
  Rotational constants: A =   1164.78852  B =    126.29817  C =    118.90557 [MHz]
  Nuclear repulsion =  185.343480663320719

  Charge       = 1
  Multiplicity = 1
  Electrons    = 40
  Nalpha       = 20
  Nbeta        = 20

  ==> Algorithm <==

  SCF Algorithm Type is DF.
  DIIS enabled.
  MOM disabled.
  Fractional occupation disabled.
  Guess Type is SAD.
  Energy threshold   = 1.00e-08
  Density threshold  = 1.00e-08
  Integral threshold = 1.00e-12

  ==> Primary Basis <==

  Basis Set: JUN-CC-PVDZ
    Blend: JUN-CC-PVDZ
    Number of shells: 150
    Number of basis functions: 306
    Number of Cartesian functions: 318
    Spherical Harmonics?: true
    Max angular momentum: 2

   => Loading Basis Set <=

    Name: (JUN-CC-PVDZ AUX)
    Role: JKFIT
    Keyword: DF_BASIS_SCF
    atoms 1, 14                                          entry N          line   202 file /home/alia/anaconda3/envs/mddemo/share/psi4/basis/jun-cc-pvdz-jkfit.gbs 
    atoms 2-4, 6, 8-10, 13, 15-17, 19, 21, 23, 25-27, 30 entry H          line    70 file /home/alia/anaconda3/envs/mddemo/share/psi4/basis/jun-cc-pvdz-jkfit.gbs 
    atoms 5, 7, 11, 18, 20, 24, 28                       entry C          line   146 file /home/alia/anaconda3/envs/mddemo/share/psi4/basis/jun-cc-pvdz-jkfit.gbs 
    atoms 12, 22, 29                                     entry O          line   258 file /home/alia/anaconda3/envs/mddemo/share/psi4/basis/jun-cc-pvdz-jkfit.gbs 

  ==> Integral Setup <==

  ==> DiskDFJK: Density-Fitted J/K Matrices <==

    J tasked:                  Yes
    K tasked:                  Yes
    wK tasked:                  No
    OpenMP threads:             32
    Integrals threads:          32
    Memory [MiB]:            57220
    Algorithm:                Core
    Integral Cache:           LOAD
    Schwarz Cutoff:          1E-12
    Fitting Condition:       1E-10

   => Auxiliary Basis Set <=

  Basis Set: (JUN-CC-PVDZ AUX)
    Blend: JUN-CC-PVDZ-JKFIT
    Number of shells: 486
    Number of basis functions: 1362
    Number of Cartesian functions: 1542
    Spherical Harmonics?: true
    Max angular momentum: 3

  Minimum eigenvalue in the overlap matrix is 5.5825699372E-05.
  Reciprocal condition number of the overlap matrix is 4.8320098273E-06.
    Using symmetric orthogonalization.

  ==> Pre-Iterations <==

  SCF Guess: Superposition of Atomic Densities via on-the-fly atomic UHF (no occupation information).

   -------------------------
    Irrep   Nso     Nmo    
   -------------------------
     A        306     306 
   -------------------------
    Total     306     306
   -------------------------

  ==> Iterations <==

                           Total Energy        Delta E     RMS |[F,P]|

   @DF-RHF iter SAD:  -246.64139414582462   -2.46641e+02   0.00000e+00 
   @DF-RHF iter   1:  -247.13651244140789   -4.95118e-01   1.73072e-03 DIIS
   @DF-RHF iter   2:  -247.26019253361849   -1.23680e-01   1.11365e-03 DIIS
   @DF-RHF iter   3:  -247.30381967698582   -4.36271e-02   2.57459e-04 DIIS
   @DF-RHF iter   4:  -247.30774316743370   -3.92349e-03   8.40511e-05 DIIS
   @DF-RHF iter   5:  -247.30821242197817   -4.69255e-04   1.98951e-05 DIIS
   @DF-RHF iter   6:  -247.30826402998767   -5.16080e-05   8.68557e-06 DIIS
   @DF-RHF iter   7:  -247.30827301993310   -8.98995e-06   4.21400e-06 DIIS
   @DF-RHF iter   8:  -247.30827522127288   -2.20134e-06   1.51468e-06 DIIS
   @DF-RHF iter   9:  -247.30827551870755   -2.97435e-07   3.88363e-07 DIIS
   @DF-RHF iter  10:  -247.30827553624840   -1.75409e-08   1.31661e-07 DIIS
   @DF-RHF iter  11:  -247.30827553906738   -2.81898e-09   4.53480e-08 DIIS
   @DF-RHF iter  12:  -247.30827553955612   -4.88740e-10   2.41369e-08 DIIS
   @DF-RHF iter  13:  -247.30827553976064   -2.04523e-10   1.04712e-08 DIIS
   @DF-RHF iter  14:  -247.30827553979788   -3.72324e-11   3.52563e-09 DIIS
  Energy and wave function converged.


  ==> Post-Iterations <==

    Orbital Energies [Eh]
    ---------------------

    Doubly Occupied:                                                      

       1A    -20.753074     2A    -15.927054     3A    -11.529049  
       4A    -11.512199     5A    -11.439667     6A     -1.560898  
       7A     -1.484266     8A     -1.247496     9A     -1.110209  
      10A     -1.002111    11A     -0.952054    12A     -0.908734  
      13A     -0.863700    14A     -0.815757    15A     -0.806335  
      16A     -0.745079    17A     -0.740329    18A     -0.726855  
      19A     -0.669798    20A     -0.616205  

    Virtual:                                                              

      21A     -0.118985    22A     -0.073867    23A     -0.069531  
      24A     -0.054878    25A     -0.049887    26A     -0.030954  
      27A     -0.028714    28A     -0.025256    29A     -0.012056  
      30A     -0.009436    31A     -0.000855    32A      0.000872  
      33A      0.008504    34A      0.011786    35A      0.018920  
      36A      0.026988    37A      0.029938    38A      0.033986  
      39A      0.042854    40A      0.046754    41A      0.049371  
      42A      0.050380    43A      0.056206    44A      0.066163  
      45A      0.072499    46A      0.081358    47A      0.084855  
      48A      0.090759    49A      0.093899    50A      0.096990  
      51A      0.104551    52A      0.107001    53A      0.114473  
      54A      0.120892    55A      0.132684    56A      0.142539  
      57A      0.146030    58A      0.152178    59A      0.152955  
      60A      0.156616    61A      0.164253    62A      0.165397  
      63A      0.172801    64A      0.175974    65A      0.187781  
      66A      0.190129    67A      0.194443    68A      0.209276  
      69A      0.212893    70A      0.224038    71A      0.231220  
      72A      0.238969    73A      0.245801    74A      0.247777  
      75A      0.252091    76A      0.266944    77A      0.273844  
      78A      0.281086    79A      0.296370    80A      0.308910  
      81A      0.312265    82A      0.331184    83A      0.336029  
      84A      0.343947    85A      0.357546    86A      0.369161  
      87A      0.385739    88A      0.392650    89A      0.403824  
      90A      0.434954    91A      0.436176    92A      0.448349  
      93A      0.475307    94A      0.492324    95A      0.506307  
      96A      0.514017    97A      0.532853    98A      0.541402  
      99A      0.545103   100A      0.565601   101A      0.570328  
     102A      0.571587   103A      0.577586   104A      0.581698  
     105A      0.609651   106A      0.612610   107A      0.632180  
     108A      0.649990   109A      0.651894   110A      0.667397  
     111A      0.678620   112A      0.682305   113A      0.692508  
     114A      0.706025   115A      0.707861   116A      0.726657  
     117A      0.744789   118A      0.747185   119A      0.753256  
     120A      0.764913   121A      0.775221   122A      0.787361  
     123A      0.794404   124A      0.810981   125A      0.823562  
     126A      0.859156   127A      0.862809   128A      0.885148  
     129A      0.897085   130A      0.912298   131A      0.922509  
     132A      0.928671   133A      0.941830   134A      0.944804  
     135A      0.950916   136A      0.970247   137A      0.989545  
     138A      1.002082   139A      1.035273   140A      1.104720  
     141A      1.118570   142A      1.133602   143A      1.192983  
     144A      1.215264   145A      1.230296   146A      1.296030  
     147A      1.308023   148A      1.330100   149A      1.349067  
     150A      1.391045   151A      1.398596   152A      1.437534  
     153A      1.475533   154A      1.493810   155A      1.506628  
     156A      1.519874   157A      1.544413   158A      1.596730  
     159A      1.600615   160A      1.608906   161A      1.621700  
     162A      1.646552   163A      1.674460   164A      1.674864  
     165A      1.677529   166A      1.690144   167A      1.694272  
     168A      1.701426   169A      1.707580   170A      1.730814  
     171A      1.733574   172A      1.743633   173A      1.746598  
     174A      1.753895   175A      1.771371   176A      1.790664  
     177A      1.810864   178A      1.820897   179A      1.824571  
     180A      1.840359   181A      1.857146   182A      1.864109  
     183A      1.865207   184A      1.869434   185A      1.891422  
     186A      1.906676   187A      1.912665   188A      1.926728  
     189A      1.936697   190A      1.955206   191A      1.971509  
     192A      1.975182   193A      2.000379   194A      2.008313  
     195A      2.010436   196A      2.022404   197A      2.025108  
     198A      2.052451   199A      2.063327   200A      2.063575  
     201A      2.085015   202A      2.101101   203A      2.123346  
     204A      2.124699   205A      2.144420   206A      2.156398  
     207A      2.177496   208A      2.188274   209A      2.191149  
     210A      2.222427   211A      2.228734   212A      2.232218  
     213A      2.246559   214A      2.277750   215A      2.300038  
     216A      2.322729   217A      2.332660   218A      2.336815  
     219A      2.345446   220A      2.379622   221A      2.400919  
     222A      2.409795   223A      2.438927   224A      2.445664  
     225A      2.448520   226A      2.463743   227A      2.499384  
     228A      2.509886   229A      2.520401   230A      2.558279  
     231A      2.588371   232A      2.599194   233A      2.603274  
     234A      2.618321   235A      2.627687   236A      2.646292  
     237A      2.672334   238A      2.674218   239A      2.696845  
     240A      2.704677   241A      2.713051   242A      2.762806  
     243A      2.789762   244A      2.810255   245A      2.827310  
     246A      2.868416   247A      2.881376   248A      2.903491  
     249A      2.925677   250A      2.945427   251A      2.961515  
     252A      2.973173   253A      3.014957   254A      3.033506  
     255A      3.053974   256A      3.087347   257A      3.124555  
     258A      3.165817   259A      3.248861   260A      3.256840  
     261A      3.349399   262A      3.417340   263A      3.474056  
     264A      3.485045   265A      3.519565   266A      3.537838  
     267A      3.629737   268A      3.651167   269A      3.693530  
     270A      3.747091   271A      3.906430   272A      3.953148  
     273A      4.013364   274A      4.180432   275A      4.195124  
     276A      4.311782   277A      4.390547   278A      4.458737  
     279A      4.482280   280A      4.559351   281A      4.628091  
     282A      4.661419   283A      4.713648   284A      4.715075  
     285A      4.811382   286A      4.828252   287A      4.931396  
     288A      5.003203   289A      5.070560   290A      5.153111  
     291A      5.308219   292A      5.486301   293A      5.562478  
     294A      5.636394   295A      5.762993   296A      5.872232  
     297A      5.999980   298A      6.692639   299A      6.912471  
     300A     18.161821   301A     18.300468   302A     18.462222  
     303A     18.590769   304A     25.321757   305A     33.442193  
     306A     33.472458  

    Final Occupation by Irrep:
              A 
    DOCC [    20 ]

  @DF-RHF Final Energy:  -247.30827553979788

   => Energetics <=

    Nuclear Repulsion Energy =            185.3434806633207188
    One-Electron Energy =                -694.4817719391336368
    Two-Electron Energy =                 261.8300157360150138
    Total Energy =                       -247.3082755397978758

Computation Completed


Properties will be evaluated at   0.000000,   0.000000,   0.000000 [a0]

Properties computed using the SCF density matrix

  Nuclear Dipole Moment: [e a0]
     X:    91.9041      Y:  -386.7244      Z:  -142.9094

  Electronic Dipole Moment: [e a0]
     X:   -90.3187      Y:   376.3798      Z:   141.6041

  Dipole Moment: [e a0]
     X:     1.5854      Y:   -10.3445      Z:    -1.3052     Total:    10.5464

  Dipole Moment: [D]
     X:     4.0298      Y:   -26.2932      Z:    -3.3176     Total:    26.8063


*** tstop() called on aliaconda at Sun Mar 20 05:38:49 2022
Module time:
	user time   =     196.91 seconds =       3.28 minutes
	system time =      20.27 seconds =       0.34 minutes
	total time  =          9 seconds =       0.15 minutes
Total time:
	user time   =   72465.17 seconds =    1207.75 minutes
	system time =   10095.92 seconds =     168.27 minutes
	total time  =       4512 seconds =      75.20 minutes

  //>>>>>>>>>>>>>>>>>>>>>>>>>>>>>>>>>>>//
  //            Monomer B HF           //
  //<<<<<<<<<<<<<<<<<<<<<<<<<<<<<<<<<<<//


*** tstart() called on aliaconda
*** at Sun Mar 20 05:38:49 2022

   => Loading Basis Set <=

    Name: JUN-CC-PVDZ
    Role: ORBITAL
    Keyword: BASIS
    atoms 1, 14                                          entry N          line   198 file /home/alia/anaconda3/envs/mddemo/share/psi4/basis/jun-cc-pvdz.gbs 
    atoms 2-4, 6, 8-10, 13, 15-17, 19, 21, 23, 25-27, 30 entry H          line    36 file /home/alia/anaconda3/envs/mddemo/share/psi4/basis/jun-cc-pvdz.gbs 
    atoms 5, 7, 11, 18, 20, 24, 28                       entry C          line   164 file /home/alia/anaconda3/envs/mddemo/share/psi4/basis/jun-cc-pvdz.gbs 
    atoms 12, 22, 29                                     entry O          line   232 file /home/alia/anaconda3/envs/mddemo/share/psi4/basis/jun-cc-pvdz.gbs 


         ---------------------------------------------------------
                                   SCF
               by Justin Turney, Rob Parrish, Andy Simmonett
                          and Daniel G. A. Smith
                              RHF Reference
                       32 Threads,  76293 MiB Core
         ---------------------------------------------------------

  ==> Geometry <==

    Molecular point group: c1
    Full point group: C1

    Geometry (in Angstrom), charge = 1, multiplicity = 1:

       Center              X                  Y                   Z               Mass       
    ------------   -----------------  -----------------  -----------------  -----------------
      Gh(N)           0.522193772988    -6.092613848944    -1.281906461273    14.003074004430
      Gh(H)          -0.385806219383    -6.312614115973    -2.037906503235     1.007825032230
      Gh(H)          -0.035806314750    -6.337614211340    -0.245906209503     1.007825032230
      Gh(H)           1.278193814950    -6.762614163656    -1.426906442200     1.007825032230
      Gh(C)           1.044193608956    -4.693614157934    -1.348906373535    12.000000000000
      Gh(H)           0.284193856911    -4.029614123602    -0.907906388794     1.007825032230
      Gh(C)           2.379193647103    -4.659614238043    -0.548906182800    12.000000000000
      Gh(H)           3.100193841653    -5.344614180822    -1.044906472717     1.007825032230
      Gh(H)           2.146193845467    -5.022614154120     0.442093515839     1.007825032230
      Gh(H)           2.820193870263    -3.622614058752    -0.499906396423     1.007825032230
      Gh(C)           1.185193879800    -4.268613967199    -2.764906262909    12.000000000000
      Gh(O)           0.808193547921    -4.942614230413    -3.748906230484    15.994914619570
      Gh(H)           1.653805120186    -3.293162497778    -2.962132072006     1.007825032230
         N            0.273193700509     2.430385914545     0.540093565430    14.003074004430
         H            0.385193689065     2.652386036615    -0.638906335388     1.007825032230
         H            0.297193868355     1.228386250238     0.489093924011     1.007825032230
         H            1.086193902688     2.808386173944     0.983093882049     1.007825032230
         C           -0.968806402488     3.057385769587     0.968093538727    12.000000000000
         H           -1.724806444450     2.307385769587     1.015093946899     1.007825032230
         C           -0.904806272788     3.652386036615     2.426093721832    12.000000000000
         H           -1.954806463523     3.939385739069     2.767093325104     1.007825032230
         O           -0.081806318565     4.800385800104     2.577093744720    15.994914619570
         H            0.803193910317     4.489385929804     2.454093599762     1.007825032230
         C           -0.362806455894     2.556386318903     3.308093691315    12.000000000000
         H            0.699193818764     2.224385586481     2.944093370880     1.007825032230
         H           -0.933806078239     1.554385510187     3.163094187225     1.007825032230
         H           -0.365806238456     2.816385594110     4.369093561615     1.007825032230
         C           -1.458806173606     4.185386028986     0.049093866791    12.000000000000
         O           -2.636806146903     4.216386166315    -0.284906243836    15.994914619570
         H           -0.759734766288     4.957138386469    -0.305444097077     1.007825032230

  Running in c1 symmetry.

  Rotational constants: A =      0.03885  B =      0.00421  C =      0.00397 [cm^-1]
  Rotational constants: A =   1164.78852  B =    126.29817  C =    118.90557 [MHz]
  Nuclear repulsion =  330.017752049678904

  Charge       = 1
  Multiplicity = 1
  Electrons    = 56
  Nalpha       = 28
  Nbeta        = 28

  ==> Algorithm <==

  SCF Algorithm Type is DF.
  DIIS enabled.
  MOM disabled.
  Fractional occupation disabled.
  Guess Type is SAD.
  Energy threshold   = 1.00e-08
  Density threshold  = 1.00e-08
  Integral threshold = 1.00e-12

  ==> Primary Basis <==

  Basis Set: JUN-CC-PVDZ
    Blend: JUN-CC-PVDZ
    Number of shells: 150
    Number of basis functions: 306
    Number of Cartesian functions: 318
    Spherical Harmonics?: true
    Max angular momentum: 2

   => Loading Basis Set <=

    Name: (JUN-CC-PVDZ AUX)
    Role: JKFIT
    Keyword: DF_BASIS_SCF
    atoms 1, 14                                          entry N          line   202 file /home/alia/anaconda3/envs/mddemo/share/psi4/basis/jun-cc-pvdz-jkfit.gbs 
    atoms 2-4, 6, 8-10, 13, 15-17, 19, 21, 23, 25-27, 30 entry H          line    70 file /home/alia/anaconda3/envs/mddemo/share/psi4/basis/jun-cc-pvdz-jkfit.gbs 
    atoms 5, 7, 11, 18, 20, 24, 28                       entry C          line   146 file /home/alia/anaconda3/envs/mddemo/share/psi4/basis/jun-cc-pvdz-jkfit.gbs 
    atoms 12, 22, 29                                     entry O          line   258 file /home/alia/anaconda3/envs/mddemo/share/psi4/basis/jun-cc-pvdz-jkfit.gbs 

  ==> Integral Setup <==

  ==> DiskDFJK: Density-Fitted J/K Matrices <==

    J tasked:                  Yes
    K tasked:                  Yes
    wK tasked:                  No
    OpenMP threads:             32
    Integrals threads:          32
    Memory [MiB]:            57220
    Algorithm:                Core
    Integral Cache:           LOAD
    Schwarz Cutoff:          1E-12
    Fitting Condition:       1E-10

   => Auxiliary Basis Set <=

  Basis Set: (JUN-CC-PVDZ AUX)
    Blend: JUN-CC-PVDZ-JKFIT
    Number of shells: 486
    Number of basis functions: 1362
    Number of Cartesian functions: 1542
    Spherical Harmonics?: true
    Max angular momentum: 3

  Minimum eigenvalue in the overlap matrix is 5.5825699373E-05.
  Reciprocal condition number of the overlap matrix is 4.8320098274E-06.
    Using symmetric orthogonalization.

  ==> Pre-Iterations <==

  SCF Guess: Superposition of Atomic Densities via on-the-fly atomic UHF (no occupation information).

   -------------------------
    Irrep   Nso     Nmo    
   -------------------------
     A        306     306 
   -------------------------
    Total     306     306
   -------------------------

  ==> Iterations <==

                           Total Energy        Delta E     RMS |[F,P]|

   @DF-RHF iter SAD:  -360.56287477695179   -3.60563e+02   0.00000e+00 
   @DF-RHF iter   1:  -360.90648191225506   -3.43607e-01   2.18975e-03 DIIS
   @DF-RHF iter   2:  -361.09869779910770   -1.92216e-01   1.37721e-03 DIIS
   @DF-RHF iter   3:  -361.16488695554790   -6.61892e-02   2.99372e-04 DIIS
   @DF-RHF iter   4:  -361.16986651018118   -4.97955e-03   1.14961e-04 DIIS
   @DF-RHF iter   5:  -361.17059733360628   -7.30823e-04   2.56515e-05 DIIS
   @DF-RHF iter   6:  -361.17066399420787   -6.66606e-05   1.24164e-05 DIIS
   @DF-RHF iter   7:  -361.17067949407283   -1.54999e-05   5.35986e-06 DIIS
   @DF-RHF iter   8:  -361.17068301623289   -3.52216e-06   2.17853e-06 DIIS
   @DF-RHF iter   9:  -361.17068361960384   -6.03371e-07   6.02566e-07 DIIS
   @DF-RHF iter  10:  -361.17068367316546   -5.35616e-08   2.07879e-07 DIIS
   @DF-RHF iter  11:  -361.17068368106317   -7.89771e-09   9.48891e-08 DIIS
   @DF-RHF iter  12:  -361.17068368321975   -2.15658e-09   5.29912e-08 DIIS
   @DF-RHF iter  13:  -361.17068368412748   -9.07733e-10   2.65214e-08 DIIS
   @DF-RHF iter  14:  -361.17068368436037   -2.32887e-10   8.57853e-09 DIIS
  Energy and wave function converged.


  ==> Post-Iterations <==

    Orbital Energies [Eh]
    ---------------------

    Doubly Occupied:                                                      

       1A    -20.746319     2A    -20.746010     3A    -15.947315  
       4A    -11.521124     5A    -11.497266     6A    -11.487581  
       7A    -11.416001     8A     -1.567163     9A     -1.556256  
      10A     -1.512704    11A     -1.242895    12A     -1.158467  
      13A     -1.016546    14A     -1.014674    15A     -0.978707  
      16A     -0.917203    17A     -0.897178    18A     -0.849959  
      19A     -0.813237    20A     -0.811285    21A     -0.777993  
      22A     -0.762388    23A     -0.720123    24A     -0.689927  
      25A     -0.670138    26A     -0.666001    27A     -0.633364  
      28A     -0.592547  

    Virtual:                                                              

      29A     -0.136628    30A     -0.089263    31A     -0.074207  
      32A     -0.053008    33A     -0.048199    34A     -0.037005  
      35A     -0.029354    36A     -0.027741    37A     -0.025292  
      38A     -0.016228    39A     -0.011415    40A     -0.006736  
      41A     -0.002965    42A      0.002377    43A      0.008053  
      44A      0.019446    45A      0.027413    46A      0.030905  
      47A      0.036212    48A      0.039268    49A      0.040758  
      50A      0.044325    51A      0.047007    52A      0.051852  
      53A      0.053688    54A      0.064089    55A      0.064301  
      56A      0.078418    57A      0.090733    58A      0.096974  
      59A      0.099553    60A      0.102354    61A      0.107168  
      62A      0.116800    63A      0.121710    64A      0.126145  
      65A      0.133730    66A      0.139231    67A      0.145374  
      68A      0.146909    69A      0.154352    70A      0.163622  
      71A      0.166171    72A      0.174551    73A      0.182790  
      74A      0.191627    75A      0.193915    76A      0.194332  
      77A      0.201024    78A      0.202153    79A      0.211174  
      80A      0.225273    81A      0.226973    82A      0.241752  
      83A      0.243748    84A      0.260637    85A      0.264664  
      86A      0.272605    87A      0.277830    88A      0.284169  
      89A      0.287467    90A      0.307499    91A      0.312397  
      92A      0.315158    93A      0.333230    94A      0.343519  
      95A      0.349307    96A      0.356437    97A      0.365021  
      98A      0.371965    99A      0.377200   100A      0.389351  
     101A      0.420608   102A      0.429984   103A      0.447163  
     104A      0.459141   105A      0.506403   106A      0.523830  
     107A      0.530305   108A      0.538155   109A      0.548715  
     110A      0.576165   111A      0.579152   112A      0.588340  
     113A      0.600025   114A      0.615728   115A      0.624508  
     116A      0.631117   117A      0.655002   118A      0.662118  
     119A      0.676017   120A      0.681873   121A      0.686830  
     122A      0.710414   123A      0.721953   124A      0.736818  
     125A      0.741116   126A      0.748711   127A      0.758123  
     128A      0.764410   129A      0.782720   130A      0.789914  
     131A      0.797889   132A      0.809618   133A      0.812768  
     134A      0.821483   135A      0.832530   136A      0.859237  
     137A      0.870574   138A      0.879690   139A      0.885785  
     140A      0.893888   141A      0.909384   142A      0.917003  
     143A      0.931407   144A      0.952572   145A      0.991195  
     146A      1.002275   147A      1.013296   148A      1.096244  
     149A      1.161088   150A      1.164264   151A      1.178359  
     152A      1.196051   153A      1.243668   154A      1.274327  
     155A      1.301123   156A      1.308284   157A      1.335203  
     158A      1.353365   159A      1.360850   160A      1.374241  
     161A      1.388395   162A      1.397541   163A      1.438517  
     164A      1.465483   165A      1.486065   166A      1.489952  
     167A      1.494681   168A      1.499848   169A      1.521031  
     170A      1.536621   171A      1.579130   172A      1.589220  
     173A      1.602915   174A      1.612600   175A      1.630797  
     176A      1.658015   177A      1.665526   178A      1.666780  
     179A      1.677061   180A      1.688084   181A      1.692042  
     182A      1.709091   183A      1.726342   184A      1.745419  
     185A      1.755399   186A      1.764230   187A      1.778544  
     188A      1.781110   189A      1.789294   190A      1.790467  
     191A      1.798909   192A      1.821867   193A      1.841902  
     194A      1.847144   195A      1.852755   196A      1.869768  
     197A      1.885823   198A      1.887306   199A      1.919668  
     200A      1.931196   201A      1.931875   202A      1.939406  
     203A      1.940783   204A      1.950725   205A      1.978687  
     206A      1.980871   207A      1.992336   208A      2.003934  
     209A      2.010001   210A      2.038205   211A      2.047908  
     212A      2.061187   213A      2.101055   214A      2.102275  
     215A      2.103842   216A      2.127512   217A      2.141756  
     218A      2.146917   219A      2.149499   220A      2.159761  
     221A      2.174676   222A      2.186393   223A      2.199357  
     224A      2.210749   225A      2.217141   226A      2.255103  
     227A      2.294041   228A      2.308056   229A      2.315996  
     230A      2.317496   231A      2.330405   232A      2.374883  
     233A      2.407655   234A      2.407873   235A      2.419780  
     236A      2.425740   237A      2.446096   238A      2.451350  
     239A      2.466157   240A      2.513708   241A      2.521429  
     242A      2.529552   243A      2.535218   244A      2.585149  
     245A      2.587744   246A      2.607363   247A      2.609232  
     248A      2.653035   249A      2.671691   250A      2.690132  
     251A      2.703982   252A      2.722805   253A      2.743293  
     254A      2.749673   255A      2.781747   256A      2.791256  
     257A      2.812135   258A      2.827177   259A      2.900451  
     260A      2.903591   261A      2.945514   262A      2.953199  
     263A      3.006403   264A      3.028014   265A      3.088179  
     266A      3.110845   267A      3.163435   268A      3.168731  
     269A      3.191880   270A      3.220458   271A      3.279045  
     272A      3.298443   273A      3.331667   274A      3.391586  
     275A      3.434428   276A      3.537779   277A      3.566275  
     278A      3.567465   279A      3.627713   280A      3.794703  
     281A      3.802711   282A      3.884718   283A      3.958089  
     284A      3.988068   285A      4.126217   286A      4.163110  
     287A      4.232667   288A      4.363684   289A      4.587221  
     290A      4.649597   291A      4.743096   292A      4.801484  
     293A      4.837781   294A      4.919551   295A      5.033483  
     296A      5.107212   297A      5.446786   298A      5.528535  
     299A      5.674901   300A      5.778184   301A      6.558145  
     302A     18.151487   303A     18.351409   304A     18.561268  
     305A     25.311658   306A     33.424449  

    Final Occupation by Irrep:
              A 
    DOCC [    28 ]

  @DF-RHF Final Energy:  -361.17068368436037

   => Energetics <=

    Nuclear Repulsion Energy =            330.0177520496789043
    One-Electron Energy =               -1135.9561251186601112
    Two-Electron Energy =                 444.7676893846208941
    Total Energy =                       -361.1706836843603696

Computation Completed


Properties will be evaluated at   0.000000,   0.000000,   0.000000 [a0]

Properties computed using the SCF density matrix

  Nuclear Dipole Moment: [e a0]
     X:   -84.0472      Y:   375.7413      Z:   150.9264

  Electronic Dipole Moment: [e a0]
     X:    85.2296      Y:  -371.6744      Z:  -149.2872

  Dipole Moment: [e a0]
     X:     1.1823      Y:     4.0669      Z:     1.6392     Total:     4.5414

  Dipole Moment: [D]
     X:     3.0051      Y:    10.3371      Z:     4.1664     Total:    11.5432


*** tstop() called on aliaconda at Sun Mar 20 05:39:01 2022
Module time:
	user time   =     239.45 seconds =       3.99 minutes
	system time =      31.39 seconds =       0.52 minutes
	total time  =         12 seconds =       0.20 minutes
Total time:
	user time   =   72704.77 seconds =    1211.75 minutes
	system time =   10127.34 seconds =     168.79 minutes
	total time  =       4524 seconds =      75.40 minutes
  Constructing Basis Sets for SAPT...

   => Loading Basis Set <=

    Name: (JUN-CC-PVDZ AUX)
    Role: RIFIT
    Keyword: DF_BASIS_SAPT
    atoms 1, 14                                          entry N          line   144 file /home/alia/anaconda3/envs/mddemo/share/psi4/basis/jun-cc-pvdz-ri.gbs 
    atoms 2-4, 6, 8-10, 13, 15-17, 19, 21, 23, 25-27, 30 entry H          line    30 file /home/alia/anaconda3/envs/mddemo/share/psi4/basis/jun-cc-pvdz-ri.gbs 
    atoms 5, 7, 11, 18, 20, 24, 28                       entry C          line   100 file /home/alia/anaconda3/envs/mddemo/share/psi4/basis/jun-cc-pvdz-ri.gbs 
    atoms 12, 22, 29                                     entry O          line   188 file /home/alia/anaconda3/envs/mddemo/share/psi4/basis/jun-cc-pvdz-ri.gbs 


  //>>>>>>>>>>>>>>>>>>>>>>>>>>>>>>>>>>>//
  //               SAPT0               //
  //<<<<<<<<<<<<<<<<<<<<<<<<<<<<<<<<<<<//


*** tstart() called on aliaconda
*** at Sun Mar 20 05:39:02 2022

        SAPT0  
    Ed Hohenstein
     6 June 2009

      Orbital Information
  --------------------------
    NSO        =       306
    NMO        =       306
    NRI        =      1032
    NOCC A     =        20
    NOCC B     =        28
    FOCC A     =         0
    FOCC B     =         0
    NVIR A     =       286
    NVIR B     =       278

    Elst10,r            =     0.068592914207 [Eh]
    Exch10              =    -0.000000030118 [Eh]
    Exch10 (S^2)        =    -0.000000030118 [Eh]

    Iter     Energy [mEh]          dE [mEh]         Residual      Time [s]
       1      -0.47777261       0.477772606       6.697097025             1
       2      -0.46271935      -0.015053259       2.156365693             2
       3      -0.50034265       0.037623306       0.846687761             2
       4      -0.51166689       0.011324235       0.242922492             3
       5      -0.50985813      -0.001808764       0.141471749             3
       6      -0.50889071      -0.000967413       0.038811117             4
       7      -0.50918808       0.000297366       0.012241849             4
       8      -0.50923114       0.000043066       0.004780215             5
       9      -0.50920571      -0.000025430       0.002832759             5
      10      -0.50920112      -0.000004595       0.001050859             6
      11      -0.50920685       0.000005735       0.000333512             7
      12      -0.50920685       0.000000001       0.000087081             7
      13      -0.50920645      -0.000000407       0.000021033             8
      14      -0.50920644      -0.000000002       0.000004985             8
      15      -0.50920646       0.000000020       0.000001013             9
      16      -0.50920646      -0.000000002       0.000000335             9

    CHF Iterations converged


    Iter     Energy [mEh]          dE [mEh]         Residual      Time [s]
       1      -0.31802602       0.318026024       4.105912174             1
       2      -0.33201954       0.013993515       1.760485758             2
       3      -0.35785662       0.025837078       0.564940065             2
       4      -0.36186131       0.004004698       0.153352429             3
       5      -0.36120120      -0.000660118       0.086553087             3
       6      -0.36061586      -0.000585337       0.027933363             4
       7      -0.36067433       0.000058471       0.014454174             4
       8      -0.36076614       0.000091811       0.004448974             5
       9      -0.36075269      -0.000013451       0.002284119             5
      10      -0.36074359      -0.000009102       0.001068294             6
      11      -0.36074782       0.000004229       0.000468368             7
      12      -0.36074853       0.000000709       0.000160594             7
      13      -0.36074811      -0.000000416       0.000050504             8
      14      -0.36074798      -0.000000133       0.000012939             8
      15      -0.36074801       0.000000030       0.000004072             9
      16      -0.36074802       0.000000009       0.000001126             9
      17      -0.36074802      -0.000000002       0.000000434            10

    CHF Iterations converged

    Ind20,r (A<-B)      =    -0.000509206463 [Eh]
    Ind20,r (B<-A)      =    -0.000360748016 [Eh]
    Ind20,r             =    -0.000869954479 [Eh]
    Exch-Ind20,r (A<-B) =     0.000000004893 [Eh]
    Exch-Ind20,r (B<-A) =     0.000000005363 [Eh]
    Exch-Ind20,r        =     0.000000010256 [Eh]
    Disp20              =    -0.000074007077 [Eh]
    Disp20 (SS)         =    -0.000037003539 [Eh]
    Disp20 (OS)         =    -0.000037003539 [Eh]
    Exch-Disp20         =     0.000000004292 [Eh]
    Exch-Disp20 (SS)    =     0.000000003129 [Eh]
    Exch-Disp20 (OS)    =     0.000000001162 [Eh]

    SAPT Results 
  --------------------------------------------------------------------------------------------------------
    Electrostatics                 68.59291421 [mEh]      43.04270350 [kcal/mol]     180.09067144 [kJ/mol]
      Elst10,r                     68.59291421 [mEh]      43.04270350 [kcal/mol]     180.09067144 [kJ/mol]

    Exchange                       -0.00003012 [mEh]      -0.00001890 [kcal/mol]      -0.00007907 [kJ/mol]
      Exch10                       -0.00003012 [mEh]      -0.00001890 [kcal/mol]      -0.00007907 [kJ/mol]
      Exch10(S^2)                  -0.00003012 [mEh]      -0.00001890 [kcal/mol]      -0.00007907 [kJ/mol]

    Induction                      -0.85509603 [mEh]      -0.53658086 [kcal/mol]      -2.24505432 [kJ/mol]
      Ind20,r                      -0.86995448 [mEh]      -0.54590468 [kcal/mol]      -2.28406517 [kJ/mol]
      Exch-Ind20,r                  0.00001026 [mEh]       0.00000644 [kcal/mol]       0.00002693 [kJ/mol]
      delta HF,r (2)                0.01484819 [mEh]       0.00931738 [kcal/mol]       0.03898392 [kJ/mol]

    Dispersion                     -0.07400279 [mEh]      -0.04643745 [kcal/mol]      -0.19429429 [kJ/mol]
      Disp20                       -0.07400708 [mEh]      -0.04644014 [kcal/mol]      -0.19430555 [kJ/mol]
      Exch-Disp20                   0.00000429 [mEh]       0.00000269 [kcal/mol]       0.00001127 [kJ/mol]
      Disp20 (SS)                  -0.03700354 [mEh]      -0.02322007 [kcal/mol]      -0.09715278 [kJ/mol]
      Disp20 (OS)                  -0.03700354 [mEh]      -0.02322007 [kcal/mol]      -0.09715278 [kJ/mol]
      Exch-Disp20 (SS)              0.00000313 [mEh]       0.00000196 [kcal/mol]       0.00000822 [kJ/mol]
      Exch-Disp20 (OS)              0.00000116 [mEh]       0.00000073 [kcal/mol]       0.00000305 [kJ/mol]

  Total HF                         67.73778806 [mEh]      42.50610374 [kcal/mol]     177.84553804 [kJ/mol]
  Total SAPT0                      67.66378527 [mEh]      42.45966629 [kcal/mol]     177.65124376 [kJ/mol]

  Special recipe for scaled SAPT0 (see Manual):
    Electrostatics sSAPT0          68.59291421 [mEh]      43.04270350 [kcal/mol]     180.09067144 [kJ/mol]
    Exchange sSAPT0                -0.00003012 [mEh]      -0.00001890 [kcal/mol]      -0.00007907 [kJ/mol]
    Induction sSAPT0               -0.85509603 [mEh]      -0.53658086 [kcal/mol]      -2.24505432 [kJ/mol]
    Dispersion sSAPT0              -0.07400279 [mEh]      -0.04643745 [kcal/mol]      -0.19429429 [kJ/mol]
  Total sSAPT0                     67.66378527 [mEh]      42.45966629 [kcal/mol]     177.65124376 [kJ/mol]
  --------------------------------------------------------------------------------------------------------

*** tstop() called on aliaconda at Sun Mar 20 05:39:50 2022
Module time:
	user time   =     672.88 seconds =      11.21 minutes
	system time =     116.09 seconds =       1.93 minutes
	total time  =         48 seconds =       0.80 minutes
Total time:
	user time   =   73380.21 seconds =    1223.00 minutes
	system time =   10243.91 seconds =     170.73 minutes
	total time  =       4573 seconds =      76.22 minutes


Warning! sapt0 does not have an associated derived wavefunction.The returned wavefunction is the dimer SCF wavefunction.


  Memory set to  74.506 GiB by Python driver.
  Threads set to 32 by Python driver.
