
Scratch directory: /tmp/

Scratch directory: /tmp/

  //>>>>>>>>>>>>>>>>>>>>>>>>>>>>>>>>>>>//
  //              Dimer HF             //
  //<<<<<<<<<<<<<<<<<<<<<<<<<<<<<<<<<<<//


*** tstart() called on aliaconda
*** at Sun Mar 20 06:49:24 2022

   => Loading Basis Set <=

    Name: JUN-CC-PVDZ
    Role: ORBITAL
    Keyword: BASIS
    atoms 1, 14                                          entry N          line   198 file /home/alia/anaconda3/envs/mddemo/share/psi4/basis/jun-cc-pvdz.gbs 
    atoms 2-4, 6, 8-10, 13, 15-17, 19, 21, 23, 25-27, 30 entry H          line    36 file /home/alia/anaconda3/envs/mddemo/share/psi4/basis/jun-cc-pvdz.gbs 
    atoms 5, 7, 11, 18, 20, 24, 28                       entry C          line   164 file /home/alia/anaconda3/envs/mddemo/share/psi4/basis/jun-cc-pvdz.gbs 
    atoms 12, 22, 29                                     entry O          line   232 file /home/alia/anaconda3/envs/mddemo/share/psi4/basis/jun-cc-pvdz.gbs 


         ---------------------------------------------------------
                                   SCF
               by Justin Turney, Rob Parrish, Andy Simmonett
                          and Daniel G. A. Smith
                              RHF Reference
                       32 Threads,  76293 MiB Core
         ---------------------------------------------------------

  ==> Geometry <==

    Molecular point group: c1
    Full point group: C1

    Geometry (in Angstrom), charge = 2, multiplicity = 1:

       Center              X                  Y                   Z               Mass       
    ------------   -----------------  -----------------  -----------------  -----------------
         N           -0.669396535458    -6.343575310679    -0.921229599688    14.003074004430
         H           -1.281396524014    -6.788575482340    -1.855229376528     1.007825032230
         H           -1.581396237912    -6.238575530024    -0.143229244921     1.007825032230
         H           -0.037396565976    -7.078575444193    -0.553229569170     1.007825032230
         C            0.031603678165    -5.151575159998    -1.153229473803    12.000000000000
         H           -0.488396302762    -4.376575541468    -0.629229305956     1.007825032230
         C            1.452603681979    -5.403575491877    -0.544229267809    12.000000000000
         H            2.002603634296    -6.277575564356    -0.853229283068     1.007825032230
         H            1.322603567539    -5.585575175257     0.587770701673     1.007825032230
         H            2.046603544650    -4.520575594874    -0.677229641649     1.007825032230
         C            0.180603846011    -4.751575541468    -2.614229439470    12.000000000000
         O            0.086603506503    -5.565575194331    -3.507229326937    15.994914619570
         H            0.378230913577    -3.699046206446    -2.865478275988     1.007825032230
         N            0.963603599963     2.736424374609     0.213770629194    14.003074004430
         H            0.944603546558     2.773425030737    -0.989229439470     1.007825032230
         H            0.961603744922     1.546424794225     0.384770633009     1.007825032230
         H            1.790603741107     3.151424336462     0.522770644453     1.007825032230
         C           -0.256396428647     3.432424473791     0.713770629194    12.000000000000
         H           -1.186396256985     2.899424481420     0.510770560530     1.007825032230
         C           -0.291396276059     3.818424153356     2.219770671156    12.000000000000
         H           -1.338396207394     4.090424466161     2.366770983961     1.007825032230
         O            0.399603708682     4.982424664526     2.641770602491    15.994914619570
         H            1.306603773532     4.695424962072     2.872770549085     1.007825032230
         C            0.150603636203     2.790424275427     3.245770694044    12.000000000000
         H            1.230603559909     2.555424618749     3.233770610121     1.007825032230
         H           -0.517396108212     1.820424962072     2.994770289686     1.007825032230
         H           -0.046396390500     3.204424786596     4.184770823744     1.007825032230
         C           -0.509396211209     4.672424244909    -0.064229248736    12.000000000000
         O           -1.680396215024     4.973424840002    -0.420229195330    15.994914619570
         H            0.329874380527     5.331526684789    -0.331078766558     1.007825032230

  Running in c1 symmetry.

  Rotational constants: A =      0.03884  B =      0.00382  C =      0.00362 [cm^-1]
  Rotational constants: A =   1164.31369  B =    114.38156  C =    108.54454 [MHz]
  Nuclear repulsion =  641.114315559314036

  Charge       = 2
  Multiplicity = 1
  Electrons    = 96
  Nalpha       = 48
  Nbeta        = 48

  ==> Algorithm <==

  SCF Algorithm Type is DF.
  DIIS enabled.
  MOM disabled.
  Fractional occupation disabled.
  Guess Type is SAD.
  Energy threshold   = 1.00e-08
  Density threshold  = 1.00e-08
  Integral threshold = 1.00e-12

  ==> Primary Basis <==

  Basis Set: JUN-CC-PVDZ
    Blend: JUN-CC-PVDZ
    Number of shells: 150
    Number of basis functions: 306
    Number of Cartesian functions: 318
    Spherical Harmonics?: true
    Max angular momentum: 2

   => Loading Basis Set <=

    Name: (JUN-CC-PVDZ AUX)
    Role: JKFIT
    Keyword: DF_BASIS_SCF
    atoms 1, 14                                          entry N          line   202 file /home/alia/anaconda3/envs/mddemo/share/psi4/basis/jun-cc-pvdz-jkfit.gbs 
    atoms 2-4, 6, 8-10, 13, 15-17, 19, 21, 23, 25-27, 30 entry H          line    70 file /home/alia/anaconda3/envs/mddemo/share/psi4/basis/jun-cc-pvdz-jkfit.gbs 
    atoms 5, 7, 11, 18, 20, 24, 28                       entry C          line   146 file /home/alia/anaconda3/envs/mddemo/share/psi4/basis/jun-cc-pvdz-jkfit.gbs 
    atoms 12, 22, 29                                     entry O          line   258 file /home/alia/anaconda3/envs/mddemo/share/psi4/basis/jun-cc-pvdz-jkfit.gbs 

  ==> Integral Setup <==

  ==> DiskDFJK: Density-Fitted J/K Matrices <==

    J tasked:                  Yes
    K tasked:                  Yes
    wK tasked:                  No
    OpenMP threads:             32
    Integrals threads:          32
    Memory [MiB]:            57220
    Algorithm:                Core
    Integral Cache:           SAVE
    Schwarz Cutoff:          1E-12
    Fitting Condition:       1E-10

   => Auxiliary Basis Set <=

  Basis Set: (JUN-CC-PVDZ AUX)
    Blend: JUN-CC-PVDZ-JKFIT
    Number of shells: 486
    Number of basis functions: 1362
    Number of Cartesian functions: 1542
    Spherical Harmonics?: true
    Max angular momentum: 3

  Minimum eigenvalue in the overlap matrix is 5.5450651769E-05.
  Reciprocal condition number of the overlap matrix is 4.8960085430E-06.
    Using symmetric orthogonalization.

  ==> Pre-Iterations <==

  SCF Guess: Superposition of Atomic Densities via on-the-fly atomic UHF (no occupation information).

   -------------------------
    Irrep   Nso     Nmo    
   -------------------------
     A        306     306 
   -------------------------
    Total     306     306
   -------------------------

  ==> Iterations <==

                           Total Energy        Delta E     RMS |[F,P]|

   @DF-RHF iter SAD:  -607.37555078313392   -6.07376e+02   0.00000e+00 
   @DF-RHF iter   1:  -607.95549681788111   -5.79946e-01   2.80561e-03 DIIS
   @DF-RHF iter   2:  -608.26938469351194   -3.13888e-01   1.80753e-03 DIIS
   @DF-RHF iter   3:  -608.38380416031737   -1.14419e-01   4.00006e-04 DIIS
   @DF-RHF iter   4:  -608.39281147989459   -9.00732e-03   1.50724e-04 DIIS
   @DF-RHF iter   5:  -608.39410018098943   -1.28870e-03   3.75783e-05 DIIS
   @DF-RHF iter   6:  -608.39422942357919   -1.29243e-04   1.89029e-05 DIIS
   @DF-RHF iter   7:  -608.39426273908521   -3.33155e-05   8.55388e-06 DIIS
   @DF-RHF iter   8:  -608.39427086306341   -8.12398e-06   3.71192e-06 DIIS
   @DF-RHF iter   9:  -608.39427251889765   -1.65583e-06   1.42621e-06 DIIS
   @DF-RHF iter  10:  -608.39427277252548   -2.53628e-07   4.49831e-07 DIIS
   @DF-RHF iter  11:  -608.39427280452207   -3.19966e-08   2.02766e-07 DIIS
   @DF-RHF iter  12:  -608.39427281411508   -9.59301e-09   1.07344e-07 DIIS
   @DF-RHF iter  13:  -608.39427281745520   -3.34012e-09   5.50303e-08 DIIS
   @DF-RHF iter  14:  -608.39427281856740   -1.11220e-09   2.10305e-08 DIIS
   @DF-RHF iter  15:  -608.39427281868655   -1.19144e-10   7.61387e-09 DIIS
  Energy and wave function converged.


  ==> Post-Iterations <==

    Orbital Energies [Eh]
    ---------------------

    Doubly Occupied:                                                      

       1A    -20.815844     2A    -20.798443     3A    -20.786498  
       4A    -16.006329     5A    -15.987742     6A    -11.589822  
       7A    -11.573501     8A    -11.564239     9A    -11.558008  
      10A    -11.530530    11A    -11.497369    12A    -11.460590  
      13A     -1.647871    14A     -1.603186    15A     -1.589015  
      16A     -1.572109    17A     -1.564492    18A     -1.303086  
      19A     -1.297795    20A     -1.218340    21A     -1.173949  
      22A     -1.082902    23A     -1.072263    24A     -1.071650  
      25A     -1.022511    26A     -1.014878    27A     -0.997632  
      28A     -0.965007    29A     -0.962993    30A     -0.936633  
      31A     -0.893236    32A     -0.891979    33A     -0.866911  
      34A     -0.852722    35A     -0.849999    36A     -0.829213  
      37A     -0.828989    38A     -0.807794    39A     -0.798826  
      40A     -0.776978    41A     -0.776456    42A     -0.746512  
      43A     -0.742640    44A     -0.714666    45A     -0.701918  
      46A     -0.676303    47A     -0.672263    48A     -0.649178  

    Virtual:                                                              

      49A     -0.202610    50A     -0.178640    51A     -0.156908  
      52A     -0.142016    53A     -0.136229    54A     -0.131115  
      55A     -0.118809    56A     -0.111438    57A     -0.105049  
      58A     -0.102308    59A     -0.094086    60A     -0.092831  
      61A     -0.084828    62A     -0.082070    63A     -0.077160  
      64A     -0.073880    65A     -0.068527    66A     -0.066151  
      67A     -0.060379    68A     -0.059185    69A     -0.053013  
      70A     -0.049767    71A     -0.037296    72A     -0.035848  
      73A     -0.029240    74A     -0.025136    75A     -0.022229  
      76A     -0.020979    77A     -0.014283    78A     -0.009677  
      79A     -0.007014    80A     -0.002122    81A      0.000865  
      82A      0.013805    83A      0.016820    84A      0.028260  
      85A      0.035488    86A      0.041705    87A      0.046674  
      88A      0.053621    89A      0.056956    90A      0.064271  
      91A      0.071874    92A      0.076538    93A      0.094849  
      94A      0.095729    95A      0.099273    96A      0.106976  
      97A      0.112488    98A      0.114532    99A      0.123173  
     100A      0.127119   101A      0.128657   102A      0.133980  
     103A      0.138508   104A      0.139426   105A      0.148160  
     106A      0.153906   107A      0.171973   108A      0.181098  
     109A      0.187673   110A      0.189330   111A      0.202795  
     112A      0.209249   113A      0.217107   114A      0.219205  
     115A      0.227235   116A      0.231067   117A      0.249321  
     118A      0.258633   119A      0.267965   120A      0.268655  
     121A      0.284119   122A      0.308176   123A      0.316579  
     124A      0.335240   125A      0.371744   126A      0.377660  
     127A      0.451657   128A      0.457299   129A      0.475052  
     130A      0.498699   131A      0.518999   132A      0.529299  
     133A      0.538388   134A      0.541077   135A      0.560532  
     136A      0.561005   137A      0.575692   138A      0.590705  
     139A      0.595916   140A      0.598191   141A      0.611394  
     142A      0.631559   143A      0.644415   144A      0.647763  
     145A      0.650828   146A      0.661826   147A      0.669816  
     148A      0.674490   149A      0.676009   150A      0.689232  
     151A      0.695940   152A      0.701106   153A      0.721209  
     154A      0.721638   155A      0.731023   156A      0.734805  
     157A      0.754032   158A      0.759369   159A      0.769704  
     160A      0.775974   161A      0.780826   162A      0.797138  
     163A      0.799821   164A      0.817531   165A      0.821571  
     166A      0.824424   167A      0.833614   168A      0.854819  
     169A      0.861879   170A      0.870862   171A      0.883335  
     172A      0.905880   173A      0.928069   174A      0.947251  
     175A      0.966534   176A      1.043678   177A      1.054248  
     178A      1.079331   179A      1.093684   180A      1.123490  
     181A      1.139829   182A      1.159224   183A      1.190633  
     184A      1.199634   185A      1.209743   186A      1.223407  
     187A      1.226709   188A      1.253285   189A      1.256985  
     190A      1.285692   191A      1.286524   192A      1.297254  
     193A      1.301903   194A      1.307723   195A      1.325548  
     196A      1.329497   197A      1.334367   198A      1.339651  
     199A      1.363874   200A      1.375876   201A      1.381963  
     202A      1.408004   203A      1.430984   204A      1.444032  
     205A      1.450214   206A      1.473103   207A      1.507012  
     208A      1.515867   209A      1.533002   210A      1.558749  
     211A      1.560938   212A      1.571942   213A      1.577294  
     214A      1.601507   215A      1.628071   216A      1.637445  
     217A      1.638881   218A      1.646745   219A      1.657770  
     220A      1.685185   221A      1.688966   222A      1.705870  
     223A      1.707227   224A      1.720992   225A      1.733469  
     226A      1.739016   227A      1.740488   228A      1.760003  
     229A      1.761865   230A      1.763865   231A      1.768695  
     232A      1.786765   233A      1.789773   234A      1.801459  
     235A      1.815384   236A      1.839394   237A      1.843262  
     238A      1.857302   239A      1.860865   240A      1.864904  
     241A      1.867924   242A      1.910741   243A      1.936430  
     244A      1.953725   245A      1.967932   246A      1.986715  
     247A      2.007004   248A      2.014045   249A      2.031725  
     250A      2.042984   251A      2.056615   252A      2.075267  
     253A      2.118345   254A      2.121265   255A      2.140350  
     256A      2.145671   257A      2.150256   258A      2.180441  
     259A      2.185206   260A      2.244159   261A      2.252648  
     262A      2.260867   263A      2.321981   264A      2.332253  
     265A      2.336947   266A      2.370332   267A      2.384619  
     268A      2.387765   269A      2.396965   270A      2.411403  
     271A      2.416027   272A      2.446469   273A      2.502395  
     274A      2.520075   275A      2.526612   276A      2.545844  
     277A      2.588801   278A      2.609042   279A      2.635391  
     280A      2.641810   281A      2.645755   282A      2.674428  
     283A      2.710062   284A      2.712650   285A      2.724591  
     286A      2.763397   287A      2.802757   288A      2.838741  
     289A      2.849769   290A      2.854370   291A      2.878418  
     292A      2.945264   293A      2.983014   294A      3.044359  
     295A      3.059410   296A      3.105762   297A      3.166377  
     298A      3.208756   299A      3.229665   300A      3.270783  
     301A      3.472190   302A      3.504276   303A      3.515719  
     304A      3.696738   305A      3.736696   306A      3.905663  

    Final Occupation by Irrep:
              A 
    DOCC [    48 ]

  @DF-RHF Final Energy:  -608.39427281868655

   => Energetics <=

    Nuclear Repulsion Energy =            641.1143155593140364
    One-Electron Energy =               -2076.3335532392407003
    Two-Electron Energy =                 826.8249648612401188
    Total Energy =                       -608.3942728186865452

Computation Completed


Properties will be evaluated at   0.000000,   0.000000,   0.000000 [a0]

Properties computed using the SCF density matrix

  Nuclear Dipole Moment: [e a0]
     X:     5.4652      Y:   -11.6837      Z:     8.2098

  Electronic Dipole Moment: [e a0]
     X:    -3.8208      Y:     5.1443      Z:    -7.9013

  Dipole Moment: [e a0]
     X:     1.6444      Y:    -6.5394      Z:     0.3085     Total:     6.7500

  Dipole Moment: [D]
     X:     4.1796      Y:   -16.6214      Z:     0.7840     Total:    17.1568


*** tstop() called on aliaconda at Sun Mar 20 06:49:39 2022
Module time:
	user time   =     319.66 seconds =       5.33 minutes
	system time =      38.94 seconds =       0.65 minutes
	total time  =         15 seconds =       0.25 minutes
Total time:
	user time   =  144544.39 seconds =    2409.07 minutes
	system time =   20458.80 seconds =     340.98 minutes
	total time  =       8762 seconds =     146.03 minutes

  //>>>>>>>>>>>>>>>>>>>>>>>>>>>>>>>>>>>//
  //            Monomer A HF           //
  //<<<<<<<<<<<<<<<<<<<<<<<<<<<<<<<<<<<//


*** tstart() called on aliaconda
*** at Sun Mar 20 06:49:39 2022

   => Loading Basis Set <=

    Name: JUN-CC-PVDZ
    Role: ORBITAL
    Keyword: BASIS
    atoms 1, 14                                          entry N          line   198 file /home/alia/anaconda3/envs/mddemo/share/psi4/basis/jun-cc-pvdz.gbs 
    atoms 2-4, 6, 8-10, 13, 15-17, 19, 21, 23, 25-27, 30 entry H          line    36 file /home/alia/anaconda3/envs/mddemo/share/psi4/basis/jun-cc-pvdz.gbs 
    atoms 5, 7, 11, 18, 20, 24, 28                       entry C          line   164 file /home/alia/anaconda3/envs/mddemo/share/psi4/basis/jun-cc-pvdz.gbs 
    atoms 12, 22, 29                                     entry O          line   232 file /home/alia/anaconda3/envs/mddemo/share/psi4/basis/jun-cc-pvdz.gbs 


         ---------------------------------------------------------
                                   SCF
               by Justin Turney, Rob Parrish, Andy Simmonett
                          and Daniel G. A. Smith
                              RHF Reference
                       32 Threads,  76293 MiB Core
         ---------------------------------------------------------

  ==> Geometry <==

    Molecular point group: c1
    Full point group: C1

    Geometry (in Angstrom), charge = 1, multiplicity = 1:

       Center              X                  Y                   Z               Mass       
    ------------   -----------------  -----------------  -----------------  -----------------
         N           -0.669396535458    -6.343575310679    -0.921229599688    14.003074004430
         H           -1.281396524014    -6.788575482340    -1.855229376528     1.007825032230
         H           -1.581396237912    -6.238575530024    -0.143229244921     1.007825032230
         H           -0.037396565976    -7.078575444193    -0.553229569170     1.007825032230
         C            0.031603678165    -5.151575159998    -1.153229473803    12.000000000000
         H           -0.488396302762    -4.376575541468    -0.629229305956     1.007825032230
         C            1.452603681979    -5.403575491877    -0.544229267809    12.000000000000
         H            2.002603634296    -6.277575564356    -0.853229283068     1.007825032230
         H            1.322603567539    -5.585575175257     0.587770701673     1.007825032230
         H            2.046603544650    -4.520575594874    -0.677229641649     1.007825032230
         C            0.180603846011    -4.751575541468    -2.614229439470    12.000000000000
         O            0.086603506503    -5.565575194331    -3.507229326937    15.994914619570
         H            0.378230913577    -3.699046206446    -2.865478275988     1.007825032230
      Gh(N)           0.963603599963     2.736424374609     0.213770629194    14.003074004430
      Gh(H)           0.944603546558     2.773425030737    -0.989229439470     1.007825032230
      Gh(H)           0.961603744922     1.546424794225     0.384770633009     1.007825032230
      Gh(H)           1.790603741107     3.151424336462     0.522770644453     1.007825032230
      Gh(C)          -0.256396428647     3.432424473791     0.713770629194    12.000000000000
      Gh(H)          -1.186396256985     2.899424481420     0.510770560530     1.007825032230
      Gh(C)          -0.291396276059     3.818424153356     2.219770671156    12.000000000000
      Gh(H)          -1.338396207394     4.090424466161     2.366770983961     1.007825032230
      Gh(O)           0.399603708682     4.982424664526     2.641770602491    15.994914619570
      Gh(H)           1.306603773532     4.695424962072     2.872770549085     1.007825032230
      Gh(C)           0.150603636203     2.790424275427     3.245770694044    12.000000000000
      Gh(H)           1.230603559909     2.555424618749     3.233770610121     1.007825032230
      Gh(H)          -0.517396108212     1.820424962072     2.994770289686     1.007825032230
      Gh(H)          -0.046396390500     3.204424786596     4.184770823744     1.007825032230
      Gh(C)          -0.509396211209     4.672424244909    -0.064229248736    12.000000000000
      Gh(O)          -1.680396215024     4.973424840002    -0.420229195330    15.994914619570
      Gh(H)           0.329874380527     5.331526684789    -0.331078766558     1.007825032230

  Running in c1 symmetry.

  Rotational constants: A =      0.03884  B =      0.00382  C =      0.00362 [cm^-1]
  Rotational constants: A =   1164.31369  B =    114.38156  C =    108.54454 [MHz]
  Nuclear repulsion =  187.911219140547729

  Charge       = 1
  Multiplicity = 1
  Electrons    = 40
  Nalpha       = 20
  Nbeta        = 20

  ==> Algorithm <==

  SCF Algorithm Type is DF.
  DIIS enabled.
  MOM disabled.
  Fractional occupation disabled.
  Guess Type is SAD.
  Energy threshold   = 1.00e-08
  Density threshold  = 1.00e-08
  Integral threshold = 1.00e-12

  ==> Primary Basis <==

  Basis Set: JUN-CC-PVDZ
    Blend: JUN-CC-PVDZ
    Number of shells: 150
    Number of basis functions: 306
    Number of Cartesian functions: 318
    Spherical Harmonics?: true
    Max angular momentum: 2

   => Loading Basis Set <=

    Name: (JUN-CC-PVDZ AUX)
    Role: JKFIT
    Keyword: DF_BASIS_SCF
    atoms 1, 14                                          entry N          line   202 file /home/alia/anaconda3/envs/mddemo/share/psi4/basis/jun-cc-pvdz-jkfit.gbs 
    atoms 2-4, 6, 8-10, 13, 15-17, 19, 21, 23, 25-27, 30 entry H          line    70 file /home/alia/anaconda3/envs/mddemo/share/psi4/basis/jun-cc-pvdz-jkfit.gbs 
    atoms 5, 7, 11, 18, 20, 24, 28                       entry C          line   146 file /home/alia/anaconda3/envs/mddemo/share/psi4/basis/jun-cc-pvdz-jkfit.gbs 
    atoms 12, 22, 29                                     entry O          line   258 file /home/alia/anaconda3/envs/mddemo/share/psi4/basis/jun-cc-pvdz-jkfit.gbs 

  ==> Integral Setup <==

  ==> DiskDFJK: Density-Fitted J/K Matrices <==

    J tasked:                  Yes
    K tasked:                  Yes
    wK tasked:                  No
    OpenMP threads:             32
    Integrals threads:          32
    Memory [MiB]:            57220
    Algorithm:                Core
    Integral Cache:           LOAD
    Schwarz Cutoff:          1E-12
    Fitting Condition:       1E-10

   => Auxiliary Basis Set <=

  Basis Set: (JUN-CC-PVDZ AUX)
    Blend: JUN-CC-PVDZ-JKFIT
    Number of shells: 486
    Number of basis functions: 1362
    Number of Cartesian functions: 1542
    Spherical Harmonics?: true
    Max angular momentum: 3

  Minimum eigenvalue in the overlap matrix is 5.5450651768E-05.
  Reciprocal condition number of the overlap matrix is 4.8960085430E-06.
    Using symmetric orthogonalization.

  ==> Pre-Iterations <==

  SCF Guess: Superposition of Atomic Densities via on-the-fly atomic UHF (no occupation information).

   -------------------------
    Irrep   Nso     Nmo    
   -------------------------
     A        306     306 
   -------------------------
    Total     306     306
   -------------------------

  ==> Iterations <==

                           Total Energy        Delta E     RMS |[F,P]|

   @DF-RHF iter SAD:  -246.86336287102827   -2.46863e+02   0.00000e+00 
   @DF-RHF iter   1:  -247.12425242746880   -2.60890e-01   1.74203e-03 DIIS
   @DF-RHF iter   2:  -247.25137025825484   -1.27118e-01   1.06486e-03 DIIS
   @DF-RHF iter   3:  -247.29151639165022   -4.01461e-02   2.40239e-04 DIIS
   @DF-RHF iter   4:  -247.29493530661767   -3.41891e-03   8.44337e-05 DIIS
   @DF-RHF iter   5:  -247.29536591483543   -4.30608e-04   1.97467e-05 DIIS
   @DF-RHF iter   6:  -247.29541337088654   -4.74561e-05   8.48674e-06 DIIS
   @DF-RHF iter   7:  -247.29542124054274   -7.86966e-06   4.07758e-06 DIIS
   @DF-RHF iter   8:  -247.29542325345278   -2.01291e-06   1.39796e-06 DIIS
   @DF-RHF iter   9:  -247.29542350057102   -2.47118e-07   3.00242e-07 DIIS
   @DF-RHF iter  10:  -247.29542351244083   -1.18698e-08   1.08031e-07 DIIS
   @DF-RHF iter  11:  -247.29542351449169   -2.05085e-09   4.31206e-08 DIIS
   @DF-RHF iter  12:  -247.29542351496673   -4.75040e-10   2.33335e-08 DIIS
   @DF-RHF iter  13:  -247.29542351516847   -2.01737e-10   7.77154e-09 DIIS
  Energy and wave function converged.


  ==> Post-Iterations <==

    Orbital Energies [Eh]
    ---------------------

    Doubly Occupied:                                                      

       1A    -20.752126     2A    -15.928754     3A    -11.525648  
       4A    -11.499166     5A    -11.432692     6A     -1.584992  
       7A     -1.511538     8A     -1.233975     9A     -1.109834  
      10A     -1.008085    11A     -0.954188    12A     -0.935775  
      13A     -0.873466    14A     -0.829450    15A     -0.786843  
      16A     -0.764996    17A     -0.734192    18A     -0.712198  
      19A     -0.679966    20A     -0.608403  

    Virtual:                                                              

      21A     -0.119692    22A     -0.077434    23A     -0.074764  
      24A     -0.046156    25A     -0.045669    26A     -0.029426  
      27A     -0.028955    28A     -0.019942    29A     -0.015904  
      30A     -0.007069    31A     -0.004970    32A      0.000140  
      33A      0.010299    34A      0.012494    35A      0.014401  
      36A      0.028495    37A      0.033171    38A      0.036638  
      39A      0.038838    40A      0.046946    41A      0.050142  
      42A      0.052017    43A      0.055447    44A      0.060600  
      45A      0.070658    46A      0.078716    47A      0.087307  
      48A      0.091976    49A      0.095067    50A      0.098432  
      51A      0.099988    52A      0.108053    53A      0.114635  
      54A      0.122883    55A      0.135276    56A      0.147193  
      57A      0.147996    58A      0.154590    59A      0.155838  
      60A      0.157351    61A      0.168791    62A      0.173861  
      63A      0.179204    64A      0.183350    65A      0.188474  
      66A      0.197950    67A      0.204215    68A      0.210908  
      69A      0.216408    70A      0.228352    71A      0.241482  
      72A      0.243814    73A      0.247247    74A      0.256846  
      75A      0.265936    76A      0.270057    77A      0.279493  
      78A      0.290506    79A      0.304171    80A      0.308782  
      81A      0.312753    82A      0.330643    83A      0.339247  
      84A      0.350404    85A      0.363532    86A      0.371390  
      87A      0.379163    88A      0.389733    89A      0.403879  
      90A      0.442304    91A      0.449813    92A      0.461027  
      93A      0.478135    94A      0.499187    95A      0.506281  
      96A      0.517687    97A      0.535330    98A      0.538920  
      99A      0.544456   100A      0.557478   101A      0.560202  
     102A      0.572353   103A      0.590561   104A      0.601388  
     105A      0.603407   106A      0.625592   107A      0.639495  
     108A      0.643784   109A      0.654765   110A      0.659980  
     111A      0.673587   112A      0.698773   113A      0.709002  
     114A      0.715206   115A      0.718129   116A      0.730236  
     117A      0.733673   118A      0.737771   119A      0.759074  
     120A      0.761830   121A      0.779529   122A      0.797277  
     123A      0.804625   124A      0.817774   125A      0.841473  
     126A      0.845216   127A      0.858455   128A      0.878280  
     129A      0.880585   130A      0.886012   131A      0.914844  
     132A      0.924014   133A      0.934690   134A      0.941320  
     135A      0.964707   136A      0.968194   137A      0.992978  
     138A      1.010831   139A      1.037436   140A      1.119010  
     141A      1.139987   142A      1.158462   143A      1.187376  
     144A      1.217125   145A      1.254586   146A      1.272516  
     147A      1.289609   148A      1.317446   149A      1.347793  
     150A      1.368376   151A      1.390273   152A      1.436749  
     153A      1.495289   154A      1.504087   155A      1.507698  
     156A      1.552598   157A      1.566164   158A      1.583434  
     159A      1.596780   160A      1.614803   161A      1.623871  
     162A      1.641167   163A      1.665383   164A      1.674183  
     165A      1.700129   166A      1.702575   167A      1.711996  
     168A      1.724317   169A      1.738121   170A      1.751824  
     171A      1.754774   172A      1.770043   173A      1.781594  
     174A      1.784903   175A      1.798514   176A      1.804992  
     177A      1.821863   178A      1.824496   179A      1.829141  
     180A      1.833036   181A      1.853501   182A      1.868133  
     183A      1.870346   184A      1.891183   185A      1.907275  
     186A      1.911240   187A      1.919250   188A      1.924604  
     189A      1.926070   190A      1.933569   191A      1.953821  
     192A      1.992310   193A      2.002816   194A      2.018020  
     195A      2.021159   196A      2.038782   197A      2.041654  
     198A      2.048639   199A      2.066627   200A      2.095906  
     201A      2.105427   202A      2.121336   203A      2.138345  
     204A      2.142592   205A      2.155950   206A      2.169961  
     207A      2.181798   208A      2.189465   209A      2.203731  
     210A      2.213494   211A      2.217161   212A      2.257840  
     213A      2.288579   214A      2.303885   215A      2.316748  
     216A      2.324221   217A      2.346246   218A      2.352897  
     219A      2.385304   220A      2.392364   221A      2.413801  
     222A      2.435687   223A      2.447097   224A      2.449644  
     225A      2.457172   226A      2.478480   227A      2.480689  
     228A      2.513506   229A      2.529234   230A      2.579272  
     231A      2.584686   232A      2.590178   233A      2.593696  
     234A      2.619656   235A      2.637528   236A      2.653688  
     237A      2.678120   238A      2.699417   239A      2.710227  
     240A      2.738963   241A      2.763899   242A      2.771103  
     243A      2.776532   244A      2.786967   245A      2.829589  
     246A      2.869101   247A      2.878722   248A      2.901536  
     249A      2.935424   250A      2.939857   251A      2.948890  
     252A      3.010348   253A      3.042911   254A      3.045425  
     255A      3.102202   256A      3.104836   257A      3.138624  
     258A      3.202899   259A      3.266456   260A      3.292263  
     261A      3.327986   262A      3.383835   263A      3.449036  
     264A      3.489852   265A      3.534623   266A      3.578662  
     267A      3.599124   268A      3.661557   269A      3.734694  
     270A      3.799159   271A      3.905750   272A      3.955334  
     273A      4.038162   274A      4.165464   275A      4.177788  
     276A      4.286100   277A      4.390788   278A      4.437619  
     279A      4.521432   280A      4.568394   281A      4.618070  
     282A      4.657960   283A      4.722763   284A      4.752305  
     285A      4.840344   286A      4.937995   287A      5.017080  
     288A      5.032335   289A      5.093562   290A      5.220164  
     291A      5.319686   292A      5.478762   293A      5.551924  
     294A      5.647927   295A      5.740983   296A      5.985603  
     297A      6.049001   298A      6.528676   299A      6.708412  
     300A     18.137722   301A     18.293132   302A     18.466855  
     303A     18.609270   304A     25.318899   305A     33.441506  
     306A     33.470951  

    Final Occupation by Irrep:
              A 
    DOCC [    20 ]

  @DF-RHF Final Energy:  -247.29542351516847

   => Energetics <=

    Nuclear Repulsion Energy =            187.9112191405477290
    One-Electron Energy =                -699.4807030239383039
    Two-Electron Energy =                 264.2740603682221376
    Total Energy =                       -247.2954235151684657

Computation Completed


Properties will be evaluated at   0.000000,   0.000000,   0.000000 [a0]

Properties computed using the SCF density matrix

  Nuclear Dipole Moment: [e a0]
     X:    15.7932      Y:  -425.8216      Z:  -127.3026

  Electronic Dipole Moment: [e a0]
     X:   -16.6553      Y:   414.8781      Z:   126.3790

  Dipole Moment: [e a0]
     X:    -0.8621      Y:   -10.9434      Z:    -0.9236     Total:    11.0161

  Dipole Moment: [D]
     X:    -2.1913      Y:   -27.8154      Z:    -2.3477     Total:    28.0001


*** tstop() called on aliaconda at Sun Mar 20 06:49:48 2022
Module time:
	user time   =     185.97 seconds =       3.10 minutes
	system time =      20.43 seconds =       0.34 minutes
	total time  =          9 seconds =       0.15 minutes
Total time:
	user time   =  144730.51 seconds =    2412.18 minutes
	system time =   20479.26 seconds =     341.32 minutes
	total time  =       8771 seconds =     146.18 minutes

  //>>>>>>>>>>>>>>>>>>>>>>>>>>>>>>>>>>>//
  //            Monomer B HF           //
  //<<<<<<<<<<<<<<<<<<<<<<<<<<<<<<<<<<<//


*** tstart() called on aliaconda
*** at Sun Mar 20 06:49:48 2022

   => Loading Basis Set <=

    Name: JUN-CC-PVDZ
    Role: ORBITAL
    Keyword: BASIS
    atoms 1, 14                                          entry N          line   198 file /home/alia/anaconda3/envs/mddemo/share/psi4/basis/jun-cc-pvdz.gbs 
    atoms 2-4, 6, 8-10, 13, 15-17, 19, 21, 23, 25-27, 30 entry H          line    36 file /home/alia/anaconda3/envs/mddemo/share/psi4/basis/jun-cc-pvdz.gbs 
    atoms 5, 7, 11, 18, 20, 24, 28                       entry C          line   164 file /home/alia/anaconda3/envs/mddemo/share/psi4/basis/jun-cc-pvdz.gbs 
    atoms 12, 22, 29                                     entry O          line   232 file /home/alia/anaconda3/envs/mddemo/share/psi4/basis/jun-cc-pvdz.gbs 


         ---------------------------------------------------------
                                   SCF
               by Justin Turney, Rob Parrish, Andy Simmonett
                          and Daniel G. A. Smith
                              RHF Reference
                       32 Threads,  76293 MiB Core
         ---------------------------------------------------------

  ==> Geometry <==

    Molecular point group: c1
    Full point group: C1

    Geometry (in Angstrom), charge = 1, multiplicity = 1:

       Center              X                  Y                   Z               Mass       
    ------------   -----------------  -----------------  -----------------  -----------------
      Gh(N)          -0.669396535458    -6.343575310679    -0.921229599688    14.003074004430
      Gh(H)          -1.281396524014    -6.788575482340    -1.855229376528     1.007825032230
      Gh(H)          -1.581396237912    -6.238575530024    -0.143229244921     1.007825032230
      Gh(H)          -0.037396565976    -7.078575444193    -0.553229569170     1.007825032230
      Gh(C)           0.031603678165    -5.151575159998    -1.153229473803    12.000000000000
      Gh(H)          -0.488396302762    -4.376575541468    -0.629229305956     1.007825032230
      Gh(C)           1.452603681979    -5.403575491877    -0.544229267809    12.000000000000
      Gh(H)           2.002603634296    -6.277575564356    -0.853229283068     1.007825032230
      Gh(H)           1.322603567539    -5.585575175257     0.587770701673     1.007825032230
      Gh(H)           2.046603544650    -4.520575594874    -0.677229641649     1.007825032230
      Gh(C)           0.180603846011    -4.751575541468    -2.614229439470    12.000000000000
      Gh(O)           0.086603506503    -5.565575194331    -3.507229326937    15.994914619570
      Gh(H)           0.378230913577    -3.699046206446    -2.865478275988     1.007825032230
         N            0.963603599963     2.736424374609     0.213770629194    14.003074004430
         H            0.944603546558     2.773425030737    -0.989229439470     1.007825032230
         H            0.961603744922     1.546424794225     0.384770633009     1.007825032230
         H            1.790603741107     3.151424336462     0.522770644453     1.007825032230
         C           -0.256396428647     3.432424473791     0.713770629194    12.000000000000
         H           -1.186396256985     2.899424481420     0.510770560530     1.007825032230
         C           -0.291396276059     3.818424153356     2.219770671156    12.000000000000
         H           -1.338396207394     4.090424466161     2.366770983961     1.007825032230
         O            0.399603708682     4.982424664526     2.641770602491    15.994914619570
         H            1.306603773532     4.695424962072     2.872770549085     1.007825032230
         C            0.150603636203     2.790424275427     3.245770694044    12.000000000000
         H            1.230603559909     2.555424618749     3.233770610121     1.007825032230
         H           -0.517396108212     1.820424962072     2.994770289686     1.007825032230
         H           -0.046396390500     3.204424786596     4.184770823744     1.007825032230
         C           -0.509396211209     4.672424244909    -0.064229248736    12.000000000000
         O           -1.680396215024     4.973424840002    -0.420229195330    15.994914619570
         H            0.329874380527     5.331526684789    -0.331078766558     1.007825032230

  Running in c1 symmetry.

  Rotational constants: A =      0.03884  B =      0.00382  C =      0.00362 [cm^-1]
  Rotational constants: A =   1164.31369  B =    114.38156  C =    108.54454 [MHz]
  Nuclear repulsion =  328.149714501110111

  Charge       = 1
  Multiplicity = 1
  Electrons    = 56
  Nalpha       = 28
  Nbeta        = 28

  ==> Algorithm <==

  SCF Algorithm Type is DF.
  DIIS enabled.
  MOM disabled.
  Fractional occupation disabled.
  Guess Type is SAD.
  Energy threshold   = 1.00e-08
  Density threshold  = 1.00e-08
  Integral threshold = 1.00e-12

  ==> Primary Basis <==

  Basis Set: JUN-CC-PVDZ
    Blend: JUN-CC-PVDZ
    Number of shells: 150
    Number of basis functions: 306
    Number of Cartesian functions: 318
    Spherical Harmonics?: true
    Max angular momentum: 2

   => Loading Basis Set <=

    Name: (JUN-CC-PVDZ AUX)
    Role: JKFIT
    Keyword: DF_BASIS_SCF
    atoms 1, 14                                          entry N          line   202 file /home/alia/anaconda3/envs/mddemo/share/psi4/basis/jun-cc-pvdz-jkfit.gbs 
    atoms 2-4, 6, 8-10, 13, 15-17, 19, 21, 23, 25-27, 30 entry H          line    70 file /home/alia/anaconda3/envs/mddemo/share/psi4/basis/jun-cc-pvdz-jkfit.gbs 
    atoms 5, 7, 11, 18, 20, 24, 28                       entry C          line   146 file /home/alia/anaconda3/envs/mddemo/share/psi4/basis/jun-cc-pvdz-jkfit.gbs 
    atoms 12, 22, 29                                     entry O          line   258 file /home/alia/anaconda3/envs/mddemo/share/psi4/basis/jun-cc-pvdz-jkfit.gbs 

  ==> Integral Setup <==

  ==> DiskDFJK: Density-Fitted J/K Matrices <==

    J tasked:                  Yes
    K tasked:                  Yes
    wK tasked:                  No
    OpenMP threads:             32
    Integrals threads:          32
    Memory [MiB]:            57220
    Algorithm:                Core
    Integral Cache:           LOAD
    Schwarz Cutoff:          1E-12
    Fitting Condition:       1E-10

   => Auxiliary Basis Set <=

  Basis Set: (JUN-CC-PVDZ AUX)
    Blend: JUN-CC-PVDZ-JKFIT
    Number of shells: 486
    Number of basis functions: 1362
    Number of Cartesian functions: 1542
    Spherical Harmonics?: true
    Max angular momentum: 3

  Minimum eigenvalue in the overlap matrix is 5.5450651768E-05.
  Reciprocal condition number of the overlap matrix is 4.8960085430E-06.
    Using symmetric orthogonalization.

  ==> Pre-Iterations <==

  SCF Guess: Superposition of Atomic Densities via on-the-fly atomic UHF (no occupation information).

   -------------------------
    Irrep   Nso     Nmo    
   -------------------------
     A        306     306 
   -------------------------
    Total     306     306
   -------------------------

  ==> Iterations <==

                           Total Energy        Delta E     RMS |[F,P]|

   @DF-RHF iter SAD:  -360.51218548322407   -3.60512e+02   0.00000e+00 
   @DF-RHF iter   1:  -360.89936797829824   -3.87182e-01   2.18282e-03 DIIS
   @DF-RHF iter   2:  -361.08430388762002   -1.84936e-01   1.42772e-03 DIIS
   @DF-RHF iter   3:  -361.15530200633418   -7.09981e-02   3.14867e-04 DIIS
   @DF-RHF iter   4:  -361.16071052881381   -5.40852e-03   1.19304e-04 DIIS
   @DF-RHF iter   5:  -361.16149952505793   -7.88996e-04   2.82325e-05 DIIS
   @DF-RHF iter   6:  -361.16157388399341   -7.43589e-05   1.35030e-05 DIIS
   @DF-RHF iter   7:  -361.16159258537175   -1.87014e-05   5.81077e-06 DIIS
   @DF-RHF iter   8:  -361.16159699955119   -4.41418e-06   2.46342e-06 DIIS
   @DF-RHF iter   9:  -361.16159787857163   -8.79020e-07   7.42969e-07 DIIS
   @DF-RHF iter  10:  -361.16159797481623   -9.62446e-08   2.68899e-07 DIIS
   @DF-RHF iter  11:  -361.16159799050138   -1.56851e-08   1.24106e-07 DIIS
   @DF-RHF iter  12:  -361.16159799471063   -4.20926e-09   7.02722e-08 DIIS
   @DF-RHF iter  13:  -361.16159799641451   -1.70388e-09   3.35328e-08 DIIS
   @DF-RHF iter  14:  -361.16159799676853   -3.54021e-10   1.03749e-08 DIIS
   @DF-RHF iter  15:  -361.16159799679394   -2.54090e-11   3.79786e-09 DIIS
  Energy and wave function converged.


  ==> Post-Iterations <==

    Orbital Energies [Eh]
    ---------------------

    Doubly Occupied:                                                      

       1A    -20.746597     2A    -20.735871     3A    -15.946392  
       4A    -11.521963     5A    -11.502492     6A    -11.477302  
       7A    -11.405046     8A     -1.550865     9A     -1.537913  
      10A     -1.506849    11A     -1.248174    12A     -1.163785  
      13A     -1.029272    14A     -1.015848    15A     -0.965600  
      16A     -0.908221    17A     -0.906915    18A     -0.839560  
      19A     -0.813342    20A     -0.800825    21A     -0.776277  
      22A     -0.753567    23A     -0.722583    24A     -0.692638  
      25A     -0.663319    26A     -0.649381    27A     -0.624184  
      28A     -0.596915  

    Virtual:                                                              

      29A     -0.135793    30A     -0.084241    31A     -0.074219  
      32A     -0.059010    33A     -0.045895    34A     -0.038441  
      35A     -0.033281    36A     -0.022824    37A     -0.022106  
      38A     -0.011145    39A     -0.009305    40A     -0.004306  
      41A     -0.000750    42A      0.004022    43A      0.007588  
      44A      0.017050    45A      0.025232    46A      0.029700  
      47A      0.039517    48A      0.042807    49A      0.044252  
      50A      0.047094    51A      0.049265    52A      0.055519  
      53A      0.056957    54A      0.063113    55A      0.071190  
      56A      0.081177    57A      0.097436    58A      0.102176  
      59A      0.105084    60A      0.106830    61A      0.113648  
      62A      0.115151    63A      0.123245    64A      0.128104  
      65A      0.132497    66A      0.147084    67A      0.147861  
      68A      0.149483    69A      0.153493    70A      0.164064  
      71A      0.168017    72A      0.173483    73A      0.176163  
      74A      0.181434    75A      0.190438    76A      0.191769  
      77A      0.193401    78A      0.207866    79A      0.214673  
      80A      0.221918    81A      0.237559    82A      0.240081  
      83A      0.247146    84A      0.260894    85A      0.268002  
      86A      0.270262    87A      0.283940    88A      0.288785  
      89A      0.298849    90A      0.310906    91A      0.317452  
      92A      0.319926    93A      0.322116    94A      0.349732  
      95A      0.359207    96A      0.364533    97A      0.370608  
      98A      0.382837    99A      0.388219   100A      0.397231  
     101A      0.409572   102A      0.424541   103A      0.464137  
     104A      0.470991   105A      0.509661   106A      0.513818  
     107A      0.539345   108A      0.551744   109A      0.564192  
     110A      0.574949   111A      0.593342   112A      0.598607  
     113A      0.605771   114A      0.615753   115A      0.622210  
     116A      0.641763   117A      0.647848   118A      0.654161  
     119A      0.666153   120A      0.686145   121A      0.702541  
     122A      0.719473   123A      0.720601   124A      0.731997  
     125A      0.743473   126A      0.754305   127A      0.769767  
     128A      0.775755   129A      0.777709   130A      0.786397  
     131A      0.813565   132A      0.814444   133A      0.824678  
     134A      0.829446   135A      0.832438   136A      0.853066  
     137A      0.878181   138A      0.887911   139A      0.890145  
     140A      0.898892   141A      0.910888   142A      0.937221  
     143A      0.960181   144A      0.963460   145A      0.984823  
     146A      0.989476   147A      1.020565   148A      1.097958  
     149A      1.133391   150A      1.148313   151A      1.193875  
     152A      1.211677   153A      1.253988   154A      1.276676  
     155A      1.309807   156A      1.339380   157A      1.352002  
     158A      1.355039   159A      1.377800   160A      1.387703  
     161A      1.391744   162A      1.415733   163A      1.435330  
     164A      1.460773   165A      1.488156   166A      1.492905  
     167A      1.504912   168A      1.528084   169A      1.551618  
     170A      1.561632   171A      1.567902   172A      1.571310  
     173A      1.573732   174A      1.614407   175A      1.625881  
     176A      1.649347   177A      1.656176   178A      1.661107  
     179A      1.683551   180A      1.694017   181A      1.695142  
     182A      1.711911   183A      1.719610   184A      1.739161  
     185A      1.741108   186A      1.761800   187A      1.791210  
     188A      1.793104   189A      1.796664   190A      1.815455  
     191A      1.823797   192A      1.840811   193A      1.845973  
     194A      1.857735   195A      1.869298   196A      1.872846  
     197A      1.894048   198A      1.902976   199A      1.918868  
     200A      1.921899   201A      1.942343   202A      1.956509  
     203A      1.963732   204A      1.966747   205A      1.977041  
     206A      1.992093   207A      1.996882   208A      2.020809  
     209A      2.023547   210A      2.035065   211A      2.060520  
     212A      2.061502   213A      2.068982   214A      2.086555  
     215A      2.108163   216A      2.110682   217A      2.112203  
     218A      2.156272   219A      2.175920   220A      2.186856  
     221A      2.199696   222A      2.211832   223A      2.235424  
     224A      2.236747   225A      2.241204   226A      2.297052  
     227A      2.309563   228A      2.315699   229A      2.316620  
     230A      2.331733   231A      2.369839   232A      2.387035  
     233A      2.390450   234A      2.391551   235A      2.426342  
     236A      2.449198   237A      2.452129   238A      2.464611  
     239A      2.467453   240A      2.489392   241A      2.502399  
     242A      2.531307   243A      2.558466   244A      2.586375  
     245A      2.598021   246A      2.614331   247A      2.664635  
     248A      2.689705   249A      2.698957   250A      2.712881  
     251A      2.736658   252A      2.757839   253A      2.764046  
     254A      2.778477   255A      2.818628   256A      2.837274  
     257A      2.855764   258A      2.856649   259A      2.893100  
     260A      2.903318   261A      2.910155   262A      2.973050  
     263A      2.998540   264A      3.035679   265A      3.104586  
     266A      3.115796   267A      3.117681   268A      3.155326  
     269A      3.158312   270A      3.217320   271A      3.260359  
     272A      3.321506   273A      3.387540   274A      3.468501  
     275A      3.482002   276A      3.523674   277A      3.555252  
     278A      3.608704   279A      3.617299   280A      3.747928  
     281A      3.823593   282A      3.955711   283A      3.986647  
     284A      4.069026   285A      4.152097   286A      4.185017  
     287A      4.291770   288A      4.421983   289A      4.650074  
     290A      4.681702   291A      4.735516   292A      4.825771  
     293A      4.884343   294A      5.033791   295A      5.124522  
     296A      5.316948   297A      5.477073   298A      5.543060  
     299A      5.681852   300A      5.752067   301A      6.750657  
     302A     18.182516   303A     18.358663   304A     18.558137  
     305A     25.338149   306A     33.434155  

    Final Occupation by Irrep:
              A 
    DOCC [    28 ]

  @DF-RHF Final Energy:  -361.16159799679394

   => Energetics <=

    Nuclear Repulsion Energy =            328.1497145011101111
    One-Electron Energy =               -1132.4192313864944026
    Two-Electron Energy =                 443.1079188885903477
    Total Energy =                       -361.1615979967939438

Computation Completed


Properties will be evaluated at   0.000000,   0.000000,   0.000000 [a0]

Properties computed using the SCF density matrix

  Nuclear Dipole Moment: [e a0]
     X:   -10.3280      Y:   414.1378      Z:   135.5124

  Electronic Dipole Moment: [e a0]
     X:    12.8639      Y:  -409.7353      Z:  -134.2711

  Dipole Moment: [e a0]
     X:     2.5359      Y:     4.4026      Z:     1.2413     Total:     5.2301

  Dipole Moment: [D]
     X:     6.4457      Y:    11.1902      Z:     3.1551     Total:    13.2937


*** tstop() called on aliaconda at Sun Mar 20 06:49:58 2022
Module time:
	user time   =     231.78 seconds =       3.86 minutes
	system time =      26.09 seconds =       0.43 minutes
	total time  =         10 seconds =       0.17 minutes
Total time:
	user time   =  144962.40 seconds =    2416.04 minutes
	system time =   20505.37 seconds =     341.76 minutes
	total time  =       8781 seconds =     146.35 minutes
  Constructing Basis Sets for SAPT...

   => Loading Basis Set <=

    Name: (JUN-CC-PVDZ AUX)
    Role: RIFIT
    Keyword: DF_BASIS_SAPT
    atoms 1, 14                                          entry N          line   144 file /home/alia/anaconda3/envs/mddemo/share/psi4/basis/jun-cc-pvdz-ri.gbs 
    atoms 2-4, 6, 8-10, 13, 15-17, 19, 21, 23, 25-27, 30 entry H          line    30 file /home/alia/anaconda3/envs/mddemo/share/psi4/basis/jun-cc-pvdz-ri.gbs 
    atoms 5, 7, 11, 18, 20, 24, 28                       entry C          line   100 file /home/alia/anaconda3/envs/mddemo/share/psi4/basis/jun-cc-pvdz-ri.gbs 
    atoms 12, 22, 29                                     entry O          line   188 file /home/alia/anaconda3/envs/mddemo/share/psi4/basis/jun-cc-pvdz-ri.gbs 


  //>>>>>>>>>>>>>>>>>>>>>>>>>>>>>>>>>>>//
  //               SAPT0               //
  //<<<<<<<<<<<<<<<<<<<<<<<<<<<<<<<<<<<//


*** tstart() called on aliaconda
*** at Sun Mar 20 06:49:59 2022

        SAPT0  
    Ed Hohenstein
     6 June 2009

      Orbital Information
  --------------------------
    NSO        =       306
    NMO        =       306
    NRI        =      1032
    NOCC A     =        20
    NOCC B     =        28
    FOCC A     =         0
    FOCC B     =         0
    NVIR A     =       286
    NVIR B     =       278

    Elst10,r            =     0.063387693795 [Eh]
    Exch10              =    -0.000000010603 [Eh]
    Exch10 (S^2)        =    -0.000000010603 [Eh]

    Iter     Energy [mEh]          dE [mEh]         Residual      Time [s]
       1      -0.34542480       0.345424798       5.735318841             0
       2      -0.33526065      -0.010164147       1.802604908             1
       3      -0.36396738       0.028706727       0.627391333             1
       4      -0.37052490       0.006557522       0.173260136             2
       5      -0.36914547      -0.001379429       0.090269585             2
       6      -0.36877039      -0.000375085       0.025802985             3
       7      -0.36893932       0.000168931       0.007179240             3
       8      -0.36895689       0.000017574       0.002072254             4
       9      -0.36894987      -0.000007018       0.000619269             4
      10      -0.36894827      -0.000001607       0.000232361             5
      11      -0.36894930       0.000001039       0.000130136             6
      12      -0.36894929      -0.000000012       0.000047153             6
      13      -0.36894913      -0.000000163       0.000012836             7
      14      -0.36894913      -0.000000000       0.000003313             7
      15      -0.36894914       0.000000010       0.000000968             8

    CHF Iterations converged


    Iter     Energy [mEh]          dE [mEh]         Residual      Time [s]
       1      -0.24766285       0.247662848       3.688728958             0
       2      -0.25616263       0.008499779       1.575672019             1
       3      -0.27595840       0.019795771       0.545795792             2
       4      -0.27986471       0.003906310       0.147579104             2
       5      -0.27938254      -0.000482167       0.094170552             3
       6      -0.27878918      -0.000593364       0.030355406             3
       7      -0.27887096       0.000081780       0.014284482             4
       8      -0.27894526       0.000074302       0.004121473             5
       9      -0.27893058      -0.000014675       0.002127533             5
      10      -0.27892441      -0.000006175       0.001071072             6
      11      -0.27892832       0.000003916       0.000483407             6
      12      -0.27892881       0.000000482       0.000145809             7
      13      -0.27892836      -0.000000451       0.000045072             7
      14      -0.27892830      -0.000000055       0.000013524             8
      15      -0.27892833       0.000000030       0.000004472             9
      16      -0.27892834       0.000000007       0.000001371             9
      17      -0.27892833      -0.000000003       0.000000588            10

    CHF Iterations converged

    Ind20,r (A<-B)      =    -0.000368949139 [Eh]
    Ind20,r (B<-A)      =    -0.000278928335 [Eh]
    Ind20,r             =    -0.000647877474 [Eh]
    Exch-Ind20,r (A<-B) =     0.000000002644 [Eh]
    Exch-Ind20,r (B<-A) =     0.000000007879 [Eh]
    Exch-Ind20,r        =     0.000000010523 [Eh]
    Disp20              =    -0.000049990680 [Eh]
    Disp20 (SS)         =    -0.000024995340 [Eh]
    Disp20 (OS)         =    -0.000024995340 [Eh]
    Exch-Disp20         =     0.000000002217 [Eh]
    Exch-Disp20 (SS)    =     0.000000001697 [Eh]
    Exch-Disp20 (OS)    =     0.000000000520 [Eh]

    SAPT Results 
  --------------------------------------------------------------------------------------------------------
    Electrostatics                 63.38769380 [mEh]      39.77637838 [kcal/mol]     166.42436713 [kJ/mol]
      Elst10,r                     63.38769380 [mEh]      39.77637838 [kcal/mol]     166.42436713 [kJ/mol]

    Exchange                       -0.00001060 [mEh]      -0.00000665 [kcal/mol]      -0.00002784 [kJ/mol]
      Exch10                       -0.00001060 [mEh]      -0.00000665 [kcal/mol]      -0.00002784 [kJ/mol]
      Exch10(S^2)                  -0.00001060 [mEh]      -0.00000665 [kcal/mol]      -0.00002784 [kJ/mol]

    Induction                      -0.63898992 [mEh]      -0.40097223 [kcal/mol]      -1.67766780 [kJ/mol]
      Ind20,r                      -0.64787747 [mEh]      -0.40654925 [kcal/mol]      -1.70100207 [kJ/mol]
      Exch-Ind20,r                  0.00001052 [mEh]       0.00000660 [kcal/mol]       0.00002763 [kJ/mol]
      delta HF,r (2)                0.00887703 [mEh]       0.00557042 [kcal/mol]       0.02330665 [kJ/mol]

    Dispersion                     -0.04998846 [mEh]      -0.03136823 [kcal/mol]      -0.13124469 [kJ/mol]
      Disp20                       -0.04999068 [mEh]      -0.03136963 [kcal/mol]      -0.13125051 [kJ/mol]
      Exch-Disp20                   0.00000222 [mEh]       0.00000139 [kcal/mol]       0.00000582 [kJ/mol]
      Disp20 (SS)                  -0.02499534 [mEh]      -0.01568481 [kcal/mol]      -0.06562526 [kJ/mol]
      Disp20 (OS)                  -0.02499534 [mEh]      -0.01568481 [kcal/mol]      -0.06562526 [kJ/mol]
      Exch-Disp20 (SS)              0.00000170 [mEh]       0.00000107 [kcal/mol]       0.00000446 [kJ/mol]
      Exch-Disp20 (OS)              0.00000052 [mEh]       0.00000033 [kcal/mol]       0.00000136 [kJ/mol]

  Total HF                         62.74869328 [mEh]      39.37539950 [kcal/mol]     164.74667150 [kJ/mol]
  Total SAPT0                      62.69870481 [mEh]      39.34403126 [kcal/mol]     164.61542681 [kJ/mol]

  Special recipe for scaled SAPT0 (see Manual):
    Electrostatics sSAPT0          63.38769380 [mEh]      39.77637838 [kcal/mol]     166.42436713 [kJ/mol]
    Exchange sSAPT0                -0.00001060 [mEh]      -0.00000665 [kcal/mol]      -0.00002784 [kJ/mol]
    Induction sSAPT0               -0.63898992 [mEh]      -0.40097223 [kcal/mol]      -1.67766780 [kJ/mol]
    Dispersion sSAPT0              -0.04998846 [mEh]      -0.03136823 [kcal/mol]      -0.13124469 [kJ/mol]
  Total sSAPT0                     62.69870481 [mEh]      39.34403126 [kcal/mol]     164.61542681 [kJ/mol]
  --------------------------------------------------------------------------------------------------------

*** tstop() called on aliaconda at Sun Mar 20 06:50:47 2022
Module time:
	user time   =     684.59 seconds =      11.41 minutes
	system time =     120.93 seconds =       2.02 minutes
	total time  =         48 seconds =       0.80 minutes
Total time:
	user time   =  145649.54 seconds =    2427.49 minutes
	system time =   20626.82 seconds =     343.78 minutes
	total time  =       8830 seconds =     147.17 minutes


Warning! sapt0 does not have an associated derived wavefunction.The returned wavefunction is the dimer SCF wavefunction.


  Memory set to  74.506 GiB by Python driver.
  Threads set to 32 by Python driver.
