
Scratch directory: /tmp/

Scratch directory: /tmp/

  //>>>>>>>>>>>>>>>>>>>>>>>>>>>>>>>>>>>//
  //              Dimer HF             //
  //<<<<<<<<<<<<<<<<<<<<<<<<<<<<<<<<<<<//


*** tstart() called on aliaconda
*** at Sun Mar 20 05:48:05 2022

   => Loading Basis Set <=

    Name: JUN-CC-PVDZ
    Role: ORBITAL
    Keyword: BASIS
    atoms 1, 14                                          entry N          line   198 file /home/alia/anaconda3/envs/mddemo/share/psi4/basis/jun-cc-pvdz.gbs 
    atoms 2-4, 6, 8-10, 13, 15-17, 19, 21, 23, 25-27, 30 entry H          line    36 file /home/alia/anaconda3/envs/mddemo/share/psi4/basis/jun-cc-pvdz.gbs 
    atoms 5, 7, 11, 18, 20, 24, 28                       entry C          line   164 file /home/alia/anaconda3/envs/mddemo/share/psi4/basis/jun-cc-pvdz.gbs 
    atoms 12, 22, 29                                     entry O          line   232 file /home/alia/anaconda3/envs/mddemo/share/psi4/basis/jun-cc-pvdz.gbs 


         ---------------------------------------------------------
                                   SCF
               by Justin Turney, Rob Parrish, Andy Simmonett
                          and Daniel G. A. Smith
                              RHF Reference
                       32 Threads,  76293 MiB Core
         ---------------------------------------------------------

  ==> Geometry <==

    Molecular point group: c1
    Full point group: C1

    Geometry (in Angstrom), charge = 2, multiplicity = 1:

       Center              X                  Y                   Z               Mass       
    ------------   -----------------  -----------------  -----------------  -----------------
         N            0.711649503649    -6.374342055406    -0.786483500956    14.003074004430
         H            0.098649587572    -6.767342181291    -1.743483756540     1.007825032230
         H           -0.124350462019    -6.523342223252     0.065516258718     1.007825032230
         H            1.460649576128    -7.064342351045    -0.609483455179     1.007825032230
         C            1.109649743975    -5.003342242326    -0.957483504770    12.000000000000
         H            0.398649778307    -4.340342135514    -0.396483634470     1.007825032230
         C            2.417649593294    -4.868342490281    -0.129483436106    12.000000000000
         H            3.150649633349    -5.417342276658    -0.722483371256     1.007825032230
         H            2.230649557055    -5.357342333879     0.894516254904     1.007825032230
         H            2.739649619997    -3.844342322435    -0.009483550547     1.007825032230
         C            1.288649644793    -4.419342131700    -2.374483560084    12.000000000000
         O            0.762649621905    -4.940342040147    -3.339483474253    15.994914619570
         H            1.902050104082    -3.516998858537    -2.514184211252     1.007825032230
         N            0.298649396837     2.625657944594     0.321516300680    14.003074004430
         H            0.358649816454     2.720658211623    -0.877483581064     1.007825032230
         H            0.388649549425     1.429657845412     0.409516598226     1.007825032230
         H            1.124649610460     3.069658188735     0.688516403677     1.007825032230
         C           -0.996350202619     3.204657463942     0.746516491415    12.000000000000
         H           -1.774350557386     2.474657921706     0.735516335012     1.007825032230
         C           -0.993350420057     3.836657433425     2.036516453268    12.000000000000
         H           -1.966350469648     4.250657944594     2.462516094686     1.007825032230
         O           -0.133350286543     4.905657677565     2.182516361715    15.994914619570
         H            0.738649454058     4.424657730971     2.138516212942     1.007825032230
         C           -0.585350427686     2.716657547866     3.041516567709    12.000000000000
         H            0.538649644793     2.681657700454     3.043516422750     1.007825032230
         H           -1.070350561201     1.718657402907     2.835516239645     1.007825032230
         H           -0.908350381910     3.068657784377     4.130516315939     1.007825032230
         C           -1.453350458204     4.232657341872    -0.296483729838    12.000000000000
         O           -2.644350442945     4.303657441054    -0.601483558176    15.994914619570
         H           -0.720759782850     4.903079895888    -0.769606326578     1.007825032230

  Running in c1 symmetry.

  Rotational constants: A =      0.03857  B =      0.00414  C =      0.00390 [cm^-1]
  Rotational constants: A =   1156.23802  B =    124.03779  C =    116.95145 [MHz]
  Nuclear repulsion =  649.183267073145998

  Charge       = 2
  Multiplicity = 1
  Electrons    = 96
  Nalpha       = 48
  Nbeta        = 48

  ==> Algorithm <==

  SCF Algorithm Type is DF.
  DIIS enabled.
  MOM disabled.
  Fractional occupation disabled.
  Guess Type is SAD.
  Energy threshold   = 1.00e-08
  Density threshold  = 1.00e-08
  Integral threshold = 1.00e-12

  ==> Primary Basis <==

  Basis Set: JUN-CC-PVDZ
    Blend: JUN-CC-PVDZ
    Number of shells: 150
    Number of basis functions: 306
    Number of Cartesian functions: 318
    Spherical Harmonics?: true
    Max angular momentum: 2

   => Loading Basis Set <=

    Name: (JUN-CC-PVDZ AUX)
    Role: JKFIT
    Keyword: DF_BASIS_SCF
    atoms 1, 14                                          entry N          line   202 file /home/alia/anaconda3/envs/mddemo/share/psi4/basis/jun-cc-pvdz-jkfit.gbs 
    atoms 2-4, 6, 8-10, 13, 15-17, 19, 21, 23, 25-27, 30 entry H          line    70 file /home/alia/anaconda3/envs/mddemo/share/psi4/basis/jun-cc-pvdz-jkfit.gbs 
    atoms 5, 7, 11, 18, 20, 24, 28                       entry C          line   146 file /home/alia/anaconda3/envs/mddemo/share/psi4/basis/jun-cc-pvdz-jkfit.gbs 
    atoms 12, 22, 29                                     entry O          line   258 file /home/alia/anaconda3/envs/mddemo/share/psi4/basis/jun-cc-pvdz-jkfit.gbs 

  ==> Integral Setup <==

  ==> DiskDFJK: Density-Fitted J/K Matrices <==

    J tasked:                  Yes
    K tasked:                  Yes
    wK tasked:                  No
    OpenMP threads:             32
    Integrals threads:          32
    Memory [MiB]:            57220
    Algorithm:                Core
    Integral Cache:           SAVE
    Schwarz Cutoff:          1E-12
    Fitting Condition:       1E-10

   => Auxiliary Basis Set <=

  Basis Set: (JUN-CC-PVDZ AUX)
    Blend: JUN-CC-PVDZ-JKFIT
    Number of shells: 486
    Number of basis functions: 1362
    Number of Cartesian functions: 1542
    Spherical Harmonics?: true
    Max angular momentum: 3

  Minimum eigenvalue in the overlap matrix is 4.5528100285E-05.
  Reciprocal condition number of the overlap matrix is 3.8933481736E-06.
    Using symmetric orthogonalization.

  ==> Pre-Iterations <==

  SCF Guess: Superposition of Atomic Densities via on-the-fly atomic UHF (no occupation information).

   -------------------------
    Irrep   Nso     Nmo    
   -------------------------
     A        306     306 
   -------------------------
    Total     306     306
   -------------------------

  ==> Iterations <==

                           Total Energy        Delta E     RMS |[F,P]|

   @DF-RHF iter SAD:  -607.48013847263223   -6.07480e+02   0.00000e+00 
   @DF-RHF iter   1:  -607.93773566543678   -4.57597e-01   2.82081e-03 DIIS
   @DF-RHF iter   2:  -608.26242748145239   -3.24692e-01   1.78116e-03 DIIS
   @DF-RHF iter   3:  -608.37371105470243   -1.11284e-01   3.91748e-04 DIIS
   @DF-RHF iter   4:  -608.38243026817622   -8.71921e-03   1.48488e-04 DIIS
   @DF-RHF iter   5:  -608.38370234625233   -1.27208e-03   3.44324e-05 DIIS
   @DF-RHF iter   6:  -608.38383017722697   -1.27831e-04   1.71463e-05 DIIS
   @DF-RHF iter   7:  -608.38385989777203   -2.97205e-05   8.04788e-06 DIIS
   @DF-RHF iter   8:  -608.38386704698928   -7.14922e-06   3.34784e-06 DIIS
   @DF-RHF iter   9:  -608.38386829202818   -1.24504e-06   1.16882e-06 DIIS
   @DF-RHF iter  10:  -608.38386843542037   -1.43392e-07   3.74477e-07 DIIS
   @DF-RHF iter  11:  -608.38386845216405   -1.67437e-08   1.58088e-07 DIIS
   @DF-RHF iter  12:  -608.38386845705770   -4.89365e-09   8.03109e-08 DIIS
   @DF-RHF iter  13:  -608.38386845881257   -1.75487e-09   4.38038e-08 DIIS
   @DF-RHF iter  14:  -608.38386845951254   -6.99970e-10   1.73278e-08 DIIS
   @DF-RHF iter  15:  -608.38386845960304   -9.04947e-11   5.32524e-09 DIIS
  Energy and wave function converged.


  ==> Post-Iterations <==

    Orbital Energies [Eh]
    ---------------------

    Doubly Occupied:                                                      

       1A    -20.821001     2A    -20.806489     3A    -20.799159  
       4A    -16.012449     5A    -15.994472     6A    -11.598196  
       7A    -11.573193     8A    -11.572367     9A    -11.553729  
      10A    -11.525828    11A    -11.499522    12A    -11.469912  
      13A     -1.647207    14A     -1.630925    15A     -1.610174  
      16A     -1.568092    17A     -1.563828    18A     -1.319076  
      19A     -1.304545    20A     -1.204482    21A     -1.159869  
      22A     -1.078975    23A     -1.077849    24A     -1.069759  
      25A     -1.037280    26A     -1.007632    27A     -0.985082  
      28A     -0.974607    29A     -0.958656    30A     -0.942835  
      31A     -0.913343    32A     -0.897668    33A     -0.875677  
      34A     -0.869110    35A     -0.869011    36A     -0.838322  
      37A     -0.812041    38A     -0.806139    39A     -0.799794  
      40A     -0.786546    41A     -0.765262    42A     -0.746366  
      43A     -0.737355    44A     -0.728702    45A     -0.711586  
      46A     -0.687031    47A     -0.677540    48A     -0.641045  

    Virtual:                                                              

      49A     -0.207087    50A     -0.182247    51A     -0.159112  
      52A     -0.141133    53A     -0.137182    54A     -0.130858  
      55A     -0.126047    56A     -0.114814    57A     -0.109714  
      58A     -0.102641    59A     -0.093654    60A     -0.091308  
      61A     -0.083816    62A     -0.082222    63A     -0.079542  
      64A     -0.073307    65A     -0.069580    66A     -0.066887  
      67A     -0.064747    68A     -0.060932    69A     -0.051427  
      70A     -0.049995    71A     -0.041315    72A     -0.034826  
      73A     -0.032145    74A     -0.027059    75A     -0.026325  
      76A     -0.023965    77A     -0.021550    78A     -0.010651  
      79A     -0.007918    80A     -0.007065    81A      0.003662  
      82A      0.007451    83A      0.010474    84A      0.025658  
      85A      0.030563    86A      0.037467    87A      0.040796  
      88A      0.049925    89A      0.053105    90A      0.058506  
      91A      0.065049    92A      0.076656    93A      0.085405  
      94A      0.087277    95A      0.096402    96A      0.104237  
      97A      0.109129    98A      0.110286    99A      0.120785  
     100A      0.124019   101A      0.131663   102A      0.137394  
     103A      0.140463   104A      0.146849   105A      0.150041  
     106A      0.153625   107A      0.158871   108A      0.168382  
     109A      0.169629   110A      0.189490   111A      0.197243  
     112A      0.207682   113A      0.217421   114A      0.220438  
     115A      0.221715   116A      0.227708   117A      0.236475  
     118A      0.245438   119A      0.259485   120A      0.269264  
     121A      0.290154   122A      0.305037   123A      0.325309  
     124A      0.331614   125A      0.366277   126A      0.371614  
     127A      0.457175   128A      0.475802   129A      0.482875  
     130A      0.507066   131A      0.517311   132A      0.526712  
     133A      0.542821   134A      0.547229   135A      0.551520  
     136A      0.559746   137A      0.565506   138A      0.581573  
     139A      0.586097   140A      0.605360   141A      0.611187  
     142A      0.617240   143A      0.631299   144A      0.641023  
     145A      0.643087   146A      0.655917   147A      0.665070  
     148A      0.670148   149A      0.674273   150A      0.675546  
     151A      0.691514   152A      0.694587   153A      0.709972  
     154A      0.721288   155A      0.724199   156A      0.732105  
     157A      0.744715   158A      0.748513   159A      0.764415  
     160A      0.768515   161A      0.778792   162A      0.787075  
     163A      0.803589   164A      0.814426   165A      0.826549  
     166A      0.829968   167A      0.839891   168A      0.854734  
     169A      0.857888   170A      0.863047   171A      0.865797  
     172A      0.880774   173A      0.914279   174A      0.948657  
     175A      0.970322   176A      1.003762   177A      1.043924  
     178A      1.044464   179A      1.121439   180A      1.139870  
     181A      1.140856   182A      1.157413   183A      1.193345  
     184A      1.197864   185A      1.217463   186A      1.227442  
     187A      1.244097   188A      1.261901   189A      1.266423  
     190A      1.270937   191A      1.278678   192A      1.294831  
     193A      1.297392   194A      1.301399   195A      1.304885  
     196A      1.320792   197A      1.329511   198A      1.333463  
     199A      1.349921   200A      1.352410   201A      1.372394  
     202A      1.395693   203A      1.404017   204A      1.432799  
     205A      1.449041   206A      1.457022   207A      1.471985  
     208A      1.511624   209A      1.529141   210A      1.534412  
     211A      1.555503   212A      1.566167   213A      1.588436  
     214A      1.601341   215A      1.616783   216A      1.630652  
     217A      1.643368   218A      1.644282   219A      1.659263  
     220A      1.661106   221A      1.670114   222A      1.681276  
     223A      1.708784   224A      1.722129   225A      1.727894  
     226A      1.736681   227A      1.744186   228A      1.757675  
     229A      1.758605   230A      1.771821   231A      1.775138  
     232A      1.788975   233A      1.795400   234A      1.805248  
     235A      1.810427   236A      1.838517   237A      1.845853  
     238A      1.847546   239A      1.874328   240A      1.875660  
     241A      1.889039   242A      1.915217   243A      1.917665  
     244A      1.941212   245A      1.965753   246A      1.982590  
     247A      2.001026   248A      2.009391   249A      2.014306  
     250A      2.043971   251A      2.050140   252A      2.073871  
     253A      2.096851   254A      2.118104   255A      2.125683  
     256A      2.140074   257A      2.164430   258A      2.174084  
     259A      2.178295   260A      2.196875   261A      2.214991  
     262A      2.235394   263A      2.292117   264A      2.303128  
     265A      2.340013   266A      2.368939   267A      2.381249  
     268A      2.394369   269A      2.405023   270A      2.411584  
     271A      2.421844   272A      2.457075   273A      2.470795  
     274A      2.486865   275A      2.489474   276A      2.533662  
     277A      2.553336   278A      2.570583   279A      2.596252  
     280A      2.609063   281A      2.613842   282A      2.616202  
     283A      2.647239   284A      2.661493   285A      2.711438  
     286A      2.719977   287A      2.742542   288A      2.804548  
     289A      2.846186   290A      2.884729   291A      2.892814  
     292A      2.946727   293A      2.973925   294A      3.038174  
     295A      3.045939   296A      3.117161   297A      3.212264  
     298A      3.214437   299A      3.257518   300A      3.303729  
     301A      3.485517   302A      3.492055   303A      3.517894  
     304A      3.728458   305A      3.747708   306A      3.874604  

    Final Occupation by Irrep:
              A 
    DOCC [    48 ]

  @DF-RHF Final Energy:  -608.38386845960304

   => Energetics <=

    Nuclear Repulsion Energy =            649.1832670731459984
    One-Electron Energy =               -2092.0748137283003416
    Two-Electron Energy =                 834.5076781955513070
    Total Energy =                       -608.3838684596030362

Computation Completed


Properties will be evaluated at   0.000000,   0.000000,   0.000000 [a0]

Properties computed using the SCF density matrix

  Nuclear Dipole Moment: [e a0]
     X:     8.0175      Y:   -11.3020      Z:     9.1440

  Electronic Dipole Moment: [e a0]
     X:    -4.9935      Y:     4.5344      Z:    -8.5332

  Dipole Moment: [e a0]
     X:     3.0240      Y:    -6.7676      Z:     0.6108     Total:     7.4376

  Dipole Moment: [D]
     X:     7.6862      Y:   -17.2016      Z:     1.5525     Total:    18.9046


*** tstop() called on aliaconda at Sun Mar 20 05:48:20 2022
Module time:
	user time   =     320.88 seconds =       5.35 minutes
	system time =      37.50 seconds =       0.62 minutes
	total time  =         15 seconds =       0.25 minutes
Total time:
	user time   =   82047.24 seconds =    1367.45 minutes
	system time =   11437.50 seconds =     190.62 minutes
	total time  =       5083 seconds =      84.72 minutes

  //>>>>>>>>>>>>>>>>>>>>>>>>>>>>>>>>>>>//
  //            Monomer A HF           //
  //<<<<<<<<<<<<<<<<<<<<<<<<<<<<<<<<<<<//


*** tstart() called on aliaconda
*** at Sun Mar 20 05:48:20 2022

   => Loading Basis Set <=

    Name: JUN-CC-PVDZ
    Role: ORBITAL
    Keyword: BASIS
    atoms 1, 14                                          entry N          line   198 file /home/alia/anaconda3/envs/mddemo/share/psi4/basis/jun-cc-pvdz.gbs 
    atoms 2-4, 6, 8-10, 13, 15-17, 19, 21, 23, 25-27, 30 entry H          line    36 file /home/alia/anaconda3/envs/mddemo/share/psi4/basis/jun-cc-pvdz.gbs 
    atoms 5, 7, 11, 18, 20, 24, 28                       entry C          line   164 file /home/alia/anaconda3/envs/mddemo/share/psi4/basis/jun-cc-pvdz.gbs 
    atoms 12, 22, 29                                     entry O          line   232 file /home/alia/anaconda3/envs/mddemo/share/psi4/basis/jun-cc-pvdz.gbs 


         ---------------------------------------------------------
                                   SCF
               by Justin Turney, Rob Parrish, Andy Simmonett
                          and Daniel G. A. Smith
                              RHF Reference
                       32 Threads,  76293 MiB Core
         ---------------------------------------------------------

  ==> Geometry <==

    Molecular point group: c1
    Full point group: C1

    Geometry (in Angstrom), charge = 1, multiplicity = 1:

       Center              X                  Y                   Z               Mass       
    ------------   -----------------  -----------------  -----------------  -----------------
         N            0.711649503649    -6.374342055406    -0.786483500956    14.003074004430
         H            0.098649587572    -6.767342181291    -1.743483756540     1.007825032230
         H           -0.124350462019    -6.523342223252     0.065516258718     1.007825032230
         H            1.460649576128    -7.064342351045    -0.609483455179     1.007825032230
         C            1.109649743975    -5.003342242326    -0.957483504770    12.000000000000
         H            0.398649778307    -4.340342135514    -0.396483634470     1.007825032230
         C            2.417649593294    -4.868342490281    -0.129483436106    12.000000000000
         H            3.150649633349    -5.417342276658    -0.722483371256     1.007825032230
         H            2.230649557055    -5.357342333879     0.894516254904     1.007825032230
         H            2.739649619997    -3.844342322435    -0.009483550547     1.007825032230
         C            1.288649644793    -4.419342131700    -2.374483560084    12.000000000000
         O            0.762649621905    -4.940342040147    -3.339483474253    15.994914619570
         H            1.902050104082    -3.516998858537    -2.514184211252     1.007825032230
      Gh(N)           0.298649396837     2.625657944594     0.321516300680    14.003074004430
      Gh(H)           0.358649816454     2.720658211623    -0.877483581064     1.007825032230
      Gh(H)           0.388649549425     1.429657845412     0.409516598226     1.007825032230
      Gh(H)           1.124649610460     3.069658188735     0.688516403677     1.007825032230
      Gh(C)          -0.996350202619     3.204657463942     0.746516491415    12.000000000000
      Gh(H)          -1.774350557386     2.474657921706     0.735516335012     1.007825032230
      Gh(C)          -0.993350420057     3.836657433425     2.036516453268    12.000000000000
      Gh(H)          -1.966350469648     4.250657944594     2.462516094686     1.007825032230
      Gh(O)          -0.133350286543     4.905657677565     2.182516361715    15.994914619570
      Gh(H)           0.738649454058     4.424657730971     2.138516212942     1.007825032230
      Gh(C)          -0.585350427686     2.716657547866     3.041516567709    12.000000000000
      Gh(H)           0.538649644793     2.681657700454     3.043516422750     1.007825032230
      Gh(H)          -1.070350561201     1.718657402907     2.835516239645     1.007825032230
      Gh(H)          -0.908350381910     3.068657784377     4.130516315939     1.007825032230
      Gh(C)          -1.453350458204     4.232657341872    -0.296483729838    12.000000000000
      Gh(O)          -2.644350442945     4.303657441054    -0.601483558176    15.994914619570
      Gh(H)          -0.720759782850     4.903079895888    -0.769606326578     1.007825032230

  Running in c1 symmetry.

  Rotational constants: A =      0.03857  B =      0.00414  C =      0.00390 [cm^-1]
  Rotational constants: A =   1156.23802  B =    124.03779  C =    116.95145 [MHz]
  Nuclear repulsion =  185.049924490515707

  Charge       = 1
  Multiplicity = 1
  Electrons    = 40
  Nalpha       = 20
  Nbeta        = 20

  ==> Algorithm <==

  SCF Algorithm Type is DF.
  DIIS enabled.
  MOM disabled.
  Fractional occupation disabled.
  Guess Type is SAD.
  Energy threshold   = 1.00e-08
  Density threshold  = 1.00e-08
  Integral threshold = 1.00e-12

  ==> Primary Basis <==

  Basis Set: JUN-CC-PVDZ
    Blend: JUN-CC-PVDZ
    Number of shells: 150
    Number of basis functions: 306
    Number of Cartesian functions: 318
    Spherical Harmonics?: true
    Max angular momentum: 2

   => Loading Basis Set <=

    Name: (JUN-CC-PVDZ AUX)
    Role: JKFIT
    Keyword: DF_BASIS_SCF
    atoms 1, 14                                          entry N          line   202 file /home/alia/anaconda3/envs/mddemo/share/psi4/basis/jun-cc-pvdz-jkfit.gbs 
    atoms 2-4, 6, 8-10, 13, 15-17, 19, 21, 23, 25-27, 30 entry H          line    70 file /home/alia/anaconda3/envs/mddemo/share/psi4/basis/jun-cc-pvdz-jkfit.gbs 
    atoms 5, 7, 11, 18, 20, 24, 28                       entry C          line   146 file /home/alia/anaconda3/envs/mddemo/share/psi4/basis/jun-cc-pvdz-jkfit.gbs 
    atoms 12, 22, 29                                     entry O          line   258 file /home/alia/anaconda3/envs/mddemo/share/psi4/basis/jun-cc-pvdz-jkfit.gbs 

  ==> Integral Setup <==

  ==> DiskDFJK: Density-Fitted J/K Matrices <==

    J tasked:                  Yes
    K tasked:                  Yes
    wK tasked:                  No
    OpenMP threads:             32
    Integrals threads:          32
    Memory [MiB]:            57220
    Algorithm:                Core
    Integral Cache:           LOAD
    Schwarz Cutoff:          1E-12
    Fitting Condition:       1E-10

   => Auxiliary Basis Set <=

  Basis Set: (JUN-CC-PVDZ AUX)
    Blend: JUN-CC-PVDZ-JKFIT
    Number of shells: 486
    Number of basis functions: 1362
    Number of Cartesian functions: 1542
    Spherical Harmonics?: true
    Max angular momentum: 3

  Minimum eigenvalue in the overlap matrix is 4.5528100285E-05.
  Reciprocal condition number of the overlap matrix is 3.8933481736E-06.
    Using symmetric orthogonalization.

  ==> Pre-Iterations <==

  SCF Guess: Superposition of Atomic Densities via on-the-fly atomic UHF (no occupation information).

   -------------------------
    Irrep   Nso     Nmo    
   -------------------------
     A        306     306 
   -------------------------
    Total     306     306
   -------------------------

  ==> Iterations <==

                           Total Energy        Delta E     RMS |[F,P]|

   @DF-RHF iter SAD:  -246.72748906747194   -2.46727e+02   0.00000e+00 
   @DF-RHF iter   1:  -247.12195656949584   -3.94468e-01   1.75717e-03 DIIS
   @DF-RHF iter   2:  -247.25162758625302   -1.29671e-01   1.08578e-03 DIIS
   @DF-RHF iter   3:  -247.29304221164011   -4.14146e-02   2.45588e-04 DIIS
   @DF-RHF iter   4:  -247.29664437846728   -3.60217e-03   8.61424e-05 DIIS
   @DF-RHF iter   5:  -247.29711726769767   -4.72889e-04   2.02345e-05 DIIS
   @DF-RHF iter   6:  -247.29717081592452   -5.35482e-05   9.01623e-06 DIIS
   @DF-RHF iter   7:  -247.29718010485465   -9.28893e-06   4.34766e-06 DIIS
   @DF-RHF iter   8:  -247.29718242266051   -2.31781e-06   1.40400e-06 DIIS
   @DF-RHF iter   9:  -247.29718265700848   -2.34348e-07   3.13450e-07 DIIS
   @DF-RHF iter  10:  -247.29718266699570   -9.98722e-09   9.76324e-08 DIIS
   @DF-RHF iter  11:  -247.29718266825159   -1.25590e-09   3.02565e-08 DIIS
   @DF-RHF iter  12:  -247.29718266843247   -1.80876e-10   1.52520e-08 DIIS
   @DF-RHF iter  13:  -247.29718266850307   -7.05995e-11   7.67918e-09 DIIS
  Energy and wave function converged.


  ==> Post-Iterations <==

    Orbital Energies [Eh]
    ---------------------

    Doubly Occupied:                                                      

       1A    -20.753263     2A    -15.933240     3A    -11.530505  
       4A    -11.504062     5A    -11.431837     6A     -1.580219  
       7A     -1.501040     8A     -1.237651     9A     -1.092669  
      10A     -1.012434    11A     -0.944530    12A     -0.920976  
      13A     -0.876296    14A     -0.831080    15A     -0.802866  
      16A     -0.737901    17A     -0.732471    18A     -0.719585  
      19A     -0.670476    20A     -0.609926  

    Virtual:                                                              

      21A     -0.121981    22A     -0.075402    23A     -0.066411  
      24A     -0.053427    25A     -0.047404    26A     -0.029187  
      27A     -0.025187    28A     -0.025119    29A     -0.011803  
      30A     -0.006649    31A     -0.002194    32A      0.000022  
      33A      0.011041    34A      0.012713    35A      0.016024  
      36A      0.026035    37A      0.031150    38A      0.034809  
      39A      0.038210    40A      0.042154    41A      0.049961  
      42A      0.052085    43A      0.055095    44A      0.064667  
      45A      0.073423    46A      0.076545    47A      0.087400  
      48A      0.089212    49A      0.096296    50A      0.100287  
      51A      0.101126    52A      0.108762    53A      0.117634  
      54A      0.120437    55A      0.136221    56A      0.142846  
      57A      0.150448    58A      0.153470    59A      0.157603  
      60A      0.158534    61A      0.167973    62A      0.168426  
      63A      0.171431    64A      0.181049    65A      0.190542  
      66A      0.192942    67A      0.202023    68A      0.211918  
      69A      0.217552    70A      0.219592    71A      0.234592  
      72A      0.243272    73A      0.248192    74A      0.257191  
      75A      0.264750    76A      0.273194    77A      0.279815  
      78A      0.283910    79A      0.293802    80A      0.302434  
      81A      0.318049    82A      0.325244    83A      0.332745  
      84A      0.342164    85A      0.364602    86A      0.376272  
      87A      0.385110    88A      0.399416    89A      0.407504  
      90A      0.433824    91A      0.434998    92A      0.457401  
      93A      0.480923    94A      0.490634    95A      0.509584  
      96A      0.525437    97A      0.536538    98A      0.542645  
      99A      0.545206   100A      0.554206   101A      0.573238  
     102A      0.581111   103A      0.584707   104A      0.593174  
     105A      0.615993   106A      0.616735   107A      0.630830  
     108A      0.652103   109A      0.655563   110A      0.679643  
     111A      0.680558   112A      0.682196   113A      0.691650  
     114A      0.710474   115A      0.720562   116A      0.731105  
     117A      0.737963   118A      0.748164   119A      0.755620  
     120A      0.759658   121A      0.789555   122A      0.798420  
     123A      0.810882   124A      0.813087   125A      0.832836  
     126A      0.851183   127A      0.866617   128A      0.889049  
     129A      0.889970   130A      0.893596   131A      0.922303  
     132A      0.928037   133A      0.929682   134A      0.945173  
     135A      0.951973   136A      0.983045   137A      1.000384  
     138A      1.015275   139A      1.040225   140A      1.069679  
     141A      1.112513   142A      1.154924   143A      1.207730  
     144A      1.231388   145A      1.264005   146A      1.294280  
     147A      1.327347   148A      1.331708   149A      1.343990  
     150A      1.366723   151A      1.392465   152A      1.416418  
     153A      1.463030   154A      1.494445   155A      1.514897  
     156A      1.520475   157A      1.548885   158A      1.577266  
     159A      1.601443   160A      1.602346   161A      1.617975  
     162A      1.622558   163A      1.634793   164A      1.674986  
     165A      1.683721   166A      1.687624   167A      1.709229  
     168A      1.710057   169A      1.727213   170A      1.734343  
     171A      1.738557   172A      1.749482   173A      1.760883  
     174A      1.772536   175A      1.795506   176A      1.802920  
     177A      1.806726   178A      1.823518   179A      1.841225  
     180A      1.846864   181A      1.855936   182A      1.870528  
     183A      1.871410   184A      1.887182   185A      1.895512  
     186A      1.910871   187A      1.912328   188A      1.922241  
     189A      1.939560   190A      1.942652   191A      1.963561  
     192A      1.977734   193A      1.980692   194A      2.000748  
     195A      2.026000   196A      2.045153   197A      2.048001  
     198A      2.064618   199A      2.067713   200A      2.082900  
     201A      2.093770   202A      2.113782   203A      2.116210  
     204A      2.141408   205A      2.143608   206A      2.160401  
     207A      2.177215   208A      2.184911   209A      2.207571  
     210A      2.224357   211A      2.229850   212A      2.234857  
     213A      2.264495   214A      2.280048   215A      2.300549  
     216A      2.330720   217A      2.345531   218A      2.367509  
     219A      2.370618   220A      2.387445   221A      2.404337  
     222A      2.413727   223A      2.446281   224A      2.448249  
     225A      2.471569   226A      2.474776   227A      2.476266  
     228A      2.497673   229A      2.523402   230A      2.555669  
     231A      2.569910   232A      2.590975   233A      2.619877  
     234A      2.626384   235A      2.639367   236A      2.646497  
     237A      2.662982   238A      2.682102   239A      2.701933  
     240A      2.716325   241A      2.739923   242A      2.765875  
     243A      2.785062   244A      2.821815   245A      2.853840  
     246A      2.870519   247A      2.882101   248A      2.891963  
     249A      2.927941   250A      2.957378   251A      2.968539  
     252A      3.008845   253A      3.013050   254A      3.036920  
     255A      3.100332   256A      3.117801   257A      3.172960  
     258A      3.190281   259A      3.254744   260A      3.279039  
     261A      3.298949   262A      3.408611   263A      3.498029  
     264A      3.517814   265A      3.558971   266A      3.573669  
     267A      3.646398   268A      3.674467   269A      3.717102  
     270A      3.795032   271A      3.950588   272A      3.962910  
     273A      3.998826   274A      4.179243   275A      4.201098  
     276A      4.330816   277A      4.402463   278A      4.505992  
     279A      4.544261   280A      4.596738   281A      4.619663  
     282A      4.672911   283A      4.726954   284A      4.789655  
     285A      4.810012   286A      4.829432   287A      4.904132  
     288A      5.023947   289A      5.092720   290A      5.137046  
     291A      5.402276   292A      5.488374   293A      5.561177  
     294A      5.665886   295A      5.774619   296A      5.837031  
     297A      6.109800   298A      6.596167   299A      6.669864  
     300A     18.134588   301A     18.351575   302A     18.430146  
     303A     18.647296   304A     25.322491   305A     33.444774  
     306A     33.467933  

    Final Occupation by Irrep:
              A 
    DOCC [    20 ]

  @DF-RHF Final Energy:  -247.29718266850307

   => Energetics <=

    Nuclear Repulsion Energy =            185.0499244905157070
    One-Electron Energy =                -693.8481592032175058
    Two-Electron Energy =                 261.5010520441987296
    Total Energy =                       -247.2971826685030692

Computation Completed


Properties will be evaluated at   0.000000,   0.000000,   0.000000 [a0]

Properties computed using the SCF density matrix

  Nuclear Dipole Moment: [e a0]
     X:    97.9540      Y:  -401.9838      Z:  -109.6524

  Electronic Dipole Moment: [e a0]
     X:   -96.0071      Y:   390.8985      Z:   109.0598

  Dipole Moment: [e a0]
     X:     1.9470      Y:   -11.0853      Z:    -0.5925     Total:    11.2706

  Dipole Moment: [D]
     X:     4.9487      Y:   -28.1761      Z:    -1.5060     Total:    28.6470


*** tstop() called on aliaconda at Sun Mar 20 05:48:29 2022
Module time:
	user time   =     170.27 seconds =       2.84 minutes
	system time =      15.00 seconds =       0.25 minutes
	total time  =          9 seconds =       0.15 minutes
Total time:
	user time   =   82217.65 seconds =    1370.29 minutes
	system time =   11452.52 seconds =     190.88 minutes
	total time  =       5092 seconds =      84.87 minutes

  //>>>>>>>>>>>>>>>>>>>>>>>>>>>>>>>>>>>//
  //            Monomer B HF           //
  //<<<<<<<<<<<<<<<<<<<<<<<<<<<<<<<<<<<//


*** tstart() called on aliaconda
*** at Sun Mar 20 05:48:29 2022

   => Loading Basis Set <=

    Name: JUN-CC-PVDZ
    Role: ORBITAL
    Keyword: BASIS
    atoms 1, 14                                          entry N          line   198 file /home/alia/anaconda3/envs/mddemo/share/psi4/basis/jun-cc-pvdz.gbs 
    atoms 2-4, 6, 8-10, 13, 15-17, 19, 21, 23, 25-27, 30 entry H          line    36 file /home/alia/anaconda3/envs/mddemo/share/psi4/basis/jun-cc-pvdz.gbs 
    atoms 5, 7, 11, 18, 20, 24, 28                       entry C          line   164 file /home/alia/anaconda3/envs/mddemo/share/psi4/basis/jun-cc-pvdz.gbs 
    atoms 12, 22, 29                                     entry O          line   232 file /home/alia/anaconda3/envs/mddemo/share/psi4/basis/jun-cc-pvdz.gbs 


         ---------------------------------------------------------
                                   SCF
               by Justin Turney, Rob Parrish, Andy Simmonett
                          and Daniel G. A. Smith
                              RHF Reference
                       32 Threads,  76293 MiB Core
         ---------------------------------------------------------

  ==> Geometry <==

    Molecular point group: c1
    Full point group: C1

    Geometry (in Angstrom), charge = 1, multiplicity = 1:

       Center              X                  Y                   Z               Mass       
    ------------   -----------------  -----------------  -----------------  -----------------
      Gh(N)           0.711649503649    -6.374342055406    -0.786483500956    14.003074004430
      Gh(H)           0.098649587572    -6.767342181291    -1.743483756540     1.007825032230
      Gh(H)          -0.124350462019    -6.523342223252     0.065516258718     1.007825032230
      Gh(H)           1.460649576128    -7.064342351045    -0.609483455179     1.007825032230
      Gh(C)           1.109649743975    -5.003342242326    -0.957483504770    12.000000000000
      Gh(H)           0.398649778307    -4.340342135514    -0.396483634470     1.007825032230
      Gh(C)           2.417649593294    -4.868342490281    -0.129483436106    12.000000000000
      Gh(H)           3.150649633349    -5.417342276658    -0.722483371256     1.007825032230
      Gh(H)           2.230649557055    -5.357342333879     0.894516254904     1.007825032230
      Gh(H)           2.739649619997    -3.844342322435    -0.009483550547     1.007825032230
      Gh(C)           1.288649644793    -4.419342131700    -2.374483560084    12.000000000000
      Gh(O)           0.762649621905    -4.940342040147    -3.339483474253    15.994914619570
      Gh(H)           1.902050104082    -3.516998858537    -2.514184211252     1.007825032230
         N            0.298649396837     2.625657944594     0.321516300680    14.003074004430
         H            0.358649816454     2.720658211623    -0.877483581064     1.007825032230
         H            0.388649549425     1.429657845412     0.409516598226     1.007825032230
         H            1.124649610460     3.069658188735     0.688516403677     1.007825032230
         C           -0.996350202619     3.204657463942     0.746516491415    12.000000000000
         H           -1.774350557386     2.474657921706     0.735516335012     1.007825032230
         C           -0.993350420057     3.836657433425     2.036516453268    12.000000000000
         H           -1.966350469648     4.250657944594     2.462516094686     1.007825032230
         O           -0.133350286543     4.905657677565     2.182516361715    15.994914619570
         H            0.738649454058     4.424657730971     2.138516212942     1.007825032230
         C           -0.585350427686     2.716657547866     3.041516567709    12.000000000000
         H            0.538649644793     2.681657700454     3.043516422750     1.007825032230
         H           -1.070350561201     1.718657402907     2.835516239645     1.007825032230
         H           -0.908350381910     3.068657784377     4.130516315939     1.007825032230
         C           -1.453350458204     4.232657341872    -0.296483729838    12.000000000000
         O           -2.644350442945     4.303657441054    -0.601483558176    15.994914619570
         H           -0.720759782850     4.903079895888    -0.769606326578     1.007825032230

  Running in c1 symmetry.

  Rotational constants: A =      0.03857  B =      0.00414  C =      0.00390 [cm^-1]
  Rotational constants: A =   1156.23802  B =    124.03779  C =    116.95145 [MHz]
  Nuclear repulsion =  334.256384951230018

  Charge       = 1
  Multiplicity = 1
  Electrons    = 56
  Nalpha       = 28
  Nbeta        = 28

  ==> Algorithm <==

  SCF Algorithm Type is DF.
  DIIS enabled.
  MOM disabled.
  Fractional occupation disabled.
  Guess Type is SAD.
  Energy threshold   = 1.00e-08
  Density threshold  = 1.00e-08
  Integral threshold = 1.00e-12

  ==> Primary Basis <==

  Basis Set: JUN-CC-PVDZ
    Blend: JUN-CC-PVDZ
    Number of shells: 150
    Number of basis functions: 306
    Number of Cartesian functions: 318
    Spherical Harmonics?: true
    Max angular momentum: 2

   => Loading Basis Set <=

    Name: (JUN-CC-PVDZ AUX)
    Role: JKFIT
    Keyword: DF_BASIS_SCF
    atoms 1, 14                                          entry N          line   202 file /home/alia/anaconda3/envs/mddemo/share/psi4/basis/jun-cc-pvdz-jkfit.gbs 
    atoms 2-4, 6, 8-10, 13, 15-17, 19, 21, 23, 25-27, 30 entry H          line    70 file /home/alia/anaconda3/envs/mddemo/share/psi4/basis/jun-cc-pvdz-jkfit.gbs 
    atoms 5, 7, 11, 18, 20, 24, 28                       entry C          line   146 file /home/alia/anaconda3/envs/mddemo/share/psi4/basis/jun-cc-pvdz-jkfit.gbs 
    atoms 12, 22, 29                                     entry O          line   258 file /home/alia/anaconda3/envs/mddemo/share/psi4/basis/jun-cc-pvdz-jkfit.gbs 

  ==> Integral Setup <==

  ==> DiskDFJK: Density-Fitted J/K Matrices <==

    J tasked:                  Yes
    K tasked:                  Yes
    wK tasked:                  No
    OpenMP threads:             32
    Integrals threads:          32
    Memory [MiB]:            57220
    Algorithm:                Core
    Integral Cache:           LOAD
    Schwarz Cutoff:          1E-12
    Fitting Condition:       1E-10

   => Auxiliary Basis Set <=

  Basis Set: (JUN-CC-PVDZ AUX)
    Blend: JUN-CC-PVDZ-JKFIT
    Number of shells: 486
    Number of basis functions: 1362
    Number of Cartesian functions: 1542
    Spherical Harmonics?: true
    Max angular momentum: 3

  Minimum eigenvalue in the overlap matrix is 4.5528100285E-05.
  Reciprocal condition number of the overlap matrix is 3.8933481736E-06.
    Using symmetric orthogonalization.

  ==> Pre-Iterations <==

  SCF Guess: Superposition of Atomic Densities via on-the-fly atomic UHF (no occupation information).

   -------------------------
    Irrep   Nso     Nmo    
   -------------------------
     A        306     306 
   -------------------------
    Total     306     306
   -------------------------

  ==> Iterations <==

                           Total Energy        Delta E     RMS |[F,P]|

   @DF-RHF iter SAD:  -360.75264274281159   -3.60753e+02   0.00000e+00 
   @DF-RHF iter   1:  -360.88516477105912   -1.32522e-01   2.19073e-03 DIIS
   @DF-RHF iter   2:  -361.07866150091553   -1.93497e-01   1.37950e-03 DIIS
   @DF-RHF iter   3:  -361.14540024565133   -6.67387e-02   3.02071e-04 DIIS
   @DF-RHF iter   4:  -361.15036985915464   -4.96961e-03   1.18233e-04 DIIS
   @DF-RHF iter   5:  -361.15112899519795   -7.59136e-04   2.57674e-05 DIIS
   @DF-RHF iter   6:  -361.15119708108733   -6.80859e-05   1.22344e-05 DIIS
   @DF-RHF iter   7:  -361.15121272808750   -1.56470e-05   5.41984e-06 DIIS
   @DF-RHF iter   8:  -361.15121625356028   -3.52547e-06   2.28314e-06 DIIS
   @DF-RHF iter   9:  -361.15121691638774   -6.62827e-07   6.48816e-07 DIIS
   @DF-RHF iter  10:  -361.15121698225295   -6.58652e-08   2.24942e-07 DIIS
   @DF-RHF iter  11:  -361.15121699199227   -9.73932e-09   1.02777e-07 DIIS
   @DF-RHF iter  12:  -361.15121699453056   -2.53829e-09   5.74755e-08 DIIS
   @DF-RHF iter  13:  -361.15121699559973   -1.06917e-09   2.83926e-08 DIIS
   @DF-RHF iter  14:  -361.15121699586660   -2.66880e-10   9.12878e-09 DIIS
  Energy and wave function converged.


  ==> Post-Iterations <==

    Orbital Energies [Eh]
    ---------------------

    Doubly Occupied:                                                      

       1A    -20.755091     2A    -20.746894     3A    -15.951450  
       4A    -11.521082     5A    -11.497944     6A    -11.472636  
       7A    -11.414555     8A     -1.578517     9A     -1.558315  
      10A     -1.509340    11A     -1.263592    12A     -1.149411  
      13A     -1.022911    14A     -1.014148    15A     -0.980009  
      16A     -0.917033    17A     -0.902160    18A     -0.858359  
      19A     -0.821388    20A     -0.816614    21A     -0.785386  
      22A     -0.757910    23A     -0.711035    24A     -0.692967  
      25A     -0.676758    26A     -0.658000    27A     -0.634630  
      28A     -0.588250  

    Virtual:                                                              

      29A     -0.137629    30A     -0.089350    31A     -0.076242  
      32A     -0.055416    33A     -0.046815    34A     -0.036684  
      35A     -0.031198    36A     -0.028569    37A     -0.022208  
      38A     -0.014716    39A     -0.010898    40A     -0.006277  
      41A     -0.002273    42A      0.001831    43A      0.008067  
      44A      0.016896    45A      0.026237    46A      0.030066  
      47A      0.037888    48A      0.039650    49A      0.042783  
      50A      0.043744    51A      0.045463    52A      0.053409  
      53A      0.055984    54A      0.065309    55A      0.066680  
      56A      0.079473    57A      0.088668    58A      0.095369  
      59A      0.097535    60A      0.101129    61A      0.108187  
      62A      0.117201    63A      0.120230    64A      0.125150  
      65A      0.132318    66A      0.137729    67A      0.145104  
      68A      0.147416    69A      0.152683    70A      0.161669  
      71A      0.164120    72A      0.172501    73A      0.180682  
      74A      0.188906    75A      0.190194    76A      0.195761  
      77A      0.201076    78A      0.203164    79A      0.213847  
      80A      0.217869    81A      0.219961    82A      0.238477  
      83A      0.241167    84A      0.257321    85A      0.270722  
      86A      0.272237    87A      0.281021    88A      0.286037  
      89A      0.290001    90A      0.298133    91A      0.311176  
      92A      0.320857    93A      0.343564    94A      0.355633  
      95A      0.357542    96A      0.359045    97A      0.376411  
      98A      0.383303    99A      0.385721   100A      0.391991  
     101A      0.424412   102A      0.433418   103A      0.448626  
     104A      0.472620   105A      0.510075   106A      0.521201  
     107A      0.536452   108A      0.538019   109A      0.543914  
     110A      0.572826   111A      0.577161   112A      0.598939  
     113A      0.603075   114A      0.605481   115A      0.623710  
     116A      0.634821   117A      0.639809   118A      0.660634  
     119A      0.680178   120A      0.688471   121A      0.697517  
     122A      0.711253   123A      0.727219   124A      0.728748  
     125A      0.730566   126A      0.748253   127A      0.759184  
     128A      0.763663   129A      0.780003   130A      0.787012  
     131A      0.803304   132A      0.804569   133A      0.817759  
     134A      0.829315   135A      0.835204   136A      0.859328  
     137A      0.870377   138A      0.877086   139A      0.889057  
     140A      0.897286   141A      0.913967   142A      0.919965  
     143A      0.933194   144A      0.937424   145A      0.970289  
     146A      0.979337   147A      1.024038   148A      1.098758  
     149A      1.157992   150A      1.175708   151A      1.193819  
     152A      1.211992   153A      1.247571   154A      1.272355  
     155A      1.299541   156A      1.325193   157A      1.346792  
     158A      1.350937   159A      1.358843   160A      1.375426  
     161A      1.387649   162A      1.405066   163A      1.425643  
     164A      1.458397   165A      1.485939   166A      1.487953  
     167A      1.501830   168A      1.510073   169A      1.525019  
     170A      1.550380   171A      1.577517   172A      1.585774  
     173A      1.606645   174A      1.621703   175A      1.639650  
     176A      1.642526   177A      1.657480   178A      1.682941  
     179A      1.687000   180A      1.688811   181A      1.699557  
     182A      1.702153   183A      1.714537   184A      1.733687  
     185A      1.747990   186A      1.764154   187A      1.777962  
     188A      1.784760   189A      1.798608   190A      1.814677  
     191A      1.818709   192A      1.826977   193A      1.849922  
     194A      1.865549   195A      1.868157   196A      1.886925  
     197A      1.893271   198A      1.902070   199A      1.925544  
     200A      1.929837   201A      1.942107   202A      1.945278  
     203A      1.948270   204A      1.968131   205A      1.972051  
     206A      1.976630   207A      1.997108   208A      2.017020  
     209A      2.021177   210A      2.050659   211A      2.061432  
     212A      2.065039   213A      2.070140   214A      2.094316  
     215A      2.099180   216A      2.104902   217A      2.122516  
     218A      2.151731   219A      2.172395   220A      2.180765  
     221A      2.196004   222A      2.197241   223A      2.210749  
     224A      2.229001   225A      2.233774   226A      2.250238  
     227A      2.267271   228A      2.290569   229A      2.330901  
     230A      2.341012   231A      2.347073   232A      2.367971  
     233A      2.387041   234A      2.393663   235A      2.402661  
     236A      2.426662   237A      2.452130   238A      2.460874  
     239A      2.478085   240A      2.495060   241A      2.525331  
     242A      2.541744   243A      2.561593   244A      2.588434  
     245A      2.589824   246A      2.621358   247A      2.625987  
     248A      2.665203   249A      2.669219   250A      2.698273  
     251A      2.704812   252A      2.714626   253A      2.718520  
     254A      2.767399   255A      2.772492   256A      2.778951  
     257A      2.797546   258A      2.819715   259A      2.898443  
     260A      2.902554   261A      2.940366   262A      2.951804  
     263A      3.013032   264A      3.029570   265A      3.097004  
     266A      3.102159   267A      3.119436   268A      3.161695  
     269A      3.171246   270A      3.266244   271A      3.296756  
     272A      3.309453   273A      3.355005   274A      3.416400  
     275A      3.473546   276A      3.518460   277A      3.537106  
     278A      3.569735   279A      3.645439   280A      3.733984  
     281A      3.799273   282A      3.925490   283A      3.942143  
     284A      3.972828   285A      4.113676   286A      4.170193  
     287A      4.305846   288A      4.365091   289A      4.583132  
     290A      4.680819   291A      4.698281   292A      4.830659  
     293A      4.864017   294A      4.937781   295A      4.990119  
     296A      5.181802   297A      5.445950   298A      5.529639  
     299A      5.689437   300A      5.707116   301A      6.712874  
     302A     18.186498   303A     18.351937   304A     18.539263  
     305A     25.326455   306A     33.426563  

    Final Occupation by Irrep:
              A 
    DOCC [    28 ]

  @DF-RHF Final Energy:  -361.15121699586660

   => Energetics <=

    Nuclear Repulsion Energy =            334.2563849512300180
    One-Electron Energy =               -1144.3024290600471886
    Two-Electron Energy =                 448.8948271129505088
    Total Energy =                       -361.1512169958666050

Computation Completed


Properties will be evaluated at   0.000000,   0.000000,   0.000000 [a0]

Properties computed using the SCF density matrix

  Nuclear Dipole Moment: [e a0]
     X:   -89.9366      Y:   390.6818      Z:   118.7963

  Electronic Dipole Moment: [e a0]
     X:    91.0650      Y:  -386.3524      Z:  -117.5734

  Dipole Moment: [e a0]
     X:     1.1284      Y:     4.3294      Z:     1.2230     Total:     4.6382

  Dipole Moment: [D]
     X:     2.8681      Y:    11.0042      Z:     3.1085     Total:    11.7890


*** tstop() called on aliaconda at Sun Mar 20 05:48:39 2022
Module time:
	user time   =     220.69 seconds =       3.68 minutes
	system time =      23.97 seconds =       0.40 minutes
	total time  =         10 seconds =       0.17 minutes
Total time:
	user time   =   82438.44 seconds =    1373.97 minutes
	system time =   11476.51 seconds =     191.28 minutes
	total time  =       5102 seconds =      85.03 minutes
  Constructing Basis Sets for SAPT...

   => Loading Basis Set <=

    Name: (JUN-CC-PVDZ AUX)
    Role: RIFIT
    Keyword: DF_BASIS_SAPT
    atoms 1, 14                                          entry N          line   144 file /home/alia/anaconda3/envs/mddemo/share/psi4/basis/jun-cc-pvdz-ri.gbs 
    atoms 2-4, 6, 8-10, 13, 15-17, 19, 21, 23, 25-27, 30 entry H          line    30 file /home/alia/anaconda3/envs/mddemo/share/psi4/basis/jun-cc-pvdz-ri.gbs 
    atoms 5, 7, 11, 18, 20, 24, 28                       entry C          line   100 file /home/alia/anaconda3/envs/mddemo/share/psi4/basis/jun-cc-pvdz-ri.gbs 
    atoms 12, 22, 29                                     entry O          line   188 file /home/alia/anaconda3/envs/mddemo/share/psi4/basis/jun-cc-pvdz-ri.gbs 


  //>>>>>>>>>>>>>>>>>>>>>>>>>>>>>>>>>>>//
  //               SAPT0               //
  //<<<<<<<<<<<<<<<<<<<<<<<<<<<<<<<<<<<//


*** tstart() called on aliaconda
*** at Sun Mar 20 05:48:39 2022

        SAPT0  
    Ed Hohenstein
     6 June 2009

      Orbital Information
  --------------------------
    NSO        =       306
    NMO        =       306
    NRI        =      1032
    NOCC A     =        20
    NOCC B     =        28
    FOCC A     =         0
    FOCC B     =         0
    NVIR A     =       286
    NVIR B     =       278

    Elst10,r            =     0.065260275110 [Eh]
    Exch10              =    -0.000000019542 [Eh]
    Exch10 (S^2)        =    -0.000000019542 [Eh]

    Iter     Energy [mEh]          dE [mEh]         Residual      Time [s]
       1      -0.40900398       0.409003983       5.678317459             1
       2      -0.40034738      -0.008656607       1.976287594             1
       3      -0.42996995       0.029622577       0.756693415             2
       4      -0.43957769       0.009607741       0.197515725             2
       5      -0.43813978      -0.001437917       0.114898822             3
       6      -0.43743480      -0.000704980       0.034611075             3
       7      -0.43769100       0.000256204       0.012074913             4
       8      -0.43772133       0.000030330       0.005695975             4
       9      -0.43768900      -0.000032335       0.002635832             5
      10      -0.43768940       0.000000406       0.000874446             6
      11      -0.43769392       0.000004515       0.000224778             6
      12      -0.43769352      -0.000000393       0.000049401             7
      13      -0.43769337      -0.000000150       0.000011893             7
      14      -0.43769339       0.000000011       0.000003683             8
      15      -0.43769340       0.000000013       0.000000712             8

    CHF Iterations converged


    Iter     Energy [mEh]          dE [mEh]         Residual      Time [s]
       1      -0.27026159       0.270261595       3.949065875             1
       2      -0.27760781       0.007346218       1.643870644             1
       3      -0.29988038       0.022272569       0.558610127             2
       4      -0.30389441       0.004014032       0.152858746             2
       5      -0.30344847      -0.000445940       0.086795641             3
       6      -0.30287836      -0.000570116       0.028412514             4
       7      -0.30291568       0.000037323       0.013068168             4
       8      -0.30299643       0.000080747       0.003307330             5
       9      -0.30298858      -0.000007846       0.001262665             5
      10      -0.30298369      -0.000004893       0.000524821             6
      11      -0.30298501       0.000001324       0.000307219             6
      12      -0.30298569       0.000000679       0.000117666             7
      13      -0.30298530      -0.000000391       0.000035743             7
      14      -0.30298524      -0.000000055       0.000009852             8
      15      -0.30298527       0.000000029       0.000002970             9
      16      -0.30298528       0.000000002       0.000001003             9
      17      -0.30298527      -0.000000002       0.000000396            10

    CHF Iterations converged

    Ind20,r (A<-B)      =    -0.000437693399 [Eh]
    Ind20,r (B<-A)      =    -0.000302985274 [Eh]
    Ind20,r             =    -0.000740678672 [Eh]
    Exch-Ind20,r (A<-B) =     0.000000003848 [Eh]
    Exch-Ind20,r (B<-A) =     0.000000004598 [Eh]
    Exch-Ind20,r        =     0.000000008446 [Eh]
    Disp20              =    -0.000062945790 [Eh]
    Disp20 (SS)         =    -0.000031472895 [Eh]
    Disp20 (OS)         =    -0.000031472895 [Eh]
    Exch-Disp20         =     0.000000003046 [Eh]
    Exch-Disp20 (SS)    =     0.000000002301 [Eh]
    Exch-Disp20 (OS)    =     0.000000000746 [Eh]

    SAPT Results 
  --------------------------------------------------------------------------------------------------------
    Electrostatics                 65.26027511 [mEh]      40.95144089 [kcal/mol]     171.34082870 [kJ/mol]
      Elst10,r                     65.26027511 [mEh]      40.95144089 [kcal/mol]     171.34082870 [kJ/mol]

    Exchange                       -0.00001954 [mEh]      -0.00001226 [kcal/mol]      -0.00005131 [kJ/mol]
      Exch10                       -0.00001954 [mEh]      -0.00001226 [kcal/mol]      -0.00005131 [kJ/mol]
      Exch10(S^2)                  -0.00001954 [mEh]      -0.00001226 [kcal/mol]      -0.00005131 [kJ/mol]

    Induction                      -0.72905080 [mEh]      -0.45748629 [kcal/mol]      -1.91412262 [kJ/mol]
      Ind20,r                      -0.74067867 [mEh]      -0.46478288 [kcal/mol]      -1.94465159 [kJ/mol]
      Exch-Ind20,r                  0.00000845 [mEh]       0.00000530 [kcal/mol]       0.00002217 [kJ/mol]
      delta HF,r (2)                0.01161942 [mEh]       0.00729130 [kcal/mol]       0.03050679 [kJ/mol]

    Dispersion                     -0.06294274 [mEh]      -0.03949717 [kcal/mol]      -0.16525615 [kJ/mol]
      Disp20                       -0.06294579 [mEh]      -0.03949908 [kcal/mol]      -0.16526415 [kJ/mol]
      Exch-Disp20                   0.00000305 [mEh]       0.00000191 [kcal/mol]       0.00000800 [kJ/mol]
      Disp20 (SS)                  -0.03147290 [mEh]      -0.01974954 [kcal/mol]      -0.08263207 [kJ/mol]
      Disp20 (OS)                  -0.03147290 [mEh]      -0.01974954 [kcal/mol]      -0.08263207 [kJ/mol]
      Exch-Disp20 (SS)              0.00000230 [mEh]       0.00000144 [kcal/mol]       0.00000604 [kJ/mol]
      Exch-Disp20 (OS)              0.00000075 [mEh]       0.00000047 [kcal/mol]       0.00000196 [kJ/mol]

  Total HF                         64.53120477 [mEh]      40.49394235 [kcal/mol]     169.42665477 [kJ/mol]
  Total SAPT0                      64.46826202 [mEh]      40.45444518 [kcal/mol]     169.26139862 [kJ/mol]

  Special recipe for scaled SAPT0 (see Manual):
    Electrostatics sSAPT0          65.26027511 [mEh]      40.95144089 [kcal/mol]     171.34082870 [kJ/mol]
    Exchange sSAPT0                -0.00001954 [mEh]      -0.00001226 [kcal/mol]      -0.00005131 [kJ/mol]
    Induction sSAPT0               -0.72905080 [mEh]      -0.45748629 [kcal/mol]      -1.91412262 [kJ/mol]
    Dispersion sSAPT0              -0.06294274 [mEh]      -0.03949717 [kcal/mol]      -0.16525615 [kJ/mol]
  Total sSAPT0                     64.46826202 [mEh]      40.45444518 [kcal/mol]     169.26139862 [kJ/mol]
  --------------------------------------------------------------------------------------------------------

*** tstop() called on aliaconda at Sun Mar 20 05:49:26 2022
Module time:
	user time   =     662.37 seconds =      11.04 minutes
	system time =     111.50 seconds =       1.86 minutes
	total time  =         47 seconds =       0.78 minutes
Total time:
	user time   =   83103.39 seconds =    1385.06 minutes
	system time =   11588.45 seconds =     193.14 minutes
	total time  =       5149 seconds =      85.82 minutes


Warning! sapt0 does not have an associated derived wavefunction.The returned wavefunction is the dimer SCF wavefunction.


  Memory set to  74.506 GiB by Python driver.
  Threads set to 32 by Python driver.
