
Scratch directory: /tmp/

Scratch directory: /tmp/

  //>>>>>>>>>>>>>>>>>>>>>>>>>>>>>>>>>>>//
  //              Dimer HF             //
  //<<<<<<<<<<<<<<<<<<<<<<<<<<<<<<<<<<<//


*** tstart() called on aliaconda
*** at Sun Mar 20 04:52:11 2022

   => Loading Basis Set <=

    Name: JUN-CC-PVDZ
    Role: ORBITAL
    Keyword: BASIS
    atoms 1, 14                                          entry N          line   198 file /home/alia/anaconda3/envs/mddemo/share/psi4/basis/jun-cc-pvdz.gbs 
    atoms 2-4, 6, 8-10, 13, 15-17, 19, 21, 23, 25-27, 30 entry H          line    36 file /home/alia/anaconda3/envs/mddemo/share/psi4/basis/jun-cc-pvdz.gbs 
    atoms 5, 7, 11, 18, 20, 24, 28                       entry C          line   164 file /home/alia/anaconda3/envs/mddemo/share/psi4/basis/jun-cc-pvdz.gbs 
    atoms 12, 22, 29                                     entry O          line   232 file /home/alia/anaconda3/envs/mddemo/share/psi4/basis/jun-cc-pvdz.gbs 


         ---------------------------------------------------------
                                   SCF
               by Justin Turney, Rob Parrish, Andy Simmonett
                          and Daniel G. A. Smith
                              RHF Reference
                       32 Threads,  76293 MiB Core
         ---------------------------------------------------------

  ==> Geometry <==

    Molecular point group: c1
    Full point group: C1

    Geometry (in Angstrom), charge = 2, multiplicity = 1:

       Center              X                  Y                   Z               Mass       
    ------------   -----------------  -----------------  -----------------  -----------------
         N            0.606222955567    -6.204193152703    -2.107635315199    14.003074004430
         H           -0.198777349609    -6.761193074502    -1.410635288497     1.007825032230
         H            0.196222631318    -6.458193101205    -3.207635219832     1.007825032230
         H            1.523222772461    -6.601192988671    -1.974634941359     1.007825032230
         C            0.661222783906    -4.761193074502    -1.865635212203    12.000000000000
         H            0.108222810608    -4.464193143166    -1.010635193129     1.007825032230
         C            2.097222654206    -4.377193249978    -1.573634918471    12.000000000000
         H            2.870222656113    -4.560193337716    -2.399635132094     1.007825032230
         H            2.443222610337    -4.712193288125    -0.574635322829     1.007825032230
         H            2.106222717148    -3.318193234719    -1.415634926100     1.007825032230
         C            0.169222680909    -3.931193150796    -3.035635288497    12.000000000000
         O           -0.452777059692    -2.888192929543    -2.985635097762    15.994914619570
         H            0.400760499817    -4.315380849160    -4.040020759841     1.007825032230
         N            0.710222570282     2.664807043754     0.395364944200    14.003074004430
         H            1.066222516877     1.539807043754     0.164364997606     1.007825032230
         H            0.448222963196     3.016807280265    -0.725635345717     1.007825032230
         H            1.542222825867     3.227806769096     0.667365257005     1.007825032230
         C           -0.540777357238     2.815807066642     1.120365325670    12.000000000000
         H           -1.020777376312     1.802806578361     1.176365081529     1.007825032230
         C           -0.271777303833     3.031806669914     2.577365104417    12.000000000000
         H           -1.252777250427     3.052806578361     3.096365157823     1.007825032230
         O            0.249222604615     4.315807066642     2.832365218858    15.994914619570
         H            1.105222551209     4.281806669914     2.457365218858     1.007825032230
         C            0.622222749573     2.015806875907     3.188365165452    12.000000000000
         H            1.659222690445     2.232806883537     2.887364570360     1.007825032230
         H            0.411222783906     0.969807348930     3.158364478807     1.007825032230
         H            0.686222879273     2.232806883537     4.269364539842     1.007825032230
         C           -1.500777395385     3.796807013236     0.600364867906    12.000000000000
         O           -2.691777380126     3.620807371818     0.821364585618    15.994914619570
         H           -1.157955797332     4.669739447318     0.025506679277     1.007825032230

  Running in c1 symmetry.

  Rotational constants: A =      0.04158  B =      0.00482  C =      0.00453 [cm^-1]
  Rotational constants: A =   1246.47589  B =    144.39294  C =    135.88654 [MHz]
  Nuclear repulsion =  661.694818687112274

  Charge       = 2
  Multiplicity = 1
  Electrons    = 96
  Nalpha       = 48
  Nbeta        = 48

  ==> Algorithm <==

  SCF Algorithm Type is DF.
  DIIS enabled.
  MOM disabled.
  Fractional occupation disabled.
  Guess Type is SAD.
  Energy threshold   = 1.00e-08
  Density threshold  = 1.00e-08
  Integral threshold = 1.00e-12

  ==> Primary Basis <==

  Basis Set: JUN-CC-PVDZ
    Blend: JUN-CC-PVDZ
    Number of shells: 150
    Number of basis functions: 306
    Number of Cartesian functions: 318
    Spherical Harmonics?: true
    Max angular momentum: 2

   => Loading Basis Set <=

    Name: (JUN-CC-PVDZ AUX)
    Role: JKFIT
    Keyword: DF_BASIS_SCF
    atoms 1, 14                                          entry N          line   202 file /home/alia/anaconda3/envs/mddemo/share/psi4/basis/jun-cc-pvdz-jkfit.gbs 
    atoms 2-4, 6, 8-10, 13, 15-17, 19, 21, 23, 25-27, 30 entry H          line    70 file /home/alia/anaconda3/envs/mddemo/share/psi4/basis/jun-cc-pvdz-jkfit.gbs 
    atoms 5, 7, 11, 18, 20, 24, 28                       entry C          line   146 file /home/alia/anaconda3/envs/mddemo/share/psi4/basis/jun-cc-pvdz-jkfit.gbs 
    atoms 12, 22, 29                                     entry O          line   258 file /home/alia/anaconda3/envs/mddemo/share/psi4/basis/jun-cc-pvdz-jkfit.gbs 

  ==> Integral Setup <==

  ==> DiskDFJK: Density-Fitted J/K Matrices <==

    J tasked:                  Yes
    K tasked:                  Yes
    wK tasked:                  No
    OpenMP threads:             32
    Integrals threads:          32
    Memory [MiB]:            57220
    Algorithm:                Core
    Integral Cache:           SAVE
    Schwarz Cutoff:          1E-12
    Fitting Condition:       1E-10

   => Auxiliary Basis Set <=

  Basis Set: (JUN-CC-PVDZ AUX)
    Blend: JUN-CC-PVDZ-JKFIT
    Number of shells: 486
    Number of basis functions: 1362
    Number of Cartesian functions: 1542
    Spherical Harmonics?: true
    Max angular momentum: 3

  Minimum eigenvalue in the overlap matrix is 4.3447692116E-05.
  Reciprocal condition number of the overlap matrix is 3.7163176171E-06.
    Using symmetric orthogonalization.

  ==> Pre-Iterations <==

  SCF Guess: Superposition of Atomic Densities via on-the-fly atomic UHF (no occupation information).

   -------------------------
    Irrep   Nso     Nmo    
   -------------------------
     A        306     306 
   -------------------------
    Total     306     306
   -------------------------

  ==> Iterations <==

                           Total Energy        Delta E     RMS |[F,P]|

   @DF-RHF iter SAD:  -607.73070176121485   -6.07731e+02   0.00000e+00 
   @DF-RHF iter   1:  -607.95893655332770   -2.28235e-01   2.82628e-03 DIIS
   @DF-RHF iter   2:  -608.28349599711328   -3.24559e-01   1.76211e-03 DIIS
   @DF-RHF iter   3:  -608.39214680354382   -1.08651e-01   3.97141e-04 DIIS
   @DF-RHF iter   4:  -608.40089007557413   -8.74327e-03   1.46985e-04 DIIS
   @DF-RHF iter   5:  -608.40213569669220   -1.24562e-03   3.30475e-05 DIIS
   @DF-RHF iter   6:  -608.40225432105672   -1.18624e-04   1.61086e-05 DIIS
   @DF-RHF iter   7:  -608.40228025286865   -2.59318e-05   7.32702e-06 DIIS
   @DF-RHF iter   8:  -608.40228649435801   -6.24149e-06   3.02798e-06 DIIS
   @DF-RHF iter   9:  -608.40228753979363   -1.04544e-06   1.09572e-06 DIIS
   @DF-RHF iter  10:  -608.40228766901635   -1.29223e-07   3.85278e-07 DIIS
   @DF-RHF iter  11:  -608.40228768585666   -1.68403e-08   1.58982e-07 DIIS
   @DF-RHF iter  12:  -608.40228769108944   -5.23278e-09   8.11726e-08 DIIS
   @DF-RHF iter  13:  -608.40228769292185   -1.83240e-09   4.28689e-08 DIIS
   @DF-RHF iter  14:  -608.40228769357327   -6.51426e-10   1.64532e-08 DIIS
   @DF-RHF iter  15:  -608.40228769364444   -7.11680e-11   4.76284e-09 DIIS
  Energy and wave function converged.


  ==> Post-Iterations <==

    Orbital Energies [Eh]
    ---------------------

    Doubly Occupied:                                                      

       1A    -20.823418     2A    -20.793852     3A    -20.789138  
       4A    -16.004530     5A    -16.004247     6A    -11.596303  
       7A    -11.571907     8A    -11.569804     9A    -11.547705  
      10A    -11.520732    11A    -11.499819    12A    -11.444981  
      13A     -1.646101    14A     -1.624320    15A     -1.609475  
      16A     -1.576024    17A     -1.561254    18A     -1.321852  
      19A     -1.308414    20A     -1.224239    21A     -1.175904  
      22A     -1.089990    23A     -1.079602    24A     -1.064773  
      25A     -1.028604    26A     -1.021612    27A     -0.987193  
      28A     -0.975473    29A     -0.963177    30A     -0.955662  
      31A     -0.899153    32A     -0.884486    33A     -0.879810  
      34A     -0.868998    35A     -0.865323    36A     -0.840123  
      37A     -0.832693    38A     -0.808215    39A     -0.794529  
      40A     -0.786447    41A     -0.761836    42A     -0.752223  
      43A     -0.748934    44A     -0.722820    45A     -0.707345  
      46A     -0.683426    47A     -0.676427    48A     -0.654115  

    Virtual:                                                              

      49A     -0.196273    50A     -0.186265    51A     -0.156027  
      52A     -0.146124    53A     -0.138476    54A     -0.132186  
      55A     -0.117122    56A     -0.114478    57A     -0.107524  
      58A     -0.105949    59A     -0.093269    60A     -0.090804  
      61A     -0.083248    62A     -0.077922    63A     -0.076815  
      64A     -0.075463    65A     -0.072659    66A     -0.068131  
      67A     -0.063453    68A     -0.059610    69A     -0.054185  
      70A     -0.046958    71A     -0.041080    72A     -0.033740  
      73A     -0.032176    74A     -0.029194    75A     -0.023189  
      76A     -0.020031    77A     -0.014182    78A     -0.012933  
      79A     -0.005011    80A      0.000595    81A      0.007883  
      82A      0.015384    83A      0.019022    84A      0.035475  
      85A      0.037397    86A      0.041618    87A      0.049092  
      88A      0.053208    89A      0.060919    90A      0.063995  
      91A      0.070524    92A      0.082935    93A      0.089840  
      94A      0.100585    95A      0.106359    96A      0.108682  
      97A      0.112929    98A      0.119441    99A      0.122471  
     100A      0.127081   101A      0.131850   102A      0.142981  
     103A      0.144276   104A      0.150960   105A      0.153208  
     106A      0.167415   107A      0.175220   108A      0.180954  
     109A      0.183513   110A      0.193252   111A      0.199820  
     112A      0.205830   113A      0.207253   114A      0.223155  
     115A      0.247519   116A      0.252119   117A      0.261678  
     118A      0.265232   119A      0.267098   120A      0.282022  
     121A      0.293546   122A      0.310280   123A      0.323732  
     124A      0.340697   125A      0.351247   126A      0.372489  
     127A      0.432779   128A      0.473474   129A      0.479196  
     130A      0.510044   131A      0.517711   132A      0.523795  
     133A      0.526545   134A      0.559027   135A      0.562039  
     136A      0.567625   137A      0.569260   138A      0.586640  
     139A      0.599213   140A      0.606909   141A      0.611826  
     142A      0.622929   143A      0.635460   144A      0.645926  
     145A      0.655612   146A      0.666073   147A      0.669427  
     148A      0.679980   149A      0.681207   150A      0.697488  
     151A      0.701492   152A      0.703094   153A      0.719976  
     154A      0.721986   155A      0.737824   156A      0.738688  
     157A      0.748841   158A      0.758689   159A      0.770601  
     160A      0.775069   161A      0.788692   162A      0.793597  
     163A      0.799049   164A      0.810911   165A      0.821278  
     166A      0.827880   167A      0.844655   168A      0.868686  
     169A      0.876083   170A      0.882972   171A      0.899522  
     172A      0.923221   173A      0.937967   174A      0.947782  
     175A      0.985642   176A      1.044615   177A      1.052795  
     178A      1.102703   179A      1.105555   180A      1.159065  
     181A      1.160790   182A      1.167975   183A      1.170649  
     184A      1.183906   185A      1.198103   186A      1.218600  
     187A      1.231784   188A      1.233878   189A      1.241251  
     190A      1.258397   191A      1.282973   192A      1.286041  
     193A      1.289795   194A      1.298650   195A      1.310088  
     196A      1.317762   197A      1.322258   198A      1.343654  
     199A      1.357467   200A      1.362127   201A      1.412122  
     202A      1.427711   203A      1.430282   204A      1.445933  
     205A      1.463265   206A      1.474008   207A      1.491325  
     208A      1.511430   209A      1.538040   210A      1.542226  
     211A      1.591102   212A      1.592609   213A      1.606523  
     214A      1.624934   215A      1.633917   216A      1.636018  
     217A      1.650668   218A      1.656808   219A      1.679099  
     220A      1.683396   221A      1.695033   222A      1.701553  
     223A      1.720584   224A      1.730379   225A      1.734195  
     226A      1.736691   227A      1.742480   228A      1.767403  
     229A      1.773602   230A      1.778815   231A      1.793019  
     232A      1.797355   233A      1.825262   234A      1.837277  
     235A      1.849257   236A      1.861132   237A      1.867041  
     238A      1.888652   239A      1.890249   240A      1.896968  
     241A      1.909347   242A      1.932797   243A      1.943451  
     244A      1.947378   245A      1.965062   246A      1.979245  
     247A      1.995084   248A      2.018694   249A      2.054921  
     250A      2.058654   251A      2.077786   252A      2.082292  
     253A      2.106600   254A      2.141676   255A      2.148939  
     256A      2.168826   257A      2.187645   258A      2.198411  
     259A      2.230062   260A      2.230540   261A      2.246210  
     262A      2.288125   263A      2.303831   264A      2.335124  
     265A      2.343159   266A      2.361087   267A      2.374448  
     268A      2.404716   269A      2.423686   270A      2.430256  
     271A      2.449886   272A      2.469676   273A      2.483168  
     274A      2.515591   275A      2.543815   276A      2.576169  
     277A      2.614196   278A      2.619863   279A      2.631974  
     280A      2.652119   281A      2.654764   282A      2.692385  
     283A      2.698665   284A      2.708362   285A      2.736922  
     286A      2.763242   287A      2.805232   288A      2.818703  
     289A      2.851192   290A      2.870030   291A      2.903742  
     292A      2.967244   293A      3.013931   294A      3.038651  
     295A      3.048519   296A      3.155592   297A      3.210858  
     298A      3.221696   299A      3.261355   300A      3.319629  
     301A      3.483714   302A      3.494992   303A      3.571657  
     304A      3.740531   305A      3.762964   306A      3.971703  

    Final Occupation by Irrep:
              A 
    DOCC [    48 ]

  @DF-RHF Final Energy:  -608.40228769364444

   => Energetics <=

    Nuclear Repulsion Energy =            661.6948186871122743
    One-Electron Energy =               -2117.1001915486835969
    Two-Electron Energy =                 847.0030851679268835
    Total Energy =                       -608.4022876936444391

Computation Completed


Properties will be evaluated at   0.000000,   0.000000,   0.000000 [a0]

Properties computed using the SCF density matrix

  Nuclear Dipole Moment: [e a0]
     X:    12.1097      Y:   -13.2435      Z:     1.0800

  Electronic Dipole Moment: [e a0]
     X:    -8.0951      Y:     5.6412      Z:    -4.1194

  Dipole Moment: [e a0]
     X:     4.0146      Y:    -7.6023      Z:    -3.0393     Total:     9.1187

  Dipole Moment: [D]
     X:    10.2042      Y:   -19.3231      Z:    -7.7252     Total:    23.1773


*** tstop() called on aliaconda at Sun Mar 20 04:52:26 2022
Module time:
	user time   =     321.93 seconds =       5.37 minutes
	system time =      38.14 seconds =       0.64 minutes
	total time  =         15 seconds =       0.25 minutes
Total time:
	user time   =   25280.98 seconds =     421.35 minutes
	system time =    3457.77 seconds =      57.63 minutes
	total time  =       1729 seconds =      28.82 minutes

  //>>>>>>>>>>>>>>>>>>>>>>>>>>>>>>>>>>>//
  //            Monomer A HF           //
  //<<<<<<<<<<<<<<<<<<<<<<<<<<<<<<<<<<<//


*** tstart() called on aliaconda
*** at Sun Mar 20 04:52:26 2022

   => Loading Basis Set <=

    Name: JUN-CC-PVDZ
    Role: ORBITAL
    Keyword: BASIS
    atoms 1, 14                                          entry N          line   198 file /home/alia/anaconda3/envs/mddemo/share/psi4/basis/jun-cc-pvdz.gbs 
    atoms 2-4, 6, 8-10, 13, 15-17, 19, 21, 23, 25-27, 30 entry H          line    36 file /home/alia/anaconda3/envs/mddemo/share/psi4/basis/jun-cc-pvdz.gbs 
    atoms 5, 7, 11, 18, 20, 24, 28                       entry C          line   164 file /home/alia/anaconda3/envs/mddemo/share/psi4/basis/jun-cc-pvdz.gbs 
    atoms 12, 22, 29                                     entry O          line   232 file /home/alia/anaconda3/envs/mddemo/share/psi4/basis/jun-cc-pvdz.gbs 


         ---------------------------------------------------------
                                   SCF
               by Justin Turney, Rob Parrish, Andy Simmonett
                          and Daniel G. A. Smith
                              RHF Reference
                       32 Threads,  76293 MiB Core
         ---------------------------------------------------------

  ==> Geometry <==

    Molecular point group: c1
    Full point group: C1

    Geometry (in Angstrom), charge = 1, multiplicity = 1:

       Center              X                  Y                   Z               Mass       
    ------------   -----------------  -----------------  -----------------  -----------------
         N            0.606222955567    -6.204193152703    -2.107635315199    14.003074004430
         H           -0.198777349609    -6.761193074502    -1.410635288497     1.007825032230
         H            0.196222631318    -6.458193101205    -3.207635219832     1.007825032230
         H            1.523222772461    -6.601192988671    -1.974634941359     1.007825032230
         C            0.661222783906    -4.761193074502    -1.865635212203    12.000000000000
         H            0.108222810608    -4.464193143166    -1.010635193129     1.007825032230
         C            2.097222654206    -4.377193249978    -1.573634918471    12.000000000000
         H            2.870222656113    -4.560193337716    -2.399635132094     1.007825032230
         H            2.443222610337    -4.712193288125    -0.574635322829     1.007825032230
         H            2.106222717148    -3.318193234719    -1.415634926100     1.007825032230
         C            0.169222680909    -3.931193150796    -3.035635288497    12.000000000000
         O           -0.452777059692    -2.888192929543    -2.985635097762    15.994914619570
         H            0.400760499817    -4.315380849160    -4.040020759841     1.007825032230
      Gh(N)           0.710222570282     2.664807043754     0.395364944200    14.003074004430
      Gh(H)           1.066222516877     1.539807043754     0.164364997606     1.007825032230
      Gh(H)           0.448222963196     3.016807280265    -0.725635345717     1.007825032230
      Gh(H)           1.542222825867     3.227806769096     0.667365257005     1.007825032230
      Gh(C)          -0.540777357238     2.815807066642     1.120365325670    12.000000000000
      Gh(H)          -1.020777376312     1.802806578361     1.176365081529     1.007825032230
      Gh(C)          -0.271777303833     3.031806669914     2.577365104417    12.000000000000
      Gh(H)          -1.252777250427     3.052806578361     3.096365157823     1.007825032230
      Gh(O)           0.249222604615     4.315807066642     2.832365218858    15.994914619570
      Gh(H)           1.105222551209     4.281806669914     2.457365218858     1.007825032230
      Gh(C)           0.622222749573     2.015806875907     3.188365165452    12.000000000000
      Gh(H)           1.659222690445     2.232806883537     2.887364570360     1.007825032230
      Gh(H)           0.411222783906     0.969807348930     3.158364478807     1.007825032230
      Gh(H)           0.686222879273     2.232806883537     4.269364539842     1.007825032230
      Gh(C)          -1.500777395385     3.796807013236     0.600364867906    12.000000000000
      Gh(O)          -2.691777380126     3.620807371818     0.821364585618    15.994914619570
      Gh(H)          -1.157955797332     4.669739447318     0.025506679277     1.007825032230

  Running in c1 symmetry.

  Rotational constants: A =      0.04158  B =      0.00482  C =      0.00453 [cm^-1]
  Rotational constants: A =   1246.47589  B =    144.39294  C =    135.88654 [MHz]
  Nuclear repulsion =  184.758381191918033

  Charge       = 1
  Multiplicity = 1
  Electrons    = 40
  Nalpha       = 20
  Nbeta        = 20

  ==> Algorithm <==

  SCF Algorithm Type is DF.
  DIIS enabled.
  MOM disabled.
  Fractional occupation disabled.
  Guess Type is SAD.
  Energy threshold   = 1.00e-08
  Density threshold  = 1.00e-08
  Integral threshold = 1.00e-12

  ==> Primary Basis <==

  Basis Set: JUN-CC-PVDZ
    Blend: JUN-CC-PVDZ
    Number of shells: 150
    Number of basis functions: 306
    Number of Cartesian functions: 318
    Spherical Harmonics?: true
    Max angular momentum: 2

   => Loading Basis Set <=

    Name: (JUN-CC-PVDZ AUX)
    Role: JKFIT
    Keyword: DF_BASIS_SCF
    atoms 1, 14                                          entry N          line   202 file /home/alia/anaconda3/envs/mddemo/share/psi4/basis/jun-cc-pvdz-jkfit.gbs 
    atoms 2-4, 6, 8-10, 13, 15-17, 19, 21, 23, 25-27, 30 entry H          line    70 file /home/alia/anaconda3/envs/mddemo/share/psi4/basis/jun-cc-pvdz-jkfit.gbs 
    atoms 5, 7, 11, 18, 20, 24, 28                       entry C          line   146 file /home/alia/anaconda3/envs/mddemo/share/psi4/basis/jun-cc-pvdz-jkfit.gbs 
    atoms 12, 22, 29                                     entry O          line   258 file /home/alia/anaconda3/envs/mddemo/share/psi4/basis/jun-cc-pvdz-jkfit.gbs 

  ==> Integral Setup <==

  ==> DiskDFJK: Density-Fitted J/K Matrices <==

    J tasked:                  Yes
    K tasked:                  Yes
    wK tasked:                  No
    OpenMP threads:             32
    Integrals threads:          32
    Memory [MiB]:            57220
    Algorithm:                Core
    Integral Cache:           LOAD
    Schwarz Cutoff:          1E-12
    Fitting Condition:       1E-10

   => Auxiliary Basis Set <=

  Basis Set: (JUN-CC-PVDZ AUX)
    Blend: JUN-CC-PVDZ-JKFIT
    Number of shells: 486
    Number of basis functions: 1362
    Number of Cartesian functions: 1542
    Spherical Harmonics?: true
    Max angular momentum: 3

  Minimum eigenvalue in the overlap matrix is 4.3447692116E-05.
  Reciprocal condition number of the overlap matrix is 3.7163176171E-06.
    Using symmetric orthogonalization.

  ==> Pre-Iterations <==

  SCF Guess: Superposition of Atomic Densities via on-the-fly atomic UHF (no occupation information).

   -------------------------
    Irrep   Nso     Nmo    
   -------------------------
     A        306     306 
   -------------------------
    Total     306     306
   -------------------------

  ==> Iterations <==

                           Total Energy        Delta E     RMS |[F,P]|

   @DF-RHF iter SAD:  -246.82378289926163   -2.46824e+02   0.00000e+00 
   @DF-RHF iter   1:  -247.10954423188568   -2.85761e-01   1.77110e-03 DIIS
   @DF-RHF iter   2:  -247.23795243813905   -1.28408e-01   1.14098e-03 DIIS
   @DF-RHF iter   3:  -247.28361381906922   -4.56614e-02   2.53204e-04 DIIS
   @DF-RHF iter   4:  -247.28739406077406   -3.78024e-03   8.89597e-05 DIIS
   @DF-RHF iter   5:  -247.28790307383591   -5.09013e-04   2.10062e-05 DIIS
   @DF-RHF iter   6:  -247.28796300702010   -5.99332e-05   9.19702e-06 DIIS
   @DF-RHF iter   7:  -247.28797278149881   -9.77448e-06   4.30558e-06 DIIS
   @DF-RHF iter   8:  -247.28797498768552   -2.20619e-06   1.41000e-06 DIIS
   @DF-RHF iter   9:  -247.28797525309201   -2.65406e-07   3.95512e-07 DIIS
   @DF-RHF iter  10:  -247.28797527347433   -2.03823e-08   1.56574e-07 DIIS
   @DF-RHF iter  11:  -247.28797527926977   -5.79544e-09   7.34736e-08 DIIS
   @DF-RHF iter  12:  -247.28797528103513   -1.76536e-09   3.68177e-08 DIIS
   @DF-RHF iter  13:  -247.28797528157244   -5.37312e-10   9.53272e-09 DIIS
  Energy and wave function converged.


  ==> Post-Iterations <==

    Orbital Energies [Eh]
    ---------------------

    Doubly Occupied:                                                      

       1A    -20.750734     2A    -15.942283     3A    -11.523767  
       4A    -11.502131     5A    -11.427467     6A     -1.572584  
       7A     -1.512200     8A     -1.252198     9A     -1.105480  
      10A     -1.010714    11A     -0.964996    12A     -0.921023  
      13A     -0.895416    14A     -0.813629    15A     -0.808596  
      16A     -0.761510    17A     -0.721726    18A     -0.715171  
      19A     -0.674865    20A     -0.603862  

    Virtual:                                                              

      21A     -0.128819    22A     -0.083749    23A     -0.075014  
      24A     -0.052822    25A     -0.046797    26A     -0.030349  
      27A     -0.027544    28A     -0.020270    29A     -0.014563  
      30A     -0.009406    31A     -0.006150    32A     -0.000520  
      33A      0.008257    34A      0.013540    35A      0.020636  
      36A      0.026385    37A      0.033136    38A      0.035498  
      39A      0.039319    40A      0.043529    41A      0.050181  
      42A      0.053900    43A      0.059767    44A      0.065389  
      45A      0.077067    46A      0.085646    47A      0.089821  
      48A      0.093010    49A      0.097869    50A      0.104515  
      51A      0.105797    52A      0.111205    53A      0.121355  
      54A      0.134958    55A      0.143217    56A      0.148990  
      57A      0.153709    58A      0.157738    59A      0.162342  
      60A      0.163729    61A      0.171576    62A      0.178181  
      63A      0.180263    64A      0.182408    65A      0.192602  
      66A      0.198759    67A      0.207507    68A      0.217289  
      69A      0.221246    70A      0.227123    71A      0.237129  
      72A      0.247453    73A      0.253024    74A      0.259589  
      75A      0.264991    76A      0.273768    77A      0.282029  
      78A      0.303620    79A      0.316850    80A      0.324515  
      81A      0.335801    82A      0.338471    83A      0.339740  
      84A      0.354691    85A      0.370518    86A      0.377420  
      87A      0.389476    88A      0.399279    89A      0.408079  
      90A      0.419936    91A      0.448428    92A      0.464104  
      93A      0.483712    94A      0.497904    95A      0.504182  
      96A      0.523215    97A      0.539634    98A      0.544181  
      99A      0.558344   100A      0.572116   101A      0.579010  
     102A      0.587240   103A      0.588976   104A      0.592802  
     105A      0.600188   106A      0.628671   107A      0.633135  
     108A      0.657486   109A      0.666955   110A      0.671025  
     111A      0.676942   112A      0.687612   113A      0.693427  
     114A      0.723370   115A      0.734260   116A      0.739121  
     117A      0.749895   118A      0.756376   119A      0.760280  
     120A      0.773422   121A      0.788510   122A      0.799889  
     123A      0.803541   124A      0.827125   125A      0.836756  
     126A      0.856799   127A      0.861148   128A      0.864186  
     129A      0.877585   130A      0.893806   131A      0.926142  
     132A      0.939268   133A      0.942515   134A      0.945931  
     135A      0.967795   136A      0.996647   137A      1.000939  
     138A      1.012080   139A      1.047426   140A      1.123329  
     141A      1.148921   142A      1.172634   143A      1.225859  
     144A      1.228743   145A      1.231741   146A      1.240288  
     147A      1.304320   148A      1.311892   149A      1.348395  
     150A      1.362273   151A      1.387478   152A      1.428725  
     153A      1.498921   154A      1.508606   155A      1.532338  
     156A      1.547271   157A      1.567645   158A      1.577874  
     159A      1.605684   160A      1.615317   161A      1.638493  
     162A      1.658945   163A      1.661277   164A      1.690695  
     165A      1.694350   166A      1.699288   167A      1.704288  
     168A      1.725919   169A      1.727295   170A      1.747433  
     171A      1.751434   172A      1.764274   173A      1.772146  
     174A      1.785713   175A      1.798167   176A      1.801805  
     177A      1.817503   178A      1.838321   179A      1.848411  
     180A      1.857017   181A      1.861018   182A      1.886317  
     183A      1.892660   184A      1.902537   185A      1.918585  
     186A      1.932796   187A      1.941349   188A      1.956156  
     189A      1.960019   190A      1.975075   191A      1.978247  
     192A      2.006530   193A      2.013095   194A      2.023235  
     195A      2.027889   196A      2.031298   197A      2.060375  
     198A      2.063135   199A      2.079090   200A      2.087944  
     201A      2.101377   202A      2.133372   203A      2.145003  
     204A      2.158702   205A      2.174296   206A      2.176295  
     207A      2.185550   208A      2.190550   209A      2.210078  
     210A      2.239765   211A      2.256647   212A      2.268834  
     213A      2.276692   214A      2.282192   215A      2.299824  
     216A      2.338917   217A      2.349484   218A      2.359874  
     219A      2.385306   220A      2.399599   221A      2.410286  
     222A      2.426404   223A      2.441817   224A      2.452692  
     225A      2.470807   226A      2.496205   227A      2.502490  
     228A      2.518217   229A      2.540134   230A      2.547580  
     231A      2.585959   232A      2.596910   233A      2.624289  
     234A      2.665927   235A      2.669638   236A      2.684811  
     237A      2.702038   238A      2.716775   239A      2.723486  
     240A      2.748091   241A      2.765723   242A      2.782653  
     243A      2.806483   244A      2.845701   245A      2.876806  
     246A      2.891395   247A      2.893672   248A      2.904937  
     249A      2.931256   250A      2.938442   251A      2.964616  
     252A      3.029080   253A      3.035209   254A      3.094421  
     255A      3.100502   256A      3.104011   257A      3.202912  
     258A      3.264517   259A      3.295471   260A      3.295767  
     261A      3.386354   262A      3.439818   263A      3.503684  
     264A      3.535703   265A      3.557551   266A      3.621594  
     267A      3.682089   268A      3.689822   269A      3.802666  
     270A      3.815222   271A      3.961349   272A      4.035799  
     273A      4.092011   274A      4.197368   275A      4.262941  
     276A      4.378279   277A      4.473882   278A      4.521527  
     279A      4.578995   280A      4.654017   281A      4.690443  
     282A      4.768030   283A      4.809513   284A      4.851722  
     285A      4.867995   286A      4.958919   287A      4.996272  
     288A      5.022468   289A      5.154894   290A      5.191091  
     291A      5.349485   292A      5.507743   293A      5.547614  
     294A      5.642676   295A      5.680998   296A      5.809424  
     297A      6.050993   298A      6.720420   299A      6.998854  
     300A     18.130355   301A     18.314090   302A     18.496335  
     303A     18.665916   304A     25.332854   305A     33.450889  
     306A     33.481556  

    Final Occupation by Irrep:
              A 
    DOCC [    20 ]

  @DF-RHF Final Energy:  -247.28797528157244

   => Energetics <=

    Nuclear Repulsion Energy =            184.7583811919180334
    One-Electron Energy =                -693.1320104043060155
    Two-Electron Energy =                 261.0856539308155106
    Total Energy =                       -247.2879752815724714

Computation Completed


Properties will be evaluated at   0.000000,   0.000000,   0.000000 [a0]

Properties computed using the SCF density matrix

  Nuclear Dipole Moment: [e a0]
     X:    52.2257      Y:  -351.7595      Z:  -176.7299

  Electronic Dipole Moment: [e a0]
     X:   -50.4411      Y:   339.7700      Z:   172.9042

  Dipole Moment: [e a0]
     X:     1.7846      Y:   -11.9895      Z:    -3.8257     Total:    12.7109

  Dipole Moment: [D]
     X:     4.5360      Y:   -30.4742      Z:    -9.7240     Total:    32.3080


*** tstop() called on aliaconda at Sun Mar 20 04:52:34 2022
Module time:
	user time   =     173.33 seconds =       2.89 minutes
	system time =      15.12 seconds =       0.25 minutes
	total time  =          8 seconds =       0.13 minutes
Total time:
	user time   =   25454.46 seconds =     424.24 minutes
	system time =    3472.92 seconds =      57.88 minutes
	total time  =       1737 seconds =      28.95 minutes

  //>>>>>>>>>>>>>>>>>>>>>>>>>>>>>>>>>>>//
  //            Monomer B HF           //
  //<<<<<<<<<<<<<<<<<<<<<<<<<<<<<<<<<<<//


*** tstart() called on aliaconda
*** at Sun Mar 20 04:52:34 2022

   => Loading Basis Set <=

    Name: JUN-CC-PVDZ
    Role: ORBITAL
    Keyword: BASIS
    atoms 1, 14                                          entry N          line   198 file /home/alia/anaconda3/envs/mddemo/share/psi4/basis/jun-cc-pvdz.gbs 
    atoms 2-4, 6, 8-10, 13, 15-17, 19, 21, 23, 25-27, 30 entry H          line    36 file /home/alia/anaconda3/envs/mddemo/share/psi4/basis/jun-cc-pvdz.gbs 
    atoms 5, 7, 11, 18, 20, 24, 28                       entry C          line   164 file /home/alia/anaconda3/envs/mddemo/share/psi4/basis/jun-cc-pvdz.gbs 
    atoms 12, 22, 29                                     entry O          line   232 file /home/alia/anaconda3/envs/mddemo/share/psi4/basis/jun-cc-pvdz.gbs 


         ---------------------------------------------------------
                                   SCF
               by Justin Turney, Rob Parrish, Andy Simmonett
                          and Daniel G. A. Smith
                              RHF Reference
                       32 Threads,  76293 MiB Core
         ---------------------------------------------------------

  ==> Geometry <==

    Molecular point group: c1
    Full point group: C1

    Geometry (in Angstrom), charge = 1, multiplicity = 1:

       Center              X                  Y                   Z               Mass       
    ------------   -----------------  -----------------  -----------------  -----------------
      Gh(N)           0.606222955567    -6.204193152703    -2.107635315199    14.003074004430
      Gh(H)          -0.198777349609    -6.761193074502    -1.410635288497     1.007825032230
      Gh(H)           0.196222631318    -6.458193101205    -3.207635219832     1.007825032230
      Gh(H)           1.523222772461    -6.601192988671    -1.974634941359     1.007825032230
      Gh(C)           0.661222783906    -4.761193074502    -1.865635212203    12.000000000000
      Gh(H)           0.108222810608    -4.464193143166    -1.010635193129     1.007825032230
      Gh(C)           2.097222654206    -4.377193249978    -1.573634918471    12.000000000000
      Gh(H)           2.870222656113    -4.560193337716    -2.399635132094     1.007825032230
      Gh(H)           2.443222610337    -4.712193288125    -0.574635322829     1.007825032230
      Gh(H)           2.106222717148    -3.318193234719    -1.415634926100     1.007825032230
      Gh(C)           0.169222680909    -3.931193150796    -3.035635288497    12.000000000000
      Gh(O)          -0.452777059692    -2.888192929543    -2.985635097762    15.994914619570
      Gh(H)           0.400760499817    -4.315380849160    -4.040020759841     1.007825032230
         N            0.710222570282     2.664807043754     0.395364944200    14.003074004430
         H            1.066222516877     1.539807043754     0.164364997606     1.007825032230
         H            0.448222963196     3.016807280265    -0.725635345717     1.007825032230
         H            1.542222825867     3.227806769096     0.667365257005     1.007825032230
         C           -0.540777357238     2.815807066642     1.120365325670    12.000000000000
         H           -1.020777376312     1.802806578361     1.176365081529     1.007825032230
         C           -0.271777303833     3.031806669914     2.577365104417    12.000000000000
         H           -1.252777250427     3.052806578361     3.096365157823     1.007825032230
         O            0.249222604615     4.315807066642     2.832365218858    15.994914619570
         H            1.105222551209     4.281806669914     2.457365218858     1.007825032230
         C            0.622222749573     2.015806875907     3.188365165452    12.000000000000
         H            1.659222690445     2.232806883537     2.887364570360     1.007825032230
         H            0.411222783906     0.969807348930     3.158364478807     1.007825032230
         H            0.686222879273     2.232806883537     4.269364539842     1.007825032230
         C           -1.500777395385     3.796807013236     0.600364867906    12.000000000000
         O           -2.691777380126     3.620807371818     0.821364585618    15.994914619570
         H           -1.157955797332     4.669739447318     0.025506679277     1.007825032230

  Running in c1 symmetry.

  Rotational constants: A =      0.04158  B =      0.00482  C =      0.00453 [cm^-1]
  Rotational constants: A =   1246.47589  B =    144.39294  C =    135.88654 [MHz]
  Nuclear repulsion =  336.010866973785824

  Charge       = 1
  Multiplicity = 1
  Electrons    = 56
  Nalpha       = 28
  Nbeta        = 28

  ==> Algorithm <==

  SCF Algorithm Type is DF.
  DIIS enabled.
  MOM disabled.
  Fractional occupation disabled.
  Guess Type is SAD.
  Energy threshold   = 1.00e-08
  Density threshold  = 1.00e-08
  Integral threshold = 1.00e-12

  ==> Primary Basis <==

  Basis Set: JUN-CC-PVDZ
    Blend: JUN-CC-PVDZ
    Number of shells: 150
    Number of basis functions: 306
    Number of Cartesian functions: 318
    Spherical Harmonics?: true
    Max angular momentum: 2

   => Loading Basis Set <=

    Name: (JUN-CC-PVDZ AUX)
    Role: JKFIT
    Keyword: DF_BASIS_SCF
    atoms 1, 14                                          entry N          line   202 file /home/alia/anaconda3/envs/mddemo/share/psi4/basis/jun-cc-pvdz-jkfit.gbs 
    atoms 2-4, 6, 8-10, 13, 15-17, 19, 21, 23, 25-27, 30 entry H          line    70 file /home/alia/anaconda3/envs/mddemo/share/psi4/basis/jun-cc-pvdz-jkfit.gbs 
    atoms 5, 7, 11, 18, 20, 24, 28                       entry C          line   146 file /home/alia/anaconda3/envs/mddemo/share/psi4/basis/jun-cc-pvdz-jkfit.gbs 
    atoms 12, 22, 29                                     entry O          line   258 file /home/alia/anaconda3/envs/mddemo/share/psi4/basis/jun-cc-pvdz-jkfit.gbs 

  ==> Integral Setup <==

  ==> DiskDFJK: Density-Fitted J/K Matrices <==

    J tasked:                  Yes
    K tasked:                  Yes
    wK tasked:                  No
    OpenMP threads:             32
    Integrals threads:          32
    Memory [MiB]:            57220
    Algorithm:                Core
    Integral Cache:           LOAD
    Schwarz Cutoff:          1E-12
    Fitting Condition:       1E-10

   => Auxiliary Basis Set <=

  Basis Set: (JUN-CC-PVDZ AUX)
    Blend: JUN-CC-PVDZ-JKFIT
    Number of shells: 486
    Number of basis functions: 1362
    Number of Cartesian functions: 1542
    Spherical Harmonics?: true
    Max angular momentum: 3

  Minimum eigenvalue in the overlap matrix is 4.3447692116E-05.
  Reciprocal condition number of the overlap matrix is 3.7163176171E-06.
    Using symmetric orthogonalization.

  ==> Pre-Iterations <==

  SCF Guess: Superposition of Atomic Densities via on-the-fly atomic UHF (no occupation information).

   -------------------------
    Irrep   Nso     Nmo    
   -------------------------
     A        306     306 
   -------------------------
    Total     306     306
   -------------------------

  ==> Iterations <==

                           Total Energy        Delta E     RMS |[F,P]|

   @DF-RHF iter SAD:  -360.90690263529427   -3.60907e+02   0.00000e+00 
   @DF-RHF iter   1:  -360.90305687607639    3.84576e-03   2.21516e-03 DIIS
   @DF-RHF iter   2:  -361.10016781197078   -1.97111e-01   1.36716e-03 DIIS
   @DF-RHF iter   3:  -361.16550634734529   -6.53385e-02   3.08113e-04 DIIS
   @DF-RHF iter   4:  -361.17057870390630   -5.07236e-03   1.16918e-04 DIIS
   @DF-RHF iter   5:  -361.17133221091370   -7.53507e-04   2.56918e-05 DIIS
   @DF-RHF iter   6:  -361.17139820960091   -6.59987e-05   1.22623e-05 DIIS
   @DF-RHF iter   7:  -361.17141346842232   -1.52588e-05   5.30918e-06 DIIS
   @DF-RHF iter   8:  -361.17141695290042   -3.48448e-06   2.17912e-06 DIIS
   @DF-RHF iter   9:  -361.17141755263413   -5.99734e-07   6.29665e-07 DIIS
   @DF-RHF iter  10:  -361.17141760751480   -5.48807e-08   1.95714e-07 DIIS
   @DF-RHF iter  11:  -361.17141761370664   -6.19184e-09   8.38493e-08 DIIS
   @DF-RHF iter  12:  -361.17141761512738   -1.42074e-09   4.65977e-08 DIIS
   @DF-RHF iter  13:  -361.17141761574800   -6.20616e-10   2.46198e-08 DIIS
   @DF-RHF iter  14:  -361.17141761595997   -2.11969e-10   8.24304e-09 DIIS
  Energy and wave function converged.


  ==> Post-Iterations <==

    Orbital Energies [Eh]
    ---------------------

    Doubly Occupied:                                                      

       1A    -20.745423     2A    -20.741386     3A    -15.950290  
       4A    -11.521562     5A    -11.495979     6A    -11.470905  
       7A    -11.392704     8A     -1.575679     9A     -1.561415  
      10A     -1.508398    11A     -1.257234    12A     -1.172902  
      13A     -1.039653    14A     -1.013526    15A     -0.969182  
      16A     -0.923168    17A     -0.904984    18A     -0.848869  
      19A     -0.819027    20A     -0.815320    21A     -0.790771  
      22A     -0.757303    23A     -0.711142    24A     -0.702105  
      25A     -0.674067    26A     -0.657038    27A     -0.634757  
      28A     -0.605436  

    Virtual:                                                              

      29A     -0.136841    30A     -0.093491    31A     -0.079499  
      32A     -0.059006    33A     -0.043652    34A     -0.039758  
      35A     -0.032773    36A     -0.022533    37A     -0.021175  
      38A     -0.018250    39A     -0.009670    40A     -0.007362  
      41A     -0.002062    42A      0.003581    43A      0.008995  
      44A      0.016703    45A      0.026347    46A      0.031280  
      47A      0.036115    48A      0.042069    49A      0.045187  
      50A      0.048827    51A      0.049906    52A      0.052658  
      53A      0.053580    54A      0.065645    55A      0.070247  
      56A      0.086222    57A      0.092631    58A      0.098057  
      59A      0.101232    60A      0.106898    61A      0.108199  
      62A      0.117809    63A      0.122446    64A      0.133960  
      65A      0.137227    66A      0.144359    67A      0.146923  
      68A      0.151851    69A      0.159534    70A      0.162507  
      71A      0.168012    72A      0.173300    73A      0.178640  
      74A      0.191205    75A      0.193026    76A      0.194560  
      77A      0.200331    78A      0.204283    79A      0.223234  
      80A      0.224939    81A      0.229739    82A      0.237139  
      83A      0.247128    84A      0.255385    85A      0.269097  
      86A      0.276625    87A      0.285360    88A      0.291481  
      89A      0.298403    90A      0.310612    91A      0.315480  
      92A      0.332229    93A      0.342634    94A      0.353584  
      95A      0.358057    96A      0.361462    97A      0.372787  
      98A      0.376356    99A      0.382558   100A      0.396520  
     101A      0.411525   102A      0.426402   103A      0.469061  
     104A      0.475860   105A      0.507893   106A      0.520148  
     107A      0.530080   108A      0.544050   109A      0.562479  
     110A      0.574990   111A      0.587872   112A      0.610511  
     113A      0.618636   114A      0.619732   115A      0.624549  
     116A      0.638360   117A      0.638544   118A      0.664402  
     119A      0.667228   120A      0.686514   121A      0.697110  
     122A      0.716680   123A      0.720497   124A      0.732387  
     125A      0.747960   126A      0.752118   127A      0.758127  
     128A      0.770401   129A      0.788903   130A      0.800746  
     131A      0.801864   132A      0.815682   133A      0.822316  
     134A      0.823157   135A      0.838888   136A      0.870714  
     137A      0.880289   138A      0.887530   139A      0.897001  
     140A      0.897308   141A      0.933950   142A      0.942554  
     143A      0.949033   144A      0.975219   145A      0.982524  
     146A      1.000128   147A      1.035837   148A      1.094328  
     149A      1.143879   150A      1.155968   151A      1.218303  
     152A      1.233376   153A      1.248302   154A      1.268572  
     155A      1.281797   156A      1.309935   157A      1.334964  
     158A      1.347344   159A      1.362983   160A      1.370315  
     161A      1.393024   162A      1.411348   163A      1.460905  
     164A      1.467402   165A      1.479671   166A      1.495074  
     167A      1.499171   168A      1.523827   169A      1.543654  
     170A      1.559643   171A      1.568422   172A      1.593556  
     173A      1.594958   174A      1.645038   175A      1.656323  
     176A      1.659413   177A      1.676402   178A      1.679079  
     179A      1.685416   180A      1.701293   181A      1.702219  
     182A      1.729748   183A      1.744923   184A      1.746057  
     185A      1.771485   186A      1.786931   187A      1.793664  
     188A      1.802964   189A      1.815972   190A      1.824782  
     191A      1.831343   192A      1.844279   193A      1.849906  
     194A      1.874689   195A      1.888332   196A      1.897275  
     197A      1.900636   198A      1.912984   199A      1.917719  
     200A      1.940541   201A      1.941097   202A      1.947327  
     203A      1.948239   204A      1.960273   205A      1.984185  
     206A      1.993470   207A      1.998724   208A      2.020207  
     209A      2.030518   210A      2.045030   211A      2.047101  
     212A      2.071770   213A      2.105456   214A      2.107443  
     215A      2.111410   216A      2.133386   217A      2.142984  
     218A      2.151234   219A      2.175071   220A      2.200394  
     221A      2.208297   222A      2.220276   223A      2.238622  
     224A      2.241509   225A      2.277467   226A      2.281625  
     227A      2.297126   228A      2.331185   229A      2.344542  
     230A      2.354264   231A      2.370664   232A      2.386131  
     233A      2.392979   234A      2.415649   235A      2.426194  
     236A      2.453934   237A      2.474041   238A      2.476753  
     239A      2.512667   240A      2.520616   241A      2.534519  
     242A      2.554276   243A      2.595200   244A      2.610932  
     245A      2.627783   246A      2.644164   247A      2.671973  
     248A      2.673191   249A      2.706378   250A      2.712107  
     251A      2.741197   252A      2.742431   253A      2.759974  
     254A      2.773907   255A      2.815033   256A      2.816222  
     257A      2.856195   258A      2.879026   259A      2.884787  
     260A      2.899708   261A      2.948565   262A      2.955379  
     263A      3.057614   264A      3.064046   265A      3.100931  
     266A      3.119038   267A      3.148143   268A      3.166746  
     269A      3.203746   270A      3.259086   271A      3.309675  
     272A      3.352234   273A      3.367353   274A      3.437695  
     275A      3.529154   276A      3.542988   277A      3.620006  
     278A      3.627656   279A      3.650565   280A      3.748363  
     281A      3.810985   282A      3.936253   283A      3.965865  
     284A      4.018957   285A      4.107102   286A      4.154507  
     287A      4.275382   288A      4.424868   289A      4.657132  
     290A      4.681602   291A      4.807714   292A      4.831476  
     293A      4.859138   294A      4.936222   295A      5.106003  
     296A      5.230558   297A      5.477201   298A      5.526297  
     299A      5.715692   300A      5.821502   301A      6.730217  
     302A     18.152583   303A     18.364536   304A     18.565990  
     305A     25.325248   306A     33.412591  

    Final Occupation by Irrep:
              A 
    DOCC [    28 ]

  @DF-RHF Final Energy:  -361.17141761595997

   => Energetics <=

    Nuclear Repulsion Energy =            336.0108669737858236
    One-Electron Energy =               -1147.8441209167121997
    Two-Electron Energy =                 450.6618363269664087
    Total Energy =                       -361.1714176159599674

Computation Completed


Properties will be evaluated at   0.000000,   0.000000,   0.000000 [a0]

Properties computed using the SCF density matrix

  Nuclear Dipole Moment: [e a0]
     X:   -40.1160      Y:   338.5160      Z:   177.8099

  Electronic Dipole Moment: [e a0]
     X:    42.3651      Y:  -334.0500      Z:  -176.9968

  Dipole Moment: [e a0]
     X:     2.2491      Y:     4.4660      Z:     0.8131     Total:     5.0660

  Dipole Moment: [D]
     X:     5.7166      Y:    11.3513      Z:     2.0667     Total:    12.8765


*** tstop() called on aliaconda at Sun Mar 20 04:52:45 2022
Module time:
	user time   =     226.13 seconds =       3.77 minutes
	system time =      25.70 seconds =       0.43 minutes
	total time  =         11 seconds =       0.18 minutes
Total time:
	user time   =   25680.69 seconds =     428.01 minutes
	system time =    3498.64 seconds =      58.31 minutes
	total time  =       1748 seconds =      29.13 minutes
  Constructing Basis Sets for SAPT...

   => Loading Basis Set <=

    Name: (JUN-CC-PVDZ AUX)
    Role: RIFIT
    Keyword: DF_BASIS_SAPT
    atoms 1, 14                                          entry N          line   144 file /home/alia/anaconda3/envs/mddemo/share/psi4/basis/jun-cc-pvdz-ri.gbs 
    atoms 2-4, 6, 8-10, 13, 15-17, 19, 21, 23, 25-27, 30 entry H          line    30 file /home/alia/anaconda3/envs/mddemo/share/psi4/basis/jun-cc-pvdz-ri.gbs 
    atoms 5, 7, 11, 18, 20, 24, 28                       entry C          line   100 file /home/alia/anaconda3/envs/mddemo/share/psi4/basis/jun-cc-pvdz-ri.gbs 
    atoms 12, 22, 29                                     entry O          line   188 file /home/alia/anaconda3/envs/mddemo/share/psi4/basis/jun-cc-pvdz-ri.gbs 


  //>>>>>>>>>>>>>>>>>>>>>>>>>>>>>>>>>>>//
  //               SAPT0               //
  //<<<<<<<<<<<<<<<<<<<<<<<<<<<<<<<<<<<//


*** tstart() called on aliaconda
*** at Sun Mar 20 04:52:45 2022

        SAPT0  
    Ed Hohenstein
     6 June 2009

      Orbital Information
  --------------------------
    NSO        =       306
    NMO        =       306
    NRI        =      1032
    NOCC A     =        20
    NOCC B     =        28
    FOCC A     =         0
    FOCC B     =         0
    NVIR A     =       286
    NVIR B     =       278

    Elst10,r            =     0.057867847737 [Eh]
    Exch10              =    -0.000000030829 [Eh]
    Exch10 (S^2)        =    -0.000000030829 [Eh]

    Iter     Energy [mEh]          dE [mEh]         Residual      Time [s]
       1      -0.51209900       0.512099000       6.751590879             1
       2      -0.51077523      -0.001323775       2.393459246             1
       3      -0.55923859       0.048463362       0.918615105             2
       4      -0.57088251       0.011643923       0.282841349             2
       5      -0.56834812      -0.002534392       0.149583966             3
       6      -0.56735110      -0.000997024       0.038587590             4
       7      -0.56764626       0.000295167       0.011958061             4
       8      -0.56770418       0.000057922       0.003100776             5
       9      -0.56769241      -0.000011772       0.000859866             5
      10      -0.56768948      -0.000002935       0.000293082             6
      11      -0.56769044       0.000000964       0.000151132             6
      12      -0.56769090       0.000000464       0.000073005             7
      13      -0.56769053      -0.000000371       0.000020864             8
      14      -0.56769053      -0.000000005       0.000005995             8
      15      -0.56769055       0.000000025       0.000001726             9
      16      -0.56769055       0.000000000       0.000000595             9

    CHF Iterations converged


    Iter     Energy [mEh]          dE [mEh]         Residual      Time [s]
       1      -0.18868439       0.188684387       3.241742510             1
       2      -0.19113721       0.002452819       1.276489412             1
       3      -0.20547575       0.014338547       0.421849153             2
       4      -0.20814784       0.002672088       0.095548332             2
       5      -0.20772173      -0.000426110       0.057097677             3
       6      -0.20748725      -0.000234484       0.018923832             4
       7      -0.20751839       0.000031143       0.008950558             4
       8      -0.20755763       0.000039245       0.002401056             5
       9      -0.20755308      -0.000004550       0.000937501             5
      10      -0.20755041      -0.000002679       0.000397742             6
      11      -0.20755103       0.000000626       0.000225468             6
      12      -0.20755153       0.000000502       0.000103462             7
      13      -0.20755134      -0.000000190       0.000037937             8
      14      -0.20755126      -0.000000080       0.000009189             8
      15      -0.20755128       0.000000013       0.000002718             9
      16      -0.20755128       0.000000005       0.000000667             9

    CHF Iterations converged

    Ind20,r (A<-B)      =    -0.000567690554 [Eh]
    Ind20,r (B<-A)      =    -0.000207551282 [Eh]
    Ind20,r             =    -0.000775241836 [Eh]
    Exch-Ind20,r (A<-B) =     0.000000008205 [Eh]
    Exch-Ind20,r (B<-A) =     0.000000008824 [Eh]
    Exch-Ind20,r        =     0.000000017029 [Eh]
    Disp20              =    -0.000095522649 [Eh]
    Disp20 (SS)         =    -0.000047761324 [Eh]
    Disp20 (OS)         =    -0.000047761324 [Eh]
    Exch-Disp20         =     0.000000006095 [Eh]
    Exch-Disp20 (SS)    =     0.000000004486 [Eh]
    Exch-Disp20 (OS)    =     0.000000001609 [Eh]

    SAPT Results 
  --------------------------------------------------------------------------------------------------------
    Electrostatics                 57.86784774 [mEh]      36.31262268 [kcal/mol]     151.93201330 [kJ/mol]
      Elst10,r                     57.86784774 [mEh]      36.31262268 [kcal/mol]     151.93201330 [kJ/mol]

    Exchange                       -0.00003083 [mEh]      -0.00001935 [kcal/mol]      -0.00008094 [kJ/mol]
      Exch10                       -0.00003083 [mEh]      -0.00001935 [kcal/mol]      -0.00008094 [kJ/mol]
      Exch10(S^2)                  -0.00003083 [mEh]      -0.00001935 [kcal/mol]      -0.00008094 [kJ/mol]

    Induction                      -0.76261302 [mEh]      -0.47854689 [kcal/mol]      -2.00224021 [kJ/mol]
      Ind20,r                      -0.77524184 [mEh]      -0.48647160 [kcal/mol]      -2.03539716 [kJ/mol]
      Exch-Ind20,r                  0.00001703 [mEh]       0.00001069 [kcal/mol]       0.00004471 [kJ/mol]
      delta HF,r (2)                0.01261179 [mEh]       0.00791402 [kcal/mol]       0.03311224 [kJ/mol]

    Dispersion                     -0.09551655 [mEh]      -0.05993754 [kcal/mol]      -0.25077868 [kJ/mol]
      Disp20                       -0.09552265 [mEh]      -0.05994137 [kcal/mol]      -0.25079468 [kJ/mol]
      Exch-Disp20                   0.00000610 [mEh]       0.00000382 [kcal/mol]       0.00001600 [kJ/mol]
      Disp20 (SS)                  -0.04776132 [mEh]      -0.02997068 [kcal/mol]      -0.12539734 [kJ/mol]
      Disp20 (OS)                  -0.04776132 [mEh]      -0.02997068 [kcal/mol]      -0.12539734 [kJ/mol]
      Exch-Disp20 (SS)              0.00000449 [mEh]       0.00000282 [kcal/mol]       0.00001178 [kJ/mol]
      Exch-Disp20 (OS)              0.00000161 [mEh]       0.00000101 [kcal/mol]       0.00000422 [kJ/mol]

  Total HF                         57.10520389 [mEh]      35.83405644 [kcal/mol]     149.92969215 [kJ/mol]
  Total SAPT0                      57.00968733 [mEh]      35.77411890 [kcal/mol]     149.67891347 [kJ/mol]

  Special recipe for scaled SAPT0 (see Manual):
    Electrostatics sSAPT0          57.86784774 [mEh]      36.31262268 [kcal/mol]     151.93201330 [kJ/mol]
    Exchange sSAPT0                -0.00003083 [mEh]      -0.00001935 [kcal/mol]      -0.00008094 [kJ/mol]
    Induction sSAPT0               -0.76261302 [mEh]      -0.47854689 [kcal/mol]      -2.00224021 [kJ/mol]
    Dispersion sSAPT0              -0.09551655 [mEh]      -0.05993754 [kcal/mol]      -0.25077868 [kJ/mol]
  Total sSAPT0                     57.00968733 [mEh]      35.77411890 [kcal/mol]     149.67891347 [kJ/mol]
  --------------------------------------------------------------------------------------------------------

*** tstop() called on aliaconda at Sun Mar 20 04:53:33 2022
Module time:
	user time   =     672.60 seconds =      11.21 minutes
	system time =     113.33 seconds =       1.89 minutes
	total time  =         48 seconds =       0.80 minutes
Total time:
	user time   =   26355.73 seconds =     439.26 minutes
	system time =    3612.58 seconds =      60.21 minutes
	total time  =       1796 seconds =      29.93 minutes


Warning! sapt0 does not have an associated derived wavefunction.The returned wavefunction is the dimer SCF wavefunction.


  Memory set to  74.506 GiB by Python driver.
  Threads set to 32 by Python driver.
