
Scratch directory: /tmp/

Scratch directory: /tmp/

  //>>>>>>>>>>>>>>>>>>>>>>>>>>>>>>>>>>>//
  //              Dimer HF             //
  //<<<<<<<<<<<<<<<<<<<<<<<<<<<<<<<<<<<//


*** tstart() called on aliaconda
*** at Sun Mar 20 05:34:14 2022

   => Loading Basis Set <=

    Name: JUN-CC-PVDZ
    Role: ORBITAL
    Keyword: BASIS
    atoms 1, 14                                          entry N          line   198 file /home/alia/anaconda3/envs/mddemo/share/psi4/basis/jun-cc-pvdz.gbs 
    atoms 2-4, 6, 8-10, 13, 15-17, 19, 21, 23, 25-27, 30 entry H          line    36 file /home/alia/anaconda3/envs/mddemo/share/psi4/basis/jun-cc-pvdz.gbs 
    atoms 5, 7, 11, 18, 20, 24, 28                       entry C          line   164 file /home/alia/anaconda3/envs/mddemo/share/psi4/basis/jun-cc-pvdz.gbs 
    atoms 12, 22, 29                                     entry O          line   232 file /home/alia/anaconda3/envs/mddemo/share/psi4/basis/jun-cc-pvdz.gbs 


         ---------------------------------------------------------
                                   SCF
               by Justin Turney, Rob Parrish, Andy Simmonett
                          and Daniel G. A. Smith
                              RHF Reference
                       32 Threads,  76293 MiB Core
         ---------------------------------------------------------

  ==> Geometry <==

    Molecular point group: c1
    Full point group: C1

    Geometry (in Angstrom), charge = 2, multiplicity = 1:

       Center              X                  Y                   Z               Mass       
    ------------   -----------------  -----------------  -----------------  -----------------
         N            0.376593117496    -5.756034492380    -1.142433422200    14.003074004430
         H           -0.156406874875    -5.848034500010    -0.069432991139     1.007825032230
         H           -0.567407126645    -5.967034458048    -1.854433315388     1.007825032230
         H            1.049592976352    -6.541034578211    -1.237433212391     1.007825032230
         C            0.923593048831    -4.356034397013    -1.378433006398    12.000000000000
         H            0.266592983981    -3.608034728892    -0.999433296315     1.007825032230
         C            2.194592957278    -4.257034419901    -0.496433036915    12.000000000000
         H            3.004592900058    -4.890034793742    -0.871433036915     1.007825032230
         H            2.020592932483    -4.514034866221     0.604566795238     1.007825032230
         H            2.556592945834    -3.154034732706    -0.521433132283     1.007825032230
         C            1.211593155642    -4.137034534342    -2.838433282963    12.000000000000
         O            0.629592900058    -4.786034702189    -3.695433157078    15.994914619570
         H            1.954898838778    -3.383780120737    -3.138607042424     1.007825032230
         N            0.456593041202     2.494964958303     0.358566982158    14.003074004430
         H            1.047593121310     1.466965080373     0.556566936382     1.007825032230
         H            0.162592892428     2.250965477102    -0.785433071247     1.007825032230
         H            1.097592835208     3.290965438955     0.311567050823     1.007825032230
         C           -0.785407061795     2.963965774648     0.988566619762    12.000000000000
         H           -1.386406893949     2.068965316885     1.062566978344     1.007825032230
         C           -0.746407027463     3.468964935415     2.412566882976    12.000000000000
         H           -1.805407042722     3.566965461843     2.824566585430     1.007825032230
         O           -0.067407126645     4.711964965933     2.515566570171    15.994914619570
         H            0.862593178531     4.544965149038     2.282566768535     1.007825032230
         C           -0.088407035092     2.256965042226     3.171566707500    12.000000000000
         H            0.977592949649     2.007965446584     2.811567050823     1.007825032230
         H           -0.730407233457     1.376964927786     3.004566890606     1.007825032230
         H           -0.158407206754     2.584965110891     4.225566608318     1.007825032230
         C           -1.535407061795     3.910965324514     0.082566959270    12.000000000000
         O           -2.749407286862     3.669965149038    -0.082433002583    15.994914619570
         H           -1.040588374356     4.764310241811    -0.404215591542     1.007825032230

  Running in c1 symmetry.

  Rotational constants: A =      0.03898  B =      0.00465  C =      0.00439 [cm^-1]
  Rotational constants: A =   1168.73802  B =    139.47977  C =    131.68438 [MHz]
  Nuclear repulsion =  653.911271212160841

  Charge       = 2
  Multiplicity = 1
  Electrons    = 96
  Nalpha       = 48
  Nbeta        = 48

  ==> Algorithm <==

  SCF Algorithm Type is DF.
  DIIS enabled.
  MOM disabled.
  Fractional occupation disabled.
  Guess Type is SAD.
  Energy threshold   = 1.00e-08
  Density threshold  = 1.00e-08
  Integral threshold = 1.00e-12

  ==> Primary Basis <==

  Basis Set: JUN-CC-PVDZ
    Blend: JUN-CC-PVDZ
    Number of shells: 150
    Number of basis functions: 306
    Number of Cartesian functions: 318
    Spherical Harmonics?: true
    Max angular momentum: 2

   => Loading Basis Set <=

    Name: (JUN-CC-PVDZ AUX)
    Role: JKFIT
    Keyword: DF_BASIS_SCF
    atoms 1, 14                                          entry N          line   202 file /home/alia/anaconda3/envs/mddemo/share/psi4/basis/jun-cc-pvdz-jkfit.gbs 
    atoms 2-4, 6, 8-10, 13, 15-17, 19, 21, 23, 25-27, 30 entry H          line    70 file /home/alia/anaconda3/envs/mddemo/share/psi4/basis/jun-cc-pvdz-jkfit.gbs 
    atoms 5, 7, 11, 18, 20, 24, 28                       entry C          line   146 file /home/alia/anaconda3/envs/mddemo/share/psi4/basis/jun-cc-pvdz-jkfit.gbs 
    atoms 12, 22, 29                                     entry O          line   258 file /home/alia/anaconda3/envs/mddemo/share/psi4/basis/jun-cc-pvdz-jkfit.gbs 

  ==> Integral Setup <==

  ==> DiskDFJK: Density-Fitted J/K Matrices <==

    J tasked:                  Yes
    K tasked:                  Yes
    wK tasked:                  No
    OpenMP threads:             32
    Integrals threads:          32
    Memory [MiB]:            57220
    Algorithm:                Core
    Integral Cache:           SAVE
    Schwarz Cutoff:          1E-12
    Fitting Condition:       1E-10

   => Auxiliary Basis Set <=

  Basis Set: (JUN-CC-PVDZ AUX)
    Blend: JUN-CC-PVDZ-JKFIT
    Number of shells: 486
    Number of basis functions: 1362
    Number of Cartesian functions: 1542
    Spherical Harmonics?: true
    Max angular momentum: 3

  Minimum eigenvalue in the overlap matrix is 6.3567420415E-05.
  Reciprocal condition number of the overlap matrix is 5.4986516421E-06.
    Using symmetric orthogonalization.

  ==> Pre-Iterations <==

  SCF Guess: Superposition of Atomic Densities via on-the-fly atomic UHF (no occupation information).

   -------------------------
    Irrep   Nso     Nmo    
   -------------------------
     A        306     306 
   -------------------------
    Total     306     306
   -------------------------

  ==> Iterations <==

                           Total Energy        Delta E     RMS |[F,P]|

   @DF-RHF iter SAD:  -607.11882315267019   -6.07119e+02   0.00000e+00 
   @DF-RHF iter   1:  -607.95614387832472   -8.37321e-01   2.79066e-03 DIIS
   @DF-RHF iter   2:  -608.27282538273107   -3.16682e-01   1.77836e-03 DIIS
   @DF-RHF iter   3:  -608.38337564904941   -1.10550e-01   3.98079e-04 DIIS
   @DF-RHF iter   4:  -608.39238105748166   -9.00541e-03   1.49491e-04 DIIS
   @DF-RHF iter   5:  -608.39368525308373   -1.30420e-03   3.55106e-05 DIIS
   @DF-RHF iter   6:  -608.39381562425172   -1.30371e-04   1.81191e-05 DIIS
   @DF-RHF iter   7:  -608.39384675440442   -3.11302e-05   8.51068e-06 DIIS
   @DF-RHF iter   8:  -608.39385455862032   -7.80422e-06   3.52434e-06 DIIS
   @DF-RHF iter   9:  -608.39385596432248   -1.40570e-06   1.29480e-06 DIIS
   @DF-RHF iter  10:  -608.39385614075559   -1.76433e-07   3.87088e-07 DIIS
   @DF-RHF iter  11:  -608.39385615923891   -1.84833e-08   1.52724e-07 DIIS
   @DF-RHF iter  12:  -608.39385616362802   -4.38911e-09   7.54059e-08 DIIS
   @DF-RHF iter  13:  -608.39385616505626   -1.42825e-09   4.21513e-08 DIIS
   @DF-RHF iter  14:  -608.39385616569484   -6.38579e-10   1.86579e-08 DIIS
   @DF-RHF iter  15:  -608.39385616581126   -1.16415e-10   6.29866e-09 DIIS
  Energy and wave function converged.


  ==> Post-Iterations <==

    Orbital Energies [Eh]
    ---------------------

    Doubly Occupied:                                                      

       1A    -20.825122     2A    -20.805745     3A    -20.803862  
       4A    -16.013001     5A    -15.992624     6A    -11.598758  
       7A    -11.583262     8A    -11.581040     9A    -11.555093  
      10A    -11.542677    11A    -11.512766    12A    -11.470023  
      13A     -1.649202    14A     -1.616628    15A     -1.601798  
      16A     -1.568736    17A     -1.539841    18A     -1.316398  
      19A     -1.311220    20A     -1.210669    21A     -1.163662  
      22A     -1.079635    23A     -1.075420    24A     -1.074284  
      25A     -1.034269    26A     -1.005015    27A     -0.976501  
      28A     -0.971671    29A     -0.957141    30A     -0.945144  
      31A     -0.901752    32A     -0.895139    33A     -0.883486  
      34A     -0.877276    35A     -0.860927    36A     -0.835256  
      37A     -0.813556    38A     -0.811703    39A     -0.796657  
      40A     -0.783800    41A     -0.763361    42A     -0.760125  
      43A     -0.750886    44A     -0.731880    45A     -0.724023  
      46A     -0.687469    47A     -0.686705    48A     -0.646590  

    Virtual:                                                              

      49A     -0.215575    50A     -0.184398    51A     -0.162644  
      52A     -0.155297    53A     -0.138350    54A     -0.129702  
      55A     -0.126646    56A     -0.123180    57A     -0.120540  
      58A     -0.107673    59A     -0.099979    60A     -0.097695  
      61A     -0.091362    62A     -0.086095    63A     -0.080720  
      64A     -0.077166    65A     -0.072296    66A     -0.069883  
      67A     -0.068385    68A     -0.064270    69A     -0.051415  
      70A     -0.044560    71A     -0.042489    72A     -0.036926  
      73A     -0.035640    74A     -0.031975    75A     -0.028880  
      76A     -0.023432    77A     -0.018089    78A     -0.016031  
      79A     -0.011639    80A     -0.004633    81A      0.002425  
      82A      0.014337    83A      0.022722    84A      0.028751  
      85A      0.031224    86A      0.034498    87A      0.036255  
      88A      0.046570    89A      0.053977    90A      0.058690  
      91A      0.069726    92A      0.075970    93A      0.083517  
      94A      0.089190    95A      0.090489    96A      0.091991  
      97A      0.098118    98A      0.104483    99A      0.112084  
     100A      0.119680   101A      0.123811   102A      0.127572  
     103A      0.136117   104A      0.145690   105A      0.149192  
     106A      0.154834   107A      0.161186   108A      0.161401  
     109A      0.168925   110A      0.174957   111A      0.189069  
     112A      0.197171   113A      0.202215   114A      0.209285  
     115A      0.213921   116A      0.221416   117A      0.232172  
     118A      0.242157   119A      0.251465   120A      0.259350  
     121A      0.274150   122A      0.289320   123A      0.304879  
     124A      0.328213   125A      0.353343   126A      0.371637  
     127A      0.447662   128A      0.474299   129A      0.485731  
     130A      0.498389   131A      0.508037   132A      0.522217  
     133A      0.532618   134A      0.538457   135A      0.545915  
     136A      0.553442   137A      0.573212   138A      0.579424  
     139A      0.581359   140A      0.599359   141A      0.609014  
     142A      0.617167   143A      0.627625   144A      0.633931  
     145A      0.635745   146A      0.643519   147A      0.660836  
     148A      0.665549   149A      0.678276   150A      0.680330  
     151A      0.689498   152A      0.697713   153A      0.699970  
     154A      0.715774   155A      0.716876   156A      0.724838  
     157A      0.732527   158A      0.745084   159A      0.762682  
     160A      0.765488   161A      0.774963   162A      0.798602  
     163A      0.814423   164A      0.817912   165A      0.825215  
     166A      0.832951   167A      0.839373   168A      0.848983  
     169A      0.869584   170A      0.872418   171A      0.877052  
     172A      0.901754   173A      0.916600   174A      0.947699  
     175A      0.970613   176A      1.017038   177A      1.034456  
     178A      1.051096   179A      1.090820   180A      1.120109  
     181A      1.128293   182A      1.147923   183A      1.148519  
     184A      1.162377   185A      1.204294   186A      1.210646  
     187A      1.227467   188A      1.250010   189A      1.253806  
     190A      1.260217   191A      1.273751   192A      1.279355  
     193A      1.295032   194A      1.312161   195A      1.313723  
     196A      1.326492   197A      1.335186   198A      1.346160  
     199A      1.361025   200A      1.372565   201A      1.381666  
     202A      1.396277   203A      1.416111   204A      1.426770  
     205A      1.439554   206A      1.458449   207A      1.506781  
     208A      1.507576   209A      1.518477   210A      1.536434  
     211A      1.559964   212A      1.579326   213A      1.585211  
     214A      1.591686   215A      1.608026   216A      1.617200  
     217A      1.628609   218A      1.639745   219A      1.644187  
     220A      1.662473   221A      1.669832   222A      1.675091  
     223A      1.686290   224A      1.689282   225A      1.691478  
     226A      1.702741   227A      1.711804   228A      1.720279  
     229A      1.724326   230A      1.732268   231A      1.748226  
     232A      1.763665   233A      1.774398   234A      1.778842  
     235A      1.791654   236A      1.800692   237A      1.825782  
     238A      1.828838   239A      1.860331   240A      1.876729  
     241A      1.891750   242A      1.899423   243A      1.916046  
     244A      1.917190   245A      1.958556   246A      1.965545  
     247A      1.979354   248A      2.007334   249A      2.023237  
     250A      2.031689   251A      2.044188   252A      2.076721  
     253A      2.085021   254A      2.086507   255A      2.115037  
     256A      2.141954   257A      2.148799   258A      2.152966  
     259A      2.181150   260A      2.211436   261A      2.233859  
     262A      2.241532   263A      2.261168   264A      2.275581  
     265A      2.322384   266A      2.327645   267A      2.351472  
     268A      2.353627   269A      2.372296   270A      2.402620  
     271A      2.411590   272A      2.453230   273A      2.455291  
     274A      2.464775   275A      2.480725   276A      2.514196  
     277A      2.519667   278A      2.561386   279A      2.575655  
     280A      2.588113   281A      2.596641   282A      2.627619  
     283A      2.638478   284A      2.676853   285A      2.680237  
     286A      2.735667   287A      2.754400   288A      2.825796  
     289A      2.842074   290A      2.882546   291A      2.897208  
     292A      2.938194   293A      2.960155   294A      3.020002  
     295A      3.021428   296A      3.087372   297A      3.162394  
     298A      3.200641   299A      3.227612   300A      3.261746  
     301A      3.471819   302A      3.492561   303A      3.499835  
     304A      3.704742   305A      3.716959   306A      3.891039  

    Final Occupation by Irrep:
              A 
    DOCC [    48 ]

  @DF-RHF Final Energy:  -608.39385616581126

   => Energetics <=

    Nuclear Repulsion Energy =            653.9112712121608411
    One-Electron Energy =               -2101.4266515021718078
    Two-Electron Energy =                 839.1215241241995955
    Total Energy =                       -608.3938561658112576

Computation Completed


Properties will be evaluated at   0.000000,   0.000000,   0.000000 [a0]

Properties computed using the SCF density matrix

  Nuclear Dipole Moment: [e a0]
     X:     8.5704      Y:    -9.3311      Z:     7.3106

  Electronic Dipole Moment: [e a0]
     X:    -5.4983      Y:     3.9470      Z:    -7.4714

  Dipole Moment: [e a0]
     X:     3.0721      Y:    -5.3840      Z:    -0.1608     Total:     6.2009

  Dipole Moment: [D]
     X:     7.8085      Y:   -13.6849      Z:    -0.4087     Total:    15.7612


*** tstop() called on aliaconda at Sun Mar 20 05:34:29 2022
Module time:
	user time   =     318.67 seconds =       5.31 minutes
	system time =      38.41 seconds =       0.64 minutes
	total time  =         15 seconds =       0.25 minutes
Total time:
	user time   =   68027.02 seconds =    1133.78 minutes
	system time =    9472.80 seconds =     157.88 minutes
	total time  =       4252 seconds =      70.87 minutes

  //>>>>>>>>>>>>>>>>>>>>>>>>>>>>>>>>>>>//
  //            Monomer A HF           //
  //<<<<<<<<<<<<<<<<<<<<<<<<<<<<<<<<<<<//


*** tstart() called on aliaconda
*** at Sun Mar 20 05:34:29 2022

   => Loading Basis Set <=

    Name: JUN-CC-PVDZ
    Role: ORBITAL
    Keyword: BASIS
    atoms 1, 14                                          entry N          line   198 file /home/alia/anaconda3/envs/mddemo/share/psi4/basis/jun-cc-pvdz.gbs 
    atoms 2-4, 6, 8-10, 13, 15-17, 19, 21, 23, 25-27, 30 entry H          line    36 file /home/alia/anaconda3/envs/mddemo/share/psi4/basis/jun-cc-pvdz.gbs 
    atoms 5, 7, 11, 18, 20, 24, 28                       entry C          line   164 file /home/alia/anaconda3/envs/mddemo/share/psi4/basis/jun-cc-pvdz.gbs 
    atoms 12, 22, 29                                     entry O          line   232 file /home/alia/anaconda3/envs/mddemo/share/psi4/basis/jun-cc-pvdz.gbs 


         ---------------------------------------------------------
                                   SCF
               by Justin Turney, Rob Parrish, Andy Simmonett
                          and Daniel G. A. Smith
                              RHF Reference
                       32 Threads,  76293 MiB Core
         ---------------------------------------------------------

  ==> Geometry <==

    Molecular point group: c1
    Full point group: C1

    Geometry (in Angstrom), charge = 1, multiplicity = 1:

       Center              X                  Y                   Z               Mass       
    ------------   -----------------  -----------------  -----------------  -----------------
         N            0.376593117496    -5.756034492380    -1.142433422200    14.003074004430
         H           -0.156406874875    -5.848034500010    -0.069432991139     1.007825032230
         H           -0.567407126645    -5.967034458048    -1.854433315388     1.007825032230
         H            1.049592976352    -6.541034578211    -1.237433212391     1.007825032230
         C            0.923593048831    -4.356034397013    -1.378433006398    12.000000000000
         H            0.266592983981    -3.608034728892    -0.999433296315     1.007825032230
         C            2.194592957278    -4.257034419901    -0.496433036915    12.000000000000
         H            3.004592900058    -4.890034793742    -0.871433036915     1.007825032230
         H            2.020592932483    -4.514034866221     0.604566795238     1.007825032230
         H            2.556592945834    -3.154034732706    -0.521433132283     1.007825032230
         C            1.211593155642    -4.137034534342    -2.838433282963    12.000000000000
         O            0.629592900058    -4.786034702189    -3.695433157078    15.994914619570
         H            1.954898838778    -3.383780120737    -3.138607042424     1.007825032230
      Gh(N)           0.456593041202     2.494964958303     0.358566982158    14.003074004430
      Gh(H)           1.047593121310     1.466965080373     0.556566936382     1.007825032230
      Gh(H)           0.162592892428     2.250965477102    -0.785433071247     1.007825032230
      Gh(H)           1.097592835208     3.290965438955     0.311567050823     1.007825032230
      Gh(C)          -0.785407061795     2.963965774648     0.988566619762    12.000000000000
      Gh(H)          -1.386406893949     2.068965316885     1.062566978344     1.007825032230
      Gh(C)          -0.746407027463     3.468964935415     2.412566882976    12.000000000000
      Gh(H)          -1.805407042722     3.566965461843     2.824566585430     1.007825032230
      Gh(O)          -0.067407126645     4.711964965933     2.515566570171    15.994914619570
      Gh(H)           0.862593178531     4.544965149038     2.282566768535     1.007825032230
      Gh(C)          -0.088407035092     2.256965042226     3.171566707500    12.000000000000
      Gh(H)           0.977592949649     2.007965446584     2.811567050823     1.007825032230
      Gh(H)          -0.730407233457     1.376964927786     3.004566890606     1.007825032230
      Gh(H)          -0.158407206754     2.584965110891     4.225566608318     1.007825032230
      Gh(C)          -1.535407061795     3.910965324514     0.082566959270    12.000000000000
      Gh(O)          -2.749407286862     3.669965149038    -0.082433002583    15.994914619570
      Gh(H)          -1.040588374356     4.764310241811    -0.404215591542     1.007825032230

  Running in c1 symmetry.

  Rotational constants: A =      0.03898  B =      0.00465  C =      0.00439 [cm^-1]
  Rotational constants: A =   1168.73802  B =    139.47977  C =    131.68438 [MHz]
  Nuclear repulsion =  184.882461111300785

  Charge       = 1
  Multiplicity = 1
  Electrons    = 40
  Nalpha       = 20
  Nbeta        = 20

  ==> Algorithm <==

  SCF Algorithm Type is DF.
  DIIS enabled.
  MOM disabled.
  Fractional occupation disabled.
  Guess Type is SAD.
  Energy threshold   = 1.00e-08
  Density threshold  = 1.00e-08
  Integral threshold = 1.00e-12

  ==> Primary Basis <==

  Basis Set: JUN-CC-PVDZ
    Blend: JUN-CC-PVDZ
    Number of shells: 150
    Number of basis functions: 306
    Number of Cartesian functions: 318
    Spherical Harmonics?: true
    Max angular momentum: 2

   => Loading Basis Set <=

    Name: (JUN-CC-PVDZ AUX)
    Role: JKFIT
    Keyword: DF_BASIS_SCF
    atoms 1, 14                                          entry N          line   202 file /home/alia/anaconda3/envs/mddemo/share/psi4/basis/jun-cc-pvdz-jkfit.gbs 
    atoms 2-4, 6, 8-10, 13, 15-17, 19, 21, 23, 25-27, 30 entry H          line    70 file /home/alia/anaconda3/envs/mddemo/share/psi4/basis/jun-cc-pvdz-jkfit.gbs 
    atoms 5, 7, 11, 18, 20, 24, 28                       entry C          line   146 file /home/alia/anaconda3/envs/mddemo/share/psi4/basis/jun-cc-pvdz-jkfit.gbs 
    atoms 12, 22, 29                                     entry O          line   258 file /home/alia/anaconda3/envs/mddemo/share/psi4/basis/jun-cc-pvdz-jkfit.gbs 

  ==> Integral Setup <==

  ==> DiskDFJK: Density-Fitted J/K Matrices <==

    J tasked:                  Yes
    K tasked:                  Yes
    wK tasked:                  No
    OpenMP threads:             32
    Integrals threads:          32
    Memory [MiB]:            57220
    Algorithm:                Core
    Integral Cache:           LOAD
    Schwarz Cutoff:          1E-12
    Fitting Condition:       1E-10

   => Auxiliary Basis Set <=

  Basis Set: (JUN-CC-PVDZ AUX)
    Blend: JUN-CC-PVDZ-JKFIT
    Number of shells: 486
    Number of basis functions: 1362
    Number of Cartesian functions: 1542
    Spherical Harmonics?: true
    Max angular momentum: 3

  Minimum eigenvalue in the overlap matrix is 6.3567420415E-05.
  Reciprocal condition number of the overlap matrix is 5.4986516421E-06.
    Using symmetric orthogonalization.

  ==> Pre-Iterations <==

  SCF Guess: Superposition of Atomic Densities via on-the-fly atomic UHF (no occupation information).

   -------------------------
    Irrep   Nso     Nmo    
   -------------------------
     A        306     306 
   -------------------------
    Total     306     306
   -------------------------

  ==> Iterations <==

                           Total Energy        Delta E     RMS |[F,P]|

   @DF-RHF iter SAD:  -246.59337230255508   -2.46593e+02   0.00000e+00 
   @DF-RHF iter   1:  -247.13882054606771   -5.45448e-01   1.71090e-03 DIIS
   @DF-RHF iter   2:  -247.26225957085171   -1.23439e-01   1.06339e-03 DIIS
   @DF-RHF iter   3:  -247.30202665465774   -3.97671e-02   2.42749e-04 DIIS
   @DF-RHF iter   4:  -247.30561316559223   -3.58651e-03   8.38392e-05 DIIS
   @DF-RHF iter   5:  -247.30606668333817   -4.53518e-04   2.01091e-05 DIIS
   @DF-RHF iter   6:  -247.30612050881371   -5.38255e-05   8.55944e-06 DIIS
   @DF-RHF iter   7:  -247.30612918706385   -8.67825e-06   3.93792e-06 DIIS
   @DF-RHF iter   8:  -247.30613102125852   -1.83419e-06   1.34896e-06 DIIS
   @DF-RHF iter   9:  -247.30613122570173   -2.04443e-07   3.30338e-07 DIIS
   @DF-RHF iter  10:  -247.30613123643917   -1.07374e-08   1.01332e-07 DIIS
   @DF-RHF iter  11:  -247.30613123763484   -1.19567e-09   2.35718e-08 DIIS
   @DF-RHF iter  12:  -247.30613123770829   -7.34417e-11   7.89725e-09 DIIS
  Energy and wave function converged.


  ==> Post-Iterations <==

    Orbital Energies [Eh]
    ---------------------

    Doubly Occupied:                                                      

       1A    -20.755267     2A    -15.926590     3A    -11.529157  
       4A    -11.510159     5A    -11.437783     6A     -1.580271  
       7A     -1.472620     8A     -1.244146     9A     -1.090631  
      10A     -1.005125    11A     -0.937116    12A     -0.903385  
      13A     -0.874448    14A     -0.826521    15A     -0.813776  
      16A     -0.741403    17A     -0.723256    18A     -0.708517  
      19A     -0.681370    20A     -0.616843  

    Virtual:                                                              

      21A     -0.118169    22A     -0.072186    23A     -0.067983  
      24A     -0.057479    25A     -0.050248    26A     -0.032272  
      27A     -0.028017    28A     -0.024954    29A     -0.013075  
      30A     -0.009549    31A     -0.000966    32A      0.001843  
      33A      0.006339    34A      0.012925    35A      0.018629  
      36A      0.025536    37A      0.026932    38A      0.033981  
      39A      0.040096    40A      0.046865    41A      0.048375  
      42A      0.053403    43A      0.056501    44A      0.068717  
      45A      0.072200    46A      0.082849    47A      0.084246  
      48A      0.090239    49A      0.095019    50A      0.100030  
      51A      0.102794    52A      0.110036    53A      0.114873  
      54A      0.120857    55A      0.133337    56A      0.142197  
      57A      0.145796    58A      0.148961    59A      0.153203  
      60A      0.158438    61A      0.159290    62A      0.162846  
      63A      0.172042    64A      0.174867    65A      0.184693  
      66A      0.189457    67A      0.196870    68A      0.206198  
      69A      0.220373    70A      0.225542    71A      0.227778  
      72A      0.233794    73A      0.244528    74A      0.246596  
      75A      0.250841    76A      0.266015    77A      0.278357  
      78A      0.282182    79A      0.295090    80A      0.308128  
      81A      0.314247    82A      0.321681    83A      0.325854  
      84A      0.341510    85A      0.353893    86A      0.363892  
      87A      0.377014    88A      0.391423    89A      0.397326  
      90A      0.424736    91A      0.435586    92A      0.457784  
      93A      0.468157    94A      0.485083    95A      0.502290  
      96A      0.518421    97A      0.523423    98A      0.543634  
      99A      0.556886   100A      0.558947   101A      0.567381  
     102A      0.573207   103A      0.584959   104A      0.597019  
     105A      0.604076   106A      0.617951   107A      0.638480  
     108A      0.649199   109A      0.650879   110A      0.667495  
     111A      0.674045   112A      0.679338   113A      0.687856  
     114A      0.693245   115A      0.712459   116A      0.729871  
     117A      0.736723   118A      0.753622   119A      0.756201  
     120A      0.768939   121A      0.785838   122A      0.791582  
     123A      0.794263   124A      0.811765   125A      0.833865  
     126A      0.840097   127A      0.868213   128A      0.887754  
     129A      0.892465   130A      0.909273   131A      0.920692  
     132A      0.941050   133A      0.942232   134A      0.946048  
     135A      0.962131   136A      0.974337   137A      0.981328  
     138A      1.017916   139A      1.035101   140A      1.088239  
     141A      1.122398   142A      1.127340   143A      1.199179  
     144A      1.202947   145A      1.219837   146A      1.275431  
     147A      1.316920   148A      1.321739   149A      1.347351  
     150A      1.382913   151A      1.402488   152A      1.451051  
     153A      1.470891   154A      1.488219   155A      1.497682  
     156A      1.535196   157A      1.548826   158A      1.578273  
     159A      1.589689   160A      1.603170   161A      1.630515  
     162A      1.646274   163A      1.650801   164A      1.661450  
     165A      1.686642   166A      1.689632   167A      1.699140  
     168A      1.699524   169A      1.717241   170A      1.719913  
     171A      1.731842   172A      1.743397   173A      1.749787  
     174A      1.756442   175A      1.763824   176A      1.773329  
     177A      1.783918   178A      1.803361   179A      1.819306  
     180A      1.821442   181A      1.846365   182A      1.847379  
     183A      1.864442   184A      1.872695   185A      1.895348  
     186A      1.899079   187A      1.906144   188A      1.919127  
     189A      1.940162   190A      1.943137   191A      1.949105  
     192A      1.962325   193A      1.984076   194A      1.986543  
     195A      1.994367   196A      2.011318   197A      2.032210  
     198A      2.036455   199A      2.051474   200A      2.075872  
     201A      2.094568   202A      2.095400   203A      2.109659  
     204A      2.139208   205A      2.148731   206A      2.160198  
     207A      2.177084   208A      2.188083   209A      2.192427  
     210A      2.218283   211A      2.231744   212A      2.243643  
     213A      2.263992   214A      2.282265   215A      2.308145  
     216A      2.309435   217A      2.334538   218A      2.349497  
     219A      2.363047   220A      2.375256   221A      2.395776  
     222A      2.408244   223A      2.413910   224A      2.423753  
     225A      2.436062   226A      2.482757   227A      2.493311  
     228A      2.506528   229A      2.517088   230A      2.525109  
     231A      2.538101   232A      2.559716   233A      2.588094  
     234A      2.599332   235A      2.632889   236A      2.634825  
     237A      2.657760   238A      2.665851   239A      2.685701  
     240A      2.698293   241A      2.709327   242A      2.743001  
     243A      2.773952   244A      2.825048   245A      2.850324  
     246A      2.865661   247A      2.890225   248A      2.894572  
     249A      2.934785   250A      2.956796   251A      2.965258  
     252A      2.973891   253A      3.007334   254A      3.028279  
     255A      3.046388   256A      3.086628   257A      3.140909  
     258A      3.177909   259A      3.269129   260A      3.273282  
     261A      3.292483   262A      3.351884   263A      3.415951  
     264A      3.449573   265A      3.529512   266A      3.552977  
     267A      3.561494   268A      3.648743   269A      3.772400  
     270A      3.785299   271A      3.896817   272A      3.961590  
     273A      4.048136   274A      4.165767   275A      4.181510  
     276A      4.330700   277A      4.388133   278A      4.466600  
     279A      4.539498   280A      4.595650   281A      4.631005  
     282A      4.643624   283A      4.688008   284A      4.766062  
     285A      4.794494   286A      4.847444   287A      4.943770  
     288A      5.007947   289A      5.072898   290A      5.091685  
     291A      5.307040   292A      5.472058   293A      5.544720  
     294A      5.639867   295A      5.721252   296A      5.756515  
     297A      5.978359   298A      6.565905   299A      6.736247  
     300A     18.141587   301A     18.338397   302A     18.429972  
     303A     18.590715   304A     25.310206   305A     33.433695  
     306A     33.466013  

    Final Occupation by Irrep:
              A 
    DOCC [    20 ]

  @DF-RHF Final Energy:  -247.30613123770829

   => Energetics <=

    Nuclear Repulsion Energy =            184.8824611113007848
    One-Electron Energy =                -693.6204178224761563
    Two-Electron Energy =                 261.4318254734670290
    Total Energy =                       -247.3061312377083141

Computation Completed


Properties will be evaluated at   0.000000,   0.000000,   0.000000 [a0]

Properties computed using the SCF density matrix

  Nuclear Dipole Moment: [e a0]
     X:    82.7334      Y:  -364.6929      Z:  -139.7035

  Electronic Dipole Moment: [e a0]
     X:   -81.2705      Y:   355.0060      Z:   138.4166

  Dipole Moment: [e a0]
     X:     1.4629      Y:    -9.6869      Z:    -1.2869     Total:     9.8809

  Dipole Moment: [D]
     X:     3.7182      Y:   -24.6216      Z:    -3.2711     Total:    25.1147


*** tstop() called on aliaconda at Sun Mar 20 05:34:38 2022
Module time:
	user time   =     174.08 seconds =       2.90 minutes
	system time =      18.31 seconds =       0.31 minutes
	total time  =          9 seconds =       0.15 minutes
Total time:
	user time   =   68201.24 seconds =    1136.69 minutes
	system time =    9491.14 seconds =     158.19 minutes
	total time  =       4261 seconds =      71.02 minutes

  //>>>>>>>>>>>>>>>>>>>>>>>>>>>>>>>>>>>//
  //            Monomer B HF           //
  //<<<<<<<<<<<<<<<<<<<<<<<<<<<<<<<<<<<//


*** tstart() called on aliaconda
*** at Sun Mar 20 05:34:38 2022

   => Loading Basis Set <=

    Name: JUN-CC-PVDZ
    Role: ORBITAL
    Keyword: BASIS
    atoms 1, 14                                          entry N          line   198 file /home/alia/anaconda3/envs/mddemo/share/psi4/basis/jun-cc-pvdz.gbs 
    atoms 2-4, 6, 8-10, 13, 15-17, 19, 21, 23, 25-27, 30 entry H          line    36 file /home/alia/anaconda3/envs/mddemo/share/psi4/basis/jun-cc-pvdz.gbs 
    atoms 5, 7, 11, 18, 20, 24, 28                       entry C          line   164 file /home/alia/anaconda3/envs/mddemo/share/psi4/basis/jun-cc-pvdz.gbs 
    atoms 12, 22, 29                                     entry O          line   232 file /home/alia/anaconda3/envs/mddemo/share/psi4/basis/jun-cc-pvdz.gbs 


         ---------------------------------------------------------
                                   SCF
               by Justin Turney, Rob Parrish, Andy Simmonett
                          and Daniel G. A. Smith
                              RHF Reference
                       32 Threads,  76293 MiB Core
         ---------------------------------------------------------

  ==> Geometry <==

    Molecular point group: c1
    Full point group: C1

    Geometry (in Angstrom), charge = 1, multiplicity = 1:

       Center              X                  Y                   Z               Mass       
    ------------   -----------------  -----------------  -----------------  -----------------
      Gh(N)           0.376593117496    -5.756034492380    -1.142433422200    14.003074004430
      Gh(H)          -0.156406874875    -5.848034500010    -0.069432991139     1.007825032230
      Gh(H)          -0.567407126645    -5.967034458048    -1.854433315388     1.007825032230
      Gh(H)           1.049592976352    -6.541034578211    -1.237433212391     1.007825032230
      Gh(C)           0.923593048831    -4.356034397013    -1.378433006398    12.000000000000
      Gh(H)           0.266592983981    -3.608034728892    -0.999433296315     1.007825032230
      Gh(C)           2.194592957278    -4.257034419901    -0.496433036915    12.000000000000
      Gh(H)           3.004592900058    -4.890034793742    -0.871433036915     1.007825032230
      Gh(H)           2.020592932483    -4.514034866221     0.604566795238     1.007825032230
      Gh(H)           2.556592945834    -3.154034732706    -0.521433132283     1.007825032230
      Gh(C)           1.211593155642    -4.137034534342    -2.838433282963    12.000000000000
      Gh(O)           0.629592900058    -4.786034702189    -3.695433157078    15.994914619570
      Gh(H)           1.954898838778    -3.383780120737    -3.138607042424     1.007825032230
         N            0.456593041202     2.494964958303     0.358566982158    14.003074004430
         H            1.047593121310     1.466965080373     0.556566936382     1.007825032230
         H            0.162592892428     2.250965477102    -0.785433071247     1.007825032230
         H            1.097592835208     3.290965438955     0.311567050823     1.007825032230
         C           -0.785407061795     2.963965774648     0.988566619762    12.000000000000
         H           -1.386406893949     2.068965316885     1.062566978344     1.007825032230
         C           -0.746407027463     3.468964935415     2.412566882976    12.000000000000
         H           -1.805407042722     3.566965461843     2.824566585430     1.007825032230
         O           -0.067407126645     4.711964965933     2.515566570171    15.994914619570
         H            0.862593178531     4.544965149038     2.282566768535     1.007825032230
         C           -0.088407035092     2.256965042226     3.171566707500    12.000000000000
         H            0.977592949649     2.007965446584     2.811567050823     1.007825032230
         H           -0.730407233457     1.376964927786     3.004566890606     1.007825032230
         H           -0.158407206754     2.584965110891     4.225566608318     1.007825032230
         C           -1.535407061795     3.910965324514     0.082566959270    12.000000000000
         O           -2.749407286862     3.669965149038    -0.082433002583    15.994914619570
         H           -1.040588374356     4.764310241811    -0.404215591542     1.007825032230

  Running in c1 symmetry.

  Rotational constants: A =      0.03898  B =      0.00465  C =      0.00439 [cm^-1]
  Rotational constants: A =   1168.73802  B =    139.47977  C =    131.68438 [MHz]
  Nuclear repulsion =  330.196799166904725

  Charge       = 1
  Multiplicity = 1
  Electrons    = 56
  Nalpha       = 28
  Nbeta        = 28

  ==> Algorithm <==

  SCF Algorithm Type is DF.
  DIIS enabled.
  MOM disabled.
  Fractional occupation disabled.
  Guess Type is SAD.
  Energy threshold   = 1.00e-08
  Density threshold  = 1.00e-08
  Integral threshold = 1.00e-12

  ==> Primary Basis <==

  Basis Set: JUN-CC-PVDZ
    Blend: JUN-CC-PVDZ
    Number of shells: 150
    Number of basis functions: 306
    Number of Cartesian functions: 318
    Spherical Harmonics?: true
    Max angular momentum: 2

   => Loading Basis Set <=

    Name: (JUN-CC-PVDZ AUX)
    Role: JKFIT
    Keyword: DF_BASIS_SCF
    atoms 1, 14                                          entry N          line   202 file /home/alia/anaconda3/envs/mddemo/share/psi4/basis/jun-cc-pvdz-jkfit.gbs 
    atoms 2-4, 6, 8-10, 13, 15-17, 19, 21, 23, 25-27, 30 entry H          line    70 file /home/alia/anaconda3/envs/mddemo/share/psi4/basis/jun-cc-pvdz-jkfit.gbs 
    atoms 5, 7, 11, 18, 20, 24, 28                       entry C          line   146 file /home/alia/anaconda3/envs/mddemo/share/psi4/basis/jun-cc-pvdz-jkfit.gbs 
    atoms 12, 22, 29                                     entry O          line   258 file /home/alia/anaconda3/envs/mddemo/share/psi4/basis/jun-cc-pvdz-jkfit.gbs 

  ==> Integral Setup <==

  ==> DiskDFJK: Density-Fitted J/K Matrices <==

    J tasked:                  Yes
    K tasked:                  Yes
    wK tasked:                  No
    OpenMP threads:             32
    Integrals threads:          32
    Memory [MiB]:            57220
    Algorithm:                Core
    Integral Cache:           LOAD
    Schwarz Cutoff:          1E-12
    Fitting Condition:       1E-10

   => Auxiliary Basis Set <=

  Basis Set: (JUN-CC-PVDZ AUX)
    Blend: JUN-CC-PVDZ-JKFIT
    Number of shells: 486
    Number of basis functions: 1362
    Number of Cartesian functions: 1542
    Spherical Harmonics?: true
    Max angular momentum: 3

  Minimum eigenvalue in the overlap matrix is 6.3567420416E-05.
  Reciprocal condition number of the overlap matrix is 5.4986516422E-06.
    Using symmetric orthogonalization.

  ==> Pre-Iterations <==

  SCF Guess: Superposition of Atomic Densities via on-the-fly atomic UHF (no occupation information).

   -------------------------
    Irrep   Nso     Nmo    
   -------------------------
     A        306     306 
   -------------------------
    Total     306     306
   -------------------------

  ==> Iterations <==

                           Total Energy        Delta E     RMS |[F,P]|

   @DF-RHF iter SAD:  -360.52542001986592   -3.60525e+02   0.00000e+00 
   @DF-RHF iter   1:  -360.89400702470436   -3.68587e-01   2.18534e-03 DIIS
   @DF-RHF iter   2:  -361.08432735676644   -1.90320e-01   1.39084e-03 DIIS
   @DF-RHF iter   3:  -361.15169718357510   -6.73698e-02   3.12153e-04 DIIS
   @DF-RHF iter   4:  -361.15696560147410   -5.26842e-03   1.19732e-04 DIIS
   @DF-RHF iter   5:  -361.15776138434222   -7.95783e-04   2.65406e-05 DIIS
   @DF-RHF iter   6:  -361.15783176902301   -7.03847e-05   1.28638e-05 DIIS
   @DF-RHF iter   7:  -361.15784834819908   -1.65792e-05   5.68594e-06 DIIS
   @DF-RHF iter   8:  -361.15785233964647   -3.99145e-06   2.35206e-06 DIIS
   @DF-RHF iter   9:  -361.15785307496242   -7.35316e-07   6.63338e-07 DIIS
   @DF-RHF iter  10:  -361.15785314046929   -6.55069e-08   2.25369e-07 DIIS
   @DF-RHF iter  11:  -361.15785314895186   -8.48257e-09   9.59779e-08 DIIS
   @DF-RHF iter  12:  -361.15785315097457   -2.02272e-09   5.29852e-08 DIIS
   @DF-RHF iter  13:  -361.15785315184468   -8.70102e-10   2.89101e-08 DIIS
   @DF-RHF iter  14:  -361.15785315214157   -2.96893e-10   1.05369e-08 DIIS
   @DF-RHF iter  15:  -361.15785315217573   -3.41629e-11   3.33368e-09 DIIS
  Energy and wave function converged.


  ==> Post-Iterations <==

    Orbital Energies [Eh]
    ---------------------

    Doubly Occupied:                                                      

       1A    -20.748559     2A    -20.747990     3A    -15.946217  
       4A    -11.523489     5A    -11.493486     6A    -11.484265  
       7A    -11.409062     8A     -1.558709     9A     -1.545474  
      10A     -1.504718    11A     -1.250366    12A     -1.150020  
      13A     -1.020257    14A     -1.013046    15A     -0.969957  
      16A     -0.913161    17A     -0.896523    18A     -0.842251  
      19A     -0.818125    20A     -0.803598    21A     -0.776072  
      22A     -0.751873    23A     -0.704137    24A     -0.700179  
      25A     -0.674659    26A     -0.666353    27A     -0.630176  
      28A     -0.588438  

    Virtual:                                                              

      29A     -0.138345    30A     -0.085265    31A     -0.076687  
      32A     -0.065717    33A     -0.047932    34A     -0.038949  
      35A     -0.036849    36A     -0.026601    37A     -0.024643  
      38A     -0.014338    39A     -0.012130    40A     -0.006904  
      41A     -0.002528    42A      0.002218    43A      0.014449  
      44A      0.020383    45A      0.026627    46A      0.028180  
      47A      0.034938    48A      0.038444    49A      0.040435  
      50A      0.043636    51A      0.047513    52A      0.053656  
      53A      0.055283    54A      0.061442    55A      0.069772  
      56A      0.082982    57A      0.088208    58A      0.095542  
      59A      0.101251    60A      0.104887    61A      0.112116  
      62A      0.113947    63A      0.122014    64A      0.129656  
      65A      0.138380    66A      0.139682    67A      0.144641  
      68A      0.148891    69A      0.151559    70A      0.153726  
      71A      0.164490    72A      0.175101    73A      0.182358  
      74A      0.186205    75A      0.192273    76A      0.200104  
      77A      0.205184    78A      0.205809    79A      0.215612  
      80A      0.219981    81A      0.224264    82A      0.239763  
      83A      0.244680    84A      0.254622    85A      0.260367  
      86A      0.274197    87A      0.275800    88A      0.283287  
      89A      0.287743    90A      0.293213    91A      0.307283  
      92A      0.311594    93A      0.333708    94A      0.348747  
      95A      0.351763    96A      0.360404    97A      0.362505  
      98A      0.373476    99A      0.383903   100A      0.390266  
     101A      0.424250   102A      0.431719   103A      0.441273  
     104A      0.457832   105A      0.498655   106A      0.514226  
     107A      0.522592   108A      0.542598   109A      0.548900  
     110A      0.569894   111A      0.580853   112A      0.592374  
     113A      0.599579   114A      0.618862   115A      0.629550  
     116A      0.636995   117A      0.643714   118A      0.675733  
     119A      0.687915   120A      0.689610   121A      0.695965  
     122A      0.697442   123A      0.720123   124A      0.724761  
     125A      0.735133   126A      0.740243   127A      0.748498  
     128A      0.756895   129A      0.778723   130A      0.785310  
     131A      0.791537   132A      0.805658   133A      0.811446  
     134A      0.823439   135A      0.834840   136A      0.874921  
     137A      0.877711   138A      0.880219   139A      0.891974  
     140A      0.898319   141A      0.907137   142A      0.912762  
     143A      0.928987   144A      0.964032   145A      0.977134  
     146A      0.982999   147A      1.031451   148A      1.094051  
     149A      1.151341   150A      1.154848   151A      1.177968  
     152A      1.208089   153A      1.222008   154A      1.270046  
     155A      1.284391   156A      1.320515   157A      1.334933  
     158A      1.352372   159A      1.370186   160A      1.383703  
     161A      1.406622   162A      1.419002   163A      1.432981  
     164A      1.477591   165A      1.486130   166A      1.487660  
     167A      1.496687   168A      1.517578   169A      1.543217  
     170A      1.568138   171A      1.584576   172A      1.596534  
     173A      1.597264   174A      1.622572   175A      1.645801  
     176A      1.651729   177A      1.656449   178A      1.667033  
     179A      1.674546   180A      1.687281   181A      1.702469  
     182A      1.704110   183A      1.729621   184A      1.735870  
     185A      1.746715   186A      1.751818   187A      1.753509  
     188A      1.778037   189A      1.780776   190A      1.784819  
     191A      1.793297   192A      1.794487   193A      1.823019  
     194A      1.835867   195A      1.839861   196A      1.851556  
     197A      1.886504   198A      1.888251   199A      1.921505  
     200A      1.931467   201A      1.941433   202A      1.943163  
     203A      1.953259   204A      1.960442   205A      1.973726  
     206A      1.978575   207A      1.980957   208A      2.002535  
     209A      2.024512   210A      2.038588   211A      2.042425  
     212A      2.044110   213A      2.086020   214A      2.092168  
     215A      2.104037   216A      2.113486   217A      2.123848  
     218A      2.139065   219A      2.145319   220A      2.146612  
     221A      2.191868   222A      2.202082   223A      2.212373  
     224A      2.218869   225A      2.236768   226A      2.243925  
     227A      2.290834   228A      2.296303   229A      2.302797  
     230A      2.321364   231A      2.323663   232A      2.353920  
     233A      2.380714   234A      2.382576   235A      2.398293  
     236A      2.414630   237A      2.432370   238A      2.450395  
     239A      2.465204   240A      2.486996   241A      2.518255  
     242A      2.527663   243A      2.538526   244A      2.580987  
     245A      2.596793   246A      2.602549   247A      2.633309  
     248A      2.634850   249A      2.658257   250A      2.676189  
     251A      2.689890   252A      2.719413   253A      2.734856  
     254A      2.736276   255A      2.741829   256A      2.779461  
     257A      2.792818   258A      2.798301   259A      2.874855  
     260A      2.899941   261A      2.934993   262A      2.944339  
     263A      3.021202   264A      3.058483   265A      3.071948  
     266A      3.085942   267A      3.125382   268A      3.142527  
     269A      3.216004   270A      3.218714   271A      3.285225  
     272A      3.298718   273A      3.317427   274A      3.351997  
     275A      3.433582   276A      3.515618   277A      3.528226  
     278A      3.556679   279A      3.615353   280A      3.761548  
     281A      3.762806   282A      3.888532   283A      3.912202  
     284A      3.945664   285A      4.104503   286A      4.170779  
     287A      4.248870   288A      4.361584   289A      4.596703  
     290A      4.620707   291A      4.684733   292A      4.813988  
     293A      4.836634   294A      4.869096   295A      5.005718  
     296A      5.088974   297A      5.443622   298A      5.529785  
     299A      5.625547   300A      5.738463   301A      6.683974  
     302A     18.150767   303A     18.345061   304A     18.541129  
     305A     25.301987   306A     33.426560  

    Final Occupation by Irrep:
              A 
    DOCC [    28 ]

  @DF-RHF Final Energy:  -361.15785315217573

   => Energetics <=

    Nuclear Repulsion Energy =            330.1967991669047251
    One-Electron Energy =               -1136.4469847163825307
    Two-Electron Energy =                 445.0923323973020729
    Total Energy =                       -361.1578531521757327

Computation Completed


Properties will be evaluated at   0.000000,   0.000000,   0.000000 [a0]

Properties computed using the SCF density matrix

  Nuclear Dipole Moment: [e a0]
     X:   -74.1630      Y:   355.3618      Z:   147.0141

  Electronic Dipole Moment: [e a0]
     X:    75.8422      Y:  -351.0397      Z:  -145.8712

  Dipole Moment: [e a0]
     X:     1.6792      Y:     4.3221      Z:     1.1429     Total:     4.7756

  Dipole Moment: [D]
     X:     4.2681      Y:    10.9858      Z:     2.9050     Total:    12.1385


*** tstop() called on aliaconda at Sun Mar 20 05:34:49 2022
Module time:
	user time   =     231.41 seconds =       3.86 minutes
	system time =      25.87 seconds =       0.43 minutes
	total time  =         11 seconds =       0.18 minutes
Total time:
	user time   =   68432.75 seconds =    1140.55 minutes
	system time =    9517.03 seconds =     158.62 minutes
	total time  =       4272 seconds =      71.20 minutes
  Constructing Basis Sets for SAPT...

   => Loading Basis Set <=

    Name: (JUN-CC-PVDZ AUX)
    Role: RIFIT
    Keyword: DF_BASIS_SAPT
    atoms 1, 14                                          entry N          line   144 file /home/alia/anaconda3/envs/mddemo/share/psi4/basis/jun-cc-pvdz-ri.gbs 
    atoms 2-4, 6, 8-10, 13, 15-17, 19, 21, 23, 25-27, 30 entry H          line    30 file /home/alia/anaconda3/envs/mddemo/share/psi4/basis/jun-cc-pvdz-ri.gbs 
    atoms 5, 7, 11, 18, 20, 24, 28                       entry C          line   100 file /home/alia/anaconda3/envs/mddemo/share/psi4/basis/jun-cc-pvdz-ri.gbs 
    atoms 12, 22, 29                                     entry O          line   188 file /home/alia/anaconda3/envs/mddemo/share/psi4/basis/jun-cc-pvdz-ri.gbs 


  //>>>>>>>>>>>>>>>>>>>>>>>>>>>>>>>>>>>//
  //               SAPT0               //
  //<<<<<<<<<<<<<<<<<<<<<<<<<<<<<<<<<<<//


*** tstart() called on aliaconda
*** at Sun Mar 20 05:34:49 2022

        SAPT0  
    Ed Hohenstein
     6 June 2009

      Orbital Information
  --------------------------
    NSO        =       306
    NMO        =       306
    NRI        =      1032
    NOCC A     =        20
    NOCC B     =        28
    FOCC A     =         0
    FOCC B     =         0
    NVIR A     =       286
    NVIR B     =       278

    Elst10,r            =     0.071133751540 [Eh]
    Exch10              =    -0.000000047656 [Eh]
    Exch10 (S^2)        =    -0.000000047656 [Eh]

    Iter     Energy [mEh]          dE [mEh]         Residual      Time [s]
       1      -0.56850056       0.568500557       6.817016645             1
       2      -0.55830554      -0.010195016       2.395279129             2
       3      -0.60367325       0.045367713       0.926498537             2
       4      -0.61698702       0.013313767       0.242193478             3
       5      -0.61511524      -0.001871783       0.138875918             3
       6      -0.61400875      -0.001106491       0.040356472             4
       7      -0.61433821       0.000329469       0.013887307             4
       8      -0.61439615       0.000057936       0.005536494             5
       9      -0.61436457      -0.000031580       0.003247069             5
      10      -0.61435847      -0.000006096       0.001112555             6
      11      -0.61436512       0.000006649       0.000359487             7
      12      -0.61436526       0.000000133       0.000096974             7
      13      -0.61436472      -0.000000539       0.000022546             8
      14      -0.61436473       0.000000013       0.000005456             8
      15      -0.61436475       0.000000021       0.000001192             9
      16      -0.61436475      -0.000000001       0.000000367             9

    CHF Iterations converged


    Iter     Energy [mEh]          dE [mEh]         Residual      Time [s]
       1      -0.37405391       0.374053907       4.428775439             1
       2      -0.37920581       0.005151907       1.733613550             1
       3      -0.40691321       0.027707393       0.562852651             2
       4      -0.41165384       0.004740632       0.146650213             3
       5      -0.41058427      -0.001069573       0.065227632             3
       6      -0.41015766      -0.000426601       0.025276686             4
       7      -0.41031554       0.000157872       0.014717552             4
       8      -0.41037060       0.000055067       0.006243226             5
       9      -0.41034995      -0.000020651       0.003265380             5
      10      -0.41033644      -0.000013514       0.001347646             6
      11      -0.41034193       0.000005489       0.000607993             6
      12      -0.41034313       0.000001203       0.000198554             7
      13      -0.41034253      -0.000000597       0.000060982             8
      14      -0.41034237      -0.000000166       0.000016648             8
      15      -0.41034240       0.000000031       0.000005178             9
      16      -0.41034241       0.000000013       0.000001362             9
      17      -0.41034241      -0.000000002       0.000000500            10

    CHF Iterations converged

    Ind20,r (A<-B)      =    -0.000614364750 [Eh]
    Ind20,r (B<-A)      =    -0.000410342409 [Eh]
    Ind20,r             =    -0.001024707159 [Eh]
    Exch-Ind20,r (A<-B) =     0.000000009844 [Eh]
    Exch-Ind20,r (B<-A) =     0.000000011107 [Eh]
    Exch-Ind20,r        =     0.000000020951 [Eh]
    Disp20              =    -0.000103003214 [Eh]
    Disp20 (SS)         =    -0.000051501607 [Eh]
    Disp20 (OS)         =    -0.000051501607 [Eh]
    Exch-Disp20         =     0.000000008052 [Eh]
    Exch-Disp20 (SS)    =     0.000000005596 [Eh]
    Exch-Disp20 (OS)    =     0.000000002456 [Eh]

    SAPT Results 
  --------------------------------------------------------------------------------------------------------
    Electrostatics                 71.13375154 [mEh]      44.63710300 [kcal/mol]     186.76163894 [kJ/mol]
      Elst10,r                     71.13375154 [mEh]      44.63710300 [kcal/mol]     186.76163894 [kJ/mol]

    Exchange                       -0.00004766 [mEh]      -0.00002990 [kcal/mol]      -0.00012512 [kJ/mol]
      Exch10                       -0.00004766 [mEh]      -0.00002990 [kcal/mol]      -0.00012512 [kJ/mol]
      Exch10(S^2)                  -0.00004766 [mEh]      -0.00002990 [kcal/mol]      -0.00012512 [kJ/mol]

    Induction                      -1.00547981 [mEh]      -0.63094811 [kcal/mol]      -2.63988688 [kJ/mol]
      Ind20,r                      -1.02470716 [mEh]      -0.64301345 [kcal/mol]      -2.69036828 [kJ/mol]
      Exch-Ind20,r                  0.00002095 [mEh]       0.00001315 [kcal/mol]       0.00005501 [kJ/mol]
      delta HF,r (2)                0.01920640 [mEh]       0.01205220 [kcal/mol]       0.05042639 [kJ/mol]

    Dispersion                     -0.10299516 [mEh]      -0.06463044 [kcal/mol]      -0.27041376 [kJ/mol]
      Disp20                       -0.10300321 [mEh]      -0.06463549 [kcal/mol]      -0.27043490 [kJ/mol]
      Exch-Disp20                   0.00000805 [mEh]       0.00000505 [kcal/mol]       0.00002114 [kJ/mol]
      Disp20 (SS)                  -0.05150161 [mEh]      -0.03231775 [kcal/mol]      -0.13521745 [kJ/mol]
      Disp20 (OS)                  -0.05150161 [mEh]      -0.03231775 [kcal/mol]      -0.13521745 [kJ/mol]
      Exch-Disp20 (SS)              0.00000560 [mEh]       0.00000351 [kcal/mol]       0.00001469 [kJ/mol]
      Exch-Disp20 (OS)              0.00000246 [mEh]       0.00000154 [kcal/mol]       0.00000645 [kJ/mol]

  Total HF                         70.12822407 [mEh]      44.00612498 [kcal/mol]     184.12162694 [kJ/mol]
  Total SAPT0                      70.02522891 [mEh]      43.94149454 [kcal/mol]     183.85121318 [kJ/mol]

  Special recipe for scaled SAPT0 (see Manual):
    Electrostatics sSAPT0          71.13375154 [mEh]      44.63710300 [kcal/mol]     186.76163894 [kJ/mol]
    Exchange sSAPT0                -0.00004766 [mEh]      -0.00002990 [kcal/mol]      -0.00012512 [kJ/mol]
    Induction sSAPT0               -1.00547981 [mEh]      -0.63094811 [kcal/mol]      -2.63988688 [kJ/mol]
    Dispersion sSAPT0              -0.10299516 [mEh]      -0.06463044 [kcal/mol]      -0.27041376 [kJ/mol]
  Total sSAPT0                     70.02522891 [mEh]      43.94149454 [kcal/mol]     183.85121318 [kJ/mol]
  --------------------------------------------------------------------------------------------------------

*** tstop() called on aliaconda at Sun Mar 20 05:35:38 2022
Module time:
	user time   =     678.71 seconds =      11.31 minutes
	system time =     115.84 seconds =       1.93 minutes
	total time  =         49 seconds =       0.82 minutes
Total time:
	user time   =   69114.06 seconds =    1151.90 minutes
	system time =    9633.36 seconds =     160.56 minutes
	total time  =       4321 seconds =      72.02 minutes


Warning! sapt0 does not have an associated derived wavefunction.The returned wavefunction is the dimer SCF wavefunction.


  Memory set to  74.506 GiB by Python driver.
  Threads set to 32 by Python driver.
