
Scratch directory: /tmp/

Scratch directory: /tmp/

  //>>>>>>>>>>>>>>>>>>>>>>>>>>>>>>>>>>>//
  //              Dimer HF             //
  //<<<<<<<<<<<<<<<<<<<<<<<<<<<<<<<<<<<//


*** tstart() called on aliaconda
*** at Sun Mar 20 05:06:07 2022

   => Loading Basis Set <=

    Name: JUN-CC-PVDZ
    Role: ORBITAL
    Keyword: BASIS
    atoms 1, 14                                          entry N          line   198 file /home/alia/anaconda3/envs/mddemo/share/psi4/basis/jun-cc-pvdz.gbs 
    atoms 2-4, 6, 8-10, 13, 15-17, 19, 21, 23, 25-27, 30 entry H          line    36 file /home/alia/anaconda3/envs/mddemo/share/psi4/basis/jun-cc-pvdz.gbs 
    atoms 5, 7, 11, 18, 20, 24, 28                       entry C          line   164 file /home/alia/anaconda3/envs/mddemo/share/psi4/basis/jun-cc-pvdz.gbs 
    atoms 12, 22, 29                                     entry O          line   232 file /home/alia/anaconda3/envs/mddemo/share/psi4/basis/jun-cc-pvdz.gbs 


         ---------------------------------------------------------
                                   SCF
               by Justin Turney, Rob Parrish, Andy Simmonett
                          and Daniel G. A. Smith
                              RHF Reference
                       32 Threads,  76293 MiB Core
         ---------------------------------------------------------

  ==> Geometry <==

    Molecular point group: c1
    Full point group: C1

    Geometry (in Angstrom), charge = 2, multiplicity = 1:

       Center              X                  Y                   Z               Mass       
    ------------   -----------------  -----------------  -----------------  -----------------
         N            0.618864312316    -5.455388676057    -1.284128094689    14.003074004430
         H            0.106864705230    -5.788388859162    -2.321128273980     1.007825032230
         H           -0.280135378693    -5.667388807664    -0.511128331201     1.007825032230
         H            1.328864350463    -6.098388801942    -1.087128067987     1.007825032230
         C            1.002864613678    -4.085388790498    -1.402128125207    12.000000000000
         H            0.330864682342    -3.574388634095    -0.737128163354     1.007825032230
         C            2.437864556457    -3.979388843903    -0.915128136651    12.000000000000
         H            3.180864586975    -4.525388847718    -1.620128060357     1.007825032230
         H            2.545864596511    -4.487388740907     0.043871973975     1.007825032230
         H            2.828864588882    -2.934388767609    -0.770128155725     1.007825032230
         C            0.862864270355    -3.323388706574    -2.799127961175    12.000000000000
         O           -0.232135519837    -3.114388595948    -3.326128150003    15.994914619570
         H            1.773331179763    -2.973586689362    -3.307742501275     1.007825032230
         N            0.625864281799     2.099611629119     0.357871626838    14.003074004430
         H            0.708864464904     2.721611369720    -0.669128323571     1.007825032230
         H            0.662864461090     0.972610820403    -0.064128304498     1.007825032230
         H            1.475864663269     2.256611217132     0.874871825202     1.007825032230
         C           -0.676135287140     2.431611407867     0.960872267707    12.000000000000
         H           -1.298135504578     1.529610980621     0.926871870978     1.007825032230
         C           -0.639135584687     2.867611278167     2.366871451362    12.000000000000
         H           -1.632135615204     2.973611224761     2.857871626838     1.007825032230
         O           -0.037135348175     4.140611041656     2.488872145636    15.994914619570
         H            0.909864678527     4.032611240020     2.052872275336     1.007825032230
         C            0.128864541198     1.848611224761     3.299872015937    12.000000000000
         H            1.210864319946     1.711611140838     3.193872069343     1.007825032230
         H           -0.328135714386     0.877611507049     3.126871680243     1.007825032230
         H            0.011864438201     2.098611224761     4.373871420844     1.007825032230
         C           -1.548135504578     3.459611285796     0.128872012122    12.000000000000
         O           -2.783135638092     3.288610805144     0.039871787055    15.994914619570
         H           -1.070380911683     4.317527164092    -0.366840268151     1.007825032230

  Running in c1 symmetry.

  Rotational constants: A =      0.03628  B =      0.00589  C =      0.00541 [cm^-1]
  Rotational constants: A =   1087.77240  B =    176.47580  C =    162.09319 [MHz]
  Nuclear repulsion =  666.184611057387656

  Charge       = 2
  Multiplicity = 1
  Electrons    = 96
  Nalpha       = 48
  Nbeta        = 48

  ==> Algorithm <==

  SCF Algorithm Type is DF.
  DIIS enabled.
  MOM disabled.
  Fractional occupation disabled.
  Guess Type is SAD.
  Energy threshold   = 1.00e-08
  Density threshold  = 1.00e-08
  Integral threshold = 1.00e-12

  ==> Primary Basis <==

  Basis Set: JUN-CC-PVDZ
    Blend: JUN-CC-PVDZ
    Number of shells: 150
    Number of basis functions: 306
    Number of Cartesian functions: 318
    Spherical Harmonics?: true
    Max angular momentum: 2

   => Loading Basis Set <=

    Name: (JUN-CC-PVDZ AUX)
    Role: JKFIT
    Keyword: DF_BASIS_SCF
    atoms 1, 14                                          entry N          line   202 file /home/alia/anaconda3/envs/mddemo/share/psi4/basis/jun-cc-pvdz-jkfit.gbs 
    atoms 2-4, 6, 8-10, 13, 15-17, 19, 21, 23, 25-27, 30 entry H          line    70 file /home/alia/anaconda3/envs/mddemo/share/psi4/basis/jun-cc-pvdz-jkfit.gbs 
    atoms 5, 7, 11, 18, 20, 24, 28                       entry C          line   146 file /home/alia/anaconda3/envs/mddemo/share/psi4/basis/jun-cc-pvdz-jkfit.gbs 
    atoms 12, 22, 29                                     entry O          line   258 file /home/alia/anaconda3/envs/mddemo/share/psi4/basis/jun-cc-pvdz-jkfit.gbs 

  ==> Integral Setup <==

  ==> DiskDFJK: Density-Fitted J/K Matrices <==

    J tasked:                  Yes
    K tasked:                  Yes
    wK tasked:                  No
    OpenMP threads:             32
    Integrals threads:          32
    Memory [MiB]:            57220
    Algorithm:                Core
    Integral Cache:           SAVE
    Schwarz Cutoff:          1E-12
    Fitting Condition:       1E-10

   => Auxiliary Basis Set <=

  Basis Set: (JUN-CC-PVDZ AUX)
    Blend: JUN-CC-PVDZ-JKFIT
    Number of shells: 486
    Number of basis functions: 1362
    Number of Cartesian functions: 1542
    Spherical Harmonics?: true
    Max angular momentum: 3

  Minimum eigenvalue in the overlap matrix is 4.5419446006E-05.
  Reciprocal condition number of the overlap matrix is 3.9779540856E-06.
    Using symmetric orthogonalization.

  ==> Pre-Iterations <==

  SCF Guess: Superposition of Atomic Densities via on-the-fly atomic UHF (no occupation information).

   -------------------------
    Irrep   Nso     Nmo    
   -------------------------
     A        306     306 
   -------------------------
    Total     306     306
   -------------------------

  ==> Iterations <==

                           Total Energy        Delta E     RMS |[F,P]|

   @DF-RHF iter SAD:  -607.11103021169129   -6.07111e+02   0.00000e+00 
   @DF-RHF iter   1:  -607.91323490195384   -8.02205e-01   2.85752e-03 DIIS
   @DF-RHF iter   2:  -608.22924212811449   -3.16007e-01   1.89976e-03 DIIS
   @DF-RHF iter   3:  -608.35555585284567   -1.26314e-01   4.04333e-04 DIIS
   @DF-RHF iter   4:  -608.36480479779436   -9.24894e-03   1.53744e-04 DIIS
   @DF-RHF iter   5:  -608.36619100516907   -1.38621e-03   3.79589e-05 DIIS
   @DF-RHF iter   6:  -608.36633326754043   -1.42262e-04   1.90646e-05 DIIS
   @DF-RHF iter   7:  -608.36637010713923   -3.68396e-05   8.82919e-06 DIIS
   @DF-RHF iter   8:  -608.36637931705377   -9.20991e-06   3.75728e-06 DIIS
   @DF-RHF iter   9:  -608.36638099017830   -1.67312e-06   1.47377e-06 DIIS
   @DF-RHF iter  10:  -608.36638123118883   -2.41011e-07   4.80186e-07 DIIS
   @DF-RHF iter  11:  -608.36638126420257   -3.30137e-08   2.14957e-07 DIIS
   @DF-RHF iter  12:  -608.36638127494507   -1.07425e-08   1.14484e-07 DIIS
   @DF-RHF iter  13:  -608.36638127869651   -3.75144e-09   6.12637e-08 DIIS
   @DF-RHF iter  14:  -608.36638128009463   -1.39812e-09   2.23677e-08 DIIS
   @DF-RHF iter  15:  -608.36638128023617   -1.41540e-10   6.65548e-09 DIIS
  Energy and wave function converged.


  ==> Post-Iterations <==

    Orbital Energies [Eh]
    ---------------------

    Doubly Occupied:                                                      

       1A    -20.839260     2A    -20.810043     3A    -20.805291  
       4A    -16.020419     5A    -16.007187     6A    -11.613016  
       7A    -11.591376     8A    -11.585103     9A    -11.568390  
      10A    -11.536594    11A    -11.512975    12A    -11.455369  
      13A     -1.649083    14A     -1.613957    15A     -1.597960  
      16A     -1.593430    17A     -1.569785    18A     -1.318700  
      19A     -1.307343    20A     -1.208617    21A     -1.174480  
      22A     -1.099007    23A     -1.089454    24A     -1.071081  
      25A     -1.033384    26A     -1.027325    27A     -1.002478  
      28A     -0.990522    29A     -0.965732    30A     -0.955003  
      31A     -0.908200    32A     -0.904873    33A     -0.871256  
      34A     -0.871024    35A     -0.859621    36A     -0.832146  
      37A     -0.816795    38A     -0.811695    39A     -0.809962  
      40A     -0.785110    41A     -0.769355    42A     -0.764637  
      43A     -0.750778    44A     -0.731288    45A     -0.718868  
      46A     -0.685866    47A     -0.681797    48A     -0.652228  

    Virtual:                                                              

      49A     -0.219313    50A     -0.197686    51A     -0.170623  
      52A     -0.150362    53A     -0.149074    54A     -0.141640  
      55A     -0.135665    56A     -0.126513    57A     -0.123184  
      58A     -0.111623    59A     -0.104171    60A     -0.097839  
      61A     -0.094789    62A     -0.091485    63A     -0.085291  
      64A     -0.082056    65A     -0.074639    66A     -0.072040  
      67A     -0.068626    68A     -0.065514    69A     -0.063432  
      70A     -0.053923    71A     -0.045260    72A     -0.043709  
      73A     -0.039232    74A     -0.033400    75A     -0.029736  
      76A     -0.027985    77A     -0.023090    78A     -0.019816  
      79A     -0.016697    80A     -0.007245    81A     -0.000851  
      82A      0.006448    83A      0.011055    84A      0.025821  
      85A      0.029990    86A      0.034779    87A      0.044144  
      88A      0.050466    89A      0.055687    90A      0.061730  
      91A      0.073741    92A      0.077338    93A      0.087063  
      94A      0.089047    95A      0.092536    96A      0.097118  
      97A      0.099843    98A      0.109011    99A      0.111838  
     100A      0.118172   101A      0.120780   102A      0.126874  
     103A      0.138050   104A      0.141991   105A      0.145851  
     106A      0.157244   107A      0.159669   108A      0.168029  
     109A      0.177728   110A      0.181140   111A      0.196783  
     112A      0.201632   113A      0.204974   114A      0.207549  
     115A      0.213561   116A      0.221409   117A      0.230657  
     118A      0.245671   119A      0.250180   120A      0.266896  
     121A      0.277286   122A      0.286545   123A      0.306823  
     124A      0.313339   125A      0.324175   126A      0.367400  
     127A      0.439633   128A      0.446736   129A      0.480029  
     130A      0.501068   131A      0.511884   132A      0.520516  
     133A      0.526413   134A      0.534484   135A      0.537243  
     136A      0.552701   137A      0.559462   138A      0.576061  
     139A      0.591958   140A      0.599023   141A      0.604422  
     142A      0.616610   143A      0.624288   144A      0.627127  
     145A      0.637392   146A      0.646445   147A      0.649564  
     148A      0.659434   149A      0.682786   150A      0.686592  
     151A      0.693752   152A      0.699888   153A      0.708897  
     154A      0.717474   155A      0.723766   156A      0.733766  
     157A      0.737364   158A      0.746044   159A      0.762251  
     160A      0.765348   161A      0.779200   162A      0.784113  
     163A      0.793036   164A      0.799507   165A      0.813358  
     166A      0.825760   167A      0.829652   168A      0.841949  
     169A      0.852667   170A      0.861218   171A      0.877504  
     172A      0.884982   173A      0.912909   174A      0.945256  
     175A      0.972409   176A      0.974865   177A      1.038929  
     178A      1.053575   179A      1.104251   180A      1.105852  
     181A      1.135791   182A      1.140730   183A      1.169629  
     184A      1.174910   185A      1.182878   186A      1.191671  
     187A      1.217469   188A      1.238703   189A      1.263748  
     190A      1.269941   191A      1.273651   192A      1.278153  
     193A      1.290505   194A      1.304183   195A      1.308345  
     196A      1.312626   197A      1.321713   198A      1.327731  
     199A      1.339793   200A      1.343470   201A      1.378818  
     202A      1.398128   203A      1.399999   204A      1.415263  
     205A      1.416805   206A      1.430042   207A      1.472201  
     208A      1.480113   209A      1.519875   210A      1.529999  
     211A      1.552988   212A      1.559127   213A      1.581613  
     214A      1.597595   215A      1.608301   216A      1.618803  
     217A      1.632870   218A      1.638778   219A      1.646614  
     220A      1.662185   221A      1.677146   222A      1.692169  
     223A      1.699906   224A      1.705643   225A      1.714166  
     226A      1.723957   227A      1.736286   228A      1.739898  
     229A      1.754579   230A      1.764420   231A      1.776766  
     232A      1.788664   233A      1.792662   234A      1.800948  
     235A      1.814249   236A      1.818015   237A      1.842893  
     238A      1.846433   239A      1.851960   240A      1.860775  
     241A      1.867894   242A      1.887272   243A      1.905902  
     244A      1.935950   245A      1.956119   246A      1.965063  
     247A      1.968230   248A      1.995877   249A      2.028601  
     250A      2.042457   251A      2.050658   252A      2.071876  
     253A      2.083408   254A      2.105117   255A      2.122077  
     256A      2.123610   257A      2.136346   258A      2.156515  
     259A      2.176552   260A      2.194490   261A      2.230345  
     262A      2.235918   263A      2.247431   264A      2.309508  
     265A      2.323948   266A      2.334130   267A      2.344759  
     268A      2.369812   269A      2.389631   270A      2.407532  
     271A      2.420753   272A      2.468473   273A      2.486733  
     274A      2.497911   275A      2.516473   276A      2.531642  
     277A      2.581815   278A      2.588712   279A      2.601830  
     280A      2.625529   281A      2.638350   282A      2.642321  
     283A      2.657763   284A      2.676706   285A      2.704012  
     286A      2.718897   287A      2.746898   288A      2.789417  
     289A      2.829064   290A      2.853591   291A      2.863760  
     292A      2.907429   293A      2.917235   294A      3.020150  
     295A      3.097906   296A      3.115560   297A      3.172373  
     298A      3.173708   299A      3.208505   300A      3.263249  
     301A      3.437281   302A      3.445693   303A      3.476418  
     304A      3.695939   305A      3.704872   306A      3.808708  

    Final Occupation by Irrep:
              A 
    DOCC [    48 ]

  @DF-RHF Final Energy:  -608.36638128023617

   => Energetics <=

    Nuclear Repulsion Energy =            666.1846110573876558
    One-Electron Energy =               -2125.4262486294483097
    Two-Electron Energy =                 850.8752562918244848
    Total Energy =                       -608.3663812802361690

Computation Completed


Properties will be evaluated at   0.000000,   0.000000,   0.000000 [a0]

Properties computed using the SCF density matrix

  Nuclear Dipole Moment: [e a0]
     X:    11.6689      Y:   -11.7416      Z:     5.6203

  Electronic Dipole Moment: [e a0]
     X:    -7.5223      Y:     5.2565      Z:    -6.7452

  Dipole Moment: [e a0]
     X:     4.1466      Y:    -6.4851      Z:    -1.1249     Total:     7.7793

  Dipole Moment: [D]
     X:    10.5397      Y:   -16.4836      Z:    -2.8593     Total:    19.7729


*** tstop() called on aliaconda at Sun Mar 20 05:06:22 2022
Module time:
	user time   =     330.05 seconds =       5.50 minutes
	system time =      38.59 seconds =       0.64 minutes
	total time  =         15 seconds =       0.25 minutes
Total time:
	user time   =   39406.73 seconds =     656.78 minutes
	system time =    5417.54 seconds =      90.29 minutes
	total time  =       2565 seconds =      42.75 minutes

  //>>>>>>>>>>>>>>>>>>>>>>>>>>>>>>>>>>>//
  //            Monomer A HF           //
  //<<<<<<<<<<<<<<<<<<<<<<<<<<<<<<<<<<<//


*** tstart() called on aliaconda
*** at Sun Mar 20 05:06:22 2022

   => Loading Basis Set <=

    Name: JUN-CC-PVDZ
    Role: ORBITAL
    Keyword: BASIS
    atoms 1, 14                                          entry N          line   198 file /home/alia/anaconda3/envs/mddemo/share/psi4/basis/jun-cc-pvdz.gbs 
    atoms 2-4, 6, 8-10, 13, 15-17, 19, 21, 23, 25-27, 30 entry H          line    36 file /home/alia/anaconda3/envs/mddemo/share/psi4/basis/jun-cc-pvdz.gbs 
    atoms 5, 7, 11, 18, 20, 24, 28                       entry C          line   164 file /home/alia/anaconda3/envs/mddemo/share/psi4/basis/jun-cc-pvdz.gbs 
    atoms 12, 22, 29                                     entry O          line   232 file /home/alia/anaconda3/envs/mddemo/share/psi4/basis/jun-cc-pvdz.gbs 


         ---------------------------------------------------------
                                   SCF
               by Justin Turney, Rob Parrish, Andy Simmonett
                          and Daniel G. A. Smith
                              RHF Reference
                       32 Threads,  76293 MiB Core
         ---------------------------------------------------------

  ==> Geometry <==

    Molecular point group: c1
    Full point group: C1

    Geometry (in Angstrom), charge = 1, multiplicity = 1:

       Center              X                  Y                   Z               Mass       
    ------------   -----------------  -----------------  -----------------  -----------------
         N            0.618864312316    -5.455388676057    -1.284128094689    14.003074004430
         H            0.106864705230    -5.788388859162    -2.321128273980     1.007825032230
         H           -0.280135378693    -5.667388807664    -0.511128331201     1.007825032230
         H            1.328864350463    -6.098388801942    -1.087128067987     1.007825032230
         C            1.002864613678    -4.085388790498    -1.402128125207    12.000000000000
         H            0.330864682342    -3.574388634095    -0.737128163354     1.007825032230
         C            2.437864556457    -3.979388843903    -0.915128136651    12.000000000000
         H            3.180864586975    -4.525388847718    -1.620128060357     1.007825032230
         H            2.545864596511    -4.487388740907     0.043871973975     1.007825032230
         H            2.828864588882    -2.934388767609    -0.770128155725     1.007825032230
         C            0.862864270355    -3.323388706574    -2.799127961175    12.000000000000
         O           -0.232135519837    -3.114388595948    -3.326128150003    15.994914619570
         H            1.773331179763    -2.973586689362    -3.307742501275     1.007825032230
      Gh(N)           0.625864281799     2.099611629119     0.357871626838    14.003074004430
      Gh(H)           0.708864464904     2.721611369720    -0.669128323571     1.007825032230
      Gh(H)           0.662864461090     0.972610820403    -0.064128304498     1.007825032230
      Gh(H)           1.475864663269     2.256611217132     0.874871825202     1.007825032230
      Gh(C)          -0.676135287140     2.431611407867     0.960872267707    12.000000000000
      Gh(H)          -1.298135504578     1.529610980621     0.926871870978     1.007825032230
      Gh(C)          -0.639135584687     2.867611278167     2.366871451362    12.000000000000
      Gh(H)          -1.632135615204     2.973611224761     2.857871626838     1.007825032230
      Gh(O)          -0.037135348175     4.140611041656     2.488872145636    15.994914619570
      Gh(H)           0.909864678527     4.032611240020     2.052872275336     1.007825032230
      Gh(C)           0.128864541198     1.848611224761     3.299872015937    12.000000000000
      Gh(H)           1.210864319946     1.711611140838     3.193872069343     1.007825032230
      Gh(H)          -0.328135714386     0.877611507049     3.126871680243     1.007825032230
      Gh(H)           0.011864438201     2.098611224761     4.373871420844     1.007825032230
      Gh(C)          -1.548135504578     3.459611285796     0.128872012122    12.000000000000
      Gh(O)          -2.783135638092     3.288610805144     0.039871787055    15.994914619570
      Gh(H)          -1.070380911683     4.317527164092    -0.366840268151     1.007825032230

  Running in c1 symmetry.

  Rotational constants: A =      0.03628  B =      0.00589  C =      0.00541 [cm^-1]
  Rotational constants: A =   1087.77240  B =    176.47580  C =    162.09319 [MHz]
  Nuclear repulsion =  183.020621605545500

  Charge       = 1
  Multiplicity = 1
  Electrons    = 40
  Nalpha       = 20
  Nbeta        = 20

  ==> Algorithm <==

  SCF Algorithm Type is DF.
  DIIS enabled.
  MOM disabled.
  Fractional occupation disabled.
  Guess Type is SAD.
  Energy threshold   = 1.00e-08
  Density threshold  = 1.00e-08
  Integral threshold = 1.00e-12

  ==> Primary Basis <==

  Basis Set: JUN-CC-PVDZ
    Blend: JUN-CC-PVDZ
    Number of shells: 150
    Number of basis functions: 306
    Number of Cartesian functions: 318
    Spherical Harmonics?: true
    Max angular momentum: 2

   => Loading Basis Set <=

    Name: (JUN-CC-PVDZ AUX)
    Role: JKFIT
    Keyword: DF_BASIS_SCF
    atoms 1, 14                                          entry N          line   202 file /home/alia/anaconda3/envs/mddemo/share/psi4/basis/jun-cc-pvdz-jkfit.gbs 
    atoms 2-4, 6, 8-10, 13, 15-17, 19, 21, 23, 25-27, 30 entry H          line    70 file /home/alia/anaconda3/envs/mddemo/share/psi4/basis/jun-cc-pvdz-jkfit.gbs 
    atoms 5, 7, 11, 18, 20, 24, 28                       entry C          line   146 file /home/alia/anaconda3/envs/mddemo/share/psi4/basis/jun-cc-pvdz-jkfit.gbs 
    atoms 12, 22, 29                                     entry O          line   258 file /home/alia/anaconda3/envs/mddemo/share/psi4/basis/jun-cc-pvdz-jkfit.gbs 

  ==> Integral Setup <==

  ==> DiskDFJK: Density-Fitted J/K Matrices <==

    J tasked:                  Yes
    K tasked:                  Yes
    wK tasked:                  No
    OpenMP threads:             32
    Integrals threads:          32
    Memory [MiB]:            57220
    Algorithm:                Core
    Integral Cache:           LOAD
    Schwarz Cutoff:          1E-12
    Fitting Condition:       1E-10

   => Auxiliary Basis Set <=

  Basis Set: (JUN-CC-PVDZ AUX)
    Blend: JUN-CC-PVDZ-JKFIT
    Number of shells: 486
    Number of basis functions: 1362
    Number of Cartesian functions: 1542
    Spherical Harmonics?: true
    Max angular momentum: 3

  Minimum eigenvalue in the overlap matrix is 4.5419446006E-05.
  Reciprocal condition number of the overlap matrix is 3.9779540856E-06.
    Using symmetric orthogonalization.

  ==> Pre-Iterations <==

  SCF Guess: Superposition of Atomic Densities via on-the-fly atomic UHF (no occupation information).

   -------------------------
    Irrep   Nso     Nmo    
   -------------------------
     A        306     306 
   -------------------------
    Total     306     306
   -------------------------

  ==> Iterations <==

                           Total Energy        Delta E     RMS |[F,P]|

   @DF-RHF iter SAD:  -246.69826728131042   -2.46698e+02   0.00000e+00 
   @DF-RHF iter   1:  -247.10155452917763   -4.03287e-01   1.78803e-03 DIIS
   @DF-RHF iter   2:  -247.22969490945690   -1.28140e-01   1.15573e-03 DIIS
   @DF-RHF iter   3:  -247.27629836433198   -4.66035e-02   2.51453e-04 DIIS
   @DF-RHF iter   4:  -247.28001046396648   -3.71210e-03   9.36007e-05 DIIS
   @DF-RHF iter   5:  -247.28055218108318   -5.41717e-04   2.17998e-05 DIIS
   @DF-RHF iter   6:  -247.28061380125303   -6.16202e-05   9.94394e-06 DIIS
   @DF-RHF iter   7:  -247.28062498164928   -1.11804e-05   4.88718e-06 DIIS
   @DF-RHF iter   8:  -247.28062806236497   -3.08072e-06   1.52350e-06 DIIS
   @DF-RHF iter   9:  -247.28062835408738   -2.91722e-07   3.52936e-07 DIIS
   @DF-RHF iter  10:  -247.28062836855915   -1.44718e-08   1.24142e-07 DIIS
   @DF-RHF iter  11:  -247.28062837148369   -2.92454e-09   5.38786e-08 DIIS
   @DF-RHF iter  12:  -247.28062837231289   -8.29203e-10   3.11693e-08 DIIS
   @DF-RHF iter  13:  -247.28062837270031   -3.87416e-10   1.21662e-08 DIIS
   @DF-RHF iter  14:  -247.28062837275081   -5.05054e-11   3.59125e-09 DIIS
  Energy and wave function converged.


  ==> Post-Iterations <==

    Orbital Energies [Eh]
    ---------------------

    Doubly Occupied:                                                      

       1A    -20.757023     2A    -15.935676     3A    -11.531986  
       4A    -11.503752     5A    -11.431945     6A     -1.567231  
       7A     -1.519633     8A     -1.239117     9A     -1.095161  
      10A     -1.019435    11A     -0.953675    12A     -0.927438  
      13A     -0.886244    14A     -0.826856    15A     -0.791914  
      16A     -0.736180    17A     -0.728166    18A     -0.704130  
      19A     -0.682754    20A     -0.604373  

    Virtual:                                                              

      21A     -0.128264    22A     -0.074786    23A     -0.069059  
      24A     -0.063786    25A     -0.053593    26A     -0.037743  
      27A     -0.029411    28A     -0.022146    29A     -0.013676  
      30A     -0.010857    31A     -0.007279    32A     -0.002296  
      33A      0.006027    34A      0.013617    35A      0.020575  
      36A      0.025646    37A      0.027793    38A      0.031178  
      39A      0.039300    40A      0.044381    41A      0.047975  
      42A      0.048976    43A      0.055735    44A      0.060981  
      45A      0.073420    46A      0.081144    47A      0.083547  
      48A      0.089827    49A      0.095213    50A      0.097777  
      51A      0.106576    52A      0.120031    53A      0.124191  
      54A      0.131380    55A      0.137017    56A      0.148088  
      57A      0.148336    58A      0.151827    59A      0.159493  
      60A      0.160472    61A      0.164182    62A      0.168905  
      63A      0.172495    64A      0.182387    65A      0.189191  
      66A      0.192154    67A      0.197415    68A      0.208071  
      69A      0.223911    70A      0.229536    71A      0.239074  
      72A      0.244233    73A      0.246530    74A      0.252511  
      75A      0.264973    76A      0.276254    77A      0.280100  
      78A      0.286574    79A      0.293170    80A      0.301778  
      81A      0.312048    82A      0.323722    83A      0.344010  
      84A      0.347130    85A      0.357111    86A      0.373969  
      87A      0.377444    88A      0.389067    89A      0.392586  
      90A      0.400108    91A      0.432548    92A      0.441851  
      93A      0.461058    94A      0.479828    95A      0.504483  
      96A      0.520051    97A      0.539684    98A      0.557945  
      99A      0.560299   100A      0.569319   101A      0.575272  
     102A      0.578491   103A      0.580817   104A      0.596253  
     105A      0.607798   106A      0.611627   107A      0.628031  
     108A      0.633325   109A      0.651274   110A      0.657323  
     111A      0.676973   112A      0.683121   113A      0.696158  
     114A      0.705363   115A      0.718750   116A      0.721343  
     117A      0.726921   118A      0.740451   119A      0.752720  
     120A      0.766127   121A      0.775501   122A      0.804036  
     123A      0.819016   124A      0.831152   125A      0.840927  
     126A      0.850914   127A      0.853756   128A      0.875451  
     129A      0.878102   130A      0.904252   131A      0.920841  
     132A      0.928510   133A      0.931823   134A      0.938766  
     135A      0.954361   136A      0.971782   137A      0.994770  
     138A      1.025907   139A      1.043897   140A      1.052694  
     141A      1.131163   142A      1.134833   143A      1.186566  
     144A      1.206629   145A      1.247001   146A      1.255645  
     147A      1.318565   148A      1.343457   149A      1.354111  
     150A      1.378049   151A      1.390521   152A      1.421135  
     153A      1.479093   154A      1.493544   155A      1.495417  
     156A      1.509185   157A      1.517037   158A      1.557324  
     159A      1.596887   160A      1.610835   161A      1.628070  
     162A      1.634741   163A      1.637608   164A      1.664231  
     165A      1.674495   166A      1.674935   167A      1.698242  
     168A      1.717221   169A      1.720703   170A      1.731910  
     171A      1.739377   172A      1.757589   173A      1.770246  
     174A      1.773823   175A      1.781912   176A      1.804361  
     177A      1.805218   178A      1.820814   179A      1.830700  
     180A      1.837223   181A      1.854703   182A      1.867930  
     183A      1.880847   184A      1.882141   185A      1.895067  
     186A      1.897598   187A      1.914786   188A      1.926237  
     189A      1.933906   190A      1.939095   191A      1.972979  
     192A      2.000948   193A      2.005999   194A      2.011210  
     195A      2.017356   196A      2.025042   197A      2.040360  
     198A      2.045573   199A      2.063121   200A      2.075900  
     201A      2.089590   202A      2.114825   203A      2.128646  
     204A      2.134735   205A      2.160845   206A      2.162363  
     207A      2.181307   208A      2.185616   209A      2.200560  
     210A      2.210042   211A      2.225953   212A      2.238948  
     213A      2.256006   214A      2.258662   215A      2.305004  
     216A      2.310248   217A      2.311806   218A      2.328499  
     219A      2.347930   220A      2.381465   221A      2.410491  
     222A      2.417843   223A      2.427030   224A      2.442071  
     225A      2.464016   226A      2.465859   227A      2.491432  
     228A      2.496806   229A      2.534097   230A      2.546504  
     231A      2.568049   232A      2.580594   233A      2.604695  
     234A      2.611413   235A      2.612401   236A      2.638416  
     237A      2.669957   238A      2.685364   239A      2.705956  
     240A      2.720599   241A      2.737682   242A      2.743569  
     243A      2.759804   244A      2.796475   245A      2.816208  
     246A      2.851189   247A      2.870640   248A      2.878601  
     249A      2.913976   250A      2.930535   251A      2.938290  
     252A      2.980109   253A      2.988838   254A      3.011686  
     255A      3.088001   256A      3.118951   257A      3.159128  
     258A      3.188719   259A      3.244034   260A      3.254790  
     261A      3.274302   262A      3.372132   263A      3.481473  
     264A      3.492446   265A      3.518884   266A      3.541425  
     267A      3.610963   268A      3.672079   269A      3.702701  
     270A      3.777581   271A      3.910573   272A      3.946284  
     273A      4.040645   274A      4.166912   275A      4.194918  
     276A      4.299574   277A      4.400425   278A      4.460983  
     279A      4.558187   280A      4.597150   281A      4.626487  
     282A      4.653730   283A      4.703715   284A      4.785665  
     285A      4.822035   286A      4.923257   287A      4.989358  
     288A      5.039895   289A      5.043346   290A      5.087487  
     291A      5.326117   292A      5.469192   293A      5.538298  
     294A      5.653513   295A      5.726950   296A      5.823552  
     297A      5.997481   298A      6.329025   299A      6.544555  
     300A     18.147334   301A     18.341144   302A     18.410274  
     303A     18.587878   304A     25.316043   305A     33.434478  
     306A     33.448937  

    Final Occupation by Irrep:
              A 
    DOCC [    20 ]

  @DF-RHF Final Energy:  -247.28062837275081

   => Energetics <=

    Nuclear Repulsion Energy =            183.0206216055455002
    One-Electron Energy =                -689.7171194957709304
    Two-Electron Energy =                 259.4158695174746185
    Total Energy =                       -247.2806283727508116

Computation Completed


Properties will be evaluated at   0.000000,   0.000000,   0.000000 [a0]

Properties computed using the SCF density matrix

  Nuclear Dipole Moment: [e a0]
     X:    75.8005      Y:  -316.4935      Z:  -144.7660

  Electronic Dipole Moment: [e a0]
     X:   -73.5656      Y:   306.4810      Z:   142.7453

  Dipole Moment: [e a0]
     X:     2.2350      Y:   -10.0125      Z:    -2.0207     Total:    10.4560

  Dipole Moment: [D]
     X:     5.6807      Y:   -25.4493      Z:    -5.1360     Total:    26.5766


*** tstop() called on aliaconda at Sun Mar 20 05:06:31 2022
Module time:
	user time   =     186.52 seconds =       3.11 minutes
	system time =      15.82 seconds =       0.26 minutes
	total time  =          9 seconds =       0.15 minutes
Total time:
	user time   =   39593.34 seconds =     659.89 minutes
	system time =    5433.39 seconds =      90.56 minutes
	total time  =       2574 seconds =      42.90 minutes

  //>>>>>>>>>>>>>>>>>>>>>>>>>>>>>>>>>>>//
  //            Monomer B HF           //
  //<<<<<<<<<<<<<<<<<<<<<<<<<<<<<<<<<<<//


*** tstart() called on aliaconda
*** at Sun Mar 20 05:06:31 2022

   => Loading Basis Set <=

    Name: JUN-CC-PVDZ
    Role: ORBITAL
    Keyword: BASIS
    atoms 1, 14                                          entry N          line   198 file /home/alia/anaconda3/envs/mddemo/share/psi4/basis/jun-cc-pvdz.gbs 
    atoms 2-4, 6, 8-10, 13, 15-17, 19, 21, 23, 25-27, 30 entry H          line    36 file /home/alia/anaconda3/envs/mddemo/share/psi4/basis/jun-cc-pvdz.gbs 
    atoms 5, 7, 11, 18, 20, 24, 28                       entry C          line   164 file /home/alia/anaconda3/envs/mddemo/share/psi4/basis/jun-cc-pvdz.gbs 
    atoms 12, 22, 29                                     entry O          line   232 file /home/alia/anaconda3/envs/mddemo/share/psi4/basis/jun-cc-pvdz.gbs 


         ---------------------------------------------------------
                                   SCF
               by Justin Turney, Rob Parrish, Andy Simmonett
                          and Daniel G. A. Smith
                              RHF Reference
                       32 Threads,  76293 MiB Core
         ---------------------------------------------------------

  ==> Geometry <==

    Molecular point group: c1
    Full point group: C1

    Geometry (in Angstrom), charge = 1, multiplicity = 1:

       Center              X                  Y                   Z               Mass       
    ------------   -----------------  -----------------  -----------------  -----------------
      Gh(N)           0.618864312316    -5.455388676057    -1.284128094689    14.003074004430
      Gh(H)           0.106864705230    -5.788388859162    -2.321128273980     1.007825032230
      Gh(H)          -0.280135378693    -5.667388807664    -0.511128331201     1.007825032230
      Gh(H)           1.328864350463    -6.098388801942    -1.087128067987     1.007825032230
      Gh(C)           1.002864613678    -4.085388790498    -1.402128125207    12.000000000000
      Gh(H)           0.330864682342    -3.574388634095    -0.737128163354     1.007825032230
      Gh(C)           2.437864556457    -3.979388843903    -0.915128136651    12.000000000000
      Gh(H)           3.180864586975    -4.525388847718    -1.620128060357     1.007825032230
      Gh(H)           2.545864596511    -4.487388740907     0.043871973975     1.007825032230
      Gh(H)           2.828864588882    -2.934388767609    -0.770128155725     1.007825032230
      Gh(C)           0.862864270355    -3.323388706574    -2.799127961175    12.000000000000
      Gh(O)          -0.232135519837    -3.114388595948    -3.326128150003    15.994914619570
      Gh(H)           1.773331179763    -2.973586689362    -3.307742501275     1.007825032230
         N            0.625864281799     2.099611629119     0.357871626838    14.003074004430
         H            0.708864464904     2.721611369720    -0.669128323571     1.007825032230
         H            0.662864461090     0.972610820403    -0.064128304498     1.007825032230
         H            1.475864663269     2.256611217132     0.874871825202     1.007825032230
         C           -0.676135287140     2.431611407867     0.960872267707    12.000000000000
         H           -1.298135504578     1.529610980621     0.926871870978     1.007825032230
         C           -0.639135584687     2.867611278167     2.366871451362    12.000000000000
         H           -1.632135615204     2.973611224761     2.857871626838     1.007825032230
         O           -0.037135348175     4.140611041656     2.488872145636    15.994914619570
         H            0.909864678527     4.032611240020     2.052872275336     1.007825032230
         C            0.128864541198     1.848611224761     3.299872015937    12.000000000000
         H            1.210864319946     1.711611140838     3.193872069343     1.007825032230
         H           -0.328135714386     0.877611507049     3.126871680243     1.007825032230
         H            0.011864438201     2.098611224761     4.373871420844     1.007825032230
         C           -1.548135504578     3.459611285796     0.128872012122    12.000000000000
         O           -2.783135638092     3.288610805144     0.039871787055    15.994914619570
         H           -1.070380911683     4.317527164092    -0.366840268151     1.007825032230

  Running in c1 symmetry.

  Rotational constants: A =      0.03628  B =      0.00589  C =      0.00541 [cm^-1]
  Rotational constants: A =   1087.77240  B =    176.47580  C =    162.09319 [MHz]
  Nuclear repulsion =  328.244591759057357

  Charge       = 1
  Multiplicity = 1
  Electrons    = 56
  Nalpha       = 28
  Nbeta        = 28

  ==> Algorithm <==

  SCF Algorithm Type is DF.
  DIIS enabled.
  MOM disabled.
  Fractional occupation disabled.
  Guess Type is SAD.
  Energy threshold   = 1.00e-08
  Density threshold  = 1.00e-08
  Integral threshold = 1.00e-12

  ==> Primary Basis <==

  Basis Set: JUN-CC-PVDZ
    Blend: JUN-CC-PVDZ
    Number of shells: 150
    Number of basis functions: 306
    Number of Cartesian functions: 318
    Spherical Harmonics?: true
    Max angular momentum: 2

   => Loading Basis Set <=

    Name: (JUN-CC-PVDZ AUX)
    Role: JKFIT
    Keyword: DF_BASIS_SCF
    atoms 1, 14                                          entry N          line   202 file /home/alia/anaconda3/envs/mddemo/share/psi4/basis/jun-cc-pvdz-jkfit.gbs 
    atoms 2-4, 6, 8-10, 13, 15-17, 19, 21, 23, 25-27, 30 entry H          line    70 file /home/alia/anaconda3/envs/mddemo/share/psi4/basis/jun-cc-pvdz-jkfit.gbs 
    atoms 5, 7, 11, 18, 20, 24, 28                       entry C          line   146 file /home/alia/anaconda3/envs/mddemo/share/psi4/basis/jun-cc-pvdz-jkfit.gbs 
    atoms 12, 22, 29                                     entry O          line   258 file /home/alia/anaconda3/envs/mddemo/share/psi4/basis/jun-cc-pvdz-jkfit.gbs 

  ==> Integral Setup <==

  ==> DiskDFJK: Density-Fitted J/K Matrices <==

    J tasked:                  Yes
    K tasked:                  Yes
    wK tasked:                  No
    OpenMP threads:             32
    Integrals threads:          32
    Memory [MiB]:            57220
    Algorithm:                Core
    Integral Cache:           LOAD
    Schwarz Cutoff:          1E-12
    Fitting Condition:       1E-10

   => Auxiliary Basis Set <=

  Basis Set: (JUN-CC-PVDZ AUX)
    Blend: JUN-CC-PVDZ-JKFIT
    Number of shells: 486
    Number of basis functions: 1362
    Number of Cartesian functions: 1542
    Spherical Harmonics?: true
    Max angular momentum: 3

  Minimum eigenvalue in the overlap matrix is 4.5419446006E-05.
  Reciprocal condition number of the overlap matrix is 3.9779540856E-06.
    Using symmetric orthogonalization.

  ==> Pre-Iterations <==

  SCF Guess: Superposition of Atomic Densities via on-the-fly atomic UHF (no occupation information).

   -------------------------
    Irrep   Nso     Nmo    
   -------------------------
     A        306     306 
   -------------------------
    Total     306     306
   -------------------------

  ==> Iterations <==

                           Total Energy        Delta E     RMS |[F,P]|

   @DF-RHF iter SAD:  -360.41254211164022   -3.60413e+02   0.00000e+00 
   @DF-RHF iter   1:  -360.88663552229104   -4.74093e-01   2.22085e-03 DIIS
   @DF-RHF iter   2:  -361.07425942746147   -1.87624e-01   1.48511e-03 DIIS
   @DF-RHF iter   3:  -361.15166927207150   -7.74098e-02   3.14127e-04 DIIS
   @DF-RHF iter   4:  -361.15708280536273   -5.41353e-03   1.19672e-04 DIIS
   @DF-RHF iter   5:  -361.15789562083978   -8.12815e-04   2.92476e-05 DIIS
   @DF-RHF iter   6:  -361.15797445160206   -7.88308e-05   1.36753e-05 DIIS
   @DF-RHF iter   7:  -361.15799398054514   -1.95289e-05   5.92152e-06 DIIS
   @DF-RHF iter   8:  -361.15799855566894   -4.57512e-06   2.55214e-06 DIIS
   @DF-RHF iter   9:  -361.15799946655568   -9.10887e-07   7.90641e-07 DIIS
   @DF-RHF iter  10:  -361.15799957289988   -1.06344e-07   2.90685e-07 DIIS
   @DF-RHF iter  11:  -361.15799959014606   -1.72462e-08   1.35194e-07 DIIS
   @DF-RHF iter  12:  -361.15799959474191   -4.59585e-09   7.44933e-08 DIIS
   @DF-RHF iter  13:  -361.15799959656920   -1.82729e-09   3.60056e-08 DIIS
   @DF-RHF iter  14:  -361.15799959699405   -4.24848e-10   1.13856e-08 DIIS
   @DF-RHF iter  15:  -361.15799959702804   -3.39924e-11   4.10382e-09 DIIS
  Energy and wave function converged.


  ==> Post-Iterations <==

    Orbital Energies [Eh]
    ---------------------

    Doubly Occupied:                                                      

       1A    -20.752118     2A    -20.748821     3A    -15.952267  
       4A    -11.533627     5A    -11.505936     6A    -11.477442  
       7A    -11.393717     8A     -1.555186     9A     -1.540060  
      10A     -1.505497    11A     -1.245464    12A     -1.147150  
      13A     -1.028757    14A     -1.009095    15A     -0.969005  
      16A     -0.924864    17A     -0.893102    18A     -0.844716  
      19A     -0.810796    20A     -0.802156    21A     -0.773427  
      22A     -0.751076    23A     -0.708508    24A     -0.691670  
      25A     -0.673104    26A     -0.660395    27A     -0.623827  
      28A     -0.593827  

    Virtual:                                                              

      29A     -0.140161    30A     -0.093993    31A     -0.079684  
      32A     -0.062263    33A     -0.051010    34A     -0.042752  
      35A     -0.035432    36A     -0.025713    37A     -0.023964  
      38A     -0.021414    39A     -0.013524    40A     -0.009620  
      41A     -0.001003    42A      0.001912    43A      0.007388  
      44A      0.018417    45A      0.021787    46A      0.027143  
      47A      0.030403    48A      0.034930    49A      0.040520  
      50A      0.041314    51A      0.049356    52A      0.050795  
      53A      0.054698    54A      0.061917    55A      0.071332  
      56A      0.080362    57A      0.086605    58A      0.091384  
      59A      0.097675    60A      0.100189    61A      0.108213  
      62A      0.110465    63A      0.125728    64A      0.133456  
      65A      0.137329    66A      0.140819    67A      0.148550  
      68A      0.152107    69A      0.155260    70A      0.160399  
      71A      0.165112    72A      0.169892    73A      0.177392  
      74A      0.181331    75A      0.192251    76A      0.196035  
      77A      0.198768    78A      0.207997    79A      0.211181  
      80A      0.215060    81A      0.227860    82A      0.234391  
      83A      0.238302    84A      0.255681    85A      0.262873  
      86A      0.264736    87A      0.280039    88A      0.282006  
      89A      0.291665    90A      0.294178    91A      0.305014  
      92A      0.312102    93A      0.329634    94A      0.341664  
      95A      0.351050    96A      0.356818    97A      0.363566  
      98A      0.372582    99A      0.380047   100A      0.389205  
     101A      0.411520   102A      0.427630   103A      0.456080  
     104A      0.462412   105A      0.486591   106A      0.502546  
     107A      0.509262   108A      0.530620   109A      0.541974  
     110A      0.554088   111A      0.582458   112A      0.592020  
     113A      0.598972   114A      0.615603   115A      0.634038  
     116A      0.639325   117A      0.647218   118A      0.660902  
     119A      0.664986   120A      0.684060   121A      0.687376  
     122A      0.697708   123A      0.704613   124A      0.742753  
     125A      0.752166   126A      0.760313   127A      0.762131  
     128A      0.768331   129A      0.781115   130A      0.790707  
     131A      0.796849   132A      0.799260   133A      0.820656  
     134A      0.824650   135A      0.845922   136A      0.855535  
     137A      0.863331   138A      0.873285   139A      0.888219  
     140A      0.898403   141A      0.910290   142A      0.928243  
     143A      0.941223   144A      0.946851   145A      0.969128  
     146A      0.974886   147A      1.034187   148A      1.099335  
     149A      1.132371   150A      1.164891   151A      1.197194  
     152A      1.200565   153A      1.244344   154A      1.251584  
     155A      1.277824   156A      1.329758   157A      1.336253  
     158A      1.350400   159A      1.366424   160A      1.383801  
     161A      1.387204   162A      1.399956   163A      1.437294  
     164A      1.456724   165A      1.466047   166A      1.472569  
     167A      1.486756   168A      1.533137   169A      1.537455  
     170A      1.540568   171A      1.562058   172A      1.573590  
     173A      1.581677   174A      1.613537   175A      1.643691  
     176A      1.653286   177A      1.668127   178A      1.669579  
     179A      1.672713   180A      1.696976   181A      1.699000  
     182A      1.707054   183A      1.713741   184A      1.719235  
     185A      1.736347   186A      1.765923   187A      1.774261  
     188A      1.796421   189A      1.800260   190A      1.804593  
     191A      1.827938   192A      1.839231   193A      1.851502  
     194A      1.853561   195A      1.862539   196A      1.874712  
     197A      1.883732   198A      1.899595   199A      1.904524  
     200A      1.912901   201A      1.928454   202A      1.930053  
     203A      1.943632   204A      1.946618   205A      1.950931  
     206A      1.967159   207A      1.968784   208A      2.004019  
     209A      2.018118   210A      2.027176   211A      2.028782  
     212A      2.036844   213A      2.089782   214A      2.105207  
     215A      2.107822   216A      2.115551   217A      2.132797  
     218A      2.166149   219A      2.174935   220A      2.180358  
     221A      2.184352   222A      2.197476   223A      2.206592  
     224A      2.208430   225A      2.217645   226A      2.222201  
     227A      2.257125   228A      2.288688   229A      2.297183  
     230A      2.319813   231A      2.336396   232A      2.346004  
     233A      2.370229   234A      2.382204   235A      2.386711  
     236A      2.407113   237A      2.432688   238A      2.441087  
     239A      2.471853   240A      2.475651   241A      2.510581  
     242A      2.558342   243A      2.577488   244A      2.595588  
     245A      2.615633   246A      2.622809   247A      2.645224  
     248A      2.663569   249A      2.686600   250A      2.690131  
     251A      2.700880   252A      2.705982   253A      2.733258  
     254A      2.740324   255A      2.765865   256A      2.806789  
     257A      2.814555   258A      2.843134   259A      2.868597  
     260A      2.887922   261A      2.918398   262A      2.954125  
     263A      2.977046   264A      3.038162   265A      3.069069  
     266A      3.078476   267A      3.141548   268A      3.161425  
     269A      3.177092   270A      3.230093   271A      3.265703  
     272A      3.292903   273A      3.320392   274A      3.406757  
     275A      3.477606   276A      3.503139   277A      3.533324  
     278A      3.553971   279A      3.631741   280A      3.670324  
     281A      3.762063   282A      3.864557   283A      3.943324  
     284A      3.979511   285A      4.136666   286A      4.148369  
     287A      4.287810   288A      4.334213   289A      4.615370  
     290A      4.622555   291A      4.667335   292A      4.815630  
     293A      4.838589   294A      4.904354   295A      4.966377  
     296A      5.200201   297A      5.429454   298A      5.501295  
     299A      5.677479   300A      6.029942   301A      6.590379  
     302A     18.178616   303A     18.328026   304A     18.511493  
     305A     25.325251   306A     33.405205  

    Final Occupation by Irrep:
              A 
    DOCC [    28 ]

  @DF-RHF Final Energy:  -361.15799959702804

   => Energetics <=

    Nuclear Repulsion Energy =            328.2445917590573572
    One-Electron Energy =               -1132.5739651764320115
    Two-Electron Energy =                 443.1713738203466164
    Total Energy =                       -361.1579995970280379

Computation Completed


Properties will be evaluated at   0.000000,   0.000000,   0.000000 [a0]

Properties computed using the SCF density matrix

  Nuclear Dipole Moment: [e a0]
     X:   -64.1316      Y:   304.7519      Z:   150.3863

  Electronic Dipole Moment: [e a0]
     X:    66.1044      Y:  -301.1972      Z:  -149.4764

  Dipole Moment: [e a0]
     X:     1.9728      Y:     3.5547      Z:     0.9099     Total:     4.1660

  Dipole Moment: [D]
     X:     5.0144      Y:     9.0351      Z:     2.3127     Total:    10.5890


*** tstop() called on aliaconda at Sun Mar 20 05:06:43 2022
Module time:
	user time   =     238.20 seconds =       3.97 minutes
	system time =      25.87 seconds =       0.43 minutes
	total time  =         12 seconds =       0.20 minutes
Total time:
	user time   =   39831.69 seconds =     663.86 minutes
	system time =    5459.29 seconds =      90.99 minutes
	total time  =       2586 seconds =      43.10 minutes
  Constructing Basis Sets for SAPT...

   => Loading Basis Set <=

    Name: (JUN-CC-PVDZ AUX)
    Role: RIFIT
    Keyword: DF_BASIS_SAPT
    atoms 1, 14                                          entry N          line   144 file /home/alia/anaconda3/envs/mddemo/share/psi4/basis/jun-cc-pvdz-ri.gbs 
    atoms 2-4, 6, 8-10, 13, 15-17, 19, 21, 23, 25-27, 30 entry H          line    30 file /home/alia/anaconda3/envs/mddemo/share/psi4/basis/jun-cc-pvdz-ri.gbs 
    atoms 5, 7, 11, 18, 20, 24, 28                       entry C          line   100 file /home/alia/anaconda3/envs/mddemo/share/psi4/basis/jun-cc-pvdz-ri.gbs 
    atoms 12, 22, 29                                     entry O          line   188 file /home/alia/anaconda3/envs/mddemo/share/psi4/basis/jun-cc-pvdz-ri.gbs 


  //>>>>>>>>>>>>>>>>>>>>>>>>>>>>>>>>>>>//
  //               SAPT0               //
  //<<<<<<<<<<<<<<<<<<<<<<<<<<<<<<<<<<<//


*** tstart() called on aliaconda
*** at Sun Mar 20 05:06:43 2022

        SAPT0  
    Ed Hohenstein
     6 June 2009

      Orbital Information
  --------------------------
    NSO        =       306
    NMO        =       306
    NRI        =      1032
    NOCC A     =        20
    NOCC B     =        28
    FOCC A     =         0
    FOCC B     =         0
    NVIR A     =       286
    NVIR B     =       278

    Elst10,r            =     0.073544087102 [Eh]
    Exch10              =     0.000000085439 [Eh]
    Exch10 (S^2)        =     0.000000085439 [Eh]

    Iter     Energy [mEh]          dE [mEh]         Residual      Time [s]
       1      -0.78887986       0.788879857       6.453222775             0
       2      -0.77664956      -0.012230295       2.322402380             1
       3      -0.82080547       0.044155908       1.013816110             1
       4      -0.83856431       0.017758839       0.207728546             2
       5      -0.83723441      -0.001329895       0.125704255             3
       6      -0.83586222      -0.001372189       0.051880042             3
       7      -0.83633155       0.000469323       0.024092332             4
       8      -0.83645027       0.000118722       0.009581609             4
       9      -0.83639707      -0.000053202       0.004800092             5
      10      -0.83638298      -0.000014088       0.001518173             6
      11      -0.83639222       0.000009240       0.000427585             6
      12      -0.83639288       0.000000656       0.000111258             7
      13      -0.83639229      -0.000000587       0.000028490             7
      14      -0.83639227      -0.000000017       0.000006290             8
      15      -0.83639230       0.000000031       0.000001462             8
      16      -0.83639230      -0.000000002       0.000000596             9

    CHF Iterations converged


    Iter     Energy [mEh]          dE [mEh]         Residual      Time [s]
       1      -0.43504890       0.435048900       4.888720997             1
       2      -0.45129372       0.016244824       2.129169260             1
       3      -0.48703919       0.035745470       0.708681913             2
       4      -0.49389684       0.006857648       0.172748402             2
       5      -0.49291792      -0.000978921       0.105753735             3
       6      -0.49210895      -0.000808969       0.034117846             3
       7      -0.49220891       0.000099961       0.017088879             4
       8      -0.49232349       0.000114577       0.004971167             4
       9      -0.49230570      -0.000017786       0.002256702             5
      10      -0.49229576      -0.000009940       0.001092569             6
      11      -0.49229997       0.000004207       0.000596336             6
      12      -0.49230140       0.000001433       0.000201534             7
      13      -0.49230066      -0.000000747       0.000063777             7
      14      -0.49230049      -0.000000165       0.000018750             8
      15      -0.49230054       0.000000047       0.000006015             9
      16      -0.49230055       0.000000016       0.000001554             9
      17      -0.49230055      -0.000000004       0.000000582            10

    CHF Iterations converged

    Ind20,r (A<-B)      =    -0.000836392301 [Eh]
    Ind20,r (B<-A)      =    -0.000492300550 [Eh]
    Ind20,r             =    -0.001328692852 [Eh]
    Exch-Ind20,r (A<-B) =     0.000000061487 [Eh]
    Exch-Ind20,r (B<-A) =     0.000000032240 [Eh]
    Exch-Ind20,r        =     0.000000093728 [Eh]
    Disp20              =    -0.000182205079 [Eh]
    Disp20 (SS)         =    -0.000091102540 [Eh]
    Disp20 (OS)         =    -0.000091102540 [Eh]
    Exch-Disp20         =     0.000000031649 [Eh]
    Exch-Disp20 (SS)    =     0.000000022900 [Eh]
    Exch-Disp20 (OS)    =     0.000000008749 [Eh]

    SAPT Results 
  --------------------------------------------------------------------------------------------------------
    Electrostatics                 73.54408710 [mEh]      46.14961140 [kcal/mol]     193.08997409 [kJ/mol]
      Elst10,r                     73.54408710 [mEh]      46.14961140 [kcal/mol]     193.08997409 [kJ/mol]

    Exchange                        0.00008544 [mEh]       0.00005361 [kcal/mol]       0.00022432 [kJ/mol]
      Exch10                        0.00008544 [mEh]       0.00005361 [kcal/mol]       0.00022432 [kJ/mol]
      Exch10(S^2)                   0.00008544 [mEh]       0.00005361 [kcal/mol]       0.00022432 [kJ/mol]

    Induction                      -1.29748300 [mEh]      -0.81418287 [kcal/mol]      -3.40654114 [kJ/mol]
      Ind20,r                      -1.32869285 [mEh]      -0.83376735 [kcal/mol]      -3.48848260 [kJ/mol]
      Exch-Ind20,r                  0.00009373 [mEh]       0.00005881 [kcal/mol]       0.00024608 [kJ/mol]
      delta HF,r (2)                0.03111613 [mEh]       0.01952566 [kcal/mol]       0.08169538 [kJ/mol]

    Dispersion                     -0.18217343 [mEh]      -0.11431555 [kcal/mol]      -0.47829628 [kJ/mol]
      Disp20                       -0.18220508 [mEh]      -0.11433541 [kcal/mol]      -0.47837937 [kJ/mol]
      Exch-Disp20                   0.00003165 [mEh]       0.00001986 [kcal/mol]       0.00008309 [kJ/mol]
      Disp20 (SS)                  -0.09110254 [mEh]      -0.05716771 [kcal/mol]      -0.23918968 [kJ/mol]
      Disp20 (OS)                  -0.09110254 [mEh]      -0.05716771 [kcal/mol]      -0.23918968 [kJ/mol]
      Exch-Disp20 (SS)              0.00002290 [mEh]       0.00001437 [kcal/mol]       0.00006012 [kJ/mol]
      Exch-Disp20 (OS)              0.00000875 [mEh]       0.00000549 [kcal/mol]       0.00002297 [kJ/mol]

  Total HF                         72.24668954 [mEh]      45.33548214 [kcal/mol]     189.68365726 [kJ/mol]
  Total SAPT0                      72.06451611 [mEh]      45.22116658 [kcal/mol]     189.20536099 [kJ/mol]

  Special recipe for scaled SAPT0 (see Manual):
    Electrostatics sSAPT0          73.54408710 [mEh]      46.14961140 [kcal/mol]     193.08997409 [kJ/mol]
    Exchange sSAPT0                 0.00008544 [mEh]       0.00005361 [kcal/mol]       0.00022432 [kJ/mol]
    Induction sSAPT0               -1.29748300 [mEh]      -0.81418287 [kcal/mol]      -3.40654114 [kJ/mol]
    Dispersion sSAPT0              -0.18217343 [mEh]      -0.11431555 [kcal/mol]      -0.47829628 [kJ/mol]
  Total sSAPT0                     72.06451611 [mEh]      45.22116658 [kcal/mol]     189.20536099 [kJ/mol]
  --------------------------------------------------------------------------------------------------------

*** tstop() called on aliaconda at Sun Mar 20 05:07:32 2022
Module time:
	user time   =     680.35 seconds =      11.34 minutes
	system time =     118.27 seconds =       1.97 minutes
	total time  =         49 seconds =       0.82 minutes
Total time:
	user time   =   40514.60 seconds =     675.24 minutes
	system time =    5578.02 seconds =      92.97 minutes
	total time  =       2635 seconds =      43.92 minutes


Warning! sapt0 does not have an associated derived wavefunction.The returned wavefunction is the dimer SCF wavefunction.


  Memory set to  74.506 GiB by Python driver.
  Threads set to 32 by Python driver.
