
Scratch directory: /tmp/

Scratch directory: /tmp/

  //>>>>>>>>>>>>>>>>>>>>>>>>>>>>>>>>>>>//
  //              Dimer HF             //
  //<<<<<<<<<<<<<<<<<<<<<<<<<<<<<<<<<<<//


*** tstart() called on aliaconda
*** at Sun Mar 20 05:53:32 2022

   => Loading Basis Set <=

    Name: JUN-CC-PVDZ
    Role: ORBITAL
    Keyword: BASIS
    atoms 1, 14                                          entry N          line   198 file /home/alia/anaconda3/envs/mddemo/share/psi4/basis/jun-cc-pvdz.gbs 
    atoms 2-4, 6, 8-10, 13, 15-17, 19, 21, 23, 25-27, 30 entry H          line    36 file /home/alia/anaconda3/envs/mddemo/share/psi4/basis/jun-cc-pvdz.gbs 
    atoms 5, 7, 11, 18, 20, 24, 28                       entry C          line   164 file /home/alia/anaconda3/envs/mddemo/share/psi4/basis/jun-cc-pvdz.gbs 
    atoms 12, 22, 29                                     entry O          line   232 file /home/alia/anaconda3/envs/mddemo/share/psi4/basis/jun-cc-pvdz.gbs 


         ---------------------------------------------------------
                                   SCF
               by Justin Turney, Rob Parrish, Andy Simmonett
                          and Daniel G. A. Smith
                              RHF Reference
                       32 Threads,  76293 MiB Core
         ---------------------------------------------------------

  ==> Geometry <==

    Molecular point group: c1
    Full point group: C1

    Geometry (in Angstrom), charge = 2, multiplicity = 1:

       Center              X                  Y                   Z               Mass       
    ------------   -----------------  -----------------  -----------------  -----------------
         N            0.588126210580    -6.345116158562    -1.022008159047    14.003074004430
         H           -0.139873953452    -6.452116509514    -0.066008307820     1.007825032230
         H           -0.171874018302    -6.774116297799    -1.852008321171     1.007825032230
         H            1.297126082787    -7.011116286355    -0.912008025532     1.007825032230
         C            1.007125882516    -5.051116486626    -1.213008143788    12.000000000000
         H            0.439126042733    -4.383116265374    -0.615008094197     1.007825032230
         C            2.436126021752    -4.915116330224    -0.683008410817    12.000000000000
         H            3.246125964532    -5.462116261559    -1.214008071309     1.007825032230
         H            2.392126111398    -5.215116520959     0.390991947765     1.007825032230
         H            2.726125983605    -3.843116303521    -0.658008315449     1.007825032230
         C            0.923125771890    -4.596116562920    -2.694008328801    12.000000000000
         O            0.329125909219    -5.210116406518    -3.573008277302    15.994914619570
         H            1.430095939050    -3.660802384453    -2.973594643956     1.007825032230
         N            0.452126054177     2.820883730811     0.395991585369    14.003074004430
         H            0.301126031289     2.710884074134    -0.795008399373     1.007825032230
         H            0.806126145730     1.692883471412     0.621991894359     1.007825032230
         H            1.203125981698     3.446884135169     0.523991844768     1.007825032230
         C           -0.834874125114     3.244883517188     0.886991760845    12.000000000000
         H           -1.466874094596     2.375884035987     1.022991917247     1.007825032230
         C           -0.785873861899     3.821884135169     2.269991657848    12.000000000000
         H           -1.824873896232     4.162883738441     2.585992119426     1.007825032230
         O           -0.045874090781     4.952883700294     2.424991867656    15.994914619570
         H            0.923125771890     4.743884066505     2.339991829509     1.007825032230
         C           -0.156874151816     2.770883540077     3.247991821880    12.000000000000
         H            0.929125813851     2.641883829994     3.123992226238     1.007825032230
         H           -0.833874197593     1.873883227271     3.351991913433     1.007825032230
         H           -0.404873819938     3.291883448524     4.252991936321     1.007825032230
         C           -1.479874106040     4.303883532447     0.007991573925    12.000000000000
         O           -2.656874151816     4.337883929176    -0.219008185749    15.994914619570
         H           -0.836893530479     5.075254420204    -0.440966822987     1.007825032230

  Running in c1 symmetry.

  Rotational constants: A =      0.03829  B =      0.00394  C =      0.00373 [cm^-1]
  Rotational constants: A =   1148.00331  B =    118.26132  C =    111.74803 [MHz]
  Nuclear repulsion =  647.822777002228577

  Charge       = 2
  Multiplicity = 1
  Electrons    = 96
  Nalpha       = 48
  Nbeta        = 48

  ==> Algorithm <==

  SCF Algorithm Type is DF.
  DIIS enabled.
  MOM disabled.
  Fractional occupation disabled.
  Guess Type is SAD.
  Energy threshold   = 1.00e-08
  Density threshold  = 1.00e-08
  Integral threshold = 1.00e-12

  ==> Primary Basis <==

  Basis Set: JUN-CC-PVDZ
    Blend: JUN-CC-PVDZ
    Number of shells: 150
    Number of basis functions: 306
    Number of Cartesian functions: 318
    Spherical Harmonics?: true
    Max angular momentum: 2

   => Loading Basis Set <=

    Name: (JUN-CC-PVDZ AUX)
    Role: JKFIT
    Keyword: DF_BASIS_SCF
    atoms 1, 14                                          entry N          line   202 file /home/alia/anaconda3/envs/mddemo/share/psi4/basis/jun-cc-pvdz-jkfit.gbs 
    atoms 2-4, 6, 8-10, 13, 15-17, 19, 21, 23, 25-27, 30 entry H          line    70 file /home/alia/anaconda3/envs/mddemo/share/psi4/basis/jun-cc-pvdz-jkfit.gbs 
    atoms 5, 7, 11, 18, 20, 24, 28                       entry C          line   146 file /home/alia/anaconda3/envs/mddemo/share/psi4/basis/jun-cc-pvdz-jkfit.gbs 
    atoms 12, 22, 29                                     entry O          line   258 file /home/alia/anaconda3/envs/mddemo/share/psi4/basis/jun-cc-pvdz-jkfit.gbs 

  ==> Integral Setup <==

  ==> DiskDFJK: Density-Fitted J/K Matrices <==

    J tasked:                  Yes
    K tasked:                  Yes
    wK tasked:                  No
    OpenMP threads:             32
    Integrals threads:          32
    Memory [MiB]:            57220
    Algorithm:                Core
    Integral Cache:           SAVE
    Schwarz Cutoff:          1E-12
    Fitting Condition:       1E-10

   => Auxiliary Basis Set <=

  Basis Set: (JUN-CC-PVDZ AUX)
    Blend: JUN-CC-PVDZ-JKFIT
    Number of shells: 486
    Number of basis functions: 1362
    Number of Cartesian functions: 1542
    Spherical Harmonics?: true
    Max angular momentum: 3

  Minimum eigenvalue in the overlap matrix is 6.2858445736E-05.
  Reciprocal condition number of the overlap matrix is 5.4279680530E-06.
    Using symmetric orthogonalization.

  ==> Pre-Iterations <==

  SCF Guess: Superposition of Atomic Densities via on-the-fly atomic UHF (no occupation information).

   -------------------------
    Irrep   Nso     Nmo    
   -------------------------
     A        306     306 
   -------------------------
    Total     306     306
   -------------------------

  ==> Iterations <==

                           Total Energy        Delta E     RMS |[F,P]|

   @DF-RHF iter SAD:  -607.69876905281842   -6.07699e+02   0.00000e+00 
   @DF-RHF iter   1:  -607.96363154388166   -2.64862e-01   2.80570e-03 DIIS
   @DF-RHF iter   2:  -608.28731104534324   -3.23680e-01   1.71100e-03 DIIS
   @DF-RHF iter   3:  -608.38982541603468   -1.02514e-01   3.80200e-04 DIIS
   @DF-RHF iter   4:  -608.39802982010042   -8.20440e-03   1.44110e-04 DIIS
   @DF-RHF iter   5:  -608.39921119326539   -1.18137e-03   3.36301e-05 DIIS
   @DF-RHF iter   6:  -608.39932998048380   -1.18787e-04   1.58787e-05 DIIS
   @DF-RHF iter   7:  -608.39935597034503   -2.59899e-05   6.89134e-06 DIIS
   @DF-RHF iter   8:  -608.39936184784995   -5.87750e-06   2.66744e-06 DIIS
   @DF-RHF iter   9:  -608.39936267912856   -8.31279e-07   8.33861e-07 DIIS
   @DF-RHF iter  10:  -608.39936275160676   -7.24782e-08   3.29066e-07 DIIS
   @DF-RHF iter  11:  -608.39936276166327   -1.00565e-08   1.26325e-07 DIIS
   @DF-RHF iter  12:  -608.39936276414971   -2.48644e-09   6.32591e-08 DIIS
   @DF-RHF iter  13:  -608.39936276500657   -8.56858e-10   3.35004e-08 DIIS
   @DF-RHF iter  14:  -608.39936276538253   -3.75962e-10   1.46870e-08 DIIS
   @DF-RHF iter  15:  -608.39936276545086   -6.83258e-11   4.84792e-09 DIIS
  Energy and wave function converged.


  ==> Post-Iterations <==

    Orbital Energies [Eh]
    ---------------------

    Doubly Occupied:                                                      

       1A    -20.821183     2A    -20.795452     3A    -20.795180  
       4A    -16.006659     5A    -15.986874     6A    -11.594570  
       7A    -11.567693     8A    -11.564098     9A    -11.546082  
      10A    -11.528078    11A    -11.497670    12A    -11.458093  
      13A     -1.642546    14A     -1.633975    15A     -1.619675  
      16A     -1.589726    17A     -1.576625    18A     -1.310075  
      19A     -1.303310    20A     -1.199993    21A     -1.168601  
      22A     -1.086798    23A     -1.083558    24A     -1.074324  
      25A     -1.031627    26A     -1.024748    27A     -0.998219  
      28A     -0.978116    29A     -0.961242    30A     -0.952598  
      31A     -0.895845    32A     -0.887146    33A     -0.875787  
      34A     -0.866172    35A     -0.862191    36A     -0.833699  
      37A     -0.821371    38A     -0.807499    39A     -0.793494  
      40A     -0.786596    41A     -0.774956    42A     -0.745270  
      43A     -0.743868    44A     -0.724158    45A     -0.703298  
      46A     -0.677418    47A     -0.675071    48A     -0.634099  

    Virtual:                                                              

      49A     -0.202767    50A     -0.181274    51A     -0.155487  
      52A     -0.144177    53A     -0.135193    54A     -0.129867  
      55A     -0.121483    56A     -0.110033    57A     -0.105384  
      58A     -0.102121    59A     -0.094366    60A     -0.090515  
      61A     -0.085693    62A     -0.080594    63A     -0.077029  
      64A     -0.071780    65A     -0.066821    66A     -0.064236  
      67A     -0.062659    68A     -0.060066    69A     -0.046074  
      70A     -0.045890    71A     -0.037625    72A     -0.033030  
      73A     -0.031946    74A     -0.025671    75A     -0.025078  
      76A     -0.020805    77A     -0.016123    78A     -0.011394  
      79A     -0.008710    80A     -0.005185    81A      0.005298  
      82A      0.011188    83A      0.017118    84A      0.031289  
      85A      0.037834    86A      0.043152    87A      0.043994  
      88A      0.055965    89A      0.059288    90A      0.060179  
      91A      0.071812    92A      0.081501    93A      0.089176  
      94A      0.090055    95A      0.102770    96A      0.107619  
      97A      0.115316    98A      0.118014    99A      0.122551  
     100A      0.128416   101A      0.136640   102A      0.137318  
     103A      0.140312   104A      0.146973   105A      0.152403  
     106A      0.165716   107A      0.168450   108A      0.172031  
     109A      0.179076   110A      0.190798   111A      0.201298  
     112A      0.203809   113A      0.217973   114A      0.219182  
     115A      0.221179   116A      0.230048   117A      0.244945  
     118A      0.249379   119A      0.269769   120A      0.274002  
     121A      0.281826   122A      0.293594   123A      0.329656  
     124A      0.335198   125A      0.370255   126A      0.391077  
     127A      0.453992   128A      0.478797   129A      0.490066  
     130A      0.498204   131A      0.523699   132A      0.526093  
     133A      0.542542   134A      0.545782   135A      0.561026  
     136A      0.565469   137A      0.570204   138A      0.582885  
     139A      0.595821   140A      0.606520   141A      0.613823  
     142A      0.619444   143A      0.635505   144A      0.644825  
     145A      0.649672   146A      0.663293   147A      0.668916  
     148A      0.677499   149A      0.688368   150A      0.691990  
     151A      0.694161   152A      0.707313   153A      0.720862  
     154A      0.727727   155A      0.731110   156A      0.741615  
     157A      0.752412   158A      0.762725   159A      0.774538  
     160A      0.784971   161A      0.789579   162A      0.808175  
     163A      0.820006   164A      0.825500   165A      0.834470  
     166A      0.837651   167A      0.847453   168A      0.859915  
     169A      0.862760   170A      0.872335   171A      0.878762  
     172A      0.895265   173A      0.925940   174A      0.945846  
     175A      0.977718   176A      1.032104   177A      1.043368  
     178A      1.061121   179A      1.092701   180A      1.139424  
     181A      1.147915   182A      1.167007   183A      1.177246  
     184A      1.182565   185A      1.221473   186A      1.231968  
     187A      1.245170   188A      1.255296   189A      1.265550  
     190A      1.272467   191A      1.278412   192A      1.283673  
     193A      1.296663   194A      1.307482   195A      1.315342  
     196A      1.331097   197A      1.339015   198A      1.341177  
     199A      1.357841   200A      1.382407   201A      1.388393  
     202A      1.410100   203A      1.417960   204A      1.440789  
     205A      1.448027   206A      1.457580   207A      1.493853  
     208A      1.521787   209A      1.538918   210A      1.549547  
     211A      1.553377   212A      1.566984   213A      1.580950  
     214A      1.612284   215A      1.617201   216A      1.637344  
     217A      1.639951   218A      1.660340   219A      1.663268  
     220A      1.689571   221A      1.693822   222A      1.714093  
     223A      1.725446   224A      1.726688   225A      1.733700  
     226A      1.737912   227A      1.745750   228A      1.746321  
     229A      1.762935   230A      1.766528   231A      1.784097  
     232A      1.788361   233A      1.808261   234A      1.812585  
     235A      1.817528   236A      1.819902   237A      1.846664  
     238A      1.853965   239A      1.877441   240A      1.890724  
     241A      1.899046   242A      1.912891   243A      1.938265  
     244A      1.952966   245A      1.966174   246A      2.004833  
     247A      2.006335   248A      2.035417   249A      2.036742  
     250A      2.046126   251A      2.068145   252A      2.074820  
     253A      2.105725   254A      2.128564   255A      2.144618  
     256A      2.149392   257A      2.159773   258A      2.176009  
     259A      2.189194   260A      2.220941   261A      2.243080  
     262A      2.262943   263A      2.266910   264A      2.333458  
     265A      2.357912   266A      2.367873   267A      2.390034  
     268A      2.402479   269A      2.407826   270A      2.414816  
     271A      2.461194   272A      2.482833   273A      2.485715  
     274A      2.523729   275A      2.529135   276A      2.549059  
     277A      2.555232   278A      2.606786   279A      2.610988  
     280A      2.629013   281A      2.661345   282A      2.662907  
     283A      2.672783   284A      2.690975   285A      2.692081  
     286A      2.740627   287A      2.747638   288A      2.808076  
     289A      2.853215   290A      2.886600   291A      2.900189  
     292A      3.001273   293A      3.033750   294A      3.073014  
     295A      3.110466   296A      3.116873   297A      3.227659  
     298A      3.237321   299A      3.250910   300A      3.278313  
     301A      3.477846   302A      3.537287   303A      3.575722  
     304A      3.720588   305A      3.806138   306A      3.883211  

    Final Occupation by Irrep:
              A 
    DOCC [    48 ]

  @DF-RHF Final Energy:  -608.39936276545086

   => Energetics <=

    Nuclear Repulsion Energy =            647.8227770022285767
    One-Electron Energy =               -2089.4336229439454655
    Two-Electron Energy =                 833.2114831762660287
    Total Energy =                       -608.3993627654508600

Computation Completed


Properties will be evaluated at   0.000000,   0.000000,   0.000000 [a0]

Properties computed using the SCF density matrix

  Nuclear Dipole Moment: [e a0]
     X:     9.3736      Y:   -10.0811      Z:     8.1403

  Electronic Dipole Moment: [e a0]
     X:    -6.0406      Y:     3.8418      Z:    -7.8931

  Dipole Moment: [e a0]
     X:     3.3330      Y:    -6.2393      Z:     0.2471     Total:     7.0781

  Dipole Moment: [D]
     X:     8.4717      Y:   -15.8587      Z:     0.6282     Total:    17.9906


*** tstop() called on aliaconda at Sun Mar 20 05:53:46 2022
Module time:
	user time   =     320.15 seconds =       5.34 minutes
	system time =      38.94 seconds =       0.65 minutes
	total time  =         14 seconds =       0.23 minutes
Total time:
	user time   =   87551.15 seconds =    1459.19 minutes
	system time =   12207.11 seconds =     203.45 minutes
	total time  =       5409 seconds =      90.15 minutes

  //>>>>>>>>>>>>>>>>>>>>>>>>>>>>>>>>>>>//
  //            Monomer A HF           //
  //<<<<<<<<<<<<<<<<<<<<<<<<<<<<<<<<<<<//


*** tstart() called on aliaconda
*** at Sun Mar 20 05:53:46 2022

   => Loading Basis Set <=

    Name: JUN-CC-PVDZ
    Role: ORBITAL
    Keyword: BASIS
    atoms 1, 14                                          entry N          line   198 file /home/alia/anaconda3/envs/mddemo/share/psi4/basis/jun-cc-pvdz.gbs 
    atoms 2-4, 6, 8-10, 13, 15-17, 19, 21, 23, 25-27, 30 entry H          line    36 file /home/alia/anaconda3/envs/mddemo/share/psi4/basis/jun-cc-pvdz.gbs 
    atoms 5, 7, 11, 18, 20, 24, 28                       entry C          line   164 file /home/alia/anaconda3/envs/mddemo/share/psi4/basis/jun-cc-pvdz.gbs 
    atoms 12, 22, 29                                     entry O          line   232 file /home/alia/anaconda3/envs/mddemo/share/psi4/basis/jun-cc-pvdz.gbs 


         ---------------------------------------------------------
                                   SCF
               by Justin Turney, Rob Parrish, Andy Simmonett
                          and Daniel G. A. Smith
                              RHF Reference
                       32 Threads,  76293 MiB Core
         ---------------------------------------------------------

  ==> Geometry <==

    Molecular point group: c1
    Full point group: C1

    Geometry (in Angstrom), charge = 1, multiplicity = 1:

       Center              X                  Y                   Z               Mass       
    ------------   -----------------  -----------------  -----------------  -----------------
         N            0.588126210580    -6.345116158562    -1.022008159047    14.003074004430
         H           -0.139873953452    -6.452116509514    -0.066008307820     1.007825032230
         H           -0.171874018302    -6.774116297799    -1.852008321171     1.007825032230
         H            1.297126082787    -7.011116286355    -0.912008025532     1.007825032230
         C            1.007125882516    -5.051116486626    -1.213008143788    12.000000000000
         H            0.439126042733    -4.383116265374    -0.615008094197     1.007825032230
         C            2.436126021752    -4.915116330224    -0.683008410817    12.000000000000
         H            3.246125964532    -5.462116261559    -1.214008071309     1.007825032230
         H            2.392126111398    -5.215116520959     0.390991947765     1.007825032230
         H            2.726125983605    -3.843116303521    -0.658008315449     1.007825032230
         C            0.923125771890    -4.596116562920    -2.694008328801    12.000000000000
         O            0.329125909219    -5.210116406518    -3.573008277302    15.994914619570
         H            1.430095939050    -3.660802384453    -2.973594643956     1.007825032230
      Gh(N)           0.452126054177     2.820883730811     0.395991585369    14.003074004430
      Gh(H)           0.301126031289     2.710884074134    -0.795008399373     1.007825032230
      Gh(H)           0.806126145730     1.692883471412     0.621991894359     1.007825032230
      Gh(H)           1.203125981698     3.446884135169     0.523991844768     1.007825032230
      Gh(C)          -0.834874125114     3.244883517188     0.886991760845    12.000000000000
      Gh(H)          -1.466874094596     2.375884035987     1.022991917247     1.007825032230
      Gh(C)          -0.785873861899     3.821884135169     2.269991657848    12.000000000000
      Gh(H)          -1.824873896232     4.162883738441     2.585992119426     1.007825032230
      Gh(O)          -0.045874090781     4.952883700294     2.424991867656    15.994914619570
      Gh(H)           0.923125771890     4.743884066505     2.339991829509     1.007825032230
      Gh(C)          -0.156874151816     2.770883540077     3.247991821880    12.000000000000
      Gh(H)           0.929125813851     2.641883829994     3.123992226238     1.007825032230
      Gh(H)          -0.833874197593     1.873883227271     3.351991913433     1.007825032230
      Gh(H)          -0.404873819938     3.291883448524     4.252991936321     1.007825032230
      Gh(C)          -1.479874106040     4.303883532447     0.007991573925    12.000000000000
      Gh(O)          -2.656874151816     4.337883929176    -0.219008185749    15.994914619570
      Gh(H)          -0.836893530479     5.075254420204    -0.440966822987     1.007825032230

  Running in c1 symmetry.

  Rotational constants: A =      0.03829  B =      0.00394  C =      0.00373 [cm^-1]
  Rotational constants: A =   1148.00331  B =    118.26132  C =    111.74803 [MHz]
  Nuclear repulsion =  187.237480588378872

  Charge       = 1
  Multiplicity = 1
  Electrons    = 40
  Nalpha       = 20
  Nbeta        = 20

  ==> Algorithm <==

  SCF Algorithm Type is DF.
  DIIS enabled.
  MOM disabled.
  Fractional occupation disabled.
  Guess Type is SAD.
  Energy threshold   = 1.00e-08
  Density threshold  = 1.00e-08
  Integral threshold = 1.00e-12

  ==> Primary Basis <==

  Basis Set: JUN-CC-PVDZ
    Blend: JUN-CC-PVDZ
    Number of shells: 150
    Number of basis functions: 306
    Number of Cartesian functions: 318
    Spherical Harmonics?: true
    Max angular momentum: 2

   => Loading Basis Set <=

    Name: (JUN-CC-PVDZ AUX)
    Role: JKFIT
    Keyword: DF_BASIS_SCF
    atoms 1, 14                                          entry N          line   202 file /home/alia/anaconda3/envs/mddemo/share/psi4/basis/jun-cc-pvdz-jkfit.gbs 
    atoms 2-4, 6, 8-10, 13, 15-17, 19, 21, 23, 25-27, 30 entry H          line    70 file /home/alia/anaconda3/envs/mddemo/share/psi4/basis/jun-cc-pvdz-jkfit.gbs 
    atoms 5, 7, 11, 18, 20, 24, 28                       entry C          line   146 file /home/alia/anaconda3/envs/mddemo/share/psi4/basis/jun-cc-pvdz-jkfit.gbs 
    atoms 12, 22, 29                                     entry O          line   258 file /home/alia/anaconda3/envs/mddemo/share/psi4/basis/jun-cc-pvdz-jkfit.gbs 

  ==> Integral Setup <==

  ==> DiskDFJK: Density-Fitted J/K Matrices <==

    J tasked:                  Yes
    K tasked:                  Yes
    wK tasked:                  No
    OpenMP threads:             32
    Integrals threads:          32
    Memory [MiB]:            57220
    Algorithm:                Core
    Integral Cache:           LOAD
    Schwarz Cutoff:          1E-12
    Fitting Condition:       1E-10

   => Auxiliary Basis Set <=

  Basis Set: (JUN-CC-PVDZ AUX)
    Blend: JUN-CC-PVDZ-JKFIT
    Number of shells: 486
    Number of basis functions: 1362
    Number of Cartesian functions: 1542
    Spherical Harmonics?: true
    Max angular momentum: 3

  Minimum eigenvalue in the overlap matrix is 6.2858445736E-05.
  Reciprocal condition number of the overlap matrix is 5.4279680530E-06.
    Using symmetric orthogonalization.

  ==> Pre-Iterations <==

  SCF Guess: Superposition of Atomic Densities via on-the-fly atomic UHF (no occupation information).

   -------------------------
    Irrep   Nso     Nmo    
   -------------------------
     A        306     306 
   -------------------------
    Total     306     306
   -------------------------

  ==> Iterations <==

                           Total Energy        Delta E     RMS |[F,P]|

   @DF-RHF iter SAD:  -246.90877941810442   -2.46909e+02   0.00000e+00 
   @DF-RHF iter   1:  -247.12359626279908   -2.14817e-01   1.75701e-03 DIIS
   @DF-RHF iter   2:  -247.25233303799195   -1.28737e-01   1.06698e-03 DIIS
   @DF-RHF iter   3:  -247.29253475501957   -4.02017e-02   2.47815e-04 DIIS
   @DF-RHF iter   4:  -247.29602982596015   -3.49507e-03   8.91485e-05 DIIS
   @DF-RHF iter   5:  -247.29650826881277   -4.78443e-04   2.05263e-05 DIIS
   @DF-RHF iter   6:  -247.29655858656844   -5.03178e-05   9.17996e-06 DIIS
   @DF-RHF iter   7:  -247.29656801937588   -9.43281e-06   4.44635e-06 DIIS
   @DF-RHF iter   8:  -247.29657061476996   -2.59539e-06   1.44023e-06 DIIS
   @DF-RHF iter   9:  -247.29657087966038   -2.64890e-07   2.93529e-07 DIIS
   @DF-RHF iter  10:  -247.29657088876067   -9.10029e-09   9.06346e-08 DIIS
   @DF-RHF iter  11:  -247.29657088961551   -8.54840e-10   2.03842e-08 DIIS
   @DF-RHF iter  12:  -247.29657088965934   -4.38263e-11   6.04006e-09 DIIS
  Energy and wave function converged.


  ==> Post-Iterations <==

    Orbital Energies [Eh]
    ---------------------

    Doubly Occupied:                                                      

       1A    -20.757079     2A    -15.927570     3A    -11.530368  
       4A    -11.498576     5A    -11.431844     6A     -1.579346  
       7A     -1.528724     8A     -1.245741     9A     -1.104164  
      10A     -1.023113    11A     -0.963668    12A     -0.936049  
      13A     -0.888649    14A     -0.823777    15A     -0.799067  
      16A     -0.743117    17A     -0.727561    18A     -0.721018  
      19A     -0.682026    20A     -0.610893  

    Virtual:                                                              

      21A     -0.121821    22A     -0.076404    23A     -0.068946  
      24A     -0.052974    25A     -0.046569    26A     -0.031463  
      27A     -0.025892    28A     -0.025023    29A     -0.013502  
      30A     -0.006147    31A     -0.001401    32A      0.000834  
      33A      0.010804    34A      0.012919    35A      0.017005  
      36A      0.029152    37A      0.029560    38A      0.034085  
      39A      0.037501    40A      0.045154    41A      0.049343  
      42A      0.052380    43A      0.055828    44A      0.064079  
      45A      0.072440    46A      0.077591    47A      0.087660  
      48A      0.089575    49A      0.094924    50A      0.099438  
      51A      0.106477    52A      0.108988    53A      0.117138  
      54A      0.122750    55A      0.138956    56A      0.147462  
      57A      0.152037    58A      0.152791    59A      0.157820  
      60A      0.159781    61A      0.168954    62A      0.170637  
      63A      0.174355    64A      0.184365    65A      0.192052  
      66A      0.197627    67A      0.206412    68A      0.213166  
      69A      0.214017    70A      0.229857    71A      0.236142  
      72A      0.242256    73A      0.249615    74A      0.257496  
      75A      0.266049    76A      0.274277    77A      0.280813  
      78A      0.284784    79A      0.300118    80A      0.308101  
      81A      0.318562    82A      0.333396    83A      0.337052  
      84A      0.342094    85A      0.363192    86A      0.366811  
      87A      0.386497    88A      0.396001    89A      0.400608  
      90A      0.434523    91A      0.451129    92A      0.453649  
      93A      0.478683    94A      0.499372    95A      0.509015  
      96A      0.519101    97A      0.535165    98A      0.542738  
      99A      0.553708   100A      0.562090   101A      0.566781  
     102A      0.574516   103A      0.586866   104A      0.591405  
     105A      0.605548   106A      0.621372   107A      0.634652  
     108A      0.647296   109A      0.659035   110A      0.672803  
     111A      0.675070   112A      0.685754   113A      0.701432  
     114A      0.702123   115A      0.710552   116A      0.732483  
     117A      0.746291   118A      0.753244   119A      0.757740  
     120A      0.758950   121A      0.790466   122A      0.793010  
     123A      0.814868   124A      0.816732   125A      0.850395  
     126A      0.855022   127A      0.867714   128A      0.881667  
     129A      0.899244   130A      0.901393   131A      0.926627  
     132A      0.929758   133A      0.935371   134A      0.943619  
     135A      0.953779   136A      0.986870   137A      0.995943  
     138A      1.010071   139A      1.044889   140A      1.108618  
     141A      1.125166   142A      1.157116   143A      1.203716  
     144A      1.240780   145A      1.241706   146A      1.295385  
     147A      1.318624   148A      1.334522   149A      1.345430  
     150A      1.376495   151A      1.401068   152A      1.448114  
     153A      1.483040   154A      1.504632   155A      1.514805  
     156A      1.533853   157A      1.549090   158A      1.585301  
     159A      1.614637   160A      1.617006   161A      1.631406  
     162A      1.635653   163A      1.652635   164A      1.670763  
     165A      1.676656   166A      1.694383   167A      1.706003  
     168A      1.716184   169A      1.725403   170A      1.736800  
     171A      1.746661   172A      1.753194   173A      1.770615  
     174A      1.789911   175A      1.798683   176A      1.807461  
     177A      1.811528   178A      1.830772   179A      1.851412  
     180A      1.856975   181A      1.861922   182A      1.872167  
     183A      1.877574   184A      1.882927   185A      1.888459  
     186A      1.909143   187A      1.910961   188A      1.912553  
     189A      1.945676   190A      1.953430   191A      1.962435  
     192A      1.979975   193A      1.999741   194A      2.015187  
     195A      2.025663   196A      2.036223   197A      2.053609  
     198A      2.067521   199A      2.068808   200A      2.081199  
     201A      2.099760   202A      2.129444   203A      2.132480  
     204A      2.150679   205A      2.166791   206A      2.169553  
     207A      2.180063   208A      2.196733   209A      2.209598  
     210A      2.226594   211A      2.239144   212A      2.253929  
     213A      2.277290   214A      2.298673   215A      2.307525  
     216A      2.339558   217A      2.359997   218A      2.373776  
     219A      2.380017   220A      2.398228   221A      2.414775  
     222A      2.425251   223A      2.443120   224A      2.452719  
     225A      2.472679   226A      2.477425   227A      2.515236  
     228A      2.524327   229A      2.546648   230A      2.568516  
     231A      2.586483   232A      2.594875   233A      2.610486  
     234A      2.613872   235A      2.618175   236A      2.673006  
     237A      2.679848   238A      2.694404   239A      2.736513  
     240A      2.740353   241A      2.755242   242A      2.777665  
     243A      2.799751   244A      2.809044   245A      2.822804  
     246A      2.870896   247A      2.876931   248A      2.904035  
     249A      2.917588   250A      2.951518   251A      2.962688  
     252A      2.964190   253A      3.056962   254A      3.064006  
     255A      3.082698   256A      3.170960   257A      3.185204  
     258A      3.215633   259A      3.285783   260A      3.290279  
     261A      3.304694   262A      3.430464   263A      3.481431  
     264A      3.488949   265A      3.541170   266A      3.559698  
     267A      3.642492   268A      3.690182   269A      3.743396  
     270A      3.783536   271A      3.917423   272A      3.974038  
     273A      4.070192   274A      4.172810   275A      4.203695  
     276A      4.346883   277A      4.406161   278A      4.486790  
     279A      4.560782   280A      4.627891   281A      4.637839  
     282A      4.691633   283A      4.713595   284A      4.727734  
     285A      4.839972   286A      4.853668   287A      4.962782  
     288A      5.056619   289A      5.104065   290A      5.180190  
     291A      5.427195   292A      5.519609   293A      5.582164  
     294A      5.674737   295A      5.806733   296A      5.983998  
     297A      6.090614   298A      6.642425   299A      6.855244  
     300A     18.156375   301A     18.353639   302A     18.439428  
     303A     18.617332   304A     25.331570   305A     33.451430  
     306A     33.475608  

    Final Occupation by Irrep:
              A 
    DOCC [    20 ]

  @DF-RHF Final Energy:  -247.29657088965934

   => Energetics <=

    Nuclear Repulsion Energy =            187.2374805883788724
    One-Electron Energy =                -698.0234043857645929
    Two-Electron Energy =                 263.4893529077264134
    Total Energy =                       -247.2965708896593355

Computation Completed


Properties will be evaluated at   0.000000,   0.000000,   0.000000 [a0]

Properties computed using the SCF density matrix

  Nuclear Dipole Moment: [e a0]
     X:    83.4638      Y:  -408.6957      Z:  -134.5068

  Electronic Dipole Moment: [e a0]
     X:   -81.6834      Y:   397.6956      Z:   133.4403

  Dipole Moment: [e a0]
     X:     1.7804      Y:   -11.0002      Z:    -1.0665     Total:    11.1942

  Dipole Moment: [D]
     X:     4.5254      Y:   -27.9596      Z:    -2.7108     Total:    28.4529


*** tstop() called on aliaconda at Sun Mar 20 05:53:54 2022
Module time:
	user time   =     157.13 seconds =       2.62 minutes
	system time =      14.03 seconds =       0.23 minutes
	total time  =          8 seconds =       0.13 minutes
Total time:
	user time   =   87708.41 seconds =    1461.81 minutes
	system time =   12221.16 seconds =     203.69 minutes
	total time  =       5417 seconds =      90.28 minutes

  //>>>>>>>>>>>>>>>>>>>>>>>>>>>>>>>>>>>//
  //            Monomer B HF           //
  //<<<<<<<<<<<<<<<<<<<<<<<<<<<<<<<<<<<//


*** tstart() called on aliaconda
*** at Sun Mar 20 05:53:54 2022

   => Loading Basis Set <=

    Name: JUN-CC-PVDZ
    Role: ORBITAL
    Keyword: BASIS
    atoms 1, 14                                          entry N          line   198 file /home/alia/anaconda3/envs/mddemo/share/psi4/basis/jun-cc-pvdz.gbs 
    atoms 2-4, 6, 8-10, 13, 15-17, 19, 21, 23, 25-27, 30 entry H          line    36 file /home/alia/anaconda3/envs/mddemo/share/psi4/basis/jun-cc-pvdz.gbs 
    atoms 5, 7, 11, 18, 20, 24, 28                       entry C          line   164 file /home/alia/anaconda3/envs/mddemo/share/psi4/basis/jun-cc-pvdz.gbs 
    atoms 12, 22, 29                                     entry O          line   232 file /home/alia/anaconda3/envs/mddemo/share/psi4/basis/jun-cc-pvdz.gbs 


         ---------------------------------------------------------
                                   SCF
               by Justin Turney, Rob Parrish, Andy Simmonett
                          and Daniel G. A. Smith
                              RHF Reference
                       32 Threads,  76293 MiB Core
         ---------------------------------------------------------

  ==> Geometry <==

    Molecular point group: c1
    Full point group: C1

    Geometry (in Angstrom), charge = 1, multiplicity = 1:

       Center              X                  Y                   Z               Mass       
    ------------   -----------------  -----------------  -----------------  -----------------
      Gh(N)           0.588126210580    -6.345116158562    -1.022008159047    14.003074004430
      Gh(H)          -0.139873953452    -6.452116509514    -0.066008307820     1.007825032230
      Gh(H)          -0.171874018302    -6.774116297799    -1.852008321171     1.007825032230
      Gh(H)           1.297126082787    -7.011116286355    -0.912008025532     1.007825032230
      Gh(C)           1.007125882516    -5.051116486626    -1.213008143788    12.000000000000
      Gh(H)           0.439126042733    -4.383116265374    -0.615008094197     1.007825032230
      Gh(C)           2.436126021752    -4.915116330224    -0.683008410817    12.000000000000
      Gh(H)           3.246125964532    -5.462116261559    -1.214008071309     1.007825032230
      Gh(H)           2.392126111398    -5.215116520959     0.390991947765     1.007825032230
      Gh(H)           2.726125983605    -3.843116303521    -0.658008315449     1.007825032230
      Gh(C)           0.923125771890    -4.596116562920    -2.694008328801    12.000000000000
      Gh(O)           0.329125909219    -5.210116406518    -3.573008277302    15.994914619570
      Gh(H)           1.430095939050    -3.660802384453    -2.973594643956     1.007825032230
         N            0.452126054177     2.820883730811     0.395991585369    14.003074004430
         H            0.301126031289     2.710884074134    -0.795008399373     1.007825032230
         H            0.806126145730     1.692883471412     0.621991894359     1.007825032230
         H            1.203125981698     3.446884135169     0.523991844768     1.007825032230
         C           -0.834874125114     3.244883517188     0.886991760845    12.000000000000
         H           -1.466874094596     2.375884035987     1.022991917247     1.007825032230
         C           -0.785873861899     3.821884135169     2.269991657848    12.000000000000
         H           -1.824873896232     4.162883738441     2.585992119426     1.007825032230
         O           -0.045874090781     4.952883700294     2.424991867656    15.994914619570
         H            0.923125771890     4.743884066505     2.339991829509     1.007825032230
         C           -0.156874151816     2.770883540077     3.247991821880    12.000000000000
         H            0.929125813851     2.641883829994     3.123992226238     1.007825032230
         H           -0.833874197593     1.873883227271     3.351991913433     1.007825032230
         H           -0.404873819938     3.291883448524     4.252991936321     1.007825032230
         C           -1.479874106040     4.303883532447     0.007991573925    12.000000000000
         O           -2.656874151816     4.337883929176    -0.219008185749    15.994914619570
         H           -0.836893530479     5.075254420204    -0.440966822987     1.007825032230

  Running in c1 symmetry.

  Rotational constants: A =      0.03829  B =      0.00394  C =      0.00373 [cm^-1]
  Rotational constants: A =   1148.00331  B =    118.26132  C =    111.74803 [MHz]
  Nuclear repulsion =  334.007615923496076

  Charge       = 1
  Multiplicity = 1
  Electrons    = 56
  Nalpha       = 28
  Nbeta        = 28

  ==> Algorithm <==

  SCF Algorithm Type is DF.
  DIIS enabled.
  MOM disabled.
  Fractional occupation disabled.
  Guess Type is SAD.
  Energy threshold   = 1.00e-08
  Density threshold  = 1.00e-08
  Integral threshold = 1.00e-12

  ==> Primary Basis <==

  Basis Set: JUN-CC-PVDZ
    Blend: JUN-CC-PVDZ
    Number of shells: 150
    Number of basis functions: 306
    Number of Cartesian functions: 318
    Spherical Harmonics?: true
    Max angular momentum: 2

   => Loading Basis Set <=

    Name: (JUN-CC-PVDZ AUX)
    Role: JKFIT
    Keyword: DF_BASIS_SCF
    atoms 1, 14                                          entry N          line   202 file /home/alia/anaconda3/envs/mddemo/share/psi4/basis/jun-cc-pvdz-jkfit.gbs 
    atoms 2-4, 6, 8-10, 13, 15-17, 19, 21, 23, 25-27, 30 entry H          line    70 file /home/alia/anaconda3/envs/mddemo/share/psi4/basis/jun-cc-pvdz-jkfit.gbs 
    atoms 5, 7, 11, 18, 20, 24, 28                       entry C          line   146 file /home/alia/anaconda3/envs/mddemo/share/psi4/basis/jun-cc-pvdz-jkfit.gbs 
    atoms 12, 22, 29                                     entry O          line   258 file /home/alia/anaconda3/envs/mddemo/share/psi4/basis/jun-cc-pvdz-jkfit.gbs 

  ==> Integral Setup <==

  ==> DiskDFJK: Density-Fitted J/K Matrices <==

    J tasked:                  Yes
    K tasked:                  Yes
    wK tasked:                  No
    OpenMP threads:             32
    Integrals threads:          32
    Memory [MiB]:            57220
    Algorithm:                Core
    Integral Cache:           LOAD
    Schwarz Cutoff:          1E-12
    Fitting Condition:       1E-10

   => Auxiliary Basis Set <=

  Basis Set: (JUN-CC-PVDZ AUX)
    Blend: JUN-CC-PVDZ-JKFIT
    Number of shells: 486
    Number of basis functions: 1362
    Number of Cartesian functions: 1542
    Spherical Harmonics?: true
    Max angular momentum: 3

  Minimum eigenvalue in the overlap matrix is 6.2858445735E-05.
  Reciprocal condition number of the overlap matrix is 5.4279680529E-06.
    Using symmetric orthogonalization.

  ==> Pre-Iterations <==

  SCF Guess: Superposition of Atomic Densities via on-the-fly atomic UHF (no occupation information).

   -------------------------
    Irrep   Nso     Nmo    
   -------------------------
     A        306     306 
   -------------------------
    Total     306     306
   -------------------------

  ==> Iterations <==

                           Total Energy        Delta E     RMS |[F,P]|

   @DF-RHF iter SAD:  -360.78998707298837   -3.60790e+02   0.00000e+00 
   @DF-RHF iter   1:  -360.90729197119214   -1.17305e-01   2.17280e-03 DIIS
   @DF-RHF iter   2:  -361.10060059969283   -1.93309e-01   1.30769e-03 DIIS
   @DF-RHF iter   3:  -361.16019632359712   -5.95957e-02   2.84443e-04 DIIS
   @DF-RHF iter   4:  -361.16476345040735   -4.56713e-03   1.09671e-04 DIIS
   @DF-RHF iter   5:  -361.16542248462650   -6.59034e-04   2.55339e-05 DIIS
   @DF-RHF iter   6:  -361.16548545594810   -6.29713e-05   1.17024e-05 DIIS
   @DF-RHF iter   7:  -361.16549893653979   -1.34806e-05   4.76996e-06 DIIS
   @DF-RHF iter   8:  -361.16550163557656   -2.69904e-06   1.90659e-06 DIIS
   @DF-RHF iter   9:  -361.16550207609583   -4.40519e-07   5.43685e-07 DIIS
   @DF-RHF iter  10:  -361.16550211794299   -4.18472e-08   1.90940e-07 DIIS
   @DF-RHF iter  11:  -361.16550212417644   -6.23345e-09   8.30162e-08 DIIS
   @DF-RHF iter  12:  -361.16550212574685   -1.57041e-09   4.45076e-08 DIIS
   @DF-RHF iter  13:  -361.16550212634422   -5.97367e-10   2.24165e-08 DIIS
   @DF-RHF iter  14:  -361.16550212650606   -1.61833e-10   7.50217e-09 DIIS
  Energy and wave function converged.


  ==> Post-Iterations <==

    Orbital Energies [Eh]
    ---------------------

    Doubly Occupied:                                                      

       1A    -20.744933     2A    -20.743322     3A    -15.946680  
       4A    -11.515907     5A    -11.490650     6A    -11.475277  
       7A    -11.403695     8A     -1.582007     9A     -1.568416  
      10A     -1.518910    11A     -1.248311    12A     -1.145680  
      13A     -1.027814    14A     -1.020810    15A     -0.974941  
      16A     -0.921367    17A     -0.906194    18A     -0.841866  
      19A     -0.822103    20A     -0.814426    21A     -0.780885  
      22A     -0.767235    23A     -0.721531    24A     -0.691972  
      25A     -0.671902    26A     -0.650266    27A     -0.625560  
      28A     -0.581735  

    Virtual:                                                              

      29A     -0.135387    30A     -0.086603    31A     -0.077647  
      32A     -0.050654    33A     -0.044451    34A     -0.037160  
      35A     -0.032534    36A     -0.025488    37A     -0.018792  
      38A     -0.012659    39A     -0.008466    40A     -0.005944  
      41A     -0.000763    42A      0.003086    43A      0.012628  
      44A      0.018315    45A      0.026598    46A      0.032046  
      47A      0.038481    48A      0.040774    49A      0.043284  
      50A      0.045352    51A      0.048265    52A      0.055029  
      53A      0.057056    54A      0.065941    55A      0.072264  
      56A      0.084731    57A      0.093655    58A      0.100340  
      59A      0.101151    60A      0.104466    61A      0.111649  
      62A      0.113959    63A      0.122315    64A      0.132082  
      65A      0.136695    66A      0.141831    67A      0.146884  
      68A      0.152163    69A      0.156343    70A      0.165271  
      71A      0.168835    72A      0.172997    73A      0.184472  
      74A      0.187757    75A      0.191827    76A      0.198100  
      77A      0.200166    78A      0.204965    79A      0.217443  
      80A      0.222484    81A      0.228844    82A      0.240892  
      83A      0.246107    84A      0.254338    85A      0.266386  
      86A      0.273366    87A      0.281395    88A      0.289414  
      89A      0.293905    90A      0.298430    91A      0.314504  
      92A      0.323188    93A      0.335129    94A      0.346321  
      95A      0.352523    96A      0.357181    97A      0.377725  
      98A      0.386645    99A      0.388276   100A      0.397051  
     101A      0.427697   102A      0.442901   103A      0.454685  
     104A      0.478864   105A      0.511507   106A      0.521652  
     107A      0.534053   108A      0.551761   109A      0.555527  
     110A      0.578854   111A      0.582092   112A      0.605784  
     113A      0.616154   114A      0.619391   115A      0.623542  
     116A      0.641758   117A      0.650856   118A      0.664464  
     119A      0.680612   120A      0.692214   121A      0.703988  
     122A      0.717845   123A      0.728521   124A      0.733301  
     125A      0.744908   126A      0.759998   127A      0.770048  
     128A      0.775087   129A      0.784928   130A      0.797364  
     131A      0.816840   132A      0.818515   133A      0.828218  
     134A      0.839518   135A      0.848364   136A      0.881101  
     137A      0.882440   138A      0.888200   139A      0.895920  
     140A      0.903217   141A      0.915984   142A      0.932834  
     143A      0.934384   144A      0.950394   145A      0.981370  
     146A      0.988236   147A      1.031325   148A      1.086135  
     149A      1.146896   150A      1.170279   151A      1.200799  
     152A      1.221037   153A      1.236167   154A      1.274990  
     155A      1.298129   156A      1.319408   157A      1.331500  
     158A      1.349528   159A      1.359335   160A      1.386009  
     161A      1.393121   162A      1.412067   163A      1.438372  
     164A      1.463572   165A      1.488770   166A      1.495598  
     167A      1.501742   168A      1.509572   169A      1.546532  
     170A      1.553482   171A      1.576496   172A      1.594894  
     173A      1.607336   174A      1.607897   175A      1.634774  
     176A      1.647382   177A      1.674669   178A      1.678955  
     179A      1.691237   180A      1.697648   181A      1.712317  
     182A      1.718106   183A      1.747689   184A      1.749370  
     185A      1.769924   186A      1.773213   187A      1.779737  
     188A      1.787556   189A      1.791450   190A      1.800434  
     191A      1.817879   192A      1.820610   193A      1.838925  
     194A      1.867519   195A      1.870516   196A      1.874363  
     197A      1.897981   198A      1.907883   199A      1.930851  
     200A      1.932530   201A      1.943961   202A      1.951433  
     203A      1.959000   204A      1.968238   205A      1.981131  
     206A      1.994482   207A      1.994572   208A      2.021296  
     209A      2.039410   210A      2.053648   211A      2.059934  
     212A      2.067794   213A      2.090419   214A      2.100556  
     215A      2.109188   216A      2.120966   217A      2.129648  
     218A      2.148761   219A      2.182916   220A      2.191030  
     221A      2.204534   222A      2.210978   223A      2.214812  
     224A      2.222188   225A      2.241826   226A      2.275512  
     227A      2.281383   228A      2.316745   229A      2.321201  
     230A      2.337963   231A      2.363320   232A      2.368968  
     233A      2.401490   234A      2.413287   235A      2.423745  
     236A      2.431086   237A      2.455476   238A      2.465028  
     239A      2.470905   240A      2.524486   241A      2.539448  
     242A      2.567172   243A      2.578869   244A      2.579088  
     245A      2.609256   246A      2.640620   247A      2.666774  
     248A      2.682681   249A      2.684554   250A      2.705064  
     251A      2.715634   252A      2.717856   253A      2.745882  
     254A      2.766033   255A      2.775991   256A      2.796981  
     257A      2.812931   258A      2.833024   259A      2.900177  
     260A      2.905032   261A      2.942058   262A      2.967799  
     263A      3.038583   264A      3.087880   265A      3.103845  
     266A      3.125382   267A      3.127392   268A      3.173263  
     269A      3.181174   270A      3.288446   271A      3.301393  
     272A      3.329959   273A      3.382164   274A      3.456895  
     275A      3.492035   276A      3.571055   277A      3.588632  
     278A      3.626783   279A      3.684911   280A      3.748345  
     281A      3.857376   282A      3.933328   283A      4.020195  
     284A      4.068748   285A      4.165431   286A      4.171306  
     287A      4.318881   288A      4.421951   289A      4.649423  
     290A      4.684883   291A      4.795025   292A      4.830808  
     293A      4.851261   294A      4.919388   295A      5.065493  
     296A      5.381138   297A      5.452983   298A      5.536729  
     299A      5.708346   300A      6.067517   301A      6.676079  
     302A     18.188522   303A     18.359759   304A     18.556031  
     305A     25.347398   306A     33.430178  

    Final Occupation by Irrep:
              A 
    DOCC [    28 ]

  @DF-RHF Final Energy:  -361.16550212650606

   => Energetics <=

    Nuclear Repulsion Energy =            334.0076159234960755
    One-Electron Energy =               -1143.9374402638215997
    Two-Electron Energy =                 448.7643222138194119
    Total Energy =                       -361.1655021265060554

Computation Completed


Properties will be evaluated at   0.000000,   0.000000,   0.000000 [a0]

Properties computed using the SCF density matrix

  Nuclear Dipole Moment: [e a0]
     X:   -74.0902      Y:   398.6146      Z:   142.6471

  Electronic Dipole Moment: [e a0]
     X:    75.6975      Y:  -393.8467      Z:  -141.3178

  Dipole Moment: [e a0]
     X:     1.6073      Y:     4.7679      Z:     1.3292     Total:     5.2042

  Dipole Moment: [D]
     X:     4.0854      Y:    12.1188      Z:     3.3786     Total:    13.2276


*** tstop() called on aliaconda at Sun Mar 20 05:54:05 2022
Module time:
	user time   =     216.19 seconds =       3.60 minutes
	system time =      24.62 seconds =       0.41 minutes
	total time  =         11 seconds =       0.18 minutes
Total time:
	user time   =   87924.70 seconds =    1465.41 minutes
	system time =   12245.80 seconds =     204.10 minutes
	total time  =       5428 seconds =      90.47 minutes
  Constructing Basis Sets for SAPT...

   => Loading Basis Set <=

    Name: (JUN-CC-PVDZ AUX)
    Role: RIFIT
    Keyword: DF_BASIS_SAPT
    atoms 1, 14                                          entry N          line   144 file /home/alia/anaconda3/envs/mddemo/share/psi4/basis/jun-cc-pvdz-ri.gbs 
    atoms 2-4, 6, 8-10, 13, 15-17, 19, 21, 23, 25-27, 30 entry H          line    30 file /home/alia/anaconda3/envs/mddemo/share/psi4/basis/jun-cc-pvdz-ri.gbs 
    atoms 5, 7, 11, 18, 20, 24, 28                       entry C          line   100 file /home/alia/anaconda3/envs/mddemo/share/psi4/basis/jun-cc-pvdz-ri.gbs 
    atoms 12, 22, 29                                     entry O          line   188 file /home/alia/anaconda3/envs/mddemo/share/psi4/basis/jun-cc-pvdz-ri.gbs 


  //>>>>>>>>>>>>>>>>>>>>>>>>>>>>>>>>>>>//
  //               SAPT0               //
  //<<<<<<<<<<<<<<<<<<<<<<<<<<<<<<<<<<<//


*** tstart() called on aliaconda
*** at Sun Mar 20 05:54:05 2022

        SAPT0  
    Ed Hohenstein
     6 June 2009

      Orbital Information
  --------------------------
    NSO        =       306
    NMO        =       306
    NRI        =      1032
    NOCC A     =        20
    NOCC B     =        28
    FOCC A     =         0
    FOCC B     =         0
    NVIR A     =       286
    NVIR B     =       278

    Elst10,r            =     0.063339535849 [Eh]
    Exch10              =    -0.000000014524 [Eh]
    Exch10 (S^2)        =    -0.000000014524 [Eh]

    Iter     Energy [mEh]          dE [mEh]         Residual      Time [s]
       1      -0.34670145       0.346701448       5.329419767             0
       2      -0.33923151      -0.007469943       1.819990404             1
       3      -0.36514706       0.025915555       0.700693635             2
       4      -0.37323527       0.008088206       0.198650973             2
       5      -0.37192952      -0.001305747       0.112981695             3
       6      -0.37130347      -0.000626053       0.031506315             3
       7      -0.37150285       0.000199388       0.010847661             4
       8      -0.37154069       0.000037840       0.004986394             4
       9      -0.37151789      -0.000022808       0.002753616             5
      10      -0.37151447      -0.000003420       0.000730638             5
      11      -0.37151815       0.000003688       0.000184498             6
      12      -0.37151809      -0.000000063       0.000049563             7
      13      -0.37151792      -0.000000171       0.000013119             7
      14      -0.37151791      -0.000000006       0.000003383             8
      15      -0.37151792       0.000000011       0.000001031             8
      16      -0.37151792       0.000000000       0.000000351             9

    CHF Iterations converged


    Iter     Energy [mEh]          dE [mEh]         Residual      Time [s]
       1      -0.24112661       0.241126611       3.645159889             0
       2      -0.24557761       0.004451003       1.449142844             1
       3      -0.26392446       0.018346848       0.482495384             1
       4      -0.26725145       0.003326987       0.119748562             2
       5      -0.26683283      -0.000418615       0.065644356             3
       6      -0.26644605      -0.000386787       0.020863244             3
       7      -0.26647038       0.000024329       0.010044280             4
       8      -0.26652726       0.000056886       0.002816915             4
       9      -0.26652035      -0.000006916       0.001291375             5
      10      -0.26651600      -0.000004349       0.000644391             5
      11      -0.26651767       0.000001674       0.000312457             6
      12      -0.26651829       0.000000614       0.000102324             6
      13      -0.26651804      -0.000000249       0.000032981             7
      14      -0.26651797      -0.000000068       0.000008613             7
      15      -0.26651798       0.000000012       0.000002741             8
      16      -0.26651799       0.000000006       0.000000730             9

    CHF Iterations converged

    Ind20,r (A<-B)      =    -0.000371517925 [Eh]
    Ind20,r (B<-A)      =    -0.000266517986 [Eh]
    Ind20,r             =    -0.000638035911 [Eh]
    Exch-Ind20,r (A<-B) =     0.000000004096 [Eh]
    Exch-Ind20,r (B<-A) =     0.000000004808 [Eh]
    Exch-Ind20,r        =     0.000000008904 [Eh]
    Disp20              =    -0.000050984892 [Eh]
    Disp20 (SS)         =    -0.000025492446 [Eh]
    Disp20 (OS)         =    -0.000025492446 [Eh]
    Exch-Disp20         =     0.000000002301 [Eh]
    Exch-Disp20 (SS)    =     0.000000001718 [Eh]
    Exch-Disp20 (OS)    =     0.000000000583 [Eh]

    SAPT Results 
  --------------------------------------------------------------------------------------------------------
    Electrostatics                 63.33953585 [mEh]      39.74615881 [kcal/mol]     166.29792846 [kJ/mol]
      Elst10,r                     63.33953585 [mEh]      39.74615881 [kcal/mol]     166.29792846 [kJ/mol]

    Exchange                       -0.00001452 [mEh]      -0.00000911 [kcal/mol]      -0.00003813 [kJ/mol]
      Exch10                       -0.00001452 [mEh]      -0.00000911 [kcal/mol]      -0.00003813 [kJ/mol]
      Exch10(S^2)                  -0.00001452 [mEh]      -0.00000911 [kcal/mol]      -0.00003813 [kJ/mol]

    Induction                      -0.62927061 [mEh]      -0.39487327 [kcal/mol]      -1.65214976 [kJ/mol]
      Ind20,r                      -0.63803591 [mEh]      -0.40037358 [kcal/mol]      -1.67516305 [kJ/mol]
      Exch-Ind20,r                  0.00000890 [mEh]       0.00000559 [kcal/mol]       0.00002338 [kJ/mol]
      delta HF,r (2)                0.00875640 [mEh]       0.00549472 [kcal/mol]       0.02298992 [kJ/mol]

    Dispersion                     -0.05098259 [mEh]      -0.03199206 [kcal/mol]      -0.13385477 [kJ/mol]
      Disp20                       -0.05098489 [mEh]      -0.03199350 [kcal/mol]      -0.13386082 [kJ/mol]
      Exch-Disp20                   0.00000230 [mEh]       0.00000144 [kcal/mol]       0.00000604 [kJ/mol]
      Disp20 (SS)                  -0.02549245 [mEh]      -0.01599675 [kcal/mol]      -0.06693041 [kJ/mol]
      Disp20 (OS)                  -0.02549245 [mEh]      -0.01599675 [kcal/mol]      -0.06693041 [kJ/mol]
      Exch-Disp20 (SS)              0.00000172 [mEh]       0.00000108 [kcal/mol]       0.00000451 [kJ/mol]
      Exch-Disp20 (OS)              0.00000058 [mEh]       0.00000037 [kcal/mol]       0.00000153 [kJ/mol]

  Total HF                         62.71025071 [mEh]      39.35127643 [kcal/mol]     164.64574057 [kJ/mol]
  Total SAPT0                      62.65926812 [mEh]      39.31928437 [kcal/mol]     164.51188579 [kJ/mol]

  Special recipe for scaled SAPT0 (see Manual):
    Electrostatics sSAPT0          63.33953585 [mEh]      39.74615881 [kcal/mol]     166.29792846 [kJ/mol]
    Exchange sSAPT0                -0.00001452 [mEh]      -0.00000911 [kcal/mol]      -0.00003813 [kJ/mol]
    Induction sSAPT0               -0.62927061 [mEh]      -0.39487327 [kcal/mol]      -1.65214976 [kJ/mol]
    Dispersion sSAPT0              -0.05098259 [mEh]      -0.03199206 [kcal/mol]      -0.13385477 [kJ/mol]
  Total sSAPT0                     62.65926812 [mEh]      39.31928437 [kcal/mol]     164.51188579 [kJ/mol]
  --------------------------------------------------------------------------------------------------------

*** tstop() called on aliaconda at Sun Mar 20 05:54:52 2022
Module time:
	user time   =     653.57 seconds =      10.89 minutes
	system time =     110.78 seconds =       1.85 minutes
	total time  =         47 seconds =       0.78 minutes
Total time:
	user time   =   88580.83 seconds =    1476.35 minutes
	system time =   12357.09 seconds =     205.95 minutes
	total time  =       5475 seconds =      91.25 minutes


Warning! sapt0 does not have an associated derived wavefunction.The returned wavefunction is the dimer SCF wavefunction.


  Memory set to  74.506 GiB by Python driver.
  Threads set to 32 by Python driver.
