
Scratch directory: /tmp/

Scratch directory: /tmp/

  //>>>>>>>>>>>>>>>>>>>>>>>>>>>>>>>>>>>//
  //              Dimer HF             //
  //<<<<<<<<<<<<<<<<<<<<<<<<<<<<<<<<<<<//


*** tstart() called on aliaconda
*** at Sun Mar 20 05:14:35 2022

   => Loading Basis Set <=

    Name: JUN-CC-PVDZ
    Role: ORBITAL
    Keyword: BASIS
    atoms 1, 14                                          entry N          line   198 file /home/alia/anaconda3/envs/mddemo/share/psi4/basis/jun-cc-pvdz.gbs 
    atoms 2-4, 6, 8-10, 13, 15-17, 19, 21, 23, 25-27, 30 entry H          line    36 file /home/alia/anaconda3/envs/mddemo/share/psi4/basis/jun-cc-pvdz.gbs 
    atoms 5, 7, 11, 18, 20, 24, 28                       entry C          line   164 file /home/alia/anaconda3/envs/mddemo/share/psi4/basis/jun-cc-pvdz.gbs 
    atoms 12, 22, 29                                     entry O          line   232 file /home/alia/anaconda3/envs/mddemo/share/psi4/basis/jun-cc-pvdz.gbs 


         ---------------------------------------------------------
                                   SCF
               by Justin Turney, Rob Parrish, Andy Simmonett
                          and Daniel G. A. Smith
                              RHF Reference
                       32 Threads,  76293 MiB Core
         ---------------------------------------------------------

  ==> Geometry <==

    Molecular point group: c1
    Full point group: C1

    Geometry (in Angstrom), charge = 2, multiplicity = 1:

       Center              X                  Y                   Z               Mass       
    ------------   -----------------  -----------------  -----------------  -----------------
         N            0.414065977958    -5.355291208682    -1.319215488283    14.003074004430
         H            0.010066172507    -5.504291376528    -0.194215488283     1.007825032230
         H           -0.629933693978    -5.445291361270    -1.911215495913     1.007825032230
         H            0.982066294578    -6.094291529116    -1.541215610354     1.007825032230
         C            1.087066313651    -4.052291235385    -1.536215495913    12.000000000000
         H            0.423066279319    -3.410291513857    -1.080215167849     1.007825032230
         C            2.508066079047    -4.013291201052    -0.797215175478    12.000000000000
         H            3.181066176322    -4.831291517672    -1.062215518801     1.007825032230
         H            2.381066224006    -4.183291277346     0.294784832151     1.007825032230
         H            2.842066189674    -2.981291136202    -0.885215473024     1.007825032230
         C            1.128066203025    -3.641291460452    -3.049215268938    12.000000000000
         O            0.385066172507    -4.223291239199    -3.900215339510    15.994914619570
         H            1.807265660194    -2.840638002810    -3.377303314058     1.007825032230
         N            0.332066199210     2.162708440366     0.505784797819    14.003074004430
         H            0.095066210654     1.962708631101    -0.659215164034     1.007825032230
         H            0.747066161063     1.065708318296     0.773784446867     1.007825032230
         H            1.144065997031     2.811708608213     0.465784835966     1.007825032230
         C           -0.863933899972     2.656708875242     1.112784671934    12.000000000000
         H           -1.472934105965     1.812709012571     1.098784732969     1.007825032230
         C           -0.778933861825     3.188708463254     2.532784271391    12.000000000000
         H           -1.778933861825     3.513708272519     2.816784668119     1.007825032230
         O           -0.031933644387     4.365708509031     2.724784660490    15.994914619570
         H            0.920066019920     4.146708646360     2.509784507902     1.007825032230
         C           -0.136933663461     2.151708760801     3.420784759672    12.000000000000
         H            0.993065974143     2.012708821836     3.110784340055     1.007825032230
         H           -0.579933980080     1.120708623472     3.408784675749     1.007825032230
         H           -0.124934056374     2.419708409849     4.512784767302     1.007825032230
         C           -1.530933716866     3.628708997312     0.240784454496    12.000000000000
         O           -2.689934113595     3.335708776060    -0.071215343325    15.994914619570
         H           -1.037568905923     4.547694364133    -0.108581733553     1.007825032230

  Running in c1 symmetry.

  Rotational constants: A =      0.03737  B =      0.00516  C =      0.00480 [cm^-1]
  Rotational constants: A =   1120.44641  B =    154.83371  C =    144.01361 [MHz]
  Nuclear repulsion =  660.680450964160514

  Charge       = 2
  Multiplicity = 1
  Electrons    = 96
  Nalpha       = 48
  Nbeta        = 48

  ==> Algorithm <==

  SCF Algorithm Type is DF.
  DIIS enabled.
  MOM disabled.
  Fractional occupation disabled.
  Guess Type is SAD.
  Energy threshold   = 1.00e-08
  Density threshold  = 1.00e-08
  Integral threshold = 1.00e-12

  ==> Primary Basis <==

  Basis Set: JUN-CC-PVDZ
    Blend: JUN-CC-PVDZ
    Number of shells: 150
    Number of basis functions: 306
    Number of Cartesian functions: 318
    Spherical Harmonics?: true
    Max angular momentum: 2

   => Loading Basis Set <=

    Name: (JUN-CC-PVDZ AUX)
    Role: JKFIT
    Keyword: DF_BASIS_SCF
    atoms 1, 14                                          entry N          line   202 file /home/alia/anaconda3/envs/mddemo/share/psi4/basis/jun-cc-pvdz-jkfit.gbs 
    atoms 2-4, 6, 8-10, 13, 15-17, 19, 21, 23, 25-27, 30 entry H          line    70 file /home/alia/anaconda3/envs/mddemo/share/psi4/basis/jun-cc-pvdz-jkfit.gbs 
    atoms 5, 7, 11, 18, 20, 24, 28                       entry C          line   146 file /home/alia/anaconda3/envs/mddemo/share/psi4/basis/jun-cc-pvdz-jkfit.gbs 
    atoms 12, 22, 29                                     entry O          line   258 file /home/alia/anaconda3/envs/mddemo/share/psi4/basis/jun-cc-pvdz-jkfit.gbs 

  ==> Integral Setup <==

  ==> DiskDFJK: Density-Fitted J/K Matrices <==

    J tasked:                  Yes
    K tasked:                  Yes
    wK tasked:                  No
    OpenMP threads:             32
    Integrals threads:          32
    Memory [MiB]:            57220
    Algorithm:                Core
    Integral Cache:           SAVE
    Schwarz Cutoff:          1E-12
    Fitting Condition:       1E-10

   => Auxiliary Basis Set <=

  Basis Set: (JUN-CC-PVDZ AUX)
    Blend: JUN-CC-PVDZ-JKFIT
    Number of shells: 486
    Number of basis functions: 1362
    Number of Cartesian functions: 1542
    Spherical Harmonics?: true
    Max angular momentum: 3

  Minimum eigenvalue in the overlap matrix is 5.2787243569E-05.
  Reciprocal condition number of the overlap matrix is 4.5644136559E-06.
    Using symmetric orthogonalization.

  ==> Pre-Iterations <==

  SCF Guess: Superposition of Atomic Densities via on-the-fly atomic UHF (no occupation information).

   -------------------------
    Irrep   Nso     Nmo    
   -------------------------
     A        306     306 
   -------------------------
    Total     306     306
   -------------------------

  ==> Iterations <==

                           Total Energy        Delta E     RMS |[F,P]|

   @DF-RHF iter SAD:  -607.24192433841756   -6.07242e+02   0.00000e+00 
   @DF-RHF iter   1:  -607.92574198116881   -6.83818e-01   2.83539e-03 DIIS
   @DF-RHF iter   2:  -608.24775033968717   -3.22008e-01   1.84609e-03 DIIS
   @DF-RHF iter   3:  -608.36732556848744   -1.19575e-01   4.09063e-04 DIIS
   @DF-RHF iter   4:  -608.37668172441465   -9.35616e-03   1.54105e-04 DIIS
   @DF-RHF iter   5:  -608.37805733365224   -1.37561e-03   3.60485e-05 DIIS
   @DF-RHF iter   6:  -608.37819101477942   -1.33681e-04   1.84145e-05 DIIS
   @DF-RHF iter   7:  -608.37822463676662   -3.36220e-05   8.63306e-06 DIIS
   @DF-RHF iter   8:  -608.37823321173414   -8.57497e-06   3.79141e-06 DIIS
   @DF-RHF iter   9:  -608.37823486171112   -1.64998e-06   1.43660e-06 DIIS
   @DF-RHF iter  10:  -608.37823509899442   -2.37283e-07   4.72999e-07 DIIS
   @DF-RHF iter  11:  -608.37823512733917   -2.83447e-08   1.93025e-07 DIIS
   @DF-RHF iter  12:  -608.37823513518549   -7.84632e-09   1.01048e-07 DIIS
   @DF-RHF iter  13:  -608.37823513798207   -2.79658e-09   5.38133e-08 DIIS
   @DF-RHF iter  14:  -608.37823513905732   -1.07525e-09   2.13533e-08 DIIS
   @DF-RHF iter  15:  -608.37823513918681   -1.29489e-10   7.37432e-09 DIIS
  Energy and wave function converged.


  ==> Post-Iterations <==

    Orbital Energies [Eh]
    ---------------------

    Doubly Occupied:                                                      

       1A    -20.831556     2A    -20.810663     3A    -20.802037  
       4A    -16.020530     5A    -15.993593     6A    -11.614585  
       7A    -11.588737     8A    -11.579415     9A    -11.551746  
      10A    -11.536861    11A    -11.514196    12A    -11.471291  
      13A     -1.632586    14A     -1.622476    15A     -1.607397  
      16A     -1.580113    17A     -1.566231    18A     -1.317334  
      19A     -1.311244    20A     -1.221301    21A     -1.180505  
      22A     -1.096099    23A     -1.093801    24A     -1.085579  
      25A     -1.032074    26A     -1.028568    27A     -0.985644  
      28A     -0.976657    29A     -0.976508    30A     -0.942895  
      31A     -0.908156    32A     -0.889685    33A     -0.878313  
      34A     -0.877256    35A     -0.873239    36A     -0.836584  
      37A     -0.836370    38A     -0.817279    39A     -0.803019  
      40A     -0.787197    41A     -0.765276    42A     -0.752591  
      43A     -0.741048    44A     -0.736663    45A     -0.722079  
      46A     -0.695624    47A     -0.688854    48A     -0.660132  

    Virtual:                                                              

      49A     -0.223109    50A     -0.192024    51A     -0.165119  
      52A     -0.161801    53A     -0.144489    54A     -0.138254  
      55A     -0.128794    56A     -0.125284    57A     -0.120675  
      58A     -0.107895    59A     -0.105496    60A     -0.102808  
      61A     -0.094625    62A     -0.088997    63A     -0.082547  
      64A     -0.074930    65A     -0.074449    66A     -0.072881  
      67A     -0.069601    68A     -0.066323    69A     -0.057943  
      70A     -0.045326    71A     -0.043143    72A     -0.039805  
      73A     -0.037543    74A     -0.035381    75A     -0.029077  
      76A     -0.026745    77A     -0.021155    78A     -0.017105  
      79A     -0.014167    80A     -0.003796    81A     -0.002133  
      82A      0.012733    83A      0.020731    84A      0.028592  
      85A      0.030967    86A      0.035292    87A      0.041706  
      88A      0.052033    89A      0.053853    90A      0.056570  
      91A      0.061641    92A      0.071697    93A      0.081229  
      94A      0.083922    95A      0.089681    96A      0.094201  
      97A      0.097906    98A      0.108041    99A      0.109433  
     100A      0.116204   101A      0.120707   102A      0.123002  
     103A      0.134958   104A      0.141845   105A      0.147301  
     106A      0.151805   107A      0.159493   108A      0.162475  
     109A      0.169353   110A      0.175053   111A      0.188262  
     112A      0.189108   113A      0.196803   114A      0.204555  
     115A      0.205767   116A      0.223859   117A      0.240917  
     118A      0.244164   119A      0.253880   120A      0.264377  
     121A      0.267525   122A      0.298328   123A      0.323456  
     124A      0.335316   125A      0.337775   126A      0.373404  
     127A      0.448099   128A      0.467165   129A      0.480355  
     130A      0.504417   131A      0.513127   132A      0.518476  
     133A      0.533604   134A      0.537843   135A      0.547426  
     136A      0.552259   137A      0.560656   138A      0.570585  
     139A      0.574320   140A      0.591151   141A      0.595995  
     142A      0.622190   143A      0.626629   144A      0.637786  
     145A      0.645368   146A      0.654179   147A      0.658673  
     148A      0.665570   149A      0.678669   150A      0.680173  
     151A      0.687647   152A      0.695997   153A      0.698373  
     154A      0.700985   155A      0.723264   156A      0.728459  
     157A      0.738166   158A      0.748141   159A      0.759654  
     160A      0.766947   161A      0.777169   162A      0.804743  
     163A      0.808567   164A      0.823136   165A      0.839882  
     166A      0.846652   167A      0.849879   168A      0.857270  
     169A      0.861332   170A      0.869828   171A      0.879558  
     172A      0.905305   173A      0.925300   174A      0.937757  
     175A      0.953323   176A      0.998033   177A      1.022527  
     178A      1.057665   179A      1.091320   180A      1.098958  
     181A      1.123362   182A      1.125538   183A      1.136464  
     184A      1.176338   185A      1.196060   186A      1.203379  
     187A      1.230791   188A      1.245755   189A      1.254811  
     190A      1.259293   191A      1.273141   192A      1.278225  
     193A      1.299487   194A      1.304975   195A      1.309214  
     196A      1.324872   197A      1.335729   198A      1.338532  
     199A      1.346321   200A      1.371936   201A      1.381970  
     202A      1.387340   203A      1.401821   204A      1.420613  
     205A      1.446909   206A      1.472973   207A      1.481297  
     208A      1.487905   209A      1.521097   210A      1.538712  
     211A      1.561220   212A      1.568408   213A      1.573772  
     214A      1.580318   215A      1.609637   216A      1.616249  
     217A      1.636324   218A      1.640333   219A      1.651705  
     220A      1.663550   221A      1.676882   222A      1.686891  
     223A      1.691506   224A      1.703324   225A      1.711338  
     226A      1.716374   227A      1.719736   228A      1.722900  
     229A      1.739361   230A      1.752996   231A      1.757714  
     232A      1.775786   233A      1.781009   234A      1.791286  
     235A      1.798745   236A      1.815149   237A      1.844702  
     238A      1.847751   239A      1.859612   240A      1.875736  
     241A      1.901029   242A      1.915891   243A      1.919119  
     244A      1.924115   245A      1.967024   246A      1.976519  
     247A      1.980610   248A      2.005862   249A      2.028320  
     250A      2.037332   251A      2.049682   252A      2.059871  
     253A      2.076137   254A      2.110319   255A      2.120286  
     256A      2.130362   257A      2.149965   258A      2.151405  
     259A      2.196740   260A      2.223460   261A      2.240630  
     262A      2.258758   263A      2.277077   264A      2.282189  
     265A      2.329100   266A      2.347543   267A      2.363758  
     268A      2.381021   269A      2.391167   270A      2.419630  
     271A      2.421803   272A      2.450222   273A      2.462709  
     274A      2.485569   275A      2.496559   276A      2.538847  
     277A      2.569224   278A      2.589400   279A      2.606187  
     280A      2.612370   281A      2.619172   282A      2.631480  
     283A      2.682086   284A      2.694804   285A      2.764758  
     286A      2.784214   287A      2.804865   288A      2.822272  
     289A      2.850023   290A      2.866168   291A      2.894718  
     292A      2.897493   293A      2.970103   294A      3.043374  
     295A      3.086837   296A      3.099394   297A      3.170257  
     298A      3.199101   299A      3.240278   300A      3.258260  
     301A      3.403655   302A      3.498751   303A      3.528151  
     304A      3.634928   305A      3.716674   306A      3.871564  

    Final Occupation by Irrep:
              A 
    DOCC [    48 ]

  @DF-RHF Final Energy:  -608.37823513918681

   => Energetics <=

    Nuclear Repulsion Energy =            660.6804509641605136
    One-Electron Energy =               -2114.4341854679773860
    Two-Electron Energy =                 845.3754993646299454
    Total Energy =                       -608.3782351391868133

Computation Completed


Properties will be evaluated at   0.000000,   0.000000,   0.000000 [a0]

Properties computed using the SCF density matrix

  Nuclear Dipole Moment: [e a0]
     X:     9.2692      Y:    -9.2330      Z:     7.6580

  Electronic Dipole Moment: [e a0]
     X:    -6.1167      Y:     3.9401      Z:    -7.6988

  Dipole Moment: [e a0]
     X:     3.1525      Y:    -5.2929      Z:    -0.0408     Total:     6.1607

  Dipole Moment: [D]
     X:     8.0128      Y:   -13.4533      Z:    -0.1037     Total:    15.6590


*** tstop() called on aliaconda at Sun Mar 20 05:14:50 2022
Module time:
	user time   =     315.75 seconds =       5.26 minutes
	system time =      37.13 seconds =       0.62 minutes
	total time  =         15 seconds =       0.25 minutes
Total time:
	user time   =   47991.53 seconds =     799.86 minutes
	system time =    6627.88 seconds =     110.46 minutes
	total time  =       3073 seconds =      51.22 minutes

  //>>>>>>>>>>>>>>>>>>>>>>>>>>>>>>>>>>>//
  //            Monomer A HF           //
  //<<<<<<<<<<<<<<<<<<<<<<<<<<<<<<<<<<<//


*** tstart() called on aliaconda
*** at Sun Mar 20 05:14:50 2022

   => Loading Basis Set <=

    Name: JUN-CC-PVDZ
    Role: ORBITAL
    Keyword: BASIS
    atoms 1, 14                                          entry N          line   198 file /home/alia/anaconda3/envs/mddemo/share/psi4/basis/jun-cc-pvdz.gbs 
    atoms 2-4, 6, 8-10, 13, 15-17, 19, 21, 23, 25-27, 30 entry H          line    36 file /home/alia/anaconda3/envs/mddemo/share/psi4/basis/jun-cc-pvdz.gbs 
    atoms 5, 7, 11, 18, 20, 24, 28                       entry C          line   164 file /home/alia/anaconda3/envs/mddemo/share/psi4/basis/jun-cc-pvdz.gbs 
    atoms 12, 22, 29                                     entry O          line   232 file /home/alia/anaconda3/envs/mddemo/share/psi4/basis/jun-cc-pvdz.gbs 


         ---------------------------------------------------------
                                   SCF
               by Justin Turney, Rob Parrish, Andy Simmonett
                          and Daniel G. A. Smith
                              RHF Reference
                       32 Threads,  76293 MiB Core
         ---------------------------------------------------------

  ==> Geometry <==

    Molecular point group: c1
    Full point group: C1

    Geometry (in Angstrom), charge = 1, multiplicity = 1:

       Center              X                  Y                   Z               Mass       
    ------------   -----------------  -----------------  -----------------  -----------------
         N            0.414065977958    -5.355291208682    -1.319215488283    14.003074004430
         H            0.010066172507    -5.504291376528    -0.194215488283     1.007825032230
         H           -0.629933693978    -5.445291361270    -1.911215495913     1.007825032230
         H            0.982066294578    -6.094291529116    -1.541215610354     1.007825032230
         C            1.087066313651    -4.052291235385    -1.536215495913    12.000000000000
         H            0.423066279319    -3.410291513857    -1.080215167849     1.007825032230
         C            2.508066079047    -4.013291201052    -0.797215175478    12.000000000000
         H            3.181066176322    -4.831291517672    -1.062215518801     1.007825032230
         H            2.381066224006    -4.183291277346     0.294784832151     1.007825032230
         H            2.842066189674    -2.981291136202    -0.885215473024     1.007825032230
         C            1.128066203025    -3.641291460452    -3.049215268938    12.000000000000
         O            0.385066172507    -4.223291239199    -3.900215339510    15.994914619570
         H            1.807265660194    -2.840638002810    -3.377303314058     1.007825032230
      Gh(N)           0.332066199210     2.162708440366     0.505784797819    14.003074004430
      Gh(H)           0.095066210654     1.962708631101    -0.659215164034     1.007825032230
      Gh(H)           0.747066161063     1.065708318296     0.773784446867     1.007825032230
      Gh(H)           1.144065997031     2.811708608213     0.465784835966     1.007825032230
      Gh(C)          -0.863933899972     2.656708875242     1.112784671934    12.000000000000
      Gh(H)          -1.472934105965     1.812709012571     1.098784732969     1.007825032230
      Gh(C)          -0.778933861825     3.188708463254     2.532784271391    12.000000000000
      Gh(H)          -1.778933861825     3.513708272519     2.816784668119     1.007825032230
      Gh(O)          -0.031933644387     4.365708509031     2.724784660490    15.994914619570
      Gh(H)           0.920066019920     4.146708646360     2.509784507902     1.007825032230
      Gh(C)          -0.136933663461     2.151708760801     3.420784759672    12.000000000000
      Gh(H)           0.993065974143     2.012708821836     3.110784340055     1.007825032230
      Gh(H)          -0.579933980080     1.120708623472     3.408784675749     1.007825032230
      Gh(H)          -0.124934056374     2.419708409849     4.512784767302     1.007825032230
      Gh(C)          -1.530933716866     3.628708997312     0.240784454496    12.000000000000
      Gh(O)          -2.689934113595     3.335708776060    -0.071215343325    15.994914619570
      Gh(H)          -1.037568905923     4.547694364133    -0.108581733553     1.007825032230

  Running in c1 symmetry.

  Rotational constants: A =      0.03737  B =      0.00516  C =      0.00480 [cm^-1]
  Rotational constants: A =   1120.44641  B =    154.83371  C =    144.01361 [MHz]
  Nuclear repulsion =  181.982300895548292

  Charge       = 1
  Multiplicity = 1
  Electrons    = 40
  Nalpha       = 20
  Nbeta        = 20

  ==> Algorithm <==

  SCF Algorithm Type is DF.
  DIIS enabled.
  MOM disabled.
  Fractional occupation disabled.
  Guess Type is SAD.
  Energy threshold   = 1.00e-08
  Density threshold  = 1.00e-08
  Integral threshold = 1.00e-12

  ==> Primary Basis <==

  Basis Set: JUN-CC-PVDZ
    Blend: JUN-CC-PVDZ
    Number of shells: 150
    Number of basis functions: 306
    Number of Cartesian functions: 318
    Spherical Harmonics?: true
    Max angular momentum: 2

   => Loading Basis Set <=

    Name: (JUN-CC-PVDZ AUX)
    Role: JKFIT
    Keyword: DF_BASIS_SCF
    atoms 1, 14                                          entry N          line   202 file /home/alia/anaconda3/envs/mddemo/share/psi4/basis/jun-cc-pvdz-jkfit.gbs 
    atoms 2-4, 6, 8-10, 13, 15-17, 19, 21, 23, 25-27, 30 entry H          line    70 file /home/alia/anaconda3/envs/mddemo/share/psi4/basis/jun-cc-pvdz-jkfit.gbs 
    atoms 5, 7, 11, 18, 20, 24, 28                       entry C          line   146 file /home/alia/anaconda3/envs/mddemo/share/psi4/basis/jun-cc-pvdz-jkfit.gbs 
    atoms 12, 22, 29                                     entry O          line   258 file /home/alia/anaconda3/envs/mddemo/share/psi4/basis/jun-cc-pvdz-jkfit.gbs 

  ==> Integral Setup <==

  ==> DiskDFJK: Density-Fitted J/K Matrices <==

    J tasked:                  Yes
    K tasked:                  Yes
    wK tasked:                  No
    OpenMP threads:             32
    Integrals threads:          32
    Memory [MiB]:            57220
    Algorithm:                Core
    Integral Cache:           LOAD
    Schwarz Cutoff:          1E-12
    Fitting Condition:       1E-10

   => Auxiliary Basis Set <=

  Basis Set: (JUN-CC-PVDZ AUX)
    Blend: JUN-CC-PVDZ-JKFIT
    Number of shells: 486
    Number of basis functions: 1362
    Number of Cartesian functions: 1542
    Spherical Harmonics?: true
    Max angular momentum: 3

  Minimum eigenvalue in the overlap matrix is 5.2787243569E-05.
  Reciprocal condition number of the overlap matrix is 4.5644136558E-06.
    Using symmetric orthogonalization.

  ==> Pre-Iterations <==

  SCF Guess: Superposition of Atomic Densities via on-the-fly atomic UHF (no occupation information).

   -------------------------
    Irrep   Nso     Nmo    
   -------------------------
     A        306     306 
   -------------------------
    Total     306     306
   -------------------------

  ==> Iterations <==

                           Total Energy        Delta E     RMS |[F,P]|

   @DF-RHF iter SAD:  -246.49033726030206   -2.46490e+02   0.00000e+00 
   @DF-RHF iter   1:  -247.11308484373325   -6.22748e-01   1.76271e-03 DIIS
   @DF-RHF iter   2:  -247.23292123119148   -1.19836e-01   1.19741e-03 DIIS
   @DF-RHF iter   3:  -247.28330249471583   -5.03813e-02   2.64750e-04 DIIS
   @DF-RHF iter   4:  -247.28743187244956   -4.12938e-03   8.43026e-05 DIIS
   @DF-RHF iter   5:  -247.28792477754521   -4.92905e-04   2.07711e-05 DIIS
   @DF-RHF iter   6:  -247.28798116898167   -5.63914e-05   9.01931e-06 DIIS
   @DF-RHF iter   7:  -247.28799120642836   -1.00374e-05   4.46372e-06 DIIS
   @DF-RHF iter   8:  -247.28799377472728   -2.56830e-06   1.63708e-06 DIIS
   @DF-RHF iter   9:  -247.28799414108539   -3.66358e-07   4.22718e-07 DIIS
   @DF-RHF iter  10:  -247.28799416266102   -2.15756e-08   1.39106e-07 DIIS
   @DF-RHF iter  11:  -247.28799416547338   -2.81236e-09   4.18262e-08 DIIS
   @DF-RHF iter  12:  -247.28799416584593   -3.72552e-10   2.21082e-08 DIIS
   @DF-RHF iter  13:  -247.28799416600526   -1.59332e-10   1.14462e-08 DIIS
   @DF-RHF iter  14:  -247.28799416605156   -4.62990e-11   4.54024e-09 DIIS
  Energy and wave function converged.


  ==> Post-Iterations <==

    Orbital Energies [Eh]
    ---------------------

    Doubly Occupied:                                                      

       1A    -20.756809     2A    -15.923043     3A    -11.540632  
       4A    -11.510980     5A    -11.435800     6A     -1.549031  
       7A     -1.494585     8A     -1.234420     9A     -1.103357  
      10A     -1.019186    11A     -0.956617    12A     -0.904251  
      13A     -0.867016    14A     -0.816364    15A     -0.802087  
      16A     -0.758217    17A     -0.726418    18A     -0.709743  
      19A     -0.667834    20A     -0.614341  

    Virtual:                                                              

      21A     -0.120928    22A     -0.074042    23A     -0.070077  
      24A     -0.060167    25A     -0.050534    26A     -0.033663  
      27A     -0.029542    28A     -0.027508    29A     -0.014310  
      30A     -0.011199    31A     -0.001748    32A      0.000968  
      33A      0.005441    34A      0.011382    35A      0.019052  
      36A      0.026050    37A      0.028875    38A      0.033643  
      39A      0.041179    40A      0.046329    41A      0.047128  
      42A      0.051594    43A      0.056571    44A      0.067585  
      45A      0.073749    46A      0.081911    47A      0.085007  
      48A      0.087277    49A      0.092738    50A      0.096619  
      51A      0.105382    52A      0.108929    53A      0.122418  
      54A      0.127875    55A      0.133906    56A      0.138727  
      57A      0.140063    58A      0.150705    59A      0.154015  
      60A      0.156727    61A      0.161815    62A      0.164327  
      63A      0.169142    64A      0.177702    65A      0.186384  
      66A      0.187781    67A      0.197658    68A      0.204914  
      69A      0.212879    70A      0.222730    71A      0.225015  
      72A      0.236724    73A      0.239103    74A      0.242730  
      75A      0.249935    76A      0.265418    77A      0.268995  
      78A      0.277798    79A      0.295374    80A      0.310840  
      81A      0.314777    82A      0.328167    83A      0.328842  
      84A      0.343976    85A      0.350185    86A      0.357511  
      87A      0.377738    88A      0.387380    89A      0.398622  
      90A      0.410761    91A      0.433928    92A      0.447361  
      93A      0.470606    94A      0.482557    95A      0.511020  
      96A      0.525800    97A      0.533148    98A      0.540811  
      99A      0.553355   100A      0.566866   101A      0.575702  
     102A      0.578826   103A      0.587087   104A      0.598581  
     105A      0.612426   106A      0.619493   107A      0.633739  
     108A      0.646267   109A      0.648255   110A      0.665210  
     111A      0.668410   112A      0.678664   113A      0.684116  
     114A      0.708687   115A      0.724324   116A      0.732228  
     117A      0.735402   118A      0.753192   119A      0.756358  
     120A      0.763462   121A      0.770336   122A      0.776985  
     123A      0.797834   124A      0.810585   125A      0.835189  
     126A      0.843708   127A      0.878825   128A      0.891138  
     129A      0.910726   130A      0.912232   131A      0.928473  
     132A      0.935085   133A      0.936332   134A      0.951081  
     135A      0.962086   136A      0.977288   137A      0.980099  
     138A      1.012383   139A      1.038126   140A      1.073856  
     141A      1.128517   142A      1.133275   143A      1.166399  
     144A      1.196782   145A      1.212664   146A      1.272176  
     147A      1.326799   148A      1.331967   149A      1.348812  
     150A      1.382953   151A      1.409928   152A      1.457869  
     153A      1.461571   154A      1.479667   155A      1.497652  
     156A      1.536176   157A      1.545100   158A      1.562822  
     159A      1.597132   160A      1.612385   161A      1.631566  
     162A      1.643309   163A      1.654045   164A      1.656246  
     165A      1.669491   166A      1.682736   167A      1.689331  
     168A      1.701683   169A      1.711487   170A      1.712833  
     171A      1.720585   172A      1.731649   173A      1.765505  
     174A      1.780601   175A      1.785449   176A      1.786786  
     177A      1.798194   178A      1.813477   179A      1.823646  
     180A      1.830466   181A      1.849329   182A      1.852410  
     183A      1.866246   184A      1.866799   185A      1.893059  
     186A      1.896962   187A      1.909595   188A      1.915755  
     189A      1.922017   190A      1.947957   191A      1.971638  
     192A      1.990373   193A      1.996115   194A      1.998346  
     195A      2.009159   196A      2.031826   197A      2.036119  
     198A      2.051538   199A      2.055815   200A      2.066814  
     201A      2.080129   202A      2.103773   203A      2.106081  
     204A      2.128616   205A      2.134834   206A      2.136211  
     207A      2.171075   208A      2.182716   209A      2.205272  
     210A      2.221072   211A      2.228117   212A      2.229317  
     213A      2.247450   214A      2.300132   215A      2.313708  
     216A      2.333624   217A      2.343712   218A      2.354354  
     219A      2.362078   220A      2.413816   221A      2.421738  
     222A      2.426341   223A      2.442700   224A      2.455359  
     225A      2.470121   226A      2.486264   227A      2.495375  
     228A      2.514537   229A      2.519233   230A      2.523769  
     231A      2.553898   232A      2.607024   233A      2.615707  
     234A      2.623954   235A      2.644019   236A      2.650402  
     237A      2.684376   238A      2.690304   239A      2.708971  
     240A      2.739377   241A      2.760839   242A      2.768134  
     243A      2.784215   244A      2.814938   245A      2.831876  
     246A      2.857970   247A      2.874778   248A      2.899078  
     249A      2.937614   250A      2.940875   251A      2.970710  
     252A      2.989132   253A      3.036328   254A      3.063733  
     255A      3.105710   256A      3.137726   257A      3.170870  
     258A      3.209266   259A      3.242641   260A      3.250883  
     261A      3.334867   262A      3.398271   263A      3.439582  
     264A      3.471962   265A      3.477170   266A      3.551433  
     267A      3.568984   268A      3.651043   269A      3.707965  
     270A      3.796002   271A      3.978632   272A      4.030734  
     273A      4.080630   274A      4.193092   275A      4.230538  
     276A      4.331555   277A      4.417665   278A      4.467671  
     279A      4.557000   280A      4.618825   281A      4.653418  
     282A      4.679501   283A      4.733275   284A      4.798101  
     285A      4.814662   286A      4.860043   287A      4.926627  
     288A      5.063211   289A      5.177460   290A      5.238803  
     291A      5.352686   292A      5.486724   293A      5.557646  
     294A      5.643734   295A      5.675385   296A      5.779566  
     297A      6.020563   298A      6.576325   299A      6.649252  
     300A     18.127585   301A     18.300075   302A     18.467626  
     303A     18.638620   304A     25.316795   305A     33.432409  
     306A     33.458075  

    Final Occupation by Irrep:
              A 
    DOCC [    20 ]

  @DF-RHF Final Energy:  -247.28799416605156

   => Energetics <=

    Nuclear Repulsion Energy =            181.9823008955482919
    One-Electron Energy =                -687.7591234805305476
    Two-Electron Energy =                 258.4888284189306660
    Total Energy =                       -247.2879941660515897

Computation Completed


Properties will be evaluated at   0.000000,   0.000000,   0.000000 [a0]

Properties computed using the SCF density matrix

  Nuclear Dipole Moment: [e a0]
     X:    85.6328      Y:  -334.1136      Z:  -155.8815

  Electronic Dipole Moment: [e a0]
     X:   -83.8821      Y:   325.0870      Z:   154.3437

  Dipole Moment: [e a0]
     X:     1.7507      Y:    -9.0266      Z:    -1.5378     Total:     9.3225

  Dipole Moment: [D]
     X:     4.4497      Y:   -22.9432      Z:    -3.9087     Total:    23.6954


*** tstop() called on aliaconda at Sun Mar 20 05:15:00 2022
Module time:
	user time   =     202.34 seconds =       3.37 minutes
	system time =      20.81 seconds =       0.35 minutes
	total time  =         10 seconds =       0.17 minutes
Total time:
	user time   =   48193.97 seconds =     803.23 minutes
	system time =    6648.71 seconds =     110.81 minutes
	total time  =       3083 seconds =      51.38 minutes

  //>>>>>>>>>>>>>>>>>>>>>>>>>>>>>>>>>>>//
  //            Monomer B HF           //
  //<<<<<<<<<<<<<<<<<<<<<<<<<<<<<<<<<<<//


*** tstart() called on aliaconda
*** at Sun Mar 20 05:15:00 2022

   => Loading Basis Set <=

    Name: JUN-CC-PVDZ
    Role: ORBITAL
    Keyword: BASIS
    atoms 1, 14                                          entry N          line   198 file /home/alia/anaconda3/envs/mddemo/share/psi4/basis/jun-cc-pvdz.gbs 
    atoms 2-4, 6, 8-10, 13, 15-17, 19, 21, 23, 25-27, 30 entry H          line    36 file /home/alia/anaconda3/envs/mddemo/share/psi4/basis/jun-cc-pvdz.gbs 
    atoms 5, 7, 11, 18, 20, 24, 28                       entry C          line   164 file /home/alia/anaconda3/envs/mddemo/share/psi4/basis/jun-cc-pvdz.gbs 
    atoms 12, 22, 29                                     entry O          line   232 file /home/alia/anaconda3/envs/mddemo/share/psi4/basis/jun-cc-pvdz.gbs 


         ---------------------------------------------------------
                                   SCF
               by Justin Turney, Rob Parrish, Andy Simmonett
                          and Daniel G. A. Smith
                              RHF Reference
                       32 Threads,  76293 MiB Core
         ---------------------------------------------------------

  ==> Geometry <==

    Molecular point group: c1
    Full point group: C1

    Geometry (in Angstrom), charge = 1, multiplicity = 1:

       Center              X                  Y                   Z               Mass       
    ------------   -----------------  -----------------  -----------------  -----------------
      Gh(N)           0.414065977958    -5.355291208682    -1.319215488283    14.003074004430
      Gh(H)           0.010066172507    -5.504291376528    -0.194215488283     1.007825032230
      Gh(H)          -0.629933693978    -5.445291361270    -1.911215495913     1.007825032230
      Gh(H)           0.982066294578    -6.094291529116    -1.541215610354     1.007825032230
      Gh(C)           1.087066313651    -4.052291235385    -1.536215495913    12.000000000000
      Gh(H)           0.423066279319    -3.410291513857    -1.080215167849     1.007825032230
      Gh(C)           2.508066079047    -4.013291201052    -0.797215175478    12.000000000000
      Gh(H)           3.181066176322    -4.831291517672    -1.062215518801     1.007825032230
      Gh(H)           2.381066224006    -4.183291277346     0.294784832151     1.007825032230
      Gh(H)           2.842066189674    -2.981291136202    -0.885215473024     1.007825032230
      Gh(C)           1.128066203025    -3.641291460452    -3.049215268938    12.000000000000
      Gh(O)           0.385066172507    -4.223291239199    -3.900215339510    15.994914619570
      Gh(H)           1.807265660194    -2.840638002810    -3.377303314058     1.007825032230
         N            0.332066199210     2.162708440366     0.505784797819    14.003074004430
         H            0.095066210654     1.962708631101    -0.659215164034     1.007825032230
         H            0.747066161063     1.065708318296     0.773784446867     1.007825032230
         H            1.144065997031     2.811708608213     0.465784835966     1.007825032230
         C           -0.863933899972     2.656708875242     1.112784671934    12.000000000000
         H           -1.472934105965     1.812709012571     1.098784732969     1.007825032230
         C           -0.778933861825     3.188708463254     2.532784271391    12.000000000000
         H           -1.778933861825     3.513708272519     2.816784668119     1.007825032230
         O           -0.031933644387     4.365708509031     2.724784660490    15.994914619570
         H            0.920066019920     4.146708646360     2.509784507902     1.007825032230
         C           -0.136933663461     2.151708760801     3.420784759672    12.000000000000
         H            0.993065974143     2.012708821836     3.110784340055     1.007825032230
         H           -0.579933980080     1.120708623472     3.408784675749     1.007825032230
         H           -0.124934056374     2.419708409849     4.512784767302     1.007825032230
         C           -1.530933716866     3.628708997312     0.240784454496    12.000000000000
         O           -2.689934113595     3.335708776060    -0.071215343325    15.994914619570
         H           -1.037568905923     4.547694364133    -0.108581733553     1.007825032230

  Running in c1 symmetry.

  Rotational constants: A =      0.03737  B =      0.00516  C =      0.00480 [cm^-1]
  Rotational constants: A =   1120.44641  B =    154.83371  C =    144.01361 [MHz]
  Nuclear repulsion =  332.949688780631675

  Charge       = 1
  Multiplicity = 1
  Electrons    = 56
  Nalpha       = 28
  Nbeta        = 28

  ==> Algorithm <==

  SCF Algorithm Type is DF.
  DIIS enabled.
  MOM disabled.
  Fractional occupation disabled.
  Guess Type is SAD.
  Energy threshold   = 1.00e-08
  Density threshold  = 1.00e-08
  Integral threshold = 1.00e-12

  ==> Primary Basis <==

  Basis Set: JUN-CC-PVDZ
    Blend: JUN-CC-PVDZ
    Number of shells: 150
    Number of basis functions: 306
    Number of Cartesian functions: 318
    Spherical Harmonics?: true
    Max angular momentum: 2

   => Loading Basis Set <=

    Name: (JUN-CC-PVDZ AUX)
    Role: JKFIT
    Keyword: DF_BASIS_SCF
    atoms 1, 14                                          entry N          line   202 file /home/alia/anaconda3/envs/mddemo/share/psi4/basis/jun-cc-pvdz-jkfit.gbs 
    atoms 2-4, 6, 8-10, 13, 15-17, 19, 21, 23, 25-27, 30 entry H          line    70 file /home/alia/anaconda3/envs/mddemo/share/psi4/basis/jun-cc-pvdz-jkfit.gbs 
    atoms 5, 7, 11, 18, 20, 24, 28                       entry C          line   146 file /home/alia/anaconda3/envs/mddemo/share/psi4/basis/jun-cc-pvdz-jkfit.gbs 
    atoms 12, 22, 29                                     entry O          line   258 file /home/alia/anaconda3/envs/mddemo/share/psi4/basis/jun-cc-pvdz-jkfit.gbs 

  ==> Integral Setup <==

  ==> DiskDFJK: Density-Fitted J/K Matrices <==

    J tasked:                  Yes
    K tasked:                  Yes
    wK tasked:                  No
    OpenMP threads:             32
    Integrals threads:          32
    Memory [MiB]:            57220
    Algorithm:                Core
    Integral Cache:           LOAD
    Schwarz Cutoff:          1E-12
    Fitting Condition:       1E-10

   => Auxiliary Basis Set <=

  Basis Set: (JUN-CC-PVDZ AUX)
    Blend: JUN-CC-PVDZ-JKFIT
    Number of shells: 486
    Number of basis functions: 1362
    Number of Cartesian functions: 1542
    Spherical Harmonics?: true
    Max angular momentum: 3

  Minimum eigenvalue in the overlap matrix is 5.2787243569E-05.
  Reciprocal condition number of the overlap matrix is 4.5644136558E-06.
    Using symmetric orthogonalization.

  ==> Pre-Iterations <==

  SCF Guess: Superposition of Atomic Densities via on-the-fly atomic UHF (no occupation information).

   -------------------------
    Irrep   Nso     Nmo    
   -------------------------
     A        306     306 
   -------------------------
    Total     306     306
   -------------------------

  ==> Iterations <==

                           Total Energy        Delta E     RMS |[F,P]|

   @DF-RHF iter SAD:  -360.75150292687988   -3.60752e+02   0.00000e+00 
   @DF-RHF iter   1:  -360.89637855780808   -1.44876e-01   2.19547e-03 DIIS
   @DF-RHF iter   2:  -361.09542345713533   -1.99045e-01   1.35516e-03 DIIS
   @DF-RHF iter   3:  -361.15986051124122   -6.44371e-02   2.96975e-04 DIIS
   @DF-RHF iter   4:  -361.16472824343066   -4.86773e-03   1.19361e-04 DIIS
   @DF-RHF iter   5:  -361.16549100628293   -7.62763e-04   2.58864e-05 DIIS
   @DF-RHF iter   6:  -361.16555793715270   -6.69309e-05   1.29275e-05 DIIS
   @DF-RHF iter   7:  -361.16557414277941   -1.62056e-05   5.61430e-06 DIIS
   @DF-RHF iter   8:  -361.16557806722312   -3.92444e-06   2.32095e-06 DIIS
   @DF-RHF iter   9:  -361.16557877100502   -7.03782e-07   6.58242e-07 DIIS
   @DF-RHF iter  10:  -361.16557884046563   -6.94606e-08   2.43527e-07 DIIS
   @DF-RHF iter  11:  -361.16557885324517   -1.27795e-08   1.23327e-07 DIIS
   @DF-RHF iter  12:  -361.16557885738933   -4.14417e-09   6.95669e-08 DIIS
   @DF-RHF iter  13:  -361.16557885904359   -1.65426e-09   3.18233e-08 DIIS
   @DF-RHF iter  14:  -361.16557885935856   -3.14969e-10   8.57865e-09 DIIS
  Energy and wave function converged.


  ==> Post-Iterations <==

    Orbital Energies [Eh]
    ---------------------

    Doubly Occupied:                                                      

       1A    -20.749665     2A    -20.744051     3A    -15.948334  
       4A    -11.518644     5A    -11.486636     6A    -11.476061  
       7A    -11.408342     8A     -1.570728     9A     -1.548066  
      10A     -1.512307    11A     -1.252835    12A     -1.158263  
      13A     -1.030892    14A     -1.023736    15A     -0.963369  
      16A     -0.917944    17A     -0.912369    18A     -0.844698  
      19A     -0.817060    20A     -0.811405    21A     -0.774528  
      22A     -0.755039    23A     -0.703926    24A     -0.692354  
      25A     -0.675022    26A     -0.661157    27A     -0.635816  
      28A     -0.599271  

    Virtual:                                                              

      29A     -0.138211    30A     -0.084325    31A     -0.076095  
      32A     -0.062338    33A     -0.049381    34A     -0.039861  
      35A     -0.036939    36A     -0.028478    37A     -0.024789  
      38A     -0.016576    39A     -0.011690    40A     -0.006067  
      41A     -0.003792    42A      0.003422    43A      0.015058  
      44A      0.020758    45A      0.025890    46A      0.028000  
      47A      0.032347    48A      0.034100    49A      0.038280  
      50A      0.043229    51A      0.047069    52A      0.047695  
      53A      0.051157    54A      0.065005    55A      0.076834  
      56A      0.083462    57A      0.089968    58A      0.093527  
      59A      0.096418    60A      0.105307    61A      0.110437  
      62A      0.117875    63A      0.121254    64A      0.124854  
      65A      0.137722    66A      0.140515    67A      0.144010  
      68A      0.146790    69A      0.156280    70A      0.159566  
      71A      0.165232    72A      0.170794    73A      0.179945  
      74A      0.183480    75A      0.193459    76A      0.199740  
      77A      0.202255    78A      0.205745    79A      0.217771  
      80A      0.223717    81A      0.231434    82A      0.233764  
      83A      0.245937    84A      0.258349    85A      0.264598  
      86A      0.267997    87A      0.273434    88A      0.283596  
      89A      0.288251    90A      0.305596    91A      0.310275  
      92A      0.321645    93A      0.329028    94A      0.333819  
      95A      0.349260    96A      0.360696    97A      0.363265  
      98A      0.382256    99A      0.391852   100A      0.398977  
     101A      0.421888   102A      0.432117   103A      0.438050  
     104A      0.444898   105A      0.492947   106A      0.508453  
     107A      0.529163   108A      0.535733   109A      0.545074  
     110A      0.573461   111A      0.577403   112A      0.600593  
     113A      0.610495   114A      0.620011   115A      0.625875  
     116A      0.639465   117A      0.652496   118A      0.680370  
     119A      0.686424   120A      0.693938   121A      0.703344  
     122A      0.708141   123A      0.718711   124A      0.730187  
     125A      0.739600   126A      0.746112   127A      0.759665  
     128A      0.762048   129A      0.779372   130A      0.789106  
     131A      0.791199   132A      0.805416   133A      0.814989  
     134A      0.825306   135A      0.837952   136A      0.869522  
     137A      0.872981   138A      0.886721   139A      0.890579  
     140A      0.908637   141A      0.914413   142A      0.916645  
     143A      0.933311   144A      0.959221   145A      0.970305  
     146A      0.990180   147A      1.017877   148A      1.084890  
     149A      1.141957   150A      1.162600   151A      1.184137  
     152A      1.188175   153A      1.239006   154A      1.266462  
     155A      1.292199   156A      1.310041   157A      1.334913  
     158A      1.360204   159A      1.365364   160A      1.386400  
     161A      1.402118   162A      1.406115   163A      1.433953  
     164A      1.479241   165A      1.483161   166A      1.497036  
     167A      1.510273   168A      1.536051   169A      1.542519  
     170A      1.545668   171A      1.576092   172A      1.597182  
     173A      1.602888   174A      1.625466   175A      1.636413  
     176A      1.656742   177A      1.661387   178A      1.679624  
     179A      1.682859   180A      1.687656   181A      1.713422  
     182A      1.724305   183A      1.728559   184A      1.739365  
     185A      1.740751   186A      1.756337   187A      1.778489  
     188A      1.779725   189A      1.785914   190A      1.787489  
     191A      1.803073   192A      1.821758   193A      1.837757  
     194A      1.843842   195A      1.862532   196A      1.866127  
     197A      1.876252   198A      1.911471   199A      1.923723  
     200A      1.924229   201A      1.939041   202A      1.945934  
     203A      1.951505   204A      1.963776   205A      1.968174  
     206A      1.984592   207A      1.989873   208A      2.018241  
     209A      2.027785   210A      2.030649   211A      2.062718  
     212A      2.070374   213A      2.089783   214A      2.099978  
     215A      2.107346   216A      2.115758   217A      2.139340  
     218A      2.140101   219A      2.153777   220A      2.174312  
     221A      2.178175   222A      2.183614   223A      2.215074  
     224A      2.222723   225A      2.234149   226A      2.257198  
     227A      2.288342   228A      2.297594   229A      2.304551  
     230A      2.317187   231A      2.344049   232A      2.355739  
     233A      2.390344   234A      2.399767   235A      2.414574  
     236A      2.431799   237A      2.454344   238A      2.459188  
     239A      2.486817   240A      2.498509   241A      2.524120  
     242A      2.536041   243A      2.547907   244A      2.560593  
     245A      2.563638   246A      2.595537   247A      2.620815  
     248A      2.650854   249A      2.670459   250A      2.677408  
     251A      2.684518   252A      2.712245   253A      2.746181  
     254A      2.747828   255A      2.793700   256A      2.827494  
     257A      2.828049   258A      2.869953   259A      2.908132  
     260A      2.912461   261A      2.942755   262A      2.958844  
     263A      3.033904   264A      3.035341   265A      3.073460  
     266A      3.107545   267A      3.108010   268A      3.148716  
     269A      3.153910   270A      3.236686   271A      3.258941  
     272A      3.299831   273A      3.317408   274A      3.363452  
     275A      3.429765   276A      3.557424   277A      3.568068  
     278A      3.588627   279A      3.648845   280A      3.738505  
     281A      3.777101   282A      3.874673   283A      3.911636  
     284A      3.928931   285A      4.130890   286A      4.144325  
     287A      4.205841   288A      4.293041   289A      4.565637  
     290A      4.590832   291A      4.795889   292A      4.811105  
     293A      4.851819   294A      4.995212   295A      5.024329  
     296A      5.259821   297A      5.399149   298A      5.507983  
     299A      5.654235   300A      6.153224   301A      6.424194  
     302A     18.172668   303A     18.344459   304A     18.470736  
     305A     25.308750   306A     33.413041  

    Final Occupation by Irrep:
              A 
    DOCC [    28 ]

  @DF-RHF Final Energy:  -361.16557885935856

   => Energetics <=

    Nuclear Repulsion Energy =            332.9496887806316749
    One-Electron Energy =               -1141.8454957731678405
    Two-Electron Energy =                 447.7302281331775475
    Total Energy =                       -361.1655788593585612

Computation Completed


Properties will be evaluated at   0.000000,   0.000000,   0.000000 [a0]

Properties computed using the SCF density matrix

  Nuclear Dipole Moment: [e a0]
     X:   -76.3636      Y:   324.8805      Z:   163.5395

  Electronic Dipole Moment: [e a0]
     X:    77.8329      Y:  -321.1398      Z:  -162.0245

  Dipole Moment: [e a0]
     X:     1.4693      Y:     3.7407      Z:     1.5150     Total:     4.2950

  Dipole Moment: [D]
     X:     3.7347      Y:     9.5080      Z:     3.8507     Total:    10.9169


*** tstop() called on aliaconda at Sun Mar 20 05:15:10 2022
Module time:
	user time   =     220.68 seconds =       3.68 minutes
	system time =      23.86 seconds =       0.40 minutes
	total time  =         10 seconds =       0.17 minutes
Total time:
	user time   =   48414.76 seconds =     806.91 minutes
	system time =    6672.59 seconds =     111.21 minutes
	total time  =       3093 seconds =      51.55 minutes
  Constructing Basis Sets for SAPT...

   => Loading Basis Set <=

    Name: (JUN-CC-PVDZ AUX)
    Role: RIFIT
    Keyword: DF_BASIS_SAPT
    atoms 1, 14                                          entry N          line   144 file /home/alia/anaconda3/envs/mddemo/share/psi4/basis/jun-cc-pvdz-ri.gbs 
    atoms 2-4, 6, 8-10, 13, 15-17, 19, 21, 23, 25-27, 30 entry H          line    30 file /home/alia/anaconda3/envs/mddemo/share/psi4/basis/jun-cc-pvdz-ri.gbs 
    atoms 5, 7, 11, 18, 20, 24, 28                       entry C          line   100 file /home/alia/anaconda3/envs/mddemo/share/psi4/basis/jun-cc-pvdz-ri.gbs 
    atoms 12, 22, 29                                     entry O          line   188 file /home/alia/anaconda3/envs/mddemo/share/psi4/basis/jun-cc-pvdz-ri.gbs 


  //>>>>>>>>>>>>>>>>>>>>>>>>>>>>>>>>>>>//
  //               SAPT0               //
  //<<<<<<<<<<<<<<<<<<<<<<<<<<<<<<<<<<<//


*** tstart() called on aliaconda
*** at Sun Mar 20 05:15:11 2022

        SAPT0  
    Ed Hohenstein
     6 June 2009

      Orbital Information
  --------------------------
    NSO        =       306
    NMO        =       306
    NRI        =      1032
    NOCC A     =        20
    NOCC B     =        28
    FOCC A     =         0
    FOCC B     =         0
    NVIR A     =       286
    NVIR B     =       278

    Elst10,r            =     0.076531668638 [Eh]
    Exch10              =    -0.000000039463 [Eh]
    Exch10 (S^2)        =    -0.000000039463 [Eh]

    Iter     Energy [mEh]          dE [mEh]         Residual      Time [s]
       1      -0.68465406       0.684654062       7.888586856             0
       2      -0.65684097      -0.027813095       2.499681044             1
       3      -0.70043802       0.043597051       1.070820689             1
       4      -0.71993996       0.019501937       0.303884164             2
       5      -0.71701717      -0.002922790       0.182525883             2
       6      -0.71554078      -0.001476388       0.049632101             3
       7      -0.71600669       0.000465909       0.016457414             4
       8      -0.71607693       0.000070239       0.006940325             4
       9      -0.71603510      -0.000041831       0.004253668             5
      10      -0.71602734      -0.000007758       0.001442054             5
      11      -0.71603648       0.000009146       0.000428771             6
      12      -0.71603648      -0.000000000       0.000111827             6
      13      -0.71603585      -0.000000637       0.000026734             7
      14      -0.71603587       0.000000022       0.000007004             7
      15      -0.71603589       0.000000025       0.000001942             8
      16      -0.71603589       0.000000000       0.000000497             9

    CHF Iterations converged


    Iter     Energy [mEh]          dE [mEh]         Residual      Time [s]
       1      -0.45085078       0.450850784       4.767812968             0
       2      -0.46540414       0.014553354       1.974303723             1
       3      -0.49857643       0.033172289       0.628159170             1
       4      -0.50437589       0.005799466       0.161591958             2
       5      -0.50303299      -0.001342904       0.073708547             3
       6      -0.50253878      -0.000494205       0.035390161             3
       7      -0.50268133       0.000142550       0.021045007             4
       8      -0.50281796       0.000136628       0.007488495             4
       9      -0.50278154      -0.000036419       0.003827095             5
      10      -0.50276704      -0.000014505       0.001519661             6
      11      -0.50277423       0.000007188       0.000554484             6
      12      -0.50277518       0.000000956       0.000155275             7
      13      -0.50277452      -0.000000657       0.000046136             7
      14      -0.50277444      -0.000000087       0.000012823             8
      15      -0.50277447       0.000000037       0.000004234             9
      16      -0.50277448       0.000000009       0.000001218             9
      17      -0.50277448      -0.000000002       0.000000420            10

    CHF Iterations converged

    Ind20,r (A<-B)      =    -0.000716035893 [Eh]
    Ind20,r (B<-A)      =    -0.000502774481 [Eh]
    Ind20,r             =    -0.001218810374 [Eh]
    Exch-Ind20,r (A<-B) =     0.000000016469 [Eh]
    Exch-Ind20,r (B<-A) =     0.000000030630 [Eh]
    Exch-Ind20,r        =     0.000000047099 [Eh]
    Disp20              =    -0.000131200999 [Eh]
    Disp20 (SS)         =    -0.000065600499 [Eh]
    Disp20 (OS)         =    -0.000065600499 [Eh]
    Exch-Disp20         =     0.000000014265 [Eh]
    Exch-Disp20 (SS)    =     0.000000010019 [Eh]
    Exch-Disp20 (OS)    =     0.000000004246 [Eh]

    SAPT Results 
  --------------------------------------------------------------------------------------------------------
    Electrostatics                 76.53166864 [mEh]      48.02434711 [kcal/mol]     200.93386833 [kJ/mol]
      Elst10,r                     76.53166864 [mEh]      48.02434711 [kcal/mol]     200.93386833 [kJ/mol]

    Exchange                       -0.00003946 [mEh]      -0.00002476 [kcal/mol]      -0.00010361 [kJ/mol]
      Exch10                       -0.00003946 [mEh]      -0.00002476 [kcal/mol]      -0.00010361 [kJ/mol]
      Exch10(S^2)                  -0.00003946 [mEh]      -0.00002476 [kcal/mol]      -0.00010361 [kJ/mol]

    Induction                      -1.19374295 [mEh]      -0.74908501 [kcal/mol]      -3.13417169 [kJ/mol]
      Ind20,r                      -1.21881037 [mEh]      -0.76481506 [kcal/mol]      -3.19998620 [kJ/mol]
      Exch-Ind20,r                  0.00004710 [mEh]       0.00002956 [kcal/mol]       0.00012366 [kJ/mol]
      delta HF,r (2)                0.02502032 [mEh]       0.01570049 [kcal/mol]       0.06569085 [kJ/mol]

    Dispersion                     -0.13118673 [mEh]      -0.08232092 [kcal/mol]      -0.34443072 [kJ/mol]
      Disp20                       -0.13120100 [mEh]      -0.08232987 [kcal/mol]      -0.34446817 [kJ/mol]
      Exch-Disp20                   0.00001427 [mEh]       0.00000895 [kcal/mol]       0.00003745 [kJ/mol]
      Disp20 (SS)                  -0.06560050 [mEh]      -0.04116493 [kcal/mol]      -0.17223409 [kJ/mol]
      Disp20 (OS)                  -0.06560050 [mEh]      -0.04116493 [kcal/mol]      -0.17223409 [kJ/mol]
      Exch-Disp20 (SS)              0.00001002 [mEh]       0.00000629 [kcal/mol]       0.00002630 [kJ/mol]
      Exch-Disp20 (OS)              0.00000425 [mEh]       0.00000266 [kcal/mol]       0.00001115 [kJ/mol]

  Total HF                         75.33788622 [mEh]      47.27523734 [kcal/mol]     197.79959303 [kJ/mol]
  Total SAPT0                      75.20669949 [mEh]      47.19291642 [kcal/mol]     197.45516231 [kJ/mol]

  Special recipe for scaled SAPT0 (see Manual):
    Electrostatics sSAPT0          76.53166864 [mEh]      48.02434711 [kcal/mol]     200.93386833 [kJ/mol]
    Exchange sSAPT0                -0.00003946 [mEh]      -0.00002476 [kcal/mol]      -0.00010361 [kJ/mol]
    Induction sSAPT0               -1.19374295 [mEh]      -0.74908501 [kcal/mol]      -3.13417169 [kJ/mol]
    Dispersion sSAPT0              -0.13118673 [mEh]      -0.08232092 [kcal/mol]      -0.34443072 [kJ/mol]
  Total sSAPT0                     75.20669949 [mEh]      47.19291642 [kcal/mol]     197.45516231 [kJ/mol]
  --------------------------------------------------------------------------------------------------------

*** tstop() called on aliaconda at Sun Mar 20 05:16:00 2022
Module time:
	user time   =     697.31 seconds =      11.62 minutes
	system time =     121.92 seconds =       2.03 minutes
	total time  =         49 seconds =       0.82 minutes
Total time:
	user time   =   49114.69 seconds =     818.58 minutes
	system time =    6794.97 seconds =     113.25 minutes
	total time  =       3143 seconds =      52.38 minutes


Warning! sapt0 does not have an associated derived wavefunction.The returned wavefunction is the dimer SCF wavefunction.


  Memory set to  74.506 GiB by Python driver.
  Threads set to 32 by Python driver.
