
Scratch directory: /tmp/

Scratch directory: /tmp/

  //>>>>>>>>>>>>>>>>>>>>>>>>>>>>>>>>>>>//
  //              Dimer HF             //
  //<<<<<<<<<<<<<<<<<<<<<<<<<<<<<<<<<<<//


*** tstart() called on aliaconda
*** at Sun Mar 20 06:42:24 2022

   => Loading Basis Set <=

    Name: JUN-CC-PVDZ
    Role: ORBITAL
    Keyword: BASIS
    atoms 1, 14                                          entry N          line   198 file /home/alia/anaconda3/envs/mddemo/share/psi4/basis/jun-cc-pvdz.gbs 
    atoms 2-4, 6, 8-10, 13, 15-17, 19, 21, 23, 25-27, 30 entry H          line    36 file /home/alia/anaconda3/envs/mddemo/share/psi4/basis/jun-cc-pvdz.gbs 
    atoms 5, 7, 11, 18, 20, 24, 28                       entry C          line   164 file /home/alia/anaconda3/envs/mddemo/share/psi4/basis/jun-cc-pvdz.gbs 
    atoms 12, 22, 29                                     entry O          line   232 file /home/alia/anaconda3/envs/mddemo/share/psi4/basis/jun-cc-pvdz.gbs 


         ---------------------------------------------------------
                                   SCF
               by Justin Turney, Rob Parrish, Andy Simmonett
                          and Daniel G. A. Smith
                              RHF Reference
                       32 Threads,  76293 MiB Core
         ---------------------------------------------------------

  ==> Geometry <==

    Molecular point group: c1
    Full point group: C1

    Geometry (in Angstrom), charge = 2, multiplicity = 1:

       Center              X                  Y                   Z               Mass       
    ------------   -----------------  -----------------  -----------------  -----------------
         N           -0.420489550282    -6.608753519138    -1.021713154043    14.003074004430
         H           -1.339489222218    -6.461753683170    -0.256713287557     1.007825032230
         H           -1.037489176441    -6.983753519138    -1.983713285650     1.007825032230
         H            0.118510484051    -7.386753635487    -0.697713272298     1.007825032230
         C            0.270510434460    -5.358753519138    -1.158713237966    12.000000000000
         H           -0.151489496876    -4.554753618321    -0.538713352407     1.007825032230
         C            1.699510573696    -5.616753416142    -0.578713314260    12.000000000000
         H            2.235510587048    -6.360753374180    -1.272713081563     1.007825032230
         H            1.647510527920    -6.199753599247     0.386286838328     1.007825032230
         H            2.329510688137    -4.731753664097    -0.425713436330     1.007825032230
         C            0.313510655712    -4.873753385624    -2.576713220800    12.000000000000
         O            0.067510365795    -5.564753847202    -3.558713333333    15.994914619570
         H            0.585478066753    -3.821786718449    -2.748176471914     1.007825032230
         N            0.796510695766     3.011246366421     0.273286922251    14.003074004430
         H            0.840510606121     1.811246557156     0.222286803996     1.007825032230
         H            0.864510535549     3.258246107021    -0.902713196004     1.007825032230
         H            1.691510676693     3.376246137539     0.699286563670     1.007825032230
         C           -0.435489416767     3.582246465603     0.807286842143    12.000000000000
         H           -1.175489187885     2.894246740261     0.759286983287     1.007825032230
         C           -0.313489199329     3.999246282497     2.293286903178    12.000000000000
         H           -1.287489176441     4.353246374050     2.726286514079     1.007825032230
         O            0.646510361980     5.017245931545     2.550286872660    15.994914619570
         H            1.551510571789     4.627246541897     2.423287017619     1.007825032230
         C           -0.009489298512     2.804246587673     3.176286323344    12.000000000000
         H            1.063510655712     2.512246770779     3.042286498820     1.007825032230
         H           -0.683489561726     1.974246663967     2.976286514079     1.007825032230
         H           -0.170489550282     3.118246717373     4.210286720072     1.007825032230
         C           -0.837489367176     4.756246251980    -0.062713043416    12.000000000000
         O           -2.002489329029     5.060246152798    -0.271713154043    15.994914619570
         H           -0.045116186787     5.361836118618    -0.526831047262     1.007825032230

  Running in c1 symmetry.

  Rotational constants: A =      0.03784  B =      0.00361  C =      0.00343 [cm^-1]
  Rotational constants: A =   1134.52909  B =    108.15837  C =    102.93245 [MHz]
  Nuclear repulsion =  637.742142572635771

  Charge       = 2
  Multiplicity = 1
  Electrons    = 96
  Nalpha       = 48
  Nbeta        = 48

  ==> Algorithm <==

  SCF Algorithm Type is DF.
  DIIS enabled.
  MOM disabled.
  Fractional occupation disabled.
  Guess Type is SAD.
  Energy threshold   = 1.00e-08
  Density threshold  = 1.00e-08
  Integral threshold = 1.00e-12

  ==> Primary Basis <==

  Basis Set: JUN-CC-PVDZ
    Blend: JUN-CC-PVDZ
    Number of shells: 150
    Number of basis functions: 306
    Number of Cartesian functions: 318
    Spherical Harmonics?: true
    Max angular momentum: 2

   => Loading Basis Set <=

    Name: (JUN-CC-PVDZ AUX)
    Role: JKFIT
    Keyword: DF_BASIS_SCF
    atoms 1, 14                                          entry N          line   202 file /home/alia/anaconda3/envs/mddemo/share/psi4/basis/jun-cc-pvdz-jkfit.gbs 
    atoms 2-4, 6, 8-10, 13, 15-17, 19, 21, 23, 25-27, 30 entry H          line    70 file /home/alia/anaconda3/envs/mddemo/share/psi4/basis/jun-cc-pvdz-jkfit.gbs 
    atoms 5, 7, 11, 18, 20, 24, 28                       entry C          line   146 file /home/alia/anaconda3/envs/mddemo/share/psi4/basis/jun-cc-pvdz-jkfit.gbs 
    atoms 12, 22, 29                                     entry O          line   258 file /home/alia/anaconda3/envs/mddemo/share/psi4/basis/jun-cc-pvdz-jkfit.gbs 

  ==> Integral Setup <==

  ==> DiskDFJK: Density-Fitted J/K Matrices <==

    J tasked:                  Yes
    K tasked:                  Yes
    wK tasked:                  No
    OpenMP threads:             32
    Integrals threads:          32
    Memory [MiB]:            57220
    Algorithm:                Core
    Integral Cache:           SAVE
    Schwarz Cutoff:          1E-12
    Fitting Condition:       1E-10

   => Auxiliary Basis Set <=

  Basis Set: (JUN-CC-PVDZ AUX)
    Blend: JUN-CC-PVDZ-JKFIT
    Number of shells: 486
    Number of basis functions: 1362
    Number of Cartesian functions: 1542
    Spherical Harmonics?: true
    Max angular momentum: 3

  Minimum eigenvalue in the overlap matrix is 5.4053644673E-05.
  Reciprocal condition number of the overlap matrix is 4.7120140511E-06.
    Using symmetric orthogonalization.

  ==> Pre-Iterations <==

  SCF Guess: Superposition of Atomic Densities via on-the-fly atomic UHF (no occupation information).

   -------------------------
    Irrep   Nso     Nmo    
   -------------------------
     A        306     306 
   -------------------------
    Total     306     306
   -------------------------

  ==> Iterations <==

                           Total Energy        Delta E     RMS |[F,P]|

   @DF-RHF iter SAD:  -607.36841175070299   -6.07368e+02   0.00000e+00 
   @DF-RHF iter   1:  -607.97951000048738   -6.11098e-01   2.79666e-03 DIIS
   @DF-RHF iter   2:  -608.29719002154218   -3.17680e-01   1.76511e-03 DIIS
   @DF-RHF iter   3:  -608.40636377653573   -1.09174e-01   3.94413e-04 DIIS
   @DF-RHF iter   4:  -608.41515380739395   -8.79003e-03   1.41938e-04 DIIS
   @DF-RHF iter   5:  -608.41634766942195   -1.19386e-03   3.38724e-05 DIIS
   @DF-RHF iter   6:  -608.41646773472075   -1.20065e-04   1.67408e-05 DIIS
   @DF-RHF iter   7:  -608.41649573038069   -2.79957e-05   7.46625e-06 DIIS
   @DF-RHF iter   8:  -608.41650248488691   -6.75451e-06   3.05583e-06 DIIS
   @DF-RHF iter   9:  -608.41650360759070   -1.12270e-06   1.13650e-06 DIIS
   @DF-RHF iter  10:  -608.41650374690118   -1.39310e-07   4.05836e-07 DIIS
   @DF-RHF iter  11:  -608.41650376888572   -2.19845e-08   1.85712e-07 DIIS
   @DF-RHF iter  12:  -608.41650377649330   -7.60758e-09   9.73466e-08 DIIS
   @DF-RHF iter  13:  -608.41650377926464   -2.77134e-09   4.96734e-08 DIIS
   @DF-RHF iter  14:  -608.41650378014310   -8.78458e-10   1.76104e-08 DIIS
   @DF-RHF iter  15:  -608.41650378021961   -7.65112e-11   5.00117e-09 DIIS
  Energy and wave function converged.


  ==> Post-Iterations <==

    Orbital Energies [Eh]
    ---------------------

    Doubly Occupied:                                                      

       1A    -20.815827     2A    -20.798873     3A    -20.796621  
       4A    -16.008077     5A    -15.985394     6A    -11.589285  
       7A    -11.570314     8A    -11.569901     9A    -11.548428  
      10A    -11.531550    11A    -11.502016    12A    -11.450234  
      13A     -1.638324    14A     -1.617240    15A     -1.596371  
      16A     -1.564288    17A     -1.559518    18A     -1.302858  
      19A     -1.300555    20A     -1.218651    21A     -1.168807  
      22A     -1.078306    23A     -1.068150    24A     -1.063905  
      25A     -1.020681    26A     -1.005228    27A     -0.994885  
      28A     -0.970618    29A     -0.952121    30A     -0.940386  
      31A     -0.893909    32A     -0.883266    33A     -0.870946  
      34A     -0.858307    35A     -0.851596    36A     -0.835315  
      37A     -0.831241    38A     -0.816773    39A     -0.801050  
      40A     -0.761585    41A     -0.761063    42A     -0.754302  
      43A     -0.734789    44A     -0.727711    45A     -0.703987  
      46A     -0.683110    47A     -0.676029    48A     -0.646752  

    Virtual:                                                              

      49A     -0.198926    50A     -0.175154    51A     -0.154324  
      52A     -0.138925    53A     -0.137129    54A     -0.130956  
      55A     -0.113471    56A     -0.108476    57A     -0.104374  
      58A     -0.100964    59A     -0.089951    60A     -0.083496  
      61A     -0.081776    62A     -0.081345    63A     -0.074528  
      64A     -0.073173    65A     -0.066408    66A     -0.065541  
      67A     -0.060585    68A     -0.057892    69A     -0.053199  
      70A     -0.044899    71A     -0.037870    72A     -0.032005  
      73A     -0.026134    74A     -0.024366    75A     -0.021113  
      76A     -0.020772    77A     -0.013765    78A     -0.010061  
      79A     -0.004904    80A     -0.003022    81A      0.002596  
      82A      0.010175    83A      0.024604    84A      0.028715  
      85A      0.034995    86A      0.038431    87A      0.042333  
      88A      0.052439    89A      0.059736    90A      0.064374  
      91A      0.069096    92A      0.091434    93A      0.092466  
      94A      0.093973    95A      0.099506    96A      0.112055  
      97A      0.113263    98A      0.117630    99A      0.126752  
     100A      0.130650   101A      0.135015   102A      0.137749  
     103A      0.143152   104A      0.147606   105A      0.151879  
     106A      0.161527   107A      0.171184   108A      0.172242  
     109A      0.176708   110A      0.189998   111A      0.194374  
     112A      0.207090   113A      0.215030   114A      0.222572  
     115A      0.229451   116A      0.237320   117A      0.254060  
     118A      0.256464   119A      0.267819   120A      0.279052  
     121A      0.284148   122A      0.301477   123A      0.321416  
     124A      0.325967   125A      0.367986   126A      0.382013  
     127A      0.455586   128A      0.480265   129A      0.481091  
     130A      0.502200   131A      0.510203   132A      0.525202  
     133A      0.534870   134A      0.545211   135A      0.547528  
     136A      0.564805   137A      0.570514   138A      0.575746  
     139A      0.603505   140A      0.613695   141A      0.619842  
     142A      0.621386   143A      0.632658   144A      0.636438  
     145A      0.654222   146A      0.660941   147A      0.669492  
     148A      0.673887   149A      0.686826   150A      0.688017  
     151A      0.690313   152A      0.707643   153A      0.712531  
     154A      0.719122   155A      0.736529   156A      0.739730  
     157A      0.745395   158A      0.763048   159A      0.771303  
     160A      0.776208   161A      0.777098   162A      0.798504  
     163A      0.815402   164A      0.824722   165A      0.825967  
     166A      0.836558   167A      0.839012   168A      0.851471  
     169A      0.860920   170A      0.869108   171A      0.878152  
     172A      0.903944   173A      0.922439   174A      0.934398  
     175A      0.972928   176A      1.062820   177A      1.073919  
     178A      1.078737   179A      1.104453   180A      1.110394  
     181A      1.146401   182A      1.177698   183A      1.191667  
     184A      1.195665   185A      1.210128   186A      1.211280  
     187A      1.244821   188A      1.252020   189A      1.254707  
     190A      1.264438   191A      1.288568   192A      1.290943  
     193A      1.303361   194A      1.305971   195A      1.316244  
     196A      1.323919   197A      1.327364   198A      1.329121  
     199A      1.360776   200A      1.378555   201A      1.381311  
     202A      1.405742   203A      1.407131   204A      1.435737  
     205A      1.440393   206A      1.456540   207A      1.475250  
     208A      1.539689   209A      1.556953   210A      1.561940  
     211A      1.572434   212A      1.578958   213A      1.604480  
     214A      1.606158   215A      1.616603   216A      1.627385  
     217A      1.631327   218A      1.665146   219A      1.666261  
     220A      1.676488   221A      1.682925   222A      1.715651  
     223A      1.717498   224A      1.730568   225A      1.731475  
     226A      1.740144   227A      1.745194   228A      1.754008  
     229A      1.758925   230A      1.761249   231A      1.783028  
     232A      1.789547   233A      1.794787   234A      1.812930  
     235A      1.828889   236A      1.845210   237A      1.853213  
     238A      1.858001   239A      1.866826   240A      1.880664  
     241A      1.895235   242A      1.922192   243A      1.929248  
     244A      1.948854   245A      1.957530   246A      1.986702  
     247A      1.998639   248A      2.012502   249A      2.019808  
     250A      2.048202   251A      2.060147   252A      2.074097  
     253A      2.091332   254A      2.107662   255A      2.116500  
     256A      2.156024   257A      2.164072   258A      2.166728  
     259A      2.170471   260A      2.218610   261A      2.250742  
     262A      2.253035   263A      2.285656   264A      2.337715  
     265A      2.339414   266A      2.372492   267A      2.374514  
     268A      2.394051   269A      2.394524   270A      2.429179  
     271A      2.435449   272A      2.464335   273A      2.501591  
     274A      2.514304   275A      2.519259   276A      2.536234  
     277A      2.576694   278A      2.609456   279A      2.609857  
     280A      2.618106   281A      2.625322   282A      2.654399  
     283A      2.665098   284A      2.688747   285A      2.694280  
     286A      2.730935   287A      2.808242   288A      2.826249  
     289A      2.847957   290A      2.865435   291A      2.898587  
     292A      2.988322   293A      2.998261   294A      3.031853  
     295A      3.092602   296A      3.093616   297A      3.190625  
     298A      3.230917   299A      3.239185   300A      3.254914  
     301A      3.487282   302A      3.495944   303A      3.532447  
     304A      3.720095   305A      3.766924   306A      3.874008  

    Final Occupation by Irrep:
              A 
    DOCC [    48 ]

  @DF-RHF Final Energy:  -608.41650378021961

   => Energetics <=

    Nuclear Repulsion Energy =            637.7421425726357711
    One-Electron Energy =               -2069.6789964588624571
    Two-Electron Energy =                 823.5203501060071858
    Total Energy =                       -608.4165037802196139

Computation Completed


Properties will be evaluated at   0.000000,   0.000000,   0.000000 [a0]

Properties computed using the SCF density matrix

  Nuclear Dipole Moment: [e a0]
     X:     6.5902      Y:   -12.3556      Z:     7.5826

  Electronic Dipole Moment: [e a0]
     X:    -4.7839      Y:     5.7297      Z:    -7.4790

  Dipole Moment: [e a0]
     X:     1.8063      Y:    -6.6259      Z:     0.1036     Total:     6.8684

  Dipole Moment: [D]
     X:     4.5912      Y:   -16.8413      Z:     0.2632     Total:    17.4579


*** tstop() called on aliaconda at Sun Mar 20 06:42:38 2022
Module time:
	user time   =     313.96 seconds =       5.23 minutes
	system time =      39.26 seconds =       0.65 minutes
	total time  =         14 seconds =       0.23 minutes
Total time:
	user time   =  137344.35 seconds =    2289.07 minutes
	system time =   19400.78 seconds =     323.35 minutes
	total time  =       8341 seconds =     139.02 minutes

  //>>>>>>>>>>>>>>>>>>>>>>>>>>>>>>>>>>>//
  //            Monomer A HF           //
  //<<<<<<<<<<<<<<<<<<<<<<<<<<<<<<<<<<<//


*** tstart() called on aliaconda
*** at Sun Mar 20 06:42:38 2022

   => Loading Basis Set <=

    Name: JUN-CC-PVDZ
    Role: ORBITAL
    Keyword: BASIS
    atoms 1, 14                                          entry N          line   198 file /home/alia/anaconda3/envs/mddemo/share/psi4/basis/jun-cc-pvdz.gbs 
    atoms 2-4, 6, 8-10, 13, 15-17, 19, 21, 23, 25-27, 30 entry H          line    36 file /home/alia/anaconda3/envs/mddemo/share/psi4/basis/jun-cc-pvdz.gbs 
    atoms 5, 7, 11, 18, 20, 24, 28                       entry C          line   164 file /home/alia/anaconda3/envs/mddemo/share/psi4/basis/jun-cc-pvdz.gbs 
    atoms 12, 22, 29                                     entry O          line   232 file /home/alia/anaconda3/envs/mddemo/share/psi4/basis/jun-cc-pvdz.gbs 


         ---------------------------------------------------------
                                   SCF
               by Justin Turney, Rob Parrish, Andy Simmonett
                          and Daniel G. A. Smith
                              RHF Reference
                       32 Threads,  76293 MiB Core
         ---------------------------------------------------------

  ==> Geometry <==

    Molecular point group: c1
    Full point group: C1

    Geometry (in Angstrom), charge = 1, multiplicity = 1:

       Center              X                  Y                   Z               Mass       
    ------------   -----------------  -----------------  -----------------  -----------------
         N           -0.420489550282    -6.608753519138    -1.021713154043    14.003074004430
         H           -1.339489222218    -6.461753683170    -0.256713287557     1.007825032230
         H           -1.037489176441    -6.983753519138    -1.983713285650     1.007825032230
         H            0.118510484051    -7.386753635487    -0.697713272298     1.007825032230
         C            0.270510434460    -5.358753519138    -1.158713237966    12.000000000000
         H           -0.151489496876    -4.554753618321    -0.538713352407     1.007825032230
         C            1.699510573696    -5.616753416142    -0.578713314260    12.000000000000
         H            2.235510587048    -6.360753374180    -1.272713081563     1.007825032230
         H            1.647510527920    -6.199753599247     0.386286838328     1.007825032230
         H            2.329510688137    -4.731753664097    -0.425713436330     1.007825032230
         C            0.313510655712    -4.873753385624    -2.576713220800    12.000000000000
         O            0.067510365795    -5.564753847202    -3.558713333333    15.994914619570
         H            0.585478066753    -3.821786718449    -2.748176471914     1.007825032230
      Gh(N)           0.796510695766     3.011246366421     0.273286922251    14.003074004430
      Gh(H)           0.840510606121     1.811246557156     0.222286803996     1.007825032230
      Gh(H)           0.864510535549     3.258246107021    -0.902713196004     1.007825032230
      Gh(H)           1.691510676693     3.376246137539     0.699286563670     1.007825032230
      Gh(C)          -0.435489416767     3.582246465603     0.807286842143    12.000000000000
      Gh(H)          -1.175489187885     2.894246740261     0.759286983287     1.007825032230
      Gh(C)          -0.313489199329     3.999246282497     2.293286903178    12.000000000000
      Gh(H)          -1.287489176441     4.353246374050     2.726286514079     1.007825032230
      Gh(O)           0.646510361980     5.017245931545     2.550286872660    15.994914619570
      Gh(H)           1.551510571789     4.627246541897     2.423287017619     1.007825032230
      Gh(C)          -0.009489298512     2.804246587673     3.176286323344    12.000000000000
      Gh(H)           1.063510655712     2.512246770779     3.042286498820     1.007825032230
      Gh(H)          -0.683489561726     1.974246663967     2.976286514079     1.007825032230
      Gh(H)          -0.170489550282     3.118246717373     4.210286720072     1.007825032230
      Gh(C)          -0.837489367176     4.756246251980    -0.062713043416    12.000000000000
      Gh(O)          -2.002489329029     5.060246152798    -0.271713154043    15.994914619570
      Gh(H)          -0.045116186787     5.361836118618    -0.526831047262     1.007825032230

  Running in c1 symmetry.

  Rotational constants: A =      0.03784  B =      0.00361  C =      0.00343 [cm^-1]
  Rotational constants: A =   1134.52909  B =    108.15837  C =    102.93245 [MHz]
  Nuclear repulsion =  186.739957623609712

  Charge       = 1
  Multiplicity = 1
  Electrons    = 40
  Nalpha       = 20
  Nbeta        = 20

  ==> Algorithm <==

  SCF Algorithm Type is DF.
  DIIS enabled.
  MOM disabled.
  Fractional occupation disabled.
  Guess Type is SAD.
  Energy threshold   = 1.00e-08
  Density threshold  = 1.00e-08
  Integral threshold = 1.00e-12

  ==> Primary Basis <==

  Basis Set: JUN-CC-PVDZ
    Blend: JUN-CC-PVDZ
    Number of shells: 150
    Number of basis functions: 306
    Number of Cartesian functions: 318
    Spherical Harmonics?: true
    Max angular momentum: 2

   => Loading Basis Set <=

    Name: (JUN-CC-PVDZ AUX)
    Role: JKFIT
    Keyword: DF_BASIS_SCF
    atoms 1, 14                                          entry N          line   202 file /home/alia/anaconda3/envs/mddemo/share/psi4/basis/jun-cc-pvdz-jkfit.gbs 
    atoms 2-4, 6, 8-10, 13, 15-17, 19, 21, 23, 25-27, 30 entry H          line    70 file /home/alia/anaconda3/envs/mddemo/share/psi4/basis/jun-cc-pvdz-jkfit.gbs 
    atoms 5, 7, 11, 18, 20, 24, 28                       entry C          line   146 file /home/alia/anaconda3/envs/mddemo/share/psi4/basis/jun-cc-pvdz-jkfit.gbs 
    atoms 12, 22, 29                                     entry O          line   258 file /home/alia/anaconda3/envs/mddemo/share/psi4/basis/jun-cc-pvdz-jkfit.gbs 

  ==> Integral Setup <==

  ==> DiskDFJK: Density-Fitted J/K Matrices <==

    J tasked:                  Yes
    K tasked:                  Yes
    wK tasked:                  No
    OpenMP threads:             32
    Integrals threads:          32
    Memory [MiB]:            57220
    Algorithm:                Core
    Integral Cache:           LOAD
    Schwarz Cutoff:          1E-12
    Fitting Condition:       1E-10

   => Auxiliary Basis Set <=

  Basis Set: (JUN-CC-PVDZ AUX)
    Blend: JUN-CC-PVDZ-JKFIT
    Number of shells: 486
    Number of basis functions: 1362
    Number of Cartesian functions: 1542
    Spherical Harmonics?: true
    Max angular momentum: 3

  Minimum eigenvalue in the overlap matrix is 5.4053644673E-05.
  Reciprocal condition number of the overlap matrix is 4.7120140511E-06.
    Using symmetric orthogonalization.

  ==> Pre-Iterations <==

  SCF Guess: Superposition of Atomic Densities via on-the-fly atomic UHF (no occupation information).

   -------------------------
    Irrep   Nso     Nmo    
   -------------------------
     A        306     306 
   -------------------------
    Total     306     306
   -------------------------

  ==> Iterations <==

                           Total Energy        Delta E     RMS |[F,P]|

   @DF-RHF iter SAD:  -246.76645168802332   -2.46766e+02   0.00000e+00 
   @DF-RHF iter   1:  -247.13175578862734   -3.65304e-01   1.71494e-03 DIIS
   @DF-RHF iter   2:  -247.25546486236411   -1.23709e-01   1.06355e-03 DIIS
   @DF-RHF iter   3:  -247.29543189015925   -3.99670e-02   2.45167e-04 DIIS
   @DF-RHF iter   4:  -247.29897645108048   -3.54456e-03   8.32845e-05 DIIS
   @DF-RHF iter   5:  -247.29941244783078   -4.35997e-04   1.97870e-05 DIIS
   @DF-RHF iter   6:  -247.29946161012847   -4.91623e-05   8.61731e-06 DIIS
   @DF-RHF iter   7:  -247.29947025987298   -8.64974e-06   4.22660e-06 DIIS
   @DF-RHF iter   8:  -247.29947251047741   -2.25060e-06   1.44850e-06 DIIS
   @DF-RHF iter   9:  -247.29947278317644   -2.72699e-07   3.30825e-07 DIIS
   @DF-RHF iter  10:  -247.29947279699627   -1.38198e-08   1.22217e-07 DIIS
   @DF-RHF iter  11:  -247.29947279977065   -2.77439e-09   4.98973e-08 DIIS
   @DF-RHF iter  12:  -247.29947280045135   -6.80700e-10   2.59550e-08 DIIS
   @DF-RHF iter  13:  -247.29947280070556   -2.54204e-10   7.81002e-09 DIIS
  Energy and wave function converged.


  ==> Post-Iterations <==

    Orbital Energies [Eh]
    ---------------------

    Doubly Occupied:                                                      

       1A    -20.754241     2A    -15.928658     3A    -11.527267  
       4A    -11.507669     5A    -11.441159     6A     -1.577524  
       7A     -1.506334     8A     -1.241954     9A     -1.107767  
      10A     -1.007330    11A     -0.947427    12A     -0.935227  
      13A     -0.879591    14A     -0.822856    15A     -0.790986  
      16A     -0.755928    17A     -0.739429    18A     -0.700471  
      19A     -0.674304    20A     -0.614417  

    Virtual:                                                              

      21A     -0.118496    22A     -0.077886    23A     -0.075909  
      24A     -0.047330    25A     -0.044526    26A     -0.028227  
      27A     -0.026644    28A     -0.019683    29A     -0.016603  
      30A     -0.007585    31A     -0.004973    32A      0.000827  
      33A      0.011843    34A      0.013359    35A      0.015857  
      36A      0.028275    37A      0.034123    38A      0.035352  
      39A      0.038282    40A      0.044297    41A      0.050829  
      42A      0.053375    43A      0.056617    44A      0.059546  
      45A      0.071855    46A      0.084191    47A      0.087413  
      48A      0.089730    49A      0.095771    50A      0.100116  
      51A      0.103295    52A      0.108302    53A      0.119522  
      54A      0.121285    55A      0.140911    56A      0.145066  
      57A      0.153411    58A      0.156606    59A      0.157345  
      60A      0.160810    61A      0.168460    62A      0.169451  
      63A      0.174620    64A      0.178217    65A      0.192300  
      66A      0.195410    67A      0.199389    68A      0.206457  
      69A      0.212129    70A      0.230098    71A      0.237716  
      72A      0.243154    73A      0.249703    74A      0.254708  
      75A      0.257985    76A      0.270511    77A      0.276361  
      78A      0.292606    79A      0.297503    80A      0.314839  
      81A      0.317687    82A      0.328195    83A      0.339733  
      84A      0.347065    85A      0.365010    86A      0.372105  
      87A      0.386632    88A      0.394608    89A      0.409539  
      90A      0.443721    91A      0.447440    92A      0.454733  
      93A      0.475764    94A      0.492699    95A      0.510771  
      96A      0.516949    97A      0.541329    98A      0.544598  
      99A      0.554615   100A      0.560782   101A      0.563758  
     102A      0.581574   103A      0.585400   104A      0.592127  
     105A      0.594631   106A      0.609636   107A      0.635877  
     108A      0.644521   109A      0.665076   110A      0.673249  
     111A      0.680393   112A      0.688932   113A      0.694791  
     114A      0.704242   115A      0.714260   116A      0.730174  
     117A      0.735453   118A      0.740659   119A      0.752283  
     120A      0.752783   121A      0.774306   122A      0.800373  
     123A      0.813968   124A      0.822266   125A      0.838987  
     126A      0.855095   127A      0.857386   128A      0.883563  
     129A      0.895297   130A      0.897252   131A      0.909546  
     132A      0.921463   133A      0.925285   134A      0.944653  
     135A      0.954357   136A      0.979481   137A      0.989645  
     138A      0.996053   139A      1.033298   140A      1.135380  
     141A      1.138477   142A      1.141254   143A      1.172027  
     144A      1.227340   145A      1.252821   146A      1.271630  
     147A      1.304277   148A      1.323974   149A      1.348888  
     150A      1.382471   151A      1.387218   152A      1.437936  
     153A      1.466621   154A      1.496293   155A      1.504389  
     156A      1.537024   157A      1.564538   158A      1.600975  
     159A      1.608186   160A      1.622509   161A      1.624721  
     162A      1.640323   163A      1.650872   164A      1.668417  
     165A      1.680100   166A      1.693773   167A      1.698247  
     168A      1.708425   169A      1.725999   170A      1.738680  
     171A      1.742879   172A      1.760836   173A      1.763199  
     174A      1.777728   175A      1.793261   176A      1.806334  
     177A      1.816141   178A      1.821659   179A      1.843445  
     180A      1.849508   181A      1.857915   182A      1.869773  
     183A      1.893096   184A      1.902772   185A      1.905065  
     186A      1.909563   187A      1.915456   188A      1.931976  
     189A      1.945985   190A      1.956623   191A      1.972411  
     192A      1.988734   193A      1.996642   194A      2.009871  
     195A      2.030945   196A      2.036342   197A      2.046187  
     198A      2.054187   199A      2.072489   200A      2.074765  
     201A      2.084796   202A      2.112096   203A      2.121414  
     204A      2.151723   205A      2.155647   206A      2.161216  
     207A      2.176270   208A      2.187287   209A      2.202377  
     210A      2.217766   211A      2.230700   212A      2.236102  
     213A      2.254151   214A      2.293362   215A      2.312849  
     216A      2.323969   217A      2.346910   218A      2.353812  
     219A      2.377537   220A      2.382382   221A      2.420058  
     222A      2.434699   223A      2.440818   224A      2.453044  
     225A      2.458315   226A      2.483268   227A      2.494804  
     228A      2.512475   229A      2.561971   230A      2.563485  
     231A      2.576497   232A      2.587212   233A      2.597569  
     234A      2.610436   235A      2.630849   236A      2.671809  
     237A      2.678914   238A      2.690837   239A      2.703155  
     240A      2.722902   241A      2.725785   242A      2.746828  
     243A      2.750121   244A      2.776053   245A      2.820616  
     246A      2.880409   247A      2.886703   248A      2.908433  
     249A      2.924617   250A      2.930870   251A      2.948640  
     252A      2.995802   253A      3.031774   254A      3.048634  
     255A      3.087627   256A      3.120146   257A      3.150603  
     258A      3.189908   259A      3.285761   260A      3.291206  
     261A      3.320283   262A      3.413050   263A      3.459409  
     264A      3.517992   265A      3.544607   266A      3.556806  
     267A      3.626594   268A      3.654709   269A      3.701261  
     270A      3.780590   271A      3.947268   272A      4.008406  
     273A      4.013744   274A      4.189236   275A      4.217198  
     276A      4.323915   277A      4.430211   278A      4.474329  
     279A      4.579287   280A      4.651939   281A      4.680805  
     282A      4.693070   283A      4.730823   284A      4.838162  
     285A      4.864956   286A      4.942182   287A      4.993120  
     288A      5.035139   289A      5.112599   290A      5.286798  
     291A      5.389054   292A      5.501027   293A      5.560574  
     294A      5.600149   295A      5.662400   296A      5.782300  
     297A      5.988318   298A      6.618234   299A      6.727010  
     300A     18.147208   301A     18.306226   302A     18.463857  
     303A     18.589372   304A     25.321468   305A     33.448969  
     306A     33.466513  

    Final Occupation by Irrep:
              A 
    DOCC [    20 ]

  @DF-RHF Final Energy:  -247.29947280070556

   => Energetics <=

    Nuclear Repulsion Energy =            186.7399576236097118
    One-Electron Energy =                -697.1577796480714824
    Two-Electron Energy =                 263.1183492237561836
    Total Energy =                       -247.2994728007055869

Computation Completed


Properties will be evaluated at   0.000000,   0.000000,   0.000000 [a0]

Properties computed using the SCF density matrix

  Nuclear Dipole Moment: [e a0]
     X:    29.6421      Y:  -439.1269      Z:  -130.4737

  Electronic Dipole Moment: [e a0]
     X:   -29.9244      Y:   427.6621      Z:   129.5101

  Dipole Moment: [e a0]
     X:    -0.2823      Y:   -11.4648      Z:    -0.9636     Total:    11.5087

  Dipole Moment: [D]
     X:    -0.7176      Y:   -29.1406      Z:    -2.4491     Total:    29.2521


*** tstop() called on aliaconda at Sun Mar 20 06:42:47 2022
Module time:
	user time   =     180.75 seconds =       3.01 minutes
	system time =      19.38 seconds =       0.32 minutes
	total time  =          9 seconds =       0.15 minutes
Total time:
	user time   =  137525.25 seconds =    2292.09 minutes
	system time =   19420.19 seconds =     323.67 minutes
	total time  =       8350 seconds =     139.17 minutes

  //>>>>>>>>>>>>>>>>>>>>>>>>>>>>>>>>>>>//
  //            Monomer B HF           //
  //<<<<<<<<<<<<<<<<<<<<<<<<<<<<<<<<<<<//


*** tstart() called on aliaconda
*** at Sun Mar 20 06:42:47 2022

   => Loading Basis Set <=

    Name: JUN-CC-PVDZ
    Role: ORBITAL
    Keyword: BASIS
    atoms 1, 14                                          entry N          line   198 file /home/alia/anaconda3/envs/mddemo/share/psi4/basis/jun-cc-pvdz.gbs 
    atoms 2-4, 6, 8-10, 13, 15-17, 19, 21, 23, 25-27, 30 entry H          line    36 file /home/alia/anaconda3/envs/mddemo/share/psi4/basis/jun-cc-pvdz.gbs 
    atoms 5, 7, 11, 18, 20, 24, 28                       entry C          line   164 file /home/alia/anaconda3/envs/mddemo/share/psi4/basis/jun-cc-pvdz.gbs 
    atoms 12, 22, 29                                     entry O          line   232 file /home/alia/anaconda3/envs/mddemo/share/psi4/basis/jun-cc-pvdz.gbs 


         ---------------------------------------------------------
                                   SCF
               by Justin Turney, Rob Parrish, Andy Simmonett
                          and Daniel G. A. Smith
                              RHF Reference
                       32 Threads,  76293 MiB Core
         ---------------------------------------------------------

  ==> Geometry <==

    Molecular point group: c1
    Full point group: C1

    Geometry (in Angstrom), charge = 1, multiplicity = 1:

       Center              X                  Y                   Z               Mass       
    ------------   -----------------  -----------------  -----------------  -----------------
      Gh(N)          -0.420489550282    -6.608753519138    -1.021713154043    14.003074004430
      Gh(H)          -1.339489222218    -6.461753683170    -0.256713287557     1.007825032230
      Gh(H)          -1.037489176441    -6.983753519138    -1.983713285650     1.007825032230
      Gh(H)           0.118510484051    -7.386753635487    -0.697713272298     1.007825032230
      Gh(C)           0.270510434460    -5.358753519138    -1.158713237966    12.000000000000
      Gh(H)          -0.151489496876    -4.554753618321    -0.538713352407     1.007825032230
      Gh(C)           1.699510573696    -5.616753416142    -0.578713314260    12.000000000000
      Gh(H)           2.235510587048    -6.360753374180    -1.272713081563     1.007825032230
      Gh(H)           1.647510527920    -6.199753599247     0.386286838328     1.007825032230
      Gh(H)           2.329510688137    -4.731753664097    -0.425713436330     1.007825032230
      Gh(C)           0.313510655712    -4.873753385624    -2.576713220800    12.000000000000
      Gh(O)           0.067510365795    -5.564753847202    -3.558713333333    15.994914619570
      Gh(H)           0.585478066753    -3.821786718449    -2.748176471914     1.007825032230
         N            0.796510695766     3.011246366421     0.273286922251    14.003074004430
         H            0.840510606121     1.811246557156     0.222286803996     1.007825032230
         H            0.864510535549     3.258246107021    -0.902713196004     1.007825032230
         H            1.691510676693     3.376246137539     0.699286563670     1.007825032230
         C           -0.435489416767     3.582246465603     0.807286842143    12.000000000000
         H           -1.175489187885     2.894246740261     0.759286983287     1.007825032230
         C           -0.313489199329     3.999246282497     2.293286903178    12.000000000000
         H           -1.287489176441     4.353246374050     2.726286514079     1.007825032230
         O            0.646510361980     5.017245931545     2.550286872660    15.994914619570
         H            1.551510571789     4.627246541897     2.423287017619     1.007825032230
         C           -0.009489298512     2.804246587673     3.176286323344    12.000000000000
         H            1.063510655712     2.512246770779     3.042286498820     1.007825032230
         H           -0.683489561726     1.974246663967     2.976286514079     1.007825032230
         H           -0.170489550282     3.118246717373     4.210286720072     1.007825032230
         C           -0.837489367176     4.756246251980    -0.062713043416    12.000000000000
         O           -2.002489329029     5.060246152798    -0.271713154043    15.994914619570
         H           -0.045116186787     5.361836118618    -0.526831047262     1.007825032230

  Running in c1 symmetry.

  Rotational constants: A =      0.03784  B =      0.00361  C =      0.00343 [cm^-1]
  Rotational constants: A =   1134.52909  B =    108.15837  C =    102.93245 [MHz]
  Nuclear repulsion =  329.877099532371744

  Charge       = 1
  Multiplicity = 1
  Electrons    = 56
  Nalpha       = 28
  Nbeta        = 28

  ==> Algorithm <==

  SCF Algorithm Type is DF.
  DIIS enabled.
  MOM disabled.
  Fractional occupation disabled.
  Guess Type is SAD.
  Energy threshold   = 1.00e-08
  Density threshold  = 1.00e-08
  Integral threshold = 1.00e-12

  ==> Primary Basis <==

  Basis Set: JUN-CC-PVDZ
    Blend: JUN-CC-PVDZ
    Number of shells: 150
    Number of basis functions: 306
    Number of Cartesian functions: 318
    Spherical Harmonics?: true
    Max angular momentum: 2

   => Loading Basis Set <=

    Name: (JUN-CC-PVDZ AUX)
    Role: JKFIT
    Keyword: DF_BASIS_SCF
    atoms 1, 14                                          entry N          line   202 file /home/alia/anaconda3/envs/mddemo/share/psi4/basis/jun-cc-pvdz-jkfit.gbs 
    atoms 2-4, 6, 8-10, 13, 15-17, 19, 21, 23, 25-27, 30 entry H          line    70 file /home/alia/anaconda3/envs/mddemo/share/psi4/basis/jun-cc-pvdz-jkfit.gbs 
    atoms 5, 7, 11, 18, 20, 24, 28                       entry C          line   146 file /home/alia/anaconda3/envs/mddemo/share/psi4/basis/jun-cc-pvdz-jkfit.gbs 
    atoms 12, 22, 29                                     entry O          line   258 file /home/alia/anaconda3/envs/mddemo/share/psi4/basis/jun-cc-pvdz-jkfit.gbs 

  ==> Integral Setup <==

  ==> DiskDFJK: Density-Fitted J/K Matrices <==

    J tasked:                  Yes
    K tasked:                  Yes
    wK tasked:                  No
    OpenMP threads:             32
    Integrals threads:          32
    Memory [MiB]:            57220
    Algorithm:                Core
    Integral Cache:           LOAD
    Schwarz Cutoff:          1E-12
    Fitting Condition:       1E-10

   => Auxiliary Basis Set <=

  Basis Set: (JUN-CC-PVDZ AUX)
    Blend: JUN-CC-PVDZ-JKFIT
    Number of shells: 486
    Number of basis functions: 1362
    Number of Cartesian functions: 1542
    Spherical Harmonics?: true
    Max angular momentum: 3

  Minimum eigenvalue in the overlap matrix is 5.4053644673E-05.
  Reciprocal condition number of the overlap matrix is 4.7120140511E-06.
    Using symmetric orthogonalization.

  ==> Pre-Iterations <==

  SCF Guess: Superposition of Atomic Densities via on-the-fly atomic UHF (no occupation information).

   -------------------------
    Irrep   Nso     Nmo    
   -------------------------
     A        306     306 
   -------------------------
    Total     306     306
   -------------------------

  ==> Iterations <==

                           Total Energy        Delta E     RMS |[F,P]|

   @DF-RHF iter SAD:  -360.60195920498739   -3.60602e+02   0.00000e+00 
   @DF-RHF iter   1:  -360.91185901995505   -3.09900e-01   2.19568e-03 DIIS
   @DF-RHF iter   2:  -361.10479031449626   -1.92931e-01   1.37928e-03 DIIS
   @DF-RHF iter   3:  -361.17116149677099   -6.63712e-02   3.06271e-04 DIIS
   @DF-RHF iter   4:  -361.17627837986350   -5.11688e-03   1.12434e-04 DIIS
   @DF-RHF iter   5:  -361.17699918681251   -7.20807e-04   2.63424e-05 DIIS
   @DF-RHF iter   6:  -361.17706536510485   -6.61783e-05   1.27978e-05 DIIS
   @DF-RHF iter   7:  -361.17708151427541   -1.61492e-05   5.33523e-06 DIIS
   @DF-RHF iter   8:  -361.17708512966715   -3.61539e-06   2.18710e-06 DIIS
   @DF-RHF iter   9:  -361.17708577437691   -6.44710e-07   6.65508e-07 DIIS
   @DF-RHF iter  10:  -361.17708584807218   -7.36953e-08   2.51642e-07 DIIS
   @DF-RHF iter  11:  -361.17708586176002   -1.36878e-08   1.22383e-07 DIIS
   @DF-RHF iter  12:  -361.17708586579494   -4.03492e-09   6.70127e-08 DIIS
   @DF-RHF iter  13:  -361.17708586727343   -1.47850e-09   3.02566e-08 DIIS
   @DF-RHF iter  14:  -361.17708586754316   -2.69722e-10   8.64052e-09 DIIS
  Energy and wave function converged.


  ==> Post-Iterations <==

    Orbital Energies [Eh]
    ---------------------

    Doubly Occupied:                                                      

       1A    -20.749625     2A    -20.746704     3A    -15.951083  
       4A    -11.520570     5A    -11.495165     6A    -11.480210  
       7A    -11.396406     8A     -1.567261     9A     -1.546455  
      10A     -1.504541    11A     -1.247432    12A     -1.165584  
      13A     -1.026432    14A     -1.010772    15A     -0.965811  
      16A     -0.916193    17A     -0.898735    18A     -0.842257  
      19A     -0.818681    20A     -0.807804    21A     -0.784016  
      22A     -0.779227    23A     -0.709172    24A     -0.702808  
      25A     -0.677571    26A     -0.652648    27A     -0.632923  
      28A     -0.596463  

    Virtual:                                                              

      29A     -0.135984    30A     -0.087074    31A     -0.076467  
      32A     -0.055082    33A     -0.043959    34A     -0.032427  
      35A     -0.031629    36A     -0.023892    37A     -0.019823  
      38A     -0.012843    39A     -0.006690    40A     -0.004292  
      41A      0.000146    42A      0.003263    43A      0.007005  
      44A      0.017349    45A      0.026308    46A      0.029670  
      47A      0.041793    48A      0.043056    49A      0.045028  
      50A      0.047969    51A      0.049663    52A      0.056792  
      53A      0.059239    54A      0.065289    55A      0.069522  
      56A      0.081923    57A      0.088354    58A      0.095638  
      59A      0.102945    60A      0.105120    61A      0.109313  
      62A      0.116515    63A      0.121622    64A      0.131023  
      65A      0.140780    66A      0.143797    67A      0.148527  
      68A      0.151348    69A      0.159568    70A      0.162520  
      71A      0.169476    72A      0.177419    73A      0.179294  
      74A      0.190880    75A      0.193272    76A      0.194761  
      77A      0.205232    78A      0.212866    79A      0.215262  
      80A      0.219626    81A      0.221690    82A      0.240374  
      83A      0.250053    84A      0.262251    85A      0.272269  
      86A      0.276744    87A      0.281152    88A      0.295254  
      89A      0.300322    90A      0.303002    91A      0.319727  
      92A      0.320588    93A      0.333365    94A      0.352763  
      95A      0.355373    96A      0.365794    97A      0.372334  
      98A      0.376077    99A      0.386517   100A      0.395888  
     101A      0.407556   102A      0.419541   103A      0.457521  
     104A      0.481954   105A      0.511039   106A      0.534097  
     107A      0.543718   108A      0.555203   109A      0.561785  
     110A      0.564437   111A      0.584165   112A      0.598097  
     113A      0.601582   114A      0.621398   115A      0.623431  
     116A      0.625136   117A      0.633955   118A      0.666844  
     119A      0.674416   120A      0.679088   121A      0.688957  
     122A      0.712406   123A      0.724603   124A      0.740368  
     125A      0.741256   126A      0.760011   127A      0.770177  
     128A      0.774305   129A      0.789719   130A      0.792522  
     131A      0.799749   132A      0.815674   133A      0.823471  
     134A      0.830017   135A      0.831010   136A      0.868025  
     137A      0.878606   138A      0.892359   139A      0.898756  
     140A      0.904356   141A      0.924023   142A      0.925709  
     143A      0.930692   144A      0.957324   145A      0.977555  
     146A      0.994437   147A      1.024022   148A      1.115224  
     149A      1.156198   150A      1.161017   151A      1.197197  
     152A      1.230276   153A      1.247703   154A      1.262079  
     155A      1.303868   156A      1.307586   157A      1.341823  
     158A      1.353286   159A      1.357083   160A      1.368769  
     161A      1.379213   162A      1.412074   163A      1.431885  
     164A      1.457170   165A      1.487584   166A      1.491708  
     167A      1.499495   168A      1.509827   169A      1.526231  
     170A      1.551965   171A      1.574615   172A      1.588327  
     173A      1.610525   174A      1.624443   175A      1.643868  
     176A      1.657149   177A      1.664456   178A      1.671658  
     179A      1.679758   180A      1.699973   181A      1.702544  
     182A      1.718753   183A      1.729595   184A      1.760169  
     185A      1.768355   186A      1.783910   187A      1.790743  
     188A      1.794138   189A      1.806928   190A      1.809681  
     191A      1.812926   192A      1.837089   193A      1.847319  
     194A      1.866155   195A      1.868962   196A      1.880559  
     197A      1.898631   198A      1.910493   199A      1.919233  
     200A      1.933326   201A      1.942972   202A      1.957969  
     203A      1.962746   204A      1.975853   205A      1.983204  
     206A      1.989685   207A      2.001014   208A      2.009344  
     209A      2.015873   210A      2.031103   211A      2.051920  
     212A      2.064373   213A      2.072775   214A      2.094614  
     215A      2.101818   216A      2.124998   217A      2.127265  
     218A      2.152168   219A      2.160894   220A      2.185390  
     221A      2.201488   222A      2.209461   223A      2.214954  
     224A      2.216520   225A      2.219239   226A      2.269918  
     227A      2.287818   228A      2.303502   229A      2.303974  
     230A      2.332840   231A      2.371778   232A      2.387757  
     233A      2.390744   234A      2.391224   235A      2.426648  
     236A      2.438136   237A      2.448810   238A      2.456477  
     239A      2.482918   240A      2.484067   241A      2.516663  
     242A      2.536346   243A      2.571244   244A      2.596512  
     245A      2.630365   246A      2.633162   247A      2.662847  
     248A      2.679395   249A      2.680036   250A      2.707050  
     251A      2.712030   252A      2.744252   253A      2.747891  
     254A      2.764218   255A      2.783076   256A      2.828627  
     257A      2.862760   258A      2.872179   259A      2.897883  
     260A      2.921938   261A      2.943098   262A      2.950515  
     263A      3.043653   264A      3.053070   265A      3.084995  
     266A      3.091702   267A      3.115412   268A      3.143429  
     269A      3.155206   270A      3.240259   271A      3.288435  
     272A      3.304672   273A      3.350257   274A      3.465519  
     275A      3.485114   276A      3.536684   277A      3.581733  
     278A      3.582316   279A      3.653897   280A      3.795189  
     281A      3.816201   282A      3.922751   283A      3.926755  
     284A      4.057031   285A      4.131428   286A      4.181651  
     287A      4.297097   288A      4.390017   289A      4.613556  
     290A      4.632944   291A      4.689064   292A      4.787646  
     293A      4.825329   294A      4.920220   295A      5.027189  
     296A      5.198683   297A      5.475692   298A      5.541152  
     299A      5.718771   300A      5.893406   301A      6.696507  
     302A     18.169892   303A     18.366997   304A     18.577335  
     305A     25.339769   306A     33.434292  

    Final Occupation by Irrep:
              A 
    DOCC [    28 ]

  @DF-RHF Final Energy:  -361.17708586754316

   => Energetics <=

    Nuclear Repulsion Energy =            329.8770995323717443
    One-Electron Energy =               -1135.7232724647003579
    Two-Electron Energy =                 444.6690870647854581
    Total Energy =                       -361.1770858675431555

Computation Completed


Properties will be evaluated at   0.000000,   0.000000,   0.000000 [a0]

Properties computed using the SCF density matrix

  Nuclear Dipole Moment: [e a0]
     X:   -23.0519      Y:   426.7713      Z:   138.0563

  Electronic Dipole Moment: [e a0]
     X:    25.1736      Y:  -421.9272      Z:  -136.9734

  Dipole Moment: [e a0]
     X:     2.1218      Y:     4.8441      Z:     1.0828     Total:     5.3981

  Dipole Moment: [D]
     X:     5.3930      Y:    12.3124      Z:     2.7523     Total:    13.7206


*** tstop() called on aliaconda at Sun Mar 20 06:42:57 2022
Module time:
	user time   =     213.32 seconds =       3.56 minutes
	system time =      24.26 seconds =       0.40 minutes
	total time  =         10 seconds =       0.17 minutes
Total time:
	user time   =  137738.71 seconds =    2295.65 minutes
	system time =   19444.48 seconds =     324.07 minutes
	total time  =       8360 seconds =     139.33 minutes
  Constructing Basis Sets for SAPT...

   => Loading Basis Set <=

    Name: (JUN-CC-PVDZ AUX)
    Role: RIFIT
    Keyword: DF_BASIS_SAPT
    atoms 1, 14                                          entry N          line   144 file /home/alia/anaconda3/envs/mddemo/share/psi4/basis/jun-cc-pvdz-ri.gbs 
    atoms 2-4, 6, 8-10, 13, 15-17, 19, 21, 23, 25-27, 30 entry H          line    30 file /home/alia/anaconda3/envs/mddemo/share/psi4/basis/jun-cc-pvdz-ri.gbs 
    atoms 5, 7, 11, 18, 20, 24, 28                       entry C          line   100 file /home/alia/anaconda3/envs/mddemo/share/psi4/basis/jun-cc-pvdz-ri.gbs 
    atoms 12, 22, 29                                     entry O          line   188 file /home/alia/anaconda3/envs/mddemo/share/psi4/basis/jun-cc-pvdz-ri.gbs 


  //>>>>>>>>>>>>>>>>>>>>>>>>>>>>>>>>>>>//
  //               SAPT0               //
  //<<<<<<<<<<<<<<<<<<<<<<<<<<<<<<<<<<<//


*** tstart() called on aliaconda
*** at Sun Mar 20 06:42:57 2022

        SAPT0  
    Ed Hohenstein
     6 June 2009

      Orbital Information
  --------------------------
    NSO        =       306
    NMO        =       306
    NRI        =      1032
    NOCC A     =        20
    NOCC B     =        28
    FOCC A     =         0
    FOCC B     =         0
    NVIR A     =       286
    NVIR B     =       278

    Elst10,r            =     0.060602490576 [Eh]
    Exch10              =    -0.000000007216 [Eh]
    Exch10 (S^2)        =    -0.000000007216 [Eh]

    Iter     Energy [mEh]          dE [mEh]         Residual      Time [s]
       1      -0.29675070       0.296750704       5.211902765             1
       2      -0.28938364      -0.007367062       1.716543666             1
       3      -0.31449323       0.025109592       0.609080444             2
       4      -0.32046091       0.005967678       0.170856567             2
       5      -0.31953314      -0.000927775       0.095965254             3
       6      -0.31901466      -0.000518474       0.025911928             3
       7      -0.31917104       0.000156377       0.007244867             4
       8      -0.31918809       0.000017051       0.002117758             5
       9      -0.31918190      -0.000006193       0.000629579             5
      10      -0.31918009      -0.000001808       0.000182463             6
      11      -0.31918088       0.000000787       0.000098993             7
      12      -0.31918088       0.000000000       0.000042082             7
      13      -0.31918075      -0.000000125       0.000012350             8
      14      -0.31918075      -0.000000001       0.000003121             8
      15      -0.31918076       0.000000010       0.000000715             9

    CHF Iterations converged


    Iter     Energy [mEh]          dE [mEh]         Residual      Time [s]
       1      -0.21148792       0.211487918       3.488445412             1
       2      -0.21597129       0.004483377       1.429944854             1
       3      -0.23258272       0.016611425       0.506105664             2
       4      -0.23606773       0.003485012       0.130729186             2
       5      -0.23572255      -0.000345177       0.075460739             3
       6      -0.23528430      -0.000438254       0.023766911             4
       7      -0.23532077       0.000036468       0.010492880             4
       8      -0.23537514       0.000054368       0.002643250             5
       9      -0.23536936      -0.000005776       0.000913414             5
      10      -0.23536656      -0.000002796       0.000307327             6
      11      -0.23536709       0.000000522       0.000139031             7
      12      -0.23536746       0.000000371       0.000073599             7
      13      -0.23536725      -0.000000211       0.000028146             8
      14      -0.23536722      -0.000000030       0.000008909             9
      15      -0.23536723       0.000000018       0.000002952             9
      16      -0.23536724       0.000000004       0.000000775            10

    CHF Iterations converged

    Ind20,r (A<-B)      =    -0.000319180761 [Eh]
    Ind20,r (B<-A)      =    -0.000235367238 [Eh]
    Ind20,r             =    -0.000554547999 [Eh]
    Exch-Ind20,r (A<-B) =     0.000000002243 [Eh]
    Exch-Ind20,r (B<-A) =     0.000000002945 [Eh]
    Exch-Ind20,r        =     0.000000005188 [Eh]
    Disp20              =    -0.000040100364 [Eh]
    Disp20 (SS)         =    -0.000020050182 [Eh]
    Disp20 (OS)         =    -0.000020050182 [Eh]
    Exch-Disp20         =     0.000000001256 [Eh]
    Exch-Disp20 (SS)    =     0.000000000954 [Eh]
    Exch-Disp20 (OS)    =     0.000000000302 [Eh]

    SAPT Results 
  --------------------------------------------------------------------------------------------------------
    Electrostatics                 60.60249058 [mEh]      38.02863697 [kcal/mol]     159.11181709 [kJ/mol]
      Elst10,r                     60.60249058 [mEh]      38.02863697 [kcal/mol]     159.11181709 [kJ/mol]

    Exchange                       -0.00000722 [mEh]      -0.00000453 [kcal/mol]      -0.00001894 [kJ/mol]
      Exch10                       -0.00000722 [mEh]      -0.00000453 [kcal/mol]      -0.00001894 [kJ/mol]
      Exch10(S^2)                  -0.00000722 [mEh]      -0.00000453 [kcal/mol]      -0.00001894 [kJ/mol]

    Induction                      -0.54759533 [mEh]      -0.34362126 [kcal/mol]      -1.43771134 [kJ/mol]
      Ind20,r                      -0.55454800 [mEh]      -0.34798412 [kcal/mol]      -1.45596557 [kJ/mol]
      Exch-Ind20,r                  0.00000519 [mEh]       0.00000326 [kcal/mol]       0.00001362 [kJ/mol]
      delta HF,r (2)                0.00694748 [mEh]       0.00435961 [kcal/mol]       0.01824060 [kJ/mol]

    Dispersion                     -0.04009911 [mEh]      -0.02516257 [kcal/mol]      -0.10528020 [kJ/mol]
      Disp20                       -0.04010036 [mEh]      -0.02516336 [kcal/mol]      -0.10528349 [kJ/mol]
      Exch-Disp20                   0.00000126 [mEh]       0.00000079 [kcal/mol]       0.00000330 [kJ/mol]
      Disp20 (SS)                  -0.02005018 [mEh]      -0.01258168 [kcal/mol]      -0.05264175 [kJ/mol]
      Disp20 (OS)                  -0.02005018 [mEh]      -0.01258168 [kcal/mol]      -0.05264175 [kJ/mol]
      Exch-Disp20 (SS)              0.00000095 [mEh]       0.00000060 [kcal/mol]       0.00000250 [kJ/mol]
      Exch-Disp20 (OS)              0.00000030 [mEh]       0.00000019 [kcal/mol]       0.00000079 [kJ/mol]

  Total HF                         60.05488803 [mEh]      37.68501118 [kcal/mol]     157.67408680 [kJ/mol]
  Total SAPT0                      60.01478892 [mEh]      37.65984861 [kcal/mol]     157.56880660 [kJ/mol]

  Special recipe for scaled SAPT0 (see Manual):
    Electrostatics sSAPT0          60.60249058 [mEh]      38.02863697 [kcal/mol]     159.11181709 [kJ/mol]
    Exchange sSAPT0                -0.00000722 [mEh]      -0.00000453 [kcal/mol]      -0.00001894 [kJ/mol]
    Induction sSAPT0               -0.54759533 [mEh]      -0.34362126 [kcal/mol]      -1.43771134 [kJ/mol]
    Dispersion sSAPT0              -0.04009911 [mEh]      -0.02516257 [kcal/mol]      -0.10528020 [kJ/mol]
  Total sSAPT0                     60.01478892 [mEh]      37.65984861 [kcal/mol]     157.56880660 [kJ/mol]
  --------------------------------------------------------------------------------------------------------

*** tstop() called on aliaconda at Sun Mar 20 06:43:46 2022
Module time:
	user time   =     694.30 seconds =      11.57 minutes
	system time =     121.13 seconds =       2.02 minutes
	total time  =         49 seconds =       0.82 minutes
Total time:
	user time   =  138435.59 seconds =    2307.26 minutes
	system time =   19566.12 seconds =     326.10 minutes
	total time  =       8409 seconds =     140.15 minutes


Warning! sapt0 does not have an associated derived wavefunction.The returned wavefunction is the dimer SCF wavefunction.


  Memory set to  74.506 GiB by Python driver.
  Threads set to 32 by Python driver.
