
Scratch directory: /tmp/

Scratch directory: /tmp/

  //>>>>>>>>>>>>>>>>>>>>>>>>>>>>>>>>>>>//
  //              Dimer HF             //
  //<<<<<<<<<<<<<<<<<<<<<<<<<<<<<<<<<<<//


*** tstart() called on aliaconda
*** at Sun Mar 20 06:17:09 2022

   => Loading Basis Set <=

    Name: JUN-CC-PVDZ
    Role: ORBITAL
    Keyword: BASIS
    atoms 1, 14                                          entry N          line   198 file /home/alia/anaconda3/envs/mddemo/share/psi4/basis/jun-cc-pvdz.gbs 
    atoms 2-4, 6, 8-10, 13, 15-17, 19, 21, 23, 25-27, 30 entry H          line    36 file /home/alia/anaconda3/envs/mddemo/share/psi4/basis/jun-cc-pvdz.gbs 
    atoms 5, 7, 11, 18, 20, 24, 28                       entry C          line   164 file /home/alia/anaconda3/envs/mddemo/share/psi4/basis/jun-cc-pvdz.gbs 
    atoms 12, 22, 29                                     entry O          line   232 file /home/alia/anaconda3/envs/mddemo/share/psi4/basis/jun-cc-pvdz.gbs 


         ---------------------------------------------------------
                                   SCF
               by Justin Turney, Rob Parrish, Andy Simmonett
                          and Daniel G. A. Smith
                              RHF Reference
                       32 Threads,  76293 MiB Core
         ---------------------------------------------------------

  ==> Geometry <==

    Molecular point group: c1
    Full point group: C1

    Geometry (in Angstrom), charge = 2, multiplicity = 1:

       Center              X                  Y                   Z               Mass       
    ------------   -----------------  -----------------  -----------------  -----------------
         N            0.061884112210    -6.234207686318    -0.578674197624    14.003074004430
         H           -0.842116170078    -6.426208075417    -1.349674106072     1.007825032230
         H           -0.570116334109    -6.190208014382     0.446325897743     1.007825032230
         H            0.614884085507    -7.024208125008    -0.550673842857     1.007825032230
         C            0.781883902402    -4.997207697762    -0.855674148033    12.000000000000
         H            0.358884043546    -4.276207980049    -0.217674136589     1.007825032230
         C            2.228883929105    -5.135207709206    -0.370674014519    12.000000000000
         H            2.741883940549    -5.921207960976    -1.025674224327     1.007825032230
         H            2.242883868069    -5.578208025826     0.615326046516     1.007825032230
         H            2.831883854718    -4.200207766426    -0.228673816155     1.007825032230
         C            0.710883803220    -4.505208071602    -2.303674102257    12.000000000000
         O           -0.103116326480    -4.855207976235    -3.131673932503    15.994914619570
         H            1.464554018826    -3.769470271004    -2.620961308907     1.007825032230
         N            0.503884024472     2.573792401420     0.044325947334    14.003074004430
         H            0.328883833737     2.424792233574    -1.137674212883     1.007825032230
         H            0.709883875699     1.424792233574     0.330326199104     1.007825032230
         H            1.259883828015     3.175791684257     0.178325771858     1.007825032230
         C           -0.708116345554     3.163792554008     0.597325920631    12.000000000000
         H           -1.625116162448     2.587792340385     0.739326118996     1.007825032230
         C           -0.522115998416     3.816792431938     1.975326180031    12.000000000000
         H           -1.454116158633     4.278792325126     2.295325874855     1.007825032230
         O            0.483884043546     4.812791768181     2.057325958778    15.994914619570
         H            1.276883787961     4.273792210686     2.140326141884     1.007825032230
         C           -0.115115933566     2.818792286980     3.103325962593    12.000000000000
         H            0.818883843274     2.327792111503     2.780326008369     1.007825032230
         H           -0.971115880161     2.153792325126     3.300326466133     1.007825032230
         H            0.118883795590     3.392791691887     4.038326382210     1.007825032230
         C           -1.151116185336     4.276792470085    -0.278674006889    12.000000000000
         O           -2.355116181522     4.450792256462    -0.422674060295    15.994914619570
         H           -0.420427613406     4.925895634758    -0.783411860893     1.007825032230

  Running in c1 symmetry.

  Rotational constants: A =      0.03732  B =      0.00428  C =      0.00403 [cm^-1]
  Rotational constants: A =   1118.84167  B =    128.21828  C =    120.83100 [MHz]
  Nuclear repulsion =  650.011992596111440

  Charge       = 2
  Multiplicity = 1
  Electrons    = 96
  Nalpha       = 48
  Nbeta        = 48

  ==> Algorithm <==

  SCF Algorithm Type is DF.
  DIIS enabled.
  MOM disabled.
  Fractional occupation disabled.
  Guess Type is SAD.
  Energy threshold   = 1.00e-08
  Density threshold  = 1.00e-08
  Integral threshold = 1.00e-12

  ==> Primary Basis <==

  Basis Set: JUN-CC-PVDZ
    Blend: JUN-CC-PVDZ
    Number of shells: 150
    Number of basis functions: 306
    Number of Cartesian functions: 318
    Spherical Harmonics?: true
    Max angular momentum: 2

   => Loading Basis Set <=

    Name: (JUN-CC-PVDZ AUX)
    Role: JKFIT
    Keyword: DF_BASIS_SCF
    atoms 1, 14                                          entry N          line   202 file /home/alia/anaconda3/envs/mddemo/share/psi4/basis/jun-cc-pvdz-jkfit.gbs 
    atoms 2-4, 6, 8-10, 13, 15-17, 19, 21, 23, 25-27, 30 entry H          line    70 file /home/alia/anaconda3/envs/mddemo/share/psi4/basis/jun-cc-pvdz-jkfit.gbs 
    atoms 5, 7, 11, 18, 20, 24, 28                       entry C          line   146 file /home/alia/anaconda3/envs/mddemo/share/psi4/basis/jun-cc-pvdz-jkfit.gbs 
    atoms 12, 22, 29                                     entry O          line   258 file /home/alia/anaconda3/envs/mddemo/share/psi4/basis/jun-cc-pvdz-jkfit.gbs 

  ==> Integral Setup <==

  ==> DiskDFJK: Density-Fitted J/K Matrices <==

    J tasked:                  Yes
    K tasked:                  Yes
    wK tasked:                  No
    OpenMP threads:             32
    Integrals threads:          32
    Memory [MiB]:            57220
    Algorithm:                Core
    Integral Cache:           SAVE
    Schwarz Cutoff:          1E-12
    Fitting Condition:       1E-10

   => Auxiliary Basis Set <=

  Basis Set: (JUN-CC-PVDZ AUX)
    Blend: JUN-CC-PVDZ-JKFIT
    Number of shells: 486
    Number of basis functions: 1362
    Number of Cartesian functions: 1542
    Spherical Harmonics?: true
    Max angular momentum: 3

  Minimum eigenvalue in the overlap matrix is 5.8388460105E-05.
  Reciprocal condition number of the overlap matrix is 5.0381306823E-06.
    Using symmetric orthogonalization.

  ==> Pre-Iterations <==

  SCF Guess: Superposition of Atomic Densities via on-the-fly atomic UHF (no occupation information).

   -------------------------
    Irrep   Nso     Nmo    
   -------------------------
     A        306     306 
   -------------------------
    Total     306     306
   -------------------------

  ==> Iterations <==

                           Total Energy        Delta E     RMS |[F,P]|

   @DF-RHF iter SAD:  -607.52066351879398   -6.07521e+02   0.00000e+00 
   @DF-RHF iter   1:  -607.97126080469775   -4.50597e-01   2.78991e-03 DIIS
   @DF-RHF iter   2:  -608.28986121658409   -3.18600e-01   1.73021e-03 DIIS
   @DF-RHF iter   3:  -608.39400723942424   -1.04146e-01   3.91310e-04 DIIS
   @DF-RHF iter   4:  -608.40268824764189   -8.68101e-03   1.41656e-04 DIIS
   @DF-RHF iter   5:  -608.40387236606432   -1.18412e-03   3.38218e-05 DIIS
   @DF-RHF iter   6:  -608.40399310430143   -1.20738e-04   1.69538e-05 DIIS
   @DF-RHF iter   7:  -608.40402095332956   -2.78490e-05   7.43747e-06 DIIS
   @DF-RHF iter   8:  -608.40402743441700   -6.48109e-06   2.99122e-06 DIIS
   @DF-RHF iter   9:  -608.40402844482310   -1.01041e-06   1.10425e-06 DIIS
   @DF-RHF iter  10:  -608.40402856214928   -1.17326e-07   3.57343e-07 DIIS
   @DF-RHF iter  11:  -608.40402857669824   -1.45490e-08   1.43291e-07 DIIS
   @DF-RHF iter  12:  -608.40402858061816   -3.91992e-09   7.12233e-08 DIIS
   @DF-RHF iter  13:  -608.40402858196012   -1.34196e-09   3.87436e-08 DIIS
   @DF-RHF iter  14:  -608.40402858250127   -5.41149e-10   1.54531e-08 DIIS
   @DF-RHF iter  15:  -608.40402858257426   -7.29869e-11   4.63955e-09 DIIS
  Energy and wave function converged.


  ==> Post-Iterations <==

    Orbital Energies [Eh]
    ---------------------

    Doubly Occupied:                                                      

       1A    -20.823779     2A    -20.796873     3A    -20.795995  
       4A    -16.012113     5A    -15.991137     6A    -11.596501  
       7A    -11.572832     8A    -11.569567     9A    -11.553563  
      10A    -11.529278    11A    -11.500458    12A    -11.457601  
      13A     -1.651410    14A     -1.625268    15A     -1.608265  
      16A     -1.577713    17A     -1.571913    18A     -1.317507  
      19A     -1.306161    20A     -1.210738    21A     -1.168934  
      22A     -1.084656    23A     -1.082034    24A     -1.079332  
      25A     -1.037112    26A     -1.019065    27A     -0.990085  
      28A     -0.976580    29A     -0.970720    30A     -0.946001  
      31A     -0.897077    32A     -0.896917    33A     -0.877717  
      34A     -0.869454    35A     -0.863913    36A     -0.833863  
      37A     -0.823495    38A     -0.818361    39A     -0.797794  
      40A     -0.779598    41A     -0.768680    42A     -0.757512  
      43A     -0.748796    44A     -0.725321    45A     -0.709409  
      46A     -0.681931    47A     -0.679948    48A     -0.646998  

    Virtual:                                                              

      49A     -0.206987    50A     -0.184947    51A     -0.159005  
      52A     -0.143615    53A     -0.135006    54A     -0.130887  
      55A     -0.124820    56A     -0.113546    57A     -0.107777  
      58A     -0.104280    59A     -0.095912    60A     -0.092567  
      61A     -0.088200    62A     -0.080947    63A     -0.078426  
      64A     -0.072751    65A     -0.069707    66A     -0.066539  
      67A     -0.063787    68A     -0.060669    69A     -0.052108  
      70A     -0.047827    71A     -0.041403    72A     -0.035529  
      73A     -0.031971    74A     -0.027694    75A     -0.027195  
      76A     -0.020764    77A     -0.019475    78A     -0.014028  
      79A     -0.007796    80A     -0.004102    81A      0.001348  
      82A      0.009362    83A      0.019243    84A      0.030935  
      85A      0.037427    86A      0.040420    87A      0.046971  
      88A      0.049160    89A      0.054090    90A      0.058496  
      91A      0.066662    92A      0.076904    93A      0.087074  
      94A      0.094705    95A      0.096219    96A      0.106244  
      97A      0.115421    98A      0.117439    99A      0.122044  
     100A      0.123690   101A      0.125957   102A      0.135417  
     103A      0.142819   104A      0.144825   105A      0.152048  
     106A      0.155049   107A      0.166735   108A      0.169138  
     109A      0.180672   110A      0.193860   111A      0.196996  
     112A      0.207329   113A      0.209603   114A      0.213028  
     115A      0.220600   116A      0.226520   117A      0.236227  
     118A      0.250319   119A      0.258126   120A      0.266155  
     121A      0.270051   122A      0.305315   123A      0.319461  
     124A      0.331125   125A      0.364930   126A      0.378988  
     127A      0.452762   128A      0.469226   129A      0.483772  
     130A      0.510855   131A      0.515355   132A      0.523317  
     133A      0.543343   134A      0.544903   135A      0.553603  
     136A      0.562728   137A      0.565655   138A      0.572331  
     139A      0.584368   140A      0.604221   141A      0.610231  
     142A      0.616780   143A      0.633177   144A      0.646799  
     145A      0.650793   146A      0.665459   147A      0.668311  
     148A      0.675614   149A      0.678128   150A      0.683613  
     151A      0.688978   152A      0.701189   153A      0.709347  
     154A      0.718794   155A      0.724901   156A      0.729844  
     157A      0.744280   158A      0.756677   159A      0.768623  
     160A      0.787614   161A      0.790867   162A      0.810062  
     163A      0.814723   164A      0.819255   165A      0.824266  
     166A      0.838637   167A      0.844226   168A      0.859292  
     169A      0.862686   170A      0.871273   171A      0.879119  
     172A      0.913267   173A      0.921613   174A      0.953297  
     175A      0.970154   176A      1.022624   177A      1.044520  
     178A      1.047357   179A      1.090591   180A      1.133541  
     181A      1.150364   182A      1.171714   183A      1.181753  
     184A      1.184651   185A      1.219202   186A      1.225243  
     187A      1.248383   188A      1.253990   189A      1.268110  
     190A      1.277095   191A      1.281488   192A      1.286119  
     193A      1.293311   194A      1.303311   195A      1.314207  
     196A      1.328324   197A      1.329624   198A      1.350862  
     199A      1.357681   200A      1.358876   201A      1.368521  
     202A      1.415320   203A      1.423619   204A      1.427243  
     205A      1.432785   206A      1.463906   207A      1.487215  
     208A      1.509979   209A      1.517740   210A      1.532610  
     211A      1.566469   212A      1.575630   213A      1.600761  
     214A      1.609068   215A      1.625960   216A      1.647166  
     217A      1.652417   218A      1.654281   219A      1.657557  
     220A      1.677684   221A      1.681202   222A      1.691910  
     223A      1.709062   224A      1.712407   225A      1.715629  
     226A      1.728629   227A      1.745681   228A      1.758579  
     229A      1.767954   230A      1.773188   231A      1.777588  
     232A      1.780704   233A      1.794343   234A      1.802123  
     235A      1.813704   236A      1.823823   237A      1.848860  
     238A      1.855604   239A      1.873336   240A      1.881220  
     241A      1.885063   242A      1.888827   243A      1.942274  
     244A      1.948504   245A      1.979617   246A      1.981621  
     247A      2.009598   248A      2.013528   249A      2.030029  
     250A      2.033983   251A      2.063654   252A      2.074929  
     253A      2.102921   254A      2.137847   255A      2.161868  
     256A      2.172461   257A      2.188972   258A      2.195297  
     259A      2.207221   260A      2.240969   261A      2.257792  
     262A      2.272310   263A      2.308193   264A      2.338830  
     265A      2.360399   266A      2.369722   267A      2.382052  
     268A      2.388838   269A      2.408325   270A      2.411149  
     271A      2.442941   272A      2.467416   273A      2.467994  
     274A      2.511437   275A      2.536287   276A      2.559614  
     277A      2.568370   278A      2.606746   279A      2.618636  
     280A      2.620125   281A      2.640617   282A      2.643144  
     283A      2.672481   284A      2.681074   285A      2.761223  
     286A      2.767959   287A      2.779131   288A      2.803253  
     289A      2.855205   290A      2.886987   291A      2.896406  
     292A      2.969830   293A      2.985826   294A      3.075184  
     295A      3.106365   296A      3.122399   297A      3.178719  
     298A      3.229400   299A      3.237466   300A      3.298136  
     301A      3.464970   302A      3.486226   303A      3.539954  
     304A      3.741152   305A      3.756648   306A      3.915304  

    Final Occupation by Irrep:
              A 
    DOCC [    48 ]

  @DF-RHF Final Energy:  -608.40402858257426

   => Energetics <=

    Nuclear Repulsion Energy =            650.0119925961114404
    One-Electron Energy =               -2093.6320846458411324
    Two-Electron Energy =                 835.2160634671554362
    Total Energy =                       -608.4040285825742558

Computation Completed


Properties will be evaluated at   0.000000,   0.000000,   0.000000 [a0]

Properties computed using the SCF density matrix

  Nuclear Dipole Moment: [e a0]
     X:     8.3185      Y:   -11.6115      Z:     8.3846

  Electronic Dipole Moment: [e a0]
     X:    -5.7769      Y:     4.7383      Z:    -7.8668

  Dipole Moment: [e a0]
     X:     2.5416      Y:    -6.8731      Z:     0.5178     Total:     7.3463

  Dipole Moment: [D]
     X:     6.4602      Y:   -17.4697      Z:     1.3160     Total:    18.6724


*** tstop() called on aliaconda at Sun Mar 20 06:17:24 2022
Module time:
	user time   =     319.64 seconds =       5.33 minutes
	system time =      38.27 seconds =       0.64 minutes
	total time  =         15 seconds =       0.25 minutes
Total time:
	user time   =  111613.34 seconds =    1860.22 minutes
	system time =   15631.34 seconds =     260.52 minutes
	total time  =       6827 seconds =     113.78 minutes

  //>>>>>>>>>>>>>>>>>>>>>>>>>>>>>>>>>>>//
  //            Monomer A HF           //
  //<<<<<<<<<<<<<<<<<<<<<<<<<<<<<<<<<<<//


*** tstart() called on aliaconda
*** at Sun Mar 20 06:17:24 2022

   => Loading Basis Set <=

    Name: JUN-CC-PVDZ
    Role: ORBITAL
    Keyword: BASIS
    atoms 1, 14                                          entry N          line   198 file /home/alia/anaconda3/envs/mddemo/share/psi4/basis/jun-cc-pvdz.gbs 
    atoms 2-4, 6, 8-10, 13, 15-17, 19, 21, 23, 25-27, 30 entry H          line    36 file /home/alia/anaconda3/envs/mddemo/share/psi4/basis/jun-cc-pvdz.gbs 
    atoms 5, 7, 11, 18, 20, 24, 28                       entry C          line   164 file /home/alia/anaconda3/envs/mddemo/share/psi4/basis/jun-cc-pvdz.gbs 
    atoms 12, 22, 29                                     entry O          line   232 file /home/alia/anaconda3/envs/mddemo/share/psi4/basis/jun-cc-pvdz.gbs 


         ---------------------------------------------------------
                                   SCF
               by Justin Turney, Rob Parrish, Andy Simmonett
                          and Daniel G. A. Smith
                              RHF Reference
                       32 Threads,  76293 MiB Core
         ---------------------------------------------------------

  ==> Geometry <==

    Molecular point group: c1
    Full point group: C1

    Geometry (in Angstrom), charge = 1, multiplicity = 1:

       Center              X                  Y                   Z               Mass       
    ------------   -----------------  -----------------  -----------------  -----------------
         N            0.061884112210    -6.234207686318    -0.578674197624    14.003074004430
         H           -0.842116170078    -6.426208075417    -1.349674106072     1.007825032230
         H           -0.570116334109    -6.190208014382     0.446325897743     1.007825032230
         H            0.614884085507    -7.024208125008    -0.550673842857     1.007825032230
         C            0.781883902402    -4.997207697762    -0.855674148033    12.000000000000
         H            0.358884043546    -4.276207980049    -0.217674136589     1.007825032230
         C            2.228883929105    -5.135207709206    -0.370674014519    12.000000000000
         H            2.741883940549    -5.921207960976    -1.025674224327     1.007825032230
         H            2.242883868069    -5.578208025826     0.615326046516     1.007825032230
         H            2.831883854718    -4.200207766426    -0.228673816155     1.007825032230
         C            0.710883803220    -4.505208071602    -2.303674102257    12.000000000000
         O           -0.103116326480    -4.855207976235    -3.131673932503    15.994914619570
         H            1.464554018826    -3.769470271004    -2.620961308907     1.007825032230
      Gh(N)           0.503884024472     2.573792401420     0.044325947334    14.003074004430
      Gh(H)           0.328883833737     2.424792233574    -1.137674212883     1.007825032230
      Gh(H)           0.709883875699     1.424792233574     0.330326199104     1.007825032230
      Gh(H)           1.259883828015     3.175791684257     0.178325771858     1.007825032230
      Gh(C)          -0.708116345554     3.163792554008     0.597325920631    12.000000000000
      Gh(H)          -1.625116162448     2.587792340385     0.739326118996     1.007825032230
      Gh(C)          -0.522115998416     3.816792431938     1.975326180031    12.000000000000
      Gh(H)          -1.454116158633     4.278792325126     2.295325874855     1.007825032230
      Gh(O)           0.483884043546     4.812791768181     2.057325958778    15.994914619570
      Gh(H)           1.276883787961     4.273792210686     2.140326141884     1.007825032230
      Gh(C)          -0.115115933566     2.818792286980     3.103325962593    12.000000000000
      Gh(H)           0.818883843274     2.327792111503     2.780326008369     1.007825032230
      Gh(H)          -0.971115880161     2.153792325126     3.300326466133     1.007825032230
      Gh(H)           0.118883795590     3.392791691887     4.038326382210     1.007825032230
      Gh(C)          -1.151116185336     4.276792470085    -0.278674006889    12.000000000000
      Gh(O)          -2.355116181522     4.450792256462    -0.422674060295    15.994914619570
      Gh(H)          -0.420427613406     4.925895634758    -0.783411860893     1.007825032230

  Running in c1 symmetry.

  Rotational constants: A =      0.03732  B =      0.00428  C =      0.00403 [cm^-1]
  Rotational constants: A =   1118.84167  B =    128.21828  C =    120.83100 [MHz]
  Nuclear repulsion =  185.319328860723829

  Charge       = 1
  Multiplicity = 1
  Electrons    = 40
  Nalpha       = 20
  Nbeta        = 20

  ==> Algorithm <==

  SCF Algorithm Type is DF.
  DIIS enabled.
  MOM disabled.
  Fractional occupation disabled.
  Guess Type is SAD.
  Energy threshold   = 1.00e-08
  Density threshold  = 1.00e-08
  Integral threshold = 1.00e-12

  ==> Primary Basis <==

  Basis Set: JUN-CC-PVDZ
    Blend: JUN-CC-PVDZ
    Number of shells: 150
    Number of basis functions: 306
    Number of Cartesian functions: 318
    Spherical Harmonics?: true
    Max angular momentum: 2

   => Loading Basis Set <=

    Name: (JUN-CC-PVDZ AUX)
    Role: JKFIT
    Keyword: DF_BASIS_SCF
    atoms 1, 14                                          entry N          line   202 file /home/alia/anaconda3/envs/mddemo/share/psi4/basis/jun-cc-pvdz-jkfit.gbs 
    atoms 2-4, 6, 8-10, 13, 15-17, 19, 21, 23, 25-27, 30 entry H          line    70 file /home/alia/anaconda3/envs/mddemo/share/psi4/basis/jun-cc-pvdz-jkfit.gbs 
    atoms 5, 7, 11, 18, 20, 24, 28                       entry C          line   146 file /home/alia/anaconda3/envs/mddemo/share/psi4/basis/jun-cc-pvdz-jkfit.gbs 
    atoms 12, 22, 29                                     entry O          line   258 file /home/alia/anaconda3/envs/mddemo/share/psi4/basis/jun-cc-pvdz-jkfit.gbs 

  ==> Integral Setup <==

  ==> DiskDFJK: Density-Fitted J/K Matrices <==

    J tasked:                  Yes
    K tasked:                  Yes
    wK tasked:                  No
    OpenMP threads:             32
    Integrals threads:          32
    Memory [MiB]:            57220
    Algorithm:                Core
    Integral Cache:           LOAD
    Schwarz Cutoff:          1E-12
    Fitting Condition:       1E-10

   => Auxiliary Basis Set <=

  Basis Set: (JUN-CC-PVDZ AUX)
    Blend: JUN-CC-PVDZ-JKFIT
    Number of shells: 486
    Number of basis functions: 1362
    Number of Cartesian functions: 1542
    Spherical Harmonics?: true
    Max angular momentum: 3

  Minimum eigenvalue in the overlap matrix is 5.8388460105E-05.
  Reciprocal condition number of the overlap matrix is 5.0381306823E-06.
    Using symmetric orthogonalization.

  ==> Pre-Iterations <==

  SCF Guess: Superposition of Atomic Densities via on-the-fly atomic UHF (no occupation information).

   -------------------------
    Irrep   Nso     Nmo    
   -------------------------
     A        306     306 
   -------------------------
    Total     306     306
   -------------------------

  ==> Iterations <==

                           Total Energy        Delta E     RMS |[F,P]|

   @DF-RHF iter SAD:  -246.78853933320985   -2.46789e+02   0.00000e+00 
   @DF-RHF iter   1:  -247.12897830944598   -3.40439e-01   1.73590e-03 DIIS
   @DF-RHF iter   2:  -247.25669461093980   -1.27716e-01   1.05213e-03 DIIS
   @DF-RHF iter   3:  -247.29555171378638   -3.88571e-02   2.45727e-04 DIIS
   @DF-RHF iter   4:  -247.29908910277501   -3.53739e-03   8.54495e-05 DIIS
   @DF-RHF iter   5:  -247.29955026354972   -4.61161e-04   1.97548e-05 DIIS
   @DF-RHF iter   6:  -247.29960138751099   -5.11240e-05   8.40716e-06 DIIS
   @DF-RHF iter   7:  -247.29960989241670   -8.50491e-06   3.97513e-06 DIIS
   @DF-RHF iter   8:  -247.29961181268982   -1.92027e-06   1.28914e-06 DIIS
   @DF-RHF iter   9:  -247.29961200833975   -1.95650e-07   2.97453e-07 DIIS
   @DF-RHF iter  10:  -247.29961201658230   -8.24255e-09   8.83950e-08 DIIS
   @DF-RHF iter  11:  -247.29961201740701   -8.24713e-10   1.94102e-08 DIIS
   @DF-RHF iter  12:  -247.29961201744609   -3.90799e-11   5.43591e-09 DIIS
  Energy and wave function converged.


  ==> Post-Iterations <==

    Orbital Energies [Eh]
    ---------------------

    Doubly Occupied:                                                      

       1A    -20.754672     2A    -15.928364     3A    -11.527508  
       4A    -11.503762     5A    -11.433347     6A     -1.582919  
       7A     -1.507990     8A     -1.249945     9A     -1.101541  
      10A     -1.016955    11A     -0.954927    12A     -0.924400  
      13A     -0.878436    14A     -0.829058    15A     -0.810935  
      16A     -0.750581    17A     -0.729610    18A     -0.712659  
      19A     -0.680907    20A     -0.611025  

    Virtual:                                                              

      21A     -0.122380    22A     -0.072989    23A     -0.066390  
      24A     -0.053049    25A     -0.045700    26A     -0.029429  
      27A     -0.027279    28A     -0.024646    29A     -0.012965  
      30A     -0.007101    31A     -0.002225    32A      0.001430  
      33A      0.009933    34A      0.013484    35A      0.016905  
      36A      0.026620    37A      0.032782    38A      0.033491  
      39A      0.037169    40A      0.044725    41A      0.048836  
      42A      0.051805    43A      0.055105    44A      0.063737  
      45A      0.072752    46A      0.082745    47A      0.086691  
      48A      0.088891    49A      0.095056    50A      0.099051  
      51A      0.105916    52A      0.109609    53A      0.115009  
      54A      0.123680    55A      0.136329    56A      0.143740  
      57A      0.148634    58A      0.155141    59A      0.155639  
      60A      0.157268    61A      0.164639    62A      0.167669  
      63A      0.171335    64A      0.187072    65A      0.191805  
      66A      0.196720    67A      0.202962    68A      0.212710  
      69A      0.216124    70A      0.228614    71A      0.239189  
      72A      0.244237    73A      0.249675    74A      0.257302  
      75A      0.261662    76A      0.269499    77A      0.277722  
      78A      0.284825    79A      0.300031    80A      0.304516  
      81A      0.323405    82A      0.327013    83A      0.335081  
      84A      0.340908    85A      0.361771    86A      0.377854  
      87A      0.382371    88A      0.396424    89A      0.400488  
      90A      0.432567    91A      0.441731    92A      0.452661  
      93A      0.463566    94A      0.499286    95A      0.505855  
      96A      0.520453    97A      0.530143    98A      0.540595  
      99A      0.550961   100A      0.565385   101A      0.576346  
     102A      0.582686   103A      0.585482   104A      0.590576  
     105A      0.610990   106A      0.621946   107A      0.632379  
     108A      0.646793   109A      0.652605   110A      0.665018  
     111A      0.677100   112A      0.681934   113A      0.691016  
     114A      0.717522   115A      0.728864   116A      0.731446  
     117A      0.733353   118A      0.744177   119A      0.755275  
     120A      0.757195   121A      0.784184   122A      0.787197  
     123A      0.811038   124A      0.829005   125A      0.842369  
     126A      0.856602   127A      0.874989   128A      0.886128  
     129A      0.888175   130A      0.908776   131A      0.926699  
     132A      0.927762   133A      0.937626   134A      0.939926  
     135A      0.957611   136A      0.985030   137A      0.986958  
     138A      1.020510   139A      1.036062   140A      1.089430  
     141A      1.113918   142A      1.135566   143A      1.201926  
     144A      1.234235   145A      1.251715   146A      1.292829  
     147A      1.320480   148A      1.335816   149A      1.344329  
     150A      1.369892   151A      1.393169   152A      1.422627  
     153A      1.482487   154A      1.492504   155A      1.508629  
     156A      1.534032   157A      1.559738   158A      1.584647  
     159A      1.601543   160A      1.608619   161A      1.621777  
     162A      1.634690   163A      1.658240   164A      1.681027  
     165A      1.689418   166A      1.694201   167A      1.709491  
     168A      1.719470   169A      1.725379   170A      1.744162  
     171A      1.747475   172A      1.750573   173A      1.759106  
     174A      1.781361   175A      1.785389   176A      1.801147  
     177A      1.836682   178A      1.840671   179A      1.845417  
     180A      1.860216   181A      1.860956   182A      1.864870  
     183A      1.881850   184A      1.887268   185A      1.890382  
     186A      1.919056   187A      1.922394   188A      1.932408  
     189A      1.932781   190A      1.949230   191A      1.957877  
     192A      1.980385   193A      2.008508   194A      2.013294  
     195A      2.019030   196A      2.039669   197A      2.047845  
     198A      2.049951   199A      2.060503   200A      2.068227  
     201A      2.076755   202A      2.096664   203A      2.117219  
     204A      2.127662   205A      2.157349   206A      2.169113  
     207A      2.171123   208A      2.205309   209A      2.227886  
     210A      2.229313   211A      2.242370   212A      2.254986  
     213A      2.266347   214A      2.305183   215A      2.307134  
     216A      2.349765   217A      2.366165   218A      2.376191  
     219A      2.378433   220A      2.419881   221A      2.434107  
     222A      2.437709   223A      2.448533   224A      2.467857  
     225A      2.475801   226A      2.478749   227A      2.508295  
     228A      2.524308   229A      2.535756   230A      2.541567  
     231A      2.577872   232A      2.578354   233A      2.606596  
     234A      2.626481   235A      2.627827   236A      2.639577  
     237A      2.687245   238A      2.703504   239A      2.708893  
     240A      2.748834   241A      2.760949   242A      2.779879  
     243A      2.793247   244A      2.833883   245A      2.851005  
     246A      2.870869   247A      2.888661   248A      2.903503  
     249A      2.937244   250A      2.963281   251A      2.970647  
     252A      3.011215   253A      3.037633   254A      3.076668  
     255A      3.105184   256A      3.126617   257A      3.169881  
     258A      3.225935   259A      3.262199   260A      3.283025  
     261A      3.297212   262A      3.388081   263A      3.469660  
     264A      3.540675   265A      3.554589   266A      3.566018  
     267A      3.626118   268A      3.675941   269A      3.793203  
     270A      3.809287   271A      3.924122   272A      3.997056  
     273A      4.028542   274A      4.183017   275A      4.203440  
     276A      4.339930   277A      4.429504   278A      4.483310  
     279A      4.546578   280A      4.602644   281A      4.685942  
     282A      4.695624   283A      4.793465   284A      4.807633  
     285A      4.841132   286A      4.909845   287A      4.962935  
     288A      5.000394   289A      5.076750   290A      5.170658  
     291A      5.328249   292A      5.502514   293A      5.571186  
     294A      5.656823   295A      5.797867   296A      6.014320  
     297A      6.055182   298A      6.710008   299A      6.810352  
     300A     18.147805   301A     18.328849   302A     18.449658  
     303A     18.610620   304A     25.324242   305A     33.446411  
     306A     33.471184  

    Final Occupation by Irrep:
              A 
    DOCC [    20 ]

  @DF-RHF Final Energy:  -247.29961201744609

   => Energetics <=

    Nuclear Repulsion Energy =            185.3193288607238287
    One-Electron Energy =                -694.2588032711361166
    Two-Electron Energy =                 261.6398623929661653
    Total Energy =                       -247.2996120174461225

Computation Completed


Properties will be evaluated at   0.000000,   0.000000,   0.000000 [a0]

Properties computed using the SCF density matrix

  Nuclear Dipole Moment: [e a0]
     X:    58.1675      Y:  -403.8208      Z:  -104.3430

  Electronic Dipole Moment: [e a0]
     X:   -57.0605      Y:   392.8397      Z:   104.0593

  Dipole Moment: [e a0]
     X:     1.1070      Y:   -10.9812      Z:    -0.2837     Total:    11.0405

  Dipole Moment: [D]
     X:     2.8138      Y:   -27.9113      Z:    -0.7210     Total:    28.0621


*** tstop() called on aliaconda at Sun Mar 20 06:17:33 2022
Module time:
	user time   =     177.27 seconds =       2.95 minutes
	system time =      19.01 seconds =       0.32 minutes
	total time  =          9 seconds =       0.15 minutes
Total time:
	user time   =  111790.76 seconds =    1863.18 minutes
	system time =   15650.38 seconds =     260.84 minutes
	total time  =       6836 seconds =     113.93 minutes

  //>>>>>>>>>>>>>>>>>>>>>>>>>>>>>>>>>>>//
  //            Monomer B HF           //
  //<<<<<<<<<<<<<<<<<<<<<<<<<<<<<<<<<<<//


*** tstart() called on aliaconda
*** at Sun Mar 20 06:17:33 2022

   => Loading Basis Set <=

    Name: JUN-CC-PVDZ
    Role: ORBITAL
    Keyword: BASIS
    atoms 1, 14                                          entry N          line   198 file /home/alia/anaconda3/envs/mddemo/share/psi4/basis/jun-cc-pvdz.gbs 
    atoms 2-4, 6, 8-10, 13, 15-17, 19, 21, 23, 25-27, 30 entry H          line    36 file /home/alia/anaconda3/envs/mddemo/share/psi4/basis/jun-cc-pvdz.gbs 
    atoms 5, 7, 11, 18, 20, 24, 28                       entry C          line   164 file /home/alia/anaconda3/envs/mddemo/share/psi4/basis/jun-cc-pvdz.gbs 
    atoms 12, 22, 29                                     entry O          line   232 file /home/alia/anaconda3/envs/mddemo/share/psi4/basis/jun-cc-pvdz.gbs 


         ---------------------------------------------------------
                                   SCF
               by Justin Turney, Rob Parrish, Andy Simmonett
                          and Daniel G. A. Smith
                              RHF Reference
                       32 Threads,  76293 MiB Core
         ---------------------------------------------------------

  ==> Geometry <==

    Molecular point group: c1
    Full point group: C1

    Geometry (in Angstrom), charge = 1, multiplicity = 1:

       Center              X                  Y                   Z               Mass       
    ------------   -----------------  -----------------  -----------------  -----------------
      Gh(N)           0.061884112210    -6.234207686318    -0.578674197624    14.003074004430
      Gh(H)          -0.842116170078    -6.426208075417    -1.349674106072     1.007825032230
      Gh(H)          -0.570116334109    -6.190208014382     0.446325897743     1.007825032230
      Gh(H)           0.614884085507    -7.024208125008    -0.550673842857     1.007825032230
      Gh(C)           0.781883902402    -4.997207697762    -0.855674148033    12.000000000000
      Gh(H)           0.358884043546    -4.276207980049    -0.217674136589     1.007825032230
      Gh(C)           2.228883929105    -5.135207709206    -0.370674014519    12.000000000000
      Gh(H)           2.741883940549    -5.921207960976    -1.025674224327     1.007825032230
      Gh(H)           2.242883868069    -5.578208025826     0.615326046516     1.007825032230
      Gh(H)           2.831883854718    -4.200207766426    -0.228673816155     1.007825032230
      Gh(C)           0.710883803220    -4.505208071602    -2.303674102257    12.000000000000
      Gh(O)          -0.103116326480    -4.855207976235    -3.131673932503    15.994914619570
      Gh(H)           1.464554018826    -3.769470271004    -2.620961308907     1.007825032230
         N            0.503884024472     2.573792401420     0.044325947334    14.003074004430
         H            0.328883833737     2.424792233574    -1.137674212883     1.007825032230
         H            0.709883875699     1.424792233574     0.330326199104     1.007825032230
         H            1.259883828015     3.175791684257     0.178325771858     1.007825032230
         C           -0.708116345554     3.163792554008     0.597325920631    12.000000000000
         H           -1.625116162448     2.587792340385     0.739326118996     1.007825032230
         C           -0.522115998416     3.816792431938     1.975326180031    12.000000000000
         H           -1.454116158633     4.278792325126     2.295325874855     1.007825032230
         O            0.483884043546     4.812791768181     2.057325958778    15.994914619570
         H            1.276883787961     4.273792210686     2.140326141884     1.007825032230
         C           -0.115115933566     2.818792286980     3.103325962593    12.000000000000
         H            0.818883843274     2.327792111503     2.780326008369     1.007825032230
         H           -0.971115880161     2.153792325126     3.300326466133     1.007825032230
         H            0.118883795590     3.392791691887     4.038326382210     1.007825032230
         C           -1.151116185336     4.276792470085    -0.278674006889    12.000000000000
         O           -2.355116181522     4.450792256462    -0.422674060295    15.994914619570
         H           -0.420427613406     4.925895634758    -0.783411860893     1.007825032230

  Running in c1 symmetry.

  Rotational constants: A =      0.03732  B =      0.00428  C =      0.00403 [cm^-1]
  Rotational constants: A =   1118.84167  B =    128.21828  C =    120.83100 [MHz]
  Nuclear repulsion =  333.023603825474027

  Charge       = 1
  Multiplicity = 1
  Electrons    = 56
  Nalpha       = 28
  Nbeta        = 28

  ==> Algorithm <==

  SCF Algorithm Type is DF.
  DIIS enabled.
  MOM disabled.
  Fractional occupation disabled.
  Guess Type is SAD.
  Energy threshold   = 1.00e-08
  Density threshold  = 1.00e-08
  Integral threshold = 1.00e-12

  ==> Primary Basis <==

  Basis Set: JUN-CC-PVDZ
    Blend: JUN-CC-PVDZ
    Number of shells: 150
    Number of basis functions: 306
    Number of Cartesian functions: 318
    Spherical Harmonics?: true
    Max angular momentum: 2

   => Loading Basis Set <=

    Name: (JUN-CC-PVDZ AUX)
    Role: JKFIT
    Keyword: DF_BASIS_SCF
    atoms 1, 14                                          entry N          line   202 file /home/alia/anaconda3/envs/mddemo/share/psi4/basis/jun-cc-pvdz-jkfit.gbs 
    atoms 2-4, 6, 8-10, 13, 15-17, 19, 21, 23, 25-27, 30 entry H          line    70 file /home/alia/anaconda3/envs/mddemo/share/psi4/basis/jun-cc-pvdz-jkfit.gbs 
    atoms 5, 7, 11, 18, 20, 24, 28                       entry C          line   146 file /home/alia/anaconda3/envs/mddemo/share/psi4/basis/jun-cc-pvdz-jkfit.gbs 
    atoms 12, 22, 29                                     entry O          line   258 file /home/alia/anaconda3/envs/mddemo/share/psi4/basis/jun-cc-pvdz-jkfit.gbs 

  ==> Integral Setup <==

  ==> DiskDFJK: Density-Fitted J/K Matrices <==

    J tasked:                  Yes
    K tasked:                  Yes
    wK tasked:                  No
    OpenMP threads:             32
    Integrals threads:          32
    Memory [MiB]:            57220
    Algorithm:                Core
    Integral Cache:           LOAD
    Schwarz Cutoff:          1E-12
    Fitting Condition:       1E-10

   => Auxiliary Basis Set <=

  Basis Set: (JUN-CC-PVDZ AUX)
    Blend: JUN-CC-PVDZ-JKFIT
    Number of shells: 486
    Number of basis functions: 1362
    Number of Cartesian functions: 1542
    Spherical Harmonics?: true
    Max angular momentum: 3

  Minimum eigenvalue in the overlap matrix is 5.8388460105E-05.
  Reciprocal condition number of the overlap matrix is 5.0381306823E-06.
    Using symmetric orthogonalization.

  ==> Pre-Iterations <==

  SCF Guess: Superposition of Atomic Densities via on-the-fly atomic UHF (no occupation information).

   -------------------------
    Irrep   Nso     Nmo    
   -------------------------
     A        306     306 
   -------------------------
    Total     306     306
   -------------------------

  ==> Iterations <==

                           Total Energy        Delta E     RMS |[F,P]|

   @DF-RHF iter SAD:  -360.73211646036299   -3.60732e+02   0.00000e+00 
   @DF-RHF iter   1:  -360.91255533143732   -1.80439e-01   2.16829e-03 DIIS
   @DF-RHF iter   2:  -361.10157492319513   -1.89020e-01   1.34393e-03 DIIS
   @DF-RHF iter   3:  -361.16409842255104   -6.25235e-02   3.01263e-04 DIIS
   @DF-RHF iter   4:  -361.16909085627253   -4.99243e-03   1.10447e-04 DIIS
   @DF-RHF iter   5:  -361.16977668615385   -6.85830e-04   2.59789e-05 DIIS
   @DF-RHF iter   6:  -361.16984190628995   -6.52201e-05   1.26073e-05 DIIS
   @DF-RHF iter   7:  -361.16985728137496   -1.53751e-05   5.18402e-06 DIIS
   @DF-RHF iter   8:  -361.16986060699037   -3.32562e-06   2.08784e-06 DIIS
   @DF-RHF iter   9:  -361.16986117236235   -5.65372e-07   5.94505e-07 DIIS
   @DF-RHF iter  10:  -361.16986122607796   -5.37156e-08   2.08065e-07 DIIS
   @DF-RHF iter  11:  -361.16986123408520   -8.00725e-09   9.09351e-08 DIIS
   @DF-RHF iter  12:  -361.16986123610116   -2.01595e-09   4.99090e-08 DIIS
   @DF-RHF iter  13:  -361.16986123690003   -7.98877e-10   2.45625e-08 DIIS
   @DF-RHF iter  14:  -361.16986123709324   -1.93211e-10   8.16344e-09 DIIS
  Energy and wave function converged.


  ==> Post-Iterations <==

    Orbital Energies [Eh]
    ---------------------

    Doubly Occupied:                                                      

       1A    -20.744610     2A    -20.743138     3A    -15.950072  
       4A    -11.516845     5A    -11.496876     6A    -11.475075  
       7A    -11.401501     8A     -1.571593     9A     -1.555683  
      10A     -1.518589    11A     -1.249897    12A     -1.154996  
      13A     -1.025573    14A     -1.022350    15A     -0.978968  
      16A     -0.919665    17A     -0.912220    18A     -0.841984  
      19A     -0.814865    20A     -0.810650    21A     -0.779826  
      22A     -0.768265    23A     -0.713834    24A     -0.702743  
      25A     -0.672584    26A     -0.655367    27A     -0.628762  
      28A     -0.593577  

    Virtual:                                                              

      29A     -0.135504    30A     -0.086929    31A     -0.075082  
      32A     -0.054913    33A     -0.046803    34A     -0.038813  
      35A     -0.034296    36A     -0.024915    37A     -0.018957  
      38A     -0.013700    39A     -0.012314    40A     -0.005832  
      41A     -0.002448    42A      0.001651    43A      0.009866  
      44A      0.016705    45A      0.026858    46A      0.031393  
      47A      0.036168    48A      0.040656    49A      0.043114  
      50A      0.044817    51A      0.046301    52A      0.052736  
      53A      0.054612    54A      0.064739    55A      0.073717  
      56A      0.085664    57A      0.094678    58A      0.097880  
      59A      0.100383    60A      0.102639    61A      0.110531  
      62A      0.115447    63A      0.118340    64A      0.126674  
      65A      0.133126    66A      0.144073    67A      0.144684  
      68A      0.149038    69A      0.157269    70A      0.165171  
      71A      0.171917    72A      0.172357    73A      0.177501  
      74A      0.185195    75A      0.192282    76A      0.196183  
      77A      0.200471    78A      0.202536    79A      0.211346  
      80A      0.219825    81A      0.231727    82A      0.237341  
      83A      0.248930    84A      0.258209    85A      0.264500  
      86A      0.266427    87A      0.281208    88A      0.285536  
      89A      0.293754    90A      0.307247    91A      0.309908  
      92A      0.313136    93A      0.323122    94A      0.351102  
      95A      0.351921    96A      0.360609    97A      0.372971  
      98A      0.382637    99A      0.387282   100A      0.392086  
     101A      0.428938   102A      0.433266   103A      0.444518  
     104A      0.472729   105A      0.497202   106A      0.521866  
     107A      0.526019   108A      0.545364   109A      0.551543  
     110A      0.572552   111A      0.582661   112A      0.601852  
     113A      0.613491   114A      0.617245   115A      0.621779  
     116A      0.629943   117A      0.636856   118A      0.665060  
     119A      0.680608   120A      0.691941   121A      0.703426  
     122A      0.721181   123A      0.724697   124A      0.731356  
     125A      0.740479   126A      0.755970   127A      0.765205  
     128A      0.765864   129A      0.777955   130A      0.786842  
     131A      0.807782   132A      0.813517   133A      0.823834  
     134A      0.829576   135A      0.846240   136A      0.868516  
     137A      0.876998   138A      0.879613   139A      0.892559  
     140A      0.898608   141A      0.918326   142A      0.927738  
     143A      0.935232   144A      0.969495   145A      0.977096  
     146A      0.983109   147A      1.024972   148A      1.102425  
     149A      1.145798   150A      1.165014   151A      1.204838  
     152A      1.225542   153A      1.238180   154A      1.274441  
     155A      1.304789   156A      1.335665   157A      1.339457  
     158A      1.348303   159A      1.366508   160A      1.385893  
     161A      1.404160   162A      1.413704   163A      1.423833  
     164A      1.478278   165A      1.487376   166A      1.487654  
     167A      1.494227   168A      1.520313   169A      1.542365  
     170A      1.553750   171A      1.565825   172A      1.582177  
     173A      1.606908   174A      1.632603   175A      1.645312  
     176A      1.656760   177A      1.666672   178A      1.676170  
     179A      1.689930   180A      1.704469   181A      1.710533  
     182A      1.712923   183A      1.734536   184A      1.752208  
     185A      1.757590   186A      1.765800   187A      1.767081  
     188A      1.783050   189A      1.784332   190A      1.801286  
     191A      1.806112   192A      1.815561   193A      1.835915  
     194A      1.857292   195A      1.866541   196A      1.879030  
     197A      1.889692   198A      1.904186   199A      1.925334  
     200A      1.928684   201A      1.935702   202A      1.941955  
     203A      1.944769   204A      1.958633   205A      1.985023  
     206A      1.995352   207A      2.000191   208A      2.020964  
     209A      2.036849   210A      2.060910   211A      2.069281  
     212A      2.081248   213A      2.089980   214A      2.104567  
     215A      2.119495   216A      2.124313   217A      2.130145  
     218A      2.133017   219A      2.177217   220A      2.191263  
     221A      2.193967   222A      2.209537   223A      2.228212  
     224A      2.252057   225A      2.254568   226A      2.263028  
     227A      2.313243   228A      2.328689   229A      2.335569  
     230A      2.348671   231A      2.361952   232A      2.384545  
     233A      2.393146   234A      2.395986   235A      2.419665  
     236A      2.436483   237A      2.447315   238A      2.463727  
     239A      2.484160   240A      2.525940   241A      2.543712  
     242A      2.564145   243A      2.583114   244A      2.590071  
     245A      2.618511   246A      2.623421   247A      2.663212  
     248A      2.677016   249A      2.678899   250A      2.696675  
     251A      2.699885   252A      2.724690   253A      2.730182  
     254A      2.762442   255A      2.797736   256A      2.805700  
     257A      2.818478   258A      2.833551   259A      2.908433  
     260A      2.914749   261A      2.944338   262A      2.962861  
     263A      3.040820   264A      3.082717   265A      3.104146  
     266A      3.135146   267A      3.138701   268A      3.174643  
     269A      3.188721   270A      3.231586   271A      3.289989  
     272A      3.317133   273A      3.350225   274A      3.425522  
     275A      3.479304   276A      3.517316   277A      3.554601  
     278A      3.592662   279A      3.673670   280A      3.777106  
     281A      3.808786   282A      3.936085   283A      3.953046  
     284A      3.967033   285A      4.145958   286A      4.170460  
     287A      4.271817   288A      4.391984   289A      4.660575  
     290A      4.688461   291A      4.768650   292A      4.818793  
     293A      4.907401   294A      4.947493   295A      5.044553  
     296A      5.204308   297A      5.458521   298A      5.536032  
     299A      5.711325   300A      6.115385   301A      6.743914  
     302A     18.164625   303A     18.359728   304A     18.550491  
     305A     25.325044   306A     33.426229  

    Final Occupation by Irrep:
              A 
    DOCC [    28 ]

  @DF-RHF Final Energy:  -361.16986123709324

   => Energetics <=

    Nuclear Repulsion Energy =            333.0236038254740265
    One-Electron Energy =               -1141.9467072647603345
    Two-Electron Energy =                 447.7532422021930074
    Total Energy =                       -361.1698612370932437

Computation Completed


Properties will be evaluated at   0.000000,   0.000000,   0.000000 [a0]

Properties computed using the SCF density matrix

  Nuclear Dipole Moment: [e a0]
     X:   -49.8490      Y:   392.2094      Z:   112.7275

  Electronic Dipole Moment: [e a0]
     X:    51.3392      Y:  -388.1004      Z:  -111.9153

  Dipole Moment: [e a0]
     X:     1.4902      Y:     4.1090      Z:     0.8123     Total:     4.4457

  Dipole Moment: [D]
     X:     3.7878      Y:    10.4441      Z:     2.0646     Total:    11.3000


*** tstop() called on aliaconda at Sun Mar 20 06:17:43 2022
Module time:
	user time   =     220.43 seconds =       3.67 minutes
	system time =      23.96 seconds =       0.40 minutes
	total time  =         10 seconds =       0.17 minutes
Total time:
	user time   =  112011.29 seconds =    1866.85 minutes
	system time =   15674.36 seconds =     261.24 minutes
	total time  =       6846 seconds =     114.10 minutes
  Constructing Basis Sets for SAPT...

   => Loading Basis Set <=

    Name: (JUN-CC-PVDZ AUX)
    Role: RIFIT
    Keyword: DF_BASIS_SAPT
    atoms 1, 14                                          entry N          line   144 file /home/alia/anaconda3/envs/mddemo/share/psi4/basis/jun-cc-pvdz-ri.gbs 
    atoms 2-4, 6, 8-10, 13, 15-17, 19, 21, 23, 25-27, 30 entry H          line    30 file /home/alia/anaconda3/envs/mddemo/share/psi4/basis/jun-cc-pvdz-ri.gbs 
    atoms 5, 7, 11, 18, 20, 24, 28                       entry C          line   100 file /home/alia/anaconda3/envs/mddemo/share/psi4/basis/jun-cc-pvdz-ri.gbs 
    atoms 12, 22, 29                                     entry O          line   188 file /home/alia/anaconda3/envs/mddemo/share/psi4/basis/jun-cc-pvdz-ri.gbs 


  //>>>>>>>>>>>>>>>>>>>>>>>>>>>>>>>>>>>//
  //               SAPT0               //
  //<<<<<<<<<<<<<<<<<<<<<<<<<<<<<<<<<<<//


*** tstart() called on aliaconda
*** at Sun Mar 20 06:17:43 2022

        SAPT0  
    Ed Hohenstein
     6 June 2009

      Orbital Information
  --------------------------
    NSO        =       306
    NMO        =       306
    NRI        =      1032
    NOCC A     =        20
    NOCC B     =        28
    FOCC A     =         0
    FOCC B     =         0
    NVIR A     =       286
    NVIR B     =       278

    Elst10,r            =     0.066152290232 [Eh]
    Exch10              =    -0.000000028518 [Eh]
    Exch10 (S^2)        =    -0.000000028518 [Eh]

    Iter     Energy [mEh]          dE [mEh]         Residual      Time [s]
       1      -0.39484074       0.394840737       5.358052509             1
       2      -0.38420441      -0.010636327       1.890707039             1
       3      -0.40903517       0.024830765       0.774393763             2
       4      -0.41937644       0.010341270       0.188478080             2
       5      -0.41805269      -0.001323757       0.115577533             3
       6      -0.41733217      -0.000720522       0.036375968             3
       7      -0.41761992       0.000287756       0.013846987             4
       8      -0.41764093       0.000021010       0.006735903             5
       9      -0.41761072      -0.000030208       0.003061363             5
      10      -0.41760890      -0.000001819       0.000856151             6
      11      -0.41761326       0.000004357       0.000209779             6
      12      -0.41761290      -0.000000366       0.000050759             7
      13      -0.41761275      -0.000000141       0.000013780             7
      14      -0.41761276       0.000000005       0.000003445             8
      15      -0.41761277       0.000000011       0.000000754             8

    CHF Iterations converged


    Iter     Energy [mEh]          dE [mEh]         Residual      Time [s]
       1      -0.26953520       0.269535203       3.933695441             1
       2      -0.27634843       0.006813223       1.606223071             2
       3      -0.29778572       0.021437293       0.564773602             2
       4      -0.30192207       0.004136346       0.151960987             3
       5      -0.30142707      -0.000495000       0.089336272             4
       6      -0.30085579      -0.000571277       0.029295282             4
       7      -0.30090647       0.000050682       0.013350876             5
       8      -0.30098947       0.000083000       0.003699151             5
       9      -0.30097718      -0.000012290       0.001904005             6
      10      -0.30097109      -0.000006086       0.000937540             6
      11      -0.30097437       0.000003280       0.000407991             7
      12      -0.30097493       0.000000552       0.000121713             8
      13      -0.30097455      -0.000000380       0.000034422             8
      14      -0.30097449      -0.000000052       0.000009452             9
      15      -0.30097452       0.000000024       0.000003260             9
      16      -0.30097452       0.000000005       0.000001058            10
      17      -0.30097452      -0.000000002       0.000000389            11

    CHF Iterations converged

    Ind20,r (A<-B)      =    -0.000417612771 [Eh]
    Ind20,r (B<-A)      =    -0.000300974521 [Eh]
    Ind20,r             =    -0.000718587292 [Eh]
    Exch-Ind20,r (A<-B) =     0.000000006198 [Eh]
    Exch-Ind20,r (B<-A) =     0.000000005720 [Eh]
    Exch-Ind20,r        =     0.000000011918 [Eh]
    Disp20              =    -0.000062192044 [Eh]
    Disp20 (SS)         =    -0.000031096022 [Eh]
    Disp20 (OS)         =    -0.000031096022 [Eh]
    Exch-Disp20         =     0.000000004011 [Eh]
    Exch-Disp20 (SS)    =     0.000000002940 [Eh]
    Exch-Disp20 (OS)    =     0.000000001071 [Eh]

    SAPT Results 
  --------------------------------------------------------------------------------------------------------
    Electrostatics                 66.15229023 [mEh]      41.51118883 [kcal/mol]     173.68281408 [kJ/mol]
      Elst10,r                     66.15229023 [mEh]      41.51118883 [kcal/mol]     173.68281408 [kJ/mol]

    Exchange                       -0.00002852 [mEh]      -0.00001790 [kcal/mol]      -0.00007487 [kJ/mol]
      Exch10                       -0.00002852 [mEh]      -0.00001790 [kcal/mol]      -0.00007487 [kJ/mol]
      Exch10(S^2)                  -0.00002852 [mEh]      -0.00001790 [kcal/mol]      -0.00007487 [kJ/mol]

    Induction                      -0.70758975 [mEh]      -0.44401927 [kcal/mol]      -1.85777663 [kJ/mol]
      Ind20,r                      -0.71858729 [mEh]      -0.45092033 [kcal/mol]      -1.88665068 [kJ/mol]
      Exch-Ind20,r                  0.00001192 [mEh]       0.00000748 [kcal/mol]       0.00003129 [kJ/mol]
      delta HF,r (2)                0.01098562 [mEh]       0.00689358 [kcal/mol]       0.02884275 [kJ/mol]

    Dispersion                     -0.06218803 [mEh]      -0.03902358 [kcal/mol]      -0.16327466 [kJ/mol]
      Disp20                       -0.06219204 [mEh]      -0.03902610 [kcal/mol]      -0.16328519 [kJ/mol]
      Exch-Disp20                   0.00000401 [mEh]       0.00000252 [kcal/mol]       0.00001053 [kJ/mol]
      Disp20 (SS)                  -0.03109602 [mEh]      -0.01951305 [kcal/mol]      -0.08164259 [kJ/mol]
      Disp20 (OS)                  -0.03109602 [mEh]      -0.01951305 [kcal/mol]      -0.08164259 [kJ/mol]
      Exch-Disp20 (SS)              0.00000294 [mEh]       0.00000184 [kcal/mol]       0.00000772 [kJ/mol]
      Exch-Disp20 (OS)              0.00000107 [mEh]       0.00000067 [kcal/mol]       0.00000281 [kJ/mol]

  Total HF                         65.44467197 [mEh]      41.06715167 [kcal/mol]     171.82496257 [kJ/mol]
  Total SAPT0                      65.38248393 [mEh]      41.02812809 [kcal/mol]     171.66168791 [kJ/mol]

  Special recipe for scaled SAPT0 (see Manual):
    Electrostatics sSAPT0          66.15229023 [mEh]      41.51118883 [kcal/mol]     173.68281408 [kJ/mol]
    Exchange sSAPT0                -0.00002852 [mEh]      -0.00001790 [kcal/mol]      -0.00007487 [kJ/mol]
    Induction sSAPT0               -0.70758975 [mEh]      -0.44401927 [kcal/mol]      -1.85777663 [kJ/mol]
    Dispersion sSAPT0              -0.06218803 [mEh]      -0.03902358 [kcal/mol]      -0.16327466 [kJ/mol]
  Total sSAPT0                     65.38248393 [mEh]      41.02812809 [kcal/mol]     171.66168791 [kJ/mol]
  --------------------------------------------------------------------------------------------------------

*** tstop() called on aliaconda at Sun Mar 20 06:18:32 2022
Module time:
	user time   =     695.42 seconds =      11.59 minutes
	system time =     121.61 seconds =       2.03 minutes
	total time  =         49 seconds =       0.82 minutes
Total time:
	user time   =  112709.34 seconds =    1878.49 minutes
	system time =   15796.41 seconds =     263.27 minutes
	total time  =       6895 seconds =     114.92 minutes


Warning! sapt0 does not have an associated derived wavefunction.The returned wavefunction is the dimer SCF wavefunction.


  Memory set to  74.506 GiB by Python driver.
  Threads set to 32 by Python driver.
