
Scratch directory: /tmp/

Scratch directory: /tmp/

  //>>>>>>>>>>>>>>>>>>>>>>>>>>>>>>>>>>>//
  //              Dimer HF             //
  //<<<<<<<<<<<<<<<<<<<<<<<<<<<<<<<<<<<//


*** tstart() called on aliaconda
*** at Sun Mar 20 05:52:10 2022

   => Loading Basis Set <=

    Name: JUN-CC-PVDZ
    Role: ORBITAL
    Keyword: BASIS
    atoms 1, 14                                          entry N          line   198 file /home/alia/anaconda3/envs/mddemo/share/psi4/basis/jun-cc-pvdz.gbs 
    atoms 2-4, 6, 8-10, 13, 15-17, 19, 21, 23, 25-27, 30 entry H          line    36 file /home/alia/anaconda3/envs/mddemo/share/psi4/basis/jun-cc-pvdz.gbs 
    atoms 5, 7, 11, 18, 20, 24, 28                       entry C          line   164 file /home/alia/anaconda3/envs/mddemo/share/psi4/basis/jun-cc-pvdz.gbs 
    atoms 12, 22, 29                                     entry O          line   232 file /home/alia/anaconda3/envs/mddemo/share/psi4/basis/jun-cc-pvdz.gbs 


         ---------------------------------------------------------
                                   SCF
               by Justin Turney, Rob Parrish, Andy Simmonett
                          and Daniel G. A. Smith
                              RHF Reference
                       32 Threads,  76293 MiB Core
         ---------------------------------------------------------

  ==> Geometry <==

    Molecular point group: c1
    Full point group: C1

    Geometry (in Angstrom), charge = 2, multiplicity = 1:

       Center              X                  Y                   Z               Mass       
    ------------   -----------------  -----------------  -----------------  -----------------
         N            0.876773839246    -6.546299790894    -1.161161340217    14.003074004430
         H            0.238773827802    -6.754299735581    -0.160161412696     1.007825032230
         H            0.060773854505    -6.907299851929    -1.968161262015     1.007825032230
         H            1.622773890744    -7.209299659287    -1.179160989265     1.007825032230
         C            1.207774167310    -5.144299840485    -1.245161450843    12.000000000000
         H            0.438774113904    -4.524299954926    -0.843161023597     1.007825032230
         C            2.572773938428    -5.032299851929    -0.588161385993    12.000000000000
         H            3.404773955594    -5.493299817597    -1.204161084632     1.007825032230
         H            2.521774058591    -5.516299581085     0.414838873406     1.007825032230
         H            2.736773972760    -3.926299905335    -0.439161218146     1.007825032230
         C            1.285774235974    -4.650299882446    -2.647161162833    12.000000000000
         O            0.731773858319    -5.240299558197    -3.549161113242    15.994914619570
         H            1.855178122769    -3.735401010071    -2.867930806617     1.007825032230
         N            0.243773942243     2.902700090851     0.335838877221    14.003074004430
         H            0.428773885022     1.732700014557     0.540838800927     1.007825032230
         H            0.122774129163     2.878699923004    -0.861161149482     1.007825032230
         H            1.079773907910     3.414700174774     0.522838675042     1.007825032230
         C           -1.011226172198     3.424700403656     0.975838743707    12.000000000000
         H           -1.751225943316     2.663700724090     1.079838835259     1.007825032230
         C           -0.940226073016     4.087700510467     2.358838640710    12.000000000000
         H           -1.914226050128     4.586700106110     2.500838839074     1.007825032230
         O           -0.006226057757     5.153700495209     2.540838800927    15.994914619570
         H            0.917774205457     4.770700121368     2.518838488122     1.007825032230
         C           -0.745225901355     3.076699877228     3.432838999291    12.000000000000
         H            0.078773980390     2.337700510467     3.150838457604     1.007825032230
         H           -1.705225939502     2.442700052704     3.569839083215     1.007825032230
         H           -0.428225989093     3.501700067963     4.437839113732     1.007825032230
         C           -1.646225924243     4.243700647797    -0.059161103706    12.000000000000
         O           -2.790225977649     3.940700197662    -0.492161191444    15.994914619570
         H           -1.123521799792     5.124993944610    -0.459290421943     1.007825032230

  Running in c1 symmetry.

  Rotational constants: A =      0.03702  B =      0.00374  C =      0.00354 [cm^-1]
  Rotational constants: A =   1109.89811  B =    111.99179  C =    106.18292 [MHz]
  Nuclear repulsion =  638.599011862954512

  Charge       = 2
  Multiplicity = 1
  Electrons    = 96
  Nalpha       = 48
  Nbeta        = 48

  ==> Algorithm <==

  SCF Algorithm Type is DF.
  DIIS enabled.
  MOM disabled.
  Fractional occupation disabled.
  Guess Type is SAD.
  Energy threshold   = 1.00e-08
  Density threshold  = 1.00e-08
  Integral threshold = 1.00e-12

  ==> Primary Basis <==

  Basis Set: JUN-CC-PVDZ
    Blend: JUN-CC-PVDZ
    Number of shells: 150
    Number of basis functions: 306
    Number of Cartesian functions: 318
    Spherical Harmonics?: true
    Max angular momentum: 2

   => Loading Basis Set <=

    Name: (JUN-CC-PVDZ AUX)
    Role: JKFIT
    Keyword: DF_BASIS_SCF
    atoms 1, 14                                          entry N          line   202 file /home/alia/anaconda3/envs/mddemo/share/psi4/basis/jun-cc-pvdz-jkfit.gbs 
    atoms 2-4, 6, 8-10, 13, 15-17, 19, 21, 23, 25-27, 30 entry H          line    70 file /home/alia/anaconda3/envs/mddemo/share/psi4/basis/jun-cc-pvdz-jkfit.gbs 
    atoms 5, 7, 11, 18, 20, 24, 28                       entry C          line   146 file /home/alia/anaconda3/envs/mddemo/share/psi4/basis/jun-cc-pvdz-jkfit.gbs 
    atoms 12, 22, 29                                     entry O          line   258 file /home/alia/anaconda3/envs/mddemo/share/psi4/basis/jun-cc-pvdz-jkfit.gbs 

  ==> Integral Setup <==

  ==> DiskDFJK: Density-Fitted J/K Matrices <==

    J tasked:                  Yes
    K tasked:                  Yes
    wK tasked:                  No
    OpenMP threads:             32
    Integrals threads:          32
    Memory [MiB]:            57220
    Algorithm:                Core
    Integral Cache:           SAVE
    Schwarz Cutoff:          1E-12
    Fitting Condition:       1E-10

   => Auxiliary Basis Set <=

  Basis Set: (JUN-CC-PVDZ AUX)
    Blend: JUN-CC-PVDZ-JKFIT
    Number of shells: 486
    Number of basis functions: 1362
    Number of Cartesian functions: 1542
    Spherical Harmonics?: true
    Max angular momentum: 3

  Minimum eigenvalue in the overlap matrix is 5.6543787998E-05.
  Reciprocal condition number of the overlap matrix is 4.9872091719E-06.
    Using symmetric orthogonalization.

  ==> Pre-Iterations <==

  SCF Guess: Superposition of Atomic Densities via on-the-fly atomic UHF (no occupation information).

   -------------------------
    Irrep   Nso     Nmo    
   -------------------------
     A        306     306 
   -------------------------
    Total     306     306
   -------------------------

  ==> Iterations <==

                           Total Energy        Delta E     RMS |[F,P]|

   @DF-RHF iter SAD:  -607.39801566579945   -6.07398e+02   0.00000e+00 
   @DF-RHF iter   1:  -607.96597348699481   -5.67958e-01   2.80066e-03 DIIS
   @DF-RHF iter   2:  -608.28874525654862   -3.22772e-01   1.76277e-03 DIIS
   @DF-RHF iter   3:  -608.39774892222522   -1.09004e-01   3.97336e-04 DIIS
   @DF-RHF iter   4:  -608.40667542192921   -8.92650e-03   1.53257e-04 DIIS
   @DF-RHF iter   5:  -608.40800748803576   -1.33207e-03   3.68380e-05 DIIS
   @DF-RHF iter   6:  -608.40813790414074   -1.30416e-04   1.91731e-05 DIIS
   @DF-RHF iter   7:  -608.40817206918541   -3.41650e-05   8.66494e-06 DIIS
   @DF-RHF iter   8:  -608.40818058109346   -8.51191e-06   3.67115e-06 DIIS
   @DF-RHF iter   9:  -608.40818221019083   -1.62910e-06   1.36290e-06 DIIS
   @DF-RHF iter  10:  -608.40818244653894   -2.36348e-07   4.77294e-07 DIIS
   @DF-RHF iter  11:  -608.40818248358755   -3.70486e-08   2.28320e-07 DIIS
   @DF-RHF iter  12:  -608.40818249716210   -1.35745e-08   1.22756e-07 DIIS
   @DF-RHF iter  13:  -608.40818250198515   -4.82305e-09   5.99482e-08 DIIS
   @DF-RHF iter  14:  -608.40818250330915   -1.32400e-09   2.13209e-08 DIIS
   @DF-RHF iter  15:  -608.40818250342056   -1.11413e-10   7.83562e-09 DIIS
  Energy and wave function converged.


  ==> Post-Iterations <==

    Orbital Energies [Eh]
    ---------------------

    Doubly Occupied:                                                      

       1A    -20.813273     2A    -20.805130     3A    -20.794695  
       4A    -16.006181     5A    -15.983542     6A    -11.584626  
       7A    -11.572985     8A    -11.561797     9A    -11.553971  
      10A    -11.531734    11A    -11.499974    12A    -11.456241  
      13A     -1.648306    14A     -1.606560    15A     -1.586657  
      16A     -1.561835    17A     -1.556690    18A     -1.317107  
      19A     -1.314383    20A     -1.216214    21A     -1.166226  
      22A     -1.077437    23A     -1.072805    24A     -1.067445  
      25A     -1.019536    26A     -1.007558    27A     -0.977985  
      28A     -0.967269    29A     -0.959544    30A     -0.950759  
      31A     -0.902615    32A     -0.890580    33A     -0.866774  
      34A     -0.860616    35A     -0.849850    36A     -0.826061  
      37A     -0.814230    38A     -0.813218    39A     -0.790946  
      40A     -0.779929    41A     -0.752453    42A     -0.747568  
      43A     -0.739333    44A     -0.718958    45A     -0.702145  
      46A     -0.683087    47A     -0.672424    48A     -0.657999  

    Virtual:                                                              

      49A     -0.200115    50A     -0.175438    51A     -0.149626  
      52A     -0.133846    53A     -0.129280    54A     -0.122598  
      55A     -0.120951    56A     -0.111896    57A     -0.106868  
      58A     -0.099353    59A     -0.092258    60A     -0.091148  
      61A     -0.085825    62A     -0.078976    63A     -0.073739  
      64A     -0.071569    65A     -0.066573    66A     -0.064192  
      67A     -0.061882    68A     -0.054633    69A     -0.051910  
      70A     -0.040116    71A     -0.037031    72A     -0.033149  
      73A     -0.028650    74A     -0.025920    75A     -0.020807  
      76A     -0.018698    77A     -0.014816    78A     -0.008220  
      79A     -0.006550    80A     -0.000870    81A      0.009881  
      82A      0.017070    83A      0.022973    84A      0.027616  
      85A      0.037552    86A      0.040730    87A      0.044374  
      88A      0.050707    89A      0.057140    90A      0.062625  
      91A      0.070681    92A      0.084567    93A      0.090600  
      94A      0.095078    95A      0.098477    96A      0.101919  
      97A      0.105157    98A      0.113841    99A      0.123620  
     100A      0.126909   101A      0.130113   102A      0.131168  
     103A      0.137513   104A      0.152878   105A      0.157901  
     106A      0.162107   107A      0.165685   108A      0.177016  
     109A      0.178627   110A      0.183923   111A      0.189179  
     112A      0.204571   113A      0.215484   114A      0.222363  
     115A      0.225546   116A      0.228211   117A      0.235125  
     118A      0.250591   119A      0.260681   120A      0.273115  
     121A      0.289199   122A      0.301003   123A      0.320444  
     124A      0.335133   125A      0.368149   126A      0.380000  
     127A      0.458165   128A      0.475800   129A      0.502816  
     130A      0.511551   131A      0.512531   132A      0.536502  
     133A      0.541428   134A      0.546712   135A      0.556583  
     136A      0.557560   137A      0.570023   138A      0.577868  
     139A      0.590169   140A      0.609727   141A      0.617947  
     142A      0.630318   143A      0.632774   144A      0.645952  
     145A      0.648138   146A      0.668618   147A      0.670210  
     148A      0.673246   149A      0.686126   150A      0.699692  
     151A      0.701904   152A      0.709787   153A      0.714348  
     154A      0.717120   155A      0.724642   156A      0.730049  
     157A      0.749588   158A      0.756195   159A      0.759163  
     160A      0.769627   161A      0.777080   162A      0.805124  
     163A      0.811681   164A      0.824292   165A      0.827018  
     166A      0.829575   167A      0.834337   168A      0.853893  
     169A      0.867130   170A      0.869873   171A      0.884691  
     172A      0.898351   173A      0.900158   174A      0.945757  
     175A      0.952585   176A      1.034883   177A      1.055012  
     178A      1.057994   179A      1.106622   180A      1.132509  
     181A      1.146462   182A      1.155676   183A      1.177744  
     184A      1.178700   185A      1.200285   186A      1.241196  
     187A      1.251706   188A      1.265025   189A      1.279337  
     190A      1.279861   191A      1.290535   192A      1.293484  
     193A      1.310281   194A      1.318274   195A      1.320881  
     196A      1.338919   197A      1.344209   198A      1.353813  
     199A      1.361374   200A      1.369935   201A      1.396759  
     202A      1.414034   203A      1.416093   204A      1.424220  
     205A      1.452170   206A      1.459382   207A      1.482685  
     208A      1.518110   209A      1.537544   210A      1.541383  
     211A      1.556399   212A      1.581545   213A      1.599742  
     214A      1.615310   215A      1.630434   216A      1.638104  
     217A      1.644820   218A      1.652748   219A      1.681517  
     220A      1.681985   221A      1.688487   222A      1.690988  
     223A      1.702461   224A      1.711160   225A      1.720185  
     226A      1.735340   227A      1.744464   228A      1.748783  
     229A      1.765401   230A      1.767351   231A      1.773017  
     232A      1.790621   233A      1.792252   234A      1.808717  
     235A      1.816108   236A      1.834183   237A      1.845351  
     238A      1.856460   239A      1.879978   240A      1.886238  
     241A      1.907139   242A      1.928281   243A      1.930714  
     244A      1.944769   245A      1.960358   246A      1.972489  
     247A      1.980856   248A      2.012087   249A      2.037086  
     250A      2.054570   251A      2.058785   252A      2.085438  
     253A      2.086850   254A      2.108268   255A      2.112243  
     256A      2.121798   257A      2.176894   258A      2.200369  
     259A      2.219803   260A      2.228876   261A      2.237132  
     262A      2.253547   263A      2.288161   264A      2.308416  
     265A      2.335325   266A      2.351295   267A      2.375605  
     268A      2.377247   269A      2.406195   270A      2.419515  
     271A      2.435577   272A      2.449569   273A      2.466583  
     274A      2.477676   275A      2.504397   276A      2.504898  
     277A      2.544375   278A      2.556859   279A      2.570994  
     280A      2.591765   281A      2.605930   282A      2.634079  
     283A      2.645693   284A      2.675019   285A      2.734457  
     286A      2.753718   287A      2.797526   288A      2.819407  
     289A      2.839333   290A      2.873643   291A      2.905704  
     292A      2.948653   293A      2.971258   294A      3.048633  
     295A      3.085239   296A      3.107278   297A      3.189306  
     298A      3.199554   299A      3.236923   300A      3.238046  
     301A      3.472569   302A      3.499367   303A      3.521087  
     304A      3.680833   305A      3.743303   306A      3.870647  

    Final Occupation by Irrep:
              A 
    DOCC [    48 ]

  @DF-RHF Final Energy:  -608.40818250342056

   => Energetics <=

    Nuclear Repulsion Energy =            638.5990118629545123
    One-Electron Energy =               -2071.3998837349522546
    Two-Electron Energy =                 824.3926893685771802
    Total Energy =                       -608.4081825034205622

Computation Completed


Properties will be evaluated at   0.000000,   0.000000,   0.000000 [a0]

Properties computed using the SCF density matrix

  Nuclear Dipole Moment: [e a0]
     X:     8.0350      Y:    -9.9195      Z:     8.2020

  Electronic Dipole Moment: [e a0]
     X:    -4.7796      Y:     3.7082      Z:    -7.9436

  Dipole Moment: [e a0]
     X:     3.2554      Y:    -6.2113      Z:     0.2583     Total:     7.0175

  Dipole Moment: [D]
     X:     8.2745      Y:   -15.7876      Z:     0.6566     Total:    17.8367


*** tstop() called on aliaconda at Sun Mar 20 05:52:25 2022
Module time:
	user time   =     316.27 seconds =       5.27 minutes
	system time =      37.01 seconds =       0.62 minutes
	total time  =         15 seconds =       0.25 minutes
Total time:
	user time   =   86175.94 seconds =    1436.27 minutes
	system time =   12012.00 seconds =     200.20 minutes
	total time  =       5328 seconds =      88.80 minutes

  //>>>>>>>>>>>>>>>>>>>>>>>>>>>>>>>>>>>//
  //            Monomer A HF           //
  //<<<<<<<<<<<<<<<<<<<<<<<<<<<<<<<<<<<//


*** tstart() called on aliaconda
*** at Sun Mar 20 05:52:25 2022

   => Loading Basis Set <=

    Name: JUN-CC-PVDZ
    Role: ORBITAL
    Keyword: BASIS
    atoms 1, 14                                          entry N          line   198 file /home/alia/anaconda3/envs/mddemo/share/psi4/basis/jun-cc-pvdz.gbs 
    atoms 2-4, 6, 8-10, 13, 15-17, 19, 21, 23, 25-27, 30 entry H          line    36 file /home/alia/anaconda3/envs/mddemo/share/psi4/basis/jun-cc-pvdz.gbs 
    atoms 5, 7, 11, 18, 20, 24, 28                       entry C          line   164 file /home/alia/anaconda3/envs/mddemo/share/psi4/basis/jun-cc-pvdz.gbs 
    atoms 12, 22, 29                                     entry O          line   232 file /home/alia/anaconda3/envs/mddemo/share/psi4/basis/jun-cc-pvdz.gbs 


         ---------------------------------------------------------
                                   SCF
               by Justin Turney, Rob Parrish, Andy Simmonett
                          and Daniel G. A. Smith
                              RHF Reference
                       32 Threads,  76293 MiB Core
         ---------------------------------------------------------

  ==> Geometry <==

    Molecular point group: c1
    Full point group: C1

    Geometry (in Angstrom), charge = 1, multiplicity = 1:

       Center              X                  Y                   Z               Mass       
    ------------   -----------------  -----------------  -----------------  -----------------
         N            0.876773839246    -6.546299790894    -1.161161340217    14.003074004430
         H            0.238773827802    -6.754299735581    -0.160161412696     1.007825032230
         H            0.060773854505    -6.907299851929    -1.968161262015     1.007825032230
         H            1.622773890744    -7.209299659287    -1.179160989265     1.007825032230
         C            1.207774167310    -5.144299840485    -1.245161450843    12.000000000000
         H            0.438774113904    -4.524299954926    -0.843161023597     1.007825032230
         C            2.572773938428    -5.032299851929    -0.588161385993    12.000000000000
         H            3.404773955594    -5.493299817597    -1.204161084632     1.007825032230
         H            2.521774058591    -5.516299581085     0.414838873406     1.007825032230
         H            2.736773972760    -3.926299905335    -0.439161218146     1.007825032230
         C            1.285774235974    -4.650299882446    -2.647161162833    12.000000000000
         O            0.731773858319    -5.240299558197    -3.549161113242    15.994914619570
         H            1.855178122769    -3.735401010071    -2.867930806617     1.007825032230
      Gh(N)           0.243773942243     2.902700090851     0.335838877221    14.003074004430
      Gh(H)           0.428773885022     1.732700014557     0.540838800927     1.007825032230
      Gh(H)           0.122774129163     2.878699923004    -0.861161149482     1.007825032230
      Gh(H)           1.079773907910     3.414700174774     0.522838675042     1.007825032230
      Gh(C)          -1.011226172198     3.424700403656     0.975838743707    12.000000000000
      Gh(H)          -1.751225943316     2.663700724090     1.079838835259     1.007825032230
      Gh(C)          -0.940226073016     4.087700510467     2.358838640710    12.000000000000
      Gh(H)          -1.914226050128     4.586700106110     2.500838839074     1.007825032230
      Gh(O)          -0.006226057757     5.153700495209     2.540838800927    15.994914619570
      Gh(H)           0.917774205457     4.770700121368     2.518838488122     1.007825032230
      Gh(C)          -0.745225901355     3.076699877228     3.432838999291    12.000000000000
      Gh(H)           0.078773980390     2.337700510467     3.150838457604     1.007825032230
      Gh(H)          -1.705225939502     2.442700052704     3.569839083215     1.007825032230
      Gh(H)          -0.428225989093     3.501700067963     4.437839113732     1.007825032230
      Gh(C)          -1.646225924243     4.243700647797    -0.059161103706    12.000000000000
      Gh(O)          -2.790225977649     3.940700197662    -0.492161191444    15.994914619570
      Gh(H)          -1.123521799792     5.124993944610    -0.459290421943     1.007825032230

  Running in c1 symmetry.

  Rotational constants: A =      0.03702  B =      0.00374  C =      0.00354 [cm^-1]
  Rotational constants: A =   1109.89811  B =    111.99179  C =    106.18292 [MHz]
  Nuclear repulsion =  188.761034002405438

  Charge       = 1
  Multiplicity = 1
  Electrons    = 40
  Nalpha       = 20
  Nbeta        = 20

  ==> Algorithm <==

  SCF Algorithm Type is DF.
  DIIS enabled.
  MOM disabled.
  Fractional occupation disabled.
  Guess Type is SAD.
  Energy threshold   = 1.00e-08
  Density threshold  = 1.00e-08
  Integral threshold = 1.00e-12

  ==> Primary Basis <==

  Basis Set: JUN-CC-PVDZ
    Blend: JUN-CC-PVDZ
    Number of shells: 150
    Number of basis functions: 306
    Number of Cartesian functions: 318
    Spherical Harmonics?: true
    Max angular momentum: 2

   => Loading Basis Set <=

    Name: (JUN-CC-PVDZ AUX)
    Role: JKFIT
    Keyword: DF_BASIS_SCF
    atoms 1, 14                                          entry N          line   202 file /home/alia/anaconda3/envs/mddemo/share/psi4/basis/jun-cc-pvdz-jkfit.gbs 
    atoms 2-4, 6, 8-10, 13, 15-17, 19, 21, 23, 25-27, 30 entry H          line    70 file /home/alia/anaconda3/envs/mddemo/share/psi4/basis/jun-cc-pvdz-jkfit.gbs 
    atoms 5, 7, 11, 18, 20, 24, 28                       entry C          line   146 file /home/alia/anaconda3/envs/mddemo/share/psi4/basis/jun-cc-pvdz-jkfit.gbs 
    atoms 12, 22, 29                                     entry O          line   258 file /home/alia/anaconda3/envs/mddemo/share/psi4/basis/jun-cc-pvdz-jkfit.gbs 

  ==> Integral Setup <==

  ==> DiskDFJK: Density-Fitted J/K Matrices <==

    J tasked:                  Yes
    K tasked:                  Yes
    wK tasked:                  No
    OpenMP threads:             32
    Integrals threads:          32
    Memory [MiB]:            57220
    Algorithm:                Core
    Integral Cache:           LOAD
    Schwarz Cutoff:          1E-12
    Fitting Condition:       1E-10

   => Auxiliary Basis Set <=

  Basis Set: (JUN-CC-PVDZ AUX)
    Blend: JUN-CC-PVDZ-JKFIT
    Number of shells: 486
    Number of basis functions: 1362
    Number of Cartesian functions: 1542
    Spherical Harmonics?: true
    Max angular momentum: 3

  Minimum eigenvalue in the overlap matrix is 5.6543787998E-05.
  Reciprocal condition number of the overlap matrix is 4.9872091719E-06.
    Using symmetric orthogonalization.

  ==> Pre-Iterations <==

  SCF Guess: Superposition of Atomic Densities via on-the-fly atomic UHF (no occupation information).

   -------------------------
    Irrep   Nso     Nmo    
   -------------------------
     A        306     306 
   -------------------------
    Total     306     306
   -------------------------

  ==> Iterations <==

                           Total Energy        Delta E     RMS |[F,P]|

   @DF-RHF iter SAD:  -246.90787562067220   -2.46908e+02   0.00000e+00 
   @DF-RHF iter   1:  -247.13081376792601   -2.22938e-01   1.74131e-03 DIIS
   @DF-RHF iter   2:  -247.26114354350904   -1.30330e-01   1.03494e-03 DIIS
   @DF-RHF iter   3:  -247.29900454735807   -3.78610e-02   2.40249e-04 DIIS
   @DF-RHF iter   4:  -247.30241507078125   -3.41052e-03   8.68156e-05 DIIS
   @DF-RHF iter   5:  -247.30286750817822   -4.52437e-04   1.98409e-05 DIIS
   @DF-RHF iter   6:  -247.30291652220828   -4.90140e-05   8.68504e-06 DIIS
   @DF-RHF iter   7:  -247.30292456020575   -8.03800e-06   4.12332e-06 DIIS
   @DF-RHF iter   8:  -247.30292661362947   -2.05342e-06   1.34294e-06 DIIS
   @DF-RHF iter   9:  -247.30292682994980   -2.16320e-07   2.85763e-07 DIIS
   @DF-RHF iter  10:  -247.30292683869337   -8.74357e-09   8.96045e-08 DIIS
   @DF-RHF iter  11:  -247.30292683963143   -9.38059e-10   2.32441e-08 DIIS
   @DF-RHF iter  12:  -247.30292683971595   -8.45262e-11   9.90203e-09 DIIS
  Energy and wave function converged.


  ==> Post-Iterations <==

    Orbital Energies [Eh]
    ---------------------

    Doubly Occupied:                                                      

       1A    -20.751235     2A    -15.926416     3A    -11.522501  
       4A    -11.498963     5A    -11.436720     6A     -1.586938  
       7A     -1.503377     8A     -1.255203     9A     -1.103809  
      10A     -1.016307    11A     -0.948433    12A     -0.918485  
      13A     -0.889304    14A     -0.829362    15A     -0.806091  
      16A     -0.750790    17A     -0.728441    18A     -0.716556  
      19A     -0.686382    20A     -0.610377  

    Virtual:                                                              

      21A     -0.118889    22A     -0.074196    23A     -0.066241  
      24A     -0.052955    25A     -0.046776    26A     -0.028531  
      27A     -0.025377    28A     -0.023644    29A     -0.011349  
      30A     -0.005953    31A     -0.001032    32A      0.000822  
      33A      0.013179    34A      0.014874    35A      0.020561  
      36A      0.027300    37A      0.031998    38A      0.036517  
      39A      0.041739    40A      0.043945    41A      0.051381  
      42A      0.055696    43A      0.058603    44A      0.068145  
      45A      0.073054    46A      0.083714    47A      0.084039  
      48A      0.091189    49A      0.100730    50A      0.104733  
      51A      0.108367    52A      0.110531    53A      0.115307  
      54A      0.118013    55A      0.137879    56A      0.142984  
      57A      0.152161    58A      0.156432    59A      0.157110  
      60A      0.163778    61A      0.167405    62A      0.172667  
      63A      0.174856    64A      0.177883    65A      0.187544  
      66A      0.190797    67A      0.200457    68A      0.217787  
      69A      0.222230    70A      0.224219    71A      0.232059  
      72A      0.242003    73A      0.246088    74A      0.248203  
      75A      0.252416    76A      0.267557    77A      0.278125  
      78A      0.285903    79A      0.304218    80A      0.309400  
      81A      0.315435    82A      0.328004    83A      0.336844  
      84A      0.352620    85A      0.355486    86A      0.375324  
      87A      0.386910    88A      0.396924    89A      0.403589  
      90A      0.430242    91A      0.443851    92A      0.456920  
      93A      0.469108    94A      0.501999    95A      0.513329  
      96A      0.520290    97A      0.532755    98A      0.544698  
      99A      0.555573   100A      0.562941   101A      0.572334  
     102A      0.575324   103A      0.587008   104A      0.599374  
     105A      0.618131   106A      0.618678   107A      0.635461  
     108A      0.638602   109A      0.652952   110A      0.674681  
     111A      0.680498   112A      0.691296   113A      0.694310  
     114A      0.709051   115A      0.713157   116A      0.721611  
     117A      0.734243   118A      0.748338   119A      0.757841  
     120A      0.762870   121A      0.786921   122A      0.802052  
     123A      0.811378   124A      0.822111   125A      0.841858  
     126A      0.851815   127A      0.864064   128A      0.877556  
     129A      0.883776   130A      0.890486   131A      0.907084  
     132A      0.930317   133A      0.944340   134A      0.945055  
     135A      0.959517   136A      0.979844   137A      1.008032  
     138A      1.014695   139A      1.036283   140A      1.095854  
     141A      1.117839   142A      1.138193   143A      1.183661  
     144A      1.207847   145A      1.240587   146A      1.302177  
     147A      1.325717   148A      1.339286   149A      1.354013  
     150A      1.380048   151A      1.413736   152A      1.459194  
     153A      1.475142   154A      1.485338   155A      1.501249  
     156A      1.537006   157A      1.563282   158A      1.598738  
     159A      1.600563   160A      1.603942   161A      1.625767  
     162A      1.644251   163A      1.666948   164A      1.674880  
     165A      1.685561   166A      1.693181   167A      1.695561  
     168A      1.714127   169A      1.731332   170A      1.742399  
     171A      1.744899   172A      1.750074   173A      1.754268  
     174A      1.782771   175A      1.786443   176A      1.800800  
     177A      1.806100   178A      1.826109   179A      1.834999  
     180A      1.837028   181A      1.869161   182A      1.870230  
     183A      1.889770   184A      1.896494   185A      1.905623  
     186A      1.907119   187A      1.917213   188A      1.929388  
     189A      1.942788   190A      1.955848   191A      1.963543  
     192A      1.991087   193A      2.004093   194A      2.005339  
     195A      2.007529   196A      2.027318   197A      2.033417  
     198A      2.040803   199A      2.063228   200A      2.097128  
     201A      2.098390   202A      2.109064   203A      2.121788  
     204A      2.132605   205A      2.147980   206A      2.167366  
     207A      2.174547   208A      2.176606   209A      2.180144  
     210A      2.211759   211A      2.232281   212A      2.236749  
     213A      2.260176   214A      2.262251   215A      2.298451  
     216A      2.329060   217A      2.340373   218A      2.369170  
     219A      2.383460   220A      2.410133   221A      2.434233  
     222A      2.435446   223A      2.442686   224A      2.448308  
     225A      2.467081   226A      2.482282   227A      2.496422  
     228A      2.504232   229A      2.539785   230A      2.547104  
     231A      2.568042   232A      2.579910   233A      2.601467  
     234A      2.606633   235A      2.615365   236A      2.634705  
     237A      2.647484   238A      2.692909   239A      2.694351  
     240A      2.723647   241A      2.735663   242A      2.751782  
     243A      2.761150   244A      2.805048   245A      2.858639  
     246A      2.868078   247A      2.879976   248A      2.894428  
     249A      2.906927   250A      2.946766   251A      2.965556  
     252A      3.032599   253A      3.035962   254A      3.067025  
     255A      3.093182   256A      3.165319   257A      3.171375  
     258A      3.204321   259A      3.270584   260A      3.297856  
     261A      3.301414   262A      3.390704   263A      3.470911  
     264A      3.491029   265A      3.508927   266A      3.582464  
     267A      3.584613   268A      3.614059   269A      3.741144  
     270A      3.804327   271A      3.932233   272A      3.961299  
     273A      4.032583   274A      4.184571   275A      4.200680  
     276A      4.298682   277A      4.423330   278A      4.463271  
     279A      4.565379   280A      4.610227   281A      4.623340  
     282A      4.639586   283A      4.689202   284A      4.742300  
     285A      4.797834   286A      4.841544   287A      4.901246  
     288A      5.030260   289A      5.037900   290A      5.162504  
     291A      5.305545   292A      5.473117   293A      5.555487  
     294A      5.648518   295A      5.730566   296A      5.891985  
     297A      5.963894   298A      6.531458   299A      6.581982  
     300A     18.125669   301A     18.285678   302A     18.494216  
     303A     18.638479   304A     25.319354   305A     33.436559  
     306A     33.461683  

    Final Occupation by Irrep:
              A 
    DOCC [    20 ]

  @DF-RHF Final Energy:  -247.30292683971595

   => Energetics <=

    Nuclear Repulsion Energy =            188.7610340024054381
    One-Electron Energy =                -701.1565464974881934
    Two-Electron Energy =                 265.0925856553668609
    Total Energy =                       -247.3029268397159512

Computation Completed


Properties will be evaluated at   0.000000,   0.000000,   0.000000 [a0]

Properties computed using the SCF density matrix

  Nuclear Dipole Moment: [e a0]
     X:   104.4435      Y:  -417.2031      Z:  -135.4015

  Electronic Dipole Moment: [e a0]
     X:  -102.2069      Y:   405.8667      Z:   134.1315

  Dipole Moment: [e a0]
     X:     2.2366      Y:   -11.3364      Z:    -1.2700     Total:    11.6245

  Dipole Moment: [D]
     X:     5.6849      Y:   -28.8142      Z:    -3.2281     Total:    29.5466


*** tstop() called on aliaconda at Sun Mar 20 05:52:33 2022
Module time:
	user time   =     156.28 seconds =       2.60 minutes
	system time =      14.05 seconds =       0.23 minutes
	total time  =          8 seconds =       0.13 minutes
Total time:
	user time   =   86332.36 seconds =    1438.87 minutes
	system time =   12026.08 seconds =     200.43 minutes
	total time  =       5336 seconds =      88.93 minutes

  //>>>>>>>>>>>>>>>>>>>>>>>>>>>>>>>>>>>//
  //            Monomer B HF           //
  //<<<<<<<<<<<<<<<<<<<<<<<<<<<<<<<<<<<//


*** tstart() called on aliaconda
*** at Sun Mar 20 05:52:33 2022

   => Loading Basis Set <=

    Name: JUN-CC-PVDZ
    Role: ORBITAL
    Keyword: BASIS
    atoms 1, 14                                          entry N          line   198 file /home/alia/anaconda3/envs/mddemo/share/psi4/basis/jun-cc-pvdz.gbs 
    atoms 2-4, 6, 8-10, 13, 15-17, 19, 21, 23, 25-27, 30 entry H          line    36 file /home/alia/anaconda3/envs/mddemo/share/psi4/basis/jun-cc-pvdz.gbs 
    atoms 5, 7, 11, 18, 20, 24, 28                       entry C          line   164 file /home/alia/anaconda3/envs/mddemo/share/psi4/basis/jun-cc-pvdz.gbs 
    atoms 12, 22, 29                                     entry O          line   232 file /home/alia/anaconda3/envs/mddemo/share/psi4/basis/jun-cc-pvdz.gbs 


         ---------------------------------------------------------
                                   SCF
               by Justin Turney, Rob Parrish, Andy Simmonett
                          and Daniel G. A. Smith
                              RHF Reference
                       32 Threads,  76293 MiB Core
         ---------------------------------------------------------

  ==> Geometry <==

    Molecular point group: c1
    Full point group: C1

    Geometry (in Angstrom), charge = 1, multiplicity = 1:

       Center              X                  Y                   Z               Mass       
    ------------   -----------------  -----------------  -----------------  -----------------
      Gh(N)           0.876773839246    -6.546299790894    -1.161161340217    14.003074004430
      Gh(H)           0.238773827802    -6.754299735581    -0.160161412696     1.007825032230
      Gh(H)           0.060773854505    -6.907299851929    -1.968161262015     1.007825032230
      Gh(H)           1.622773890744    -7.209299659287    -1.179160989265     1.007825032230
      Gh(C)           1.207774167310    -5.144299840485    -1.245161450843    12.000000000000
      Gh(H)           0.438774113904    -4.524299954926    -0.843161023597     1.007825032230
      Gh(C)           2.572773938428    -5.032299851929    -0.588161385993    12.000000000000
      Gh(H)           3.404773955594    -5.493299817597    -1.204161084632     1.007825032230
      Gh(H)           2.521774058591    -5.516299581085     0.414838873406     1.007825032230
      Gh(H)           2.736773972760    -3.926299905335    -0.439161218146     1.007825032230
      Gh(C)           1.285774235974    -4.650299882446    -2.647161162833    12.000000000000
      Gh(O)           0.731773858319    -5.240299558197    -3.549161113242    15.994914619570
      Gh(H)           1.855178122769    -3.735401010071    -2.867930806617     1.007825032230
         N            0.243773942243     2.902700090851     0.335838877221    14.003074004430
         H            0.428773885022     1.732700014557     0.540838800927     1.007825032230
         H            0.122774129163     2.878699923004    -0.861161149482     1.007825032230
         H            1.079773907910     3.414700174774     0.522838675042     1.007825032230
         C           -1.011226172198     3.424700403656     0.975838743707    12.000000000000
         H           -1.751225943316     2.663700724090     1.079838835259     1.007825032230
         C           -0.940226073016     4.087700510467     2.358838640710    12.000000000000
         H           -1.914226050128     4.586700106110     2.500838839074     1.007825032230
         O           -0.006226057757     5.153700495209     2.540838800927    15.994914619570
         H            0.917774205457     4.770700121368     2.518838488122     1.007825032230
         C           -0.745225901355     3.076699877228     3.432838999291    12.000000000000
         H            0.078773980390     2.337700510467     3.150838457604     1.007825032230
         H           -1.705225939502     2.442700052704     3.569839083215     1.007825032230
         H           -0.428225989093     3.501700067963     4.437839113732     1.007825032230
         C           -1.646225924243     4.243700647797    -0.059161103706    12.000000000000
         O           -2.790225977649     3.940700197662    -0.492161191444    15.994914619570
         H           -1.123521799792     5.124993944610    -0.459290421943     1.007825032230

  Running in c1 symmetry.

  Rotational constants: A =      0.03702  B =      0.00374  C =      0.00354 [cm^-1]
  Rotational constants: A =   1109.89811  B =    111.99179  C =    106.18292 [MHz]
  Nuclear repulsion =  326.780028344712605

  Charge       = 1
  Multiplicity = 1
  Electrons    = 56
  Nalpha       = 28
  Nbeta        = 28

  ==> Algorithm <==

  SCF Algorithm Type is DF.
  DIIS enabled.
  MOM disabled.
  Fractional occupation disabled.
  Guess Type is SAD.
  Energy threshold   = 1.00e-08
  Density threshold  = 1.00e-08
  Integral threshold = 1.00e-12

  ==> Primary Basis <==

  Basis Set: JUN-CC-PVDZ
    Blend: JUN-CC-PVDZ
    Number of shells: 150
    Number of basis functions: 306
    Number of Cartesian functions: 318
    Spherical Harmonics?: true
    Max angular momentum: 2

   => Loading Basis Set <=

    Name: (JUN-CC-PVDZ AUX)
    Role: JKFIT
    Keyword: DF_BASIS_SCF
    atoms 1, 14                                          entry N          line   202 file /home/alia/anaconda3/envs/mddemo/share/psi4/basis/jun-cc-pvdz-jkfit.gbs 
    atoms 2-4, 6, 8-10, 13, 15-17, 19, 21, 23, 25-27, 30 entry H          line    70 file /home/alia/anaconda3/envs/mddemo/share/psi4/basis/jun-cc-pvdz-jkfit.gbs 
    atoms 5, 7, 11, 18, 20, 24, 28                       entry C          line   146 file /home/alia/anaconda3/envs/mddemo/share/psi4/basis/jun-cc-pvdz-jkfit.gbs 
    atoms 12, 22, 29                                     entry O          line   258 file /home/alia/anaconda3/envs/mddemo/share/psi4/basis/jun-cc-pvdz-jkfit.gbs 

  ==> Integral Setup <==

  ==> DiskDFJK: Density-Fitted J/K Matrices <==

    J tasked:                  Yes
    K tasked:                  Yes
    wK tasked:                  No
    OpenMP threads:             32
    Integrals threads:          32
    Memory [MiB]:            57220
    Algorithm:                Core
    Integral Cache:           LOAD
    Schwarz Cutoff:          1E-12
    Fitting Condition:       1E-10

   => Auxiliary Basis Set <=

  Basis Set: (JUN-CC-PVDZ AUX)
    Blend: JUN-CC-PVDZ-JKFIT
    Number of shells: 486
    Number of basis functions: 1362
    Number of Cartesian functions: 1542
    Spherical Harmonics?: true
    Max angular momentum: 3

  Minimum eigenvalue in the overlap matrix is 5.6543787998E-05.
  Reciprocal condition number of the overlap matrix is 4.9872091719E-06.
    Using symmetric orthogonalization.

  ==> Pre-Iterations <==

  SCF Guess: Superposition of Atomic Densities via on-the-fly atomic UHF (no occupation information).

   -------------------------
    Irrep   Nso     Nmo    
   -------------------------
     A        306     306 
   -------------------------
    Total     306     306
   -------------------------

  ==> Iterations <==

                           Total Energy        Delta E     RMS |[F,P]|

   @DF-RHF iter SAD:  -360.49013869247403   -3.60490e+02   0.00000e+00 
   @DF-RHF iter   1:  -360.89998596169892   -4.09847e-01   2.17928e-03 DIIS
   @DF-RHF iter   2:  -361.09035234357077   -1.90366e-01   1.40294e-03 DIIS
   @DF-RHF iter   3:  -361.15916685236084   -6.88145e-02   3.11634e-04 DIIS
   @DF-RHF iter   4:  -361.16452255336844   -5.35570e-03   1.21302e-04 DIIS
   @DF-RHF iter   5:  -361.16533981982724   -8.17266e-04   2.77460e-05 DIIS
   @DF-RHF iter   6:  -361.16541614256516   -7.63227e-05   1.40170e-05 DIIS
   @DF-RHF iter   7:  -361.16543609307092   -1.99505e-05   6.16755e-06 DIIS
   @DF-RHF iter   8:  -361.16544107303940   -4.97997e-06   2.58702e-06 DIIS
   @DF-RHF iter   9:  -361.16544203902038   -9.65981e-07   7.59578e-07 DIIS
   @DF-RHF iter  10:  -361.16544214724610   -1.08226e-07   2.95061e-07 DIIS
   @DF-RHF iter  11:  -361.16544216940645   -2.21603e-08   1.46129e-07 DIIS
   @DF-RHF iter  12:  -361.16544217636317   -6.95672e-09   7.65922e-08 DIIS
   @DF-RHF iter  13:  -361.16544217865140   -2.28823e-09   2.63029e-08 DIIS
   @DF-RHF iter  14:  -361.16544217884928   -1.97872e-10   8.67765e-09 DIIS
  Energy and wave function converged.


  ==> Post-Iterations <==

    Orbital Energies [Eh]
    ---------------------

    Doubly Occupied:                                                      

       1A    -20.754169     2A    -20.746035     3A    -15.948155  
       4A    -11.522348     5A    -11.500546     6A    -11.481330  
       7A    -11.404144     8A     -1.555201     9A     -1.537340  
      10A     -1.500980    11A     -1.261617    12A     -1.164189  
      13A     -1.021181    14A     -1.013848    15A     -0.964224  
      16A     -0.912680    17A     -0.904836    18A     -0.850774  
      19A     -0.809529    20A     -0.798968    21A     -0.775161  
      22A     -0.762513    23A     -0.701331    24A     -0.689066  
      25A     -0.668061    26A     -0.651189    27A     -0.633041  
      28A     -0.607364  

    Virtual:                                                              

      29A     -0.136453    30A     -0.080396    31A     -0.067437  
      32A     -0.061660    33A     -0.043682    34A     -0.038657  
      35A     -0.030542    36A     -0.025658    37A     -0.024084  
      38A     -0.012906    39A     -0.007903    40A     -0.002942  
      41A     -0.001497    42A      0.001640    43A      0.009102  
      44A      0.016316    45A      0.025583    46A      0.029480  
      47A      0.040262    48A      0.043546    49A      0.045880  
      50A      0.046044    51A      0.052774    52A      0.056460  
      53A      0.058255    54A      0.069413    55A      0.074689  
      56A      0.078344    57A      0.086788    58A      0.098314  
      59A      0.101982    60A      0.103435    61A      0.113063  
      62A      0.116620    63A      0.121248    64A      0.129315  
      65A      0.139229    66A      0.144113    67A      0.147816  
      68A      0.150778    69A      0.151786    70A      0.153427  
      71A      0.169883    72A      0.173858    73A      0.179998  
      74A      0.180507    75A      0.188335    76A      0.193297  
      77A      0.203485    78A      0.208673    79A      0.212515  
      80A      0.226364    81A      0.228174    82A      0.240501  
      83A      0.248032    84A      0.254768    85A      0.267747  
      86A      0.274223    87A      0.281070    88A      0.285703  
      89A      0.294829    90A      0.297466    91A      0.310310  
      92A      0.321454    93A      0.338364    94A      0.352259  
      95A      0.355926    96A      0.363512    97A      0.370031  
      98A      0.381183    99A      0.389243   100A      0.397728  
     101A      0.430009   102A      0.448521   103A      0.454603  
     104A      0.472886   105A      0.516146   106A      0.526260  
     107A      0.529230   108A      0.540612   109A      0.546745  
     110A      0.565463   111A      0.584352   112A      0.592965  
     113A      0.601753   114A      0.613863   115A      0.624265  
     116A      0.638274   117A      0.645087   118A      0.665949  
     119A      0.682931   120A      0.684666   121A      0.702064  
     122A      0.719627   123A      0.721792   124A      0.722859  
     125A      0.751913   126A      0.761047   127A      0.763953  
     128A      0.766722   129A      0.769086   130A      0.781460  
     131A      0.806925   132A      0.810515   133A      0.820225  
     134A      0.830147   135A      0.845934   136A      0.866450  
     137A      0.879375   138A      0.883075   139A      0.887605  
     140A      0.896441   141A      0.906652   142A      0.919665  
     143A      0.929733   144A      0.951694   145A      0.953055  
     146A      0.992940   147A      1.003529   148A      1.109685  
     149A      1.157207   150A      1.165664   151A      1.183815  
     152A      1.207615   153A      1.231243   154A      1.253633  
     155A      1.303161   156A      1.329501   157A      1.343318  
     158A      1.362868   159A      1.369974   160A      1.389494  
     161A      1.397021   162A      1.412262   163A      1.422584  
     164A      1.465545   165A      1.498642   166A      1.504068  
     167A      1.507435   168A      1.512424   169A      1.532492  
     170A      1.548643   171A      1.570704   172A      1.593024  
     173A      1.606994   174A      1.608374   175A      1.648936  
     176A      1.654231   177A      1.666607   178A      1.686370  
     179A      1.694258   180A      1.698286   181A      1.708405  
     182A      1.713133   183A      1.744350   184A      1.754390  
     185A      1.757272   186A      1.762254   187A      1.763018  
     188A      1.788355   189A      1.800785   190A      1.805459  
     191A      1.818341   192A      1.821041   193A      1.841997  
     194A      1.845016   195A      1.853732   196A      1.867756  
     197A      1.896438   198A      1.900614   199A      1.930277  
     200A      1.932435   201A      1.938580   202A      1.943525  
     203A      1.959006   204A      1.966722   205A      1.978509  
     206A      1.981975   207A      1.996605   208A      2.013413  
     209A      2.016804   210A      2.033188   211A      2.057377  
     212A      2.064713   213A      2.083523   214A      2.104809  
     215A      2.107414   216A      2.137823   217A      2.147271  
     218A      2.160998   219A      2.169970   220A      2.173015  
     221A      2.181211   222A      2.206360   223A      2.230091  
     224A      2.242756   225A      2.273087   226A      2.279049  
     227A      2.279629   228A      2.305244   229A      2.306458  
     230A      2.339552   231A      2.339821   232A      2.386286  
     233A      2.397540   234A      2.403317   235A      2.405123  
     236A      2.417049   237A      2.432224   238A      2.465760  
     239A      2.474845   240A      2.500471   241A      2.513308  
     242A      2.521788   243A      2.547559   244A      2.557007  
     245A      2.588603   246A      2.608349   247A      2.625919  
     248A      2.644297   249A      2.658489   250A      2.677231  
     251A      2.700773   252A      2.716379   253A      2.739563  
     254A      2.782882   255A      2.788582   256A      2.804657  
     257A      2.839361   258A      2.852996   259A      2.877300  
     260A      2.890452   261A      2.927392   262A      2.995406  
     263A      3.001548   264A      3.065052   265A      3.102156  
     266A      3.136455   267A      3.142702   268A      3.178321  
     269A      3.235962   270A      3.239938   271A      3.249214  
     272A      3.286699   273A      3.306544   274A      3.431021  
     275A      3.473057   276A      3.523084   277A      3.548437  
     278A      3.552714   279A      3.687601   280A      3.731452  
     281A      3.827467   282A      3.918861   283A      3.929543  
     284A      4.032423   285A      4.146558   286A      4.182506  
     287A      4.327121   288A      4.439879   289A      4.657654  
     290A      4.701788   291A      4.744049   292A      4.808906  
     293A      4.845741   294A      4.946010   295A      5.053870  
     296A      5.198720   297A      5.464972   298A      5.544058  
     299A      5.741742   300A      5.920742   301A      6.757616  
     302A     18.164242   303A     18.362674   304A     18.595265  
     305A     25.334868   306A     33.434153  

    Final Occupation by Irrep:
              A 
    DOCC [    28 ]

  @DF-RHF Final Energy:  -361.16544217884928

   => Energetics <=

    Nuclear Repulsion Energy =            326.7800283447126048
    One-Electron Energy =               -1129.6112916943618529
    Two-Electron Energy =                 441.6658211707999726
    Total Energy =                       -361.1654421788492755

Computation Completed


Properties will be evaluated at   0.000000,   0.000000,   0.000000 [a0]

Properties computed using the SCF density matrix

  Nuclear Dipole Moment: [e a0]
     X:   -96.4085      Y:   407.2836      Z:   143.6035

  Electronic Dipole Moment: [e a0]
     X:    97.4694      Y:  -402.1474      Z:  -142.0677

  Dipole Moment: [e a0]
     X:     1.0609      Y:     5.1362      Z:     1.5358     Total:     5.4649

  Dipole Moment: [D]
     X:     2.6965      Y:    13.0550      Z:     3.9036     Total:    13.8903


*** tstop() called on aliaconda at Sun Mar 20 05:52:43 2022
Module time:
	user time   =     216.98 seconds =       3.62 minutes
	system time =      24.09 seconds =       0.40 minutes
	total time  =         10 seconds =       0.17 minutes
Total time:
	user time   =   86549.44 seconds =    1442.49 minutes
	system time =   12050.19 seconds =     200.84 minutes
	total time  =       5346 seconds =      89.10 minutes
  Constructing Basis Sets for SAPT...

   => Loading Basis Set <=

    Name: (JUN-CC-PVDZ AUX)
    Role: RIFIT
    Keyword: DF_BASIS_SAPT
    atoms 1, 14                                          entry N          line   144 file /home/alia/anaconda3/envs/mddemo/share/psi4/basis/jun-cc-pvdz-ri.gbs 
    atoms 2-4, 6, 8-10, 13, 15-17, 19, 21, 23, 25-27, 30 entry H          line    30 file /home/alia/anaconda3/envs/mddemo/share/psi4/basis/jun-cc-pvdz-ri.gbs 
    atoms 5, 7, 11, 18, 20, 24, 28                       entry C          line   100 file /home/alia/anaconda3/envs/mddemo/share/psi4/basis/jun-cc-pvdz-ri.gbs 
    atoms 12, 22, 29                                     entry O          line   188 file /home/alia/anaconda3/envs/mddemo/share/psi4/basis/jun-cc-pvdz-ri.gbs 


  //>>>>>>>>>>>>>>>>>>>>>>>>>>>>>>>>>>>//
  //               SAPT0               //
  //<<<<<<<<<<<<<<<<<<<<<<<<<<<<<<<<<<<//


*** tstart() called on aliaconda
*** at Sun Mar 20 05:52:43 2022

        SAPT0  
    Ed Hohenstein
     6 June 2009

      Orbital Information
  --------------------------
    NSO        =       306
    NMO        =       306
    NRI        =      1032
    NOCC A     =        20
    NOCC B     =        28
    FOCC A     =         0
    FOCC B     =         0
    NVIR A     =       286
    NVIR B     =       278

    Elst10,r            =     0.060740169229 [Eh]
    Exch10              =    -0.000000011184 [Eh]
    Exch10 (S^2)        =    -0.000000011184 [Eh]

    Iter     Energy [mEh]          dE [mEh]         Residual      Time [s]
       1      -0.30507892       0.305078923       4.978422808             1
       2      -0.29833757      -0.006741356       1.706713961             2
       3      -0.32136326       0.023025691       0.645359956             2
       4      -0.32807813       0.006714868       0.169056269             3
       5      -0.32722323      -0.000854891       0.097395947             3
       6      -0.32664773      -0.000575502       0.028484620             4
       7      -0.32681122       0.000163487       0.010701554             4
       8      -0.32684707       0.000035848       0.004698937             5
       9      -0.32682774      -0.000019331       0.002510892             5
      10      -0.32682433      -0.000003402       0.000672314             6
      11      -0.32682755       0.000003215       0.000176951             7
      12      -0.32682743      -0.000000117       0.000045518             7
      13      -0.32682729      -0.000000141       0.000012503             8
      14      -0.32682729      -0.000000004       0.000003024             8
      15      -0.32682730       0.000000010       0.000000731             9

    CHF Iterations converged


    Iter     Energy [mEh]          dE [mEh]         Residual      Time [s]
       1      -0.20953849       0.209538488       3.295727754             0
       2      -0.21588256       0.006344068       1.368862784             1
       3      -0.23185527       0.015972718       0.450883162             2
       4      -0.23477672       0.002921447       0.108000095             2
       5      -0.23405336      -0.000723363       0.044598051             3
       6      -0.23387856      -0.000174796       0.019228558             3
       7      -0.23394737       0.000068812       0.010582239             4
       8      -0.23398523       0.000037859       0.004028784             5
       9      -0.23397324      -0.000011989       0.002136358             5
      10      -0.23396786      -0.000005380       0.000952656             6
      11      -0.23397057       0.000002705       0.000457674             6
      12      -0.23397116       0.000000589       0.000161585             7
      13      -0.23397084      -0.000000323       0.000052550             8
      14      -0.23397072      -0.000000111       0.000012283             8
      15      -0.23397075       0.000000026       0.000003562             9
      16      -0.23397075       0.000000005       0.000000932             9

    CHF Iterations converged

    Ind20,r (A<-B)      =    -0.000326827297 [Eh]
    Ind20,r (B<-A)      =    -0.000233970755 [Eh]
    Ind20,r             =    -0.000560798052 [Eh]
    Exch-Ind20,r (A<-B) =     0.000000003532 [Eh]
    Exch-Ind20,r (B<-A) =     0.000000003610 [Eh]
    Exch-Ind20,r        =     0.000000007142 [Eh]
    Disp20              =    -0.000042381571 [Eh]
    Disp20 (SS)         =    -0.000021190785 [Eh]
    Disp20 (OS)         =    -0.000021190785 [Eh]
    Exch-Disp20         =     0.000000001837 [Eh]
    Exch-Disp20 (SS)    =     0.000000001350 [Eh]
    Exch-Disp20 (OS)    =     0.000000000487 [Eh]

    SAPT Results 
  --------------------------------------------------------------------------------------------------------
    Electrostatics                 60.74016923 [mEh]      38.11503163 [kcal/mol]     159.47329234 [kJ/mol]
      Elst10,r                     60.74016923 [mEh]      38.11503163 [kcal/mol]     159.47329234 [kJ/mol]

    Exchange                       -0.00001118 [mEh]      -0.00000702 [kcal/mol]      -0.00002936 [kJ/mol]
      Exch10                       -0.00001118 [mEh]      -0.00000702 [kcal/mol]      -0.00002936 [kJ/mol]
      Exch10(S^2)                  -0.00001118 [mEh]      -0.00000702 [kcal/mol]      -0.00002936 [kJ/mol]

    Induction                      -0.55364290 [mEh]      -0.34741617 [kcal/mol]      -1.45358923 [kJ/mol]
      Ind20,r                      -0.56079805 [mEh]      -0.35190609 [kcal/mol]      -1.47237508 [kJ/mol]
      Exch-Ind20,r                  0.00000714 [mEh]       0.00000448 [kcal/mol]       0.00001875 [kJ/mol]
      delta HF,r (2)                0.00714801 [mEh]       0.00448544 [kcal/mol]       0.01876710 [kJ/mol]

    Dispersion                     -0.04237973 [mEh]      -0.02659368 [kcal/mol]      -0.11126798 [kJ/mol]
      Disp20                       -0.04238157 [mEh]      -0.02659484 [kcal/mol]      -0.11127280 [kJ/mol]
      Exch-Disp20                   0.00000184 [mEh]       0.00000115 [kcal/mol]       0.00000482 [kJ/mol]
      Disp20 (SS)                  -0.02119079 [mEh]      -0.01329742 [kcal/mol]      -0.05563640 [kJ/mol]
      Disp20 (OS)                  -0.02119079 [mEh]      -0.01329742 [kcal/mol]      -0.05563640 [kJ/mol]
      Exch-Disp20 (SS)              0.00000135 [mEh]       0.00000085 [kcal/mol]       0.00000354 [kJ/mol]
      Exch-Disp20 (OS)              0.00000049 [mEh]       0.00000031 [kcal/mol]       0.00000128 [kJ/mol]

  Total HF                         60.18651514 [mEh]      37.76760845 [kcal/mol]     158.01967374 [kJ/mol]
  Total SAPT0                      60.14413541 [mEh]      37.74101476 [kcal/mol]     157.90840577 [kJ/mol]

  Special recipe for scaled SAPT0 (see Manual):
    Electrostatics sSAPT0          60.74016923 [mEh]      38.11503163 [kcal/mol]     159.47329234 [kJ/mol]
    Exchange sSAPT0                -0.00001118 [mEh]      -0.00000702 [kcal/mol]      -0.00002936 [kJ/mol]
    Induction sSAPT0               -0.55364290 [mEh]      -0.34741617 [kcal/mol]      -1.45358923 [kJ/mol]
    Dispersion sSAPT0              -0.04237973 [mEh]      -0.02659368 [kcal/mol]      -0.11126798 [kJ/mol]
  Total sSAPT0                     60.14413541 [mEh]      37.74101476 [kcal/mol]     157.90840577 [kJ/mol]
  --------------------------------------------------------------------------------------------------------

*** tstop() called on aliaconda at Sun Mar 20 05:53:31 2022
Module time:
	user time   =     674.40 seconds =      11.24 minutes
	system time =     116.31 seconds =       1.94 minutes
	total time  =         48 seconds =       0.80 minutes
Total time:
	user time   =   87226.42 seconds =    1453.77 minutes
	system time =   12167.00 seconds =     202.78 minutes
	total time  =       5394 seconds =      89.90 minutes


Warning! sapt0 does not have an associated derived wavefunction.The returned wavefunction is the dimer SCF wavefunction.


  Memory set to  74.506 GiB by Python driver.
  Threads set to 32 by Python driver.
