
Scratch directory: /tmp/

Scratch directory: /tmp/

  //>>>>>>>>>>>>>>>>>>>>>>>>>>>>>>>>>>>//
  //              Dimer HF             //
  //<<<<<<<<<<<<<<<<<<<<<<<<<<<<<<<<<<<//


*** tstart() called on aliaconda
*** at Sun Mar 20 05:00:34 2022

   => Loading Basis Set <=

    Name: JUN-CC-PVDZ
    Role: ORBITAL
    Keyword: BASIS
    atoms 1, 14                                          entry N          line   198 file /home/alia/anaconda3/envs/mddemo/share/psi4/basis/jun-cc-pvdz.gbs 
    atoms 2-4, 6, 8-10, 13, 15-17, 19, 21, 23, 25-27, 30 entry H          line    36 file /home/alia/anaconda3/envs/mddemo/share/psi4/basis/jun-cc-pvdz.gbs 
    atoms 5, 7, 11, 18, 20, 24, 28                       entry C          line   164 file /home/alia/anaconda3/envs/mddemo/share/psi4/basis/jun-cc-pvdz.gbs 
    atoms 12, 22, 29                                     entry O          line   232 file /home/alia/anaconda3/envs/mddemo/share/psi4/basis/jun-cc-pvdz.gbs 


         ---------------------------------------------------------
                                   SCF
               by Justin Turney, Rob Parrish, Andy Simmonett
                          and Daniel G. A. Smith
                              RHF Reference
                       32 Threads,  76293 MiB Core
         ---------------------------------------------------------

  ==> Geometry <==

    Molecular point group: c1
    Full point group: C1

    Geometry (in Angstrom), charge = 2, multiplicity = 1:

       Center              X                  Y                   Z               Mass       
    ------------   -----------------  -----------------  -----------------  -----------------
         N            0.959660335756    -5.885332474177    -1.541649982860    14.003074004430
         H            0.115660473085    -6.318332561915    -0.799649879863     1.007825032230
         H            0.486660286165    -6.117332586711    -2.623649761608     1.007825032230
         H            1.740660234666    -6.466332563823    -1.437649891307     1.007825032230
         C            1.176660343385    -4.475332626765    -1.469649956157    12.000000000000
         H            0.319660469270    -4.147332558101    -0.830649540355     1.007825032230
         C            2.530660434938    -4.066332706874    -0.779649898937    12.000000000000
         H            3.427660390115    -4.426332363551    -1.253649876049     1.007825032230
         H            2.713660284257    -4.514332661097     0.274350478718     1.007825032230
         H            2.694660230852    -3.007332691615    -0.666649982860     1.007825032230
         C            0.853660389161    -3.595332512324    -2.745649979046    12.000000000000
         O           -0.164339736724    -2.921332725947    -2.806649849346    15.994914619570
         H            1.557043358064    -3.590376266902    -3.591361210277     1.007825032230
         N            0.518660351014     2.136667361791     0.424350097248    14.003074004430
         H            0.628660484529     0.951667895848     0.248350455830     1.007825032230
         H            0.618660255647     2.534667125280    -0.706649944713     1.007825032230
         H            1.309660240388     2.479667773778     0.951350047657     1.007825032230
         C           -0.797339633727     2.511667361791     1.009350612233    12.000000000000
         H           -1.394339755797     1.666667094762     1.125349834034     1.007825032230
         C           -0.772339538359     3.196667781407     2.370350673268    12.000000000000
         H           -1.796339706206     3.348667254979     2.828349902699     1.007825032230
         O           -0.115339473509     4.478667369420     2.322350337574    15.994914619570
         H            0.795660301423     4.266667476232     1.962350680897     1.007825032230
         C           -0.137339786315     2.367667308385     3.438350513050    12.000000000000
         H            0.896660133577     2.128666987950     3.286350085804     1.007825032230
         H           -0.663339809203     1.414667239720     3.523350551197     1.007825032230
         H           -0.247339442992     2.770667186315     4.468350246022     1.007825032230
         C           -1.577339843535     3.314667811925    -0.029649898937    12.000000000000
         O           -2.737339690947     3.097667804296    -0.272649929454    15.994914619570
         H           -1.062158302092     4.119092097814    -0.575075790813     1.007825032230

  Running in c1 symmetry.

  Rotational constants: A =      0.03881  B =      0.00545  C =      0.00504 [cm^-1]
  Rotational constants: A =   1163.49190  B =    163.51354  C =    151.15178 [MHz]
  Nuclear repulsion =  660.963204555742550

  Charge       = 2
  Multiplicity = 1
  Electrons    = 96
  Nalpha       = 48
  Nbeta        = 48

  ==> Algorithm <==

  SCF Algorithm Type is DF.
  DIIS enabled.
  MOM disabled.
  Fractional occupation disabled.
  Guess Type is SAD.
  Energy threshold   = 1.00e-08
  Density threshold  = 1.00e-08
  Integral threshold = 1.00e-12

  ==> Primary Basis <==

  Basis Set: JUN-CC-PVDZ
    Blend: JUN-CC-PVDZ
    Number of shells: 150
    Number of basis functions: 306
    Number of Cartesian functions: 318
    Spherical Harmonics?: true
    Max angular momentum: 2

   => Loading Basis Set <=

    Name: (JUN-CC-PVDZ AUX)
    Role: JKFIT
    Keyword: DF_BASIS_SCF
    atoms 1, 14                                          entry N          line   202 file /home/alia/anaconda3/envs/mddemo/share/psi4/basis/jun-cc-pvdz-jkfit.gbs 
    atoms 2-4, 6, 8-10, 13, 15-17, 19, 21, 23, 25-27, 30 entry H          line    70 file /home/alia/anaconda3/envs/mddemo/share/psi4/basis/jun-cc-pvdz-jkfit.gbs 
    atoms 5, 7, 11, 18, 20, 24, 28                       entry C          line   146 file /home/alia/anaconda3/envs/mddemo/share/psi4/basis/jun-cc-pvdz-jkfit.gbs 
    atoms 12, 22, 29                                     entry O          line   258 file /home/alia/anaconda3/envs/mddemo/share/psi4/basis/jun-cc-pvdz-jkfit.gbs 

  ==> Integral Setup <==

  ==> DiskDFJK: Density-Fitted J/K Matrices <==

    J tasked:                  Yes
    K tasked:                  Yes
    wK tasked:                  No
    OpenMP threads:             32
    Integrals threads:          32
    Memory [MiB]:            57220
    Algorithm:                Core
    Integral Cache:           SAVE
    Schwarz Cutoff:          1E-12
    Fitting Condition:       1E-10

   => Auxiliary Basis Set <=

  Basis Set: (JUN-CC-PVDZ AUX)
    Blend: JUN-CC-PVDZ-JKFIT
    Number of shells: 486
    Number of basis functions: 1362
    Number of Cartesian functions: 1542
    Spherical Harmonics?: true
    Max angular momentum: 3

  Minimum eigenvalue in the overlap matrix is 4.4556386931E-05.
  Reciprocal condition number of the overlap matrix is 3.8907381089E-06.
    Using symmetric orthogonalization.

  ==> Pre-Iterations <==

  SCF Guess: Superposition of Atomic Densities via on-the-fly atomic UHF (no occupation information).

   -------------------------
    Irrep   Nso     Nmo    
   -------------------------
     A        306     306 
   -------------------------
    Total     306     306
   -------------------------

  ==> Iterations <==

                           Total Energy        Delta E     RMS |[F,P]|

   @DF-RHF iter SAD:  -607.24327203124994   -6.07243e+02   0.00000e+00 
   @DF-RHF iter   1:  -607.94277802820352   -6.99506e-01   2.81196e-03 DIIS
   @DF-RHF iter   2:  -608.26186032963983   -3.19082e-01   1.77514e-03 DIIS
   @DF-RHF iter   3:  -608.37185707927767   -1.09997e-01   3.86340e-04 DIIS
   @DF-RHF iter   4:  -608.38045358425666   -8.59650e-03   1.41136e-04 DIIS
   @DF-RHF iter   5:  -608.38163752055982   -1.18394e-03   3.38879e-05 DIIS
   @DF-RHF iter   6:  -608.38175976866307   -1.22248e-04   1.68686e-05 DIIS
   @DF-RHF iter   7:  -608.38178767145166   -2.79028e-05   7.24606e-06 DIIS
   @DF-RHF iter   8:  -608.38179429796014   -6.62651e-06   2.86628e-06 DIIS
   @DF-RHF iter   9:  -608.38179538660813   -1.08865e-06   8.83662e-07 DIIS
   @DF-RHF iter  10:  -608.38179551693861   -1.30330e-07   4.02888e-07 DIIS
   @DF-RHF iter  11:  -608.38179554743169   -3.04931e-08   2.29863e-07 DIIS
   @DF-RHF iter  12:  -608.38179555930458   -1.18729e-08   1.21289e-07 DIIS
   @DF-RHF iter  13:  -608.38179556370403   -4.39945e-09   5.34718e-08 DIIS
   @DF-RHF iter  14:  -608.38179556458022   -8.76184e-10   1.60512e-08 DIIS
   @DF-RHF iter  15:  -608.38179556462876   -4.85443e-11   4.50218e-09 DIIS
  Energy and wave function converged.


  ==> Post-Iterations <==

    Orbital Energies [Eh]
    ---------------------

    Doubly Occupied:                                                      

       1A    -20.837181     2A    -20.802684     3A    -20.797320  
       4A    -16.011638     5A    -16.008876     6A    -11.608387  
       7A    -11.584847     8A    -11.573576     9A    -11.555651  
      10A    -11.533580    11A    -11.505789    12A    -11.441732  
      13A     -1.653660    14A     -1.633750    15A     -1.592638  
      16A     -1.589352    17A     -1.561380    18A     -1.307413  
      19A     -1.301484    20A     -1.222242    21A     -1.178361  
      22A     -1.090747    23A     -1.080437    24A     -1.058641  
      25A     -1.030402    26A     -1.028673    27A     -0.994166  
      28A     -0.975920    29A     -0.970957    30A     -0.953378  
      31A     -0.905143    32A     -0.900981    33A     -0.870652  
      34A     -0.864889    35A     -0.852292    36A     -0.833362  
      37A     -0.826023    38A     -0.820172    39A     -0.808185  
      40A     -0.768744    41A     -0.761948    42A     -0.760711  
      43A     -0.754034    44A     -0.732376    45A     -0.709203  
      46A     -0.682347    47A     -0.682022    48A     -0.650925  

    Virtual:                                                              

      49A     -0.206571    50A     -0.196958    51A     -0.157631  
      52A     -0.149336    53A     -0.137997    54A     -0.133400  
      55A     -0.122543    56A     -0.119757    57A     -0.113151  
      58A     -0.109272    59A     -0.106688    60A     -0.093144  
      61A     -0.090629    62A     -0.085910    63A     -0.080394  
      64A     -0.076518    65A     -0.072566    66A     -0.069182  
      67A     -0.065197    68A     -0.064050    69A     -0.056517  
      70A     -0.052698    71A     -0.041562    72A     -0.039194  
      73A     -0.031930    74A     -0.027764    75A     -0.027103  
      76A     -0.022000    77A     -0.021195    78A     -0.015025  
      79A     -0.009284    80A     -0.003230    81A      0.000007  
      82A      0.013374    83A      0.015059    84A      0.028099  
      85A      0.034277    86A      0.039031    87A      0.041669  
      88A      0.046794    89A      0.053004    90A      0.057012  
      91A      0.073654    92A      0.078264    93A      0.088055  
      94A      0.094318    95A      0.099233    96A      0.105358  
      97A      0.106358    98A      0.110316    99A      0.118419  
     100A      0.128340   101A      0.129865   102A      0.136352  
     103A      0.140374   104A      0.146925   105A      0.150023  
     106A      0.166571   107A      0.167410   108A      0.174698  
     109A      0.183880   110A      0.186535   111A      0.195137  
     112A      0.197583   113A      0.207075   114A      0.213644  
     115A      0.219602   116A      0.228019   117A      0.235439  
     118A      0.249373   119A      0.255893   120A      0.279343  
     121A      0.286353   122A      0.288725   123A      0.314713  
     124A      0.335963   125A      0.355693   126A      0.379949  
     127A      0.437458   128A      0.462213   129A      0.464615  
     130A      0.507692   131A      0.510519   132A      0.514283  
     133A      0.524603   134A      0.535497   135A      0.553622  
     136A      0.557081   137A      0.563780   138A      0.577167  
     139A      0.584485   140A      0.603457   141A      0.611754  
     142A      0.616474   143A      0.618749   144A      0.626130  
     145A      0.641073   146A      0.660180   147A      0.661866  
     148A      0.662851   149A      0.687721   150A      0.695387  
     151A      0.707534   152A      0.715688   153A      0.719554  
     154A      0.725798   155A      0.738855   156A      0.739494  
     157A      0.744306   158A      0.751541   159A      0.761670  
     160A      0.774583   161A      0.779442   162A      0.783401  
     163A      0.792978   164A      0.801158   165A      0.806195  
     166A      0.810577   167A      0.840260   168A      0.860641  
     169A      0.864232   170A      0.871091   171A      0.883795  
     172A      0.898107   173A      0.937015   174A      0.947459  
     175A      0.970440   176A      1.033813   177A      1.061595  
     178A      1.066110   179A      1.114299   180A      1.121937  
     181A      1.132374   182A      1.147489   183A      1.160498  
     184A      1.178724   185A      1.189371   186A      1.212597  
     187A      1.221331   188A      1.239331   189A      1.261828  
     190A      1.271586   191A      1.277436   192A      1.284084  
     193A      1.287511   194A      1.297712   195A      1.309527  
     196A      1.316782   197A      1.323829   198A      1.331487  
     199A      1.343557   200A      1.350260   201A      1.376358  
     202A      1.395745   203A      1.403197   204A      1.406337  
     205A      1.423961   206A      1.459179   207A      1.471427  
     208A      1.490767   209A      1.514644   210A      1.547824  
     211A      1.573741   212A      1.578688   213A      1.591080  
     214A      1.597609   215A      1.614527   216A      1.626418  
     217A      1.642039   218A      1.643560   219A      1.661516  
     220A      1.665039   221A      1.670807   222A      1.687259  
     223A      1.709077   224A      1.725278   225A      1.732088  
     226A      1.740623   227A      1.753479   228A      1.757024  
     229A      1.764414   230A      1.769995   231A      1.771985  
     232A      1.789812   233A      1.801270   234A      1.806118  
     235A      1.811193   236A      1.821561   237A      1.837941  
     238A      1.842014   239A      1.866427   240A      1.872604  
     241A      1.887817   242A      1.908118   243A      1.918086  
     244A      1.929930   245A      1.938318   246A      1.957382  
     247A      1.966584   248A      2.002288   249A      2.051143  
     250A      2.057300   251A      2.072866   252A      2.087852  
     253A      2.101817   254A      2.124232   255A      2.134659  
     256A      2.144833   257A      2.172311   258A      2.177357  
     259A      2.187353   260A      2.228494   261A      2.231344  
     262A      2.257360   263A      2.285974   264A      2.321256  
     265A      2.328932   266A      2.362059   267A      2.371313  
     268A      2.374541   269A      2.399602   270A      2.400723  
     271A      2.409612   272A      2.462929   273A      2.473549  
     274A      2.498761   275A      2.522544   276A      2.538848  
     277A      2.570558   278A      2.605683   279A      2.630037  
     280A      2.657694   281A      2.664029   282A      2.664282  
     283A      2.695155   284A      2.719054   285A      2.723645  
     286A      2.740433   287A      2.750025   288A      2.809908  
     289A      2.845241   290A      2.847946   291A      2.881866  
     292A      2.910693   293A      2.960879   294A      3.037934  
     295A      3.088692   296A      3.108219   297A      3.190320  
     298A      3.192219   299A      3.242935   300A      3.276845  
     301A      3.447156   302A      3.457989   303A      3.526044  
     304A      3.692436   305A      3.784071   306A      3.871705  

    Final Occupation by Irrep:
              A 
    DOCC [    48 ]

  @DF-RHF Final Energy:  -608.38179556462876

   => Energetics <=

    Nuclear Repulsion Energy =            660.9632045557425499
    One-Electron Energy =               -2115.3522548572150299
    Two-Electron Energy =                 846.0072547368437199
    Total Energy =                       -608.3817955646287601

Computation Completed


Properties will be evaluated at   0.000000,   0.000000,   0.000000 [a0]

Properties computed using the SCF density matrix

  Nuclear Dipole Moment: [e a0]
     X:    11.3634      Y:   -12.0663      Z:     5.7961

  Electronic Dipole Moment: [e a0]
     X:    -7.0207      Y:     4.3994      Z:    -7.2274

  Dipole Moment: [e a0]
     X:     4.3428      Y:    -7.6669      Z:    -1.4313     Total:     8.9269

  Dipole Moment: [D]
     X:    11.0383      Y:   -19.4874      Z:    -3.6380     Total:    22.6900


*** tstop() called on aliaconda at Sun Mar 20 05:00:49 2022
Module time:
	user time   =     327.84 seconds =       5.46 minutes
	system time =      38.22 seconds =       0.64 minutes
	total time  =         15 seconds =       0.25 minutes
Total time:
	user time   =   33786.20 seconds =     563.10 minutes
	system time =    4644.05 seconds =      77.40 minutes
	total time  =       2232 seconds =      37.20 minutes

  //>>>>>>>>>>>>>>>>>>>>>>>>>>>>>>>>>>>//
  //            Monomer A HF           //
  //<<<<<<<<<<<<<<<<<<<<<<<<<<<<<<<<<<<//


*** tstart() called on aliaconda
*** at Sun Mar 20 05:00:49 2022

   => Loading Basis Set <=

    Name: JUN-CC-PVDZ
    Role: ORBITAL
    Keyword: BASIS
    atoms 1, 14                                          entry N          line   198 file /home/alia/anaconda3/envs/mddemo/share/psi4/basis/jun-cc-pvdz.gbs 
    atoms 2-4, 6, 8-10, 13, 15-17, 19, 21, 23, 25-27, 30 entry H          line    36 file /home/alia/anaconda3/envs/mddemo/share/psi4/basis/jun-cc-pvdz.gbs 
    atoms 5, 7, 11, 18, 20, 24, 28                       entry C          line   164 file /home/alia/anaconda3/envs/mddemo/share/psi4/basis/jun-cc-pvdz.gbs 
    atoms 12, 22, 29                                     entry O          line   232 file /home/alia/anaconda3/envs/mddemo/share/psi4/basis/jun-cc-pvdz.gbs 


         ---------------------------------------------------------
                                   SCF
               by Justin Turney, Rob Parrish, Andy Simmonett
                          and Daniel G. A. Smith
                              RHF Reference
                       32 Threads,  76293 MiB Core
         ---------------------------------------------------------

  ==> Geometry <==

    Molecular point group: c1
    Full point group: C1

    Geometry (in Angstrom), charge = 1, multiplicity = 1:

       Center              X                  Y                   Z               Mass       
    ------------   -----------------  -----------------  -----------------  -----------------
         N            0.959660335756    -5.885332474177    -1.541649982860    14.003074004430
         H            0.115660473085    -6.318332561915    -0.799649879863     1.007825032230
         H            0.486660286165    -6.117332586711    -2.623649761608     1.007825032230
         H            1.740660234666    -6.466332563823    -1.437649891307     1.007825032230
         C            1.176660343385    -4.475332626765    -1.469649956157    12.000000000000
         H            0.319660469270    -4.147332558101    -0.830649540355     1.007825032230
         C            2.530660434938    -4.066332706874    -0.779649898937    12.000000000000
         H            3.427660390115    -4.426332363551    -1.253649876049     1.007825032230
         H            2.713660284257    -4.514332661097     0.274350478718     1.007825032230
         H            2.694660230852    -3.007332691615    -0.666649982860     1.007825032230
         C            0.853660389161    -3.595332512324    -2.745649979046    12.000000000000
         O           -0.164339736724    -2.921332725947    -2.806649849346    15.994914619570
         H            1.557043358064    -3.590376266902    -3.591361210277     1.007825032230
      Gh(N)           0.518660351014     2.136667361791     0.424350097248    14.003074004430
      Gh(H)           0.628660484529     0.951667895848     0.248350455830     1.007825032230
      Gh(H)           0.618660255647     2.534667125280    -0.706649944713     1.007825032230
      Gh(H)           1.309660240388     2.479667773778     0.951350047657     1.007825032230
      Gh(C)          -0.797339633727     2.511667361791     1.009350612233    12.000000000000
      Gh(H)          -1.394339755797     1.666667094762     1.125349834034     1.007825032230
      Gh(C)          -0.772339538359     3.196667781407     2.370350673268    12.000000000000
      Gh(H)          -1.796339706206     3.348667254979     2.828349902699     1.007825032230
      Gh(O)          -0.115339473509     4.478667369420     2.322350337574    15.994914619570
      Gh(H)           0.795660301423     4.266667476232     1.962350680897     1.007825032230
      Gh(C)          -0.137339786315     2.367667308385     3.438350513050    12.000000000000
      Gh(H)           0.896660133577     2.128666987950     3.286350085804     1.007825032230
      Gh(H)          -0.663339809203     1.414667239720     3.523350551197     1.007825032230
      Gh(H)          -0.247339442992     2.770667186315     4.468350246022     1.007825032230
      Gh(C)          -1.577339843535     3.314667811925    -0.029649898937    12.000000000000
      Gh(O)          -2.737339690947     3.097667804296    -0.272649929454    15.994914619570
      Gh(H)          -1.062158302092     4.119092097814    -0.575075790813     1.007825032230

  Running in c1 symmetry.

  Rotational constants: A =      0.03881  B =      0.00545  C =      0.00504 [cm^-1]
  Rotational constants: A =   1163.49190  B =    163.51354  C =    151.15178 [MHz]
  Nuclear repulsion =  181.414517245463799

  Charge       = 1
  Multiplicity = 1
  Electrons    = 40
  Nalpha       = 20
  Nbeta        = 20

  ==> Algorithm <==

  SCF Algorithm Type is DF.
  DIIS enabled.
  MOM disabled.
  Fractional occupation disabled.
  Guess Type is SAD.
  Energy threshold   = 1.00e-08
  Density threshold  = 1.00e-08
  Integral threshold = 1.00e-12

  ==> Primary Basis <==

  Basis Set: JUN-CC-PVDZ
    Blend: JUN-CC-PVDZ
    Number of shells: 150
    Number of basis functions: 306
    Number of Cartesian functions: 318
    Spherical Harmonics?: true
    Max angular momentum: 2

   => Loading Basis Set <=

    Name: (JUN-CC-PVDZ AUX)
    Role: JKFIT
    Keyword: DF_BASIS_SCF
    atoms 1, 14                                          entry N          line   202 file /home/alia/anaconda3/envs/mddemo/share/psi4/basis/jun-cc-pvdz-jkfit.gbs 
    atoms 2-4, 6, 8-10, 13, 15-17, 19, 21, 23, 25-27, 30 entry H          line    70 file /home/alia/anaconda3/envs/mddemo/share/psi4/basis/jun-cc-pvdz-jkfit.gbs 
    atoms 5, 7, 11, 18, 20, 24, 28                       entry C          line   146 file /home/alia/anaconda3/envs/mddemo/share/psi4/basis/jun-cc-pvdz-jkfit.gbs 
    atoms 12, 22, 29                                     entry O          line   258 file /home/alia/anaconda3/envs/mddemo/share/psi4/basis/jun-cc-pvdz-jkfit.gbs 

  ==> Integral Setup <==

  ==> DiskDFJK: Density-Fitted J/K Matrices <==

    J tasked:                  Yes
    K tasked:                  Yes
    wK tasked:                  No
    OpenMP threads:             32
    Integrals threads:          32
    Memory [MiB]:            57220
    Algorithm:                Core
    Integral Cache:           LOAD
    Schwarz Cutoff:          1E-12
    Fitting Condition:       1E-10

   => Auxiliary Basis Set <=

  Basis Set: (JUN-CC-PVDZ AUX)
    Blend: JUN-CC-PVDZ-JKFIT
    Number of shells: 486
    Number of basis functions: 1362
    Number of Cartesian functions: 1542
    Spherical Harmonics?: true
    Max angular momentum: 3

  Minimum eigenvalue in the overlap matrix is 4.4556386931E-05.
  Reciprocal condition number of the overlap matrix is 3.8907381089E-06.
    Using symmetric orthogonalization.

  ==> Pre-Iterations <==

  SCF Guess: Superposition of Atomic Densities via on-the-fly atomic UHF (no occupation information).

   -------------------------
    Irrep   Nso     Nmo    
   -------------------------
     A        306     306 
   -------------------------
    Total     306     306
   -------------------------

  ==> Iterations <==

                           Total Energy        Delta E     RMS |[F,P]|

   @DF-RHF iter SAD:  -246.62124985218884   -2.46621e+02   0.00000e+00 
   @DF-RHF iter   1:  -247.09682395735723   -4.75574e-01   1.75975e-03 DIIS
   @DF-RHF iter   2:  -247.22253843600487   -1.25714e-01   1.14531e-03 DIIS
   @DF-RHF iter   3:  -247.26835000218915   -4.58116e-02   2.48970e-04 DIIS
   @DF-RHF iter   4:  -247.27203864305281   -3.68864e-03   8.90160e-05 DIIS
   @DF-RHF iter   5:  -247.27254263092786   -5.03988e-04   2.14299e-05 DIIS
   @DF-RHF iter   6:  -247.27260214346373   -5.95125e-05   9.51992e-06 DIIS
   @DF-RHF iter   7:  -247.27261248132854   -1.03379e-05   4.55973e-06 DIIS
   @DF-RHF iter   8:  -247.27261508882273   -2.60749e-06   1.46497e-06 DIIS
   @DF-RHF iter   9:  -247.27261539293460   -3.04112e-07   4.28505e-07 DIIS
   @DF-RHF iter  10:  -247.27261542225932   -2.93247e-08   2.00033e-07 DIIS
   @DF-RHF iter  11:  -247.27261543355723   -1.12979e-08   1.01005e-07 DIIS
   @DF-RHF iter  12:  -247.27261543731697   -3.75974e-09   4.50229e-08 DIIS
   @DF-RHF iter  13:  -247.27261543804963   -7.32655e-10   1.21477e-08 DIIS
   @DF-RHF iter  14:  -247.27261543807941   -2.97860e-11   2.98793e-09 DIIS
  Energy and wave function converged.


  ==> Post-Iterations <==

    Orbital Energies [Eh]
    ---------------------

    Doubly Occupied:                                                      

       1A    -20.756942     2A    -15.941059     3A    -11.528511  
       4A    -11.507209     5A    -11.426420     6A     -1.572659  
       7A     -1.519432     8A     -1.224849     9A     -1.101155  
      10A     -1.014523    11A     -0.958769    12A     -0.923111  
      13A     -0.894784    14A     -0.820455    15A     -0.775003  
      16A     -0.741381    17A     -0.728140    18A     -0.687357  
      19A     -0.683072    20A     -0.602730  

    Virtual:                                                              

      21A     -0.133164    22A     -0.080402    23A     -0.066559  
      24A     -0.051110    25A     -0.049333    26A     -0.040308  
      27A     -0.030300    28A     -0.019222    29A     -0.013154  
      30A     -0.010654    31A     -0.005519    32A     -0.002636  
      33A      0.004916    34A      0.013148    35A      0.025215  
      36A      0.029173    37A      0.031133    38A      0.033964  
      39A      0.042471    40A      0.048960    41A      0.050427  
      42A      0.052999    43A      0.057184    44A      0.066737  
      45A      0.081004    46A      0.084279    47A      0.089010  
      48A      0.093781    49A      0.099265    50A      0.103357  
      51A      0.109292    52A      0.115463    53A      0.121767  
      54A      0.128835    55A      0.133807    56A      0.151103  
      57A      0.154612    58A      0.156807    59A      0.157775  
      60A      0.163834    61A      0.167578    62A      0.171006  
      63A      0.175639    64A      0.182212    65A      0.192177  
      66A      0.194257    67A      0.209746    68A      0.213120  
      69A      0.217936    70A      0.234927    71A      0.237649  
      72A      0.244111    73A      0.249917    74A      0.258320  
      75A      0.270575    76A      0.272986    77A      0.278828  
      78A      0.288779    79A      0.295061    80A      0.311402  
      81A      0.314412    82A      0.327296    83A      0.332189  
      84A      0.350637    85A      0.368788    86A      0.380469  
      87A      0.385544    88A      0.399198    89A      0.412198  
      90A      0.432664    91A      0.443477    92A      0.450729  
      93A      0.462425    94A      0.482339    95A      0.507486  
      96A      0.517162    97A      0.539741    98A      0.549663  
      99A      0.565309   100A      0.573085   101A      0.578852  
     102A      0.585091   103A      0.588247   104A      0.591445  
     105A      0.603249   106A      0.616012   107A      0.637840  
     108A      0.648388   109A      0.655410   110A      0.660491  
     111A      0.678885   112A      0.688579   113A      0.690968  
     114A      0.715829   115A      0.717567   116A      0.721338  
     117A      0.737234   118A      0.740492   119A      0.753566  
     120A      0.766400   121A      0.790943   122A      0.814714  
     123A      0.817980   124A      0.833226   125A      0.834548  
     126A      0.843877   127A      0.849564   128A      0.855940  
     129A      0.881760   130A      0.886058   131A      0.925238  
     132A      0.932769   133A      0.939561   134A      0.949034  
     135A      0.966958   136A      0.988377   137A      0.998934  
     138A      1.025923   139A      1.046260   140A      1.111151  
     141A      1.124107   142A      1.142479   143A      1.191793  
     144A      1.207820   145A      1.218436   146A      1.236228  
     147A      1.315758   148A      1.342622   149A      1.350801  
     150A      1.367891   151A      1.395833   152A      1.417801  
     153A      1.479169   154A      1.482328   155A      1.506388  
     156A      1.529225   157A      1.539392   158A      1.560014  
     159A      1.589878   160A      1.608068   161A      1.627236  
     162A      1.651508   163A      1.654412   164A      1.671395  
     165A      1.678730   166A      1.680761   167A      1.702819  
     168A      1.718260   169A      1.720978   170A      1.732240  
     171A      1.737651   172A      1.743307   173A      1.763433  
     174A      1.786225   175A      1.803753   176A      1.817302  
     177A      1.826783   178A      1.834172   179A      1.842890  
     180A      1.847437   181A      1.864730   182A      1.867887  
     183A      1.876748   184A      1.883945   185A      1.893433  
     186A      1.912021   187A      1.915352   188A      1.931645  
     189A      1.945735   190A      1.964505   191A      1.980645  
     192A      1.998002   193A      2.007613   194A      2.011587  
     195A      2.014888   196A      2.025840   197A      2.039002  
     198A      2.042159   199A      2.044930   200A      2.061095  
     201A      2.087098   202A      2.126398   203A      2.130173  
     204A      2.137596   205A      2.165617   206A      2.169520  
     207A      2.187038   208A      2.196945   209A      2.208340  
     210A      2.211012   211A      2.240650   212A      2.248254  
     213A      2.254463   214A      2.259086   215A      2.308423  
     216A      2.318998   217A      2.333712   218A      2.364226  
     219A      2.367039   220A      2.402880   221A      2.405172  
     222A      2.433198   223A      2.442419   224A      2.445405  
     225A      2.474014   226A      2.475953   227A      2.513859  
     228A      2.522639   229A      2.536062   230A      2.546504  
     231A      2.576400   232A      2.582593   233A      2.618169  
     234A      2.619328   235A      2.632151   236A      2.643923  
     237A      2.655788   238A      2.722460   239A      2.730859  
     240A      2.742139   241A      2.745330   242A      2.772008  
     243A      2.788613   244A      2.795276   245A      2.821505  
     246A      2.867286   247A      2.888950   248A      2.890240  
     249A      2.916320   250A      2.951099   251A      2.961860  
     252A      2.987836   253A      2.990007   254A      3.031279  
     255A      3.116761   256A      3.151064   257A      3.179199  
     258A      3.202634   259A      3.271943   260A      3.280687  
     261A      3.316780   262A      3.408516   263A      3.506275  
     264A      3.522627   265A      3.528105   266A      3.586117  
     267A      3.621384   268A      3.673652   269A      3.716434  
     270A      3.774034   271A      3.922082   272A      3.949340  
     273A      4.039357   274A      4.194326   275A      4.208448  
     276A      4.292857   277A      4.444791   278A      4.490563  
     279A      4.584150   280A      4.661235   281A      4.701172  
     282A      4.708244   283A      4.771008   284A      4.820790  
     285A      4.856949   286A      4.918117   287A      5.005796  
     288A      5.031350   289A      5.126435   290A      5.227590  
     291A      5.313140   292A      5.506384   293A      5.572934  
     294A      5.650645   295A      5.784597   296A      5.802668  
     297A      5.982980   298A      6.560607   299A      6.806350  
     300A     18.133793   301A     18.306493   302A     18.472693  
     303A     18.613050   304A     25.318874   305A     33.446830  
     306A     33.459743  

    Final Occupation by Irrep:
              A 
    DOCC [    20 ]

  @DF-RHF Final Energy:  -247.27261543807941

   => Energetics <=

    Nuclear Repulsion Energy =            181.4145172454637986
    One-Electron Energy =                -686.5591434675910705
    Two-Electron Energy =                 257.8720107840478590
    Total Energy =                       -247.2726154380794128

Computation Completed


Properties will be evaluated at   0.000000,   0.000000,   0.000000 [a0]

Properties computed using the SCF density matrix

  Nuclear Dipole Moment: [e a0]
     X:    86.5957      Y:  -332.5496      Z:  -140.1106

  Electronic Dipole Moment: [e a0]
     X:   -83.8493      Y:   321.3683      Z:   137.3171

  Dipole Moment: [e a0]
     X:     2.7463      Y:   -11.1814      Z:    -2.7935     Total:    11.8477

  Dipole Moment: [D]
     X:     6.9805      Y:   -28.4202      Z:    -7.1004     Total:    30.1139


*** tstop() called on aliaconda at Sun Mar 20 05:00:58 2022
Module time:
	user time   =     180.61 seconds =       3.01 minutes
	system time =      15.27 seconds =       0.25 minutes
	total time  =          9 seconds =       0.15 minutes
Total time:
	user time   =   33966.96 seconds =     566.12 minutes
	system time =    4659.34 seconds =      77.66 minutes
	total time  =       2241 seconds =      37.35 minutes

  //>>>>>>>>>>>>>>>>>>>>>>>>>>>>>>>>>>>//
  //            Monomer B HF           //
  //<<<<<<<<<<<<<<<<<<<<<<<<<<<<<<<<<<<//


*** tstart() called on aliaconda
*** at Sun Mar 20 05:00:58 2022

   => Loading Basis Set <=

    Name: JUN-CC-PVDZ
    Role: ORBITAL
    Keyword: BASIS
    atoms 1, 14                                          entry N          line   198 file /home/alia/anaconda3/envs/mddemo/share/psi4/basis/jun-cc-pvdz.gbs 
    atoms 2-4, 6, 8-10, 13, 15-17, 19, 21, 23, 25-27, 30 entry H          line    36 file /home/alia/anaconda3/envs/mddemo/share/psi4/basis/jun-cc-pvdz.gbs 
    atoms 5, 7, 11, 18, 20, 24, 28                       entry C          line   164 file /home/alia/anaconda3/envs/mddemo/share/psi4/basis/jun-cc-pvdz.gbs 
    atoms 12, 22, 29                                     entry O          line   232 file /home/alia/anaconda3/envs/mddemo/share/psi4/basis/jun-cc-pvdz.gbs 


         ---------------------------------------------------------
                                   SCF
               by Justin Turney, Rob Parrish, Andy Simmonett
                          and Daniel G. A. Smith
                              RHF Reference
                       32 Threads,  76293 MiB Core
         ---------------------------------------------------------

  ==> Geometry <==

    Molecular point group: c1
    Full point group: C1

    Geometry (in Angstrom), charge = 1, multiplicity = 1:

       Center              X                  Y                   Z               Mass       
    ------------   -----------------  -----------------  -----------------  -----------------
      Gh(N)           0.959660335756    -5.885332474177    -1.541649982860    14.003074004430
      Gh(H)           0.115660473085    -6.318332561915    -0.799649879863     1.007825032230
      Gh(H)           0.486660286165    -6.117332586711    -2.623649761608     1.007825032230
      Gh(H)           1.740660234666    -6.466332563823    -1.437649891307     1.007825032230
      Gh(C)           1.176660343385    -4.475332626765    -1.469649956157    12.000000000000
      Gh(H)           0.319660469270    -4.147332558101    -0.830649540355     1.007825032230
      Gh(C)           2.530660434938    -4.066332706874    -0.779649898937    12.000000000000
      Gh(H)           3.427660390115    -4.426332363551    -1.253649876049     1.007825032230
      Gh(H)           2.713660284257    -4.514332661097     0.274350478718     1.007825032230
      Gh(H)           2.694660230852    -3.007332691615    -0.666649982860     1.007825032230
      Gh(C)           0.853660389161    -3.595332512324    -2.745649979046    12.000000000000
      Gh(O)          -0.164339736724    -2.921332725947    -2.806649849346    15.994914619570
      Gh(H)           1.557043358064    -3.590376266902    -3.591361210277     1.007825032230
         N            0.518660351014     2.136667361791     0.424350097248    14.003074004430
         H            0.628660484529     0.951667895848     0.248350455830     1.007825032230
         H            0.618660255647     2.534667125280    -0.706649944713     1.007825032230
         H            1.309660240388     2.479667773778     0.951350047657     1.007825032230
         C           -0.797339633727     2.511667361791     1.009350612233    12.000000000000
         H           -1.394339755797     1.666667094762     1.125349834034     1.007825032230
         C           -0.772339538359     3.196667781407     2.370350673268    12.000000000000
         H           -1.796339706206     3.348667254979     2.828349902699     1.007825032230
         O           -0.115339473509     4.478667369420     2.322350337574    15.994914619570
         H            0.795660301423     4.266667476232     1.962350680897     1.007825032230
         C           -0.137339786315     2.367667308385     3.438350513050    12.000000000000
         H            0.896660133577     2.128666987950     3.286350085804     1.007825032230
         H           -0.663339809203     1.414667239720     3.523350551197     1.007825032230
         H           -0.247339442992     2.770667186315     4.468350246022     1.007825032230
         C           -1.577339843535     3.314667811925    -0.029649898937    12.000000000000
         O           -2.737339690947     3.097667804296    -0.272649929454    15.994914619570
         H           -1.062158302092     4.119092097814    -0.575075790813     1.007825032230

  Running in c1 symmetry.

  Rotational constants: A =      0.03881  B =      0.00545  C =      0.00504 [cm^-1]
  Rotational constants: A =   1163.49190  B =    163.51354  C =    151.15178 [MHz]
  Nuclear repulsion =  329.320974214311207

  Charge       = 1
  Multiplicity = 1
  Electrons    = 56
  Nalpha       = 28
  Nbeta        = 28

  ==> Algorithm <==

  SCF Algorithm Type is DF.
  DIIS enabled.
  MOM disabled.
  Fractional occupation disabled.
  Guess Type is SAD.
  Energy threshold   = 1.00e-08
  Density threshold  = 1.00e-08
  Integral threshold = 1.00e-12

  ==> Primary Basis <==

  Basis Set: JUN-CC-PVDZ
    Blend: JUN-CC-PVDZ
    Number of shells: 150
    Number of basis functions: 306
    Number of Cartesian functions: 318
    Spherical Harmonics?: true
    Max angular momentum: 2

   => Loading Basis Set <=

    Name: (JUN-CC-PVDZ AUX)
    Role: JKFIT
    Keyword: DF_BASIS_SCF
    atoms 1, 14                                          entry N          line   202 file /home/alia/anaconda3/envs/mddemo/share/psi4/basis/jun-cc-pvdz-jkfit.gbs 
    atoms 2-4, 6, 8-10, 13, 15-17, 19, 21, 23, 25-27, 30 entry H          line    70 file /home/alia/anaconda3/envs/mddemo/share/psi4/basis/jun-cc-pvdz-jkfit.gbs 
    atoms 5, 7, 11, 18, 20, 24, 28                       entry C          line   146 file /home/alia/anaconda3/envs/mddemo/share/psi4/basis/jun-cc-pvdz-jkfit.gbs 
    atoms 12, 22, 29                                     entry O          line   258 file /home/alia/anaconda3/envs/mddemo/share/psi4/basis/jun-cc-pvdz-jkfit.gbs 

  ==> Integral Setup <==

  ==> DiskDFJK: Density-Fitted J/K Matrices <==

    J tasked:                  Yes
    K tasked:                  Yes
    wK tasked:                  No
    OpenMP threads:             32
    Integrals threads:          32
    Memory [MiB]:            57220
    Algorithm:                Core
    Integral Cache:           LOAD
    Schwarz Cutoff:          1E-12
    Fitting Condition:       1E-10

   => Auxiliary Basis Set <=

  Basis Set: (JUN-CC-PVDZ AUX)
    Blend: JUN-CC-PVDZ-JKFIT
    Number of shells: 486
    Number of basis functions: 1362
    Number of Cartesian functions: 1542
    Spherical Harmonics?: true
    Max angular momentum: 3

  Minimum eigenvalue in the overlap matrix is 4.4556386931E-05.
  Reciprocal condition number of the overlap matrix is 3.8907381089E-06.
    Using symmetric orthogonalization.

  ==> Pre-Iterations <==

  SCF Guess: Superposition of Atomic Densities via on-the-fly atomic UHF (no occupation information).

   -------------------------
    Irrep   Nso     Nmo    
   -------------------------
     A        306     306 
   -------------------------
    Total     306     306
   -------------------------

  ==> Iterations <==

                           Total Energy        Delta E     RMS |[F,P]|

   @DF-RHF iter SAD:  -360.62191140888979   -3.60622e+02   0.00000e+00 
   @DF-RHF iter   1:  -360.90774546989928   -2.85834e-01   2.20028e-03 DIIS
   @DF-RHF iter   2:  -361.10185169496401   -1.94106e-01   1.36785e-03 DIIS
   @DF-RHF iter   3:  -361.16715459461847   -6.53029e-02   2.95144e-04 DIIS
   @DF-RHF iter   4:  -361.17208243195375   -4.92784e-03   1.08651e-04 DIIS
   @DF-RHF iter   5:  -361.17276515711984   -6.82725e-04   2.62763e-05 DIIS
   @DF-RHF iter   6:  -361.17283264147864   -6.74844e-05   1.28033e-05 DIIS
   @DF-RHF iter   7:  -361.17284857528705   -1.59338e-05   5.22124e-06 DIIS
   @DF-RHF iter   8:  -361.17285204283309   -3.46755e-06   2.16215e-06 DIIS
   @DF-RHF iter   9:  -361.17285267269517   -6.29862e-07   6.56086e-07 DIIS
   @DF-RHF iter  10:  -361.17285275245837   -7.97632e-08   2.68039e-07 DIIS
   @DF-RHF iter  11:  -361.17285277075871   -1.83003e-08   1.31873e-07 DIIS
   @DF-RHF iter  12:  -361.17285277594874   -5.19003e-09   6.68934e-08 DIIS
   @DF-RHF iter  13:  -361.17285277740450   -1.45576e-09   2.68402e-08 DIIS
   @DF-RHF iter  14:  -361.17285277756918   -1.64675e-10   7.71707e-09 DIIS
  Energy and wave function converged.


  ==> Post-Iterations <==

    Orbital Energies [Eh]
    ---------------------

    Doubly Occupied:                                                      

       1A    -20.750327     2A    -20.747119     3A    -15.951326  
       4A    -11.521334     5A    -11.500347     6A    -11.481547  
       7A    -11.388246     8A     -1.581472     9A     -1.540767  
      10A     -1.504063    11A     -1.252847    12A     -1.168246  
      13A     -1.026629    14A     -1.003323    15A     -0.973379  
      16A     -0.918399    17A     -0.897411    18A     -0.852134  
      19A     -0.816928    20A     -0.812985    21A     -0.781037  
      22A     -0.772378    23A     -0.708758    24A     -0.702039  
      25A     -0.679789    26A     -0.657131    27A     -0.630706  
      28A     -0.598667  

    Virtual:                                                              

      29A     -0.138477    30A     -0.089178    31A     -0.074944  
      32A     -0.057413    33A     -0.050696    34A     -0.038665  
      35A     -0.035400    36A     -0.025844    37A     -0.023179  
      38A     -0.018176    39A     -0.012347    40A     -0.005475  
      41A     -0.001424    42A      0.001326    43A      0.007069  
      44A      0.019889    45A      0.022774    46A      0.026720  
      47A      0.030649    48A      0.035934    49A      0.039672  
      50A      0.042430    51A      0.048145    52A      0.051474  
      53A      0.055126    54A      0.061091    55A      0.068609  
      56A      0.080131    57A      0.088485    58A      0.092787  
      59A      0.095629    60A      0.098459    61A      0.103366  
      62A      0.115973    63A      0.126179    64A      0.130732  
      65A      0.135200    66A      0.140549    67A      0.146843  
      68A      0.149891    69A      0.155560    70A      0.157266  
      71A      0.168125    72A      0.171563    73A      0.178816  
      74A      0.183256    75A      0.190742    76A      0.195828  
      77A      0.199686    78A      0.202438    79A      0.209919  
      80A      0.216379    81A      0.225579    82A      0.234142  
      83A      0.237534    84A      0.259272    85A      0.268747  
      86A      0.272193    87A      0.274501    88A      0.281109  
      89A      0.286630    90A      0.309328    91A      0.312266  
      92A      0.330024    93A      0.335741    94A      0.338286  
      95A      0.341816    96A      0.348691    97A      0.363503  
      98A      0.368831    99A      0.384082   100A      0.387074  
     101A      0.419273   102A      0.438072   103A      0.450554  
     104A      0.453157   105A      0.491643   106A      0.519453  
     107A      0.520323   108A      0.528462   109A      0.553527  
     110A      0.566565   111A      0.577853   112A      0.590211  
     113A      0.593427   114A      0.609878   115A      0.621128  
     116A      0.633999   117A      0.636687   118A      0.653213  
     119A      0.669203   120A      0.672906   121A      0.683527  
     122A      0.707213   123A      0.712388   124A      0.747083  
     125A      0.750672   126A      0.761859   127A      0.769117  
     128A      0.773729   129A      0.781955   130A      0.788436  
     131A      0.796831   132A      0.803978   133A      0.812306  
     134A      0.836560   135A      0.846948   136A      0.856382  
     137A      0.861628   138A      0.876249   139A      0.892522  
     140A      0.897928   141A      0.919714   142A      0.924998  
     143A      0.938360   144A      0.952586   145A      0.975597  
     146A      0.991028   147A      1.023003   148A      1.118732  
     149A      1.129015   150A      1.174843   151A      1.200104  
     152A      1.233805   153A      1.242704   154A      1.265995  
     155A      1.276967   156A      1.329311   157A      1.337010  
     158A      1.349754   159A      1.365331   160A      1.368136  
     161A      1.382543   162A      1.404437   163A      1.429274  
     164A      1.448837   165A      1.472831   166A      1.474611  
     167A      1.482359   168A      1.523232   169A      1.537718  
     170A      1.544515   171A      1.557412   172A      1.565559  
     173A      1.603043   174A      1.627112   175A      1.639993  
     176A      1.645987   177A      1.665736   178A      1.670099  
     179A      1.683409   180A      1.699466   181A      1.714269  
     182A      1.721557   183A      1.725597   184A      1.740238  
     185A      1.744988   186A      1.763948   187A      1.766670  
     188A      1.785288   189A      1.808325   190A      1.812928  
     191A      1.818991   192A      1.825301   193A      1.854720  
     194A      1.863707   195A      1.866410   196A      1.875225  
     197A      1.877822   198A      1.893161   199A      1.896284  
     200A      1.926745   201A      1.930027   202A      1.940948  
     203A      1.953870   204A      1.973369   205A      1.974140  
     206A      1.982748   207A      1.994646   208A      2.010674  
     209A      2.011752   210A      2.024656   211A      2.048959  
     212A      2.055907   213A      2.090898   214A      2.105295  
     215A      2.106792   216A      2.127644   217A      2.133397  
     218A      2.153759   219A      2.156790   220A      2.180039  
     221A      2.191388   222A      2.198653   223A      2.208001  
     224A      2.225504   225A      2.241700   226A      2.249752  
     227A      2.280705   228A      2.285974   229A      2.299100  
     230A      2.311099   231A      2.352944   232A      2.356504  
     233A      2.373446   234A      2.385448   235A      2.415644  
     236A      2.421405   237A      2.428186   238A      2.456988  
     239A      2.465221   240A      2.506707   241A      2.523848  
     242A      2.526139   243A      2.536370   244A      2.577558  
     245A      2.600906   246A      2.646957   247A      2.659019  
     248A      2.669900   249A      2.683776   250A      2.709126  
     251A      2.713082   252A      2.719877   253A      2.726063  
     254A      2.778037   255A      2.797062   256A      2.803287  
     257A      2.809719   258A      2.839708   259A      2.873827  
     260A      2.900954   261A      2.937981   262A      2.982054  
     263A      3.002782   264A      3.015485   265A      3.038489  
     266A      3.089673   267A      3.093745   268A      3.140865  
     269A      3.204010   270A      3.241281   271A      3.291256  
     272A      3.294925   273A      3.327545   274A      3.421571  
     275A      3.452894   276A      3.508373   277A      3.562430  
     278A      3.578160   279A      3.652364   280A      3.722380  
     281A      3.835897   282A      3.921395   283A      3.925915  
     284A      3.969910   285A      4.135311   286A      4.149411  
     287A      4.262915   288A      4.338393   289A      4.562079  
     290A      4.634646   291A      4.662536   292A      4.805100  
     293A      4.837949   294A      4.937747   295A      5.029570  
     296A      5.181461   297A      5.419761   298A      5.507831  
     299A      5.676804   300A      6.022306   301A      6.641179  
     302A     18.184759   303A     18.343872   304A     18.495390  
     305A     25.328468   306A     33.399722  

    Final Occupation by Irrep:
              A 
    DOCC [    28 ]

  @DF-RHF Final Energy:  -361.17285277756918

   => Energetics <=

    Nuclear Repulsion Energy =            329.3209742143112067
    One-Electron Energy =               -1134.5489709387181847
    Two-Electron Energy =                 444.0551439468377453
    Total Energy =                       -361.1728527775691759

Computation Completed


Properties will be evaluated at   0.000000,   0.000000,   0.000000 [a0]

Properties computed using the SCF density matrix

  Nuclear Dipole Moment: [e a0]
     X:   -75.2322      Y:   320.4833      Z:   145.9068

  Electronic Dipole Moment: [e a0]
     X:    76.8452      Y:  -316.8851      Z:  -144.5255

  Dipole Moment: [e a0]
     X:     1.6129      Y:     3.5983      Z:     1.3813     Total:     4.1782

  Dipole Moment: [D]
     X:     4.0997      Y:     9.1459      Z:     3.5108     Total:    10.6198


*** tstop() called on aliaconda at Sun Mar 20 05:01:08 2022
Module time:
	user time   =     217.11 seconds =       3.62 minutes
	system time =      23.33 seconds =       0.39 minutes
	total time  =         10 seconds =       0.17 minutes
Total time:
	user time   =   34184.17 seconds =     569.74 minutes
	system time =    4682.68 seconds =      78.04 minutes
	total time  =       2251 seconds =      37.52 minutes
  Constructing Basis Sets for SAPT...

   => Loading Basis Set <=

    Name: (JUN-CC-PVDZ AUX)
    Role: RIFIT
    Keyword: DF_BASIS_SAPT
    atoms 1, 14                                          entry N          line   144 file /home/alia/anaconda3/envs/mddemo/share/psi4/basis/jun-cc-pvdz-ri.gbs 
    atoms 2-4, 6, 8-10, 13, 15-17, 19, 21, 23, 25-27, 30 entry H          line    30 file /home/alia/anaconda3/envs/mddemo/share/psi4/basis/jun-cc-pvdz-ri.gbs 
    atoms 5, 7, 11, 18, 20, 24, 28                       entry C          line   100 file /home/alia/anaconda3/envs/mddemo/share/psi4/basis/jun-cc-pvdz-ri.gbs 
    atoms 12, 22, 29                                     entry O          line   188 file /home/alia/anaconda3/envs/mddemo/share/psi4/basis/jun-cc-pvdz-ri.gbs 


  //>>>>>>>>>>>>>>>>>>>>>>>>>>>>>>>>>>>//
  //               SAPT0               //
  //<<<<<<<<<<<<<<<<<<<<<<<<<<<<<<<<<<<//


*** tstart() called on aliaconda
*** at Sun Mar 20 05:01:08 2022

        SAPT0  
    Ed Hohenstein
     6 June 2009

      Orbital Information
  --------------------------
    NSO        =       306
    NMO        =       306
    NRI        =      1032
    NOCC A     =        20
    NOCC B     =        28
    FOCC A     =         0
    FOCC B     =         0
    NVIR A     =       286
    NVIR B     =       278

    Elst10,r            =     0.064715425409 [Eh]
    Exch10              =     0.000000063906 [Eh]
    Exch10 (S^2)        =     0.000000063906 [Eh]

    Iter     Energy [mEh]          dE [mEh]         Residual      Time [s]
       1      -0.71098196       0.710981964       6.645801741             0
       2      -0.71412516       0.003143194       2.580525309             1
       3      -0.76281255       0.048687389       1.077414598             1
       4      -0.78082599       0.018013447       0.272797307             2
       5      -0.77855573      -0.002270268       0.161112557             2
       6      -0.77702742      -0.001528305       0.045794750             3
       7      -0.77738933       0.000361905       0.016436451             3
       8      -0.77750043       0.000111108       0.005651860             4
       9      -0.77746736      -0.000033077       0.003559747             5
      10      -0.77745705      -0.000010306       0.001589069             5
      11      -0.77746541       0.000008362       0.000492617             6
      12      -0.77746638       0.000000963       0.000120805             6
      13      -0.77746570      -0.000000673       0.000029190             7
      14      -0.77746569      -0.000000015       0.000007616             7
      15      -0.77746572       0.000000031       0.000002281             8
      16      -0.77746572       0.000000003       0.000000592             8

    CHF Iterations converged


    Iter     Energy [mEh]          dE [mEh]         Residual      Time [s]
       1      -0.25132717       0.251327174       3.715389393             1
       2      -0.26195628       0.010629104       1.623306666             2
       3      -0.28264698       0.020690701       0.528838998             2
       4      -0.28638326       0.003736281       0.124498163             3
       5      -0.28575977      -0.000623489       0.065299907             3
       6      -0.28539907      -0.000360702       0.019037559             4
       7      -0.28542881       0.000029737       0.009359650             4
       8      -0.28547834       0.000049535       0.002815768             5
       9      -0.28547137      -0.000006970       0.001225312             5
      10      -0.28546747      -0.000003897       0.000530142             6
      11      -0.28546874       0.000001269       0.000292844             7
      12      -0.28546934       0.000000592       0.000119186             7
      13      -0.28546907      -0.000000261       0.000041811             8
      14      -0.28546898      -0.000000099       0.000010907             8
      15      -0.28546900       0.000000023       0.000003270             9
      16      -0.28546900       0.000000006       0.000000821             9

    CHF Iterations converged

    Ind20,r (A<-B)      =    -0.000777465722 [Eh]
    Ind20,r (B<-A)      =    -0.000285469003 [Eh]
    Ind20,r             =    -0.001062934725 [Eh]
    Exch-Ind20,r (A<-B) =     0.000000052066 [Eh]
    Exch-Ind20,r (B<-A) =     0.000000016160 [Eh]
    Exch-Ind20,r        =     0.000000068226 [Eh]
    Disp20              =    -0.000148370750 [Eh]
    Disp20 (SS)         =    -0.000074185375 [Eh]
    Disp20 (OS)         =    -0.000074185375 [Eh]
    Exch-Disp20         =     0.000000021756 [Eh]
    Exch-Disp20 (SS)    =     0.000000015433 [Eh]
    Exch-Disp20 (OS)    =     0.000000006322 [Eh]

    SAPT Results 
  --------------------------------------------------------------------------------------------------------
    Electrostatics                 64.71542541 [mEh]      40.60954254 [kcal/mol]     169.91032600 [kJ/mol]
      Elst10,r                     64.71542541 [mEh]      40.60954254 [kcal/mol]     169.91032600 [kJ/mol]

    Exchange                        0.00006391 [mEh]       0.00004010 [kcal/mol]       0.00016779 [kJ/mol]
      Exch10                        0.00006391 [mEh]       0.00004010 [kcal/mol]       0.00016779 [kJ/mol]
      Exch10(S^2)                   0.00006391 [mEh]       0.00004010 [kcal/mol]       0.00016779 [kJ/mol]

    Induction                      -1.04283830 [mEh]      -0.65439091 [kcal/mol]      -2.73797157 [kJ/mol]
      Ind20,r                      -1.06293473 [mEh]      -0.66700161 [kcal/mol]      -2.79073474 [kJ/mol]
      Exch-Ind20,r                  0.00006823 [mEh]       0.00004281 [kcal/mol]       0.00017913 [kJ/mol]
      delta HF,r (2)                0.02002820 [mEh]       0.01256789 [kcal/mol]       0.05258404 [kJ/mol]

    Dispersion                     -0.14834899 [mEh]      -0.09309040 [kcal/mol]      -0.38949023 [kJ/mol]
      Disp20                       -0.14837075 [mEh]      -0.09310405 [kcal/mol]      -0.38954735 [kJ/mol]
      Exch-Disp20                   0.00002176 [mEh]       0.00001365 [kcal/mol]       0.00005712 [kJ/mol]
      Disp20 (SS)                  -0.07418538 [mEh]      -0.04655203 [kcal/mol]      -0.19477368 [kJ/mol]
      Disp20 (OS)                  -0.07418538 [mEh]      -0.04655203 [kcal/mol]      -0.19477368 [kJ/mol]
      Exch-Disp20 (SS)              0.00001543 [mEh]       0.00000968 [kcal/mol]       0.00004052 [kJ/mol]
      Exch-Disp20 (OS)              0.00000632 [mEh]       0.00000397 [kcal/mol]       0.00001660 [kJ/mol]

  Total HF                         63.67265102 [mEh]      39.95519174 [kcal/mol]     167.17252222 [kJ/mol]
  Total SAPT0                      63.52430203 [mEh]      39.86210134 [kcal/mol]     166.78303199 [kJ/mol]

  Special recipe for scaled SAPT0 (see Manual):
    Electrostatics sSAPT0          64.71542541 [mEh]      40.60954254 [kcal/mol]     169.91032600 [kJ/mol]
    Exchange sSAPT0                 0.00006391 [mEh]       0.00004010 [kcal/mol]       0.00016779 [kJ/mol]
    Induction sSAPT0               -1.04283830 [mEh]      -0.65439091 [kcal/mol]      -2.73797157 [kJ/mol]
    Dispersion sSAPT0              -0.14834899 [mEh]      -0.09309040 [kcal/mol]      -0.38949023 [kJ/mol]
  Total sSAPT0                     63.52430203 [mEh]      39.86210134 [kcal/mol]     166.78303199 [kJ/mol]
  --------------------------------------------------------------------------------------------------------

*** tstop() called on aliaconda at Sun Mar 20 05:01:56 2022
Module time:
	user time   =     657.42 seconds =      10.96 minutes
	system time =     112.78 seconds =       1.88 minutes
	total time  =         48 seconds =       0.80 minutes
Total time:
	user time   =   34844.19 seconds =     580.74 minutes
	system time =    4795.92 seconds =      79.93 minutes
	total time  =       2299 seconds =      38.32 minutes


Warning! sapt0 does not have an associated derived wavefunction.The returned wavefunction is the dimer SCF wavefunction.


  Memory set to  74.506 GiB by Python driver.
  Threads set to 32 by Python driver.
