
Scratch directory: /tmp/

Scratch directory: /tmp/

  //>>>>>>>>>>>>>>>>>>>>>>>>>>>>>>>>>>>//
  //              Dimer HF             //
  //<<<<<<<<<<<<<<<<<<<<<<<<<<<<<<<<<<<//


*** tstart() called on aliaconda
*** at Sun Mar 20 06:08:40 2022

   => Loading Basis Set <=

    Name: JUN-CC-PVDZ
    Role: ORBITAL
    Keyword: BASIS
    atoms 1, 14                                          entry N          line   198 file /home/alia/anaconda3/envs/mddemo/share/psi4/basis/jun-cc-pvdz.gbs 
    atoms 2-4, 6, 8-10, 13, 15-17, 19, 21, 23, 25-27, 30 entry H          line    36 file /home/alia/anaconda3/envs/mddemo/share/psi4/basis/jun-cc-pvdz.gbs 
    atoms 5, 7, 11, 18, 20, 24, 28                       entry C          line   164 file /home/alia/anaconda3/envs/mddemo/share/psi4/basis/jun-cc-pvdz.gbs 
    atoms 12, 22, 29                                     entry O          line   232 file /home/alia/anaconda3/envs/mddemo/share/psi4/basis/jun-cc-pvdz.gbs 


         ---------------------------------------------------------
                                   SCF
               by Justin Turney, Rob Parrish, Andy Simmonett
                          and Daniel G. A. Smith
                              RHF Reference
                       32 Threads,  76293 MiB Core
         ---------------------------------------------------------

  ==> Geometry <==

    Molecular point group: c1
    Full point group: C1

    Geometry (in Angstrom), charge = 2, multiplicity = 1:

       Center              X                  Y                   Z               Mass       
    ------------   -----------------  -----------------  -----------------  -----------------
         N           -0.087263184436    -5.919204952912    -1.146619420574    14.003074004430
         H           -1.116263466723    -5.758205177979    -1.753619294689     1.007825032230
         H           -0.568263131030    -6.056205036835    -0.049619298504     1.007825032230
         H            0.219736498944    -6.837205174165    -1.410619359539     1.007825032230
         C            0.734736842267    -4.787204983430    -1.261619191692    12.000000000000
         H            0.075736922376    -3.975204708772    -0.998619180248     1.007825032230
         C            1.956736725919    -4.907204868989    -0.325619321392    12.000000000000
         H            2.688736838453    -5.711204769807    -0.577619176434     1.007825032230
         H            1.556736630552    -5.197204830842     0.676380533649     1.007825032230
         H            2.537736815564    -3.941204788880    -0.229619126843     1.007825032230
         C            1.089736622922    -4.608205082612    -2.724619250820    12.000000000000
         O            0.487736624829    -5.168205025391    -3.613619189785    15.994914619570
         H            1.926097554319    -3.944278958039    -2.988631825970     1.007825032230
         N            0.537736815564     2.769795176788     0.233380693867    14.003074004430
         H            1.065736693494     1.708795306487     0.440380949451     1.007825032230
         H            0.258736533277     2.524795291228    -0.915619473980     1.007825032230
         H            1.235736769788     3.489795443816     0.154380697681     1.007825032230
         C           -0.723263340838     3.266794917388     0.786380667164    12.000000000000
         H           -1.517263489611     2.572794673248     0.516380686237     1.007825032230
         C           -0.669263440020     3.531795260711     2.298380274250    12.000000000000
         H           -1.734263497241     3.538795230193     2.660380739643     1.007825032230
         O            0.058736724012     4.673795459075     2.698380846455    15.994914619570
         H            0.961736601941     4.362794635101     2.590381044819     1.007825032230
         C            0.084736746900     2.332794902129     2.930381197407    12.000000000000
         H            1.152736825101     2.403795001311     2.777380365803     1.007825032230
         H           -0.218263226397     1.270794627471     2.576381105854     1.007825032230
         H            0.039736670606     2.470795390411     4.063380617573     1.007825032230
         C           -1.184263306506     4.435794589324     0.071380514576    12.000000000000
         O           -2.417263108142     4.552795169158    -0.070619206951    15.994914619570
         H           -0.482901650317     5.183737513824    -0.326957326458     1.007825032230

  Running in c1 symmetry.

  Rotational constants: A =      0.03929  B =      0.00419  C =      0.00397 [cm^-1]
  Rotational constants: A =   1177.97566  B =    125.65031  C =    118.99070 [MHz]
  Nuclear repulsion =  652.254968470873905

  Charge       = 2
  Multiplicity = 1
  Electrons    = 96
  Nalpha       = 48
  Nbeta        = 48

  ==> Algorithm <==

  SCF Algorithm Type is DF.
  DIIS enabled.
  MOM disabled.
  Fractional occupation disabled.
  Guess Type is SAD.
  Energy threshold   = 1.00e-08
  Density threshold  = 1.00e-08
  Integral threshold = 1.00e-12

  ==> Primary Basis <==

  Basis Set: JUN-CC-PVDZ
    Blend: JUN-CC-PVDZ
    Number of shells: 150
    Number of basis functions: 306
    Number of Cartesian functions: 318
    Spherical Harmonics?: true
    Max angular momentum: 2

   => Loading Basis Set <=

    Name: (JUN-CC-PVDZ AUX)
    Role: JKFIT
    Keyword: DF_BASIS_SCF
    atoms 1, 14                                          entry N          line   202 file /home/alia/anaconda3/envs/mddemo/share/psi4/basis/jun-cc-pvdz-jkfit.gbs 
    atoms 2-4, 6, 8-10, 13, 15-17, 19, 21, 23, 25-27, 30 entry H          line    70 file /home/alia/anaconda3/envs/mddemo/share/psi4/basis/jun-cc-pvdz-jkfit.gbs 
    atoms 5, 7, 11, 18, 20, 24, 28                       entry C          line   146 file /home/alia/anaconda3/envs/mddemo/share/psi4/basis/jun-cc-pvdz-jkfit.gbs 
    atoms 12, 22, 29                                     entry O          line   258 file /home/alia/anaconda3/envs/mddemo/share/psi4/basis/jun-cc-pvdz-jkfit.gbs 

  ==> Integral Setup <==

  ==> DiskDFJK: Density-Fitted J/K Matrices <==

    J tasked:                  Yes
    K tasked:                  Yes
    wK tasked:                  No
    OpenMP threads:             32
    Integrals threads:          32
    Memory [MiB]:            57220
    Algorithm:                Core
    Integral Cache:           SAVE
    Schwarz Cutoff:          1E-12
    Fitting Condition:       1E-10

   => Auxiliary Basis Set <=

  Basis Set: (JUN-CC-PVDZ AUX)
    Blend: JUN-CC-PVDZ-JKFIT
    Number of shells: 486
    Number of basis functions: 1362
    Number of Cartesian functions: 1542
    Spherical Harmonics?: true
    Max angular momentum: 3

  Minimum eigenvalue in the overlap matrix is 5.7298813229E-05.
  Reciprocal condition number of the overlap matrix is 4.9432781966E-06.
    Using symmetric orthogonalization.

  ==> Pre-Iterations <==

  SCF Guess: Superposition of Atomic Densities via on-the-fly atomic UHF (no occupation information).

   -------------------------
    Irrep   Nso     Nmo    
   -------------------------
     A        306     306 
   -------------------------
    Total     306     306
   -------------------------

  ==> Iterations <==

                           Total Energy        Delta E     RMS |[F,P]|

   @DF-RHF iter SAD:  -607.56206576371528   -6.07562e+02   0.00000e+00 
   @DF-RHF iter   1:  -607.95259103492253   -3.90525e-01   2.79937e-03 DIIS
   @DF-RHF iter   2:  -608.27695949940016   -3.24368e-01   1.74715e-03 DIIS
   @DF-RHF iter   3:  -608.38367056387551   -1.06711e-01   3.96736e-04 DIIS
   @DF-RHF iter   4:  -608.39247327291423   -8.80271e-03   1.52241e-04 DIIS
   @DF-RHF iter   5:  -608.39378612580117   -1.31285e-03   3.57241e-05 DIIS
   @DF-RHF iter   6:  -608.39390967994223   -1.23554e-04   1.79045e-05 DIIS
   @DF-RHF iter   7:  -608.39393895926878   -2.92793e-05   8.32469e-06 DIIS
   @DF-RHF iter   8:  -608.39394630760739   -7.34834e-06   3.50684e-06 DIIS
   @DF-RHF iter   9:  -608.39394768929822   -1.38169e-06   1.28010e-06 DIIS
   @DF-RHF iter  10:  -608.39394787073411   -1.81436e-07   3.64252e-07 DIIS
   @DF-RHF iter  11:  -608.39394788649429   -1.57602e-08   1.42724e-07 DIIS
   @DF-RHF iter  12:  -608.39394788974448   -3.25019e-09   6.83126e-08 DIIS
   @DF-RHF iter  13:  -608.39394789074015   -9.95669e-10   3.63804e-08 DIIS
   @DF-RHF iter  14:  -608.39394789116091   -4.20755e-10   1.69534e-08 DIIS
   @DF-RHF iter  15:  -608.39394789125402   -9.31095e-11   6.53112e-09 DIIS
  Energy and wave function converged.


  ==> Post-Iterations <==

    Orbital Energies [Eh]
    ---------------------

    Doubly Occupied:                                                      

       1A    -20.820444     2A    -20.801557     3A    -20.800604  
       4A    -16.007415     5A    -15.991406     6A    -11.591159  
       7A    -11.574951     8A    -11.571533     9A    -11.554537  
      10A    -11.541778    11A    -11.503817    12A    -11.472006  
      13A     -1.655715    14A     -1.622085    15A     -1.606335  
      16A     -1.576954    17A     -1.570891    18A     -1.309528  
      19A     -1.308989    20A     -1.222727    21A     -1.171600  
      22A     -1.091391    23A     -1.089236    24A     -1.077364  
      25A     -1.021109    26A     -1.018526    27A     -0.981241  
      28A     -0.975915    29A     -0.971019    30A     -0.944695  
      31A     -0.898933    32A     -0.889854    33A     -0.875575  
      34A     -0.874527    35A     -0.863811    36A     -0.837472  
      37A     -0.813380    38A     -0.810469    39A     -0.799782  
      40A     -0.782256    41A     -0.770478    42A     -0.754468  
      43A     -0.745407    44A     -0.730380    45A     -0.720509  
      46A     -0.685534    47A     -0.677152    48A     -0.655647  

    Virtual:                                                              

      49A     -0.207207    50A     -0.185084    51A     -0.159521  
      52A     -0.152578    53A     -0.138018    54A     -0.127618  
      55A     -0.124349    56A     -0.122913    57A     -0.115517  
      58A     -0.108504    59A     -0.096774    60A     -0.095429  
      61A     -0.087330    62A     -0.085023    63A     -0.078256  
      64A     -0.074342    65A     -0.067503    66A     -0.066385  
      67A     -0.064140    68A     -0.062353    69A     -0.048096  
      70A     -0.042609    71A     -0.039404    72A     -0.034273  
      73A     -0.030972    74A     -0.029215    75A     -0.026359  
      76A     -0.022995    77A     -0.015013    78A     -0.013024  
      79A     -0.005233    80A     -0.002190    81A      0.006484  
      82A      0.017308    83A      0.027867    84A      0.031967  
      85A      0.040030    86A      0.042534    87A      0.043782  
      88A      0.051282    89A      0.061456    90A      0.063802  
      91A      0.074263    92A      0.081035    93A      0.085039  
      94A      0.087737    95A      0.090848    96A      0.092599  
      97A      0.097733    98A      0.106195    99A      0.113876  
     100A      0.120405   101A      0.130063   102A      0.132920  
     103A      0.135266   104A      0.140998   105A      0.151627  
     106A      0.159023   107A      0.168702   108A      0.170063  
     109A      0.175039   110A      0.180364   111A      0.191243  
     112A      0.197347   113A      0.210649   114A      0.217686  
     115A      0.224701   116A      0.229448   117A      0.239096  
     118A      0.247078   119A      0.256766   120A      0.274793  
     121A      0.278338   122A      0.308978   123A      0.324460  
     124A      0.334692   125A      0.358464   126A      0.371003  
     127A      0.463030   128A      0.475638   129A      0.500588  
     130A      0.505768   131A      0.521145   132A      0.527548  
     133A      0.531297   134A      0.545995   135A      0.548119  
     136A      0.560443   137A      0.572232   138A      0.577958  
     139A      0.587665   140A      0.598244   141A      0.604437  
     142A      0.618951   143A      0.630686   144A      0.638185  
     145A      0.647112   146A      0.651017   147A      0.664397  
     148A      0.674709   149A      0.677352   150A      0.679771  
     151A      0.687164   152A      0.696712   153A      0.707413  
     154A      0.711590   155A      0.719508   156A      0.727342  
     157A      0.733921   158A      0.750401   159A      0.761005  
     160A      0.762001   161A      0.768540   162A      0.799887  
     163A      0.808200   164A      0.820363   165A      0.831430  
     166A      0.840111   167A      0.849118   168A      0.876131  
     169A      0.880205   170A      0.886748   171A      0.900504  
     172A      0.924192   173A      0.935428   174A      0.959441  
     175A      0.993501   176A      1.025738   177A      1.037220  
     178A      1.071296   179A      1.088094   180A      1.107031  
     181A      1.124875   182A      1.145587   183A      1.147021  
     184A      1.175123   185A      1.202004   186A      1.225578  
     187A      1.228816   188A      1.250251   189A      1.256428  
     190A      1.260641   191A      1.279948   192A      1.288444  
     193A      1.299929   194A      1.319953   195A      1.330458  
     196A      1.337185   197A      1.349262   198A      1.358203  
     199A      1.362815   200A      1.364318   201A      1.371642  
     202A      1.407960   203A      1.409783   204A      1.426258  
     205A      1.430671   206A      1.463426   207A      1.507401  
     208A      1.508004   209A      1.516185   210A      1.540820  
     211A      1.555639   212A      1.574326   213A      1.590703  
     214A      1.605169   215A      1.611582   216A      1.637452  
     217A      1.642218   218A      1.664497   219A      1.671140  
     220A      1.674622   221A      1.678525   222A      1.681778  
     223A      1.691269   224A      1.710131   225A      1.719020  
     226A      1.732238   227A      1.740015   228A      1.746589  
     229A      1.756872   230A      1.758194   231A      1.768535  
     232A      1.789377   233A      1.811581   234A      1.813795  
     235A      1.826637   236A      1.833058   237A      1.862423  
     238A      1.868371   239A      1.874800   240A      1.890517  
     241A      1.893398   242A      1.905941   243A      1.923760  
     244A      1.924516   245A      1.967339   246A      1.973039  
     247A      1.987642   248A      2.002465   249A      2.012320  
     250A      2.063283   251A      2.071583   252A      2.078757  
     253A      2.108101   254A      2.110841   255A      2.135005  
     256A      2.141486   257A      2.148582   258A      2.164636  
     259A      2.193470   260A      2.236258   261A      2.245295  
     262A      2.264276   263A      2.284867   264A      2.286879  
     265A      2.325629   266A      2.350376   267A      2.364051  
     268A      2.390695   269A      2.407291   270A      2.435869  
     271A      2.443701   272A      2.466173   273A      2.502411  
     274A      2.503864   275A      2.513320   276A      2.537346  
     277A      2.552756   278A      2.572249   279A      2.589428  
     280A      2.609452   281A      2.620074   282A      2.651528  
     283A      2.652568   284A      2.675974   285A      2.710582  
     286A      2.735091   287A      2.758829   288A      2.834000  
     289A      2.846195   290A      2.906044   291A      2.931988  
     292A      2.963785   293A      2.967986   294A      3.078507  
     295A      3.122834   296A      3.137534   297A      3.175261  
     298A      3.242005   299A      3.243241   300A      3.316451  
     301A      3.460893   302A      3.506819   303A      3.526005  
     304A      3.713615   305A      3.746007   306A      3.915381  

    Final Occupation by Irrep:
              A 
    DOCC [    48 ]

  @DF-RHF Final Energy:  -608.39394789125402

   => Energetics <=

    Nuclear Repulsion Energy =            652.2549684708739051
    One-Electron Energy =               -2098.0335042003489434
    Two-Electron Energy =                 837.3845878382211367
    Total Energy =                       -608.3939478912540153

Computation Completed


Properties will be evaluated at   0.000000,   0.000000,   0.000000 [a0]

Properties computed using the SCF density matrix

  Nuclear Dipole Moment: [e a0]
     X:     7.5663      Y:   -11.1214      Z:     6.7519

  Electronic Dipole Moment: [e a0]
     X:    -5.1536      Y:     5.2782      Z:    -7.1471

  Dipole Moment: [e a0]
     X:     2.4127      Y:    -5.8432      Z:    -0.3952     Total:     6.3341

  Dipole Moment: [D]
     X:     6.1324      Y:   -14.8521      Z:    -1.0044     Total:    16.0996


*** tstop() called on aliaconda at Sun Mar 20 06:08:55 2022
Module time:
	user time   =     324.38 seconds =       5.41 minutes
	system time =      39.03 seconds =       0.65 minutes
	total time  =         15 seconds =       0.25 minutes
Total time:
	user time   =  102944.32 seconds =    1715.74 minutes
	system time =   14382.08 seconds =     239.70 minutes
	total time  =       6318 seconds =     105.30 minutes

  //>>>>>>>>>>>>>>>>>>>>>>>>>>>>>>>>>>>//
  //            Monomer A HF           //
  //<<<<<<<<<<<<<<<<<<<<<<<<<<<<<<<<<<<//


*** tstart() called on aliaconda
*** at Sun Mar 20 06:08:55 2022

   => Loading Basis Set <=

    Name: JUN-CC-PVDZ
    Role: ORBITAL
    Keyword: BASIS
    atoms 1, 14                                          entry N          line   198 file /home/alia/anaconda3/envs/mddemo/share/psi4/basis/jun-cc-pvdz.gbs 
    atoms 2-4, 6, 8-10, 13, 15-17, 19, 21, 23, 25-27, 30 entry H          line    36 file /home/alia/anaconda3/envs/mddemo/share/psi4/basis/jun-cc-pvdz.gbs 
    atoms 5, 7, 11, 18, 20, 24, 28                       entry C          line   164 file /home/alia/anaconda3/envs/mddemo/share/psi4/basis/jun-cc-pvdz.gbs 
    atoms 12, 22, 29                                     entry O          line   232 file /home/alia/anaconda3/envs/mddemo/share/psi4/basis/jun-cc-pvdz.gbs 


         ---------------------------------------------------------
                                   SCF
               by Justin Turney, Rob Parrish, Andy Simmonett
                          and Daniel G. A. Smith
                              RHF Reference
                       32 Threads,  76293 MiB Core
         ---------------------------------------------------------

  ==> Geometry <==

    Molecular point group: c1
    Full point group: C1

    Geometry (in Angstrom), charge = 1, multiplicity = 1:

       Center              X                  Y                   Z               Mass       
    ------------   -----------------  -----------------  -----------------  -----------------
         N           -0.087263184436    -5.919204952912    -1.146619420574    14.003074004430
         H           -1.116263466723    -5.758205177979    -1.753619294689     1.007825032230
         H           -0.568263131030    -6.056205036835    -0.049619298504     1.007825032230
         H            0.219736498944    -6.837205174165    -1.410619359539     1.007825032230
         C            0.734736842267    -4.787204983430    -1.261619191692    12.000000000000
         H            0.075736922376    -3.975204708772    -0.998619180248     1.007825032230
         C            1.956736725919    -4.907204868989    -0.325619321392    12.000000000000
         H            2.688736838453    -5.711204769807    -0.577619176434     1.007825032230
         H            1.556736630552    -5.197204830842     0.676380533649     1.007825032230
         H            2.537736815564    -3.941204788880    -0.229619126843     1.007825032230
         C            1.089736622922    -4.608205082612    -2.724619250820    12.000000000000
         O            0.487736624829    -5.168205025391    -3.613619189785    15.994914619570
         H            1.926097554319    -3.944278958039    -2.988631825970     1.007825032230
      Gh(N)           0.537736815564     2.769795176788     0.233380693867    14.003074004430
      Gh(H)           1.065736693494     1.708795306487     0.440380949451     1.007825032230
      Gh(H)           0.258736533277     2.524795291228    -0.915619473980     1.007825032230
      Gh(H)           1.235736769788     3.489795443816     0.154380697681     1.007825032230
      Gh(C)          -0.723263340838     3.266794917388     0.786380667164    12.000000000000
      Gh(H)          -1.517263489611     2.572794673248     0.516380686237     1.007825032230
      Gh(C)          -0.669263440020     3.531795260711     2.298380274250    12.000000000000
      Gh(H)          -1.734263497241     3.538795230193     2.660380739643     1.007825032230
      Gh(O)           0.058736724012     4.673795459075     2.698380846455    15.994914619570
      Gh(H)           0.961736601941     4.362794635101     2.590381044819     1.007825032230
      Gh(C)           0.084736746900     2.332794902129     2.930381197407    12.000000000000
      Gh(H)           1.152736825101     2.403795001311     2.777380365803     1.007825032230
      Gh(H)          -0.218263226397     1.270794627471     2.576381105854     1.007825032230
      Gh(H)           0.039736670606     2.470795390411     4.063380617573     1.007825032230
      Gh(C)          -1.184263306506     4.435794589324     0.071380514576    12.000000000000
      Gh(O)          -2.417263108142     4.552795169158    -0.070619206951    15.994914619570
      Gh(H)          -0.482901650317     5.183737513824    -0.326957326458     1.007825032230

  Running in c1 symmetry.

  Rotational constants: A =      0.03929  B =      0.00419  C =      0.00397 [cm^-1]
  Rotational constants: A =   1177.97566  B =    125.65031  C =    118.99070 [MHz]
  Nuclear repulsion =  187.770578680975433

  Charge       = 1
  Multiplicity = 1
  Electrons    = 40
  Nalpha       = 20
  Nbeta        = 20

  ==> Algorithm <==

  SCF Algorithm Type is DF.
  DIIS enabled.
  MOM disabled.
  Fractional occupation disabled.
  Guess Type is SAD.
  Energy threshold   = 1.00e-08
  Density threshold  = 1.00e-08
  Integral threshold = 1.00e-12

  ==> Primary Basis <==

  Basis Set: JUN-CC-PVDZ
    Blend: JUN-CC-PVDZ
    Number of shells: 150
    Number of basis functions: 306
    Number of Cartesian functions: 318
    Spherical Harmonics?: true
    Max angular momentum: 2

   => Loading Basis Set <=

    Name: (JUN-CC-PVDZ AUX)
    Role: JKFIT
    Keyword: DF_BASIS_SCF
    atoms 1, 14                                          entry N          line   202 file /home/alia/anaconda3/envs/mddemo/share/psi4/basis/jun-cc-pvdz-jkfit.gbs 
    atoms 2-4, 6, 8-10, 13, 15-17, 19, 21, 23, 25-27, 30 entry H          line    70 file /home/alia/anaconda3/envs/mddemo/share/psi4/basis/jun-cc-pvdz-jkfit.gbs 
    atoms 5, 7, 11, 18, 20, 24, 28                       entry C          line   146 file /home/alia/anaconda3/envs/mddemo/share/psi4/basis/jun-cc-pvdz-jkfit.gbs 
    atoms 12, 22, 29                                     entry O          line   258 file /home/alia/anaconda3/envs/mddemo/share/psi4/basis/jun-cc-pvdz-jkfit.gbs 

  ==> Integral Setup <==

  ==> DiskDFJK: Density-Fitted J/K Matrices <==

    J tasked:                  Yes
    K tasked:                  Yes
    wK tasked:                  No
    OpenMP threads:             32
    Integrals threads:          32
    Memory [MiB]:            57220
    Algorithm:                Core
    Integral Cache:           LOAD
    Schwarz Cutoff:          1E-12
    Fitting Condition:       1E-10

   => Auxiliary Basis Set <=

  Basis Set: (JUN-CC-PVDZ AUX)
    Blend: JUN-CC-PVDZ-JKFIT
    Number of shells: 486
    Number of basis functions: 1362
    Number of Cartesian functions: 1542
    Spherical Harmonics?: true
    Max angular momentum: 3

  Minimum eigenvalue in the overlap matrix is 5.7298813228E-05.
  Reciprocal condition number of the overlap matrix is 4.9432781965E-06.
    Using symmetric orthogonalization.

  ==> Pre-Iterations <==

  SCF Guess: Superposition of Atomic Densities via on-the-fly atomic UHF (no occupation information).

   -------------------------
    Irrep   Nso     Nmo    
   -------------------------
     A        306     306 
   -------------------------
    Total     306     306
   -------------------------

  ==> Iterations <==

                           Total Energy        Delta E     RMS |[F,P]|

   @DF-RHF iter SAD:  -246.85977649566843   -2.46860e+02   0.00000e+00 
   @DF-RHF iter   1:  -247.13076015064402   -2.70984e-01   1.74337e-03 DIIS
   @DF-RHF iter   2:  -247.26218272685924   -1.31423e-01   1.03842e-03 DIIS
   @DF-RHF iter   3:  -247.30025978823352   -3.80771e-02   2.39877e-04 DIIS
   @DF-RHF iter   4:  -247.30365537304718   -3.39558e-03   8.69293e-05 DIIS
   @DF-RHF iter   5:  -247.30410550530445   -4.50132e-04   1.97329e-05 DIIS
   @DF-RHF iter   6:  -247.30415100030137   -4.54950e-05   8.72972e-06 DIIS
   @DF-RHF iter   7:  -247.30415869489215   -7.69459e-06   4.10108e-06 DIIS
   @DF-RHF iter   8:  -247.30416072557750   -2.03069e-06   1.34247e-06 DIIS
   @DF-RHF iter   9:  -247.30416094105854   -2.15481e-07   2.86701e-07 DIIS
   @DF-RHF iter  10:  -247.30416094990670   -8.84816e-09   8.80364e-08 DIIS
   @DF-RHF iter  11:  -247.30416095078729   -8.80590e-10   2.07426e-08 DIIS
   @DF-RHF iter  12:  -247.30416095085243   -6.51426e-11   8.20233e-09 DIIS
  Energy and wave function converged.


  ==> Post-Iterations <==

    Orbital Energies [Eh]
    ---------------------

    Doubly Occupied:                                                      

       1A    -20.754556     2A    -15.928835     3A    -11.525359  
       4A    -11.503064     5A    -11.435477     6A     -1.590562  
       7A     -1.513036     8A     -1.242052     9A     -1.104182  
      10A     -1.025735    11A     -0.954037    12A     -0.916634  
      13A     -0.877991    14A     -0.824921    15A     -0.808442  
      16A     -0.743740    17A     -0.730968    18A     -0.714385  
      19A     -0.689119    20A     -0.611174  

    Virtual:                                                              

      21A     -0.121584    22A     -0.071818    23A     -0.071249  
      24A     -0.056035    25A     -0.050820    26A     -0.033537  
      27A     -0.029232    28A     -0.023425    29A     -0.013317  
      30A     -0.006053    31A     -0.000399    32A      0.002490  
      33A      0.008989    34A      0.010479    35A      0.020489  
      36A      0.025812    37A      0.029889    38A      0.035250  
      39A      0.041264    40A      0.047961    41A      0.049213  
      42A      0.052579    43A      0.061979    44A      0.069791  
      45A      0.070458    46A      0.082906    47A      0.088821  
      48A      0.092131    49A      0.097059    50A      0.103149  
      51A      0.105801    52A      0.113548    53A      0.119606  
      54A      0.126953    55A      0.134103    56A      0.141174  
      57A      0.144486    58A      0.147204    59A      0.155166  
      60A      0.161104    61A      0.164060    62A      0.165843  
      63A      0.168623    64A      0.176242    65A      0.183693  
      66A      0.188704    67A      0.203710    68A      0.212540  
      69A      0.218135    70A      0.227754    71A      0.233447  
      72A      0.238763    73A      0.246075    74A      0.249378  
      75A      0.254942    76A      0.265956    77A      0.270206  
      78A      0.292720    79A      0.299328    80A      0.306174  
      81A      0.310060    82A      0.331431    83A      0.339056  
      84A      0.344030    85A      0.364670    86A      0.365688  
      87A      0.381569    88A      0.391470    89A      0.399932  
      90A      0.432099    91A      0.437920    92A      0.460149  
      93A      0.479480    94A      0.490566    95A      0.507261  
      96A      0.530150    97A      0.534557    98A      0.554441  
      99A      0.564454   100A      0.566383   101A      0.572442  
     102A      0.573818   103A      0.595803   104A      0.599225  
     105A      0.611548   106A      0.621980   107A      0.638499  
     108A      0.639384   109A      0.655842   110A      0.667647  
     111A      0.671819   112A      0.684791   113A      0.694951  
     114A      0.708933   115A      0.717935   116A      0.743865  
     117A      0.746014   118A      0.753699   119A      0.755649  
     120A      0.774635   121A      0.782664   122A      0.785877  
     123A      0.799931   124A      0.815556   125A      0.826601  
     126A      0.827304   127A      0.872939   128A      0.895059  
     129A      0.904001   130A      0.911710   131A      0.917823  
     132A      0.944377   133A      0.947912   134A      0.965616  
     135A      0.967858   136A      0.975770   137A      0.983491  
     138A      1.024560   139A      1.039219   140A      1.104574  
     141A      1.136979   142A      1.150876   143A      1.173774  
     144A      1.211430   145A      1.214168   146A      1.294313  
     147A      1.320782   148A      1.324150   149A      1.353295  
     150A      1.396494   151A      1.411584   152A      1.430269  
     153A      1.475743   154A      1.493012   155A      1.496065  
     156A      1.538527   157A      1.541234   158A      1.574920  
     159A      1.594670   160A      1.607140   161A      1.614629  
     162A      1.630124   163A      1.643728   164A      1.672652  
     165A      1.679765   166A      1.697563   167A      1.704948  
     168A      1.711232   169A      1.729480   170A      1.730102  
     171A      1.742335   172A      1.746413   173A      1.765781  
     174A      1.769781   175A      1.785141   176A      1.796793  
     177A      1.799905   178A      1.814186   179A      1.822525  
     180A      1.824321   181A      1.857670   182A      1.880315  
     183A      1.885603   184A      1.888778   185A      1.899745  
     186A      1.908005   187A      1.933952   188A      1.936002  
     189A      1.951749   190A      1.967902   191A      1.971978  
     192A      1.990039   193A      1.992559   194A      2.015636  
     195A      2.020661   196A      2.039405   197A      2.044372  
     198A      2.051838   199A      2.068281   200A      2.068481  
     201A      2.094489   202A      2.108803   203A      2.127947  
     204A      2.130248   205A      2.159189   206A      2.169236  
     207A      2.174239   208A      2.189694   209A      2.214672  
     210A      2.232672   211A      2.235156   212A      2.246259  
     213A      2.275158   214A      2.290120   215A      2.313424  
     216A      2.326613   217A      2.347837   218A      2.352464  
     219A      2.355003   220A      2.404304   221A      2.414819  
     222A      2.429196   223A      2.438343   224A      2.471638  
     225A      2.474238   226A      2.506145   227A      2.510753  
     228A      2.547143   229A      2.551234   230A      2.569063  
     231A      2.569664   232A      2.580930   233A      2.591325  
     234A      2.619643   235A      2.626241   236A      2.652686  
     237A      2.657474   238A      2.674443   239A      2.675540  
     240A      2.717355   241A      2.724449   242A      2.761893  
     243A      2.808158   244A      2.824288   245A      2.828735  
     246A      2.851182   247A      2.879548   248A      2.899675  
     249A      2.945162   250A      2.969350   251A      2.996516  
     252A      3.010692   253A      3.028390   254A      3.072307  
     255A      3.117688   256A      3.166656   257A      3.201286  
     258A      3.205496   259A      3.241937   260A      3.306624  
     261A      3.338879   262A      3.359966   263A      3.446879  
     264A      3.475001   265A      3.542025   266A      3.571959  
     267A      3.601882   268A      3.711273   269A      3.767729  
     270A      3.810669   271A      3.928680   272A      4.049769  
     273A      4.086493   274A      4.192430   275A      4.208186  
     276A      4.374248   277A      4.434553   278A      4.467001  
     279A      4.519178   280A      4.602309   281A      4.642228  
     282A      4.675823   283A      4.713139   284A      4.754137  
     285A      4.808903   286A      4.822721   287A      4.983557  
     288A      5.003446   289A      5.085211   290A      5.157564  
     291A      5.320775   292A      5.486244   293A      5.549495  
     294A      5.650021   295A      5.767323   296A      5.849366  
     297A      6.032074   298A      6.605060   299A      6.810872  
     300A     18.134858   301A     18.308211   302A     18.458259  
     303A     18.642083   304A     25.324690   305A     33.442242  
     306A     33.471000  

    Final Occupation by Irrep:
              A 
    DOCC [    20 ]

  @DF-RHF Final Energy:  -247.30416095085243

   => Energetics <=

    Nuclear Repulsion Energy =            187.7705786809754329
    One-Electron Energy =                -699.1609474813330962
    Two-Electron Energy =                 264.0862078495052288
    Total Energy =                       -247.3041609508524630

Computation Completed


Properties will be evaluated at   0.000000,   0.000000,   0.000000 [a0]

Properties computed using the SCF density matrix

  Nuclear Dipole Moment: [e a0]
     X:    62.9252      Y:  -396.8736      Z:  -132.5424

  Electronic Dipole Moment: [e a0]
     X:   -62.3442      Y:   386.5839      Z:   131.3606

  Dipole Moment: [e a0]
     X:     0.5810      Y:   -10.2898      Z:    -1.1818     Total:    10.3737

  Dipole Moment: [D]
     X:     1.4767      Y:   -26.1539      Z:    -3.0038     Total:    26.3672


*** tstop() called on aliaconda at Sun Mar 20 06:09:03 2022
Module time:
	user time   =     176.92 seconds =       2.95 minutes
	system time =      19.06 seconds =       0.32 minutes
	total time  =          8 seconds =       0.13 minutes
Total time:
	user time   =  103121.36 seconds =    1718.69 minutes
	system time =   14401.16 seconds =     240.02 minutes
	total time  =       6326 seconds =     105.43 minutes

  //>>>>>>>>>>>>>>>>>>>>>>>>>>>>>>>>>>>//
  //            Monomer B HF           //
  //<<<<<<<<<<<<<<<<<<<<<<<<<<<<<<<<<<<//


*** tstart() called on aliaconda
*** at Sun Mar 20 06:09:03 2022

   => Loading Basis Set <=

    Name: JUN-CC-PVDZ
    Role: ORBITAL
    Keyword: BASIS
    atoms 1, 14                                          entry N          line   198 file /home/alia/anaconda3/envs/mddemo/share/psi4/basis/jun-cc-pvdz.gbs 
    atoms 2-4, 6, 8-10, 13, 15-17, 19, 21, 23, 25-27, 30 entry H          line    36 file /home/alia/anaconda3/envs/mddemo/share/psi4/basis/jun-cc-pvdz.gbs 
    atoms 5, 7, 11, 18, 20, 24, 28                       entry C          line   164 file /home/alia/anaconda3/envs/mddemo/share/psi4/basis/jun-cc-pvdz.gbs 
    atoms 12, 22, 29                                     entry O          line   232 file /home/alia/anaconda3/envs/mddemo/share/psi4/basis/jun-cc-pvdz.gbs 


         ---------------------------------------------------------
                                   SCF
               by Justin Turney, Rob Parrish, Andy Simmonett
                          and Daniel G. A. Smith
                              RHF Reference
                       32 Threads,  76293 MiB Core
         ---------------------------------------------------------

  ==> Geometry <==

    Molecular point group: c1
    Full point group: C1

    Geometry (in Angstrom), charge = 1, multiplicity = 1:

       Center              X                  Y                   Z               Mass       
    ------------   -----------------  -----------------  -----------------  -----------------
      Gh(N)          -0.087263184436    -5.919204952912    -1.146619420574    14.003074004430
      Gh(H)          -1.116263466723    -5.758205177979    -1.753619294689     1.007825032230
      Gh(H)          -0.568263131030    -6.056205036835    -0.049619298504     1.007825032230
      Gh(H)           0.219736498944    -6.837205174165    -1.410619359539     1.007825032230
      Gh(C)           0.734736842267    -4.787204983430    -1.261619191692    12.000000000000
      Gh(H)           0.075736922376    -3.975204708772    -0.998619180248     1.007825032230
      Gh(C)           1.956736725919    -4.907204868989    -0.325619321392    12.000000000000
      Gh(H)           2.688736838453    -5.711204769807    -0.577619176434     1.007825032230
      Gh(H)           1.556736630552    -5.197204830842     0.676380533649     1.007825032230
      Gh(H)           2.537736815564    -3.941204788880    -0.229619126843     1.007825032230
      Gh(C)           1.089736622922    -4.608205082612    -2.724619250820    12.000000000000
      Gh(O)           0.487736624829    -5.168205025391    -3.613619189785    15.994914619570
      Gh(H)           1.926097554319    -3.944278958039    -2.988631825970     1.007825032230
         N            0.537736815564     2.769795176788     0.233380693867    14.003074004430
         H            1.065736693494     1.708795306487     0.440380949451     1.007825032230
         H            0.258736533277     2.524795291228    -0.915619473980     1.007825032230
         H            1.235736769788     3.489795443816     0.154380697681     1.007825032230
         C           -0.723263340838     3.266794917388     0.786380667164    12.000000000000
         H           -1.517263489611     2.572794673248     0.516380686237     1.007825032230
         C           -0.669263440020     3.531795260711     2.298380274250    12.000000000000
         H           -1.734263497241     3.538795230193     2.660380739643     1.007825032230
         O            0.058736724012     4.673795459075     2.698380846455    15.994914619570
         H            0.961736601941     4.362794635101     2.590381044819     1.007825032230
         C            0.084736746900     2.332794902129     2.930381197407    12.000000000000
         H            1.152736825101     2.403795001311     2.777380365803     1.007825032230
         H           -0.218263226397     1.270794627471     2.576381105854     1.007825032230
         H            0.039736670606     2.470795390411     4.063380617573     1.007825032230
         C           -1.184263306506     4.435794589324     0.071380514576    12.000000000000
         O           -2.417263108142     4.552795169158    -0.070619206951    15.994914619570
         H           -0.482901650317     5.183737513824    -0.326957326458     1.007825032230

  Running in c1 symmetry.

  Rotational constants: A =      0.03929  B =      0.00419  C =      0.00397 [cm^-1]
  Rotational constants: A =   1177.97566  B =    125.65031  C =    118.99070 [MHz]
  Nuclear repulsion =  333.273038769242589

  Charge       = 1
  Multiplicity = 1
  Electrons    = 56
  Nalpha       = 28
  Nbeta        = 28

  ==> Algorithm <==

  SCF Algorithm Type is DF.
  DIIS enabled.
  MOM disabled.
  Fractional occupation disabled.
  Guess Type is SAD.
  Energy threshold   = 1.00e-08
  Density threshold  = 1.00e-08
  Integral threshold = 1.00e-12

  ==> Primary Basis <==

  Basis Set: JUN-CC-PVDZ
    Blend: JUN-CC-PVDZ
    Number of shells: 150
    Number of basis functions: 306
    Number of Cartesian functions: 318
    Spherical Harmonics?: true
    Max angular momentum: 2

   => Loading Basis Set <=

    Name: (JUN-CC-PVDZ AUX)
    Role: JKFIT
    Keyword: DF_BASIS_SCF
    atoms 1, 14                                          entry N          line   202 file /home/alia/anaconda3/envs/mddemo/share/psi4/basis/jun-cc-pvdz-jkfit.gbs 
    atoms 2-4, 6, 8-10, 13, 15-17, 19, 21, 23, 25-27, 30 entry H          line    70 file /home/alia/anaconda3/envs/mddemo/share/psi4/basis/jun-cc-pvdz-jkfit.gbs 
    atoms 5, 7, 11, 18, 20, 24, 28                       entry C          line   146 file /home/alia/anaconda3/envs/mddemo/share/psi4/basis/jun-cc-pvdz-jkfit.gbs 
    atoms 12, 22, 29                                     entry O          line   258 file /home/alia/anaconda3/envs/mddemo/share/psi4/basis/jun-cc-pvdz-jkfit.gbs 

  ==> Integral Setup <==

  ==> DiskDFJK: Density-Fitted J/K Matrices <==

    J tasked:                  Yes
    K tasked:                  Yes
    wK tasked:                  No
    OpenMP threads:             32
    Integrals threads:          32
    Memory [MiB]:            57220
    Algorithm:                Core
    Integral Cache:           LOAD
    Schwarz Cutoff:          1E-12
    Fitting Condition:       1E-10

   => Auxiliary Basis Set <=

  Basis Set: (JUN-CC-PVDZ AUX)
    Blend: JUN-CC-PVDZ-JKFIT
    Number of shells: 486
    Number of basis functions: 1362
    Number of Cartesian functions: 1542
    Spherical Harmonics?: true
    Max angular momentum: 3

  Minimum eigenvalue in the overlap matrix is 5.7298813228E-05.
  Reciprocal condition number of the overlap matrix is 4.9432781965E-06.
    Using symmetric orthogonalization.

  ==> Pre-Iterations <==

  SCF Guess: Superposition of Atomic Densities via on-the-fly atomic UHF (no occupation information).

   -------------------------
    Irrep   Nso     Nmo    
   -------------------------
     A        306     306 
   -------------------------
    Total     306     306
   -------------------------

  ==> Iterations <==

                           Total Energy        Delta E     RMS |[F,P]|

   @DF-RHF iter SAD:  -360.70228302732903   -3.60702e+02   0.00000e+00 
   @DF-RHF iter   1:  -360.89370800237299   -1.91425e-01   2.17275e-03 DIIS
   @DF-RHF iter   2:  -361.08390527432346   -1.90197e-01   1.37396e-03 DIIS
   @DF-RHF iter   3:  -361.14958625947042   -6.56810e-02   3.10843e-04 DIIS
   @DF-RHF iter   4:  -361.15481271251963   -5.22645e-03   1.19872e-04 DIIS
   @DF-RHF iter   5:  -361.15560982003763   -7.97108e-04   2.65256e-05 DIIS
   @DF-RHF iter   6:  -361.15568091113494   -7.10911e-05   1.26637e-05 DIIS
   @DF-RHF iter   7:  -361.15569704428714   -1.61332e-05   5.62116e-06 DIIS
   @DF-RHF iter   8:  -361.15570092156412   -3.87728e-06   2.32315e-06 DIIS
   @DF-RHF iter   9:  -361.15570163184901   -7.10285e-07   6.78501e-07 DIIS
   @DF-RHF iter  10:  -361.15570169603649   -6.41875e-08   2.23971e-07 DIIS
   @DF-RHF iter  11:  -361.15570170330852   -7.27204e-09   8.56738e-08 DIIS
   @DF-RHF iter  12:  -361.15570170468305   -1.37453e-09   4.50480e-08 DIIS
   @DF-RHF iter  13:  -361.15570170523324   -5.50187e-10   2.54363e-08 DIIS
   @DF-RHF iter  14:  -361.15570170546306   -2.29818e-10   9.93933e-09 DIIS
  Energy and wave function converged.


  ==> Post-Iterations <==

    Orbital Energies [Eh]
    ---------------------

    Doubly Occupied:                                                      

       1A    -20.747981     2A    -20.746589     3A    -15.944998  
       4A    -11.521263     5A    -11.496354     6A    -11.485417  
       7A    -11.412400     8A     -1.567333     9A     -1.552637  
      10A     -1.510849    11A     -1.251675    12A     -1.164663  
      13A     -1.032530    14A     -1.018837    15A     -0.961142  
      16A     -0.918345    17A     -0.911854    18A     -0.842662  
      19A     -0.819227    20A     -0.808626    21A     -0.781797  
      22A     -0.756435    23A     -0.711848    24A     -0.688005  
      25A     -0.675745    26A     -0.665049    27A     -0.631161  
      28A     -0.600770  

    Virtual:                                                              

      29A     -0.136484    30A     -0.087325    31A     -0.079543  
      32A     -0.068717    33A     -0.045234    34A     -0.038875  
      35A     -0.033942    36A     -0.026008    37A     -0.020124  
      38A     -0.014823    39A     -0.009529    40A     -0.006681  
      41A     -0.000497    42A      0.002817    43A      0.013193  
      44A      0.022282    45A      0.026629    46A      0.029148  
      47A      0.035990    48A      0.038230    49A      0.043493  
      50A      0.045204    51A      0.051324    52A      0.055035  
      53A      0.056505    54A      0.062879    55A      0.072121  
      56A      0.088752    57A      0.094531    58A      0.096681  
      59A      0.097721    60A      0.106698    61A      0.108974  
      62A      0.114626    63A      0.125599    64A      0.129762  
      65A      0.137461    66A      0.140866    67A      0.143675  
      68A      0.148296    69A      0.153479    70A      0.161526  
      71A      0.165671    72A      0.171489    73A      0.181268  
      74A      0.187614    75A      0.188437    76A      0.193021  
      77A      0.200986    78A      0.208288    79A      0.213524  
      80A      0.225622    81A      0.227954    82A      0.242496  
      83A      0.247209    84A      0.262626    85A      0.268119  
      86A      0.273561    87A      0.280630    88A      0.284295  
      89A      0.293264    90A      0.302419    91A      0.309830  
      92A      0.316687    93A      0.333912    94A      0.340517  
      95A      0.362425    96A      0.370056    97A      0.371077  
      98A      0.379270    99A      0.390228   100A      0.400715  
     101A      0.414192   102A      0.428607   103A      0.440645  
     104A      0.466048   105A      0.506052   106A      0.520652  
     107A      0.534137   108A      0.551795   109A      0.555654  
     110A      0.579711   111A      0.586273   112A      0.591864  
     113A      0.606278   114A      0.619252   115A      0.630736  
     116A      0.639249   117A      0.657336   118A      0.658951  
     119A      0.688506   120A      0.693865   121A      0.699724  
     122A      0.708672   123A      0.721130   124A      0.726142  
     125A      0.733026   126A      0.735649   127A      0.752668  
     128A      0.754188   129A      0.771959   130A      0.785757  
     131A      0.790328   132A      0.808904   133A      0.812766  
     134A      0.818611   135A      0.826787   136A      0.858807  
     137A      0.878258   138A      0.884265   139A      0.904190  
     140A      0.912800   141A      0.934602   142A      0.939336  
     143A      0.944728   144A      0.982860   145A      0.991531  
     146A      0.994137   147A      1.050912   148A      1.082536  
     149A      1.146027   150A      1.170159   151A      1.181209  
     152A      1.202260   153A      1.228834   154A      1.259023  
     155A      1.283413   156A      1.308379   157A      1.335612  
     158A      1.356150   159A      1.373941   160A      1.393546  
     161A      1.413576   162A      1.418451   163A      1.427171  
     164A      1.465319   165A      1.486762   166A      1.489194  
     167A      1.501588   168A      1.521753   169A      1.548114  
     170A      1.565882   171A      1.574012   172A      1.590999  
     173A      1.599519   174A      1.612896   175A      1.632161  
     176A      1.647746   177A      1.657281   178A      1.673723  
     179A      1.699958   180A      1.701161   181A      1.710290  
     182A      1.730018   183A      1.738841   184A      1.741456  
     185A      1.748283   186A      1.770453   187A      1.773114  
     188A      1.782913   189A      1.797711   190A      1.813917  
     191A      1.815917   192A      1.825076   193A      1.842486  
     194A      1.846462   195A      1.868800   196A      1.885334  
     197A      1.892758   198A      1.920707   199A      1.932504  
     200A      1.941932   201A      1.948510   202A      1.950715  
     203A      1.956477   204A      1.973516   205A      1.979211  
     206A      1.982447   207A      1.991846   208A      2.002248  
     209A      2.025990   210A      2.028679   211A      2.037297  
     212A      2.044979   213A      2.070173   214A      2.121530  
     215A      2.128632   216A      2.129539   217A      2.137251  
     218A      2.148764   219A      2.166439   220A      2.170076  
     221A      2.193142   222A      2.199814   223A      2.215052  
     224A      2.236025   225A      2.243713   226A      2.251271  
     227A      2.294268   228A      2.309453   229A      2.320515  
     230A      2.331560   231A      2.344001   232A      2.382150  
     233A      2.397190   234A      2.414296   235A      2.417892  
     236A      2.422290   237A      2.451200   238A      2.463122  
     239A      2.494123   240A      2.511281   241A      2.524441  
     242A      2.543147   243A      2.562408   244A      2.571568  
     245A      2.593021   246A      2.630112   247A      2.638078  
     248A      2.679214   249A      2.685122   250A      2.701691  
     251A      2.709042   252A      2.731259   253A      2.734182  
     254A      2.765159   255A      2.768946   256A      2.792584  
     257A      2.809932   258A      2.817270   259A      2.900399  
     260A      2.924720   261A      2.954485   262A      2.964445  
     263A      3.024626   264A      3.061395   265A      3.126775  
     266A      3.137165   267A      3.139683   268A      3.177659  
     269A      3.219197   270A      3.229294   271A      3.293131  
     272A      3.297692   273A      3.370074   274A      3.426416  
     275A      3.475780   276A      3.511954   277A      3.514740  
     278A      3.579902   279A      3.710850   280A      3.766918  
     281A      3.796112   282A      3.968270   283A      3.982000  
     284A      4.045836   285A      4.179684   286A      4.186229  
     287A      4.303183   288A      4.385243   289A      4.656233  
     290A      4.694541   291A      4.753152   292A      4.796901  
     293A      4.835268   294A      4.933354   295A      5.011786  
     296A      5.252061   297A      5.461531   298A      5.542026  
     299A      5.742638   300A      5.932502   301A      6.757195  
     302A     18.177518   303A     18.356107   304A     18.567731  
     305A     25.339649   306A     33.431642  

    Final Occupation by Irrep:
              A 
    DOCC [    28 ]

  @DF-RHF Final Energy:  -361.15570170546306

   => Energetics <=

    Nuclear Repulsion Energy =            333.2730387692425893
    One-Electron Energy =               -1142.4050974895278614
    Two-Electron Energy =                 447.9763570148222129
    Total Energy =                       -361.1557017054630592

Computation Completed


Properties will be evaluated at   0.000000,   0.000000,   0.000000 [a0]

Properties computed using the SCF density matrix

  Nuclear Dipole Moment: [e a0]
     X:   -55.3589      Y:   385.7522      Z:   139.2943

  Electronic Dipole Moment: [e a0]
     X:    57.2401      Y:  -381.3192      Z:  -138.5022

  Dipole Moment: [e a0]
     X:     1.8812      Y:     4.4330      Z:     0.7920     Total:     4.8803

  Dipole Moment: [D]
     X:     4.7816      Y:    11.2674      Z:     2.0132     Total:    12.4045


*** tstop() called on aliaconda at Sun Mar 20 06:09:14 2022
Module time:
	user time   =     229.58 seconds =       3.83 minutes
	system time =      27.04 seconds =       0.45 minutes
	total time  =         11 seconds =       0.18 minutes
Total time:
	user time   =  103351.03 seconds =    1722.52 minutes
	system time =   14428.23 seconds =     240.47 minutes
	total time  =       6337 seconds =     105.62 minutes
  Constructing Basis Sets for SAPT...

   => Loading Basis Set <=

    Name: (JUN-CC-PVDZ AUX)
    Role: RIFIT
    Keyword: DF_BASIS_SAPT
    atoms 1, 14                                          entry N          line   144 file /home/alia/anaconda3/envs/mddemo/share/psi4/basis/jun-cc-pvdz-ri.gbs 
    atoms 2-4, 6, 8-10, 13, 15-17, 19, 21, 23, 25-27, 30 entry H          line    30 file /home/alia/anaconda3/envs/mddemo/share/psi4/basis/jun-cc-pvdz-ri.gbs 
    atoms 5, 7, 11, 18, 20, 24, 28                       entry C          line   100 file /home/alia/anaconda3/envs/mddemo/share/psi4/basis/jun-cc-pvdz-ri.gbs 
    atoms 12, 22, 29                                     entry O          line   188 file /home/alia/anaconda3/envs/mddemo/share/psi4/basis/jun-cc-pvdz-ri.gbs 


  //>>>>>>>>>>>>>>>>>>>>>>>>>>>>>>>>>>>//
  //               SAPT0               //
  //<<<<<<<<<<<<<<<<<<<<<<<<<<<<<<<<<<<//


*** tstart() called on aliaconda
*** at Sun Mar 20 06:09:14 2022

        SAPT0  
    Ed Hohenstein
     6 June 2009

      Orbital Information
  --------------------------
    NSO        =       306
    NMO        =       306
    NRI        =      1032
    NOCC A     =        20
    NOCC B     =        28
    FOCC A     =         0
    FOCC B     =         0
    NVIR A     =       286
    NVIR B     =       278

    Elst10,r            =     0.066649242777 [Eh]
    Exch10              =    -0.000000033679 [Eh]
    Exch10 (S^2)        =    -0.000000033679 [Eh]

    Iter     Energy [mEh]          dE [mEh]         Residual      Time [s]
       1      -0.38718170       0.387181696       5.587044982             0
       2      -0.37482612      -0.012355574       1.855976047             1
       3      -0.40037419       0.025548067       0.758812667             1
       4      -0.41004573       0.009671538       0.189610040             2
       5      -0.40876004      -0.001285689       0.108217411             3
       6      -0.40811769      -0.000642346       0.031286047             3
       7      -0.40831037       0.000192673       0.011725838             4
       8      -0.40835755       0.000047182       0.005065675             4
       9      -0.40833431      -0.000023240       0.002821794             5
      10      -0.40833045      -0.000003856       0.000750595             5
      11      -0.40833399       0.000003538       0.000208162             6
      12      -0.40833413       0.000000142       0.000054470             6
      13      -0.40833391      -0.000000219       0.000013070             7
      14      -0.40833391      -0.000000006       0.000003310             8
      15      -0.40833392       0.000000009       0.000001063             8
      16      -0.40833392       0.000000001       0.000000226             9

    CHF Iterations converged


    Iter     Energy [mEh]          dE [mEh]         Residual      Time [s]
       1      -0.30410474       0.304104744       4.092974332             0
       2      -0.31064339       0.006538646       1.645056327             1
       3      -0.33437678       0.023733388       0.561492793             1
       4      -0.33857759       0.004200817       0.151665825             2
       5      -0.33801154      -0.000566058       0.096740408             3
       6      -0.33739461      -0.000616929       0.033066723             3
       7      -0.33746058       0.000065972       0.015630556             4
       8      -0.33755884       0.000098265       0.004591191             4
       9      -0.33754709      -0.000011757       0.002414217             5
      10      -0.33753711      -0.000009976       0.001183041             6
      11      -0.33754139       0.000004280       0.000516247             6
      12      -0.33754234       0.000000945       0.000181171             7
      13      -0.33754190      -0.000000436       0.000058436             7
      14      -0.33754175      -0.000000146       0.000015384             8
      15      -0.33754178       0.000000025       0.000004782             9
      16      -0.33754179       0.000000012       0.000001325             9
      17      -0.33754179      -0.000000002       0.000000542            10

    CHF Iterations converged

    Ind20,r (A<-B)      =    -0.000408333917 [Eh]
    Ind20,r (B<-A)      =    -0.000337541788 [Eh]
    Ind20,r             =    -0.000745875704 [Eh]
    Exch-Ind20,r (A<-B) =     0.000000003748 [Eh]
    Exch-Ind20,r (B<-A) =     0.000000003364 [Eh]
    Exch-Ind20,r        =     0.000000007112 [Eh]
    Disp20              =    -0.000067233796 [Eh]
    Disp20 (SS)         =    -0.000033616898 [Eh]
    Disp20 (OS)         =    -0.000033616898 [Eh]
    Exch-Disp20         =     0.000000003687 [Eh]
    Exch-Disp20 (SS)    =     0.000000002599 [Eh]
    Exch-Disp20 (OS)    =     0.000000001088 [Eh]

    SAPT Results 
  --------------------------------------------------------------------------------------------------------
    Electrostatics                 66.64924278 [mEh]      41.82303126 [kcal/mol]     174.98756280 [kJ/mol]
      Elst10,r                     66.64924278 [mEh]      41.82303126 [kcal/mol]     174.98756280 [kJ/mol]

    Exchange                       -0.00003368 [mEh]      -0.00002113 [kcal/mol]      -0.00008842 [kJ/mol]
      Exch10                       -0.00003368 [mEh]      -0.00002113 [kcal/mol]      -0.00008842 [kJ/mol]
      Exch10(S^2)                  -0.00003368 [mEh]      -0.00002113 [kcal/mol]      -0.00008842 [kJ/mol]

    Induction                      -0.73444404 [mEh]      -0.46087059 [kcal/mol]      -1.92828255 [kJ/mol]
      Ind20,r                      -0.74587570 [mEh]      -0.46804407 [kcal/mol]      -1.95829639 [kJ/mol]
      Exch-Ind20,r                  0.00000711 [mEh]       0.00000446 [kcal/mol]       0.00001867 [kJ/mol]
      delta HF,r (2)                0.01142456 [mEh]       0.00716902 [kcal/mol]       0.02999517 [kJ/mol]

    Dispersion                     -0.06723011 [mEh]      -0.04218753 [kcal/mol]      -0.17651263 [kJ/mol]
      Disp20                       -0.06723380 [mEh]      -0.04218984 [kcal/mol]      -0.17652231 [kJ/mol]
      Exch-Disp20                   0.00000369 [mEh]       0.00000231 [kcal/mol]       0.00000968 [kJ/mol]
      Disp20 (SS)                  -0.03361690 [mEh]      -0.02109492 [kcal/mol]      -0.08826115 [kJ/mol]
      Disp20 (OS)                  -0.03361690 [mEh]      -0.02109492 [kcal/mol]      -0.08826115 [kJ/mol]
      Exch-Disp20 (SS)              0.00000260 [mEh]       0.00000163 [kcal/mol]       0.00000682 [kJ/mol]
      Exch-Disp20 (OS)              0.00000109 [mEh]       0.00000068 [kcal/mol]       0.00000286 [kJ/mol]

  Total HF                         65.91476506 [mEh]      41.36213954 [kcal/mol]     173.05919183 [kJ/mol]
  Total SAPT0                      65.84753495 [mEh]      41.31995201 [kcal/mol]     172.88267920 [kJ/mol]

  Special recipe for scaled SAPT0 (see Manual):
    Electrostatics sSAPT0          66.64924278 [mEh]      41.82303126 [kcal/mol]     174.98756280 [kJ/mol]
    Exchange sSAPT0                -0.00003368 [mEh]      -0.00002113 [kcal/mol]      -0.00008842 [kJ/mol]
    Induction sSAPT0               -0.73444404 [mEh]      -0.46087059 [kcal/mol]      -1.92828255 [kJ/mol]
    Dispersion sSAPT0              -0.06723011 [mEh]      -0.04218753 [kcal/mol]      -0.17651263 [kJ/mol]
  Total sSAPT0                     65.84753495 [mEh]      41.31995201 [kcal/mol]     172.88267920 [kJ/mol]
  --------------------------------------------------------------------------------------------------------

*** tstop() called on aliaconda at Sun Mar 20 06:10:04 2022
Module time:
	user time   =     708.27 seconds =      11.80 minutes
	system time =     124.79 seconds =       2.08 minutes
	total time  =         50 seconds =       0.83 minutes
Total time:
	user time   =  104061.87 seconds =    1734.36 minutes
	system time =   14553.49 seconds =     242.56 minutes
	total time  =       6387 seconds =     106.45 minutes


Warning! sapt0 does not have an associated derived wavefunction.The returned wavefunction is the dimer SCF wavefunction.


  Memory set to  74.506 GiB by Python driver.
  Threads set to 32 by Python driver.
