
Scratch directory: /tmp/

Scratch directory: /tmp/

  //>>>>>>>>>>>>>>>>>>>>>>>>>>>>>>>>>>>//
  //              Dimer HF             //
  //<<<<<<<<<<<<<<<<<<<<<<<<<<<<<<<<<<<//


*** tstart() called on aliaconda
*** at Sun Mar 20 05:28:40 2022

   => Loading Basis Set <=

    Name: JUN-CC-PVDZ
    Role: ORBITAL
    Keyword: BASIS
    atoms 1, 14                                          entry N          line   198 file /home/alia/anaconda3/envs/mddemo/share/psi4/basis/jun-cc-pvdz.gbs 
    atoms 2-4, 6, 8-10, 13, 15-17, 19, 21, 23, 25-27, 30 entry H          line    36 file /home/alia/anaconda3/envs/mddemo/share/psi4/basis/jun-cc-pvdz.gbs 
    atoms 5, 7, 11, 18, 20, 24, 28                       entry C          line   164 file /home/alia/anaconda3/envs/mddemo/share/psi4/basis/jun-cc-pvdz.gbs 
    atoms 12, 22, 29                                     entry O          line   232 file /home/alia/anaconda3/envs/mddemo/share/psi4/basis/jun-cc-pvdz.gbs 


         ---------------------------------------------------------
                                   SCF
               by Justin Turney, Rob Parrish, Andy Simmonett
                          and Daniel G. A. Smith
                              RHF Reference
                       32 Threads,  76293 MiB Core
         ---------------------------------------------------------

  ==> Geometry <==

    Molecular point group: c1
    Full point group: C1

    Geometry (in Angstrom), charge = 2, multiplicity = 1:

       Center              X                  Y                   Z               Mass       
    ------------   -----------------  -----------------  -----------------  -----------------
         N            0.635611901497    -5.658224205701    -0.988877859461    14.003074004430
         H           -0.323388209130    -5.867223839491    -1.685877409326     1.007825032230
         H            0.069611916755    -5.743224243848     0.072122487677     1.007825032230
         H            1.241611848091    -6.470224003523    -1.051877584802     1.007825032230
         C            1.180611977791    -4.387223820417    -1.176877584802    12.000000000000
         H            0.596611867164    -3.604223828046    -0.683877554285     1.007825032230
         C            2.564612040733    -4.495224098890    -0.457877722132    12.000000000000
         H            3.248612055992    -5.217224220960    -0.976877775537     1.007825032230
         H            2.449612031196    -4.877224068372     0.599122438086     1.007825032230
         H            3.003611932014    -3.418223957746    -0.360877600061     1.007825032230
         C            1.438611874794    -4.118224243848    -2.638877716409    12.000000000000
         O            0.746611962532    -4.726224045484    -3.432877626764    15.994914619570
         H            2.212096581672    -3.409314732282    -2.969285097467     1.007825032230
         N            0.237612138008     2.171776194842     0.496122274054    14.003074004430
         H            0.173612008308     1.987776179583    -0.691877451288     1.007825032230
         H            0.434612164711     1.038775821001     0.846122178686     1.007825032230
         H            1.024611840461     2.750775714190     0.677122506750     1.007825032230
         C           -1.010388006951     2.848776240618     0.871122274054    12.000000000000
         H           -1.738388170983     2.041776080401     1.103122148169     1.007825032230
         C           -0.924388041283     3.703775782854     2.216122064245    12.000000000000
         H           -1.925387968804     4.127775569231     2.453122529638     1.007825032230
         O            0.073612103676     4.760775943072     2.180122766150    15.994914619570
         H            0.999611745094     4.369776149065     2.000122460974     1.007825032230
         C           -0.774387945916     2.741775889666     3.409121904028    12.000000000000
         H            0.088611970161     2.068775553973     3.211121949805     1.007825032230
         H           -1.683387865807     2.078775782854     3.421121987951     1.007825032230
         H           -0.667388071801     3.260775943072     4.410122308386     1.007825032230
         C           -1.582388033654     3.743775744707    -0.142877664911    12.000000000000
         O           -2.774387945916     3.642775912554    -0.491877642023    15.994914619570
         H           -0.948040594841     4.516278643877    -0.602053728449     1.007825032230

  Running in c1 symmetry.

  Rotational constants: A =      0.03804  B =      0.00464  C =      0.00437 [cm^-1]
  Rotational constants: A =   1140.37405  B =    139.10402  C =    131.07897 [MHz]
  Nuclear repulsion =  653.559069801961755

  Charge       = 2
  Multiplicity = 1
  Electrons    = 96
  Nalpha       = 48
  Nbeta        = 48

  ==> Algorithm <==

  SCF Algorithm Type is DF.
  DIIS enabled.
  MOM disabled.
  Fractional occupation disabled.
  Guess Type is SAD.
  Energy threshold   = 1.00e-08
  Density threshold  = 1.00e-08
  Integral threshold = 1.00e-12

  ==> Primary Basis <==

  Basis Set: JUN-CC-PVDZ
    Blend: JUN-CC-PVDZ
    Number of shells: 150
    Number of basis functions: 306
    Number of Cartesian functions: 318
    Spherical Harmonics?: true
    Max angular momentum: 2

   => Loading Basis Set <=

    Name: (JUN-CC-PVDZ AUX)
    Role: JKFIT
    Keyword: DF_BASIS_SCF
    atoms 1, 14                                          entry N          line   202 file /home/alia/anaconda3/envs/mddemo/share/psi4/basis/jun-cc-pvdz-jkfit.gbs 
    atoms 2-4, 6, 8-10, 13, 15-17, 19, 21, 23, 25-27, 30 entry H          line    70 file /home/alia/anaconda3/envs/mddemo/share/psi4/basis/jun-cc-pvdz-jkfit.gbs 
    atoms 5, 7, 11, 18, 20, 24, 28                       entry C          line   146 file /home/alia/anaconda3/envs/mddemo/share/psi4/basis/jun-cc-pvdz-jkfit.gbs 
    atoms 12, 22, 29                                     entry O          line   258 file /home/alia/anaconda3/envs/mddemo/share/psi4/basis/jun-cc-pvdz-jkfit.gbs 

  ==> Integral Setup <==

  ==> DiskDFJK: Density-Fitted J/K Matrices <==

    J tasked:                  Yes
    K tasked:                  Yes
    wK tasked:                  No
    OpenMP threads:             32
    Integrals threads:          32
    Memory [MiB]:            57220
    Algorithm:                Core
    Integral Cache:           SAVE
    Schwarz Cutoff:          1E-12
    Fitting Condition:       1E-10

   => Auxiliary Basis Set <=

  Basis Set: (JUN-CC-PVDZ AUX)
    Blend: JUN-CC-PVDZ-JKFIT
    Number of shells: 486
    Number of basis functions: 1362
    Number of Cartesian functions: 1542
    Spherical Harmonics?: true
    Max angular momentum: 3

  Minimum eigenvalue in the overlap matrix is 6.4427621490E-05.
  Reciprocal condition number of the overlap matrix is 5.6537981589E-06.
    Using symmetric orthogonalization.

  ==> Pre-Iterations <==

  SCF Guess: Superposition of Atomic Densities via on-the-fly atomic UHF (no occupation information).

   -------------------------
    Irrep   Nso     Nmo    
   -------------------------
     A        306     306 
   -------------------------
    Total     306     306
   -------------------------

  ==> Iterations <==

                           Total Energy        Delta E     RMS |[F,P]|

   @DF-RHF iter SAD:  -607.21947542368434   -6.07219e+02   0.00000e+00 
   @DF-RHF iter   1:  -607.94413914508846   -7.24664e-01   2.79018e-03 DIIS
   @DF-RHF iter   2:  -608.26414207806204   -3.20003e-01   1.76468e-03 DIIS
   @DF-RHF iter   3:  -608.37321442110601   -1.09072e-01   3.94370e-04 DIIS
   @DF-RHF iter   4:  -608.38214122951626   -8.92681e-03   1.49426e-04 DIIS
   @DF-RHF iter   5:  -608.38343801290591   -1.29678e-03   3.69394e-05 DIIS
   @DF-RHF iter   6:  -608.38356993020136   -1.31917e-04   1.90019e-05 DIIS
   @DF-RHF iter   7:  -608.38360319128105   -3.32611e-05   8.45883e-06 DIIS
   @DF-RHF iter   8:  -608.38361125500592   -8.06372e-06   3.48357e-06 DIIS
   @DF-RHF iter   9:  -608.38361261061505   -1.35561e-06   1.31449e-06 DIIS
   @DF-RHF iter  10:  -608.38361278741422   -1.76799e-07   3.82088e-07 DIIS
   @DF-RHF iter  11:  -608.38361280416962   -1.67554e-08   1.52444e-07 DIIS
   @DF-RHF iter  12:  -608.38361280797403   -3.80442e-09   7.39921e-08 DIIS
   @DF-RHF iter  13:  -608.38361280918753   -1.21349e-09   4.02891e-08 DIIS
   @DF-RHF iter  14:  -608.38361280973879   -5.51267e-10   1.87497e-08 DIIS
   @DF-RHF iter  15:  -608.38361280985850   -1.19712e-10   6.94843e-09 DIIS
  Energy and wave function converged.


  ==> Post-Iterations <==

    Orbital Energies [Eh]
    ---------------------

    Doubly Occupied:                                                      

       1A    -20.827516     2A    -20.811511     3A    -20.804650  
       4A    -16.018972     5A    -15.995090     6A    -11.599970  
       7A    -11.577852     8A    -11.575129     9A    -11.566066  
      10A    -11.546533    11A    -11.514151    12A    -11.461525  
      13A     -1.662191    14A     -1.613671    15A     -1.590054  
      16A     -1.581914    17A     -1.570006    18A     -1.309029  
      19A     -1.307651    20A     -1.218054    21A     -1.166380  
      22A     -1.095614    23A     -1.082894    24A     -1.067676  
      25A     -1.039112    26A     -1.024541    27A     -0.991132  
      28A     -0.982012    29A     -0.960997    30A     -0.959531  
      31A     -0.902367    32A     -0.893363    33A     -0.873736  
      34A     -0.871532    35A     -0.855634    36A     -0.828855  
      37A     -0.816701    38A     -0.812360    39A     -0.796548  
      40A     -0.781290    41A     -0.764736    42A     -0.752946  
      43A     -0.750585    44A     -0.727251    45A     -0.706762  
      46A     -0.687962    47A     -0.685772    48A     -0.654049  

    Virtual:                                                              

      49A     -0.221199    50A     -0.188914    51A     -0.164078  
      52A     -0.154776    53A     -0.141825    54A     -0.139691  
      55A     -0.129532    56A     -0.120243    57A     -0.116484  
      58A     -0.105929    59A     -0.102495    60A     -0.098456  
      61A     -0.093459    62A     -0.085093    63A     -0.078717  
      64A     -0.076631    65A     -0.074002    66A     -0.071668  
      67A     -0.068668    68A     -0.064126    69A     -0.054124  
      70A     -0.048203    71A     -0.045562    72A     -0.039990  
      73A     -0.037801    74A     -0.031265    75A     -0.029298  
      76A     -0.022763    77A     -0.016728    78A     -0.014464  
      79A     -0.009523    80A     -0.008776    81A     -0.001139  
      82A      0.013086    83A      0.022223    84A      0.026437  
      85A      0.031686    86A      0.035677    87A      0.037846  
      88A      0.044355    89A      0.053172    90A      0.063577  
      91A      0.066846    92A      0.076497    93A      0.082744  
      94A      0.085612    95A      0.092257    96A      0.094123  
      97A      0.106970    98A      0.112143    99A      0.121381  
     100A      0.122756   101A      0.126871   102A      0.132219  
     103A      0.135776   104A      0.144759   105A      0.148241  
     106A      0.155357   107A      0.158921   108A      0.160965  
     109A      0.166551   110A      0.175338   111A      0.180715  
     112A      0.191832   113A      0.202618   114A      0.209611  
     115A      0.216535   116A      0.224068   117A      0.231198  
     118A      0.241321   119A      0.255953   120A      0.260208  
     121A      0.279551   122A      0.294766   123A      0.302422  
     124A      0.320583   125A      0.354946   126A      0.377188  
     127A      0.462182   128A      0.477611   129A      0.483457  
     130A      0.497468   131A      0.506091   132A      0.520480  
     133A      0.531690   134A      0.538371   135A      0.542818  
     136A      0.548820   137A      0.556738   138A      0.572239  
     139A      0.581670   140A      0.599795   141A      0.602515  
     142A      0.617868   143A      0.626634   144A      0.629139  
     145A      0.638917   146A      0.645593   147A      0.663366  
     148A      0.669260   149A      0.674997   150A      0.695755  
     151A      0.699030   152A      0.702379   153A      0.711816  
     154A      0.713967   155A      0.721600   156A      0.736706  
     157A      0.739947   158A      0.742944   159A      0.747876  
     160A      0.755129   161A      0.774936   162A      0.791330  
     163A      0.805217   164A      0.811758   165A      0.823268  
     166A      0.829983   167A      0.835292   168A      0.843624  
     169A      0.856585   170A      0.861324   171A      0.873032  
     172A      0.893196   173A      0.914505   174A      0.938959  
     175A      0.946017   176A      1.016382   177A      1.025872  
     178A      1.050523   179A      1.097603   180A      1.115913  
     181A      1.126489   182A      1.153604   183A      1.162583  
     184A      1.177645   185A      1.185221   186A      1.210353  
     187A      1.237493   188A      1.247542   189A      1.252327  
     190A      1.256178   191A      1.275027   192A      1.288710  
     193A      1.299654   194A      1.304261   195A      1.325174  
     196A      1.329840   197A      1.330842   198A      1.334352  
     199A      1.361934   200A      1.386525   201A      1.387879  
     202A      1.403964   203A      1.420333   204A      1.434483  
     205A      1.439137   206A      1.444877   207A      1.488868  
     208A      1.503150   209A      1.503660   210A      1.519767  
     211A      1.561056   212A      1.576217   213A      1.580700  
     214A      1.604204   215A      1.609535   216A      1.629300  
     217A      1.640749   218A      1.649661   219A      1.651688  
     220A      1.659837   221A      1.667154   222A      1.680600  
     223A      1.685841   224A      1.699370   225A      1.708795  
     226A      1.714180   227A      1.719104   228A      1.729439  
     229A      1.741864   230A      1.747494   231A      1.760955  
     232A      1.765777   233A      1.768612   234A      1.778785  
     235A      1.800060   236A      1.814207   237A      1.826251  
     238A      1.846370   239A      1.854189   240A      1.873681  
     241A      1.878790   242A      1.913365   243A      1.922127  
     244A      1.932739   245A      1.940391   246A      1.950942  
     247A      1.989881   248A      2.015500   249A      2.016446  
     250A      2.023314   251A      2.035014   252A      2.056380  
     253A      2.064017   254A      2.067444   255A      2.125881  
     256A      2.128684   257A      2.149921   258A      2.156056  
     259A      2.173616   260A      2.177232   261A      2.224733  
     262A      2.229615   263A      2.271184   264A      2.279489  
     265A      2.324194   266A      2.358165   267A      2.359493  
     268A      2.374023   269A      2.383730   270A      2.399717  
     271A      2.418262   272A      2.449431   273A      2.464158  
     274A      2.468850   275A      2.479856   276A      2.525218  
     277A      2.527238   278A      2.542333   279A      2.573415  
     280A      2.580952   281A      2.607837   282A      2.617694  
     283A      2.639436   284A      2.643984   285A      2.685125  
     286A      2.708857   287A      2.731310   288A      2.825015  
     289A      2.845308   290A      2.861744   291A      2.910190  
     292A      2.946779   293A      2.965226   294A      3.030245  
     295A      3.043655   296A      3.093668   297A      3.138613  
     298A      3.195564   299A      3.206509   300A      3.210823  
     301A      3.463914   302A      3.496194   303A      3.512214  
     304A      3.711657   305A      3.720942   306A      3.821157  

    Final Occupation by Irrep:
              A 
    DOCC [    48 ]

  @DF-RHF Final Energy:  -608.38361280985850

   => Energetics <=

    Nuclear Repulsion Energy =            653.5590698019617548
    One-Electron Energy =               -2100.5176216097061115
    Two-Electron Energy =                 838.5749389978857380
    Total Energy =                       -608.3836128098585050

Computation Completed


Properties will be evaluated at   0.000000,   0.000000,   0.000000 [a0]

Properties computed using the SCF density matrix

  Nuclear Dipole Moment: [e a0]
     X:     7.7286      Y:    -9.6897      Z:     9.1527

  Electronic Dipole Moment: [e a0]
     X:    -4.7412      Y:     3.6314      Z:    -8.5273

  Dipole Moment: [e a0]
     X:     2.9874      Y:    -6.0583      Z:     0.6254     Total:     6.7837

  Dipole Moment: [D]
     X:     7.5933      Y:   -15.3987      Z:     1.5897     Total:    17.2425


*** tstop() called on aliaconda at Sun Mar 20 05:28:55 2022
Module time:
	user time   =     320.80 seconds =       5.35 minutes
	system time =      38.97 seconds =       0.65 minutes
	total time  =         15 seconds =       0.25 minutes
Total time:
	user time   =   62367.85 seconds =    1039.46 minutes
	system time =    8668.01 seconds =     144.47 minutes
	total time  =       3918 seconds =      65.30 minutes

  //>>>>>>>>>>>>>>>>>>>>>>>>>>>>>>>>>>>//
  //            Monomer A HF           //
  //<<<<<<<<<<<<<<<<<<<<<<<<<<<<<<<<<<<//


*** tstart() called on aliaconda
*** at Sun Mar 20 05:28:55 2022

   => Loading Basis Set <=

    Name: JUN-CC-PVDZ
    Role: ORBITAL
    Keyword: BASIS
    atoms 1, 14                                          entry N          line   198 file /home/alia/anaconda3/envs/mddemo/share/psi4/basis/jun-cc-pvdz.gbs 
    atoms 2-4, 6, 8-10, 13, 15-17, 19, 21, 23, 25-27, 30 entry H          line    36 file /home/alia/anaconda3/envs/mddemo/share/psi4/basis/jun-cc-pvdz.gbs 
    atoms 5, 7, 11, 18, 20, 24, 28                       entry C          line   164 file /home/alia/anaconda3/envs/mddemo/share/psi4/basis/jun-cc-pvdz.gbs 
    atoms 12, 22, 29                                     entry O          line   232 file /home/alia/anaconda3/envs/mddemo/share/psi4/basis/jun-cc-pvdz.gbs 


         ---------------------------------------------------------
                                   SCF
               by Justin Turney, Rob Parrish, Andy Simmonett
                          and Daniel G. A. Smith
                              RHF Reference
                       32 Threads,  76293 MiB Core
         ---------------------------------------------------------

  ==> Geometry <==

    Molecular point group: c1
    Full point group: C1

    Geometry (in Angstrom), charge = 1, multiplicity = 1:

       Center              X                  Y                   Z               Mass       
    ------------   -----------------  -----------------  -----------------  -----------------
         N            0.635611901497    -5.658224205701    -0.988877859461    14.003074004430
         H           -0.323388209130    -5.867223839491    -1.685877409326     1.007825032230
         H            0.069611916755    -5.743224243848     0.072122487677     1.007825032230
         H            1.241611848091    -6.470224003523    -1.051877584802     1.007825032230
         C            1.180611977791    -4.387223820417    -1.176877584802    12.000000000000
         H            0.596611867164    -3.604223828046    -0.683877554285     1.007825032230
         C            2.564612040733    -4.495224098890    -0.457877722132    12.000000000000
         H            3.248612055992    -5.217224220960    -0.976877775537     1.007825032230
         H            2.449612031196    -4.877224068372     0.599122438086     1.007825032230
         H            3.003611932014    -3.418223957746    -0.360877600061     1.007825032230
         C            1.438611874794    -4.118224243848    -2.638877716409    12.000000000000
         O            0.746611962532    -4.726224045484    -3.432877626764    15.994914619570
         H            2.212096581672    -3.409314732282    -2.969285097467     1.007825032230
      Gh(N)           0.237612138008     2.171776194842     0.496122274054    14.003074004430
      Gh(H)           0.173612008308     1.987776179583    -0.691877451288     1.007825032230
      Gh(H)           0.434612164711     1.038775821001     0.846122178686     1.007825032230
      Gh(H)           1.024611840461     2.750775714190     0.677122506750     1.007825032230
      Gh(C)          -1.010388006951     2.848776240618     0.871122274054    12.000000000000
      Gh(H)          -1.738388170983     2.041776080401     1.103122148169     1.007825032230
      Gh(C)          -0.924388041283     3.703775782854     2.216122064245    12.000000000000
      Gh(H)          -1.925387968804     4.127775569231     2.453122529638     1.007825032230
      Gh(O)           0.073612103676     4.760775943072     2.180122766150    15.994914619570
      Gh(H)           0.999611745094     4.369776149065     2.000122460974     1.007825032230
      Gh(C)          -0.774387945916     2.741775889666     3.409121904028    12.000000000000
      Gh(H)           0.088611970161     2.068775553973     3.211121949805     1.007825032230
      Gh(H)          -1.683387865807     2.078775782854     3.421121987951     1.007825032230
      Gh(H)          -0.667388071801     3.260775943072     4.410122308386     1.007825032230
      Gh(C)          -1.582388033654     3.743775744707    -0.142877664911    12.000000000000
      Gh(O)          -2.774387945916     3.642775912554    -0.491877642023    15.994914619570
      Gh(H)          -0.948040594841     4.516278643877    -0.602053728449     1.007825032230

  Running in c1 symmetry.

  Rotational constants: A =      0.03804  B =      0.00464  C =      0.00437 [cm^-1]
  Rotational constants: A =   1140.37405  B =    139.10402  C =    131.07897 [MHz]
  Nuclear repulsion =  189.081756123064849

  Charge       = 1
  Multiplicity = 1
  Electrons    = 40
  Nalpha       = 20
  Nbeta        = 20

  ==> Algorithm <==

  SCF Algorithm Type is DF.
  DIIS enabled.
  MOM disabled.
  Fractional occupation disabled.
  Guess Type is SAD.
  Energy threshold   = 1.00e-08
  Density threshold  = 1.00e-08
  Integral threshold = 1.00e-12

  ==> Primary Basis <==

  Basis Set: JUN-CC-PVDZ
    Blend: JUN-CC-PVDZ
    Number of shells: 150
    Number of basis functions: 306
    Number of Cartesian functions: 318
    Spherical Harmonics?: true
    Max angular momentum: 2

   => Loading Basis Set <=

    Name: (JUN-CC-PVDZ AUX)
    Role: JKFIT
    Keyword: DF_BASIS_SCF
    atoms 1, 14                                          entry N          line   202 file /home/alia/anaconda3/envs/mddemo/share/psi4/basis/jun-cc-pvdz-jkfit.gbs 
    atoms 2-4, 6, 8-10, 13, 15-17, 19, 21, 23, 25-27, 30 entry H          line    70 file /home/alia/anaconda3/envs/mddemo/share/psi4/basis/jun-cc-pvdz-jkfit.gbs 
    atoms 5, 7, 11, 18, 20, 24, 28                       entry C          line   146 file /home/alia/anaconda3/envs/mddemo/share/psi4/basis/jun-cc-pvdz-jkfit.gbs 
    atoms 12, 22, 29                                     entry O          line   258 file /home/alia/anaconda3/envs/mddemo/share/psi4/basis/jun-cc-pvdz-jkfit.gbs 

  ==> Integral Setup <==

  ==> DiskDFJK: Density-Fitted J/K Matrices <==

    J tasked:                  Yes
    K tasked:                  Yes
    wK tasked:                  No
    OpenMP threads:             32
    Integrals threads:          32
    Memory [MiB]:            57220
    Algorithm:                Core
    Integral Cache:           LOAD
    Schwarz Cutoff:          1E-12
    Fitting Condition:       1E-10

   => Auxiliary Basis Set <=

  Basis Set: (JUN-CC-PVDZ AUX)
    Blend: JUN-CC-PVDZ-JKFIT
    Number of shells: 486
    Number of basis functions: 1362
    Number of Cartesian functions: 1542
    Spherical Harmonics?: true
    Max angular momentum: 3

  Minimum eigenvalue in the overlap matrix is 6.4427621490E-05.
  Reciprocal condition number of the overlap matrix is 5.6537981589E-06.
    Using symmetric orthogonalization.

  ==> Pre-Iterations <==

  SCF Guess: Superposition of Atomic Densities via on-the-fly atomic UHF (no occupation information).

   -------------------------
    Irrep   Nso     Nmo    
   -------------------------
     A        306     306 
   -------------------------
    Total     306     306
   -------------------------

  ==> Iterations <==

                           Total Energy        Delta E     RMS |[F,P]|

   @DF-RHF iter SAD:  -246.85993489312798   -2.46860e+02   0.00000e+00 
   @DF-RHF iter   1:  -247.12413672045378   -2.64202e-01   1.73372e-03 DIIS
   @DF-RHF iter   2:  -247.25273108016762   -1.28594e-01   1.03903e-03 DIIS
   @DF-RHF iter   3:  -247.29100923858061   -3.82782e-02   2.35780e-04 DIIS
   @DF-RHF iter   4:  -247.29433443869169   -3.32520e-03   8.78059e-05 DIIS
   @DF-RHF iter   5:  -247.29478726615781   -4.52827e-04   2.04269e-05 DIIS
   @DF-RHF iter   6:  -247.29483738588314   -5.01197e-05   9.25803e-06 DIIS
   @DF-RHF iter   7:  -247.29484611908305   -8.73320e-06   4.35801e-06 DIIS
   @DF-RHF iter   8:  -247.29484846752268   -2.34844e-06   1.39118e-06 DIIS
   @DF-RHF iter   9:  -247.29484870197714   -2.34454e-07   2.73598e-07 DIIS
   @DF-RHF iter  10:  -247.29484871039588   -8.41874e-09   8.46700e-08 DIIS
   @DF-RHF iter  11:  -247.29484871116372   -7.67841e-10   2.01982e-08 DIIS
   @DF-RHF iter  12:  -247.29484871121755   -5.38307e-11   7.61636e-09 DIIS
  Energy and wave function converged.


  ==> Post-Iterations <==

    Orbital Energies [Eh]
    ---------------------

    Doubly Occupied:                                                      

       1A    -20.755396     2A    -15.926793     3A    -11.528175  
       4A    -11.499573     5A    -11.439881     6A     -1.590918  
       7A     -1.511956     8A     -1.235739     9A     -1.093092  
      10A     -1.023644    11A     -0.953834    12A     -0.920742  
      13A     -0.885948    14A     -0.831425    15A     -0.801623  
      16A     -0.738922    17A     -0.722883    18A     -0.707436  
      19A     -0.680881    20A     -0.615881  

    Virtual:                                                              

      21A     -0.119006    22A     -0.076346    23A     -0.068929  
      24A     -0.057830    25A     -0.049026    26A     -0.032965  
      27A     -0.028615    28A     -0.023733    29A     -0.013096  
      30A     -0.010598    31A     -0.002606    32A      0.000378  
      33A      0.007961    34A      0.012402    35A      0.020351  
      36A      0.027881    37A      0.029613    38A      0.032612  
      39A      0.040548    40A      0.047316    41A      0.048785  
      42A      0.051271    43A      0.056856    44A      0.067844  
      45A      0.072840    46A      0.077778    47A      0.085715  
      48A      0.092526    49A      0.093689    50A      0.101996  
      51A      0.105622    52A      0.111904    53A      0.116863  
      54A      0.122400    55A      0.131433    56A      0.141040  
      57A      0.148057    58A      0.152776    59A      0.154222  
      60A      0.158575    61A      0.161629    62A      0.163416  
      63A      0.173134    64A      0.176336    65A      0.183635  
      66A      0.195129    67A      0.204238    68A      0.209119  
      69A      0.218777    70A      0.222927    71A      0.233093  
      72A      0.239511    73A      0.245529    74A      0.247217  
      75A      0.252194    76A      0.265496    77A      0.277480  
      78A      0.294033    79A      0.298500    80A      0.309916  
      81A      0.313978    82A      0.320771    83A      0.334769  
      84A      0.341927    85A      0.352355    86A      0.370669  
      87A      0.378631    88A      0.390618    89A      0.398418  
      90A      0.427117    91A      0.436284    92A      0.446283  
      93A      0.455625    94A      0.491704    95A      0.504797  
      96A      0.529158    97A      0.536626    98A      0.545208  
      99A      0.555551   100A      0.559777   101A      0.566164  
     102A      0.571122   103A      0.577996   104A      0.601513  
     105A      0.613842   106A      0.618361   107A      0.625561  
     108A      0.646194   109A      0.655822   110A      0.672781  
     111A      0.674830   112A      0.680129   113A      0.689984  
     114A      0.697147   115A      0.708962   116A      0.721451  
     117A      0.736780   118A      0.739371   119A      0.748447  
     120A      0.772657   121A      0.788600   122A      0.803146  
     123A      0.812300   124A      0.816783   125A      0.823488  
     126A      0.845679   127A      0.861640   128A      0.879882  
     129A      0.882844   130A      0.904407   131A      0.920602  
     132A      0.931634   133A      0.935008   134A      0.944033  
     135A      0.952662   136A      0.974355   137A      0.976729  
     138A      1.010820   139A      1.030332   140A      1.088238  
     141A      1.120952   142A      1.123696   143A      1.189166  
     144A      1.203178   145A      1.235458   146A      1.282123  
     147A      1.317838   148A      1.326124   149A      1.345620  
     150A      1.401166   151A      1.406022   152A      1.460558  
     153A      1.475998   154A      1.490131   155A      1.508994  
     156A      1.526552   157A      1.563528   158A      1.576417  
     159A      1.594073   160A      1.607279   161A      1.619114  
     162A      1.649337   163A      1.654492   164A      1.672898  
     165A      1.676154   166A      1.692288   167A      1.703148  
     168A      1.712562   169A      1.721459   170A      1.728093  
     171A      1.732847   172A      1.738380   173A      1.758572  
     174A      1.773255   175A      1.774351   176A      1.793157  
     177A      1.798568   178A      1.810298   179A      1.813508  
     180A      1.820552   181A      1.841928   182A      1.853476  
     183A      1.876377   184A      1.891184   185A      1.899103  
     186A      1.910562   187A      1.918167   188A      1.922233  
     189A      1.939941   190A      1.947490   191A      1.966039  
     192A      1.984610   193A      2.001830   194A      2.004395  
     195A      2.005172   196A      2.011613   197A      2.023374  
     198A      2.033855   199A      2.039079   200A      2.083550  
     201A      2.089825   202A      2.105914   203A      2.108526  
     204A      2.130575   205A      2.136917   206A      2.142777  
     207A      2.155500   208A      2.178306   209A      2.199921  
     210A      2.201429   211A      2.217041   212A      2.222906  
     213A      2.228809   214A      2.258532   215A      2.297141  
     216A      2.306184   217A      2.330433   218A      2.344715  
     219A      2.357672   220A      2.379765   221A      2.409025  
     222A      2.427101   223A      2.433003   224A      2.441089  
     225A      2.453683   226A      2.490878   227A      2.493612  
     228A      2.510369   229A      2.535194   230A      2.543535  
     231A      2.551256   232A      2.573988   233A      2.579379  
     234A      2.598102   235A      2.603264   236A      2.615940  
     237A      2.644579   238A      2.679237   239A      2.694595  
     240A      2.712896   241A      2.716541   242A      2.725649  
     243A      2.739820   244A      2.803419   245A      2.834184  
     246A      2.854331   247A      2.891193   248A      2.896180  
     249A      2.907663   250A      2.926362   251A      2.970258  
     252A      2.981046   253A      3.017732   254A      3.034602  
     255A      3.045205   256A      3.117376   257A      3.162867  
     258A      3.172136   259A      3.240344   260A      3.277068  
     261A      3.278511   262A      3.352729   263A      3.428873  
     264A      3.488707   265A      3.506695   266A      3.583455  
     267A      3.605135   268A      3.619747   269A      3.700536  
     270A      3.791618   271A      3.898179   272A      3.960547  
     273A      3.999275   274A      4.173202   275A      4.186235  
     276A      4.319386   277A      4.401556   278A      4.404404  
     279A      4.484081   280A      4.571273   281A      4.591166  
     282A      4.639782   283A      4.676760   284A      4.751973  
     285A      4.787120   286A      4.824495   287A      4.868059  
     288A      5.022934   289A      5.049752   290A      5.098822  
     291A      5.248710   292A      5.480647   293A      5.556904  
     294A      5.640248   295A      5.745558   296A      5.892122  
     297A      5.922725   298A      6.455506   299A      6.602338  
     300A     18.144383   301A     18.283116   302A     18.460695  
     303A     18.587261   304A     25.310658   305A     33.435723  
     306A     33.451161  

    Final Occupation by Irrep:
              A 
    DOCC [    20 ]

  @DF-RHF Final Energy:  -247.29484871121755

   => Energetics <=

    Nuclear Repulsion Energy =            189.0817561230648494
    One-Electron Energy =                -701.8237284069514317
    Two-Electron Energy =                 265.4471235726689997
    Total Energy =                       -247.2948487112175258

Computation Completed


Properties will be evaluated at   0.000000,   0.000000,   0.000000 [a0]

Properties computed using the SCF density matrix

  Nuclear Dipole Moment: [e a0]
     X:   102.0898      Y:  -366.6603      Z:  -126.7711

  Electronic Dipole Moment: [e a0]
     X:  -100.1129      Y:   356.9308      Z:   125.7369

  Dipole Moment: [e a0]
     X:     1.9769      Y:    -9.7295      Z:    -1.0342     Total:     9.9820

  Dipole Moment: [D]
     X:     5.0248      Y:   -24.7299      Z:    -2.6287     Total:    25.3717


*** tstop() called on aliaconda at Sun Mar 20 05:29:04 2022
Module time:
	user time   =     172.65 seconds =       2.88 minutes
	system time =      18.16 seconds =       0.30 minutes
	total time  =          9 seconds =       0.15 minutes
Total time:
	user time   =   62540.66 seconds =    1042.34 minutes
	system time =    8686.19 seconds =     144.77 minutes
	total time  =       3927 seconds =      65.45 minutes

  //>>>>>>>>>>>>>>>>>>>>>>>>>>>>>>>>>>>//
  //            Monomer B HF           //
  //<<<<<<<<<<<<<<<<<<<<<<<<<<<<<<<<<<<//


*** tstart() called on aliaconda
*** at Sun Mar 20 05:29:04 2022

   => Loading Basis Set <=

    Name: JUN-CC-PVDZ
    Role: ORBITAL
    Keyword: BASIS
    atoms 1, 14                                          entry N          line   198 file /home/alia/anaconda3/envs/mddemo/share/psi4/basis/jun-cc-pvdz.gbs 
    atoms 2-4, 6, 8-10, 13, 15-17, 19, 21, 23, 25-27, 30 entry H          line    36 file /home/alia/anaconda3/envs/mddemo/share/psi4/basis/jun-cc-pvdz.gbs 
    atoms 5, 7, 11, 18, 20, 24, 28                       entry C          line   164 file /home/alia/anaconda3/envs/mddemo/share/psi4/basis/jun-cc-pvdz.gbs 
    atoms 12, 22, 29                                     entry O          line   232 file /home/alia/anaconda3/envs/mddemo/share/psi4/basis/jun-cc-pvdz.gbs 


         ---------------------------------------------------------
                                   SCF
               by Justin Turney, Rob Parrish, Andy Simmonett
                          and Daniel G. A. Smith
                              RHF Reference
                       32 Threads,  76293 MiB Core
         ---------------------------------------------------------

  ==> Geometry <==

    Molecular point group: c1
    Full point group: C1

    Geometry (in Angstrom), charge = 1, multiplicity = 1:

       Center              X                  Y                   Z               Mass       
    ------------   -----------------  -----------------  -----------------  -----------------
      Gh(N)           0.635611901497    -5.658224205701    -0.988877859461    14.003074004430
      Gh(H)          -0.323388209130    -5.867223839491    -1.685877409326     1.007825032230
      Gh(H)           0.069611916755    -5.743224243848     0.072122487677     1.007825032230
      Gh(H)           1.241611848091    -6.470224003523    -1.051877584802     1.007825032230
      Gh(C)           1.180611977791    -4.387223820417    -1.176877584802    12.000000000000
      Gh(H)           0.596611867164    -3.604223828046    -0.683877554285     1.007825032230
      Gh(C)           2.564612040733    -4.495224098890    -0.457877722132    12.000000000000
      Gh(H)           3.248612055992    -5.217224220960    -0.976877775537     1.007825032230
      Gh(H)           2.449612031196    -4.877224068372     0.599122438086     1.007825032230
      Gh(H)           3.003611932014    -3.418223957746    -0.360877600061     1.007825032230
      Gh(C)           1.438611874794    -4.118224243848    -2.638877716409    12.000000000000
      Gh(O)           0.746611962532    -4.726224045484    -3.432877626764    15.994914619570
      Gh(H)           2.212096581672    -3.409314732282    -2.969285097467     1.007825032230
         N            0.237612138008     2.171776194842     0.496122274054    14.003074004430
         H            0.173612008308     1.987776179583    -0.691877451288     1.007825032230
         H            0.434612164711     1.038775821001     0.846122178686     1.007825032230
         H            1.024611840461     2.750775714190     0.677122506750     1.007825032230
         C           -1.010388006951     2.848776240618     0.871122274054    12.000000000000
         H           -1.738388170983     2.041776080401     1.103122148169     1.007825032230
         C           -0.924388041283     3.703775782854     2.216122064245    12.000000000000
         H           -1.925387968804     4.127775569231     2.453122529638     1.007825032230
         O            0.073612103676     4.760775943072     2.180122766150    15.994914619570
         H            0.999611745094     4.369776149065     2.000122460974     1.007825032230
         C           -0.774387945916     2.741775889666     3.409121904028    12.000000000000
         H            0.088611970161     2.068775553973     3.211121949805     1.007825032230
         H           -1.683387865807     2.078775782854     3.421121987951     1.007825032230
         H           -0.667388071801     3.260775943072     4.410122308386     1.007825032230
         C           -1.582388033654     3.743775744707    -0.142877664911    12.000000000000
         O           -2.774387945916     3.642775912554    -0.491877642023    15.994914619570
         H           -0.948040594841     4.516278643877    -0.602053728449     1.007825032230

  Running in c1 symmetry.

  Rotational constants: A =      0.03804  B =      0.00464  C =      0.00437 [cm^-1]
  Rotational constants: A =   1140.37405  B =    139.10402  C =    131.07897 [MHz]
  Nuclear repulsion =  326.299775954894017

  Charge       = 1
  Multiplicity = 1
  Electrons    = 56
  Nalpha       = 28
  Nbeta        = 28

  ==> Algorithm <==

  SCF Algorithm Type is DF.
  DIIS enabled.
  MOM disabled.
  Fractional occupation disabled.
  Guess Type is SAD.
  Energy threshold   = 1.00e-08
  Density threshold  = 1.00e-08
  Integral threshold = 1.00e-12

  ==> Primary Basis <==

  Basis Set: JUN-CC-PVDZ
    Blend: JUN-CC-PVDZ
    Number of shells: 150
    Number of basis functions: 306
    Number of Cartesian functions: 318
    Spherical Harmonics?: true
    Max angular momentum: 2

   => Loading Basis Set <=

    Name: (JUN-CC-PVDZ AUX)
    Role: JKFIT
    Keyword: DF_BASIS_SCF
    atoms 1, 14                                          entry N          line   202 file /home/alia/anaconda3/envs/mddemo/share/psi4/basis/jun-cc-pvdz-jkfit.gbs 
    atoms 2-4, 6, 8-10, 13, 15-17, 19, 21, 23, 25-27, 30 entry H          line    70 file /home/alia/anaconda3/envs/mddemo/share/psi4/basis/jun-cc-pvdz-jkfit.gbs 
    atoms 5, 7, 11, 18, 20, 24, 28                       entry C          line   146 file /home/alia/anaconda3/envs/mddemo/share/psi4/basis/jun-cc-pvdz-jkfit.gbs 
    atoms 12, 22, 29                                     entry O          line   258 file /home/alia/anaconda3/envs/mddemo/share/psi4/basis/jun-cc-pvdz-jkfit.gbs 

  ==> Integral Setup <==

  ==> DiskDFJK: Density-Fitted J/K Matrices <==

    J tasked:                  Yes
    K tasked:                  Yes
    wK tasked:                  No
    OpenMP threads:             32
    Integrals threads:          32
    Memory [MiB]:            57220
    Algorithm:                Core
    Integral Cache:           LOAD
    Schwarz Cutoff:          1E-12
    Fitting Condition:       1E-10

   => Auxiliary Basis Set <=

  Basis Set: (JUN-CC-PVDZ AUX)
    Blend: JUN-CC-PVDZ-JKFIT
    Number of shells: 486
    Number of basis functions: 1362
    Number of Cartesian functions: 1542
    Spherical Harmonics?: true
    Max angular momentum: 3

  Minimum eigenvalue in the overlap matrix is 6.4427621490E-05.
  Reciprocal condition number of the overlap matrix is 5.6537981589E-06.
    Using symmetric orthogonalization.

  ==> Pre-Iterations <==

  SCF Guess: Superposition of Atomic Densities via on-the-fly atomic UHF (no occupation information).

   -------------------------
    Irrep   Nso     Nmo    
   -------------------------
     A        306     306 
   -------------------------
    Total     306     306
   -------------------------

  ==> Iterations <==

                           Total Energy        Delta E     RMS |[F,P]|

   @DF-RHF iter SAD:  -360.35950413200351   -3.60360e+02   0.00000e+00 
   @DF-RHF iter   1:  -360.90019390689224   -5.40690e-01   2.16294e-03 DIIS
   @DF-RHF iter   2:  -361.08777490855095   -1.87581e-01   1.38903e-03 DIIS
   @DF-RHF iter   3:  -361.15490620250614   -6.71313e-02   3.09111e-04 DIIS
   @DF-RHF iter   4:  -361.16025568131931   -5.34948e-03   1.15171e-04 DIIS
   @DF-RHF iter   5:  -361.16101963208934   -7.63951e-04   2.78119e-05 DIIS
   @DF-RHF iter   6:  -361.16109347377500   -7.38417e-05   1.40229e-05 DIIS
   @DF-RHF iter   7:  -361.16111217199204   -1.86982e-05   5.90340e-06 DIIS
   @DF-RHF iter   8:  -361.16111660431005   -4.43232e-06   2.37281e-06 DIIS
   @DF-RHF iter   9:  -361.16111733502657   -7.30717e-07   6.66682e-07 DIIS
   @DF-RHF iter  10:  -361.16111739773078   -6.27042e-08   2.13143e-07 DIIS
   @DF-RHF iter  11:  -361.16111740495751   -7.22673e-09   8.24409e-08 DIIS
   @DF-RHF iter  12:  -361.16111740637842   -1.42091e-09   4.44946e-08 DIIS
   @DF-RHF iter  13:  -361.16111740696880   -5.90376e-10   2.50784e-08 DIIS
   @DF-RHF iter  14:  -361.16111740718912   -2.20325e-10   1.02616e-08 DIIS
   @DF-RHF iter  15:  -361.16111740722135   -3.22302e-11   3.40721e-09 DIIS
  Energy and wave function converged.


  ==> Post-Iterations <==

    Orbital Energies [Eh]
    ---------------------

    Doubly Occupied:                                                      

       1A    -20.756374     2A    -20.746959     3A    -15.950386  
       4A    -11.520466     5A    -11.504741     6A    -11.489385  
       7A    -11.403365     8A     -1.555058     9A     -1.531492  
      10A     -1.508025    11A     -1.247246    12A     -1.159094  
      13A     -1.020108    14A     -1.008649    15A     -0.974966  
      16A     -0.916667    17A     -0.900096    18A     -0.835072  
      19A     -0.812984    20A     -0.798983    21A     -0.770060  
      22A     -0.758230    23A     -0.707626    24A     -0.693562  
      25A     -0.670266    26A     -0.649527    27A     -0.629130  
      28A     -0.596693  

    Virtual:                                                              

      29A     -0.140188    30A     -0.087357    31A     -0.075760  
      32A     -0.059300    33A     -0.051572    34A     -0.039032  
      35A     -0.034759    36A     -0.026659    37A     -0.023539  
      38A     -0.015318    39A     -0.013337    40A     -0.008334  
      41A     -0.004401    42A     -0.002179    43A      0.012008  
      44A      0.016924    45A      0.026716    46A      0.030800  
      47A      0.035678    48A      0.038095    49A      0.039488  
      50A      0.045063    51A      0.047499    52A      0.048012  
      53A      0.049809    54A      0.060831    55A      0.072306  
      56A      0.082737    57A      0.089833    58A      0.092161  
      59A      0.095890    60A      0.104477    61A      0.107939  
      62A      0.112917    63A      0.122504    64A      0.125544  
      65A      0.136782    66A      0.140253    67A      0.145072  
      68A      0.148317    69A      0.154623    70A      0.162359  
      71A      0.165402    72A      0.175109    73A      0.183213  
      74A      0.189268    75A      0.191877    76A      0.194274  
      77A      0.203118    78A      0.205689    79A      0.212563  
      80A      0.216760    81A      0.221157    82A      0.237178  
      83A      0.241676    84A      0.248028    85A      0.267614  
      86A      0.271504    87A      0.276358    88A      0.284452  
      89A      0.287453    90A      0.290668    91A      0.308911  
      92A      0.310432    93A      0.335972    94A      0.344909  
      95A      0.355184    96A      0.359909    97A      0.360153  
      98A      0.374395    99A      0.377484   100A      0.392738  
     101A      0.427744   102A      0.436235   103A      0.444219  
     104A      0.459349   105A      0.503723   106A      0.510350  
     107A      0.531158   108A      0.535951   109A      0.541471  
     110A      0.566803   111A      0.578493   112A      0.589477  
     113A      0.600255   114A      0.608668   115A      0.618760  
     116A      0.625705   117A      0.636761   118A      0.677028  
     119A      0.682249   120A      0.687535   121A      0.693661  
     122A      0.706690   123A      0.708897   124A      0.724626  
     125A      0.751693   126A      0.756699   127A      0.758383  
     128A      0.769595   129A      0.781878   130A      0.796352  
     131A      0.798302   132A      0.803449   133A      0.812609  
     134A      0.826936   135A      0.835702   136A      0.867752  
     137A      0.875734   138A      0.881494   139A      0.890467  
     140A      0.896356   141A      0.906434   142A      0.916349  
     143A      0.920574   144A      0.953346   145A      0.975291  
     146A      0.986678   147A      1.003845   148A      1.084745  
     149A      1.147663   150A      1.157413   151A      1.184497  
     152A      1.213019   153A      1.237051   154A      1.244650  
     155A      1.297239   156A      1.312412   157A      1.344410  
     158A      1.358827   159A      1.362645   160A      1.383981  
     161A      1.388337   162A      1.420752   163A      1.449104  
     164A      1.477929   165A      1.480899   166A      1.492647  
     167A      1.499767   168A      1.503008   169A      1.536036  
     170A      1.545051   171A      1.562765   172A      1.585706  
     173A      1.588438   174A      1.624028   175A      1.640425  
     176A      1.648289   177A      1.664059   178A      1.674742  
     179A      1.679836   180A      1.687697   181A      1.703071  
     182A      1.707933   183A      1.726865   184A      1.734472  
     185A      1.740705   186A      1.742979   187A      1.767678  
     188A      1.774890   189A      1.790122   190A      1.793203  
     191A      1.799418   192A      1.821322   193A      1.824371  
     194A      1.837953   195A      1.840890   196A      1.859628  
     197A      1.873466   198A      1.890402   199A      1.911888  
     200A      1.912997   201A      1.933471   202A      1.937783  
     203A      1.939201   204A      1.957785   205A      1.970617  
     206A      1.984236   207A      1.990927   208A      2.000012  
     209A      2.015698   210A      2.017830   211A      2.049022  
     212A      2.068230   213A      2.075183   214A      2.079295  
     215A      2.083770   216A      2.104839   217A      2.116606  
     218A      2.127667   219A      2.141691   220A      2.168608  
     221A      2.187419   222A      2.206767   223A      2.214765  
     224A      2.226088   225A      2.231610   226A      2.233819  
     227A      2.238181   228A      2.289626   229A      2.305625  
     230A      2.319038   231A      2.336777   232A      2.371441  
     233A      2.385658   234A      2.398178   235A      2.418222  
     236A      2.424042   237A      2.434779   238A      2.444257  
     239A      2.461964   240A      2.504412   241A      2.511101  
     242A      2.527094   243A      2.530571   244A      2.584900  
     245A      2.598221   246A      2.611488   247A      2.633751  
     248A      2.639543   249A      2.668384   250A      2.678815  
     251A      2.689214   252A      2.699630   253A      2.739082  
     254A      2.744949   255A      2.752513   256A      2.770354  
     257A      2.804496   258A      2.818882   259A      2.872532  
     260A      2.902993   261A      2.925399   262A      2.964129  
     263A      3.025426   264A      3.044642   265A      3.069837  
     266A      3.088325   267A      3.106613   268A      3.116163  
     269A      3.193924   270A      3.202649   271A      3.250640  
     272A      3.268531   273A      3.293223   274A      3.412891  
     275A      3.458576   276A      3.519221   277A      3.540003  
     278A      3.553501   279A      3.683764   280A      3.768662  
     281A      3.776462   282A      3.875691   283A      3.966739  
     284A      4.001489   285A      4.149156   286A      4.171698  
     287A      4.335948   288A      4.383839   289A      4.601049  
     290A      4.638898   291A      4.696209   292A      4.717522  
     293A      4.823027   294A      4.864959   295A      4.986711  
     296A      5.246397   297A      5.439996   298A      5.536673  
     299A      5.730233   300A      5.853323   301A      6.711009  
     302A     18.181936   303A     18.344416   304A     18.556251  
     305A     25.331492   306A     33.423717  

    Final Occupation by Irrep:
              A 
    DOCC [    28 ]

  @DF-RHF Final Energy:  -361.16111740722135

   => Energetics <=

    Nuclear Repulsion Energy =            326.2997759548940166
    One-Electron Energy =               -1128.6913642368826913
    Two-Electron Energy =                 441.2304708747673203
    Total Energy =                       -361.1611174072213544

Computation Completed


Properties will be evaluated at   0.000000,   0.000000,   0.000000 [a0]

Properties computed using the SCF density matrix

  Nuclear Dipole Moment: [e a0]
     X:   -94.3611      Y:   356.9706      Z:   135.9238

  Electronic Dipole Moment: [e a0]
     X:    95.4252      Y:  -353.2878      Z:  -134.2422

  Dipole Moment: [e a0]
     X:     1.0640      Y:     3.6829      Z:     1.6817     Total:     4.1861

  Dipole Moment: [D]
     X:     2.7045      Y:     9.3609      Z:     4.2744     Total:    10.6401


*** tstop() called on aliaconda at Sun Mar 20 05:29:15 2022
Module time:
	user time   =     232.56 seconds =       3.88 minutes
	system time =      25.89 seconds =       0.43 minutes
	total time  =         11 seconds =       0.18 minutes
Total time:
	user time   =   62773.36 seconds =    1046.22 minutes
	system time =    8712.12 seconds =     145.20 minutes
	total time  =       3938 seconds =      65.63 minutes
  Constructing Basis Sets for SAPT...

   => Loading Basis Set <=

    Name: (JUN-CC-PVDZ AUX)
    Role: RIFIT
    Keyword: DF_BASIS_SAPT
    atoms 1, 14                                          entry N          line   144 file /home/alia/anaconda3/envs/mddemo/share/psi4/basis/jun-cc-pvdz-ri.gbs 
    atoms 2-4, 6, 8-10, 13, 15-17, 19, 21, 23, 25-27, 30 entry H          line    30 file /home/alia/anaconda3/envs/mddemo/share/psi4/basis/jun-cc-pvdz-ri.gbs 
    atoms 5, 7, 11, 18, 20, 24, 28                       entry C          line   100 file /home/alia/anaconda3/envs/mddemo/share/psi4/basis/jun-cc-pvdz-ri.gbs 
    atoms 12, 22, 29                                     entry O          line   188 file /home/alia/anaconda3/envs/mddemo/share/psi4/basis/jun-cc-pvdz-ri.gbs 


  //>>>>>>>>>>>>>>>>>>>>>>>>>>>>>>>>>>>//
  //               SAPT0               //
  //<<<<<<<<<<<<<<<<<<<<<<<<<<<<<<<<<<<//


*** tstart() called on aliaconda
*** at Sun Mar 20 05:29:15 2022

        SAPT0  
    Ed Hohenstein
     6 June 2009

      Orbital Information
  --------------------------
    NSO        =       306
    NMO        =       306
    NRI        =      1032
    NOCC A     =        20
    NOCC B     =        28
    FOCC A     =         0
    FOCC B     =         0
    NVIR A     =       286
    NVIR B     =       278

    Elst10,r            =     0.073386540470 [Eh]
    Exch10              =    -0.000000050151 [Eh]
    Exch10 (S^2)        =    -0.000000050151 [Eh]

    Iter     Energy [mEh]          dE [mEh]         Residual      Time [s]
       1      -0.59571529       0.595715287       6.815540857             1
       2      -0.57716617      -0.018549121       2.287853854             1
       3      -0.61573091       0.038564742       0.947695770             1
       4      -0.63061319       0.014882278       0.238354641             2
       5      -0.62886494      -0.001748249       0.131922396             2
       6      -0.62781869      -0.001046250       0.036977690             3
       7      -0.62805988       0.000241196       0.012949457             3
       8      -0.62813491       0.000075027       0.003854642             4
       9      -0.62812013      -0.000014781       0.002166482             4
      10      -0.62811320      -0.000006933       0.000866842             5
      11      -0.62811788       0.000004683       0.000271963             5
      12      -0.62811838       0.000000502       0.000063835             6
      13      -0.62811804      -0.000000343       0.000014687             6
      14      -0.62811803      -0.000000006       0.000004554             7
      15      -0.62811805       0.000000016       0.000001663             7
      16      -0.62811805      -0.000000000       0.000000621             8

    CHF Iterations converged


    Iter     Energy [mEh]          dE [mEh]         Residual      Time [s]
       1      -0.37269966       0.372699655       4.415267424             1
       2      -0.39119084       0.018491182       1.903320644             1
       3      -0.42059660       0.029405762       0.636062132             2
       4      -0.42571147       0.005114869       0.174669852             2
       5      -0.42480566      -0.000905811       0.099928067             3
       6      -0.42405649      -0.000749164       0.033597261             4
       7      -0.42413744       0.000080947       0.019211053             4
       8      -0.42427295       0.000135512       0.006961385             5
       9      -0.42424487      -0.000028083       0.003606460             5
      10      -0.42423104      -0.000013832       0.001514908             6
      11      -0.42423748       0.000006447       0.000667319             7
      12      -0.42423861       0.000001130       0.000235065             7
      13      -0.42423800      -0.000000615       0.000073099             8
      14      -0.42423777      -0.000000227       0.000018096             8
      15      -0.42423783       0.000000063       0.000005567             9
      16      -0.42423784       0.000000008       0.000001815            10
      17      -0.42423784      -0.000000005       0.000000647            10

    CHF Iterations converged

    Ind20,r (A<-B)      =    -0.000628118049 [Eh]
    Ind20,r (B<-A)      =    -0.000424237837 [Eh]
    Ind20,r             =    -0.001052355886 [Eh]
    Exch-Ind20,r (A<-B) =     0.000000011676 [Eh]
    Exch-Ind20,r (B<-A) =     0.000000016896 [Eh]
    Exch-Ind20,r        =     0.000000028572 [Eh]
    Disp20              =    -0.000096731859 [Eh]
    Disp20 (SS)         =    -0.000048365929 [Eh]
    Disp20 (OS)         =    -0.000048365929 [Eh]
    Exch-Disp20         =     0.000000009208 [Eh]
    Exch-Disp20 (SS)    =     0.000000006295 [Eh]
    Exch-Disp20 (OS)    =     0.000000002913 [Eh]

    SAPT Results 
  --------------------------------------------------------------------------------------------------------
    Electrostatics                 73.38654047 [mEh]      46.05074939 [kcal/mol]     192.67633546 [kJ/mol]
      Elst10,r                     73.38654047 [mEh]      46.05074939 [kcal/mol]     192.67633546 [kJ/mol]

    Exchange                       -0.00005015 [mEh]      -0.00003147 [kcal/mol]      -0.00013167 [kJ/mol]
      Exch10                       -0.00005015 [mEh]      -0.00003147 [kcal/mol]      -0.00013167 [kJ/mol]
      Exch10(S^2)                  -0.00005015 [mEh]      -0.00003147 [kcal/mol]      -0.00013167 [kJ/mol]

    Induction                      -1.03318174 [mEh]      -0.64833133 [kcal/mol]      -2.71261828 [kJ/mol]
      Ind20,r                      -1.05235589 [mEh]      -0.66036329 [kcal/mol]      -2.76296000 [kJ/mol]
      Exch-Ind20,r                  0.00002857 [mEh]       0.00001793 [kcal/mol]       0.00007502 [kJ/mol]
      delta HF,r (2)                0.01914558 [mEh]       0.01201403 [kcal/mol]       0.05026670 [kJ/mol]

    Dispersion                     -0.09672265 [mEh]      -0.06069438 [kcal/mol]      -0.25394528 [kJ/mol]
      Disp20                       -0.09673186 [mEh]      -0.06070016 [kcal/mol]      -0.25396946 [kJ/mol]
      Exch-Disp20                   0.00000921 [mEh]       0.00000578 [kcal/mol]       0.00002418 [kJ/mol]
      Disp20 (SS)                  -0.04836593 [mEh]      -0.03035008 [kcal/mol]      -0.12698473 [kJ/mol]
      Disp20 (OS)                  -0.04836593 [mEh]      -0.03035008 [kcal/mol]      -0.12698473 [kJ/mol]
      Exch-Disp20 (SS)              0.00000629 [mEh]       0.00000395 [kcal/mol]       0.00001653 [kJ/mol]
      Exch-Disp20 (OS)              0.00000291 [mEh]       0.00000183 [kcal/mol]       0.00000765 [kJ/mol]

  Total HF                         72.35330858 [mEh]      45.40238659 [kcal/mol]     189.96358551 [kJ/mol]
  Total SAPT0                      72.25658593 [mEh]      45.34169221 [kcal/mol]     189.70964022 [kJ/mol]

  Special recipe for scaled SAPT0 (see Manual):
    Electrostatics sSAPT0          73.38654047 [mEh]      46.05074939 [kcal/mol]     192.67633546 [kJ/mol]
    Exchange sSAPT0                -0.00005015 [mEh]      -0.00003147 [kcal/mol]      -0.00013167 [kJ/mol]
    Induction sSAPT0               -1.03318174 [mEh]      -0.64833133 [kcal/mol]      -2.71261828 [kJ/mol]
    Dispersion sSAPT0              -0.09672265 [mEh]      -0.06069438 [kcal/mol]      -0.25394528 [kJ/mol]
  Total sSAPT0                     72.25658593 [mEh]      45.34169221 [kcal/mol]     189.70964022 [kJ/mol]
  --------------------------------------------------------------------------------------------------------

*** tstop() called on aliaconda at Sun Mar 20 05:30:04 2022
Module time:
	user time   =     700.91 seconds =      11.68 minutes
	system time =     120.31 seconds =       2.01 minutes
	total time  =         49 seconds =       0.82 minutes
Total time:
	user time   =   63476.84 seconds =    1057.95 minutes
	system time =    8832.90 seconds =     147.22 minutes
	total time  =       3987 seconds =      66.45 minutes


Warning! sapt0 does not have an associated derived wavefunction.The returned wavefunction is the dimer SCF wavefunction.


  Memory set to  74.506 GiB by Python driver.
  Threads set to 32 by Python driver.
