
Scratch directory: /tmp/

Scratch directory: /tmp/

  //>>>>>>>>>>>>>>>>>>>>>>>>>>>>>>>>>>>//
  //              Dimer HF             //
  //<<<<<<<<<<<<<<<<<<<<<<<<<<<<<<<<<<<//


*** tstart() called on aliaconda
*** at Sun Mar 20 06:12:55 2022

   => Loading Basis Set <=

    Name: JUN-CC-PVDZ
    Role: ORBITAL
    Keyword: BASIS
    atoms 1, 14                                          entry N          line   198 file /home/alia/anaconda3/envs/mddemo/share/psi4/basis/jun-cc-pvdz.gbs 
    atoms 2-4, 6, 8-10, 13, 15-17, 19, 21, 23, 25-27, 30 entry H          line    36 file /home/alia/anaconda3/envs/mddemo/share/psi4/basis/jun-cc-pvdz.gbs 
    atoms 5, 7, 11, 18, 20, 24, 28                       entry C          line   164 file /home/alia/anaconda3/envs/mddemo/share/psi4/basis/jun-cc-pvdz.gbs 
    atoms 12, 22, 29                                     entry O          line   232 file /home/alia/anaconda3/envs/mddemo/share/psi4/basis/jun-cc-pvdz.gbs 


         ---------------------------------------------------------
                                   SCF
               by Justin Turney, Rob Parrish, Andy Simmonett
                          and Daniel G. A. Smith
                              RHF Reference
                       32 Threads,  76293 MiB Core
         ---------------------------------------------------------

  ==> Geometry <==

    Molecular point group: c1
    Full point group: C1

    Geometry (in Angstrom), charge = 2, multiplicity = 1:

       Center              X                  Y                   Z               Mass       
    ------------   -----------------  -----------------  -----------------  -----------------
         N           -0.060315262995    -5.675239469194    -0.802230316622    14.003074004430
         H           -0.672315251551    -5.666239644670     0.235769313352     1.007825032230
         H           -0.981315266810    -5.938239480638    -1.529230553133     1.007825032230
         H            0.596684801855    -6.431239511155    -0.762230354769     1.007825032230
         C            0.579684603491    -4.370239640855    -0.994230705721    12.000000000000
         H           -0.096315514765    -3.564239408158    -0.687230545504     1.007825032230
         C            1.923684704580    -4.459239389085    -0.279230553133    12.000000000000
         H            2.503684628286    -5.434239770555    -0.504230457766     1.007825032230
         H            1.782684672155    -4.458239461564     0.816769641416     1.007825032230
         H            2.563684571066    -3.588239576005    -0.427230316622     1.007825032230
         C            0.794684756079    -4.277239705705    -2.499230581744    12.000000000000
         O            0.402684557714    -5.130239392900    -3.269230562670    15.994914619570
         H            1.325776446142    -3.403252030992    -2.904307562334     1.007825032230
         N            0.523684370794     2.337760065413     0.096769374387    14.003074004430
         H            0.697684634008     1.163760279036     0.281769317167     1.007825032230
         H            0.360684740820     2.295760248519    -1.095230537875     1.007825032230
         H            1.390684473791     2.892760370589     0.242769282835     1.007825032230
         C           -0.635315549097     2.993760202742     0.680769485014    12.000000000000
         H           -1.535315644465     2.369760607100     0.604769271391     1.007825032230
         C           -0.569315564356     3.423760507918     2.086769622343    12.000000000000
         H           -1.608315598688     3.774760340072     2.440769713895     1.007825032230
         O            0.324684489050     4.520760629989     2.328769248502    15.994914619570
         H            1.249684679785     4.198760126448     2.226769488828     1.007825032230
         C           -0.094315182886     2.301760767318     2.969769042509    12.000000000000
         H            0.937684405126     2.061760042525     2.643769782560     1.007825032230
         H           -0.794315468989     1.462760065413     2.934769195097     1.007825032230
         H            0.043684828558     2.686760042525     4.014769118803     1.007825032230
         C           -1.094315182886     4.116760347701    -0.171230751498    12.000000000000
         O           -2.279315602503     4.419760797835    -0.279230553133    15.994914619570
         H           -0.345635068140     4.700157259322    -0.727221924288     1.007825032230

  Running in c1 symmetry.

  Rotational constants: A =      0.04098  B =      0.00476  C =      0.00449 [cm^-1]
  Rotational constants: A =   1228.41563  B =    142.69874  C =    134.50178 [MHz]
  Nuclear repulsion =  662.898537772618511

  Charge       = 2
  Multiplicity = 1
  Electrons    = 96
  Nalpha       = 48
  Nbeta        = 48

  ==> Algorithm <==

  SCF Algorithm Type is DF.
  DIIS enabled.
  MOM disabled.
  Fractional occupation disabled.
  Guess Type is SAD.
  Energy threshold   = 1.00e-08
  Density threshold  = 1.00e-08
  Integral threshold = 1.00e-12

  ==> Primary Basis <==

  Basis Set: JUN-CC-PVDZ
    Blend: JUN-CC-PVDZ
    Number of shells: 150
    Number of basis functions: 306
    Number of Cartesian functions: 318
    Spherical Harmonics?: true
    Max angular momentum: 2

   => Loading Basis Set <=

    Name: (JUN-CC-PVDZ AUX)
    Role: JKFIT
    Keyword: DF_BASIS_SCF
    atoms 1, 14                                          entry N          line   202 file /home/alia/anaconda3/envs/mddemo/share/psi4/basis/jun-cc-pvdz-jkfit.gbs 
    atoms 2-4, 6, 8-10, 13, 15-17, 19, 21, 23, 25-27, 30 entry H          line    70 file /home/alia/anaconda3/envs/mddemo/share/psi4/basis/jun-cc-pvdz-jkfit.gbs 
    atoms 5, 7, 11, 18, 20, 24, 28                       entry C          line   146 file /home/alia/anaconda3/envs/mddemo/share/psi4/basis/jun-cc-pvdz-jkfit.gbs 
    atoms 12, 22, 29                                     entry O          line   258 file /home/alia/anaconda3/envs/mddemo/share/psi4/basis/jun-cc-pvdz-jkfit.gbs 

  ==> Integral Setup <==

  ==> DiskDFJK: Density-Fitted J/K Matrices <==

    J tasked:                  Yes
    K tasked:                  Yes
    wK tasked:                  No
    OpenMP threads:             32
    Integrals threads:          32
    Memory [MiB]:            57220
    Algorithm:                Core
    Integral Cache:           SAVE
    Schwarz Cutoff:          1E-12
    Fitting Condition:       1E-10

   => Auxiliary Basis Set <=

  Basis Set: (JUN-CC-PVDZ AUX)
    Blend: JUN-CC-PVDZ-JKFIT
    Number of shells: 486
    Number of basis functions: 1362
    Number of Cartesian functions: 1542
    Spherical Harmonics?: true
    Max angular momentum: 3

  Minimum eigenvalue in the overlap matrix is 4.5964565721E-05.
  Reciprocal condition number of the overlap matrix is 3.9632975701E-06.
    Using symmetric orthogonalization.

  ==> Pre-Iterations <==

  SCF Guess: Superposition of Atomic Densities via on-the-fly atomic UHF (no occupation information).

   -------------------------
    Irrep   Nso     Nmo    
   -------------------------
     A        306     306 
   -------------------------
    Total     306     306
   -------------------------

  ==> Iterations <==

                           Total Energy        Delta E     RMS |[F,P]|

   @DF-RHF iter SAD:  -607.54306596120637   -6.07543e+02   0.00000e+00 
   @DF-RHF iter   1:  -607.96055066690928   -4.17485e-01   2.81671e-03 DIIS
   @DF-RHF iter   2:  -608.28553685127122   -3.24986e-01   1.75698e-03 DIIS
   @DF-RHF iter   3:  -608.39411167097512   -1.08575e-01   3.91440e-04 DIIS
   @DF-RHF iter   4:  -608.40276110317359   -8.64943e-03   1.46887e-04 DIIS
   @DF-RHF iter   5:  -608.40399923013331   -1.23813e-03   3.44119e-05 DIIS
   @DF-RHF iter   6:  -608.40411882828369   -1.19598e-04   1.69757e-05 DIIS
   @DF-RHF iter   7:  -608.40414622646028   -2.73982e-05   7.70481e-06 DIIS
   @DF-RHF iter   8:  -608.40415283201355   -6.60555e-06   3.26410e-06 DIIS
   @DF-RHF iter   9:  -608.40415403130851   -1.19929e-06   1.17722e-06 DIIS
   @DF-RHF iter  10:  -608.40415418328962   -1.51981e-07   3.89969e-07 DIIS
   @DF-RHF iter  11:  -608.40415420248632   -1.91967e-08   1.68649e-07 DIIS
   @DF-RHF iter  12:  -608.40415420838713   -5.90080e-09   8.63549e-08 DIIS
   @DF-RHF iter  13:  -608.40415421046259   -2.07547e-09   4.47215e-08 DIIS
   @DF-RHF iter  14:  -608.40415421117586   -7.13271e-10   1.74024e-08 DIIS
   @DF-RHF iter  15:  -608.40415421126067   -8.48104e-11   5.55188e-09 DIIS
  Energy and wave function converged.


  ==> Post-Iterations <==

    Orbital Energies [Eh]
    ---------------------

    Doubly Occupied:                                                      

       1A    -20.828061     2A    -20.803554     3A    -20.796927  
       4A    -16.023675     5A    -15.990610     6A    -11.599310  
       7A    -11.586660     8A    -11.577579     9A    -11.558808  
      10A    -11.536151    11A    -11.513119    12A    -11.462274  
      13A     -1.660726    14A     -1.625478    15A     -1.599959  
      16A     -1.574197    17A     -1.563614    18A     -1.324604  
      19A     -1.318356    20A     -1.229723    21A     -1.179121  
      22A     -1.089110    23A     -1.078161    24A     -1.073873  
      25A     -1.037567    26A     -1.025997    27A     -0.988764  
      28A     -0.979997    29A     -0.972906    30A     -0.946741  
      31A     -0.905200    32A     -0.889288    33A     -0.879325  
      34A     -0.875761    35A     -0.865158    36A     -0.841554  
      37A     -0.830560    38A     -0.816216    39A     -0.810838  
      40A     -0.791510    41A     -0.773976    42A     -0.763564  
      43A     -0.753550    44A     -0.729748    45A     -0.715569  
      46A     -0.689023    47A     -0.685254    48A     -0.657097  

    Virtual:                                                              

      49A     -0.221241    50A     -0.185682    51A     -0.168547  
      52A     -0.157672    53A     -0.142408    54A     -0.136327  
      55A     -0.130567    56A     -0.121898    57A     -0.118960  
      58A     -0.112138    59A     -0.101029    60A     -0.098529  
      61A     -0.091762    62A     -0.087645    63A     -0.084948  
      64A     -0.077413    65A     -0.075353    66A     -0.071410  
      67A     -0.068391    68A     -0.066540    69A     -0.050293  
      70A     -0.048666    71A     -0.044416    72A     -0.040603  
      73A     -0.039917    74A     -0.032987    75A     -0.028182  
      76A     -0.024591    77A     -0.018262    78A     -0.013931  
      79A     -0.009352    80A     -0.007949    81A      0.000589  
      82A      0.001859    83A      0.012729    84A      0.029738  
      85A      0.035414    86A      0.037527    87A      0.040871  
      88A      0.047452    89A      0.055660    90A      0.056977  
      91A      0.063219    92A      0.075428    93A      0.079420  
      94A      0.086420    95A      0.096640    96A      0.097498  
      97A      0.101073    98A      0.109786    99A      0.116096  
     100A      0.119450   101A      0.124529   102A      0.130402  
     103A      0.135273   104A      0.140056   105A      0.145049  
     106A      0.155536   107A      0.158442   108A      0.164235  
     109A      0.175030   110A      0.178859   111A      0.191072  
     112A      0.197601   113A      0.208977   114A      0.213795  
     115A      0.222083   116A      0.235615   117A      0.246355  
     118A      0.253374   119A      0.260240   120A      0.264890  
     121A      0.274091   122A      0.306412   123A      0.322250  
     124A      0.332563   125A      0.366700   126A      0.372780  
     127A      0.438652   128A      0.470601   129A      0.474650  
     130A      0.494744   131A      0.512515   132A      0.514906  
     133A      0.537544   134A      0.543123   135A      0.547728  
     136A      0.557070   137A      0.562411   138A      0.567052  
     139A      0.589873   140A      0.600153   141A      0.619646  
     142A      0.625201   143A      0.628072   144A      0.633933  
     145A      0.641989   146A      0.659014   147A      0.662188  
     148A      0.665624   149A      0.670164   150A      0.687777  
     151A      0.695010   152A      0.705442   153A      0.707236  
     154A      0.717149   155A      0.726027   156A      0.728967  
     157A      0.733533   158A      0.740581   159A      0.753379  
     160A      0.758766   161A      0.762192   162A      0.803450  
     163A      0.808915   164A      0.813707   165A      0.821472  
     166A      0.835869   167A      0.847025   168A      0.854779  
     169A      0.858262   170A      0.867700   171A      0.872008  
     172A      0.907416   173A      0.925137   174A      0.939460  
     175A      0.977049   176A      1.036866   177A      1.043484  
     178A      1.067321   179A      1.086724   180A      1.103647  
     181A      1.150436   182A      1.152501   183A      1.163556  
     184A      1.183163   185A      1.204580   186A      1.208251  
     187A      1.229356   188A      1.229563   189A      1.252507  
     190A      1.265099   191A      1.272278   192A      1.279630  
     193A      1.299219   194A      1.311071   195A      1.322119  
     196A      1.331856   197A      1.342422   198A      1.342649  
     199A      1.360220   200A      1.366736   201A      1.389537  
     202A      1.404202   203A      1.421023   204A      1.442448  
     205A      1.449824   206A      1.459694   207A      1.482747  
     208A      1.536989   209A      1.543425   210A      1.543618  
     211A      1.557877   212A      1.582634   213A      1.589255  
     214A      1.617849   215A      1.618700   216A      1.623250  
     217A      1.633159   218A      1.642033   219A      1.645714  
     220A      1.659951   221A      1.667689   222A      1.684391  
     223A      1.686546   224A      1.688487   225A      1.699259  
     226A      1.722162   227A      1.725901   228A      1.747926  
     229A      1.754706   230A      1.758915   231A      1.774319  
     232A      1.786714   233A      1.788938   234A      1.806707  
     235A      1.814259   236A      1.818009   237A      1.837408  
     238A      1.847491   239A      1.856785   240A      1.887588  
     241A      1.895974   242A      1.921136   243A      1.926905  
     244A      1.935976   245A      1.964315   246A      1.967968  
     247A      1.977598   248A      2.010685   249A      2.029872  
     250A      2.034694   251A      2.045935   252A      2.076057  
     253A      2.083921   254A      2.101092   255A      2.115553  
     256A      2.141159   257A      2.174440   258A      2.185251  
     259A      2.192827   260A      2.217188   261A      2.217919  
     262A      2.248254   263A      2.264591   264A      2.327605  
     265A      2.344932   266A      2.345360   267A      2.360679  
     268A      2.373626   269A      2.376845   270A      2.424805  
     271A      2.433212   272A      2.452487   273A      2.455564  
     274A      2.501172   275A      2.534665   276A      2.560043  
     277A      2.564943   278A      2.592785   279A      2.596816  
     280A      2.610924   281A      2.635023   282A      2.635796  
     283A      2.650452   284A      2.674211   285A      2.713744  
     286A      2.743906   287A      2.747932   288A      2.828351  
     289A      2.844415   290A      2.879867   291A      2.910536  
     292A      2.936662   293A      2.982230   294A      3.010754  
     295A      3.064771   296A      3.092890   297A      3.180128  
     298A      3.214743   299A      3.225696   300A      3.241580  
     301A      3.482282   302A      3.487332   303A      3.527415  
     304A      3.723917   305A      3.750487   306A      3.890957  

    Final Occupation by Irrep:
              A 
    DOCC [    48 ]

  @DF-RHF Final Energy:  -608.40415421126067

   => Energetics <=

    Nuclear Repulsion Energy =            662.8985377726185106
    One-Electron Energy =               -2118.9677538253877174
    Two-Electron Energy =                 847.6650618415085319
    Total Energy =                       -608.4041542112606749

Computation Completed


Properties will be evaluated at   0.000000,   0.000000,   0.000000 [a0]

Properties computed using the SCF density matrix

  Nuclear Dipole Moment: [e a0]
     X:     6.9464      Y:   -10.1688      Z:     7.3139

  Electronic Dipole Moment: [e a0]
     X:    -4.8080      Y:     4.2849      Z:    -7.3706

  Dipole Moment: [e a0]
     X:     2.1384      Y:    -5.8838      Z:    -0.0568     Total:     6.2606

  Dipole Moment: [D]
     X:     5.4352      Y:   -14.9552      Z:    -0.1443     Total:    15.9129


*** tstop() called on aliaconda at Sun Mar 20 06:13:10 2022
Module time:
	user time   =     328.29 seconds =       5.47 minutes
	system time =      39.44 seconds =       0.66 minutes
	total time  =         15 seconds =       0.25 minutes
Total time:
	user time   =  107305.79 seconds =    1788.43 minutes
	system time =   15012.70 seconds =     250.21 minutes
	total time  =       6573 seconds =     109.55 minutes

  //>>>>>>>>>>>>>>>>>>>>>>>>>>>>>>>>>>>//
  //            Monomer A HF           //
  //<<<<<<<<<<<<<<<<<<<<<<<<<<<<<<<<<<<//


*** tstart() called on aliaconda
*** at Sun Mar 20 06:13:10 2022

   => Loading Basis Set <=

    Name: JUN-CC-PVDZ
    Role: ORBITAL
    Keyword: BASIS
    atoms 1, 14                                          entry N          line   198 file /home/alia/anaconda3/envs/mddemo/share/psi4/basis/jun-cc-pvdz.gbs 
    atoms 2-4, 6, 8-10, 13, 15-17, 19, 21, 23, 25-27, 30 entry H          line    36 file /home/alia/anaconda3/envs/mddemo/share/psi4/basis/jun-cc-pvdz.gbs 
    atoms 5, 7, 11, 18, 20, 24, 28                       entry C          line   164 file /home/alia/anaconda3/envs/mddemo/share/psi4/basis/jun-cc-pvdz.gbs 
    atoms 12, 22, 29                                     entry O          line   232 file /home/alia/anaconda3/envs/mddemo/share/psi4/basis/jun-cc-pvdz.gbs 


         ---------------------------------------------------------
                                   SCF
               by Justin Turney, Rob Parrish, Andy Simmonett
                          and Daniel G. A. Smith
                              RHF Reference
                       32 Threads,  76293 MiB Core
         ---------------------------------------------------------

  ==> Geometry <==

    Molecular point group: c1
    Full point group: C1

    Geometry (in Angstrom), charge = 1, multiplicity = 1:

       Center              X                  Y                   Z               Mass       
    ------------   -----------------  -----------------  -----------------  -----------------
         N           -0.060315262995    -5.675239469194    -0.802230316622    14.003074004430
         H           -0.672315251551    -5.666239644670     0.235769313352     1.007825032230
         H           -0.981315266810    -5.938239480638    -1.529230553133     1.007825032230
         H            0.596684801855    -6.431239511155    -0.762230354769     1.007825032230
         C            0.579684603491    -4.370239640855    -0.994230705721    12.000000000000
         H           -0.096315514765    -3.564239408158    -0.687230545504     1.007825032230
         C            1.923684704580    -4.459239389085    -0.279230553133    12.000000000000
         H            2.503684628286    -5.434239770555    -0.504230457766     1.007825032230
         H            1.782684672155    -4.458239461564     0.816769641416     1.007825032230
         H            2.563684571066    -3.588239576005    -0.427230316622     1.007825032230
         C            0.794684756079    -4.277239705705    -2.499230581744    12.000000000000
         O            0.402684557714    -5.130239392900    -3.269230562670    15.994914619570
         H            1.325776446142    -3.403252030992    -2.904307562334     1.007825032230
      Gh(N)           0.523684370794     2.337760065413     0.096769374387    14.003074004430
      Gh(H)           0.697684634008     1.163760279036     0.281769317167     1.007825032230
      Gh(H)           0.360684740820     2.295760248519    -1.095230537875     1.007825032230
      Gh(H)           1.390684473791     2.892760370589     0.242769282835     1.007825032230
      Gh(C)          -0.635315549097     2.993760202742     0.680769485014    12.000000000000
      Gh(H)          -1.535315644465     2.369760607100     0.604769271391     1.007825032230
      Gh(C)          -0.569315564356     3.423760507918     2.086769622343    12.000000000000
      Gh(H)          -1.608315598688     3.774760340072     2.440769713895     1.007825032230
      Gh(O)           0.324684489050     4.520760629989     2.328769248502    15.994914619570
      Gh(H)           1.249684679785     4.198760126448     2.226769488828     1.007825032230
      Gh(C)          -0.094315182886     2.301760767318     2.969769042509    12.000000000000
      Gh(H)           0.937684405126     2.061760042525     2.643769782560     1.007825032230
      Gh(H)          -0.794315468989     1.462760065413     2.934769195097     1.007825032230
      Gh(H)           0.043684828558     2.686760042525     4.014769118803     1.007825032230
      Gh(C)          -1.094315182886     4.116760347701    -0.171230751498    12.000000000000
      Gh(O)          -2.279315602503     4.419760797835    -0.279230553133    15.994914619570
      Gh(H)          -0.345635068140     4.700157259322    -0.727221924288     1.007825032230

  Running in c1 symmetry.

  Rotational constants: A =      0.04098  B =      0.00476  C =      0.00449 [cm^-1]
  Rotational constants: A =   1228.41563  B =    142.69874  C =    134.50178 [MHz]
  Nuclear repulsion =  188.404382837432507

  Charge       = 1
  Multiplicity = 1
  Electrons    = 40
  Nalpha       = 20
  Nbeta        = 20

  ==> Algorithm <==

  SCF Algorithm Type is DF.
  DIIS enabled.
  MOM disabled.
  Fractional occupation disabled.
  Guess Type is SAD.
  Energy threshold   = 1.00e-08
  Density threshold  = 1.00e-08
  Integral threshold = 1.00e-12

  ==> Primary Basis <==

  Basis Set: JUN-CC-PVDZ
    Blend: JUN-CC-PVDZ
    Number of shells: 150
    Number of basis functions: 306
    Number of Cartesian functions: 318
    Spherical Harmonics?: true
    Max angular momentum: 2

   => Loading Basis Set <=

    Name: (JUN-CC-PVDZ AUX)
    Role: JKFIT
    Keyword: DF_BASIS_SCF
    atoms 1, 14                                          entry N          line   202 file /home/alia/anaconda3/envs/mddemo/share/psi4/basis/jun-cc-pvdz-jkfit.gbs 
    atoms 2-4, 6, 8-10, 13, 15-17, 19, 21, 23, 25-27, 30 entry H          line    70 file /home/alia/anaconda3/envs/mddemo/share/psi4/basis/jun-cc-pvdz-jkfit.gbs 
    atoms 5, 7, 11, 18, 20, 24, 28                       entry C          line   146 file /home/alia/anaconda3/envs/mddemo/share/psi4/basis/jun-cc-pvdz-jkfit.gbs 
    atoms 12, 22, 29                                     entry O          line   258 file /home/alia/anaconda3/envs/mddemo/share/psi4/basis/jun-cc-pvdz-jkfit.gbs 

  ==> Integral Setup <==

  ==> DiskDFJK: Density-Fitted J/K Matrices <==

    J tasked:                  Yes
    K tasked:                  Yes
    wK tasked:                  No
    OpenMP threads:             32
    Integrals threads:          32
    Memory [MiB]:            57220
    Algorithm:                Core
    Integral Cache:           LOAD
    Schwarz Cutoff:          1E-12
    Fitting Condition:       1E-10

   => Auxiliary Basis Set <=

  Basis Set: (JUN-CC-PVDZ AUX)
    Blend: JUN-CC-PVDZ-JKFIT
    Number of shells: 486
    Number of basis functions: 1362
    Number of Cartesian functions: 1542
    Spherical Harmonics?: true
    Max angular momentum: 3

  Minimum eigenvalue in the overlap matrix is 4.5964565722E-05.
  Reciprocal condition number of the overlap matrix is 3.9632975701E-06.
    Using symmetric orthogonalization.

  ==> Pre-Iterations <==

  SCF Guess: Superposition of Atomic Densities via on-the-fly atomic UHF (no occupation information).

   -------------------------
    Irrep   Nso     Nmo    
   -------------------------
     A        306     306 
   -------------------------
    Total     306     306
   -------------------------

  ==> Iterations <==

                           Total Energy        Delta E     RMS |[F,P]|

   @DF-RHF iter SAD:  -246.79622016678383   -2.46796e+02   0.00000e+00 
   @DF-RHF iter   1:  -247.13928893107203   -3.43069e-01   1.71950e-03 DIIS
   @DF-RHF iter   2:  -247.26552658965841   -1.26238e-01   1.03054e-03 DIIS
   @DF-RHF iter   3:  -247.30319497448488   -3.76684e-02   2.40135e-04 DIIS
   @DF-RHF iter   4:  -247.30658961428705   -3.39464e-03   8.41723e-05 DIIS
   @DF-RHF iter   5:  -247.30701880995656   -4.29196e-04   1.93188e-05 DIIS
   @DF-RHF iter   6:  -247.30706385600629   -4.50460e-05   8.20564e-06 DIIS
   @DF-RHF iter   7:  -247.30707113713845   -7.28113e-06   3.85275e-06 DIIS
   @DF-RHF iter   8:  -247.30707288746660   -1.75033e-06   1.33055e-06 DIIS
   @DF-RHF iter   9:  -247.30707309497015   -2.07504e-07   2.97662e-07 DIIS
   @DF-RHF iter  10:  -247.30707310461159   -9.64144e-09   9.62107e-08 DIIS
   @DF-RHF iter  11:  -247.30707310573314   -1.12155e-09   2.47994e-08 DIIS
   @DF-RHF iter  12:  -247.30707310583068   -9.75433e-11   1.03369e-08 DIIS
   @DF-RHF iter  13:  -247.30707310585888   -2.81943e-11   5.29036e-09 DIIS
  Energy and wave function converged.


  ==> Post-Iterations <==

    Orbital Energies [Eh]
    ---------------------

    Doubly Occupied:                                                      

       1A    -20.754971     2A    -15.921515     3A    -11.525935  
       4A    -11.510197     5A    -11.437104     6A     -1.588701  
       7A     -1.493092     8A     -1.243429     9A     -1.103807  
      10A     -1.004712    11A     -0.954707    12A     -0.917202  
      13A     -0.872703    14A     -0.816573    15A     -0.802864  
      16A     -0.756613    17A     -0.734390    18A     -0.716177  
      19A     -0.691746    20A     -0.611893  

    Virtual:                                                              

      21A     -0.115146    22A     -0.075446    23A     -0.070788  
      24A     -0.054309    25A     -0.047586    26A     -0.034336  
      27A     -0.028201    28A     -0.025124    29A     -0.013128  
      30A     -0.012612    31A     -0.003509    32A      0.000589  
      33A      0.007094    34A      0.013123    35A      0.021299  
      36A      0.026484    37A      0.029441    38A      0.032190  
      39A      0.041148    40A      0.046437    41A      0.048464  
      42A      0.049293    43A      0.058532    44A      0.068669  
      45A      0.074063    46A      0.074435    47A      0.080691  
      48A      0.085353    49A      0.091161    50A      0.094518  
      51A      0.104653    52A      0.114602    53A      0.115428  
      54A      0.126789    55A      0.134158    56A      0.142100  
      57A      0.145823    58A      0.151594    59A      0.154033  
      60A      0.157182    61A      0.159387    62A      0.168904  
      63A      0.173341    64A      0.180513    65A      0.188629  
      66A      0.194169    67A      0.203526    68A      0.211413  
      69A      0.213765    70A      0.225842    71A      0.228788  
      72A      0.237681    73A      0.242694    74A      0.251255  
      75A      0.255338    76A      0.262667    77A      0.283504  
      78A      0.286777    79A      0.299424    80A      0.311959  
      81A      0.319394    82A      0.326443    83A      0.338509  
      84A      0.345283    85A      0.360431    86A      0.366020  
      87A      0.372318    88A      0.390912    89A      0.391759  
      90A      0.441125    91A      0.452463    92A      0.456233  
      93A      0.474978    94A      0.488435    95A      0.506281  
      96A      0.514311    97A      0.523224    98A      0.537769  
      99A      0.553814   100A      0.555257   101A      0.569666  
     102A      0.579397   103A      0.589525   104A      0.594131  
     105A      0.612742   106A      0.617591   107A      0.636495  
     108A      0.637627   109A      0.662764   110A      0.665210  
     111A      0.695562   112A      0.696264   113A      0.700639  
     114A      0.708237   115A      0.716674   116A      0.734453  
     117A      0.740033   118A      0.742315   119A      0.754608  
     120A      0.780474   121A      0.782997   122A      0.790896  
     123A      0.807040   124A      0.816701   125A      0.828394  
     126A      0.833708   127A      0.874334   128A      0.891358  
     129A      0.894157   130A      0.907769   131A      0.918534  
     132A      0.930192   133A      0.936024   134A      0.944889  
     135A      0.962233   136A      0.975260   137A      0.988453  
     138A      1.012278   139A      1.038682   140A      1.117920  
     141A      1.135580   142A      1.141200   143A      1.178670  
     144A      1.223524   145A      1.225274   146A      1.283039  
     147A      1.301528   148A      1.322877   149A      1.335269  
     150A      1.380991   151A      1.414995   152A      1.439422  
     153A      1.495817   154A      1.500705   155A      1.513762  
     156A      1.539594   157A      1.561099   158A      1.604387  
     159A      1.610668   160A      1.614645   161A      1.619256  
     162A      1.648392   163A      1.658086   164A      1.667840  
     165A      1.680867   166A      1.693586   167A      1.708574  
     168A      1.710319   169A      1.717802   170A      1.733225  
     171A      1.738484   172A      1.751197   173A      1.759557  
     174A      1.761582   175A      1.763196   176A      1.793060  
     177A      1.797303   178A      1.821898   179A      1.833276  
     180A      1.856363   181A      1.860955   182A      1.867523  
     183A      1.870381   184A      1.891117   185A      1.891378  
     186A      1.902345   187A      1.911208   188A      1.920468  
     189A      1.938990   190A      1.948235   191A      1.984716  
     192A      1.993134   193A      2.002995   194A      2.008786  
     195A      2.010490   196A      2.028822   197A      2.041690  
     198A      2.050072   199A      2.063373   200A      2.080566  
     201A      2.086846   202A      2.108503   203A      2.121980  
     204A      2.148997   205A      2.152787   206A      2.164521  
     207A      2.177197   208A      2.191883   209A      2.192991  
     210A      2.218375   211A      2.238782   212A      2.254422  
     213A      2.258959   214A      2.292892   215A      2.294648  
     216A      2.306450   217A      2.338454   218A      2.352201  
     219A      2.364885   220A      2.386190   221A      2.417963  
     222A      2.420134   223A      2.430214   224A      2.445121  
     225A      2.451480   226A      2.464675   227A      2.496151  
     228A      2.509955   229A      2.530575   230A      2.537327  
     231A      2.545487   232A      2.576163   233A      2.600184  
     234A      2.625927   235A      2.638340   236A      2.639571  
     237A      2.685313   238A      2.704615   239A      2.711430  
     240A      2.720506   241A      2.723553   242A      2.748586  
     243A      2.796765   244A      2.817760   245A      2.819272  
     246A      2.886239   247A      2.900730   248A      2.905149  
     249A      2.928334   250A      2.972613   251A      2.980856  
     252A      3.009641   253A      3.030859   254A      3.049724  
     255A      3.117076   256A      3.134247   257A      3.144292  
     258A      3.237166   259A      3.251560   260A      3.286487  
     261A      3.332471   262A      3.392198   263A      3.445852  
     264A      3.506484   265A      3.554354   266A      3.562486  
     267A      3.599305   268A      3.682008   269A      3.759356  
     270A      3.795337   271A      3.960173   272A      4.024507  
     273A      4.036193   274A      4.178876   275A      4.189679  
     276A      4.344510   277A      4.425627   278A      4.462620  
     279A      4.547533   280A      4.633630   281A      4.655696  
     282A      4.671836   283A      4.738203   284A      4.779824  
     285A      4.839173   286A      4.931582   287A      4.972905  
     288A      5.013273   289A      5.038360   290A      5.157792  
     291A      5.290857   292A      5.504690   293A      5.550184  
     294A      5.645313   295A      5.658413   296A      5.773749  
     297A      5.977743   298A      6.657253   299A      6.702565  
     300A     18.112886   301A     18.318827   302A     18.459054  
     303A     18.644915   304A     25.311801   305A     33.442566  
     306A     33.462679  

    Final Occupation by Irrep:
              A 
    DOCC [    20 ]

  @DF-RHF Final Energy:  -247.30707310585888

   => Energetics <=

    Nuclear Repulsion Energy =            188.4043828374325074
    One-Electron Energy =                -700.5062493616759411
    Two-Electron Energy =                 264.7947934183845291
    Total Energy =                       -247.3070731058588763

Computation Completed


Properties will be evaluated at   0.000000,   0.000000,   0.000000 [a0]

Properties computed using the SCF density matrix

  Nuclear Dipole Moment: [e a0]
     X:    55.9551      Y:  -373.9633      Z:  -113.7002

  Electronic Dipole Moment: [e a0]
     X:   -55.4469      Y:   364.5270      Z:   113.0257

  Dipole Moment: [e a0]
     X:     0.5082      Y:    -9.4363      Z:    -0.6744     Total:     9.4740

  Dipole Moment: [D]
     X:     1.2918      Y:   -23.9847      Z:    -1.7142     Total:    24.0805


*** tstop() called on aliaconda at Sun Mar 20 06:13:20 2022
Module time:
	user time   =     191.41 seconds =       3.19 minutes
	system time =      20.08 seconds =       0.33 minutes
	total time  =         10 seconds =       0.17 minutes
Total time:
	user time   =  107497.31 seconds =    1791.62 minutes
	system time =   15032.79 seconds =     250.55 minutes
	total time  =       6583 seconds =     109.72 minutes

  //>>>>>>>>>>>>>>>>>>>>>>>>>>>>>>>>>>>//
  //            Monomer B HF           //
  //<<<<<<<<<<<<<<<<<<<<<<<<<<<<<<<<<<<//


*** tstart() called on aliaconda
*** at Sun Mar 20 06:13:20 2022

   => Loading Basis Set <=

    Name: JUN-CC-PVDZ
    Role: ORBITAL
    Keyword: BASIS
    atoms 1, 14                                          entry N          line   198 file /home/alia/anaconda3/envs/mddemo/share/psi4/basis/jun-cc-pvdz.gbs 
    atoms 2-4, 6, 8-10, 13, 15-17, 19, 21, 23, 25-27, 30 entry H          line    36 file /home/alia/anaconda3/envs/mddemo/share/psi4/basis/jun-cc-pvdz.gbs 
    atoms 5, 7, 11, 18, 20, 24, 28                       entry C          line   164 file /home/alia/anaconda3/envs/mddemo/share/psi4/basis/jun-cc-pvdz.gbs 
    atoms 12, 22, 29                                     entry O          line   232 file /home/alia/anaconda3/envs/mddemo/share/psi4/basis/jun-cc-pvdz.gbs 


         ---------------------------------------------------------
                                   SCF
               by Justin Turney, Rob Parrish, Andy Simmonett
                          and Daniel G. A. Smith
                              RHF Reference
                       32 Threads,  76293 MiB Core
         ---------------------------------------------------------

  ==> Geometry <==

    Molecular point group: c1
    Full point group: C1

    Geometry (in Angstrom), charge = 1, multiplicity = 1:

       Center              X                  Y                   Z               Mass       
    ------------   -----------------  -----------------  -----------------  -----------------
      Gh(N)          -0.060315262995    -5.675239469194    -0.802230316622    14.003074004430
      Gh(H)          -0.672315251551    -5.666239644670     0.235769313352     1.007825032230
      Gh(H)          -0.981315266810    -5.938239480638    -1.529230553133     1.007825032230
      Gh(H)           0.596684801855    -6.431239511155    -0.762230354769     1.007825032230
      Gh(C)           0.579684603491    -4.370239640855    -0.994230705721    12.000000000000
      Gh(H)          -0.096315514765    -3.564239408158    -0.687230545504     1.007825032230
      Gh(C)           1.923684704580    -4.459239389085    -0.279230553133    12.000000000000
      Gh(H)           2.503684628286    -5.434239770555    -0.504230457766     1.007825032230
      Gh(H)           1.782684672155    -4.458239461564     0.816769641416     1.007825032230
      Gh(H)           2.563684571066    -3.588239576005    -0.427230316622     1.007825032230
      Gh(C)           0.794684756079    -4.277239705705    -2.499230581744    12.000000000000
      Gh(O)           0.402684557714    -5.130239392900    -3.269230562670    15.994914619570
      Gh(H)           1.325776446142    -3.403252030992    -2.904307562334     1.007825032230
         N            0.523684370794     2.337760065413     0.096769374387    14.003074004430
         H            0.697684634008     1.163760279036     0.281769317167     1.007825032230
         H            0.360684740820     2.295760248519    -1.095230537875     1.007825032230
         H            1.390684473791     2.892760370589     0.242769282835     1.007825032230
         C           -0.635315549097     2.993760202742     0.680769485014    12.000000000000
         H           -1.535315644465     2.369760607100     0.604769271391     1.007825032230
         C           -0.569315564356     3.423760507918     2.086769622343    12.000000000000
         H           -1.608315598688     3.774760340072     2.440769713895     1.007825032230
         O            0.324684489050     4.520760629989     2.328769248502    15.994914619570
         H            1.249684679785     4.198760126448     2.226769488828     1.007825032230
         C           -0.094315182886     2.301760767318     2.969769042509    12.000000000000
         H            0.937684405126     2.061760042525     2.643769782560     1.007825032230
         H           -0.794315468989     1.462760065413     2.934769195097     1.007825032230
         H            0.043684828558     2.686760042525     4.014769118803     1.007825032230
         C           -1.094315182886     4.116760347701    -0.171230751498    12.000000000000
         O           -2.279315602503     4.419760797835    -0.279230553133    15.994914619570
         H           -0.345635068140     4.700157259322    -0.727221924288     1.007825032230

  Running in c1 symmetry.

  Rotational constants: A =      0.04098  B =      0.00476  C =      0.00449 [cm^-1]
  Rotational constants: A =   1228.41563  B =    142.69874  C =    134.50178 [MHz]
  Nuclear repulsion =  333.662566009978775

  Charge       = 1
  Multiplicity = 1
  Electrons    = 56
  Nalpha       = 28
  Nbeta        = 28

  ==> Algorithm <==

  SCF Algorithm Type is DF.
  DIIS enabled.
  MOM disabled.
  Fractional occupation disabled.
  Guess Type is SAD.
  Energy threshold   = 1.00e-08
  Density threshold  = 1.00e-08
  Integral threshold = 1.00e-12

  ==> Primary Basis <==

  Basis Set: JUN-CC-PVDZ
    Blend: JUN-CC-PVDZ
    Number of shells: 150
    Number of basis functions: 306
    Number of Cartesian functions: 318
    Spherical Harmonics?: true
    Max angular momentum: 2

   => Loading Basis Set <=

    Name: (JUN-CC-PVDZ AUX)
    Role: JKFIT
    Keyword: DF_BASIS_SCF
    atoms 1, 14                                          entry N          line   202 file /home/alia/anaconda3/envs/mddemo/share/psi4/basis/jun-cc-pvdz-jkfit.gbs 
    atoms 2-4, 6, 8-10, 13, 15-17, 19, 21, 23, 25-27, 30 entry H          line    70 file /home/alia/anaconda3/envs/mddemo/share/psi4/basis/jun-cc-pvdz-jkfit.gbs 
    atoms 5, 7, 11, 18, 20, 24, 28                       entry C          line   146 file /home/alia/anaconda3/envs/mddemo/share/psi4/basis/jun-cc-pvdz-jkfit.gbs 
    atoms 12, 22, 29                                     entry O          line   258 file /home/alia/anaconda3/envs/mddemo/share/psi4/basis/jun-cc-pvdz-jkfit.gbs 

  ==> Integral Setup <==

  ==> DiskDFJK: Density-Fitted J/K Matrices <==

    J tasked:                  Yes
    K tasked:                  Yes
    wK tasked:                  No
    OpenMP threads:             32
    Integrals threads:          32
    Memory [MiB]:            57220
    Algorithm:                Core
    Integral Cache:           LOAD
    Schwarz Cutoff:          1E-12
    Fitting Condition:       1E-10

   => Auxiliary Basis Set <=

  Basis Set: (JUN-CC-PVDZ AUX)
    Blend: JUN-CC-PVDZ-JKFIT
    Number of shells: 486
    Number of basis functions: 1362
    Number of Cartesian functions: 1542
    Spherical Harmonics?: true
    Max angular momentum: 3

  Minimum eigenvalue in the overlap matrix is 4.5964565721E-05.
  Reciprocal condition number of the overlap matrix is 3.9632975701E-06.
    Using symmetric orthogonalization.

  ==> Pre-Iterations <==

  SCF Guess: Superposition of Atomic Densities via on-the-fly atomic UHF (no occupation information).

   -------------------------
    Irrep   Nso     Nmo    
   -------------------------
     A        306     306 
   -------------------------
    Total     306     306
   -------------------------

  ==> Iterations <==

                           Total Energy        Delta E     RMS |[F,P]|

   @DF-RHF iter SAD:  -360.74679093690366   -3.60747e+02   0.00000e+00 
   @DF-RHF iter   1:  -360.90262445340073   -1.55834e-01   2.20766e-03 DIIS
   @DF-RHF iter   2:  -361.09875472039312   -1.96130e-01   1.37766e-03 DIIS
   @DF-RHF iter   3:  -361.16525595846224   -6.65012e-02   3.03505e-04 DIIS
   @DF-RHF iter   4:  -361.17028755187073   -5.03159e-03   1.16419e-04 DIIS
   @DF-RHF iter   5:  -361.17103777190147   -7.50220e-04   2.63390e-05 DIIS
   @DF-RHF iter   6:  -361.17110465076064   -6.68789e-05   1.24897e-05 DIIS
   @DF-RHF iter   7:  -361.17112017210962   -1.55213e-05   5.36965e-06 DIIS
   @DF-RHF iter   8:  -361.17112377446023   -3.60235e-06   2.28386e-06 DIIS
   @DF-RHF iter   9:  -361.17112445348562   -6.79025e-07   6.70542e-07 DIIS
   @DF-RHF iter  10:  -361.17112452544603   -7.19604e-08   2.32860e-07 DIIS
   @DF-RHF iter  11:  -361.17112453660735   -1.11613e-08   1.08376e-07 DIIS
   @DF-RHF iter  12:  -361.17112453960317   -2.99582e-09   6.01203e-08 DIIS
   @DF-RHF iter  13:  -361.17112454074197   -1.13880e-09   2.86984e-08 DIIS
   @DF-RHF iter  14:  -361.17112454099731   -2.55341e-10   8.67221e-09 DIIS
  Energy and wave function converged.


  ==> Post-Iterations <==

    Orbital Energies [Eh]
    ---------------------

    Doubly Occupied:                                                      

       1A    -20.745200     2A    -20.739642     3A    -15.954227  
       4A    -11.519486     5A    -11.495642     6A    -11.476184  
       7A    -11.399228     8A     -1.566581     9A     -1.540896  
      10A     -1.509235    11A     -1.262008    12A     -1.167402  
      13A     -1.028086    14A     -1.009524    15A     -0.971399  
      16A     -0.915350    17A     -0.909741    18A     -0.843841  
      19A     -0.818304    20A     -0.806119    21A     -0.781463  
      22A     -0.754812    23A     -0.712742    24A     -0.693201  
      25A     -0.671558    26A     -0.655899    27A     -0.630462  
      28A     -0.598391  

    Virtual:                                                              

      29A     -0.138654    30A     -0.089381    31A     -0.080089  
      32A     -0.059227    33A     -0.048987    34A     -0.040859  
      35A     -0.035421    36A     -0.027073    37A     -0.024024  
      38A     -0.015745    39A     -0.013879    40A     -0.005657  
      41A     -0.004745    42A      0.002189    43A      0.012558  
      44A      0.017339    45A      0.026304    46A      0.027092  
      47A      0.034732    48A      0.038406    49A      0.040493  
      50A      0.044194    51A      0.046819    52A      0.050203  
      53A      0.052863    54A      0.061097    55A      0.071028  
      56A      0.085416    57A      0.092691    58A      0.095845  
      59A      0.097202    60A      0.104374    61A      0.111470  
      62A      0.116263    63A      0.118224    64A      0.127119  
      65A      0.134162    66A      0.138833    67A      0.143263  
      68A      0.145158    69A      0.155424    70A      0.161708  
      71A      0.165379    72A      0.176279    73A      0.179391  
      74A      0.189550    75A      0.191198    76A      0.195009  
      77A      0.202698    78A      0.206249    79A      0.218497  
      80A      0.222113    81A      0.231812    82A      0.244913  
      83A      0.248206    84A      0.263798    85A      0.269577  
      86A      0.278124    87A      0.281456    88A      0.291938  
      89A      0.298260    90A      0.306288    91A      0.312364  
      92A      0.323578    93A      0.327640    94A      0.340076  
      95A      0.354300    96A      0.365017    97A      0.371842  
      98A      0.382677    99A      0.388519   100A      0.392805  
     101A      0.413180   102A      0.434094   103A      0.442726  
     104A      0.452028   105A      0.498745   106A      0.523819  
     107A      0.533679   108A      0.546757   109A      0.550032  
     110A      0.576520   111A      0.585028   112A      0.605652  
     113A      0.609789   114A      0.623902   115A      0.626431  
     116A      0.630601   117A      0.657488   118A      0.664465  
     119A      0.669020   120A      0.691860   121A      0.693791  
     122A      0.712557   123A      0.723671   124A      0.726677  
     125A      0.748662   126A      0.753913   127A      0.757869  
     128A      0.766424   129A      0.786806   130A      0.788904  
     131A      0.791240   132A      0.801795   133A      0.816749  
     134A      0.821995   135A      0.824510   136A      0.873430  
     137A      0.876640   138A      0.881220   139A      0.893686  
     140A      0.910407   141A      0.911382   142A      0.916855  
     143A      0.929193   144A      0.971228   145A      0.988641  
     146A      1.008178   147A      1.038388   148A      1.098589  
     149A      1.148309   150A      1.156129   151A      1.212738  
     152A      1.224859   153A      1.245788   154A      1.263734  
     155A      1.291311   156A      1.335480   157A      1.339564  
     158A      1.358073   159A      1.379917   160A      1.392605  
     161A      1.404216   162A      1.420494   163A      1.450139  
     164A      1.464289   165A      1.473705   166A      1.491008  
     167A      1.510406   168A      1.520190   169A      1.520783  
     170A      1.545230   171A      1.571049   172A      1.589129  
     173A      1.607559   174A      1.619661   175A      1.651436  
     176A      1.661414   177A      1.674788   178A      1.679398  
     179A      1.685886   180A      1.688899   181A      1.690872  
     182A      1.710780   183A      1.729263   184A      1.749220  
     185A      1.755207   186A      1.761201   187A      1.767813  
     188A      1.784429   189A      1.789873   190A      1.806138  
     191A      1.816975   192A      1.831742   193A      1.838175  
     194A      1.851603   195A      1.868027   196A      1.874845  
     197A      1.888585   198A      1.899771   199A      1.917963  
     200A      1.918664   201A      1.945184   202A      1.951092  
     203A      1.957912   204A      1.959089   205A      1.974311  
     206A      1.989859   207A      1.992789   208A      2.007105  
     209A      2.025271   210A      2.030857   211A      2.031084  
     212A      2.075389   213A      2.091028   214A      2.093105  
     215A      2.109489   216A      2.121455   217A      2.144148  
     218A      2.145086   219A      2.162618   220A      2.166951  
     221A      2.174306   222A      2.205268   223A      2.206130  
     224A      2.236509   225A      2.246885   226A      2.254012  
     227A      2.277925   228A      2.298460   229A      2.310977  
     230A      2.322967   231A      2.365634   232A      2.389355  
     233A      2.405495   234A      2.407652   235A      2.424715  
     236A      2.440937   237A      2.441365   238A      2.446089  
     239A      2.490768   240A      2.496062   241A      2.516815  
     242A      2.542531   243A      2.561320   244A      2.594480  
     245A      2.610336   246A      2.621761   247A      2.631771  
     248A      2.657272   249A      2.659973   250A      2.688160  
     251A      2.697852   252A      2.737588   253A      2.741712  
     254A      2.775852   255A      2.794337   256A      2.803188  
     257A      2.809495   258A      2.852544   259A      2.896028  
     260A      2.902980   261A      2.937735   262A      2.944029  
     263A      3.039561   264A      3.044514   265A      3.076771  
     266A      3.096863   267A      3.137632   268A      3.150616  
     269A      3.223409   270A      3.238072   271A      3.282914  
     272A      3.299568   273A      3.320694   274A      3.431686  
     275A      3.436619   276A      3.544835   277A      3.570360  
     278A      3.585445   279A      3.642682   280A      3.793761  
     281A      3.807963   282A      3.864469   283A      3.947602  
     284A      4.011927   285A      4.160926   286A      4.174651  
     287A      4.269509   288A      4.393019   289A      4.629124  
     290A      4.657066   291A      4.765933   292A      4.816314  
     293A      4.834015   294A      4.903414   295A      4.960174  
     296A      5.148998   297A      5.461032   298A      5.542333  
     299A      5.740866   300A      5.899474   301A      6.724773  
     302A     18.161831   303A     18.350943   304A     18.554593  
     305A     25.316796   306A     33.425939  

    Final Occupation by Irrep:
              A 
    DOCC [    28 ]

  @DF-RHF Final Energy:  -361.17112454099731

   => Energetics <=

    Nuclear Repulsion Energy =            333.6625660099787751
    One-Electron Energy =               -1143.3141294282900162
    Two-Electron Energy =                 448.4804388773139863
    Total Energy =                       -361.1711245409973117

Computation Completed


Properties will be evaluated at   0.000000,   0.000000,   0.000000 [a0]

Properties computed using the SCF density matrix

  Nuclear Dipole Moment: [e a0]
     X:   -49.0087      Y:   363.7945      Z:   121.0140

  Electronic Dipole Moment: [e a0]
     X:    50.6919      Y:  -360.2275      Z:  -120.3824

  Dipole Moment: [e a0]
     X:     1.6832      Y:     3.5670      Z:     0.6317     Total:     3.9945

  Dipole Moment: [D]
     X:     4.2783      Y:     9.0664      Z:     1.6055     Total:    10.1529


*** tstop() called on aliaconda at Sun Mar 20 06:13:30 2022
Module time:
	user time   =     221.75 seconds =       3.70 minutes
	system time =      24.59 seconds =       0.41 minutes
	total time  =         10 seconds =       0.17 minutes
Total time:
	user time   =  107719.16 seconds =    1795.32 minutes
	system time =   15057.40 seconds =     250.96 minutes
	total time  =       6593 seconds =     109.88 minutes
  Constructing Basis Sets for SAPT...

   => Loading Basis Set <=

    Name: (JUN-CC-PVDZ AUX)
    Role: RIFIT
    Keyword: DF_BASIS_SAPT
    atoms 1, 14                                          entry N          line   144 file /home/alia/anaconda3/envs/mddemo/share/psi4/basis/jun-cc-pvdz-ri.gbs 
    atoms 2-4, 6, 8-10, 13, 15-17, 19, 21, 23, 25-27, 30 entry H          line    30 file /home/alia/anaconda3/envs/mddemo/share/psi4/basis/jun-cc-pvdz-ri.gbs 
    atoms 5, 7, 11, 18, 20, 24, 28                       entry C          line   100 file /home/alia/anaconda3/envs/mddemo/share/psi4/basis/jun-cc-pvdz-ri.gbs 
    atoms 12, 22, 29                                     entry O          line   188 file /home/alia/anaconda3/envs/mddemo/share/psi4/basis/jun-cc-pvdz-ri.gbs 


  //>>>>>>>>>>>>>>>>>>>>>>>>>>>>>>>>>>>//
  //               SAPT0               //
  //<<<<<<<<<<<<<<<<<<<<<<<<<<<<<<<<<<<//


*** tstart() called on aliaconda
*** at Sun Mar 20 06:13:30 2022

        SAPT0  
    Ed Hohenstein
     6 June 2009

      Orbital Information
  --------------------------
    NSO        =       306
    NMO        =       306
    NRI        =      1032
    NOCC A     =        20
    NOCC B     =        28
    FOCC A     =         0
    FOCC B     =         0
    NVIR A     =       286
    NVIR B     =       278

    Elst10,r            =     0.075169867851 [Eh]
    Exch10              =    -0.000000049798 [Eh]
    Exch10 (S^2)        =    -0.000000049798 [Eh]

    Iter     Energy [mEh]          dE [mEh]         Residual      Time [s]
       1      -0.64122550       0.641225499       7.679661691             1
       2      -0.61715139      -0.024074107       2.385048895             2
       3      -0.66389005       0.046738659       0.918144742             2
       4      -0.67746302       0.013572967       0.249419441             3
       5      -0.67570580      -0.001757218       0.137497025             3
       6      -0.67453019      -0.001175616       0.037670232             4
       7      -0.67478999       0.000259810       0.013110951             4
       8      -0.67486881       0.000078815       0.004180507             5
       9      -0.67484990      -0.000018907       0.002231353             6
      10      -0.67484203      -0.000007874       0.000911457             6
      11      -0.67484724       0.000005210       0.000326079             7
      12      -0.67484785       0.000000609       0.000086339             7
      13      -0.67484737      -0.000000474       0.000020553             8
      14      -0.67484735      -0.000000023       0.000005151             8
      15      -0.67484737       0.000000021       0.000001724             9
      16      -0.67484737       0.000000003       0.000000438            10

    CHF Iterations converged


    Iter     Energy [mEh]          dE [mEh]         Residual      Time [s]
       1      -0.42402538       0.424025382       4.924274326             0
       2      -0.43574900       0.011723622       2.048010923             1
       3      -0.46898040       0.033231395       0.733751079             1
       4      -0.47605247       0.007072075       0.195321985             2
       5      -0.47530164      -0.000750835       0.112965651             3
       6      -0.47437882      -0.000922816       0.036128455             3
       7      -0.47447351       0.000094682       0.015936592             4
       8      -0.47458704       0.000113531       0.004273110             4
       9      -0.47457350      -0.000013539       0.001784832             5
      10      -0.47456510      -0.000008400       0.000822357             6
      11      -0.47456807       0.000002971       0.000452767             6
      12      -0.47456918       0.000001109       0.000155586             7
      13      -0.47456853      -0.000000645       0.000044794             7
      14      -0.47456845      -0.000000082       0.000012848             8
      15      -0.47456849       0.000000036       0.000004360             9
      16      -0.47456850       0.000000010       0.000001267             9
      17      -0.47456849      -0.000000002       0.000000480            10

    CHF Iterations converged

    Ind20,r (A<-B)      =    -0.000674847374 [Eh]
    Ind20,r (B<-A)      =    -0.000474568493 [Eh]
    Ind20,r             =    -0.001149415867 [Eh]
    Exch-Ind20,r (A<-B) =     0.000000012780 [Eh]
    Exch-Ind20,r (B<-A) =     0.000000017827 [Eh]
    Exch-Ind20,r        =     0.000000030607 [Eh]
    Disp20              =    -0.000113803750 [Eh]
    Disp20 (SS)         =    -0.000056901875 [Eh]
    Disp20 (OS)         =    -0.000056901875 [Eh]
    Exch-Disp20         =     0.000000010436 [Eh]
    Exch-Disp20 (SS)    =     0.000000007439 [Eh]
    Exch-Disp20 (OS)    =     0.000000002996 [Eh]

    SAPT Results 
  --------------------------------------------------------------------------------------------------------
    Electrostatics                 75.16986785 [mEh]      47.16980422 [kcal/mol]     197.35846085 [kJ/mol]
      Elst10,r                     75.16986785 [mEh]      47.16980422 [kcal/mol]     197.35846085 [kJ/mol]

    Exchange                       -0.00004980 [mEh]      -0.00003125 [kcal/mol]      -0.00013075 [kJ/mol]
      Exch10                       -0.00004980 [mEh]      -0.00003125 [kcal/mol]      -0.00013075 [kJ/mol]
      Exch10(S^2)                  -0.00004980 [mEh]      -0.00003125 [kcal/mol]      -0.00013075 [kJ/mol]

    Induction                      -1.12638246 [mEh]      -0.70681566 [kcal/mol]      -2.95731673 [kJ/mol]
      Ind20,r                      -1.14941587 [mEh]      -0.72126935 [kcal/mol]      -3.01779094 [kJ/mol]
      Exch-Ind20,r                  0.00003061 [mEh]       0.00001921 [kcal/mol]       0.00008036 [kJ/mol]
      delta HF,r (2)                0.02300280 [mEh]       0.01443448 [kcal/mol]       0.06039385 [kJ/mol]

    Dispersion                     -0.11379331 [mEh]      -0.07140638 [kcal/mol]      -0.29876431 [kJ/mol]
      Disp20                       -0.11380375 [mEh]      -0.07141293 [kcal/mol]      -0.29879170 [kJ/mol]
      Exch-Disp20                   0.00001044 [mEh]       0.00000655 [kcal/mol]       0.00002740 [kJ/mol]
      Disp20 (SS)                  -0.05690187 [mEh]      -0.03570647 [kcal/mol]      -0.14939585 [kJ/mol]
      Disp20 (OS)                  -0.05690187 [mEh]      -0.03570647 [kcal/mol]      -0.14939585 [kJ/mol]
      Exch-Disp20 (SS)              0.00000744 [mEh]       0.00000467 [kcal/mol]       0.00001953 [kJ/mol]
      Exch-Disp20 (OS)              0.00000300 [mEh]       0.00000188 [kcal/mol]       0.00000787 [kJ/mol]

  Total HF                         74.04343560 [mEh]      46.46295731 [kcal/mol]     194.40101337 [kJ/mol]
  Total SAPT0                      73.92964228 [mEh]      46.39155092 [kcal/mol]     194.10224907 [kJ/mol]

  Special recipe for scaled SAPT0 (see Manual):
    Electrostatics sSAPT0          75.16986785 [mEh]      47.16980422 [kcal/mol]     197.35846085 [kJ/mol]
    Exchange sSAPT0                -0.00004980 [mEh]      -0.00003125 [kcal/mol]      -0.00013075 [kJ/mol]
    Induction sSAPT0               -1.12638246 [mEh]      -0.70681566 [kcal/mol]      -2.95731673 [kJ/mol]
    Dispersion sSAPT0              -0.11379331 [mEh]      -0.07140638 [kcal/mol]      -0.29876431 [kJ/mol]
  Total sSAPT0                     73.92964228 [mEh]      46.39155092 [kcal/mol]     194.10224907 [kJ/mol]
  --------------------------------------------------------------------------------------------------------

*** tstop() called on aliaconda at Sun Mar 20 06:14:20 2022
Module time:
	user time   =     701.68 seconds =      11.69 minutes
	system time =     122.73 seconds =       2.05 minutes
	total time  =         50 seconds =       0.83 minutes
Total time:
	user time   =  108423.45 seconds =    1807.06 minutes
	system time =   15180.57 seconds =     253.01 minutes
	total time  =       6643 seconds =     110.72 minutes


Warning! sapt0 does not have an associated derived wavefunction.The returned wavefunction is the dimer SCF wavefunction.


  Memory set to  74.506 GiB by Python driver.
  Threads set to 32 by Python driver.
