
Scratch directory: /tmp/

Scratch directory: /tmp/

  //>>>>>>>>>>>>>>>>>>>>>>>>>>>>>>>>>>>//
  //              Dimer HF             //
  //<<<<<<<<<<<<<<<<<<<<<<<<<<<<<<<<<<<//


*** tstart() called on aliaconda
*** at Sun Mar 20 05:30:04 2022

   => Loading Basis Set <=

    Name: JUN-CC-PVDZ
    Role: ORBITAL
    Keyword: BASIS
    atoms 1, 14                                          entry N          line   198 file /home/alia/anaconda3/envs/mddemo/share/psi4/basis/jun-cc-pvdz.gbs 
    atoms 2-4, 6, 8-10, 13, 15-17, 19, 21, 23, 25-27, 30 entry H          line    36 file /home/alia/anaconda3/envs/mddemo/share/psi4/basis/jun-cc-pvdz.gbs 
    atoms 5, 7, 11, 18, 20, 24, 28                       entry C          line   164 file /home/alia/anaconda3/envs/mddemo/share/psi4/basis/jun-cc-pvdz.gbs 
    atoms 12, 22, 29                                     entry O          line   232 file /home/alia/anaconda3/envs/mddemo/share/psi4/basis/jun-cc-pvdz.gbs 


         ---------------------------------------------------------
                                   SCF
               by Justin Turney, Rob Parrish, Andy Simmonett
                          and Daniel G. A. Smith
                              RHF Reference
                       32 Threads,  76293 MiB Core
         ---------------------------------------------------------

  ==> Geometry <==

    Molecular point group: c1
    Full point group: C1

    Geometry (in Angstrom), charge = 2, multiplicity = 1:

       Center              X                  Y                   Z               Mass       
    ------------   -----------------  -----------------  -----------------  -----------------
         N            0.760615019509    -5.814628684408    -1.246811312287    14.003074004430
         H            0.059615282723    -5.824628436453    -0.269811552613     1.007825032230
         H           -0.009384961418    -6.256628596670    -2.055811327545     1.007825032230
         H            1.536615042397    -6.491628730184    -1.115811270325     1.007825032230
         C            1.345615057656    -4.524628722555    -1.617811602204    12.000000000000
         H            0.533615259835    -3.805628859884    -1.305811327545     1.007825032230
         C            2.556615261742    -4.281628692037    -0.728811186402    12.000000000000
         H            3.466615347573    -4.850628459341    -1.116811197846     1.007825032230
         H            2.412615208336    -4.602628791219     0.302188474090     1.007825032230
         H            2.882615236947    -3.192628466970    -0.715811174958     1.007825032230
         C            1.639615206429    -4.277628505117    -3.082811516373    12.000000000000
         O            0.886615423867    -4.842628562338    -3.942811411469    15.994914619570
         H            2.474452643105    -3.632675254232    -3.394390982239     1.007825032230
         N            0.101615099618     2.361371433848     0.500188428314    14.003074004430
         H           -0.024384827903     2.396371281260    -0.697811525910     1.007825032230
         H            0.318615107247     1.183370983714     0.611188489349     1.007825032230
         H            0.890615133950     2.895371830576     0.720188695343     1.007825032230
         C           -1.185384602836     2.894371426218     1.000188428314    12.000000000000
         H           -1.904384942344     2.125371372813     1.068188744934     1.007825032230
         C           -1.032384724906     3.444371616953     2.483188229950    12.000000000000
         H           -1.989384980491     3.759371197337     2.886189061554     1.007825032230
         O           -0.219384999565     4.515371716135     2.700188237579    15.994914619570
         H            0.762615351388     4.328371441477     2.591188985260     1.007825032230
         C           -0.508384557060     2.283371365183     3.329188901336    12.000000000000
         H            0.616615442940     2.224371349924     3.254188138397     1.007825032230
         H           -0.823384614280     1.260371601694     3.051189023407     1.007825032230
         H           -0.709384770683     2.372371113413     4.393189031036     1.007825032230
         C           -1.693384976676     4.082371151560     0.190188485534    12.000000000000
         O           -2.862384648612     4.355370915049     0.225188809784    15.994914619570
         H           -0.998845906547     4.680860912913    -0.417615336029     1.007825032230

  Running in c1 symmetry.

  Rotational constants: A =      0.03935  B =      0.00427  C =      0.00404 [cm^-1]
  Rotational constants: A =   1179.55662  B =    128.08298  C =    121.09681 [MHz]
  Nuclear repulsion =  649.149532499210522

  Charge       = 2
  Multiplicity = 1
  Electrons    = 96
  Nalpha       = 48
  Nbeta        = 48

  ==> Algorithm <==

  SCF Algorithm Type is DF.
  DIIS enabled.
  MOM disabled.
  Fractional occupation disabled.
  Guess Type is SAD.
  Energy threshold   = 1.00e-08
  Density threshold  = 1.00e-08
  Integral threshold = 1.00e-12

  ==> Primary Basis <==

  Basis Set: JUN-CC-PVDZ
    Blend: JUN-CC-PVDZ
    Number of shells: 150
    Number of basis functions: 306
    Number of Cartesian functions: 318
    Spherical Harmonics?: true
    Max angular momentum: 2

   => Loading Basis Set <=

    Name: (JUN-CC-PVDZ AUX)
    Role: JKFIT
    Keyword: DF_BASIS_SCF
    atoms 1, 14                                          entry N          line   202 file /home/alia/anaconda3/envs/mddemo/share/psi4/basis/jun-cc-pvdz-jkfit.gbs 
    atoms 2-4, 6, 8-10, 13, 15-17, 19, 21, 23, 25-27, 30 entry H          line    70 file /home/alia/anaconda3/envs/mddemo/share/psi4/basis/jun-cc-pvdz-jkfit.gbs 
    atoms 5, 7, 11, 18, 20, 24, 28                       entry C          line   146 file /home/alia/anaconda3/envs/mddemo/share/psi4/basis/jun-cc-pvdz-jkfit.gbs 
    atoms 12, 22, 29                                     entry O          line   258 file /home/alia/anaconda3/envs/mddemo/share/psi4/basis/jun-cc-pvdz-jkfit.gbs 

  ==> Integral Setup <==

  ==> DiskDFJK: Density-Fitted J/K Matrices <==

    J tasked:                  Yes
    K tasked:                  Yes
    wK tasked:                  No
    OpenMP threads:             32
    Integrals threads:          32
    Memory [MiB]:            57220
    Algorithm:                Core
    Integral Cache:           SAVE
    Schwarz Cutoff:          1E-12
    Fitting Condition:       1E-10

   => Auxiliary Basis Set <=

  Basis Set: (JUN-CC-PVDZ AUX)
    Blend: JUN-CC-PVDZ-JKFIT
    Number of shells: 486
    Number of basis functions: 1362
    Number of Cartesian functions: 1542
    Spherical Harmonics?: true
    Max angular momentum: 3

  Minimum eigenvalue in the overlap matrix is 6.3441258180E-05.
  Reciprocal condition number of the overlap matrix is 5.5145766792E-06.
    Using symmetric orthogonalization.

  ==> Pre-Iterations <==

  SCF Guess: Superposition of Atomic Densities via on-the-fly atomic UHF (no occupation information).

   -------------------------
    Irrep   Nso     Nmo    
   -------------------------
     A        306     306 
   -------------------------
    Total     306     306
   -------------------------

  ==> Iterations <==

                           Total Energy        Delta E     RMS |[F,P]|

   @DF-RHF iter SAD:  -607.25037996784931   -6.07250e+02   0.00000e+00 
   @DF-RHF iter   1:  -607.94637129852731   -6.95991e-01   2.84362e-03 DIIS
   @DF-RHF iter   2:  -608.26751046757147   -3.21139e-01   1.84866e-03 DIIS
   @DF-RHF iter   3:  -608.38755463007237   -1.20044e-01   4.03892e-04 DIIS
   @DF-RHF iter   4:  -608.39680072333181   -9.24609e-03   1.51931e-04 DIIS
   @DF-RHF iter   5:  -608.39816587779046   -1.36515e-03   3.68803e-05 DIIS
   @DF-RHF iter   6:  -608.39830211879485   -1.36241e-04   1.95346e-05 DIIS
   @DF-RHF iter   7:  -608.39833724894891   -3.51302e-05   8.87671e-06 DIIS
   @DF-RHF iter   8:  -608.39834613430537   -8.88536e-06   4.06224e-06 DIIS
   @DF-RHF iter   9:  -608.39834794795252   -1.81365e-06   1.37516e-06 DIIS
   @DF-RHF iter  10:  -608.39834817865415   -2.30702e-07   4.31741e-07 DIIS
   @DF-RHF iter  11:  -608.39834819749103   -1.88369e-08   1.46231e-07 DIIS
   @DF-RHF iter  12:  -608.39834820024100   -2.74997e-09   5.84942e-08 DIIS
   @DF-RHF iter  13:  -608.39834820070223   -4.61228e-10   2.62345e-08 DIIS
   @DF-RHF iter  14:  -608.39834820084229   -1.40062e-10   1.21732e-08 DIIS
   @DF-RHF iter  15:  -608.39834820088060   -3.83125e-11   5.17242e-09 DIIS
  Energy and wave function converged.


  ==> Post-Iterations <==

    Orbital Energies [Eh]
    ---------------------

    Doubly Occupied:                                                      

       1A    -20.824711     2A    -20.799114     3A    -20.795833  
       4A    -16.007978     5A    -15.996611     6A    -11.606267  
       7A    -11.582900     8A    -11.573254     9A    -11.555450  
      10A    -11.533011    11A    -11.506861    12A    -11.452830  
      13A     -1.633063    14A     -1.616130    15A     -1.614208  
      16A     -1.570758    17A     -1.558257    18A     -1.313721  
      19A     -1.295234    20A     -1.210747    21A     -1.167245  
      22A     -1.084113    23A     -1.081771    24A     -1.075906  
      25A     -1.034110    26A     -1.020085    27A     -0.977855  
      28A     -0.974503    29A     -0.959206    30A     -0.930261  
      31A     -0.897726    32A     -0.890047    33A     -0.879854  
      34A     -0.870776    35A     -0.866007    36A     -0.845341  
      37A     -0.835294    38A     -0.811341    39A     -0.803988  
      40A     -0.775715    41A     -0.763838    42A     -0.750097  
      43A     -0.730596    44A     -0.729155    45A     -0.708395  
      46A     -0.687340    47A     -0.679236    48A     -0.642476  

    Virtual:                                                              

      49A     -0.210624    50A     -0.191122    51A     -0.160132  
      52A     -0.148344    53A     -0.143976    54A     -0.134452  
      55A     -0.128390    56A     -0.122346    57A     -0.113133  
      58A     -0.105306    59A     -0.097607    60A     -0.094932  
      61A     -0.085332    62A     -0.082720    63A     -0.078652  
      64A     -0.073019    65A     -0.068933    66A     -0.067645  
      67A     -0.065671    68A     -0.060426    69A     -0.050994  
      70A     -0.050326    71A     -0.043934    72A     -0.037154  
      73A     -0.034738    74A     -0.027854    75A     -0.026334  
      76A     -0.024819    77A     -0.019994    78A     -0.011568  
      79A     -0.008062    80A     -0.006878    81A      0.001544  
      82A      0.008640    83A      0.013339    84A      0.030567  
      85A      0.037856    86A      0.039462    87A      0.047731  
      88A      0.053061    89A      0.057478    90A      0.061802  
      91A      0.064136    92A      0.081270    93A      0.086767  
      94A      0.091866    95A      0.093007    96A      0.099060  
      97A      0.104054    98A      0.116042    99A      0.117281  
     100A      0.123295   101A      0.128472   102A      0.131815  
     103A      0.135569   104A      0.145342   105A      0.149042  
     106A      0.151470   107A      0.163553   108A      0.169274  
     109A      0.177749   110A      0.190840   111A      0.196317  
     112A      0.201524   113A      0.209175   114A      0.211088  
     115A      0.219285   116A      0.233469   117A      0.241626  
     118A      0.246366   119A      0.260367   120A      0.265044  
     121A      0.277898   122A      0.291472   123A      0.323631  
     124A      0.328223   125A      0.342582   126A      0.364066  
     127A      0.454652   128A      0.471126   129A      0.490446  
     130A      0.503799   131A      0.512714   132A      0.522395  
     133A      0.535310   134A      0.551299   135A      0.557667  
     136A      0.560373   137A      0.573191   138A      0.574922  
     139A      0.578204   140A      0.590991   141A      0.611304  
     142A      0.618395   143A      0.630631   144A      0.637505  
     145A      0.639849   146A      0.650610   147A      0.652744  
     148A      0.664579   149A      0.674297   150A      0.683496  
     151A      0.694140   152A      0.701453   153A      0.705718  
     154A      0.719206   155A      0.723671   156A      0.732566  
     157A      0.740325   158A      0.746553   159A      0.763431  
     160A      0.766926   161A      0.782875   162A      0.788357  
     163A      0.805927   164A      0.823539   165A      0.832361  
     166A      0.839083   167A      0.844190   168A      0.865111  
     169A      0.867798   170A      0.880258   171A      0.884683  
     172A      0.916579   173A      0.938954   174A      0.942434  
     175A      0.992362   176A      0.995594   177A      1.035400  
     178A      1.047408   179A      1.093060   180A      1.128692  
     181A      1.140158   182A      1.147399   183A      1.168447  
     184A      1.182003   185A      1.214191   186A      1.217493  
     187A      1.233818   188A      1.250832   189A      1.257948  
     190A      1.262145   191A      1.276476   192A      1.280222  
     193A      1.286028   194A      1.295707   195A      1.305040  
     196A      1.325430   197A      1.332804   198A      1.336501  
     199A      1.363346   200A      1.368691   201A      1.390954  
     202A      1.399419   203A      1.408575   204A      1.429643  
     205A      1.440769   206A      1.462714   207A      1.486114  
     208A      1.496522   209A      1.513754   210A      1.532111  
     211A      1.562005   212A      1.568678   213A      1.590865  
     214A      1.608448   215A      1.626655   216A      1.634264  
     217A      1.636153   218A      1.655695   219A      1.660887  
     220A      1.662232   221A      1.673955   222A      1.678538  
     223A      1.685339   224A      1.712936   225A      1.718370  
     226A      1.731907   227A      1.744825   228A      1.748458  
     229A      1.751789   230A      1.755454   231A      1.773045  
     232A      1.781398   233A      1.790165   234A      1.800309  
     235A      1.810275   236A      1.831254   237A      1.835875  
     238A      1.852762   239A      1.857944   240A      1.889784  
     241A      1.892157   242A      1.910573   243A      1.921287  
     244A      1.949397   245A      1.949514   246A      1.972885  
     247A      1.985024   248A      2.003159   249A      2.021461  
     250A      2.023920   251A      2.034699   252A      2.055824  
     253A      2.075817   254A      2.101664   255A      2.113254  
     256A      2.127641   257A      2.139131   258A      2.142454  
     259A      2.190612   260A      2.196087   261A      2.207304  
     262A      2.248708   263A      2.253051   264A      2.309208  
     265A      2.315874   266A      2.342286   267A      2.373790  
     268A      2.392063   269A      2.402959   270A      2.420482  
     271A      2.439913   272A      2.463319   273A      2.486611  
     274A      2.487840   275A      2.501855   276A      2.544264  
     277A      2.577340   278A      2.583860   279A      2.591283  
     280A      2.614238   281A      2.619229   282A      2.628827  
     283A      2.676581   284A      2.720862   285A      2.748154  
     286A      2.749514   287A      2.785538   288A      2.790650  
     289A      2.847408   290A      2.884281   291A      2.899546  
     292A      2.907994   293A      3.012371   294A      3.014154  
     295A      3.058655   296A      3.102404   297A      3.151383  
     298A      3.211842   299A      3.229404   300A      3.268085  
     301A      3.442250   302A      3.536985   303A      3.584804  
     304A      3.639483   305A      3.794040   306A      3.876903  

    Final Occupation by Irrep:
              A 
    DOCC [    48 ]

  @DF-RHF Final Energy:  -608.39834820088060

   => Energetics <=

    Nuclear Repulsion Energy =            649.1495324992105225
    One-Electron Energy =               -2092.0573265797688691
    Two-Electron Energy =                 834.5094458796776280
    Total Energy =                       -608.3983482008806050

Computation Completed


Properties will be evaluated at   0.000000,   0.000000,   0.000000 [a0]

Properties computed using the SCF density matrix

  Nuclear Dipole Moment: [e a0]
     X:     8.8886      Y:   -10.6867      Z:     7.2983

  Electronic Dipole Moment: [e a0]
     X:    -5.6532      Y:     4.5094      Z:    -7.5537

  Dipole Moment: [e a0]
     X:     3.2354      Y:    -6.1773      Z:    -0.2554     Total:     6.9780

  Dipole Moment: [D]
     X:     8.2237      Y:   -15.7011      Z:    -0.6491     Total:    17.7362


*** tstop() called on aliaconda at Sun Mar 20 05:30:19 2022
Module time:
	user time   =     322.18 seconds =       5.37 minutes
	system time =      38.67 seconds =       0.64 minutes
	total time  =         15 seconds =       0.25 minutes
Total time:
	user time   =   63803.60 seconds =    1063.39 minutes
	system time =    8872.80 seconds =     147.88 minutes
	total time  =       4002 seconds =      66.70 minutes

  //>>>>>>>>>>>>>>>>>>>>>>>>>>>>>>>>>>>//
  //            Monomer A HF           //
  //<<<<<<<<<<<<<<<<<<<<<<<<<<<<<<<<<<<//


*** tstart() called on aliaconda
*** at Sun Mar 20 05:30:19 2022

   => Loading Basis Set <=

    Name: JUN-CC-PVDZ
    Role: ORBITAL
    Keyword: BASIS
    atoms 1, 14                                          entry N          line   198 file /home/alia/anaconda3/envs/mddemo/share/psi4/basis/jun-cc-pvdz.gbs 
    atoms 2-4, 6, 8-10, 13, 15-17, 19, 21, 23, 25-27, 30 entry H          line    36 file /home/alia/anaconda3/envs/mddemo/share/psi4/basis/jun-cc-pvdz.gbs 
    atoms 5, 7, 11, 18, 20, 24, 28                       entry C          line   164 file /home/alia/anaconda3/envs/mddemo/share/psi4/basis/jun-cc-pvdz.gbs 
    atoms 12, 22, 29                                     entry O          line   232 file /home/alia/anaconda3/envs/mddemo/share/psi4/basis/jun-cc-pvdz.gbs 


         ---------------------------------------------------------
                                   SCF
               by Justin Turney, Rob Parrish, Andy Simmonett
                          and Daniel G. A. Smith
                              RHF Reference
                       32 Threads,  76293 MiB Core
         ---------------------------------------------------------

  ==> Geometry <==

    Molecular point group: c1
    Full point group: C1

    Geometry (in Angstrom), charge = 1, multiplicity = 1:

       Center              X                  Y                   Z               Mass       
    ------------   -----------------  -----------------  -----------------  -----------------
         N            0.760615019509    -5.814628684408    -1.246811312287    14.003074004430
         H            0.059615282723    -5.824628436453    -0.269811552613     1.007825032230
         H           -0.009384961418    -6.256628596670    -2.055811327545     1.007825032230
         H            1.536615042397    -6.491628730184    -1.115811270325     1.007825032230
         C            1.345615057656    -4.524628722555    -1.617811602204    12.000000000000
         H            0.533615259835    -3.805628859884    -1.305811327545     1.007825032230
         C            2.556615261742    -4.281628692037    -0.728811186402    12.000000000000
         H            3.466615347573    -4.850628459341    -1.116811197846     1.007825032230
         H            2.412615208336    -4.602628791219     0.302188474090     1.007825032230
         H            2.882615236947    -3.192628466970    -0.715811174958     1.007825032230
         C            1.639615206429    -4.277628505117    -3.082811516373    12.000000000000
         O            0.886615423867    -4.842628562338    -3.942811411469    15.994914619570
         H            2.474452643105    -3.632675254232    -3.394390982239     1.007825032230
      Gh(N)           0.101615099618     2.361371433848     0.500188428314    14.003074004430
      Gh(H)          -0.024384827903     2.396371281260    -0.697811525910     1.007825032230
      Gh(H)           0.318615107247     1.183370983714     0.611188489349     1.007825032230
      Gh(H)           0.890615133950     2.895371830576     0.720188695343     1.007825032230
      Gh(C)          -1.185384602836     2.894371426218     1.000188428314    12.000000000000
      Gh(H)          -1.904384942344     2.125371372813     1.068188744934     1.007825032230
      Gh(C)          -1.032384724906     3.444371616953     2.483188229950    12.000000000000
      Gh(H)          -1.989384980491     3.759371197337     2.886189061554     1.007825032230
      Gh(O)          -0.219384999565     4.515371716135     2.700188237579    15.994914619570
      Gh(H)           0.762615351388     4.328371441477     2.591188985260     1.007825032230
      Gh(C)          -0.508384557060     2.283371365183     3.329188901336    12.000000000000
      Gh(H)           0.616615442940     2.224371349924     3.254188138397     1.007825032230
      Gh(H)          -0.823384614280     1.260371601694     3.051189023407     1.007825032230
      Gh(H)          -0.709384770683     2.372371113413     4.393189031036     1.007825032230
      Gh(C)          -1.693384976676     4.082371151560     0.190188485534    12.000000000000
      Gh(O)          -2.862384648612     4.355370915049     0.225188809784    15.994914619570
      Gh(H)          -0.998845906547     4.680860912913    -0.417615336029     1.007825032230

  Running in c1 symmetry.

  Rotational constants: A =      0.03935  B =      0.00427  C =      0.00404 [cm^-1]
  Rotational constants: A =   1179.55662  B =    128.08298  C =    121.09681 [MHz]
  Nuclear repulsion =  183.991621510627539

  Charge       = 1
  Multiplicity = 1
  Electrons    = 40
  Nalpha       = 20
  Nbeta        = 20

  ==> Algorithm <==

  SCF Algorithm Type is DF.
  DIIS enabled.
  MOM disabled.
  Fractional occupation disabled.
  Guess Type is SAD.
  Energy threshold   = 1.00e-08
  Density threshold  = 1.00e-08
  Integral threshold = 1.00e-12

  ==> Primary Basis <==

  Basis Set: JUN-CC-PVDZ
    Blend: JUN-CC-PVDZ
    Number of shells: 150
    Number of basis functions: 306
    Number of Cartesian functions: 318
    Spherical Harmonics?: true
    Max angular momentum: 2

   => Loading Basis Set <=

    Name: (JUN-CC-PVDZ AUX)
    Role: JKFIT
    Keyword: DF_BASIS_SCF
    atoms 1, 14                                          entry N          line   202 file /home/alia/anaconda3/envs/mddemo/share/psi4/basis/jun-cc-pvdz-jkfit.gbs 
    atoms 2-4, 6, 8-10, 13, 15-17, 19, 21, 23, 25-27, 30 entry H          line    70 file /home/alia/anaconda3/envs/mddemo/share/psi4/basis/jun-cc-pvdz-jkfit.gbs 
    atoms 5, 7, 11, 18, 20, 24, 28                       entry C          line   146 file /home/alia/anaconda3/envs/mddemo/share/psi4/basis/jun-cc-pvdz-jkfit.gbs 
    atoms 12, 22, 29                                     entry O          line   258 file /home/alia/anaconda3/envs/mddemo/share/psi4/basis/jun-cc-pvdz-jkfit.gbs 

  ==> Integral Setup <==

  ==> DiskDFJK: Density-Fitted J/K Matrices <==

    J tasked:                  Yes
    K tasked:                  Yes
    wK tasked:                  No
    OpenMP threads:             32
    Integrals threads:          32
    Memory [MiB]:            57220
    Algorithm:                Core
    Integral Cache:           LOAD
    Schwarz Cutoff:          1E-12
    Fitting Condition:       1E-10

   => Auxiliary Basis Set <=

  Basis Set: (JUN-CC-PVDZ AUX)
    Blend: JUN-CC-PVDZ-JKFIT
    Number of shells: 486
    Number of basis functions: 1362
    Number of Cartesian functions: 1542
    Spherical Harmonics?: true
    Max angular momentum: 3

  Minimum eigenvalue in the overlap matrix is 6.3441258180E-05.
  Reciprocal condition number of the overlap matrix is 5.5145766792E-06.
    Using symmetric orthogonalization.

  ==> Pre-Iterations <==

  SCF Guess: Superposition of Atomic Densities via on-the-fly atomic UHF (no occupation information).

   -------------------------
    Irrep   Nso     Nmo    
   -------------------------
     A        306     306 
   -------------------------
    Total     306     306
   -------------------------

  ==> Iterations <==

                           Total Energy        Delta E     RMS |[F,P]|

   @DF-RHF iter SAD:  -246.59494442743340   -2.46595e+02   0.00000e+00 
   @DF-RHF iter   1:  -247.11071224008765   -5.15768e-01   1.77855e-03 DIIS
   @DF-RHF iter   2:  -247.23573008664619   -1.25018e-01   1.19820e-03 DIIS
   @DF-RHF iter   3:  -247.28618854146674   -5.04585e-02   2.64910e-04 DIIS
   @DF-RHF iter   4:  -247.29035604767458   -4.16751e-03   9.34102e-05 DIIS
   @DF-RHF iter   5:  -247.29093810328561   -5.82056e-04   2.20082e-05 DIIS
   @DF-RHF iter   6:  -247.29100421393622   -6.61107e-05   1.01457e-05 DIIS
   @DF-RHF iter   7:  -247.29101705554251   -1.28416e-05   5.08526e-06 DIIS
   @DF-RHF iter   8:  -247.29102045105020   -3.39551e-06   1.80551e-06 DIIS
   @DF-RHF iter   9:  -247.29102088226750   -4.31217e-07   4.56192e-07 DIIS
   @DF-RHF iter  10:  -247.29102090372101   -2.14535e-08   1.33340e-07 DIIS
   @DF-RHF iter  11:  -247.29102090582728   -2.10628e-09   3.06644e-08 DIIS
   @DF-RHF iter  12:  -247.29102090594020   -1.12919e-10   1.05008e-08 DIIS
   @DF-RHF iter  13:  -247.29102090596163   -2.14300e-11   5.65084e-09 DIIS
  Energy and wave function converged.


  ==> Post-Iterations <==

    Orbital Energies [Eh]
    ---------------------

    Doubly Occupied:                                                      

       1A    -20.756246     2A    -15.931084     3A    -11.538701  
       4A    -11.510888     5A    -11.433859     6A     -1.548549  
       7A     -1.491433     8A     -1.242918     9A     -1.096017  
      10A     -1.013113    11A     -0.953187    12A     -0.910559  
      13A     -0.861219    14A     -0.822360    15A     -0.800445  
      16A     -0.740874    17A     -0.731002    18A     -0.703818  
      19A     -0.661185    20A     -0.619035  

    Virtual:                                                              

      21A     -0.124623    22A     -0.076948    23A     -0.070326  
      24A     -0.060693    25A     -0.048856    26A     -0.033704  
      27A     -0.026546    28A     -0.026118    29A     -0.011895  
      30A     -0.009014    31A     -0.001668    32A      0.000265  
      33A      0.006915    34A      0.011913    35A      0.016348  
      36A      0.026905    37A      0.029304    38A      0.034486  
      39A      0.040344    40A      0.045247    41A      0.048237  
      42A      0.049777    43A      0.054590    44A      0.065463  
      45A      0.073011    46A      0.079843    47A      0.083629  
      48A      0.087838    49A      0.092765    50A      0.095601  
      51A      0.107148    52A      0.108469    53A      0.120912  
      54A      0.124646    55A      0.131889    56A      0.142548  
      57A      0.147052    58A      0.151365    59A      0.154704  
      60A      0.157017    61A      0.160288    62A      0.164454  
      63A      0.170910    64A      0.173505    65A      0.186529  
      66A      0.192945    67A      0.201137    68A      0.213936  
      69A      0.216134    70A      0.218852    71A      0.230601  
      72A      0.242890    73A      0.245550    74A      0.258959  
      75A      0.264616    76A      0.266320    77A      0.269150  
      78A      0.287028    79A      0.297524    80A      0.308207  
      81A      0.311951    82A      0.325703    83A      0.335011  
      84A      0.342682    85A      0.359045    86A      0.367024  
      87A      0.379852    88A      0.387364    89A      0.393567  
      90A      0.395894    91A      0.441332    92A      0.448422  
      93A      0.477192    94A      0.484425    95A      0.507677  
      96A      0.526586    97A      0.528589    98A      0.556004  
      99A      0.565265   100A      0.572307   101A      0.573164  
     102A      0.583389   103A      0.585343   104A      0.588384  
     105A      0.605538   106A      0.619445   107A      0.642502  
     108A      0.645281   109A      0.654443   110A      0.661162  
     111A      0.669918   112A      0.679805   113A      0.681307  
     114A      0.706643   115A      0.712282   116A      0.719441  
     117A      0.731307   118A      0.739325   119A      0.749941  
     120A      0.764848   121A      0.774990   122A      0.777328  
     123A      0.796835   124A      0.809676   125A      0.812221  
     126A      0.843896   127A      0.850721   128A      0.891197  
     129A      0.895070   130A      0.901911   131A      0.911777  
     132A      0.936669   133A      0.939187   134A      0.951217  
     135A      0.956970   136A      0.988120   137A      0.988467  
     138A      1.010442   139A      1.031744   140A      1.064908  
     141A      1.118423   142A      1.166740   143A      1.210343  
     144A      1.217136   145A      1.223118   146A      1.284436  
     147A      1.325242   148A      1.328634   149A      1.342458  
     150A      1.363507   151A      1.399834   152A      1.436621  
     153A      1.481592   154A      1.493703   155A      1.510144  
     156A      1.525151   157A      1.565384   158A      1.566583  
     159A      1.583362   160A      1.604884   161A      1.616229  
     162A      1.632092   163A      1.636495   164A      1.673618  
     165A      1.694518   166A      1.697007   167A      1.705494  
     168A      1.708191   169A      1.726084   170A      1.732973  
     171A      1.736926   172A      1.750354   173A      1.756017  
     174A      1.758150   175A      1.767521   176A      1.798401  
     177A      1.802555   178A      1.817509   179A      1.822745  
     180A      1.844101   181A      1.850626   182A      1.860582  
     183A      1.872763   184A      1.878522   185A      1.898237  
     186A      1.901665   187A      1.906813   188A      1.929816  
     189A      1.950034   190A      1.957572   191A      1.959993  
     192A      1.989487   193A      2.002354   194A      2.015378  
     195A      2.018989   196A      2.026113   197A      2.032907  
     198A      2.061913   199A      2.068252   200A      2.072494  
     201A      2.092213   202A      2.094132   203A      2.118754  
     204A      2.136757   205A      2.147169   206A      2.161125  
     207A      2.171167   208A      2.176041   209A      2.182377  
     210A      2.209506   211A      2.210798   212A      2.227938  
     213A      2.242243   214A      2.276633   215A      2.286084  
     216A      2.292209   217A      2.325249   218A      2.333388  
     219A      2.352754   220A      2.367520   221A      2.376968  
     222A      2.431399   223A      2.436051   224A      2.467263  
     225A      2.471856   226A      2.474907   227A      2.488978  
     228A      2.503996   229A      2.532506   230A      2.559145  
     231A      2.573514   232A      2.582012   233A      2.594747  
     234A      2.604692   235A      2.630088   236A      2.649991  
     237A      2.661614   238A      2.662432   239A      2.685731  
     240A      2.688819   241A      2.760392   242A      2.767939  
     243A      2.778377   244A      2.816960   245A      2.823362  
     246A      2.857788   247A      2.867167   248A      2.891269  
     249A      2.923091   250A      2.941726   251A      2.951320  
     252A      2.963330   253A      2.975469   254A      3.039043  
     255A      3.074143   256A      3.080254   257A      3.116908  
     258A      3.191946   259A      3.218810   260A      3.297388  
     261A      3.341696   262A      3.401747   263A      3.436574  
     264A      3.502453   265A      3.509852   266A      3.522432  
     267A      3.630621   268A      3.674397   269A      3.706610  
     270A      3.739230   271A      3.887555   272A      3.974391  
     273A      4.034723   274A      4.188747   275A      4.214784  
     276A      4.317733   277A      4.405194   278A      4.475829  
     279A      4.595668   280A      4.624647   281A      4.653126  
     282A      4.703907   283A      4.797698   284A      4.817681  
     285A      4.834072   286A      4.924369   287A      4.991088  
     288A      5.087844   289A      5.150770   290A      5.162817  
     291A      5.418168   292A      5.507617   293A      5.553668  
     294A      5.665617   295A      5.797906   296A      6.009299  
     297A      6.060711   298A      6.590433   299A      6.830366  
     300A     18.169173   301A     18.302494   302A     18.464723  
     303A     18.570888   304A     25.317878   305A     33.449541  
     306A     33.470438  

    Final Occupation by Irrep:
              A 
    DOCC [    20 ]

  @DF-RHF Final Energy:  -247.29102090596163

   => Energetics <=

    Nuclear Repulsion Energy =            183.9916215106275388
    One-Electron Energy =                -691.8322994539108777
    Two-Electron Energy =                 260.5496570373217082
    Total Energy =                       -247.2910209059616591

Computation Completed


Properties will be evaluated at   0.000000,   0.000000,   0.000000 [a0]

Properties computed using the SCF density matrix

  Nuclear Dipole Moment: [e a0]
     X:   111.5412      Y:  -371.5274      Z:  -155.9380

  Electronic Dipole Moment: [e a0]
     X:  -109.1715      Y:   361.5625      Z:   154.4063

  Dipole Moment: [e a0]
     X:     2.3697      Y:    -9.9648      Z:    -1.5318     Total:    10.3566

  Dipole Moment: [D]
     X:     6.0232      Y:   -25.3281      Z:    -3.8933     Total:    26.3239


*** tstop() called on aliaconda at Sun Mar 20 05:30:29 2022
Module time:
	user time   =     190.60 seconds =       3.18 minutes
	system time =      20.07 seconds =       0.33 minutes
	total time  =         10 seconds =       0.17 minutes
Total time:
	user time   =   63994.36 seconds =    1066.57 minutes
	system time =    8892.90 seconds =     148.22 minutes
	total time  =       4012 seconds =      66.87 minutes

  //>>>>>>>>>>>>>>>>>>>>>>>>>>>>>>>>>>>//
  //            Monomer B HF           //
  //<<<<<<<<<<<<<<<<<<<<<<<<<<<<<<<<<<<//


*** tstart() called on aliaconda
*** at Sun Mar 20 05:30:29 2022

   => Loading Basis Set <=

    Name: JUN-CC-PVDZ
    Role: ORBITAL
    Keyword: BASIS
    atoms 1, 14                                          entry N          line   198 file /home/alia/anaconda3/envs/mddemo/share/psi4/basis/jun-cc-pvdz.gbs 
    atoms 2-4, 6, 8-10, 13, 15-17, 19, 21, 23, 25-27, 30 entry H          line    36 file /home/alia/anaconda3/envs/mddemo/share/psi4/basis/jun-cc-pvdz.gbs 
    atoms 5, 7, 11, 18, 20, 24, 28                       entry C          line   164 file /home/alia/anaconda3/envs/mddemo/share/psi4/basis/jun-cc-pvdz.gbs 
    atoms 12, 22, 29                                     entry O          line   232 file /home/alia/anaconda3/envs/mddemo/share/psi4/basis/jun-cc-pvdz.gbs 


         ---------------------------------------------------------
                                   SCF
               by Justin Turney, Rob Parrish, Andy Simmonett
                          and Daniel G. A. Smith
                              RHF Reference
                       32 Threads,  76293 MiB Core
         ---------------------------------------------------------

  ==> Geometry <==

    Molecular point group: c1
    Full point group: C1

    Geometry (in Angstrom), charge = 1, multiplicity = 1:

       Center              X                  Y                   Z               Mass       
    ------------   -----------------  -----------------  -----------------  -----------------
      Gh(N)           0.760615019509    -5.814628684408    -1.246811312287    14.003074004430
      Gh(H)           0.059615282723    -5.824628436453    -0.269811552613     1.007825032230
      Gh(H)          -0.009384961418    -6.256628596670    -2.055811327545     1.007825032230
      Gh(H)           1.536615042397    -6.491628730184    -1.115811270325     1.007825032230
      Gh(C)           1.345615057656    -4.524628722555    -1.617811602204    12.000000000000
      Gh(H)           0.533615259835    -3.805628859884    -1.305811327545     1.007825032230
      Gh(C)           2.556615261742    -4.281628692037    -0.728811186402    12.000000000000
      Gh(H)           3.466615347573    -4.850628459341    -1.116811197846     1.007825032230
      Gh(H)           2.412615208336    -4.602628791219     0.302188474090     1.007825032230
      Gh(H)           2.882615236947    -3.192628466970    -0.715811174958     1.007825032230
      Gh(C)           1.639615206429    -4.277628505117    -3.082811516373    12.000000000000
      Gh(O)           0.886615423867    -4.842628562338    -3.942811411469    15.994914619570
      Gh(H)           2.474452643105    -3.632675254232    -3.394390982239     1.007825032230
         N            0.101615099618     2.361371433848     0.500188428314    14.003074004430
         H           -0.024384827903     2.396371281260    -0.697811525910     1.007825032230
         H            0.318615107247     1.183370983714     0.611188489349     1.007825032230
         H            0.890615133950     2.895371830576     0.720188695343     1.007825032230
         C           -1.185384602836     2.894371426218     1.000188428314    12.000000000000
         H           -1.904384942344     2.125371372813     1.068188744934     1.007825032230
         C           -1.032384724906     3.444371616953     2.483188229950    12.000000000000
         H           -1.989384980491     3.759371197337     2.886189061554     1.007825032230
         O           -0.219384999565     4.515371716135     2.700188237579    15.994914619570
         H            0.762615351388     4.328371441477     2.591188985260     1.007825032230
         C           -0.508384557060     2.283371365183     3.329188901336    12.000000000000
         H            0.616615442940     2.224371349924     3.254188138397     1.007825032230
         H           -0.823384614280     1.260371601694     3.051189023407     1.007825032230
         H           -0.709384770683     2.372371113413     4.393189031036     1.007825032230
         C           -1.693384976676     4.082371151560     0.190188485534    12.000000000000
         O           -2.862384648612     4.355370915049     0.225188809784    15.994914619570
         H           -0.998845906547     4.680860912913    -0.417615336029     1.007825032230

  Running in c1 symmetry.

  Rotational constants: A =      0.03935  B =      0.00427  C =      0.00404 [cm^-1]
  Rotational constants: A =   1179.55662  B =    128.08298  C =    121.09681 [MHz]
  Nuclear repulsion =  332.074591381280698

  Charge       = 1
  Multiplicity = 1
  Electrons    = 56
  Nalpha       = 28
  Nbeta        = 28

  ==> Algorithm <==

  SCF Algorithm Type is DF.
  DIIS enabled.
  MOM disabled.
  Fractional occupation disabled.
  Guess Type is SAD.
  Energy threshold   = 1.00e-08
  Density threshold  = 1.00e-08
  Integral threshold = 1.00e-12

  ==> Primary Basis <==

  Basis Set: JUN-CC-PVDZ
    Blend: JUN-CC-PVDZ
    Number of shells: 150
    Number of basis functions: 306
    Number of Cartesian functions: 318
    Spherical Harmonics?: true
    Max angular momentum: 2

   => Loading Basis Set <=

    Name: (JUN-CC-PVDZ AUX)
    Role: JKFIT
    Keyword: DF_BASIS_SCF
    atoms 1, 14                                          entry N          line   202 file /home/alia/anaconda3/envs/mddemo/share/psi4/basis/jun-cc-pvdz-jkfit.gbs 
    atoms 2-4, 6, 8-10, 13, 15-17, 19, 21, 23, 25-27, 30 entry H          line    70 file /home/alia/anaconda3/envs/mddemo/share/psi4/basis/jun-cc-pvdz-jkfit.gbs 
    atoms 5, 7, 11, 18, 20, 24, 28                       entry C          line   146 file /home/alia/anaconda3/envs/mddemo/share/psi4/basis/jun-cc-pvdz-jkfit.gbs 
    atoms 12, 22, 29                                     entry O          line   258 file /home/alia/anaconda3/envs/mddemo/share/psi4/basis/jun-cc-pvdz-jkfit.gbs 

  ==> Integral Setup <==

  ==> DiskDFJK: Density-Fitted J/K Matrices <==

    J tasked:                  Yes
    K tasked:                  Yes
    wK tasked:                  No
    OpenMP threads:             32
    Integrals threads:          32
    Memory [MiB]:            57220
    Algorithm:                Core
    Integral Cache:           LOAD
    Schwarz Cutoff:          1E-12
    Fitting Condition:       1E-10

   => Auxiliary Basis Set <=

  Basis Set: (JUN-CC-PVDZ AUX)
    Blend: JUN-CC-PVDZ-JKFIT
    Number of shells: 486
    Number of basis functions: 1362
    Number of Cartesian functions: 1542
    Spherical Harmonics?: true
    Max angular momentum: 3

  Minimum eigenvalue in the overlap matrix is 6.3441258180E-05.
  Reciprocal condition number of the overlap matrix is 5.5145766792E-06.
    Using symmetric orthogonalization.

  ==> Pre-Iterations <==

  SCF Guess: Superposition of Atomic Densities via on-the-fly atomic UHF (no occupation information).

   -------------------------
    Irrep   Nso     Nmo    
   -------------------------
     A        306     306 
   -------------------------
    Total     306     306
   -------------------------

  ==> Iterations <==

                           Total Energy        Delta E     RMS |[F,P]|

   @DF-RHF iter SAD:  -360.65541808058219   -3.60655e+02   0.00000e+00 
   @DF-RHF iter   1:  -360.91218002089050   -2.56762e-01   2.19720e-03 DIIS
   @DF-RHF iter   2:  -361.10522191135124   -1.93042e-01   1.36445e-03 DIIS
   @DF-RHF iter   3:  -361.17069677460825   -6.54749e-02   2.93345e-04 DIIS
   @DF-RHF iter   4:  -361.17549410857885   -4.79733e-03   1.08442e-04 DIIS
   @DF-RHF iter   5:  -361.17616411737714   -6.70009e-04   2.51839e-05 DIIS
   @DF-RHF iter   6:  -361.17622520599537   -6.10886e-05   1.16909e-05 DIIS
   @DF-RHF iter   7:  -361.17623832154578   -1.31156e-05   4.74454e-06 DIIS
   @DF-RHF iter   8:  -361.17624097391041   -2.65236e-06   1.89258e-06 DIIS
   @DF-RHF iter   9:  -361.17624140565607   -4.31746e-07   5.37732e-07 DIIS
   @DF-RHF iter  10:  -361.17624144409257   -3.84365e-08   1.69996e-07 DIIS
   @DF-RHF iter  11:  -361.17624144801624   -3.92367e-09   6.00135e-08 DIIS
   @DF-RHF iter  12:  -361.17624144860531   -5.89068e-10   2.82603e-08 DIIS
   @DF-RHF iter  13:  -361.17624144879056   -1.85253e-10   1.57979e-08 DIIS
   @DF-RHF iter  14:  -361.17624144886906   -7.85008e-11   7.13668e-09 DIIS
  Energy and wave function converged.


  ==> Post-Iterations <==

    Orbital Energies [Eh]
    ---------------------

    Doubly Occupied:                                                      

       1A    -20.745440     2A    -20.741404     3A    -15.942832  
       4A    -11.518820     5A    -11.496789     6A    -11.476853  
       7A    -11.394181     8A     -1.578768     9A     -1.559965  
      10A     -1.507909    11A     -1.236691    12A     -1.152634  
      13A     -1.026573    14A     -1.017484    15A     -0.972923  
      16A     -0.912979    17A     -0.899981    18A     -0.840557  
      19A     -0.822837    20A     -0.811257    21A     -0.789393  
      22A     -0.778175    23A     -0.706889    24A     -0.694762  
      25A     -0.674314    26A     -0.652678    27A     -0.624493  
      28A     -0.587276  

    Virtual:                                                              

      29A     -0.133687    30A     -0.089311    31A     -0.077236  
      32A     -0.054509    33A     -0.046247    34A     -0.037765  
      35A     -0.030503    36A     -0.022712    37A     -0.016374  
      38A     -0.013202    39A     -0.011958    40A     -0.006546  
      41A     -0.003726    42A      0.003779    43A      0.012706  
      44A      0.018487    45A      0.028167    46A      0.031637  
      47A      0.034795    48A      0.041544    49A      0.043128  
      50A      0.045407    51A      0.048020    52A      0.049549  
      53A      0.052131    54A      0.062897    55A      0.069558  
      56A      0.087092    57A      0.095096    58A      0.097101  
      59A      0.100504    60A      0.107810    61A      0.114747  
      62A      0.117134    63A      0.119965    64A      0.127954  
      65A      0.141486    66A      0.143513    67A      0.144720  
      68A      0.147052    69A      0.157162    70A      0.161861  
      71A      0.168454    72A      0.176140    73A      0.183309  
      74A      0.184687    75A      0.189305    76A      0.195333  
      77A      0.204076    78A      0.207979    79A      0.219999  
      80A      0.223665    81A      0.229025    82A      0.234872  
      83A      0.245394    84A      0.262101    85A      0.266149  
      86A      0.268977    87A      0.284515    88A      0.287227  
      89A      0.293059    90A      0.299897    91A      0.309546  
      92A      0.318302    93A      0.334624    94A      0.339476  
      95A      0.348238    96A      0.355780    97A      0.379260  
      98A      0.384907    99A      0.387804   100A      0.399041  
     101A      0.420906   102A      0.428460   103A      0.444611  
     104A      0.472773   105A      0.497266   106A      0.509693  
     107A      0.521250   108A      0.530794   109A      0.545944  
     110A      0.581494   111A      0.584129   112A      0.596154  
     113A      0.617630   114A      0.626026   115A      0.626642  
     116A      0.637759   117A      0.639298   118A      0.676349  
     119A      0.680261   120A      0.693821   121A      0.699213  
     122A      0.708085   123A      0.712402   124A      0.732043  
     125A      0.741372   126A      0.746245   127A      0.760072  
     128A      0.775690   129A      0.788439   130A      0.792874  
     131A      0.803512   132A      0.819011   133A      0.822668  
     134A      0.825977   135A      0.844105   136A      0.864777  
     137A      0.871995   138A      0.889191   139A      0.897826  
     140A      0.904047   141A      0.925732   142A      0.935542  
     143A      0.940699   144A      0.960864   145A      0.975190  
     146A      0.998651   147A      1.048550   148A      1.093662  
     149A      1.141419   150A      1.150849   151A      1.186573  
     152A      1.224579   153A      1.238372   154A      1.271787  
     155A      1.293794   156A      1.307120   157A      1.335309  
     158A      1.343938   159A      1.358886   160A      1.382351  
     161A      1.394208   162A      1.421553   163A      1.446890  
     164A      1.455294   165A      1.479540   166A      1.486125  
     167A      1.494076   168A      1.518432   169A      1.541668  
     170A      1.544738   171A      1.590827   172A      1.591316  
     173A      1.593221   174A      1.627397   175A      1.642132  
     176A      1.648933   177A      1.670459   178A      1.680470  
     179A      1.692083   180A      1.698669   181A      1.703774  
     182A      1.714275   183A      1.719498   184A      1.732473  
     185A      1.751410   186A      1.771316   187A      1.776399  
     188A      1.780420   189A      1.804013   190A      1.814784  
     191A      1.816977   192A      1.838913   193A      1.855963  
     194A      1.858481   195A      1.867277   196A      1.885920  
     197A      1.893011   198A      1.911264   199A      1.914792  
     200A      1.916895   201A      1.943545   202A      1.946875  
     203A      1.950934   204A      1.957365   205A      1.967181  
     206A      1.979850   207A      2.003282   208A      2.007311  
     209A      2.031665   210A      2.043610   211A      2.044205  
     212A      2.078927   213A      2.081293   214A      2.082730  
     215A      2.093277   216A      2.101323   217A      2.114359  
     218A      2.142814   219A      2.158020   220A      2.170348  
     221A      2.181568   222A      2.184743   223A      2.201449  
     224A      2.218547   225A      2.230861   226A      2.247289  
     227A      2.256366   228A      2.295629   229A      2.306752  
     230A      2.336365   231A      2.355147   232A      2.372367  
     233A      2.374004   234A      2.399208   235A      2.404787  
     236A      2.433463   237A      2.441384   238A      2.454240  
     239A      2.491776   240A      2.499593   241A      2.531212  
     242A      2.545479   243A      2.577210   244A      2.600423  
     245A      2.606860   246A      2.642359   247A      2.645102  
     248A      2.670903   249A      2.675521   250A      2.688319  
     251A      2.702482   252A      2.733530   253A      2.751398  
     254A      2.771610   255A      2.779303   256A      2.807331  
     257A      2.810641   258A      2.844075   259A      2.880018  
     260A      2.901756   261A      2.931254   262A      2.958707  
     263A      3.046645   264A      3.057035   265A      3.069715  
     266A      3.109720   267A      3.113594   268A      3.164775  
     269A      3.225957   270A      3.265590   271A      3.283185  
     272A      3.296495   273A      3.322120   274A      3.356805  
     275A      3.446119   276A      3.571016   277A      3.590872  
     278A      3.604377   279A      3.638845   280A      3.777817  
     281A      3.847570   282A      3.925501   283A      3.930161  
     284A      3.944147   285A      4.118350   286A      4.152854  
     287A      4.254247   288A      4.371184   289A      4.572594  
     290A      4.608114   291A      4.618883   292A      4.755976  
     293A      4.831603   294A      4.881470   295A      5.026085  
     296A      5.089044   297A      5.406316   298A      5.505232  
     299A      5.631590   300A      5.669786   301A      6.425646  
     302A     18.159757   303A     18.347154   304A     18.562721  
     305A     25.311847   306A     33.418172  

    Final Occupation by Irrep:
              A 
    DOCC [    28 ]

  @DF-RHF Final Energy:  -361.17624144886906

   => Energetics <=

    Nuclear Repulsion Energy =            332.0745913812806975
    One-Electron Energy =               -1140.1719446668871569
    Two-Electron Energy =                 446.9211118367373956
    Total Energy =                       -361.1762414488690638

Computation Completed


Properties will be evaluated at   0.000000,   0.000000,   0.000000 [a0]

Properties computed using the SCF density matrix

  Nuclear Dipole Moment: [e a0]
     X:  -102.6526      Y:   360.8407      Z:   163.2363

  Electronic Dipole Moment: [e a0]
     X:   103.5683      Y:  -357.0465      Z:  -161.9344

  Dipole Moment: [e a0]
     X:     0.9157      Y:     3.7942      Z:     1.3019     Total:     4.1145

  Dipole Moment: [D]
     X:     2.3276      Y:     9.6438      Z:     3.3091     Total:    10.4580


*** tstop() called on aliaconda at Sun Mar 20 05:30:39 2022
Module time:
	user time   =     223.85 seconds =       3.73 minutes
	system time =      24.98 seconds =       0.42 minutes
	total time  =         10 seconds =       0.17 minutes
Total time:
	user time   =   64218.33 seconds =    1070.31 minutes
	system time =    8917.91 seconds =     148.63 minutes
	total time  =       4022 seconds =      67.03 minutes
  Constructing Basis Sets for SAPT...

   => Loading Basis Set <=

    Name: (JUN-CC-PVDZ AUX)
    Role: RIFIT
    Keyword: DF_BASIS_SAPT
    atoms 1, 14                                          entry N          line   144 file /home/alia/anaconda3/envs/mddemo/share/psi4/basis/jun-cc-pvdz-ri.gbs 
    atoms 2-4, 6, 8-10, 13, 15-17, 19, 21, 23, 25-27, 30 entry H          line    30 file /home/alia/anaconda3/envs/mddemo/share/psi4/basis/jun-cc-pvdz-ri.gbs 
    atoms 5, 7, 11, 18, 20, 24, 28                       entry C          line   100 file /home/alia/anaconda3/envs/mddemo/share/psi4/basis/jun-cc-pvdz-ri.gbs 
    atoms 12, 22, 29                                     entry O          line   188 file /home/alia/anaconda3/envs/mddemo/share/psi4/basis/jun-cc-pvdz-ri.gbs 


  //>>>>>>>>>>>>>>>>>>>>>>>>>>>>>>>>>>>//
  //               SAPT0               //
  //<<<<<<<<<<<<<<<<<<<<<<<<<<<<<<<<<<<//


*** tstart() called on aliaconda
*** at Sun Mar 20 05:30:39 2022

        SAPT0  
    Ed Hohenstein
     6 June 2009

      Orbital Information
  --------------------------
    NSO        =       306
    NMO        =       306
    NRI        =      1032
    NOCC A     =        20
    NOCC B     =        28
    FOCC A     =         0
    FOCC B     =         0
    NVIR A     =       286
    NVIR B     =       278

    Elst10,r            =     0.069802515884 [Eh]
    Exch10              =    -0.000000036676 [Eh]
    Exch10 (S^2)        =    -0.000000036676 [Eh]

    Iter     Energy [mEh]          dE [mEh]         Residual      Time [s]
       1      -0.49811728       0.498117284       6.265686801             1
       2      -0.48602118      -0.012096100       2.230096154             1
       3      -0.51992450       0.033903313       0.969939017             2
       4      -0.53554391       0.015619417       0.234954723             2
       5      -0.53293624      -0.002607672       0.136117317             3
       6      -0.53234396      -0.000592279       0.044679378             4
       7      -0.53270605       0.000362091       0.012161861             4
       8      -0.53273678       0.000030723       0.004363859             5
       9      -0.53271470      -0.000022072       0.002742567             5
      10      -0.53271172      -0.000002986       0.001141417             6
      11      -0.53271725       0.000005536       0.000370889             6
      12      -0.53271729       0.000000037       0.000100759             7
      13      -0.53271679      -0.000000504       0.000022316             7
      14      -0.53271681       0.000000026       0.000006161             8
      15      -0.53271683       0.000000017       0.000001633             8
      16      -0.53271683      -0.000000000       0.000000435             9

    CHF Iterations converged


    Iter     Energy [mEh]          dE [mEh]         Residual      Time [s]
       1      -0.32636525       0.326365246       4.350006036             1
       2      -0.33950804       0.013142790       1.875025827             1
       3      -0.36685212       0.027344084       0.638977270             2
       4      -0.37192604       0.005073918       0.172888624             2
       5      -0.37128987      -0.000636172       0.088860464             3
       6      -0.37065206      -0.000637805       0.027278971             4
       7      -0.37071659       0.000064527       0.012247259             4
       8      -0.37079140       0.000074808       0.003235127             5
       9      -0.37078267      -0.000008727       0.001128089             5
      10      -0.37077798      -0.000004688       0.000365780             6
      11      -0.37077888       0.000000901       0.000171234             7
      12      -0.37077940       0.000000515       0.000088663             7
      13      -0.37077911      -0.000000285       0.000035003             8
      14      -0.37077904      -0.000000070       0.000009654             8
      15      -0.37077907       0.000000024       0.000003252             9
      16      -0.37077907       0.000000007       0.000000879            10

    CHF Iterations converged

    Ind20,r (A<-B)      =    -0.000532716831 [Eh]
    Ind20,r (B<-A)      =    -0.000370779072 [Eh]
    Ind20,r             =    -0.000903495903 [Eh]
    Exch-Ind20,r (A<-B) =     0.000000006808 [Eh]
    Exch-Ind20,r (B<-A) =     0.000000009960 [Eh]
    Exch-Ind20,r        =     0.000000016768 [Eh]
    Disp20              =    -0.000080087896 [Eh]
    Disp20 (SS)         =    -0.000040043948 [Eh]
    Disp20 (OS)         =    -0.000040043948 [Eh]
    Exch-Disp20         =     0.000000005848 [Eh]
    Exch-Disp20 (SS)    =     0.000000004214 [Eh]
    Exch-Disp20 (OS)    =     0.000000001634 [Eh]

    SAPT Results 
  --------------------------------------------------------------------------------------------------------
    Electrostatics                 69.80251588 [mEh]      43.80174001 [kcal/mol]     183.26648021 [kJ/mol]
      Elst10,r                     69.80251588 [mEh]      43.80174001 [kcal/mol]     183.26648021 [kJ/mol]

    Exchange                       -0.00003668 [mEh]      -0.00002301 [kcal/mol]      -0.00009629 [kJ/mol]
      Exch10                       -0.00003668 [mEh]      -0.00002301 [kcal/mol]      -0.00009629 [kJ/mol]
      Exch10(S^2)                  -0.00003668 [mEh]      -0.00002301 [kcal/mol]      -0.00009629 [kJ/mol]

    Induction                      -0.88832526 [mEh]      -0.55743252 [kcal/mol]      -2.33229764 [kJ/mol]
      Ind20,r                      -0.90349590 [mEh]      -0.56695224 [kcal/mol]      -2.37212817 [kJ/mol]
      Exch-Ind20,r                  0.00001677 [mEh]       0.00001052 [kcal/mol]       0.00004402 [kJ/mol]
      delta HF,r (2)                0.01515388 [mEh]       0.00950920 [kcal/mol]       0.03978650 [kJ/mol]

    Dispersion                     -0.08008205 [mEh]      -0.05025224 [kcal/mol]      -0.21025539 [kJ/mol]
      Disp20                       -0.08008790 [mEh]      -0.05025591 [kcal/mol]      -0.21027074 [kJ/mol]
      Exch-Disp20                   0.00000585 [mEh]       0.00000367 [kcal/mol]       0.00001535 [kJ/mol]
      Disp20 (SS)                  -0.04004395 [mEh]      -0.02512796 [kcal/mol]      -0.10513537 [kJ/mol]
      Disp20 (OS)                  -0.04004395 [mEh]      -0.02512796 [kcal/mol]      -0.10513537 [kJ/mol]
      Exch-Disp20 (SS)              0.00000421 [mEh]       0.00000264 [kcal/mol]       0.00001106 [kJ/mol]
      Exch-Disp20 (OS)              0.00000163 [mEh]       0.00000103 [kcal/mol]       0.00000429 [kJ/mol]

  Total HF                         68.91415395 [mEh]      43.24428448 [kcal/mol]     180.93408627 [kJ/mol]
  Total SAPT0                      68.83407190 [mEh]      43.19403224 [kcal/mol]     180.72383088 [kJ/mol]

  Special recipe for scaled SAPT0 (see Manual):
    Electrostatics sSAPT0          69.80251588 [mEh]      43.80174001 [kcal/mol]     183.26648021 [kJ/mol]
    Exchange sSAPT0                -0.00003668 [mEh]      -0.00002301 [kcal/mol]      -0.00009629 [kJ/mol]
    Induction sSAPT0               -0.88832526 [mEh]      -0.55743252 [kcal/mol]      -2.33229764 [kJ/mol]
    Dispersion sSAPT0              -0.08008205 [mEh]      -0.05025224 [kcal/mol]      -0.21025539 [kJ/mol]
  Total sSAPT0                     68.83407190 [mEh]      43.19403224 [kcal/mol]     180.72383088 [kJ/mol]
  --------------------------------------------------------------------------------------------------------

*** tstop() called on aliaconda at Sun Mar 20 05:31:28 2022
Module time:
	user time   =     682.97 seconds =      11.38 minutes
	system time =     118.71 seconds =       1.98 minutes
	total time  =         49 seconds =       0.82 minutes
Total time:
	user time   =   64903.91 seconds =    1081.73 minutes
	system time =    9037.09 seconds =     150.62 minutes
	total time  =       4071 seconds =      67.85 minutes


Warning! sapt0 does not have an associated derived wavefunction.The returned wavefunction is the dimer SCF wavefunction.


  Memory set to  74.506 GiB by Python driver.
  Threads set to 32 by Python driver.
