
Scratch directory: /tmp/

Scratch directory: /tmp/

  //>>>>>>>>>>>>>>>>>>>>>>>>>>>>>>>>>>>//
  //              Dimer HF             //
  //<<<<<<<<<<<<<<<<<<<<<<<<<<<<<<<<<<<//


*** tstart() called on aliaconda
*** at Sun Mar 20 05:35:38 2022

   => Loading Basis Set <=

    Name: JUN-CC-PVDZ
    Role: ORBITAL
    Keyword: BASIS
    atoms 1, 14                                          entry N          line   198 file /home/alia/anaconda3/envs/mddemo/share/psi4/basis/jun-cc-pvdz.gbs 
    atoms 2-4, 6, 8-10, 13, 15-17, 19, 21, 23, 25-27, 30 entry H          line    36 file /home/alia/anaconda3/envs/mddemo/share/psi4/basis/jun-cc-pvdz.gbs 
    atoms 5, 7, 11, 18, 20, 24, 28                       entry C          line   164 file /home/alia/anaconda3/envs/mddemo/share/psi4/basis/jun-cc-pvdz.gbs 
    atoms 12, 22, 29                                     entry O          line   232 file /home/alia/anaconda3/envs/mddemo/share/psi4/basis/jun-cc-pvdz.gbs 


         ---------------------------------------------------------
                                   SCF
               by Justin Turney, Rob Parrish, Andy Simmonett
                          and Daniel G. A. Smith
                              RHF Reference
                       32 Threads,  76293 MiB Core
         ---------------------------------------------------------

  ==> Geometry <==

    Molecular point group: c1
    Full point group: C1

    Geometry (in Angstrom), charge = 2, multiplicity = 1:

       Center              X                  Y                   Z               Mass       
    ------------   -----------------  -----------------  -----------------  -----------------
         N            0.418712390231    -5.890176829115    -1.076560941523    14.003074004430
         H           -0.314287411405    -5.927177008405    -0.119561162775     1.007825032230
         H           -0.390287148191    -6.152176913038    -1.929561105555     1.007825032230
         H            1.041712535189    -6.590177115217    -1.012560811823     1.007825032230
         C            0.951712382602    -4.585177000776    -1.247560945337    12.000000000000
         H            0.337712539004    -3.794177111402    -0.846560922449     1.007825032230
         C            2.246712697314    -4.640176829115    -0.403561082666    12.000000000000
         H            3.123712552356    -5.379177149549    -0.699561086481     1.007825032230
         H            2.099712622927    -4.831176813856     0.732439073736     1.007825032230
         H            2.580712569522    -3.581176813856    -0.347560849970     1.007825032230
         C            1.205712569522    -4.200177248731    -2.714560952967    12.000000000000
         O            0.669712794589    -4.680176790968    -3.694560972040    15.994914619570
         H            1.948544276522    -3.409390028730    -2.895825830286     1.007825032230
         N            0.410712493228     2.428822938189     0.554439100439    14.003074004430
         H            0.434712661074     2.315823022112    -0.643560853785     1.007825032230
         H            0.696712744998     1.298822823748     0.849439176733     1.007825032230
         H            1.181712640094     3.075823250994     0.811439069921     1.007825032230
         C           -0.820287453366     2.914822999224     1.013439211065    12.000000000000
         H           -1.486287342740     2.135822716936     1.162438902075     1.007825032230
         C           -0.832287537290     3.782823029742     2.328439268286    12.000000000000
         H           -1.835287319852     4.152822915301     2.499438795263     1.007825032230
         O           -0.011287438108     4.915823403582     2.261438879187    15.994914619570
         H            0.887712729739     4.543822709307     2.286439451391     1.007825032230
         C           -0.356287228299     2.916822854265     3.476439031775    12.000000000000
         H            0.716712725924     2.648823205218     3.371438535864     1.007825032230
         H           -0.954287277890     2.045822564348     3.599439176733     1.007825032230
         H           -0.510287510587     3.452823106035     4.450439008886     1.007825032230
         C           -1.482287155820     3.729822579607    -0.098560777491    12.000000000000
         O           -2.612287270261     3.447822991595    -0.553561178034    15.994914619570
         H           -0.944854962064     4.595456544146    -0.513102498835     1.007825032230

  Running in c1 symmetry.

  Rotational constants: A =      0.03724  B =      0.00450  C =      0.00422 [cm^-1]
  Rotational constants: A =   1116.53062  B =    134.87625  C =    126.51512 [MHz]
  Nuclear repulsion =  651.262971639709463

  Charge       = 2
  Multiplicity = 1
  Electrons    = 96
  Nalpha       = 48
  Nbeta        = 48

  ==> Algorithm <==

  SCF Algorithm Type is DF.
  DIIS enabled.
  MOM disabled.
  Fractional occupation disabled.
  Guess Type is SAD.
  Energy threshold   = 1.00e-08
  Density threshold  = 1.00e-08
  Integral threshold = 1.00e-12

  ==> Primary Basis <==

  Basis Set: JUN-CC-PVDZ
    Blend: JUN-CC-PVDZ
    Number of shells: 150
    Number of basis functions: 306
    Number of Cartesian functions: 318
    Spherical Harmonics?: true
    Max angular momentum: 2

   => Loading Basis Set <=

    Name: (JUN-CC-PVDZ AUX)
    Role: JKFIT
    Keyword: DF_BASIS_SCF
    atoms 1, 14                                          entry N          line   202 file /home/alia/anaconda3/envs/mddemo/share/psi4/basis/jun-cc-pvdz-jkfit.gbs 
    atoms 2-4, 6, 8-10, 13, 15-17, 19, 21, 23, 25-27, 30 entry H          line    70 file /home/alia/anaconda3/envs/mddemo/share/psi4/basis/jun-cc-pvdz-jkfit.gbs 
    atoms 5, 7, 11, 18, 20, 24, 28                       entry C          line   146 file /home/alia/anaconda3/envs/mddemo/share/psi4/basis/jun-cc-pvdz-jkfit.gbs 
    atoms 12, 22, 29                                     entry O          line   258 file /home/alia/anaconda3/envs/mddemo/share/psi4/basis/jun-cc-pvdz-jkfit.gbs 

  ==> Integral Setup <==

  ==> DiskDFJK: Density-Fitted J/K Matrices <==

    J tasked:                  Yes
    K tasked:                  Yes
    wK tasked:                  No
    OpenMP threads:             32
    Integrals threads:          32
    Memory [MiB]:            57220
    Algorithm:                Core
    Integral Cache:           SAVE
    Schwarz Cutoff:          1E-12
    Fitting Condition:       1E-10

   => Auxiliary Basis Set <=

  Basis Set: (JUN-CC-PVDZ AUX)
    Blend: JUN-CC-PVDZ-JKFIT
    Number of shells: 486
    Number of basis functions: 1362
    Number of Cartesian functions: 1542
    Spherical Harmonics?: true
    Max angular momentum: 3

  Minimum eigenvalue in the overlap matrix is 5.4722736097E-05.
  Reciprocal condition number of the overlap matrix is 4.7487787796E-06.
    Using symmetric orthogonalization.

  ==> Pre-Iterations <==

  SCF Guess: Superposition of Atomic Densities via on-the-fly atomic UHF (no occupation information).

   -------------------------
    Irrep   Nso     Nmo    
   -------------------------
     A        306     306 
   -------------------------
    Total     306     306
   -------------------------

  ==> Iterations <==

                           Total Energy        Delta E     RMS |[F,P]|

   @DF-RHF iter SAD:  -607.47117289848325   -6.07471e+02   0.00000e+00 
   @DF-RHF iter   1:  -607.94329352125646   -4.72121e-01   2.81209e-03 DIIS
   @DF-RHF iter   2:  -608.26347231503655   -3.20179e-01   1.77542e-03 DIIS
   @DF-RHF iter   3:  -608.37332396456918   -1.09852e-01   3.99509e-04 DIIS
   @DF-RHF iter   4:  -608.38218170229163   -8.85774e-03   1.50229e-04 DIIS
   @DF-RHF iter   5:  -608.38347031774026   -1.28862e-03   3.56827e-05 DIIS
   @DF-RHF iter   6:  -608.38359792399069   -1.27606e-04   1.79541e-05 DIIS
   @DF-RHF iter   7:  -608.38363030973346   -3.23857e-05   8.39118e-06 DIIS
   @DF-RHF iter   8:  -608.38363831517927   -8.00545e-06   3.65723e-06 DIIS
   @DF-RHF iter   9:  -608.38363987748244   -1.56230e-06   1.31340e-06 DIIS
   @DF-RHF iter  10:  -608.38364008674921   -2.09267e-07   4.49010e-07 DIIS
   @DF-RHF iter  11:  -608.38364011878525   -3.20360e-08   2.14868e-07 DIIS
   @DF-RHF iter  12:  -608.38364013063836   -1.18531e-08   1.18765e-07 DIIS
   @DF-RHF iter  13:  -608.38364013507987   -4.44152e-09   5.92588e-08 DIIS
   @DF-RHF iter  14:  -608.38364013638022   -1.30035e-09   2.01520e-08 DIIS
   @DF-RHF iter  15:  -608.38364013647731   -9.70886e-11   6.36148e-09 DIIS
  Energy and wave function converged.


  ==> Post-Iterations <==

    Orbital Energies [Eh]
    ---------------------

    Doubly Occupied:                                                      

       1A    -20.825153     2A    -20.805465     3A    -20.805256  
       4A    -16.018557     5A    -15.991338     6A    -11.597385  
       7A    -11.580975     8A    -11.577024     9A    -11.547973  
      10A    -11.537633    11A    -11.514193    12A    -11.452954  
      13A     -1.650592    14A     -1.625287    15A     -1.605457  
      16A     -1.589673    17A     -1.583350    18A     -1.314252  
      19A     -1.301422    20A     -1.220481    21A     -1.167966  
      22A     -1.092193    23A     -1.085908    24A     -1.079314  
      25A     -1.046705    26A     -1.028919    27A     -0.988816  
      28A     -0.985072    29A     -0.963899    30A     -0.962609  
      31A     -0.907062    32A     -0.895082    33A     -0.872760  
      34A     -0.871673    35A     -0.866731    36A     -0.831821  
      37A     -0.825840    38A     -0.818575    39A     -0.787692  
      40A     -0.767811    41A     -0.767281    42A     -0.756987  
      43A     -0.752339    44A     -0.733015    45A     -0.720710  
      46A     -0.689090    47A     -0.678329    48A     -0.648649  

    Virtual:                                                              

      49A     -0.213927    50A     -0.186466    51A     -0.161391  
      52A     -0.149382    53A     -0.138234    54A     -0.132167  
      55A     -0.127555    56A     -0.115554    57A     -0.110606  
      58A     -0.104810    59A     -0.099194    60A     -0.096979  
      61A     -0.090886    62A     -0.084013    63A     -0.080545  
      64A     -0.076302    65A     -0.071205    66A     -0.068688  
      67A     -0.066977    68A     -0.062724    69A     -0.053142  
      70A     -0.048728    71A     -0.041486    72A     -0.037795  
      73A     -0.036575    74A     -0.030977    75A     -0.026736  
      76A     -0.022714    77A     -0.019113    78A     -0.011633  
      79A     -0.009970    80A     -0.008267    81A     -0.000861  
      82A      0.009382    83A      0.015658    84A      0.026668  
      85A      0.030586    86A      0.032505    87A      0.038683  
      88A      0.050886    89A      0.057143    90A      0.061851  
      91A      0.069390    92A      0.074812    93A      0.086414  
      94A      0.091234    95A      0.099214    96A      0.102692  
      97A      0.105869    98A      0.114100    99A      0.116949  
     100A      0.127652   101A      0.129972   102A      0.137939  
     103A      0.143761   104A      0.146616   105A      0.151572  
     106A      0.157395   107A      0.158532   108A      0.169439  
     109A      0.174132   110A      0.181998   111A      0.187231  
     112A      0.203533   113A      0.209477   114A      0.212913  
     115A      0.217611   116A      0.227706   117A      0.243131  
     118A      0.254159   119A      0.257127   120A      0.267963  
     121A      0.274153   122A      0.303076   123A      0.310892  
     124A      0.315379   125A      0.363468   126A      0.380318  
     127A      0.456423   128A      0.472966   129A      0.481374  
     130A      0.497174   131A      0.500721   132A      0.512035  
     133A      0.523874   134A      0.542999   135A      0.547585  
     136A      0.551437   137A      0.562761   138A      0.578396  
     139A      0.580037   140A      0.598262   141A      0.608350  
     142A      0.610549   143A      0.624350   144A      0.633246  
     145A      0.641316   146A      0.659658   147A      0.661273  
     148A      0.668799   149A      0.675251   150A      0.684458  
     151A      0.693831   152A      0.707663   153A      0.712481  
     154A      0.727261   155A      0.732926   156A      0.741122  
     157A      0.746794   158A      0.750555   159A      0.766132  
     160A      0.769437   161A      0.782232   162A      0.810974  
     163A      0.818218   164A      0.820231   165A      0.830304  
     166A      0.837523   167A      0.845489   168A      0.848021  
     169A      0.851917   170A      0.870928   171A      0.880576  
     172A      0.894578   173A      0.924939   174A      0.947216  
     175A      0.948950   176A      1.028297   177A      1.048845  
     178A      1.054478   179A      1.106926   180A      1.125774  
     181A      1.142531   182A      1.151461   183A      1.163125  
     184A      1.182927   185A      1.210159   186A      1.211296  
     187A      1.240610   188A      1.248529   189A      1.260493  
     190A      1.263699   191A      1.271780   192A      1.279693  
     193A      1.296921   194A      1.308271   195A      1.312846  
     196A      1.326342   197A      1.334609   198A      1.337552  
     199A      1.347303   200A      1.367997   201A      1.384219  
     202A      1.403353   203A      1.420527   204A      1.423699  
     205A      1.437213   206A      1.461846   207A      1.482515  
     208A      1.495186   209A      1.535178   210A      1.540363  
     211A      1.560192   212A      1.562077   213A      1.577439  
     214A      1.596001   215A      1.602293   216A      1.615932  
     217A      1.626917   218A      1.647201   219A      1.658909  
     220A      1.670654   221A      1.686595   222A      1.695321  
     223A      1.699025   224A      1.703361   225A      1.706146  
     226A      1.723213   227A      1.735257   228A      1.749831  
     229A      1.755006   230A      1.761493   231A      1.765079  
     232A      1.794592   233A      1.799421   234A      1.804237  
     235A      1.807103   236A      1.821967   237A      1.846112  
     238A      1.846818   239A      1.870029   240A      1.885327  
     241A      1.902033   242A      1.911997   243A      1.913890  
     244A      1.961321   245A      1.964815   246A      1.983254  
     247A      2.003923   248A      2.013258   249A      2.030265  
     250A      2.038942   251A      2.046097   252A      2.085485  
     253A      2.102211   254A      2.111297   255A      2.135322  
     256A      2.153465   257A      2.167622   258A      2.175824  
     259A      2.209552   260A      2.212789   261A      2.239508  
     262A      2.254515   263A      2.278026   264A      2.314410  
     265A      2.349399   266A      2.363394   267A      2.375756  
     268A      2.383347   269A      2.400618   270A      2.409281  
     271A      2.422800   272A      2.433994   273A      2.451523  
     274A      2.470342   275A      2.487953   276A      2.520798  
     277A      2.578838   278A      2.592005   279A      2.597963  
     280A      2.635115   281A      2.644432   282A      2.678477  
     283A      2.680408   284A      2.723102   285A      2.770391  
     286A      2.771885   287A      2.785163   288A      2.795443  
     289A      2.839106   290A      2.887442   291A      2.894468  
     292A      2.966267   293A      2.981060   294A      3.024129  
     295A      3.104320   296A      3.147326   297A      3.201682  
     298A      3.220754   299A      3.242935   300A      3.291665  
     301A      3.465818   302A      3.474653   303A      3.482001  
     304A      3.702454   305A      3.733535   306A      3.899001  

    Final Occupation by Irrep:
              A 
    DOCC [    48 ]

  @DF-RHF Final Energy:  -608.38364013647731

   => Energetics <=

    Nuclear Repulsion Energy =            651.2629716397094626
    One-Electron Energy =               -2095.8186793431923434
    Two-Electron Energy =                 836.1720675670054561
    Total Energy =                       -608.3836401364773110

Computation Completed


Properties will be evaluated at   0.000000,   0.000000,   0.000000 [a0]

Properties computed using the SCF density matrix

  Nuclear Dipole Moment: [e a0]
     X:     8.0637      Y:    -8.7833      Z:    10.0745

  Electronic Dipole Moment: [e a0]
     X:    -5.1932      Y:     2.8940      Z:    -9.0725

  Dipole Moment: [e a0]
     X:     2.8704      Y:    -5.8893      Z:     1.0021     Total:     6.6278

  Dipole Moment: [D]
     X:     7.2959      Y:   -14.9692      Z:     2.5470     Total:    16.8462


*** tstop() called on aliaconda at Sun Mar 20 05:35:53 2022
Module time:
	user time   =     327.86 seconds =       5.46 minutes
	system time =      38.84 seconds =       0.65 minutes
	total time  =         15 seconds =       0.25 minutes
Total time:
	user time   =   69446.32 seconds =    1157.44 minutes
	system time =    9673.31 seconds =     161.22 minutes
	total time  =       4336 seconds =      72.27 minutes

  //>>>>>>>>>>>>>>>>>>>>>>>>>>>>>>>>>>>//
  //            Monomer A HF           //
  //<<<<<<<<<<<<<<<<<<<<<<<<<<<<<<<<<<<//


*** tstart() called on aliaconda
*** at Sun Mar 20 05:35:53 2022

   => Loading Basis Set <=

    Name: JUN-CC-PVDZ
    Role: ORBITAL
    Keyword: BASIS
    atoms 1, 14                                          entry N          line   198 file /home/alia/anaconda3/envs/mddemo/share/psi4/basis/jun-cc-pvdz.gbs 
    atoms 2-4, 6, 8-10, 13, 15-17, 19, 21, 23, 25-27, 30 entry H          line    36 file /home/alia/anaconda3/envs/mddemo/share/psi4/basis/jun-cc-pvdz.gbs 
    atoms 5, 7, 11, 18, 20, 24, 28                       entry C          line   164 file /home/alia/anaconda3/envs/mddemo/share/psi4/basis/jun-cc-pvdz.gbs 
    atoms 12, 22, 29                                     entry O          line   232 file /home/alia/anaconda3/envs/mddemo/share/psi4/basis/jun-cc-pvdz.gbs 


         ---------------------------------------------------------
                                   SCF
               by Justin Turney, Rob Parrish, Andy Simmonett
                          and Daniel G. A. Smith
                              RHF Reference
                       32 Threads,  76293 MiB Core
         ---------------------------------------------------------

  ==> Geometry <==

    Molecular point group: c1
    Full point group: C1

    Geometry (in Angstrom), charge = 1, multiplicity = 1:

       Center              X                  Y                   Z               Mass       
    ------------   -----------------  -----------------  -----------------  -----------------
         N            0.418712390231    -5.890176829115    -1.076560941523    14.003074004430
         H           -0.314287411405    -5.927177008405    -0.119561162775     1.007825032230
         H           -0.390287148191    -6.152176913038    -1.929561105555     1.007825032230
         H            1.041712535189    -6.590177115217    -1.012560811823     1.007825032230
         C            0.951712382602    -4.585177000776    -1.247560945337    12.000000000000
         H            0.337712539004    -3.794177111402    -0.846560922449     1.007825032230
         C            2.246712697314    -4.640176829115    -0.403561082666    12.000000000000
         H            3.123712552356    -5.379177149549    -0.699561086481     1.007825032230
         H            2.099712622927    -4.831176813856     0.732439073736     1.007825032230
         H            2.580712569522    -3.581176813856    -0.347560849970     1.007825032230
         C            1.205712569522    -4.200177248731    -2.714560952967    12.000000000000
         O            0.669712794589    -4.680176790968    -3.694560972040    15.994914619570
         H            1.948544276522    -3.409390028730    -2.895825830286     1.007825032230
      Gh(N)           0.410712493228     2.428822938189     0.554439100439    14.003074004430
      Gh(H)           0.434712661074     2.315823022112    -0.643560853785     1.007825032230
      Gh(H)           0.696712744998     1.298822823748     0.849439176733     1.007825032230
      Gh(H)           1.181712640094     3.075823250994     0.811439069921     1.007825032230
      Gh(C)          -0.820287453366     2.914822999224     1.013439211065    12.000000000000
      Gh(H)          -1.486287342740     2.135822716936     1.162438902075     1.007825032230
      Gh(C)          -0.832287537290     3.782823029742     2.328439268286    12.000000000000
      Gh(H)          -1.835287319852     4.152822915301     2.499438795263     1.007825032230
      Gh(O)          -0.011287438108     4.915823403582     2.261438879187    15.994914619570
      Gh(H)           0.887712729739     4.543822709307     2.286439451391     1.007825032230
      Gh(C)          -0.356287228299     2.916822854265     3.476439031775    12.000000000000
      Gh(H)           0.716712725924     2.648823205218     3.371438535864     1.007825032230
      Gh(H)          -0.954287277890     2.045822564348     3.599439176733     1.007825032230
      Gh(H)          -0.510287510587     3.452823106035     4.450439008886     1.007825032230
      Gh(C)          -1.482287155820     3.729822579607    -0.098560777491    12.000000000000
      Gh(O)          -2.612287270261     3.447822991595    -0.553561178034    15.994914619570
      Gh(H)          -0.944854962064     4.595456544146    -0.513102498835     1.007825032230

  Running in c1 symmetry.

  Rotational constants: A =      0.03724  B =      0.00450  C =      0.00422 [cm^-1]
  Rotational constants: A =   1116.53062  B =    134.87625  C =    126.51512 [MHz]
  Nuclear repulsion =  185.640468512606446

  Charge       = 1
  Multiplicity = 1
  Electrons    = 40
  Nalpha       = 20
  Nbeta        = 20

  ==> Algorithm <==

  SCF Algorithm Type is DF.
  DIIS enabled.
  MOM disabled.
  Fractional occupation disabled.
  Guess Type is SAD.
  Energy threshold   = 1.00e-08
  Density threshold  = 1.00e-08
  Integral threshold = 1.00e-12

  ==> Primary Basis <==

  Basis Set: JUN-CC-PVDZ
    Blend: JUN-CC-PVDZ
    Number of shells: 150
    Number of basis functions: 306
    Number of Cartesian functions: 318
    Spherical Harmonics?: true
    Max angular momentum: 2

   => Loading Basis Set <=

    Name: (JUN-CC-PVDZ AUX)
    Role: JKFIT
    Keyword: DF_BASIS_SCF
    atoms 1, 14                                          entry N          line   202 file /home/alia/anaconda3/envs/mddemo/share/psi4/basis/jun-cc-pvdz-jkfit.gbs 
    atoms 2-4, 6, 8-10, 13, 15-17, 19, 21, 23, 25-27, 30 entry H          line    70 file /home/alia/anaconda3/envs/mddemo/share/psi4/basis/jun-cc-pvdz-jkfit.gbs 
    atoms 5, 7, 11, 18, 20, 24, 28                       entry C          line   146 file /home/alia/anaconda3/envs/mddemo/share/psi4/basis/jun-cc-pvdz-jkfit.gbs 
    atoms 12, 22, 29                                     entry O          line   258 file /home/alia/anaconda3/envs/mddemo/share/psi4/basis/jun-cc-pvdz-jkfit.gbs 

  ==> Integral Setup <==

  ==> DiskDFJK: Density-Fitted J/K Matrices <==

    J tasked:                  Yes
    K tasked:                  Yes
    wK tasked:                  No
    OpenMP threads:             32
    Integrals threads:          32
    Memory [MiB]:            57220
    Algorithm:                Core
    Integral Cache:           LOAD
    Schwarz Cutoff:          1E-12
    Fitting Condition:       1E-10

   => Auxiliary Basis Set <=

  Basis Set: (JUN-CC-PVDZ AUX)
    Blend: JUN-CC-PVDZ-JKFIT
    Number of shells: 486
    Number of basis functions: 1362
    Number of Cartesian functions: 1542
    Spherical Harmonics?: true
    Max angular momentum: 3

  Minimum eigenvalue in the overlap matrix is 5.4722736097E-05.
  Reciprocal condition number of the overlap matrix is 4.7487787796E-06.
    Using symmetric orthogonalization.

  ==> Pre-Iterations <==

  SCF Guess: Superposition of Atomic Densities via on-the-fly atomic UHF (no occupation information).

   -------------------------
    Irrep   Nso     Nmo    
   -------------------------
     A        306     306 
   -------------------------
    Total     306     306
   -------------------------

  ==> Iterations <==

                           Total Energy        Delta E     RMS |[F,P]|

   @DF-RHF iter SAD:  -246.78117645175149   -2.46781e+02   0.00000e+00 
   @DF-RHF iter   1:  -247.11071639800855   -3.29540e-01   1.73880e-03 DIIS
   @DF-RHF iter   2:  -247.23633125611175   -1.25615e-01   1.07998e-03 DIIS
   @DF-RHF iter   3:  -247.27734514561914   -4.10139e-02   2.40394e-04 DIIS
   @DF-RHF iter   4:  -247.28078103135377   -3.43589e-03   8.66978e-05 DIIS
   @DF-RHF iter   5:  -247.28123874041813   -4.57709e-04   2.08749e-05 DIIS
   @DF-RHF iter   6:  -247.28129052714954   -5.17867e-05   9.13067e-06 DIIS
   @DF-RHF iter   7:  -247.28129990601929   -9.37887e-06   4.34463e-06 DIIS
   @DF-RHF iter   8:  -247.28130231386976   -2.40785e-06   1.39082e-06 DIIS
   @DF-RHF iter   9:  -247.28130255171050   -2.37841e-07   2.89589e-07 DIIS
   @DF-RHF iter  10:  -247.28130256049275   -8.78225e-09   9.01181e-08 DIIS
   @DF-RHF iter  11:  -247.28130256141645   -9.23706e-10   2.31874e-08 DIIS
   @DF-RHF iter  12:  -247.28130256149905   -8.25935e-11   9.63332e-09 DIIS
  Energy and wave function converged.


  ==> Post-Iterations <==

    Orbital Energies [Eh]
    ---------------------

    Doubly Occupied:                                                      

       1A    -20.756672     2A    -15.927141     3A    -11.529000  
       4A    -11.510062     5A    -11.442905     6A     -1.582991  
       7A     -1.524142     8A     -1.244629     9A     -1.097987  
      10A     -1.024429    11A     -0.962725    12A     -0.922005  
      13A     -0.893359    14A     -0.827574    15A     -0.803401  
      16A     -0.748749    17A     -0.716745    18A     -0.697913  
      19A     -0.683890    20A     -0.609745  

    Virtual:                                                              

      21A     -0.121183    22A     -0.075574    23A     -0.070527  
      24A     -0.056073    25A     -0.048171    26A     -0.030658  
      27A     -0.028111    28A     -0.025344    29A     -0.013918  
      30A     -0.008671    31A     -0.001241    32A      0.000272  
      33A      0.008010    34A      0.013002    35A      0.017920  
      36A      0.027070    37A      0.029636    38A      0.032590  
      39A      0.041478    40A      0.043826    41A      0.046917  
      42A      0.051506    43A      0.053260    44A      0.063616  
      45A      0.072729    46A      0.083186    47A      0.085355  
      48A      0.088014    49A      0.093454    50A      0.099011  
      51A      0.103467    52A      0.116174    53A      0.118710  
      54A      0.121784    55A      0.134096    56A      0.142807  
      57A      0.145172    58A      0.149630    59A      0.154697  
      60A      0.157263    61A      0.166437    62A      0.168920  
      63A      0.171093    64A      0.179495    65A      0.183985  
      66A      0.195968    67A      0.198395    68A      0.206167  
      69A      0.218046    70A      0.223443    71A      0.227118  
      72A      0.237625    73A      0.243795    74A      0.250106  
      75A      0.253969    76A      0.271324    77A      0.276531  
      78A      0.284499    79A      0.291492    80A      0.308628  
      81A      0.315315    82A      0.325067    83A      0.329512  
      84A      0.343752    85A      0.356389    86A      0.373202  
      87A      0.388179    88A      0.393995    89A      0.402715  
      90A      0.432169    91A      0.441081    92A      0.447397  
      93A      0.459694    94A      0.485094    95A      0.505706  
      96A      0.525957    97A      0.533190    98A      0.544237  
      99A      0.552342   100A      0.563606   101A      0.567005  
     102A      0.575419   103A      0.580985   104A      0.585328  
     105A      0.617482   106A      0.619642   107A      0.647522  
     108A      0.648266   109A      0.649478   110A      0.666725  
     111A      0.669895   112A      0.686830   113A      0.691223  
     114A      0.708551   115A      0.711295   116A      0.723944  
     117A      0.728310   118A      0.740258   119A      0.753785  
     120A      0.761366   121A      0.792947   122A      0.802369  
     123A      0.811784   124A      0.814816   125A      0.838635  
     126A      0.856418   127A      0.883882   128A      0.884861  
     129A      0.900331   130A      0.902640   131A      0.911258  
     132A      0.916821   133A      0.922938   134A      0.938094  
     135A      0.960611   136A      0.987835   137A      0.998271  
     138A      1.016192   139A      1.033243   140A      1.097792  
     141A      1.117919   142A      1.125807   143A      1.199069  
     144A      1.211429   145A      1.220889   146A      1.280386  
     147A      1.326790   148A      1.330074   149A      1.337595  
     150A      1.374764   151A      1.404056   152A      1.449950  
     153A      1.474237   154A      1.489912   155A      1.511764  
     156A      1.530611   157A      1.550905   158A      1.564068  
     159A      1.604095   160A      1.608976   161A      1.614984  
     162A      1.631896   163A      1.646954   164A      1.665421  
     165A      1.678457   166A      1.685924   167A      1.689976  
     168A      1.703071   169A      1.716668   170A      1.726839  
     171A      1.733942   172A      1.744438   173A      1.757245  
     174A      1.765808   175A      1.772445   176A      1.781135  
     177A      1.818186   178A      1.819717   179A      1.831711  
     180A      1.836673   181A      1.863436   182A      1.864223  
     183A      1.874890   184A      1.884941   185A      1.889661  
     186A      1.899129   187A      1.915107   188A      1.929820  
     189A      1.936404   190A      1.955053   191A      1.981126  
     192A      1.991722   193A      2.001389   194A      2.025335  
     195A      2.029416   196A      2.038697   197A      2.050794  
     198A      2.061790   199A      2.064709   200A      2.072769  
     201A      2.073702   202A      2.108476   203A      2.114900  
     204A      2.127376   205A      2.148515   206A      2.171760  
     207A      2.180220   208A      2.182531   209A      2.191306  
     210A      2.209879   211A      2.237062   212A      2.246656  
     213A      2.277860   214A      2.279904   215A      2.286141  
     216A      2.337454   217A      2.346562   218A      2.354721  
     219A      2.384827   220A      2.404003   221A      2.430349  
     222A      2.439521   223A      2.444359   224A      2.455272  
     225A      2.461757   226A      2.486441   227A      2.492629  
     228A      2.502586   229A      2.519820   230A      2.552391  
     231A      2.557170   232A      2.565892   233A      2.590796  
     234A      2.610754   235A      2.637889   236A      2.656086  
     237A      2.669627   238A      2.677230   239A      2.713454  
     240A      2.747251   241A      2.749793   242A      2.773586  
     243A      2.798643   244A      2.832953   245A      2.837027  
     246A      2.862399   247A      2.883066   248A      2.905530  
     249A      2.915039   250A      2.960332   251A      2.961659  
     252A      3.004223   253A      3.030725   254A      3.034055  
     255A      3.102030   256A      3.154471   257A      3.179913  
     258A      3.212608   259A      3.283832   260A      3.309522  
     261A      3.314666   262A      3.451418   263A      3.458508  
     264A      3.487680   265A      3.526754   266A      3.542215  
     267A      3.579613   268A      3.634590   269A      3.744746  
     270A      3.800639   271A      3.924594   272A      4.026391  
     273A      4.072554   274A      4.173324   275A      4.212718  
     276A      4.313234   277A      4.440247   278A      4.499759  
     279A      4.570076   280A      4.632128   281A      4.654963  
     282A      4.727489   283A      4.798873   284A      4.833348  
     285A      4.846202   286A      4.957065   287A      5.000751  
     288A      5.090005   289A      5.164679   290A      5.308073  
     291A      5.357221   292A      5.468127   293A      5.557819  
     294A      5.639786   295A      5.696805   296A      5.741784  
     297A      6.042533   298A      6.564996   299A      6.737977  
     300A     18.161427   301A     18.301544   302A     18.464128  
     303A     18.582775   304A     25.324100   305A     33.431925  
     306A     33.466289  

    Final Occupation by Irrep:
              A 
    DOCC [    20 ]

  @DF-RHF Final Energy:  -247.28130256149905

   => Energetics <=

    Nuclear Repulsion Energy =            185.6404685126064464
    One-Electron Energy =                -694.8314186100450343
    Two-Electron Energy =                 261.9096475359395413
    Total Energy =                       -247.2813025614990465

Computation Completed


Properties will be evaluated at   0.000000,   0.000000,   0.000000 [a0]

Properties computed using the SCF density matrix

  Nuclear Dipole Moment: [e a0]
     X:    85.3042      Y:  -375.8485      Z:  -133.0467

  Electronic Dipole Moment: [e a0]
     X:   -83.9098      Y:   365.6845      Z:   132.0210

  Dipole Moment: [e a0]
     X:     1.3945      Y:   -10.1640      Z:    -1.0257     Total:    10.3103

  Dipole Moment: [D]
     X:     3.5444      Y:   -25.8342      Z:    -2.6071     Total:    26.2062


*** tstop() called on aliaconda at Sun Mar 20 05:36:02 2022
Module time:
	user time   =     176.68 seconds =       2.94 minutes
	system time =      18.81 seconds =       0.31 minutes
	total time  =          9 seconds =       0.15 minutes
Total time:
	user time   =   69623.09 seconds =    1160.38 minutes
	system time =    9692.14 seconds =     161.54 minutes
	total time  =       4345 seconds =      72.42 minutes

  //>>>>>>>>>>>>>>>>>>>>>>>>>>>>>>>>>>>//
  //            Monomer B HF           //
  //<<<<<<<<<<<<<<<<<<<<<<<<<<<<<<<<<<<//


*** tstart() called on aliaconda
*** at Sun Mar 20 05:36:02 2022

   => Loading Basis Set <=

    Name: JUN-CC-PVDZ
    Role: ORBITAL
    Keyword: BASIS
    atoms 1, 14                                          entry N          line   198 file /home/alia/anaconda3/envs/mddemo/share/psi4/basis/jun-cc-pvdz.gbs 
    atoms 2-4, 6, 8-10, 13, 15-17, 19, 21, 23, 25-27, 30 entry H          line    36 file /home/alia/anaconda3/envs/mddemo/share/psi4/basis/jun-cc-pvdz.gbs 
    atoms 5, 7, 11, 18, 20, 24, 28                       entry C          line   164 file /home/alia/anaconda3/envs/mddemo/share/psi4/basis/jun-cc-pvdz.gbs 
    atoms 12, 22, 29                                     entry O          line   232 file /home/alia/anaconda3/envs/mddemo/share/psi4/basis/jun-cc-pvdz.gbs 


         ---------------------------------------------------------
                                   SCF
               by Justin Turney, Rob Parrish, Andy Simmonett
                          and Daniel G. A. Smith
                              RHF Reference
                       32 Threads,  76293 MiB Core
         ---------------------------------------------------------

  ==> Geometry <==

    Molecular point group: c1
    Full point group: C1

    Geometry (in Angstrom), charge = 1, multiplicity = 1:

       Center              X                  Y                   Z               Mass       
    ------------   -----------------  -----------------  -----------------  -----------------
      Gh(N)           0.418712390231    -5.890176829115    -1.076560941523    14.003074004430
      Gh(H)          -0.314287411405    -5.927177008405    -0.119561162775     1.007825032230
      Gh(H)          -0.390287148191    -6.152176913038    -1.929561105555     1.007825032230
      Gh(H)           1.041712535189    -6.590177115217    -1.012560811823     1.007825032230
      Gh(C)           0.951712382602    -4.585177000776    -1.247560945337    12.000000000000
      Gh(H)           0.337712539004    -3.794177111402    -0.846560922449     1.007825032230
      Gh(C)           2.246712697314    -4.640176829115    -0.403561082666    12.000000000000
      Gh(H)           3.123712552356    -5.379177149549    -0.699561086481     1.007825032230
      Gh(H)           2.099712622927    -4.831176813856     0.732439073736     1.007825032230
      Gh(H)           2.580712569522    -3.581176813856    -0.347560849970     1.007825032230
      Gh(C)           1.205712569522    -4.200177248731    -2.714560952967    12.000000000000
      Gh(O)           0.669712794589    -4.680176790968    -3.694560972040    15.994914619570
      Gh(H)           1.948544276522    -3.409390028730    -2.895825830286     1.007825032230
         N            0.410712493228     2.428822938189     0.554439100439    14.003074004430
         H            0.434712661074     2.315823022112    -0.643560853785     1.007825032230
         H            0.696712744998     1.298822823748     0.849439176733     1.007825032230
         H            1.181712640094     3.075823250994     0.811439069921     1.007825032230
         C           -0.820287453366     2.914822999224     1.013439211065    12.000000000000
         H           -1.486287342740     2.135822716936     1.162438902075     1.007825032230
         C           -0.832287537290     3.782823029742     2.328439268286    12.000000000000
         H           -1.835287319852     4.152822915301     2.499438795263     1.007825032230
         O           -0.011287438108     4.915823403582     2.261438879187    15.994914619570
         H            0.887712729739     4.543822709307     2.286439451391     1.007825032230
         C           -0.356287228299     2.916822854265     3.476439031775    12.000000000000
         H            0.716712725924     2.648823205218     3.371438535864     1.007825032230
         H           -0.954287277890     2.045822564348     3.599439176733     1.007825032230
         H           -0.510287510587     3.452823106035     4.450439008886     1.007825032230
         C           -1.482287155820     3.729822579607    -0.098560777491    12.000000000000
         O           -2.612287270261     3.447822991595    -0.553561178034    15.994914619570
         H           -0.944854962064     4.595456544146    -0.513102498835     1.007825032230

  Running in c1 symmetry.

  Rotational constants: A =      0.03724  B =      0.00450  C =      0.00422 [cm^-1]
  Rotational constants: A =   1116.53062  B =    134.87625  C =    126.51512 [MHz]
  Nuclear repulsion =  330.097726302313788

  Charge       = 1
  Multiplicity = 1
  Electrons    = 56
  Nalpha       = 28
  Nbeta        = 28

  ==> Algorithm <==

  SCF Algorithm Type is DF.
  DIIS enabled.
  MOM disabled.
  Fractional occupation disabled.
  Guess Type is SAD.
  Energy threshold   = 1.00e-08
  Density threshold  = 1.00e-08
  Integral threshold = 1.00e-12

  ==> Primary Basis <==

  Basis Set: JUN-CC-PVDZ
    Blend: JUN-CC-PVDZ
    Number of shells: 150
    Number of basis functions: 306
    Number of Cartesian functions: 318
    Spherical Harmonics?: true
    Max angular momentum: 2

   => Loading Basis Set <=

    Name: (JUN-CC-PVDZ AUX)
    Role: JKFIT
    Keyword: DF_BASIS_SCF
    atoms 1, 14                                          entry N          line   202 file /home/alia/anaconda3/envs/mddemo/share/psi4/basis/jun-cc-pvdz-jkfit.gbs 
    atoms 2-4, 6, 8-10, 13, 15-17, 19, 21, 23, 25-27, 30 entry H          line    70 file /home/alia/anaconda3/envs/mddemo/share/psi4/basis/jun-cc-pvdz-jkfit.gbs 
    atoms 5, 7, 11, 18, 20, 24, 28                       entry C          line   146 file /home/alia/anaconda3/envs/mddemo/share/psi4/basis/jun-cc-pvdz-jkfit.gbs 
    atoms 12, 22, 29                                     entry O          line   258 file /home/alia/anaconda3/envs/mddemo/share/psi4/basis/jun-cc-pvdz-jkfit.gbs 

  ==> Integral Setup <==

  ==> DiskDFJK: Density-Fitted J/K Matrices <==

    J tasked:                  Yes
    K tasked:                  Yes
    wK tasked:                  No
    OpenMP threads:             32
    Integrals threads:          32
    Memory [MiB]:            57220
    Algorithm:                Core
    Integral Cache:           LOAD
    Schwarz Cutoff:          1E-12
    Fitting Condition:       1E-10

   => Auxiliary Basis Set <=

  Basis Set: (JUN-CC-PVDZ AUX)
    Blend: JUN-CC-PVDZ-JKFIT
    Number of shells: 486
    Number of basis functions: 1362
    Number of Cartesian functions: 1542
    Spherical Harmonics?: true
    Max angular momentum: 3

  Minimum eigenvalue in the overlap matrix is 5.4722736097E-05.
  Reciprocal condition number of the overlap matrix is 4.7487787796E-06.
    Using symmetric orthogonalization.

  ==> Pre-Iterations <==

  SCF Guess: Superposition of Atomic Densities via on-the-fly atomic UHF (no occupation information).

   -------------------------
    Irrep   Nso     Nmo    
   -------------------------
     A        306     306 
   -------------------------
    Total     306     306
   -------------------------

  ==> Iterations <==

                           Total Energy        Delta E     RMS |[F,P]|

   @DF-RHF iter SAD:  -360.68998034811636   -3.60690e+02   0.00000e+00 
   @DF-RHF iter   1:  -360.90645499607524   -2.16475e-01   2.19229e-03 DIIS
   @DF-RHF iter   2:  -361.09858207510661   -1.92127e-01   1.37774e-03 DIIS
   @DF-RHF iter   3:  -361.16433981392220   -6.57577e-02   3.15965e-04 DIIS
   @DF-RHF iter   4:  -361.16962810029935   -5.28829e-03   1.18903e-04 DIIS
   @DF-RHF iter   5:  -361.17040675714696   -7.78657e-04   2.67829e-05 DIIS
   @DF-RHF iter   6:  -361.17047709884196   -7.03417e-05   1.32493e-05 DIIS
   @DF-RHF iter   7:  -361.17049556775243   -1.84689e-05   5.81663e-06 DIIS
   @DF-RHF iter   8:  -361.17050003874255   -4.47099e-06   2.43396e-06 DIIS
   @DF-RHF iter   9:  -361.17050088658380   -8.47841e-07   7.25599e-07 DIIS
   @DF-RHF iter  10:  -361.17050098149980   -9.49160e-08   2.90565e-07 DIIS
   @DF-RHF iter  11:  -361.17050100140034   -1.99005e-08   1.50661e-07 DIIS
   @DF-RHF iter  12:  -361.17050100792625   -6.52591e-09   8.29301e-08 DIIS
   @DF-RHF iter  13:  -361.17050101035659   -2.43034e-09   3.49898e-08 DIIS
   @DF-RHF iter  14:  -361.17050101071965   -3.63059e-10   9.24231e-09 DIIS
  Energy and wave function converged.


  ==> Post-Iterations <==

    Orbital Energies [Eh]
    ---------------------

    Doubly Occupied:                                                      

       1A    -20.751707     2A    -20.748245     3A    -15.952885  
       4A    -11.519988     5A    -11.488237     6A    -11.481835  
       7A    -11.396544     8A     -1.569308     9A     -1.548627  
      10A     -1.521596    11A     -1.242570    12A     -1.162571  
      13A     -1.028035    14A     -1.020570    15A     -0.983740  
      16A     -0.923255    17A     -0.903460    18A     -0.850297  
      19A     -0.817068    20A     -0.809989    21A     -0.774838  
      22A     -0.767530    23A     -0.711598    24A     -0.701104  
      25A     -0.676850    26A     -0.665141    27A     -0.633447  
      28A     -0.591823  

    Virtual:                                                              

      29A     -0.138124    30A     -0.085904    31A     -0.073304  
      32A     -0.057397    33A     -0.045108    34A     -0.038841  
      35A     -0.033317    36A     -0.030429    37A     -0.024077  
      38A     -0.013976    39A     -0.011886    40A     -0.006636  
      41A     -0.003443    42A     -0.000731    43A      0.010407  
      44A      0.017067    45A      0.025151    46A      0.031108  
      47A      0.037125    48A      0.038410    49A      0.041649  
      50A      0.043453    51A      0.047495    52A      0.052275  
      53A      0.053876    54A      0.064035    55A      0.069185  
      56A      0.079090    57A      0.085485    58A      0.095186  
      59A      0.098433    60A      0.103679    61A      0.109250  
      62A      0.116709    63A      0.118839    64A      0.130968  
      65A      0.141337    66A      0.142150    67A      0.146143  
      68A      0.149387    69A      0.158752    70A      0.160038  
      71A      0.168751    72A      0.169467    73A      0.188122  
      74A      0.192137    75A      0.196396    76A      0.201318  
      77A      0.201916    78A      0.209041    79A      0.213577  
      80A      0.224630    81A      0.228907    82A      0.238794  
      83A      0.240138    84A      0.258499    85A      0.270468  
      86A      0.274422    87A      0.282956    88A      0.286418  
      89A      0.293951    90A      0.308361    91A      0.311003  
      92A      0.326903    93A      0.331572    94A      0.347190  
      95A      0.351503    96A      0.360302    97A      0.365805  
      98A      0.371738    99A      0.379629   100A      0.391813  
     101A      0.429176   102A      0.437286   103A      0.449476  
     104A      0.456387   105A      0.499503   106A      0.517600  
     107A      0.533495   108A      0.538667   109A      0.549668  
     110A      0.558969   111A      0.579274   112A      0.585304  
     113A      0.606864   114A      0.610809   115A      0.620753  
     116A      0.627274   117A      0.640809   118A      0.666834  
     119A      0.677932   120A      0.692207   121A      0.694026  
     122A      0.717150   123A      0.721447   124A      0.734008  
     125A      0.742019   126A      0.750144   127A      0.764523  
     128A      0.769620   129A      0.790841   130A      0.804036  
     131A      0.805391   132A      0.809274   133A      0.827605  
     134A      0.833847   135A      0.840563   136A      0.871620  
     137A      0.879889   138A      0.881918   139A      0.894030  
     140A      0.903037   141A      0.909860   142A      0.928881  
     143A      0.939353   144A      0.952853   145A      0.981568  
     146A      0.985400   147A      1.006238   148A      1.111867  
     149A      1.162985   150A      1.165028   151A      1.183703  
     152A      1.221310   153A      1.241060   154A      1.268335  
     155A      1.297169   156A      1.305778   157A      1.338156  
     158A      1.353770   159A      1.370693   160A      1.383181  
     161A      1.393723   162A      1.404003   163A      1.425760  
     164A      1.481570   165A      1.487246   166A      1.493865  
     167A      1.495325   168A      1.517751   169A      1.536928  
     170A      1.539916   171A      1.583549   172A      1.599111  
     173A      1.599627   174A      1.617817   175A      1.636851  
     176A      1.648084   177A      1.663471   178A      1.666591  
     179A      1.686201   180A      1.690830   181A      1.701144  
     182A      1.729769   183A      1.732332   184A      1.750533  
     185A      1.756913   186A      1.764147   187A      1.783660  
     188A      1.786284   189A      1.794749   190A      1.808569  
     191A      1.812338   192A      1.822544   193A      1.847632  
     194A      1.855959   195A      1.864134   196A      1.880278  
     197A      1.890439   198A      1.903058   199A      1.917377  
     200A      1.927281   201A      1.935208   202A      1.943822  
     203A      1.958222   204A      1.961572   205A      1.972059  
     206A      1.979067   207A      1.987955   208A      2.023389  
     209A      2.029445   210A      2.050366   211A      2.071382  
     212A      2.072928   213A      2.088880   214A      2.104620  
     215A      2.111839   216A      2.120655   217A      2.145027  
     218A      2.158908   219A      2.180616   220A      2.181567  
     221A      2.194018   222A      2.211153   223A      2.221237  
     224A      2.234020   225A      2.271276   226A      2.279750  
     227A      2.294956   228A      2.310321   229A      2.313011  
     230A      2.325642   231A      2.353052   232A      2.369980  
     233A      2.394499   234A      2.406052   235A      2.410107  
     236A      2.442403   237A      2.449438   238A      2.460188  
     239A      2.466578   240A      2.476926   241A      2.509830  
     242A      2.512846   243A      2.530721   244A      2.574779  
     245A      2.582712   246A      2.635168   247A      2.650241  
     248A      2.669992   249A      2.692650   250A      2.708515  
     251A      2.740567   252A      2.742288   253A      2.770822  
     254A      2.780765   255A      2.788239   256A      2.826522  
     257A      2.832854   258A      2.841624   259A      2.854073  
     260A      2.896360   261A      2.946137   262A      2.968760  
     263A      3.042642   264A      3.046274   265A      3.056425  
     266A      3.085990   267A      3.132441   268A      3.158277  
     269A      3.206797   270A      3.258523   271A      3.275740  
     272A      3.342678   273A      3.345578   274A      3.432423  
     275A      3.471095   276A      3.522462   277A      3.536096  
     278A      3.568360   279A      3.724252   280A      3.739488  
     281A      3.759286   282A      3.933403   283A      3.951939  
     284A      3.967376   285A      4.112630   286A      4.171414  
     287A      4.308029   288A      4.336122   289A      4.516387  
     290A      4.646965   291A      4.699218   292A      4.748265  
     293A      4.824102   294A      4.893591   295A      4.965067  
     296A      5.219986   297A      5.455207   298A      5.538236  
     299A      5.710038   300A      6.317694   301A      6.727354  
     302A     18.174474   303A     18.355850   304A     18.543634  
     305A     25.328633   306A     33.428769  

    Final Occupation by Irrep:
              A 
    DOCC [    28 ]

  @DF-RHF Final Energy:  -361.17050101071965

   => Energetics <=

    Nuclear Repulsion Energy =            330.0977263023137880
    One-Electron Energy =               -1136.0507351222904617
    Two-Electron Energy =                 444.7825078092570834
    Total Energy =                       -361.1705010107196472

Computation Completed


Properties will be evaluated at   0.000000,   0.000000,   0.000000 [a0]

Properties computed using the SCF density matrix

  Nuclear Dipole Moment: [e a0]
     X:   -77.2406      Y:   367.0652      Z:   143.1212

  Electronic Dipole Moment: [e a0]
     X:    78.7654      Y:  -362.7782      Z:  -141.0687

  Dipole Moment: [e a0]
     X:     1.5249      Y:     4.2870      Z:     2.0525     Total:     4.9916

  Dipole Moment: [D]
     X:     3.8759      Y:    10.8964      Z:     5.2169     Total:    12.6874


*** tstop() called on aliaconda at Sun Mar 20 05:36:12 2022
Module time:
	user time   =     221.95 seconds =       3.70 minutes
	system time =      25.28 seconds =       0.42 minutes
	total time  =         10 seconds =       0.17 minutes
Total time:
	user time   =   69845.14 seconds =    1164.09 minutes
	system time =    9717.44 seconds =     161.96 minutes
	total time  =       4355 seconds =      72.58 minutes
  Constructing Basis Sets for SAPT...

   => Loading Basis Set <=

    Name: (JUN-CC-PVDZ AUX)
    Role: RIFIT
    Keyword: DF_BASIS_SAPT
    atoms 1, 14                                          entry N          line   144 file /home/alia/anaconda3/envs/mddemo/share/psi4/basis/jun-cc-pvdz-ri.gbs 
    atoms 2-4, 6, 8-10, 13, 15-17, 19, 21, 23, 25-27, 30 entry H          line    30 file /home/alia/anaconda3/envs/mddemo/share/psi4/basis/jun-cc-pvdz-ri.gbs 
    atoms 5, 7, 11, 18, 20, 24, 28                       entry C          line   100 file /home/alia/anaconda3/envs/mddemo/share/psi4/basis/jun-cc-pvdz-ri.gbs 
    atoms 12, 22, 29                                     entry O          line   188 file /home/alia/anaconda3/envs/mddemo/share/psi4/basis/jun-cc-pvdz-ri.gbs 


  //>>>>>>>>>>>>>>>>>>>>>>>>>>>>>>>>>>>//
  //               SAPT0               //
  //<<<<<<<<<<<<<<<<<<<<<<<<<<<<<<<<<<<//


*** tstart() called on aliaconda
*** at Sun Mar 20 05:36:13 2022

        SAPT0  
    Ed Hohenstein
     6 June 2009

      Orbital Information
  --------------------------
    NSO        =       306
    NMO        =       306
    NRI        =      1032
    NOCC A     =        20
    NOCC B     =        28
    FOCC A     =         0
    FOCC B     =         0
    NVIR A     =       286
    NVIR B     =       278

    Elst10,r            =     0.069031049329 [Eh]
    Exch10              =    -0.000000041109 [Eh]
    Exch10 (S^2)        =    -0.000000041109 [Eh]

    Iter     Energy [mEh]          dE [mEh]         Residual      Time [s]
       1      -0.49593888       0.495938880       6.278482081             0
       2      -0.48318336      -0.012755516       2.143785136             1
       3      -0.51783426       0.034650897       0.849838526             1
       4      -0.52980994       0.011975681       0.228075489             2
       5      -0.52840264      -0.001407302       0.132019664             2
       6      -0.52736641      -0.001036232       0.037205782             3
       7      -0.52763704       0.000270632       0.013734263             3
       8      -0.52770027       0.000063229       0.005930271             4
       9      -0.52766865      -0.000031619       0.003379541             5
      10      -0.52766324      -0.000005410       0.000924748             5
      11      -0.52766833       0.000005093       0.000258661             6
      12      -0.52766855       0.000000215       0.000066917             6
      13      -0.52766823      -0.000000315       0.000016391             7
      14      -0.52766823      -0.000000008       0.000004253             7
      15      -0.52766824       0.000000014       0.000001355             8
      16      -0.52766824       0.000000002       0.000000288             8

    CHF Iterations converged


    Iter     Energy [mEh]          dE [mEh]         Residual      Time [s]
       1      -0.31879825       0.318798248       4.082284788             1
       2      -0.32768179       0.008883541       1.652767014             2
       3      -0.35158738       0.023905591       0.522964027             2
       4      -0.35568459       0.004097211       0.120016509             3
       5      -0.35483945      -0.000845139       0.046883072             3
       6      -0.35455306      -0.000286390       0.016245670             4
       7      -0.35464454       0.000091482       0.009946869             5
       8      -0.35467826       0.000033719       0.004518153             5
       9      -0.35466266      -0.000015606       0.002256572             6
      10      -0.35465565      -0.000007008       0.000905103             6
      11      -0.35465863       0.000002980       0.000428981             7
      12      -0.35465944       0.000000807       0.000149326             7
      13      -0.35465900      -0.000000438       0.000049236             8
      14      -0.35465889      -0.000000106       0.000013481             9
      15      -0.35465892       0.000000030       0.000003935             9
      16      -0.35465893       0.000000007       0.000001000            10
      17      -0.35465893      -0.000000002       0.000000327            10

    CHF Iterations converged

    Ind20,r (A<-B)      =    -0.000527668241 [Eh]
    Ind20,r (B<-A)      =    -0.000354658928 [Eh]
    Ind20,r             =    -0.000882327169 [Eh]
    Exch-Ind20,r (A<-B) =     0.000000009473 [Eh]
    Exch-Ind20,r (B<-A) =     0.000000012080 [Eh]
    Exch-Ind20,r        =     0.000000021553 [Eh]
    Disp20              =    -0.000080075761 [Eh]
    Disp20 (SS)         =    -0.000040037881 [Eh]
    Disp20 (OS)         =    -0.000040037881 [Eh]
    Exch-Disp20         =     0.000000006206 [Eh]
    Exch-Disp20 (SS)    =     0.000000004272 [Eh]
    Exch-Disp20 (OS)    =     0.000000001935 [Eh]

    SAPT Results 
  --------------------------------------------------------------------------------------------------------
    Electrostatics                 69.03104933 [mEh]      43.31763744 [kcal/mol]     181.24099504 [kJ/mol]
      Elst10,r                     69.03104933 [mEh]      43.31763744 [kcal/mol]     181.24099504 [kJ/mol]

    Exchange                       -0.00004111 [mEh]      -0.00002580 [kcal/mol]      -0.00010793 [kJ/mol]
      Exch10                       -0.00004111 [mEh]      -0.00002580 [kcal/mol]      -0.00010793 [kJ/mol]
      Exch10(S^2)                  -0.00004111 [mEh]      -0.00002580 [kcal/mol]      -0.00010793 [kJ/mol]

    Induction                      -0.86757248 [mEh]      -0.54440995 [kcal/mol]      -2.27781123 [kJ/mol]
      Ind20,r                      -0.88232717 [mEh]      -0.55366866 [kcal/mol]      -2.31654966 [kJ/mol]
      Exch-Ind20,r                  0.00002155 [mEh]       0.00001352 [kcal/mol]       0.00005659 [kJ/mol]
      delta HF,r (2)                0.01473314 [mEh]       0.00924518 [kcal/mol]       0.03868185 [kJ/mol]

    Dispersion                     -0.08006955 [mEh]      -0.05024440 [kcal/mol]      -0.21022259 [kJ/mol]
      Disp20                       -0.08007576 [mEh]      -0.05024830 [kcal/mol]      -0.21023888 [kJ/mol]
      Exch-Disp20                   0.00000621 [mEh]       0.00000389 [kcal/mol]       0.00001629 [kJ/mol]
      Disp20 (SS)                  -0.04003788 [mEh]      -0.02512415 [kcal/mol]      -0.10511944 [kJ/mol]
      Disp20 (OS)                  -0.04003788 [mEh]      -0.02512415 [kcal/mol]      -0.10511944 [kJ/mol]
      Exch-Disp20 (SS)              0.00000427 [mEh]       0.00000268 [kcal/mol]       0.00001122 [kJ/mol]
      Exch-Disp20 (OS)              0.00000193 [mEh]       0.00000121 [kcal/mol]       0.00000508 [kJ/mol]

  Total HF                         68.16343574 [mEh]      42.77320169 [kcal/mol]     178.96307588 [kJ/mol]
  Total SAPT0                      68.08336619 [mEh]      42.72295729 [kcal/mol]     178.75285330 [kJ/mol]

  Special recipe for scaled SAPT0 (see Manual):
    Electrostatics sSAPT0          69.03104933 [mEh]      43.31763744 [kcal/mol]     181.24099504 [kJ/mol]
    Exchange sSAPT0                -0.00004111 [mEh]      -0.00002580 [kcal/mol]      -0.00010793 [kJ/mol]
    Induction sSAPT0               -0.86757248 [mEh]      -0.54440995 [kcal/mol]      -2.27781123 [kJ/mol]
    Dispersion sSAPT0              -0.08006955 [mEh]      -0.05024440 [kcal/mol]      -0.21022259 [kJ/mol]
  Total sSAPT0                     68.08336619 [mEh]      42.72295729 [kcal/mol]     178.75285330 [kJ/mol]
  --------------------------------------------------------------------------------------------------------

*** tstop() called on aliaconda at Sun Mar 20 05:37:01 2022
Module time:
	user time   =     689.81 seconds =      11.50 minutes
	system time =     120.52 seconds =       2.01 minutes
	total time  =         48 seconds =       0.80 minutes
Total time:
	user time   =   70537.40 seconds =    1175.62 minutes
	system time =    9838.55 seconds =     163.98 minutes
	total time  =       4404 seconds =      73.40 minutes


Warning! sapt0 does not have an associated derived wavefunction.The returned wavefunction is the dimer SCF wavefunction.


  Memory set to  74.506 GiB by Python driver.
  Threads set to 32 by Python driver.
