
Scratch directory: /tmp/

Scratch directory: /tmp/

  //>>>>>>>>>>>>>>>>>>>>>>>>>>>>>>>>>>>//
  //              Dimer HF             //
  //<<<<<<<<<<<<<<<<<<<<<<<<<<<<<<<<<<<//


*** tstart() called on aliaconda
*** at Sun Mar 20 06:48:01 2022

   => Loading Basis Set <=

    Name: JUN-CC-PVDZ
    Role: ORBITAL
    Keyword: BASIS
    atoms 1, 14                                          entry N          line   198 file /home/alia/anaconda3/envs/mddemo/share/psi4/basis/jun-cc-pvdz.gbs 
    atoms 2-4, 6, 8-10, 13, 15-17, 19, 21, 23, 25-27, 30 entry H          line    36 file /home/alia/anaconda3/envs/mddemo/share/psi4/basis/jun-cc-pvdz.gbs 
    atoms 5, 7, 11, 18, 20, 24, 28                       entry C          line   164 file /home/alia/anaconda3/envs/mddemo/share/psi4/basis/jun-cc-pvdz.gbs 
    atoms 12, 22, 29                                     entry O          line   232 file /home/alia/anaconda3/envs/mddemo/share/psi4/basis/jun-cc-pvdz.gbs 


         ---------------------------------------------------------
                                   SCF
               by Justin Turney, Rob Parrish, Andy Simmonett
                          and Daniel G. A. Smith
                              RHF Reference
                       32 Threads,  76293 MiB Core
         ---------------------------------------------------------

  ==> Geometry <==

    Molecular point group: c1
    Full point group: C1

    Geometry (in Angstrom), charge = 2, multiplicity = 1:

       Center              X                  Y                   Z               Mass       
    ------------   -----------------  -----------------  -----------------  -----------------
         N           -0.356639867593    -6.434833372461    -0.938338586141    14.003074004430
         H           -1.339639669228    -6.153833473550    -0.302338906576     1.007825032230
         H           -0.874639516640    -6.920833433496    -1.908338614751     1.007825032230
         H            0.081360334586    -7.190833414422    -0.444338628103     1.007825032230
         C            0.435360426139    -5.213833416330    -1.193338700582    12.000000000000
         H           -0.105639940072    -4.402833546029    -0.716338940908     1.007825032230
         C            1.876360172462    -5.436833465921    -0.761338540365    12.000000000000
         H            2.331360334586    -6.318833435403    -1.327338525106     1.007825032230
         H            1.895360225867    -5.568833435403     0.340661219309     1.007825032230
         H            2.523360246848    -4.523833359109    -1.004338570882     1.007825032230
         C            0.436360353660    -4.759833420144    -2.710338660528    12.000000000000
         O            0.303360456657    -5.637833202707    -3.509338685323    15.994914619570
         H            0.551714414787    -3.707239712106    -3.008230754186     1.007825032230
         N            0.619360202979     2.969166194571     0.314661196421    14.003074004430
         H            0.746360296439     1.773166095389     0.364661387156     1.007825032230
         H            0.542360300254     3.058166896476    -0.884338685323     1.007825032230
         H            1.471360201072     3.427166377677     0.578661135386     1.007825032230
         C           -0.580639844704     3.558166896476     0.873661211680    12.000000000000
         H           -1.342639928628     2.820166980399     0.870661429118     1.007825032230
         C           -0.421639924813     3.886166965140     2.375661543559    12.000000000000
         H           -1.440639978219     4.160166179312     2.790661505412     1.007825032230
         O            0.437360281181     4.920166408194     2.749661139201    15.994914619570
         H            1.387360328864     4.616166507376     2.570661238383     1.007825032230
         C            0.010360235404     2.626166736258     3.113661459635    12.000000000000
         H            1.049360269736     2.472166453971     2.936661413859     1.007825032230
         H           -0.643639570046     1.751166736258     2.952661207865     1.007825032230
         H           -0.082639699746     2.887166415824     4.199660948466     1.007825032230
         C           -0.900639539529     4.745166217459    -0.020338841726    12.000000000000
         O           -2.032639985848     4.979166423453    -0.438338586141    15.994914619570
         H           -0.083663469125     5.424257671012    -0.305619069387     1.007825032230

  Running in c1 symmetry.

  Rotational constants: A =      0.03768  B =      0.00371  C =      0.00352 [cm^-1]
  Rotational constants: A =   1129.52421  B =    111.10883  C =    105.42099 [MHz]
  Nuclear repulsion =  639.121688907045495

  Charge       = 2
  Multiplicity = 1
  Electrons    = 96
  Nalpha       = 48
  Nbeta        = 48

  ==> Algorithm <==

  SCF Algorithm Type is DF.
  DIIS enabled.
  MOM disabled.
  Fractional occupation disabled.
  Guess Type is SAD.
  Energy threshold   = 1.00e-08
  Density threshold  = 1.00e-08
  Integral threshold = 1.00e-12

  ==> Primary Basis <==

  Basis Set: JUN-CC-PVDZ
    Blend: JUN-CC-PVDZ
    Number of shells: 150
    Number of basis functions: 306
    Number of Cartesian functions: 318
    Spherical Harmonics?: true
    Max angular momentum: 2

   => Loading Basis Set <=

    Name: (JUN-CC-PVDZ AUX)
    Role: JKFIT
    Keyword: DF_BASIS_SCF
    atoms 1, 14                                          entry N          line   202 file /home/alia/anaconda3/envs/mddemo/share/psi4/basis/jun-cc-pvdz-jkfit.gbs 
    atoms 2-4, 6, 8-10, 13, 15-17, 19, 21, 23, 25-27, 30 entry H          line    70 file /home/alia/anaconda3/envs/mddemo/share/psi4/basis/jun-cc-pvdz-jkfit.gbs 
    atoms 5, 7, 11, 18, 20, 24, 28                       entry C          line   146 file /home/alia/anaconda3/envs/mddemo/share/psi4/basis/jun-cc-pvdz-jkfit.gbs 
    atoms 12, 22, 29                                     entry O          line   258 file /home/alia/anaconda3/envs/mddemo/share/psi4/basis/jun-cc-pvdz-jkfit.gbs 

  ==> Integral Setup <==

  ==> DiskDFJK: Density-Fitted J/K Matrices <==

    J tasked:                  Yes
    K tasked:                  Yes
    wK tasked:                  No
    OpenMP threads:             32
    Integrals threads:          32
    Memory [MiB]:            57220
    Algorithm:                Core
    Integral Cache:           SAVE
    Schwarz Cutoff:          1E-12
    Fitting Condition:       1E-10

   => Auxiliary Basis Set <=

  Basis Set: (JUN-CC-PVDZ AUX)
    Blend: JUN-CC-PVDZ-JKFIT
    Number of shells: 486
    Number of basis functions: 1362
    Number of Cartesian functions: 1542
    Spherical Harmonics?: true
    Max angular momentum: 3

  Minimum eigenvalue in the overlap matrix is 6.3617304932E-05.
  Reciprocal condition number of the overlap matrix is 5.5371284739E-06.
    Using symmetric orthogonalization.

  ==> Pre-Iterations <==

  SCF Guess: Superposition of Atomic Densities via on-the-fly atomic UHF (no occupation information).

   -------------------------
    Irrep   Nso     Nmo    
   -------------------------
     A        306     306 
   -------------------------
    Total     306     306
   -------------------------

  ==> Iterations <==

                           Total Energy        Delta E     RMS |[F,P]|

   @DF-RHF iter SAD:  -607.33662672306832   -6.07337e+02   0.00000e+00 
   @DF-RHF iter   1:  -607.97507015833105   -6.38443e-01   2.81414e-03 DIIS
   @DF-RHF iter   2:  -608.29396750470517   -3.18897e-01   1.77668e-03 DIIS
   @DF-RHF iter   3:  -608.40478428160031   -1.10817e-01   3.84742e-04 DIIS
   @DF-RHF iter   4:  -608.41330971958917   -8.52544e-03   1.44802e-04 DIIS
   @DF-RHF iter   5:  -608.41451807169756   -1.20835e-03   3.56909e-05 DIIS
   @DF-RHF iter   6:  -608.41464192075193   -1.23849e-04   1.79806e-05 DIIS
   @DF-RHF iter   7:  -608.41467196741792   -3.00467e-05   8.04441e-06 DIIS
   @DF-RHF iter   8:  -608.41467914740826   -7.17999e-06   3.36041e-06 DIIS
   @DF-RHF iter   9:  -608.41468050991364   -1.36251e-06   1.20150e-06 DIIS
   @DF-RHF iter  10:  -608.41468069913844   -1.89225e-07   4.33906e-07 DIIS
   @DF-RHF iter  11:  -608.41468073214332   -3.30049e-08   2.19564e-07 DIIS
   @DF-RHF iter  12:  -608.41468074501552   -1.28722e-08   1.18117e-07 DIIS
   @DF-RHF iter  13:  -608.41468074948989   -4.47437e-09   5.51122e-08 DIIS
   @DF-RHF iter  14:  -608.41468075054593   -1.05604e-09   1.84242e-08 DIIS
   @DF-RHF iter  15:  -608.41468075061823   -7.23048e-11   6.10217e-09 DIIS
  Energy and wave function converged.


  ==> Post-Iterations <==

    Orbital Energies [Eh]
    ---------------------

    Doubly Occupied:                                                      

       1A    -20.814196     2A    -20.801827     3A    -20.801520  
       4A    -16.004280     5A    -15.980879     6A    -11.589965  
       7A    -11.573804     8A    -11.565770     9A    -11.552550  
      10A    -11.532624    11A    -11.495594    12A    -11.452032  
      13A     -1.658234    14A     -1.618227    15A     -1.602577  
      16A     -1.571312    17A     -1.545824    18A     -1.299334  
      19A     -1.295865    20A     -1.218658    21A     -1.149820  
      22A     -1.084793    23A     -1.073008    24A     -1.061132  
      25A     -1.027519    26A     -0.990713    27A     -0.983294  
      28A     -0.968494    29A     -0.954063    30A     -0.930107  
      31A     -0.898062    32A     -0.896419    33A     -0.876583  
      34A     -0.863273    35A     -0.851857    36A     -0.830774  
      37A     -0.824805    38A     -0.816257    39A     -0.783753  
      40A     -0.770335    41A     -0.767647    42A     -0.752780  
      43A     -0.752738    44A     -0.733025    45A     -0.705049  
      46A     -0.684425    47A     -0.661189    48A     -0.648145  

    Virtual:                                                              

      49A     -0.199954    50A     -0.174776    51A     -0.155279  
      52A     -0.140414    53A     -0.132975    54A     -0.131868  
      55A     -0.115114    56A     -0.111342    57A     -0.101634  
      58A     -0.100190    59A     -0.089257    60A     -0.087564  
      61A     -0.082621    62A     -0.081922    63A     -0.076912  
      64A     -0.074106    65A     -0.070033    66A     -0.062952  
      67A     -0.060920    68A     -0.059052    69A     -0.048397  
      70A     -0.041492    71A     -0.039583    72A     -0.034205  
      73A     -0.027118    74A     -0.024141    75A     -0.022695  
      76A     -0.019001    77A     -0.012118    78A     -0.008634  
      79A     -0.007063    80A     -0.006431    81A      0.002034  
      82A      0.015901    83A      0.024364    84A      0.030109  
      85A      0.033416    86A      0.043013    87A      0.043935  
      88A      0.051493    89A      0.059668    90A      0.065203  
      91A      0.067205    92A      0.085230    93A      0.088589  
      94A      0.093092    95A      0.096232    96A      0.102964  
      97A      0.109798    98A      0.117411    99A      0.123057  
     100A      0.124594   101A      0.131835   102A      0.138104  
     103A      0.141607   104A      0.145740   105A      0.150813  
     106A      0.162785   107A      0.164996   108A      0.171685  
     109A      0.178421   110A      0.187608   111A      0.195181  
     112A      0.208493   113A      0.215405   114A      0.220401  
     115A      0.223572   116A      0.230370   117A      0.246466  
     118A      0.249090   119A      0.259733   120A      0.267741  
     121A      0.274888   122A      0.303834   123A      0.318765  
     124A      0.333711   125A      0.363122   126A      0.374340  
     127A      0.452244   128A      0.476305   129A      0.492984  
     130A      0.509437   131A      0.517388   132A      0.544563  
     133A      0.545687   134A      0.547610   135A      0.558633  
     136A      0.561663   137A      0.569706   138A      0.576169  
     139A      0.603856   140A      0.608857   141A      0.626096  
     142A      0.627457   143A      0.640652   144A      0.647414  
     145A      0.657889   146A      0.658692   147A      0.667657  
     148A      0.674593   149A      0.676630   150A      0.690375  
     151A      0.699876   152A      0.704323   153A      0.712126  
     154A      0.730380   155A      0.739318   156A      0.742425  
     157A      0.751325   158A      0.760007   159A      0.765757  
     160A      0.771198   161A      0.777621   162A      0.795282  
     163A      0.811815   164A      0.825871   165A      0.830911  
     166A      0.837713   167A      0.849062   168A      0.850311  
     169A      0.853927   170A      0.861416   171A      0.882674  
     172A      0.912829   173A      0.933931   174A      0.949843  
     175A      0.959666   176A      1.040067   177A      1.052694  
     178A      1.096378   179A      1.098227   180A      1.111712  
     181A      1.137440   182A      1.144455   183A      1.169349  
     184A      1.192090   185A      1.199905   186A      1.218158  
     187A      1.219290   188A      1.239121   189A      1.259152  
     190A      1.260501   191A      1.272965   192A      1.276504  
     193A      1.296011   194A      1.306184   195A      1.325866  
     196A      1.332683   197A      1.334510   198A      1.335436  
     199A      1.360907   200A      1.368819   201A      1.387113  
     202A      1.404563   203A      1.421530   204A      1.425525  
     205A      1.446625   206A      1.457865   207A      1.472095  
     208A      1.505633   209A      1.545999   210A      1.547639  
     211A      1.570873   212A      1.601780   213A      1.613459  
     214A      1.623666   215A      1.629781   216A      1.632196  
     217A      1.646443   218A      1.650519   219A      1.668452  
     220A      1.679032   221A      1.683948   222A      1.695961  
     223A      1.707990   224A      1.712820   225A      1.721175  
     226A      1.729599   227A      1.744625   228A      1.756698  
     229A      1.759100   230A      1.763597   231A      1.774889  
     232A      1.791714   233A      1.792989   234A      1.805629  
     235A      1.810128   236A      1.821629   237A      1.832063  
     238A      1.868178   239A      1.873523   240A      1.879888  
     241A      1.897864   242A      1.923848   243A      1.934719  
     244A      1.945152   245A      1.993589   246A      1.995970  
     247A      2.001178   248A      2.020047   249A      2.025536  
     250A      2.029267   251A      2.061148   252A      2.061974  
     253A      2.082309   254A      2.089870   255A      2.110249  
     256A      2.142319   257A      2.156828   258A      2.161599  
     259A      2.189136   260A      2.193283   261A      2.225929  
     262A      2.246949   263A      2.266535   264A      2.331126  
     265A      2.345564   266A      2.359193   267A      2.380727  
     268A      2.394496   269A      2.404779   270A      2.422871  
     271A      2.442208   272A      2.442778   273A      2.482280  
     274A      2.486838   275A      2.510522   276A      2.555827  
     277A      2.579011   278A      2.609238   279A      2.615262  
     280A      2.628332   281A      2.633032   282A      2.640749  
     283A      2.657653   284A      2.704564   285A      2.706866  
     286A      2.726567   287A      2.753106   288A      2.833640  
     289A      2.844116   290A      2.873071   291A      2.880542  
     292A      2.931208   293A      3.006374   294A      3.049680  
     295A      3.079417   296A      3.096436   297A      3.196436  
     298A      3.236239   299A      3.244812   300A      3.252505  
     301A      3.492156   302A      3.514591   303A      3.533094  
     304A      3.743020   305A      3.758328   306A      3.850930  

    Final Occupation by Irrep:
              A 
    DOCC [    48 ]

  @DF-RHF Final Energy:  -608.41468075061823

   => Energetics <=

    Nuclear Repulsion Energy =            639.1216889070454954
    One-Electron Energy =               -2072.4424655722950774
    Two-Electron Energy =                 824.9060959146312371
    Total Energy =                       -608.4146807506182313

Computation Completed


Properties will be evaluated at   0.000000,   0.000000,   0.000000 [a0]

Properties computed using the SCF density matrix

  Nuclear Dipole Moment: [e a0]
     X:     6.2430      Y:   -11.5916      Z:     7.2181

  Electronic Dipole Moment: [e a0]
     X:    -4.6280      Y:     5.5029      Z:    -7.2345

  Dipole Moment: [e a0]
     X:     1.6150      Y:    -6.0887      Z:    -0.0164     Total:     6.2992

  Dipole Moment: [D]
     X:     4.1049      Y:   -15.4758      Z:    -0.0418     Total:    16.0111


*** tstop() called on aliaconda at Sun Mar 20 06:48:15 2022
Module time:
	user time   =     305.79 seconds =       5.10 minutes
	system time =      37.62 seconds =       0.63 minutes
	total time  =         14 seconds =       0.23 minutes
Total time:
	user time   =  143114.14 seconds =    2385.24 minutes
	system time =   20246.54 seconds =     337.44 minutes
	total time  =       8678 seconds =     144.63 minutes

  //>>>>>>>>>>>>>>>>>>>>>>>>>>>>>>>>>>>//
  //            Monomer A HF           //
  //<<<<<<<<<<<<<<<<<<<<<<<<<<<<<<<<<<<//


*** tstart() called on aliaconda
*** at Sun Mar 20 06:48:15 2022

   => Loading Basis Set <=

    Name: JUN-CC-PVDZ
    Role: ORBITAL
    Keyword: BASIS
    atoms 1, 14                                          entry N          line   198 file /home/alia/anaconda3/envs/mddemo/share/psi4/basis/jun-cc-pvdz.gbs 
    atoms 2-4, 6, 8-10, 13, 15-17, 19, 21, 23, 25-27, 30 entry H          line    36 file /home/alia/anaconda3/envs/mddemo/share/psi4/basis/jun-cc-pvdz.gbs 
    atoms 5, 7, 11, 18, 20, 24, 28                       entry C          line   164 file /home/alia/anaconda3/envs/mddemo/share/psi4/basis/jun-cc-pvdz.gbs 
    atoms 12, 22, 29                                     entry O          line   232 file /home/alia/anaconda3/envs/mddemo/share/psi4/basis/jun-cc-pvdz.gbs 


         ---------------------------------------------------------
                                   SCF
               by Justin Turney, Rob Parrish, Andy Simmonett
                          and Daniel G. A. Smith
                              RHF Reference
                       32 Threads,  76293 MiB Core
         ---------------------------------------------------------

  ==> Geometry <==

    Molecular point group: c1
    Full point group: C1

    Geometry (in Angstrom), charge = 1, multiplicity = 1:

       Center              X                  Y                   Z               Mass       
    ------------   -----------------  -----------------  -----------------  -----------------
         N           -0.356639867593    -6.434833372461    -0.938338586141    14.003074004430
         H           -1.339639669228    -6.153833473550    -0.302338906576     1.007825032230
         H           -0.874639516640    -6.920833433496    -1.908338614751     1.007825032230
         H            0.081360334586    -7.190833414422    -0.444338628103     1.007825032230
         C            0.435360426139    -5.213833416330    -1.193338700582    12.000000000000
         H           -0.105639940072    -4.402833546029    -0.716338940908     1.007825032230
         C            1.876360172462    -5.436833465921    -0.761338540365    12.000000000000
         H            2.331360334586    -6.318833435403    -1.327338525106     1.007825032230
         H            1.895360225867    -5.568833435403     0.340661219309     1.007825032230
         H            2.523360246848    -4.523833359109    -1.004338570882     1.007825032230
         C            0.436360353660    -4.759833420144    -2.710338660528    12.000000000000
         O            0.303360456657    -5.637833202707    -3.509338685323    15.994914619570
         H            0.551714414787    -3.707239712106    -3.008230754186     1.007825032230
      Gh(N)           0.619360202979     2.969166194571     0.314661196421    14.003074004430
      Gh(H)           0.746360296439     1.773166095389     0.364661387156     1.007825032230
      Gh(H)           0.542360300254     3.058166896476    -0.884338685323     1.007825032230
      Gh(H)           1.471360201072     3.427166377677     0.578661135386     1.007825032230
      Gh(C)          -0.580639844704     3.558166896476     0.873661211680    12.000000000000
      Gh(H)          -1.342639928628     2.820166980399     0.870661429118     1.007825032230
      Gh(C)          -0.421639924813     3.886166965140     2.375661543559    12.000000000000
      Gh(H)          -1.440639978219     4.160166179312     2.790661505412     1.007825032230
      Gh(O)           0.437360281181     4.920166408194     2.749661139201    15.994914619570
      Gh(H)           1.387360328864     4.616166507376     2.570661238383     1.007825032230
      Gh(C)           0.010360235404     2.626166736258     3.113661459635    12.000000000000
      Gh(H)           1.049360269736     2.472166453971     2.936661413859     1.007825032230
      Gh(H)          -0.643639570046     1.751166736258     2.952661207865     1.007825032230
      Gh(H)          -0.082639699746     2.887166415824     4.199660948466     1.007825032230
      Gh(C)          -0.900639539529     4.745166217459    -0.020338841726    12.000000000000
      Gh(O)          -2.032639985848     4.979166423453    -0.438338586141    15.994914619570
      Gh(H)          -0.083663469125     5.424257671012    -0.305619069387     1.007825032230

  Running in c1 symmetry.

  Rotational constants: A =      0.03768  B =      0.00371  C =      0.00352 [cm^-1]
  Rotational constants: A =   1129.52421  B =    111.10883  C =    105.42099 [MHz]
  Nuclear repulsion =  186.477914455496801

  Charge       = 1
  Multiplicity = 1
  Electrons    = 40
  Nalpha       = 20
  Nbeta        = 20

  ==> Algorithm <==

  SCF Algorithm Type is DF.
  DIIS enabled.
  MOM disabled.
  Fractional occupation disabled.
  Guess Type is SAD.
  Energy threshold   = 1.00e-08
  Density threshold  = 1.00e-08
  Integral threshold = 1.00e-12

  ==> Primary Basis <==

  Basis Set: JUN-CC-PVDZ
    Blend: JUN-CC-PVDZ
    Number of shells: 150
    Number of basis functions: 306
    Number of Cartesian functions: 318
    Spherical Harmonics?: true
    Max angular momentum: 2

   => Loading Basis Set <=

    Name: (JUN-CC-PVDZ AUX)
    Role: JKFIT
    Keyword: DF_BASIS_SCF
    atoms 1, 14                                          entry N          line   202 file /home/alia/anaconda3/envs/mddemo/share/psi4/basis/jun-cc-pvdz-jkfit.gbs 
    atoms 2-4, 6, 8-10, 13, 15-17, 19, 21, 23, 25-27, 30 entry H          line    70 file /home/alia/anaconda3/envs/mddemo/share/psi4/basis/jun-cc-pvdz-jkfit.gbs 
    atoms 5, 7, 11, 18, 20, 24, 28                       entry C          line   146 file /home/alia/anaconda3/envs/mddemo/share/psi4/basis/jun-cc-pvdz-jkfit.gbs 
    atoms 12, 22, 29                                     entry O          line   258 file /home/alia/anaconda3/envs/mddemo/share/psi4/basis/jun-cc-pvdz-jkfit.gbs 

  ==> Integral Setup <==

  ==> DiskDFJK: Density-Fitted J/K Matrices <==

    J tasked:                  Yes
    K tasked:                  Yes
    wK tasked:                  No
    OpenMP threads:             32
    Integrals threads:          32
    Memory [MiB]:            57220
    Algorithm:                Core
    Integral Cache:           LOAD
    Schwarz Cutoff:          1E-12
    Fitting Condition:       1E-10

   => Auxiliary Basis Set <=

  Basis Set: (JUN-CC-PVDZ AUX)
    Blend: JUN-CC-PVDZ-JKFIT
    Number of shells: 486
    Number of basis functions: 1362
    Number of Cartesian functions: 1542
    Spherical Harmonics?: true
    Max angular momentum: 3

  Minimum eigenvalue in the overlap matrix is 6.3617304932E-05.
  Reciprocal condition number of the overlap matrix is 5.5371284739E-06.
    Using symmetric orthogonalization.

  ==> Pre-Iterations <==

  SCF Guess: Superposition of Atomic Densities via on-the-fly atomic UHF (no occupation information).

   -------------------------
    Irrep   Nso     Nmo    
   -------------------------
     A        306     306 
   -------------------------
    Total     306     306
   -------------------------

  ==> Iterations <==

                           Total Energy        Delta E     RMS |[F,P]|

   @DF-RHF iter SAD:  -246.68117879711585   -2.46681e+02   0.00000e+00 
   @DF-RHF iter   1:  -247.13416035922586   -4.52982e-01   1.73143e-03 DIIS
   @DF-RHF iter   2:  -247.25794849749553   -1.23788e-01   1.06157e-03 DIIS
   @DF-RHF iter   3:  -247.29818746861704   -4.02390e-02   2.29288e-04 DIIS
   @DF-RHF iter   4:  -247.30145290573282   -3.26544e-03   8.04458e-05 DIIS
   @DF-RHF iter   5:  -247.30184969802130   -3.96792e-04   1.93617e-05 DIIS
   @DF-RHF iter   6:  -247.30189664998366   -4.69520e-05   7.86924e-06 DIIS
   @DF-RHF iter   7:  -247.30190373650834   -7.08652e-06   3.66821e-06 DIIS
   @DF-RHF iter   8:  -247.30190533359686   -1.59709e-06   1.23472e-06 DIIS
   @DF-RHF iter   9:  -247.30190551191583   -1.78319e-07   2.94466e-07 DIIS
   @DF-RHF iter  10:  -247.30190552082493   -8.90910e-09   9.92313e-08 DIIS
   @DF-RHF iter  11:  -247.30190552238213   -1.55720e-09   3.47370e-08 DIIS
   @DF-RHF iter  12:  -247.30190552266114   -2.79016e-10   1.79988e-08 DIIS
   @DF-RHF iter  13:  -247.30190552276605   -1.04905e-10   8.16262e-09 DIIS
  Energy and wave function converged.


  ==> Post-Iterations <==

    Orbital Energies [Eh]
    ---------------------

    Doubly Occupied:                                                      

       1A    -20.752241     2A    -15.922786     3A    -11.527553  
       4A    -11.502217     5A    -11.433079     6A     -1.596966  
       7A     -1.486818     8A     -1.233605     9A     -1.087452  
      10A     -0.998867    11A     -0.931927    12A     -0.922656  
      13A     -0.868491    14A     -0.837113    15A     -0.790218  
      16A     -0.754496    17A     -0.721007    18A     -0.707989  
      19A     -0.691625    20A     -0.598967  

    Virtual:                                                              

      21A     -0.116112    22A     -0.078146    23A     -0.069051  
      24A     -0.042887    25A     -0.042669    26A     -0.029488  
      27A     -0.027158    28A     -0.017045    29A     -0.014208  
      30A     -0.007186    31A     -0.004386    32A      0.001679  
      33A      0.011750    34A      0.011908    35A      0.019114  
      36A      0.026221    37A      0.032798    38A      0.037390  
      39A      0.040548    40A      0.046456    41A      0.049387  
      42A      0.052687    43A      0.056435    44A      0.060006  
      45A      0.071320    46A      0.083932    47A      0.088318  
      48A      0.092301    49A      0.093349    50A      0.098687  
      51A      0.100763    52A      0.109538    53A      0.116968  
      54A      0.123996    55A      0.137503    56A      0.143996  
      57A      0.148089    58A      0.150153    59A      0.156276  
      60A      0.159397    61A      0.164333    62A      0.171062  
      63A      0.175920    64A      0.184060    65A      0.184890  
      66A      0.194227    67A      0.199387    68A      0.208624  
      69A      0.212629    70A      0.230758    71A      0.237693  
      72A      0.241369    73A      0.249168    74A      0.254311  
      75A      0.256870    76A      0.273724    77A      0.276364  
      78A      0.281819    79A      0.301643    80A      0.306998  
      81A      0.313971    82A      0.328311    83A      0.337650  
      84A      0.341168    85A      0.360575    86A      0.367168  
      87A      0.386856    88A      0.388457    89A      0.401631  
      90A      0.426492    91A      0.452483    92A      0.458072  
      93A      0.478531    94A      0.498590    95A      0.507496  
      96A      0.514160    97A      0.536884    98A      0.551079  
      99A      0.555490   100A      0.561960   101A      0.571031  
     102A      0.576877   103A      0.591011   104A      0.607531  
     105A      0.619873   106A      0.624528   107A      0.638076  
     108A      0.648965   109A      0.662258   110A      0.668039  
     111A      0.687657   112A      0.698348   113A      0.703713  
     114A      0.710267   115A      0.721480   116A      0.731032  
     117A      0.749663   118A      0.752414   119A      0.763996  
     120A      0.765730   121A      0.785164   122A      0.792780  
     123A      0.805529   124A      0.822685   125A      0.830094  
     126A      0.853465   127A      0.854389   128A      0.884849  
     129A      0.890658   130A      0.898645   131A      0.910764  
     132A      0.915846   133A      0.921871   134A      0.942599  
     135A      0.960240   136A      0.981930   137A      0.984756  
     138A      1.010505   139A      1.039013   140A      1.102767  
     141A      1.139203   142A      1.161286   143A      1.205193  
     144A      1.207098   145A      1.230975   146A      1.260736  
     147A      1.280805   148A      1.319626   149A      1.337023  
     150A      1.385718   151A      1.390502   152A      1.446984  
     153A      1.466045   154A      1.483237   155A      1.507362  
     156A      1.541530   157A      1.564649   158A      1.568513  
     159A      1.605923   160A      1.608957   161A      1.623428  
     162A      1.656664   163A      1.668601   164A      1.675710  
     165A      1.694853   166A      1.701159   167A      1.707753  
     168A      1.713350   169A      1.714316   170A      1.741511  
     171A      1.742036   172A      1.748176   173A      1.755614  
     174A      1.769789   175A      1.774970   176A      1.791102  
     177A      1.821351   178A      1.824271   179A      1.825499  
     180A      1.846950   181A      1.855211   182A      1.868247  
     183A      1.875562   184A      1.884292   185A      1.887102  
     186A      1.895243   187A      1.909515   188A      1.935416  
     189A      1.938834   190A      1.959286   191A      1.961749  
     192A      1.989124   193A      1.996524   194A      2.003681  
     195A      2.015303   196A      2.037140   197A      2.043491  
     198A      2.053760   199A      2.059477   200A      2.075527  
     201A      2.087352   202A      2.122456   203A      2.129317  
     204A      2.144128   205A      2.152142   206A      2.168252  
     207A      2.172438   208A      2.187579   209A      2.200188  
     210A      2.218244   211A      2.222533   212A      2.251350  
     213A      2.265594   214A      2.287451   215A      2.305259  
     216A      2.323545   217A      2.329333   218A      2.345764  
     219A      2.372756   220A      2.390176   221A      2.419834  
     222A      2.431970   223A      2.436510   224A      2.461346  
     225A      2.464537   226A      2.493266   227A      2.502164  
     228A      2.509472   229A      2.545323   230A      2.559558  
     231A      2.574022   232A      2.599043   233A      2.601427  
     234A      2.618125   235A      2.625016   236A      2.669453  
     237A      2.670912   238A      2.676970   239A      2.695489  
     240A      2.702588   241A      2.734075   242A      2.748473  
     243A      2.766682   244A      2.771802   245A      2.828112  
     246A      2.891735   247A      2.894775   248A      2.907435  
     249A      2.923544   250A      2.930825   251A      2.939764  
     252A      2.964354   253A      2.992954   254A      3.073376  
     255A      3.086496   256A      3.154173   257A      3.155056  
     258A      3.190848   259A      3.297095   260A      3.315149  
     261A      3.330805   262A      3.428733   263A      3.452545  
     264A      3.500038   265A      3.550365   266A      3.575886  
     267A      3.594735   268A      3.637655   269A      3.732202  
     270A      3.819107   271A      3.936486   272A      3.972953  
     273A      4.043214   274A      4.186970   275A      4.203475  
     276A      4.315513   277A      4.408782   278A      4.452359  
     279A      4.588176   280A      4.646052   281A      4.669439  
     282A      4.676823   283A      4.703791   284A      4.814788  
     285A      4.849911   286A      4.875769   287A      5.054329  
     288A      5.079352   289A      5.151795   290A      5.182454  
     291A      5.345676   292A      5.494431   293A      5.566162  
     294A      5.660701   295A      5.756128   296A      5.878769  
     297A      6.026900   298A      6.517047   299A      6.686772  
     300A     18.156874   301A     18.313904   302A     18.459888  
     303A     18.600391   304A     25.330440   305A     33.445166  
     306A     33.463272  

    Final Occupation by Irrep:
              A 
    DOCC [    20 ]

  @DF-RHF Final Energy:  -247.30190552276605

   => Energetics <=

    Nuclear Repulsion Energy =            186.4779144554968013
    One-Electron Energy =                -696.8274933038655945
    Two-Electron Energy =                 263.0476733256027160
    Total Energy =                       -247.3019055227660488

Computation Completed


Properties will be evaluated at   0.000000,   0.000000,   0.000000 [a0]

Properties computed using the SCF density matrix

  Nuclear Dipole Moment: [e a0]
     X:    40.5953      Y:  -429.7172      Z:  -134.1777

  Electronic Dipole Moment: [e a0]
     X:   -40.8224      Y:   418.8008      Z:   132.9221

  Dipole Moment: [e a0]
     X:    -0.2271      Y:   -10.9165      Z:    -1.2556     Total:    10.9908

  Dipole Moment: [D]
     X:    -0.5772      Y:   -27.7469      Z:    -3.1913     Total:    27.9358


*** tstop() called on aliaconda at Sun Mar 20 06:48:24 2022
Module time:
	user time   =     183.67 seconds =       3.06 minutes
	system time =      20.00 seconds =       0.33 minutes
	total time  =          9 seconds =       0.15 minutes
Total time:
	user time   =  143297.91 seconds =    2388.30 minutes
	system time =   20266.56 seconds =     337.78 minutes
	total time  =       8687 seconds =     144.78 minutes

  //>>>>>>>>>>>>>>>>>>>>>>>>>>>>>>>>>>>//
  //            Monomer B HF           //
  //<<<<<<<<<<<<<<<<<<<<<<<<<<<<<<<<<<<//


*** tstart() called on aliaconda
*** at Sun Mar 20 06:48:24 2022

   => Loading Basis Set <=

    Name: JUN-CC-PVDZ
    Role: ORBITAL
    Keyword: BASIS
    atoms 1, 14                                          entry N          line   198 file /home/alia/anaconda3/envs/mddemo/share/psi4/basis/jun-cc-pvdz.gbs 
    atoms 2-4, 6, 8-10, 13, 15-17, 19, 21, 23, 25-27, 30 entry H          line    36 file /home/alia/anaconda3/envs/mddemo/share/psi4/basis/jun-cc-pvdz.gbs 
    atoms 5, 7, 11, 18, 20, 24, 28                       entry C          line   164 file /home/alia/anaconda3/envs/mddemo/share/psi4/basis/jun-cc-pvdz.gbs 
    atoms 12, 22, 29                                     entry O          line   232 file /home/alia/anaconda3/envs/mddemo/share/psi4/basis/jun-cc-pvdz.gbs 


         ---------------------------------------------------------
                                   SCF
               by Justin Turney, Rob Parrish, Andy Simmonett
                          and Daniel G. A. Smith
                              RHF Reference
                       32 Threads,  76293 MiB Core
         ---------------------------------------------------------

  ==> Geometry <==

    Molecular point group: c1
    Full point group: C1

    Geometry (in Angstrom), charge = 1, multiplicity = 1:

       Center              X                  Y                   Z               Mass       
    ------------   -----------------  -----------------  -----------------  -----------------
      Gh(N)          -0.356639867593    -6.434833372461    -0.938338586141    14.003074004430
      Gh(H)          -1.339639669228    -6.153833473550    -0.302338906576     1.007825032230
      Gh(H)          -0.874639516640    -6.920833433496    -1.908338614751     1.007825032230
      Gh(H)           0.081360334586    -7.190833414422    -0.444338628103     1.007825032230
      Gh(C)           0.435360426139    -5.213833416330    -1.193338700582    12.000000000000
      Gh(H)          -0.105639940072    -4.402833546029    -0.716338940908     1.007825032230
      Gh(C)           1.876360172462    -5.436833465921    -0.761338540365    12.000000000000
      Gh(H)           2.331360334586    -6.318833435403    -1.327338525106     1.007825032230
      Gh(H)           1.895360225867    -5.568833435403     0.340661219309     1.007825032230
      Gh(H)           2.523360246848    -4.523833359109    -1.004338570882     1.007825032230
      Gh(C)           0.436360353660    -4.759833420144    -2.710338660528    12.000000000000
      Gh(O)           0.303360456657    -5.637833202707    -3.509338685323    15.994914619570
      Gh(H)           0.551714414787    -3.707239712106    -3.008230754186     1.007825032230
         N            0.619360202979     2.969166194571     0.314661196421    14.003074004430
         H            0.746360296439     1.773166095389     0.364661387156     1.007825032230
         H            0.542360300254     3.058166896476    -0.884338685323     1.007825032230
         H            1.471360201072     3.427166377677     0.578661135386     1.007825032230
         C           -0.580639844704     3.558166896476     0.873661211680    12.000000000000
         H           -1.342639928628     2.820166980399     0.870661429118     1.007825032230
         C           -0.421639924813     3.886166965140     2.375661543559    12.000000000000
         H           -1.440639978219     4.160166179312     2.790661505412     1.007825032230
         O            0.437360281181     4.920166408194     2.749661139201    15.994914619570
         H            1.387360328864     4.616166507376     2.570661238383     1.007825032230
         C            0.010360235404     2.626166736258     3.113661459635    12.000000000000
         H            1.049360269736     2.472166453971     2.936661413859     1.007825032230
         H           -0.643639570046     1.751166736258     2.952661207865     1.007825032230
         H           -0.082639699746     2.887166415824     4.199660948466     1.007825032230
         C           -0.900639539529     4.745166217459    -0.020338841726    12.000000000000
         O           -2.032639985848     4.979166423453    -0.438338586141    15.994914619570
         H           -0.083663469125     5.424257671012    -0.305619069387     1.007825032230

  Running in c1 symmetry.

  Rotational constants: A =      0.03768  B =      0.00371  C =      0.00352 [cm^-1]
  Rotational constants: A =   1129.52421  B =    111.10883  C =    105.42099 [MHz]
  Nuclear repulsion =  329.712570817159019

  Charge       = 1
  Multiplicity = 1
  Electrons    = 56
  Nalpha       = 28
  Nbeta        = 28

  ==> Algorithm <==

  SCF Algorithm Type is DF.
  DIIS enabled.
  MOM disabled.
  Fractional occupation disabled.
  Guess Type is SAD.
  Energy threshold   = 1.00e-08
  Density threshold  = 1.00e-08
  Integral threshold = 1.00e-12

  ==> Primary Basis <==

  Basis Set: JUN-CC-PVDZ
    Blend: JUN-CC-PVDZ
    Number of shells: 150
    Number of basis functions: 306
    Number of Cartesian functions: 318
    Spherical Harmonics?: true
    Max angular momentum: 2

   => Loading Basis Set <=

    Name: (JUN-CC-PVDZ AUX)
    Role: JKFIT
    Keyword: DF_BASIS_SCF
    atoms 1, 14                                          entry N          line   202 file /home/alia/anaconda3/envs/mddemo/share/psi4/basis/jun-cc-pvdz-jkfit.gbs 
    atoms 2-4, 6, 8-10, 13, 15-17, 19, 21, 23, 25-27, 30 entry H          line    70 file /home/alia/anaconda3/envs/mddemo/share/psi4/basis/jun-cc-pvdz-jkfit.gbs 
    atoms 5, 7, 11, 18, 20, 24, 28                       entry C          line   146 file /home/alia/anaconda3/envs/mddemo/share/psi4/basis/jun-cc-pvdz-jkfit.gbs 
    atoms 12, 22, 29                                     entry O          line   258 file /home/alia/anaconda3/envs/mddemo/share/psi4/basis/jun-cc-pvdz-jkfit.gbs 

  ==> Integral Setup <==

  ==> DiskDFJK: Density-Fitted J/K Matrices <==

    J tasked:                  Yes
    K tasked:                  Yes
    wK tasked:                  No
    OpenMP threads:             32
    Integrals threads:          32
    Memory [MiB]:            57220
    Algorithm:                Core
    Integral Cache:           LOAD
    Schwarz Cutoff:          1E-12
    Fitting Condition:       1E-10

   => Auxiliary Basis Set <=

  Basis Set: (JUN-CC-PVDZ AUX)
    Blend: JUN-CC-PVDZ-JKFIT
    Number of shells: 486
    Number of basis functions: 1362
    Number of Cartesian functions: 1542
    Spherical Harmonics?: true
    Max angular momentum: 3

  Minimum eigenvalue in the overlap matrix is 6.3617304932E-05.
  Reciprocal condition number of the overlap matrix is 5.5371284739E-06.
    Using symmetric orthogonalization.

  ==> Pre-Iterations <==

  SCF Guess: Superposition of Atomic Densities via on-the-fly atomic UHF (no occupation information).

   -------------------------
    Irrep   Nso     Nmo    
   -------------------------
     A        306     306 
   -------------------------
    Total     306     306
   -------------------------

  ==> Iterations <==

                           Total Energy        Delta E     RMS |[F,P]|

   @DF-RHF iter SAD:  -360.65544668083339   -3.60655e+02   0.00000e+00 
   @DF-RHF iter   1:  -360.90748560194100   -2.52039e-01   2.20222e-03 DIIS
   @DF-RHF iter   2:  -361.10078456077497   -1.93299e-01   1.39377e-03 DIIS
   @DF-RHF iter   3:  -361.16834469768031   -6.75601e-02   3.05911e-04 DIIS
   @DF-RHF iter   4:  -361.17349003721495   -5.14534e-03   1.15996e-04 DIIS
   @DF-RHF iter   5:  -361.17424718400781   -7.57147e-04   2.72483e-05 DIIS
   @DF-RHF iter   6:  -361.17431874698713   -7.15630e-05   1.31770e-05 DIIS
   @DF-RHF iter   7:  -361.17433653728199   -1.77903e-05   5.62747e-06 DIIS
   @DF-RHF iter   8:  -361.17434060727487   -4.06999e-06   2.32539e-06 DIIS
   @DF-RHF iter   9:  -361.17434136572280   -7.58448e-07   7.35111e-07 DIIS
   @DF-RHF iter  10:  -361.17434146386859   -9.81458e-08   3.07074e-07 DIIS
   @DF-RHF iter  11:  -361.17434148684060   -2.29720e-08   1.57281e-07 DIIS
   @DF-RHF iter  12:  -361.17434149424179   -7.40118e-09   8.30834e-08 DIIS
   @DF-RHF iter  13:  -361.17434149658266   -2.34087e-09   3.42536e-08 DIIS
   @DF-RHF iter  14:  -361.17434149689944   -3.16788e-10   9.13524e-09 DIIS
  Energy and wave function converged.


  ==> Post-Iterations <==

    Orbital Energies [Eh]
    ---------------------

    Doubly Occupied:                                                      

       1A    -20.751288     2A    -20.750676     3A    -15.945611  
       4A    -11.522887     5A    -11.497950     6A    -11.479988  
       7A    -11.396781     8A     -1.566666     9A     -1.551713  
      10A     -1.515083    11A     -1.244833    12A     -1.164169  
      13A     -1.031603    14A     -1.017955    15A     -0.971632  
      16A     -0.912646    17A     -0.899949    18A     -0.843303  
      19A     -0.823494    20A     -0.811304    21A     -0.778163  
      22A     -0.771028    23A     -0.714101    24A     -0.699497  
      25A     -0.682000    26A     -0.652457    27A     -0.633115  
      28A     -0.596511  

    Virtual:                                                              

      29A     -0.134559    30A     -0.085767    31A     -0.076307  
      32A     -0.058478    33A     -0.044699    34A     -0.035295  
      35A     -0.032971    36A     -0.026890    37A     -0.024263  
      38A     -0.012302    39A     -0.006879    40A     -0.004759  
      41A      0.000029    42A      0.005075    43A      0.010754  
      44A      0.016870    45A      0.026859    46A      0.027704  
      47A      0.040931    48A      0.042515    49A      0.044970  
      50A      0.048150    51A      0.049653    52A      0.057047  
      53A      0.057783    54A      0.065776    55A      0.071237  
      56A      0.081923    57A      0.091293    58A      0.097367  
      59A      0.104492    60A      0.108393    61A      0.109952  
      62A      0.115747    63A      0.121820    64A      0.132664  
      65A      0.138540    66A      0.144272    67A      0.146397  
      68A      0.150153    69A      0.152483    70A      0.161790  
      71A      0.167952    72A      0.171631    73A      0.178244  
      74A      0.186028    75A      0.190969    76A      0.193977  
      77A      0.199246    78A      0.213950    79A      0.217632  
      80A      0.217979    81A      0.225895    82A      0.237755  
      83A      0.246236    84A      0.262694    85A      0.275746  
      86A      0.276421    87A      0.281303    88A      0.287895  
      89A      0.298521    90A      0.300312    91A      0.312813  
      92A      0.318034    93A      0.324836    94A      0.350201  
      95A      0.356548    96A      0.363930    97A      0.370277  
      98A      0.383716    99A      0.388288   100A      0.402738  
     101A      0.412367   102A      0.427327   103A      0.461315  
     104A      0.475497   105A      0.510754   106A      0.528518  
     107A      0.531188   108A      0.540647   109A      0.556082  
     110A      0.564899   111A      0.590811   112A      0.599638  
     113A      0.603232   114A      0.614384   115A      0.619270  
     116A      0.624719   117A      0.631482   118A      0.662640  
     119A      0.675573   120A      0.683513   121A      0.695283  
     122A      0.712552   123A      0.727830   124A      0.729366  
     125A      0.730691   126A      0.755343   127A      0.763160  
     128A      0.765416   129A      0.794031   130A      0.796914  
     131A      0.797944   132A      0.807641   133A      0.819476  
     134A      0.826604   135A      0.831766   136A      0.865231  
     137A      0.887665   138A      0.893472   139A      0.897405  
     140A      0.904848   141A      0.908474   142A      0.937935  
     143A      0.959111   144A      0.967593   145A      0.981700  
     146A      0.991151   147A      1.012924   148A      1.106291  
     149A      1.140655   150A      1.148373   151A      1.165072  
     152A      1.190768   153A      1.246743   154A      1.272040  
     155A      1.291704   156A      1.313366   157A      1.326329  
     158A      1.346923   159A      1.357298   160A      1.385961  
     161A      1.388752   162A      1.416213   163A      1.421067  
     164A      1.478725   165A      1.492445   166A      1.494540  
     167A      1.500730   168A      1.511007   169A      1.524600  
     170A      1.545149   171A      1.559372   172A      1.595756  
     173A      1.602388   174A      1.624774   175A      1.649725  
     176A      1.655620   177A      1.671733   178A      1.677822  
     179A      1.684749   180A      1.693490   181A      1.707249  
     182A      1.722781   183A      1.738208   184A      1.749842  
     185A      1.757309   186A      1.775836   187A      1.793032  
     188A      1.798861   189A      1.809886   190A      1.811816  
     191A      1.817809   192A      1.829478   193A      1.847763  
     194A      1.860282   195A      1.862573   196A      1.876440  
     197A      1.885483   198A      1.897580   199A      1.922023  
     200A      1.933539   201A      1.933925   202A      1.955810  
     203A      1.971324   204A      1.972563   205A      1.978742  
     206A      2.000775   207A      2.000991   208A      2.013547  
     209A      2.035909   210A      2.048833   211A      2.049913  
     212A      2.054857   213A      2.074425   214A      2.083484  
     215A      2.096292   216A      2.106960   217A      2.115530  
     218A      2.144106   219A      2.145270   220A      2.190469  
     221A      2.195908   222A      2.200979   223A      2.210159  
     224A      2.212807   225A      2.242553   226A      2.247932  
     227A      2.265690   228A      2.301084   229A      2.308004  
     230A      2.317601   231A      2.345684   232A      2.385426  
     233A      2.398420   234A      2.412481   235A      2.422499  
     236A      2.436930   237A      2.450479   238A      2.451635  
     239A      2.469065   240A      2.477153   241A      2.495261  
     242A      2.521252   243A      2.542464   244A      2.569885  
     245A      2.609134   246A      2.632575   247A      2.680421  
     248A      2.683839   249A      2.687328   250A      2.696885  
     251A      2.713267   252A      2.732386   253A      2.761992  
     254A      2.764068   255A      2.780714   256A      2.808697  
     257A      2.835015   258A      2.869511   259A      2.895133  
     260A      2.911299   261A      2.926833   262A      2.948826  
     263A      3.014148   264A      3.060528   265A      3.089152  
     266A      3.102110   267A      3.122877   268A      3.134173  
     269A      3.163473   270A      3.247162   271A      3.286769  
     272A      3.295532   273A      3.303117   274A      3.413398  
     275A      3.498759   276A      3.542865   277A      3.558799  
     278A      3.583764   279A      3.619821   280A      3.747891  
     281A      3.793576   282A      3.896177   283A      3.900682  
     284A      4.026083   285A      4.104332   286A      4.191169  
     287A      4.280662   288A      4.395924   289A      4.623753  
     290A      4.651762   291A      4.704680   292A      4.789387  
     293A      4.828338   294A      4.896864   295A      4.953545  
     296A      5.101118   297A      5.468472   298A      5.545562  
     299A      5.758826   300A      5.854104   301A      6.821183  
     302A     18.190142   303A     18.361097   304A     18.522159  
     305A     25.327471   306A     33.436306  

    Final Occupation by Irrep:
              A 
    DOCC [    28 ]

  @DF-RHF Final Energy:  -361.17434149689944

   => Energetics <=

    Nuclear Repulsion Energy =            329.7125708171590190
    One-Electron Energy =               -1135.3210142867192189
    Two-Electron Energy =                 444.4341019726606987
    Total Energy =                       -361.1743414968994443

Computation Completed


Properties will be evaluated at   0.000000,   0.000000,   0.000000 [a0]

Properties computed using the SCF density matrix

  Nuclear Dipole Moment: [e a0]
     X:   -34.3524      Y:   418.1257      Z:   141.3958

  Electronic Dipole Moment: [e a0]
     X:    36.2209      Y:  -413.2918      Z:  -140.1488

  Dipole Moment: [e a0]
     X:     1.8685      Y:     4.8338      Z:     1.2470     Total:     5.3303

  Dipole Moment: [D]
     X:     4.7493      Y:    12.2864      Z:     3.1695     Total:    13.5483


*** tstop() called on aliaconda at Sun Mar 20 06:48:34 2022
Module time:
	user time   =     217.58 seconds =       3.63 minutes
	system time =      25.12 seconds =       0.42 minutes
	total time  =         10 seconds =       0.17 minutes
Total time:
	user time   =  143515.63 seconds =    2391.93 minutes
	system time =   20291.70 seconds =     338.19 minutes
	total time  =       8697 seconds =     144.95 minutes
  Constructing Basis Sets for SAPT...

   => Loading Basis Set <=

    Name: (JUN-CC-PVDZ AUX)
    Role: RIFIT
    Keyword: DF_BASIS_SAPT
    atoms 1, 14                                          entry N          line   144 file /home/alia/anaconda3/envs/mddemo/share/psi4/basis/jun-cc-pvdz-ri.gbs 
    atoms 2-4, 6, 8-10, 13, 15-17, 19, 21, 23, 25-27, 30 entry H          line    30 file /home/alia/anaconda3/envs/mddemo/share/psi4/basis/jun-cc-pvdz-ri.gbs 
    atoms 5, 7, 11, 18, 20, 24, 28                       entry C          line   100 file /home/alia/anaconda3/envs/mddemo/share/psi4/basis/jun-cc-pvdz-ri.gbs 
    atoms 12, 22, 29                                     entry O          line   188 file /home/alia/anaconda3/envs/mddemo/share/psi4/basis/jun-cc-pvdz-ri.gbs 


  //>>>>>>>>>>>>>>>>>>>>>>>>>>>>>>>>>>>//
  //               SAPT0               //
  //<<<<<<<<<<<<<<<<<<<<<<<<<<<<<<<<<<<//


*** tstart() called on aliaconda
*** at Sun Mar 20 06:48:34 2022

        SAPT0  
    Ed Hohenstein
     6 June 2009

      Orbital Information
  --------------------------
    NSO        =       306
    NMO        =       306
    NRI        =      1032
    NOCC A     =        20
    NOCC B     =        28
    FOCC A     =         0
    FOCC B     =         0
    NVIR A     =       286
    NVIR B     =       278

    Elst10,r            =     0.062149233161 [Eh]
    Exch10              =    -0.000000009700 [Eh]
    Exch10 (S^2)        =    -0.000000009700 [Eh]

    Iter     Energy [mEh]          dE [mEh]         Residual      Time [s]
       1      -0.31583398       0.315833979       5.534559132             1
       2      -0.30449928      -0.011334697       1.709613225             1
       3      -0.33006980       0.025570521       0.591651314             2
       4      -0.33601210       0.005942294       0.148421945             2
       5      -0.33495134      -0.001060758       0.076959591             3
       6      -0.33460511      -0.000346225       0.022422444             4
       7      -0.33475013       0.000145020       0.006331022             4
       8      -0.33476047       0.000010336       0.001895762             5
       9      -0.33475383      -0.000006637       0.000554581             5
      10      -0.33475276      -0.000001070       0.000137837             6
      11      -0.33475334       0.000000578       0.000054056             7
      12      -0.33475335       0.000000015       0.000030370             7
      13      -0.33475327      -0.000000088       0.000012360             8
      14      -0.33475327       0.000000003       0.000003529             8
      15      -0.33475328       0.000000010       0.000000836             9

    CHF Iterations converged


    Iter     Energy [mEh]          dE [mEh]         Residual      Time [s]
       1      -0.22966721       0.229667209       3.545275431             1
       2      -0.23543119       0.005763985       1.454688151             1
       3      -0.25325483       0.017823640       0.493354367             2
       4      -0.25658648       0.003331647       0.127268012             2
       5      -0.25612575      -0.000460728       0.077138485             3
       6      -0.25570182      -0.000423931       0.024878838             4
       7      -0.25573890       0.000037079       0.011295990             4
       8      -0.25580057       0.000061667       0.002789398             5
       9      -0.25579476      -0.000005811       0.000965923             5
      10      -0.25579147      -0.000003285       0.000321822             6
      11      -0.25579199       0.000000522       0.000152843             7
      12      -0.25579242       0.000000428       0.000085461             7
      13      -0.25579222      -0.000000202       0.000036287             8
      14      -0.25579216      -0.000000063       0.000010595             8
      15      -0.25579217       0.000000016       0.000003354             9
      16      -0.25579218       0.000000007       0.000000811            10

    CHF Iterations converged

    Ind20,r (A<-B)      =    -0.000334753280 [Eh]
    Ind20,r (B<-A)      =    -0.000255792179 [Eh]
    Ind20,r             =    -0.000590545460 [Eh]
    Exch-Ind20,r (A<-B) =     0.000000002090 [Eh]
    Exch-Ind20,r (B<-A) =     0.000000004524 [Eh]
    Exch-Ind20,r        =     0.000000006614 [Eh]
    Disp20              =    -0.000044386533 [Eh]
    Disp20 (SS)         =    -0.000022193267 [Eh]
    Disp20 (OS)         =    -0.000022193267 [Eh]
    Exch-Disp20         =     0.000000001657 [Eh]
    Exch-Disp20 (SS)    =     0.000000001255 [Eh]
    Exch-Disp20 (OS)    =     0.000000000403 [Eh]

    SAPT Results 
  --------------------------------------------------------------------------------------------------------
    Electrostatics                 62.14923316 [mEh]      38.99923260 [kcal/mol]     163.17278918 [kJ/mol]
      Elst10,r                     62.14923316 [mEh]      38.99923260 [kcal/mol]     163.17278918 [kJ/mol]

    Exchange                       -0.00000970 [mEh]      -0.00000609 [kcal/mol]      -0.00002547 [kJ/mol]
      Exch10                       -0.00000970 [mEh]      -0.00000609 [kcal/mol]      -0.00002547 [kJ/mol]
      Exch10(S^2)                  -0.00000970 [mEh]      -0.00000609 [kcal/mol]      -0.00002547 [kJ/mol]

    Induction                      -0.58295441 [mEh]      -0.36580942 [kcal/mol]      -1.53054660 [kJ/mol]
      Ind20,r                      -0.59054546 [mEh]      -0.37057287 [kcal/mol]      -1.55047689 [kJ/mol]
      Exch-Ind20,r                  0.00000661 [mEh]       0.00000415 [kcal/mol]       0.00001736 [kJ/mol]
      delta HF,r (2)                0.00758443 [mEh]       0.00475930 [kcal/mol]       0.01991292 [kJ/mol]

    Dispersion                     -0.04438488 [mEh]      -0.02785193 [kcal/mol]      -0.11653248 [kJ/mol]
      Disp20                       -0.04438653 [mEh]      -0.02785297 [kcal/mol]      -0.11653683 [kJ/mol]
      Exch-Disp20                   0.00000166 [mEh]       0.00000104 [kcal/mol]       0.00000435 [kJ/mol]
      Disp20 (SS)                  -0.02219327 [mEh]      -0.01392649 [kcal/mol]      -0.05826841 [kJ/mol]
      Disp20 (OS)                  -0.02219327 [mEh]      -0.01392649 [kcal/mol]      -0.05826841 [kJ/mol]
      Exch-Disp20 (SS)              0.00000125 [mEh]       0.00000079 [kcal/mol]       0.00000329 [kJ/mol]
      Exch-Disp20 (OS)              0.00000040 [mEh]       0.00000025 [kcal/mol]       0.00000106 [kJ/mol]

  Total HF                         61.56626905 [mEh]      38.63341709 [kcal/mol]     161.64221711 [kJ/mol]
  Total SAPT0                      61.52188417 [mEh]      38.60556516 [kcal/mol]     161.52568464 [kJ/mol]

  Special recipe for scaled SAPT0 (see Manual):
    Electrostatics sSAPT0          62.14923316 [mEh]      38.99923260 [kcal/mol]     163.17278918 [kJ/mol]
    Exchange sSAPT0                -0.00000970 [mEh]      -0.00000609 [kcal/mol]      -0.00002547 [kJ/mol]
    Induction sSAPT0               -0.58295441 [mEh]      -0.36580942 [kcal/mol]      -1.53054660 [kJ/mol]
    Dispersion sSAPT0              -0.04438488 [mEh]      -0.02785193 [kcal/mol]      -0.11653248 [kJ/mol]
  Total sSAPT0                     61.52188417 [mEh]      38.60556516 [kcal/mol]     161.52568464 [kJ/mol]
  --------------------------------------------------------------------------------------------------------

*** tstop() called on aliaconda at Sun Mar 20 06:49:24 2022
Module time:
	user time   =     702.40 seconds =      11.71 minutes
	system time =     126.46 seconds =       2.11 minutes
	total time  =         50 seconds =       0.83 minutes
Total time:
	user time   =  144220.50 seconds =    2403.68 minutes
	system time =   20418.73 seconds =     340.31 minutes
	total time  =       8747 seconds =     145.78 minutes


Warning! sapt0 does not have an associated derived wavefunction.The returned wavefunction is the dimer SCF wavefunction.


  Memory set to  74.506 GiB by Python driver.
  Threads set to 32 by Python driver.
