
Scratch directory: /tmp/

Scratch directory: /tmp/

  //>>>>>>>>>>>>>>>>>>>>>>>>>>>>>>>>>>>//
  //              Dimer HF             //
  //<<<<<<<<<<<<<<<<<<<<<<<<<<<<<<<<<<<//


*** tstart() called on aliaconda
*** at Sun Mar 20 04:43:54 2022

   => Loading Basis Set <=

    Name: JUN-CC-PVDZ
    Role: ORBITAL
    Keyword: BASIS
    atoms 1, 14                                          entry N          line   198 file /home/alia/anaconda3/envs/mddemo/share/psi4/basis/jun-cc-pvdz.gbs 
    atoms 2-4, 6, 8-10, 13, 15-17, 19, 21, 23, 25-27, 30 entry H          line    36 file /home/alia/anaconda3/envs/mddemo/share/psi4/basis/jun-cc-pvdz.gbs 
    atoms 5, 7, 11, 18, 20, 24, 28                       entry C          line   164 file /home/alia/anaconda3/envs/mddemo/share/psi4/basis/jun-cc-pvdz.gbs 
    atoms 12, 22, 29                                     entry O          line   232 file /home/alia/anaconda3/envs/mddemo/share/psi4/basis/jun-cc-pvdz.gbs 


         ---------------------------------------------------------
                                   SCF
               by Justin Turney, Rob Parrish, Andy Simmonett
                          and Daniel G. A. Smith
                              RHF Reference
                       32 Threads,  76293 MiB Core
         ---------------------------------------------------------

  ==> Geometry <==

    Molecular point group: c1
    Full point group: C1

    Geometry (in Angstrom), charge = 2, multiplicity = 1:

       Center              X                  Y                   Z               Mass       
    ------------   -----------------  -----------------  -----------------  -----------------
         N            0.564975333449    -5.968685645031    -1.611652071166    14.003074004430
         H           -0.038024353746    -6.205685633587    -2.625652486968     1.007825032230
         H           -0.274024414781    -6.184685725140    -0.776652033019     1.007825032230
         H            1.278975320097    -6.616685646939    -1.519652063537     1.007825032230
         C            1.043975425001    -4.588685530591    -1.687652284789    12.000000000000
         H            0.590975356337    -4.130685824322    -0.792652303863     1.007825032230
         C            2.570975375410    -4.474685686993    -1.447652036834    12.000000000000
         H            3.143975448843    -5.045685786175    -2.137652094055     1.007825032230
         H            2.740975451704    -4.716685789990    -0.389652425933     1.007825032230
         H            2.956975531813    -3.408685702252    -1.515652353454     1.007825032230
         C            0.582975459334    -3.722685831952    -2.873652155090    12.000000000000
         O           -0.517024445299    -3.155685442853    -2.785652334381    15.994914619570
         H            1.209097695586    -3.610046881604    -3.771028215576     1.007825032230
         N            0.492975306746     2.314314347339     0.409347360444    14.003074004430
         H            0.766975474593     1.143314820362     0.371348207306     1.007825032230
         H            0.371975493666     2.496314507556    -0.775652105499     1.007825032230
         H            1.287975383040     2.863314133716     0.707347696137     1.007825032230
         C           -0.712024616960     2.670314293933     1.082347696137    12.000000000000
         H           -1.395024704698     1.781314354969     1.055347268891     1.007825032230
         C           -0.529024529222     3.097314339710     2.552347963166    12.000000000000
         H           -1.547024655107     3.119314652515     3.095348184418     1.007825032230
         O            0.035975527998     4.414314728809     2.589347665619    15.994914619570
         H            0.944975447890     4.346313935352     2.224347894501     1.007825032230
         C            0.322975230452     2.023313981128     3.349347894501    12.000000000000
         H            1.336975407835     1.885314446521     2.992347543549     1.007825032230
         H           -0.080024647478     1.011314850879     3.319348161530     1.007825032230
         H            0.384975505110     2.255314332080     4.409347360444     1.007825032230
         C           -1.429024624590     3.729314309192     0.204347436738    12.000000000000
         O           -2.644024777177     3.809314232898     0.144347970795    15.994914619570
         H           -0.820542740587     4.431855660511    -0.384027654815     1.007825032230

  Running in c1 symmetry.

  Rotational constants: A =      0.03855  B =      0.00505  C =      0.00470 [cm^-1]
  Rotational constants: A =   1155.84419  B =    151.24544  C =    140.89647 [MHz]
  Nuclear repulsion =  655.462088003077156

  Charge       = 2
  Multiplicity = 1
  Electrons    = 96
  Nalpha       = 48
  Nbeta        = 48

  ==> Algorithm <==

  SCF Algorithm Type is DF.
  DIIS enabled.
  MOM disabled.
  Fractional occupation disabled.
  Guess Type is SAD.
  Energy threshold   = 1.00e-08
  Density threshold  = 1.00e-08
  Integral threshold = 1.00e-12

  ==> Primary Basis <==

  Basis Set: JUN-CC-PVDZ
    Blend: JUN-CC-PVDZ
    Number of shells: 150
    Number of basis functions: 306
    Number of Cartesian functions: 318
    Spherical Harmonics?: true
    Max angular momentum: 2

   => Loading Basis Set <=

    Name: (JUN-CC-PVDZ AUX)
    Role: JKFIT
    Keyword: DF_BASIS_SCF
    atoms 1, 14                                          entry N          line   202 file /home/alia/anaconda3/envs/mddemo/share/psi4/basis/jun-cc-pvdz-jkfit.gbs 
    atoms 2-4, 6, 8-10, 13, 15-17, 19, 21, 23, 25-27, 30 entry H          line    70 file /home/alia/anaconda3/envs/mddemo/share/psi4/basis/jun-cc-pvdz-jkfit.gbs 
    atoms 5, 7, 11, 18, 20, 24, 28                       entry C          line   146 file /home/alia/anaconda3/envs/mddemo/share/psi4/basis/jun-cc-pvdz-jkfit.gbs 
    atoms 12, 22, 29                                     entry O          line   258 file /home/alia/anaconda3/envs/mddemo/share/psi4/basis/jun-cc-pvdz-jkfit.gbs 

  ==> Integral Setup <==

  ==> DiskDFJK: Density-Fitted J/K Matrices <==

    J tasked:                  Yes
    K tasked:                  Yes
    wK tasked:                  No
    OpenMP threads:             32
    Integrals threads:          32
    Memory [MiB]:            57220
    Algorithm:                Core
    Integral Cache:           SAVE
    Schwarz Cutoff:          1E-12
    Fitting Condition:       1E-10

   => Auxiliary Basis Set <=

  Basis Set: (JUN-CC-PVDZ AUX)
    Blend: JUN-CC-PVDZ-JKFIT
    Number of shells: 486
    Number of basis functions: 1362
    Number of Cartesian functions: 1542
    Spherical Harmonics?: true
    Max angular momentum: 3

  Minimum eigenvalue in the overlap matrix is 5.3740075744E-05.
  Reciprocal condition number of the overlap matrix is 4.7191693485E-06.
    Using symmetric orthogonalization.

  ==> Pre-Iterations <==

  SCF Guess: Superposition of Atomic Densities via on-the-fly atomic UHF (no occupation information).

   -------------------------
    Irrep   Nso     Nmo    
   -------------------------
     A        306     306 
   -------------------------
    Total     306     306
   -------------------------

  ==> Iterations <==

                           Total Energy        Delta E     RMS |[F,P]|

   @DF-RHF iter SAD:  -607.13416471189566   -6.07134e+02   0.00000e+00 
   @DF-RHF iter   1:  -607.95091632614674   -8.16752e-01   2.82479e-03 DIIS
   @DF-RHF iter   2:  -608.26848036320291   -3.17564e-01   1.81939e-03 DIIS
   @DF-RHF iter   3:  -608.38350150876659   -1.15021e-01   3.96746e-04 DIIS
   @DF-RHF iter   4:  -608.39247516345392   -8.97365e-03   1.45664e-04 DIIS
   @DF-RHF iter   5:  -608.39374134991249   -1.26619e-03   3.52556e-05 DIIS
   @DF-RHF iter   6:  -608.39387139603491   -1.30046e-04   1.76396e-05 DIIS
   @DF-RHF iter   7:  -608.39390300912260   -3.16131e-05   7.75540e-06 DIIS
   @DF-RHF iter   8:  -608.39391074588298   -7.73676e-06   2.95974e-06 DIIS
   @DF-RHF iter   9:  -608.39391193012875   -1.18425e-06   1.00503e-06 DIIS
   @DF-RHF iter  10:  -608.39391206676964   -1.36641e-07   4.30828e-07 DIIS
   @DF-RHF iter  11:  -608.39391209658845   -2.98188e-08   2.32721e-07 DIIS
   @DF-RHF iter  12:  -608.39391210882320   -1.22348e-08   1.25533e-07 DIIS
   @DF-RHF iter  13:  -608.39391211341842   -4.59522e-09   6.08842e-08 DIIS
   @DF-RHF iter  14:  -608.39391211471207   -1.29364e-09   1.91909e-08 DIIS
   @DF-RHF iter  15:  -608.39391211479256   -8.04903e-11   5.11877e-09 DIIS
  Energy and wave function converged.


  ==> Post-Iterations <==

    Orbital Energies [Eh]
    ---------------------

    Doubly Occupied:                                                      

       1A    -20.832119     2A    -20.799985     3A    -20.798400  
       4A    -16.007576     5A    -16.002520     6A    -11.604170  
       7A    -11.576147     8A    -11.574306     9A    -11.555283  
      10A    -11.545262    11A    -11.499256    12A    -11.453459  
      13A     -1.640101    14A     -1.620945    15A     -1.599298  
      16A     -1.577629    17A     -1.573069    18A     -1.311661  
      19A     -1.285564    20A     -1.209026    21A     -1.171609  
      22A     -1.088177    23A     -1.087534    24A     -1.067304  
      25A     -1.033596    26A     -1.027493    27A     -0.990899  
      28A     -0.966619    29A     -0.957363    30A     -0.951368  
      31A     -0.897412    32A     -0.896541    33A     -0.875400  
      34A     -0.865493    35A     -0.855680    36A     -0.828120  
      37A     -0.813267    38A     -0.811964    39A     -0.792498  
      40A     -0.775737    41A     -0.764675    42A     -0.756088  
      43A     -0.750131    44A     -0.728870    45A     -0.710451  
      46A     -0.685503    47A     -0.682776    48A     -0.647528  

    Virtual:                                                              

      49A     -0.203589    50A     -0.194094    51A     -0.158579  
      52A     -0.145349    53A     -0.138898    54A     -0.132668  
      55A     -0.127132    56A     -0.117067    57A     -0.114170  
      58A     -0.107575    59A     -0.104483    60A     -0.091398  
      61A     -0.088384    62A     -0.084603    63A     -0.079371  
      64A     -0.076176    65A     -0.072753    66A     -0.068462  
      67A     -0.065303    68A     -0.061861    69A     -0.058642  
      70A     -0.045404    71A     -0.042456    72A     -0.036618  
      73A     -0.033832    74A     -0.026042    75A     -0.025746  
      76A     -0.022788    77A     -0.019865    78A     -0.013985  
      79A     -0.008283    80A     -0.001912    81A      0.002690  
      82A      0.008212    83A      0.021609    84A      0.030084  
      85A      0.035699    86A      0.038269    87A      0.045237  
      88A      0.051479    89A      0.055045    90A      0.057973  
      91A      0.072604    92A      0.084725    93A      0.089730  
      94A      0.090607    95A      0.099277    96A      0.105421  
      97A      0.107241    98A      0.108507    99A      0.117450  
     100A      0.127048   101A      0.134328   102A      0.140290  
     103A      0.147225   104A      0.151706   105A      0.154985  
     106A      0.163347   107A      0.169407   108A      0.170403  
     109A      0.178830   110A      0.191509   111A      0.193661  
     112A      0.201557   113A      0.211053   114A      0.221145  
     115A      0.224662   116A      0.230924   117A      0.237962  
     118A      0.254600   119A      0.264919   120A      0.271404  
     121A      0.276110   122A      0.298248   123A      0.308411  
     124A      0.321339   125A      0.335185   126A      0.368752  
     127A      0.445746   128A      0.466459   129A      0.491148  
     130A      0.502103   131A      0.511212   132A      0.514208  
     133A      0.534011   134A      0.535769   135A      0.545791  
     136A      0.551795   137A      0.563817   138A      0.570968  
     139A      0.579898   140A      0.603581   141A      0.610212  
     142A      0.622430   143A      0.634674   144A      0.638742  
     145A      0.640870   146A      0.645341   147A      0.653714  
     148A      0.667226   149A      0.678066   150A      0.683985  
     151A      0.695825   152A      0.706942   153A      0.711824  
     154A      0.716687   155A      0.723814   156A      0.736420  
     157A      0.739411   158A      0.746971   159A      0.768218  
     160A      0.774940   161A      0.778180   162A      0.789912  
     163A      0.800078   164A      0.810281   165A      0.814982  
     166A      0.822620   167A      0.839690   168A      0.849027  
     169A      0.857334   170A      0.866474   171A      0.879335  
     172A      0.908380   173A      0.943298   174A      0.945115  
     175A      0.981759   176A      1.011511   177A      1.045550  
     178A      1.050299   179A      1.096177   180A      1.130541  
     181A      1.136024   182A      1.160678   183A      1.172534  
     184A      1.178735   185A      1.182510   186A      1.202443  
     187A      1.240539   188A      1.248566   189A      1.256152  
     190A      1.276422   191A      1.278450   192A      1.285806  
     193A      1.301087   194A      1.307237   195A      1.310919  
     196A      1.318890   197A      1.323428   198A      1.326730  
     199A      1.353518   200A      1.366582   201A      1.374432  
     202A      1.399937   203A      1.401436   204A      1.421845  
     205A      1.430871   206A      1.456884   207A      1.478847  
     208A      1.491362   209A      1.508595   210A      1.538557  
     211A      1.554828   212A      1.570789   213A      1.581847  
     214A      1.614504   215A      1.624476   216A      1.638268  
     217A      1.658391   218A      1.659466   219A      1.665294  
     220A      1.667984   221A      1.678122   222A      1.687518  
     223A      1.698392   224A      1.709746   225A      1.716219  
     226A      1.717364   227A      1.743614   228A      1.750170  
     229A      1.760144   230A      1.777303   231A      1.779506  
     232A      1.792653   233A      1.804035   234A      1.812845  
     235A      1.814065   236A      1.817310   237A      1.835500  
     238A      1.850093   239A      1.866668   240A      1.875087  
     241A      1.890721   242A      1.896552   243A      1.928286  
     244A      1.929827   245A      1.954853   246A      1.968442  
     247A      1.972374   248A      1.981103   249A      2.027625  
     250A      2.033610   251A      2.060341   252A      2.062283  
     253A      2.087828   254A      2.092389   255A      2.118062  
     256A      2.151969   257A      2.158282   258A      2.165283  
     259A      2.177919   260A      2.212475   261A      2.236631  
     262A      2.240621   263A      2.294661   264A      2.309888  
     265A      2.329116   266A      2.338257   267A      2.369563  
     268A      2.384877   269A      2.386098   270A      2.409230  
     271A      2.440817   272A      2.445316   273A      2.451765  
     274A      2.511018   275A      2.516776   276A      2.546151  
     277A      2.572335   278A      2.598954   279A      2.610513  
     280A      2.634821   281A      2.651261   282A      2.665147  
     283A      2.685115   284A      2.689645   285A      2.710539  
     286A      2.726596   287A      2.734985   288A      2.809903  
     289A      2.840654   290A      2.845954   291A      2.873456  
     292A      2.909536   293A      2.978853   294A      3.049257  
     295A      3.092487   296A      3.094577   297A      3.172521  
     298A      3.178959   299A      3.241133   300A      3.245484  
     301A      3.454942   302A      3.457892   303A      3.510938  
     304A      3.676568   305A      3.766519   306A      3.885822  

    Final Occupation by Irrep:
              A 
    DOCC [    48 ]

  @DF-RHF Final Energy:  -608.39391211479256

   => Energetics <=

    Nuclear Repulsion Energy =            655.4620880030771559
    One-Electron Energy =               -2104.6202423533104593
    Two-Electron Energy =                 840.7642422354408609
    Total Energy =                       -608.3939121147925562

Computation Completed


Properties will be evaluated at   0.000000,   0.000000,   0.000000 [a0]

Properties computed using the SCF density matrix

  Nuclear Dipole Moment: [e a0]
     X:    12.0379      Y:   -13.6382      Z:     3.2717

  Electronic Dipole Moment: [e a0]
     X:    -7.9988      Y:     6.0291      Z:    -5.2389

  Dipole Moment: [e a0]
     X:     4.0391      Y:    -7.6091      Z:    -1.9672     Total:     8.8364

  Dipole Moment: [D]
     X:    10.2663      Y:   -19.3403      Z:    -5.0001     Total:    22.4599


*** tstop() called on aliaconda at Sun Mar 20 04:44:09 2022
Module time:
	user time   =     322.24 seconds =       5.37 minutes
	system time =      38.55 seconds =       0.64 minutes
	total time  =         15 seconds =       0.25 minutes
Total time:
	user time   =   16885.75 seconds =     281.43 minutes
	system time =    2295.31 seconds =      38.26 minutes
	total time  =       1232 seconds =      20.53 minutes

  //>>>>>>>>>>>>>>>>>>>>>>>>>>>>>>>>>>>//
  //            Monomer A HF           //
  //<<<<<<<<<<<<<<<<<<<<<<<<<<<<<<<<<<<//


*** tstart() called on aliaconda
*** at Sun Mar 20 04:44:09 2022

   => Loading Basis Set <=

    Name: JUN-CC-PVDZ
    Role: ORBITAL
    Keyword: BASIS
    atoms 1, 14                                          entry N          line   198 file /home/alia/anaconda3/envs/mddemo/share/psi4/basis/jun-cc-pvdz.gbs 
    atoms 2-4, 6, 8-10, 13, 15-17, 19, 21, 23, 25-27, 30 entry H          line    36 file /home/alia/anaconda3/envs/mddemo/share/psi4/basis/jun-cc-pvdz.gbs 
    atoms 5, 7, 11, 18, 20, 24, 28                       entry C          line   164 file /home/alia/anaconda3/envs/mddemo/share/psi4/basis/jun-cc-pvdz.gbs 
    atoms 12, 22, 29                                     entry O          line   232 file /home/alia/anaconda3/envs/mddemo/share/psi4/basis/jun-cc-pvdz.gbs 


         ---------------------------------------------------------
                                   SCF
               by Justin Turney, Rob Parrish, Andy Simmonett
                          and Daniel G. A. Smith
                              RHF Reference
                       32 Threads,  76293 MiB Core
         ---------------------------------------------------------

  ==> Geometry <==

    Molecular point group: c1
    Full point group: C1

    Geometry (in Angstrom), charge = 1, multiplicity = 1:

       Center              X                  Y                   Z               Mass       
    ------------   -----------------  -----------------  -----------------  -----------------
         N            0.564975333449    -5.968685645031    -1.611652071166    14.003074004430
         H           -0.038024353746    -6.205685633587    -2.625652486968     1.007825032230
         H           -0.274024414781    -6.184685725140    -0.776652033019     1.007825032230
         H            1.278975320097    -6.616685646939    -1.519652063537     1.007825032230
         C            1.043975425001    -4.588685530591    -1.687652284789    12.000000000000
         H            0.590975356337    -4.130685824322    -0.792652303863     1.007825032230
         C            2.570975375410    -4.474685686993    -1.447652036834    12.000000000000
         H            3.143975448843    -5.045685786175    -2.137652094055     1.007825032230
         H            2.740975451704    -4.716685789990    -0.389652425933     1.007825032230
         H            2.956975531813    -3.408685702252    -1.515652353454     1.007825032230
         C            0.582975459334    -3.722685831952    -2.873652155090    12.000000000000
         O           -0.517024445299    -3.155685442853    -2.785652334381    15.994914619570
         H            1.209097695586    -3.610046881604    -3.771028215576     1.007825032230
      Gh(N)           0.492975306746     2.314314347339     0.409347360444    14.003074004430
      Gh(H)           0.766975474593     1.143314820362     0.371348207306     1.007825032230
      Gh(H)           0.371975493666     2.496314507556    -0.775652105499     1.007825032230
      Gh(H)           1.287975383040     2.863314133716     0.707347696137     1.007825032230
      Gh(C)          -0.712024616960     2.670314293933     1.082347696137    12.000000000000
      Gh(H)          -1.395024704698     1.781314354969     1.055347268891     1.007825032230
      Gh(C)          -0.529024529222     3.097314339710     2.552347963166    12.000000000000
      Gh(H)          -1.547024655107     3.119314652515     3.095348184418     1.007825032230
      Gh(O)           0.035975527998     4.414314728809     2.589347665619    15.994914619570
      Gh(H)           0.944975447890     4.346313935352     2.224347894501     1.007825032230
      Gh(C)           0.322975230452     2.023313981128     3.349347894501    12.000000000000
      Gh(H)           1.336975407835     1.885314446521     2.992347543549     1.007825032230
      Gh(H)          -0.080024647478     1.011314850879     3.319348161530     1.007825032230
      Gh(H)           0.384975505110     2.255314332080     4.409347360444     1.007825032230
      Gh(C)          -1.429024624590     3.729314309192     0.204347436738    12.000000000000
      Gh(O)          -2.644024777177     3.809314232898     0.144347970795    15.994914619570
      Gh(H)          -0.820542740587     4.431855660511    -0.384027654815     1.007825032230

  Running in c1 symmetry.

  Rotational constants: A =      0.03855  B =      0.00505  C =      0.00470 [cm^-1]
  Rotational constants: A =   1155.84419  B =    151.24544  C =    140.89647 [MHz]
  Nuclear repulsion =  182.918201527326886

  Charge       = 1
  Multiplicity = 1
  Electrons    = 40
  Nalpha       = 20
  Nbeta        = 20

  ==> Algorithm <==

  SCF Algorithm Type is DF.
  DIIS enabled.
  MOM disabled.
  Fractional occupation disabled.
  Guess Type is SAD.
  Energy threshold   = 1.00e-08
  Density threshold  = 1.00e-08
  Integral threshold = 1.00e-12

  ==> Primary Basis <==

  Basis Set: JUN-CC-PVDZ
    Blend: JUN-CC-PVDZ
    Number of shells: 150
    Number of basis functions: 306
    Number of Cartesian functions: 318
    Spherical Harmonics?: true
    Max angular momentum: 2

   => Loading Basis Set <=

    Name: (JUN-CC-PVDZ AUX)
    Role: JKFIT
    Keyword: DF_BASIS_SCF
    atoms 1, 14                                          entry N          line   202 file /home/alia/anaconda3/envs/mddemo/share/psi4/basis/jun-cc-pvdz-jkfit.gbs 
    atoms 2-4, 6, 8-10, 13, 15-17, 19, 21, 23, 25-27, 30 entry H          line    70 file /home/alia/anaconda3/envs/mddemo/share/psi4/basis/jun-cc-pvdz-jkfit.gbs 
    atoms 5, 7, 11, 18, 20, 24, 28                       entry C          line   146 file /home/alia/anaconda3/envs/mddemo/share/psi4/basis/jun-cc-pvdz-jkfit.gbs 
    atoms 12, 22, 29                                     entry O          line   258 file /home/alia/anaconda3/envs/mddemo/share/psi4/basis/jun-cc-pvdz-jkfit.gbs 

  ==> Integral Setup <==

  ==> DiskDFJK: Density-Fitted J/K Matrices <==

    J tasked:                  Yes
    K tasked:                  Yes
    wK tasked:                  No
    OpenMP threads:             32
    Integrals threads:          32
    Memory [MiB]:            57220
    Algorithm:                Core
    Integral Cache:           LOAD
    Schwarz Cutoff:          1E-12
    Fitting Condition:       1E-10

   => Auxiliary Basis Set <=

  Basis Set: (JUN-CC-PVDZ AUX)
    Blend: JUN-CC-PVDZ-JKFIT
    Number of shells: 486
    Number of basis functions: 1362
    Number of Cartesian functions: 1542
    Spherical Harmonics?: true
    Max angular momentum: 3

  Minimum eigenvalue in the overlap matrix is 5.3740075744E-05.
  Reciprocal condition number of the overlap matrix is 4.7191693484E-06.
    Using symmetric orthogonalization.

  ==> Pre-Iterations <==

  SCF Guess: Superposition of Atomic Densities via on-the-fly atomic UHF (no occupation information).

   -------------------------
    Irrep   Nso     Nmo    
   -------------------------
     A        306     306 
   -------------------------
    Total     306     306
   -------------------------

  ==> Iterations <==

                           Total Energy        Delta E     RMS |[F,P]|

   @DF-RHF iter SAD:  -246.66494897649181   -2.46665e+02   0.00000e+00 
   @DF-RHF iter   1:  -247.10285333573614   -4.37904e-01   1.77414e-03 DIIS
   @DF-RHF iter   2:  -247.22960853011824   -1.26755e-01   1.16239e-03 DIIS
   @DF-RHF iter   3:  -247.27658631108193   -4.69778e-02   2.55096e-04 DIIS
   @DF-RHF iter   4:  -247.28051137027745   -3.92506e-03   9.11401e-05 DIIS
   @DF-RHF iter   5:  -247.28105166239641   -5.40292e-04   2.22234e-05 DIIS
   @DF-RHF iter   6:  -247.28111942343224   -6.77610e-05   9.91965e-06 DIIS
   @DF-RHF iter   7:  -247.28113114364720   -1.17202e-05   4.62510e-06 DIIS
   @DF-RHF iter   8:  -247.28113380198025   -2.65833e-06   1.48018e-06 DIIS
   @DF-RHF iter   9:  -247.28113409630444   -2.94324e-07   4.26641e-07 DIIS
   @DF-RHF iter  10:  -247.28113412179596   -2.54915e-08   1.80902e-07 DIIS
   @DF-RHF iter  11:  -247.28113413020361   -8.40765e-09   9.17373e-08 DIIS
   @DF-RHF iter  12:  -247.28113413318357   -2.97996e-09   4.77863e-08 DIIS
   @DF-RHF iter  13:  -247.28113413409238   -9.08813e-10   1.41696e-08 DIIS
   @DF-RHF iter  14:  -247.28113413414576   -5.33760e-11   3.55512e-09 DIIS
  Energy and wave function converged.


  ==> Post-Iterations <==

    Orbital Energies [Eh]
    ---------------------

    Doubly Occupied:                                                      

       1A    -20.754919     2A    -15.936298     3A    -11.527098  
       4A    -11.501579     5A    -11.425291     6A     -1.562353  
       7A     -1.509682     8A     -1.238363     9A     -1.098351  
      10A     -1.013876    11A     -0.960150    12A     -0.921923  
      13A     -0.883832    14A     -0.820179    15A     -0.802664  
      16A     -0.738920    17A     -0.717406    18A     -0.701745  
      19A     -0.677576    20A     -0.608667  

    Virtual:                                                              

      21A     -0.130398    22A     -0.076549    23A     -0.064825  
      24A     -0.059810    25A     -0.048295    26A     -0.040056  
      27A     -0.028547    28A     -0.020883    29A     -0.013850  
      30A     -0.010492    31A     -0.006618    32A     -0.002392  
      33A      0.008461    34A      0.011611    35A      0.019974  
      36A      0.028290    37A      0.032501    38A      0.034847  
      39A      0.043320    40A      0.046981    41A      0.050255  
      42A      0.053720    43A      0.056938    44A      0.060790  
      45A      0.076823    46A      0.081046    47A      0.089210  
      48A      0.092882    49A      0.097383    50A      0.101858  
      51A      0.103868    52A      0.117753    53A      0.122610  
      54A      0.128578    55A      0.141265    56A      0.147023  
      57A      0.152687    58A      0.153930    59A      0.160891  
      60A      0.165091    61A      0.166542    62A      0.171050  
      63A      0.175098    64A      0.184127    65A      0.189960  
      66A      0.202456    67A      0.212772    68A      0.216569  
      69A      0.225232    70A      0.229719    71A      0.236078  
      72A      0.242244    73A      0.250519    74A      0.257080  
      75A      0.263392    76A      0.275397    77A      0.283485  
      78A      0.292835    79A      0.302180    80A      0.312463  
      81A      0.315705    82A      0.328611    83A      0.332721  
      84A      0.349623    85A      0.367932    86A      0.371461  
      87A      0.382645    88A      0.397481    89A      0.399476  
      90A      0.409769    91A      0.438886    92A      0.458064  
      93A      0.481620    94A      0.491948    95A      0.513129  
      96A      0.519450    97A      0.540533    98A      0.561456  
      99A      0.564725   100A      0.569940   101A      0.574438  
     102A      0.579268   103A      0.586264   104A      0.593637  
     105A      0.604988   106A      0.610180   107A      0.612484  
     108A      0.648324   109A      0.654741   110A      0.668858  
     111A      0.676630   112A      0.685457   113A      0.702095  
     114A      0.703445   115A      0.712589   116A      0.725820  
     117A      0.740951   118A      0.747029   119A      0.760437  
     120A      0.768235   121A      0.788048   122A      0.789459  
     123A      0.803328   124A      0.812357   125A      0.840233  
     126A      0.853151   127A      0.857785   128A      0.865871  
     129A      0.884239   130A      0.889715   131A      0.920998  
     132A      0.922353   133A      0.930287   134A      0.935054  
     135A      0.960274   136A      0.979129   137A      0.998349  
     138A      1.019831   139A      1.039487   140A      1.085493  
     141A      1.122181   142A      1.135552   143A      1.204873  
     144A      1.212428   145A      1.232708   146A      1.255214  
     147A      1.333668   148A      1.350007   149A      1.364314  
     150A      1.380548   151A      1.401315   152A      1.425500  
     153A      1.473656   154A      1.503825   155A      1.506047  
     156A      1.529277   157A      1.531914   158A      1.564737  
     159A      1.582520   160A      1.607541   161A      1.609486  
     162A      1.640364   163A      1.642083   164A      1.681076  
     165A      1.695467   166A      1.700283   167A      1.710017  
     168A      1.724125   169A      1.732805   170A      1.739847  
     171A      1.745158   172A      1.750066   173A      1.759805  
     174A      1.770783   175A      1.783719   176A      1.788376  
     177A      1.813538   178A      1.833107   179A      1.837526  
     180A      1.850329   181A      1.859822   182A      1.877302  
     183A      1.887287   184A      1.890670   185A      1.896789  
     186A      1.918097   187A      1.943355   188A      1.948265  
     189A      1.953346   190A      1.968122   191A      1.984134  
     192A      1.993250   193A      2.000287   194A      2.011803  
     195A      2.015320   196A      2.027480   197A      2.033473  
     198A      2.044084   199A      2.057001   200A      2.065887  
     201A      2.084251   202A      2.125003   203A      2.133192  
     204A      2.142431   205A      2.159765   206A      2.163667  
     207A      2.168002   208A      2.187415   209A      2.200142  
     210A      2.227101   211A      2.231823   212A      2.236928  
     213A      2.248371   214A      2.278109   215A      2.281714  
     216A      2.308482   217A      2.348254   218A      2.365199  
     219A      2.382301   220A      2.383894   221A      2.400135  
     222A      2.409686   223A      2.427436   224A      2.454222  
     225A      2.466753   226A      2.483570   227A      2.513049  
     228A      2.515861   229A      2.523851   230A      2.537725  
     231A      2.567733   232A      2.575383   233A      2.585621  
     234A      2.620168   235A      2.623414   236A      2.641638  
     237A      2.672501   238A      2.689119   239A      2.732087  
     240A      2.739403   241A      2.753790   242A      2.756657  
     243A      2.761138   244A      2.806180   245A      2.806708  
     246A      2.863863   247A      2.886356   248A      2.895734  
     249A      2.908333   250A      2.908828   251A      2.921248  
     252A      2.986694   253A      2.998318   254A      3.021439  
     255A      3.071270   256A      3.095575   257A      3.135190  
     258A      3.160040   259A      3.256098   260A      3.260339  
     261A      3.295523   262A      3.422463   263A      3.466254  
     264A      3.497223   265A      3.532626   266A      3.540198  
     267A      3.609416   268A      3.652125   269A      3.712427  
     270A      3.754876   271A      3.928577   272A      4.016730  
     273A      4.031170   274A      4.186692   275A      4.193199  
     276A      4.317213   277A      4.408535   278A      4.443240  
     279A      4.502087   280A      4.599752   281A      4.615093  
     282A      4.659266   283A      4.687375   284A      4.769686  
     285A      4.836070   286A      4.952394   287A      4.988992  
     288A      4.993898   289A      5.091955   290A      5.185122  
     291A      5.272891   292A      5.492503   293A      5.553056  
     294A      5.655674   295A      5.758322   296A      5.822048  
     297A      5.965770   298A      6.677644   299A      6.724414  
     300A     18.169715   301A     18.326584   302A     18.427706  
     303A     18.567522   304A     25.333572   305A     33.447768  
     306A     33.465927  

    Final Occupation by Irrep:
              A 
    DOCC [    20 ]

  @DF-RHF Final Energy:  -247.28113413414576

   => Energetics <=

    Nuclear Repulsion Energy =            182.9182015273268860
    One-Electron Energy =                -689.5969215077450372
    Two-Electron Energy =                 259.3975858462723636
    Total Energy =                       -247.2811341341457592

Computation Completed


Properties will be evaluated at   0.000000,   0.000000,   0.000000 [a0]

Properties computed using the SCF density matrix

  Nuclear Dipole Moment: [e a0]
     X:    69.1925      Y:  -347.0699      Z:  -157.1291

  Electronic Dipole Moment: [e a0]
     X:   -66.9753      Y:   335.8523      Z:   153.9972

  Dipole Moment: [e a0]
     X:     2.2173      Y:   -11.2176      Z:    -3.1318     Total:    11.8558

  Dipole Moment: [D]
     X:     5.6357      Y:   -28.5123      Z:    -7.9603     Total:    30.1343


*** tstop() called on aliaconda at Sun Mar 20 04:44:18 2022
Module time:
	user time   =     184.70 seconds =       3.08 minutes
	system time =      15.88 seconds =       0.26 minutes
	total time  =          9 seconds =       0.15 minutes
Total time:
	user time   =   17070.59 seconds =     284.51 minutes
	system time =    2311.23 seconds =      38.52 minutes
	total time  =       1241 seconds =      20.68 minutes

  //>>>>>>>>>>>>>>>>>>>>>>>>>>>>>>>>>>>//
  //            Monomer B HF           //
  //<<<<<<<<<<<<<<<<<<<<<<<<<<<<<<<<<<<//


*** tstart() called on aliaconda
*** at Sun Mar 20 04:44:18 2022

   => Loading Basis Set <=

    Name: JUN-CC-PVDZ
    Role: ORBITAL
    Keyword: BASIS
    atoms 1, 14                                          entry N          line   198 file /home/alia/anaconda3/envs/mddemo/share/psi4/basis/jun-cc-pvdz.gbs 
    atoms 2-4, 6, 8-10, 13, 15-17, 19, 21, 23, 25-27, 30 entry H          line    36 file /home/alia/anaconda3/envs/mddemo/share/psi4/basis/jun-cc-pvdz.gbs 
    atoms 5, 7, 11, 18, 20, 24, 28                       entry C          line   164 file /home/alia/anaconda3/envs/mddemo/share/psi4/basis/jun-cc-pvdz.gbs 
    atoms 12, 22, 29                                     entry O          line   232 file /home/alia/anaconda3/envs/mddemo/share/psi4/basis/jun-cc-pvdz.gbs 


         ---------------------------------------------------------
                                   SCF
               by Justin Turney, Rob Parrish, Andy Simmonett
                          and Daniel G. A. Smith
                              RHF Reference
                       32 Threads,  76293 MiB Core
         ---------------------------------------------------------

  ==> Geometry <==

    Molecular point group: c1
    Full point group: C1

    Geometry (in Angstrom), charge = 1, multiplicity = 1:

       Center              X                  Y                   Z               Mass       
    ------------   -----------------  -----------------  -----------------  -----------------
      Gh(N)           0.564975333449    -5.968685645031    -1.611652071166    14.003074004430
      Gh(H)          -0.038024353746    -6.205685633587    -2.625652486968     1.007825032230
      Gh(H)          -0.274024414781    -6.184685725140    -0.776652033019     1.007825032230
      Gh(H)           1.278975320097    -6.616685646939    -1.519652063537     1.007825032230
      Gh(C)           1.043975425001    -4.588685530591    -1.687652284789    12.000000000000
      Gh(H)           0.590975356337    -4.130685824322    -0.792652303863     1.007825032230
      Gh(C)           2.570975375410    -4.474685686993    -1.447652036834    12.000000000000
      Gh(H)           3.143975448843    -5.045685786175    -2.137652094055     1.007825032230
      Gh(H)           2.740975451704    -4.716685789990    -0.389652425933     1.007825032230
      Gh(H)           2.956975531813    -3.408685702252    -1.515652353454     1.007825032230
      Gh(C)           0.582975459334    -3.722685831952    -2.873652155090    12.000000000000
      Gh(O)          -0.517024445299    -3.155685442853    -2.785652334381    15.994914619570
      Gh(H)           1.209097695586    -3.610046881604    -3.771028215576     1.007825032230
         N            0.492975306746     2.314314347339     0.409347360444    14.003074004430
         H            0.766975474593     1.143314820362     0.371348207306     1.007825032230
         H            0.371975493666     2.496314507556    -0.775652105499     1.007825032230
         H            1.287975383040     2.863314133716     0.707347696137     1.007825032230
         C           -0.712024616960     2.670314293933     1.082347696137    12.000000000000
         H           -1.395024704698     1.781314354969     1.055347268891     1.007825032230
         C           -0.529024529222     3.097314339710     2.552347963166    12.000000000000
         H           -1.547024655107     3.119314652515     3.095348184418     1.007825032230
         O            0.035975527998     4.414314728809     2.589347665619    15.994914619570
         H            0.944975447890     4.346313935352     2.224347894501     1.007825032230
         C            0.322975230452     2.023313981128     3.349347894501    12.000000000000
         H            1.336975407835     1.885314446521     2.992347543549     1.007825032230
         H           -0.080024647478     1.011314850879     3.319348161530     1.007825032230
         H            0.384975505110     2.255314332080     4.409347360444     1.007825032230
         C           -1.429024624590     3.729314309192     0.204347436738    12.000000000000
         O           -2.644024777177     3.809314232898     0.144347970795    15.994914619570
         H           -0.820542740587     4.431855660511    -0.384027654815     1.007825032230

  Running in c1 symmetry.

  Rotational constants: A =      0.03855  B =      0.00505  C =      0.00470 [cm^-1]
  Rotational constants: A =   1155.84419  B =    151.24544  C =    140.89647 [MHz]
  Nuclear repulsion =  328.505315810722209

  Charge       = 1
  Multiplicity = 1
  Electrons    = 56
  Nalpha       = 28
  Nbeta        = 28

  ==> Algorithm <==

  SCF Algorithm Type is DF.
  DIIS enabled.
  MOM disabled.
  Fractional occupation disabled.
  Guess Type is SAD.
  Energy threshold   = 1.00e-08
  Density threshold  = 1.00e-08
  Integral threshold = 1.00e-12

  ==> Primary Basis <==

  Basis Set: JUN-CC-PVDZ
    Blend: JUN-CC-PVDZ
    Number of shells: 150
    Number of basis functions: 306
    Number of Cartesian functions: 318
    Spherical Harmonics?: true
    Max angular momentum: 2

   => Loading Basis Set <=

    Name: (JUN-CC-PVDZ AUX)
    Role: JKFIT
    Keyword: DF_BASIS_SCF
    atoms 1, 14                                          entry N          line   202 file /home/alia/anaconda3/envs/mddemo/share/psi4/basis/jun-cc-pvdz-jkfit.gbs 
    atoms 2-4, 6, 8-10, 13, 15-17, 19, 21, 23, 25-27, 30 entry H          line    70 file /home/alia/anaconda3/envs/mddemo/share/psi4/basis/jun-cc-pvdz-jkfit.gbs 
    atoms 5, 7, 11, 18, 20, 24, 28                       entry C          line   146 file /home/alia/anaconda3/envs/mddemo/share/psi4/basis/jun-cc-pvdz-jkfit.gbs 
    atoms 12, 22, 29                                     entry O          line   258 file /home/alia/anaconda3/envs/mddemo/share/psi4/basis/jun-cc-pvdz-jkfit.gbs 

  ==> Integral Setup <==

  ==> DiskDFJK: Density-Fitted J/K Matrices <==

    J tasked:                  Yes
    K tasked:                  Yes
    wK tasked:                  No
    OpenMP threads:             32
    Integrals threads:          32
    Memory [MiB]:            57220
    Algorithm:                Core
    Integral Cache:           LOAD
    Schwarz Cutoff:          1E-12
    Fitting Condition:       1E-10

   => Auxiliary Basis Set <=

  Basis Set: (JUN-CC-PVDZ AUX)
    Blend: JUN-CC-PVDZ-JKFIT
    Number of shells: 486
    Number of basis functions: 1362
    Number of Cartesian functions: 1542
    Spherical Harmonics?: true
    Max angular momentum: 3

  Minimum eigenvalue in the overlap matrix is 5.3740075744E-05.
  Reciprocal condition number of the overlap matrix is 4.7191693484E-06.
    Using symmetric orthogonalization.

  ==> Pre-Iterations <==

  SCF Guess: Superposition of Atomic Densities via on-the-fly atomic UHF (no occupation information).

   -------------------------
    Irrep   Nso     Nmo    
   -------------------------
     A        306     306 
   -------------------------
    Total     306     306
   -------------------------

  ==> Iterations <==

                           Total Energy        Delta E     RMS |[F,P]|

   @DF-RHF iter SAD:  -360.46918040505722   -3.60469e+02   0.00000e+00 
   @DF-RHF iter   1:  -360.91121874409447   -4.42038e-01   2.19874e-03 DIIS
   @DF-RHF iter   2:  -361.10125780062668   -1.90039e-01   1.40395e-03 DIIS
   @DF-RHF iter   3:  -361.16970336698279   -6.84456e-02   3.03259e-04 DIIS
   @DF-RHF iter   4:  -361.17476103405852   -5.05767e-03   1.12309e-04 DIIS
   @DF-RHF iter   5:  -361.17548352770302   -7.22494e-04   2.71259e-05 DIIS
   @DF-RHF iter   6:  -361.17555145140022   -6.79237e-05   1.27406e-05 DIIS
   @DF-RHF iter   7:  -361.17556810165564   -1.66503e-05   5.38524e-06 DIIS
   @DF-RHF iter   8:  -361.17557189441334   -3.79276e-06   2.21133e-06 DIIS
   @DF-RHF iter   9:  -361.17557258483544   -6.90422e-07   7.11932e-07 DIIS
   @DF-RHF iter  10:  -361.17557267168689   -8.68515e-08   2.91851e-07 DIIS
   @DF-RHF iter  11:  -361.17557269116702   -1.94801e-08   1.44170e-07 DIIS
   @DF-RHF iter  12:  -361.17557269711199   -5.94497e-09   7.50653e-08 DIIS
   @DF-RHF iter  13:  -361.17557269895815   -1.84616e-09   3.10366e-08 DIIS
   @DF-RHF iter  14:  -361.17557269922759   -2.69438e-10   8.47001e-09 DIIS
  Energy and wave function converged.


  ==> Post-Iterations <==

    Orbital Energies [Eh]
    ---------------------

    Doubly Occupied:                                                      

       1A    -20.749901     2A    -20.747149     3A    -15.948298  
       4A    -11.523160     5A    -11.500607     6A    -11.492904  
       7A    -11.398735     8A     -1.569388     9A     -1.547586  
      10A     -1.517448    11A     -1.231050    12A     -1.154594  
      13A     -1.034818    14A     -1.012032    15A     -0.977193  
      16A     -0.910199    17A     -0.897426    18A     -0.844163  
      19A     -0.812568    20A     -0.804346    21A     -0.775688  
      22A     -0.758186    23A     -0.711521    24A     -0.696932  
      25A     -0.677364    26A     -0.658513    27A     -0.631460  
      28A     -0.595970  

    Virtual:                                                              

      29A     -0.136077    30A     -0.091179    31A     -0.079901  
      32A     -0.057923    33A     -0.047186    34A     -0.040210  
      35A     -0.031788    36A     -0.026167    37A     -0.021760  
      38A     -0.014962    39A     -0.012125    40A     -0.007539  
      41A     -0.001924    42A      0.003216    43A      0.009038  
      44A      0.016668    45A      0.024913    46A      0.027167  
      47A      0.033832    48A      0.037330    49A      0.044079  
      50A      0.045857    51A      0.047132    52A      0.050757  
      53A      0.055098    54A      0.062372    55A      0.072561  
      56A      0.081280    57A      0.091394    58A      0.095231  
      59A      0.095970    60A      0.105171    61A      0.107664  
      62A      0.115454    63A      0.120896    64A      0.133004  
      65A      0.137463    66A      0.142563    67A      0.145318  
      68A      0.148313    69A      0.156522    70A      0.159623  
      71A      0.161028    72A      0.165420    73A      0.175590  
      74A      0.186534    75A      0.192250    76A      0.195859  
      77A      0.203458    78A      0.203875    79A      0.211020  
      80A      0.219099    81A      0.225022    82A      0.232749  
      83A      0.241294    84A      0.255358    85A      0.272108  
      86A      0.272482    87A      0.276288    88A      0.279205  
      89A      0.286525    90A      0.308084    91A      0.317205  
      92A      0.325819    93A      0.328604    94A      0.344953  
      95A      0.349295    96A      0.353427    97A      0.358687  
      98A      0.364126    99A      0.386391   100A      0.393273  
     101A      0.413437   102A      0.433279   103A      0.459687  
     104A      0.478779   105A      0.492818   106A      0.521239  
     107A      0.523043   108A      0.526182   109A      0.546294  
     110A      0.561621   111A      0.567613   112A      0.592930  
     113A      0.600841   114A      0.612602   115A      0.623329  
     116A      0.626214   117A      0.643604   118A      0.649749  
     119A      0.663913   120A      0.684145   121A      0.695900  
     122A      0.698617   123A      0.719220   124A      0.731822  
     125A      0.738889   126A      0.752920   127A      0.758795  
     128A      0.765869   129A      0.777534   130A      0.790702  
     131A      0.793655   132A      0.801449   133A      0.812986  
     134A      0.827975   135A      0.832424   136A      0.864603  
     137A      0.867786   138A      0.879674   139A      0.882104  
     140A      0.897071   141A      0.917563   142A      0.920046  
     143A      0.935429   144A      0.963011   145A      0.980740  
     146A      0.999456   147A      1.034147   148A      1.103410  
     149A      1.126227   150A      1.149329   151A      1.188399  
     152A      1.226808   153A      1.232260   154A      1.254353  
     155A      1.292659   156A      1.302510   157A      1.331550  
     158A      1.350886   159A      1.360529   160A      1.369201  
     161A      1.377552   162A      1.419072   163A      1.426711  
     164A      1.451281   165A      1.469979   166A      1.474690  
     167A      1.494119   168A      1.530334   169A      1.543026  
     170A      1.546239   171A      1.553161   172A      1.575977  
     173A      1.593388   174A      1.608939   175A      1.635459  
     176A      1.660437   177A      1.670183   178A      1.674282  
     179A      1.680122   180A      1.693381   181A      1.711682  
     182A      1.712704   183A      1.721656   184A      1.746767  
     185A      1.752443   186A      1.755549   187A      1.770398  
     188A      1.794761   189A      1.798527   190A      1.805223  
     191A      1.807185   192A      1.836145   193A      1.847869  
     194A      1.857200   195A      1.867682   196A      1.877730  
     197A      1.887952   198A      1.894481   199A      1.903481  
     200A      1.905542   201A      1.920550   202A      1.936882  
     203A      1.946024   204A      1.958765   205A      1.966117  
     206A      1.975223   207A      1.984138   208A      1.996576  
     209A      2.021531   210A      2.033632   211A      2.035995  
     212A      2.037511   213A      2.082266   214A      2.088923  
     215A      2.108368   216A      2.116433   217A      2.141363  
     218A      2.142769   219A      2.155035   220A      2.171780  
     221A      2.177689   222A      2.187071   223A      2.200943  
     224A      2.207601   225A      2.231376   226A      2.248137  
     227A      2.264733   228A      2.288463   229A      2.294255  
     230A      2.318271   231A      2.347726   232A      2.353356  
     233A      2.377836   234A      2.385310   235A      2.390837  
     236A      2.425733   237A      2.443372   238A      2.446605  
     239A      2.463299   240A      2.497140   241A      2.502067  
     242A      2.553826   243A      2.569020   244A      2.575957  
     245A      2.622996   246A      2.627559   247A      2.646175  
     248A      2.664062   249A      2.689236   250A      2.703389  
     251A      2.705833   252A      2.717036   253A      2.740122  
     254A      2.764296   255A      2.766186   256A      2.781514  
     257A      2.850905   258A      2.867349   259A      2.889802  
     260A      2.897012   261A      2.928656   262A      2.953166  
     263A      3.014712   264A      3.033310   265A      3.082746  
     266A      3.104213   267A      3.129939   268A      3.146814  
     269A      3.193769   270A      3.223194   271A      3.291914  
     272A      3.295474   273A      3.301157   274A      3.410605  
     275A      3.449734   276A      3.508140   277A      3.561824  
     278A      3.583093   279A      3.650908   280A      3.746496  
     281A      3.817126   282A      3.923934   283A      3.932710  
     284A      3.935378   285A      4.132263   286A      4.151420  
     287A      4.287793   288A      4.368257   289A      4.584713  
     290A      4.635659   291A      4.724152   292A      4.777757  
     293A      4.831589   294A      4.926587   295A      5.067219  
     296A      5.174387   297A      5.421040   298A      5.503671  
     299A      5.697392   300A      6.084124   301A      6.558924  
     302A     18.175391   303A     18.344531   304A     18.533124  
     305A     25.321375   306A     33.402482  

    Final Occupation by Irrep:
              A 
    DOCC [    28 ]

  @DF-RHF Final Energy:  -361.17557269922759

   => Energetics <=

    Nuclear Repulsion Energy =            328.5053158107222089
    One-Electron Energy =               -1133.0033716473235472
    Two-Electron Energy =                 443.3224831373737516
    Total Energy =                       -361.1755726992275868

Computation Completed


Properties will be evaluated at   0.000000,   0.000000,   0.000000 [a0]

Properties computed using the SCF density matrix

  Nuclear Dipole Moment: [e a0]
     X:   -57.1546      Y:   333.4317      Z:   160.4008

  Electronic Dipole Moment: [e a0]
     X:    59.0054      Y:  -329.7779      Z:  -159.2168

  Dipole Moment: [e a0]
     X:     1.8508      Y:     3.6538      Z:     1.1840     Total:     4.2635

  Dipole Moment: [D]
     X:     4.7043      Y:     9.2871      Z:     3.0093     Total:    10.8369


*** tstop() called on aliaconda at Sun Mar 20 04:44:27 2022
Module time:
	user time   =     197.39 seconds =       3.29 minutes
	system time =      18.38 seconds =       0.31 minutes
	total time  =          9 seconds =       0.15 minutes
Total time:
	user time   =   17268.13 seconds =     287.80 minutes
	system time =    2329.64 seconds =      38.83 minutes
	total time  =       1250 seconds =      20.83 minutes
  Constructing Basis Sets for SAPT...

   => Loading Basis Set <=

    Name: (JUN-CC-PVDZ AUX)
    Role: RIFIT
    Keyword: DF_BASIS_SAPT
    atoms 1, 14                                          entry N          line   144 file /home/alia/anaconda3/envs/mddemo/share/psi4/basis/jun-cc-pvdz-ri.gbs 
    atoms 2-4, 6, 8-10, 13, 15-17, 19, 21, 23, 25-27, 30 entry H          line    30 file /home/alia/anaconda3/envs/mddemo/share/psi4/basis/jun-cc-pvdz-ri.gbs 
    atoms 5, 7, 11, 18, 20, 24, 28                       entry C          line   100 file /home/alia/anaconda3/envs/mddemo/share/psi4/basis/jun-cc-pvdz-ri.gbs 
    atoms 12, 22, 29                                     entry O          line   188 file /home/alia/anaconda3/envs/mddemo/share/psi4/basis/jun-cc-pvdz-ri.gbs 


  //>>>>>>>>>>>>>>>>>>>>>>>>>>>>>>>>>>>//
  //               SAPT0               //
  //<<<<<<<<<<<<<<<<<<<<<<<<<<<<<<<<<<<//


*** tstart() called on aliaconda
*** at Sun Mar 20 04:44:28 2022

        SAPT0  
    Ed Hohenstein
     6 June 2009

      Orbital Information
  --------------------------
    NSO        =       306
    NMO        =       306
    NRI        =      1032
    NOCC A     =        20
    NOCC B     =        28
    FOCC A     =         0
    FOCC B     =         0
    NVIR A     =       286
    NVIR B     =       278

    Elst10,r            =     0.063647815836 [Eh]
    Exch10              =    -0.000000056272 [Eh]
    Exch10 (S^2)        =    -0.000000056272 [Eh]

    Iter     Energy [mEh]          dE [mEh]         Residual      Time [s]
       1      -0.54855942       0.548559417       5.833936993             0
       2      -0.54387388      -0.004685535       2.170550751             1
       3      -0.57847920       0.034605313       0.999601363             1
       4      -0.59407017       0.015590975       0.250854686             2
       5      -0.59175690      -0.002313271       0.152459239             2
       6      -0.59064124      -0.001115654       0.043857986             3
       7      -0.59100999       0.000368745       0.014417455             4
       8      -0.59106451       0.000054525       0.006531541             4
       9      -0.59102825      -0.000036270       0.004090930             5
      10      -0.59102300      -0.000005244       0.001515301             5
      11      -0.59103073       0.000007725       0.000425600             6
      12      -0.59103083       0.000000102       0.000111409             6
      13      -0.59103032      -0.000000505       0.000027077             7
      14      -0.59103034       0.000000013       0.000007519             8
      15      -0.59103036       0.000000027       0.000002432             8
      16      -0.59103036      -0.000000004       0.000001174             9
      17      -0.59103036      -0.000000003       0.000000296             9

    CHF Iterations converged


    Iter     Energy [mEh]          dE [mEh]         Residual      Time [s]
       1      -0.24695558       0.246955579       3.756268406             1
       2      -0.25430644       0.007350862       1.569980297             1
       3      -0.27392900       0.019622561       0.550303634             2
       4      -0.27795698       0.004027975       0.144252572             3
       5      -0.27753061      -0.000426365       0.082036339             3
       6      -0.27701283      -0.000517782       0.025707128             4
       7      -0.27706167       0.000048836       0.011452120             4
       8      -0.27712301       0.000061348       0.003021936             5
       9      -0.27711789      -0.000005125       0.001060687             5
      10      -0.27711373      -0.000004161       0.000349524             6
      11      -0.27711436       0.000000633       0.000162924             7
      12      -0.27711484       0.000000479       0.000087542             7
      13      -0.27711461      -0.000000227       0.000037556             8
      14      -0.27711454      -0.000000071       0.000011161             8
      15      -0.27711456       0.000000021       0.000003514             9
      16      -0.27711457       0.000000007       0.000000859             9

    CHF Iterations converged

    Ind20,r (A<-B)      =    -0.000591030357 [Eh]
    Ind20,r (B<-A)      =    -0.000277114570 [Eh]
    Ind20,r             =    -0.000868144927 [Eh]
    Exch-Ind20,r (A<-B) =     0.000000013773 [Eh]
    Exch-Ind20,r (B<-A) =     0.000000006724 [Eh]
    Exch-Ind20,r        =     0.000000020497 [Eh]
    Disp20              =    -0.000109048898 [Eh]
    Disp20 (SS)         =    -0.000054524449 [Eh]
    Disp20 (OS)         =    -0.000054524449 [Eh]
    Exch-Disp20         =     0.000000010429 [Eh]
    Exch-Disp20 (SS)    =     0.000000007702 [Eh]
    Exch-Disp20 (OS)    =     0.000000002726 [Eh]

    SAPT Results 
  --------------------------------------------------------------------------------------------------------
    Electrostatics                 63.64781584 [mEh]      39.93960742 [kcal/mol]     167.10731746 [kJ/mol]
      Elst10,r                     63.64781584 [mEh]      39.93960742 [kcal/mol]     167.10731746 [kJ/mol]

    Exchange                       -0.00005627 [mEh]      -0.00003531 [kcal/mol]      -0.00014774 [kJ/mol]
      Exch10                       -0.00005627 [mEh]      -0.00003531 [kcal/mol]      -0.00014774 [kJ/mol]
      Exch10(S^2)                  -0.00005627 [mEh]      -0.00003531 [kcal/mol]      -0.00014774 [kJ/mol]

    Induction                      -0.85304098 [mEh]      -0.53529130 [kcal/mol]      -2.23965879 [kJ/mol]
      Ind20,r                      -0.86814493 [mEh]      -0.54476917 [kcal/mol]      -2.27931419 [kJ/mol]
      Exch-Ind20,r                  0.00002050 [mEh]       0.00001286 [kcal/mol]       0.00005381 [kJ/mol]
      delta HF,r (2)                0.01508345 [mEh]       0.00946501 [kcal/mol]       0.03960159 [kJ/mol]

    Dispersion                     -0.10903847 [mEh]      -0.06842267 [kcal/mol]      -0.28628046 [kJ/mol]
      Disp20                       -0.10904890 [mEh]      -0.06842922 [kcal/mol]      -0.28630784 [kJ/mol]
      Exch-Disp20                   0.00001043 [mEh]       0.00000654 [kcal/mol]       0.00002738 [kJ/mol]
      Disp20 (SS)                  -0.05452445 [mEh]      -0.03421461 [kcal/mol]      -0.14315392 [kJ/mol]
      Disp20 (OS)                  -0.05452445 [mEh]      -0.03421461 [kcal/mol]      -0.14315392 [kJ/mol]
      Exch-Disp20 (SS)              0.00000770 [mEh]       0.00000483 [kcal/mol]       0.00002022 [kJ/mol]
      Exch-Disp20 (OS)              0.00000273 [mEh]       0.00000171 [kcal/mol]       0.00000716 [kJ/mol]

  Total HF                         62.79471858 [mEh]      39.40428081 [kcal/mol]     164.86751092 [kJ/mol]
  Total SAPT0                      62.68568011 [mEh]      39.33585814 [kcal/mol]     164.58123046 [kJ/mol]

  Special recipe for scaled SAPT0 (see Manual):
    Electrostatics sSAPT0          63.64781584 [mEh]      39.93960742 [kcal/mol]     167.10731746 [kJ/mol]
    Exchange sSAPT0                -0.00005627 [mEh]      -0.00003531 [kcal/mol]      -0.00014774 [kJ/mol]
    Induction sSAPT0               -0.85304098 [mEh]      -0.53529130 [kcal/mol]      -2.23965879 [kJ/mol]
    Dispersion sSAPT0              -0.10903847 [mEh]      -0.06842267 [kcal/mol]      -0.28628046 [kJ/mol]
  Total sSAPT0                     62.68568011 [mEh]      39.33585814 [kcal/mol]     164.58123046 [kJ/mol]
  --------------------------------------------------------------------------------------------------------

*** tstop() called on aliaconda at Sun Mar 20 04:45:16 2022
Module time:
	user time   =     682.85 seconds =      11.38 minutes
	system time =     117.58 seconds =       1.96 minutes
	total time  =         48 seconds =       0.80 minutes
Total time:
	user time   =   17953.58 seconds =     299.23 minutes
	system time =    2447.68 seconds =      40.79 minutes
	total time  =       1299 seconds =      21.65 minutes


Warning! sapt0 does not have an associated derived wavefunction.The returned wavefunction is the dimer SCF wavefunction.


  Memory set to  74.506 GiB by Python driver.
  Threads set to 32 by Python driver.
