
Scratch directory: /tmp/

Scratch directory: /tmp/

  //>>>>>>>>>>>>>>>>>>>>>>>>>>>>>>>>>>>//
  //              Dimer HF             //
  //<<<<<<<<<<<<<<<<<<<<<<<<<<<<<<<<<<<//


*** tstart() called on aliaconda
*** at Sun Mar 20 06:15:45 2022

   => Loading Basis Set <=

    Name: JUN-CC-PVDZ
    Role: ORBITAL
    Keyword: BASIS
    atoms 1, 14                                          entry N          line   198 file /home/alia/anaconda3/envs/mddemo/share/psi4/basis/jun-cc-pvdz.gbs 
    atoms 2-4, 6, 8-10, 13, 15-17, 19, 21, 23, 25-27, 30 entry H          line    36 file /home/alia/anaconda3/envs/mddemo/share/psi4/basis/jun-cc-pvdz.gbs 
    atoms 5, 7, 11, 18, 20, 24, 28                       entry C          line   164 file /home/alia/anaconda3/envs/mddemo/share/psi4/basis/jun-cc-pvdz.gbs 
    atoms 12, 22, 29                                     entry O          line   232 file /home/alia/anaconda3/envs/mddemo/share/psi4/basis/jun-cc-pvdz.gbs 


         ---------------------------------------------------------
                                   SCF
               by Justin Turney, Rob Parrish, Andy Simmonett
                          and Daniel G. A. Smith
                              RHF Reference
                       32 Threads,  76293 MiB Core
         ---------------------------------------------------------

  ==> Geometry <==

    Molecular point group: c1
    Full point group: C1

    Geometry (in Angstrom), charge = 2, multiplicity = 1:

       Center              X                  Y                   Z               Mass       
    ------------   -----------------  -----------------  -----------------  -----------------
         N            0.191963474582    -6.011738019550    -1.004063065295    14.003074004430
         H           -0.381036479642    -6.149738030994     0.044936721082     1.007825032230
         H           -0.738036353757    -6.093738275135    -1.762063200717     1.007825032230
         H            0.784963886569    -6.803738313282    -1.156063015704     1.007825032230
         C            0.877963821719    -4.766738133991    -1.195063050036    12.000000000000
         H            0.341963569949    -4.024738030994    -0.591063435321     1.007825032230
         C            2.234963695834    -4.824738221729    -0.460063393359    12.000000000000
         H            2.978963653872    -5.461738305652    -0.957063133960     1.007825032230
         H            2.113963644336    -5.238738256061     0.605936591382     1.007825032230
         H            2.664963762591    -3.790738301837    -0.300063069110     1.007825032230
         C            0.995963613818    -4.156738000476    -2.560063297992    12.000000000000
         O            0.109963695834    -4.149738030994    -3.422063167338    15.994914619570
         H            1.951279203723    -3.675039964282    -2.815678532367     1.007825032230
         N            0.410963814090     2.432261747754     0.210936610456    14.003074004430
         H            0.297963898013     2.563262266552    -0.982063229327     1.007825032230
         H            0.442963878940     1.230262083447     0.237936560864     1.007825032230
         H            1.298963587115     2.843261999524     0.443936888928     1.007825032230
         C           -0.730036456754     3.146261495984     0.769936625714    12.000000000000
         H           -1.690036494901     2.599261564648     0.664936606641     1.007825032230
         C           -0.640036304166     3.361261648572     2.241936747785    12.000000000000
         H           -1.687036235501     3.665261549389     2.537936751599     1.007825032230
         O            0.310963909457     4.295261663830     2.658936564679    15.994914619570
         H            1.090963642428     3.876261991894     2.228936736341     1.007825032230
         C           -0.430036266019     1.957261366284     3.008936469312    12.000000000000
         H            0.590963642428     1.734261793530     2.775936667676     1.007825032230
         H           -1.069036204984     1.127261442578     2.693936888928     1.007825032230
         H           -0.537036140134     2.116261763012     4.145936553235     1.007825032230
         C           -1.174036224057     4.426262182629     0.020936553235    12.000000000000
         O           -2.304036338498     4.528261465466    -0.397063191180    15.994914619570
         H           -0.457904060056     5.247135443127    -0.131775791888     1.007825032230

  Running in c1 symmetry.

  Rotational constants: A =      0.03629  B =      0.00466  C =      0.00434 [cm^-1]
  Rotational constants: A =   1087.87108  B =    139.62198  C =    130.10591 [MHz]
  Nuclear repulsion =  650.886002104563659

  Charge       = 2
  Multiplicity = 1
  Electrons    = 96
  Nalpha       = 48
  Nbeta        = 48

  ==> Algorithm <==

  SCF Algorithm Type is DF.
  DIIS enabled.
  MOM disabled.
  Fractional occupation disabled.
  Guess Type is SAD.
  Energy threshold   = 1.00e-08
  Density threshold  = 1.00e-08
  Integral threshold = 1.00e-12

  ==> Primary Basis <==

  Basis Set: JUN-CC-PVDZ
    Blend: JUN-CC-PVDZ
    Number of shells: 150
    Number of basis functions: 306
    Number of Cartesian functions: 318
    Spherical Harmonics?: true
    Max angular momentum: 2

   => Loading Basis Set <=

    Name: (JUN-CC-PVDZ AUX)
    Role: JKFIT
    Keyword: DF_BASIS_SCF
    atoms 1, 14                                          entry N          line   202 file /home/alia/anaconda3/envs/mddemo/share/psi4/basis/jun-cc-pvdz-jkfit.gbs 
    atoms 2-4, 6, 8-10, 13, 15-17, 19, 21, 23, 25-27, 30 entry H          line    70 file /home/alia/anaconda3/envs/mddemo/share/psi4/basis/jun-cc-pvdz-jkfit.gbs 
    atoms 5, 7, 11, 18, 20, 24, 28                       entry C          line   146 file /home/alia/anaconda3/envs/mddemo/share/psi4/basis/jun-cc-pvdz-jkfit.gbs 
    atoms 12, 22, 29                                     entry O          line   258 file /home/alia/anaconda3/envs/mddemo/share/psi4/basis/jun-cc-pvdz-jkfit.gbs 

  ==> Integral Setup <==

  ==> DiskDFJK: Density-Fitted J/K Matrices <==

    J tasked:                  Yes
    K tasked:                  Yes
    wK tasked:                  No
    OpenMP threads:             32
    Integrals threads:          32
    Memory [MiB]:            57220
    Algorithm:                Core
    Integral Cache:           SAVE
    Schwarz Cutoff:          1E-12
    Fitting Condition:       1E-10

   => Auxiliary Basis Set <=

  Basis Set: (JUN-CC-PVDZ AUX)
    Blend: JUN-CC-PVDZ-JKFIT
    Number of shells: 486
    Number of basis functions: 1362
    Number of Cartesian functions: 1542
    Spherical Harmonics?: true
    Max angular momentum: 3

  Minimum eigenvalue in the overlap matrix is 6.0295602667E-05.
  Reciprocal condition number of the overlap matrix is 5.2390000673E-06.
    Using symmetric orthogonalization.

  ==> Pre-Iterations <==

  SCF Guess: Superposition of Atomic Densities via on-the-fly atomic UHF (no occupation information).

   -------------------------
    Irrep   Nso     Nmo    
   -------------------------
     A        306     306 
   -------------------------
    Total     306     306
   -------------------------

  ==> Iterations <==

                           Total Energy        Delta E     RMS |[F,P]|

   @DF-RHF iter SAD:  -607.34079293363789   -6.07341e+02   0.00000e+00 
   @DF-RHF iter   1:  -607.94840320196226   -6.07610e-01   2.78863e-03 DIIS
   @DF-RHF iter   2:  -608.26824714023462   -3.19844e-01   1.74578e-03 DIIS
   @DF-RHF iter   3:  -608.37413419023574   -1.05887e-01   3.91116e-04 DIIS
   @DF-RHF iter   4:  -608.38289683161872   -8.76264e-03   1.45175e-04 DIIS
   @DF-RHF iter   5:  -608.38414844482054   -1.25161e-03   3.41499e-05 DIIS
   @DF-RHF iter   6:  -608.38427881087216   -1.30366e-04   1.73122e-05 DIIS
   @DF-RHF iter   7:  -608.38430912407296   -3.03132e-05   7.66207e-06 DIIS
   @DF-RHF iter   8:  -608.38431655776844   -7.43370e-06   3.07832e-06 DIIS
   @DF-RHF iter   9:  -608.38431766520262   -1.10743e-06   1.06075e-06 DIIS
   @DF-RHF iter  10:  -608.38431779601979   -1.30817e-07   4.42095e-07 DIIS
   @DF-RHF iter  11:  -608.38431782145165   -2.54319e-08   1.95385e-07 DIIS
   @DF-RHF iter  12:  -608.38431783049816   -9.04652e-09   1.06418e-07 DIIS
   @DF-RHF iter  13:  -608.38431783379315   -3.29499e-09   5.28826e-08 DIIS
   @DF-RHF iter  14:  -608.38431783475596   -9.62814e-10   1.79823e-08 DIIS
   @DF-RHF iter  15:  -608.38431783483554   -7.95808e-11   5.31719e-09 DIIS
  Energy and wave function converged.


  ==> Post-Iterations <==

    Orbital Energies [Eh]
    ---------------------

    Doubly Occupied:                                                      

       1A    -20.825716     2A    -20.809491     3A    -20.806966  
       4A    -16.014904     5A    -16.002291     6A    -11.600221  
       7A    -11.577595     8A    -11.576975     9A    -11.555823  
      10A    -11.533836    11A    -11.506095    12A    -11.461550  
      13A     -1.638051    14A     -1.635710    15A     -1.619735  
      16A     -1.578537    17A     -1.574751    18A     -1.318951  
      19A     -1.304374    20A     -1.200810    21A     -1.167550  
      22A     -1.090940    23A     -1.078839    24A     -1.070793  
      25A     -1.035475    26A     -1.027449    27A     -0.984842  
      28A     -0.977825    29A     -0.969899    30A     -0.953535  
      31A     -0.903993    32A     -0.897476    33A     -0.879965  
      34A     -0.873154    35A     -0.868895    36A     -0.833041  
      37A     -0.801045    38A     -0.800701    39A     -0.792194  
      40A     -0.784486    41A     -0.771292    42A     -0.757771  
      43A     -0.744108    44A     -0.742139    45A     -0.716082  
      46A     -0.684739    47A     -0.682843    48A     -0.643505  

    Virtual:                                                              

      49A     -0.212079    50A     -0.193387    51A     -0.161291  
      52A     -0.144168    53A     -0.138561    54A     -0.133226  
      55A     -0.127811    56A     -0.122251    57A     -0.112283  
      58A     -0.109434    59A     -0.099670    60A     -0.095223  
      61A     -0.092058    62A     -0.084563    63A     -0.079467  
      64A     -0.074572    65A     -0.072307    66A     -0.068238  
      67A     -0.066384    68A     -0.059097    69A     -0.053118  
      70A     -0.051238    71A     -0.042084    72A     -0.035702  
      73A     -0.033443    74A     -0.029415    75A     -0.026544  
      76A     -0.024133    77A     -0.021687    78A     -0.014943  
      79A     -0.010037    80A     -0.008676    81A     -0.001854  
      82A      0.008452    83A      0.020202    84A      0.031174  
      85A      0.033674    86A      0.036972    87A      0.042629  
      88A      0.053728    89A      0.057696    90A      0.061928  
      91A      0.067964    92A      0.081757    93A      0.085658  
      94A      0.090184    95A      0.091238    96A      0.098217  
      97A      0.104224    98A      0.111458    99A      0.117775  
     100A      0.121922   101A      0.132161   102A      0.139638  
     103A      0.141341   104A      0.145005   105A      0.148984  
     106A      0.156654   107A      0.158327   108A      0.162446  
     109A      0.168081   110A      0.180670   111A      0.195844  
     112A      0.203941   113A      0.206783   114A      0.209909  
     115A      0.215020   116A      0.219719   117A      0.236394  
     118A      0.251146   119A      0.262528   120A      0.272203  
     121A      0.274034   122A      0.294509   123A      0.301737  
     124A      0.319805   125A      0.338217   126A      0.399266  
     127A      0.449357   128A      0.473745   129A      0.479780  
     130A      0.500383   131A      0.508872   132A      0.516751  
     133A      0.526551   134A      0.548693   135A      0.555481  
     136A      0.558974   137A      0.568595   138A      0.573840  
     139A      0.577309   140A      0.585782   141A      0.603457  
     142A      0.611312   143A      0.618781   144A      0.638083  
     145A      0.644179   146A      0.650203   147A      0.650710  
     148A      0.662269   149A      0.670964   150A      0.675593  
     151A      0.690277   152A      0.706214   153A      0.711825  
     154A      0.722231   155A      0.727002   156A      0.733734  
     157A      0.742503   158A      0.745359   159A      0.762867  
     160A      0.770550   161A      0.779256   162A      0.792786  
     163A      0.812471   164A      0.821969   165A      0.827352  
     166A      0.830391   167A      0.834954   168A      0.854218  
     169A      0.857105   170A      0.857517   171A      0.875334  
     172A      0.912795   173A      0.936143   174A      0.952248  
     175A      0.967637   176A      0.999618   177A      1.043782  
     178A      1.064390   179A      1.091743   180A      1.125197  
     181A      1.131777   182A      1.144758   183A      1.151555  
     184A      1.166448   185A      1.200955   186A      1.229629  
     187A      1.238390   188A      1.247698   189A      1.249538  
     190A      1.267868   191A      1.275662   192A      1.284691  
     193A      1.288798   194A      1.297163   195A      1.300612  
     196A      1.324496   197A      1.330209   198A      1.333932  
     199A      1.338889   200A      1.358564   201A      1.367060  
     202A      1.412884   203A      1.428521   204A      1.442586  
     205A      1.448454   206A      1.456317   207A      1.486866  
     208A      1.495023   209A      1.510996   210A      1.516024  
     211A      1.521423   212A      1.556267   213A      1.580469  
     214A      1.590674   215A      1.612696   216A      1.629515  
     217A      1.638988   218A      1.651375   219A      1.668463  
     220A      1.669337   221A      1.672231   222A      1.673416  
     223A      1.689978   224A      1.703033   225A      1.709056  
     226A      1.729306   227A      1.734531   228A      1.741914  
     229A      1.744281   230A      1.766358   231A      1.770557  
     232A      1.789516   233A      1.792066   234A      1.801159  
     235A      1.813075   236A      1.828178   237A      1.834493  
     238A      1.844554   239A      1.863086   240A      1.885880  
     241A      1.890258   242A      1.902604   243A      1.920134  
     244A      1.924777   245A      1.965963   246A      1.975568  
     247A      1.988334   248A      1.998978   249A      2.022085  
     250A      2.026239   251A      2.039774   252A      2.080233  
     253A      2.089429   254A      2.117381   255A      2.130929  
     256A      2.140865   257A      2.159351   258A      2.178671  
     259A      2.197598   260A      2.201724   261A      2.214889  
     262A      2.235659   263A      2.288008   264A      2.292863  
     265A      2.332513   266A      2.335644   267A      2.375644  
     268A      2.398854   269A      2.409306   270A      2.430064  
     271A      2.431720   272A      2.462233   273A      2.468895  
     274A      2.471861   275A      2.492999   276A      2.514976  
     277A      2.543802   278A      2.572814   279A      2.575802  
     280A      2.606976   281A      2.618548   282A      2.629070  
     283A      2.634287   284A      2.666893   285A      2.723080  
     286A      2.738542   287A      2.746762   288A      2.787073  
     289A      2.847632   290A      2.885774   291A      2.912970  
     292A      2.936182   293A      2.955654   294A      3.042748  
     295A      3.070671   296A      3.087035   297A      3.193503  
     298A      3.199485   299A      3.236796   300A      3.316520  
     301A      3.458839   302A      3.473849   303A      3.511219  
     304A      3.707651   305A      3.765685   306A      3.883833  

    Final Occupation by Irrep:
              A 
    DOCC [    48 ]

  @DF-RHF Final Energy:  -608.38431783483554

   => Energetics <=

    Nuclear Repulsion Energy =            650.8860021045636586
    One-Electron Energy =               -2095.1867188311634891
    Two-Electron Energy =                 835.9163988917642882
    Total Energy =                       -608.3843178348355423

Computation Completed


Properties will be evaluated at   0.000000,   0.000000,   0.000000 [a0]

Properties computed using the SCF density matrix

  Nuclear Dipole Moment: [e a0]
     X:     7.4869      Y:   -13.3127      Z:     7.2007

  Electronic Dipole Moment: [e a0]
     X:    -4.9466      Y:     6.3884      Z:    -7.4914

  Dipole Moment: [e a0]
     X:     2.5403      Y:    -6.9243      Z:    -0.2907     Total:     7.3813

  Dipole Moment: [D]
     X:     6.4569      Y:   -17.5999      Z:    -0.7389     Total:    18.7615


*** tstop() called on aliaconda at Sun Mar 20 06:16:00 2022
Module time:
	user time   =     327.67 seconds =       5.46 minutes
	system time =      38.97 seconds =       0.65 minutes
	total time  =         15 seconds =       0.25 minutes
Total time:
	user time   =  110183.57 seconds =    1836.39 minutes
	system time =   15423.54 seconds =     257.06 minutes
	total time  =       6743 seconds =     112.38 minutes

  //>>>>>>>>>>>>>>>>>>>>>>>>>>>>>>>>>>>//
  //            Monomer A HF           //
  //<<<<<<<<<<<<<<<<<<<<<<<<<<<<<<<<<<<//


*** tstart() called on aliaconda
*** at Sun Mar 20 06:16:00 2022

   => Loading Basis Set <=

    Name: JUN-CC-PVDZ
    Role: ORBITAL
    Keyword: BASIS
    atoms 1, 14                                          entry N          line   198 file /home/alia/anaconda3/envs/mddemo/share/psi4/basis/jun-cc-pvdz.gbs 
    atoms 2-4, 6, 8-10, 13, 15-17, 19, 21, 23, 25-27, 30 entry H          line    36 file /home/alia/anaconda3/envs/mddemo/share/psi4/basis/jun-cc-pvdz.gbs 
    atoms 5, 7, 11, 18, 20, 24, 28                       entry C          line   164 file /home/alia/anaconda3/envs/mddemo/share/psi4/basis/jun-cc-pvdz.gbs 
    atoms 12, 22, 29                                     entry O          line   232 file /home/alia/anaconda3/envs/mddemo/share/psi4/basis/jun-cc-pvdz.gbs 


         ---------------------------------------------------------
                                   SCF
               by Justin Turney, Rob Parrish, Andy Simmonett
                          and Daniel G. A. Smith
                              RHF Reference
                       32 Threads,  76293 MiB Core
         ---------------------------------------------------------

  ==> Geometry <==

    Molecular point group: c1
    Full point group: C1

    Geometry (in Angstrom), charge = 1, multiplicity = 1:

       Center              X                  Y                   Z               Mass       
    ------------   -----------------  -----------------  -----------------  -----------------
         N            0.191963474582    -6.011738019550    -1.004063065295    14.003074004430
         H           -0.381036479642    -6.149738030994     0.044936721082     1.007825032230
         H           -0.738036353757    -6.093738275135    -1.762063200717     1.007825032230
         H            0.784963886569    -6.803738313282    -1.156063015704     1.007825032230
         C            0.877963821719    -4.766738133991    -1.195063050036    12.000000000000
         H            0.341963569949    -4.024738030994    -0.591063435321     1.007825032230
         C            2.234963695834    -4.824738221729    -0.460063393359    12.000000000000
         H            2.978963653872    -5.461738305652    -0.957063133960     1.007825032230
         H            2.113963644336    -5.238738256061     0.605936591382     1.007825032230
         H            2.664963762591    -3.790738301837    -0.300063069110     1.007825032230
         C            0.995963613818    -4.156738000476    -2.560063297992    12.000000000000
         O            0.109963695834    -4.149738030994    -3.422063167338    15.994914619570
         H            1.951279203723    -3.675039964282    -2.815678532367     1.007825032230
      Gh(N)           0.410963814090     2.432261747754     0.210936610456    14.003074004430
      Gh(H)           0.297963898013     2.563262266552    -0.982063229327     1.007825032230
      Gh(H)           0.442963878940     1.230262083447     0.237936560864     1.007825032230
      Gh(H)           1.298963587115     2.843261999524     0.443936888928     1.007825032230
      Gh(C)          -0.730036456754     3.146261495984     0.769936625714    12.000000000000
      Gh(H)          -1.690036494901     2.599261564648     0.664936606641     1.007825032230
      Gh(C)          -0.640036304166     3.361261648572     2.241936747785    12.000000000000
      Gh(H)          -1.687036235501     3.665261549389     2.537936751599     1.007825032230
      Gh(O)           0.310963909457     4.295261663830     2.658936564679    15.994914619570
      Gh(H)           1.090963642428     3.876261991894     2.228936736341     1.007825032230
      Gh(C)          -0.430036266019     1.957261366284     3.008936469312    12.000000000000
      Gh(H)           0.590963642428     1.734261793530     2.775936667676     1.007825032230
      Gh(H)          -1.069036204984     1.127261442578     2.693936888928     1.007825032230
      Gh(H)          -0.537036140134     2.116261763012     4.145936553235     1.007825032230
      Gh(C)          -1.174036224057     4.426262182629     0.020936553235    12.000000000000
      Gh(O)          -2.304036338498     4.528261465466    -0.397063191180    15.994914619570
      Gh(H)          -0.457904060056     5.247135443127    -0.131775791888     1.007825032230

  Running in c1 symmetry.

  Rotational constants: A =      0.03629  B =      0.00466  C =      0.00434 [cm^-1]
  Rotational constants: A =   1087.87108  B =    139.62198  C =    130.10591 [MHz]
  Nuclear repulsion =  184.140659945424943

  Charge       = 1
  Multiplicity = 1
  Electrons    = 40
  Nalpha       = 20
  Nbeta        = 20

  ==> Algorithm <==

  SCF Algorithm Type is DF.
  DIIS enabled.
  MOM disabled.
  Fractional occupation disabled.
  Guess Type is SAD.
  Energy threshold   = 1.00e-08
  Density threshold  = 1.00e-08
  Integral threshold = 1.00e-12

  ==> Primary Basis <==

  Basis Set: JUN-CC-PVDZ
    Blend: JUN-CC-PVDZ
    Number of shells: 150
    Number of basis functions: 306
    Number of Cartesian functions: 318
    Spherical Harmonics?: true
    Max angular momentum: 2

   => Loading Basis Set <=

    Name: (JUN-CC-PVDZ AUX)
    Role: JKFIT
    Keyword: DF_BASIS_SCF
    atoms 1, 14                                          entry N          line   202 file /home/alia/anaconda3/envs/mddemo/share/psi4/basis/jun-cc-pvdz-jkfit.gbs 
    atoms 2-4, 6, 8-10, 13, 15-17, 19, 21, 23, 25-27, 30 entry H          line    70 file /home/alia/anaconda3/envs/mddemo/share/psi4/basis/jun-cc-pvdz-jkfit.gbs 
    atoms 5, 7, 11, 18, 20, 24, 28                       entry C          line   146 file /home/alia/anaconda3/envs/mddemo/share/psi4/basis/jun-cc-pvdz-jkfit.gbs 
    atoms 12, 22, 29                                     entry O          line   258 file /home/alia/anaconda3/envs/mddemo/share/psi4/basis/jun-cc-pvdz-jkfit.gbs 

  ==> Integral Setup <==

  ==> DiskDFJK: Density-Fitted J/K Matrices <==

    J tasked:                  Yes
    K tasked:                  Yes
    wK tasked:                  No
    OpenMP threads:             32
    Integrals threads:          32
    Memory [MiB]:            57220
    Algorithm:                Core
    Integral Cache:           LOAD
    Schwarz Cutoff:          1E-12
    Fitting Condition:       1E-10

   => Auxiliary Basis Set <=

  Basis Set: (JUN-CC-PVDZ AUX)
    Blend: JUN-CC-PVDZ-JKFIT
    Number of shells: 486
    Number of basis functions: 1362
    Number of Cartesian functions: 1542
    Spherical Harmonics?: true
    Max angular momentum: 3

  Minimum eigenvalue in the overlap matrix is 6.0295602668E-05.
  Reciprocal condition number of the overlap matrix is 5.2390000674E-06.
    Using symmetric orthogonalization.

  ==> Pre-Iterations <==

  SCF Guess: Superposition of Atomic Densities via on-the-fly atomic UHF (no occupation information).

   -------------------------
    Irrep   Nso     Nmo    
   -------------------------
     A        306     306 
   -------------------------
    Total     306     306
   -------------------------

  ==> Iterations <==

                           Total Energy        Delta E     RMS |[F,P]|

   @DF-RHF iter SAD:  -246.73831197672433   -2.46738e+02   0.00000e+00 
   @DF-RHF iter   1:  -247.11491744102312   -3.76605e-01   1.76141e-03 DIIS
   @DF-RHF iter   2:  -247.24406786512941   -1.29150e-01   1.12319e-03 DIIS
   @DF-RHF iter   3:  -247.28807279351290   -4.40049e-02   2.54637e-04 DIIS
   @DF-RHF iter   4:  -247.29191718962488   -3.84440e-03   9.12126e-05 DIIS
   @DF-RHF iter   5:  -247.29245466509866   -5.37475e-04   2.14096e-05 DIIS
   @DF-RHF iter   6:  -247.29251736525973   -6.27002e-05   9.73955e-06 DIIS
   @DF-RHF iter   7:  -247.29252886347220   -1.14982e-05   4.71961e-06 DIIS
   @DF-RHF iter   8:  -247.29253165148810   -2.78802e-06   1.51583e-06 DIIS
   @DF-RHF iter   9:  -247.29253192833647   -2.76848e-07   3.51626e-07 DIIS
   @DF-RHF iter  10:  -247.29253194028905   -1.19526e-08   1.04019e-07 DIIS
   @DF-RHF iter  11:  -247.29253194150073   -1.21167e-09   2.48535e-08 DIIS
   @DF-RHF iter  12:  -247.29253194158585   -8.51230e-11   9.68680e-09 DIIS
  Energy and wave function converged.


  ==> Post-Iterations <==

    Orbital Energies [Eh]
    ---------------------

    Doubly Occupied:                                                      

       1A    -20.753219     2A    -15.937388     3A    -11.528392  
       4A    -11.505341     5A    -11.435130     6A     -1.566132  
       7A     -1.511914     8A     -1.248242     9A     -1.096753  
      10A     -1.021094    11A     -0.960939    12A     -0.917296  
      13A     -0.882919    14A     -0.826214    15A     -0.809458  
      16A     -0.729852    17A     -0.720389    18A     -0.713783  
      19A     -0.670342    20A     -0.612593  

    Virtual:                                                              

      21A     -0.128843    22A     -0.074403    23A     -0.069931  
      24A     -0.060040    25A     -0.051150    26A     -0.030379  
      27A     -0.028868    28A     -0.022776    29A     -0.014176  
      30A     -0.007519    31A     -0.002943    32A      0.003318  
      33A      0.010422    34A      0.013237    35A      0.016706  
      36A      0.022141    37A      0.030457    38A      0.034746  
      39A      0.040635    40A      0.042240    41A      0.047784  
      42A      0.052474    43A      0.056525    44A      0.065135  
      45A      0.072549    46A      0.081452    47A      0.082269  
      48A      0.085763    49A      0.094112    50A      0.102182  
      51A      0.104868    52A      0.110124    53A      0.123763  
      54A      0.131194    55A      0.137111    56A      0.143293  
      57A      0.146385    58A      0.152511    59A      0.156003  
      60A      0.158015    61A      0.164076    62A      0.167135  
      63A      0.177224    64A      0.181754    65A      0.188224  
      66A      0.190377    67A      0.204976    68A      0.208204  
      69A      0.216013    70A      0.227417    71A      0.230240  
      72A      0.240382    73A      0.245495    74A      0.253063  
      75A      0.270502    76A      0.274471    77A      0.278527  
      78A      0.285080    79A      0.295511    80A      0.306791  
      81A      0.308802    82A      0.325475    83A      0.339781  
      84A      0.347222    85A      0.359789    86A      0.366888  
      87A      0.377013    88A      0.388028    89A      0.400701  
      90A      0.410016    91A      0.428632    92A      0.459616  
      93A      0.466386    94A      0.483416    95A      0.509640  
      96A      0.520613    97A      0.528353    98A      0.542859  
      99A      0.551835   100A      0.559755   101A      0.570842  
     102A      0.581961   103A      0.587700   104A      0.596977  
     105A      0.609539   106A      0.624120   107A      0.642518  
     108A      0.643400   109A      0.650399   110A      0.659519  
     111A      0.671167   112A      0.674271   113A      0.679604  
     114A      0.711695   115A      0.718527   116A      0.722697  
     117A      0.738322   118A      0.743709   119A      0.760232  
     120A      0.768530   121A      0.792181   122A      0.793100  
     123A      0.805136   124A      0.818818   125A      0.839238  
     126A      0.841959   127A      0.859829   128A      0.886227  
     129A      0.894189   130A      0.901822   131A      0.920604  
     132A      0.924931   133A      0.927323   134A      0.944218  
     135A      0.957452   136A      0.983143   137A      0.994999  
     138A      1.024215   139A      1.038455   140A      1.068941  
     141A      1.124922   142A      1.136650   143A      1.203404  
     144A      1.214286   145A      1.220910   146A      1.300779  
     147A      1.318234   148A      1.336829   149A      1.348467  
     150A      1.359525   151A      1.397966   152A      1.427352  
     153A      1.483554   154A      1.497549   155A      1.513449  
     156A      1.537534   157A      1.555891   158A      1.567701  
     159A      1.583039   160A      1.597001   161A      1.620079  
     162A      1.646184   163A      1.652107   164A      1.665923  
     165A      1.682115   166A      1.686477   167A      1.696958  
     168A      1.707422   169A      1.721377   170A      1.722449  
     171A      1.740076   172A      1.740842   173A      1.744211  
     174A      1.768942   175A      1.779526   176A      1.796281  
     177A      1.804229   178A      1.813229   179A      1.821608  
     180A      1.847997   181A      1.861284   182A      1.869116  
     183A      1.871455   184A      1.884386   185A      1.888645  
     186A      1.900769   187A      1.914860   188A      1.916443  
     189A      1.935085   190A      1.949882   191A      1.970845  
     192A      1.972686   193A      1.987545   194A      1.996747  
     195A      2.002043   196A      2.031070   197A      2.042317  
     198A      2.058952   199A      2.069252   200A      2.077774  
     201A      2.096769   202A      2.099356   203A      2.108810  
     204A      2.127955   205A      2.150748   206A      2.153466  
     207A      2.170972   208A      2.180509   209A      2.200990  
     210A      2.209895   211A      2.215142   212A      2.220427  
     213A      2.267540   214A      2.283804   215A      2.294997  
     216A      2.324133   217A      2.342580   218A      2.359102  
     219A      2.363844   220A      2.370032   221A      2.400219  
     222A      2.424120   223A      2.432222   224A      2.460097  
     225A      2.478017   226A      2.478413   227A      2.501824  
     228A      2.509009   229A      2.538713   230A      2.539647  
     231A      2.561564   232A      2.563471   233A      2.570452  
     234A      2.615726   235A      2.643692   236A      2.644705  
     237A      2.652885   238A      2.687830   239A      2.693628  
     240A      2.705964   241A      2.713415   242A      2.764504  
     243A      2.787700   244A      2.812154   245A      2.815200  
     246A      2.853240   247A      2.858121   248A      2.898001  
     249A      2.906894   250A      2.979468   251A      2.981424  
     252A      3.001523   253A      3.006834   254A      3.029917  
     255A      3.078127   256A      3.136549   257A      3.137075  
     258A      3.166499   259A      3.244429   260A      3.271254  
     261A      3.313265   262A      3.376476   263A      3.450233  
     264A      3.478493   265A      3.530763   266A      3.545683  
     267A      3.620974   268A      3.634375   269A      3.732343  
     270A      3.779470   271A      3.922268   272A      3.998318  
     273A      4.020178   274A      4.178486   275A      4.193556  
     276A      4.315884   277A      4.383451   278A      4.477972  
     279A      4.514947   280A      4.570289   281A      4.688785  
     282A      4.703027   283A      4.729141   284A      4.768100  
     285A      4.846169   286A      4.846583   287A      4.991222  
     288A      5.000011   289A      5.086049   290A      5.101993  
     291A      5.345365   292A      5.493909   293A      5.565151  
     294A      5.650146   295A      5.767365   296A      5.840459  
     297A      6.059604   298A      6.659479   299A      6.769831  
     300A     18.152125   301A     18.342950   302A     18.410166  
     303A     18.589339   304A     25.321167   305A     33.445095  
     306A     33.464083  

    Final Occupation by Irrep:
              A 
    DOCC [    20 ]

  @DF-RHF Final Energy:  -247.29253194158585

   => Energetics <=

    Nuclear Repulsion Energy =            184.1406599454249431
    One-Electron Energy =                -691.9716087706203780
    Two-Electron Energy =                 260.5384168836095569
    Total Energy =                       -247.2925319415858780

Computation Completed


Properties will be evaluated at   0.000000,   0.000000,   0.000000 [a0]

Properties computed using the SCF density matrix

  Nuclear Dipole Moment: [e a0]
     X:    69.1523      Y:  -376.0698      Z:  -125.9072

  Electronic Dipole Moment: [e a0]
     X:   -67.7722      Y:   365.1582      Z:   124.9148

  Dipole Moment: [e a0]
     X:     1.3801      Y:   -10.9116      Z:    -0.9924     Total:    11.0432

  Dipole Moment: [D]
     X:     3.5078      Y:   -27.7344      Z:    -2.5223     Total:    28.0690


*** tstop() called on aliaconda at Sun Mar 20 06:16:09 2022
Module time:
	user time   =     177.92 seconds =       2.97 minutes
	system time =      18.72 seconds =       0.31 minutes
	total time  =          9 seconds =       0.15 minutes
Total time:
	user time   =  110361.60 seconds =    1839.36 minutes
	system time =   15442.29 seconds =     257.37 minutes
	total time  =       6752 seconds =     112.53 minutes

  //>>>>>>>>>>>>>>>>>>>>>>>>>>>>>>>>>>>//
  //            Monomer B HF           //
  //<<<<<<<<<<<<<<<<<<<<<<<<<<<<<<<<<<<//


*** tstart() called on aliaconda
*** at Sun Mar 20 06:16:09 2022

   => Loading Basis Set <=

    Name: JUN-CC-PVDZ
    Role: ORBITAL
    Keyword: BASIS
    atoms 1, 14                                          entry N          line   198 file /home/alia/anaconda3/envs/mddemo/share/psi4/basis/jun-cc-pvdz.gbs 
    atoms 2-4, 6, 8-10, 13, 15-17, 19, 21, 23, 25-27, 30 entry H          line    36 file /home/alia/anaconda3/envs/mddemo/share/psi4/basis/jun-cc-pvdz.gbs 
    atoms 5, 7, 11, 18, 20, 24, 28                       entry C          line   164 file /home/alia/anaconda3/envs/mddemo/share/psi4/basis/jun-cc-pvdz.gbs 
    atoms 12, 22, 29                                     entry O          line   232 file /home/alia/anaconda3/envs/mddemo/share/psi4/basis/jun-cc-pvdz.gbs 


         ---------------------------------------------------------
                                   SCF
               by Justin Turney, Rob Parrish, Andy Simmonett
                          and Daniel G. A. Smith
                              RHF Reference
                       32 Threads,  76293 MiB Core
         ---------------------------------------------------------

  ==> Geometry <==

    Molecular point group: c1
    Full point group: C1

    Geometry (in Angstrom), charge = 1, multiplicity = 1:

       Center              X                  Y                   Z               Mass       
    ------------   -----------------  -----------------  -----------------  -----------------
      Gh(N)           0.191963474582    -6.011738019550    -1.004063065295    14.003074004430
      Gh(H)          -0.381036479642    -6.149738030994     0.044936721082     1.007825032230
      Gh(H)          -0.738036353757    -6.093738275135    -1.762063200717     1.007825032230
      Gh(H)           0.784963886569    -6.803738313282    -1.156063015704     1.007825032230
      Gh(C)           0.877963821719    -4.766738133991    -1.195063050036    12.000000000000
      Gh(H)           0.341963569949    -4.024738030994    -0.591063435321     1.007825032230
      Gh(C)           2.234963695834    -4.824738221729    -0.460063393359    12.000000000000
      Gh(H)           2.978963653872    -5.461738305652    -0.957063133960     1.007825032230
      Gh(H)           2.113963644336    -5.238738256061     0.605936591382     1.007825032230
      Gh(H)           2.664963762591    -3.790738301837    -0.300063069110     1.007825032230
      Gh(C)           0.995963613818    -4.156738000476    -2.560063297992    12.000000000000
      Gh(O)           0.109963695834    -4.149738030994    -3.422063167338    15.994914619570
      Gh(H)           1.951279203723    -3.675039964282    -2.815678532367     1.007825032230
         N            0.410963814090     2.432261747754     0.210936610456    14.003074004430
         H            0.297963898013     2.563262266552    -0.982063229327     1.007825032230
         H            0.442963878940     1.230262083447     0.237936560864     1.007825032230
         H            1.298963587115     2.843261999524     0.443936888928     1.007825032230
         C           -0.730036456754     3.146261495984     0.769936625714    12.000000000000
         H           -1.690036494901     2.599261564648     0.664936606641     1.007825032230
         C           -0.640036304166     3.361261648572     2.241936747785    12.000000000000
         H           -1.687036235501     3.665261549389     2.537936751599     1.007825032230
         O            0.310963909457     4.295261663830     2.658936564679    15.994914619570
         H            1.090963642428     3.876261991894     2.228936736341     1.007825032230
         C           -0.430036266019     1.957261366284     3.008936469312    12.000000000000
         H            0.590963642428     1.734261793530     2.775936667676     1.007825032230
         H           -1.069036204984     1.127261442578     2.693936888928     1.007825032230
         H           -0.537036140134     2.116261763012     4.145936553235     1.007825032230
         C           -1.174036224057     4.426262182629     0.020936553235    12.000000000000
         O           -2.304036338498     4.528261465466    -0.397063191180    15.994914619570
         H           -0.457904060056     5.247135443127    -0.131775791888     1.007825032230

  Running in c1 symmetry.

  Rotational constants: A =      0.03629  B =      0.00466  C =      0.00434 [cm^-1]
  Rotational constants: A =   1087.87108  B =    139.62198  C =    130.10591 [MHz]
  Nuclear repulsion =  328.952876504132803

  Charge       = 1
  Multiplicity = 1
  Electrons    = 56
  Nalpha       = 28
  Nbeta        = 28

  ==> Algorithm <==

  SCF Algorithm Type is DF.
  DIIS enabled.
  MOM disabled.
  Fractional occupation disabled.
  Guess Type is SAD.
  Energy threshold   = 1.00e-08
  Density threshold  = 1.00e-08
  Integral threshold = 1.00e-12

  ==> Primary Basis <==

  Basis Set: JUN-CC-PVDZ
    Blend: JUN-CC-PVDZ
    Number of shells: 150
    Number of basis functions: 306
    Number of Cartesian functions: 318
    Spherical Harmonics?: true
    Max angular momentum: 2

   => Loading Basis Set <=

    Name: (JUN-CC-PVDZ AUX)
    Role: JKFIT
    Keyword: DF_BASIS_SCF
    atoms 1, 14                                          entry N          line   202 file /home/alia/anaconda3/envs/mddemo/share/psi4/basis/jun-cc-pvdz-jkfit.gbs 
    atoms 2-4, 6, 8-10, 13, 15-17, 19, 21, 23, 25-27, 30 entry H          line    70 file /home/alia/anaconda3/envs/mddemo/share/psi4/basis/jun-cc-pvdz-jkfit.gbs 
    atoms 5, 7, 11, 18, 20, 24, 28                       entry C          line   146 file /home/alia/anaconda3/envs/mddemo/share/psi4/basis/jun-cc-pvdz-jkfit.gbs 
    atoms 12, 22, 29                                     entry O          line   258 file /home/alia/anaconda3/envs/mddemo/share/psi4/basis/jun-cc-pvdz-jkfit.gbs 

  ==> Integral Setup <==

  ==> DiskDFJK: Density-Fitted J/K Matrices <==

    J tasked:                  Yes
    K tasked:                  Yes
    wK tasked:                  No
    OpenMP threads:             32
    Integrals threads:          32
    Memory [MiB]:            57220
    Algorithm:                Core
    Integral Cache:           LOAD
    Schwarz Cutoff:          1E-12
    Fitting Condition:       1E-10

   => Auxiliary Basis Set <=

  Basis Set: (JUN-CC-PVDZ AUX)
    Blend: JUN-CC-PVDZ-JKFIT
    Number of shells: 486
    Number of basis functions: 1362
    Number of Cartesian functions: 1542
    Spherical Harmonics?: true
    Max angular momentum: 3

  Minimum eigenvalue in the overlap matrix is 6.0295602668E-05.
  Reciprocal condition number of the overlap matrix is 5.2390000674E-06.
    Using symmetric orthogonalization.

  ==> Pre-Iterations <==

  SCF Guess: Superposition of Atomic Densities via on-the-fly atomic UHF (no occupation information).

   -------------------------
    Irrep   Nso     Nmo    
   -------------------------
     A        306     306 
   -------------------------
    Total     306     306
   -------------------------

  ==> Iterations <==

                           Total Energy        Delta E     RMS |[F,P]|

   @DF-RHF iter SAD:  -360.60246025361545   -3.60602e+02   0.00000e+00 
   @DF-RHF iter   1:  -360.90448734349434   -3.02027e-01   2.14853e-03 DIIS
   @DF-RHF iter   2:  -361.09317370786243   -1.88686e-01   1.31170e-03 DIIS
   @DF-RHF iter   3:  -361.15284014624342   -5.96664e-02   2.92877e-04 DIIS
   @DF-RHF iter   4:  -361.15762436306068   -4.78422e-03   1.09005e-04 DIIS
   @DF-RHF iter   5:  -361.15829535169843   -6.70989e-04   2.53175e-05 DIIS
   @DF-RHF iter   6:  -361.15835929363175   -6.39419e-05   1.22214e-05 DIIS
   @DF-RHF iter   7:  -361.15837397125722   -1.46776e-05   5.01377e-06 DIIS
   @DF-RHF iter   8:  -361.15837722605477   -3.25480e-06   2.03817e-06 DIIS
   @DF-RHF iter   9:  -361.15837779865717   -5.72602e-07   6.46759e-07 DIIS
   @DF-RHF iter  10:  -361.15837787434015   -7.56830e-08   2.81306e-07 DIIS
   @DF-RHF iter  11:  -361.15837789349058   -1.91504e-08   1.41787e-07 DIIS
   @DF-RHF iter  12:  -361.15837789929765   -5.80707e-09   7.28818e-08 DIIS
   @DF-RHF iter  13:  -361.15837790103870   -1.74106e-09   2.85442e-08 DIIS
   @DF-RHF iter  14:  -361.15837790124715   -2.08445e-10   7.92063e-09 DIIS
  Energy and wave function converged.


  ==> Post-Iterations <==

    Orbital Energies [Eh]
    ---------------------

    Doubly Occupied:                                                      

       1A    -20.755614     2A    -20.754053     3A    -15.952044  
       4A    -11.524194     5A    -11.498553     6A    -11.477658  
       7A    -11.401904     8A     -1.582648     9A     -1.565530  
      10A     -1.514097    11A     -1.246807    12A     -1.142440  
      13A     -1.022027    14A     -1.012545    15A     -0.975721  
      16A     -0.917740    17A     -0.913626    18A     -0.847537  
      19A     -0.819508    20A     -0.813275    21A     -0.777308  
      22A     -0.743606    23A     -0.714577    24A     -0.701673  
      25A     -0.688879    26A     -0.659971    27A     -0.628322  
      28A     -0.588784  

    Virtual:                                                              

      29A     -0.140382    30A     -0.086502    31A     -0.075379  
      32A     -0.056655    33A     -0.049355    34A     -0.041760  
      35A     -0.037927    36A     -0.026626    37A     -0.025487  
      38A     -0.012854    39A     -0.012243    40A     -0.004382  
      41A     -0.003142    42A      0.005959    43A      0.009996  
      44A      0.018074    45A      0.024292    46A      0.028158  
      47A      0.036172    48A      0.037596    49A      0.038967  
      50A      0.043474    51A      0.047773    52A      0.053074  
      53A      0.053815    54A      0.063981    55A      0.076047  
      56A      0.083153    57A      0.086568    58A      0.094122  
      59A      0.098029    60A      0.106137    61A      0.109049  
      62A      0.116352    63A      0.123773    64A      0.129521  
      65A      0.137483    66A      0.143643    67A      0.145178  
      68A      0.147082    69A      0.153651    70A      0.160288  
      71A      0.166606    72A      0.171306    73A      0.180360  
      74A      0.192520    75A      0.195812    76A      0.198528  
      77A      0.202887    78A      0.203556    79A      0.211617  
      80A      0.218180    81A      0.220111    82A      0.225768  
      83A      0.233884    84A      0.256621    85A      0.260705  
      86A      0.263002    87A      0.271354    88A      0.284158  
      89A      0.289374    90A      0.305742    91A      0.308415  
      92A      0.321008    93A      0.327241    94A      0.343979  
      95A      0.351900    96A      0.353815    97A      0.357514  
      98A      0.373417    99A      0.379863   100A      0.391500  
     101A      0.424968   102A      0.447771   103A      0.453366  
     104A      0.465614   105A      0.496160   106A      0.502209  
     107A      0.532321   108A      0.537333   109A      0.550898  
     110A      0.567908   111A      0.578558   112A      0.588663  
     113A      0.607677   114A      0.622294   115A      0.624812  
     116A      0.631818   117A      0.632609   118A      0.667407  
     119A      0.675152   120A      0.685670   121A      0.695051  
     122A      0.701739   123A      0.721228   124A      0.728501  
     125A      0.736311   126A      0.747176   127A      0.764399  
     128A      0.767210   129A      0.785088   130A      0.789950  
     131A      0.798019   132A      0.803505   133A      0.822653  
     134A      0.828703   135A      0.836650   136A      0.871181  
     137A      0.879069   138A      0.880333   139A      0.889250  
     140A      0.905591   141A      0.912547   142A      0.918511  
     143A      0.923633   144A      0.971786   145A      0.974338  
     146A      0.994921   147A      1.023145   148A      1.099731  
     149A      1.148144   150A      1.151025   151A      1.180434  
     152A      1.200442   153A      1.222854   154A      1.258319  
     155A      1.295589   156A      1.304393   157A      1.339799  
     158A      1.350582   159A      1.353833   160A      1.376789  
     161A      1.388853   162A      1.395921   163A      1.423805  
     164A      1.477187   165A      1.486369   166A      1.497082  
     167A      1.503573   168A      1.514697   169A      1.547073  
     170A      1.553481   171A      1.573069   172A      1.579592  
     173A      1.585956   174A      1.607478   175A      1.614999  
     176A      1.646411   177A      1.648929   178A      1.673936  
     179A      1.696524   180A      1.700469   181A      1.707154  
     182A      1.723364   183A      1.727407   184A      1.731332  
     185A      1.746680   186A      1.752230   187A      1.760997  
     188A      1.782257   189A      1.787108   190A      1.801665  
     191A      1.814127   192A      1.823138   193A      1.829276  
     194A      1.850151   195A      1.853360   196A      1.882294  
     197A      1.893631   198A      1.895626   199A      1.920166  
     200A      1.934216   201A      1.937919   202A      1.942210  
     203A      1.946661   204A      1.948356   205A      1.965187  
     206A      1.977924   207A      1.983825   208A      2.006220  
     209A      2.025441   210A      2.029102   211A      2.033126  
     212A      2.070145   213A      2.079705   214A      2.095697  
     215A      2.096635   216A      2.108233   217A      2.143188  
     218A      2.147646   219A      2.165928   220A      2.175051  
     221A      2.198047   222A      2.217655   223A      2.227118  
     224A      2.236816   225A      2.246007   226A      2.254802  
     227A      2.259865   228A      2.291864   229A      2.314284  
     230A      2.322534   231A      2.342937   232A      2.349627  
     233A      2.382410   234A      2.395131   235A      2.416502  
     236A      2.434415   237A      2.457701   238A      2.465329  
     239A      2.487661   240A      2.498018   241A      2.517136  
     242A      2.530811   243A      2.546212   244A      2.572571  
     245A      2.584359   246A      2.623276   247A      2.633969  
     248A      2.645371   249A      2.664729   250A      2.671384  
     251A      2.687803   252A      2.714106   253A      2.727276  
     254A      2.734596   255A      2.780934   256A      2.785495  
     257A      2.796409   258A      2.799582   259A      2.900722  
     260A      2.911274   261A      2.944787   262A      2.957743  
     263A      3.011347   264A      3.051959   265A      3.095568  
     266A      3.102027   267A      3.130869   268A      3.141814  
     269A      3.196686   270A      3.247544   271A      3.289659  
     272A      3.290030   273A      3.370232   274A      3.381741  
     275A      3.481531   276A      3.512728   277A      3.563868  
     278A      3.565419   279A      3.666271   280A      3.779192  
     281A      3.817878   282A      3.937109   283A      3.940682  
     284A      3.998148   285A      4.124574   286A      4.165097  
     287A      4.286302   288A      4.365317   289A      4.627594  
     290A      4.644280   291A      4.675695   292A      4.775595  
     293A      4.834954   294A      4.915382   295A      5.002061  
     296A      5.180880   297A      5.454905   298A      5.515018  
     299A      5.687912   300A      5.881462   301A      6.623389  
     302A     18.159094   303A     18.355493   304A     18.565351  
     305A     25.323976   306A     33.419411  

    Final Occupation by Irrep:
              A 
    DOCC [    28 ]

  @DF-RHF Final Energy:  -361.15837790124715

   => Energetics <=

    Nuclear Repulsion Energy =            328.9528765041328029
    One-Electron Energy =               -1133.7412221786696591
    Two-Electron Energy =                 443.6299677732897635
    Total Energy =                       -361.1583779012471496

Computation Completed


Properties will be evaluated at   0.000000,   0.000000,   0.000000 [a0]

Properties computed using the SCF density matrix

  Nuclear Dipole Moment: [e a0]
     X:   -61.6654      Y:   362.7571      Z:   133.1079

  Electronic Dipole Moment: [e a0]
     X:    62.8734      Y:  -358.7801      Z:  -132.3919

  Dipole Moment: [e a0]
     X:     1.2080      Y:     3.9770      Z:     0.7160     Total:     4.2176

  Dipole Moment: [D]
     X:     3.0704      Y:    10.1084      Z:     1.8200     Total:    10.7201


*** tstop() called on aliaconda at Sun Mar 20 06:16:19 2022
Module time:
	user time   =     224.56 seconds =       3.74 minutes
	system time =      24.71 seconds =       0.41 minutes
	total time  =         10 seconds =       0.17 minutes
Total time:
	user time   =  110586.26 seconds =    1843.10 minutes
	system time =   15467.03 seconds =     257.78 minutes
	total time  =       6762 seconds =     112.70 minutes
  Constructing Basis Sets for SAPT...

   => Loading Basis Set <=

    Name: (JUN-CC-PVDZ AUX)
    Role: RIFIT
    Keyword: DF_BASIS_SAPT
    atoms 1, 14                                          entry N          line   144 file /home/alia/anaconda3/envs/mddemo/share/psi4/basis/jun-cc-pvdz-ri.gbs 
    atoms 2-4, 6, 8-10, 13, 15-17, 19, 21, 23, 25-27, 30 entry H          line    30 file /home/alia/anaconda3/envs/mddemo/share/psi4/basis/jun-cc-pvdz-ri.gbs 
    atoms 5, 7, 11, 18, 20, 24, 28                       entry C          line   100 file /home/alia/anaconda3/envs/mddemo/share/psi4/basis/jun-cc-pvdz-ri.gbs 
    atoms 12, 22, 29                                     entry O          line   188 file /home/alia/anaconda3/envs/mddemo/share/psi4/basis/jun-cc-pvdz-ri.gbs 


  //>>>>>>>>>>>>>>>>>>>>>>>>>>>>>>>>>>>//
  //               SAPT0               //
  //<<<<<<<<<<<<<<<<<<<<<<<<<<<<<<<<<<<//


*** tstart() called on aliaconda
*** at Sun Mar 20 06:16:20 2022

        SAPT0  
    Ed Hohenstein
     6 June 2009

      Orbital Information
  --------------------------
    NSO        =       306
    NMO        =       306
    NRI        =      1032
    NOCC A     =        20
    NOCC B     =        28
    FOCC A     =         0
    FOCC B     =         0
    NVIR A     =       286
    NVIR B     =       278

    Elst10,r            =     0.067439372705 [Eh]
    Exch10              =    -0.000000044762 [Eh]
    Exch10 (S^2)        =    -0.000000044762 [Eh]

    Iter     Energy [mEh]          dE [mEh]         Residual      Time [s]
       1      -0.46919303       0.469193034       5.264317977             1
       2      -0.45909809      -0.010094942       1.927773365             1
       3      -0.48472375       0.025625662       0.825570525             2
       4      -0.49707632       0.012352565       0.177633592             3
       5      -0.49597670      -0.001099621       0.114585904             3
       6      -0.49510519      -0.000871504       0.041591929             4
       7      -0.49544977       0.000344580       0.015722462             4
       8      -0.49548241       0.000032638       0.007404406             5
       9      -0.49544714      -0.000035273       0.003590601             5
      10      -0.49544459      -0.000002550       0.001015716             6
      11      -0.49545019       0.000005596       0.000235482             6
      12      -0.49544974      -0.000000445       0.000053578             7
      13      -0.49544959      -0.000000155       0.000012406             7
      14      -0.49544961       0.000000022       0.000004426             8
      15      -0.49544962       0.000000015       0.000001155             9
      16      -0.49544962      -0.000000004       0.000000452             9

    CHF Iterations converged


    Iter     Energy [mEh]          dE [mEh]         Residual      Time [s]
       1      -0.32204292       0.322042918       4.136720777             1
       2      -0.33691291       0.014869990       1.805763566             1
       3      -0.36401871       0.027105804       0.568141600             2
       4      -0.36802527       0.004006555       0.152878176             2
       5      -0.36705435      -0.000970920       0.087878143             3
       6      -0.36656836      -0.000485991       0.029068621             4
       7      -0.36665349       0.000085130       0.014570761             4
       8      -0.36674129       0.000087802       0.004548222             5
       9      -0.36672603      -0.000015263       0.002398861             5
      10      -0.36671699      -0.000009037       0.001140160             6
      11      -0.36672147       0.000004484       0.000461653             7
      12      -0.36672222       0.000000743       0.000135765             7
      13      -0.36672175      -0.000000464       0.000039695             8
      14      -0.36672167      -0.000000081       0.000010880             8
      15      -0.36672170       0.000000029       0.000003729             9
      16      -0.36672171       0.000000008       0.000001044            10
      17      -0.36672170      -0.000000002       0.000000366            10

    CHF Iterations converged

    Ind20,r (A<-B)      =    -0.000495449619 [Eh]
    Ind20,r (B<-A)      =    -0.000366721704 [Eh]
    Ind20,r             =    -0.000862171323 [Eh]
    Exch-Ind20,r (A<-B) =     0.000000003383 [Eh]
    Exch-Ind20,r (B<-A) =     0.000000012157 [Eh]
    Exch-Ind20,r        =     0.000000015540 [Eh]
    Disp20              =    -0.000088051265 [Eh]
    Disp20 (SS)         =    -0.000044025633 [Eh]
    Disp20 (OS)         =    -0.000044025633 [Eh]
    Exch-Disp20         =     0.000000006788 [Eh]
    Exch-Disp20 (SS)    =     0.000000004974 [Eh]
    Exch-Disp20 (OS)    =     0.000000001814 [Eh]

    SAPT Results 
  --------------------------------------------------------------------------------------------------------
    Electrostatics                 67.43937271 [mEh]      42.31884528 [kcal/mol]     177.06204864 [kJ/mol]
      Elst10,r                     67.43937271 [mEh]      42.31884528 [kcal/mol]     177.06204864 [kJ/mol]

    Exchange                       -0.00004476 [mEh]      -0.00002809 [kcal/mol]      -0.00011752 [kJ/mol]
      Exch10                       -0.00004476 [mEh]      -0.00002809 [kcal/mol]      -0.00011752 [kJ/mol]
      Exch10(S^2)                  -0.00004476 [mEh]      -0.00002809 [kcal/mol]      -0.00011752 [kJ/mol]

    Induction                      -0.84731995 [mEh]      -0.53170129 [kcal/mol]      -2.22463821 [kJ/mol]
      Ind20,r                      -0.86217132 [mEh]      -0.54102067 [kcal/mol]      -2.26363050 [kJ/mol]
      Exch-Ind20,r                  0.00001554 [mEh]       0.00000975 [kcal/mol]       0.00004080 [kJ/mol]
      delta HF,r (2)                0.01483584 [mEh]       0.00930963 [kcal/mol]       0.03895149 [kJ/mol]

    Dispersion                     -0.08804448 [mEh]      -0.05524874 [kcal/mol]      -0.23116074 [kJ/mol]
      Disp20                       -0.08805127 [mEh]      -0.05525300 [kcal/mol]      -0.23117856 [kJ/mol]
      Exch-Disp20                   0.00000679 [mEh]       0.00000426 [kcal/mol]       0.00001782 [kJ/mol]
      Disp20 (SS)                  -0.04402563 [mEh]      -0.02762650 [kcal/mol]      -0.11558928 [kJ/mol]
      Disp20 (OS)                  -0.04402563 [mEh]      -0.02762650 [kcal/mol]      -0.11558928 [kJ/mol]
      Exch-Disp20 (SS)              0.00000497 [mEh]       0.00000312 [kcal/mol]       0.00001306 [kJ/mol]
      Exch-Disp20 (OS)              0.00000181 [mEh]       0.00000114 [kcal/mol]       0.00000476 [kJ/mol]

  Total HF                         66.59200800 [mEh]      41.78711590 [kcal/mol]     174.83729291 [kJ/mol]
  Total SAPT0                      66.50396352 [mEh]      41.73186715 [kcal/mol]     174.60613217 [kJ/mol]

  Special recipe for scaled SAPT0 (see Manual):
    Electrostatics sSAPT0          67.43937271 [mEh]      42.31884528 [kcal/mol]     177.06204864 [kJ/mol]
    Exchange sSAPT0                -0.00004476 [mEh]      -0.00002809 [kcal/mol]      -0.00011752 [kJ/mol]
    Induction sSAPT0               -0.84731995 [mEh]      -0.53170129 [kcal/mol]      -2.22463821 [kJ/mol]
    Dispersion sSAPT0              -0.08804448 [mEh]      -0.05524874 [kcal/mol]      -0.23116074 [kJ/mol]
  Total sSAPT0                     66.50396352 [mEh]      41.73186715 [kcal/mol]     174.60613217 [kJ/mol]
  --------------------------------------------------------------------------------------------------------

*** tstop() called on aliaconda at Sun Mar 20 06:17:09 2022
Module time:
	user time   =     700.29 seconds =      11.67 minutes
	system time =     124.36 seconds =       2.07 minutes
	total time  =         49 seconds =       0.82 minutes
Total time:
	user time   =  111289.12 seconds =    1854.82 minutes
	system time =   15591.89 seconds =     259.86 minutes
	total time  =       6812 seconds =     113.53 minutes


Warning! sapt0 does not have an associated derived wavefunction.The returned wavefunction is the dimer SCF wavefunction.


  Memory set to  74.506 GiB by Python driver.
  Threads set to 32 by Python driver.
