
Scratch directory: /tmp/

Scratch directory: /tmp/

  //>>>>>>>>>>>>>>>>>>>>>>>>>>>>>>>>>>>//
  //              Dimer HF             //
  //<<<<<<<<<<<<<<<<<<<<<<<<<<<<<<<<<<<//


*** tstart() called on aliaconda
*** at Sun Mar 20 04:41:10 2022

   => Loading Basis Set <=

    Name: JUN-CC-PVDZ
    Role: ORBITAL
    Keyword: BASIS
    atoms 1, 14                                          entry N          line   198 file /home/alia/anaconda3/envs/mddemo/share/psi4/basis/jun-cc-pvdz.gbs 
    atoms 2-4, 6, 8-10, 13, 15-17, 19, 21, 23, 25-27, 30 entry H          line    36 file /home/alia/anaconda3/envs/mddemo/share/psi4/basis/jun-cc-pvdz.gbs 
    atoms 5, 7, 11, 18, 20, 24, 28                       entry C          line   164 file /home/alia/anaconda3/envs/mddemo/share/psi4/basis/jun-cc-pvdz.gbs 
    atoms 12, 22, 29                                     entry O          line   232 file /home/alia/anaconda3/envs/mddemo/share/psi4/basis/jun-cc-pvdz.gbs 


         ---------------------------------------------------------
                                   SCF
               by Justin Turney, Rob Parrish, Andy Simmonett
                          and Daniel G. A. Smith
                              RHF Reference
                       32 Threads,  76293 MiB Core
         ---------------------------------------------------------

  ==> Geometry <==

    Molecular point group: c1
    Full point group: C1

    Geometry (in Angstrom), charge = 2, multiplicity = 1:

       Center              X                  Y                   Z               Mass       
    ------------   -----------------  -----------------  -----------------  -----------------
         N            0.890878257011    -5.777530885638    -1.657337105069    14.003074004430
         H            0.808878001427    -6.097530818881    -2.815337097439     1.007825032230
         H           -0.205121937538    -6.086530900897    -1.263337051663     1.007825032230
         H            1.540878113960    -6.297530866565    -1.215337192807     1.007825032230
         C            1.106878098701    -4.337531066836    -1.648337280545    12.000000000000
         H            0.486877974724    -3.975531078280    -0.896337425503     1.007825032230
         C            2.631878194069    -4.249530769290    -1.151337063107    12.000000000000
         H            3.355878171181    -4.708530879916    -1.869336998257     1.007825032230
         H            2.724878129219    -4.909531093539    -0.244336998257     1.007825032230
         H            2.917878207420    -3.184530712069    -0.973337089810     1.007825032230
         C            0.796878394340    -3.458530879916    -2.862337028775    12.000000000000
         O           -0.143121662880    -2.711530662478    -2.767337238583    15.994914619570
         H            1.403942403053    -3.506751514377    -3.778387462887     1.007825032230
         N            0.457878169273     2.366469406186     0.336662376132    14.003074004430
         H            0.838878211235     1.231469177304     0.215663039890     1.007825032230
         H            0.362878379082     2.625469230710    -0.836337005887     1.007825032230
         H            1.184878167366     2.959468864499     0.692663276401     1.007825032230
         C           -0.783122006203     2.550469421445     0.992662513462    12.000000000000
         H           -1.398121777321     1.672469162046     0.882662856784     1.007825032230
         C           -0.747121754433     2.904469512998     2.478662574497    12.000000000000
         H           -1.812121811653     2.933468841611     2.851662719455     1.007825032230
         O           -0.148121777321     4.147469543515     2.749662482944    15.994914619570
         H            0.775878009056     4.171468757688     2.372662627902     1.007825032230
         C            0.053878363823     1.832469009458     3.209662521091    12.000000000000
         H            1.071878251289     1.877469085752     2.781663024631     1.007825032230
         H           -0.319121781136     0.830469154416     3.017663085666     1.007825032230
         H            0.077878054832     1.988469146787     4.281663024631     1.007825032230
         C           -1.579122010017     3.528469108640     0.197662437168    12.000000000000
         O           -2.802121582771     3.360468887387     0.076663100925    15.994914619570
         H           -1.086999359871     4.390271209775    -0.276798164639     1.007825032230

  Running in c1 symmetry.

  Rotational constants: A =      0.03959  B =      0.00549  C =      0.00509 [cm^-1]
  Rotational constants: A =   1186.75276  B =    164.49720  C =    152.73108 [MHz]
  Nuclear repulsion =  667.363667376138665

  Charge       = 2
  Multiplicity = 1
  Electrons    = 96
  Nalpha       = 48
  Nbeta        = 48

  ==> Algorithm <==

  SCF Algorithm Type is DF.
  DIIS enabled.
  MOM disabled.
  Fractional occupation disabled.
  Guess Type is SAD.
  Energy threshold   = 1.00e-08
  Density threshold  = 1.00e-08
  Integral threshold = 1.00e-12

  ==> Primary Basis <==

  Basis Set: JUN-CC-PVDZ
    Blend: JUN-CC-PVDZ
    Number of shells: 150
    Number of basis functions: 306
    Number of Cartesian functions: 318
    Spherical Harmonics?: true
    Max angular momentum: 2

   => Loading Basis Set <=

    Name: (JUN-CC-PVDZ AUX)
    Role: JKFIT
    Keyword: DF_BASIS_SCF
    atoms 1, 14                                          entry N          line   202 file /home/alia/anaconda3/envs/mddemo/share/psi4/basis/jun-cc-pvdz-jkfit.gbs 
    atoms 2-4, 6, 8-10, 13, 15-17, 19, 21, 23, 25-27, 30 entry H          line    70 file /home/alia/anaconda3/envs/mddemo/share/psi4/basis/jun-cc-pvdz-jkfit.gbs 
    atoms 5, 7, 11, 18, 20, 24, 28                       entry C          line   146 file /home/alia/anaconda3/envs/mddemo/share/psi4/basis/jun-cc-pvdz-jkfit.gbs 
    atoms 12, 22, 29                                     entry O          line   258 file /home/alia/anaconda3/envs/mddemo/share/psi4/basis/jun-cc-pvdz-jkfit.gbs 

  ==> Integral Setup <==

  ==> DiskDFJK: Density-Fitted J/K Matrices <==

    J tasked:                  Yes
    K tasked:                  Yes
    wK tasked:                  No
    OpenMP threads:             32
    Integrals threads:          32
    Memory [MiB]:            57220
    Algorithm:                Core
    Integral Cache:           SAVE
    Schwarz Cutoff:          1E-12
    Fitting Condition:       1E-10

   => Auxiliary Basis Set <=

  Basis Set: (JUN-CC-PVDZ AUX)
    Blend: JUN-CC-PVDZ-JKFIT
    Number of shells: 486
    Number of basis functions: 1362
    Number of Cartesian functions: 1542
    Spherical Harmonics?: true
    Max angular momentum: 3

  Minimum eigenvalue in the overlap matrix is 4.4246519148E-05.
  Reciprocal condition number of the overlap matrix is 3.8018558446E-06.
    Using symmetric orthogonalization.

  ==> Pre-Iterations <==

  SCF Guess: Superposition of Atomic Densities via on-the-fly atomic UHF (no occupation information).

   -------------------------
    Irrep   Nso     Nmo    
   -------------------------
     A        306     306 
   -------------------------
    Total     306     306
   -------------------------

  ==> Iterations <==

                           Total Energy        Delta E     RMS |[F,P]|

   @DF-RHF iter SAD:  -607.51881904764264   -6.07519e+02   0.00000e+00 
   @DF-RHF iter   1:  -607.93963387761153   -4.20815e-01   2.82053e-03 DIIS
   @DF-RHF iter   2:  -608.26282837613792   -3.23194e-01   1.78120e-03 DIIS
   @DF-RHF iter   3:  -608.37368884974649   -1.10860e-01   3.98044e-04 DIIS
   @DF-RHF iter   4:  -608.38260156229637   -8.91271e-03   1.47787e-04 DIIS
   @DF-RHF iter   5:  -608.38386302013669   -1.26146e-03   3.64674e-05 DIIS
   @DF-RHF iter   6:  -608.38398980950433   -1.26789e-04   1.83262e-05 DIIS
   @DF-RHF iter   7:  -608.38402139164748   -3.15821e-05   8.36852e-06 DIIS
   @DF-RHF iter   8:  -608.38402908119656   -7.68955e-06   3.52893e-06 DIIS
   @DF-RHF iter   9:  -608.38403056399704   -1.48280e-06   1.30469e-06 DIIS
   @DF-RHF iter  10:  -608.38403079262639   -2.28629e-07   4.60213e-07 DIIS
   @DF-RHF iter  11:  -608.38403082845707   -3.58307e-08   2.25210e-07 DIIS
   @DF-RHF iter  12:  -608.38403084193999   -1.34829e-08   1.19682e-07 DIIS
   @DF-RHF iter  13:  -608.38403084634388   -4.40389e-09   5.58835e-08 DIIS
   @DF-RHF iter  14:  -608.38403084741549   -1.07161e-09   1.85517e-08 DIIS
   @DF-RHF iter  15:  -608.38403084749177   -7.62839e-11   6.30719e-09 DIIS
  Energy and wave function converged.


  ==> Post-Iterations <==

    Orbital Energies [Eh]
    ---------------------

    Doubly Occupied:                                                      

       1A    -20.836039     2A    -20.799993     3A    -20.799020  
       4A    -16.011081     5A    -16.001897     6A    -11.605158  
       7A    -11.573634     8A    -11.573279     9A    -11.546661  
      10A    -11.535040    11A    -11.514549    12A    -11.450305  
      13A     -1.668422    14A     -1.620913    15A     -1.600396  
      16A     -1.588240    17A     -1.579363    18A     -1.305418  
      19A     -1.304159    20A     -1.223184    21A     -1.180378  
      22A     -1.091037    23A     -1.086740    24A     -1.077122  
      25A     -1.042300    26A     -1.037599    27A     -0.998935  
      28A     -0.979596    29A     -0.969451    30A     -0.962261  
      31A     -0.905404    32A     -0.904925    33A     -0.866433  
      34A     -0.865861    35A     -0.859325    36A     -0.832496  
      37A     -0.823617    38A     -0.816237    39A     -0.801860  
      40A     -0.780853    41A     -0.768547    42A     -0.764284  
      43A     -0.753962    44A     -0.731415    45A     -0.710044  
      46A     -0.689963    47A     -0.681108    48A     -0.652206  

    Virtual:                                                              

      49A     -0.204655    50A     -0.191191    51A     -0.160810  
      52A     -0.148133    53A     -0.140879    54A     -0.134661  
      55A     -0.125992    56A     -0.118039    57A     -0.112702  
      58A     -0.109832    59A     -0.096681    60A     -0.093782  
      61A     -0.089272    62A     -0.086987    63A     -0.081674  
      64A     -0.079172    65A     -0.075862    66A     -0.070467  
      67A     -0.067475    68A     -0.061881    69A     -0.057753  
      70A     -0.047797    71A     -0.044389    72A     -0.036009  
      73A     -0.034327    74A     -0.031174    75A     -0.029749  
      76A     -0.024474    77A     -0.020204    78A     -0.013686  
      79A     -0.008471    80A     -0.003635    81A      0.007657  
      82A      0.014302    83A      0.023137    84A      0.031526  
      85A      0.035369    86A      0.039495    87A      0.043334  
      88A      0.053576    89A      0.055768    90A      0.062835  
      91A      0.077505    92A      0.079901    93A      0.088586  
      94A      0.100459    95A      0.102450    96A      0.104695  
      97A      0.106083    98A      0.109924    99A      0.122962  
     100A      0.125236   101A      0.130433   102A      0.141679  
     103A      0.143338   104A      0.148139   105A      0.156195  
     106A      0.161569   107A      0.164165   108A      0.170662  
     109A      0.173294   110A      0.181376   111A      0.195212  
     112A      0.200136   113A      0.209989   114A      0.214272  
     115A      0.225324   116A      0.227024   117A      0.233021  
     118A      0.262049   119A      0.269576   120A      0.277576  
     121A      0.284911   122A      0.308657   123A      0.321093  
     124A      0.338151   125A      0.341960   126A      0.369771  
     127A      0.462584   128A      0.475626   129A      0.483575  
     130A      0.504295   131A      0.509601   132A      0.522489  
     133A      0.527089   134A      0.541807   135A      0.546102  
     136A      0.549161   137A      0.560532   138A      0.566292  
     139A      0.575989   140A      0.608189   141A      0.616077  
     142A      0.619663   143A      0.630451   144A      0.633153  
     145A      0.642924   146A      0.653559   147A      0.662583  
     148A      0.676467   149A      0.681730   150A      0.690429  
     151A      0.694834   152A      0.708038   153A      0.714758  
     154A      0.727375   155A      0.730797   156A      0.746284  
     157A      0.746937   158A      0.761840   159A      0.769371  
     160A      0.773738   161A      0.783039   162A      0.790999  
     163A      0.804833   164A      0.817498   165A      0.819338  
     166A      0.823872   167A      0.835002   168A      0.843827  
     169A      0.865554   170A      0.867833   171A      0.870674  
     172A      0.906557   173A      0.936742   174A      0.947043  
     175A      0.971775   176A      0.992883   177A      1.054002  
     178A      1.059243   179A      1.108564   180A      1.113100  
     181A      1.147286   182A      1.156125   183A      1.177891  
     184A      1.195868   185A      1.201420   186A      1.211692  
     187A      1.235637   188A      1.244795   189A      1.260132  
     190A      1.268922   191A      1.273385   192A      1.287811  
     193A      1.288651   194A      1.305512   195A      1.313300  
     196A      1.318472   197A      1.324786   198A      1.330620  
     199A      1.363501   200A      1.368428   201A      1.392684  
     202A      1.399501   203A      1.403796   204A      1.424789  
     205A      1.433968   206A      1.468455   207A      1.475676  
     208A      1.485820   209A      1.527734   210A      1.559745  
     211A      1.577846   212A      1.591226   213A      1.597624  
     214A      1.604208   215A      1.621323   216A      1.634583  
     217A      1.649181   218A      1.653208   219A      1.654803  
     220A      1.676422   221A      1.682193   222A      1.686751  
     223A      1.702869   224A      1.712165   225A      1.720106  
     226A      1.728339   227A      1.737991   228A      1.743765  
     229A      1.766545   230A      1.769028   231A      1.777876  
     232A      1.785653   233A      1.798541   234A      1.804288  
     235A      1.808059   236A      1.822239   237A      1.842393  
     238A      1.847396   239A      1.857247   240A      1.891723  
     241A      1.896083   242A      1.910387   243A      1.936282  
     244A      1.942015   245A      1.955691   246A      1.984973  
     247A      1.996201   248A      2.002566   249A      2.031987  
     250A      2.040798   251A      2.063883   252A      2.067192  
     253A      2.074156   254A      2.122282   255A      2.155455  
     256A      2.169742   257A      2.171128   258A      2.178130  
     259A      2.208676   260A      2.214776   261A      2.253900  
     262A      2.259047   263A      2.275373   264A      2.338553  
     265A      2.349335   266A      2.351660   267A      2.393778  
     268A      2.405819   269A      2.408993   270A      2.430867  
     271A      2.438427   272A      2.448184   273A      2.478275  
     274A      2.517058   275A      2.524281   276A      2.548791  
     277A      2.579120   278A      2.591294   279A      2.606504  
     280A      2.619744   281A      2.633952   282A      2.668304  
     283A      2.703823   284A      2.716058   285A      2.737025  
     286A      2.745650   287A      2.795559   288A      2.815767  
     289A      2.833222   290A      2.851548   291A      2.893411  
     292A      2.933481   293A      2.983075   294A      3.064654  
     295A      3.093639   296A      3.149579   297A      3.194566  
     298A      3.197571   299A      3.238336   300A      3.252163  
     301A      3.493002   302A      3.508787   303A      3.529927  
     304A      3.722367   305A      3.730732   306A      3.872490  

    Final Occupation by Irrep:
              A 
    DOCC [    48 ]

  @DF-RHF Final Energy:  -608.38403084749177

   => Energetics <=

    Nuclear Repulsion Energy =            667.3636673761386646
    One-Electron Energy =               -2127.9539715720052300
    Two-Electron Energy =                 852.2062733483747934
    Total Energy =                       -608.3840308474917720

Computation Completed


Properties will be evaluated at   0.000000,   0.000000,   0.000000 [a0]

Properties computed using the SCF density matrix

  Nuclear Dipole Moment: [e a0]
     X:    11.9152      Y:   -13.1722      Z:     2.7485

  Electronic Dipole Moment: [e a0]
     X:    -7.5786      Y:     6.0935      Z:    -5.1481

  Dipole Moment: [e a0]
     X:     4.3366      Y:    -7.0787      Z:    -2.3996     Total:     8.6413

  Dipole Moment: [D]
     X:    11.0225      Y:   -17.9922      Z:    -6.0991     Total:    21.9640


*** tstop() called on aliaconda at Sun Mar 20 04:41:24 2022
Module time:
	user time   =     325.08 seconds =       5.42 minutes
	system time =      37.38 seconds =       0.62 minutes
	total time  =         14 seconds =       0.23 minutes
Total time:
	user time   =   14135.71 seconds =     235.60 minutes
	system time =    1919.59 seconds =      31.99 minutes
	total time  =       1067 seconds =      17.78 minutes

  //>>>>>>>>>>>>>>>>>>>>>>>>>>>>>>>>>>>//
  //            Monomer A HF           //
  //<<<<<<<<<<<<<<<<<<<<<<<<<<<<<<<<<<<//


*** tstart() called on aliaconda
*** at Sun Mar 20 04:41:24 2022

   => Loading Basis Set <=

    Name: JUN-CC-PVDZ
    Role: ORBITAL
    Keyword: BASIS
    atoms 1, 14                                          entry N          line   198 file /home/alia/anaconda3/envs/mddemo/share/psi4/basis/jun-cc-pvdz.gbs 
    atoms 2-4, 6, 8-10, 13, 15-17, 19, 21, 23, 25-27, 30 entry H          line    36 file /home/alia/anaconda3/envs/mddemo/share/psi4/basis/jun-cc-pvdz.gbs 
    atoms 5, 7, 11, 18, 20, 24, 28                       entry C          line   164 file /home/alia/anaconda3/envs/mddemo/share/psi4/basis/jun-cc-pvdz.gbs 
    atoms 12, 22, 29                                     entry O          line   232 file /home/alia/anaconda3/envs/mddemo/share/psi4/basis/jun-cc-pvdz.gbs 


         ---------------------------------------------------------
                                   SCF
               by Justin Turney, Rob Parrish, Andy Simmonett
                          and Daniel G. A. Smith
                              RHF Reference
                       32 Threads,  76293 MiB Core
         ---------------------------------------------------------

  ==> Geometry <==

    Molecular point group: c1
    Full point group: C1

    Geometry (in Angstrom), charge = 1, multiplicity = 1:

       Center              X                  Y                   Z               Mass       
    ------------   -----------------  -----------------  -----------------  -----------------
         N            0.890878257011    -5.777530885638    -1.657337105069    14.003074004430
         H            0.808878001427    -6.097530818881    -2.815337097439     1.007825032230
         H           -0.205121937538    -6.086530900897    -1.263337051663     1.007825032230
         H            1.540878113960    -6.297530866565    -1.215337192807     1.007825032230
         C            1.106878098701    -4.337531066836    -1.648337280545    12.000000000000
         H            0.486877974724    -3.975531078280    -0.896337425503     1.007825032230
         C            2.631878194069    -4.249530769290    -1.151337063107    12.000000000000
         H            3.355878171181    -4.708530879916    -1.869336998257     1.007825032230
         H            2.724878129219    -4.909531093539    -0.244336998257     1.007825032230
         H            2.917878207420    -3.184530712069    -0.973337089810     1.007825032230
         C            0.796878394340    -3.458530879916    -2.862337028775    12.000000000000
         O           -0.143121662880    -2.711530662478    -2.767337238583    15.994914619570
         H            1.403942403053    -3.506751514377    -3.778387462887     1.007825032230
      Gh(N)           0.457878169273     2.366469406186     0.336662376132    14.003074004430
      Gh(H)           0.838878211235     1.231469177304     0.215663039890     1.007825032230
      Gh(H)           0.362878379082     2.625469230710    -0.836337005887     1.007825032230
      Gh(H)           1.184878167366     2.959468864499     0.692663276401     1.007825032230
      Gh(C)          -0.783122006203     2.550469421445     0.992662513462    12.000000000000
      Gh(H)          -1.398121777321     1.672469162046     0.882662856784     1.007825032230
      Gh(C)          -0.747121754433     2.904469512998     2.478662574497    12.000000000000
      Gh(H)          -1.812121811653     2.933468841611     2.851662719455     1.007825032230
      Gh(O)          -0.148121777321     4.147469543515     2.749662482944    15.994914619570
      Gh(H)           0.775878009056     4.171468757688     2.372662627902     1.007825032230
      Gh(C)           0.053878363823     1.832469009458     3.209662521091    12.000000000000
      Gh(H)           1.071878251289     1.877469085752     2.781663024631     1.007825032230
      Gh(H)          -0.319121781136     0.830469154416     3.017663085666     1.007825032230
      Gh(H)           0.077878054832     1.988469146787     4.281663024631     1.007825032230
      Gh(C)          -1.579122010017     3.528469108640     0.197662437168    12.000000000000
      Gh(O)          -2.802121582771     3.360468887387     0.076663100925    15.994914619570
      Gh(H)          -1.086999359871     4.390271209775    -0.276798164639     1.007825032230

  Running in c1 symmetry.

  Rotational constants: A =      0.03959  B =      0.00549  C =      0.00509 [cm^-1]
  Rotational constants: A =   1186.75276  B =    164.49720  C =    152.73108 [MHz]
  Nuclear repulsion =  183.629651513611549

  Charge       = 1
  Multiplicity = 1
  Electrons    = 40
  Nalpha       = 20
  Nbeta        = 20

  ==> Algorithm <==

  SCF Algorithm Type is DF.
  DIIS enabled.
  MOM disabled.
  Fractional occupation disabled.
  Guess Type is SAD.
  Energy threshold   = 1.00e-08
  Density threshold  = 1.00e-08
  Integral threshold = 1.00e-12

  ==> Primary Basis <==

  Basis Set: JUN-CC-PVDZ
    Blend: JUN-CC-PVDZ
    Number of shells: 150
    Number of basis functions: 306
    Number of Cartesian functions: 318
    Spherical Harmonics?: true
    Max angular momentum: 2

   => Loading Basis Set <=

    Name: (JUN-CC-PVDZ AUX)
    Role: JKFIT
    Keyword: DF_BASIS_SCF
    atoms 1, 14                                          entry N          line   202 file /home/alia/anaconda3/envs/mddemo/share/psi4/basis/jun-cc-pvdz-jkfit.gbs 
    atoms 2-4, 6, 8-10, 13, 15-17, 19, 21, 23, 25-27, 30 entry H          line    70 file /home/alia/anaconda3/envs/mddemo/share/psi4/basis/jun-cc-pvdz-jkfit.gbs 
    atoms 5, 7, 11, 18, 20, 24, 28                       entry C          line   146 file /home/alia/anaconda3/envs/mddemo/share/psi4/basis/jun-cc-pvdz-jkfit.gbs 
    atoms 12, 22, 29                                     entry O          line   258 file /home/alia/anaconda3/envs/mddemo/share/psi4/basis/jun-cc-pvdz-jkfit.gbs 

  ==> Integral Setup <==

  ==> DiskDFJK: Density-Fitted J/K Matrices <==

    J tasked:                  Yes
    K tasked:                  Yes
    wK tasked:                  No
    OpenMP threads:             32
    Integrals threads:          32
    Memory [MiB]:            57220
    Algorithm:                Core
    Integral Cache:           LOAD
    Schwarz Cutoff:          1E-12
    Fitting Condition:       1E-10

   => Auxiliary Basis Set <=

  Basis Set: (JUN-CC-PVDZ AUX)
    Blend: JUN-CC-PVDZ-JKFIT
    Number of shells: 486
    Number of basis functions: 1362
    Number of Cartesian functions: 1542
    Spherical Harmonics?: true
    Max angular momentum: 3

  Minimum eigenvalue in the overlap matrix is 4.4246519148E-05.
  Reciprocal condition number of the overlap matrix is 3.8018558446E-06.
    Using symmetric orthogonalization.

  ==> Pre-Iterations <==

  SCF Guess: Superposition of Atomic Densities via on-the-fly atomic UHF (no occupation information).

   -------------------------
    Irrep   Nso     Nmo    
   -------------------------
     A        306     306 
   -------------------------
    Total     306     306
   -------------------------

  ==> Iterations <==

                           Total Energy        Delta E     RMS |[F,P]|

   @DF-RHF iter SAD:  -246.74409627397154   -2.46744e+02   0.00000e+00 
   @DF-RHF iter   1:  -247.10236726082363   -3.58271e-01   1.74029e-03 DIIS
   @DF-RHF iter   2:  -247.22860722779799   -1.26240e-01   1.10288e-03 DIIS
   @DF-RHF iter   3:  -247.27100012761284   -4.23929e-02   2.41808e-04 DIIS
   @DF-RHF iter   4:  -247.27462773586467   -3.62761e-03   8.47733e-05 DIIS
   @DF-RHF iter   5:  -247.27509146229482   -4.63726e-04   2.16546e-05 DIIS
   @DF-RHF iter   6:  -247.27515289824902   -6.14360e-05   9.34211e-06 DIIS
   @DF-RHF iter   7:  -247.27516231301286   -9.41476e-06   4.25996e-06 DIIS
   @DF-RHF iter   8:  -247.27516443306726   -2.12005e-06   1.36952e-06 DIIS
   @DF-RHF iter   9:  -247.27516468633917   -2.53272e-07   3.93795e-07 DIIS
   @DF-RHF iter  10:  -247.27516471236754   -2.60284e-08   1.82381e-07 DIIS
   @DF-RHF iter  11:  -247.27516472188060   -9.51306e-09   9.09517e-08 DIIS
   @DF-RHF iter  12:  -247.27516472494534   -3.06474e-09   3.81284e-08 DIIS
   @DF-RHF iter  13:  -247.27516472548513   -5.39785e-10   8.41168e-09 DIIS
  Energy and wave function converged.


  ==> Post-Iterations <==

    Orbital Energies [Eh]
    ---------------------

    Doubly Occupied:                                                      

       1A    -20.755824     2A    -15.934483     3A    -11.525069  
       4A    -11.497257     5A    -11.438807     6A     -1.587201  
       7A     -1.519108     8A     -1.229250     9A     -1.105505  
      10A     -1.014771    11A     -0.968206    12A     -0.927745  
      13A     -0.894782    14A     -0.824571    15A     -0.790591  
      16A     -0.747175    17A     -0.723789    18A     -0.705592  
      19A     -0.684245    20A     -0.610312  

    Virtual:                                                              

      21A     -0.127543    22A     -0.079384    23A     -0.070892  
      24A     -0.051253    25A     -0.050003    26A     -0.030910  
      27A     -0.028151    28A     -0.019967    29A     -0.016402  
      30A     -0.014210    31A     -0.005657    32A     -0.005297  
      33A      0.009775    34A      0.014169    35A      0.022476  
      36A      0.025657    37A      0.032491    38A      0.036304  
      39A      0.039269    40A      0.040228    41A      0.050577  
      42A      0.054877    43A      0.057790    44A      0.063768  
      45A      0.080504    46A      0.083101    47A      0.089291  
      48A      0.096293    49A      0.099691    50A      0.102509  
      51A      0.104616    52A      0.117339    53A      0.123906  
      54A      0.131097    55A      0.147746    56A      0.148899  
      57A      0.152898    58A      0.156409    59A      0.160451  
      60A      0.162355    61A      0.167187    62A      0.175599  
      63A      0.179252    64A      0.184176    65A      0.187247  
      66A      0.200967    67A      0.208730    68A      0.215678  
      69A      0.222906    70A      0.231335    71A      0.238960  
      72A      0.242179    73A      0.246920    74A      0.251560  
      75A      0.260067    76A      0.274177    77A      0.277319  
      78A      0.289276    79A      0.301525    80A      0.307473  
      81A      0.318936    82A      0.336502    83A      0.344335  
      84A      0.357110    85A      0.365377    86A      0.378733  
      87A      0.383432    88A      0.398731    89A      0.408203  
      90A      0.421405    91A      0.447366    92A      0.457760  
      93A      0.479081    94A      0.493841    95A      0.511852  
      96A      0.537677    97A      0.542024    98A      0.553524  
      99A      0.559827   100A      0.570766   101A      0.578229  
     102A      0.584463   103A      0.585616   104A      0.594137  
     105A      0.602667   106A      0.611687   107A      0.624039  
     108A      0.646041   109A      0.653606   110A      0.675307  
     111A      0.684295   112A      0.686987   113A      0.695694  
     114A      0.713014   115A      0.718801   116A      0.736808  
     117A      0.747681   118A      0.756984   119A      0.765980  
     120A      0.771795   121A      0.801542   122A      0.805955  
     123A      0.809614   124A      0.833895   125A      0.845127  
     126A      0.859116   127A      0.866602   128A      0.873291  
     129A      0.893531   130A      0.896140   131A      0.908304  
     132A      0.924638   133A      0.937307   134A      0.940335  
     135A      0.969762   136A      0.983206   137A      0.990401  
     138A      1.018016   139A      1.038995   140A      1.069276  
     141A      1.132397   142A      1.134909   143A      1.188726  
     144A      1.225804   145A      1.229579   146A      1.277198  
     147A      1.315834   148A      1.346943   149A      1.348466  
     150A      1.366245   151A      1.389531   152A      1.442571  
     153A      1.474541   154A      1.479213   155A      1.506898  
     156A      1.534016   157A      1.548539   158A      1.569831  
     159A      1.602003   160A      1.613703   161A      1.619835  
     162A      1.652753   163A      1.664499   164A      1.679638  
     165A      1.688880   166A      1.694670   167A      1.712870  
     168A      1.721837   169A      1.729568   170A      1.747763  
     171A      1.749527   172A      1.752682   173A      1.756748  
     174A      1.774611   175A      1.776568   176A      1.802682  
     177A      1.812670   178A      1.825854   179A      1.843520  
     180A      1.855076   181A      1.865391   182A      1.869411  
     183A      1.874678   184A      1.883053   185A      1.907504  
     186A      1.921379   187A      1.921669   188A      1.940747  
     189A      1.951455   190A      1.969723   191A      1.975285  
     192A      1.987640   193A      2.010736   194A      2.014135  
     195A      2.020668   196A      2.027558   197A      2.035061  
     198A      2.056843   199A      2.069590   200A      2.073967  
     201A      2.089547   202A      2.116399   203A      2.129981  
     204A      2.138000   205A      2.161959   206A      2.166780  
     207A      2.177066   208A      2.194893   209A      2.222598  
     210A      2.238774   211A      2.246039   212A      2.251484  
     213A      2.269711   214A      2.285979   215A      2.317000  
     216A      2.328987   217A      2.339581   218A      2.348649  
     219A      2.362187   220A      2.399350   221A      2.420891  
     222A      2.428883   223A      2.435862   224A      2.468355  
     225A      2.477796   226A      2.502149   227A      2.506798  
     228A      2.519684   229A      2.521033   230A      2.553668  
     231A      2.592171   232A      2.593996   233A      2.624376  
     234A      2.630165   235A      2.641631   236A      2.654127  
     237A      2.664267   238A      2.695770   239A      2.708379  
     240A      2.725687   241A      2.768216   242A      2.773641  
     243A      2.801617   244A      2.833206   245A      2.874082  
     246A      2.888149   247A      2.894509   248A      2.903518  
     249A      2.909764   250A      2.927076   251A      2.965466  
     252A      3.013146   253A      3.043684   254A      3.062542  
     255A      3.112042   256A      3.134734   257A      3.197085  
     258A      3.218102   259A      3.275610   260A      3.279370  
     261A      3.338816   262A      3.434089   263A      3.474714  
     264A      3.520539   265A      3.567357   266A      3.589816  
     267A      3.651552   268A      3.663161   269A      3.756187  
     270A      3.804717   271A      3.984172   272A      4.034729  
     273A      4.088522   274A      4.186485   275A      4.235835  
     276A      4.324311   277A      4.428896   278A      4.481235  
     279A      4.577403   280A      4.650097   281A      4.660831  
     282A      4.696351   283A      4.710118   284A      4.804867  
     285A      4.845961   286A      4.982809   287A      5.023749  
     288A      5.078013   289A      5.120268   290A      5.249283  
     291A      5.340458   292A      5.489407   293A      5.557205  
     294A      5.655006   295A      5.764568   296A      5.885615  
     297A      6.009507   298A      6.596770   299A      6.634855  
     300A     18.149315   301A     18.319559   302A     18.465514  
     303A     18.625694   304A     25.337321   305A     33.443621  
     306A     33.466910  

    Final Occupation by Irrep:
              A 
    DOCC [    20 ]

  @DF-RHF Final Energy:  -247.27516472548513

   => Energetics <=

    Nuclear Repulsion Energy =            183.6296515136115488
    One-Electron Energy =                -690.8410643091031034
    Two-Electron Energy =                 259.9362480700064566
    Total Energy =                       -247.2751647254851264

Computation Completed


Properties will be evaluated at   0.000000,   0.000000,   0.000000 [a0]

Properties computed using the SCF density matrix

  Nuclear Dipole Moment: [e a0]
     X:    85.6784      Y:  -327.2533      Z:  -152.6292

  Electronic Dipole Moment: [e a0]
     X:   -83.1096      Y:   316.2882      Z:   149.3156

  Dipole Moment: [e a0]
     X:     2.5689      Y:   -10.9651      Z:    -3.3136     Total:    11.7393

  Dipole Moment: [D]
     X:     6.5294      Y:   -27.8705      Z:    -8.4222     Total:    29.8384


*** tstop() called on aliaconda at Sun Mar 20 04:41:33 2022
Module time:
	user time   =     174.54 seconds =       2.91 minutes
	system time =      15.05 seconds =       0.25 minutes
	total time  =          9 seconds =       0.15 minutes
Total time:
	user time   =   14310.39 seconds =     238.51 minutes
	system time =    1934.67 seconds =      32.24 minutes
	total time  =       1076 seconds =      17.93 minutes

  //>>>>>>>>>>>>>>>>>>>>>>>>>>>>>>>>>>>//
  //            Monomer B HF           //
  //<<<<<<<<<<<<<<<<<<<<<<<<<<<<<<<<<<<//


*** tstart() called on aliaconda
*** at Sun Mar 20 04:41:33 2022

   => Loading Basis Set <=

    Name: JUN-CC-PVDZ
    Role: ORBITAL
    Keyword: BASIS
    atoms 1, 14                                          entry N          line   198 file /home/alia/anaconda3/envs/mddemo/share/psi4/basis/jun-cc-pvdz.gbs 
    atoms 2-4, 6, 8-10, 13, 15-17, 19, 21, 23, 25-27, 30 entry H          line    36 file /home/alia/anaconda3/envs/mddemo/share/psi4/basis/jun-cc-pvdz.gbs 
    atoms 5, 7, 11, 18, 20, 24, 28                       entry C          line   164 file /home/alia/anaconda3/envs/mddemo/share/psi4/basis/jun-cc-pvdz.gbs 
    atoms 12, 22, 29                                     entry O          line   232 file /home/alia/anaconda3/envs/mddemo/share/psi4/basis/jun-cc-pvdz.gbs 


         ---------------------------------------------------------
                                   SCF
               by Justin Turney, Rob Parrish, Andy Simmonett
                          and Daniel G. A. Smith
                              RHF Reference
                       32 Threads,  76293 MiB Core
         ---------------------------------------------------------

  ==> Geometry <==

    Molecular point group: c1
    Full point group: C1

    Geometry (in Angstrom), charge = 1, multiplicity = 1:

       Center              X                  Y                   Z               Mass       
    ------------   -----------------  -----------------  -----------------  -----------------
      Gh(N)           0.890878257011    -5.777530885638    -1.657337105069    14.003074004430
      Gh(H)           0.808878001427    -6.097530818881    -2.815337097439     1.007825032230
      Gh(H)          -0.205121937538    -6.086530900897    -1.263337051663     1.007825032230
      Gh(H)           1.540878113960    -6.297530866565    -1.215337192807     1.007825032230
      Gh(C)           1.106878098701    -4.337531066836    -1.648337280545    12.000000000000
      Gh(H)           0.486877974724    -3.975531078280    -0.896337425503     1.007825032230
      Gh(C)           2.631878194069    -4.249530769290    -1.151337063107    12.000000000000
      Gh(H)           3.355878171181    -4.708530879916    -1.869336998257     1.007825032230
      Gh(H)           2.724878129219    -4.909531093539    -0.244336998257     1.007825032230
      Gh(H)           2.917878207420    -3.184530712069    -0.973337089810     1.007825032230
      Gh(C)           0.796878394340    -3.458530879916    -2.862337028775    12.000000000000
      Gh(O)          -0.143121662880    -2.711530662478    -2.767337238583    15.994914619570
      Gh(H)           1.403942403053    -3.506751514377    -3.778387462887     1.007825032230
         N            0.457878169273     2.366469406186     0.336662376132    14.003074004430
         H            0.838878211235     1.231469177304     0.215663039890     1.007825032230
         H            0.362878379082     2.625469230710    -0.836337005887     1.007825032230
         H            1.184878167366     2.959468864499     0.692663276401     1.007825032230
         C           -0.783122006203     2.550469421445     0.992662513462    12.000000000000
         H           -1.398121777321     1.672469162046     0.882662856784     1.007825032230
         C           -0.747121754433     2.904469512998     2.478662574497    12.000000000000
         H           -1.812121811653     2.933468841611     2.851662719455     1.007825032230
         O           -0.148121777321     4.147469543515     2.749662482944    15.994914619570
         H            0.775878009056     4.171468757688     2.372662627902     1.007825032230
         C            0.053878363823     1.832469009458     3.209662521091    12.000000000000
         H            1.071878251289     1.877469085752     2.781663024631     1.007825032230
         H           -0.319121781136     0.830469154416     3.017663085666     1.007825032230
         H            0.077878054832     1.988469146787     4.281663024631     1.007825032230
         C           -1.579122010017     3.528469108640     0.197662437168    12.000000000000
         O           -2.802121582771     3.360468887387     0.076663100925    15.994914619570
         H           -1.086999359871     4.390271209775    -0.276798164639     1.007825032230

  Running in c1 symmetry.

  Rotational constants: A =      0.03959  B =      0.00549  C =      0.00509 [cm^-1]
  Rotational constants: A =   1186.75276  B =    164.49720  C =    152.73108 [MHz]
  Nuclear repulsion =  333.263306809880135

  Charge       = 1
  Multiplicity = 1
  Electrons    = 56
  Nalpha       = 28
  Nbeta        = 28

  ==> Algorithm <==

  SCF Algorithm Type is DF.
  DIIS enabled.
  MOM disabled.
  Fractional occupation disabled.
  Guess Type is SAD.
  Energy threshold   = 1.00e-08
  Density threshold  = 1.00e-08
  Integral threshold = 1.00e-12

  ==> Primary Basis <==

  Basis Set: JUN-CC-PVDZ
    Blend: JUN-CC-PVDZ
    Number of shells: 150
    Number of basis functions: 306
    Number of Cartesian functions: 318
    Spherical Harmonics?: true
    Max angular momentum: 2

   => Loading Basis Set <=

    Name: (JUN-CC-PVDZ AUX)
    Role: JKFIT
    Keyword: DF_BASIS_SCF
    atoms 1, 14                                          entry N          line   202 file /home/alia/anaconda3/envs/mddemo/share/psi4/basis/jun-cc-pvdz-jkfit.gbs 
    atoms 2-4, 6, 8-10, 13, 15-17, 19, 21, 23, 25-27, 30 entry H          line    70 file /home/alia/anaconda3/envs/mddemo/share/psi4/basis/jun-cc-pvdz-jkfit.gbs 
    atoms 5, 7, 11, 18, 20, 24, 28                       entry C          line   146 file /home/alia/anaconda3/envs/mddemo/share/psi4/basis/jun-cc-pvdz-jkfit.gbs 
    atoms 12, 22, 29                                     entry O          line   258 file /home/alia/anaconda3/envs/mddemo/share/psi4/basis/jun-cc-pvdz-jkfit.gbs 

  ==> Integral Setup <==

  ==> DiskDFJK: Density-Fitted J/K Matrices <==

    J tasked:                  Yes
    K tasked:                  Yes
    wK tasked:                  No
    OpenMP threads:             32
    Integrals threads:          32
    Memory [MiB]:            57220
    Algorithm:                Core
    Integral Cache:           LOAD
    Schwarz Cutoff:          1E-12
    Fitting Condition:       1E-10

   => Auxiliary Basis Set <=

  Basis Set: (JUN-CC-PVDZ AUX)
    Blend: JUN-CC-PVDZ-JKFIT
    Number of shells: 486
    Number of basis functions: 1362
    Number of Cartesian functions: 1542
    Spherical Harmonics?: true
    Max angular momentum: 3

  Minimum eigenvalue in the overlap matrix is 4.4246519148E-05.
  Reciprocal condition number of the overlap matrix is 3.8018558446E-06.
    Using symmetric orthogonalization.

  ==> Pre-Iterations <==

  SCF Guess: Superposition of Atomic Densities via on-the-fly atomic UHF (no occupation information).

   -------------------------
    Irrep   Nso     Nmo    
   -------------------------
     A        306     306 
   -------------------------
    Total     306     306
   -------------------------

  ==> Iterations <==

                           Total Energy        Delta E     RMS |[F,P]|

   @DF-RHF iter SAD:  -360.77465025397277   -3.60775e+02   0.00000e+00 
   @DF-RHF iter   1:  -360.89677544553837   -1.22125e-01   2.23038e-03 DIIS
   @DF-RHF iter   2:  -361.09488248062223   -1.98107e-01   1.41602e-03 DIIS
   @DF-RHF iter   3:  -361.16506467107115   -7.01822e-02   3.16382e-04 DIIS
   @DF-RHF iter   4:  -361.17042385899299   -5.35919e-03   1.18853e-04 DIIS
   @DF-RHF iter   5:  -361.17121642022880   -7.92561e-04   2.73244e-05 DIIS
   @DF-RHF iter   6:  -361.17128715112295   -7.07309e-05   1.30775e-05 DIIS
   @DF-RHF iter   7:  -361.17130477263328   -1.76215e-05   5.70481e-06 DIIS
   @DF-RHF iter   8:  -361.17130900160885   -4.22898e-06   2.39384e-06 DIIS
   @DF-RHF iter   9:  -361.17130979369210   -7.92083e-07   7.31434e-07 DIIS
   @DF-RHF iter  10:  -361.17130988330564   -8.96135e-08   2.71208e-07 DIIS
   @DF-RHF iter  11:  -361.17130989948572   -1.61801e-08   1.33619e-07 DIIS
   @DF-RHF iter  12:  -361.17130990439182   -4.90610e-09   7.35373e-08 DIIS
   @DF-RHF iter  13:  -361.17130990621638   -1.82456e-09   3.26491e-08 DIIS
   @DF-RHF iter  14:  -361.17130990654141   -3.25031e-10   9.14546e-09 DIIS
  Energy and wave function converged.


  ==> Post-Iterations <==

    Orbital Energies [Eh]
    ---------------------

    Doubly Occupied:                                                      

       1A    -20.748358     2A    -20.748147     3A    -15.951940  
       4A    -11.521974     5A    -11.491508     6A    -11.481959  
       7A    -11.394434     8A     -1.567656     9A     -1.549002  
      10A     -1.523740    11A     -1.250474    12A     -1.168212  
      13A     -1.032708    14A     -1.021615    15A     -0.985712  
      16A     -0.923940    17A     -0.906964    18A     -0.851546  
      19A     -0.813197    20A     -0.806499    21A     -0.779536  
      22A     -0.762107    23A     -0.714621    24A     -0.699851  
      25A     -0.678956    26A     -0.657627    27A     -0.629217  
      28A     -0.599986  

    Virtual:                                                              

      29A     -0.138773    30A     -0.092722    31A     -0.081353  
      32A     -0.060966    33A     -0.045938    34A     -0.040969  
      35A     -0.034387    36A     -0.028508    37A     -0.023024  
      38A     -0.018525    39A     -0.012458    40A     -0.007792  
      41A     -0.000267    42A      0.002140    43A      0.008158  
      44A      0.018166    45A      0.023986    46A      0.026268  
      47A      0.032956    48A      0.038944    49A      0.042770  
      50A      0.044029    51A      0.046885    52A      0.053128  
      53A      0.057043    54A      0.062581    55A      0.073821  
      56A      0.083247    57A      0.090006    58A      0.093199  
      59A      0.096345    60A      0.103660    61A      0.107272  
      62A      0.116584    63A      0.123870    64A      0.134420  
      65A      0.136018    66A      0.141048    67A      0.145432  
      68A      0.154721    69A      0.156307    70A      0.158850  
      71A      0.164796    72A      0.168877    73A      0.178482  
      74A      0.190190    75A      0.193240    76A      0.197357  
      77A      0.205956    78A      0.210458    79A      0.211736  
      80A      0.217598    81A      0.224238    82A      0.233273  
      83A      0.243977    84A      0.259393    85A      0.273744  
      86A      0.275621    87A      0.278449    88A      0.283989  
      89A      0.285842    90A      0.313703    91A      0.323171  
      92A      0.326423    93A      0.338042    94A      0.346769  
      95A      0.355375    96A      0.360557    97A      0.364635  
      98A      0.374721    99A      0.388861   100A      0.393420  
     101A      0.408353   102A      0.434038   103A      0.464401  
     104A      0.467920   105A      0.490941   106A      0.515900  
     107A      0.531253   108A      0.537413   109A      0.539668  
     110A      0.564853   111A      0.569888   112A      0.595743  
     113A      0.598739   114A      0.613729   115A      0.620592  
     116A      0.627887   117A      0.640595   118A      0.663980  
     119A      0.671436   120A      0.680743   121A      0.689659  
     122A      0.702733   123A      0.707751   124A      0.733841  
     125A      0.744979   126A      0.760200   127A      0.766427  
     128A      0.769393   129A      0.772921   130A      0.783478  
     131A      0.801346   132A      0.805081   133A      0.810600  
     134A      0.827663   135A      0.838049   136A      0.867542  
     137A      0.873029   138A      0.882319   139A      0.894653  
     140A      0.908869   141A      0.920165   142A      0.922977  
     143A      0.925208   144A      0.961964   145A      0.977067  
     146A      1.002468   147A      1.025092   148A      1.112964  
     149A      1.121605   150A      1.161645   151A      1.200210  
     152A      1.231914   153A      1.250075   154A      1.265261  
     155A      1.298066   156A      1.318996   157A      1.343328  
     158A      1.356097   159A      1.365710   160A      1.377456  
     161A      1.381671   162A      1.417566   163A      1.445552  
     164A      1.477230   165A      1.479332   166A      1.482078  
     167A      1.487233   168A      1.524189   169A      1.537800  
     170A      1.552079   171A      1.563659   172A      1.593569  
     173A      1.614710   174A      1.632242   175A      1.641999  
     176A      1.651869   177A      1.669508   178A      1.677088  
     179A      1.682068   180A      1.688174   181A      1.701655  
     182A      1.709549   183A      1.730120   184A      1.742497  
     185A      1.748284   186A      1.766699   187A      1.773529  
     188A      1.795201   189A      1.798314   190A      1.812163  
     191A      1.822853   192A      1.841376   193A      1.852531  
     194A      1.857228   195A      1.860860   196A      1.876663  
     197A      1.894337   198A      1.898644   199A      1.906613  
     200A      1.911279   201A      1.925930   202A      1.946463  
     203A      1.946608   204A      1.956983   205A      1.965622  
     206A      1.978023   207A      1.995830   208A      1.996343  
     209A      2.020969   210A      2.032027   211A      2.039868  
     212A      2.058720   213A      2.081592   214A      2.088013  
     215A      2.121735   216A      2.128429   217A      2.141130  
     218A      2.176301   219A      2.178275   220A      2.192067  
     221A      2.207002   222A      2.209263   223A      2.226097  
     224A      2.260626   225A      2.262593   226A      2.268301  
     227A      2.271444   228A      2.300820   229A      2.313893  
     230A      2.319486   231A      2.380672   232A      2.388773  
     233A      2.393282   234A      2.403082   235A      2.404977  
     236A      2.428051   237A      2.450081   238A      2.465302  
     239A      2.493606   240A      2.502275   241A      2.527507  
     242A      2.534460   243A      2.554697   244A      2.577388  
     245A      2.623349   246A      2.646282   247A      2.651497  
     248A      2.661415   249A      2.689742   250A      2.711444  
     251A      2.723431   252A      2.724498   253A      2.771365  
     254A      2.771664   255A      2.791393   256A      2.800835  
     257A      2.815400   258A      2.825023   259A      2.885658  
     260A      2.903513   261A      2.947942   262A      2.975340  
     263A      3.018386   264A      3.037533   265A      3.046610  
     266A      3.117331   267A      3.140946   268A      3.149370  
     269A      3.175353   270A      3.245856   271A      3.251457  
     272A      3.289591   273A      3.303244   274A      3.430667  
     275A      3.492149   276A      3.544322   277A      3.557037  
     278A      3.581285   279A      3.667589   280A      3.749890  
     281A      3.781966   282A      3.899262   283A      3.922676  
     284A      3.957111   285A      4.125456   286A      4.157175  
     287A      4.257164   288A      4.361014   289A      4.633325  
     290A      4.665199   291A      4.731546   292A      4.814007  
     293A      4.832192   294A      4.853872   295A      5.012614  
     296A      5.291641   297A      5.433002   298A      5.511513  
     299A      5.723361   300A      6.272551   301A      6.757343  
     302A     18.172908   303A     18.344681   304A     18.505209  
     305A     25.322249   306A     33.401795  

    Final Occupation by Irrep:
              A 
    DOCC [    28 ]

  @DF-RHF Final Energy:  -361.17130990654141

   => Energetics <=

    Nuclear Repulsion Energy =            333.2633068098801346
    One-Electron Energy =               -1142.3462572931225623
    Two-Electron Energy =                 447.9116405767010747
    Total Energy =                       -361.1713099065414099

Computation Completed


Properties will be evaluated at   0.000000,   0.000000,   0.000000 [a0]

Properties computed using the SCF density matrix

  Nuclear Dipole Moment: [e a0]
     X:   -73.7632      Y:   314.0811      Z:   155.3776

  Electronic Dipole Moment: [e a0]
     X:    75.5408      Y:  -310.1112      Z:  -154.4434

  Dipole Moment: [e a0]
     X:     1.7775      Y:     3.9699      Z:     0.9342     Total:     4.4489

  Dipole Moment: [D]
     X:     4.5180      Y:    10.0904      Z:     2.3745     Total:    11.3079


*** tstop() called on aliaconda at Sun Mar 20 04:41:42 2022
Module time:
	user time   =     197.70 seconds =       3.30 minutes
	system time =      17.30 seconds =       0.29 minutes
	total time  =          9 seconds =       0.15 minutes
Total time:
	user time   =   14508.18 seconds =     241.80 minutes
	system time =    1951.99 seconds =      32.53 minutes
	total time  =       1085 seconds =      18.08 minutes
  Constructing Basis Sets for SAPT...

   => Loading Basis Set <=

    Name: (JUN-CC-PVDZ AUX)
    Role: RIFIT
    Keyword: DF_BASIS_SAPT
    atoms 1, 14                                          entry N          line   144 file /home/alia/anaconda3/envs/mddemo/share/psi4/basis/jun-cc-pvdz-ri.gbs 
    atoms 2-4, 6, 8-10, 13, 15-17, 19, 21, 23, 25-27, 30 entry H          line    30 file /home/alia/anaconda3/envs/mddemo/share/psi4/basis/jun-cc-pvdz-ri.gbs 
    atoms 5, 7, 11, 18, 20, 24, 28                       entry C          line   100 file /home/alia/anaconda3/envs/mddemo/share/psi4/basis/jun-cc-pvdz-ri.gbs 
    atoms 12, 22, 29                                     entry O          line   188 file /home/alia/anaconda3/envs/mddemo/share/psi4/basis/jun-cc-pvdz-ri.gbs 


  //>>>>>>>>>>>>>>>>>>>>>>>>>>>>>>>>>>>//
  //               SAPT0               //
  //<<<<<<<<<<<<<<<<<<<<<<<<<<<<<<<<<<<//


*** tstart() called on aliaconda
*** at Sun Mar 20 04:41:43 2022

        SAPT0  
    Ed Hohenstein
     6 June 2009

      Orbital Information
  --------------------------
    NSO        =       306
    NMO        =       306
    NRI        =      1032
    NOCC A     =        20
    NOCC B     =        28
    FOCC A     =         0
    FOCC B     =         0
    NVIR A     =       286
    NVIR B     =       278

    Elst10,r            =     0.063442824272 [Eh]
    Exch10              =    -0.000000026877 [Eh]
    Exch10 (S^2)        =    -0.000000026877 [Eh]

    Iter     Energy [mEh]          dE [mEh]         Residual      Time [s]
       1      -0.67762571       0.677625711       7.210529164             0
       2      -0.67325203      -0.004373678       2.619902992             1
       3      -0.72672797       0.053475939       1.140872700             1
       4      -0.74506097       0.018333001       0.320972769             2
       5      -0.74174114      -0.003319833       0.168226318             2
       6      -0.74035675      -0.001384388       0.043584042             3
       7      -0.74071699       0.000360242       0.015249173             4
       8      -0.74080825       0.000091258       0.005331241             4
       9      -0.74077608      -0.000032172       0.003291483             5
      10      -0.74076973      -0.000006352       0.001353661             5
      11      -0.74077698       0.000007255       0.000410170             6
      12      -0.74077729       0.000000310       0.000104855             7
      13      -0.74077675      -0.000000546       0.000026561             7
      14      -0.74077676       0.000000014       0.000008713             8
      15      -0.74077679       0.000000032       0.000003250             8
      16      -0.74077679      -0.000000002       0.000001264             9
      17      -0.74077679      -0.000000005       0.000000260             9

    CHF Iterations converged


    Iter     Energy [mEh]          dE [mEh]         Residual      Time [s]
       1      -0.24938948       0.249389478       3.678325816             1
       2      -0.25579705       0.006407571       1.501098130             2
       3      -0.27500620       0.019209149       0.508670377             2
       4      -0.27859000       0.003583798       0.125645261             3
       5      -0.27808613      -0.000503869       0.077690609             3
       6      -0.27765292      -0.000433206       0.025297634             4
       7      -0.27770044       0.000047521       0.011647661             4
       8      -0.27776160       0.000061154       0.002925039             5
       9      -0.27775576      -0.000005837       0.000984159             6
      10      -0.27775227      -0.000003492       0.000302002             6
      11      -0.27775271       0.000000440       0.000106276             7
      12      -0.27775308       0.000000379       0.000056852             7
      13      -0.27775292      -0.000000166       0.000027772             8
      14      -0.27775288      -0.000000036       0.000008686             8
      15      -0.27775290       0.000000022       0.000002816             9
      16      -0.27775291       0.000000003       0.000000823            10

    CHF Iterations converged

    Ind20,r (A<-B)      =    -0.000740776787 [Eh]
    Ind20,r (B<-A)      =    -0.000277752908 [Eh]
    Ind20,r             =    -0.001018529696 [Eh]
    Exch-Ind20,r (A<-B) =     0.000000038280 [Eh]
    Exch-Ind20,r (B<-A) =     0.000000010263 [Eh]
    Exch-Ind20,r        =     0.000000048542 [Eh]
    Disp20              =    -0.000143180295 [Eh]
    Disp20 (SS)         =    -0.000071590147 [Eh]
    Disp20 (OS)         =    -0.000071590147 [Eh]
    Exch-Disp20         =     0.000000018440 [Eh]
    Exch-Disp20 (SS)    =     0.000000013507 [Eh]
    Exch-Disp20 (OS)    =     0.000000004933 [Eh]

    SAPT Results 
  --------------------------------------------------------------------------------------------------------
    Electrostatics                 63.44282427 [mEh]      39.81097327 [kcal/mol]     166.56911218 [kJ/mol]
      Elst10,r                     63.44282427 [mEh]      39.81097327 [kcal/mol]     166.56911218 [kJ/mol]

    Exchange                       -0.00002688 [mEh]      -0.00001687 [kcal/mol]      -0.00007056 [kJ/mol]
      Exch10                       -0.00002688 [mEh]      -0.00001687 [kcal/mol]      -0.00007056 [kJ/mol]
      Exch10(S^2)                  -0.00002688 [mEh]      -0.00001687 [kcal/mol]      -0.00007056 [kJ/mol]

    Induction                      -0.99901286 [mEh]      -0.62689003 [kcal/mol]      -2.62290790 [kJ/mol]
      Ind20,r                      -1.01852970 [mEh]      -0.63913703 [kcal/mol]      -2.67414935 [kJ/mol]
      Exch-Ind20,r                  0.00004854 [mEh]       0.00003046 [kcal/mol]       0.00012745 [kJ/mol]
      delta HF,r (2)                0.01946829 [mEh]       0.01221654 [kcal/mol]       0.05111400 [kJ/mol]

    Dispersion                     -0.14316185 [mEh]      -0.08983542 [kcal/mol]      -0.37587140 [kJ/mol]
      Disp20                       -0.14318029 [mEh]      -0.08984699 [kcal/mol]      -0.37591981 [kJ/mol]
      Exch-Disp20                   0.00001844 [mEh]       0.00001157 [kcal/mol]       0.00004841 [kJ/mol]
      Disp20 (SS)                  -0.07159015 [mEh]      -0.04492350 [kcal/mol]      -0.18795991 [kJ/mol]
      Disp20 (OS)                  -0.07159015 [mEh]      -0.04492350 [kcal/mol]      -0.18795991 [kJ/mol]
      Exch-Disp20 (SS)              0.00001351 [mEh]       0.00000848 [kcal/mol]       0.00003546 [kJ/mol]
      Exch-Disp20 (OS)              0.00000493 [mEh]       0.00000310 [kcal/mol]       0.00001295 [kJ/mol]

  Total HF                         62.44378453 [mEh]      39.18406637 [kcal/mol]     163.94613371 [kJ/mol]
  Total SAPT0                      62.30062268 [mEh]      39.09423095 [kcal/mol]     163.57026231 [kJ/mol]

  Special recipe for scaled SAPT0 (see Manual):
    Electrostatics sSAPT0          63.44282427 [mEh]      39.81097327 [kcal/mol]     166.56911218 [kJ/mol]
    Exchange sSAPT0                -0.00002688 [mEh]      -0.00001687 [kcal/mol]      -0.00007056 [kJ/mol]
    Induction sSAPT0               -0.99901286 [mEh]      -0.62689003 [kcal/mol]      -2.62290790 [kJ/mol]
    Dispersion sSAPT0              -0.14316185 [mEh]      -0.08983542 [kcal/mol]      -0.37587140 [kJ/mol]
  Total sSAPT0                     62.30062268 [mEh]      39.09423095 [kcal/mol]     163.57026231 [kJ/mol]
  --------------------------------------------------------------------------------------------------------

*** tstop() called on aliaconda at Sun Mar 20 04:42:31 2022
Module time:
	user time   =     674.16 seconds =      11.24 minutes
	system time =     115.82 seconds =       1.93 minutes
	total time  =         48 seconds =       0.80 minutes
Total time:
	user time   =   15184.95 seconds =     253.08 minutes
	system time =    2068.29 seconds =      34.47 minutes
	total time  =       1134 seconds =      18.90 minutes


Warning! sapt0 does not have an associated derived wavefunction.The returned wavefunction is the dimer SCF wavefunction.


  Memory set to  74.506 GiB by Python driver.
  Threads set to 32 by Python driver.
