
Scratch directory: /tmp/

Scratch directory: /tmp/

  //>>>>>>>>>>>>>>>>>>>>>>>>>>>>>>>>>>>//
  //              Dimer HF             //
  //<<<<<<<<<<<<<<<<<<<<<<<<<<<<<<<<<<<//


*** tstart() called on aliaconda
*** at Sun Mar 20 05:37:02 2022

   => Loading Basis Set <=

    Name: JUN-CC-PVDZ
    Role: ORBITAL
    Keyword: BASIS
    atoms 1, 14                                          entry N          line   198 file /home/alia/anaconda3/envs/mddemo/share/psi4/basis/jun-cc-pvdz.gbs 
    atoms 2-4, 6, 8-10, 13, 15-17, 19, 21, 23, 25-27, 30 entry H          line    36 file /home/alia/anaconda3/envs/mddemo/share/psi4/basis/jun-cc-pvdz.gbs 
    atoms 5, 7, 11, 18, 20, 24, 28                       entry C          line   164 file /home/alia/anaconda3/envs/mddemo/share/psi4/basis/jun-cc-pvdz.gbs 
    atoms 12, 22, 29                                     entry O          line   232 file /home/alia/anaconda3/envs/mddemo/share/psi4/basis/jun-cc-pvdz.gbs 


         ---------------------------------------------------------
                                   SCF
               by Justin Turney, Rob Parrish, Andy Simmonett
                          and Daniel G. A. Smith
                              RHF Reference
                       32 Threads,  76293 MiB Core
         ---------------------------------------------------------

  ==> Geometry <==

    Molecular point group: c1
    Full point group: C1

    Geometry (in Angstrom), charge = 2, multiplicity = 1:

       Center              X                  Y                   Z               Mass       
    ------------   -----------------  -----------------  -----------------  -----------------
         N            0.488133932534    -5.851085513012    -1.360768783590    14.003074004430
         H           -0.531866048393    -6.033085673229    -1.969768512747     1.007825032230
         H            0.074133898201    -6.058085768596    -0.249768722555     1.007825032230
         H            1.189134146157    -6.550085633175    -1.595768917105     1.007825032230
         C            1.043134237709    -4.530085413829    -1.524768817922    12.000000000000
         H            0.470134283486    -3.823085635082    -0.969768512747     1.007825032230
         C            2.490134025994    -4.623085825817    -1.048768508932    12.000000000000
         H            3.054134155693    -5.331085532085    -1.730768669149     1.007825032230
         H            2.571134115639    -5.014085619823     0.000231277445     1.007825032230
         H            2.970134045067    -3.680085509197    -0.956768501303     1.007825032230
         C            1.136134172860    -4.127085535900    -2.993768680593    12.000000000000
         O            0.585134054604    -4.834085791485    -3.852768648168    15.994914619570
         H            1.685133482399    -3.220482676403    -3.288167703649     1.007825032230
         N            0.112134005013     2.380914837941     0.451231491068    14.003074004430
         H            0.236134077492     1.185914189442     0.487231266001     1.007825032230
         H            0.002134348336     2.531914860829    -0.736768711111     1.007825032230
         H            0.910134340706     2.866913945301     0.798231136301     1.007825032230
         C           -1.000865911064     2.929914624317     1.233231079081    12.000000000000
         H           -1.702866052208     2.189914853199     1.409231197336     1.007825032230
         C           -0.626865838585     3.554914624317     2.545230876902    12.000000000000
         H           -1.574865792808     3.951913983448     2.972230922678     1.007825032230
         O            0.126133943978     4.769914776905     2.402231227854    15.994914619570
         H            1.047133947792     4.528914601429     2.156230937937     1.007825032230
         C            0.094134355965     2.639914662464     3.615231525400    12.000000000000
         H            1.101134325447     2.157914311512     3.391231548288     1.007825032230
         H           -0.607865785179     1.808914334400     3.816231739023     1.007825032230
         H            0.112134005013     3.238914639576     4.562231075266     1.007825032230
         C           -1.701865647850     3.974914700611     0.251231204966    12.000000000000
         O           -2.934865449485     3.901914746388     0.199231159189    15.994914619570
         H           -1.129178021965     4.707192570790    -0.336814392111     1.007825032230

  Running in c1 symmetry.

  Rotational constants: A =      0.03755  B =      0.00429  C =      0.00404 [cm^-1]
  Rotational constants: A =   1125.65427  B =    128.66522  C =    121.23239 [MHz]
  Nuclear repulsion =  647.201708046160093

  Charge       = 2
  Multiplicity = 1
  Electrons    = 96
  Nalpha       = 48
  Nbeta        = 48

  ==> Algorithm <==

  SCF Algorithm Type is DF.
  DIIS enabled.
  MOM disabled.
  Fractional occupation disabled.
  Guess Type is SAD.
  Energy threshold   = 1.00e-08
  Density threshold  = 1.00e-08
  Integral threshold = 1.00e-12

  ==> Primary Basis <==

  Basis Set: JUN-CC-PVDZ
    Blend: JUN-CC-PVDZ
    Number of shells: 150
    Number of basis functions: 306
    Number of Cartesian functions: 318
    Spherical Harmonics?: true
    Max angular momentum: 2

   => Loading Basis Set <=

    Name: (JUN-CC-PVDZ AUX)
    Role: JKFIT
    Keyword: DF_BASIS_SCF
    atoms 1, 14                                          entry N          line   202 file /home/alia/anaconda3/envs/mddemo/share/psi4/basis/jun-cc-pvdz-jkfit.gbs 
    atoms 2-4, 6, 8-10, 13, 15-17, 19, 21, 23, 25-27, 30 entry H          line    70 file /home/alia/anaconda3/envs/mddemo/share/psi4/basis/jun-cc-pvdz-jkfit.gbs 
    atoms 5, 7, 11, 18, 20, 24, 28                       entry C          line   146 file /home/alia/anaconda3/envs/mddemo/share/psi4/basis/jun-cc-pvdz-jkfit.gbs 
    atoms 12, 22, 29                                     entry O          line   258 file /home/alia/anaconda3/envs/mddemo/share/psi4/basis/jun-cc-pvdz-jkfit.gbs 

  ==> Integral Setup <==

  ==> DiskDFJK: Density-Fitted J/K Matrices <==

    J tasked:                  Yes
    K tasked:                  Yes
    wK tasked:                  No
    OpenMP threads:             32
    Integrals threads:          32
    Memory [MiB]:            57220
    Algorithm:                Core
    Integral Cache:           SAVE
    Schwarz Cutoff:          1E-12
    Fitting Condition:       1E-10

   => Auxiliary Basis Set <=

  Basis Set: (JUN-CC-PVDZ AUX)
    Blend: JUN-CC-PVDZ-JKFIT
    Number of shells: 486
    Number of basis functions: 1362
    Number of Cartesian functions: 1542
    Spherical Harmonics?: true
    Max angular momentum: 3

  Minimum eigenvalue in the overlap matrix is 5.4248662487E-05.
  Reciprocal condition number of the overlap matrix is 4.7844115988E-06.
    Using symmetric orthogonalization.

  ==> Pre-Iterations <==

  SCF Guess: Superposition of Atomic Densities via on-the-fly atomic UHF (no occupation information).

   -------------------------
    Irrep   Nso     Nmo    
   -------------------------
     A        306     306 
   -------------------------
    Total     306     306
   -------------------------

  ==> Iterations <==

                           Total Energy        Delta E     RMS |[F,P]|

   @DF-RHF iter SAD:  -607.18455561425378   -6.07185e+02   0.00000e+00 
   @DF-RHF iter   1:  -607.96259957590041   -7.78044e-01   2.82276e-03 DIIS
   @DF-RHF iter   2:  -608.27670201645049   -3.14102e-01   1.82756e-03 DIIS
   @DF-RHF iter   3:  -608.39335065294836   -1.16649e-01   3.96196e-04 DIIS
   @DF-RHF iter   4:  -608.40226646897781   -8.91582e-03   1.46558e-04 DIIS
   @DF-RHF iter   5:  -608.40352166251216   -1.25519e-03   3.52162e-05 DIIS
   @DF-RHF iter   6:  -608.40365028386611   -1.28621e-04   1.76321e-05 DIIS
   @DF-RHF iter   7:  -608.40368164435972   -3.13605e-05   7.87094e-06 DIIS
   @DF-RHF iter   8:  -608.40368931897831   -7.67462e-06   3.24190e-06 DIIS
   @DF-RHF iter   9:  -608.40369067078018   -1.35180e-06   1.24466e-06 DIIS
   @DF-RHF iter  10:  -608.40369085476289   -1.83983e-07   4.93834e-07 DIIS
   @DF-RHF iter  11:  -608.40369089298270   -3.82198e-08   2.35979e-07 DIIS
   @DF-RHF iter  12:  -608.40369090746799   -1.44853e-08   1.28288e-07 DIIS
   @DF-RHF iter  13:  -608.40369091259868   -5.13069e-09   6.21015e-08 DIIS
   @DF-RHF iter  14:  -608.40369091399373   -1.39505e-09   1.92680e-08 DIIS
   @DF-RHF iter  15:  -608.40369091407479   -8.10587e-11   5.38132e-09 DIIS
  Energy and wave function converged.


  ==> Post-Iterations <==

    Orbital Energies [Eh]
    ---------------------

    Doubly Occupied:                                                      

       1A    -20.822290     2A    -20.805430     3A    -20.797347  
       4A    -16.006072     5A    -15.992003     6A    -11.600134  
       7A    -11.583189     8A    -11.573183     9A    -11.555133  
      10A    -11.537903    11A    -11.500957    12A    -11.462803  
      13A     -1.637229    14A     -1.617580    15A     -1.596893  
      16A     -1.567822    17A     -1.565304    18A     -1.316287  
      19A     -1.295337    20A     -1.197915    21A     -1.167950  
      22A     -1.086030    23A     -1.082407    24A     -1.069268  
      25A     -1.043724    26A     -1.029230    27A     -0.982239  
      28A     -0.967166    29A     -0.948177    30A     -0.941190  
      31A     -0.903654    32A     -0.889408    33A     -0.878936  
      34A     -0.864088    35A     -0.861069    36A     -0.827578  
      37A     -0.817338    38A     -0.812767    39A     -0.806927  
      40A     -0.786154    41A     -0.755841    42A     -0.748367  
      43A     -0.745166    44A     -0.730603    45A     -0.716065  
      46A     -0.686556    47A     -0.682030    48A     -0.648357  

    Virtual:                                                              

      49A     -0.211333    50A     -0.182792    51A     -0.160864  
      52A     -0.147221    53A     -0.137799    54A     -0.134338  
      55A     -0.125233    56A     -0.116768    57A     -0.112899  
      58A     -0.103500    59A     -0.099554    60A     -0.092574  
      61A     -0.088277    62A     -0.084697    63A     -0.078787  
      64A     -0.074183    65A     -0.072702    66A     -0.067998  
      67A     -0.066150    68A     -0.060966    69A     -0.056712  
      70A     -0.047854    71A     -0.040965    72A     -0.036461  
      73A     -0.035924    74A     -0.027393    75A     -0.025678  
      76A     -0.023801    77A     -0.015209    78A     -0.012117  
      79A     -0.007296    80A     -0.004381    81A      0.002428  
      82A      0.007456    83A      0.014303    84A      0.024626  
      85A      0.033883    86A      0.035434    87A      0.039002  
      88A      0.047140    89A      0.056895    90A      0.064819  
      91A      0.067735    92A      0.082732    93A      0.091179  
      94A      0.091967    95A      0.097135    96A      0.099650  
      97A      0.105157    98A      0.107082    99A      0.119466  
     100A      0.122686   101A      0.127505   102A      0.133651  
     103A      0.134929   104A      0.142765   105A      0.148714  
     106A      0.154453   107A      0.156612   108A      0.163748  
     109A      0.173103   110A      0.178912   111A      0.182416  
     112A      0.202320   113A      0.207491   114A      0.212835  
     115A      0.223331   116A      0.234531   117A      0.244145  
     118A      0.248694   119A      0.257936   120A      0.259148  
     121A      0.272144   122A      0.293963   123A      0.301418  
     124A      0.321280   125A      0.364182   126A      0.367586  
     127A      0.441593   128A      0.456012   129A      0.482495  
     130A      0.495857   131A      0.512376   132A      0.520290  
     133A      0.539786   134A      0.543129   135A      0.552494  
     136A      0.560753   137A      0.573103   138A      0.585594  
     139A      0.591139   140A      0.606711   141A      0.612806  
     142A      0.615991   143A      0.625243   144A      0.629028  
     145A      0.648476   146A      0.651512   147A      0.663192  
     148A      0.671451   149A      0.678855   150A      0.687443  
     151A      0.694099   152A      0.702577   153A      0.708223  
     154A      0.719651   155A      0.724063   156A      0.733838  
     157A      0.747081   158A      0.757755   159A      0.770194  
     160A      0.779272   161A      0.789984   162A      0.791531  
     163A      0.797058   164A      0.812038   165A      0.831530  
     166A      0.836836   167A      0.847238   168A      0.859451  
     169A      0.866437   170A      0.867724   171A      0.880923  
     172A      0.885845   173A      0.914545   174A      0.932401  
     175A      0.951803   176A      1.003288   177A      1.031556  
     178A      1.055868   179A      1.115453   180A      1.123182  
     181A      1.126741   182A      1.152140   183A      1.182271  
     184A      1.195930   185A      1.208350   186A      1.212549  
     187A      1.235758   188A      1.248979   189A      1.260890  
     190A      1.266814   191A      1.271497   192A      1.278900  
     193A      1.289136   194A      1.297594   195A      1.318209  
     196A      1.322000   197A      1.323729   198A      1.334033  
     199A      1.354890   200A      1.364397   201A      1.384090  
     202A      1.413198   203A      1.421941   204A      1.431022  
     205A      1.447469   206A      1.456396   207A      1.475568  
     208A      1.520440   209A      1.526308   210A      1.558867  
     211A      1.563047   212A      1.575611   213A      1.595932  
     214A      1.599860   215A      1.615103   216A      1.618335  
     217A      1.645291   218A      1.646372   219A      1.655996  
     220A      1.677425   221A      1.682208   222A      1.688925  
     223A      1.689741   224A      1.700323   225A      1.707901  
     226A      1.712711   227A      1.729545   228A      1.737835  
     229A      1.754550   230A      1.762380   231A      1.767273  
     232A      1.774060   233A      1.781893   234A      1.798891  
     235A      1.809088   236A      1.810618   237A      1.833147  
     238A      1.845423   239A      1.852249   240A      1.863622  
     241A      1.888011   242A      1.921740   243A      1.924687  
     244A      1.936710   245A      1.959531   246A      1.973682  
     247A      1.983842   248A      2.010446   249A      2.011257  
     250A      2.029034   251A      2.045629   252A      2.065379  
     253A      2.087220   254A      2.110694   255A      2.137015  
     256A      2.146265   257A      2.157706   258A      2.158948  
     259A      2.211853   260A      2.224952   261A      2.235180  
     262A      2.251354   263A      2.255382   264A      2.305774  
     265A      2.336618   266A      2.354038   267A      2.369973  
     268A      2.385278   269A      2.396622   270A      2.417483  
     271A      2.446906   272A      2.456631   273A      2.463729  
     274A      2.496683   275A      2.507782   276A      2.547905  
     277A      2.553840   278A      2.574251   279A      2.581575  
     280A      2.614374   281A      2.632332   282A      2.665781  
     283A      2.689874   284A      2.702199   285A      2.723682  
     286A      2.776684   287A      2.784660   288A      2.830933  
     289A      2.833394   290A      2.875122   291A      2.888302  
     292A      2.949019   293A      2.951271   294A      3.018111  
     295A      3.045510   296A      3.092791   297A      3.183706  
     298A      3.191598   299A      3.213816   300A      3.229419  
     301A      3.463190   302A      3.467491   303A      3.495784  
     304A      3.686410   305A      3.720708   306A      3.884502  

    Final Occupation by Irrep:
              A 
    DOCC [    48 ]

  @DF-RHF Final Energy:  -608.40369091407479

   => Energetics <=

    Nuclear Repulsion Energy =            647.2017080461600926
    One-Electron Energy =               -2088.1925974501691599
    Two-Electron Energy =                 832.5871984899342806
    Total Energy =                       -608.4036909140747866

Computation Completed


Properties will be evaluated at   0.000000,   0.000000,   0.000000 [a0]

Properties computed using the SCF density matrix

  Nuclear Dipole Moment: [e a0]
     X:     9.2461      Y:    -9.8540      Z:     7.2702

  Electronic Dipole Moment: [e a0]
     X:    -6.5264      Y:     4.0146      Z:    -7.4743

  Dipole Moment: [e a0]
     X:     2.7197      Y:    -5.8394      Z:    -0.2041     Total:     6.4449

  Dipole Moment: [D]
     X:     6.9129      Y:   -14.8423      Z:    -0.5188     Total:    16.3814


*** tstop() called on aliaconda at Sun Mar 20 05:37:17 2022
Module time:
	user time   =     322.26 seconds =       5.37 minutes
	system time =      38.10 seconds =       0.64 minutes
	total time  =         15 seconds =       0.25 minutes
Total time:
	user time   =   70864.35 seconds =    1181.07 minutes
	system time =    9877.85 seconds =     164.63 minutes
	total time  =       4420 seconds =      73.67 minutes

  //>>>>>>>>>>>>>>>>>>>>>>>>>>>>>>>>>>>//
  //            Monomer A HF           //
  //<<<<<<<<<<<<<<<<<<<<<<<<<<<<<<<<<<<//


*** tstart() called on aliaconda
*** at Sun Mar 20 05:37:17 2022

   => Loading Basis Set <=

    Name: JUN-CC-PVDZ
    Role: ORBITAL
    Keyword: BASIS
    atoms 1, 14                                          entry N          line   198 file /home/alia/anaconda3/envs/mddemo/share/psi4/basis/jun-cc-pvdz.gbs 
    atoms 2-4, 6, 8-10, 13, 15-17, 19, 21, 23, 25-27, 30 entry H          line    36 file /home/alia/anaconda3/envs/mddemo/share/psi4/basis/jun-cc-pvdz.gbs 
    atoms 5, 7, 11, 18, 20, 24, 28                       entry C          line   164 file /home/alia/anaconda3/envs/mddemo/share/psi4/basis/jun-cc-pvdz.gbs 
    atoms 12, 22, 29                                     entry O          line   232 file /home/alia/anaconda3/envs/mddemo/share/psi4/basis/jun-cc-pvdz.gbs 


         ---------------------------------------------------------
                                   SCF
               by Justin Turney, Rob Parrish, Andy Simmonett
                          and Daniel G. A. Smith
                              RHF Reference
                       32 Threads,  76293 MiB Core
         ---------------------------------------------------------

  ==> Geometry <==

    Molecular point group: c1
    Full point group: C1

    Geometry (in Angstrom), charge = 1, multiplicity = 1:

       Center              X                  Y                   Z               Mass       
    ------------   -----------------  -----------------  -----------------  -----------------
         N            0.488133932534    -5.851085513012    -1.360768783590    14.003074004430
         H           -0.531866048393    -6.033085673229    -1.969768512747     1.007825032230
         H            0.074133898201    -6.058085768596    -0.249768722555     1.007825032230
         H            1.189134146157    -6.550085633175    -1.595768917105     1.007825032230
         C            1.043134237709    -4.530085413829    -1.524768817922    12.000000000000
         H            0.470134283486    -3.823085635082    -0.969768512747     1.007825032230
         C            2.490134025994    -4.623085825817    -1.048768508932    12.000000000000
         H            3.054134155693    -5.331085532085    -1.730768669149     1.007825032230
         H            2.571134115639    -5.014085619823     0.000231277445     1.007825032230
         H            2.970134045067    -3.680085509197    -0.956768501303     1.007825032230
         C            1.136134172860    -4.127085535900    -2.993768680593    12.000000000000
         O            0.585134054604    -4.834085791485    -3.852768648168    15.994914619570
         H            1.685133482399    -3.220482676403    -3.288167703649     1.007825032230
      Gh(N)           0.112134005013     2.380914837941     0.451231491068    14.003074004430
      Gh(H)           0.236134077492     1.185914189442     0.487231266001     1.007825032230
      Gh(H)           0.002134348336     2.531914860829    -0.736768711111     1.007825032230
      Gh(H)           0.910134340706     2.866913945301     0.798231136301     1.007825032230
      Gh(C)          -1.000865911064     2.929914624317     1.233231079081    12.000000000000
      Gh(H)          -1.702866052208     2.189914853199     1.409231197336     1.007825032230
      Gh(C)          -0.626865838585     3.554914624317     2.545230876902    12.000000000000
      Gh(H)          -1.574865792808     3.951913983448     2.972230922678     1.007825032230
      Gh(O)           0.126133943978     4.769914776905     2.402231227854    15.994914619570
      Gh(H)           1.047133947792     4.528914601429     2.156230937937     1.007825032230
      Gh(C)           0.094134355965     2.639914662464     3.615231525400    12.000000000000
      Gh(H)           1.101134325447     2.157914311512     3.391231548288     1.007825032230
      Gh(H)          -0.607865785179     1.808914334400     3.816231739023     1.007825032230
      Gh(H)           0.112134005013     3.238914639576     4.562231075266     1.007825032230
      Gh(C)          -1.701865647850     3.974914700611     0.251231204966    12.000000000000
      Gh(O)          -2.934865449485     3.901914746388     0.199231159189    15.994914619570
      Gh(H)          -1.129178021965     4.707192570790    -0.336814392111     1.007825032230

  Running in c1 symmetry.

  Rotational constants: A =      0.03755  B =      0.00429  C =      0.00404 [cm^-1]
  Rotational constants: A =   1125.65427  B =    128.66522  C =    121.23239 [MHz]
  Nuclear repulsion =  187.981309453174021

  Charge       = 1
  Multiplicity = 1
  Electrons    = 40
  Nalpha       = 20
  Nbeta        = 20

  ==> Algorithm <==

  SCF Algorithm Type is DF.
  DIIS enabled.
  MOM disabled.
  Fractional occupation disabled.
  Guess Type is SAD.
  Energy threshold   = 1.00e-08
  Density threshold  = 1.00e-08
  Integral threshold = 1.00e-12

  ==> Primary Basis <==

  Basis Set: JUN-CC-PVDZ
    Blend: JUN-CC-PVDZ
    Number of shells: 150
    Number of basis functions: 306
    Number of Cartesian functions: 318
    Spherical Harmonics?: true
    Max angular momentum: 2

   => Loading Basis Set <=

    Name: (JUN-CC-PVDZ AUX)
    Role: JKFIT
    Keyword: DF_BASIS_SCF
    atoms 1, 14                                          entry N          line   202 file /home/alia/anaconda3/envs/mddemo/share/psi4/basis/jun-cc-pvdz-jkfit.gbs 
    atoms 2-4, 6, 8-10, 13, 15-17, 19, 21, 23, 25-27, 30 entry H          line    70 file /home/alia/anaconda3/envs/mddemo/share/psi4/basis/jun-cc-pvdz-jkfit.gbs 
    atoms 5, 7, 11, 18, 20, 24, 28                       entry C          line   146 file /home/alia/anaconda3/envs/mddemo/share/psi4/basis/jun-cc-pvdz-jkfit.gbs 
    atoms 12, 22, 29                                     entry O          line   258 file /home/alia/anaconda3/envs/mddemo/share/psi4/basis/jun-cc-pvdz-jkfit.gbs 

  ==> Integral Setup <==

  ==> DiskDFJK: Density-Fitted J/K Matrices <==

    J tasked:                  Yes
    K tasked:                  Yes
    wK tasked:                  No
    OpenMP threads:             32
    Integrals threads:          32
    Memory [MiB]:            57220
    Algorithm:                Core
    Integral Cache:           LOAD
    Schwarz Cutoff:          1E-12
    Fitting Condition:       1E-10

   => Auxiliary Basis Set <=

  Basis Set: (JUN-CC-PVDZ AUX)
    Blend: JUN-CC-PVDZ-JKFIT
    Number of shells: 486
    Number of basis functions: 1362
    Number of Cartesian functions: 1542
    Spherical Harmonics?: true
    Max angular momentum: 3

  Minimum eigenvalue in the overlap matrix is 5.4248662487E-05.
  Reciprocal condition number of the overlap matrix is 4.7844115988E-06.
    Using symmetric orthogonalization.

  ==> Pre-Iterations <==

  SCF Guess: Superposition of Atomic Densities via on-the-fly atomic UHF (no occupation information).

   -------------------------
    Irrep   Nso     Nmo    
   -------------------------
     A        306     306 
   -------------------------
    Total     306     306
   -------------------------

  ==> Iterations <==

                           Total Energy        Delta E     RMS |[F,P]|

   @DF-RHF iter SAD:  -246.80063769175931   -2.46801e+02   0.00000e+00 
   @DF-RHF iter   1:  -247.12942802174265   -3.28790e-01   1.75421e-03 DIIS
   @DF-RHF iter   2:  -247.25725801163418   -1.27830e-01   1.08789e-03 DIIS
   @DF-RHF iter   3:  -247.29898474725195   -4.17267e-02   2.51778e-04 DIIS
   @DF-RHF iter   4:  -247.30264192699423   -3.65718e-03   8.90166e-05 DIIS
   @DF-RHF iter   5:  -247.30312454286701   -4.82616e-04   1.97388e-05 DIIS
   @DF-RHF iter   6:  -247.30317385061994   -4.93078e-05   8.65379e-06 DIIS
   @DF-RHF iter   7:  -247.30318241654959   -8.56593e-06   4.20643e-06 DIIS
   @DF-RHF iter   8:  -247.30318457697132   -2.16042e-06   1.49234e-06 DIIS
   @DF-RHF iter   9:  -247.30318485031052   -2.73339e-07   3.23600e-07 DIIS
   @DF-RHF iter  10:  -247.30318486191794   -1.16074e-08   9.85275e-08 DIIS
   @DF-RHF iter  11:  -247.30318486297676   -1.05882e-09   2.25297e-08 DIIS
   @DF-RHF iter  12:  -247.30318486303011   -5.33475e-11   6.55570e-09 DIIS
  Energy and wave function converged.


  ==> Post-Iterations <==

    Orbital Energies [Eh]
    ---------------------

    Doubly Occupied:                                                      

       1A    -20.753728     2A    -15.927581     3A    -11.531761  
       4A    -11.502400     5A    -11.431809     6A     -1.569672  
       7A     -1.499511     8A     -1.247166     9A     -1.098733  
      10A     -1.013871    11A     -0.962996    12A     -0.915711  
      13A     -0.872436    14A     -0.822153    15A     -0.810570  
      16A     -0.744111    17A     -0.737352    18A     -0.717313  
      19A     -0.677961    20A     -0.613643  

    Virtual:                                                              

      21A     -0.117572    22A     -0.074458    23A     -0.071221  
      24A     -0.055612    25A     -0.048251    26A     -0.032694  
      27A     -0.027754    28A     -0.025549    29A     -0.012023  
      30A     -0.010625    31A     -0.001685    32A     -0.000721  
      33A      0.008081    34A      0.011966    35A      0.020771  
      36A      0.028348    37A      0.030316    38A      0.032864  
      39A      0.042010    40A      0.047202    41A      0.049067  
      42A      0.051844    43A      0.058127    44A      0.066082  
      45A      0.072391    46A      0.081600    47A      0.083121  
      48A      0.086433    49A      0.091943    50A      0.097461  
      51A      0.104509    52A      0.110637    53A      0.112936  
      54A      0.123442    55A      0.132494    56A      0.143836  
      57A      0.148028    58A      0.150954    59A      0.154094  
      60A      0.158821    61A      0.166800    62A      0.167646  
      63A      0.168996    64A      0.180028    65A      0.190290  
      66A      0.193977    67A      0.197193    68A      0.205639  
      69A      0.219162    70A      0.225309    71A      0.232005  
      72A      0.238377    73A      0.245136    74A      0.246773  
      75A      0.253082    76A      0.264404    77A      0.277005  
      78A      0.289405    79A      0.292839    80A      0.309420  
      81A      0.313168    82A      0.320072    83A      0.331299  
      84A      0.340797    85A      0.356406    86A      0.368909  
      87A      0.385204    88A      0.391515    89A      0.404513  
      90A      0.434390    91A      0.435677    92A      0.446730  
      93A      0.458562    94A      0.486340    95A      0.505942  
      96A      0.511766    97A      0.532130    98A      0.549706  
      99A      0.552639   100A      0.561566   101A      0.565438  
     102A      0.567502   103A      0.582468   104A      0.589618  
     105A      0.607189   106A      0.610298   107A      0.640963  
     108A      0.655857   109A      0.657960   110A      0.663240  
     111A      0.681950   112A      0.688273   113A      0.695310  
     114A      0.701988   115A      0.718633   116A      0.720973  
     117A      0.730238   118A      0.745931   119A      0.748708  
     120A      0.762554   121A      0.789415   122A      0.792760  
     123A      0.799928   124A      0.815271   125A      0.829290  
     126A      0.845951   127A      0.857462   128A      0.872805  
     129A      0.897256   130A      0.906925   131A      0.913568  
     132A      0.918271   133A      0.929409   134A      0.948153  
     135A      0.955732   136A      0.978983   137A      0.985331  
     138A      1.001143   139A      1.028344   140A      1.071683  
     141A      1.124749   142A      1.125418   143A      1.196131  
     144A      1.201575   145A      1.250999   146A      1.278407  
     147A      1.314347   148A      1.327514   149A      1.344880  
     150A      1.388099   151A      1.401323   152A      1.452234  
     153A      1.490453   154A      1.506328   155A      1.514073  
     156A      1.521106   157A      1.557171   158A      1.589528  
     159A      1.595192   160A      1.605150   161A      1.628140  
     162A      1.650285   163A      1.665001   164A      1.678378  
     165A      1.686063   166A      1.690391   167A      1.705752  
     168A      1.709341   169A      1.715813   170A      1.726086  
     171A      1.740861   172A      1.744503   173A      1.757274  
     174A      1.763799   175A      1.783318   176A      1.805837  
     177A      1.810344   178A      1.830744   179A      1.833600  
     180A      1.842291   181A      1.850025   182A      1.868858  
     183A      1.875239   184A      1.877216   185A      1.895572  
     186A      1.909866   187A      1.914134   188A      1.926140  
     189A      1.940201   190A      1.957772   191A      1.979292  
     192A      1.989077   193A      1.993536   194A      2.004092  
     195A      2.005025   196A      2.024032   197A      2.040799  
     198A      2.046089   199A      2.059085   200A      2.077176  
     201A      2.078293   202A      2.110019   203A      2.114986  
     204A      2.138548   205A      2.149874   206A      2.155510  
     207A      2.184745   208A      2.199276   209A      2.211417  
     210A      2.214071   211A      2.227138   212A      2.228153  
     213A      2.269262   214A      2.281510   215A      2.292436  
     216A      2.319056   217A      2.327874   218A      2.355111  
     219A      2.376704   220A      2.380826   221A      2.397749  
     222A      2.420758   223A      2.429462   224A      2.443429  
     225A      2.464674   226A      2.465587   227A      2.491340  
     228A      2.514932   229A      2.523609   230A      2.533091  
     231A      2.568911   232A      2.576185   233A      2.599074  
     234A      2.612382   235A      2.622872   236A      2.649271  
     237A      2.664539   238A      2.693870   239A      2.712114  
     240A      2.733662   241A      2.739542   242A      2.772316  
     243A      2.777625   244A      2.784588   245A      2.839186  
     246A      2.852908   247A      2.863268   248A      2.882801  
     249A      2.899252   250A      2.922916   251A      2.954758  
     252A      2.963187   253A      2.983352   254A      3.017215  
     255A      3.053380   256A      3.110369   257A      3.110873  
     258A      3.140408   259A      3.258933   260A      3.259729  
     261A      3.313991   262A      3.387753   263A      3.445163  
     264A      3.490035   265A      3.521718   266A      3.535102  
     267A      3.631586   268A      3.638925   269A      3.711909  
     270A      3.753546   271A      3.912416   272A      3.941775  
     273A      4.006545   274A      4.168021   275A      4.176037  
     276A      4.272009   277A      4.405794   278A      4.448401  
     279A      4.556471   280A      4.597984   281A      4.620910  
     282A      4.650493   283A      4.722445   284A      4.799625  
     285A      4.822818   286A      4.846124   287A      4.879840  
     288A      4.996316   289A      5.061891   290A      5.229752  
     291A      5.332915   292A      5.469251   293A      5.554907  
     294A      5.650034   295A      5.747288   296A      5.881816  
     297A      5.955894   298A      6.607691   299A      6.678078  
     300A     18.156551   301A     18.333002   302A     18.411632  
     303A     18.564903   304A     25.316131   305A     33.437198  
     306A     33.462114  

    Final Occupation by Irrep:
              A 
    DOCC [    20 ]

  @DF-RHF Final Energy:  -247.30318486303011

   => Energetics <=

    Nuclear Repulsion Energy =            187.9813094531740205
    One-Electron Energy =                -699.6680363662973150
    Two-Electron Energy =                 264.3835420500931832
    Total Energy =                       -247.3031848630300829

Computation Completed


Properties will be evaluated at   0.000000,   0.000000,   0.000000 [a0]

Properties computed using the SCF density matrix

  Nuclear Dipole Moment: [e a0]
     X:    89.9443      Y:  -376.0969      Z:  -159.7044

  Electronic Dipole Moment: [e a0]
     X:   -88.2429      Y:   366.1711      Z:   158.0417

  Dipole Moment: [e a0]
     X:     1.7015      Y:    -9.9258      Z:    -1.6627     Total:    10.2069

  Dipole Moment: [D]
     X:     4.3247      Y:   -25.2288      Z:    -4.2262     Total:    25.9433


*** tstop() called on aliaconda at Sun Mar 20 05:37:26 2022
Module time:
	user time   =     176.11 seconds =       2.94 minutes
	system time =      19.24 seconds =       0.32 minutes
	total time  =          9 seconds =       0.15 minutes
Total time:
	user time   =   71040.56 seconds =    1184.01 minutes
	system time =    9897.12 seconds =     164.95 minutes
	total time  =       4429 seconds =      73.82 minutes

  //>>>>>>>>>>>>>>>>>>>>>>>>>>>>>>>>>>>//
  //            Monomer B HF           //
  //<<<<<<<<<<<<<<<<<<<<<<<<<<<<<<<<<<<//


*** tstart() called on aliaconda
*** at Sun Mar 20 05:37:26 2022

   => Loading Basis Set <=

    Name: JUN-CC-PVDZ
    Role: ORBITAL
    Keyword: BASIS
    atoms 1, 14                                          entry N          line   198 file /home/alia/anaconda3/envs/mddemo/share/psi4/basis/jun-cc-pvdz.gbs 
    atoms 2-4, 6, 8-10, 13, 15-17, 19, 21, 23, 25-27, 30 entry H          line    36 file /home/alia/anaconda3/envs/mddemo/share/psi4/basis/jun-cc-pvdz.gbs 
    atoms 5, 7, 11, 18, 20, 24, 28                       entry C          line   164 file /home/alia/anaconda3/envs/mddemo/share/psi4/basis/jun-cc-pvdz.gbs 
    atoms 12, 22, 29                                     entry O          line   232 file /home/alia/anaconda3/envs/mddemo/share/psi4/basis/jun-cc-pvdz.gbs 


         ---------------------------------------------------------
                                   SCF
               by Justin Turney, Rob Parrish, Andy Simmonett
                          and Daniel G. A. Smith
                              RHF Reference
                       32 Threads,  76293 MiB Core
         ---------------------------------------------------------

  ==> Geometry <==

    Molecular point group: c1
    Full point group: C1

    Geometry (in Angstrom), charge = 1, multiplicity = 1:

       Center              X                  Y                   Z               Mass       
    ------------   -----------------  -----------------  -----------------  -----------------
      Gh(N)           0.488133932534    -5.851085513012    -1.360768783590    14.003074004430
      Gh(H)          -0.531866048393    -6.033085673229    -1.969768512747     1.007825032230
      Gh(H)           0.074133898201    -6.058085768596    -0.249768722555     1.007825032230
      Gh(H)           1.189134146157    -6.550085633175    -1.595768917105     1.007825032230
      Gh(C)           1.043134237709    -4.530085413829    -1.524768817922    12.000000000000
      Gh(H)           0.470134283486    -3.823085635082    -0.969768512747     1.007825032230
      Gh(C)           2.490134025994    -4.623085825817    -1.048768508932    12.000000000000
      Gh(H)           3.054134155693    -5.331085532085    -1.730768669149     1.007825032230
      Gh(H)           2.571134115639    -5.014085619823     0.000231277445     1.007825032230
      Gh(H)           2.970134045067    -3.680085509197    -0.956768501303     1.007825032230
      Gh(C)           1.136134172860    -4.127085535900    -2.993768680593    12.000000000000
      Gh(O)           0.585134054604    -4.834085791485    -3.852768648168    15.994914619570
      Gh(H)           1.685133482399    -3.220482676403    -3.288167703649     1.007825032230
         N            0.112134005013     2.380914837941     0.451231491068    14.003074004430
         H            0.236134077492     1.185914189442     0.487231266001     1.007825032230
         H            0.002134348336     2.531914860829    -0.736768711111     1.007825032230
         H            0.910134340706     2.866913945301     0.798231136301     1.007825032230
         C           -1.000865911064     2.929914624317     1.233231079081    12.000000000000
         H           -1.702866052208     2.189914853199     1.409231197336     1.007825032230
         C           -0.626865838585     3.554914624317     2.545230876902    12.000000000000
         H           -1.574865792808     3.951913983448     2.972230922678     1.007825032230
         O            0.126133943978     4.769914776905     2.402231227854    15.994914619570
         H            1.047133947792     4.528914601429     2.156230937937     1.007825032230
         C            0.094134355965     2.639914662464     3.615231525400    12.000000000000
         H            1.101134325447     2.157914311512     3.391231548288     1.007825032230
         H           -0.607865785179     1.808914334400     3.816231739023     1.007825032230
         H            0.112134005013     3.238914639576     4.562231075266     1.007825032230
         C           -1.701865647850     3.974914700611     0.251231204966    12.000000000000
         O           -2.934865449485     3.901914746388     0.199231159189    15.994914619570
         H           -1.129178021965     4.707192570790    -0.336814392111     1.007825032230

  Running in c1 symmetry.

  Rotational constants: A =      0.03755  B =      0.00429  C =      0.00404 [cm^-1]
  Rotational constants: A =   1125.65427  B =    128.66522  C =    121.23239 [MHz]
  Nuclear repulsion =  326.685276424180586

  Charge       = 1
  Multiplicity = 1
  Electrons    = 56
  Nalpha       = 28
  Nbeta        = 28

  ==> Algorithm <==

  SCF Algorithm Type is DF.
  DIIS enabled.
  MOM disabled.
  Fractional occupation disabled.
  Guess Type is SAD.
  Energy threshold   = 1.00e-08
  Density threshold  = 1.00e-08
  Integral threshold = 1.00e-12

  ==> Primary Basis <==

  Basis Set: JUN-CC-PVDZ
    Blend: JUN-CC-PVDZ
    Number of shells: 150
    Number of basis functions: 306
    Number of Cartesian functions: 318
    Spherical Harmonics?: true
    Max angular momentum: 2

   => Loading Basis Set <=

    Name: (JUN-CC-PVDZ AUX)
    Role: JKFIT
    Keyword: DF_BASIS_SCF
    atoms 1, 14                                          entry N          line   202 file /home/alia/anaconda3/envs/mddemo/share/psi4/basis/jun-cc-pvdz-jkfit.gbs 
    atoms 2-4, 6, 8-10, 13, 15-17, 19, 21, 23, 25-27, 30 entry H          line    70 file /home/alia/anaconda3/envs/mddemo/share/psi4/basis/jun-cc-pvdz-jkfit.gbs 
    atoms 5, 7, 11, 18, 20, 24, 28                       entry C          line   146 file /home/alia/anaconda3/envs/mddemo/share/psi4/basis/jun-cc-pvdz-jkfit.gbs 
    atoms 12, 22, 29                                     entry O          line   258 file /home/alia/anaconda3/envs/mddemo/share/psi4/basis/jun-cc-pvdz-jkfit.gbs 

  ==> Integral Setup <==

  ==> DiskDFJK: Density-Fitted J/K Matrices <==

    J tasked:                  Yes
    K tasked:                  Yes
    wK tasked:                  No
    OpenMP threads:             32
    Integrals threads:          32
    Memory [MiB]:            57220
    Algorithm:                Core
    Integral Cache:           LOAD
    Schwarz Cutoff:          1E-12
    Fitting Condition:       1E-10

   => Auxiliary Basis Set <=

  Basis Set: (JUN-CC-PVDZ AUX)
    Blend: JUN-CC-PVDZ-JKFIT
    Number of shells: 486
    Number of basis functions: 1362
    Number of Cartesian functions: 1542
    Spherical Harmonics?: true
    Max angular momentum: 3

  Minimum eigenvalue in the overlap matrix is 5.4248662487E-05.
  Reciprocal condition number of the overlap matrix is 4.7844115988E-06.
    Using symmetric orthogonalization.

  ==> Pre-Iterations <==

  SCF Guess: Superposition of Atomic Densities via on-the-fly atomic UHF (no occupation information).

   -------------------------
    Irrep   Nso     Nmo    
   -------------------------
     A        306     306 
   -------------------------
    Total     306     306
   -------------------------

  ==> Iterations <==

                           Total Energy        Delta E     RMS |[F,P]|

   @DF-RHF iter SAD:  -360.38390299113740   -3.60384e+02   0.00000e+00 
   @DF-RHF iter   1:  -360.90798190633348   -5.24079e-01   2.19224e-03 DIIS
   @DF-RHF iter   2:  -361.09218166200714   -1.84200e-01   1.43175e-03 DIIS
   @DF-RHF iter   3:  -361.16339625172617   -7.12146e-02   3.01588e-04 DIIS
   @DF-RHF iter   4:  -361.16845033860795   -5.05409e-03   1.13588e-04 DIIS
   @DF-RHF iter   5:  -361.16917559992032   -7.25261e-04   2.75475e-05 DIIS
   @DF-RHF iter   6:  -361.16924772444031   -7.21245e-05   1.33274e-05 DIIS
   @DF-RHF iter   7:  -361.16926633703588   -1.86126e-05   5.64469e-06 DIIS
   @DF-RHF iter   8:  -361.16927057978000   -4.24274e-06   2.37106e-06 DIIS
   @DF-RHF iter   9:  -361.16927142550685   -8.45727e-07   7.46890e-07 DIIS
   @DF-RHF iter  10:  -361.16927153618002   -1.10673e-07   3.20921e-07 DIIS
   @DF-RHF iter  11:  -361.16927156273402   -2.65540e-08   1.64023e-07 DIIS
   @DF-RHF iter  12:  -361.16927157090811   -8.17408e-09   8.46006e-08 DIIS
   @DF-RHF iter  13:  -361.16927157333902   -2.43091e-09   3.34529e-08 DIIS
   @DF-RHF iter  14:  -361.16927157362232   -2.83308e-10   9.17896e-09 DIIS
  Energy and wave function converged.


  ==> Post-Iterations <==

    Orbital Energies [Eh]
    ---------------------

    Doubly Occupied:                                                      

       1A    -20.749645     2A    -20.743785     3A    -15.940446  
       4A    -11.527517     5A    -11.495940     6A    -11.482308  
       7A    -11.405977     8A     -1.561476     9A     -1.541778  
      10A     -1.506061    11A     -1.236770    12A     -1.140328  
      13A     -1.028715    14A     -1.009696    15A     -0.982021  
      16A     -0.904946    17A     -0.888420    18A     -0.846968  
      19A     -0.807034    20A     -0.805367    21A     -0.771569  
      22A     -0.760287    23A     -0.699958    24A     -0.692513  
      25A     -0.675319    26A     -0.660933    27A     -0.631709  
      28A     -0.592493  

    Virtual:                                                              

      29A     -0.134234    30A     -0.085275    31A     -0.071294  
      32A     -0.055983    33A     -0.048082    34A     -0.035668  
      35A     -0.030341    36A     -0.026448    37A     -0.022762  
      38A     -0.015300    39A     -0.012512    40A     -0.005485  
      41A     -0.003537    42A      0.000783    43A      0.007188  
      44A      0.018194    45A      0.026865    46A      0.030786  
      47A      0.037123    48A      0.039929    49A      0.043858  
      50A      0.046411    51A      0.047931    52A      0.049787  
      53A      0.053006    54A      0.061685    55A      0.069799  
      56A      0.078399    57A      0.089032    58A      0.095403  
      59A      0.098090    60A      0.104069    61A      0.107284  
      62A      0.113738    63A      0.122251    64A      0.130038  
      65A      0.139273    66A      0.143481    67A      0.144380  
      68A      0.149887    69A      0.156564    70A      0.160676  
      71A      0.164835    72A      0.175007    73A      0.181558  
      74A      0.187405    75A      0.189019    76A      0.192236  
      77A      0.196360    78A      0.203286    79A      0.207814  
      80A      0.216727    81A      0.227461    82A      0.235530  
      83A      0.242786    84A      0.261059    85A      0.266278  
      86A      0.269661    87A      0.286224    88A      0.291951  
      89A      0.293271    90A      0.303948    91A      0.312040  
      92A      0.318616    93A      0.328783    94A      0.346103  
      95A      0.354555    96A      0.356131    97A      0.359594  
      98A      0.373055    99A      0.380506   100A      0.388585  
     101A      0.420518   102A      0.424644   103A      0.445277  
     104A      0.458251   105A      0.502484   106A      0.514057  
     107A      0.527319   108A      0.542888   109A      0.552309  
     110A      0.574740   111A      0.583372   112A      0.602587  
     113A      0.613466   114A      0.622926   115A      0.633952  
     116A      0.645180   117A      0.657563   118A      0.664690  
     119A      0.676681   120A      0.682093   121A      0.685411  
     122A      0.705873   123A      0.717779   124A      0.729514  
     125A      0.745407   126A      0.748041   127A      0.758692  
     128A      0.764606   129A      0.776577   130A      0.792476  
     131A      0.793633   132A      0.814950   133A      0.828147  
     134A      0.835114   135A      0.849556   136A      0.854252  
     137A      0.872739   138A      0.879724   139A      0.895586  
     140A      0.898186   141A      0.916089   142A      0.922773  
     143A      0.928501   144A      0.942673   145A      0.973110  
     146A      0.993171   147A      1.008283   148A      1.089053  
     149A      1.152305   150A      1.172986   151A      1.180104  
     152A      1.209896   153A      1.253243   154A      1.268524  
     155A      1.294848   156A      1.324922   157A      1.330320  
     158A      1.344327   159A      1.352620   160A      1.374657  
     161A      1.379455   162A      1.411451   163A      1.422437  
     164A      1.469963   165A      1.483720   166A      1.488216  
     167A      1.497840   168A      1.512521   169A      1.530835  
     170A      1.532439   171A      1.584958   172A      1.589383  
     173A      1.605977   174A      1.620546   175A      1.636962  
     176A      1.657698   177A      1.665410   178A      1.678224  
     179A      1.681525   180A      1.690988   181A      1.693894  
     182A      1.703488   183A      1.737605   184A      1.740086  
     185A      1.748107   186A      1.757705   187A      1.760841  
     188A      1.765172   189A      1.787304   190A      1.795401  
     191A      1.803380   192A      1.813806   193A      1.825663  
     194A      1.838631   195A      1.841354   196A      1.869957  
     197A      1.889225   198A      1.891039   199A      1.911422  
     200A      1.922375   201A      1.926193   202A      1.943800  
     203A      1.944719   204A      1.968290   205A      1.975373  
     206A      1.984179   207A      2.001333   208A      2.017374  
     209A      2.023188   210A      2.033723   211A      2.043941  
     212A      2.068931   213A      2.084025   214A      2.087597  
     215A      2.100473   216A      2.116417   217A      2.124864  
     218A      2.148310   219A      2.167397   220A      2.181591  
     221A      2.185654   222A      2.196478   223A      2.216644  
     224A      2.228384   225A      2.258060   226A      2.270513  
     227A      2.290252   228A      2.307055   229A      2.312949  
     230A      2.317251   231A      2.327912   232A      2.381309  
     233A      2.392571   234A      2.418187   235A      2.428655  
     236A      2.445404   237A      2.451855   238A      2.453532  
     239A      2.478018   240A      2.524482   241A      2.529535  
     242A      2.553499   243A      2.556715   244A      2.588098  
     245A      2.604746   246A      2.631662   247A      2.654735  
     248A      2.671275   249A      2.678133   250A      2.689424  
     251A      2.691418   252A      2.744894   253A      2.750906  
     254A      2.773863   255A      2.781518   256A      2.829345  
     257A      2.832737   258A      2.837790   259A      2.883849  
     260A      2.889083   261A      2.932208   262A      2.935022  
     263A      3.010342   264A      3.045803   265A      3.081820  
     266A      3.089384   267A      3.108927   268A      3.146724  
     269A      3.238087   270A      3.249181   271A      3.268508  
     272A      3.283339   273A      3.306552   274A      3.414268  
     275A      3.473132   276A      3.517794   277A      3.550328  
     278A      3.593006   279A      3.644115   280A      3.775801  
     281A      3.792065   282A      3.926260   283A      3.937515  
     284A      3.979432   285A      4.158998   286A      4.166676  
     287A      4.281842   288A      4.435194   289A      4.609430  
     290A      4.631224   291A      4.768173   292A      4.829607  
     293A      4.858126   294A      5.015985   295A      5.065277  
     296A      5.237787   297A      5.439287   298A      5.531485  
     299A      5.692992   300A      5.816162   301A      6.582866  
     302A     18.169386   303A     18.354277   304A     18.560496  
     305A     25.321458   306A     33.423394  

    Final Occupation by Irrep:
              A 
    DOCC [    28 ]

  @DF-RHF Final Energy:  -361.16927157362232

   => Energetics <=

    Nuclear Repulsion Energy =            326.6852764241805858
    One-Electron Energy =               -1129.5291271000214692
    Two-Electron Energy =                 441.6745791022186154
    Total Energy =                       -361.1692715736223249

Computation Completed


Properties will be evaluated at   0.000000,   0.000000,   0.000000 [a0]

Properties computed using the SCF density matrix

  Nuclear Dipole Moment: [e a0]
     X:   -80.6982      Y:   366.2429      Z:   166.9746

  Electronic Dipole Moment: [e a0]
     X:    81.7646      Y:  -362.1570      Z:  -165.5022

  Dipole Moment: [e a0]
     X:     1.0664      Y:     4.0860      Z:     1.4723     Total:     4.4721

  Dipole Moment: [D]
     X:     2.7105      Y:    10.3855      Z:     3.7423     Total:    11.3670


*** tstop() called on aliaconda at Sun Mar 20 05:37:36 2022
Module time:
	user time   =     228.32 seconds =       3.81 minutes
	system time =      25.83 seconds =       0.43 minutes
	total time  =         10 seconds =       0.17 minutes
Total time:
	user time   =   71269.02 seconds =    1187.82 minutes
	system time =    9922.99 seconds =     165.38 minutes
	total time  =       4439 seconds =      73.98 minutes
  Constructing Basis Sets for SAPT...

   => Loading Basis Set <=

    Name: (JUN-CC-PVDZ AUX)
    Role: RIFIT
    Keyword: DF_BASIS_SAPT
    atoms 1, 14                                          entry N          line   144 file /home/alia/anaconda3/envs/mddemo/share/psi4/basis/jun-cc-pvdz-ri.gbs 
    atoms 2-4, 6, 8-10, 13, 15-17, 19, 21, 23, 25-27, 30 entry H          line    30 file /home/alia/anaconda3/envs/mddemo/share/psi4/basis/jun-cc-pvdz-ri.gbs 
    atoms 5, 7, 11, 18, 20, 24, 28                       entry C          line   100 file /home/alia/anaconda3/envs/mddemo/share/psi4/basis/jun-cc-pvdz-ri.gbs 
    atoms 12, 22, 29                                     entry O          line   188 file /home/alia/anaconda3/envs/mddemo/share/psi4/basis/jun-cc-pvdz-ri.gbs 


  //>>>>>>>>>>>>>>>>>>>>>>>>>>>>>>>>>>>//
  //               SAPT0               //
  //<<<<<<<<<<<<<<<<<<<<<<<<<<<<<<<<<<<//


*** tstart() called on aliaconda
*** at Sun Mar 20 05:37:37 2022

        SAPT0  
    Ed Hohenstein
     6 June 2009

      Orbital Information
  --------------------------
    NSO        =       306
    NMO        =       306
    NRI        =      1032
    NOCC A     =        20
    NOCC B     =        28
    FOCC A     =         0
    FOCC B     =         0
    NVIR A     =       286
    NVIR B     =       278

    Elst10,r            =     0.069602414533 [Eh]
    Exch10              =    -0.000000037531 [Eh]
    Exch10 (S^2)        =    -0.000000037531 [Eh]

    Iter     Energy [mEh]          dE [mEh]         Residual      Time [s]
       1      -0.46106874       0.461068742       6.590004721             0
       2      -0.44133672      -0.019732025       2.035310800             1
       3      -0.47235740       0.031020683       0.839626585             1
       4      -0.48411956       0.011762157       0.225976127             2
       5      -0.48223647      -0.001883090       0.126308022             2
       6      -0.48150302      -0.000733448       0.034975623             3
       7      -0.48174341       0.000240394       0.011519787             4
       8      -0.48178922       0.000045806       0.004193054             4
       9      -0.48176953      -0.000019690       0.002493522             5
      10      -0.48176585      -0.000003684       0.000890368             5
      11      -0.48177001       0.000004166       0.000278559             6
      12      -0.48177023       0.000000215       0.000071743             6
      13      -0.48176990      -0.000000330       0.000017654             7
      14      -0.48176989      -0.000000003       0.000005486             7
      15      -0.48176991       0.000000017       0.000002087             8
      16      -0.48176991       0.000000000       0.000000760             9

    CHF Iterations converged


    Iter     Energy [mEh]          dE [mEh]         Residual      Time [s]
       1      -0.32338398       0.323383976       4.163353972             0
       2      -0.33928877       0.015904793       1.844019819             1
       3      -0.36563565       0.026346883       0.608902823             1
       4      -0.37038098       0.004745334       0.158448339             2
       5      -0.36957812      -0.000802862       0.092634855             2
       6      -0.36894950      -0.000628624       0.029583993             3
       7      -0.36902828       0.000078777       0.015396429             3
       8      -0.36912177       0.000093498       0.004850066             4
       9      -0.36910305      -0.000018726       0.002569976             5
      10      -0.36909461      -0.000008442       0.001237182             5
      11      -0.36909910       0.000004492       0.000564167             6
      12      -0.36910012       0.000001020       0.000179338             6
      13      -0.36909963      -0.000000485       0.000056004             7
      14      -0.36909948      -0.000000151       0.000014046             7
      15      -0.36909952       0.000000033       0.000004365             8
      16      -0.36909952       0.000000009       0.000001092             8
      17      -0.36909952      -0.000000002       0.000000317             9

    CHF Iterations converged

    Ind20,r (A<-B)      =    -0.000481769911 [Eh]
    Ind20,r (B<-A)      =    -0.000369099523 [Eh]
    Ind20,r             =    -0.000850869434 [Eh]
    Exch-Ind20,r (A<-B) =     0.000000006674 [Eh]
    Exch-Ind20,r (B<-A) =     0.000000007928 [Eh]
    Exch-Ind20,r        =     0.000000014602 [Eh]
    Disp20              =    -0.000072059656 [Eh]
    Disp20 (SS)         =    -0.000036029828 [Eh]
    Disp20 (OS)         =    -0.000036029828 [Eh]
    Exch-Disp20         =     0.000000005310 [Eh]
    Exch-Disp20 (SS)    =     0.000000003726 [Eh]
    Exch-Disp20 (OS)    =     0.000000001584 [Eh]

    SAPT Results 
  --------------------------------------------------------------------------------------------------------
    Electrostatics                 69.60241453 [mEh]      43.67617452 [kcal/mol]     182.74111418 [kJ/mol]
      Elst10,r                     69.60241453 [mEh]      43.67617452 [kcal/mol]     182.74111418 [kJ/mol]

    Exchange                       -0.00003753 [mEh]      -0.00002355 [kcal/mol]      -0.00009854 [kJ/mol]
      Exch10                       -0.00003753 [mEh]      -0.00002355 [kcal/mol]      -0.00009854 [kJ/mol]
      Exch10(S^2)                  -0.00003753 [mEh]      -0.00002355 [kcal/mol]      -0.00009854 [kJ/mol]

    Induction                      -0.83685442 [mEh]      -0.52513408 [kcal/mol]      -2.19716099 [kJ/mol]
      Ind20,r                      -0.85086943 [mEh]      -0.53392863 [kcal/mol]      -2.23395739 [kJ/mol]
      Exch-Ind20,r                  0.00001460 [mEh]       0.00000916 [kcal/mol]       0.00003834 [kJ/mol]
      delta HF,r (2)                0.01400041 [mEh]       0.00878539 [kcal/mol]       0.03675806 [kJ/mol]

    Dispersion                     -0.07205435 [mEh]      -0.04521478 [kcal/mol]      -0.18917866 [kJ/mol]
      Disp20                       -0.07205966 [mEh]      -0.04521812 [kcal/mol]      -0.18919260 [kJ/mol]
      Exch-Disp20                   0.00000531 [mEh]       0.00000333 [kcal/mol]       0.00001394 [kJ/mol]
      Disp20 (SS)                  -0.03602983 [mEh]      -0.02260906 [kcal/mol]      -0.09459630 [kJ/mol]
      Disp20 (OS)                  -0.03602983 [mEh]      -0.02260906 [kcal/mol]      -0.09459630 [kJ/mol]
      Exch-Disp20 (SS)              0.00000373 [mEh]       0.00000234 [kcal/mol]       0.00000978 [kJ/mol]
      Exch-Disp20 (OS)              0.00000158 [mEh]       0.00000099 [kcal/mol]       0.00000416 [kJ/mol]

  Total HF                         68.76552258 [mEh]      43.15101689 [kcal/mol]     180.54385465 [kJ/mol]
  Total SAPT0                      68.69346823 [mEh]      43.10580210 [kcal/mol]     180.35467599 [kJ/mol]

  Special recipe for scaled SAPT0 (see Manual):
    Electrostatics sSAPT0          69.60241453 [mEh]      43.67617452 [kcal/mol]     182.74111418 [kJ/mol]
    Exchange sSAPT0                -0.00003753 [mEh]      -0.00002355 [kcal/mol]      -0.00009854 [kJ/mol]
    Induction sSAPT0               -0.83685442 [mEh]      -0.52513408 [kcal/mol]      -2.19716099 [kJ/mol]
    Dispersion sSAPT0              -0.07205435 [mEh]      -0.04521478 [kcal/mol]      -0.18917866 [kJ/mol]
  Total sSAPT0                     68.69346823 [mEh]      43.10580210 [kcal/mol]     180.35467599 [kJ/mol]
  --------------------------------------------------------------------------------------------------------

*** tstop() called on aliaconda at Sun Mar 20 05:38:25 2022
Module time:
	user time   =     665.85 seconds =      11.10 minutes
	system time =     112.10 seconds =       1.87 minutes
	total time  =         48 seconds =       0.80 minutes
Total time:
	user time   =   71937.45 seconds =    1198.96 minutes
	system time =   10035.59 seconds =     167.26 minutes
	total time  =       4488 seconds =      74.80 minutes


Warning! sapt0 does not have an associated derived wavefunction.The returned wavefunction is the dimer SCF wavefunction.


  Memory set to  74.506 GiB by Python driver.
  Threads set to 32 by Python driver.
