
Scratch directory: /tmp/

Scratch directory: /tmp/

  //>>>>>>>>>>>>>>>>>>>>>>>>>>>>>>>>>>>//
  //              Dimer HF             //
  //<<<<<<<<<<<<<<<<<<<<<<<<<<<<<<<<<<<//


*** tstart() called on aliaconda
*** at Sun Mar 20 05:18:49 2022

   => Loading Basis Set <=

    Name: JUN-CC-PVDZ
    Role: ORBITAL
    Keyword: BASIS
    atoms 1, 14                                          entry N          line   198 file /home/alia/anaconda3/envs/mddemo/share/psi4/basis/jun-cc-pvdz.gbs 
    atoms 2-4, 6, 8-10, 13, 15-17, 19, 21, 23, 25-27, 30 entry H          line    36 file /home/alia/anaconda3/envs/mddemo/share/psi4/basis/jun-cc-pvdz.gbs 
    atoms 5, 7, 11, 18, 20, 24, 28                       entry C          line   164 file /home/alia/anaconda3/envs/mddemo/share/psi4/basis/jun-cc-pvdz.gbs 
    atoms 12, 22, 29                                     entry O          line   232 file /home/alia/anaconda3/envs/mddemo/share/psi4/basis/jun-cc-pvdz.gbs 


         ---------------------------------------------------------
                                   SCF
               by Justin Turney, Rob Parrish, Andy Simmonett
                          and Daniel G. A. Smith
                              RHF Reference
                       32 Threads,  76293 MiB Core
         ---------------------------------------------------------

  ==> Geometry <==

    Molecular point group: c1
    Full point group: C1

    Geometry (in Angstrom), charge = 2, multiplicity = 1:

       Center              X                  Y                   Z               Mass       
    ------------   -----------------  -----------------  -----------------  -----------------
         N            0.379850754343    -5.313754134283    -1.267183748962    14.003074004430
         H            0.039850601755    -5.693754248724    -0.175183741332     1.007825032230
         H           -0.728149524130    -5.209754042730    -1.730183569671     1.007825032230
         H            0.885850796305    -5.946754031286    -1.707183329345     1.007825032230
         C            1.058850655161    -4.027753882513    -1.259183375121    12.000000000000
         H            0.539850601755    -3.248754077062    -0.767183748962     1.007825032230
         C            2.406850704752    -4.260754160986    -0.570183722259    12.000000000000
         H            2.929850706660    -5.014753871069    -1.146183459045     1.007825032230
         H            2.297850737177    -4.746754222021     0.449816258668     1.007825032230
         H            3.084850678049    -3.428753905401    -0.392183748962     1.007825032230
         C            1.191850552164    -3.556754164800    -2.723183600189    12.000000000000
         O            0.637850651346    -4.249754004583    -3.588183609725    15.994914619570
         H            1.752612957560    -2.647770457372    -2.986421076537     1.007825032230
         N            0.581850895487     2.191245980158     0.469816716431    14.003074004430
         H            0.942850479685     1.067246384516     0.692816289185     1.007825032230
         H            0.520850548350     2.130246109858    -0.731183497192     1.007825032230
         H            1.308850655161     2.865245766535     0.699816258668     1.007825032230
         C           -0.793149104513     2.635246224299     0.893816502808    12.000000000000
         H           -1.486149421133     1.754245705500     0.961816342591     1.007825032230
         C           -0.948149314321     3.112245507136     2.320816548585    12.000000000000
         H           -2.078149428762     3.341245598688     2.518816502808     1.007825032230
         O           -0.227149119772     4.343246407404     2.626816304444    15.994914619570
         H            0.761850723826     4.298246331110     2.351816685914     1.007825032230
         C           -0.494149318136     2.028245873347     3.270816357850    12.000000000000
         H            0.613850483500     1.997245736017     3.183816464661     1.007825032230
         H           -0.859149566091     0.966245598688     2.943816693543     1.007825032230
         H           -0.764149299062     2.369246430292     4.266816647767     1.007825032230
         C           -1.394149413503     3.634245819941    -0.016183344604    12.000000000000
         O           -2.592149367727     3.644246048823    -0.280183283569    15.994914619570
         H           -0.743963351644     4.395225472346    -0.472437826873     1.007825032230

  Running in c1 symmetry.

  Rotational constants: A =      0.03870  B =      0.00528  C =      0.00494 [cm^-1]
  Rotational constants: A =   1160.08670  B =    158.28105  C =    148.02501 [MHz]
  Nuclear repulsion =  664.936444328220205

  Charge       = 2
  Multiplicity = 1
  Electrons    = 96
  Nalpha       = 48
  Nbeta        = 48

  ==> Algorithm <==

  SCF Algorithm Type is DF.
  DIIS enabled.
  MOM disabled.
  Fractional occupation disabled.
  Guess Type is SAD.
  Energy threshold   = 1.00e-08
  Density threshold  = 1.00e-08
  Integral threshold = 1.00e-12

  ==> Primary Basis <==

  Basis Set: JUN-CC-PVDZ
    Blend: JUN-CC-PVDZ
    Number of shells: 150
    Number of basis functions: 306
    Number of Cartesian functions: 318
    Spherical Harmonics?: true
    Max angular momentum: 2

   => Loading Basis Set <=

    Name: (JUN-CC-PVDZ AUX)
    Role: JKFIT
    Keyword: DF_BASIS_SCF
    atoms 1, 14                                          entry N          line   202 file /home/alia/anaconda3/envs/mddemo/share/psi4/basis/jun-cc-pvdz-jkfit.gbs 
    atoms 2-4, 6, 8-10, 13, 15-17, 19, 21, 23, 25-27, 30 entry H          line    70 file /home/alia/anaconda3/envs/mddemo/share/psi4/basis/jun-cc-pvdz-jkfit.gbs 
    atoms 5, 7, 11, 18, 20, 24, 28                       entry C          line   146 file /home/alia/anaconda3/envs/mddemo/share/psi4/basis/jun-cc-pvdz-jkfit.gbs 
    atoms 12, 22, 29                                     entry O          line   258 file /home/alia/anaconda3/envs/mddemo/share/psi4/basis/jun-cc-pvdz-jkfit.gbs 

  ==> Integral Setup <==

  ==> DiskDFJK: Density-Fitted J/K Matrices <==

    J tasked:                  Yes
    K tasked:                  Yes
    wK tasked:                  No
    OpenMP threads:             32
    Integrals threads:          32
    Memory [MiB]:            57220
    Algorithm:                Core
    Integral Cache:           SAVE
    Schwarz Cutoff:          1E-12
    Fitting Condition:       1E-10

   => Auxiliary Basis Set <=

  Basis Set: (JUN-CC-PVDZ AUX)
    Blend: JUN-CC-PVDZ-JKFIT
    Number of shells: 486
    Number of basis functions: 1362
    Number of Cartesian functions: 1542
    Spherical Harmonics?: true
    Max angular momentum: 3

  Minimum eigenvalue in the overlap matrix is 5.4785362630E-05.
  Reciprocal condition number of the overlap matrix is 4.7720364998E-06.
    Using symmetric orthogonalization.

  ==> Pre-Iterations <==

  SCF Guess: Superposition of Atomic Densities via on-the-fly atomic UHF (no occupation information).

   -------------------------
    Irrep   Nso     Nmo    
   -------------------------
     A        306     306 
   -------------------------
    Total     306     306
   -------------------------

  ==> Iterations <==

                           Total Energy        Delta E     RMS |[F,P]|

   @DF-RHF iter SAD:  -607.24660902453286   -6.07247e+02   0.00000e+00 
   @DF-RHF iter   1:  -607.92243572323923   -6.75827e-01   2.84281e-03 DIIS
   @DF-RHF iter   2:  -608.24598285353909   -3.23547e-01   1.83115e-03 DIIS
   @DF-RHF iter   3:  -608.36420097883479   -1.18218e-01   3.96330e-04 DIIS
   @DF-RHF iter   4:  -608.37325384427595   -9.05287e-03   1.45775e-04 DIIS
   @DF-RHF iter   5:  -608.37451562671197   -1.26178e-03   3.50367e-05 DIIS
   @DF-RHF iter   6:  -608.37464107434482   -1.25448e-04   1.75619e-05 DIIS
   @DF-RHF iter   7:  -608.37466996566593   -2.88913e-05   7.66026e-06 DIIS
   @DF-RHF iter   8:  -608.37467690332824   -6.93766e-06   3.16833e-06 DIIS
   @DF-RHF iter   9:  -608.37467805462575   -1.15130e-06   1.11311e-06 DIIS
   @DF-RHF iter  10:  -608.37467818300581   -1.28380e-07   3.93382e-07 DIIS
   @DF-RHF iter  11:  -608.37467819829624   -1.52904e-08   1.55430e-07 DIIS
   @DF-RHF iter  12:  -608.37467820194274   -3.64651e-09   6.83443e-08 DIIS
   @DF-RHF iter  13:  -608.37467820305380   -1.11106e-09   3.76277e-08 DIIS
   @DF-RHF iter  14:  -608.37467820354141   -4.87603e-10   1.75105e-08 DIIS
   @DF-RHF iter  15:  -608.37467820364498   -1.03569e-10   5.65061e-09 DIIS
  Energy and wave function converged.


  ==> Post-Iterations <==

    Orbital Energies [Eh]
    ---------------------

    Doubly Occupied:                                                      

       1A    -20.833963     2A    -20.808509     3A    -20.804059  
       4A    -16.025539     5A    -15.994025     6A    -11.612431  
       7A    -11.585280     8A    -11.583028     9A    -11.572020  
      10A    -11.547129    11A    -11.505824    12A    -11.467685  
      13A     -1.653656    14A     -1.627059    15A     -1.587437  
      16A     -1.582510    17A     -1.563624    18A     -1.324252  
      19A     -1.323693    20A     -1.225372    21A     -1.182730  
      22A     -1.096892    23A     -1.084574    24A     -1.070901  
      25A     -1.047968    26A     -1.031304    27A     -0.985263  
      28A     -0.981570    29A     -0.966460    30A     -0.966087  
      31A     -0.903427    32A     -0.898498    33A     -0.884422  
      34A     -0.879025    35A     -0.860621    36A     -0.828706  
      37A     -0.826393    38A     -0.822606    39A     -0.811531  
      40A     -0.790893    41A     -0.774021    42A     -0.757385  
      43A     -0.751094    44A     -0.730814    45A     -0.715917  
      46A     -0.692221    47A     -0.687956    48A     -0.660317  

    Virtual:                                                              

      49A     -0.226083    50A     -0.189293    51A     -0.171301  
      52A     -0.165245    53A     -0.146008    54A     -0.141448  
      55A     -0.131085    56A     -0.126348    57A     -0.124745  
      58A     -0.112360    59A     -0.105070    60A     -0.098575  
      61A     -0.093285    62A     -0.090862    63A     -0.085285  
      64A     -0.079964    65A     -0.077753    66A     -0.074873  
      67A     -0.071256    68A     -0.068239    69A     -0.057156  
      70A     -0.050177    71A     -0.047070    72A     -0.041365  
      73A     -0.038288    74A     -0.033842    75A     -0.031261  
      76A     -0.026784    77A     -0.019122    78A     -0.013344  
      79A     -0.012882    80A     -0.008863    81A      0.000316  
      82A      0.017689    83A      0.019832    84A      0.027612  
      85A      0.029901    86A      0.036760    87A      0.038279  
      88A      0.043874    89A      0.052562    90A      0.057364  
      91A      0.065988    92A      0.069080    93A      0.079931  
      94A      0.083885    95A      0.090272    96A      0.091299  
      97A      0.094242    98A      0.102737    99A      0.109853  
     100A      0.116513   101A      0.128553   102A      0.131810  
     103A      0.133914   104A      0.141842   105A      0.147644  
     106A      0.151882   107A      0.154680   108A      0.157515  
     109A      0.163078   110A      0.170952   111A      0.178797  
     112A      0.190687   113A      0.201740   114A      0.208003  
     115A      0.215465   116A      0.223004   117A      0.232676  
     118A      0.236717   119A      0.253964   120A      0.268815  
     121A      0.273899   122A      0.290296   123A      0.309598  
     124A      0.329486   125A      0.357811   126A      0.373462  
     127A      0.440408   128A      0.462347   129A      0.471562  
     130A      0.489607   131A      0.498882   132A      0.507987  
     133A      0.526981   134A      0.529590   135A      0.552403  
     136A      0.556525   137A      0.569263   138A      0.578288  
     139A      0.584386   140A      0.599103   141A      0.614999  
     142A      0.618407   143A      0.624934   144A      0.627894  
     145A      0.638942   146A      0.650525   147A      0.662696  
     148A      0.664740   149A      0.673200   150A      0.679329  
     151A      0.689886   152A      0.702123   153A      0.707291  
     154A      0.711444   155A      0.720614   156A      0.723440  
     157A      0.725933   158A      0.742797   159A      0.752320  
     160A      0.760577   161A      0.778069   162A      0.800053  
     163A      0.806266   164A      0.812359   165A      0.823635  
     166A      0.838446   167A      0.850877   168A      0.858680  
     169A      0.866542   170A      0.872812   171A      0.880380  
     172A      0.894523   173A      0.916662   174A      0.942797  
     175A      0.968425   176A      1.008983   177A      1.032050  
     178A      1.051614   179A      1.087005   180A      1.097301  
     181A      1.143661   182A      1.148741   183A      1.168787  
     184A      1.175982   185A      1.190435   186A      1.193299  
     187A      1.241828   188A      1.246943   189A      1.254798  
     190A      1.262298   191A      1.271109   192A      1.282241  
     193A      1.290831   194A      1.298520   195A      1.315844  
     196A      1.322566   197A      1.325567   198A      1.327797  
     199A      1.337293   200A      1.356129   201A      1.376477  
     202A      1.399217   203A      1.434631   204A      1.439666  
     205A      1.447834   206A      1.460023   207A      1.467976  
     208A      1.520399   209A      1.523905   210A      1.550822  
     211A      1.560469   212A      1.573538   213A      1.581567  
     214A      1.600712   215A      1.610748   216A      1.613744  
     217A      1.614971   218A      1.632518   219A      1.639522  
     220A      1.641238   221A      1.650016   222A      1.666152  
     223A      1.672130   224A      1.699484   225A      1.700575  
     226A      1.723875   227A      1.730965   228A      1.735787  
     229A      1.736739   230A      1.757157   231A      1.757314  
     232A      1.769757   233A      1.789275   234A      1.794540  
     235A      1.800665   236A      1.818888   237A      1.823461  
     238A      1.825228   239A      1.846438   240A      1.849747  
     241A      1.877860   242A      1.907865   243A      1.917752  
     244A      1.935376   245A      1.943766   246A      1.964961  
     247A      1.975993   248A      2.004231   249A      2.008271  
     250A      2.039230   251A      2.054489   252A      2.062914  
     253A      2.083521   254A      2.101558   255A      2.116437  
     256A      2.139299   257A      2.151759   258A      2.159583  
     259A      2.186099   260A      2.215854   261A      2.216164  
     262A      2.269229   263A      2.288042   264A      2.309460  
     265A      2.324349   266A      2.343601   267A      2.359069  
     268A      2.368765   269A      2.403996   270A      2.435925  
     271A      2.438272   272A      2.457440   273A      2.466261  
     274A      2.490175   275A      2.511912   276A      2.515035  
     277A      2.540362   278A      2.560043   279A      2.587012  
     280A      2.608763   281A      2.633772   282A      2.665136  
     283A      2.669128   284A      2.685548   285A      2.695989  
     286A      2.711970   287A      2.796601   288A      2.835407  
     289A      2.855249   290A      2.866793   291A      2.901956  
     292A      2.932247   293A      2.976916   294A      3.000113  
     295A      3.024907   296A      3.149670   297A      3.157441  
     298A      3.162989   299A      3.224359   300A      3.227746  
     301A      3.461389   302A      3.483512   303A      3.517029  
     304A      3.677669   305A      3.748438   306A      3.824182  

    Final Occupation by Irrep:
              A 
    DOCC [    48 ]

  @DF-RHF Final Energy:  -608.37467820364498

   => Energetics <=

    Nuclear Repulsion Energy =            664.9364443282202046
    One-Electron Energy =               -2122.7888577144867668
    Two-Electron Energy =                 849.4777351826215863
    Total Energy =                       -608.3746782036449758

Computation Completed


Properties will be evaluated at   0.000000,   0.000000,   0.000000 [a0]

Properties computed using the SCF density matrix

  Nuclear Dipole Moment: [e a0]
     X:     8.4420      Y:   -10.0532      Z:     7.4597

  Electronic Dipole Moment: [e a0]
     X:    -5.2680      Y:     4.7293      Z:    -7.5450

  Dipole Moment: [e a0]
     X:     3.1740      Y:    -5.3239      Z:    -0.0853     Total:     6.1988

  Dipole Moment: [D]
     X:     8.0674      Y:   -13.5321      Z:    -0.2168     Total:    15.7559


*** tstop() called on aliaconda at Sun Mar 20 05:19:04 2022
Module time:
	user time   =     328.83 seconds =       5.48 minutes
	system time =      38.55 seconds =       0.64 minutes
	total time  =         15 seconds =       0.25 minutes
Total time:
	user time   =   52313.55 seconds =     871.89 minutes
	system time =    7238.33 seconds =     120.64 minutes
	total time  =       3327 seconds =      55.45 minutes

  //>>>>>>>>>>>>>>>>>>>>>>>>>>>>>>>>>>>//
  //            Monomer A HF           //
  //<<<<<<<<<<<<<<<<<<<<<<<<<<<<<<<<<<<//


*** tstart() called on aliaconda
*** at Sun Mar 20 05:19:04 2022

   => Loading Basis Set <=

    Name: JUN-CC-PVDZ
    Role: ORBITAL
    Keyword: BASIS
    atoms 1, 14                                          entry N          line   198 file /home/alia/anaconda3/envs/mddemo/share/psi4/basis/jun-cc-pvdz.gbs 
    atoms 2-4, 6, 8-10, 13, 15-17, 19, 21, 23, 25-27, 30 entry H          line    36 file /home/alia/anaconda3/envs/mddemo/share/psi4/basis/jun-cc-pvdz.gbs 
    atoms 5, 7, 11, 18, 20, 24, 28                       entry C          line   164 file /home/alia/anaconda3/envs/mddemo/share/psi4/basis/jun-cc-pvdz.gbs 
    atoms 12, 22, 29                                     entry O          line   232 file /home/alia/anaconda3/envs/mddemo/share/psi4/basis/jun-cc-pvdz.gbs 


         ---------------------------------------------------------
                                   SCF
               by Justin Turney, Rob Parrish, Andy Simmonett
                          and Daniel G. A. Smith
                              RHF Reference
                       32 Threads,  76293 MiB Core
         ---------------------------------------------------------

  ==> Geometry <==

    Molecular point group: c1
    Full point group: C1

    Geometry (in Angstrom), charge = 1, multiplicity = 1:

       Center              X                  Y                   Z               Mass       
    ------------   -----------------  -----------------  -----------------  -----------------
         N            0.379850754343    -5.313754134283    -1.267183748962    14.003074004430
         H            0.039850601755    -5.693754248724    -0.175183741332     1.007825032230
         H           -0.728149524130    -5.209754042730    -1.730183569671     1.007825032230
         H            0.885850796305    -5.946754031286    -1.707183329345     1.007825032230
         C            1.058850655161    -4.027753882513    -1.259183375121    12.000000000000
         H            0.539850601755    -3.248754077062    -0.767183748962     1.007825032230
         C            2.406850704752    -4.260754160986    -0.570183722259    12.000000000000
         H            2.929850706660    -5.014753871069    -1.146183459045     1.007825032230
         H            2.297850737177    -4.746754222021     0.449816258668     1.007825032230
         H            3.084850678049    -3.428753905401    -0.392183748962     1.007825032230
         C            1.191850552164    -3.556754164800    -2.723183600189    12.000000000000
         O            0.637850651346    -4.249754004583    -3.588183609725    15.994914619570
         H            1.752612957560    -2.647770457372    -2.986421076537     1.007825032230
      Gh(N)           0.581850895487     2.191245980158     0.469816716431    14.003074004430
      Gh(H)           0.942850479685     1.067246384516     0.692816289185     1.007825032230
      Gh(H)           0.520850548350     2.130246109858    -0.731183497192     1.007825032230
      Gh(H)           1.308850655161     2.865245766535     0.699816258668     1.007825032230
      Gh(C)          -0.793149104513     2.635246224299     0.893816502808    12.000000000000
      Gh(H)          -1.486149421133     1.754245705500     0.961816342591     1.007825032230
      Gh(C)          -0.948149314321     3.112245507136     2.320816548585    12.000000000000
      Gh(H)          -2.078149428762     3.341245598688     2.518816502808     1.007825032230
      Gh(O)          -0.227149119772     4.343246407404     2.626816304444    15.994914619570
      Gh(H)           0.761850723826     4.298246331110     2.351816685914     1.007825032230
      Gh(C)          -0.494149318136     2.028245873347     3.270816357850    12.000000000000
      Gh(H)           0.613850483500     1.997245736017     3.183816464661     1.007825032230
      Gh(H)          -0.859149566091     0.966245598688     2.943816693543     1.007825032230
      Gh(H)          -0.764149299062     2.369246430292     4.266816647767     1.007825032230
      Gh(C)          -1.394149413503     3.634245819941    -0.016183344604    12.000000000000
      Gh(O)          -2.592149367727     3.644246048823    -0.280183283569    15.994914619570
      Gh(H)          -0.743963351644     4.395225472346    -0.472437826873     1.007825032230

  Running in c1 symmetry.

  Rotational constants: A =      0.03870  B =      0.00528  C =      0.00494 [cm^-1]
  Rotational constants: A =   1160.08670  B =    158.28105  C =    148.02501 [MHz]
  Nuclear repulsion =  188.044893039977552

  Charge       = 1
  Multiplicity = 1
  Electrons    = 40
  Nalpha       = 20
  Nbeta        = 20

  ==> Algorithm <==

  SCF Algorithm Type is DF.
  DIIS enabled.
  MOM disabled.
  Fractional occupation disabled.
  Guess Type is SAD.
  Energy threshold   = 1.00e-08
  Density threshold  = 1.00e-08
  Integral threshold = 1.00e-12

  ==> Primary Basis <==

  Basis Set: JUN-CC-PVDZ
    Blend: JUN-CC-PVDZ
    Number of shells: 150
    Number of basis functions: 306
    Number of Cartesian functions: 318
    Spherical Harmonics?: true
    Max angular momentum: 2

   => Loading Basis Set <=

    Name: (JUN-CC-PVDZ AUX)
    Role: JKFIT
    Keyword: DF_BASIS_SCF
    atoms 1, 14                                          entry N          line   202 file /home/alia/anaconda3/envs/mddemo/share/psi4/basis/jun-cc-pvdz-jkfit.gbs 
    atoms 2-4, 6, 8-10, 13, 15-17, 19, 21, 23, 25-27, 30 entry H          line    70 file /home/alia/anaconda3/envs/mddemo/share/psi4/basis/jun-cc-pvdz-jkfit.gbs 
    atoms 5, 7, 11, 18, 20, 24, 28                       entry C          line   146 file /home/alia/anaconda3/envs/mddemo/share/psi4/basis/jun-cc-pvdz-jkfit.gbs 
    atoms 12, 22, 29                                     entry O          line   258 file /home/alia/anaconda3/envs/mddemo/share/psi4/basis/jun-cc-pvdz-jkfit.gbs 

  ==> Integral Setup <==

  ==> DiskDFJK: Density-Fitted J/K Matrices <==

    J tasked:                  Yes
    K tasked:                  Yes
    wK tasked:                  No
    OpenMP threads:             32
    Integrals threads:          32
    Memory [MiB]:            57220
    Algorithm:                Core
    Integral Cache:           LOAD
    Schwarz Cutoff:          1E-12
    Fitting Condition:       1E-10

   => Auxiliary Basis Set <=

  Basis Set: (JUN-CC-PVDZ AUX)
    Blend: JUN-CC-PVDZ-JKFIT
    Number of shells: 486
    Number of basis functions: 1362
    Number of Cartesian functions: 1542
    Spherical Harmonics?: true
    Max angular momentum: 3

  Minimum eigenvalue in the overlap matrix is 5.4785362630E-05.
  Reciprocal condition number of the overlap matrix is 4.7720364998E-06.
    Using symmetric orthogonalization.

  ==> Pre-Iterations <==

  SCF Guess: Superposition of Atomic Densities via on-the-fly atomic UHF (no occupation information).

   -------------------------
    Irrep   Nso     Nmo    
   -------------------------
     A        306     306 
   -------------------------
    Total     306     306
   -------------------------

  ==> Iterations <==

                           Total Energy        Delta E     RMS |[F,P]|

   @DF-RHF iter SAD:  -246.79984372378397   -2.46800e+02   0.00000e+00 
   @DF-RHF iter   1:  -247.11848834658034   -3.18645e-01   1.76602e-03 DIIS
   @DF-RHF iter   2:  -247.24560715643673   -1.27119e-01   1.10040e-03 DIIS
   @DF-RHF iter   3:  -247.28843750024942   -4.28303e-02   2.50721e-04 DIIS
   @DF-RHF iter   4:  -247.29206714053433   -3.62964e-03   8.64039e-05 DIIS
   @DF-RHF iter   5:  -247.29252529875384   -4.58158e-04   1.96373e-05 DIIS
   @DF-RHF iter   6:  -247.29257157690415   -4.62782e-05   8.47545e-06 DIIS
   @DF-RHF iter   7:  -247.29257944334699   -7.86644e-06   4.03944e-06 DIIS
   @DF-RHF iter   8:  -247.29258146565255   -2.02231e-06   1.41191e-06 DIIS
   @DF-RHF iter   9:  -247.29258171574665   -2.50094e-07   3.30577e-07 DIIS
   @DF-RHF iter  10:  -247.29258172830424   -1.25576e-08   1.07482e-07 DIIS
   @DF-RHF iter  11:  -247.29258172989503   -1.59079e-09   3.15861e-08 DIIS
   @DF-RHF iter  12:  -247.29258173009839   -2.03357e-10   1.59279e-08 DIIS
   @DF-RHF iter  13:  -247.29258173017837   -7.99787e-11   7.79629e-09 DIIS
  Energy and wave function converged.


  ==> Post-Iterations <==

    Orbital Energies [Eh]
    ---------------------

    Doubly Occupied:                                                      

       1A    -20.756598     2A    -15.921984     3A    -11.535252  
       4A    -11.505197     5A    -11.428453     6A     -1.577730  
       7A     -1.509104     8A     -1.245789     9A     -1.104977  
      10A     -1.020754    11A     -0.973385    12A     -0.910830  
      13A     -0.887643    14A     -0.822827    15A     -0.807442  
      16A     -0.749529    17A     -0.733223    18A     -0.713930  
      19A     -0.681541    20A     -0.615057  

    Virtual:                                                              

      21A     -0.116702    22A     -0.075042    23A     -0.071927  
      24A     -0.058349    25A     -0.053431    26A     -0.035776  
      27A     -0.029788    28A     -0.024637    29A     -0.015932  
      30A     -0.011690    31A     -0.002834    32A     -0.000812  
      33A      0.004504    34A      0.011195    35A      0.020748  
      36A      0.025624    37A      0.027810    38A      0.035410  
      39A      0.039694    40A      0.044650    41A      0.047308  
      42A      0.052687    43A      0.061673    44A      0.071481  
      45A      0.074198    46A      0.079254    47A      0.082329  
      48A      0.089978    49A      0.092811    50A      0.097647  
      51A      0.105652    52A      0.109281    53A      0.115101  
      54A      0.127926    55A      0.136011    56A      0.143890  
      57A      0.144946    58A      0.148014    59A      0.154596  
      60A      0.155419    61A      0.157503    62A      0.167509  
      63A      0.169989    64A      0.177352    65A      0.181682  
      66A      0.194935    67A      0.206174    68A      0.210775  
      69A      0.222364    70A      0.225976    71A      0.231113  
      72A      0.234629    73A      0.240430    74A      0.244403  
      75A      0.254965    76A      0.262504    77A      0.281591  
      78A      0.292824    79A      0.298447    80A      0.303119  
      81A      0.308302    82A      0.320926    83A      0.334141  
      84A      0.339356    85A      0.357081    86A      0.364516  
      87A      0.372382    88A      0.384816    89A      0.392957  
      90A      0.432392    91A      0.437861    92A      0.446795  
      93A      0.476567    94A      0.479436    95A      0.501132  
      96A      0.514014    97A      0.517653    98A      0.539160  
      99A      0.546450   100A      0.563788   101A      0.573561  
     102A      0.581015   103A      0.587014   104A      0.593219  
     105A      0.602494   106A      0.610041   107A      0.626580  
     108A      0.648611   109A      0.660886   110A      0.666010  
     111A      0.678623   112A      0.681479   113A      0.698082  
     114A      0.699570   115A      0.717379   116A      0.730607  
     117A      0.738562   118A      0.744426   119A      0.748420  
     120A      0.767052   121A      0.787329   122A      0.791870  
     123A      0.806634   124A      0.817184   125A      0.835180  
     126A      0.859377   127A      0.874236   128A      0.877697  
     129A      0.910974   130A      0.922793   131A      0.924801  
     132A      0.938142   133A      0.948578   134A      0.955015  
     135A      0.960892   136A      0.968620   137A      0.979460  
     138A      1.018953   139A      1.034658   140A      1.086022  
     141A      1.125712   142A      1.129094   143A      1.176190  
     144A      1.219852   145A      1.225195   146A      1.268383  
     147A      1.320979   148A      1.337435   149A      1.355584  
     150A      1.387598   151A      1.403477   152A      1.412364  
     153A      1.483958   154A      1.511717   155A      1.523454  
     156A      1.536921   157A      1.553289   158A      1.597019  
     159A      1.608160   160A      1.618490   161A      1.629702  
     162A      1.647303   163A      1.656485   164A      1.669365  
     165A      1.679527   166A      1.688400   167A      1.691110  
     168A      1.693631   169A      1.714724   170A      1.721581  
     171A      1.729437   172A      1.746947   173A      1.754718  
     174A      1.763992   175A      1.777779   176A      1.796415  
     177A      1.808145   178A      1.815480   179A      1.835832  
     180A      1.841574   181A      1.859906   182A      1.866778  
     183A      1.871927   184A      1.882283   185A      1.899290  
     186A      1.901092   187A      1.906440   188A      1.925270  
     189A      1.938000   190A      1.940041   191A      1.964200  
     192A      1.980387   193A      1.993614   194A      1.998222  
     195A      2.013986   196A      2.017644   197A      2.039468  
     198A      2.049656   199A      2.053487   200A      2.084196  
     201A      2.085935   202A      2.098909   203A      2.126219  
     204A      2.130582   205A      2.146039   206A      2.152270  
     207A      2.161216   208A      2.179578   209A      2.200262  
     210A      2.215637   211A      2.217914   212A      2.258370  
     213A      2.263767   214A      2.291394   215A      2.321511  
     216A      2.333573   217A      2.344352   218A      2.348725  
     219A      2.379359   220A      2.388609   221A      2.392299  
     222A      2.401315   223A      2.428684   224A      2.433632  
     225A      2.455028   226A      2.481908   227A      2.515145  
     228A      2.522205   229A      2.532993   230A      2.565916  
     231A      2.577302   232A      2.589835   233A      2.592910  
     234A      2.622385   235A      2.636629   236A      2.643551  
     237A      2.656449   238A      2.684021   239A      2.696425  
     240A      2.724418   241A      2.742711   242A      2.760955  
     243A      2.768277   244A      2.820679   245A      2.854202  
     246A      2.872074   247A      2.886482   248A      2.926931  
     249A      2.934442   250A      2.941965   251A      2.968566  
     252A      2.978566   253A      3.006251   254A      3.021967  
     255A      3.084772   256A      3.134615   257A      3.189538  
     258A      3.232143   259A      3.234081   260A      3.297227  
     261A      3.340465   262A      3.368558   263A      3.405839  
     264A      3.480195   265A      3.533918   266A      3.537577  
     267A      3.587856   268A      3.648230   269A      3.725474  
     270A      3.753208   271A      3.874258   272A      3.952515  
     273A      3.984796   274A      4.130326   275A      4.179841  
     276A      4.301013   277A      4.377697   278A      4.424791  
     279A      4.496439   280A      4.520645   281A      4.553119  
     282A      4.630898   283A      4.661889   284A      4.750075  
     285A      4.782746   286A      4.828847   287A      4.956684  
     288A      4.995589   289A      5.054707   290A      5.072417  
     291A      5.237638   292A      5.497129   293A      5.549654  
     294A      5.642745   295A      5.740117   296A      5.774548  
     297A      5.913412   298A      6.425997   299A      6.694065  
     300A     18.112193   301A     18.299928   302A     18.453865  
     303A     18.607175   304A     25.299284   305A     33.437717  
     306A     33.450434  

    Final Occupation by Irrep:
              A 
    DOCC [    20 ]

  @DF-RHF Final Energy:  -247.29258173017837

   => Energetics <=

    Nuclear Repulsion Energy =            188.0448930399775520
    One-Electron Energy =                -699.6724528078115100
    Two-Electron Energy =                 264.3349780376556168
    Total Energy =                       -247.2925817301783695

Computation Completed


Properties will be evaluated at   0.000000,   0.000000,   0.000000 [a0]

Properties computed using the SCF density matrix

  Nuclear Dipole Moment: [e a0]
     X:    87.8905      Y:  -336.7547      Z:  -138.6034

  Electronic Dipole Moment: [e a0]
     X:   -86.4194      Y:   327.8706      Z:   137.2326

  Dipole Moment: [e a0]
     X:     1.4711      Y:    -8.8841      Z:    -1.3708     Total:     9.1088

  Dipole Moment: [D]
     X:     3.7391      Y:   -22.5811      Z:    -3.4842     Total:    23.1523


*** tstop() called on aliaconda at Sun Mar 20 05:19:13 2022
Module time:
	user time   =     175.47 seconds =       2.92 minutes
	system time =      15.02 seconds =       0.25 minutes
	total time  =          9 seconds =       0.15 minutes
Total time:
	user time   =   52489.11 seconds =     874.82 minutes
	system time =    7253.37 seconds =     120.89 minutes
	total time  =       3336 seconds =      55.60 minutes

  //>>>>>>>>>>>>>>>>>>>>>>>>>>>>>>>>>>>//
  //            Monomer B HF           //
  //<<<<<<<<<<<<<<<<<<<<<<<<<<<<<<<<<<<//


*** tstart() called on aliaconda
*** at Sun Mar 20 05:19:13 2022

   => Loading Basis Set <=

    Name: JUN-CC-PVDZ
    Role: ORBITAL
    Keyword: BASIS
    atoms 1, 14                                          entry N          line   198 file /home/alia/anaconda3/envs/mddemo/share/psi4/basis/jun-cc-pvdz.gbs 
    atoms 2-4, 6, 8-10, 13, 15-17, 19, 21, 23, 25-27, 30 entry H          line    36 file /home/alia/anaconda3/envs/mddemo/share/psi4/basis/jun-cc-pvdz.gbs 
    atoms 5, 7, 11, 18, 20, 24, 28                       entry C          line   164 file /home/alia/anaconda3/envs/mddemo/share/psi4/basis/jun-cc-pvdz.gbs 
    atoms 12, 22, 29                                     entry O          line   232 file /home/alia/anaconda3/envs/mddemo/share/psi4/basis/jun-cc-pvdz.gbs 


         ---------------------------------------------------------
                                   SCF
               by Justin Turney, Rob Parrish, Andy Simmonett
                          and Daniel G. A. Smith
                              RHF Reference
                       32 Threads,  76293 MiB Core
         ---------------------------------------------------------

  ==> Geometry <==

    Molecular point group: c1
    Full point group: C1

    Geometry (in Angstrom), charge = 1, multiplicity = 1:

       Center              X                  Y                   Z               Mass       
    ------------   -----------------  -----------------  -----------------  -----------------
      Gh(N)           0.379850754343    -5.313754134283    -1.267183748962    14.003074004430
      Gh(H)           0.039850601755    -5.693754248724    -0.175183741332     1.007825032230
      Gh(H)          -0.728149524130    -5.209754042730    -1.730183569671     1.007825032230
      Gh(H)           0.885850796305    -5.946754031286    -1.707183329345     1.007825032230
      Gh(C)           1.058850655161    -4.027753882513    -1.259183375121    12.000000000000
      Gh(H)           0.539850601755    -3.248754077062    -0.767183748962     1.007825032230
      Gh(C)           2.406850704752    -4.260754160986    -0.570183722259    12.000000000000
      Gh(H)           2.929850706660    -5.014753871069    -1.146183459045     1.007825032230
      Gh(H)           2.297850737177    -4.746754222021     0.449816258668     1.007825032230
      Gh(H)           3.084850678049    -3.428753905401    -0.392183748962     1.007825032230
      Gh(C)           1.191850552164    -3.556754164800    -2.723183600189    12.000000000000
      Gh(O)           0.637850651346    -4.249754004583    -3.588183609725    15.994914619570
      Gh(H)           1.752612957560    -2.647770457372    -2.986421076537     1.007825032230
         N            0.581850895487     2.191245980158     0.469816716431    14.003074004430
         H            0.942850479685     1.067246384516     0.692816289185     1.007825032230
         H            0.520850548350     2.130246109858    -0.731183497192     1.007825032230
         H            1.308850655161     2.865245766535     0.699816258668     1.007825032230
         C           -0.793149104513     2.635246224299     0.893816502808    12.000000000000
         H           -1.486149421133     1.754245705500     0.961816342591     1.007825032230
         C           -0.948149314321     3.112245507136     2.320816548585    12.000000000000
         H           -2.078149428762     3.341245598688     2.518816502808     1.007825032230
         O           -0.227149119772     4.343246407404     2.626816304444    15.994914619570
         H            0.761850723826     4.298246331110     2.351816685914     1.007825032230
         C           -0.494149318136     2.028245873347     3.270816357850    12.000000000000
         H            0.613850483500     1.997245736017     3.183816464661     1.007825032230
         H           -0.859149566091     0.966245598688     2.943816693543     1.007825032230
         H           -0.764149299062     2.369246430292     4.266816647767     1.007825032230
         C           -1.394149413503     3.634245819941    -0.016183344604    12.000000000000
         O           -2.592149367727     3.644246048823    -0.280183283569    15.994914619570
         H           -0.743963351644     4.395225472346    -0.472437826873     1.007825032230

  Running in c1 symmetry.

  Rotational constants: A =      0.03870  B =      0.00528  C =      0.00494 [cm^-1]
  Rotational constants: A =   1160.08670  B =    158.28105  C =    148.02501 [MHz]
  Nuclear repulsion =  329.274209147886722

  Charge       = 1
  Multiplicity = 1
  Electrons    = 56
  Nalpha       = 28
  Nbeta        = 28

  ==> Algorithm <==

  SCF Algorithm Type is DF.
  DIIS enabled.
  MOM disabled.
  Fractional occupation disabled.
  Guess Type is SAD.
  Energy threshold   = 1.00e-08
  Density threshold  = 1.00e-08
  Integral threshold = 1.00e-12

  ==> Primary Basis <==

  Basis Set: JUN-CC-PVDZ
    Blend: JUN-CC-PVDZ
    Number of shells: 150
    Number of basis functions: 306
    Number of Cartesian functions: 318
    Spherical Harmonics?: true
    Max angular momentum: 2

   => Loading Basis Set <=

    Name: (JUN-CC-PVDZ AUX)
    Role: JKFIT
    Keyword: DF_BASIS_SCF
    atoms 1, 14                                          entry N          line   202 file /home/alia/anaconda3/envs/mddemo/share/psi4/basis/jun-cc-pvdz-jkfit.gbs 
    atoms 2-4, 6, 8-10, 13, 15-17, 19, 21, 23, 25-27, 30 entry H          line    70 file /home/alia/anaconda3/envs/mddemo/share/psi4/basis/jun-cc-pvdz-jkfit.gbs 
    atoms 5, 7, 11, 18, 20, 24, 28                       entry C          line   146 file /home/alia/anaconda3/envs/mddemo/share/psi4/basis/jun-cc-pvdz-jkfit.gbs 
    atoms 12, 22, 29                                     entry O          line   258 file /home/alia/anaconda3/envs/mddemo/share/psi4/basis/jun-cc-pvdz-jkfit.gbs 

  ==> Integral Setup <==

  ==> DiskDFJK: Density-Fitted J/K Matrices <==

    J tasked:                  Yes
    K tasked:                  Yes
    wK tasked:                  No
    OpenMP threads:             32
    Integrals threads:          32
    Memory [MiB]:            57220
    Algorithm:                Core
    Integral Cache:           LOAD
    Schwarz Cutoff:          1E-12
    Fitting Condition:       1E-10

   => Auxiliary Basis Set <=

  Basis Set: (JUN-CC-PVDZ AUX)
    Blend: JUN-CC-PVDZ-JKFIT
    Number of shells: 486
    Number of basis functions: 1362
    Number of Cartesian functions: 1542
    Spherical Harmonics?: true
    Max angular momentum: 3

  Minimum eigenvalue in the overlap matrix is 5.4785362629E-05.
  Reciprocal condition number of the overlap matrix is 4.7720364997E-06.
    Using symmetric orthogonalization.

  ==> Pre-Iterations <==

  SCF Guess: Superposition of Atomic Densities via on-the-fly atomic UHF (no occupation information).

   -------------------------
    Irrep   Nso     Nmo    
   -------------------------
     A        306     306 
   -------------------------
    Total     306     306
   -------------------------

  ==> Iterations <==

                           Total Energy        Delta E     RMS |[F,P]|

   @DF-RHF iter SAD:  -360.44665240383080   -3.60447e+02   0.00000e+00 
   @DF-RHF iter   1:  -360.88993973119756   -4.43287e-01   2.19983e-03 DIIS
   @DF-RHF iter   2:  -361.08342632742136   -1.93487e-01   1.40999e-03 DIIS
   @DF-RHF iter   3:  -361.15331111450428   -6.98848e-02   3.01071e-04 DIIS
   @DF-RHF iter   4:  -361.15847504269982   -5.16393e-03   1.13862e-04 DIIS
   @DF-RHF iter   5:  -361.15922090452193   -7.45862e-04   2.74228e-05 DIIS
   @DF-RHF iter   6:  -361.15929215083349   -7.12463e-05   1.33247e-05 DIIS
   @DF-RHF iter   7:  -361.15930890151014   -1.67507e-05   5.54020e-06 DIIS
   @DF-RHF iter   8:  -361.15931269564174   -3.79413e-06   2.30083e-06 DIIS
   @DF-RHF iter   9:  -361.15931335193983   -6.56298e-07   6.64296e-07 DIIS
   @DF-RHF iter  10:  -361.15931341683512   -6.48953e-08   2.08701e-07 DIIS
   @DF-RHF iter  11:  -361.15931342435681   -7.52169e-09   8.20690e-08 DIIS
   @DF-RHF iter  12:  -361.15931342588061   -1.52380e-09   4.41116e-08 DIIS
   @DF-RHF iter  13:  -361.15931342646104   -5.80428e-10   2.39047e-08 DIIS
   @DF-RHF iter  14:  -361.15931342664834   -1.87299e-10   9.50506e-09 DIIS
  Energy and wave function converged.


  ==> Post-Iterations <==

    Orbital Energies [Eh]
    ---------------------

    Doubly Occupied:                                                      

       1A    -20.746717     2A    -20.744944     3A    -15.952763  
       4A    -11.521555     5A    -11.505550     6A    -11.485093  
       7A    -11.403020     8A     -1.565301     9A     -1.524367  
      10A     -1.496741    11A     -1.259083    12A     -1.161054  
      13A     -1.020903    14A     -1.003139    15A     -0.962717  
      16A     -0.912513    17A     -0.900994    18A     -0.839488  
      19A     -0.815342    20A     -0.798980    21A     -0.766069  
      22A     -0.759145    23A     -0.710416    24A     -0.690189  
      25A     -0.668163    26A     -0.654484    27A     -0.627081  
      28A     -0.598617  

    Virtual:                                                              

      29A     -0.140136    30A     -0.089628    31A     -0.080815  
      32A     -0.060872    33A     -0.050409    34A     -0.039725  
      35A     -0.036148    36A     -0.026484    37A     -0.024684  
      38A     -0.016944    39A     -0.013884    40A     -0.008161  
      41A     -0.005262    42A      0.001345    43A      0.012887  
      44A      0.018017    45A      0.025732    46A      0.027554  
      47A      0.032117    48A      0.034592    49A      0.037690  
      50A      0.043183    51A      0.044533    52A      0.050042  
      53A      0.051855    54A      0.063399    55A      0.074085  
      56A      0.084796    57A      0.090178    58A      0.093405  
      59A      0.096739    60A      0.103246    61A      0.111927  
      62A      0.114976    63A      0.117507    64A      0.126130  
      65A      0.131939    66A      0.135216    67A      0.141971  
      68A      0.150218    69A      0.153798    70A      0.159094  
      71A      0.166678    72A      0.173186    73A      0.177857  
      74A      0.188289    75A      0.194228    76A      0.197492  
      77A      0.201661    78A      0.201917    79A      0.214233  
      80A      0.217873    81A      0.222540    82A      0.236548  
      83A      0.237979    84A      0.251033    85A      0.265873  
      86A      0.271725    87A      0.277041    88A      0.284033  
      89A      0.287049    90A      0.300475    91A      0.301225  
      92A      0.328470    93A      0.332859    94A      0.344482  
      95A      0.353715    96A      0.359461    97A      0.366304  
      98A      0.370707    99A      0.387396   100A      0.391816  
     101A      0.416711   102A      0.434800   103A      0.439094  
     104A      0.441392   105A      0.485500   106A      0.519238  
     107A      0.529019   108A      0.542643   109A      0.556977  
     110A      0.566068   111A      0.586946   112A      0.593930  
     113A      0.612953   114A      0.616704   115A      0.628041  
     116A      0.646830   117A      0.670085   118A      0.672323  
     119A      0.677896   120A      0.689505   121A      0.695666  
     122A      0.708279   123A      0.722941   124A      0.729164  
     125A      0.742417   126A      0.749351   127A      0.763542  
     128A      0.772494   129A      0.783428   130A      0.786532  
     131A      0.791520   132A      0.801580   133A      0.809513  
     134A      0.817747   135A      0.825146   136A      0.867889  
     137A      0.869538   138A      0.874156   139A      0.884404  
     140A      0.891594   141A      0.904148   142A      0.906310  
     143A      0.923837   144A      0.960372   145A      0.981869  
     146A      0.995896   147A      1.031778   148A      1.096464  
     149A      1.148662   150A      1.152225   151A      1.207125  
     152A      1.232661   153A      1.239755   154A      1.258156  
     155A      1.303736   156A      1.319905   157A      1.333931  
     158A      1.352075   159A      1.359617   160A      1.384336  
     161A      1.390064   162A      1.420666   163A      1.440038  
     164A      1.464168   165A      1.477546   166A      1.490273  
     167A      1.502080   168A      1.521920   169A      1.530129  
     170A      1.532915   171A      1.575026   172A      1.591176  
     173A      1.605914   174A      1.625076   175A      1.638633  
     176A      1.662043   177A      1.665584   178A      1.672857  
     179A      1.680872   180A      1.682233   181A      1.689906  
     182A      1.697169   183A      1.706346   184A      1.736935  
     185A      1.752244   186A      1.756834   187A      1.764307  
     188A      1.772045   189A      1.788154   190A      1.793511  
     191A      1.799264   192A      1.821596   193A      1.835199  
     194A      1.848358   195A      1.853894   196A      1.862307  
     197A      1.882069   198A      1.883641   199A      1.889749  
     200A      1.912389   201A      1.940847   202A      1.945163  
     203A      1.954128   204A      1.971135   205A      1.972567  
     206A      1.976732   207A      1.989043   208A      2.003819  
     209A      2.009576   210A      2.026015   211A      2.033399  
     212A      2.067689   213A      2.069433   214A      2.101093  
     215A      2.103436   216A      2.120937   217A      2.127330  
     218A      2.144421   219A      2.148774   220A      2.171038  
     221A      2.178909   222A      2.182331   223A      2.209213  
     224A      2.217695   225A      2.222704   226A      2.247143  
     227A      2.250336   228A      2.279254   229A      2.297894  
     230A      2.315707   231A      2.322672   232A      2.352575  
     233A      2.387930   234A      2.411547   235A      2.425327  
     236A      2.436935   237A      2.441973   238A      2.464817  
     239A      2.468278   240A      2.499213   241A      2.506400  
     242A      2.530216   243A      2.535140   244A      2.581556  
     245A      2.585079   246A      2.603908   247A      2.642521  
     248A      2.651800   249A      2.670543   250A      2.697437  
     251A      2.700768   252A      2.733583   253A      2.733840  
     254A      2.762516   255A      2.774971   256A      2.804993  
     257A      2.809140   258A      2.865339   259A      2.886856  
     260A      2.897395   261A      2.933998   262A      2.939104  
     263A      3.041090   264A      3.070061   265A      3.073687  
     266A      3.084328   267A      3.099780   268A      3.123108  
     269A      3.205072   270A      3.209325   271A      3.222347  
     272A      3.288995   273A      3.298202   274A      3.432216  
     275A      3.469597   276A      3.543239   277A      3.578133  
     278A      3.627388   279A      3.682156   280A      3.799719  
     281A      3.809371   282A      3.882594   283A      3.927821  
     284A      3.984476   285A      4.158826   286A      4.188290  
     287A      4.245820   288A      4.438445   289A      4.597804  
     290A      4.631944   291A      4.749357   292A      4.811024  
     293A      4.892411   294A      5.004394   295A      5.050619  
     296A      5.214620   297A      5.435196   298A      5.522822  
     299A      5.762784   300A      6.453223   301A      6.578898  
     302A     18.163569   303A     18.347207   304A     18.537883  
     305A     25.308339   306A     33.417828  

    Final Occupation by Irrep:
              A 
    DOCC [    28 ]

  @DF-RHF Final Energy:  -361.15931342664834

   => Energetics <=

    Nuclear Repulsion Energy =            329.2742091478867223
    One-Electron Energy =               -1134.6781875154829322
    Two-Electron Energy =                 444.2446649409478709
    Total Energy =                       -361.1593134266483389

Computation Completed


Properties will be evaluated at   0.000000,   0.000000,   0.000000 [a0]

Properties computed using the SCF density matrix

  Nuclear Dipole Moment: [e a0]
     X:   -79.4485      Y:   326.7015      Z:   146.0631

  Electronic Dipole Moment: [e a0]
     X:    81.2234      Y:  -323.1374      Z:  -144.7640

  Dipole Moment: [e a0]
     X:     1.7749      Y:     3.5641      Z:     1.2992     Total:     4.1882

  Dipole Moment: [D]
     X:     4.5114      Y:     9.0590      Z:     3.3022     Total:    10.6453


*** tstop() called on aliaconda at Sun Mar 20 05:19:24 2022
Module time:
	user time   =     232.54 seconds =       3.88 minutes
	system time =      27.48 seconds =       0.46 minutes
	total time  =         11 seconds =       0.18 minutes
Total time:
	user time   =   52721.78 seconds =     878.70 minutes
	system time =    7280.88 seconds =     121.35 minutes
	total time  =       3347 seconds =      55.78 minutes
  Constructing Basis Sets for SAPT...

   => Loading Basis Set <=

    Name: (JUN-CC-PVDZ AUX)
    Role: RIFIT
    Keyword: DF_BASIS_SAPT
    atoms 1, 14                                          entry N          line   144 file /home/alia/anaconda3/envs/mddemo/share/psi4/basis/jun-cc-pvdz-ri.gbs 
    atoms 2-4, 6, 8-10, 13, 15-17, 19, 21, 23, 25-27, 30 entry H          line    30 file /home/alia/anaconda3/envs/mddemo/share/psi4/basis/jun-cc-pvdz-ri.gbs 
    atoms 5, 7, 11, 18, 20, 24, 28                       entry C          line   100 file /home/alia/anaconda3/envs/mddemo/share/psi4/basis/jun-cc-pvdz-ri.gbs 
    atoms 12, 22, 29                                     entry O          line   188 file /home/alia/anaconda3/envs/mddemo/share/psi4/basis/jun-cc-pvdz-ri.gbs 


  //>>>>>>>>>>>>>>>>>>>>>>>>>>>>>>>>>>>//
  //               SAPT0               //
  //<<<<<<<<<<<<<<<<<<<<<<<<<<<<<<<<<<<//


*** tstart() called on aliaconda
*** at Sun Mar 20 05:19:24 2022

        SAPT0  
    Ed Hohenstein
     6 June 2009

      Orbital Information
  --------------------------
    NSO        =       306
    NMO        =       306
    NRI        =      1032
    NOCC A     =        20
    NOCC B     =        28
    FOCC A     =         0
    FOCC B     =         0
    NVIR A     =       286
    NVIR B     =       278

    Elst10,r            =     0.078531539530 [Eh]
    Exch10              =    -0.000000026525 [Eh]
    Exch10 (S^2)        =    -0.000000026525 [Eh]

    Iter     Energy [mEh]          dE [mEh]         Residual      Time [s]
       1      -0.74575961       0.745759611       8.523750316             1
       2      -0.71334439      -0.032415217       2.585893024             1
       3      -0.76601284       0.052668449       1.035993790             2
       4      -0.78335377       0.017340927       0.286875235             2
       5      -0.78096909      -0.002384685       0.164178389             3
       6      -0.77949146      -0.001477628       0.043827714             3
       7      -0.77989558       0.000404124       0.013832402             4
       8      -0.77995757       0.000061985       0.005279088             4
       9      -0.77992857      -0.000028999       0.003236625             4
      10      -0.77991996      -0.000008609       0.001112535             5
      11      -0.77992791       0.000007950       0.000308179             6
      12      -0.77992773      -0.000000174       0.000082688             6
      13      -0.77992732      -0.000000411       0.000022208             7
      14      -0.77992731      -0.000000012       0.000005450             7
      15      -0.77992734       0.000000025       0.000001462             8
      16      -0.77992734       0.000000000       0.000000395             8

    CHF Iterations converged


    Iter     Energy [mEh]          dE [mEh]         Residual      Time [s]
       1      -0.50707842       0.507078415       5.245876219             1
       2      -0.51949380       0.012415390       2.164321936             1
       3      -0.55753792       0.038044120       0.772791204             2
       4      -0.56585625       0.008318327       0.198026264             3
       5      -0.56482300      -0.001033254       0.110915032             3
       6      -0.56384279      -0.000980205       0.033965654             4
       7      -0.56391066       0.000067868       0.017129217             4
       8      -0.56404681       0.000136154       0.005784195             5
       9      -0.56402786      -0.000018950       0.002787915             5
      10      -0.56401305      -0.000014814       0.001222778             6
      11      -0.56401834       0.000005286       0.000605733             6
      12      -0.56401987       0.000001536       0.000195418             7
      13      -0.56401900      -0.000000868       0.000060592             8
      14      -0.56401886      -0.000000140       0.000018337             8
      15      -0.56401892       0.000000052       0.000006085             9
      16      -0.56401893       0.000000016       0.000001616             9
      17      -0.56401893      -0.000000004       0.000000545            10

    CHF Iterations converged

    Ind20,r (A<-B)      =    -0.000779927337 [Eh]
    Ind20,r (B<-A)      =    -0.000564018929 [Eh]
    Ind20,r             =    -0.001343946266 [Eh]
    Exch-Ind20,r (A<-B) =     0.000000026442 [Eh]
    Exch-Ind20,r (B<-A) =     0.000000028720 [Eh]
    Exch-Ind20,r        =     0.000000055162 [Eh]
    Disp20              =    -0.000145823351 [Eh]
    Disp20 (SS)         =    -0.000072911675 [Eh]
    Disp20 (OS)         =    -0.000072911675 [Eh]
    Exch-Disp20         =     0.000000017047 [Eh]
    Exch-Disp20 (SS)    =     0.000000011773 [Eh]
    Exch-Disp20 (OS)    =     0.000000005275 [Eh]

    SAPT Results 
  --------------------------------------------------------------------------------------------------------
    Electrostatics                 78.53153953 [mEh]      49.27928505 [kcal/mol]     206.18452863 [kJ/mol]
      Elst10,r                     78.53153953 [mEh]      49.27928505 [kcal/mol]     206.18452863 [kJ/mol]

    Exchange                       -0.00002653 [mEh]      -0.00001664 [kcal/mol]      -0.00006964 [kJ/mol]
      Exch10                       -0.00002653 [mEh]      -0.00001664 [kcal/mol]      -0.00006964 [kJ/mol]
      Exch10(S^2)                  -0.00002653 [mEh]      -0.00001664 [kcal/mol]      -0.00006964 [kJ/mol]

    Induction                      -1.31455982 [mEh]      -0.82489874 [kcal/mol]      -3.45137634 [kJ/mol]
      Ind20,r                      -1.34394627 [mEh]      -0.84333901 [kcal/mol]      -3.52853043 [kJ/mol]
      Exch-Ind20,r                  0.00005516 [mEh]       0.00003461 [kcal/mol]       0.00014483 [kJ/mol]
      delta HF,r (2)                0.02933128 [mEh]       0.01840566 [kcal/mol]       0.07700927 [kJ/mol]

    Dispersion                     -0.14580630 [mEh]      -0.09149484 [kcal/mol]      -0.38281440 [kJ/mol]
      Disp20                       -0.14582335 [mEh]      -0.09150553 [kcal/mol]      -0.38285916 [kJ/mol]
      Exch-Disp20                   0.00001705 [mEh]       0.00001070 [kcal/mol]       0.00004476 [kJ/mol]
      Disp20 (SS)                  -0.07291168 [mEh]      -0.04575277 [kcal/mol]      -0.19142958 [kJ/mol]
      Disp20 (OS)                  -0.07291168 [mEh]      -0.04575277 [kcal/mol]      -0.19142958 [kJ/mol]
      Exch-Disp20 (SS)              0.00001177 [mEh]       0.00000739 [kcal/mol]       0.00003091 [kJ/mol]
      Exch-Disp20 (OS)              0.00000527 [mEh]       0.00000331 [kcal/mol]       0.00001385 [kJ/mol]

  Total HF                         77.21695318 [mEh]      48.45436966 [kcal/mol]     202.73308265 [kJ/mol]
  Total SAPT0                      77.07114688 [mEh]      48.36287482 [kcal/mol]     202.35026825 [kJ/mol]

  Special recipe for scaled SAPT0 (see Manual):
    Electrostatics sSAPT0          78.53153953 [mEh]      49.27928505 [kcal/mol]     206.18452863 [kJ/mol]
    Exchange sSAPT0                -0.00002653 [mEh]      -0.00001664 [kcal/mol]      -0.00006964 [kJ/mol]
    Induction sSAPT0               -1.31455982 [mEh]      -0.82489874 [kcal/mol]      -3.45137634 [kJ/mol]
    Dispersion sSAPT0              -0.14580630 [mEh]      -0.09149484 [kcal/mol]      -0.38281440 [kJ/mol]
  Total sSAPT0                     77.07114688 [mEh]      48.36287482 [kcal/mol]     202.35026825 [kJ/mol]
  --------------------------------------------------------------------------------------------------------

*** tstop() called on aliaconda at Sun Mar 20 05:20:12 2022
Module time:
	user time   =     670.10 seconds =      11.17 minutes
	system time =     115.06 seconds =       1.92 minutes
	total time  =         48 seconds =       0.80 minutes
Total time:
	user time   =   53394.54 seconds =     889.91 minutes
	system time =    7396.38 seconds =     123.27 minutes
	total time  =       3395 seconds =      56.58 minutes


Warning! sapt0 does not have an associated derived wavefunction.The returned wavefunction is the dimer SCF wavefunction.


  Memory set to  74.506 GiB by Python driver.
  Threads set to 32 by Python driver.
