
Scratch directory: /tmp/

Scratch directory: /tmp/

  //>>>>>>>>>>>>>>>>>>>>>>>>>>>>>>>>>>>//
  //              Dimer HF             //
  //<<<<<<<<<<<<<<<<<<<<<<<<<<<<<<<<<<<//


*** tstart() called on aliaconda
*** at Sun Mar 20 05:21:38 2022

   => Loading Basis Set <=

    Name: JUN-CC-PVDZ
    Role: ORBITAL
    Keyword: BASIS
    atoms 1, 14                                          entry N          line   198 file /home/alia/anaconda3/envs/mddemo/share/psi4/basis/jun-cc-pvdz.gbs 
    atoms 2-4, 6, 8-10, 13, 15-17, 19, 21, 23, 25-27, 30 entry H          line    36 file /home/alia/anaconda3/envs/mddemo/share/psi4/basis/jun-cc-pvdz.gbs 
    atoms 5, 7, 11, 18, 20, 24, 28                       entry C          line   164 file /home/alia/anaconda3/envs/mddemo/share/psi4/basis/jun-cc-pvdz.gbs 
    atoms 12, 22, 29                                     entry O          line   232 file /home/alia/anaconda3/envs/mddemo/share/psi4/basis/jun-cc-pvdz.gbs 


         ---------------------------------------------------------
                                   SCF
               by Justin Turney, Rob Parrish, Andy Simmonett
                          and Daniel G. A. Smith
                              RHF Reference
                       32 Threads,  76293 MiB Core
         ---------------------------------------------------------

  ==> Geometry <==

    Molecular point group: c1
    Full point group: C1

    Geometry (in Angstrom), charge = 2, multiplicity = 1:

       Center              X                  Y                   Z               Mass       
    ------------   -----------------  -----------------  -----------------  -----------------
         N            0.745751687313    -5.450699593839    -1.257400171077    14.003074004430
         H           -0.264248541569    -5.552699353513    -1.901400224482     1.007825032230
         H            0.278751679684    -5.662699487028    -0.169400350367     1.007825032230
         H            1.371751614834    -6.224699761686    -1.489400045192     1.007825032230
         C            1.354751416470    -4.124699380216    -1.341400281703    12.000000000000
         H            0.787751504208    -3.324699666318    -0.858400003230     1.007825032230
         C            2.695751734997    -4.105699803647    -0.648400441920    12.000000000000
         H            3.379751750256    -4.726699616727    -1.315400258815     1.007825032230
         H            2.492751666332    -4.531699445066     0.371600015844     1.007825032230
         H            3.116751738812    -3.088699605283    -0.446400300776     1.007825032230
         C            1.419751473690    -3.736699368772    -2.808400289332    12.000000000000
         O            0.730751820828    -4.215699460325    -3.710400239741    15.994914619570
         H            2.145731278683    -2.959827210721    -3.090220348155     1.007825032230
         N            0.138751813198     1.998300287905     0.480599745000    14.003074004430
         H            0.230751820828     0.809300158206     0.632599695409     1.007825032230
         H            0.103751488949     2.068299982729    -0.719400064265     1.007825032230
         H            1.023751565243     2.437300417605     0.792600019658     1.007825032230
         C           -1.110248259281     2.626300547305     0.979599817479    12.000000000000
         H           -1.825248411869     1.774300310793     1.075600012029     1.007825032230
         C           -0.999248198246     3.232300493899     2.403599603856    12.000000000000
         H           -2.041248491978     3.519300196353     2.679599626744     1.007825032230
         O           -0.173248461460     4.361300203982     2.356599672521    15.994914619570
         H            0.734751530911     4.148300860110     1.993599756444     1.007825032230
         C           -0.415248564457     2.333300326052     3.549599512304    12.000000000000
         H            0.683751412655     2.202300760928     3.364600046361     1.007825032230
         H           -0.950248411869     1.427300188723     3.601599558080     1.007825032230
         H           -0.498248270725     2.781300280276     4.544599397863     1.007825032230
         C           -1.697248152470     3.697300646487     0.010599954808    12.000000000000
         O           -2.878247908329     3.593300554934    -0.115400449549    15.994914619570
         H           -1.091293505405     4.461290095034    -0.498456613337     1.007825032230

  Running in c1 symmetry.

  Rotational constants: A =      0.03750  B =      0.00504  C =      0.00469 [cm^-1]
  Rotational constants: A =   1124.10883  B =    151.20154  C =    140.72464 [MHz]
  Nuclear repulsion =  659.266130090821662

  Charge       = 2
  Multiplicity = 1
  Electrons    = 96
  Nalpha       = 48
  Nbeta        = 48

  ==> Algorithm <==

  SCF Algorithm Type is DF.
  DIIS enabled.
  MOM disabled.
  Fractional occupation disabled.
  Guess Type is SAD.
  Energy threshold   = 1.00e-08
  Density threshold  = 1.00e-08
  Integral threshold = 1.00e-12

  ==> Primary Basis <==

  Basis Set: JUN-CC-PVDZ
    Blend: JUN-CC-PVDZ
    Number of shells: 150
    Number of basis functions: 306
    Number of Cartesian functions: 318
    Spherical Harmonics?: true
    Max angular momentum: 2

   => Loading Basis Set <=

    Name: (JUN-CC-PVDZ AUX)
    Role: JKFIT
    Keyword: DF_BASIS_SCF
    atoms 1, 14                                          entry N          line   202 file /home/alia/anaconda3/envs/mddemo/share/psi4/basis/jun-cc-pvdz-jkfit.gbs 
    atoms 2-4, 6, 8-10, 13, 15-17, 19, 21, 23, 25-27, 30 entry H          line    70 file /home/alia/anaconda3/envs/mddemo/share/psi4/basis/jun-cc-pvdz-jkfit.gbs 
    atoms 5, 7, 11, 18, 20, 24, 28                       entry C          line   146 file /home/alia/anaconda3/envs/mddemo/share/psi4/basis/jun-cc-pvdz-jkfit.gbs 
    atoms 12, 22, 29                                     entry O          line   258 file /home/alia/anaconda3/envs/mddemo/share/psi4/basis/jun-cc-pvdz-jkfit.gbs 

  ==> Integral Setup <==

  ==> DiskDFJK: Density-Fitted J/K Matrices <==

    J tasked:                  Yes
    K tasked:                  Yes
    wK tasked:                  No
    OpenMP threads:             32
    Integrals threads:          32
    Memory [MiB]:            57220
    Algorithm:                Core
    Integral Cache:           SAVE
    Schwarz Cutoff:          1E-12
    Fitting Condition:       1E-10

   => Auxiliary Basis Set <=

  Basis Set: (JUN-CC-PVDZ AUX)
    Blend: JUN-CC-PVDZ-JKFIT
    Number of shells: 486
    Number of basis functions: 1362
    Number of Cartesian functions: 1542
    Spherical Harmonics?: true
    Max angular momentum: 3

  Minimum eigenvalue in the overlap matrix is 5.5094111741E-05.
  Reciprocal condition number of the overlap matrix is 4.8524962394E-06.
    Using symmetric orthogonalization.

  ==> Pre-Iterations <==

  SCF Guess: Superposition of Atomic Densities via on-the-fly atomic UHF (no occupation information).

   -------------------------
    Irrep   Nso     Nmo    
   -------------------------
     A        306     306 
   -------------------------
    Total     306     306
   -------------------------

  ==> Iterations <==

                           Total Energy        Delta E     RMS |[F,P]|

   @DF-RHF iter SAD:  -607.19690573953574   -6.07197e+02   0.00000e+00 
   @DF-RHF iter   1:  -607.96092551353956   -7.64020e-01   2.81795e-03 DIIS
   @DF-RHF iter   2:  -608.28483348539282   -3.23908e-01   1.76272e-03 DIIS
   @DF-RHF iter   3:  -608.39369195648374   -1.08858e-01   3.82434e-04 DIIS
   @DF-RHF iter   4:  -608.40224049615506   -8.54854e-03   1.41215e-04 DIIS
   @DF-RHF iter   5:  -608.40342482734366   -1.18433e-03   3.44222e-05 DIIS
   @DF-RHF iter   6:  -608.40354646339063   -1.21636e-04   1.71477e-05 DIIS
   @DF-RHF iter   7:  -608.40357437953651   -2.79161e-05   7.17618e-06 DIIS
   @DF-RHF iter   8:  -608.40358065907162   -6.27954e-06   2.97722e-06 DIIS
   @DF-RHF iter   9:  -608.40358164655754   -9.87486e-07   1.08427e-06 DIIS
   @DF-RHF iter  10:  -608.40358178116901   -1.34611e-07   4.09835e-07 DIIS
   @DF-RHF iter  11:  -608.40358180354156   -2.23725e-08   1.74762e-07 DIIS
   @DF-RHF iter  12:  -608.40358181065744   -7.11589e-09   9.14019e-08 DIIS
   @DF-RHF iter  13:  -608.40358181303850   -2.38106e-09   4.51460e-08 DIIS
   @DF-RHF iter  14:  -608.40358181373506   -6.96559e-10   1.62642e-08 DIIS
   @DF-RHF iter  15:  -608.40358181379770   -6.26414e-11   5.07266e-09 DIIS
  Energy and wave function converged.


  ==> Post-Iterations <==

    Orbital Energies [Eh]
    ---------------------

    Doubly Occupied:                                                      

       1A    -20.830372     2A    -20.805993     3A    -20.797058  
       4A    -16.014706     5A    -16.002701     6A    -11.601912  
       7A    -11.585111     8A    -11.581713     9A    -11.562998  
      10A    -11.537183    11A    -11.516115    12A    -11.449435  
      13A     -1.649238    14A     -1.647425    15A     -1.605102  
      16A     -1.568313    17A     -1.560565    18A     -1.330240  
      19A     -1.285304    20A     -1.204149    21A     -1.174264  
      22A     -1.082275    23A     -1.081957    24A     -1.067178  
      25A     -1.026563    26A     -1.024934    27A     -0.985716  
      28A     -0.975580    29A     -0.959598    30A     -0.958046  
      31A     -0.902159    32A     -0.895418    33A     -0.884979  
      34A     -0.872427    35A     -0.868924    36A     -0.839221  
      37A     -0.826027    38A     -0.814642    39A     -0.805928  
      40A     -0.792986    41A     -0.775516    42A     -0.757055  
      43A     -0.748565    44A     -0.747050    45A     -0.702892  
      46A     -0.686861    47A     -0.679554    48A     -0.649815  

    Virtual:                                                              

      49A     -0.221875    50A     -0.192037    51A     -0.166393  
      52A     -0.155843    53A     -0.144430    54A     -0.139493  
      55A     -0.128564    56A     -0.124359    57A     -0.116326  
      58A     -0.104951    59A     -0.102128    60A     -0.096665  
      61A     -0.094922    62A     -0.086811    63A     -0.080602  
      64A     -0.074273    65A     -0.071958    66A     -0.071634  
      67A     -0.068366    68A     -0.063076    69A     -0.055026  
      70A     -0.050352    71A     -0.048454    72A     -0.041339  
      73A     -0.038778    74A     -0.032011    75A     -0.030061  
      76A     -0.024278    77A     -0.019494    78A     -0.015839  
      79A     -0.011712    80A     -0.008874    81A     -0.005319  
      82A      0.006781    83A      0.017844    84A      0.029049  
      85A      0.030373    86A      0.032116    87A      0.036392  
      88A      0.045490    89A      0.052980    90A      0.060067  
      91A      0.066415    92A      0.071609    93A      0.082467  
      94A      0.090856    95A      0.093648    96A      0.094854  
      97A      0.103516    98A      0.110728    99A      0.112870  
     100A      0.121351   101A      0.122266   102A      0.134193  
     103A      0.137602   104A      0.144848   105A      0.146413  
     106A      0.152521   107A      0.154656   108A      0.157993  
     109A      0.166620   110A      0.172140   111A      0.184891  
     112A      0.194129   113A      0.197903   114A      0.213212  
     115A      0.217661   116A      0.221632   117A      0.232505  
     118A      0.245046   119A      0.259677   120A      0.267046  
     121A      0.272474   122A      0.287132   123A      0.314222  
     124A      0.323659   125A      0.349967   126A      0.374288  
     127A      0.442117   128A      0.462246   129A      0.478868  
     130A      0.495630   131A      0.513538   132A      0.532050  
     133A      0.538600   134A      0.551673   135A      0.555884  
     136A      0.556304   137A      0.570002   138A      0.574376  
     139A      0.585388   140A      0.598382   141A      0.607187  
     142A      0.612150   143A      0.618048   144A      0.629914  
     145A      0.635083   146A      0.649481   147A      0.657201  
     148A      0.664688   149A      0.676307   150A      0.693862  
     151A      0.696240   152A      0.702602   153A      0.708618  
     154A      0.711387   155A      0.720562   156A      0.724038  
     157A      0.743954   158A      0.749382   159A      0.760442  
     160A      0.765054   161A      0.778962   162A      0.793583  
     163A      0.798264   164A      0.812678   165A      0.816887  
     166A      0.820425   167A      0.830770   168A      0.856022  
     169A      0.857195   170A      0.867275   171A      0.878829  
     172A      0.908564   173A      0.927559   174A      0.949052  
     175A      0.968319   176A      1.020954   177A      1.025996  
     178A      1.031614   179A      1.091668   180A      1.125244  
     181A      1.147090   182A      1.152866   183A      1.154960  
     184A      1.190412   185A      1.215245   186A      1.230511  
     187A      1.234939   188A      1.239912   189A      1.250429  
     190A      1.261351   191A      1.278486   192A      1.284209  
     193A      1.285222   194A      1.293560   195A      1.306864  
     196A      1.320856   197A      1.321253   198A      1.329968  
     199A      1.345737   200A      1.357660   201A      1.378770  
     202A      1.382530   203A      1.411062   204A      1.431678  
     205A      1.446734   206A      1.461089   207A      1.481183  
     208A      1.492875   209A      1.534125   210A      1.542909  
     211A      1.543578   212A      1.566369   213A      1.575451  
     214A      1.594120   215A      1.607748   216A      1.617491  
     217A      1.635118   218A      1.642141   219A      1.643004  
     220A      1.648680   221A      1.657104   222A      1.680942  
     223A      1.685394   224A      1.702186   225A      1.714547  
     226A      1.716246   227A      1.720112   228A      1.725734  
     229A      1.731668   230A      1.747388   231A      1.763351  
     232A      1.773227   233A      1.780262   234A      1.805755  
     235A      1.807287   236A      1.811953   237A      1.817246  
     238A      1.829183   239A      1.848486   240A      1.867874  
     241A      1.872815   242A      1.913199   243A      1.919041  
     244A      1.925869   245A      1.950088   246A      1.963908  
     247A      1.983391   248A      2.001678   249A      2.007796  
     250A      2.014079   251A      2.025654   252A      2.044476  
     253A      2.053280   254A      2.076409   255A      2.117264  
     256A      2.126952   257A      2.154818   258A      2.161174  
     259A      2.165113   260A      2.180701   261A      2.192173  
     262A      2.239142   263A      2.282391   264A      2.314955  
     265A      2.335280   266A      2.339777   267A      2.374765  
     268A      2.377191   269A      2.397606   270A      2.409790  
     271A      2.411220   272A      2.434400   273A      2.454246  
     274A      2.468094   275A      2.498209   276A      2.517158  
     277A      2.555442   278A      2.565314   279A      2.577479  
     280A      2.603132   281A      2.615813   282A      2.641993  
     283A      2.647173   284A      2.668123   285A      2.724649  
     286A      2.753730   287A      2.757441   288A      2.806567  
     289A      2.850126   290A      2.864306   291A      2.884495  
     292A      2.948875   293A      2.958323   294A      3.001852  
     295A      3.029349   296A      3.071159   297A      3.198064  
     298A      3.202325   299A      3.238085   300A      3.255188  
     301A      3.457698   302A      3.498309   303A      3.551904  
     304A      3.705704   305A      3.794410   306A      3.864091  

    Final Occupation by Irrep:
              A 
    DOCC [    48 ]

  @DF-RHF Final Energy:  -608.40358181379770

   => Energetics <=

    Nuclear Repulsion Energy =            659.2661300908216617
    One-Electron Energy =               -2111.8958873772144216
    Two-Electron Energy =                 844.2261754725950595
    Total Energy =                       -608.4035818137977003

Computation Completed


Properties will be evaluated at   0.000000,   0.000000,   0.000000 [a0]

Properties computed using the SCF density matrix

  Nuclear Dipole Moment: [e a0]
     X:     9.0605      Y:    -9.7617      Z:     8.0274

  Electronic Dipole Moment: [e a0]
     X:    -6.0025      Y:     3.8933      Z:    -8.0774

  Dipole Moment: [e a0]
     X:     3.0580      Y:    -5.8684      Z:    -0.0500     Total:     6.6176

  Dipole Moment: [D]
     X:     7.7726      Y:   -14.9161      Z:    -0.1271     Total:    16.8202


*** tstop() called on aliaconda at Sun Mar 20 05:21:53 2022
Module time:
	user time   =     329.91 seconds =       5.50 minutes
	system time =      39.45 seconds =       0.66 minutes
	total time  =         15 seconds =       0.25 minutes
Total time:
	user time   =   55191.46 seconds =     919.86 minutes
	system time =    7646.71 seconds =     127.45 minutes
	total time  =       3496 seconds =      58.27 minutes

  //>>>>>>>>>>>>>>>>>>>>>>>>>>>>>>>>>>>//
  //            Monomer A HF           //
  //<<<<<<<<<<<<<<<<<<<<<<<<<<<<<<<<<<<//


*** tstart() called on aliaconda
*** at Sun Mar 20 05:21:53 2022

   => Loading Basis Set <=

    Name: JUN-CC-PVDZ
    Role: ORBITAL
    Keyword: BASIS
    atoms 1, 14                                          entry N          line   198 file /home/alia/anaconda3/envs/mddemo/share/psi4/basis/jun-cc-pvdz.gbs 
    atoms 2-4, 6, 8-10, 13, 15-17, 19, 21, 23, 25-27, 30 entry H          line    36 file /home/alia/anaconda3/envs/mddemo/share/psi4/basis/jun-cc-pvdz.gbs 
    atoms 5, 7, 11, 18, 20, 24, 28                       entry C          line   164 file /home/alia/anaconda3/envs/mddemo/share/psi4/basis/jun-cc-pvdz.gbs 
    atoms 12, 22, 29                                     entry O          line   232 file /home/alia/anaconda3/envs/mddemo/share/psi4/basis/jun-cc-pvdz.gbs 


         ---------------------------------------------------------
                                   SCF
               by Justin Turney, Rob Parrish, Andy Simmonett
                          and Daniel G. A. Smith
                              RHF Reference
                       32 Threads,  76293 MiB Core
         ---------------------------------------------------------

  ==> Geometry <==

    Molecular point group: c1
    Full point group: C1

    Geometry (in Angstrom), charge = 1, multiplicity = 1:

       Center              X                  Y                   Z               Mass       
    ------------   -----------------  -----------------  -----------------  -----------------
         N            0.745751687313    -5.450699593839    -1.257400171077    14.003074004430
         H           -0.264248541569    -5.552699353513    -1.901400224482     1.007825032230
         H            0.278751679684    -5.662699487028    -0.169400350367     1.007825032230
         H            1.371751614834    -6.224699761686    -1.489400045192     1.007825032230
         C            1.354751416470    -4.124699380216    -1.341400281703    12.000000000000
         H            0.787751504208    -3.324699666318    -0.858400003230     1.007825032230
         C            2.695751734997    -4.105699803647    -0.648400441920    12.000000000000
         H            3.379751750256    -4.726699616727    -1.315400258815     1.007825032230
         H            2.492751666332    -4.531699445066     0.371600015844     1.007825032230
         H            3.116751738812    -3.088699605283    -0.446400300776     1.007825032230
         C            1.419751473690    -3.736699368772    -2.808400289332    12.000000000000
         O            0.730751820828    -4.215699460325    -3.710400239741    15.994914619570
         H            2.145731278683    -2.959827210721    -3.090220348155     1.007825032230
      Gh(N)           0.138751813198     1.998300287905     0.480599745000    14.003074004430
      Gh(H)           0.230751820828     0.809300158206     0.632599695409     1.007825032230
      Gh(H)           0.103751488949     2.068299982729    -0.719400064265     1.007825032230
      Gh(H)           1.023751565243     2.437300417605     0.792600019658     1.007825032230
      Gh(C)          -1.110248259281     2.626300547305     0.979599817479    12.000000000000
      Gh(H)          -1.825248411869     1.774300310793     1.075600012029     1.007825032230
      Gh(C)          -0.999248198246     3.232300493899     2.403599603856    12.000000000000
      Gh(H)          -2.041248491978     3.519300196353     2.679599626744     1.007825032230
      Gh(O)          -0.173248461460     4.361300203982     2.356599672521    15.994914619570
      Gh(H)           0.734751530911     4.148300860110     1.993599756444     1.007825032230
      Gh(C)          -0.415248564457     2.333300326052     3.549599512304    12.000000000000
      Gh(H)           0.683751412655     2.202300760928     3.364600046361     1.007825032230
      Gh(H)          -0.950248411869     1.427300188723     3.601599558080     1.007825032230
      Gh(H)          -0.498248270725     2.781300280276     4.544599397863     1.007825032230
      Gh(C)          -1.697248152470     3.697300646487     0.010599954808    12.000000000000
      Gh(O)          -2.878247908329     3.593300554934    -0.115400449549    15.994914619570
      Gh(H)          -1.091293505405     4.461290095034    -0.498456613337     1.007825032230

  Running in c1 symmetry.

  Rotational constants: A =      0.03750  B =      0.00504  C =      0.00469 [cm^-1]
  Rotational constants: A =   1124.10883  B =    151.20154  C =    140.72464 [MHz]
  Nuclear repulsion =  186.083869854860296

  Charge       = 1
  Multiplicity = 1
  Electrons    = 40
  Nalpha       = 20
  Nbeta        = 20

  ==> Algorithm <==

  SCF Algorithm Type is DF.
  DIIS enabled.
  MOM disabled.
  Fractional occupation disabled.
  Guess Type is SAD.
  Energy threshold   = 1.00e-08
  Density threshold  = 1.00e-08
  Integral threshold = 1.00e-12

  ==> Primary Basis <==

  Basis Set: JUN-CC-PVDZ
    Blend: JUN-CC-PVDZ
    Number of shells: 150
    Number of basis functions: 306
    Number of Cartesian functions: 318
    Spherical Harmonics?: true
    Max angular momentum: 2

   => Loading Basis Set <=

    Name: (JUN-CC-PVDZ AUX)
    Role: JKFIT
    Keyword: DF_BASIS_SCF
    atoms 1, 14                                          entry N          line   202 file /home/alia/anaconda3/envs/mddemo/share/psi4/basis/jun-cc-pvdz-jkfit.gbs 
    atoms 2-4, 6, 8-10, 13, 15-17, 19, 21, 23, 25-27, 30 entry H          line    70 file /home/alia/anaconda3/envs/mddemo/share/psi4/basis/jun-cc-pvdz-jkfit.gbs 
    atoms 5, 7, 11, 18, 20, 24, 28                       entry C          line   146 file /home/alia/anaconda3/envs/mddemo/share/psi4/basis/jun-cc-pvdz-jkfit.gbs 
    atoms 12, 22, 29                                     entry O          line   258 file /home/alia/anaconda3/envs/mddemo/share/psi4/basis/jun-cc-pvdz-jkfit.gbs 

  ==> Integral Setup <==

  ==> DiskDFJK: Density-Fitted J/K Matrices <==

    J tasked:                  Yes
    K tasked:                  Yes
    wK tasked:                  No
    OpenMP threads:             32
    Integrals threads:          32
    Memory [MiB]:            57220
    Algorithm:                Core
    Integral Cache:           LOAD
    Schwarz Cutoff:          1E-12
    Fitting Condition:       1E-10

   => Auxiliary Basis Set <=

  Basis Set: (JUN-CC-PVDZ AUX)
    Blend: JUN-CC-PVDZ-JKFIT
    Number of shells: 486
    Number of basis functions: 1362
    Number of Cartesian functions: 1542
    Spherical Harmonics?: true
    Max angular momentum: 3

  Minimum eigenvalue in the overlap matrix is 5.5094111741E-05.
  Reciprocal condition number of the overlap matrix is 4.8524962394E-06.
    Using symmetric orthogonalization.

  ==> Pre-Iterations <==

  SCF Guess: Superposition of Atomic Densities via on-the-fly atomic UHF (no occupation information).

   -------------------------
    Irrep   Nso     Nmo    
   -------------------------
     A        306     306 
   -------------------------
    Total     306     306
   -------------------------

  ==> Iterations <==

                           Total Energy        Delta E     RMS |[F,P]|

   @DF-RHF iter SAD:  -246.73950623798217   -2.46740e+02   0.00000e+00 
   @DF-RHF iter   1:  -247.12919024638518   -3.89684e-01   1.73729e-03 DIIS
   @DF-RHF iter   2:  -247.25665525653244   -1.27465e-01   1.07307e-03 DIIS
   @DF-RHF iter   3:  -247.29718005694349   -4.05248e-02   2.50920e-04 DIIS
   @DF-RHF iter   4:  -247.30086637422710   -3.68632e-03   8.73342e-05 DIIS
   @DF-RHF iter   5:  -247.30135323838840   -4.86864e-04   2.00718e-05 DIIS
   @DF-RHF iter   6:  -247.30140517453330   -5.19361e-05   8.79056e-06 DIIS
   @DF-RHF iter   7:  -247.30141414436929   -8.96984e-06   4.23772e-06 DIIS
   @DF-RHF iter   8:  -247.30141635894179   -2.21457e-06   1.44768e-06 DIIS
   @DF-RHF iter   9:  -247.30141661442443   -2.55483e-07   3.47875e-07 DIIS
   @DF-RHF iter  10:  -247.30141662651630   -1.20919e-08   1.01615e-07 DIIS
   @DF-RHF iter  11:  -247.30141662765067   -1.13437e-09   2.16495e-08 DIIS
   @DF-RHF iter  12:  -247.30141662769887   -4.82032e-11   5.68018e-09 DIIS
  Energy and wave function converged.


  ==> Post-Iterations <==

    Orbital Energies [Eh]
    ---------------------

    Doubly Occupied:                                                      

       1A    -20.754612     2A    -15.931818     3A    -11.526640  
       4A    -11.506161     5A    -11.439029     6A     -1.572663  
       7A     -1.495880     8A     -1.253455     9A     -1.097469  
      10A     -1.007225    11A     -0.952012    12A     -0.912500  
      13A     -0.881445    14A     -0.820435    15A     -0.810383  
      16A     -0.749214    17A     -0.729147    18A     -0.716499  
      19A     -0.673128    20A     -0.611259  

    Virtual:                                                              

      21A     -0.121251    22A     -0.075925    23A     -0.069123  
      24A     -0.055701    25A     -0.051442    26A     -0.032093  
      27A     -0.028934    28A     -0.024872    29A     -0.014510  
      30A     -0.011209    31A     -0.002256    32A      0.002327  
      33A      0.006122    34A      0.012372    35A      0.019948  
      36A      0.025728    37A      0.026383    38A      0.031794  
      39A      0.040215    40A      0.045679    41A      0.046138  
      42A      0.049335    43A      0.056984    44A      0.063992  
      45A      0.074016    46A      0.079390    47A      0.083914  
      48A      0.089303    49A      0.090963    50A      0.094717  
      51A      0.103325    52A      0.109522    53A      0.113108  
      54A      0.122911    55A      0.134678    56A      0.139070  
      57A      0.145296    58A      0.147424    59A      0.152176  
      60A      0.154264    61A      0.158266    62A      0.165089  
      63A      0.168488    64A      0.184713    65A      0.186672  
      66A      0.189824    67A      0.195819    68A      0.207656  
      69A      0.219638    70A      0.226669    71A      0.233546  
      72A      0.236217    73A      0.243239    74A      0.246592  
      75A      0.251446    76A      0.260397    77A      0.275877  
      78A      0.285617    79A      0.298685    80A      0.308108  
      81A      0.310691    82A      0.322533    83A      0.341100  
      84A      0.345531    85A      0.350118    86A      0.366709  
      87A      0.380489    88A      0.392113    89A      0.396345  
      90A      0.425499    91A      0.436145    92A      0.445623  
      93A      0.468134    94A      0.484210    95A      0.510580  
      96A      0.519353    97A      0.537499    98A      0.548255  
      99A      0.554106   100A      0.557772   101A      0.570487  
     102A      0.574781   103A      0.586954   104A      0.593566  
     105A      0.597083   106A      0.615489   107A      0.629415  
     108A      0.641401   109A      0.649983   110A      0.657489  
     111A      0.667140   112A      0.678931   113A      0.684039  
     114A      0.705909   115A      0.717550   116A      0.724373  
     117A      0.731033   118A      0.739099   119A      0.743477  
     120A      0.770711   121A      0.777173   122A      0.783666  
     123A      0.796473   124A      0.801582   125A      0.829798  
     126A      0.844153   127A      0.872587   128A      0.878572  
     129A      0.884354   130A      0.895644   131A      0.901761  
     132A      0.922001   133A      0.931745   134A      0.948312  
     135A      0.953324   136A      0.969567   137A      0.992204  
     138A      1.022979   139A      1.042999   140A      1.101939  
     141A      1.107877   142A      1.120458   143A      1.201661  
     144A      1.213269   145A      1.229906   146A      1.304449  
     147A      1.313986   148A      1.333214   149A      1.352891  
     150A      1.395671   151A      1.402405   152A      1.433390  
     153A      1.453394   154A      1.500680   155A      1.521265  
     156A      1.530897   157A      1.568838   158A      1.575162  
     159A      1.602035   160A      1.613500   161A      1.618336  
     162A      1.640708   163A      1.643192   164A      1.670563  
     165A      1.680209   166A      1.685314   167A      1.697759  
     168A      1.700596   169A      1.706657   170A      1.719587  
     171A      1.723618   172A      1.729870   173A      1.735790  
     174A      1.757638   175A      1.762977   176A      1.792422  
     177A      1.800760   178A      1.802213   179A      1.845610  
     180A      1.850362   181A      1.851180   182A      1.855517  
     183A      1.872754   184A      1.881414   185A      1.882441  
     186A      1.897833   187A      1.926863   188A      1.938513  
     189A      1.944411   190A      1.962307   191A      1.977696  
     192A      1.986426   193A      1.990477   194A      1.993556  
     195A      2.006986   196A      2.033066   197A      2.039901  
     198A      2.052697   199A      2.063309   200A      2.077293  
     201A      2.082794   202A      2.098662   203A      2.119133  
     204A      2.129450   205A      2.130600   206A      2.151492  
     207A      2.158846   208A      2.166019   209A      2.194353  
     210A      2.203775   211A      2.211858   212A      2.232103  
     213A      2.235069   214A      2.265979   215A      2.267472  
     216A      2.290538   217A      2.322533   218A      2.328186  
     219A      2.360826   220A      2.383874   221A      2.395102  
     222A      2.409819   223A      2.429342   224A      2.445475  
     225A      2.451038   226A      2.474636   227A      2.475879  
     228A      2.486657   229A      2.529277   230A      2.539834  
     231A      2.544181   232A      2.564974   233A      2.574238  
     234A      2.583095   235A      2.605216   236A      2.642639  
     237A      2.644054   238A      2.675894   239A      2.678188  
     240A      2.697634   241A      2.722762   242A      2.728300  
     243A      2.753281   244A      2.806783   245A      2.831808  
     246A      2.865864   247A      2.869295   248A      2.881137  
     249A      2.899599   250A      2.919587   251A      2.951055  
     252A      2.957954   253A      2.995468   254A      3.023360  
     255A      3.053437   256A      3.078236   257A      3.100675  
     258A      3.179994   259A      3.247042   260A      3.272610  
     261A      3.275012   262A      3.367005   263A      3.427683  
     264A      3.474634   265A      3.524329   266A      3.532370  
     267A      3.589134   268A      3.611149   269A      3.722073  
     270A      3.779890   271A      3.886192   272A      3.953850  
     273A      4.014117   274A      4.187838   275A      4.203914  
     276A      4.272108   277A      4.397439   278A      4.453533  
     279A      4.552157   280A      4.586746   281A      4.628758  
     282A      4.686042   283A      4.711310   284A      4.782840  
     285A      4.827363   286A      4.916721   287A      4.945273  
     288A      5.041963   289A      5.073810   290A      5.152250  
     291A      5.332413   292A      5.490553   293A      5.553549  
     294A      5.631624   295A      5.671338   296A      5.808287  
     297A      5.995630   298A      6.591578   299A      6.855742  
     300A     18.167260   301A     18.318131   302A     18.428952  
     303A     18.543697   304A     25.302798   305A     33.442911  
     306A     33.461206  

    Final Occupation by Irrep:
              A 
    DOCC [    20 ]

  @DF-RHF Final Energy:  -247.30141662769887

   => Energetics <=

    Nuclear Repulsion Energy =            186.0838698548602963
    One-Electron Energy =                -695.8886319092856638
    Two-Electron Energy =                 262.5033454267265256
    Total Energy =                       -247.3014166276988703

Computation Completed


Properties will be evaluated at   0.000000,   0.000000,   0.000000 [a0]

Properties computed using the SCF density matrix

  Nuclear Dipole Moment: [e a0]
     X:   108.0863      Y:  -339.6874      Z:  -143.9465

  Electronic Dipole Moment: [e a0]
     X:  -105.8397      Y:   330.3524      Z:   142.6029

  Dipole Moment: [e a0]
     X:     2.2466      Y:    -9.3350      Z:    -1.3437     Total:     9.6951

  Dipole Moment: [D]
     X:     5.7103      Y:   -23.7271      Z:    -3.4152     Total:    24.6424


*** tstop() called on aliaconda at Sun Mar 20 05:22:02 2022
Module time:
	user time   =     178.75 seconds =       2.98 minutes
	system time =      18.33 seconds =       0.31 minutes
	total time  =          9 seconds =       0.15 minutes
Total time:
	user time   =   55370.31 seconds =     922.84 minutes
	system time =    7665.06 seconds =     127.75 minutes
	total time  =       3505 seconds =      58.42 minutes

  //>>>>>>>>>>>>>>>>>>>>>>>>>>>>>>>>>>>//
  //            Monomer B HF           //
  //<<<<<<<<<<<<<<<<<<<<<<<<<<<<<<<<<<<//


*** tstart() called on aliaconda
*** at Sun Mar 20 05:22:02 2022

   => Loading Basis Set <=

    Name: JUN-CC-PVDZ
    Role: ORBITAL
    Keyword: BASIS
    atoms 1, 14                                          entry N          line   198 file /home/alia/anaconda3/envs/mddemo/share/psi4/basis/jun-cc-pvdz.gbs 
    atoms 2-4, 6, 8-10, 13, 15-17, 19, 21, 23, 25-27, 30 entry H          line    36 file /home/alia/anaconda3/envs/mddemo/share/psi4/basis/jun-cc-pvdz.gbs 
    atoms 5, 7, 11, 18, 20, 24, 28                       entry C          line   164 file /home/alia/anaconda3/envs/mddemo/share/psi4/basis/jun-cc-pvdz.gbs 
    atoms 12, 22, 29                                     entry O          line   232 file /home/alia/anaconda3/envs/mddemo/share/psi4/basis/jun-cc-pvdz.gbs 


         ---------------------------------------------------------
                                   SCF
               by Justin Turney, Rob Parrish, Andy Simmonett
                          and Daniel G. A. Smith
                              RHF Reference
                       32 Threads,  76293 MiB Core
         ---------------------------------------------------------

  ==> Geometry <==

    Molecular point group: c1
    Full point group: C1

    Geometry (in Angstrom), charge = 1, multiplicity = 1:

       Center              X                  Y                   Z               Mass       
    ------------   -----------------  -----------------  -----------------  -----------------
      Gh(N)           0.745751687313    -5.450699593839    -1.257400171077    14.003074004430
      Gh(H)          -0.264248541569    -5.552699353513    -1.901400224482     1.007825032230
      Gh(H)           0.278751679684    -5.662699487028    -0.169400350367     1.007825032230
      Gh(H)           1.371751614834    -6.224699761686    -1.489400045192     1.007825032230
      Gh(C)           1.354751416470    -4.124699380216    -1.341400281703    12.000000000000
      Gh(H)           0.787751504208    -3.324699666318    -0.858400003230     1.007825032230
      Gh(C)           2.695751734997    -4.105699803647    -0.648400441920    12.000000000000
      Gh(H)           3.379751750256    -4.726699616727    -1.315400258815     1.007825032230
      Gh(H)           2.492751666332    -4.531699445066     0.371600015844     1.007825032230
      Gh(H)           3.116751738812    -3.088699605283    -0.446400300776     1.007825032230
      Gh(C)           1.419751473690    -3.736699368772    -2.808400289332    12.000000000000
      Gh(O)           0.730751820828    -4.215699460325    -3.710400239741    15.994914619570
      Gh(H)           2.145731278683    -2.959827210721    -3.090220348155     1.007825032230
         N            0.138751813198     1.998300287905     0.480599745000    14.003074004430
         H            0.230751820828     0.809300158206     0.632599695409     1.007825032230
         H            0.103751488949     2.068299982729    -0.719400064265     1.007825032230
         H            1.023751565243     2.437300417605     0.792600019658     1.007825032230
         C           -1.110248259281     2.626300547305     0.979599817479    12.000000000000
         H           -1.825248411869     1.774300310793     1.075600012029     1.007825032230
         C           -0.999248198246     3.232300493899     2.403599603856    12.000000000000
         H           -2.041248491978     3.519300196353     2.679599626744     1.007825032230
         O           -0.173248461460     4.361300203982     2.356599672521    15.994914619570
         H            0.734751530911     4.148300860110     1.993599756444     1.007825032230
         C           -0.415248564457     2.333300326052     3.549599512304    12.000000000000
         H            0.683751412655     2.202300760928     3.364600046361     1.007825032230
         H           -0.950248411869     1.427300188723     3.601599558080     1.007825032230
         H           -0.498248270725     2.781300280276     4.544599397863     1.007825032230
         C           -1.697248152470     3.697300646487     0.010599954808    12.000000000000
         O           -2.878247908329     3.593300554934    -0.115400449549    15.994914619570
         H           -1.091293505405     4.461290095034    -0.498456613337     1.007825032230

  Running in c1 symmetry.

  Rotational constants: A =      0.03750  B =      0.00504  C =      0.00469 [cm^-1]
  Rotational constants: A =   1124.10883  B =    151.20154  C =    140.72464 [MHz]
  Nuclear repulsion =  329.172821893175922

  Charge       = 1
  Multiplicity = 1
  Electrons    = 56
  Nalpha       = 28
  Nbeta        = 28

  ==> Algorithm <==

  SCF Algorithm Type is DF.
  DIIS enabled.
  MOM disabled.
  Fractional occupation disabled.
  Guess Type is SAD.
  Energy threshold   = 1.00e-08
  Density threshold  = 1.00e-08
  Integral threshold = 1.00e-12

  ==> Primary Basis <==

  Basis Set: JUN-CC-PVDZ
    Blend: JUN-CC-PVDZ
    Number of shells: 150
    Number of basis functions: 306
    Number of Cartesian functions: 318
    Spherical Harmonics?: true
    Max angular momentum: 2

   => Loading Basis Set <=

    Name: (JUN-CC-PVDZ AUX)
    Role: JKFIT
    Keyword: DF_BASIS_SCF
    atoms 1, 14                                          entry N          line   202 file /home/alia/anaconda3/envs/mddemo/share/psi4/basis/jun-cc-pvdz-jkfit.gbs 
    atoms 2-4, 6, 8-10, 13, 15-17, 19, 21, 23, 25-27, 30 entry H          line    70 file /home/alia/anaconda3/envs/mddemo/share/psi4/basis/jun-cc-pvdz-jkfit.gbs 
    atoms 5, 7, 11, 18, 20, 24, 28                       entry C          line   146 file /home/alia/anaconda3/envs/mddemo/share/psi4/basis/jun-cc-pvdz-jkfit.gbs 
    atoms 12, 22, 29                                     entry O          line   258 file /home/alia/anaconda3/envs/mddemo/share/psi4/basis/jun-cc-pvdz-jkfit.gbs 

  ==> Integral Setup <==

  ==> DiskDFJK: Density-Fitted J/K Matrices <==

    J tasked:                  Yes
    K tasked:                  Yes
    wK tasked:                  No
    OpenMP threads:             32
    Integrals threads:          32
    Memory [MiB]:            57220
    Algorithm:                Core
    Integral Cache:           LOAD
    Schwarz Cutoff:          1E-12
    Fitting Condition:       1E-10

   => Auxiliary Basis Set <=

  Basis Set: (JUN-CC-PVDZ AUX)
    Blend: JUN-CC-PVDZ-JKFIT
    Number of shells: 486
    Number of basis functions: 1362
    Number of Cartesian functions: 1542
    Spherical Harmonics?: true
    Max angular momentum: 3

  Minimum eigenvalue in the overlap matrix is 5.5094111741E-05.
  Reciprocal condition number of the overlap matrix is 4.8524962394E-06.
    Using symmetric orthogonalization.

  ==> Pre-Iterations <==

  SCF Guess: Superposition of Atomic Densities via on-the-fly atomic UHF (no occupation information).

   -------------------------
    Irrep   Nso     Nmo    
   -------------------------
     A        306     306 
   -------------------------
    Total     306     306
   -------------------------

  ==> Iterations <==

                           Total Energy        Delta E     RMS |[F,P]|

   @DF-RHF iter SAD:  -360.45729957059183   -3.60457e+02   0.00000e+00 
   @DF-RHF iter   1:  -360.91490996642835   -4.57610e-01   2.19519e-03 DIIS
   @DF-RHF iter   2:  -361.10770556643388   -1.92796e-01   1.35798e-03 DIIS
   @DF-RHF iter   3:  -361.17211360189265   -6.44080e-02   2.82889e-04 DIIS
   @DF-RHF iter   4:  -361.17675572988793   -4.64213e-03   1.05225e-04 DIIS
   @DF-RHF iter   5:  -361.17738534831926   -6.29618e-04   2.56767e-05 DIIS
   @DF-RHF iter   6:  -361.17744675733530   -6.14090e-05   1.21820e-05 DIIS
   @DF-RHF iter   7:  -361.17746068632505   -1.39290e-05   4.69672e-06 DIIS
   @DF-RHF iter   8:  -361.17746347754098   -2.79122e-06   1.84072e-06 DIIS
   @DF-RHF iter   9:  -361.17746393577642   -4.58235e-07   5.78259e-07 DIIS
   @DF-RHF iter  10:  -361.17746399431127   -5.85349e-08   2.43576e-07 DIIS
   @DF-RHF iter  11:  -361.17746400814758   -1.38363e-08   1.19962e-07 DIIS
   @DF-RHF iter  12:  -361.17746401222053   -4.07294e-09   6.10635e-08 DIIS
   @DF-RHF iter  13:  -361.17746401339872   -1.17819e-09   2.56364e-08 DIIS
   @DF-RHF iter  14:  -361.17746401356271   -1.63993e-10   7.27194e-09 DIIS
  Energy and wave function converged.


  ==> Post-Iterations <==

    Orbital Energies [Eh]
    ---------------------

    Doubly Occupied:                                                      

       1A    -20.746817     2A    -20.739722     3A    -15.942809  
       4A    -11.522488     5A    -11.499197     6A    -11.477512  
       7A    -11.388724     8A     -1.590239     9A     -1.546655  
      10A     -1.491641    11A     -1.222357    12A     -1.142485  
      13A     -1.021536    14A     -1.003371    15A     -0.958698  
      16A     -0.907118    17A     -0.896700    18A     -0.841254  
      19A     -0.812919    20A     -0.808269    21A     -0.778470  
      22A     -0.752861    23A     -0.715538    24A     -0.698254  
      25A     -0.687619    26A     -0.643414    27A     -0.620786  
      28A     -0.590377  

    Virtual:                                                              

      29A     -0.135822    30A     -0.086241    31A     -0.074814  
      32A     -0.053401    33A     -0.052458    34A     -0.035178  
      35A     -0.034156    36A     -0.025338    37A     -0.022244  
      38A     -0.015921    39A     -0.013542    40A     -0.006497  
      41A     -0.003192    42A      0.003010    43A      0.012324  
      44A      0.019523    45A      0.025948    46A      0.029409  
      47A      0.034967    48A      0.038136    49A      0.041880  
      50A      0.042890    51A      0.045186    52A      0.047226  
      53A      0.048857    54A      0.064287    55A      0.072718  
      56A      0.081980    57A      0.090458    58A      0.091619  
      59A      0.096522    60A      0.103543    61A      0.109827  
      62A      0.113975    63A      0.125306    64A      0.125359  
      65A      0.139226    66A      0.141194    67A      0.145450  
      68A      0.153431    69A      0.155338    70A      0.164119  
      71A      0.166340    72A      0.178746    73A      0.183214  
      74A      0.189661    75A      0.192721    76A      0.195749  
      77A      0.203352    78A      0.208301    79A      0.213492  
      80A      0.216616    81A      0.223051    82A      0.234512  
      83A      0.242251    84A      0.256845    85A      0.266601  
      86A      0.273324    87A      0.277942    88A      0.279549  
      89A      0.285493    90A      0.303300    91A      0.307800  
      92A      0.320027    93A      0.330032    94A      0.343771  
      95A      0.348542    96A      0.354077    97A      0.372449  
      98A      0.373576    99A      0.378583   100A      0.393770  
     101A      0.421937   102A      0.435671   103A      0.438239  
     104A      0.462432   105A      0.492616   106A      0.500433  
     107A      0.516876   108A      0.528674   109A      0.533167  
     110A      0.571712   111A      0.595687   112A      0.617700  
     113A      0.623629   114A      0.626996   115A      0.636232  
     116A      0.644333   117A      0.648580   118A      0.672773  
     119A      0.676046   120A      0.684412   121A      0.691134  
     122A      0.702060   123A      0.730077   124A      0.737481  
     125A      0.743989   126A      0.758900   127A      0.766845  
     128A      0.770843   129A      0.781766   130A      0.786904  
     131A      0.805554   132A      0.810033   133A      0.819000  
     134A      0.827426   135A      0.840868   136A      0.855767  
     137A      0.872211   138A      0.880958   139A      0.890651  
     140A      0.893245   141A      0.916136   142A      0.921168  
     143A      0.929489   144A      0.971252   145A      0.980737  
     146A      0.990276   147A      1.029001   148A      1.081763  
     149A      1.154254   150A      1.155432   151A      1.207868  
     152A      1.213475   153A      1.251647   154A      1.275634  
     155A      1.295800   156A      1.315119   157A      1.343292  
     158A      1.346271   159A      1.354397   160A      1.367955  
     161A      1.384864   162A      1.405545   163A      1.444165  
     164A      1.471101   165A      1.480126   166A      1.486731  
     167A      1.492505   168A      1.521946   169A      1.536068  
     170A      1.543914   171A      1.573752   172A      1.598790  
     173A      1.605136   174A      1.609614   175A      1.639042  
     176A      1.642256   177A      1.669938   178A      1.673180  
     179A      1.684399   180A      1.696405   181A      1.704826  
     182A      1.707811   183A      1.742312   184A      1.742967  
     185A      1.749855   186A      1.764530   187A      1.768811  
     188A      1.775731   189A      1.785530   190A      1.793473  
     191A      1.795407   192A      1.809146   193A      1.825634  
     194A      1.843619   195A      1.867850   196A      1.873963  
     197A      1.875619   198A      1.879262   199A      1.889986  
     200A      1.904690   201A      1.912003   202A      1.925703  
     203A      1.937389   204A      1.948349   205A      1.971389  
     206A      1.974720   207A      1.990143   208A      2.003622  
     209A      2.015957   210A      2.044220   211A      2.046302  
     212A      2.056373   213A      2.077093   214A      2.088012  
     215A      2.095186   216A      2.108997   217A      2.114877  
     218A      2.138835   219A      2.143447   220A      2.152642  
     221A      2.178930   222A      2.188607   223A      2.215628  
     224A      2.219531   225A      2.227700   226A      2.241099  
     227A      2.249803   228A      2.285006   229A      2.300487  
     230A      2.324948   231A      2.339889   232A      2.377447  
     233A      2.383668   234A      2.389984   235A      2.399938  
     236A      2.432849   237A      2.440881   238A      2.463188  
     239A      2.467638   240A      2.473848   241A      2.500473  
     242A      2.537636   243A      2.577488   244A      2.588418  
     245A      2.618459   246A      2.621391   247A      2.639245  
     248A      2.663973   249A      2.679222   250A      2.691532  
     251A      2.703855   252A      2.729740   253A      2.729886  
     254A      2.764750   255A      2.770574   256A      2.786193  
     257A      2.800507   258A      2.817393   259A      2.883941  
     260A      2.909488   261A      2.931798   262A      2.971223  
     263A      3.019434   264A      3.036748   265A      3.070304  
     266A      3.087185   267A      3.120880   268A      3.129527  
     269A      3.177771   270A      3.260150   271A      3.295878  
     272A      3.313529   273A      3.320591   274A      3.393225  
     275A      3.456015   276A      3.533560   277A      3.555833  
     278A      3.610831   279A      3.638695   280A      3.733766  
     281A      3.852758   282A      3.920959   283A      3.927936  
     284A      3.991388   285A      4.119385   286A      4.160695  
     287A      4.256610   288A      4.389064   289A      4.618940  
     290A      4.661894   291A      4.721986   292A      4.757267  
     293A      4.823579   294A      4.891207   295A      4.941926  
     296A      5.125072   297A      5.448631   298A      5.528116  
     299A      5.678506   300A      5.768182   301A      6.637030  
     302A     18.150963   303A     18.351419   304A     18.555679  
     305A     25.311013   306A     33.419867  

    Final Occupation by Irrep:
              A 
    DOCC [    28 ]

  @DF-RHF Final Energy:  -361.17746401356271

   => Energetics <=

    Nuclear Repulsion Energy =            329.1728218931759216
    One-Electron Energy =               -1134.6049084731432686
    Two-Electron Energy =                 444.2546225664045778
    Total Energy =                       -361.1774640135627124

Computation Completed


Properties will be evaluated at   0.000000,   0.000000,   0.000000 [a0]

Properties computed using the SCF density matrix

  Nuclear Dipole Moment: [e a0]
     X:   -99.0258      Y:   329.9256      Z:   151.9739

  Electronic Dipole Moment: [e a0]
     X:    99.8935      Y:  -326.4473      Z:  -150.6486

  Dipole Moment: [e a0]
     X:     0.8677      Y:     3.4783      Z:     1.3253     Total:     3.8221

  Dipole Moment: [D]
     X:     2.2055      Y:     8.8410      Z:     3.3686     Total:     9.7147


*** tstop() called on aliaconda at Sun Mar 20 05:22:13 2022
Module time:
	user time   =     233.08 seconds =       3.88 minutes
	system time =      26.69 seconds =       0.44 minutes
	total time  =         11 seconds =       0.18 minutes
Total time:
	user time   =   55603.48 seconds =     926.72 minutes
	system time =    7691.77 seconds =     128.20 minutes
	total time  =       3516 seconds =      58.60 minutes
  Constructing Basis Sets for SAPT...

   => Loading Basis Set <=

    Name: (JUN-CC-PVDZ AUX)
    Role: RIFIT
    Keyword: DF_BASIS_SAPT
    atoms 1, 14                                          entry N          line   144 file /home/alia/anaconda3/envs/mddemo/share/psi4/basis/jun-cc-pvdz-ri.gbs 
    atoms 2-4, 6, 8-10, 13, 15-17, 19, 21, 23, 25-27, 30 entry H          line    30 file /home/alia/anaconda3/envs/mddemo/share/psi4/basis/jun-cc-pvdz-ri.gbs 
    atoms 5, 7, 11, 18, 20, 24, 28                       entry C          line   100 file /home/alia/anaconda3/envs/mddemo/share/psi4/basis/jun-cc-pvdz-ri.gbs 
    atoms 12, 22, 29                                     entry O          line   188 file /home/alia/anaconda3/envs/mddemo/share/psi4/basis/jun-cc-pvdz-ri.gbs 


  //>>>>>>>>>>>>>>>>>>>>>>>>>>>>>>>>>>>//
  //               SAPT0               //
  //<<<<<<<<<<<<<<<<<<<<<<<<<<<<<<<<<<<//


*** tstart() called on aliaconda
*** at Sun Mar 20 05:22:13 2022

        SAPT0  
    Ed Hohenstein
     6 June 2009

      Orbital Information
  --------------------------
    NSO        =       306
    NMO        =       306
    NRI        =      1032
    NOCC A     =        20
    NOCC B     =        28
    FOCC A     =         0
    FOCC B     =         0
    NVIR A     =       286
    NVIR B     =       278

    Elst10,r            =     0.076535362049 [Eh]
    Exch10              =     0.000000037814 [Eh]
    Exch10 (S^2)        =     0.000000037814 [Eh]

    Iter     Energy [mEh]          dE [mEh]         Residual      Time [s]
       1      -0.70684578       0.706845777       7.385055428             0
       2      -0.68649718      -0.020348596       2.545887924             1
       3      -0.73218912       0.045691940       1.061442961             2
       4      -0.75119690       0.019007782       0.264007129             2
       5      -0.74897860      -0.002218306       0.157772618             3
       6      -0.74759117      -0.001387423       0.045169308             3
       7      -0.74800454       0.000413371       0.015181723             4
       8      -0.74806811       0.000063566       0.006535526             4
       9      -0.74802896      -0.000039147       0.003868440             5
      10      -0.74802284      -0.000006125       0.001179138             5
      11      -0.74803015       0.000007312       0.000346995             6
      12      -0.74803042       0.000000270       0.000090478             7
      13      -0.74802991      -0.000000514       0.000021138             7
      14      -0.74802990      -0.000000004       0.000005274             8
      15      -0.74802992       0.000000021       0.000001575             8
      16      -0.74802992       0.000000001       0.000000372             9

    CHF Iterations converged


    Iter     Energy [mEh]          dE [mEh]         Residual      Time [s]
       1      -0.44429201       0.444292015       4.736629848             0
       2      -0.47585458       0.031562561       2.159160390             1
       3      -0.51173578       0.035881200       0.668340288             2
       4      -0.51701476       0.005278985       0.170955014             2
       5      -0.51559866      -0.001416098       0.091919673             3
       6      -0.51497554      -0.000623124       0.031874279             3
       7      -0.51512257       0.000147028       0.018832818             4
       8      -0.51523637       0.000113803       0.006915199             5
       9      -0.51519850      -0.000037873       0.003234538             5
      10      -0.51518829      -0.000010209       0.001286664             6
      11      -0.51519437       0.000006085       0.000480250             6
      12      -0.51519511       0.000000739       0.000127727             7
      13      -0.51519454      -0.000000575       0.000034963             8
      14      -0.51519448      -0.000000058       0.000010177             8
      15      -0.51519451       0.000000033       0.000003190             9
      16      -0.51519452       0.000000006       0.000000919             9

    CHF Iterations converged

    Ind20,r (A<-B)      =    -0.000748029924 [Eh]
    Ind20,r (B<-A)      =    -0.000515194519 [Eh]
    Ind20,r             =    -0.001263224442 [Eh]
    Exch-Ind20,r (A<-B) =     0.000000029560 [Eh]
    Exch-Ind20,r (B<-A) =     0.000000025816 [Eh]
    Exch-Ind20,r        =     0.000000055375 [Eh]
    Disp20              =    -0.000131081535 [Eh]
    Disp20 (SS)         =    -0.000065540768 [Eh]
    Disp20 (OS)         =    -0.000065540768 [Eh]
    Exch-Disp20         =     0.000000015115 [Eh]
    Exch-Disp20 (SS)    =     0.000000010183 [Eh]
    Exch-Disp20 (OS)    =     0.000000004933 [Eh]

    SAPT Results 
  --------------------------------------------------------------------------------------------------------
    Electrostatics                 76.53536205 [mEh]      48.02666476 [kcal/mol]     200.94356537 [kJ/mol]
      Elst10,r                     76.53536205 [mEh]      48.02666476 [kcal/mol]     200.94356537 [kJ/mol]

    Exchange                        0.00003781 [mEh]       0.00002373 [kcal/mol]       0.00009928 [kJ/mol]
      Exch10                        0.00003781 [mEh]       0.00002373 [kcal/mol]       0.00009928 [kJ/mol]
      Exch10(S^2)                   0.00003781 [mEh]       0.00002373 [kcal/mol]       0.00009928 [kJ/mol]

    Induction                      -1.23657240 [mEh]      -0.77596090 [kcal/mol]      -3.24662039 [kJ/mol]
      Ind20,r                      -1.26322444 [mEh]      -0.79268530 [kcal/mol]      -3.31659532 [kJ/mol]
      Exch-Ind20,r                  0.00005538 [mEh]       0.00003475 [kcal/mol]       0.00014539 [kJ/mol]
      delta HF,r (2)                0.02659667 [mEh]       0.01668966 [kcal/mol]       0.06982954 [kJ/mol]

    Dispersion                     -0.13106642 [mEh]      -0.08224542 [kcal/mol]      -0.34411484 [kJ/mol]
      Disp20                       -0.13108154 [mEh]      -0.08225491 [kcal/mol]      -0.34415452 [kJ/mol]
      Exch-Disp20                   0.00001512 [mEh]       0.00000948 [kcal/mol]       0.00003968 [kJ/mol]
      Disp20 (SS)                  -0.06554077 [mEh]      -0.04112745 [kcal/mol]      -0.17207726 [kJ/mol]
      Disp20 (OS)                  -0.06554077 [mEh]      -0.04112745 [kcal/mol]      -0.17207726 [kJ/mol]
      Exch-Disp20 (SS)              0.00001018 [mEh]       0.00000639 [kcal/mol]       0.00002673 [kJ/mol]
      Exch-Disp20 (OS)              0.00000493 [mEh]       0.00000310 [kcal/mol]       0.00001295 [kJ/mol]

  Total HF                         75.29882746 [mEh]      47.25072760 [kcal/mol]     197.69704427 [kJ/mol]
  Total SAPT0                      75.16776104 [mEh]      47.16848218 [kcal/mol]     197.35292943 [kJ/mol]

  Special recipe for scaled SAPT0 (see Manual):
    Electrostatics sSAPT0          76.53536205 [mEh]      48.02666476 [kcal/mol]     200.94356537 [kJ/mol]
    Exchange sSAPT0                 0.00003781 [mEh]       0.00002373 [kcal/mol]       0.00009928 [kJ/mol]
    Induction sSAPT0               -1.23657240 [mEh]      -0.77596090 [kcal/mol]      -3.24662039 [kJ/mol]
    Dispersion sSAPT0              -0.13106642 [mEh]      -0.08224542 [kcal/mol]      -0.34411484 [kJ/mol]
  Total sSAPT0                     75.16776104 [mEh]      47.16848218 [kcal/mol]     197.35292943 [kJ/mol]
  --------------------------------------------------------------------------------------------------------

*** tstop() called on aliaconda at Sun Mar 20 05:23:02 2022
Module time:
	user time   =     689.40 seconds =      11.49 minutes
	system time =     119.75 seconds =       2.00 minutes
	total time  =         49 seconds =       0.82 minutes
Total time:
	user time   =   56295.49 seconds =     938.26 minutes
	system time =    7811.99 seconds =     130.20 minutes
	total time  =       3565 seconds =      59.42 minutes


Warning! sapt0 does not have an associated derived wavefunction.The returned wavefunction is the dimer SCF wavefunction.


  Memory set to  74.506 GiB by Python driver.
  Threads set to 32 by Python driver.
