
Scratch directory: /tmp/

Scratch directory: /tmp/

  //>>>>>>>>>>>>>>>>>>>>>>>>>>>>>>>>>>>//
  //              Dimer HF             //
  //<<<<<<<<<<<<<<<<<<<<<<<<<<<<<<<<<<<//


*** tstart() called on aliaconda
*** at Sun Mar 20 05:10:19 2022

   => Loading Basis Set <=

    Name: JUN-CC-PVDZ
    Role: ORBITAL
    Keyword: BASIS
    atoms 1, 14                                          entry N          line   198 file /home/alia/anaconda3/envs/mddemo/share/psi4/basis/jun-cc-pvdz.gbs 
    atoms 2-4, 6, 8-10, 13, 15-17, 19, 21, 23, 25-27, 30 entry H          line    36 file /home/alia/anaconda3/envs/mddemo/share/psi4/basis/jun-cc-pvdz.gbs 
    atoms 5, 7, 11, 18, 20, 24, 28                       entry C          line   164 file /home/alia/anaconda3/envs/mddemo/share/psi4/basis/jun-cc-pvdz.gbs 
    atoms 12, 22, 29                                     entry O          line   232 file /home/alia/anaconda3/envs/mddemo/share/psi4/basis/jun-cc-pvdz.gbs 


         ---------------------------------------------------------
                                   SCF
               by Justin Turney, Rob Parrish, Andy Simmonett
                          and Daniel G. A. Smith
                              RHF Reference
                       32 Threads,  76293 MiB Core
         ---------------------------------------------------------

  ==> Geometry <==

    Molecular point group: c1
    Full point group: C1

    Geometry (in Angstrom), charge = 2, multiplicity = 1:

       Center              X                  Y                   Z               Mass       
    ------------   -----------------  -----------------  -----------------  -----------------
         N            0.430434020743    -5.220330143113    -1.161837305822    14.003074004430
         H           -0.101566044107    -5.151329898973    -0.084837164678     1.007825032230
         H           -0.527566162363    -5.383330249925    -1.869837012090     1.007825032230
         H            0.990433963522    -6.050330066819    -1.193836893834     1.007825032230
         C            1.160434039816    -4.007329845567    -1.541836943426    12.000000000000
         H            0.624433788046    -3.192330265184    -1.090837206640     1.007825032230
         C            2.591434034094    -4.233330154557    -0.894837107458    12.000000000000
         H            3.229434045538    -5.106330299516    -1.201837267675     1.007825032230
         H            2.573433908209    -4.244330310960     0.152162823878     1.007825032230
         H            3.230433973059    -3.391330146928    -1.071837153234     1.007825032230
         C            1.253433974967    -3.640330219407    -3.056837048330    12.000000000000
         O            0.307433875784    -3.765330219407    -3.805837120809    15.994914619570
         H            2.204121383414    -3.257446193834    -3.456328358449     1.007825032230
         N            0.427434238181     2.232669925551     0.517163071833    14.003074004430
         H            0.713434013113     1.064669704299     0.567162785731     1.007825032230
         H            0.336434158072     2.344670390944    -0.679836954870     1.007825032230
         H            1.196433814749     2.791669940810     0.791162762843     1.007825032230
         C           -0.836566177621     2.592669582228     1.054162774287    12.000000000000
         H           -1.533566204324     1.823669528823     1.113162789546     1.007825032230
         C           -0.725566116586     3.115670299392     2.510162625514    12.000000000000
         H           -1.823566166177     3.383669948439     2.757163319789     1.007825032230
         O           -0.024565902963     4.319669818740     2.563163075648    15.994914619570
         H            0.928434165701     4.111669635634     2.442162785731     1.007825032230
         C           -0.173566070810     2.002670383315     3.431163106166    12.000000000000
         H            0.920433791861     1.975669956069     3.277162823878     1.007825032230
         H           -0.631565777078     1.065670108657     3.171162877284     1.007825032230
         H           -0.414565769449     2.307669734816     4.471163068019     1.007825032230
         C           -1.692566124216     3.524669742446     0.191162858210    12.000000000000
         O           -2.887565819040     3.205669498305     0.044163022242    15.994914619570
         H           -1.273658005014     4.428851222853    -0.274639811315     1.007825032230

  Running in c1 symmetry.

  Rotational constants: A =      0.03537  B =      0.00533  C =      0.00496 [cm^-1]
  Rotational constants: A =   1060.22012  B =    159.84984  C =    148.69719 [MHz]
  Nuclear repulsion =  660.934752962731636

  Charge       = 2
  Multiplicity = 1
  Electrons    = 96
  Nalpha       = 48
  Nbeta        = 48

  ==> Algorithm <==

  SCF Algorithm Type is DF.
  DIIS enabled.
  MOM disabled.
  Fractional occupation disabled.
  Guess Type is SAD.
  Energy threshold   = 1.00e-08
  Density threshold  = 1.00e-08
  Integral threshold = 1.00e-12

  ==> Primary Basis <==

  Basis Set: JUN-CC-PVDZ
    Blend: JUN-CC-PVDZ
    Number of shells: 150
    Number of basis functions: 306
    Number of Cartesian functions: 318
    Spherical Harmonics?: true
    Max angular momentum: 2

   => Loading Basis Set <=

    Name: (JUN-CC-PVDZ AUX)
    Role: JKFIT
    Keyword: DF_BASIS_SCF
    atoms 1, 14                                          entry N          line   202 file /home/alia/anaconda3/envs/mddemo/share/psi4/basis/jun-cc-pvdz-jkfit.gbs 
    atoms 2-4, 6, 8-10, 13, 15-17, 19, 21, 23, 25-27, 30 entry H          line    70 file /home/alia/anaconda3/envs/mddemo/share/psi4/basis/jun-cc-pvdz-jkfit.gbs 
    atoms 5, 7, 11, 18, 20, 24, 28                       entry C          line   146 file /home/alia/anaconda3/envs/mddemo/share/psi4/basis/jun-cc-pvdz-jkfit.gbs 
    atoms 12, 22, 29                                     entry O          line   258 file /home/alia/anaconda3/envs/mddemo/share/psi4/basis/jun-cc-pvdz-jkfit.gbs 

  ==> Integral Setup <==

  ==> DiskDFJK: Density-Fitted J/K Matrices <==

    J tasked:                  Yes
    K tasked:                  Yes
    wK tasked:                  No
    OpenMP threads:             32
    Integrals threads:          32
    Memory [MiB]:            57220
    Algorithm:                Core
    Integral Cache:           SAVE
    Schwarz Cutoff:          1E-12
    Fitting Condition:       1E-10

   => Auxiliary Basis Set <=

  Basis Set: (JUN-CC-PVDZ AUX)
    Blend: JUN-CC-PVDZ-JKFIT
    Number of shells: 486
    Number of basis functions: 1362
    Number of Cartesian functions: 1542
    Spherical Harmonics?: true
    Max angular momentum: 3

  Minimum eigenvalue in the overlap matrix is 4.7249340681E-05.
  Reciprocal condition number of the overlap matrix is 4.0899293011E-06.
    Using symmetric orthogonalization.

  ==> Pre-Iterations <==

  SCF Guess: Superposition of Atomic Densities via on-the-fly atomic UHF (no occupation information).

   -------------------------
    Irrep   Nso     Nmo    
   -------------------------
     A        306     306 
   -------------------------
    Total     306     306
   -------------------------

  ==> Iterations <==

                           Total Energy        Delta E     RMS |[F,P]|

   @DF-RHF iter SAD:  -607.30363216194871   -6.07304e+02   0.00000e+00 
   @DF-RHF iter   1:  -607.95195518186949   -6.48323e-01   2.81224e-03 DIIS
   @DF-RHF iter   2:  -608.27074138214130   -3.18786e-01   1.76910e-03 DIIS
   @DF-RHF iter   3:  -608.37955339196594   -1.08812e-01   3.99339e-04 DIIS
   @DF-RHF iter   4:  -608.38849205710858   -8.93867e-03   1.46825e-04 DIIS
   @DF-RHF iter   5:  -608.38975493519968   -1.26288e-03   3.57518e-05 DIIS
   @DF-RHF iter   6:  -608.38988386060282   -1.28925e-04   1.81652e-05 DIIS
   @DF-RHF iter   7:  -608.38991626777170   -3.24072e-05   8.15745e-06 DIIS
   @DF-RHF iter   8:  -608.38992389824284   -7.63047e-06   3.51176e-06 DIIS
   @DF-RHF iter   9:  -608.38992525675678   -1.35851e-06   1.29031e-06 DIIS
   @DF-RHF iter  10:  -608.38992544769098   -1.90934e-07   4.05105e-07 DIIS
   @DF-RHF iter  11:  -608.38992547158352   -2.38925e-08   1.81862e-07 DIIS
   @DF-RHF iter  12:  -608.38992547894645   -7.36293e-09   9.73676e-08 DIIS
   @DF-RHF iter  13:  -608.38992548164720   -2.70074e-09   5.20591e-08 DIIS
   @DF-RHF iter  14:  -608.38992548265901   -1.01181e-09   1.86615e-08 DIIS
   @DF-RHF iter  15:  -608.38992548275837   -9.93623e-11   5.76040e-09 DIIS
  Energy and wave function converged.


  ==> Post-Iterations <==

    Orbital Energies [Eh]
    ---------------------

    Doubly Occupied:                                                      

       1A    -20.829378     2A    -20.808627     3A    -20.808122  
       4A    -16.018487     5A    -16.001138     6A    -11.603863  
       7A    -11.589356     8A    -11.582386     9A    -11.546339  
      10A    -11.541259    11A    -11.496781    12A    -11.464209  
      13A     -1.655475    14A     -1.627568    15A     -1.610439  
      16A     -1.585766    17A     -1.570168    18A     -1.306689  
      19A     -1.305613    20A     -1.221623    21A     -1.180219  
      22A     -1.088828    23A     -1.087123    24A     -1.080787  
      25A     -1.041796    26A     -1.024205    27A     -0.996111  
      28A     -0.984087    29A     -0.974706    30A     -0.950358  
      31A     -0.905891    32A     -0.901274    33A     -0.879965  
      34A     -0.871941    35A     -0.862572    36A     -0.840423  
      37A     -0.818497    38A     -0.812111    39A     -0.804695  
      40A     -0.790842    41A     -0.775415    42A     -0.767606  
      43A     -0.762921    44A     -0.735416    45A     -0.712598  
      46A     -0.687305    47A     -0.682285    48A     -0.654337  

    Virtual:                                                              

      49A     -0.221340    50A     -0.195082    51A     -0.168211  
      52A     -0.153922    53A     -0.142654    54A     -0.136035  
      55A     -0.127879    56A     -0.126786    57A     -0.115013  
      58A     -0.108381    59A     -0.099674    60A     -0.096183  
      61A     -0.094692    62A     -0.090372    63A     -0.081374  
      64A     -0.076950    65A     -0.076159    66A     -0.069704  
      67A     -0.068723    68A     -0.067014    69A     -0.055394  
      70A     -0.050334    71A     -0.046846    72A     -0.041998  
      73A     -0.038551    74A     -0.031745    75A     -0.029597  
      76A     -0.025244    77A     -0.023805    78A     -0.015059  
      79A     -0.014457    80A     -0.006122    81A     -0.002235  
      82A      0.007206    83A      0.018327    84A      0.029780  
      85A      0.034725    86A      0.035398    87A      0.039158  
      88A      0.054973    89A      0.056853    90A      0.067472  
      91A      0.075238    92A      0.077313    93A      0.087977  
      94A      0.090906    95A      0.092393    96A      0.100762  
      97A      0.103772    98A      0.109609    99A      0.114139  
     100A      0.121642   101A      0.124335   102A      0.138187  
     103A      0.139930   104A      0.143382   105A      0.146980  
     106A      0.150437   107A      0.155891   108A      0.160124  
     109A      0.167323   110A      0.184169   111A      0.194419  
     112A      0.198410   113A      0.202372   114A      0.203753  
     115A      0.217221   116A      0.217870   117A      0.224249  
     118A      0.246957   119A      0.253311   120A      0.262053  
     121A      0.280815   122A      0.288523   123A      0.305836  
     124A      0.319894   125A      0.329083   126A      0.373378  
     127A      0.444757   128A      0.469111   129A      0.488799  
     130A      0.503230   131A      0.512374   132A      0.517308  
     133A      0.537477   134A      0.543196   135A      0.550532  
     136A      0.557731   137A      0.564460   138A      0.572945  
     139A      0.575755   140A      0.586218   141A      0.606240  
     142A      0.609754   143A      0.621341   144A      0.629219  
     145A      0.643697   146A      0.658247   147A      0.659624  
     148A      0.663872   149A      0.673086   150A      0.676262  
     151A      0.689053   152A      0.702034   153A      0.709532  
     154A      0.728622   155A      0.730149   156A      0.738714  
     157A      0.740684   158A      0.747006   159A      0.753408  
     160A      0.764300   161A      0.778587   162A      0.786352  
     163A      0.801234   164A      0.814802   165A      0.825758  
     166A      0.836297   167A      0.843849   168A      0.853480  
     169A      0.858107   170A      0.869494   171A      0.891511  
     172A      0.895687   173A      0.913005   174A      0.954711  
     175A      0.968706   176A      0.996207   177A      1.052683  
     178A      1.056028   179A      1.108525   180A      1.113666  
     181A      1.136587   182A      1.141252   183A      1.152796  
     184A      1.182184   185A      1.209233   186A      1.210072  
     187A      1.241408   188A      1.244234   189A      1.260298  
     190A      1.262398   191A      1.263750   192A      1.271017  
     193A      1.282414   194A      1.293535   195A      1.308479  
     196A      1.318043   197A      1.320625   198A      1.333361  
     199A      1.349760   200A      1.350742   201A      1.375200  
     202A      1.406308   203A      1.416345   204A      1.435050  
     205A      1.444923   206A      1.461856   207A      1.474105  
     208A      1.474698   209A      1.518492   210A      1.527468  
     211A      1.551323   212A      1.556796   213A      1.576449  
     214A      1.592554   215A      1.592622   216A      1.627527  
     217A      1.633467   218A      1.654187   219A      1.657987  
     220A      1.673063   221A      1.683595   222A      1.692330  
     223A      1.701980   224A      1.707052   225A      1.715861  
     226A      1.722047   227A      1.732370   228A      1.737437  
     229A      1.751771   230A      1.757528   231A      1.760077  
     232A      1.778135   233A      1.779682   234A      1.808862  
     235A      1.812431   236A      1.814126   237A      1.823910  
     238A      1.827378   239A      1.867221   240A      1.872463  
     241A      1.907239   242A      1.912798   243A      1.928061  
     244A      1.939065   245A      1.966591   246A      1.970234  
     247A      1.990517   248A      1.995254   249A      2.019509  
     250A      2.035809   251A      2.062657   252A      2.069189  
     253A      2.094923   254A      2.126528   255A      2.143594  
     256A      2.157366   257A      2.166891   258A      2.189286  
     259A      2.193854   260A      2.226930   261A      2.229310  
     262A      2.233461   263A      2.243389   264A      2.300698  
     265A      2.307878   266A      2.337364   267A      2.382111  
     268A      2.398818   269A      2.413865   270A      2.433343  
     271A      2.437180   272A      2.456604   273A      2.459291  
     274A      2.492528   275A      2.538475   276A      2.569302  
     277A      2.579651   278A      2.588797   279A      2.616504  
     280A      2.633673   281A      2.646898   282A      2.681434  
     283A      2.688579   284A      2.712332   285A      2.717217  
     286A      2.731158   287A      2.749749   288A      2.784537  
     289A      2.842021   290A      2.891313   291A      2.911380  
     292A      2.923215   293A      2.965965   294A      3.060934  
     295A      3.070744   296A      3.122857   297A      3.184615  
     298A      3.206990   299A      3.215422   300A      3.257100  
     301A      3.477425   302A      3.482636   303A      3.503465  
     304A      3.704413   305A      3.730393   306A      3.878824  

    Final Occupation by Irrep:
              A 
    DOCC [    48 ]

  @DF-RHF Final Energy:  -608.38992548275837

   => Energetics <=

    Nuclear Repulsion Energy =            660.9347529627316362
    One-Electron Energy =               -2114.9541533084466209
    Two-Electron Energy =                 845.6294748629566129
    Total Energy =                       -608.3899254827583718

Computation Completed


Properties will be evaluated at   0.000000,   0.000000,   0.000000 [a0]

Properties computed using the SCF density matrix

  Nuclear Dipole Moment: [e a0]
     X:     9.9610      Y:    -9.7969      Z:     7.3258

  Electronic Dipole Moment: [e a0]
     X:    -6.4107      Y:     4.3911      Z:    -7.4025

  Dipole Moment: [e a0]
     X:     3.5502      Y:    -5.4058      Z:    -0.0767     Total:     6.4678

  Dipole Moment: [D]
     X:     9.0238      Y:   -13.7402      Z:    -0.1948     Total:    16.4396


*** tstop() called on aliaconda at Sun Mar 20 05:10:34 2022
Module time:
	user time   =     326.14 seconds =       5.44 minutes
	system time =      38.50 seconds =       0.64 minutes
	total time  =         15 seconds =       0.25 minutes
Total time:
	user time   =   43673.57 seconds =     727.89 minutes
	system time =    6008.03 seconds =     100.13 minutes
	total time  =       2817 seconds =      46.95 minutes

  //>>>>>>>>>>>>>>>>>>>>>>>>>>>>>>>>>>>//
  //            Monomer A HF           //
  //<<<<<<<<<<<<<<<<<<<<<<<<<<<<<<<<<<<//


*** tstart() called on aliaconda
*** at Sun Mar 20 05:10:34 2022

   => Loading Basis Set <=

    Name: JUN-CC-PVDZ
    Role: ORBITAL
    Keyword: BASIS
    atoms 1, 14                                          entry N          line   198 file /home/alia/anaconda3/envs/mddemo/share/psi4/basis/jun-cc-pvdz.gbs 
    atoms 2-4, 6, 8-10, 13, 15-17, 19, 21, 23, 25-27, 30 entry H          line    36 file /home/alia/anaconda3/envs/mddemo/share/psi4/basis/jun-cc-pvdz.gbs 
    atoms 5, 7, 11, 18, 20, 24, 28                       entry C          line   164 file /home/alia/anaconda3/envs/mddemo/share/psi4/basis/jun-cc-pvdz.gbs 
    atoms 12, 22, 29                                     entry O          line   232 file /home/alia/anaconda3/envs/mddemo/share/psi4/basis/jun-cc-pvdz.gbs 


         ---------------------------------------------------------
                                   SCF
               by Justin Turney, Rob Parrish, Andy Simmonett
                          and Daniel G. A. Smith
                              RHF Reference
                       32 Threads,  76293 MiB Core
         ---------------------------------------------------------

  ==> Geometry <==

    Molecular point group: c1
    Full point group: C1

    Geometry (in Angstrom), charge = 1, multiplicity = 1:

       Center              X                  Y                   Z               Mass       
    ------------   -----------------  -----------------  -----------------  -----------------
         N            0.430434020743    -5.220330143113    -1.161837305822    14.003074004430
         H           -0.101566044107    -5.151329898973    -0.084837164678     1.007825032230
         H           -0.527566162363    -5.383330249925    -1.869837012090     1.007825032230
         H            0.990433963522    -6.050330066819    -1.193836893834     1.007825032230
         C            1.160434039816    -4.007329845567    -1.541836943426    12.000000000000
         H            0.624433788046    -3.192330265184    -1.090837206640     1.007825032230
         C            2.591434034094    -4.233330154557    -0.894837107458    12.000000000000
         H            3.229434045538    -5.106330299516    -1.201837267675     1.007825032230
         H            2.573433908209    -4.244330310960     0.152162823878     1.007825032230
         H            3.230433973059    -3.391330146928    -1.071837153234     1.007825032230
         C            1.253433974967    -3.640330219407    -3.056837048330    12.000000000000
         O            0.307433875784    -3.765330219407    -3.805837120809    15.994914619570
         H            2.204121383414    -3.257446193834    -3.456328358449     1.007825032230
      Gh(N)           0.427434238181     2.232669925551     0.517163071833    14.003074004430
      Gh(H)           0.713434013113     1.064669704299     0.567162785731     1.007825032230
      Gh(H)           0.336434158072     2.344670390944    -0.679836954870     1.007825032230
      Gh(H)           1.196433814749     2.791669940810     0.791162762843     1.007825032230
      Gh(C)          -0.836566177621     2.592669582228     1.054162774287    12.000000000000
      Gh(H)          -1.533566204324     1.823669528823     1.113162789546     1.007825032230
      Gh(C)          -0.725566116586     3.115670299392     2.510162625514    12.000000000000
      Gh(H)          -1.823566166177     3.383669948439     2.757163319789     1.007825032230
      Gh(O)          -0.024565902963     4.319669818740     2.563163075648    15.994914619570
      Gh(H)           0.928434165701     4.111669635634     2.442162785731     1.007825032230
      Gh(C)          -0.173566070810     2.002670383315     3.431163106166    12.000000000000
      Gh(H)           0.920433791861     1.975669956069     3.277162823878     1.007825032230
      Gh(H)          -0.631565777078     1.065670108657     3.171162877284     1.007825032230
      Gh(H)          -0.414565769449     2.307669734816     4.471163068019     1.007825032230
      Gh(C)          -1.692566124216     3.524669742446     0.191162858210    12.000000000000
      Gh(O)          -2.887565819040     3.205669498305     0.044163022242    15.994914619570
      Gh(H)          -1.273658005014     4.428851222853    -0.274639811315     1.007825032230

  Running in c1 symmetry.

  Rotational constants: A =      0.03537  B =      0.00533  C =      0.00496 [cm^-1]
  Rotational constants: A =   1060.22012  B =    159.84984  C =    148.69719 [MHz]
  Nuclear repulsion =  183.196842445764332

  Charge       = 1
  Multiplicity = 1
  Electrons    = 40
  Nalpha       = 20
  Nbeta        = 20

  ==> Algorithm <==

  SCF Algorithm Type is DF.
  DIIS enabled.
  MOM disabled.
  Fractional occupation disabled.
  Guess Type is SAD.
  Energy threshold   = 1.00e-08
  Density threshold  = 1.00e-08
  Integral threshold = 1.00e-12

  ==> Primary Basis <==

  Basis Set: JUN-CC-PVDZ
    Blend: JUN-CC-PVDZ
    Number of shells: 150
    Number of basis functions: 306
    Number of Cartesian functions: 318
    Spherical Harmonics?: true
    Max angular momentum: 2

   => Loading Basis Set <=

    Name: (JUN-CC-PVDZ AUX)
    Role: JKFIT
    Keyword: DF_BASIS_SCF
    atoms 1, 14                                          entry N          line   202 file /home/alia/anaconda3/envs/mddemo/share/psi4/basis/jun-cc-pvdz-jkfit.gbs 
    atoms 2-4, 6, 8-10, 13, 15-17, 19, 21, 23, 25-27, 30 entry H          line    70 file /home/alia/anaconda3/envs/mddemo/share/psi4/basis/jun-cc-pvdz-jkfit.gbs 
    atoms 5, 7, 11, 18, 20, 24, 28                       entry C          line   146 file /home/alia/anaconda3/envs/mddemo/share/psi4/basis/jun-cc-pvdz-jkfit.gbs 
    atoms 12, 22, 29                                     entry O          line   258 file /home/alia/anaconda3/envs/mddemo/share/psi4/basis/jun-cc-pvdz-jkfit.gbs 

  ==> Integral Setup <==

  ==> DiskDFJK: Density-Fitted J/K Matrices <==

    J tasked:                  Yes
    K tasked:                  Yes
    wK tasked:                  No
    OpenMP threads:             32
    Integrals threads:          32
    Memory [MiB]:            57220
    Algorithm:                Core
    Integral Cache:           LOAD
    Schwarz Cutoff:          1E-12
    Fitting Condition:       1E-10

   => Auxiliary Basis Set <=

  Basis Set: (JUN-CC-PVDZ AUX)
    Blend: JUN-CC-PVDZ-JKFIT
    Number of shells: 486
    Number of basis functions: 1362
    Number of Cartesian functions: 1542
    Spherical Harmonics?: true
    Max angular momentum: 3

  Minimum eigenvalue in the overlap matrix is 4.7249340681E-05.
  Reciprocal condition number of the overlap matrix is 4.0899293011E-06.
    Using symmetric orthogonalization.

  ==> Pre-Iterations <==

  SCF Guess: Superposition of Atomic Densities via on-the-fly atomic UHF (no occupation information).

   -------------------------
    Irrep   Nso     Nmo    
   -------------------------
     A        306     306 
   -------------------------
    Total     306     306
   -------------------------

  ==> Iterations <==

                           Total Energy        Delta E     RMS |[F,P]|

   @DF-RHF iter SAD:  -246.65644738205606   -2.46656e+02   0.00000e+00 
   @DF-RHF iter   1:  -247.12228720751554   -4.65840e-01   1.75634e-03 DIIS
   @DF-RHF iter   2:  -247.24847163494664   -1.26184e-01   1.09974e-03 DIIS
   @DF-RHF iter   3:  -247.29061801433602   -4.21464e-02   2.46498e-04 DIIS
   @DF-RHF iter   4:  -247.29423841094439   -3.62040e-03   8.45064e-05 DIIS
   @DF-RHF iter   5:  -247.29470305116354   -4.64640e-04   2.07307e-05 DIIS
   @DF-RHF iter   6:  -247.29475930889373   -5.62577e-05   8.99216e-06 DIIS
   @DF-RHF iter   7:  -247.29476857432348   -9.26543e-06   4.25651e-06 DIIS
   @DF-RHF iter   8:  -247.29477077146674   -2.19714e-06   1.35625e-06 DIIS
   @DF-RHF iter   9:  -247.29477098652310   -2.15056e-07   3.11929e-07 DIIS
   @DF-RHF iter  10:  -247.29477099618924   -9.66614e-09   9.62861e-08 DIIS
   @DF-RHF iter  11:  -247.29477099722124   -1.03199e-09   2.19208e-08 DIIS
   @DF-RHF iter  12:  -247.29477099727785   -5.66160e-11   7.34488e-09 DIIS
  Energy and wave function converged.


  ==> Post-Iterations <==

    Orbital Energies [Eh]
    ---------------------

    Doubly Occupied:                                                      

       1A    -20.754771     2A    -15.930377     3A    -11.530016  
       4A    -11.511697     5A    -11.420938     6A     -1.581450  
       7A     -1.498250     8A     -1.229756     9A     -1.104503  
      10A     -1.012902    11A     -0.952285    12A     -0.911563  
      13A     -0.875164    14A     -0.832329    15A     -0.804626  
      16A     -0.736473    17A     -0.729267    18A     -0.715156  
      19A     -0.688627    20A     -0.607789  

    Virtual:                                                              

      21A     -0.123025    22A     -0.072265    23A     -0.067826  
      24A     -0.060469    25A     -0.049130    26A     -0.032737  
      27A     -0.027522    28A     -0.021961    29A     -0.015980  
      30A     -0.011879    31A     -0.003068    32A     -0.000783  
      33A      0.007024    34A      0.012630    35A      0.016566  
      36A      0.024981    37A      0.030524    38A      0.033632  
      39A      0.037610    40A      0.044210    41A      0.045024  
      42A      0.050962    43A      0.058286    44A      0.063624  
      45A      0.075138    46A      0.078203    47A      0.079928  
      48A      0.086441    49A      0.091271    50A      0.099593  
      51A      0.104029    52A      0.118376    53A      0.125040  
      54A      0.134436    55A      0.137279    56A      0.144297  
      57A      0.148216    58A      0.153607    59A      0.155417  
      60A      0.159398    61A      0.160866    62A      0.165895  
      63A      0.170469    64A      0.178449    65A      0.185145  
      66A      0.193081    67A      0.197848    68A      0.203403  
      69A      0.217933    70A      0.223639    71A      0.224329  
      72A      0.240793    73A      0.245196    74A      0.250356  
      75A      0.263809    76A      0.269359    77A      0.275891  
      78A      0.287338    79A      0.293372    80A      0.297584  
      81A      0.306963    82A      0.318932    83A      0.326125  
      84A      0.343710    85A      0.352365    86A      0.374168  
      87A      0.379185    88A      0.393796    89A      0.398325  
      90A      0.403617    91A      0.440281    92A      0.448420  
      93A      0.462522    94A      0.477275    95A      0.503578  
      96A      0.522338    97A      0.529020    98A      0.532365  
      99A      0.549069   100A      0.571693   101A      0.575851  
     102A      0.581330   103A      0.586463   104A      0.594971  
     105A      0.610013   106A      0.630005   107A      0.634617  
     108A      0.640641   109A      0.649078   110A      0.662948  
     111A      0.664727   112A      0.668647   113A      0.686900  
     114A      0.710023   115A      0.729426   116A      0.732730  
     117A      0.735429   118A      0.747029   119A      0.756446  
     120A      0.765243   121A      0.792172   122A      0.801853  
     123A      0.814094   124A      0.820861   125A      0.826382  
     126A      0.855771   127A      0.856761   128A      0.873600  
     129A      0.900997   130A      0.908680   131A      0.915742  
     132A      0.917768   133A      0.940755   134A      0.952099  
     135A      0.973063   136A      0.982119   137A      0.996309  
     138A      1.028787   139A      1.037779   140A      1.070905  
     141A      1.125106   142A      1.132115   143A      1.188866  
     144A      1.206351   145A      1.215698   146A      1.284722  
     147A      1.317118   148A      1.332607   149A      1.335330  
     150A      1.355314   151A      1.393067   152A      1.422649  
     153A      1.491163   154A      1.495939   155A      1.526476  
     156A      1.536091   157A      1.548844   158A      1.563707  
     159A      1.602908   160A      1.608503   161A      1.615055  
     162A      1.632526   163A      1.640771   164A      1.664746  
     165A      1.670608   166A      1.680977   167A      1.703457  
     168A      1.705152   169A      1.727806   170A      1.733574  
     171A      1.752297   172A      1.760327   173A      1.768651  
     174A      1.769653   175A      1.782711   176A      1.803896  
     177A      1.808988   178A      1.811994   179A      1.832143  
     180A      1.836717   181A      1.853676   182A      1.854620  
     183A      1.875575   184A      1.882675   185A      1.892357  
     186A      1.901947   187A      1.914093   188A      1.917513  
     189A      1.948183   190A      1.964874   191A      1.966487  
     192A      1.984183   193A      1.988934   194A      2.004573  
     195A      2.012569   196A      2.023595   197A      2.042071  
     198A      2.051607   199A      2.069682   200A      2.070963  
     201A      2.075823   202A      2.103980   203A      2.110537  
     204A      2.130508   205A      2.142397   206A      2.163011  
     207A      2.171582   208A      2.173314   209A      2.213189  
     210A      2.218561   211A      2.242350   212A      2.261184  
     213A      2.264946   214A      2.279580   215A      2.303757  
     216A      2.319385   217A      2.331015   218A      2.334216  
     219A      2.355155   220A      2.370231   221A      2.379771  
     222A      2.408065   223A      2.420315   224A      2.440232  
     225A      2.473046   226A      2.481204   227A      2.499968  
     228A      2.510784   229A      2.532286   230A      2.572994  
     231A      2.586889   232A      2.591175   233A      2.603192  
     234A      2.612721   235A      2.643858   236A      2.654965  
     237A      2.674606   238A      2.722733   239A      2.741117  
     240A      2.764522   241A      2.768095   242A      2.792816  
     243A      2.800006   244A      2.806780   245A      2.824876  
     246A      2.857856   247A      2.863703   248A      2.881735  
     249A      2.935107   250A      2.949753   251A      2.964060  
     252A      2.996780   253A      2.997834   254A      3.055888  
     255A      3.096672   256A      3.110280   257A      3.142355  
     258A      3.172001   259A      3.262439   260A      3.280851  
     261A      3.294529   262A      3.418533   263A      3.427963  
     264A      3.502160   265A      3.529014   266A      3.551240  
     267A      3.617196   268A      3.634726   269A      3.756625  
     270A      3.803887   271A      3.911774   272A      3.997582  
     273A      4.050816   274A      4.173661   275A      4.197737  
     276A      4.336376   277A      4.380837   278A      4.456084  
     279A      4.540909   280A      4.623191   281A      4.637935  
     282A      4.652377   283A      4.698790   284A      4.794789  
     285A      4.829055   286A      4.928950   287A      5.028017  
     288A      5.053336   289A      5.121228   290A      5.273309  
     291A      5.360130   292A      5.468922   293A      5.542725  
     294A      5.649102   295A      5.748361   296A      5.948758  
     297A      6.030386   298A      6.572759   299A      6.689399  
     300A     18.158410   301A     18.311216   302A     18.445640  
     303A     18.586699   304A     25.324293   305A     33.430242  
     306A     33.464137  

    Final Occupation by Irrep:
              A 
    DOCC [    20 ]

  @DF-RHF Final Energy:  -247.29477099727785

   => Energetics <=

    Nuclear Repulsion Energy =            183.1968424457643323
    One-Electron Energy =                -690.1273510834806757
    Two-Electron Energy =                 259.6357376404384922
    Total Energy =                       -247.2947709972778512

Computation Completed


Properties will be evaluated at   0.000000,   0.000000,   0.000000 [a0]

Properties computed using the SCF density matrix

  Nuclear Dipole Moment: [e a0]
     X:    90.1919      Y:  -328.2977      Z:  -153.7440

  Electronic Dipole Moment: [e a0]
     X:   -88.2322      Y:   319.0290      Z:   152.1862

  Dipole Moment: [e a0]
     X:     1.9597      Y:    -9.2687      Z:    -1.5578     Total:     9.6008

  Dipole Moment: [D]
     X:     4.9810      Y:   -23.5587      Z:    -3.9595     Total:    24.4029


*** tstop() called on aliaconda at Sun Mar 20 05:10:43 2022
Module time:
	user time   =     166.22 seconds =       2.77 minutes
	system time =      15.11 seconds =       0.25 minutes
	total time  =          9 seconds =       0.15 minutes
Total time:
	user time   =   43839.94 seconds =     730.67 minutes
	system time =    6023.17 seconds =     100.39 minutes
	total time  =       2826 seconds =      47.10 minutes

  //>>>>>>>>>>>>>>>>>>>>>>>>>>>>>>>>>>>//
  //            Monomer B HF           //
  //<<<<<<<<<<<<<<<<<<<<<<<<<<<<<<<<<<<//


*** tstart() called on aliaconda
*** at Sun Mar 20 05:10:43 2022

   => Loading Basis Set <=

    Name: JUN-CC-PVDZ
    Role: ORBITAL
    Keyword: BASIS
    atoms 1, 14                                          entry N          line   198 file /home/alia/anaconda3/envs/mddemo/share/psi4/basis/jun-cc-pvdz.gbs 
    atoms 2-4, 6, 8-10, 13, 15-17, 19, 21, 23, 25-27, 30 entry H          line    36 file /home/alia/anaconda3/envs/mddemo/share/psi4/basis/jun-cc-pvdz.gbs 
    atoms 5, 7, 11, 18, 20, 24, 28                       entry C          line   164 file /home/alia/anaconda3/envs/mddemo/share/psi4/basis/jun-cc-pvdz.gbs 
    atoms 12, 22, 29                                     entry O          line   232 file /home/alia/anaconda3/envs/mddemo/share/psi4/basis/jun-cc-pvdz.gbs 


         ---------------------------------------------------------
                                   SCF
               by Justin Turney, Rob Parrish, Andy Simmonett
                          and Daniel G. A. Smith
                              RHF Reference
                       32 Threads,  76293 MiB Core
         ---------------------------------------------------------

  ==> Geometry <==

    Molecular point group: c1
    Full point group: C1

    Geometry (in Angstrom), charge = 1, multiplicity = 1:

       Center              X                  Y                   Z               Mass       
    ------------   -----------------  -----------------  -----------------  -----------------
      Gh(N)           0.430434020743    -5.220330143113    -1.161837305822    14.003074004430
      Gh(H)          -0.101566044107    -5.151329898973    -0.084837164678     1.007825032230
      Gh(H)          -0.527566162363    -5.383330249925    -1.869837012090     1.007825032230
      Gh(H)           0.990433963522    -6.050330066819    -1.193836893834     1.007825032230
      Gh(C)           1.160434039816    -4.007329845567    -1.541836943426    12.000000000000
      Gh(H)           0.624433788046    -3.192330265184    -1.090837206640     1.007825032230
      Gh(C)           2.591434034094    -4.233330154557    -0.894837107458    12.000000000000
      Gh(H)           3.229434045538    -5.106330299516    -1.201837267675     1.007825032230
      Gh(H)           2.573433908209    -4.244330310960     0.152162823878     1.007825032230
      Gh(H)           3.230433973059    -3.391330146928    -1.071837153234     1.007825032230
      Gh(C)           1.253433974967    -3.640330219407    -3.056837048330    12.000000000000
      Gh(O)           0.307433875784    -3.765330219407    -3.805837120809    15.994914619570
      Gh(H)           2.204121383414    -3.257446193834    -3.456328358449     1.007825032230
         N            0.427434238181     2.232669925551     0.517163071833    14.003074004430
         H            0.713434013113     1.064669704299     0.567162785731     1.007825032230
         H            0.336434158072     2.344670390944    -0.679836954870     1.007825032230
         H            1.196433814749     2.791669940810     0.791162762843     1.007825032230
         C           -0.836566177621     2.592669582228     1.054162774287    12.000000000000
         H           -1.533566204324     1.823669528823     1.113162789546     1.007825032230
         C           -0.725566116586     3.115670299392     2.510162625514    12.000000000000
         H           -1.823566166177     3.383669948439     2.757163319789     1.007825032230
         O           -0.024565902963     4.319669818740     2.563163075648    15.994914619570
         H            0.928434165701     4.111669635634     2.442162785731     1.007825032230
         C           -0.173566070810     2.002670383315     3.431163106166    12.000000000000
         H            0.920433791861     1.975669956069     3.277162823878     1.007825032230
         H           -0.631565777078     1.065670108657     3.171162877284     1.007825032230
         H           -0.414565769449     2.307669734816     4.471163068019     1.007825032230
         C           -1.692566124216     3.524669742446     0.191162858210    12.000000000000
         O           -2.887565819040     3.205669498305     0.044163022242    15.994914619570
         H           -1.273658005014     4.428851222853    -0.274639811315     1.007825032230

  Running in c1 symmetry.

  Rotational constants: A =      0.03537  B =      0.00533  C =      0.00496 [cm^-1]
  Rotational constants: A =   1060.22012  B =    159.84984  C =    148.69719 [MHz]
  Nuclear repulsion =  330.707254022240875

  Charge       = 1
  Multiplicity = 1
  Electrons    = 56
  Nalpha       = 28
  Nbeta        = 28

  ==> Algorithm <==

  SCF Algorithm Type is DF.
  DIIS enabled.
  MOM disabled.
  Fractional occupation disabled.
  Guess Type is SAD.
  Energy threshold   = 1.00e-08
  Density threshold  = 1.00e-08
  Integral threshold = 1.00e-12

  ==> Primary Basis <==

  Basis Set: JUN-CC-PVDZ
    Blend: JUN-CC-PVDZ
    Number of shells: 150
    Number of basis functions: 306
    Number of Cartesian functions: 318
    Spherical Harmonics?: true
    Max angular momentum: 2

   => Loading Basis Set <=

    Name: (JUN-CC-PVDZ AUX)
    Role: JKFIT
    Keyword: DF_BASIS_SCF
    atoms 1, 14                                          entry N          line   202 file /home/alia/anaconda3/envs/mddemo/share/psi4/basis/jun-cc-pvdz-jkfit.gbs 
    atoms 2-4, 6, 8-10, 13, 15-17, 19, 21, 23, 25-27, 30 entry H          line    70 file /home/alia/anaconda3/envs/mddemo/share/psi4/basis/jun-cc-pvdz-jkfit.gbs 
    atoms 5, 7, 11, 18, 20, 24, 28                       entry C          line   146 file /home/alia/anaconda3/envs/mddemo/share/psi4/basis/jun-cc-pvdz-jkfit.gbs 
    atoms 12, 22, 29                                     entry O          line   258 file /home/alia/anaconda3/envs/mddemo/share/psi4/basis/jun-cc-pvdz-jkfit.gbs 

  ==> Integral Setup <==

  ==> DiskDFJK: Density-Fitted J/K Matrices <==

    J tasked:                  Yes
    K tasked:                  Yes
    wK tasked:                  No
    OpenMP threads:             32
    Integrals threads:          32
    Memory [MiB]:            57220
    Algorithm:                Core
    Integral Cache:           LOAD
    Schwarz Cutoff:          1E-12
    Fitting Condition:       1E-10

   => Auxiliary Basis Set <=

  Basis Set: (JUN-CC-PVDZ AUX)
    Blend: JUN-CC-PVDZ-JKFIT
    Number of shells: 486
    Number of basis functions: 1362
    Number of Cartesian functions: 1542
    Spherical Harmonics?: true
    Max angular momentum: 3

  Minimum eigenvalue in the overlap matrix is 4.7249340679E-05.
  Reciprocal condition number of the overlap matrix is 4.0899293010E-06.
    Using symmetric orthogonalization.

  ==> Pre-Iterations <==

  SCF Guess: Superposition of Atomic Densities via on-the-fly atomic UHF (no occupation information).

   -------------------------
    Irrep   Nso     Nmo    
   -------------------------
     A        306     306 
   -------------------------
    Total     306     306
   -------------------------

  ==> Iterations <==

                           Total Energy        Delta E     RMS |[F,P]|

   @DF-RHF iter SAD:  -360.64710764845796   -3.60647e+02   0.00000e+00 
   @DF-RHF iter   1:  -360.90890731860713   -2.61800e-01   2.17934e-03 DIIS
   @DF-RHF iter   2:  -361.09876126223105   -1.89854e-01   1.35734e-03 DIIS
   @DF-RHF iter   3:  -361.16274170475498   -6.39804e-02   3.10979e-04 DIIS
   @DF-RHF iter   4:  -361.16791674794183   -5.17504e-03   1.16960e-04 DIIS
   @DF-RHF iter   5:  -361.16867428262788   -7.57535e-04   2.68415e-05 DIIS
   @DF-RHF iter   6:  -361.16874289967717   -6.86170e-05   1.28720e-05 DIIS
   @DF-RHF iter   7:  -361.16876003191271   -1.71322e-05   5.46359e-06 DIIS
   @DF-RHF iter   8:  -361.16876395114917   -3.91924e-06   2.26444e-06 DIIS
   @DF-RHF iter   9:  -361.16876465461053   -7.03461e-07   7.13410e-07 DIIS
   @DF-RHF iter  10:  -361.16876473533648   -8.07260e-08   2.59997e-07 DIIS
   @DF-RHF iter  11:  -361.16876474911146   -1.37750e-08   1.22839e-07 DIIS
   @DF-RHF iter  12:  -361.16876475306543   -3.95397e-09   6.87459e-08 DIIS
   @DF-RHF iter  13:  -361.16876475468189   -1.61646e-09   3.18014e-08 DIIS
   @DF-RHF iter  14:  -361.16876475500868   -3.26793e-10   9.09760e-09 DIIS
  Energy and wave function converged.


  ==> Post-Iterations <==

    Orbital Energies [Eh]
    ---------------------

    Doubly Occupied:                                                      

       1A    -20.750993     2A    -20.747919     3A    -15.947976  
       4A    -11.522347     5A    -11.482384     6A    -11.480743  
       7A    -11.401578     8A     -1.566940     9A     -1.551129  
      10A     -1.519315    11A     -1.243111    12A     -1.158708  
      13A     -1.025636    14A     -1.017699    15A     -0.975390  
      16A     -0.930615    17A     -0.909237    18A     -0.839974  
      19A     -0.812228    20A     -0.801278    21A     -0.779629  
      22A     -0.755892    23A     -0.713273    24A     -0.707218  
      25A     -0.675864    26A     -0.652479    27A     -0.627595  
      28A     -0.593933  

    Virtual:                                                              

      29A     -0.137538    30A     -0.090147    31A     -0.076655  
      32A     -0.057022    33A     -0.046752    34A     -0.039941  
      35A     -0.034892    36A     -0.027517    37A     -0.023277  
      38A     -0.016956    39A     -0.013017    40A     -0.006425  
      41A     -0.003227    42A      0.000102    43A      0.010007  
      44A      0.017466    45A      0.027498    46A      0.029366  
      47A      0.033135    48A      0.038083    49A      0.041906  
      50A      0.043143    51A      0.046035    52A      0.048132  
      53A      0.052314    54A      0.067378    55A      0.076377  
      56A      0.083768    57A      0.087517    58A      0.091567  
      59A      0.099577    60A      0.106201    61A      0.112147  
      62A      0.116401    63A      0.125441    64A      0.129663  
      65A      0.139690    66A      0.142867    67A      0.150066  
      68A      0.153287    69A      0.156273    70A      0.164604  
      71A      0.168879    72A      0.172212    73A      0.184407  
      74A      0.190825    75A      0.197026    76A      0.198986  
      77A      0.206538    78A      0.211466    79A      0.211919  
      80A      0.218269    81A      0.225801    82A      0.227718  
      83A      0.243306    84A      0.260133    85A      0.261731  
      86A      0.266947    87A      0.278544    88A      0.281696  
      89A      0.295419    90A      0.297485    91A      0.310735  
      92A      0.324615    93A      0.334244    94A      0.342493  
      95A      0.348941    96A      0.349531    97A      0.367089  
      98A      0.380205    99A      0.380838   100A      0.386181  
     101A      0.423266   102A      0.436702   103A      0.443707  
     104A      0.447227   105A      0.495917   106A      0.505076  
     107A      0.520223   108A      0.534050   109A      0.569153  
     110A      0.575882   111A      0.580071   112A      0.602264  
     113A      0.612686   114A      0.616274   115A      0.625227  
     116A      0.635519   117A      0.639510   118A      0.661210  
     119A      0.672106   120A      0.677522   121A      0.692323  
     122A      0.704833   123A      0.713757   124A      0.728282  
     125A      0.728421   126A      0.741752   127A      0.762471  
     128A      0.770564   129A      0.789008   130A      0.791955  
     131A      0.800167   132A      0.810650   133A      0.822205  
     134A      0.826758   135A      0.842357   136A      0.864216  
     137A      0.872076   138A      0.878283   139A      0.887661  
     140A      0.897648   141A      0.918309   142A      0.920653  
     143A      0.924286   144A      0.955195   145A      0.970538  
     146A      0.975948   147A      1.030060   148A      1.115465  
     149A      1.139873   150A      1.170359   151A      1.196286  
     152A      1.215829   153A      1.244587   154A      1.272100  
     155A      1.302834   156A      1.325214   157A      1.331606  
     158A      1.353780   159A      1.368866   160A      1.382267  
     161A      1.393438   162A      1.413067   163A      1.437163  
     164A      1.467552   165A      1.481307   166A      1.497231  
     167A      1.500031   168A      1.506974   169A      1.533273  
     170A      1.542557   171A      1.581087   172A      1.582398  
     173A      1.596232   174A      1.615737   175A      1.638355  
     176A      1.647375   177A      1.658282   178A      1.672323  
     179A      1.686830   180A      1.691120   181A      1.704867  
     182A      1.714070   183A      1.718606   184A      1.737406  
     185A      1.749080   186A      1.764725   187A      1.776561  
     188A      1.785182   189A      1.787082   190A      1.815448  
     191A      1.816467   192A      1.821759   193A      1.838802  
     194A      1.842174   195A      1.874908   196A      1.875992  
     197A      1.877586   198A      1.885503   199A      1.926147  
     200A      1.929337   201A      1.930603   202A      1.936475  
     203A      1.956079   204A      1.970764   205A      1.976981  
     206A      1.990532   207A      1.999163   208A      2.031400  
     209A      2.031780   210A      2.049372   211A      2.052135  
     212A      2.056548   213A      2.083682   214A      2.099712  
     215A      2.117767   216A      2.126139   217A      2.132248  
     218A      2.149971   219A      2.164185   220A      2.183787  
     221A      2.189415   222A      2.204258   223A      2.219208  
     224A      2.229251   225A      2.245889   226A      2.257142  
     227A      2.273658   228A      2.289450   229A      2.295930  
     230A      2.323870   231A      2.344530   232A      2.362524  
     233A      2.387729   234A      2.398339   235A      2.410423  
     236A      2.447430   237A      2.461785   238A      2.477171  
     239A      2.485862   240A      2.497609   241A      2.504186  
     242A      2.519977   243A      2.557554   244A      2.577975  
     245A      2.618918   246A      2.638631   247A      2.640744  
     248A      2.650940   249A      2.678584   250A      2.682170  
     251A      2.699281   252A      2.732815   253A      2.740485  
     254A      2.746772   255A      2.775348   256A      2.785301  
     257A      2.809337   258A      2.815953   259A      2.887576  
     260A      2.902661   261A      2.929527   262A      2.973277  
     263A      3.031518   264A      3.036768   265A      3.071421  
     266A      3.098601   267A      3.122156   268A      3.177429  
     269A      3.186639   270A      3.244875   271A      3.274103  
     272A      3.304484   273A      3.314981   274A      3.378066  
     275A      3.464887   276A      3.542586   277A      3.549692  
     278A      3.561705   279A      3.630575   280A      3.764051  
     281A      3.788010   282A      3.909799   283A      3.916929  
     284A      3.935816   285A      4.133421   286A      4.164936  
     287A      4.279550   288A      4.381973   289A      4.646024  
     290A      4.673203   291A      4.814876   292A      4.864120  
     293A      4.883244   294A      4.961375   295A      5.122420  
     296A      5.208031   297A      5.436680   298A      5.517483  
     299A      5.699107   300A      5.858823   301A      6.714000  
     302A     18.181377   303A     18.334764   304A     18.490298  
     305A     25.310139   306A     33.419140  

    Final Occupation by Irrep:
              A 
    DOCC [    28 ]

  @DF-RHF Final Energy:  -361.16876475500868

   => Energetics <=

    Nuclear Repulsion Energy =            330.7072540222408747
    One-Electron Energy =               -1137.3698681145829141
    Two-Electron Energy =                 445.4938493373333017
    Total Energy =                       -361.1687647550086808

Computation Completed


Properties will be evaluated at   0.000000,   0.000000,   0.000000 [a0]

Properties computed using the SCF density matrix

  Nuclear Dipole Moment: [e a0]
     X:   -80.2309      Y:   318.5008      Z:   161.0698

  Electronic Dipole Moment: [e a0]
     X:    81.8741      Y:  -314.6485      Z:  -159.5697

  Dipole Moment: [e a0]
     X:     1.6432      Y:     3.8523      Z:     1.5001     Total:     4.4487

  Dipole Moment: [D]
     X:     4.1766      Y:     9.7917      Z:     3.8129     Total:    11.3075


*** tstop() called on aliaconda at Sun Mar 20 05:10:54 2022
Module time:
	user time   =     224.53 seconds =       3.74 minutes
	system time =      24.87 seconds =       0.41 minutes
	total time  =         11 seconds =       0.18 minutes
Total time:
	user time   =   44064.57 seconds =     734.41 minutes
	system time =    6048.06 seconds =     100.80 minutes
	total time  =       2837 seconds =      47.28 minutes
  Constructing Basis Sets for SAPT...

   => Loading Basis Set <=

    Name: (JUN-CC-PVDZ AUX)
    Role: RIFIT
    Keyword: DF_BASIS_SAPT
    atoms 1, 14                                          entry N          line   144 file /home/alia/anaconda3/envs/mddemo/share/psi4/basis/jun-cc-pvdz-ri.gbs 
    atoms 2-4, 6, 8-10, 13, 15-17, 19, 21, 23, 25-27, 30 entry H          line    30 file /home/alia/anaconda3/envs/mddemo/share/psi4/basis/jun-cc-pvdz-ri.gbs 
    atoms 5, 7, 11, 18, 20, 24, 28                       entry C          line   100 file /home/alia/anaconda3/envs/mddemo/share/psi4/basis/jun-cc-pvdz-ri.gbs 
    atoms 12, 22, 29                                     entry O          line   188 file /home/alia/anaconda3/envs/mddemo/share/psi4/basis/jun-cc-pvdz-ri.gbs 


  //>>>>>>>>>>>>>>>>>>>>>>>>>>>>>>>>>>>//
  //               SAPT0               //
  //<<<<<<<<<<<<<<<<<<<<<<<<<<<<<<<<<<<//


*** tstart() called on aliaconda
*** at Sun Mar 20 05:10:54 2022

        SAPT0  
    Ed Hohenstein
     6 June 2009

      Orbital Information
  --------------------------
    NSO        =       306
    NMO        =       306
    NRI        =      1032
    NOCC A     =        20
    NOCC B     =        28
    FOCC A     =         0
    FOCC B     =         0
    NVIR A     =       286
    NVIR B     =       278

    Elst10,r            =     0.074718176531 [Eh]
    Exch10              =    -0.000000032790 [Eh]
    Exch10 (S^2)        =    -0.000000032790 [Eh]

    Iter     Energy [mEh]          dE [mEh]         Residual      Time [s]
       1      -0.61501288       0.615012882       6.280842209             0
       2      -0.59647436      -0.018538522       2.206500233             1
       3      -0.62982644       0.033352077       0.956874990             2
       4      -0.64634219       0.016515755       0.199649747             2
       5      -0.64470948      -0.001632711       0.113732438             3
       6      -0.64382170      -0.000887782       0.035165246             3
       7      -0.64410898       0.000287284       0.013223741             4
       8      -0.64416307       0.000054085       0.005102935             4
       9      -0.64413560      -0.000027465       0.002902314             5
      10      -0.64413247      -0.000003132       0.001009681             6
      11      -0.64413737       0.000004896       0.000301807             6
      12      -0.64413750       0.000000136       0.000073115             7
      13      -0.64413712      -0.000000383       0.000016575             7
      14      -0.64413714       0.000000015       0.000004828             8
      15      -0.64413715       0.000000016       0.000001369             8
      16      -0.64413715      -0.000000000       0.000000385             9

    CHF Iterations converged


    Iter     Energy [mEh]          dE [mEh]         Residual      Time [s]
       1      -0.43609274       0.436092738       4.761768217             0
       2      -0.44827406       0.012181323       1.936123279             1
       3      -0.48128156       0.033007502       0.618615521             2
       4      -0.48695225       0.005670686       0.142766702             2
       5      -0.48561886      -0.001333387       0.063526968             3
       6      -0.48525448      -0.000364387       0.023154622             3
       7      -0.48542580       0.000171330       0.014734354             4
       8      -0.48548030       0.000054500       0.006064721             4
       9      -0.48545650      -0.000023805       0.002940240             5
      10      -0.48544502      -0.000011483       0.001369871             6
      11      -0.48545045       0.000005431       0.000572921             6
      12      -0.48545180       0.000001358       0.000169077             7
      13      -0.48545114      -0.000000669       0.000054479             7
      14      -0.48545101      -0.000000128       0.000015176             8
      15      -0.48545105       0.000000041       0.000004642             8
      16      -0.48545106       0.000000010       0.000001267             9
      17      -0.48545106      -0.000000003       0.000000466            10

    CHF Iterations converged

    Ind20,r (A<-B)      =    -0.000644137151 [Eh]
    Ind20,r (B<-A)      =    -0.000485451056 [Eh]
    Ind20,r             =    -0.001129588207 [Eh]
    Exch-Ind20,r (A<-B) =     0.000000023050 [Eh]
    Exch-Ind20,r (B<-A) =     0.000000022386 [Eh]
    Exch-Ind20,r        =     0.000000045436 [Eh]
    Disp20              =    -0.000125307209 [Eh]
    Disp20 (SS)         =    -0.000062653604 [Eh]
    Disp20 (OS)         =    -0.000062653604 [Eh]
    Exch-Disp20         =     0.000000013825 [Eh]
    Exch-Disp20 (SS)    =     0.000000009532 [Eh]
    Exch-Disp20 (OS)    =     0.000000004292 [Eh]

    SAPT Results 
  --------------------------------------------------------------------------------------------------------
    Electrostatics                 74.71817653 [mEh]      46.88636364 [kcal/mol]     196.17254545 [kJ/mol]
      Elst10,r                     74.71817653 [mEh]      46.88636364 [kcal/mol]     196.17254545 [kJ/mol]

    Exchange                       -0.00003279 [mEh]      -0.00002058 [kcal/mol]      -0.00008609 [kJ/mol]
      Exch10                       -0.00003279 [mEh]      -0.00002058 [kcal/mol]      -0.00008609 [kJ/mol]
      Exch10(S^2)                  -0.00003279 [mEh]      -0.00002058 [kcal/mol]      -0.00008609 [kJ/mol]

    Induction                      -1.10787421 [mEh]      -0.69520156 [kcal/mol]      -2.90872334 [kJ/mol]
      Ind20,r                      -1.12958821 [mEh]      -0.70882730 [kcal/mol]      -2.96573343 [kJ/mol]
      Exch-Ind20,r                  0.00004544 [mEh]       0.00002851 [kcal/mol]       0.00011929 [kJ/mol]
      delta HF,r (2)                0.02166856 [mEh]       0.01359723 [kcal/mol]       0.05689079 [kJ/mol]

    Dispersion                     -0.12529338 [mEh]      -0.07862279 [kcal/mol]      -0.32895773 [kJ/mol]
      Disp20                       -0.12530721 [mEh]      -0.07863146 [kcal/mol]      -0.32899403 [kJ/mol]
      Exch-Disp20                   0.00001382 [mEh]       0.00000868 [kcal/mol]       0.00003630 [kJ/mol]
      Disp20 (SS)                  -0.06265360 [mEh]      -0.03931573 [kcal/mol]      -0.16449702 [kJ/mol]
      Disp20 (OS)                  -0.06265360 [mEh]      -0.03931573 [kcal/mol]      -0.16449702 [kJ/mol]
      Exch-Disp20 (SS)              0.00000953 [mEh]       0.00000598 [kcal/mol]       0.00002503 [kJ/mol]
      Exch-Disp20 (OS)              0.00000429 [mEh]       0.00000269 [kcal/mol]       0.00001127 [kJ/mol]

  Total HF                         73.61026953 [mEh]      46.19114150 [kcal/mol]     193.26373602 [kJ/mol]
  Total SAPT0                      73.48497614 [mEh]      46.11251871 [kcal/mol]     192.93477829 [kJ/mol]

  Special recipe for scaled SAPT0 (see Manual):
    Electrostatics sSAPT0          74.71817653 [mEh]      46.88636364 [kcal/mol]     196.17254545 [kJ/mol]
    Exchange sSAPT0                -0.00003279 [mEh]      -0.00002058 [kcal/mol]      -0.00008609 [kJ/mol]
    Induction sSAPT0               -1.10787421 [mEh]      -0.69520156 [kcal/mol]      -2.90872334 [kJ/mol]
    Dispersion sSAPT0              -0.12529338 [mEh]      -0.07862279 [kcal/mol]      -0.32895773 [kJ/mol]
  Total sSAPT0                     73.48497614 [mEh]      46.11251871 [kcal/mol]     192.93477829 [kJ/mol]
  --------------------------------------------------------------------------------------------------------

*** tstop() called on aliaconda at Sun Mar 20 05:11:43 2022
Module time:
	user time   =     682.19 seconds =      11.37 minutes
	system time =     117.32 seconds =       1.96 minutes
	total time  =         49 seconds =       0.82 minutes
Total time:
	user time   =   44749.34 seconds =     745.82 minutes
	system time =    6165.83 seconds =     102.76 minutes
	total time  =       2886 seconds =      48.10 minutes


Warning! sapt0 does not have an associated derived wavefunction.The returned wavefunction is the dimer SCF wavefunction.


  Memory set to  74.506 GiB by Python driver.
  Threads set to 32 by Python driver.
