
Scratch directory: /tmp/

Scratch directory: /tmp/

  //>>>>>>>>>>>>>>>>>>>>>>>>>>>>>>>>>>>//
  //              Dimer HF             //
  //<<<<<<<<<<<<<<<<<<<<<<<<<<<<<<<<<<<//


*** tstart() called on aliaconda
*** at Sun Mar 20 04:56:22 2022

   => Loading Basis Set <=

    Name: JUN-CC-PVDZ
    Role: ORBITAL
    Keyword: BASIS
    atoms 1, 14                                          entry N          line   198 file /home/alia/anaconda3/envs/mddemo/share/psi4/basis/jun-cc-pvdz.gbs 
    atoms 2-4, 6, 8-10, 13, 15-17, 19, 21, 23, 25-27, 30 entry H          line    36 file /home/alia/anaconda3/envs/mddemo/share/psi4/basis/jun-cc-pvdz.gbs 
    atoms 5, 7, 11, 18, 20, 24, 28                       entry C          line   164 file /home/alia/anaconda3/envs/mddemo/share/psi4/basis/jun-cc-pvdz.gbs 
    atoms 12, 22, 29                                     entry O          line   232 file /home/alia/anaconda3/envs/mddemo/share/psi4/basis/jun-cc-pvdz.gbs 


         ---------------------------------------------------------
                                   SCF
               by Justin Turney, Rob Parrish, Andy Simmonett
                          and Daniel G. A. Smith
                              RHF Reference
                       32 Threads,  76293 MiB Core
         ---------------------------------------------------------

  ==> Geometry <==

    Molecular point group: c1
    Full point group: C1

    Geometry (in Angstrom), charge = 2, multiplicity = 1:

       Center              X                  Y                   Z               Mass       
    ------------   -----------------  -----------------  -----------------  -----------------
         N            0.798235812510    -6.261996943113    -1.857902210680    14.003074004430
         H           -0.252763828908    -6.664996821042    -1.432902496782     1.007825032230
         H            0.645235934581    -6.451996761915    -3.036902111498     1.007825032230
         H            1.522236028041    -6.817996937391    -1.536902111498     1.007825032230
         C            1.028235831584    -4.862997013685    -1.587902229753    12.000000000000
         H            0.425236144389    -4.667996842023    -0.630902451006     1.007825032230
         C            2.475235858287    -4.602996784803    -1.326902550188    12.000000000000
         H            3.222236075724    -5.049996811506    -2.076902550188     1.007825032230
         H            2.804235854472    -5.078996616956    -0.383902233568     1.007825032230
         H            2.621236005153    -3.560996967908    -0.988902252642     1.007825032230
         C            0.583236136760    -3.981996971723    -2.793902557817    12.000000000000
         O           -0.309763989125    -3.177997070905    -2.745902222124    15.994914619570
         H            1.118609347667    -4.102942902204    -3.747184914080     1.007825032230
         N            0.554235854472     2.346003573779     0.567097980055    14.003074004430
         H            0.955235877360     1.221003573779     0.709097224745     1.007825032230
         H            0.401235976542     2.348003428820    -0.626902264086     1.007825032230
         H            1.307236113871     3.027003329638     0.776097613844     1.007825032230
         C           -0.697764000570     2.667002719287     1.172097522291    12.000000000000
         H           -1.094763836538     1.790002864245     1.585097629103     1.007825032230
         C           -0.539764008199     3.631003421191     2.418097812208    12.000000000000
         H           -1.500763973867     3.772003215197     2.925097781691     1.007825032230
         O           -0.014763912831     4.922002833727     2.187097865614    15.994914619570
         H            0.992236056651     4.767003100756     2.024097758803     1.007825032230
         C            0.382235923137     3.039003413561     3.495097476515    12.000000000000
         H            1.343235888804     2.681003611926     3.128097850355     1.007825032230
         H            0.007235923137     2.107003253344     3.912097293410     1.007825032230
         H            0.562235751475     3.804002803210     4.247097331556     1.007825032230
         C           -1.688764176046     3.399003070239     0.217097598585    12.000000000000
         O           -2.881764015828     3.016002696398     0.215097743544    15.994914619570
         H           -1.353008827840     4.221688311938    -0.431328934160     1.007825032230

  Running in c1 symmetry.

  Rotational constants: A =      0.04161  B =      0.00468  C =      0.00438 [cm^-1]
  Rotational constants: A =   1247.39962  B =    140.17490  C =    131.43044 [MHz]
  Nuclear repulsion =  651.899943350648073

  Charge       = 2
  Multiplicity = 1
  Electrons    = 96
  Nalpha       = 48
  Nbeta        = 48

  ==> Algorithm <==

  SCF Algorithm Type is DF.
  DIIS enabled.
  MOM disabled.
  Fractional occupation disabled.
  Guess Type is SAD.
  Energy threshold   = 1.00e-08
  Density threshold  = 1.00e-08
  Integral threshold = 1.00e-12

  ==> Primary Basis <==

  Basis Set: JUN-CC-PVDZ
    Blend: JUN-CC-PVDZ
    Number of shells: 150
    Number of basis functions: 306
    Number of Cartesian functions: 318
    Spherical Harmonics?: true
    Max angular momentum: 2

   => Loading Basis Set <=

    Name: (JUN-CC-PVDZ AUX)
    Role: JKFIT
    Keyword: DF_BASIS_SCF
    atoms 1, 14                                          entry N          line   202 file /home/alia/anaconda3/envs/mddemo/share/psi4/basis/jun-cc-pvdz-jkfit.gbs 
    atoms 2-4, 6, 8-10, 13, 15-17, 19, 21, 23, 25-27, 30 entry H          line    70 file /home/alia/anaconda3/envs/mddemo/share/psi4/basis/jun-cc-pvdz-jkfit.gbs 
    atoms 5, 7, 11, 18, 20, 24, 28                       entry C          line   146 file /home/alia/anaconda3/envs/mddemo/share/psi4/basis/jun-cc-pvdz-jkfit.gbs 
    atoms 12, 22, 29                                     entry O          line   258 file /home/alia/anaconda3/envs/mddemo/share/psi4/basis/jun-cc-pvdz-jkfit.gbs 

  ==> Integral Setup <==

  ==> DiskDFJK: Density-Fitted J/K Matrices <==

    J tasked:                  Yes
    K tasked:                  Yes
    wK tasked:                  No
    OpenMP threads:             32
    Integrals threads:          32
    Memory [MiB]:            57220
    Algorithm:                Core
    Integral Cache:           SAVE
    Schwarz Cutoff:          1E-12
    Fitting Condition:       1E-10

   => Auxiliary Basis Set <=

  Basis Set: (JUN-CC-PVDZ AUX)
    Blend: JUN-CC-PVDZ-JKFIT
    Number of shells: 486
    Number of basis functions: 1362
    Number of Cartesian functions: 1542
    Spherical Harmonics?: true
    Max angular momentum: 3

  Minimum eigenvalue in the overlap matrix is 5.5940064295E-05.
  Reciprocal condition number of the overlap matrix is 4.8910883323E-06.
    Using symmetric orthogonalization.

  ==> Pre-Iterations <==

  SCF Guess: Superposition of Atomic Densities via on-the-fly atomic UHF (no occupation information).

   -------------------------
    Irrep   Nso     Nmo    
   -------------------------
     A        306     306 
   -------------------------
    Total     306     306
   -------------------------

  ==> Iterations <==

                           Total Energy        Delta E     RMS |[F,P]|

   @DF-RHF iter SAD:  -607.29661040529027   -6.07297e+02   0.00000e+00 
   @DF-RHF iter   1:  -607.93451340479044   -6.37903e-01   2.84148e-03 DIIS
   @DF-RHF iter   2:  -608.25573135297907   -3.21218e-01   1.83435e-03 DIIS
   @DF-RHF iter   3:  -608.37319804328843   -1.17467e-01   4.00363e-04 DIIS
   @DF-RHF iter   4:  -608.38220638902203   -9.00835e-03   1.52849e-04 DIIS
   @DF-RHF iter   5:  -608.38355401462968   -1.34763e-03   3.75400e-05 DIIS
   @DF-RHF iter   6:  -608.38368607748328   -1.32063e-04   1.90209e-05 DIIS
   @DF-RHF iter   7:  -608.38372038101215   -3.43035e-05   8.60808e-06 DIIS
   @DF-RHF iter   8:  -608.38372854171962   -8.16071e-06   3.62085e-06 DIIS
   @DF-RHF iter   9:  -608.38373010277928   -1.56106e-06   1.35700e-06 DIIS
   @DF-RHF iter  10:  -608.38373033167477   -2.28895e-07   4.71152e-07 DIIS
   @DF-RHF iter  11:  -608.38373036454732   -3.28725e-08   2.14994e-07 DIIS
   @DF-RHF iter  12:  -608.38373037600638   -1.14591e-08   1.13878e-07 DIIS
   @DF-RHF iter  13:  -608.38373037981034   -3.80396e-09   5.71070e-08 DIIS
   @DF-RHF iter  14:  -608.38373038097734   -1.16700e-09   2.11105e-08 DIIS
   @DF-RHF iter  15:  -608.38373038108841   -1.11072e-10   7.74615e-09 DIIS
  Energy and wave function converged.


  ==> Post-Iterations <==

    Orbital Energies [Eh]
    ---------------------

    Doubly Occupied:                                                      

       1A    -20.825775     2A    -20.799642     3A    -20.797028  
       4A    -16.005618     5A    -15.999762     6A    -11.596168  
       7A    -11.577496     8A    -11.577283     9A    -11.550035  
      10A    -11.528052    11A    -11.500383    12A    -11.440808  
      13A     -1.656618    14A     -1.603122    15A     -1.588915  
      16A     -1.586060    17A     -1.565186    18A     -1.315060  
      19A     -1.283098    20A     -1.205604    21A     -1.169358  
      22A     -1.080487    23A     -1.073923    24A     -1.068488  
      25A     -1.031122    26A     -1.027087    27A     -0.988659  
      28A     -0.974656    29A     -0.957052    30A     -0.945923  
      31A     -0.897448    32A     -0.883025    33A     -0.868974  
      34A     -0.860846    35A     -0.858383    36A     -0.827732  
      37A     -0.827129    38A     -0.816835    39A     -0.801348  
      40A     -0.765720    41A     -0.759617    42A     -0.757564  
      43A     -0.738100    44A     -0.715998    45A     -0.708702  
      46A     -0.679046    47A     -0.674691    48A     -0.640901  

    Virtual:                                                              

      49A     -0.199237    50A     -0.185644    51A     -0.152801  
      52A     -0.143068    53A     -0.135229    54A     -0.131484  
      55A     -0.117848    56A     -0.115264    57A     -0.107113  
      58A     -0.104934    59A     -0.092870    60A     -0.088249  
      61A     -0.087092    62A     -0.082014    63A     -0.077853  
      64A     -0.076017    65A     -0.073816    66A     -0.067332  
      67A     -0.064855    68A     -0.059653    69A     -0.056589  
      70A     -0.046448    71A     -0.045091    72A     -0.033449  
      73A     -0.030369    74A     -0.027583    75A     -0.023993  
      76A     -0.018561    77A     -0.015314    78A     -0.009540  
      79A     -0.005687    80A      0.001165    81A      0.002219  
      82A      0.012996    83A      0.022727    84A      0.033473  
      85A      0.036691    86A      0.039579    87A      0.046586  
      88A      0.051398    89A      0.056005    90A      0.066861  
      91A      0.075028    92A      0.082581    93A      0.088780  
      94A      0.099866    95A      0.104123    96A      0.109712  
      97A      0.111114    98A      0.112975    99A      0.118370  
     100A      0.127386   101A      0.134322   102A      0.138186  
     103A      0.143347   104A      0.145556   105A      0.152065  
     106A      0.162773   107A      0.168530   108A      0.175575  
     109A      0.186264   110A      0.191091   111A      0.197105  
     112A      0.206851   113A      0.207795   114A      0.222557  
     115A      0.228692   116A      0.234719   117A      0.244110  
     118A      0.254955   119A      0.256228   120A      0.270202  
     121A      0.285668   122A      0.297051   123A      0.324717  
     124A      0.329062   125A      0.347364   126A      0.368382  
     127A      0.441834   128A      0.475778   129A      0.501949  
     130A      0.512189   131A      0.513249   132A      0.518223  
     133A      0.534482   134A      0.538052   135A      0.548369  
     136A      0.559810   137A      0.569450   138A      0.571892  
     139A      0.594226   140A      0.609234   141A      0.612793  
     142A      0.623442   143A      0.628294   144A      0.636934  
     145A      0.652826   146A      0.667087   147A      0.670026  
     148A      0.677913   149A      0.690289   150A      0.694660  
     151A      0.701119   152A      0.714842   153A      0.723645  
     154A      0.726696   155A      0.730167   156A      0.736577  
     157A      0.749465   158A      0.762179   159A      0.763634  
     160A      0.775936   161A      0.780471   162A      0.791152  
     163A      0.797290   164A      0.810324   165A      0.820028  
     166A      0.838635   167A      0.840454   168A      0.861471  
     169A      0.865386   170A      0.876961   171A      0.884325  
     172A      0.906473   173A      0.938330   174A      0.942248  
     175A      0.954706   176A      0.998217   177A      1.014566  
     178A      1.072917   179A      1.105852   180A      1.131127  
     181A      1.135497   182A      1.145410   183A      1.154893  
     184A      1.202417   185A      1.203551   186A      1.210404  
     187A      1.237260   188A      1.258930   189A      1.261563  
     190A      1.265235   191A      1.279863   192A      1.284447  
     193A      1.302462   194A      1.307366   195A      1.308412  
     196A      1.323888   197A      1.333160   198A      1.335753  
     199A      1.346197   200A      1.355927   201A      1.378440  
     202A      1.391496   203A      1.414688   204A      1.444619  
     205A      1.451576   206A      1.461868   207A      1.506972  
     208A      1.522557   209A      1.532026   210A      1.540378  
     211A      1.546438   212A      1.561401   213A      1.595432  
     214A      1.607034   215A      1.615232   216A      1.645477  
     217A      1.649622   218A      1.658513   219A      1.673442  
     220A      1.680014   221A      1.695732   222A      1.697976  
     223A      1.704956   224A      1.717248   225A      1.720448  
     226A      1.734004   227A      1.740557   228A      1.743701  
     229A      1.768580   230A      1.769706   231A      1.785777  
     232A      1.792113   233A      1.805760   234A      1.815717  
     235A      1.820058   236A      1.831933   237A      1.840612  
     238A      1.855086   239A      1.878908   240A      1.884684  
     241A      1.888086   242A      1.919217   243A      1.950324  
     244A      1.953103   245A      1.959340   246A      1.962625  
     247A      2.003966   248A      2.010616   249A      2.022115  
     250A      2.043012   251A      2.066146   252A      2.089828  
     253A      2.106312   254A      2.108676   255A      2.126357  
     256A      2.129768   257A      2.151301   258A      2.165837  
     259A      2.172524   260A      2.203667   261A      2.210303  
     262A      2.221076   263A      2.248842   264A      2.335014  
     265A      2.343099   266A      2.345030   267A      2.384220  
     268A      2.410319   269A      2.411314   270A      2.414861  
     271A      2.428512   272A      2.462955   273A      2.469166  
     274A      2.499882   275A      2.518762   276A      2.552582  
     277A      2.613062   278A      2.617221   279A      2.637922  
     280A      2.645912   281A      2.662338   282A      2.671633  
     283A      2.689070   284A      2.696449   285A      2.740795  
     286A      2.749483   287A      2.807321   288A      2.816490  
     289A      2.842488   290A      2.854795   291A      2.881962  
     292A      2.939846   293A      2.977381   294A      3.009955  
     295A      3.062926   296A      3.105648   297A      3.179951  
     298A      3.202021   299A      3.217458   300A      3.254255  
     301A      3.467106   302A      3.488588   303A      3.489170  
     304A      3.703930   305A      3.743076   306A      3.830553  

    Final Occupation by Irrep:
              A 
    DOCC [    48 ]

  @DF-RHF Final Energy:  -608.38373038108841

   => Energetics <=

    Nuclear Repulsion Energy =            651.8999433506480727
    One-Electron Energy =               -2097.7662830792987734
    Two-Electron Energy =                 837.4826093475622883
    Total Energy =                       -608.3837303810884123

Computation Completed


Properties will be evaluated at   0.000000,   0.000000,   0.000000 [a0]

Properties computed using the SCF density matrix

  Nuclear Dipole Moment: [e a0]
     X:    12.8487      Y:   -11.8315      Z:     4.1401

  Electronic Dipole Moment: [e a0]
     X:    -8.3919      Y:     4.1009      Z:    -5.9903

  Dipole Moment: [e a0]
     X:     4.4569      Y:    -7.7306      Z:    -1.8501     Total:     9.1131

  Dipole Moment: [D]
     X:    11.3282      Y:   -19.6493      Z:    -4.7026     Total:    23.1633


*** tstop() called on aliaconda at Sun Mar 20 04:56:37 2022
Module time:
	user time   =     320.68 seconds =       5.34 minutes
	system time =      38.55 seconds =       0.64 minutes
	total time  =         15 seconds =       0.25 minutes
Total time:
	user time   =   29517.92 seconds =     491.97 minutes
	system time =    4048.66 seconds =      67.48 minutes
	total time  =       1980 seconds =      33.00 minutes

  //>>>>>>>>>>>>>>>>>>>>>>>>>>>>>>>>>>>//
  //            Monomer A HF           //
  //<<<<<<<<<<<<<<<<<<<<<<<<<<<<<<<<<<<//


*** tstart() called on aliaconda
*** at Sun Mar 20 04:56:37 2022

   => Loading Basis Set <=

    Name: JUN-CC-PVDZ
    Role: ORBITAL
    Keyword: BASIS
    atoms 1, 14                                          entry N          line   198 file /home/alia/anaconda3/envs/mddemo/share/psi4/basis/jun-cc-pvdz.gbs 
    atoms 2-4, 6, 8-10, 13, 15-17, 19, 21, 23, 25-27, 30 entry H          line    36 file /home/alia/anaconda3/envs/mddemo/share/psi4/basis/jun-cc-pvdz.gbs 
    atoms 5, 7, 11, 18, 20, 24, 28                       entry C          line   164 file /home/alia/anaconda3/envs/mddemo/share/psi4/basis/jun-cc-pvdz.gbs 
    atoms 12, 22, 29                                     entry O          line   232 file /home/alia/anaconda3/envs/mddemo/share/psi4/basis/jun-cc-pvdz.gbs 


         ---------------------------------------------------------
                                   SCF
               by Justin Turney, Rob Parrish, Andy Simmonett
                          and Daniel G. A. Smith
                              RHF Reference
                       32 Threads,  76293 MiB Core
         ---------------------------------------------------------

  ==> Geometry <==

    Molecular point group: c1
    Full point group: C1

    Geometry (in Angstrom), charge = 1, multiplicity = 1:

       Center              X                  Y                   Z               Mass       
    ------------   -----------------  -----------------  -----------------  -----------------
         N            0.798235812510    -6.261996943113    -1.857902210680    14.003074004430
         H           -0.252763828908    -6.664996821042    -1.432902496782     1.007825032230
         H            0.645235934581    -6.451996761915    -3.036902111498     1.007825032230
         H            1.522236028041    -6.817996937391    -1.536902111498     1.007825032230
         C            1.028235831584    -4.862997013685    -1.587902229753    12.000000000000
         H            0.425236144389    -4.667996842023    -0.630902451006     1.007825032230
         C            2.475235858287    -4.602996784803    -1.326902550188    12.000000000000
         H            3.222236075724    -5.049996811506    -2.076902550188     1.007825032230
         H            2.804235854472    -5.078996616956    -0.383902233568     1.007825032230
         H            2.621236005153    -3.560996967908    -0.988902252642     1.007825032230
         C            0.583236136760    -3.981996971723    -2.793902557817    12.000000000000
         O           -0.309763989125    -3.177997070905    -2.745902222124    15.994914619570
         H            1.118609347667    -4.102942902204    -3.747184914080     1.007825032230
      Gh(N)           0.554235854472     2.346003573779     0.567097980055    14.003074004430
      Gh(H)           0.955235877360     1.221003573779     0.709097224745     1.007825032230
      Gh(H)           0.401235976542     2.348003428820    -0.626902264086     1.007825032230
      Gh(H)           1.307236113871     3.027003329638     0.776097613844     1.007825032230
      Gh(C)          -0.697764000570     2.667002719287     1.172097522291    12.000000000000
      Gh(H)          -1.094763836538     1.790002864245     1.585097629103     1.007825032230
      Gh(C)          -0.539764008199     3.631003421191     2.418097812208    12.000000000000
      Gh(H)          -1.500763973867     3.772003215197     2.925097781691     1.007825032230
      Gh(O)          -0.014763912831     4.922002833727     2.187097865614    15.994914619570
      Gh(H)           0.992236056651     4.767003100756     2.024097758803     1.007825032230
      Gh(C)           0.382235923137     3.039003413561     3.495097476515    12.000000000000
      Gh(H)           1.343235888804     2.681003611926     3.128097850355     1.007825032230
      Gh(H)           0.007235923137     2.107003253344     3.912097293410     1.007825032230
      Gh(H)           0.562235751475     3.804002803210     4.247097331556     1.007825032230
      Gh(C)          -1.688764176046     3.399003070239     0.217097598585    12.000000000000
      Gh(O)          -2.881764015828     3.016002696398     0.215097743544    15.994914619570
      Gh(H)          -1.353008827840     4.221688311938    -0.431328934160     1.007825032230

  Running in c1 symmetry.

  Rotational constants: A =      0.04161  B =      0.00468  C =      0.00438 [cm^-1]
  Rotational constants: A =   1247.39962  B =    140.17490  C =    131.43044 [MHz]
  Nuclear repulsion =  184.740169883287649

  Charge       = 1
  Multiplicity = 1
  Electrons    = 40
  Nalpha       = 20
  Nbeta        = 20

  ==> Algorithm <==

  SCF Algorithm Type is DF.
  DIIS enabled.
  MOM disabled.
  Fractional occupation disabled.
  Guess Type is SAD.
  Energy threshold   = 1.00e-08
  Density threshold  = 1.00e-08
  Integral threshold = 1.00e-12

  ==> Primary Basis <==

  Basis Set: JUN-CC-PVDZ
    Blend: JUN-CC-PVDZ
    Number of shells: 150
    Number of basis functions: 306
    Number of Cartesian functions: 318
    Spherical Harmonics?: true
    Max angular momentum: 2

   => Loading Basis Set <=

    Name: (JUN-CC-PVDZ AUX)
    Role: JKFIT
    Keyword: DF_BASIS_SCF
    atoms 1, 14                                          entry N          line   202 file /home/alia/anaconda3/envs/mddemo/share/psi4/basis/jun-cc-pvdz-jkfit.gbs 
    atoms 2-4, 6, 8-10, 13, 15-17, 19, 21, 23, 25-27, 30 entry H          line    70 file /home/alia/anaconda3/envs/mddemo/share/psi4/basis/jun-cc-pvdz-jkfit.gbs 
    atoms 5, 7, 11, 18, 20, 24, 28                       entry C          line   146 file /home/alia/anaconda3/envs/mddemo/share/psi4/basis/jun-cc-pvdz-jkfit.gbs 
    atoms 12, 22, 29                                     entry O          line   258 file /home/alia/anaconda3/envs/mddemo/share/psi4/basis/jun-cc-pvdz-jkfit.gbs 

  ==> Integral Setup <==

  ==> DiskDFJK: Density-Fitted J/K Matrices <==

    J tasked:                  Yes
    K tasked:                  Yes
    wK tasked:                  No
    OpenMP threads:             32
    Integrals threads:          32
    Memory [MiB]:            57220
    Algorithm:                Core
    Integral Cache:           LOAD
    Schwarz Cutoff:          1E-12
    Fitting Condition:       1E-10

   => Auxiliary Basis Set <=

  Basis Set: (JUN-CC-PVDZ AUX)
    Blend: JUN-CC-PVDZ-JKFIT
    Number of shells: 486
    Number of basis functions: 1362
    Number of Cartesian functions: 1542
    Spherical Harmonics?: true
    Max angular momentum: 3

  Minimum eigenvalue in the overlap matrix is 5.5940064295E-05.
  Reciprocal condition number of the overlap matrix is 4.8910883323E-06.
    Using symmetric orthogonalization.

  ==> Pre-Iterations <==

  SCF Guess: Superposition of Atomic Densities via on-the-fly atomic UHF (no occupation information).

   -------------------------
    Irrep   Nso     Nmo    
   -------------------------
     A        306     306 
   -------------------------
    Total     306     306
   -------------------------

  ==> Iterations <==

                           Total Energy        Delta E     RMS |[F,P]|

   @DF-RHF iter SAD:  -246.81147610681811   -2.46811e+02   0.00000e+00 
   @DF-RHF iter   1:  -247.09950272184045   -2.88027e-01   1.79125e-03 DIIS
   @DF-RHF iter   2:  -247.23285903575044   -1.33356e-01   1.12828e-03 DIIS
   @DF-RHF iter   3:  -247.27745097381484   -4.45919e-02   2.43598e-04 DIIS
   @DF-RHF iter   4:  -247.28103162742678   -3.58065e-03   9.35209e-05 DIIS
   @DF-RHF iter   5:  -247.28156802793347   -5.36401e-04   2.16491e-05 DIIS
   @DF-RHF iter   6:  -247.28163033383640   -6.23059e-05   9.44749e-06 DIIS
   @DF-RHF iter   7:  -247.28164029334081   -9.95950e-06   4.31660e-06 DIIS
   @DF-RHF iter   8:  -247.28164248006655   -2.18673e-06   1.32336e-06 DIIS
   @DF-RHF iter   9:  -247.28164270679875   -2.26732e-07   3.79578e-07 DIIS
   @DF-RHF iter  10:  -247.28164272650227   -1.97035e-08   1.63111e-07 DIIS
   @DF-RHF iter  11:  -247.28164273322309   -6.72082e-09   8.07719e-08 DIIS
   @DF-RHF iter  12:  -247.28164273546867   -2.24557e-09   3.82822e-08 DIIS
   @DF-RHF iter  13:  -247.28164273601476   -5.46095e-10   1.02945e-08 DIIS
   @DF-RHF iter  14:  -247.28164273603983   -2.50679e-11   2.50686e-09 DIIS
  Energy and wave function converged.


  ==> Post-Iterations <==

    Orbital Energies [Eh]
    ---------------------

    Doubly Occupied:                                                      

       1A    -20.752660     2A    -15.937594     3A    -11.523287  
       4A    -11.507420     5A    -11.429448     6A     -1.582764  
       7A     -1.522129     8A     -1.245860     9A     -1.100075  
      10A     -1.011386    11A     -0.967303    12A     -0.922991  
      13A     -0.887611    14A     -0.824344    15A     -0.799804  
      16A     -0.756367    17A     -0.729906    18A     -0.692482  
      19A     -0.686039    20A     -0.602040  

    Virtual:                                                              

      21A     -0.127585    22A     -0.082226    23A     -0.071482  
      24A     -0.048747    25A     -0.047388    26A     -0.030219  
      27A     -0.024998    28A     -0.020481    29A     -0.016856  
      30A     -0.011302    31A     -0.007092    32A      0.000267  
      33A      0.007290    34A      0.013015    35A      0.021232  
      36A      0.022577    37A      0.033210    38A      0.037546  
      39A      0.038244    40A      0.049381    41A      0.053220  
      42A      0.053573    43A      0.061189    44A      0.062921  
      45A      0.083045    46A      0.088099    47A      0.093160  
      48A      0.095044    49A      0.100437    50A      0.103947  
      51A      0.105636    52A      0.109325    53A      0.121960  
      54A      0.131066    55A      0.143137    56A      0.146597  
      57A      0.155782    58A      0.158033    59A      0.159151  
      60A      0.162544    61A      0.171919    62A      0.172324  
      63A      0.177743    64A      0.182037    65A      0.187104  
      66A      0.192526    67A      0.207245    68A      0.214725  
      69A      0.216408    70A      0.232190    71A      0.236098  
      72A      0.247259    73A      0.251868    74A      0.257547  
      75A      0.266025    76A      0.272669    77A      0.276938  
      78A      0.304702    79A      0.306179    80A      0.316178  
      81A      0.324800    82A      0.327886    83A      0.335543  
      84A      0.352999    85A      0.364350    86A      0.379912  
      87A      0.393952    88A      0.394625    89A      0.408530  
      90A      0.420005    91A      0.444554    92A      0.451980  
      93A      0.470807    94A      0.499452    95A      0.510777  
      96A      0.514819    97A      0.540219    98A      0.549705  
      99A      0.569437   100A      0.572202   101A      0.580395  
     102A      0.580854   103A      0.586873   104A      0.596887  
     105A      0.601059   106A      0.623942   107A      0.631663  
     108A      0.645217   109A      0.665046   110A      0.673816  
     111A      0.677131   112A      0.689693   113A      0.692906  
     114A      0.711866   115A      0.722646   116A      0.726977  
     117A      0.735947   118A      0.751008   119A      0.758850  
     120A      0.768719   121A      0.794106   122A      0.799182  
     123A      0.815440   124A      0.828091   125A      0.831795  
     126A      0.854810   127A      0.857323   128A      0.861170  
     129A      0.887593   130A      0.905056   131A      0.920631  
     132A      0.932372   133A      0.944256   134A      0.947631  
     135A      0.954778   136A      0.979114   137A      0.992522  
     138A      1.012994   139A      1.028889   140A      1.069603  
     141A      1.134221   142A      1.143832   143A      1.203382  
     144A      1.207560   145A      1.214534   146A      1.272790  
     147A      1.311048   148A      1.335353   149A      1.357154  
     150A      1.373700   151A      1.401569   152A      1.415502  
     153A      1.448583   154A      1.514876   155A      1.520731  
     156A      1.546219   157A      1.552077   158A      1.589701  
     159A      1.600694   160A      1.614239   161A      1.616206  
     162A      1.626510   163A      1.659579   164A      1.676237  
     165A      1.683446   166A      1.692165   167A      1.701681  
     168A      1.716532   169A      1.720744   170A      1.727957  
     171A      1.742392   172A      1.748454   173A      1.766309  
     174A      1.786778   175A      1.788832   176A      1.809157  
     177A      1.819755   178A      1.837119   179A      1.838834  
     180A      1.861246   181A      1.874516   182A      1.876043  
     183A      1.880005   184A      1.882087   185A      1.897091  
     186A      1.911732   187A      1.924556   188A      1.930421  
     189A      1.948335   190A      1.957447   191A      1.966340  
     192A      2.006920   193A      2.009737   194A      2.018813  
     195A      2.020637   196A      2.028830   197A      2.033553  
     198A      2.051622   199A      2.067423   200A      2.079444  
     201A      2.081511   202A      2.109566   203A      2.115307  
     204A      2.139926   205A      2.166210   206A      2.175224  
     207A      2.199215   208A      2.199910   209A      2.208652  
     210A      2.235290   211A      2.240745   212A      2.258437  
     213A      2.272297   214A      2.277750   215A      2.284159  
     216A      2.293114   217A      2.336815   218A      2.350531  
     219A      2.375622   220A      2.388173   221A      2.400528  
     222A      2.429763   223A      2.450946   224A      2.471847  
     225A      2.478322   226A      2.481082   227A      2.492440  
     228A      2.534460   229A      2.537971   230A      2.565105  
     231A      2.571749   232A      2.588669   233A      2.604295  
     234A      2.622380   235A      2.637322   236A      2.679296  
     237A      2.684848   238A      2.686605   239A      2.715074  
     240A      2.725653   241A      2.747190   242A      2.759489  
     243A      2.770158   244A      2.806979   245A      2.818119  
     246A      2.878204   247A      2.879138   248A      2.882892  
     249A      2.909914   250A      2.921152   251A      2.945023  
     252A      2.970053   253A      3.012375   254A      3.019506  
     255A      3.056090   256A      3.141382   257A      3.168870  
     258A      3.192518   259A      3.265762   260A      3.291686  
     261A      3.319310   262A      3.428267   263A      3.474989  
     264A      3.506943   265A      3.544277   266A      3.562917  
     267A      3.634500   268A      3.646946   269A      3.740546  
     270A      3.817744   271A      3.927627   272A      3.974648  
     273A      4.030486   274A      4.173428   275A      4.204539  
     276A      4.320609   277A      4.403239   278A      4.493953  
     279A      4.556272   280A      4.624782   281A      4.630144  
     282A      4.656273   283A      4.780736   284A      4.821355  
     285A      4.839619   286A      4.959752   287A      5.016380  
     288A      5.086631   289A      5.155750   290A      5.249048  
     291A      5.337298   292A      5.465580   293A      5.556821  
     294A      5.653095   295A      5.683161   296A      5.739496  
     297A      6.015853   298A      6.416692   299A      6.550523  
     300A     18.181105   301A     18.319074   302A     18.453181  
     303A     18.574895   304A     25.331524   305A     33.439126  
     306A     33.460486  

    Final Occupation by Irrep:
              A 
    DOCC [    20 ]

  @DF-RHF Final Energy:  -247.28164273603983

   => Energetics <=

    Nuclear Repulsion Energy =            184.7401698832876491
    One-Electron Energy =                -693.0806007015686419
    Two-Electron Energy =                 261.0587880822411648
    Total Energy =                       -247.2816427360398279

Computation Completed


Properties will be evaluated at   0.000000,   0.000000,   0.000000 [a0]

Properties computed using the SCF density matrix

  Nuclear Dipole Moment: [e a0]
     X:    75.0902      Y:  -363.4734      Z:  -156.9593

  Electronic Dipole Moment: [e a0]
     X:   -72.7009      Y:   351.5009      Z:   153.5249

  Dipole Moment: [e a0]
     X:     2.3893      Y:   -11.9725      Z:    -3.4344     Total:    12.6825

  Dipole Moment: [D]
     X:     6.0730      Y:   -30.4311      Z:    -8.7294     Total:    32.2356


*** tstop() called on aliaconda at Sun Mar 20 04:56:45 2022
Module time:
	user time   =     183.08 seconds =       3.05 minutes
	system time =      15.19 seconds =       0.25 minutes
	total time  =          8 seconds =       0.13 minutes
Total time:
	user time   =   29701.14 seconds =     495.02 minutes
	system time =    4063.87 seconds =      67.73 minutes
	total time  =       1988 seconds =      33.13 minutes

  //>>>>>>>>>>>>>>>>>>>>>>>>>>>>>>>>>>>//
  //            Monomer B HF           //
  //<<<<<<<<<<<<<<<<<<<<<<<<<<<<<<<<<<<//


*** tstart() called on aliaconda
*** at Sun Mar 20 04:56:45 2022

   => Loading Basis Set <=

    Name: JUN-CC-PVDZ
    Role: ORBITAL
    Keyword: BASIS
    atoms 1, 14                                          entry N          line   198 file /home/alia/anaconda3/envs/mddemo/share/psi4/basis/jun-cc-pvdz.gbs 
    atoms 2-4, 6, 8-10, 13, 15-17, 19, 21, 23, 25-27, 30 entry H          line    36 file /home/alia/anaconda3/envs/mddemo/share/psi4/basis/jun-cc-pvdz.gbs 
    atoms 5, 7, 11, 18, 20, 24, 28                       entry C          line   164 file /home/alia/anaconda3/envs/mddemo/share/psi4/basis/jun-cc-pvdz.gbs 
    atoms 12, 22, 29                                     entry O          line   232 file /home/alia/anaconda3/envs/mddemo/share/psi4/basis/jun-cc-pvdz.gbs 


         ---------------------------------------------------------
                                   SCF
               by Justin Turney, Rob Parrish, Andy Simmonett
                          and Daniel G. A. Smith
                              RHF Reference
                       32 Threads,  76293 MiB Core
         ---------------------------------------------------------

  ==> Geometry <==

    Molecular point group: c1
    Full point group: C1

    Geometry (in Angstrom), charge = 1, multiplicity = 1:

       Center              X                  Y                   Z               Mass       
    ------------   -----------------  -----------------  -----------------  -----------------
      Gh(N)           0.798235812510    -6.261996943113    -1.857902210680    14.003074004430
      Gh(H)          -0.252763828908    -6.664996821042    -1.432902496782     1.007825032230
      Gh(H)           0.645235934581    -6.451996761915    -3.036902111498     1.007825032230
      Gh(H)           1.522236028041    -6.817996937391    -1.536902111498     1.007825032230
      Gh(C)           1.028235831584    -4.862997013685    -1.587902229753    12.000000000000
      Gh(H)           0.425236144389    -4.667996842023    -0.630902451006     1.007825032230
      Gh(C)           2.475235858287    -4.602996784803    -1.326902550188    12.000000000000
      Gh(H)           3.222236075724    -5.049996811506    -2.076902550188     1.007825032230
      Gh(H)           2.804235854472    -5.078996616956    -0.383902233568     1.007825032230
      Gh(H)           2.621236005153    -3.560996967908    -0.988902252642     1.007825032230
      Gh(C)           0.583236136760    -3.981996971723    -2.793902557817    12.000000000000
      Gh(O)          -0.309763989125    -3.177997070905    -2.745902222124    15.994914619570
      Gh(H)           1.118609347667    -4.102942902204    -3.747184914080     1.007825032230
         N            0.554235854472     2.346003573779     0.567097980055    14.003074004430
         H            0.955235877360     1.221003573779     0.709097224745     1.007825032230
         H            0.401235976542     2.348003428820    -0.626902264086     1.007825032230
         H            1.307236113871     3.027003329638     0.776097613844     1.007825032230
         C           -0.697764000570     2.667002719287     1.172097522291    12.000000000000
         H           -1.094763836538     1.790002864245     1.585097629103     1.007825032230
         C           -0.539764008199     3.631003421191     2.418097812208    12.000000000000
         H           -1.500763973867     3.772003215197     2.925097781691     1.007825032230
         O           -0.014763912831     4.922002833727     2.187097865614    15.994914619570
         H            0.992236056651     4.767003100756     2.024097758803     1.007825032230
         C            0.382235923137     3.039003413561     3.495097476515    12.000000000000
         H            1.343235888804     2.681003611926     3.128097850355     1.007825032230
         H            0.007235923137     2.107003253344     3.912097293410     1.007825032230
         H            0.562235751475     3.804002803210     4.247097331556     1.007825032230
         C           -1.688764176046     3.399003070239     0.217097598585    12.000000000000
         O           -2.881764015828     3.016002696398     0.215097743544    15.994914619570
         H           -1.353008827840     4.221688311938    -0.431328934160     1.007825032230

  Running in c1 symmetry.

  Rotational constants: A =      0.04161  B =      0.00468  C =      0.00438 [cm^-1]
  Rotational constants: A =   1247.39962  B =    140.17490  C =    131.43044 [MHz]
  Nuclear repulsion =  327.964092446731627

  Charge       = 1
  Multiplicity = 1
  Electrons    = 56
  Nalpha       = 28
  Nbeta        = 28

  ==> Algorithm <==

  SCF Algorithm Type is DF.
  DIIS enabled.
  MOM disabled.
  Fractional occupation disabled.
  Guess Type is SAD.
  Energy threshold   = 1.00e-08
  Density threshold  = 1.00e-08
  Integral threshold = 1.00e-12

  ==> Primary Basis <==

  Basis Set: JUN-CC-PVDZ
    Blend: JUN-CC-PVDZ
    Number of shells: 150
    Number of basis functions: 306
    Number of Cartesian functions: 318
    Spherical Harmonics?: true
    Max angular momentum: 2

   => Loading Basis Set <=

    Name: (JUN-CC-PVDZ AUX)
    Role: JKFIT
    Keyword: DF_BASIS_SCF
    atoms 1, 14                                          entry N          line   202 file /home/alia/anaconda3/envs/mddemo/share/psi4/basis/jun-cc-pvdz-jkfit.gbs 
    atoms 2-4, 6, 8-10, 13, 15-17, 19, 21, 23, 25-27, 30 entry H          line    70 file /home/alia/anaconda3/envs/mddemo/share/psi4/basis/jun-cc-pvdz-jkfit.gbs 
    atoms 5, 7, 11, 18, 20, 24, 28                       entry C          line   146 file /home/alia/anaconda3/envs/mddemo/share/psi4/basis/jun-cc-pvdz-jkfit.gbs 
    atoms 12, 22, 29                                     entry O          line   258 file /home/alia/anaconda3/envs/mddemo/share/psi4/basis/jun-cc-pvdz-jkfit.gbs 

  ==> Integral Setup <==

  ==> DiskDFJK: Density-Fitted J/K Matrices <==

    J tasked:                  Yes
    K tasked:                  Yes
    wK tasked:                  No
    OpenMP threads:             32
    Integrals threads:          32
    Memory [MiB]:            57220
    Algorithm:                Core
    Integral Cache:           LOAD
    Schwarz Cutoff:          1E-12
    Fitting Condition:       1E-10

   => Auxiliary Basis Set <=

  Basis Set: (JUN-CC-PVDZ AUX)
    Blend: JUN-CC-PVDZ-JKFIT
    Number of shells: 486
    Number of basis functions: 1362
    Number of Cartesian functions: 1542
    Spherical Harmonics?: true
    Max angular momentum: 3

  Minimum eigenvalue in the overlap matrix is 5.5940064295E-05.
  Reciprocal condition number of the overlap matrix is 4.8910883323E-06.
    Using symmetric orthogonalization.

  ==> Pre-Iterations <==

  SCF Guess: Superposition of Atomic Densities via on-the-fly atomic UHF (no occupation information).

   -------------------------
    Irrep   Nso     Nmo    
   -------------------------
     A        306     306 
   -------------------------
    Total     306     306
   -------------------------

  ==> Iterations <==

                           Total Energy        Delta E     RMS |[F,P]|

   @DF-RHF iter SAD:  -360.48511711336846   -3.60485e+02   0.00000e+00 
   @DF-RHF iter   1:  -360.89086857917005   -4.05751e-01   2.21440e-03 DIIS
   @DF-RHF iter   2:  -361.07958374545780   -1.88715e-01   1.46011e-03 DIIS
   @DF-RHF iter   3:  -361.15391624012778   -7.43325e-02   3.15564e-04 DIIS
   @DF-RHF iter   4:  -361.15934935426930   -5.43311e-03   1.18235e-04 DIIS
   @DF-RHF iter   5:  -361.16014412218590   -7.94768e-04   2.86468e-05 DIIS
   @DF-RHF iter   6:  -361.16022018311355   -7.60609e-05   1.39494e-05 DIIS
   @DF-RHF iter   7:  -361.16024013081113   -1.99477e-05   5.97320e-06 DIIS
   @DF-RHF iter   8:  -361.16024476172532   -4.63091e-06   2.52508e-06 DIIS
   @DF-RHF iter   9:  -361.16024563558767   -8.73862e-07   7.62993e-07 DIIS
   @DF-RHF iter  10:  -361.16024572886516   -9.32775e-08   2.71659e-07 DIIS
   @DF-RHF iter  11:  -361.16024574324206   -1.43769e-08   1.28190e-07 DIIS
   @DF-RHF iter  12:  -361.16024574742289   -4.18083e-09   7.21640e-08 DIIS
   @DF-RHF iter  13:  -361.16024574919413   -1.77124e-09   3.53971e-08 DIIS
   @DF-RHF iter  14:  -361.16024574962046   -4.26326e-10   1.10026e-08 DIIS
   @DF-RHF iter  15:  -361.16024574965365   -3.31966e-11   3.88665e-09 DIIS
  Energy and wave function converged.


  ==> Post-Iterations <==

    Orbital Energies [Eh]
    ---------------------

    Doubly Occupied:                                                      

       1A    -20.752983     2A    -20.747500     3A    -15.949728  
       4A    -11.528000     5A    -11.498532     6A    -11.479572  
       7A    -11.391895     8A     -1.553570     9A     -1.540753  
      10A     -1.512121    11A     -1.232228    12A     -1.155701  
      13A     -1.023647    14A     -1.017792    15A     -0.973572  
      16A     -0.920985    17A     -0.894277    18A     -0.834026  
      19A     -0.811573    20A     -0.809568    21A     -0.778405  
      22A     -0.766791    23A     -0.710988    24A     -0.689857  
      25A     -0.667261    26A     -0.660682    27A     -0.630660  
      28A     -0.591749  

    Virtual:                                                              

      29A     -0.137404    30A     -0.088913    31A     -0.077301  
      32A     -0.057685    33A     -0.046131    34A     -0.041155  
      35A     -0.030981    36A     -0.027453    37A     -0.021618  
      38A     -0.018462    39A     -0.010486    40A     -0.007006  
      41A     -0.003561    42A      0.000454    43A      0.009127  
      44A      0.017969    45A      0.026680    46A      0.030290  
      47A      0.033010    48A      0.041988    49A      0.042946  
      50A      0.047527    51A      0.049073    52A      0.049949  
      53A      0.056693    54A      0.061471    55A      0.066096  
      56A      0.082604    57A      0.088736    58A      0.098798  
      59A      0.100336    60A      0.101589    61A      0.108039  
      62A      0.120574    63A      0.121882    64A      0.131462  
      65A      0.136712    66A      0.142876    67A      0.147062  
      68A      0.155375    69A      0.158520    70A      0.159659  
      71A      0.163546    72A      0.174377    73A      0.178344  
      74A      0.185278    75A      0.189450    76A      0.190867  
      77A      0.197276    78A      0.200580    79A      0.214360  
      80A      0.217161    81A      0.227605    82A      0.235830  
      83A      0.240749    84A      0.256380    85A      0.271339  
      86A      0.276726    87A      0.277858    88A      0.278727  
      89A      0.293978    90A      0.302018    91A      0.318101  
      92A      0.325110    93A      0.334365    94A      0.347162  
      95A      0.349938    96A      0.359926    97A      0.367920  
      98A      0.372694    99A      0.376037   100A      0.389702  
     101A      0.408533   102A      0.427435   103A      0.471014  
     104A      0.481357   105A      0.499241   106A      0.523964  
     107A      0.530307   108A      0.541080   109A      0.547100  
     110A      0.567177   111A      0.570021   112A      0.587120  
     113A      0.600825   114A      0.615856   115A      0.622571  
     116A      0.629556   117A      0.659004   118A      0.665262  
     119A      0.666112   120A      0.679209   121A      0.686774  
     122A      0.704846   123A      0.721351   124A      0.738717  
     125A      0.748059   126A      0.764535   127A      0.773409  
     128A      0.775834   129A      0.779034   130A      0.779980  
     131A      0.786933   132A      0.815014   133A      0.817772  
     134A      0.824667   135A      0.831305   136A      0.860092  
     137A      0.871922   138A      0.887580   139A      0.891511  
     140A      0.901908   141A      0.917178   142A      0.928162  
     143A      0.935439   144A      0.956322   145A      0.989916  
     146A      0.997834   147A      1.004355   148A      1.064382  
     149A      1.126195   150A      1.156377   151A      1.180416  
     152A      1.205058   153A      1.252004   154A      1.260721  
     155A      1.311598   156A      1.311636   157A      1.329562  
     158A      1.352075   159A      1.357152   160A      1.373916  
     161A      1.385123   162A      1.405403   163A      1.441164  
     164A      1.463358   165A      1.470439   166A      1.494519  
     167A      1.501387   168A      1.510331   169A      1.551011  
     170A      1.555808   171A      1.575953   172A      1.591798  
     173A      1.597662   174A      1.612785   175A      1.644973  
     176A      1.653249   177A      1.668412   178A      1.671578  
     179A      1.694726   180A      1.695696   181A      1.708503  
     182A      1.728071   183A      1.730939   184A      1.745426  
     185A      1.755701   186A      1.764897   187A      1.767532  
     188A      1.786098   189A      1.790660   190A      1.798293  
     191A      1.805713   192A      1.820038   193A      1.836092  
     194A      1.852854   195A      1.866897   196A      1.870975  
     197A      1.881810   198A      1.885072   199A      1.904110  
     200A      1.929147   201A      1.932014   202A      1.935378  
     203A      1.953734   204A      1.961748   205A      1.968829  
     206A      1.997482   207A      2.002127   208A      2.010527  
     209A      2.016966   210A      2.035288   211A      2.053626  
     212A      2.070608   213A      2.072599   214A      2.116683  
     215A      2.118650   216A      2.140947   217A      2.150540  
     218A      2.158516   219A      2.170287   220A      2.174653  
     221A      2.201806   222A      2.212594   223A      2.216227  
     224A      2.226663   225A      2.246637   226A      2.257340  
     227A      2.260675   228A      2.298634   229A      2.305053  
     230A      2.323080   231A      2.355852   232A      2.392115  
     233A      2.394821   234A      2.395068   235A      2.419428  
     236A      2.435827   237A      2.460846   238A      2.479301  
     239A      2.491568   240A      2.508142   241A      2.515013  
     242A      2.522385   243A      2.552125   244A      2.559113  
     245A      2.592740   246A      2.661002   247A      2.666250  
     248A      2.687800   249A      2.713886   250A      2.722908  
     251A      2.725539   252A      2.743795   253A      2.745623  
     254A      2.753556   255A      2.796745   256A      2.802384  
     257A      2.847728   258A      2.865339   259A      2.884724  
     260A      2.892019   261A      2.933446   262A      2.976147  
     263A      3.029293   264A      3.054188   265A      3.062467  
     266A      3.093414   267A      3.111314   268A      3.176939  
     269A      3.192963   270A      3.227539   271A      3.251062  
     272A      3.300917   273A      3.365200   274A      3.420234  
     275A      3.514757   276A      3.537333   277A      3.546858  
     278A      3.599241   279A      3.650687   280A      3.699579  
     281A      3.753217   282A      3.876745   283A      3.929249  
     284A      3.971496   285A      4.093973   286A      4.166458  
     287A      4.261396   288A      4.317285   289A      4.630628  
     290A      4.672809   291A      4.769442   292A      4.819293  
     293A      4.842482   294A      4.852297   295A      4.944188  
     296A      5.144838   297A      5.457718   298A      5.532266  
     299A      5.717918   300A      6.097304   301A      6.780259  
     302A     18.165664   303A     18.360322   304A     18.557244  
     305A     25.331238   306A     33.413257  

    Final Occupation by Irrep:
              A 
    DOCC [    28 ]

  @DF-RHF Final Energy:  -361.16024574965365

   => Energetics <=

    Nuclear Repulsion Energy =            327.9640924467316268
    One-Electron Energy =               -1131.9998469356378337
    Two-Electron Energy =                 442.8755087392524956
    Total Energy =                       -361.1602457496536545

Computation Completed


Properties will be evaluated at   0.000000,   0.000000,   0.000000 [a0]

Properties computed using the SCF density matrix

  Nuclear Dipole Moment: [e a0]
     X:   -62.2415      Y:   351.6419      Z:   161.0994

  Electronic Dipole Moment: [e a0]
     X:    64.3230      Y:  -347.3317      Z:  -159.4881

  Dipole Moment: [e a0]
     X:     2.0815      Y:     4.3102      Z:     1.6114     Total:     5.0504

  Dipole Moment: [D]
     X:     5.2907      Y:    10.9554      Z:     4.0957     Total:    12.8369


*** tstop() called on aliaconda at Sun Mar 20 04:56:56 2022
Module time:
	user time   =     236.10 seconds =       3.93 minutes
	system time =      26.52 seconds =       0.44 minutes
	total time  =         11 seconds =       0.18 minutes
Total time:
	user time   =   29937.34 seconds =     498.96 minutes
	system time =    4090.41 seconds =      68.17 minutes
	total time  =       1999 seconds =      33.32 minutes
  Constructing Basis Sets for SAPT...

   => Loading Basis Set <=

    Name: (JUN-CC-PVDZ AUX)
    Role: RIFIT
    Keyword: DF_BASIS_SAPT
    atoms 1, 14                                          entry N          line   144 file /home/alia/anaconda3/envs/mddemo/share/psi4/basis/jun-cc-pvdz-ri.gbs 
    atoms 2-4, 6, 8-10, 13, 15-17, 19, 21, 23, 25-27, 30 entry H          line    30 file /home/alia/anaconda3/envs/mddemo/share/psi4/basis/jun-cc-pvdz-ri.gbs 
    atoms 5, 7, 11, 18, 20, 24, 28                       entry C          line   100 file /home/alia/anaconda3/envs/mddemo/share/psi4/basis/jun-cc-pvdz-ri.gbs 
    atoms 12, 22, 29                                     entry O          line   188 file /home/alia/anaconda3/envs/mddemo/share/psi4/basis/jun-cc-pvdz-ri.gbs 


  //>>>>>>>>>>>>>>>>>>>>>>>>>>>>>>>>>>>//
  //               SAPT0               //
  //<<<<<<<<<<<<<<<<<<<<<<<<<<<<<<<<<<<//


*** tstart() called on aliaconda
*** at Sun Mar 20 04:56:57 2022

        SAPT0  
    Ed Hohenstein
     6 June 2009

      Orbital Information
  --------------------------
    NSO        =       306
    NMO        =       306
    NRI        =      1032
    NOCC A     =        20
    NOCC B     =        28
    FOCC A     =         0
    FOCC B     =         0
    NVIR A     =       286
    NVIR B     =       278

    Elst10,r            =     0.058892330958 [Eh]
    Exch10              =    -0.000000039493 [Eh]
    Exch10 (S^2)        =    -0.000000039493 [Eh]

    Iter     Energy [mEh]          dE [mEh]         Residual      Time [s]
       1      -0.49379085       0.493790849       5.955553661             0
       2      -0.49462782       0.000836975       2.244319251             1
       3      -0.53327220       0.038644371       0.922698589             1
       4      -0.54563345       0.012361253       0.252133941             2
       5      -0.54379137      -0.001842075       0.139076558             3
       6      -0.54270204      -0.001089338       0.036185602             3
       7      -0.54296571       0.000263671       0.012667200             4
       8      -0.54302838       0.000062674       0.004286174             4
       9      -0.54300834      -0.000020045       0.002567287             5
      10      -0.54300283      -0.000005508       0.001128477             5
      11      -0.54300781       0.000004981       0.000361426             6
      12      -0.54300825       0.000000446       0.000090108             7
      13      -0.54300784      -0.000000415       0.000021589             7
      14      -0.54300784      -0.000000004       0.000005600             8
      15      -0.54300786       0.000000020       0.000001687             8
      16      -0.54300786       0.000000001       0.000000626             9

    CHF Iterations converged


    Iter     Energy [mEh]          dE [mEh]         Residual      Time [s]
       1      -0.18056884       0.180568835       3.103962988             0
       2      -0.18638945       0.005820617       1.302218915             1
       3      -0.20052956       0.014140106       0.413592204             2
       4      -0.20300421       0.002474655       0.096833213             2
       5      -0.20251085      -0.000493359       0.042448476             3
       6      -0.20231599      -0.000194867       0.014111791             3
       7      -0.20234987       0.000033884       0.010342536             4
       8      -0.20239100       0.000041133       0.004054306             5
       9      -0.20238124      -0.000009768       0.001946678             5
      10      -0.20237592      -0.000005321       0.000761233             6
      11      -0.20237784       0.000001927       0.000346222             6
      12      -0.20237835       0.000000503       0.000128206             7
      13      -0.20237807      -0.000000271       0.000043595             8
      14      -0.20237800      -0.000000076       0.000012340             8
      15      -0.20237802       0.000000021       0.000003904             9
      16      -0.20237803       0.000000006       0.000001033             9
      17      -0.20237802      -0.000000002       0.000000358            10

    CHF Iterations converged

    Ind20,r (A<-B)      =    -0.000543007857 [Eh]
    Ind20,r (B<-A)      =    -0.000202378024 [Eh]
    Ind20,r             =    -0.000745385881 [Eh]
    Exch-Ind20,r (A<-B) =     0.000000008772 [Eh]
    Exch-Ind20,r (B<-A) =     0.000000005610 [Eh]
    Exch-Ind20,r        =     0.000000014382 [Eh]
    Disp20              =    -0.000088390970 [Eh]
    Disp20 (SS)         =    -0.000044195485 [Eh]
    Disp20 (OS)         =    -0.000044195485 [Eh]
    Exch-Disp20         =     0.000000006558 [Eh]
    Exch-Disp20 (SS)    =     0.000000004850 [Eh]
    Exch-Disp20 (OS)    =     0.000000001708 [Eh]

    SAPT Results 
  --------------------------------------------------------------------------------------------------------
    Electrostatics                 58.89233096 [mEh]      36.95549561 [kcal/mol]     154.62179363 [kJ/mol]
      Elst10,r                     58.89233096 [mEh]      36.95549561 [kcal/mol]     154.62179363 [kJ/mol]

    Exchange                       -0.00003949 [mEh]      -0.00002478 [kcal/mol]      -0.00010369 [kJ/mol]
      Exch10                       -0.00003949 [mEh]      -0.00002478 [kcal/mol]      -0.00010369 [kJ/mol]
      Exch10(S^2)                  -0.00003949 [mEh]      -0.00002478 [kcal/mol]      -0.00010369 [kJ/mol]

    Induction                      -0.73418686 [mEh]      -0.46070921 [kcal/mol]      -1.92760734 [kJ/mol]
      Ind20,r                      -0.74538588 [mEh]      -0.46773670 [kcal/mol]      -1.95701036 [kJ/mol]
      Exch-Ind20,r                  0.00001438 [mEh]       0.00000903 [kcal/mol]       0.00003776 [kJ/mol]
      delta HF,r (2)                0.01118464 [mEh]       0.00701847 [kcal/mol]       0.02936526 [kJ/mol]

    Dispersion                     -0.08838441 [mEh]      -0.05546206 [kcal/mol]      -0.23205324 [kJ/mol]
      Disp20                       -0.08839097 [mEh]      -0.05546617 [kcal/mol]      -0.23207046 [kJ/mol]
      Exch-Disp20                   0.00000656 [mEh]       0.00000411 [kcal/mol]       0.00001722 [kJ/mol]
      Disp20 (SS)                  -0.04419548 [mEh]      -0.02773309 [kcal/mol]      -0.11603523 [kJ/mol]
      Disp20 (OS)                  -0.04419548 [mEh]      -0.02773309 [kcal/mol]      -0.11603523 [kJ/mol]
      Exch-Disp20 (SS)              0.00000485 [mEh]       0.00000304 [kcal/mol]       0.00001273 [kJ/mol]
      Exch-Disp20 (OS)              0.00000171 [mEh]       0.00000107 [kcal/mol]       0.00000448 [kJ/mol]

  Total HF                         58.15810461 [mEh]      36.49476162 [kcal/mol]     152.69408260 [kJ/mol]
  Total SAPT0                      58.06972019 [mEh]      36.43929956 [kcal/mol]     152.46202936 [kJ/mol]

  Special recipe for scaled SAPT0 (see Manual):
    Electrostatics sSAPT0          58.89233096 [mEh]      36.95549561 [kcal/mol]     154.62179363 [kJ/mol]
    Exchange sSAPT0                -0.00003949 [mEh]      -0.00002478 [kcal/mol]      -0.00010369 [kJ/mol]
    Induction sSAPT0               -0.73418686 [mEh]      -0.46070921 [kcal/mol]      -1.92760734 [kJ/mol]
    Dispersion sSAPT0              -0.08838441 [mEh]      -0.05546206 [kcal/mol]      -0.23205324 [kJ/mol]
  Total sSAPT0                     58.06972019 [mEh]      36.43929956 [kcal/mol]     152.46202936 [kJ/mol]
  --------------------------------------------------------------------------------------------------------

*** tstop() called on aliaconda at Sun Mar 20 04:57:46 2022
Module time:
	user time   =     693.32 seconds =      11.56 minutes
	system time =     120.85 seconds =       2.01 minutes
	total time  =         49 seconds =       0.82 minutes
Total time:
	user time   =   30633.31 seconds =     510.56 minutes
	system time =    4211.68 seconds =      70.19 minutes
	total time  =       2049 seconds =      34.15 minutes


Warning! sapt0 does not have an associated derived wavefunction.The returned wavefunction is the dimer SCF wavefunction.


  Memory set to  74.506 GiB by Python driver.
  Threads set to 32 by Python driver.
